0: gpu016.ihep.ac.cn
GPU 0: Tesla V100-SXM2-32GB (UUID: GPU-adc0bb57-5f8a-ba9d-04e2-dbaa9f7c20f1)
Allocate GPU cards : 0

modinfo:
filename:       /lib/modules/3.10.0-1160.71.1.el7.x86_64/extra/nvidia.ko.xz
firmware:       nvidia/515.65.01/gsp.bin
alias:          char-major-195-*
version:        515.65.01
supported:      external
license:        NVIDIA
retpoline:      Y
rhelversion:    7.9
srcversion:     8049D44E2C1B08F41E1B8A6
alias:          pci:v000010DEd*sv*sd*bc06sc80i00*
alias:          pci:v000010DEd*sv*sd*bc03sc02i00*
alias:          pci:v000010DEd*sv*sd*bc03sc00i00*
depends:        drm
vermagic:       3.10.0-1160.71.1.el7.x86_64 SMP mod_unload modversions 
signer:         DKMS module signing key
sig_key:        A2:17:1D:79:E5:47:38:13:77:F2:EE:66:EA:5D:DB:A0:A1:CA:F4:E7
sig_hashalgo:   sha512
parm:           NvSwitchRegDwords:NvSwitch regkey (charp)
parm:           NvSwitchBlacklist:NvSwitchBlacklist=uuid[,uuid...] (charp)
parm:           NVreg_ResmanDebugLevel:int
parm:           NVreg_RmLogonRC:int
parm:           NVreg_ModifyDeviceFiles:int
parm:           NVreg_DeviceFileUID:int
parm:           NVreg_DeviceFileGID:int
parm:           NVreg_DeviceFileMode:int
parm:           NVreg_InitializeSystemMemoryAllocations:int
parm:           NVreg_UsePageAttributeTable:int
parm:           NVreg_EnablePCIeGen3:int
parm:           NVreg_EnableMSI:int
parm:           NVreg_TCEBypassMode:int
parm:           NVreg_EnableStreamMemOPs:int
parm:           NVreg_RestrictProfilingToAdminUsers:int
parm:           NVreg_PreserveVideoMemoryAllocations:int
parm:           NVreg_EnableS0ixPowerManagement:int
parm:           NVreg_S0ixPowerManagementVideoMemoryThreshold:int
parm:           NVreg_DynamicPowerManagement:int
parm:           NVreg_DynamicPowerManagementVideoMemoryThreshold:int
parm:           NVreg_EnableGpuFirmware:int
parm:           NVreg_EnableGpuFirmwareLogs:int
parm:           NVreg_OpenRmEnableUnsupportedGpus:int
parm:           NVreg_EnableUserNUMAManagement:int
parm:           NVreg_MemoryPoolSize:int
parm:           NVreg_KMallocHeapMaxSize:int
parm:           NVreg_VMallocHeapMaxSize:int
parm:           NVreg_IgnoreMMIOCheck:int
parm:           NVreg_NvLinkDisable:int
parm:           NVreg_EnablePCIERelaxedOrderingMode:int
parm:           NVreg_RegisterPCIDriver:int
parm:           NVreg_EnableDbgBreakpoint:int
parm:           NVreg_RegistryDwords:charp
parm:           NVreg_RegistryDwordsPerDevice:charp
parm:           NVreg_RmMsg:charp
parm:           NVreg_GpuBlacklist:charp
parm:           NVreg_TemporaryFilePath:charp
parm:           NVreg_ExcludedGpus:charp
parm:           NVreg_DmaRemapPeerMmio:int
parm:           rm_firmware_active:charp

nvidia-smi:
Mon Aug 29 18:00:15 2022       
+-----------------------------------------------------------------------------+
| NVIDIA-SMI 515.65.01    Driver Version: 515.65.01    CUDA Version: 11.7     |
|-------------------------------+----------------------+----------------------+
| GPU  Name        Persistence-M| Bus-Id        Disp.A | Volatile Uncorr. ECC |
| Fan  Temp  Perf  Pwr:Usage/Cap|         Memory-Usage | GPU-Util  Compute M. |
|                               |                      |               MIG M. |
|===============================+======================+======================|
|   0  Tesla V100-SXM2...  On   | 00000000:1D:00.0 Off |                    0 |
| N/A   33C    P0    42W / 300W |      0MiB / 32768MiB |      0%      Default |
|                               |                      |                  N/A |
+-------------------------------+----------------------+----------------------+
                                                                               
+-----------------------------------------------------------------------------+
| Processes:                                                                  |
|  GPU   GI   CI        PID   Type   Process name                  GPU Memory |
|        ID   ID                                                   Usage      |
|=============================================================================|
|  No running processes found                                                 |
+-----------------------------------------------------------------------------+

nvcc --version:
nvcc: NVIDIA (R) Cuda compiler driver
Copyright (c) 2005-2021 NVIDIA Corporation
Built on Sun_Mar_21_19:15:46_PDT_2021
Cuda compilation tools, release 11.3, V11.3.58
Build cuda_11.3.r11.3/compiler.29745058_0

 torch version: 1.10.2

 cuda version: 11.3

 is cuda available: True

 CUDNN VERSION: 8200

 Number CUDA Devices: 1

 CUDA Device Name: Tesla V100-SXM2-32GB

 CUDA Device Total Memory [GB]: 34.089926656

 Device capability: (7, 0) 

 Cuda deviice: <torch.cuda.device object at 0x2b0046f108e0> 

 Is cuda initialized: True

 CUDA_HOME: /hpcfs/bes/mlgpu/hoseinkk/Miniconda3/envs/dgl1

real	0m8.853s
user	0m2.809s
sys	0m0.921s
/hpcfs/bes/mlgpu/hoseinkk/Miniconda3/envs/dgl1/lib/python3.9/site-packages/cupy/_environment.py:438: UserWarning: 
--------------------------------------------------------------------------------

  CuPy may not function correctly because multiple CuPy packages are installed
  in your environment:

    cupy, cupy-cuda110

  Follow these steps to resolve this issue:

    1. For all packages listed above, run the following command to remove all
       existing CuPy installations:

         $ pip uninstall <package_name>

      If you previously installed CuPy via conda, also run the following:

         $ conda uninstall cupy

    2. Install the appropriate CuPy package.
       Refer to the Installation Guide for detailed instructions.

         https://docs.cupy.dev/en/stable/install.html

--------------------------------------------------------------------------------

  warnings.warn(f'''
/hpcfs/bes/mlgpu/hoseinkk/Miniconda3/envs/dgl1/lib/python3.9/site-packages/torch/nn/functional.py:1806: UserWarning: nn.functional.sigmoid is deprecated. Use torch.sigmoid instead.
  warnings.warn("nn.functional.sigmoid is deprecated. Use torch.sigmoid instead.")
/hpcfs/bes/mlgpu/hoseinkk/MLTracking/otherparticles/pppipi/pyt_pppipi_cnn_1/./Results.py:43: MatplotlibDeprecationWarning: Passing non-integers as three-element position specification is deprecated since 3.3 and will be removed two minor releases later.
  ax = fig.add_subplot(posit)





 Loading data ... 



training set shape (20000, 43, 288) 
sum 5279207

target set shape (20000, 6796) 
sum 4575851




 The Network ... 


Net(
  (conv1): Conv2d(1, 256, kernel_size=(3, 3), stride=(1, 1))
  (conv2): Conv2d(256, 128, kernel_size=(3, 3), stride=(1, 1))
  (conv3): Conv2d(128, 64, kernel_size=(3, 3), stride=(1, 1))
  (fc1): Linear(in_features=667776, out_features=256, bias=True)
  (fc2): Linear(in_features=256, out_features=128, bias=True)
  (fc3): Linear(in_features=128, out_features=64, bias=True)
  (fc4): Linear(in_features=64, out_features=6796, bias=True)
)

number of the free parameters: 171805196
parameters of the network conv1.weight 
 torch.Size([256, 1, 3, 3]) 
 True 
 tensor([[[[-0.1127,  0.1954, -0.2338],
          [ 0.1122, -0.1539, -0.0725],
          [ 0.2565, -0.0004, -0.0069]]],


        [[[ 0.2194, -0.0086, -0.1391],
          [ 0.0678, -0.0034, -0.0234],
          [-0.1337,  0.1490, -0.0591]]],


        [[[-0.2273,  0.2493, -0.2956],
          [ 0.1207,  0.2199,  0.0598],
          [ 0.2869, -0.0875, -0.0595]]],


        ...,


        [[[-0.0465, -0.1262,  0.1587],
          [-0.2398,  0.2739,  0.1621],
          [ 0.1498, -0.0644,  0.0800]]],


        [[[-0.0781, -0.1792,  0.1936],
          [ 0.2702, -0.1913,  0.0189],
          [-0.1536, -0.1648,  0.1681]]],


        [[[ 0.0759, -0.1275, -0.1060],
          [ 0.1302, -0.1404,  0.0308],
          [ 0.1004, -0.0448,  0.3295]]]], device='cuda:0') 
 Parameter containing:
tensor([[[[-0.1127,  0.1954, -0.2338],
          [ 0.1122, -0.1539, -0.0725],
          [ 0.2565, -0.0004, -0.0069]]],


        [[[ 0.2194, -0.0086, -0.1391],
          [ 0.0678, -0.0034, -0.0234],
          [-0.1337,  0.1490, -0.0591]]],


        [[[-0.2273,  0.2493, -0.2956],
          [ 0.1207,  0.2199,  0.0598],
          [ 0.2869, -0.0875, -0.0595]]],


        ...,


        [[[-0.0465, -0.1262,  0.1587],
          [-0.2398,  0.2739,  0.1621],
          [ 0.1498, -0.0644,  0.0800]]],


        [[[-0.0781, -0.1792,  0.1936],
          [ 0.2702, -0.1913,  0.0189],
          [-0.1536, -0.1648,  0.1681]]],


        [[[ 0.0759, -0.1275, -0.1060],
          [ 0.1302, -0.1404,  0.0308],
          [ 0.1004, -0.0448,  0.3295]]]], device='cuda:0', requires_grad=True)
parameters of the network conv1.bias 
 torch.Size([256]) 
 True 
 tensor([ 0.1464,  0.3173,  0.2071,  0.1413, -0.0584, -0.2233, -0.0630, -0.2417,
         0.0551,  0.1948,  0.1864,  0.1662, -0.1120, -0.2732,  0.3127,  0.3200,
         0.1824, -0.3081, -0.0283,  0.0223,  0.0495,  0.1702,  0.0197, -0.2829,
         0.0212, -0.3145, -0.0099, -0.3222, -0.2809,  0.1308, -0.0640,  0.2813,
         0.2851,  0.0811, -0.1832,  0.2587,  0.0132, -0.2856,  0.2367, -0.0058,
        -0.3004, -0.2718, -0.2493,  0.1750, -0.2565,  0.1356,  0.2504,  0.1294,
         0.2576, -0.2173, -0.1300,  0.1886, -0.0157,  0.0507, -0.0284,  0.2310,
         0.2006,  0.3210,  0.0060,  0.2400, -0.2219, -0.2385,  0.2401,  0.0129,
        -0.1281,  0.3245,  0.1553, -0.1705,  0.3130,  0.2639,  0.1233,  0.3075,
        -0.3266, -0.3168,  0.1386, -0.2431, -0.0787,  0.1479,  0.0633,  0.1848,
        -0.1050, -0.1164, -0.0494,  0.1227, -0.1304,  0.1582,  0.0093,  0.1360,
        -0.1182, -0.2286,  0.2433,  0.3186, -0.3041, -0.1391,  0.1629, -0.2804,
        -0.2817,  0.1125, -0.3028,  0.2014,  0.1087,  0.1237,  0.1171,  0.1413,
        -0.2528,  0.1533, -0.2966,  0.2141,  0.1504, -0.2719, -0.2127, -0.2640,
         0.2248, -0.0183,  0.2276,  0.0566,  0.0213,  0.2823,  0.2092,  0.0145,
        -0.1004,  0.1474, -0.3281, -0.0292, -0.0759, -0.3318, -0.0692,  0.0585,
         0.2238, -0.1612,  0.0781, -0.1117, -0.3056,  0.1192,  0.3132,  0.1276,
         0.0784,  0.2299, -0.3198, -0.2923,  0.1182,  0.1540, -0.0927, -0.2196,
         0.1954,  0.2449, -0.3282, -0.1124, -0.2575,  0.1612,  0.3118, -0.0892,
        -0.3275, -0.2102, -0.1527, -0.0319,  0.1776,  0.2572, -0.3282,  0.2699,
         0.3279, -0.0011, -0.1695,  0.1775,  0.2431, -0.1183, -0.0971, -0.2573,
         0.0202,  0.3269, -0.0026,  0.2310,  0.1456, -0.0749,  0.0576,  0.0405,
        -0.1668, -0.0865,  0.0546,  0.2076, -0.1540, -0.0812,  0.1015, -0.3037,
         0.0672,  0.0960,  0.0680,  0.2840,  0.3038,  0.0142,  0.2435,  0.2863,
        -0.0358,  0.1680, -0.3201, -0.1660, -0.2909, -0.2589,  0.2674, -0.1293,
         0.0701, -0.2519, -0.0759, -0.0962, -0.3284,  0.0458, -0.0564, -0.2311,
        -0.2693, -0.1843,  0.1931,  0.1110, -0.0202,  0.2367,  0.0069,  0.0599,
         0.1236,  0.0754,  0.0616,  0.1401,  0.0356, -0.1842, -0.3018,  0.3218,
         0.0193,  0.2322, -0.0763, -0.1610,  0.3060, -0.0508, -0.2676, -0.2849,
         0.1748, -0.0702,  0.1779,  0.3312,  0.2178, -0.0667,  0.1805, -0.2254,
         0.2713, -0.2671, -0.0468,  0.2012, -0.0495,  0.2161,  0.1224,  0.1863,
         0.2825,  0.0129, -0.1418, -0.3097, -0.2240,  0.0314, -0.1230, -0.1577],
       device='cuda:0') 
 Parameter containing:
tensor([ 0.1464,  0.3173,  0.2071,  0.1413, -0.0584, -0.2233, -0.0630, -0.2417,
         0.0551,  0.1948,  0.1864,  0.1662, -0.1120, -0.2732,  0.3127,  0.3200,
         0.1824, -0.3081, -0.0283,  0.0223,  0.0495,  0.1702,  0.0197, -0.2829,
         0.0212, -0.3145, -0.0099, -0.3222, -0.2809,  0.1308, -0.0640,  0.2813,
         0.2851,  0.0811, -0.1832,  0.2587,  0.0132, -0.2856,  0.2367, -0.0058,
        -0.3004, -0.2718, -0.2493,  0.1750, -0.2565,  0.1356,  0.2504,  0.1294,
         0.2576, -0.2173, -0.1300,  0.1886, -0.0157,  0.0507, -0.0284,  0.2310,
         0.2006,  0.3210,  0.0060,  0.2400, -0.2219, -0.2385,  0.2401,  0.0129,
        -0.1281,  0.3245,  0.1553, -0.1705,  0.3130,  0.2639,  0.1233,  0.3075,
        -0.3266, -0.3168,  0.1386, -0.2431, -0.0787,  0.1479,  0.0633,  0.1848,
        -0.1050, -0.1164, -0.0494,  0.1227, -0.1304,  0.1582,  0.0093,  0.1360,
        -0.1182, -0.2286,  0.2433,  0.3186, -0.3041, -0.1391,  0.1629, -0.2804,
        -0.2817,  0.1125, -0.3028,  0.2014,  0.1087,  0.1237,  0.1171,  0.1413,
        -0.2528,  0.1533, -0.2966,  0.2141,  0.1504, -0.2719, -0.2127, -0.2640,
         0.2248, -0.0183,  0.2276,  0.0566,  0.0213,  0.2823,  0.2092,  0.0145,
        -0.1004,  0.1474, -0.3281, -0.0292, -0.0759, -0.3318, -0.0692,  0.0585,
         0.2238, -0.1612,  0.0781, -0.1117, -0.3056,  0.1192,  0.3132,  0.1276,
         0.0784,  0.2299, -0.3198, -0.2923,  0.1182,  0.1540, -0.0927, -0.2196,
         0.1954,  0.2449, -0.3282, -0.1124, -0.2575,  0.1612,  0.3118, -0.0892,
        -0.3275, -0.2102, -0.1527, -0.0319,  0.1776,  0.2572, -0.3282,  0.2699,
         0.3279, -0.0011, -0.1695,  0.1775,  0.2431, -0.1183, -0.0971, -0.2573,
         0.0202,  0.3269, -0.0026,  0.2310,  0.1456, -0.0749,  0.0576,  0.0405,
        -0.1668, -0.0865,  0.0546,  0.2076, -0.1540, -0.0812,  0.1015, -0.3037,
         0.0672,  0.0960,  0.0680,  0.2840,  0.3038,  0.0142,  0.2435,  0.2863,
        -0.0358,  0.1680, -0.3201, -0.1660, -0.2909, -0.2589,  0.2674, -0.1293,
         0.0701, -0.2519, -0.0759, -0.0962, -0.3284,  0.0458, -0.0564, -0.2311,
        -0.2693, -0.1843,  0.1931,  0.1110, -0.0202,  0.2367,  0.0069,  0.0599,
         0.1236,  0.0754,  0.0616,  0.1401,  0.0356, -0.1842, -0.3018,  0.3218,
         0.0193,  0.2322, -0.0763, -0.1610,  0.3060, -0.0508, -0.2676, -0.2849,
         0.1748, -0.0702,  0.1779,  0.3312,  0.2178, -0.0667,  0.1805, -0.2254,
         0.2713, -0.2671, -0.0468,  0.2012, -0.0495,  0.2161,  0.1224,  0.1863,
         0.2825,  0.0129, -0.1418, -0.3097, -0.2240,  0.0314, -0.1230, -0.1577],
       device='cuda:0', requires_grad=True)
parameters of the network conv2.weight 
 torch.Size([128, 256, 3, 3]) 
 True 
 tensor([[[[-1.6442e-02,  1.9928e-02, -2.5267e-03],
          [-5.0597e-03, -1.6117e-02,  8.3631e-03],
          [-1.6176e-02,  7.3030e-03, -2.7375e-03]],

         [[-1.5130e-02, -1.0866e-02,  9.4565e-03],
          [ 1.5981e-02, -7.8452e-03, -1.2264e-02],
          [-1.4347e-02, -5.1865e-03,  1.5770e-02]],

         [[-3.0421e-03,  1.4488e-03, -1.1614e-02],
          [-1.0464e-04,  1.4316e-02,  1.1271e-02],
          [ 9.8642e-03, -7.1080e-03, -1.7167e-02]],

         ...,

         [[-1.8113e-02,  7.4438e-03,  1.3936e-02],
          [-8.7653e-03,  1.8755e-02, -1.7588e-02],
          [ 1.4758e-02, -5.0715e-03, -1.9759e-03]],

         [[ 4.3938e-03, -1.0529e-02, -6.7495e-03],
          [ 5.8174e-03,  7.4699e-03,  1.8568e-03],
          [ 1.2912e-02,  2.5793e-03, -3.6154e-03]],

         [[ 4.2905e-03, -1.0616e-02,  3.6094e-03],
          [ 4.6771e-03,  9.8699e-03,  4.4531e-03],
          [-4.1794e-03, -1.3213e-02,  1.0482e-02]]],


        [[[-1.2351e-02,  1.6611e-02, -1.0534e-02],
          [-1.6351e-02,  1.5843e-02,  8.3432e-03],
          [ 1.8437e-02, -6.1581e-03,  1.9923e-02]],

         [[-7.7994e-03, -2.5992e-03, -1.4558e-02],
          [ 6.6916e-03,  1.6051e-02, -7.1381e-04],
          [ 6.2122e-03,  1.5394e-02, -1.5950e-03]],

         [[-3.7574e-03, -1.9306e-02, -5.8424e-03],
          [ 1.1266e-02,  4.0576e-03,  1.2453e-02],
          [ 1.3513e-02,  1.4398e-02,  1.0941e-02]],

         ...,

         [[ 1.5638e-02,  8.1430e-05,  6.3876e-03],
          [-1.7599e-02,  7.8942e-03, -2.0786e-02],
          [ 1.4683e-02,  1.9488e-02, -1.5133e-02]],

         [[ 2.0797e-03, -1.1708e-02,  1.9044e-02],
          [ 1.4852e-02,  1.7259e-02, -1.0693e-02],
          [-1.3843e-02,  1.4631e-02,  9.4315e-03]],

         [[-2.6215e-03, -1.0713e-02,  1.9390e-03],
          [ 3.9474e-03,  3.5612e-03,  9.1638e-03],
          [ 6.9035e-03, -2.0297e-02, -1.8200e-02]]],


        [[[-4.4255e-03,  2.5440e-03,  4.6835e-03],
          [ 1.8649e-02,  5.0223e-03,  2.1675e-03],
          [-5.3155e-03,  7.8371e-03, -8.3443e-03]],

         [[-1.6154e-02,  1.2876e-02,  1.8075e-02],
          [ 9.4068e-04, -6.0167e-03,  7.1837e-03],
          [-1.7424e-02, -9.4119e-03,  5.4141e-03]],

         [[ 4.7542e-03, -3.9221e-03, -1.9516e-02],
          [ 4.9397e-03,  9.8460e-03, -1.1048e-02],
          [ 6.3713e-03,  1.0694e-02,  4.5342e-03]],

         ...,

         [[ 1.5121e-02,  1.4736e-02, -4.0722e-03],
          [ 1.6467e-02,  2.0713e-02, -1.5569e-02],
          [ 1.8183e-03, -1.3051e-02, -5.4763e-03]],

         [[-6.4294e-03,  4.7863e-03, -1.8907e-02],
          [ 1.5127e-02, -8.9175e-03, -1.4187e-02],
          [ 1.9383e-02,  1.6347e-03,  5.3695e-03]],

         [[-1.6713e-02,  7.4408e-03,  1.5891e-02],
          [-8.9043e-03,  9.8876e-03,  4.7154e-03],
          [-2.0297e-02,  1.7092e-02,  6.1662e-03]]],


        ...,


        [[[ 3.2430e-03, -3.7965e-03,  1.1819e-02],
          [ 1.3218e-02,  7.8879e-03,  2.0206e-02],
          [-1.0985e-02,  1.7066e-02,  1.8689e-02]],

         [[ 4.9382e-03, -1.5061e-02,  1.6371e-02],
          [ 1.4846e-03, -9.2358e-03, -1.3936e-02],
          [-1.9301e-02, -2.8146e-03, -8.4663e-04]],

         [[ 1.4910e-02,  1.2087e-02,  8.3902e-03],
          [ 1.2369e-04, -5.6081e-03,  1.7124e-02],
          [ 1.3038e-02, -1.9584e-02, -1.9553e-02]],

         ...,

         [[-1.2693e-02,  5.9469e-03, -3.8640e-03],
          [-5.2314e-03,  5.9735e-03, -7.6380e-04],
          [-9.9105e-04, -1.5619e-02, -1.1026e-03]],

         [[ 6.8674e-03, -5.1511e-03,  8.1310e-03],
          [-1.9750e-02,  1.4149e-02,  7.8574e-03],
          [-5.2579e-03, -1.1476e-02, -2.0654e-02]],

         [[ 8.9526e-03, -2.0701e-02, -4.2460e-04],
          [-2.0348e-02,  9.8299e-03,  1.7785e-02],
          [ 1.2022e-02,  9.5170e-03, -3.6360e-03]]],


        [[[ 1.6195e-03,  1.1955e-02,  2.6496e-03],
          [-1.0129e-02,  2.8030e-03, -1.5348e-02],
          [ 2.0379e-02,  8.6359e-03, -5.5909e-03]],

         [[ 8.1128e-03,  1.5454e-02,  2.0239e-02],
          [ 1.4981e-02, -3.9848e-03, -5.3937e-03],
          [ 3.2582e-03, -2.1327e-03,  1.9108e-02]],

         [[-7.2396e-03, -1.7608e-03,  7.2150e-03],
          [-8.7354e-03, -1.6047e-02, -6.1087e-03],
          [-7.8051e-03,  7.4495e-03, -1.6864e-02]],

         ...,

         [[-1.7625e-02, -5.3796e-04, -4.5618e-03],
          [ 3.6042e-03, -1.8313e-02,  6.4028e-03],
          [-1.6341e-02,  5.3675e-03, -9.1132e-03]],

         [[ 3.8130e-03,  5.9231e-03, -1.5742e-02],
          [ 1.9186e-02, -1.9212e-02,  4.0962e-03],
          [-2.0726e-02,  9.9492e-03,  6.3238e-03]],

         [[ 1.1358e-02,  1.1764e-02,  1.1660e-02],
          [ 4.2571e-03,  1.5697e-02, -1.0163e-02],
          [ 9.2132e-03, -1.7569e-02,  8.4727e-03]]],


        [[[ 6.5405e-03, -1.8907e-03, -1.0881e-02],
          [-8.0985e-03,  1.5412e-02,  1.5870e-02],
          [ 1.9075e-02, -7.2984e-03, -1.2006e-04]],

         [[ 7.3957e-03, -1.5132e-02, -6.6221e-03],
          [ 1.9951e-02,  1.9841e-02, -1.7124e-02],
          [-1.4839e-02, -6.4759e-04,  2.3565e-03]],

         [[ 1.0851e-02, -1.1303e-02,  7.4037e-03],
          [ 1.3902e-02,  1.3271e-02, -1.3582e-02],
          [-9.5683e-05, -7.5974e-03,  2.1842e-04]],

         ...,

         [[ 2.0516e-03, -8.8827e-04, -6.6337e-03],
          [ 3.5773e-03, -1.9589e-02,  1.2222e-02],
          [ 1.6106e-02, -1.3545e-02,  1.9818e-02]],

         [[-2.5746e-03, -1.0489e-02,  1.6919e-02],
          [ 9.1573e-03, -2.8119e-03,  8.7460e-03],
          [-8.6272e-03, -5.8392e-04,  3.7988e-03]],

         [[-1.7970e-02, -2.4641e-03, -1.6414e-04],
          [ 8.8545e-03, -1.3492e-02,  2.9719e-03],
          [-1.2281e-02,  1.4459e-03,  1.0491e-02]]]], device='cuda:0') 
 Parameter containing:
tensor([[[[-1.6442e-02,  1.9928e-02, -2.5267e-03],
          [-5.0597e-03, -1.6117e-02,  8.3631e-03],
          [-1.6176e-02,  7.3030e-03, -2.7375e-03]],

         [[-1.5130e-02, -1.0866e-02,  9.4565e-03],
          [ 1.5981e-02, -7.8452e-03, -1.2264e-02],
          [-1.4347e-02, -5.1865e-03,  1.5770e-02]],

         [[-3.0421e-03,  1.4488e-03, -1.1614e-02],
          [-1.0464e-04,  1.4316e-02,  1.1271e-02],
          [ 9.8642e-03, -7.1080e-03, -1.7167e-02]],

         ...,

         [[-1.8113e-02,  7.4438e-03,  1.3936e-02],
          [-8.7653e-03,  1.8755e-02, -1.7588e-02],
          [ 1.4758e-02, -5.0715e-03, -1.9759e-03]],

         [[ 4.3938e-03, -1.0529e-02, -6.7495e-03],
          [ 5.8174e-03,  7.4699e-03,  1.8568e-03],
          [ 1.2912e-02,  2.5793e-03, -3.6154e-03]],

         [[ 4.2905e-03, -1.0616e-02,  3.6094e-03],
          [ 4.6771e-03,  9.8699e-03,  4.4531e-03],
          [-4.1794e-03, -1.3213e-02,  1.0482e-02]]],


        [[[-1.2351e-02,  1.6611e-02, -1.0534e-02],
          [-1.6351e-02,  1.5843e-02,  8.3432e-03],
          [ 1.8437e-02, -6.1581e-03,  1.9923e-02]],

         [[-7.7994e-03, -2.5992e-03, -1.4558e-02],
          [ 6.6916e-03,  1.6051e-02, -7.1381e-04],
          [ 6.2122e-03,  1.5394e-02, -1.5950e-03]],

         [[-3.7574e-03, -1.9306e-02, -5.8424e-03],
          [ 1.1266e-02,  4.0576e-03,  1.2453e-02],
          [ 1.3513e-02,  1.4398e-02,  1.0941e-02]],

         ...,

         [[ 1.5638e-02,  8.1430e-05,  6.3876e-03],
          [-1.7599e-02,  7.8942e-03, -2.0786e-02],
          [ 1.4683e-02,  1.9488e-02, -1.5133e-02]],

         [[ 2.0797e-03, -1.1708e-02,  1.9044e-02],
          [ 1.4852e-02,  1.7259e-02, -1.0693e-02],
          [-1.3843e-02,  1.4631e-02,  9.4315e-03]],

         [[-2.6215e-03, -1.0713e-02,  1.9390e-03],
          [ 3.9474e-03,  3.5612e-03,  9.1638e-03],
          [ 6.9035e-03, -2.0297e-02, -1.8200e-02]]],


        [[[-4.4255e-03,  2.5440e-03,  4.6835e-03],
          [ 1.8649e-02,  5.0223e-03,  2.1675e-03],
          [-5.3155e-03,  7.8371e-03, -8.3443e-03]],

         [[-1.6154e-02,  1.2876e-02,  1.8075e-02],
          [ 9.4068e-04, -6.0167e-03,  7.1837e-03],
          [-1.7424e-02, -9.4119e-03,  5.4141e-03]],

         [[ 4.7542e-03, -3.9221e-03, -1.9516e-02],
          [ 4.9397e-03,  9.8460e-03, -1.1048e-02],
          [ 6.3713e-03,  1.0694e-02,  4.5342e-03]],

         ...,

         [[ 1.5121e-02,  1.4736e-02, -4.0722e-03],
          [ 1.6467e-02,  2.0713e-02, -1.5569e-02],
          [ 1.8183e-03, -1.3051e-02, -5.4763e-03]],

         [[-6.4294e-03,  4.7863e-03, -1.8907e-02],
          [ 1.5127e-02, -8.9175e-03, -1.4187e-02],
          [ 1.9383e-02,  1.6347e-03,  5.3695e-03]],

         [[-1.6713e-02,  7.4408e-03,  1.5891e-02],
          [-8.9043e-03,  9.8876e-03,  4.7154e-03],
          [-2.0297e-02,  1.7092e-02,  6.1662e-03]]],


        ...,


        [[[ 3.2430e-03, -3.7965e-03,  1.1819e-02],
          [ 1.3218e-02,  7.8879e-03,  2.0206e-02],
          [-1.0985e-02,  1.7066e-02,  1.8689e-02]],

         [[ 4.9382e-03, -1.5061e-02,  1.6371e-02],
          [ 1.4846e-03, -9.2358e-03, -1.3936e-02],
          [-1.9301e-02, -2.8146e-03, -8.4663e-04]],

         [[ 1.4910e-02,  1.2087e-02,  8.3902e-03],
          [ 1.2369e-04, -5.6081e-03,  1.7124e-02],
          [ 1.3038e-02, -1.9584e-02, -1.9553e-02]],

         ...,

         [[-1.2693e-02,  5.9469e-03, -3.8640e-03],
          [-5.2314e-03,  5.9735e-03, -7.6380e-04],
          [-9.9105e-04, -1.5619e-02, -1.1026e-03]],

         [[ 6.8674e-03, -5.1511e-03,  8.1310e-03],
          [-1.9750e-02,  1.4149e-02,  7.8574e-03],
          [-5.2579e-03, -1.1476e-02, -2.0654e-02]],

         [[ 8.9526e-03, -2.0701e-02, -4.2460e-04],
          [-2.0348e-02,  9.8299e-03,  1.7785e-02],
          [ 1.2022e-02,  9.5170e-03, -3.6360e-03]]],


        [[[ 1.6195e-03,  1.1955e-02,  2.6496e-03],
          [-1.0129e-02,  2.8030e-03, -1.5348e-02],
          [ 2.0379e-02,  8.6359e-03, -5.5909e-03]],

         [[ 8.1128e-03,  1.5454e-02,  2.0239e-02],
          [ 1.4981e-02, -3.9848e-03, -5.3937e-03],
          [ 3.2582e-03, -2.1327e-03,  1.9108e-02]],

         [[-7.2396e-03, -1.7608e-03,  7.2150e-03],
          [-8.7354e-03, -1.6047e-02, -6.1087e-03],
          [-7.8051e-03,  7.4495e-03, -1.6864e-02]],

         ...,

         [[-1.7625e-02, -5.3796e-04, -4.5618e-03],
          [ 3.6042e-03, -1.8313e-02,  6.4028e-03],
          [-1.6341e-02,  5.3675e-03, -9.1132e-03]],

         [[ 3.8130e-03,  5.9231e-03, -1.5742e-02],
          [ 1.9186e-02, -1.9212e-02,  4.0962e-03],
          [-2.0726e-02,  9.9492e-03,  6.3238e-03]],

         [[ 1.1358e-02,  1.1764e-02,  1.1660e-02],
          [ 4.2571e-03,  1.5697e-02, -1.0163e-02],
          [ 9.2132e-03, -1.7569e-02,  8.4727e-03]]],


        [[[ 6.5405e-03, -1.8907e-03, -1.0881e-02],
          [-8.0985e-03,  1.5412e-02,  1.5870e-02],
          [ 1.9075e-02, -7.2984e-03, -1.2006e-04]],

         [[ 7.3957e-03, -1.5132e-02, -6.6221e-03],
          [ 1.9951e-02,  1.9841e-02, -1.7124e-02],
          [-1.4839e-02, -6.4759e-04,  2.3565e-03]],

         [[ 1.0851e-02, -1.1303e-02,  7.4037e-03],
          [ 1.3902e-02,  1.3271e-02, -1.3582e-02],
          [-9.5683e-05, -7.5974e-03,  2.1842e-04]],

         ...,

         [[ 2.0516e-03, -8.8827e-04, -6.6337e-03],
          [ 3.5773e-03, -1.9589e-02,  1.2222e-02],
          [ 1.6106e-02, -1.3545e-02,  1.9818e-02]],

         [[-2.5746e-03, -1.0489e-02,  1.6919e-02],
          [ 9.1573e-03, -2.8119e-03,  8.7460e-03],
          [-8.6272e-03, -5.8392e-04,  3.7988e-03]],

         [[-1.7970e-02, -2.4641e-03, -1.6414e-04],
          [ 8.8545e-03, -1.3492e-02,  2.9719e-03],
          [-1.2281e-02,  1.4459e-03,  1.0491e-02]]]], device='cuda:0',
       requires_grad=True)
parameters of the network conv2.bias 
 torch.Size([128]) 
 True 
 tensor([ 0.0044,  0.0022,  0.0082, -0.0033,  0.0145,  0.0111,  0.0032,  0.0175,
        -0.0063,  0.0142,  0.0109,  0.0018,  0.0026, -0.0064, -0.0181, -0.0085,
        -0.0169,  0.0011,  0.0143, -0.0150, -0.0103, -0.0148,  0.0139, -0.0201,
        -0.0050,  0.0013,  0.0029,  0.0159, -0.0089, -0.0057,  0.0116,  0.0031,
        -0.0124, -0.0127,  0.0056,  0.0036,  0.0060, -0.0073, -0.0161, -0.0028,
         0.0130, -0.0197,  0.0161,  0.0101, -0.0044,  0.0097, -0.0154, -0.0080,
         0.0122,  0.0175,  0.0204,  0.0167, -0.0020,  0.0011, -0.0031, -0.0126,
         0.0100,  0.0099,  0.0182,  0.0153,  0.0115, -0.0115, -0.0168, -0.0066,
        -0.0095, -0.0035, -0.0075,  0.0016, -0.0025,  0.0009, -0.0024,  0.0072,
        -0.0206,  0.0175, -0.0037, -0.0178, -0.0201,  0.0068,  0.0119, -0.0035,
        -0.0138,  0.0049,  0.0126,  0.0169,  0.0117, -0.0186,  0.0047,  0.0201,
         0.0200, -0.0116,  0.0014,  0.0066,  0.0118,  0.0084, -0.0144,  0.0125,
         0.0154, -0.0086,  0.0110, -0.0083, -0.0183, -0.0124,  0.0031,  0.0097,
         0.0159,  0.0183, -0.0060, -0.0002,  0.0108, -0.0135,  0.0207, -0.0015,
         0.0120, -0.0096,  0.0179,  0.0032, -0.0106,  0.0069,  0.0204,  0.0193,
        -0.0079,  0.0080,  0.0036,  0.0098, -0.0170, -0.0075,  0.0199,  0.0161],
       device='cuda:0') 
 Parameter containing:
tensor([ 0.0044,  0.0022,  0.0082, -0.0033,  0.0145,  0.0111,  0.0032,  0.0175,
        -0.0063,  0.0142,  0.0109,  0.0018,  0.0026, -0.0064, -0.0181, -0.0085,
        -0.0169,  0.0011,  0.0143, -0.0150, -0.0103, -0.0148,  0.0139, -0.0201,
        -0.0050,  0.0013,  0.0029,  0.0159, -0.0089, -0.0057,  0.0116,  0.0031,
        -0.0124, -0.0127,  0.0056,  0.0036,  0.0060, -0.0073, -0.0161, -0.0028,
         0.0130, -0.0197,  0.0161,  0.0101, -0.0044,  0.0097, -0.0154, -0.0080,
         0.0122,  0.0175,  0.0204,  0.0167, -0.0020,  0.0011, -0.0031, -0.0126,
         0.0100,  0.0099,  0.0182,  0.0153,  0.0115, -0.0115, -0.0168, -0.0066,
        -0.0095, -0.0035, -0.0075,  0.0016, -0.0025,  0.0009, -0.0024,  0.0072,
        -0.0206,  0.0175, -0.0037, -0.0178, -0.0201,  0.0068,  0.0119, -0.0035,
        -0.0138,  0.0049,  0.0126,  0.0169,  0.0117, -0.0186,  0.0047,  0.0201,
         0.0200, -0.0116,  0.0014,  0.0066,  0.0118,  0.0084, -0.0144,  0.0125,
         0.0154, -0.0086,  0.0110, -0.0083, -0.0183, -0.0124,  0.0031,  0.0097,
         0.0159,  0.0183, -0.0060, -0.0002,  0.0108, -0.0135,  0.0207, -0.0015,
         0.0120, -0.0096,  0.0179,  0.0032, -0.0106,  0.0069,  0.0204,  0.0193,
        -0.0079,  0.0080,  0.0036,  0.0098, -0.0170, -0.0075,  0.0199,  0.0161],
       device='cuda:0', requires_grad=True)
parameters of the network conv3.weight 
 torch.Size([64, 128, 3, 3]) 
 True 
 tensor([[[[ 0.0057, -0.0132,  0.0055],
          [ 0.0091, -0.0282,  0.0014],
          [-0.0176, -0.0235,  0.0097]],

         [[ 0.0067,  0.0132, -0.0054],
          [-0.0094, -0.0164,  0.0190],
          [ 0.0110,  0.0028, -0.0111]],

         [[ 0.0107, -0.0243, -0.0169],
          [ 0.0275,  0.0240, -0.0050],
          [ 0.0235,  0.0166,  0.0016]],

         ...,

         [[-0.0234,  0.0176,  0.0101],
          [ 0.0066,  0.0129,  0.0047],
          [ 0.0256,  0.0262, -0.0081]],

         [[ 0.0028,  0.0288,  0.0152],
          [-0.0101,  0.0158,  0.0231],
          [-0.0201,  0.0229,  0.0069]],

         [[ 0.0168,  0.0221, -0.0280],
          [-0.0273, -0.0290,  0.0204],
          [ 0.0052, -0.0031, -0.0099]]],


        [[[ 0.0288, -0.0026, -0.0119],
          [ 0.0017, -0.0098, -0.0054],
          [-0.0186, -0.0235, -0.0027]],

         [[ 0.0162,  0.0231,  0.0177],
          [ 0.0253, -0.0187,  0.0266],
          [ 0.0031,  0.0220,  0.0281]],

         [[-0.0260, -0.0217, -0.0090],
          [-0.0227, -0.0251, -0.0113],
          [ 0.0158, -0.0193,  0.0070]],

         ...,

         [[ 0.0231, -0.0010, -0.0227],
          [ 0.0172,  0.0104,  0.0058],
          [-0.0271, -0.0283, -0.0082]],

         [[ 0.0190, -0.0086,  0.0258],
          [-0.0100, -0.0002,  0.0239],
          [ 0.0189,  0.0078,  0.0235]],

         [[ 0.0094,  0.0185, -0.0051],
          [-0.0221,  0.0222,  0.0150],
          [-0.0245,  0.0166, -0.0241]]],


        [[[ 0.0042, -0.0251, -0.0068],
          [ 0.0240, -0.0211,  0.0004],
          [-0.0119,  0.0206,  0.0029]],

         [[-0.0247, -0.0043,  0.0125],
          [ 0.0057, -0.0190, -0.0233],
          [-0.0263,  0.0104, -0.0059]],

         [[-0.0024, -0.0201, -0.0211],
          [ 0.0177, -0.0009,  0.0004],
          [-0.0070,  0.0228,  0.0065]],

         ...,

         [[ 0.0263,  0.0117,  0.0140],
          [-0.0266, -0.0199,  0.0165],
          [-0.0264, -0.0074,  0.0247]],

         [[-0.0098,  0.0103,  0.0115],
          [-0.0150, -0.0129,  0.0289],
          [-0.0207,  0.0279,  0.0121]],

         [[-0.0120,  0.0129, -0.0233],
          [ 0.0162,  0.0293,  0.0023],
          [-0.0100,  0.0232, -0.0283]]],


        ...,


        [[[-0.0265,  0.0021, -0.0037],
          [-0.0102, -0.0119,  0.0001],
          [ 0.0227,  0.0142, -0.0021]],

         [[ 0.0287,  0.0101, -0.0175],
          [-0.0166,  0.0134,  0.0173],
          [-0.0183, -0.0148,  0.0219]],

         [[-0.0116,  0.0263, -0.0055],
          [-0.0108, -0.0020,  0.0077],
          [-0.0041,  0.0241,  0.0182]],

         ...,

         [[-0.0146, -0.0057,  0.0251],
          [-0.0114, -0.0161, -0.0249],
          [-0.0194, -0.0136,  0.0224]],

         [[-0.0269, -0.0194,  0.0130],
          [-0.0101, -0.0160,  0.0294],
          [ 0.0198, -0.0168, -0.0087]],

         [[ 0.0153, -0.0007,  0.0161],
          [ 0.0223,  0.0009,  0.0149],
          [-0.0166, -0.0069, -0.0050]]],


        [[[ 0.0143,  0.0020, -0.0195],
          [ 0.0209,  0.0157,  0.0275],
          [ 0.0153,  0.0142, -0.0274]],

         [[-0.0108, -0.0294, -0.0205],
          [-0.0233,  0.0187, -0.0094],
          [-0.0017, -0.0100, -0.0054]],

         [[ 0.0181, -0.0140, -0.0095],
          [-0.0215, -0.0143,  0.0120],
          [-0.0021,  0.0013,  0.0009]],

         ...,

         [[ 0.0169, -0.0186,  0.0263],
          [ 0.0160, -0.0059, -0.0081],
          [-0.0165, -0.0149, -0.0146]],

         [[-0.0255, -0.0197,  0.0026],
          [ 0.0240, -0.0241,  0.0073],
          [-0.0272, -0.0198,  0.0228]],

         [[ 0.0231, -0.0156,  0.0156],
          [ 0.0151, -0.0219,  0.0156],
          [ 0.0122,  0.0011,  0.0234]]],


        [[[-0.0290, -0.0107, -0.0048],
          [-0.0084,  0.0243,  0.0094],
          [ 0.0041,  0.0171,  0.0089]],

         [[-0.0291, -0.0134, -0.0052],
          [ 0.0141, -0.0117,  0.0103],
          [ 0.0059,  0.0151, -0.0120]],

         [[-0.0160, -0.0229,  0.0149],
          [ 0.0199, -0.0095,  0.0130],
          [ 0.0248, -0.0159, -0.0175]],

         ...,

         [[ 0.0212,  0.0232, -0.0033],
          [-0.0150,  0.0187, -0.0114],
          [ 0.0143,  0.0018,  0.0137]],

         [[ 0.0167, -0.0267,  0.0192],
          [-0.0227,  0.0140,  0.0007],
          [-0.0152,  0.0121,  0.0267]],

         [[-0.0051,  0.0198,  0.0009],
          [ 0.0076,  0.0033,  0.0222],
          [ 0.0191, -0.0028,  0.0043]]]], device='cuda:0') 
 Parameter containing:
tensor([[[[ 0.0057, -0.0132,  0.0055],
          [ 0.0091, -0.0282,  0.0014],
          [-0.0176, -0.0235,  0.0097]],

         [[ 0.0067,  0.0132, -0.0054],
          [-0.0094, -0.0164,  0.0190],
          [ 0.0110,  0.0028, -0.0111]],

         [[ 0.0107, -0.0243, -0.0169],
          [ 0.0275,  0.0240, -0.0050],
          [ 0.0235,  0.0166,  0.0016]],

         ...,

         [[-0.0234,  0.0176,  0.0101],
          [ 0.0066,  0.0129,  0.0047],
          [ 0.0256,  0.0262, -0.0081]],

         [[ 0.0028,  0.0288,  0.0152],
          [-0.0101,  0.0158,  0.0231],
          [-0.0201,  0.0229,  0.0069]],

         [[ 0.0168,  0.0221, -0.0280],
          [-0.0273, -0.0290,  0.0204],
          [ 0.0052, -0.0031, -0.0099]]],


        [[[ 0.0288, -0.0026, -0.0119],
          [ 0.0017, -0.0098, -0.0054],
          [-0.0186, -0.0235, -0.0027]],

         [[ 0.0162,  0.0231,  0.0177],
          [ 0.0253, -0.0187,  0.0266],
          [ 0.0031,  0.0220,  0.0281]],

         [[-0.0260, -0.0217, -0.0090],
          [-0.0227, -0.0251, -0.0113],
          [ 0.0158, -0.0193,  0.0070]],

         ...,

         [[ 0.0231, -0.0010, -0.0227],
          [ 0.0172,  0.0104,  0.0058],
          [-0.0271, -0.0283, -0.0082]],

         [[ 0.0190, -0.0086,  0.0258],
          [-0.0100, -0.0002,  0.0239],
          [ 0.0189,  0.0078,  0.0235]],

         [[ 0.0094,  0.0185, -0.0051],
          [-0.0221,  0.0222,  0.0150],
          [-0.0245,  0.0166, -0.0241]]],


        [[[ 0.0042, -0.0251, -0.0068],
          [ 0.0240, -0.0211,  0.0004],
          [-0.0119,  0.0206,  0.0029]],

         [[-0.0247, -0.0043,  0.0125],
          [ 0.0057, -0.0190, -0.0233],
          [-0.0263,  0.0104, -0.0059]],

         [[-0.0024, -0.0201, -0.0211],
          [ 0.0177, -0.0009,  0.0004],
          [-0.0070,  0.0228,  0.0065]],

         ...,

         [[ 0.0263,  0.0117,  0.0140],
          [-0.0266, -0.0199,  0.0165],
          [-0.0264, -0.0074,  0.0247]],

         [[-0.0098,  0.0103,  0.0115],
          [-0.0150, -0.0129,  0.0289],
          [-0.0207,  0.0279,  0.0121]],

         [[-0.0120,  0.0129, -0.0233],
          [ 0.0162,  0.0293,  0.0023],
          [-0.0100,  0.0232, -0.0283]]],


        ...,


        [[[-0.0265,  0.0021, -0.0037],
          [-0.0102, -0.0119,  0.0001],
          [ 0.0227,  0.0142, -0.0021]],

         [[ 0.0287,  0.0101, -0.0175],
          [-0.0166,  0.0134,  0.0173],
          [-0.0183, -0.0148,  0.0219]],

         [[-0.0116,  0.0263, -0.0055],
          [-0.0108, -0.0020,  0.0077],
          [-0.0041,  0.0241,  0.0182]],

         ...,

         [[-0.0146, -0.0057,  0.0251],
          [-0.0114, -0.0161, -0.0249],
          [-0.0194, -0.0136,  0.0224]],

         [[-0.0269, -0.0194,  0.0130],
          [-0.0101, -0.0160,  0.0294],
          [ 0.0198, -0.0168, -0.0087]],

         [[ 0.0153, -0.0007,  0.0161],
          [ 0.0223,  0.0009,  0.0149],
          [-0.0166, -0.0069, -0.0050]]],


        [[[ 0.0143,  0.0020, -0.0195],
          [ 0.0209,  0.0157,  0.0275],
          [ 0.0153,  0.0142, -0.0274]],

         [[-0.0108, -0.0294, -0.0205],
          [-0.0233,  0.0187, -0.0094],
          [-0.0017, -0.0100, -0.0054]],

         [[ 0.0181, -0.0140, -0.0095],
          [-0.0215, -0.0143,  0.0120],
          [-0.0021,  0.0013,  0.0009]],

         ...,

         [[ 0.0169, -0.0186,  0.0263],
          [ 0.0160, -0.0059, -0.0081],
          [-0.0165, -0.0149, -0.0146]],

         [[-0.0255, -0.0197,  0.0026],
          [ 0.0240, -0.0241,  0.0073],
          [-0.0272, -0.0198,  0.0228]],

         [[ 0.0231, -0.0156,  0.0156],
          [ 0.0151, -0.0219,  0.0156],
          [ 0.0122,  0.0011,  0.0234]]],


        [[[-0.0290, -0.0107, -0.0048],
          [-0.0084,  0.0243,  0.0094],
          [ 0.0041,  0.0171,  0.0089]],

         [[-0.0291, -0.0134, -0.0052],
          [ 0.0141, -0.0117,  0.0103],
          [ 0.0059,  0.0151, -0.0120]],

         [[-0.0160, -0.0229,  0.0149],
          [ 0.0199, -0.0095,  0.0130],
          [ 0.0248, -0.0159, -0.0175]],

         ...,

         [[ 0.0212,  0.0232, -0.0033],
          [-0.0150,  0.0187, -0.0114],
          [ 0.0143,  0.0018,  0.0137]],

         [[ 0.0167, -0.0267,  0.0192],
          [-0.0227,  0.0140,  0.0007],
          [-0.0152,  0.0121,  0.0267]],

         [[-0.0051,  0.0198,  0.0009],
          [ 0.0076,  0.0033,  0.0222],
          [ 0.0191, -0.0028,  0.0043]]]], device='cuda:0', requires_grad=True)
parameters of the network conv3.bias 
 torch.Size([64]) 
 True 
 tensor([-0.0285, -0.0201,  0.0101,  0.0045,  0.0132, -0.0081, -0.0191, -0.0096,
         0.0186,  0.0247, -0.0018,  0.0131, -0.0214,  0.0090, -0.0280, -0.0148,
         0.0172, -0.0021, -0.0288,  0.0070,  0.0289, -0.0265, -0.0211, -0.0156,
        -0.0264, -0.0199,  0.0081, -0.0123, -0.0164,  0.0103, -0.0240,  0.0231,
        -0.0118,  0.0231,  0.0213,  0.0081, -0.0023, -0.0283, -0.0125,  0.0155,
         0.0028, -0.0043, -0.0210, -0.0096, -0.0129, -0.0290, -0.0050,  0.0128,
        -0.0221,  0.0079,  0.0228,  0.0049,  0.0229, -0.0294, -0.0056, -0.0106,
        -0.0293, -0.0128,  0.0277,  0.0174,  0.0027,  0.0225,  0.0026,  0.0048],
       device='cuda:0') 
 Parameter containing:
tensor([-0.0285, -0.0201,  0.0101,  0.0045,  0.0132, -0.0081, -0.0191, -0.0096,
         0.0186,  0.0247, -0.0018,  0.0131, -0.0214,  0.0090, -0.0280, -0.0148,
         0.0172, -0.0021, -0.0288,  0.0070,  0.0289, -0.0265, -0.0211, -0.0156,
        -0.0264, -0.0199,  0.0081, -0.0123, -0.0164,  0.0103, -0.0240,  0.0231,
        -0.0118,  0.0231,  0.0213,  0.0081, -0.0023, -0.0283, -0.0125,  0.0155,
         0.0028, -0.0043, -0.0210, -0.0096, -0.0129, -0.0290, -0.0050,  0.0128,
        -0.0221,  0.0079,  0.0228,  0.0049,  0.0229, -0.0294, -0.0056, -0.0106,
        -0.0293, -0.0128,  0.0277,  0.0174,  0.0027,  0.0225,  0.0026,  0.0048],
       device='cuda:0', requires_grad=True)
parameters of the network fc1.weight 
 torch.Size([256, 667776]) 
 True 
 tensor([[ 0.0006, -0.0011, -0.0006,  ..., -0.0009, -0.0006,  0.0008],
        [-0.0001,  0.0006, -0.0005,  ..., -0.0011,  0.0003,  0.0010],
        [-0.0005, -0.0006,  0.0008,  ...,  0.0004, -0.0006,  0.0007],
        ...,
        [ 0.0009,  0.0005,  0.0012,  ..., -0.0010, -0.0008, -0.0004],
        [-0.0005, -0.0011, -0.0006,  ..., -0.0012,  0.0008,  0.0012],
        [-0.0006, -0.0005, -0.0003,  ..., -0.0008,  0.0002,  0.0001]],
       device='cuda:0') 
 Parameter containing:
tensor([[ 0.0006, -0.0011, -0.0006,  ..., -0.0009, -0.0006,  0.0008],
        [-0.0001,  0.0006, -0.0005,  ..., -0.0011,  0.0003,  0.0010],
        [-0.0005, -0.0006,  0.0008,  ...,  0.0004, -0.0006,  0.0007],
        ...,
        [ 0.0009,  0.0005,  0.0012,  ..., -0.0010, -0.0008, -0.0004],
        [-0.0005, -0.0011, -0.0006,  ..., -0.0012,  0.0008,  0.0012],
        [-0.0006, -0.0005, -0.0003,  ..., -0.0008,  0.0002,  0.0001]],
       device='cuda:0', requires_grad=True)
parameters of the network fc1.bias 
 torch.Size([256]) 
 True 
 tensor([ 3.3172e-04,  7.0593e-04, -7.2245e-04, -1.7487e-04,  1.0209e-03,
        -6.5485e-04, -8.5004e-04,  3.5816e-04, -9.1605e-04, -4.6034e-04,
         4.9925e-04, -1.2540e-04, -3.4752e-04, -3.9351e-04, -7.5097e-04,
        -1.1947e-03,  1.8681e-04, -6.8630e-04,  8.2992e-04, -7.0192e-04,
        -6.1149e-04, -9.3471e-04,  5.2381e-04, -7.0144e-04,  7.7567e-04,
         8.1627e-04,  5.4675e-04,  2.8405e-04,  4.1389e-04,  9.9243e-05,
         1.1658e-03, -8.9982e-04, -7.2639e-04, -9.6722e-04, -9.6785e-04,
        -5.7055e-04, -7.6379e-04, -3.1608e-04,  2.4595e-04,  1.7638e-04,
        -3.0647e-04,  1.1863e-03,  1.1280e-03,  9.7832e-04, -3.8950e-04,
         4.5028e-04, -2.5999e-04,  1.1095e-03, -9.4377e-04,  1.2985e-04,
         3.2989e-04, -3.2767e-04,  6.0272e-04, -9.4134e-04,  8.2167e-04,
         8.1364e-04,  5.8133e-05,  1.0779e-03, -8.9316e-04, -9.2096e-04,
         5.0497e-04, -7.6829e-04, -1.0625e-03,  4.1797e-04,  1.0104e-03,
        -2.7121e-04,  1.1476e-03,  8.5591e-04,  6.4393e-04,  7.7711e-04,
        -2.0066e-04,  3.4252e-04,  4.0085e-04,  1.1288e-03, -5.4436e-04,
        -1.0143e-03,  1.4317e-04, -7.1670e-04,  6.2663e-04, -1.1482e-03,
         1.1926e-03, -5.3985e-04,  6.2572e-04, -1.0019e-03, -9.3605e-04,
        -6.4414e-04, -9.7521e-04, -1.1551e-03,  9.5123e-04,  6.7129e-04,
        -4.0122e-04, -5.3753e-05, -9.7703e-04, -6.2138e-04, -1.4469e-04,
         1.1960e-03,  9.7084e-04,  1.1840e-03,  5.1372e-04,  3.0545e-04,
        -9.8753e-04,  7.9696e-04, -6.0459e-04, -2.4936e-04,  1.1538e-03,
         5.5750e-04, -4.2937e-04, -6.1160e-04,  3.3110e-04,  1.0120e-03,
        -7.1740e-04,  4.8087e-04, -1.1301e-03, -6.2928e-04, -8.5228e-04,
        -1.4485e-04, -1.2121e-03,  1.1791e-03,  3.3935e-04, -2.5822e-04,
        -5.3189e-05,  9.3659e-05, -4.1789e-04,  1.1816e-03, -1.0409e-03,
         2.2753e-05,  1.0395e-03, -4.3388e-04,  4.0942e-04,  5.3364e-04,
        -2.8175e-04, -2.2376e-04, -9.6967e-04,  1.1594e-03,  4.2667e-04,
         1.0800e-03,  1.4501e-04,  8.8494e-04,  3.9080e-04, -7.8023e-04,
         4.6300e-04,  3.8250e-04, -1.1277e-03, -9.4064e-04, -5.3221e-04,
         1.1664e-03,  2.7059e-04, -1.4597e-04, -1.0309e-03,  7.2228e-04,
         8.2496e-04, -1.0603e-03,  3.6510e-04, -8.1148e-04, -2.5196e-04,
        -1.2598e-04,  3.6695e-04,  9.8347e-04,  4.1460e-04, -2.1723e-04,
        -8.1034e-04, -5.9251e-04,  1.2550e-04, -6.9844e-04, -7.3078e-04,
         1.1607e-03,  7.6144e-04, -5.2564e-04,  2.4247e-04,  1.1556e-03,
         1.2152e-03, -7.4609e-04, -9.6680e-04,  1.1675e-03,  1.3644e-04,
         7.0687e-04,  1.0500e-03, -2.8112e-05,  8.1949e-06, -9.3495e-04,
        -1.4296e-04,  4.6083e-05, -3.8833e-04, -2.3068e-05,  4.9332e-04,
         1.2158e-03, -1.0695e-03, -1.1553e-03,  1.7491e-04, -2.3952e-04,
        -1.2172e-03,  8.1714e-04, -1.2066e-03, -1.2644e-05,  1.9004e-04,
        -2.4385e-04,  1.1896e-04, -2.5202e-04, -2.0759e-04,  7.8990e-04,
         1.5816e-04,  2.9171e-04,  4.7560e-04,  4.6711e-04, -6.9641e-04,
         3.5653e-04, -3.5559e-04, -3.2035e-04,  1.4558e-04, -3.2722e-04,
         6.2129e-04,  9.5890e-04, -3.2762e-04, -1.0949e-03,  1.1039e-03,
        -4.6655e-04,  1.2083e-03,  7.6630e-04,  9.1590e-04, -2.1343e-04,
        -1.0275e-04,  5.1209e-04, -3.2969e-04, -1.2408e-04, -2.0134e-04,
        -8.3344e-04,  9.0218e-04,  2.5192e-04, -9.0372e-04,  1.6146e-04,
        -1.1245e-03, -7.4459e-04,  1.1454e-03,  4.2786e-04, -2.4058e-04,
        -1.0200e-03, -1.1629e-03, -4.0731e-04, -8.7982e-04, -7.0615e-04,
         8.4556e-04,  2.7315e-04, -1.1045e-03, -5.6968e-04, -8.8592e-04,
        -1.9430e-04,  4.0872e-04,  4.3393e-04,  1.0394e-03, -3.1049e-04,
         3.0033e-04,  1.0830e-03,  3.8305e-04, -2.7550e-04, -1.1089e-04,
         7.8533e-04], device='cuda:0') 
 Parameter containing:
tensor([ 3.3172e-04,  7.0593e-04, -7.2245e-04, -1.7487e-04,  1.0209e-03,
        -6.5485e-04, -8.5004e-04,  3.5816e-04, -9.1605e-04, -4.6034e-04,
         4.9925e-04, -1.2540e-04, -3.4752e-04, -3.9351e-04, -7.5097e-04,
        -1.1947e-03,  1.8681e-04, -6.8630e-04,  8.2992e-04, -7.0192e-04,
        -6.1149e-04, -9.3471e-04,  5.2381e-04, -7.0144e-04,  7.7567e-04,
         8.1627e-04,  5.4675e-04,  2.8405e-04,  4.1389e-04,  9.9243e-05,
         1.1658e-03, -8.9982e-04, -7.2639e-04, -9.6722e-04, -9.6785e-04,
        -5.7055e-04, -7.6379e-04, -3.1608e-04,  2.4595e-04,  1.7638e-04,
        -3.0647e-04,  1.1863e-03,  1.1280e-03,  9.7832e-04, -3.8950e-04,
         4.5028e-04, -2.5999e-04,  1.1095e-03, -9.4377e-04,  1.2985e-04,
         3.2989e-04, -3.2767e-04,  6.0272e-04, -9.4134e-04,  8.2167e-04,
         8.1364e-04,  5.8133e-05,  1.0779e-03, -8.9316e-04, -9.2096e-04,
         5.0497e-04, -7.6829e-04, -1.0625e-03,  4.1797e-04,  1.0104e-03,
        -2.7121e-04,  1.1476e-03,  8.5591e-04,  6.4393e-04,  7.7711e-04,
        -2.0066e-04,  3.4252e-04,  4.0085e-04,  1.1288e-03, -5.4436e-04,
        -1.0143e-03,  1.4317e-04, -7.1670e-04,  6.2663e-04, -1.1482e-03,
         1.1926e-03, -5.3985e-04,  6.2572e-04, -1.0019e-03, -9.3605e-04,
        -6.4414e-04, -9.7521e-04, -1.1551e-03,  9.5123e-04,  6.7129e-04,
        -4.0122e-04, -5.3753e-05, -9.7703e-04, -6.2138e-04, -1.4469e-04,
         1.1960e-03,  9.7084e-04,  1.1840e-03,  5.1372e-04,  3.0545e-04,
        -9.8753e-04,  7.9696e-04, -6.0459e-04, -2.4936e-04,  1.1538e-03,
         5.5750e-04, -4.2937e-04, -6.1160e-04,  3.3110e-04,  1.0120e-03,
        -7.1740e-04,  4.8087e-04, -1.1301e-03, -6.2928e-04, -8.5228e-04,
        -1.4485e-04, -1.2121e-03,  1.1791e-03,  3.3935e-04, -2.5822e-04,
        -5.3189e-05,  9.3659e-05, -4.1789e-04,  1.1816e-03, -1.0409e-03,
         2.2753e-05,  1.0395e-03, -4.3388e-04,  4.0942e-04,  5.3364e-04,
        -2.8175e-04, -2.2376e-04, -9.6967e-04,  1.1594e-03,  4.2667e-04,
         1.0800e-03,  1.4501e-04,  8.8494e-04,  3.9080e-04, -7.8023e-04,
         4.6300e-04,  3.8250e-04, -1.1277e-03, -9.4064e-04, -5.3221e-04,
         1.1664e-03,  2.7059e-04, -1.4597e-04, -1.0309e-03,  7.2228e-04,
         8.2496e-04, -1.0603e-03,  3.6510e-04, -8.1148e-04, -2.5196e-04,
        -1.2598e-04,  3.6695e-04,  9.8347e-04,  4.1460e-04, -2.1723e-04,
        -8.1034e-04, -5.9251e-04,  1.2550e-04, -6.9844e-04, -7.3078e-04,
         1.1607e-03,  7.6144e-04, -5.2564e-04,  2.4247e-04,  1.1556e-03,
         1.2152e-03, -7.4609e-04, -9.6680e-04,  1.1675e-03,  1.3644e-04,
         7.0687e-04,  1.0500e-03, -2.8112e-05,  8.1949e-06, -9.3495e-04,
        -1.4296e-04,  4.6083e-05, -3.8833e-04, -2.3068e-05,  4.9332e-04,
         1.2158e-03, -1.0695e-03, -1.1553e-03,  1.7491e-04, -2.3952e-04,
        -1.2172e-03,  8.1714e-04, -1.2066e-03, -1.2644e-05,  1.9004e-04,
        -2.4385e-04,  1.1896e-04, -2.5202e-04, -2.0759e-04,  7.8990e-04,
         1.5816e-04,  2.9171e-04,  4.7560e-04,  4.6711e-04, -6.9641e-04,
         3.5653e-04, -3.5559e-04, -3.2035e-04,  1.4558e-04, -3.2722e-04,
         6.2129e-04,  9.5890e-04, -3.2762e-04, -1.0949e-03,  1.1039e-03,
        -4.6655e-04,  1.2083e-03,  7.6630e-04,  9.1590e-04, -2.1343e-04,
        -1.0275e-04,  5.1209e-04, -3.2969e-04, -1.2408e-04, -2.0134e-04,
        -8.3344e-04,  9.0218e-04,  2.5192e-04, -9.0372e-04,  1.6146e-04,
        -1.1245e-03, -7.4459e-04,  1.1454e-03,  4.2786e-04, -2.4058e-04,
        -1.0200e-03, -1.1629e-03, -4.0731e-04, -8.7982e-04, -7.0615e-04,
         8.4556e-04,  2.7315e-04, -1.1045e-03, -5.6968e-04, -8.8592e-04,
        -1.9430e-04,  4.0872e-04,  4.3393e-04,  1.0394e-03, -3.1049e-04,
         3.0033e-04,  1.0830e-03,  3.8305e-04, -2.7550e-04, -1.1089e-04,
         7.8533e-04], device='cuda:0', requires_grad=True)
parameters of the network fc2.weight 
 torch.Size([128, 256]) 
 True 
 tensor([[-0.0421,  0.0497,  0.0045,  ..., -0.0111, -0.0133,  0.0142],
        [ 0.0575,  0.0318, -0.0531,  ..., -0.0584, -0.0140, -0.0209],
        [-0.0547, -0.0308, -0.0544,  ...,  0.0073,  0.0517,  0.0616],
        ...,
        [-0.0429, -0.0215,  0.0544,  ..., -0.0375, -0.0145,  0.0006],
        [ 0.0499, -0.0086, -0.0265,  ...,  0.0111, -0.0516,  0.0222],
        [-0.0047,  0.0567,  0.0386,  ..., -0.0621, -0.0122,  0.0439]],
       device='cuda:0') 
 Parameter containing:
tensor([[-0.0421,  0.0497,  0.0045,  ..., -0.0111, -0.0133,  0.0142],
        [ 0.0575,  0.0318, -0.0531,  ..., -0.0584, -0.0140, -0.0209],
        [-0.0547, -0.0308, -0.0544,  ...,  0.0073,  0.0517,  0.0616],
        ...,
        [-0.0429, -0.0215,  0.0544,  ..., -0.0375, -0.0145,  0.0006],
        [ 0.0499, -0.0086, -0.0265,  ...,  0.0111, -0.0516,  0.0222],
        [-0.0047,  0.0567,  0.0386,  ..., -0.0621, -0.0122,  0.0439]],
       device='cuda:0', requires_grad=True)
parameters of the network fc2.bias 
 torch.Size([128]) 
 True 
 tensor([ 0.0544,  0.0185, -0.0102, -0.0153,  0.0382, -0.0542,  0.0449, -0.0542,
         0.0162, -0.0312, -0.0204, -0.0148,  0.0472, -0.0461, -0.0311,  0.0123,
        -0.0546, -0.0013, -0.0230, -0.0623,  0.0500,  0.0286, -0.0045, -0.0347,
         0.0296, -0.0542,  0.0359, -0.0614,  0.0508, -0.0465, -0.0378, -0.0350,
         0.0142, -0.0236, -0.0610, -0.0489,  0.0420, -0.0130,  0.0229, -0.0413,
         0.0235, -0.0056, -0.0096,  0.0395,  0.0473, -0.0267,  0.0501,  0.0432,
         0.0505, -0.0410, -0.0034,  0.0432,  0.0329, -0.0093,  0.0576,  0.0266,
         0.0066, -0.0446,  0.0411, -0.0332, -0.0334, -0.0199,  0.0070,  0.0082,
        -0.0521,  0.0453, -0.0299,  0.0013,  0.0167,  0.0072,  0.0320, -0.0132,
         0.0392, -0.0388, -0.0086,  0.0031, -0.0576,  0.0365,  0.0200, -0.0135,
        -0.0493,  0.0260,  0.0323,  0.0332,  0.0261, -0.0302,  0.0352, -0.0601,
         0.0610, -0.0615,  0.0007,  0.0455, -0.0450,  0.0205, -0.0286,  0.0539,
         0.0472,  0.0485,  0.0145,  0.0491, -0.0178, -0.0414, -0.0281,  0.0272,
         0.0109,  0.0037, -0.0238, -0.0106,  0.0492,  0.0564,  0.0134,  0.0075,
         0.0235, -0.0607, -0.0111,  0.0300, -0.0106, -0.0399, -0.0146, -0.0154,
        -0.0459, -0.0069, -0.0498, -0.0547, -0.0458, -0.0059, -0.0558, -0.0066],
       device='cuda:0') 
 Parameter containing:
tensor([ 0.0544,  0.0185, -0.0102, -0.0153,  0.0382, -0.0542,  0.0449, -0.0542,
         0.0162, -0.0312, -0.0204, -0.0148,  0.0472, -0.0461, -0.0311,  0.0123,
        -0.0546, -0.0013, -0.0230, -0.0623,  0.0500,  0.0286, -0.0045, -0.0347,
         0.0296, -0.0542,  0.0359, -0.0614,  0.0508, -0.0465, -0.0378, -0.0350,
         0.0142, -0.0236, -0.0610, -0.0489,  0.0420, -0.0130,  0.0229, -0.0413,
         0.0235, -0.0056, -0.0096,  0.0395,  0.0473, -0.0267,  0.0501,  0.0432,
         0.0505, -0.0410, -0.0034,  0.0432,  0.0329, -0.0093,  0.0576,  0.0266,
         0.0066, -0.0446,  0.0411, -0.0332, -0.0334, -0.0199,  0.0070,  0.0082,
        -0.0521,  0.0453, -0.0299,  0.0013,  0.0167,  0.0072,  0.0320, -0.0132,
         0.0392, -0.0388, -0.0086,  0.0031, -0.0576,  0.0365,  0.0200, -0.0135,
        -0.0493,  0.0260,  0.0323,  0.0332,  0.0261, -0.0302,  0.0352, -0.0601,
         0.0610, -0.0615,  0.0007,  0.0455, -0.0450,  0.0205, -0.0286,  0.0539,
         0.0472,  0.0485,  0.0145,  0.0491, -0.0178, -0.0414, -0.0281,  0.0272,
         0.0109,  0.0037, -0.0238, -0.0106,  0.0492,  0.0564,  0.0134,  0.0075,
         0.0235, -0.0607, -0.0111,  0.0300, -0.0106, -0.0399, -0.0146, -0.0154,
        -0.0459, -0.0069, -0.0498, -0.0547, -0.0458, -0.0059, -0.0558, -0.0066],
       device='cuda:0', requires_grad=True)
parameters of the network fc3.weight 
 torch.Size([64, 128]) 
 True 
 tensor([[ 0.0619,  0.0619,  0.0684,  ..., -0.0311, -0.0268, -0.0031],
        [-0.0062,  0.0532,  0.0788,  ..., -0.0245, -0.0028, -0.0535],
        [ 0.0286, -0.0528, -0.0222,  ..., -0.0347, -0.0826,  0.0389],
        ...,
        [ 0.0754,  0.0186,  0.0163,  ...,  0.0317, -0.0607,  0.0169],
        [ 0.0534,  0.0271,  0.0116,  ...,  0.0297,  0.0224,  0.0465],
        [ 0.0638, -0.0178, -0.0797,  ...,  0.0859,  0.0851, -0.0247]],
       device='cuda:0') 
 Parameter containing:
tensor([[ 0.0619,  0.0619,  0.0684,  ..., -0.0311, -0.0268, -0.0031],
        [-0.0062,  0.0532,  0.0788,  ..., -0.0245, -0.0028, -0.0535],
        [ 0.0286, -0.0528, -0.0222,  ..., -0.0347, -0.0826,  0.0389],
        ...,
        [ 0.0754,  0.0186,  0.0163,  ...,  0.0317, -0.0607,  0.0169],
        [ 0.0534,  0.0271,  0.0116,  ...,  0.0297,  0.0224,  0.0465],
        [ 0.0638, -0.0178, -0.0797,  ...,  0.0859,  0.0851, -0.0247]],
       device='cuda:0', requires_grad=True)
parameters of the network fc3.bias 
 torch.Size([64]) 
 True 
 tensor([ 2.3454e-02, -5.1893e-02, -6.8616e-02,  8.2924e-05, -7.7018e-02,
        -5.7502e-02,  3.6741e-02, -2.2948e-02, -6.4267e-02, -8.1515e-02,
        -4.0247e-02, -2.4040e-02, -1.7185e-03, -3.5286e-02,  6.6110e-02,
         6.6507e-02,  6.5628e-03,  3.6453e-02, -7.6422e-03,  6.7742e-04,
         7.1669e-02,  7.5348e-02,  4.4620e-02,  4.4842e-02, -4.4646e-02,
         8.5194e-02,  2.5579e-02,  2.8613e-02,  8.6855e-02,  1.3003e-02,
         1.2449e-02, -8.3005e-02,  7.5284e-02, -8.4590e-02, -5.1180e-02,
        -3.9102e-02, -2.6315e-02, -2.8754e-02, -1.9433e-02, -5.3989e-02,
        -4.9497e-02,  1.3311e-02,  7.5256e-03, -7.7012e-02, -4.8534e-02,
        -6.1703e-02, -5.8979e-02,  5.9843e-02,  4.8616e-02,  8.9474e-03,
        -1.3470e-02,  6.5712e-02,  4.0914e-02,  2.6130e-02, -3.9147e-02,
         2.4831e-02,  5.2148e-02,  4.9297e-02,  2.8171e-02, -8.7373e-02,
         1.0933e-04,  6.8001e-02,  6.8324e-02,  6.7241e-02], device='cuda:0') 
 Parameter containing:
tensor([ 2.3454e-02, -5.1893e-02, -6.8616e-02,  8.2924e-05, -7.7018e-02,
        -5.7502e-02,  3.6741e-02, -2.2948e-02, -6.4267e-02, -8.1515e-02,
        -4.0247e-02, -2.4040e-02, -1.7185e-03, -3.5286e-02,  6.6110e-02,
         6.6507e-02,  6.5628e-03,  3.6453e-02, -7.6422e-03,  6.7742e-04,
         7.1669e-02,  7.5348e-02,  4.4620e-02,  4.4842e-02, -4.4646e-02,
         8.5194e-02,  2.5579e-02,  2.8613e-02,  8.6855e-02,  1.3003e-02,
         1.2449e-02, -8.3005e-02,  7.5284e-02, -8.4590e-02, -5.1180e-02,
        -3.9102e-02, -2.6315e-02, -2.8754e-02, -1.9433e-02, -5.3989e-02,
        -4.9497e-02,  1.3311e-02,  7.5256e-03, -7.7012e-02, -4.8534e-02,
        -6.1703e-02, -5.8979e-02,  5.9843e-02,  4.8616e-02,  8.9474e-03,
        -1.3470e-02,  6.5712e-02,  4.0914e-02,  2.6130e-02, -3.9147e-02,
         2.4831e-02,  5.2148e-02,  4.9297e-02,  2.8171e-02, -8.7373e-02,
         1.0933e-04,  6.8001e-02,  6.8324e-02,  6.7241e-02], device='cuda:0',
       requires_grad=True)
parameters of the network fc4.weight 
 torch.Size([6796, 64]) 
 True 
 tensor([[ 0.0801,  0.0661,  0.0197,  ..., -0.0635,  0.0602,  0.0300],
        [ 0.0263,  0.0556, -0.1125,  ...,  0.1223, -0.0504, -0.1136],
        [ 0.1071,  0.0188,  0.0587,  ...,  0.0323, -0.0337, -0.1057],
        ...,
        [-0.1012, -0.0611, -0.0777,  ..., -0.0605, -0.0671,  0.0378],
        [ 0.0365,  0.0144, -0.0546,  ...,  0.0645, -0.0172, -0.1214],
        [ 0.1095,  0.1012, -0.0668,  ..., -0.1036, -0.0744,  0.0886]],
       device='cuda:0') 
 Parameter containing:
tensor([[ 0.0801,  0.0661,  0.0197,  ..., -0.0635,  0.0602,  0.0300],
        [ 0.0263,  0.0556, -0.1125,  ...,  0.1223, -0.0504, -0.1136],
        [ 0.1071,  0.0188,  0.0587,  ...,  0.0323, -0.0337, -0.1057],
        ...,
        [-0.1012, -0.0611, -0.0777,  ..., -0.0605, -0.0671,  0.0378],
        [ 0.0365,  0.0144, -0.0546,  ...,  0.0645, -0.0172, -0.1214],
        [ 0.1095,  0.1012, -0.0668,  ..., -0.1036, -0.0744,  0.0886]],
       device='cuda:0', requires_grad=True)
parameters of the network fc4.bias 
 torch.Size([6796]) 
 True 
 tensor([-0.1117, -0.0607,  0.0653,  ..., -0.1118,  0.1027,  0.0616],
       device='cuda:0') 
 Parameter containing:
tensor([-0.1117, -0.0607,  0.0653,  ..., -0.1118,  0.1027,  0.0616],
       device='cuda:0', requires_grad=True)

Passing event 1007 from the network before training input tensor([[0., 0., 0.,  ..., 0., 0., 0.],
        [0., 0., 0.,  ..., 0., 0., 0.],
        [0., 0., 0.,  ..., 0., 0., 0.],
        ...,
        [0., 0., 0.,  ..., 0., 0., 0.],
        [0., 0., 0.,  ..., 0., 0., 0.],
        [0., 0., 0.,  ..., 0., 0., 0.]]) 
result1: tensor([[0.4779, 0.4859, 0.5174,  ..., 0.4764, 0.5226, 0.5217],
        [0.4779, 0.4859, 0.5174,  ..., 0.4764, 0.5226, 0.5217],
        [0.4779, 0.4858, 0.5174,  ..., 0.4764, 0.5226, 0.5217],
        ...,
        [0.4779, 0.4859, 0.5173,  ..., 0.4764, 0.5226, 0.5217],
        [0.4779, 0.4859, 0.5173,  ..., 0.4764, 0.5226, 0.5217],
        [0.4778, 0.4859, 0.5174,  ..., 0.4764, 0.5226, 0.5217]],
       device='cuda:0', grad_fn=<SigmoidBackward0>) 
result1.shape: torch.Size([20, 6796])

Passing two random events from the network before training 
result1: tensor([[0.4779, 0.4859, 0.5174,  ..., 0.4764, 0.5226, 0.5217],
        [0.4779, 0.4859, 0.5174,  ..., 0.4764, 0.5226, 0.5217],
        [0.4779, 0.4858, 0.5174,  ..., 0.4764, 0.5226, 0.5217],
        ...,
        [0.4779, 0.4859, 0.5173,  ..., 0.4764, 0.5226, 0.5217],
        [0.4779, 0.4859, 0.5173,  ..., 0.4764, 0.5226, 0.5217],
        [0.4778, 0.4859, 0.5174,  ..., 0.4764, 0.5226, 0.5217]],
       device='cuda:0', grad_fn=<SigmoidBackward0>) 
result1.shape: torch.Size([20, 6796]) 
input: [[0. 0. 0. ... 0. 0. 0.]
 [0. 0. 0. ... 0. 0. 0.]
 [0. 0. 0. ... 0. 0. 0.]
 ...
 [0. 0. 0. ... 0. 0. 0.]
 [0. 0. 0. ... 0. 0. 0.]
 [0. 0. 0. ... 0. 0. 0.]]
=> loading checkpoint from /hpcfs/bes/mlgpu/hoseinkk/MLTracking/otherparticles/pppipi/pyt_pppipi_cnn_1/checkpoint_dir/1999840284saved_checkpoint.tar



load_model True 
TraEvN 19998 
BatchSize 30.0 
EpochNum 40 
LrVal 0.0001 
weight_decay 5e-05 
startmesh 284 
endmesh 285 



Traceback (most recent call last):
  File "/hpcfs/bes/mlgpu/hoseinkk/MLTracking/otherparticles/pppipi/pyt_pppipi_cnn_1/./Results.py", line 79, in <module>
    plotevent(sitonsquare(trvalcnnpppipi[EvBTr]), (8, 4, 10), f'event number {EvBTr} without noise \n color indicates time')
  File "/hpcfs/bes/mlgpu/hoseinkk/MLTracking/otherparticles/pppipi/pyt_pppipi_cnn_1/./Results.py", line 43, in plotevent
    ax = fig.add_subplot(posit)
  File "/hpcfs/bes/mlgpu/hoseinkk/Miniconda3/envs/dgl1/lib/python3.9/site-packages/matplotlib/figure.py", line 784, in add_subplot
    ax = subplot_class_factory(projection_class)(self, *args, **pkw)
  File "/hpcfs/bes/mlgpu/hoseinkk/Miniconda3/envs/dgl1/lib/python3.9/site-packages/matplotlib/axes/_subplots.py", line 38, in __init__
    self.set_subplotspec(SubplotSpec._from_subplot_args(fig, args))
  File "/hpcfs/bes/mlgpu/hoseinkk/Miniconda3/envs/dgl1/lib/python3.9/site-packages/matplotlib/gridspec.py", line 632, in _from_subplot_args
    raise ValueError(
ValueError: Single argument to subplot must be a three-digit integer, not (8, 4, 10)

real	0m49.140s
user	1m3.854s
sys	0m5.459s
