0: cmsgpu001.ihep.ac.cn
GPU 0: NVIDIA A100-PCIE-40GB (UUID: GPU-83673d1f-01b2-490d-5bc6-a84aaf3ddc65)
Allocate GPU cards : 0

modinfo:
filename:       /lib/modules/3.10.0-1160.71.1.el7.x86_64/extra/nvidia.ko.xz
firmware:       nvidia/515.65.01/gsp.bin
alias:          char-major-195-*
version:        515.65.01
supported:      external
license:        NVIDIA
retpoline:      Y
rhelversion:    7.9
srcversion:     8049D44E2C1B08F41E1B8A6
alias:          pci:v000010DEd*sv*sd*bc06sc80i00*
alias:          pci:v000010DEd*sv*sd*bc03sc02i00*
alias:          pci:v000010DEd*sv*sd*bc03sc00i00*
depends:        drm
vermagic:       3.10.0-1160.71.1.el7.x86_64 SMP mod_unload modversions 
signer:         DKMS module signing key
sig_key:        9B:9E:55:A9:86:D9:50:0B:6D:2D:9F:BA:A7:E6:45:39:D4:DD:5F:C6
sig_hashalgo:   sha512
parm:           NvSwitchRegDwords:NvSwitch regkey (charp)
parm:           NvSwitchBlacklist:NvSwitchBlacklist=uuid[,uuid...] (charp)
parm:           NVreg_ResmanDebugLevel:int
parm:           NVreg_RmLogonRC:int
parm:           NVreg_ModifyDeviceFiles:int
parm:           NVreg_DeviceFileUID:int
parm:           NVreg_DeviceFileGID:int
parm:           NVreg_DeviceFileMode:int
parm:           NVreg_InitializeSystemMemoryAllocations:int
parm:           NVreg_UsePageAttributeTable:int
parm:           NVreg_EnablePCIeGen3:int
parm:           NVreg_EnableMSI:int
parm:           NVreg_TCEBypassMode:int
parm:           NVreg_EnableStreamMemOPs:int
parm:           NVreg_RestrictProfilingToAdminUsers:int
parm:           NVreg_PreserveVideoMemoryAllocations:int
parm:           NVreg_EnableS0ixPowerManagement:int
parm:           NVreg_S0ixPowerManagementVideoMemoryThreshold:int
parm:           NVreg_DynamicPowerManagement:int
parm:           NVreg_DynamicPowerManagementVideoMemoryThreshold:int
parm:           NVreg_EnableGpuFirmware:int
parm:           NVreg_EnableGpuFirmwareLogs:int
parm:           NVreg_OpenRmEnableUnsupportedGpus:int
parm:           NVreg_EnableUserNUMAManagement:int
parm:           NVreg_MemoryPoolSize:int
parm:           NVreg_KMallocHeapMaxSize:int
parm:           NVreg_VMallocHeapMaxSize:int
parm:           NVreg_IgnoreMMIOCheck:int
parm:           NVreg_NvLinkDisable:int
parm:           NVreg_EnablePCIERelaxedOrderingMode:int
parm:           NVreg_RegisterPCIDriver:int
parm:           NVreg_EnableDbgBreakpoint:int
parm:           NVreg_RegistryDwords:charp
parm:           NVreg_RegistryDwordsPerDevice:charp
parm:           NVreg_RmMsg:charp
parm:           NVreg_GpuBlacklist:charp
parm:           NVreg_TemporaryFilePath:charp
parm:           NVreg_ExcludedGpus:charp
parm:           NVreg_DmaRemapPeerMmio:int
parm:           rm_firmware_active:charp

nvidia-smi:
Mon Aug 29 15:34:16 2022       
+-----------------------------------------------------------------------------+
| NVIDIA-SMI 515.65.01    Driver Version: 515.65.01    CUDA Version: 11.7     |
|-------------------------------+----------------------+----------------------+
| GPU  Name        Persistence-M| Bus-Id        Disp.A | Volatile Uncorr. ECC |
| Fan  Temp  Perf  Pwr:Usage/Cap|         Memory-Usage | GPU-Util  Compute M. |
|                               |                      |               MIG M. |
|===============================+======================+======================|
|   0  NVIDIA A100-PCI...  On   | 00000000:3B:00.0 Off |                    0 |
| N/A   24C    P0    32W / 250W |      0MiB / 40960MiB |      0%      Default |
|                               |                      |             Disabled |
+-------------------------------+----------------------+----------------------+
                                                                               
+-----------------------------------------------------------------------------+
| Processes:                                                                  |
|  GPU   GI   CI        PID   Type   Process name                  GPU Memory |
|        ID   ID                                                   Usage      |
|=============================================================================|
|  No running processes found                                                 |
+-----------------------------------------------------------------------------+

nvcc --version:
nvcc: NVIDIA (R) Cuda compiler driver
Copyright (c) 2005-2021 NVIDIA Corporation
Built on Sun_Mar_21_19:15:46_PDT_2021
Cuda compilation tools, release 11.3, V11.3.58
Build cuda_11.3.r11.3/compiler.29745058_0

 torch version: 1.10.2

 cuda version: 11.3

 is cuda available: True

 CUDNN VERSION: 8200

 Number CUDA Devices: 1

 CUDA Device Name: NVIDIA A100-PCIE-40GB

 CUDA Device Total Memory [GB]: 42.358472704

 Device capability: (8, 0) 

 Cuda deviice: <torch.cuda.device object at 0x2ad14c60e8e0> 

 Is cuda initialized: True

 CUDA_HOME: /hpcfs/bes/mlgpu/hoseinkk/Miniconda3/envs/dgl1

real	0m5.396s
user	0m2.732s
sys	0m1.266s
/hpcfs/bes/mlgpu/hoseinkk/Miniconda3/envs/dgl1/lib/python3.9/site-packages/cupy/_environment.py:438: UserWarning: 
--------------------------------------------------------------------------------

  CuPy may not function correctly because multiple CuPy packages are installed
  in your environment:

    cupy, cupy-cuda110

  Follow these steps to resolve this issue:

    1. For all packages listed above, run the following command to remove all
       existing CuPy installations:

         $ pip uninstall <package_name>

      If you previously installed CuPy via conda, also run the following:

         $ conda uninstall cupy

    2. Install the appropriate CuPy package.
       Refer to the Installation Guide for detailed instructions.

         https://docs.cupy.dev/en/stable/install.html

--------------------------------------------------------------------------------

  warnings.warn(f'''
/hpcfs/bes/mlgpu/hoseinkk/Miniconda3/envs/dgl1/lib/python3.9/site-packages/torch/nn/functional.py:1806: UserWarning: nn.functional.sigmoid is deprecated. Use torch.sigmoid instead.
  warnings.warn("nn.functional.sigmoid is deprecated. Use torch.sigmoid instead.")




 Training ... 






 The Network ... 







 Loading data ... 



training set shape (20000, 43, 288) 
sum 5279207

target set shape (20000, 6796) 
sum 4575851
Net(
  (conv1): Conv2d(1, 256, kernel_size=(3, 3), stride=(1, 1))
  (conv2): Conv2d(256, 128, kernel_size=(3, 3), stride=(1, 1))
  (conv3): Conv2d(128, 64, kernel_size=(3, 3), stride=(1, 1))
  (fc1): Linear(in_features=667776, out_features=256, bias=True)
  (fc2): Linear(in_features=256, out_features=128, bias=True)
  (fc3): Linear(in_features=128, out_features=64, bias=True)
  (fc4): Linear(in_features=64, out_features=6796, bias=True)
)

number of the free parameters: 171805196
parameters of the network conv1.weight 
 torch.Size([256, 1, 3, 3]) 
 True 
 tensor([[[[ 0.0221,  0.0857, -0.3262],
          [ 0.1613,  0.3105, -0.3054],
          [ 0.2263,  0.2218,  0.1809]]],


        [[[-0.0337,  0.0532,  0.2646],
          [ 0.1164,  0.2624,  0.0872],
          [-0.1261, -0.0441, -0.0803]]],


        [[[-0.0273,  0.2587, -0.2024],
          [ 0.2987,  0.2341,  0.1218],
          [-0.1445,  0.0170, -0.0921]]],


        ...,


        [[[ 0.1407,  0.0652,  0.1871],
          [-0.2561, -0.1473,  0.3061],
          [ 0.0971,  0.3002, -0.1354]]],


        [[[ 0.1800,  0.1707,  0.1079],
          [ 0.3310,  0.1654,  0.2917],
          [ 0.3007, -0.1198,  0.1299]]],


        [[[-0.0175, -0.2862,  0.1946],
          [-0.2933, -0.3266, -0.2856],
          [ 0.0613,  0.2024, -0.2148]]]], device='cuda:0') 
 Parameter containing:
tensor([[[[ 0.0221,  0.0857, -0.3262],
          [ 0.1613,  0.3105, -0.3054],
          [ 0.2263,  0.2218,  0.1809]]],


        [[[-0.0337,  0.0532,  0.2646],
          [ 0.1164,  0.2624,  0.0872],
          [-0.1261, -0.0441, -0.0803]]],


        [[[-0.0273,  0.2587, -0.2024],
          [ 0.2987,  0.2341,  0.1218],
          [-0.1445,  0.0170, -0.0921]]],


        ...,


        [[[ 0.1407,  0.0652,  0.1871],
          [-0.2561, -0.1473,  0.3061],
          [ 0.0971,  0.3002, -0.1354]]],


        [[[ 0.1800,  0.1707,  0.1079],
          [ 0.3310,  0.1654,  0.2917],
          [ 0.3007, -0.1198,  0.1299]]],


        [[[-0.0175, -0.2862,  0.1946],
          [-0.2933, -0.3266, -0.2856],
          [ 0.0613,  0.2024, -0.2148]]]], device='cuda:0', requires_grad=True)
parameters of the network conv1.bias 
 torch.Size([256]) 
 True 
 tensor([-0.0336, -0.0493,  0.0112, -0.1159, -0.0283,  0.2821,  0.1643, -0.1149,
        -0.1198, -0.1988, -0.1281,  0.3173, -0.0782, -0.1816, -0.2118,  0.2974,
         0.3331,  0.0246, -0.3014, -0.0559,  0.1190, -0.2998, -0.1816, -0.0707,
         0.1730, -0.1871, -0.2661,  0.1854,  0.2157, -0.0949,  0.0013, -0.2786,
        -0.1900, -0.1936,  0.0102,  0.2192,  0.0894,  0.1673,  0.1539, -0.0443,
        -0.0481,  0.2904,  0.2679,  0.1246,  0.3181, -0.3105,  0.2275, -0.1054,
         0.2789, -0.2642, -0.2885,  0.2750, -0.2354,  0.2356,  0.2331,  0.0808,
         0.1820,  0.0162,  0.0520,  0.2194, -0.1647,  0.1407, -0.3321, -0.1539,
        -0.2973,  0.2343,  0.1987, -0.1623,  0.3020, -0.0109, -0.2642,  0.0910,
         0.2289, -0.1123,  0.0955, -0.2825,  0.1435, -0.0898,  0.2318,  0.0304,
        -0.1685,  0.1907,  0.0121, -0.2448, -0.1747,  0.2305,  0.1615,  0.1069,
        -0.2251,  0.1782,  0.1216, -0.2622,  0.0732,  0.0639, -0.1953, -0.2008,
         0.1419,  0.1832, -0.3066,  0.3310, -0.3005,  0.2373,  0.0096,  0.1872,
         0.1337, -0.0842,  0.2049, -0.0562, -0.2721, -0.0810, -0.2121, -0.1269,
         0.2147, -0.2858, -0.0164,  0.2341, -0.3140,  0.1947,  0.2485, -0.1416,
        -0.1962,  0.1801,  0.1434,  0.0814,  0.2455, -0.1285, -0.1921, -0.0064,
         0.2150, -0.2287, -0.1681, -0.0268,  0.0249,  0.0541, -0.3187,  0.2846,
        -0.1637, -0.0195,  0.2660,  0.3218, -0.0410,  0.2827,  0.1925,  0.3134,
         0.2817, -0.1392,  0.2519, -0.0506,  0.0453,  0.1396,  0.0220,  0.2817,
        -0.1309, -0.0314, -0.2325,  0.1180,  0.3282,  0.2931,  0.3311, -0.2984,
         0.0101,  0.0615, -0.0264,  0.2666,  0.1451, -0.2085, -0.0667,  0.1336,
        -0.0095,  0.0691,  0.0315, -0.1411,  0.2990,  0.0010,  0.0781, -0.1132,
         0.0308,  0.3173, -0.2564,  0.1955, -0.1154,  0.3265,  0.2802,  0.0220,
        -0.3293, -0.1104,  0.0212, -0.0427,  0.1036, -0.0340, -0.1978, -0.2999,
        -0.3160, -0.2199, -0.2133, -0.2122, -0.0839, -0.1352, -0.2611, -0.2998,
        -0.0233, -0.0719,  0.0755, -0.2273, -0.2860,  0.0196,  0.2894, -0.1124,
         0.1298, -0.1350,  0.1909,  0.2691, -0.1314, -0.2107, -0.0457,  0.0852,
        -0.0979, -0.0816,  0.3152,  0.1678,  0.1790,  0.0648, -0.0278,  0.0272,
         0.3200, -0.2347, -0.1094, -0.0467, -0.1960,  0.1930,  0.1077, -0.1291,
        -0.1926,  0.1511,  0.3119,  0.1877, -0.1061, -0.1126,  0.1350,  0.1534,
        -0.2561, -0.1663, -0.2914,  0.1437,  0.2507,  0.2498, -0.1309,  0.0004,
         0.0274,  0.2070,  0.2218,  0.1767, -0.1361,  0.3304,  0.0965, -0.1620],
       device='cuda:0') 
 Parameter containing:
tensor([-0.0336, -0.0493,  0.0112, -0.1159, -0.0283,  0.2821,  0.1643, -0.1149,
        -0.1198, -0.1988, -0.1281,  0.3173, -0.0782, -0.1816, -0.2118,  0.2974,
         0.3331,  0.0246, -0.3014, -0.0559,  0.1190, -0.2998, -0.1816, -0.0707,
         0.1730, -0.1871, -0.2661,  0.1854,  0.2157, -0.0949,  0.0013, -0.2786,
        -0.1900, -0.1936,  0.0102,  0.2192,  0.0894,  0.1673,  0.1539, -0.0443,
        -0.0481,  0.2904,  0.2679,  0.1246,  0.3181, -0.3105,  0.2275, -0.1054,
         0.2789, -0.2642, -0.2885,  0.2750, -0.2354,  0.2356,  0.2331,  0.0808,
         0.1820,  0.0162,  0.0520,  0.2194, -0.1647,  0.1407, -0.3321, -0.1539,
        -0.2973,  0.2343,  0.1987, -0.1623,  0.3020, -0.0109, -0.2642,  0.0910,
         0.2289, -0.1123,  0.0955, -0.2825,  0.1435, -0.0898,  0.2318,  0.0304,
        -0.1685,  0.1907,  0.0121, -0.2448, -0.1747,  0.2305,  0.1615,  0.1069,
        -0.2251,  0.1782,  0.1216, -0.2622,  0.0732,  0.0639, -0.1953, -0.2008,
         0.1419,  0.1832, -0.3066,  0.3310, -0.3005,  0.2373,  0.0096,  0.1872,
         0.1337, -0.0842,  0.2049, -0.0562, -0.2721, -0.0810, -0.2121, -0.1269,
         0.2147, -0.2858, -0.0164,  0.2341, -0.3140,  0.1947,  0.2485, -0.1416,
        -0.1962,  0.1801,  0.1434,  0.0814,  0.2455, -0.1285, -0.1921, -0.0064,
         0.2150, -0.2287, -0.1681, -0.0268,  0.0249,  0.0541, -0.3187,  0.2846,
        -0.1637, -0.0195,  0.2660,  0.3218, -0.0410,  0.2827,  0.1925,  0.3134,
         0.2817, -0.1392,  0.2519, -0.0506,  0.0453,  0.1396,  0.0220,  0.2817,
        -0.1309, -0.0314, -0.2325,  0.1180,  0.3282,  0.2931,  0.3311, -0.2984,
         0.0101,  0.0615, -0.0264,  0.2666,  0.1451, -0.2085, -0.0667,  0.1336,
        -0.0095,  0.0691,  0.0315, -0.1411,  0.2990,  0.0010,  0.0781, -0.1132,
         0.0308,  0.3173, -0.2564,  0.1955, -0.1154,  0.3265,  0.2802,  0.0220,
        -0.3293, -0.1104,  0.0212, -0.0427,  0.1036, -0.0340, -0.1978, -0.2999,
        -0.3160, -0.2199, -0.2133, -0.2122, -0.0839, -0.1352, -0.2611, -0.2998,
        -0.0233, -0.0719,  0.0755, -0.2273, -0.2860,  0.0196,  0.2894, -0.1124,
         0.1298, -0.1350,  0.1909,  0.2691, -0.1314, -0.2107, -0.0457,  0.0852,
        -0.0979, -0.0816,  0.3152,  0.1678,  0.1790,  0.0648, -0.0278,  0.0272,
         0.3200, -0.2347, -0.1094, -0.0467, -0.1960,  0.1930,  0.1077, -0.1291,
        -0.1926,  0.1511,  0.3119,  0.1877, -0.1061, -0.1126,  0.1350,  0.1534,
        -0.2561, -0.1663, -0.2914,  0.1437,  0.2507,  0.2498, -0.1309,  0.0004,
         0.0274,  0.2070,  0.2218,  0.1767, -0.1361,  0.3304,  0.0965, -0.1620],
       device='cuda:0', requires_grad=True)
parameters of the network conv2.weight 
 torch.Size([128, 256, 3, 3]) 
 True 
 tensor([[[[ 7.7296e-03, -1.1732e-02,  1.7798e-02],
          [-2.0374e-02, -1.5984e-02,  1.7273e-02],
          [ 1.2218e-02,  1.7248e-03,  6.7766e-03]],

         [[ 9.7957e-03,  4.5501e-03,  1.0329e-02],
          [ 1.8921e-02,  9.9157e-03,  5.7708e-03],
          [-1.9548e-02, -9.6446e-03, -7.1391e-05]],

         [[-1.0492e-02, -1.7833e-02,  7.0350e-03],
          [-1.6823e-03, -1.2733e-02,  8.9797e-03],
          [-1.5032e-02, -4.2991e-03, -1.4033e-02]],

         ...,

         [[-1.5997e-02, -6.6962e-03,  2.4871e-03],
          [ 6.0907e-03,  9.1038e-03,  4.6289e-03],
          [-2.4291e-03, -1.8792e-02, -1.6917e-02]],

         [[-2.0754e-03,  1.7570e-02,  4.1522e-03],
          [ 2.4093e-03, -1.7826e-02, -1.0517e-02],
          [ 2.0010e-02, -1.5905e-02, -1.1980e-02]],

         [[-1.3717e-02, -1.1934e-02, -1.9911e-02],
          [ 8.7662e-03, -1.9071e-02, -7.4143e-03],
          [-4.4240e-03,  1.9567e-04,  1.2361e-02]]],


        [[[-6.5719e-03,  1.0706e-02,  7.0557e-03],
          [ 1.4392e-02, -2.0379e-02, -2.0474e-02],
          [-1.7719e-02, -2.0403e-02, -9.7809e-03]],

         [[-1.2989e-02,  1.2906e-02,  9.4414e-03],
          [ 2.2312e-03,  1.9050e-02, -3.6347e-03],
          [ 8.5313e-03,  1.5026e-02, -9.3669e-03]],

         [[-1.7362e-02, -1.9656e-02, -1.2495e-02],
          [ 1.0368e-02,  9.6860e-03,  1.4289e-02],
          [-2.0007e-03,  2.4650e-03, -8.9130e-03]],

         ...,

         [[-1.0386e-02,  1.7259e-02,  1.3545e-02],
          [ 8.6563e-03, -1.2355e-02, -1.1926e-02],
          [-8.8120e-03,  9.8851e-03,  2.0346e-02]],

         [[-8.9805e-04,  1.2678e-02,  1.5028e-02],
          [ 1.6798e-03,  6.4901e-03, -2.4469e-03],
          [ 4.8616e-03,  3.2492e-03,  6.0858e-03]],

         [[ 1.3000e-03, -8.5210e-03, -1.0256e-02],
          [ 1.3639e-02, -9.9919e-03, -2.0721e-02],
          [-7.5581e-03, -5.0969e-03,  1.3360e-03]]],


        [[[ 1.2540e-02, -1.1219e-02,  4.9541e-04],
          [ 2.0374e-02,  1.2945e-02,  5.4657e-04],
          [-1.0803e-02, -1.2780e-02,  1.5096e-02]],

         [[ 1.9302e-02, -1.7783e-02,  1.0662e-02],
          [ 1.5104e-02,  1.0550e-02,  4.6479e-03],
          [-1.6104e-02,  1.8047e-02,  1.6486e-02]],

         [[ 1.3144e-02, -1.6307e-02, -7.6926e-03],
          [-1.8091e-02, -4.1589e-03,  9.3210e-03],
          [-5.3635e-03,  4.3496e-03, -3.1977e-03]],

         ...,

         [[-2.5657e-03,  1.4711e-03,  1.3448e-02],
          [ 9.2559e-03, -6.9206e-03, -1.8231e-02],
          [-5.8945e-03,  2.6103e-03,  2.0225e-02]],

         [[-1.5344e-02,  1.9726e-02, -1.5352e-03],
          [-7.7211e-04,  1.0819e-02, -9.0029e-03],
          [-1.2442e-02,  1.0710e-02,  2.0082e-02]],

         [[ 3.1613e-03,  1.0633e-02, -1.3569e-02],
          [ 6.7100e-03,  2.0651e-02, -2.1254e-03],
          [ 1.7424e-02, -1.7863e-02,  3.0436e-03]]],


        ...,


        [[[-1.1983e-02, -1.9640e-02, -1.5262e-02],
          [ 1.5986e-03, -1.7053e-02, -1.5244e-02],
          [ 1.0178e-02,  1.5524e-02,  9.2453e-03]],

         [[ 1.4353e-02,  1.1999e-02, -3.4804e-04],
          [-1.9563e-02,  1.0056e-02, -2.0568e-02],
          [-1.8351e-02,  1.7387e-02, -1.7116e-02]],

         [[ 3.2995e-04,  5.5307e-03, -1.1746e-02],
          [-1.3785e-02, -1.8291e-02, -6.6755e-05],
          [ 8.4005e-03,  1.8351e-02,  1.4861e-02]],

         ...,

         [[ 2.1691e-03,  1.4750e-02, -4.1048e-03],
          [ 1.5970e-02,  1.3291e-02,  6.0193e-03],
          [ 1.9890e-02,  6.0608e-03,  7.7361e-03]],

         [[-7.2786e-03, -2.8611e-03,  2.0673e-02],
          [-1.3699e-02, -1.0071e-02,  1.4383e-02],
          [ 6.6368e-03,  5.8277e-03,  1.0334e-02]],

         [[ 1.5343e-02,  3.4694e-03, -3.7559e-03],
          [ 8.6652e-03,  1.2254e-02,  1.2837e-02],
          [-1.5896e-03,  1.9878e-02, -1.8245e-02]]],


        [[[ 1.1852e-02,  7.0756e-03,  4.2740e-03],
          [-1.9489e-02, -1.2068e-02,  9.0377e-04],
          [-2.0566e-02,  1.0535e-02, -5.1969e-04]],

         [[-4.6677e-03,  1.3359e-03,  4.3802e-03],
          [-4.6690e-05,  1.3284e-02,  1.8308e-03],
          [ 7.9505e-03,  1.4660e-02, -1.8625e-02]],

         [[-5.2766e-03,  1.5280e-02,  1.4026e-03],
          [ 1.1554e-02,  1.2432e-02,  7.7161e-03],
          [ 8.6286e-03, -2.1843e-03,  7.2576e-04]],

         ...,

         [[-1.2941e-02, -6.7244e-03,  1.7422e-02],
          [ 1.0820e-02,  2.9022e-03, -2.0232e-02],
          [ 1.4138e-02,  1.5229e-02, -1.4026e-02]],

         [[-1.9305e-04, -4.3474e-03,  9.6061e-03],
          [ 1.3193e-02,  1.2814e-02, -1.9304e-02],
          [-1.1804e-02, -1.2060e-03, -5.1494e-03]],

         [[-6.6237e-03, -1.1169e-02,  1.4400e-03],
          [-9.5308e-04,  1.6656e-03, -6.4708e-03],
          [ 1.0159e-02, -1.8221e-02, -1.6100e-02]]],


        [[[-1.1627e-02,  1.7761e-02, -1.9775e-03],
          [-1.8547e-02,  6.1473e-03,  8.6944e-03],
          [ 2.1038e-03, -2.0476e-02, -1.9041e-02]],

         [[-9.1222e-03,  9.8365e-03,  1.3787e-02],
          [ 3.2875e-03, -1.9663e-02,  4.9778e-03],
          [ 6.6398e-03,  1.1163e-02,  1.1202e-02]],

         [[-3.7576e-03, -1.9913e-02, -1.9788e-03],
          [-1.3368e-02, -1.5663e-02,  1.7713e-02],
          [-5.6786e-04, -1.6276e-02, -6.0119e-03]],

         ...,

         [[-1.9916e-02,  9.2441e-03,  6.8263e-03],
          [-9.1611e-03, -1.0822e-02, -1.0641e-02],
          [ 7.6447e-03, -4.9186e-03, -1.8128e-03]],

         [[-1.2841e-02, -1.0982e-02, -1.7336e-02],
          [ 1.2011e-02,  2.0070e-02,  9.7134e-03],
          [-1.7157e-02,  7.9225e-03, -1.8480e-02]],

         [[-1.5783e-02, -4.6565e-03, -1.2849e-02],
          [-7.8383e-03,  8.4909e-03,  1.0732e-03],
          [-4.6855e-03,  1.9350e-02, -1.9184e-02]]]], device='cuda:0') 
 Parameter containing:
tensor([[[[ 7.7296e-03, -1.1732e-02,  1.7798e-02],
          [-2.0374e-02, -1.5984e-02,  1.7273e-02],
          [ 1.2218e-02,  1.7248e-03,  6.7766e-03]],

         [[ 9.7957e-03,  4.5501e-03,  1.0329e-02],
          [ 1.8921e-02,  9.9157e-03,  5.7708e-03],
          [-1.9548e-02, -9.6446e-03, -7.1391e-05]],

         [[-1.0492e-02, -1.7833e-02,  7.0350e-03],
          [-1.6823e-03, -1.2733e-02,  8.9797e-03],
          [-1.5032e-02, -4.2991e-03, -1.4033e-02]],

         ...,

         [[-1.5997e-02, -6.6962e-03,  2.4871e-03],
          [ 6.0907e-03,  9.1038e-03,  4.6289e-03],
          [-2.4291e-03, -1.8792e-02, -1.6917e-02]],

         [[-2.0754e-03,  1.7570e-02,  4.1522e-03],
          [ 2.4093e-03, -1.7826e-02, -1.0517e-02],
          [ 2.0010e-02, -1.5905e-02, -1.1980e-02]],

         [[-1.3717e-02, -1.1934e-02, -1.9911e-02],
          [ 8.7662e-03, -1.9071e-02, -7.4143e-03],
          [-4.4240e-03,  1.9567e-04,  1.2361e-02]]],


        [[[-6.5719e-03,  1.0706e-02,  7.0557e-03],
          [ 1.4392e-02, -2.0379e-02, -2.0474e-02],
          [-1.7719e-02, -2.0403e-02, -9.7809e-03]],

         [[-1.2989e-02,  1.2906e-02,  9.4414e-03],
          [ 2.2312e-03,  1.9050e-02, -3.6347e-03],
          [ 8.5313e-03,  1.5026e-02, -9.3669e-03]],

         [[-1.7362e-02, -1.9656e-02, -1.2495e-02],
          [ 1.0368e-02,  9.6860e-03,  1.4289e-02],
          [-2.0007e-03,  2.4650e-03, -8.9130e-03]],

         ...,

         [[-1.0386e-02,  1.7259e-02,  1.3545e-02],
          [ 8.6563e-03, -1.2355e-02, -1.1926e-02],
          [-8.8120e-03,  9.8851e-03,  2.0346e-02]],

         [[-8.9805e-04,  1.2678e-02,  1.5028e-02],
          [ 1.6798e-03,  6.4901e-03, -2.4469e-03],
          [ 4.8616e-03,  3.2492e-03,  6.0858e-03]],

         [[ 1.3000e-03, -8.5210e-03, -1.0256e-02],
          [ 1.3639e-02, -9.9919e-03, -2.0721e-02],
          [-7.5581e-03, -5.0969e-03,  1.3360e-03]]],


        [[[ 1.2540e-02, -1.1219e-02,  4.9541e-04],
          [ 2.0374e-02,  1.2945e-02,  5.4657e-04],
          [-1.0803e-02, -1.2780e-02,  1.5096e-02]],

         [[ 1.9302e-02, -1.7783e-02,  1.0662e-02],
          [ 1.5104e-02,  1.0550e-02,  4.6479e-03],
          [-1.6104e-02,  1.8047e-02,  1.6486e-02]],

         [[ 1.3144e-02, -1.6307e-02, -7.6926e-03],
          [-1.8091e-02, -4.1589e-03,  9.3210e-03],
          [-5.3635e-03,  4.3496e-03, -3.1977e-03]],

         ...,

         [[-2.5657e-03,  1.4711e-03,  1.3448e-02],
          [ 9.2559e-03, -6.9206e-03, -1.8231e-02],
          [-5.8945e-03,  2.6103e-03,  2.0225e-02]],

         [[-1.5344e-02,  1.9726e-02, -1.5352e-03],
          [-7.7211e-04,  1.0819e-02, -9.0029e-03],
          [-1.2442e-02,  1.0710e-02,  2.0082e-02]],

         [[ 3.1613e-03,  1.0633e-02, -1.3569e-02],
          [ 6.7100e-03,  2.0651e-02, -2.1254e-03],
          [ 1.7424e-02, -1.7863e-02,  3.0436e-03]]],


        ...,


        [[[-1.1983e-02, -1.9640e-02, -1.5262e-02],
          [ 1.5986e-03, -1.7053e-02, -1.5244e-02],
          [ 1.0178e-02,  1.5524e-02,  9.2453e-03]],

         [[ 1.4353e-02,  1.1999e-02, -3.4804e-04],
          [-1.9563e-02,  1.0056e-02, -2.0568e-02],
          [-1.8351e-02,  1.7387e-02, -1.7116e-02]],

         [[ 3.2995e-04,  5.5307e-03, -1.1746e-02],
          [-1.3785e-02, -1.8291e-02, -6.6755e-05],
          [ 8.4005e-03,  1.8351e-02,  1.4861e-02]],

         ...,

         [[ 2.1691e-03,  1.4750e-02, -4.1048e-03],
          [ 1.5970e-02,  1.3291e-02,  6.0193e-03],
          [ 1.9890e-02,  6.0608e-03,  7.7361e-03]],

         [[-7.2786e-03, -2.8611e-03,  2.0673e-02],
          [-1.3699e-02, -1.0071e-02,  1.4383e-02],
          [ 6.6368e-03,  5.8277e-03,  1.0334e-02]],

         [[ 1.5343e-02,  3.4694e-03, -3.7559e-03],
          [ 8.6652e-03,  1.2254e-02,  1.2837e-02],
          [-1.5896e-03,  1.9878e-02, -1.8245e-02]]],


        [[[ 1.1852e-02,  7.0756e-03,  4.2740e-03],
          [-1.9489e-02, -1.2068e-02,  9.0377e-04],
          [-2.0566e-02,  1.0535e-02, -5.1969e-04]],

         [[-4.6677e-03,  1.3359e-03,  4.3802e-03],
          [-4.6690e-05,  1.3284e-02,  1.8308e-03],
          [ 7.9505e-03,  1.4660e-02, -1.8625e-02]],

         [[-5.2766e-03,  1.5280e-02,  1.4026e-03],
          [ 1.1554e-02,  1.2432e-02,  7.7161e-03],
          [ 8.6286e-03, -2.1843e-03,  7.2576e-04]],

         ...,

         [[-1.2941e-02, -6.7244e-03,  1.7422e-02],
          [ 1.0820e-02,  2.9022e-03, -2.0232e-02],
          [ 1.4138e-02,  1.5229e-02, -1.4026e-02]],

         [[-1.9305e-04, -4.3474e-03,  9.6061e-03],
          [ 1.3193e-02,  1.2814e-02, -1.9304e-02],
          [-1.1804e-02, -1.2060e-03, -5.1494e-03]],

         [[-6.6237e-03, -1.1169e-02,  1.4400e-03],
          [-9.5308e-04,  1.6656e-03, -6.4708e-03],
          [ 1.0159e-02, -1.8221e-02, -1.6100e-02]]],


        [[[-1.1627e-02,  1.7761e-02, -1.9775e-03],
          [-1.8547e-02,  6.1473e-03,  8.6944e-03],
          [ 2.1038e-03, -2.0476e-02, -1.9041e-02]],

         [[-9.1222e-03,  9.8365e-03,  1.3787e-02],
          [ 3.2875e-03, -1.9663e-02,  4.9778e-03],
          [ 6.6398e-03,  1.1163e-02,  1.1202e-02]],

         [[-3.7576e-03, -1.9913e-02, -1.9788e-03],
          [-1.3368e-02, -1.5663e-02,  1.7713e-02],
          [-5.6786e-04, -1.6276e-02, -6.0119e-03]],

         ...,

         [[-1.9916e-02,  9.2441e-03,  6.8263e-03],
          [-9.1611e-03, -1.0822e-02, -1.0641e-02],
          [ 7.6447e-03, -4.9186e-03, -1.8128e-03]],

         [[-1.2841e-02, -1.0982e-02, -1.7336e-02],
          [ 1.2011e-02,  2.0070e-02,  9.7134e-03],
          [-1.7157e-02,  7.9225e-03, -1.8480e-02]],

         [[-1.5783e-02, -4.6565e-03, -1.2849e-02],
          [-7.8383e-03,  8.4909e-03,  1.0732e-03],
          [-4.6855e-03,  1.9350e-02, -1.9184e-02]]]], device='cuda:0',
       requires_grad=True)
parameters of the network conv2.bias 
 torch.Size([128]) 
 True 
 tensor([-4.9888e-03, -1.5952e-02, -1.0360e-02,  6.6887e-03, -1.8459e-02,
         2.5504e-03,  1.9242e-02, -1.2446e-02, -2.0926e-03,  2.0326e-02,
        -6.4222e-03, -7.4962e-03, -2.9471e-03,  2.8279e-03, -7.0213e-03,
        -6.2535e-03,  7.0144e-03, -4.4759e-03,  5.0528e-03, -1.3374e-03,
         2.3800e-03,  1.7842e-02,  1.1646e-02, -1.2813e-02, -3.3804e-03,
        -1.9632e-02, -5.7608e-04, -1.9806e-02, -8.4475e-04, -2.0251e-02,
        -1.0166e-02,  1.4993e-02,  1.5841e-02, -1.7544e-02, -9.2849e-03,
         1.0176e-02,  3.9756e-03, -3.5226e-03,  1.6151e-02,  1.3213e-02,
        -1.4165e-02, -1.5529e-02, -6.8426e-03, -1.7354e-02,  1.0109e-02,
        -1.0833e-02,  1.1466e-02,  1.5910e-02, -9.4778e-03,  1.3628e-02,
         1.6185e-02, -6.8572e-03,  1.7753e-02,  2.0599e-02, -5.9421e-04,
         6.6660e-03,  6.8818e-03,  1.7584e-02,  1.1504e-02,  9.4548e-03,
        -1.3591e-02, -6.8138e-03,  1.1161e-02, -1.5708e-02, -2.4604e-03,
        -2.6039e-03, -9.3941e-03,  5.3101e-03, -1.2286e-02,  1.2660e-03,
        -1.7328e-03, -1.5738e-02,  5.6113e-05, -1.6460e-02,  1.6017e-02,
        -1.1872e-02,  1.9708e-02,  2.0513e-02, -7.0013e-04,  8.3724e-03,
         1.3785e-02,  8.0721e-03, -7.3705e-03,  1.2943e-02,  1.5249e-02,
        -1.1491e-02,  1.0993e-02, -9.5115e-03,  3.8803e-03,  1.3105e-02,
         2.9958e-03, -1.2903e-02, -1.1298e-02,  9.3301e-03,  3.6812e-03,
        -1.3084e-02,  9.7312e-03,  1.3309e-02, -2.0248e-02,  1.1247e-02,
         6.8976e-03, -1.6148e-02,  4.8751e-03, -1.9046e-02, -7.6614e-03,
         1.3199e-02,  1.4995e-02,  5.3522e-03,  1.3716e-02,  2.4874e-03,
        -1.1062e-02, -8.2108e-03,  1.3580e-02, -1.3798e-02, -7.7527e-04,
         7.1126e-03, -7.7235e-03,  1.7982e-02, -1.1883e-02,  1.2336e-02,
         3.0279e-03, -1.8497e-02, -5.4306e-04, -1.7291e-02, -1.3118e-02,
         6.1174e-03,  4.4039e-03, -8.6404e-03], device='cuda:0') 
 Parameter containing:
tensor([-4.9888e-03, -1.5952e-02, -1.0360e-02,  6.6887e-03, -1.8459e-02,
         2.5504e-03,  1.9242e-02, -1.2446e-02, -2.0926e-03,  2.0326e-02,
        -6.4222e-03, -7.4962e-03, -2.9471e-03,  2.8279e-03, -7.0213e-03,
        -6.2535e-03,  7.0144e-03, -4.4759e-03,  5.0528e-03, -1.3374e-03,
         2.3800e-03,  1.7842e-02,  1.1646e-02, -1.2813e-02, -3.3804e-03,
        -1.9632e-02, -5.7608e-04, -1.9806e-02, -8.4475e-04, -2.0251e-02,
        -1.0166e-02,  1.4993e-02,  1.5841e-02, -1.7544e-02, -9.2849e-03,
         1.0176e-02,  3.9756e-03, -3.5226e-03,  1.6151e-02,  1.3213e-02,
        -1.4165e-02, -1.5529e-02, -6.8426e-03, -1.7354e-02,  1.0109e-02,
        -1.0833e-02,  1.1466e-02,  1.5910e-02, -9.4778e-03,  1.3628e-02,
         1.6185e-02, -6.8572e-03,  1.7753e-02,  2.0599e-02, -5.9421e-04,
         6.6660e-03,  6.8818e-03,  1.7584e-02,  1.1504e-02,  9.4548e-03,
        -1.3591e-02, -6.8138e-03,  1.1161e-02, -1.5708e-02, -2.4604e-03,
        -2.6039e-03, -9.3941e-03,  5.3101e-03, -1.2286e-02,  1.2660e-03,
        -1.7328e-03, -1.5738e-02,  5.6113e-05, -1.6460e-02,  1.6017e-02,
        -1.1872e-02,  1.9708e-02,  2.0513e-02, -7.0013e-04,  8.3724e-03,
         1.3785e-02,  8.0721e-03, -7.3705e-03,  1.2943e-02,  1.5249e-02,
        -1.1491e-02,  1.0993e-02, -9.5115e-03,  3.8803e-03,  1.3105e-02,
         2.9958e-03, -1.2903e-02, -1.1298e-02,  9.3301e-03,  3.6812e-03,
        -1.3084e-02,  9.7312e-03,  1.3309e-02, -2.0248e-02,  1.1247e-02,
         6.8976e-03, -1.6148e-02,  4.8751e-03, -1.9046e-02, -7.6614e-03,
         1.3199e-02,  1.4995e-02,  5.3522e-03,  1.3716e-02,  2.4874e-03,
        -1.1062e-02, -8.2108e-03,  1.3580e-02, -1.3798e-02, -7.7527e-04,
         7.1126e-03, -7.7235e-03,  1.7982e-02, -1.1883e-02,  1.2336e-02,
         3.0279e-03, -1.8497e-02, -5.4306e-04, -1.7291e-02, -1.3118e-02,
         6.1174e-03,  4.4039e-03, -8.6404e-03], device='cuda:0',
       requires_grad=True)
parameters of the network conv3.weight 
 torch.Size([64, 128, 3, 3]) 
 True 
 tensor([[[[-1.4387e-02,  1.2889e-02,  5.5590e-03],
          [-3.8545e-03,  1.1336e-02, -1.5040e-02],
          [-1.3739e-03,  1.4000e-02, -2.8445e-02]],

         [[-1.9837e-02, -1.9113e-02,  2.2300e-02],
          [ 2.6146e-02, -2.1695e-02,  7.8157e-03],
          [-1.3641e-02, -2.2673e-03, -1.7219e-02]],

         [[ 1.2084e-02, -8.5969e-03,  2.8276e-02],
          [ 1.9609e-02, -1.3226e-02,  1.8973e-02],
          [ 2.9407e-02, -5.4904e-03,  2.7251e-02]],

         ...,

         [[ 2.7868e-02, -2.5539e-02,  1.2319e-02],
          [-6.2738e-03, -1.4280e-02, -2.9225e-02],
          [ 1.2952e-02, -9.9531e-03, -2.6818e-02]],

         [[ 2.6290e-02, -7.6387e-03,  2.8875e-02],
          [ 2.3474e-02,  2.2706e-02,  1.5154e-02],
          [ 4.0005e-03,  1.8563e-02,  2.8660e-02]],

         [[ 7.5252e-03,  1.6682e-02,  2.8642e-03],
          [-2.2036e-02, -5.1578e-03,  2.3090e-02],
          [ 1.9903e-02,  1.0760e-02,  9.6228e-03]]],


        [[[ 5.4883e-03,  2.4444e-02, -2.7148e-03],
          [-1.5766e-02, -6.6213e-03, -1.6660e-02],
          [-8.3196e-03,  1.4140e-02,  2.2244e-02]],

         [[-8.7848e-03, -9.9699e-03, -2.1968e-02],
          [-1.6151e-02,  1.2609e-02,  9.8444e-03],
          [-1.1960e-02,  2.6111e-03,  2.4042e-02]],

         [[-1.7818e-02,  9.4166e-03, -3.9165e-03],
          [ 1.7562e-02, -1.8311e-02, -7.8398e-03],
          [ 1.0141e-02, -1.1377e-02, -8.2561e-03]],

         ...,

         [[-2.2755e-03,  2.2476e-02,  1.6282e-02],
          [-5.7395e-03, -1.8743e-02,  1.4889e-02],
          [ 1.4270e-02, -2.0592e-02,  1.5981e-02]],

         [[ 9.8300e-03, -1.1642e-02, -2.8939e-02],
          [ 5.5023e-03,  1.0840e-02, -8.5774e-03],
          [ 1.4379e-02, -1.5627e-02, -2.9189e-02]],

         [[ 8.8793e-03, -2.3296e-02, -2.5789e-02],
          [-2.7385e-02, -7.5005e-03,  7.9269e-03],
          [-2.4161e-02,  8.4056e-03,  2.5065e-02]]],


        [[[-2.0640e-02, -2.9025e-02,  2.4918e-03],
          [ 1.8748e-02,  1.2754e-02, -1.1272e-02],
          [ 9.2572e-03, -1.6639e-02, -9.3226e-03]],

         [[-1.7074e-02,  6.5812e-03, -5.4653e-03],
          [ 8.4883e-03,  2.2595e-02,  3.1250e-03],
          [ 1.9509e-02,  3.6099e-03, -2.7597e-02]],

         [[-2.3142e-02,  2.2430e-02,  2.4742e-02],
          [ 2.6188e-03,  1.1426e-02, -1.3779e-02],
          [-1.6165e-02, -1.7244e-02, -2.3374e-02]],

         ...,

         [[-2.5350e-02, -1.4921e-02,  6.1133e-03],
          [-1.4513e-02,  1.4354e-02,  1.5422e-02],
          [-3.7771e-03, -7.1442e-03,  2.9039e-02]],

         [[-1.6309e-02, -1.9705e-02,  2.1459e-02],
          [ 1.1169e-02,  1.4250e-02, -2.1785e-03],
          [-1.5268e-02,  1.1603e-02,  2.6223e-02]],

         [[ 2.0571e-02,  1.5819e-02,  4.6672e-03],
          [ 1.6167e-02,  1.1362e-02, -2.1070e-02],
          [-9.0004e-03, -2.5740e-02, -2.0121e-02]]],


        ...,


        [[[-8.0528e-03, -9.0100e-03, -3.7337e-03],
          [ 2.5736e-02,  2.9172e-02, -1.9682e-02],
          [-1.2412e-02,  5.0135e-03,  2.0127e-02]],

         [[ 2.0607e-02, -6.9838e-03, -1.1981e-02],
          [-2.6396e-03, -2.4881e-02, -1.9465e-02],
          [-7.6443e-03,  1.6621e-02,  1.9194e-03]],

         [[-9.0610e-03,  1.4720e-02,  1.9091e-03],
          [ 5.9428e-03,  2.3709e-02,  1.5265e-02],
          [ 1.1585e-02,  1.9722e-02,  1.6109e-02]],

         ...,

         [[-2.8543e-02, -1.2618e-02,  2.1111e-02],
          [ 2.2590e-02,  2.7925e-02,  7.8167e-03],
          [-7.6912e-03,  2.3482e-02, -2.9103e-02]],

         [[-2.8168e-04, -2.3654e-02, -1.9918e-02],
          [ 2.1364e-02, -1.7213e-02, -1.1876e-02],
          [ 4.2694e-03,  2.0047e-03,  9.1217e-03]],

         [[-1.9056e-02,  1.2505e-02,  2.5892e-02],
          [ 1.4065e-02, -1.5394e-02,  7.1521e-03],
          [ 6.1710e-03,  2.5794e-02, -2.7046e-02]]],


        [[[ 8.0538e-03, -7.5811e-03, -1.3526e-02],
          [-1.7554e-02,  2.0841e-02,  2.0925e-02],
          [-9.3266e-03,  3.2744e-03, -2.0295e-02]],

         [[ 2.4616e-02,  2.2438e-02,  1.1089e-03],
          [-8.4669e-03,  8.8754e-03,  2.8331e-02],
          [ 8.9632e-03, -2.8768e-02,  2.4649e-02]],

         [[ 1.7273e-02,  2.6817e-02, -2.5990e-02],
          [ 1.8535e-02,  1.9249e-02,  2.9383e-02],
          [-2.8844e-02,  6.3078e-03, -6.7315e-04]],

         ...,

         [[-1.8195e-02, -1.5034e-02, -2.1853e-02],
          [-4.9760e-03,  5.0309e-03,  2.7595e-02],
          [-1.0362e-02, -2.8891e-02,  1.3285e-02]],

         [[-1.2802e-03,  2.6960e-02,  1.2750e-02],
          [ 2.1960e-02,  2.7989e-02,  2.0413e-02],
          [-1.8578e-02,  1.0030e-02,  3.4410e-03]],

         [[-9.7440e-03, -2.4064e-02,  4.6663e-03],
          [ 5.9474e-03, -2.9427e-02,  2.3114e-05],
          [-2.1187e-02, -7.7811e-03,  1.6373e-02]]],


        [[[-2.0390e-02, -1.2752e-02, -1.5248e-02],
          [ 1.9127e-02, -1.1862e-02,  2.6539e-03],
          [-2.4645e-02, -1.1250e-02, -4.7239e-03]],

         [[-2.5485e-02, -2.7451e-02, -1.5833e-03],
          [-1.3398e-02,  2.9271e-02,  1.9521e-03],
          [ 6.6686e-03, -9.9328e-03,  1.0320e-02]],

         [[-3.1898e-03,  2.4327e-02, -1.8247e-03],
          [-1.6294e-02, -2.4568e-02,  2.5825e-03],
          [-1.5385e-02, -1.1742e-02, -3.7806e-03]],

         ...,

         [[-1.6417e-02, -1.1475e-02,  2.0500e-02],
          [ 1.1783e-02, -1.7111e-02, -1.7206e-02],
          [ 1.2814e-02, -2.1503e-02,  8.6302e-03]],

         [[ 2.8785e-03,  1.9308e-02,  1.8559e-02],
          [-1.6766e-02,  1.2806e-02, -4.5305e-03],
          [-2.7856e-03, -5.1885e-03, -2.5207e-02]],

         [[-2.4326e-02,  1.9056e-02, -4.5557e-03],
          [-2.1017e-02,  6.6370e-03,  2.6872e-02],
          [-2.4543e-03,  1.9972e-03,  2.3807e-02]]]], device='cuda:0') 
 Parameter containing:
tensor([[[[-1.4387e-02,  1.2889e-02,  5.5590e-03],
          [-3.8545e-03,  1.1336e-02, -1.5040e-02],
          [-1.3739e-03,  1.4000e-02, -2.8445e-02]],

         [[-1.9837e-02, -1.9113e-02,  2.2300e-02],
          [ 2.6146e-02, -2.1695e-02,  7.8157e-03],
          [-1.3641e-02, -2.2673e-03, -1.7219e-02]],

         [[ 1.2084e-02, -8.5969e-03,  2.8276e-02],
          [ 1.9609e-02, -1.3226e-02,  1.8973e-02],
          [ 2.9407e-02, -5.4904e-03,  2.7251e-02]],

         ...,

         [[ 2.7868e-02, -2.5539e-02,  1.2319e-02],
          [-6.2738e-03, -1.4280e-02, -2.9225e-02],
          [ 1.2952e-02, -9.9531e-03, -2.6818e-02]],

         [[ 2.6290e-02, -7.6387e-03,  2.8875e-02],
          [ 2.3474e-02,  2.2706e-02,  1.5154e-02],
          [ 4.0005e-03,  1.8563e-02,  2.8660e-02]],

         [[ 7.5252e-03,  1.6682e-02,  2.8642e-03],
          [-2.2036e-02, -5.1578e-03,  2.3090e-02],
          [ 1.9903e-02,  1.0760e-02,  9.6228e-03]]],


        [[[ 5.4883e-03,  2.4444e-02, -2.7148e-03],
          [-1.5766e-02, -6.6213e-03, -1.6660e-02],
          [-8.3196e-03,  1.4140e-02,  2.2244e-02]],

         [[-8.7848e-03, -9.9699e-03, -2.1968e-02],
          [-1.6151e-02,  1.2609e-02,  9.8444e-03],
          [-1.1960e-02,  2.6111e-03,  2.4042e-02]],

         [[-1.7818e-02,  9.4166e-03, -3.9165e-03],
          [ 1.7562e-02, -1.8311e-02, -7.8398e-03],
          [ 1.0141e-02, -1.1377e-02, -8.2561e-03]],

         ...,

         [[-2.2755e-03,  2.2476e-02,  1.6282e-02],
          [-5.7395e-03, -1.8743e-02,  1.4889e-02],
          [ 1.4270e-02, -2.0592e-02,  1.5981e-02]],

         [[ 9.8300e-03, -1.1642e-02, -2.8939e-02],
          [ 5.5023e-03,  1.0840e-02, -8.5774e-03],
          [ 1.4379e-02, -1.5627e-02, -2.9189e-02]],

         [[ 8.8793e-03, -2.3296e-02, -2.5789e-02],
          [-2.7385e-02, -7.5005e-03,  7.9269e-03],
          [-2.4161e-02,  8.4056e-03,  2.5065e-02]]],


        [[[-2.0640e-02, -2.9025e-02,  2.4918e-03],
          [ 1.8748e-02,  1.2754e-02, -1.1272e-02],
          [ 9.2572e-03, -1.6639e-02, -9.3226e-03]],

         [[-1.7074e-02,  6.5812e-03, -5.4653e-03],
          [ 8.4883e-03,  2.2595e-02,  3.1250e-03],
          [ 1.9509e-02,  3.6099e-03, -2.7597e-02]],

         [[-2.3142e-02,  2.2430e-02,  2.4742e-02],
          [ 2.6188e-03,  1.1426e-02, -1.3779e-02],
          [-1.6165e-02, -1.7244e-02, -2.3374e-02]],

         ...,

         [[-2.5350e-02, -1.4921e-02,  6.1133e-03],
          [-1.4513e-02,  1.4354e-02,  1.5422e-02],
          [-3.7771e-03, -7.1442e-03,  2.9039e-02]],

         [[-1.6309e-02, -1.9705e-02,  2.1459e-02],
          [ 1.1169e-02,  1.4250e-02, -2.1785e-03],
          [-1.5268e-02,  1.1603e-02,  2.6223e-02]],

         [[ 2.0571e-02,  1.5819e-02,  4.6672e-03],
          [ 1.6167e-02,  1.1362e-02, -2.1070e-02],
          [-9.0004e-03, -2.5740e-02, -2.0121e-02]]],


        ...,


        [[[-8.0528e-03, -9.0100e-03, -3.7337e-03],
          [ 2.5736e-02,  2.9172e-02, -1.9682e-02],
          [-1.2412e-02,  5.0135e-03,  2.0127e-02]],

         [[ 2.0607e-02, -6.9838e-03, -1.1981e-02],
          [-2.6396e-03, -2.4881e-02, -1.9465e-02],
          [-7.6443e-03,  1.6621e-02,  1.9194e-03]],

         [[-9.0610e-03,  1.4720e-02,  1.9091e-03],
          [ 5.9428e-03,  2.3709e-02,  1.5265e-02],
          [ 1.1585e-02,  1.9722e-02,  1.6109e-02]],

         ...,

         [[-2.8543e-02, -1.2618e-02,  2.1111e-02],
          [ 2.2590e-02,  2.7925e-02,  7.8167e-03],
          [-7.6912e-03,  2.3482e-02, -2.9103e-02]],

         [[-2.8168e-04, -2.3654e-02, -1.9918e-02],
          [ 2.1364e-02, -1.7213e-02, -1.1876e-02],
          [ 4.2694e-03,  2.0047e-03,  9.1217e-03]],

         [[-1.9056e-02,  1.2505e-02,  2.5892e-02],
          [ 1.4065e-02, -1.5394e-02,  7.1521e-03],
          [ 6.1710e-03,  2.5794e-02, -2.7046e-02]]],


        [[[ 8.0538e-03, -7.5811e-03, -1.3526e-02],
          [-1.7554e-02,  2.0841e-02,  2.0925e-02],
          [-9.3266e-03,  3.2744e-03, -2.0295e-02]],

         [[ 2.4616e-02,  2.2438e-02,  1.1089e-03],
          [-8.4669e-03,  8.8754e-03,  2.8331e-02],
          [ 8.9632e-03, -2.8768e-02,  2.4649e-02]],

         [[ 1.7273e-02,  2.6817e-02, -2.5990e-02],
          [ 1.8535e-02,  1.9249e-02,  2.9383e-02],
          [-2.8844e-02,  6.3078e-03, -6.7315e-04]],

         ...,

         [[-1.8195e-02, -1.5034e-02, -2.1853e-02],
          [-4.9760e-03,  5.0309e-03,  2.7595e-02],
          [-1.0362e-02, -2.8891e-02,  1.3285e-02]],

         [[-1.2802e-03,  2.6960e-02,  1.2750e-02],
          [ 2.1960e-02,  2.7989e-02,  2.0413e-02],
          [-1.8578e-02,  1.0030e-02,  3.4410e-03]],

         [[-9.7440e-03, -2.4064e-02,  4.6663e-03],
          [ 5.9474e-03, -2.9427e-02,  2.3114e-05],
          [-2.1187e-02, -7.7811e-03,  1.6373e-02]]],


        [[[-2.0390e-02, -1.2752e-02, -1.5248e-02],
          [ 1.9127e-02, -1.1862e-02,  2.6539e-03],
          [-2.4645e-02, -1.1250e-02, -4.7239e-03]],

         [[-2.5485e-02, -2.7451e-02, -1.5833e-03],
          [-1.3398e-02,  2.9271e-02,  1.9521e-03],
          [ 6.6686e-03, -9.9328e-03,  1.0320e-02]],

         [[-3.1898e-03,  2.4327e-02, -1.8247e-03],
          [-1.6294e-02, -2.4568e-02,  2.5825e-03],
          [-1.5385e-02, -1.1742e-02, -3.7806e-03]],

         ...,

         [[-1.6417e-02, -1.1475e-02,  2.0500e-02],
          [ 1.1783e-02, -1.7111e-02, -1.7206e-02],
          [ 1.2814e-02, -2.1503e-02,  8.6302e-03]],

         [[ 2.8785e-03,  1.9308e-02,  1.8559e-02],
          [-1.6766e-02,  1.2806e-02, -4.5305e-03],
          [-2.7856e-03, -5.1885e-03, -2.5207e-02]],

         [[-2.4326e-02,  1.9056e-02, -4.5557e-03],
          [-2.1017e-02,  6.6370e-03,  2.6872e-02],
          [-2.4543e-03,  1.9972e-03,  2.3807e-02]]]], device='cuda:0',
       requires_grad=True)
parameters of the network conv3.bias 
 torch.Size([64]) 
 True 
 tensor([-0.0283,  0.0143, -0.0016, -0.0229,  0.0188,  0.0282,  0.0036, -0.0261,
        -0.0265,  0.0013, -0.0158, -0.0267, -0.0131,  0.0014, -0.0019,  0.0098,
        -0.0118,  0.0105,  0.0074, -0.0027,  0.0093, -0.0008, -0.0235,  0.0233,
        -0.0146,  0.0232,  0.0149,  0.0024,  0.0025, -0.0094,  0.0005,  0.0188,
         0.0123, -0.0126, -0.0266,  0.0051,  0.0030, -0.0007, -0.0095,  0.0291,
        -0.0085, -0.0041, -0.0114, -0.0103, -0.0111,  0.0196, -0.0248, -0.0291,
        -0.0109, -0.0032, -0.0145,  0.0078,  0.0184,  0.0064,  0.0088,  0.0244,
         0.0032, -0.0025, -0.0197, -0.0280,  0.0196, -0.0263,  0.0225,  0.0181],
       device='cuda:0') 
 Parameter containing:
tensor([-0.0283,  0.0143, -0.0016, -0.0229,  0.0188,  0.0282,  0.0036, -0.0261,
        -0.0265,  0.0013, -0.0158, -0.0267, -0.0131,  0.0014, -0.0019,  0.0098,
        -0.0118,  0.0105,  0.0074, -0.0027,  0.0093, -0.0008, -0.0235,  0.0233,
        -0.0146,  0.0232,  0.0149,  0.0024,  0.0025, -0.0094,  0.0005,  0.0188,
         0.0123, -0.0126, -0.0266,  0.0051,  0.0030, -0.0007, -0.0095,  0.0291,
        -0.0085, -0.0041, -0.0114, -0.0103, -0.0111,  0.0196, -0.0248, -0.0291,
        -0.0109, -0.0032, -0.0145,  0.0078,  0.0184,  0.0064,  0.0088,  0.0244,
         0.0032, -0.0025, -0.0197, -0.0280,  0.0196, -0.0263,  0.0225,  0.0181],
       device='cuda:0', requires_grad=True)
parameters of the network fc1.weight 
 torch.Size([256, 667776]) 
 True 
 tensor([[-1.2632e-04,  1.2062e-03, -7.7228e-04,  ..., -7.5598e-05,
         -7.8473e-04,  8.0941e-06],
        [ 6.8912e-04,  2.3223e-04, -1.0008e-03,  ..., -9.3390e-04,
          5.4171e-04,  8.3104e-04],
        [ 1.6757e-04,  3.1859e-04,  8.9559e-04,  ...,  1.1844e-03,
          1.1429e-03,  6.0054e-04],
        ...,
        [ 7.5366e-04, -1.1798e-03,  9.5791e-04,  ...,  5.7414e-04,
         -3.4379e-04,  1.0076e-03],
        [ 4.3634e-04,  4.7796e-05, -6.9556e-04,  ..., -6.8246e-04,
         -3.8603e-04, -1.1149e-03],
        [-1.4362e-04,  7.5002e-04, -6.4185e-04,  ...,  1.0805e-03,
          1.1429e-03, -2.7007e-04]], device='cuda:0') 
 Parameter containing:
tensor([[-1.2632e-04,  1.2062e-03, -7.7228e-04,  ..., -7.5598e-05,
         -7.8473e-04,  8.0941e-06],
        [ 6.8912e-04,  2.3223e-04, -1.0008e-03,  ..., -9.3390e-04,
          5.4171e-04,  8.3104e-04],
        [ 1.6757e-04,  3.1859e-04,  8.9559e-04,  ...,  1.1844e-03,
          1.1429e-03,  6.0054e-04],
        ...,
        [ 7.5366e-04, -1.1798e-03,  9.5791e-04,  ...,  5.7414e-04,
         -3.4379e-04,  1.0076e-03],
        [ 4.3634e-04,  4.7796e-05, -6.9556e-04,  ..., -6.8246e-04,
         -3.8603e-04, -1.1149e-03],
        [-1.4362e-04,  7.5002e-04, -6.4185e-04,  ...,  1.0805e-03,
          1.1429e-03, -2.7007e-04]], device='cuda:0', requires_grad=True)
parameters of the network fc1.bias 
 torch.Size([256]) 
 True 
 tensor([ 1.1092e-03, -4.0651e-05,  2.2686e-05, -4.7897e-04, -2.1231e-04,
         7.5374e-04,  4.0655e-04,  4.3886e-04, -6.5237e-04,  5.6178e-04,
        -5.3194e-04, -1.2013e-03,  9.5489e-04,  2.6786e-04, -5.0977e-04,
        -1.0415e-03,  6.6647e-04, -8.7410e-04,  3.6972e-04, -1.1928e-04,
         3.8115e-04,  1.1737e-03,  5.7497e-04,  6.5074e-04,  9.7368e-04,
         7.2777e-05, -6.7314e-04,  5.3644e-04, -1.1237e-03, -3.5304e-04,
         3.0265e-04,  7.3646e-04,  3.3336e-04, -5.4070e-04,  3.8187e-04,
         1.4229e-04, -8.2515e-04, -7.4420e-04, -1.1460e-03, -1.0133e-03,
         3.0919e-04, -1.0118e-03,  2.2467e-04, -3.1043e-04,  3.5778e-04,
        -1.0475e-03, -2.1482e-04,  9.0843e-04, -7.7946e-04, -3.0445e-04,
        -1.1648e-03, -9.8711e-04,  5.0903e-04, -1.1351e-03, -9.9947e-04,
        -4.7648e-04, -9.4246e-04,  7.9762e-04, -4.0532e-04, -9.9206e-04,
        -2.0390e-04,  8.9371e-05,  4.4568e-05,  1.0047e-03,  6.8254e-04,
         8.2378e-04, -7.1427e-04,  1.0465e-03,  8.0761e-04, -1.1616e-03,
         1.2751e-04, -5.6586e-04,  2.7447e-04,  1.6130e-04,  2.1879e-04,
        -7.8028e-04,  4.3831e-04, -1.6271e-04, -3.6117e-04,  6.7867e-04,
        -1.6729e-04, -1.1145e-03,  2.2160e-04,  2.9618e-04, -1.5912e-05,
        -4.8153e-04,  1.1906e-03, -3.8963e-04,  9.2134e-05, -6.5655e-04,
         1.1976e-03, -7.1319e-04,  1.1009e-03,  4.8079e-04,  9.9172e-05,
        -2.0576e-04, -5.6650e-04, -4.2051e-05,  4.4690e-04,  1.0942e-03,
        -2.3604e-04,  9.1231e-04,  6.2793e-04, -1.2820e-04,  4.4708e-04,
        -8.8937e-05, -2.5906e-04, -5.1573e-04,  3.1713e-04,  1.1587e-03,
        -7.4394e-04,  9.0911e-04,  1.1047e-03, -6.4404e-04, -7.4866e-04,
        -5.1179e-04,  5.2284e-04,  5.4648e-04,  7.3039e-06, -1.2474e-04,
        -1.1191e-03,  3.9566e-05,  6.1378e-04,  1.0071e-03, -6.3036e-04,
        -1.1994e-03, -8.5882e-04,  1.2132e-03, -3.9988e-04, -8.9091e-04,
         4.1391e-04, -1.9246e-04,  6.9602e-04,  5.8370e-04,  7.4590e-04,
         1.5634e-04,  7.2325e-04,  1.0059e-03,  1.0840e-03,  8.8173e-04,
        -5.1628e-04, -5.3562e-04, -9.3933e-04,  2.1406e-04, -9.1364e-04,
        -4.9103e-04, -6.9855e-04, -3.7873e-04, -1.1796e-03, -6.7782e-04,
         8.5270e-04, -1.0322e-03,  7.8731e-04,  5.1621e-04,  8.1084e-04,
         3.2845e-04,  1.5629e-04, -5.9734e-04, -9.9728e-04,  3.3835e-04,
         7.8908e-04, -2.2754e-04,  5.3322e-04,  9.5370e-04, -3.8889e-04,
        -7.1174e-04,  7.2757e-05, -7.0261e-04,  8.9953e-04,  8.5478e-04,
        -1.0659e-03, -1.1105e-03,  2.7094e-04,  5.0605e-04,  1.1612e-03,
        -6.2361e-04, -3.4599e-04, -8.4421e-04, -5.0414e-04,  9.8735e-04,
         5.5940e-04,  2.9887e-04, -7.1536e-05,  9.3798e-04,  8.7996e-04,
         9.4446e-04, -8.9896e-04,  7.0605e-04,  1.0306e-03, -1.5055e-04,
        -5.6271e-04, -1.1607e-03, -6.4716e-05, -6.4267e-04, -1.3758e-04,
        -8.7765e-04,  9.9243e-04,  9.4834e-04, -3.7254e-04, -1.1224e-04,
        -1.0326e-03,  1.5301e-04, -6.0596e-04,  1.0992e-03,  1.8239e-04,
        -7.4136e-05,  4.9148e-04, -1.1423e-03, -2.1604e-04, -8.2758e-04,
         6.5300e-04, -9.3748e-04,  1.5684e-04, -5.5568e-04,  9.6182e-04,
         1.8487e-04, -1.0809e-03,  6.8869e-04,  1.0659e-03,  1.7785e-04,
        -6.6072e-06, -1.1660e-03,  6.7211e-04, -1.1901e-03, -2.7867e-05,
         3.6395e-04, -5.7111e-04, -9.9493e-04, -1.1121e-03,  6.8245e-04,
        -8.3208e-04,  7.2198e-04, -3.6307e-05,  1.0362e-03, -7.7209e-04,
        -1.1700e-03,  6.2103e-04,  1.1901e-03, -8.8200e-04, -3.5501e-04,
         5.4255e-04, -7.1873e-05, -1.2062e-03,  8.6480e-04, -1.0774e-04,
         6.5549e-04,  4.3477e-04,  7.6533e-04,  3.2952e-04,  1.0771e-03,
        -6.4104e-04, -2.3841e-04,  4.9431e-04,  5.7206e-05,  3.3672e-04,
        -5.0119e-04], device='cuda:0') 
 Parameter containing:
tensor([ 1.1092e-03, -4.0651e-05,  2.2686e-05, -4.7897e-04, -2.1231e-04,
         7.5374e-04,  4.0655e-04,  4.3886e-04, -6.5237e-04,  5.6178e-04,
        -5.3194e-04, -1.2013e-03,  9.5489e-04,  2.6786e-04, -5.0977e-04,
        -1.0415e-03,  6.6647e-04, -8.7410e-04,  3.6972e-04, -1.1928e-04,
         3.8115e-04,  1.1737e-03,  5.7497e-04,  6.5074e-04,  9.7368e-04,
         7.2777e-05, -6.7314e-04,  5.3644e-04, -1.1237e-03, -3.5304e-04,
         3.0265e-04,  7.3646e-04,  3.3336e-04, -5.4070e-04,  3.8187e-04,
         1.4229e-04, -8.2515e-04, -7.4420e-04, -1.1460e-03, -1.0133e-03,
         3.0919e-04, -1.0118e-03,  2.2467e-04, -3.1043e-04,  3.5778e-04,
        -1.0475e-03, -2.1482e-04,  9.0843e-04, -7.7946e-04, -3.0445e-04,
        -1.1648e-03, -9.8711e-04,  5.0903e-04, -1.1351e-03, -9.9947e-04,
        -4.7648e-04, -9.4246e-04,  7.9762e-04, -4.0532e-04, -9.9206e-04,
        -2.0390e-04,  8.9371e-05,  4.4568e-05,  1.0047e-03,  6.8254e-04,
         8.2378e-04, -7.1427e-04,  1.0465e-03,  8.0761e-04, -1.1616e-03,
         1.2751e-04, -5.6586e-04,  2.7447e-04,  1.6130e-04,  2.1879e-04,
        -7.8028e-04,  4.3831e-04, -1.6271e-04, -3.6117e-04,  6.7867e-04,
        -1.6729e-04, -1.1145e-03,  2.2160e-04,  2.9618e-04, -1.5912e-05,
        -4.8153e-04,  1.1906e-03, -3.8963e-04,  9.2134e-05, -6.5655e-04,
         1.1976e-03, -7.1319e-04,  1.1009e-03,  4.8079e-04,  9.9172e-05,
        -2.0576e-04, -5.6650e-04, -4.2051e-05,  4.4690e-04,  1.0942e-03,
        -2.3604e-04,  9.1231e-04,  6.2793e-04, -1.2820e-04,  4.4708e-04,
        -8.8937e-05, -2.5906e-04, -5.1573e-04,  3.1713e-04,  1.1587e-03,
        -7.4394e-04,  9.0911e-04,  1.1047e-03, -6.4404e-04, -7.4866e-04,
        -5.1179e-04,  5.2284e-04,  5.4648e-04,  7.3039e-06, -1.2474e-04,
        -1.1191e-03,  3.9566e-05,  6.1378e-04,  1.0071e-03, -6.3036e-04,
        -1.1994e-03, -8.5882e-04,  1.2132e-03, -3.9988e-04, -8.9091e-04,
         4.1391e-04, -1.9246e-04,  6.9602e-04,  5.8370e-04,  7.4590e-04,
         1.5634e-04,  7.2325e-04,  1.0059e-03,  1.0840e-03,  8.8173e-04,
        -5.1628e-04, -5.3562e-04, -9.3933e-04,  2.1406e-04, -9.1364e-04,
        -4.9103e-04, -6.9855e-04, -3.7873e-04, -1.1796e-03, -6.7782e-04,
         8.5270e-04, -1.0322e-03,  7.8731e-04,  5.1621e-04,  8.1084e-04,
         3.2845e-04,  1.5629e-04, -5.9734e-04, -9.9728e-04,  3.3835e-04,
         7.8908e-04, -2.2754e-04,  5.3322e-04,  9.5370e-04, -3.8889e-04,
        -7.1174e-04,  7.2757e-05, -7.0261e-04,  8.9953e-04,  8.5478e-04,
        -1.0659e-03, -1.1105e-03,  2.7094e-04,  5.0605e-04,  1.1612e-03,
        -6.2361e-04, -3.4599e-04, -8.4421e-04, -5.0414e-04,  9.8735e-04,
         5.5940e-04,  2.9887e-04, -7.1536e-05,  9.3798e-04,  8.7996e-04,
         9.4446e-04, -8.9896e-04,  7.0605e-04,  1.0306e-03, -1.5055e-04,
        -5.6271e-04, -1.1607e-03, -6.4716e-05, -6.4267e-04, -1.3758e-04,
        -8.7765e-04,  9.9243e-04,  9.4834e-04, -3.7254e-04, -1.1224e-04,
        -1.0326e-03,  1.5301e-04, -6.0596e-04,  1.0992e-03,  1.8239e-04,
        -7.4136e-05,  4.9148e-04, -1.1423e-03, -2.1604e-04, -8.2758e-04,
         6.5300e-04, -9.3748e-04,  1.5684e-04, -5.5568e-04,  9.6182e-04,
         1.8487e-04, -1.0809e-03,  6.8869e-04,  1.0659e-03,  1.7785e-04,
        -6.6072e-06, -1.1660e-03,  6.7211e-04, -1.1901e-03, -2.7867e-05,
         3.6395e-04, -5.7111e-04, -9.9493e-04, -1.1121e-03,  6.8245e-04,
        -8.3208e-04,  7.2198e-04, -3.6307e-05,  1.0362e-03, -7.7209e-04,
        -1.1700e-03,  6.2103e-04,  1.1901e-03, -8.8200e-04, -3.5501e-04,
         5.4255e-04, -7.1873e-05, -1.2062e-03,  8.6480e-04, -1.0774e-04,
         6.5549e-04,  4.3477e-04,  7.6533e-04,  3.2952e-04,  1.0771e-03,
        -6.4104e-04, -2.3841e-04,  4.9431e-04,  5.7206e-05,  3.3672e-04,
        -5.0119e-04], device='cuda:0', requires_grad=True)
parameters of the network fc2.weight 
 torch.Size([128, 256]) 
 True 
 tensor([[-0.0261, -0.0602, -0.0240,  ...,  0.0395,  0.0113,  0.0263],
        [-0.0079,  0.0454,  0.0196,  ..., -0.0297,  0.0215, -0.0120],
        [-0.0247, -0.0334, -0.0131,  ...,  0.0194,  0.0203, -0.0100],
        ...,
        [-0.0093, -0.0171, -0.0172,  ...,  0.0365, -0.0289,  0.0227],
        [ 0.0025,  0.0610,  0.0156,  ...,  0.0044,  0.0440, -0.0135],
        [ 0.0576,  0.0422,  0.0528,  ...,  0.0065,  0.0427, -0.0611]],
       device='cuda:0') 
 Parameter containing:
tensor([[-0.0261, -0.0602, -0.0240,  ...,  0.0395,  0.0113,  0.0263],
        [-0.0079,  0.0454,  0.0196,  ..., -0.0297,  0.0215, -0.0120],
        [-0.0247, -0.0334, -0.0131,  ...,  0.0194,  0.0203, -0.0100],
        ...,
        [-0.0093, -0.0171, -0.0172,  ...,  0.0365, -0.0289,  0.0227],
        [ 0.0025,  0.0610,  0.0156,  ...,  0.0044,  0.0440, -0.0135],
        [ 0.0576,  0.0422,  0.0528,  ...,  0.0065,  0.0427, -0.0611]],
       device='cuda:0', requires_grad=True)
parameters of the network fc2.bias 
 torch.Size([128]) 
 True 
 tensor([-0.0160, -0.0337, -0.0502, -0.0232,  0.0373,  0.0142,  0.0227, -0.0614,
        -0.0018, -0.0584,  0.0540, -0.0570,  0.0074, -0.0092, -0.0034,  0.0222,
        -0.0162,  0.0379, -0.0546,  0.0317, -0.0423,  0.0020,  0.0224, -0.0416,
        -0.0366, -0.0147, -0.0132,  0.0069, -0.0027, -0.0389,  0.0609,  0.0034,
         0.0324,  0.0152, -0.0351,  0.0618, -0.0396, -0.0210, -0.0018,  0.0596,
         0.0075,  0.0178, -0.0305,  0.0615,  0.0209, -0.0235,  0.0517,  0.0195,
         0.0060, -0.0391,  0.0555,  0.0187,  0.0431, -0.0614,  0.0400,  0.0249,
        -0.0083, -0.0342, -0.0362, -0.0445, -0.0264,  0.0604,  0.0070, -0.0252,
        -0.0371,  0.0363, -0.0621,  0.0156, -0.0353,  0.0171, -0.0284, -0.0255,
        -0.0208, -0.0436,  0.0202, -0.0590, -0.0556, -0.0194,  0.0328,  0.0099,
        -0.0546, -0.0196, -0.0234, -0.0274,  0.0441,  0.0068, -0.0304,  0.0185,
         0.0202,  0.0513, -0.0193, -0.0104, -0.0476, -0.0562, -0.0183, -0.0332,
         0.0345,  0.0560,  0.0019, -0.0072,  0.0115, -0.0563,  0.0611, -0.0298,
        -0.0098, -0.0222, -0.0052, -0.0513,  0.0435, -0.0386, -0.0164,  0.0042,
         0.0599, -0.0078,  0.0571, -0.0358, -0.0456, -0.0501, -0.0560,  0.0537,
         0.0620, -0.0494, -0.0172,  0.0510,  0.0270,  0.0507,  0.0279, -0.0180],
       device='cuda:0') 
 Parameter containing:
tensor([-0.0160, -0.0337, -0.0502, -0.0232,  0.0373,  0.0142,  0.0227, -0.0614,
        -0.0018, -0.0584,  0.0540, -0.0570,  0.0074, -0.0092, -0.0034,  0.0222,
        -0.0162,  0.0379, -0.0546,  0.0317, -0.0423,  0.0020,  0.0224, -0.0416,
        -0.0366, -0.0147, -0.0132,  0.0069, -0.0027, -0.0389,  0.0609,  0.0034,
         0.0324,  0.0152, -0.0351,  0.0618, -0.0396, -0.0210, -0.0018,  0.0596,
         0.0075,  0.0178, -0.0305,  0.0615,  0.0209, -0.0235,  0.0517,  0.0195,
         0.0060, -0.0391,  0.0555,  0.0187,  0.0431, -0.0614,  0.0400,  0.0249,
        -0.0083, -0.0342, -0.0362, -0.0445, -0.0264,  0.0604,  0.0070, -0.0252,
        -0.0371,  0.0363, -0.0621,  0.0156, -0.0353,  0.0171, -0.0284, -0.0255,
        -0.0208, -0.0436,  0.0202, -0.0590, -0.0556, -0.0194,  0.0328,  0.0099,
        -0.0546, -0.0196, -0.0234, -0.0274,  0.0441,  0.0068, -0.0304,  0.0185,
         0.0202,  0.0513, -0.0193, -0.0104, -0.0476, -0.0562, -0.0183, -0.0332,
         0.0345,  0.0560,  0.0019, -0.0072,  0.0115, -0.0563,  0.0611, -0.0298,
        -0.0098, -0.0222, -0.0052, -0.0513,  0.0435, -0.0386, -0.0164,  0.0042,
         0.0599, -0.0078,  0.0571, -0.0358, -0.0456, -0.0501, -0.0560,  0.0537,
         0.0620, -0.0494, -0.0172,  0.0510,  0.0270,  0.0507,  0.0279, -0.0180],
       device='cuda:0', requires_grad=True)
parameters of the network fc3.weight 
 torch.Size([64, 128]) 
 True 
 tensor([[ 0.0695,  0.0110,  0.0640,  ..., -0.0147,  0.0828, -0.0600],
        [ 0.0695, -0.0336, -0.0528,  ...,  0.0456, -0.0006, -0.0549],
        [ 0.0368,  0.0099,  0.0125,  ..., -0.0194, -0.0013, -0.0753],
        ...,
        [-0.0734, -0.0633,  0.0546,  ..., -0.0586,  0.0634,  0.0024],
        [-0.0069,  0.0320, -0.0428,  ...,  0.0790, -0.0731,  0.0257],
        [ 0.0760,  0.0854, -0.0657,  ..., -0.0881, -0.0177,  0.0787]],
       device='cuda:0') 
 Parameter containing:
tensor([[ 0.0695,  0.0110,  0.0640,  ..., -0.0147,  0.0828, -0.0600],
        [ 0.0695, -0.0336, -0.0528,  ...,  0.0456, -0.0006, -0.0549],
        [ 0.0368,  0.0099,  0.0125,  ..., -0.0194, -0.0013, -0.0753],
        ...,
        [-0.0734, -0.0633,  0.0546,  ..., -0.0586,  0.0634,  0.0024],
        [-0.0069,  0.0320, -0.0428,  ...,  0.0790, -0.0731,  0.0257],
        [ 0.0760,  0.0854, -0.0657,  ..., -0.0881, -0.0177,  0.0787]],
       device='cuda:0', requires_grad=True)
parameters of the network fc3.bias 
 torch.Size([64]) 
 True 
 tensor([-0.0087, -0.0547,  0.0229, -0.0107, -0.0224,  0.0259,  0.0262,  0.0256,
         0.0331,  0.0187,  0.0706, -0.0271,  0.0096,  0.0456, -0.0699, -0.0818,
         0.0878,  0.0878,  0.0764, -0.0536, -0.0394,  0.0422, -0.0612, -0.0198,
        -0.0503, -0.0524, -0.0661, -0.0744,  0.0320,  0.0114,  0.0052, -0.0358,
        -0.0196, -0.0280, -0.0048, -0.0135,  0.0250,  0.0169,  0.0363, -0.0635,
         0.0132, -0.0398, -0.0857, -0.0595, -0.0467, -0.0335,  0.0210,  0.0608,
        -0.0110,  0.0093,  0.0738,  0.0088, -0.0342,  0.0458, -0.0665, -0.0763,
        -0.0336, -0.0637, -0.0077, -0.0173,  0.0696, -0.0706, -0.0273,  0.0245],
       device='cuda:0') 
 Parameter containing:
tensor([-0.0087, -0.0547,  0.0229, -0.0107, -0.0224,  0.0259,  0.0262,  0.0256,
         0.0331,  0.0187,  0.0706, -0.0271,  0.0096,  0.0456, -0.0699, -0.0818,
         0.0878,  0.0878,  0.0764, -0.0536, -0.0394,  0.0422, -0.0612, -0.0198,
        -0.0503, -0.0524, -0.0661, -0.0744,  0.0320,  0.0114,  0.0052, -0.0358,
        -0.0196, -0.0280, -0.0048, -0.0135,  0.0250,  0.0169,  0.0363, -0.0635,
         0.0132, -0.0398, -0.0857, -0.0595, -0.0467, -0.0335,  0.0210,  0.0608,
        -0.0110,  0.0093,  0.0738,  0.0088, -0.0342,  0.0458, -0.0665, -0.0763,
        -0.0336, -0.0637, -0.0077, -0.0173,  0.0696, -0.0706, -0.0273,  0.0245],
       device='cuda:0', requires_grad=True)
parameters of the network fc4.weight 
 torch.Size([6796, 64]) 
 True 
 tensor([[ 0.0372, -0.0850, -0.0519,  ..., -0.0970,  0.0428,  0.0666],
        [-0.0438,  0.1051, -0.0752,  ..., -0.1028, -0.0327,  0.1208],
        [-0.0279, -0.0199,  0.1187,  ...,  0.0497,  0.0825, -0.0958],
        ...,
        [-0.1223,  0.0473, -0.1017,  ..., -0.0809,  0.0713,  0.1210],
        [ 0.1161, -0.0072,  0.0771,  ...,  0.0251,  0.0411, -0.0401],
        [ 0.0825, -0.1237,  0.0809,  ..., -0.0290,  0.0614, -0.0829]],
       device='cuda:0') 
 Parameter containing:
tensor([[ 0.0372, -0.0850, -0.0519,  ..., -0.0970,  0.0428,  0.0666],
        [-0.0438,  0.1051, -0.0752,  ..., -0.1028, -0.0327,  0.1208],
        [-0.0279, -0.0199,  0.1187,  ...,  0.0497,  0.0825, -0.0958],
        ...,
        [-0.1223,  0.0473, -0.1017,  ..., -0.0809,  0.0713,  0.1210],
        [ 0.1161, -0.0072,  0.0771,  ...,  0.0251,  0.0411, -0.0401],
        [ 0.0825, -0.1237,  0.0809,  ..., -0.0290,  0.0614, -0.0829]],
       device='cuda:0', requires_grad=True)
parameters of the network fc4.bias 
 torch.Size([6796]) 
 True 
 tensor([-0.1166,  0.0246,  0.0286,  ...,  0.0442, -0.0638,  0.0958],
       device='cuda:0') 
 Parameter containing:
tensor([-0.1166,  0.0246,  0.0286,  ...,  0.0442, -0.0638,  0.0958],
       device='cuda:0', requires_grad=True)

Passing event 1007 from the network before training input tensor([[0., 0., 0.,  ..., 0., 0., 0.],
        [0., 0., 0.,  ..., 0., 0., 0.],
        [0., 0., 0.,  ..., 0., 0., 0.],
        ...,
        [0., 0., 0.,  ..., 0., 0., 0.],
        [0., 0., 0.,  ..., 0., 0., 0.],
        [0., 0., 0.,  ..., 0., 0., 0.]]) 
result1: tensor([[0.4732, 0.5069, 0.5077,  ..., 0.5123, 0.4782, 0.5253],
        [0.4732, 0.5068, 0.5078,  ..., 0.5121, 0.4782, 0.5253],
        [0.4733, 0.5068, 0.5077,  ..., 0.5122, 0.4782, 0.5253],
        ...,
        [0.4733, 0.5068, 0.5078,  ..., 0.5121, 0.4781, 0.5253],
        [0.4733, 0.5068, 0.5077,  ..., 0.5122, 0.4781, 0.5252],
        [0.4733, 0.5068, 0.5077,  ..., 0.5122, 0.4781, 0.5252]],
       device='cuda:0', grad_fn=<SigmoidBackward0>) 
result1.shape: torch.Size([20, 6796])

Passing two random events from the network before training 
result1: tensor([[0.4732, 0.5069, 0.5077,  ..., 0.5123, 0.4782, 0.5253],
        [0.4732, 0.5068, 0.5078,  ..., 0.5121, 0.4782, 0.5253],
        [0.4733, 0.5068, 0.5077,  ..., 0.5122, 0.4782, 0.5253],
        ...,
        [0.4733, 0.5068, 0.5078,  ..., 0.5121, 0.4781, 0.5253],
        [0.4733, 0.5068, 0.5077,  ..., 0.5122, 0.4781, 0.5252],
        [0.4733, 0.5068, 0.5077,  ..., 0.5122, 0.4781, 0.5252]],
       device='cuda:0', grad_fn=<SigmoidBackward0>) 
result1.shape: torch.Size([20, 6796]) 
input: [[0. 0. 0. ... 0. 0. 0.]
 [0. 0. 0. ... 0. 0. 0.]
 [0. 0. 0. ... 0. 0. 0.]
 ...
 [0. 0. 0. ... 0. 0. 0.]
 [0. 0. 0. ... 0. 0. 0.]
 [0. 0. 0. ... 0. 0. 0.]]



load_model False 
TraEvN 19998 
BatchSize 30 
EpochNum 2 
epoch_save 5 
LrVal 0.0001 
weight_decay 5e-05 
startmesh 284 
endmesh 285 






optimizer.param_groups [{'params': [Parameter containing:
tensor([[[[ 0.0221,  0.0857, -0.3262],
          [ 0.1613,  0.3105, -0.3054],
          [ 0.2263,  0.2218,  0.1809]]],


        [[[-0.0337,  0.0532,  0.2646],
          [ 0.1164,  0.2624,  0.0872],
          [-0.1261, -0.0441, -0.0803]]],


        [[[-0.0273,  0.2587, -0.2024],
          [ 0.2987,  0.2341,  0.1218],
          [-0.1445,  0.0170, -0.0921]]],


        ...,


        [[[ 0.1407,  0.0652,  0.1871],
          [-0.2561, -0.1473,  0.3061],
          [ 0.0971,  0.3002, -0.1354]]],


        [[[ 0.1800,  0.1707,  0.1079],
          [ 0.3310,  0.1654,  0.2917],
          [ 0.3007, -0.1198,  0.1299]]],


        [[[-0.0175, -0.2862,  0.1946],
          [-0.2933, -0.3266, -0.2856],
          [ 0.0613,  0.2024, -0.2148]]]], device='cuda:0', requires_grad=True), Parameter containing:
tensor([-0.0336, -0.0493,  0.0112, -0.1159, -0.0283,  0.2821,  0.1643, -0.1149,
        -0.1198, -0.1988, -0.1281,  0.3173, -0.0782, -0.1816, -0.2118,  0.2974,
         0.3331,  0.0246, -0.3014, -0.0559,  0.1190, -0.2998, -0.1816, -0.0707,
         0.1730, -0.1871, -0.2661,  0.1854,  0.2157, -0.0949,  0.0013, -0.2786,
        -0.1900, -0.1936,  0.0102,  0.2192,  0.0894,  0.1673,  0.1539, -0.0443,
        -0.0481,  0.2904,  0.2679,  0.1246,  0.3181, -0.3105,  0.2275, -0.1054,
         0.2789, -0.2642, -0.2885,  0.2750, -0.2354,  0.2356,  0.2331,  0.0808,
         0.1820,  0.0162,  0.0520,  0.2194, -0.1647,  0.1407, -0.3321, -0.1539,
        -0.2973,  0.2343,  0.1987, -0.1623,  0.3020, -0.0109, -0.2642,  0.0910,
         0.2289, -0.1123,  0.0955, -0.2825,  0.1435, -0.0898,  0.2318,  0.0304,
        -0.1685,  0.1907,  0.0121, -0.2448, -0.1747,  0.2305,  0.1615,  0.1069,
        -0.2251,  0.1782,  0.1216, -0.2622,  0.0732,  0.0639, -0.1953, -0.2008,
         0.1419,  0.1832, -0.3066,  0.3310, -0.3005,  0.2373,  0.0096,  0.1872,
         0.1337, -0.0842,  0.2049, -0.0562, -0.2721, -0.0810, -0.2121, -0.1269,
         0.2147, -0.2858, -0.0164,  0.2341, -0.3140,  0.1947,  0.2485, -0.1416,
        -0.1962,  0.1801,  0.1434,  0.0814,  0.2455, -0.1285, -0.1921, -0.0064,
         0.2150, -0.2287, -0.1681, -0.0268,  0.0249,  0.0541, -0.3187,  0.2846,
        -0.1637, -0.0195,  0.2660,  0.3218, -0.0410,  0.2827,  0.1925,  0.3134,
         0.2817, -0.1392,  0.2519, -0.0506,  0.0453,  0.1396,  0.0220,  0.2817,
        -0.1309, -0.0314, -0.2325,  0.1180,  0.3282,  0.2931,  0.3311, -0.2984,
         0.0101,  0.0615, -0.0264,  0.2666,  0.1451, -0.2085, -0.0667,  0.1336,
        -0.0095,  0.0691,  0.0315, -0.1411,  0.2990,  0.0010,  0.0781, -0.1132,
         0.0308,  0.3173, -0.2564,  0.1955, -0.1154,  0.3265,  0.2802,  0.0220,
        -0.3293, -0.1104,  0.0212, -0.0427,  0.1036, -0.0340, -0.1978, -0.2999,
        -0.3160, -0.2199, -0.2133, -0.2122, -0.0839, -0.1352, -0.2611, -0.2998,
        -0.0233, -0.0719,  0.0755, -0.2273, -0.2860,  0.0196,  0.2894, -0.1124,
         0.1298, -0.1350,  0.1909,  0.2691, -0.1314, -0.2107, -0.0457,  0.0852,
        -0.0979, -0.0816,  0.3152,  0.1678,  0.1790,  0.0648, -0.0278,  0.0272,
         0.3200, -0.2347, -0.1094, -0.0467, -0.1960,  0.1930,  0.1077, -0.1291,
        -0.1926,  0.1511,  0.3119,  0.1877, -0.1061, -0.1126,  0.1350,  0.1534,
        -0.2561, -0.1663, -0.2914,  0.1437,  0.2507,  0.2498, -0.1309,  0.0004,
         0.0274,  0.2070,  0.2218,  0.1767, -0.1361,  0.3304,  0.0965, -0.1620],
       device='cuda:0', requires_grad=True), Parameter containing:
tensor([[[[ 7.7296e-03, -1.1732e-02,  1.7798e-02],
          [-2.0374e-02, -1.5984e-02,  1.7273e-02],
          [ 1.2218e-02,  1.7248e-03,  6.7766e-03]],

         [[ 9.7957e-03,  4.5501e-03,  1.0329e-02],
          [ 1.8921e-02,  9.9157e-03,  5.7708e-03],
          [-1.9548e-02, -9.6446e-03, -7.1391e-05]],

         [[-1.0492e-02, -1.7833e-02,  7.0350e-03],
          [-1.6823e-03, -1.2733e-02,  8.9797e-03],
          [-1.5032e-02, -4.2991e-03, -1.4033e-02]],

         ...,

         [[-1.5997e-02, -6.6962e-03,  2.4871e-03],
          [ 6.0907e-03,  9.1038e-03,  4.6289e-03],
          [-2.4291e-03, -1.8792e-02, -1.6917e-02]],

         [[-2.0754e-03,  1.7570e-02,  4.1522e-03],
          [ 2.4093e-03, -1.7826e-02, -1.0517e-02],
          [ 2.0010e-02, -1.5905e-02, -1.1980e-02]],

         [[-1.3717e-02, -1.1934e-02, -1.9911e-02],
          [ 8.7662e-03, -1.9071e-02, -7.4143e-03],
          [-4.4240e-03,  1.9567e-04,  1.2361e-02]]],


        [[[-6.5719e-03,  1.0706e-02,  7.0557e-03],
          [ 1.4392e-02, -2.0379e-02, -2.0474e-02],
          [-1.7719e-02, -2.0403e-02, -9.7809e-03]],

         [[-1.2989e-02,  1.2906e-02,  9.4414e-03],
          [ 2.2312e-03,  1.9050e-02, -3.6347e-03],
          [ 8.5313e-03,  1.5026e-02, -9.3669e-03]],

         [[-1.7362e-02, -1.9656e-02, -1.2495e-02],
          [ 1.0368e-02,  9.6860e-03,  1.4289e-02],
          [-2.0007e-03,  2.4650e-03, -8.9130e-03]],

         ...,

         [[-1.0386e-02,  1.7259e-02,  1.3545e-02],
          [ 8.6563e-03, -1.2355e-02, -1.1926e-02],
          [-8.8120e-03,  9.8851e-03,  2.0346e-02]],

         [[-8.9805e-04,  1.2678e-02,  1.5028e-02],
          [ 1.6798e-03,  6.4901e-03, -2.4469e-03],
          [ 4.8616e-03,  3.2492e-03,  6.0858e-03]],

         [[ 1.3000e-03, -8.5210e-03, -1.0256e-02],
          [ 1.3639e-02, -9.9919e-03, -2.0721e-02],
          [-7.5581e-03, -5.0969e-03,  1.3360e-03]]],


        [[[ 1.2540e-02, -1.1219e-02,  4.9541e-04],
          [ 2.0374e-02,  1.2945e-02,  5.4657e-04],
          [-1.0803e-02, -1.2780e-02,  1.5096e-02]],

         [[ 1.9302e-02, -1.7783e-02,  1.0662e-02],
          [ 1.5104e-02,  1.0550e-02,  4.6479e-03],
          [-1.6104e-02,  1.8047e-02,  1.6486e-02]],

         [[ 1.3144e-02, -1.6307e-02, -7.6926e-03],
          [-1.8091e-02, -4.1589e-03,  9.3210e-03],
          [-5.3635e-03,  4.3496e-03, -3.1977e-03]],

         ...,

         [[-2.5657e-03,  1.4711e-03,  1.3448e-02],
          [ 9.2559e-03, -6.9206e-03, -1.8231e-02],
          [-5.8945e-03,  2.6103e-03,  2.0225e-02]],

         [[-1.5344e-02,  1.9726e-02, -1.5352e-03],
          [-7.7211e-04,  1.0819e-02, -9.0029e-03],
          [-1.2442e-02,  1.0710e-02,  2.0082e-02]],

         [[ 3.1613e-03,  1.0633e-02, -1.3569e-02],
          [ 6.7100e-03,  2.0651e-02, -2.1254e-03],
          [ 1.7424e-02, -1.7863e-02,  3.0436e-03]]],


        ...,


        [[[-1.1983e-02, -1.9640e-02, -1.5262e-02],
          [ 1.5986e-03, -1.7053e-02, -1.5244e-02],
          [ 1.0178e-02,  1.5524e-02,  9.2453e-03]],

         [[ 1.4353e-02,  1.1999e-02, -3.4804e-04],
          [-1.9563e-02,  1.0056e-02, -2.0568e-02],
          [-1.8351e-02,  1.7387e-02, -1.7116e-02]],

         [[ 3.2995e-04,  5.5307e-03, -1.1746e-02],
          [-1.3785e-02, -1.8291e-02, -6.6755e-05],
          [ 8.4005e-03,  1.8351e-02,  1.4861e-02]],

         ...,

         [[ 2.1691e-03,  1.4750e-02, -4.1048e-03],
          [ 1.5970e-02,  1.3291e-02,  6.0193e-03],
          [ 1.9890e-02,  6.0608e-03,  7.7361e-03]],

         [[-7.2786e-03, -2.8611e-03,  2.0673e-02],
          [-1.3699e-02, -1.0071e-02,  1.4383e-02],
          [ 6.6368e-03,  5.8277e-03,  1.0334e-02]],

         [[ 1.5343e-02,  3.4694e-03, -3.7559e-03],
          [ 8.6652e-03,  1.2254e-02,  1.2837e-02],
          [-1.5896e-03,  1.9878e-02, -1.8245e-02]]],


        [[[ 1.1852e-02,  7.0756e-03,  4.2740e-03],
          [-1.9489e-02, -1.2068e-02,  9.0377e-04],
          [-2.0566e-02,  1.0535e-02, -5.1969e-04]],

         [[-4.6677e-03,  1.3359e-03,  4.3802e-03],
          [-4.6690e-05,  1.3284e-02,  1.8308e-03],
          [ 7.9505e-03,  1.4660e-02, -1.8625e-02]],

         [[-5.2766e-03,  1.5280e-02,  1.4026e-03],
          [ 1.1554e-02,  1.2432e-02,  7.7161e-03],
          [ 8.6286e-03, -2.1843e-03,  7.2576e-04]],

         ...,

         [[-1.2941e-02, -6.7244e-03,  1.7422e-02],
          [ 1.0820e-02,  2.9022e-03, -2.0232e-02],
          [ 1.4138e-02,  1.5229e-02, -1.4026e-02]],

         [[-1.9305e-04, -4.3474e-03,  9.6061e-03],
          [ 1.3193e-02,  1.2814e-02, -1.9304e-02],
          [-1.1804e-02, -1.2060e-03, -5.1494e-03]],

         [[-6.6237e-03, -1.1169e-02,  1.4400e-03],
          [-9.5308e-04,  1.6656e-03, -6.4708e-03],
          [ 1.0159e-02, -1.8221e-02, -1.6100e-02]]],


        [[[-1.1627e-02,  1.7761e-02, -1.9775e-03],
          [-1.8547e-02,  6.1473e-03,  8.6944e-03],
          [ 2.1038e-03, -2.0476e-02, -1.9041e-02]],

         [[-9.1222e-03,  9.8365e-03,  1.3787e-02],
          [ 3.2875e-03, -1.9663e-02,  4.9778e-03],
          [ 6.6398e-03,  1.1163e-02,  1.1202e-02]],

         [[-3.7576e-03, -1.9913e-02, -1.9788e-03],
          [-1.3368e-02, -1.5663e-02,  1.7713e-02],
          [-5.6786e-04, -1.6276e-02, -6.0119e-03]],

         ...,

         [[-1.9916e-02,  9.2441e-03,  6.8263e-03],
          [-9.1611e-03, -1.0822e-02, -1.0641e-02],
          [ 7.6447e-03, -4.9186e-03, -1.8128e-03]],

         [[-1.2841e-02, -1.0982e-02, -1.7336e-02],
          [ 1.2011e-02,  2.0070e-02,  9.7134e-03],
          [-1.7157e-02,  7.9225e-03, -1.8480e-02]],

         [[-1.5783e-02, -4.6565e-03, -1.2849e-02],
          [-7.8383e-03,  8.4909e-03,  1.0732e-03],
          [-4.6855e-03,  1.9350e-02, -1.9184e-02]]]], device='cuda:0',
       requires_grad=True), Parameter containing:
tensor([-4.9888e-03, -1.5952e-02, -1.0360e-02,  6.6887e-03, -1.8459e-02,
         2.5504e-03,  1.9242e-02, -1.2446e-02, -2.0926e-03,  2.0326e-02,
        -6.4222e-03, -7.4962e-03, -2.9471e-03,  2.8279e-03, -7.0213e-03,
        -6.2535e-03,  7.0144e-03, -4.4759e-03,  5.0528e-03, -1.3374e-03,
         2.3800e-03,  1.7842e-02,  1.1646e-02, -1.2813e-02, -3.3804e-03,
        -1.9632e-02, -5.7608e-04, -1.9806e-02, -8.4475e-04, -2.0251e-02,
        -1.0166e-02,  1.4993e-02,  1.5841e-02, -1.7544e-02, -9.2849e-03,
         1.0176e-02,  3.9756e-03, -3.5226e-03,  1.6151e-02,  1.3213e-02,
        -1.4165e-02, -1.5529e-02, -6.8426e-03, -1.7354e-02,  1.0109e-02,
        -1.0833e-02,  1.1466e-02,  1.5910e-02, -9.4778e-03,  1.3628e-02,
         1.6185e-02, -6.8572e-03,  1.7753e-02,  2.0599e-02, -5.9421e-04,
         6.6660e-03,  6.8818e-03,  1.7584e-02,  1.1504e-02,  9.4548e-03,
        -1.3591e-02, -6.8138e-03,  1.1161e-02, -1.5708e-02, -2.4604e-03,
        -2.6039e-03, -9.3941e-03,  5.3101e-03, -1.2286e-02,  1.2660e-03,
        -1.7328e-03, -1.5738e-02,  5.6113e-05, -1.6460e-02,  1.6017e-02,
        -1.1872e-02,  1.9708e-02,  2.0513e-02, -7.0013e-04,  8.3724e-03,
         1.3785e-02,  8.0721e-03, -7.3705e-03,  1.2943e-02,  1.5249e-02,
        -1.1491e-02,  1.0993e-02, -9.5115e-03,  3.8803e-03,  1.3105e-02,
         2.9958e-03, -1.2903e-02, -1.1298e-02,  9.3301e-03,  3.6812e-03,
        -1.3084e-02,  9.7312e-03,  1.3309e-02, -2.0248e-02,  1.1247e-02,
         6.8976e-03, -1.6148e-02,  4.8751e-03, -1.9046e-02, -7.6614e-03,
         1.3199e-02,  1.4995e-02,  5.3522e-03,  1.3716e-02,  2.4874e-03,
        -1.1062e-02, -8.2108e-03,  1.3580e-02, -1.3798e-02, -7.7527e-04,
         7.1126e-03, -7.7235e-03,  1.7982e-02, -1.1883e-02,  1.2336e-02,
         3.0279e-03, -1.8497e-02, -5.4306e-04, -1.7291e-02, -1.3118e-02,
         6.1174e-03,  4.4039e-03, -8.6404e-03], device='cuda:0',
       requires_grad=True), Parameter containing:
tensor([[[[-1.4387e-02,  1.2889e-02,  5.5590e-03],
          [-3.8545e-03,  1.1336e-02, -1.5040e-02],
          [-1.3739e-03,  1.4000e-02, -2.8445e-02]],

         [[-1.9837e-02, -1.9113e-02,  2.2300e-02],
          [ 2.6146e-02, -2.1695e-02,  7.8157e-03],
          [-1.3641e-02, -2.2673e-03, -1.7219e-02]],

         [[ 1.2084e-02, -8.5969e-03,  2.8276e-02],
          [ 1.9609e-02, -1.3226e-02,  1.8973e-02],
          [ 2.9407e-02, -5.4904e-03,  2.7251e-02]],

         ...,

         [[ 2.7868e-02, -2.5539e-02,  1.2319e-02],
          [-6.2738e-03, -1.4280e-02, -2.9225e-02],
          [ 1.2952e-02, -9.9531e-03, -2.6818e-02]],

         [[ 2.6290e-02, -7.6387e-03,  2.8875e-02],
          [ 2.3474e-02,  2.2706e-02,  1.5154e-02],
          [ 4.0005e-03,  1.8563e-02,  2.8660e-02]],

         [[ 7.5252e-03,  1.6682e-02,  2.8642e-03],
          [-2.2036e-02, -5.1578e-03,  2.3090e-02],
          [ 1.9903e-02,  1.0760e-02,  9.6228e-03]]],


        [[[ 5.4883e-03,  2.4444e-02, -2.7148e-03],
          [-1.5766e-02, -6.6213e-03, -1.6660e-02],
          [-8.3196e-03,  1.4140e-02,  2.2244e-02]],

         [[-8.7848e-03, -9.9699e-03, -2.1968e-02],
          [-1.6151e-02,  1.2609e-02,  9.8444e-03],
          [-1.1960e-02,  2.6111e-03,  2.4042e-02]],

         [[-1.7818e-02,  9.4166e-03, -3.9165e-03],
          [ 1.7562e-02, -1.8311e-02, -7.8398e-03],
          [ 1.0141e-02, -1.1377e-02, -8.2561e-03]],

         ...,

         [[-2.2755e-03,  2.2476e-02,  1.6282e-02],
          [-5.7395e-03, -1.8743e-02,  1.4889e-02],
          [ 1.4270e-02, -2.0592e-02,  1.5981e-02]],

         [[ 9.8300e-03, -1.1642e-02, -2.8939e-02],
          [ 5.5023e-03,  1.0840e-02, -8.5774e-03],
          [ 1.4379e-02, -1.5627e-02, -2.9189e-02]],

         [[ 8.8793e-03, -2.3296e-02, -2.5789e-02],
          [-2.7385e-02, -7.5005e-03,  7.9269e-03],
          [-2.4161e-02,  8.4056e-03,  2.5065e-02]]],


        [[[-2.0640e-02, -2.9025e-02,  2.4918e-03],
          [ 1.8748e-02,  1.2754e-02, -1.1272e-02],
          [ 9.2572e-03, -1.6639e-02, -9.3226e-03]],

         [[-1.7074e-02,  6.5812e-03, -5.4653e-03],
          [ 8.4883e-03,  2.2595e-02,  3.1250e-03],
          [ 1.9509e-02,  3.6099e-03, -2.7597e-02]],

         [[-2.3142e-02,  2.2430e-02,  2.4742e-02],
          [ 2.6188e-03,  1.1426e-02, -1.3779e-02],
          [-1.6165e-02, -1.7244e-02, -2.3374e-02]],

         ...,

         [[-2.5350e-02, -1.4921e-02,  6.1133e-03],
          [-1.4513e-02,  1.4354e-02,  1.5422e-02],
          [-3.7771e-03, -7.1442e-03,  2.9039e-02]],

         [[-1.6309e-02, -1.9705e-02,  2.1459e-02],
          [ 1.1169e-02,  1.4250e-02, -2.1785e-03],
          [-1.5268e-02,  1.1603e-02,  2.6223e-02]],

         [[ 2.0571e-02,  1.5819e-02,  4.6672e-03],
          [ 1.6167e-02,  1.1362e-02, -2.1070e-02],
          [-9.0004e-03, -2.5740e-02, -2.0121e-02]]],


        ...,


        [[[-8.0528e-03, -9.0100e-03, -3.7337e-03],
          [ 2.5736e-02,  2.9172e-02, -1.9682e-02],
          [-1.2412e-02,  5.0135e-03,  2.0127e-02]],

         [[ 2.0607e-02, -6.9838e-03, -1.1981e-02],
          [-2.6396e-03, -2.4881e-02, -1.9465e-02],
          [-7.6443e-03,  1.6621e-02,  1.9194e-03]],

         [[-9.0610e-03,  1.4720e-02,  1.9091e-03],
          [ 5.9428e-03,  2.3709e-02,  1.5265e-02],
          [ 1.1585e-02,  1.9722e-02,  1.6109e-02]],

         ...,

         [[-2.8543e-02, -1.2618e-02,  2.1111e-02],
          [ 2.2590e-02,  2.7925e-02,  7.8167e-03],
          [-7.6912e-03,  2.3482e-02, -2.9103e-02]],

         [[-2.8168e-04, -2.3654e-02, -1.9918e-02],
          [ 2.1364e-02, -1.7213e-02, -1.1876e-02],
          [ 4.2694e-03,  2.0047e-03,  9.1217e-03]],

         [[-1.9056e-02,  1.2505e-02,  2.5892e-02],
          [ 1.4065e-02, -1.5394e-02,  7.1521e-03],
          [ 6.1710e-03,  2.5794e-02, -2.7046e-02]]],


        [[[ 8.0538e-03, -7.5811e-03, -1.3526e-02],
          [-1.7554e-02,  2.0841e-02,  2.0925e-02],
          [-9.3266e-03,  3.2744e-03, -2.0295e-02]],

         [[ 2.4616e-02,  2.2438e-02,  1.1089e-03],
          [-8.4669e-03,  8.8754e-03,  2.8331e-02],
          [ 8.9632e-03, -2.8768e-02,  2.4649e-02]],

         [[ 1.7273e-02,  2.6817e-02, -2.5990e-02],
          [ 1.8535e-02,  1.9249e-02,  2.9383e-02],
          [-2.8844e-02,  6.3078e-03, -6.7315e-04]],

         ...,

         [[-1.8195e-02, -1.5034e-02, -2.1853e-02],
          [-4.9760e-03,  5.0309e-03,  2.7595e-02],
          [-1.0362e-02, -2.8891e-02,  1.3285e-02]],

         [[-1.2802e-03,  2.6960e-02,  1.2750e-02],
          [ 2.1960e-02,  2.7989e-02,  2.0413e-02],
          [-1.8578e-02,  1.0030e-02,  3.4410e-03]],

         [[-9.7440e-03, -2.4064e-02,  4.6663e-03],
          [ 5.9474e-03, -2.9427e-02,  2.3114e-05],
          [-2.1187e-02, -7.7811e-03,  1.6373e-02]]],


        [[[-2.0390e-02, -1.2752e-02, -1.5248e-02],
          [ 1.9127e-02, -1.1862e-02,  2.6539e-03],
          [-2.4645e-02, -1.1250e-02, -4.7239e-03]],

         [[-2.5485e-02, -2.7451e-02, -1.5833e-03],
          [-1.3398e-02,  2.9271e-02,  1.9521e-03],
          [ 6.6686e-03, -9.9328e-03,  1.0320e-02]],

         [[-3.1898e-03,  2.4327e-02, -1.8247e-03],
          [-1.6294e-02, -2.4568e-02,  2.5825e-03],
          [-1.5385e-02, -1.1742e-02, -3.7806e-03]],

         ...,

         [[-1.6417e-02, -1.1475e-02,  2.0500e-02],
          [ 1.1783e-02, -1.7111e-02, -1.7206e-02],
          [ 1.2814e-02, -2.1503e-02,  8.6302e-03]],

         [[ 2.8785e-03,  1.9308e-02,  1.8559e-02],
          [-1.6766e-02,  1.2806e-02, -4.5305e-03],
          [-2.7856e-03, -5.1885e-03, -2.5207e-02]],

         [[-2.4326e-02,  1.9056e-02, -4.5557e-03],
          [-2.1017e-02,  6.6370e-03,  2.6872e-02],
          [-2.4543e-03,  1.9972e-03,  2.3807e-02]]]], device='cuda:0',
       requires_grad=True), Parameter containing:
tensor([-0.0283,  0.0143, -0.0016, -0.0229,  0.0188,  0.0282,  0.0036, -0.0261,
        -0.0265,  0.0013, -0.0158, -0.0267, -0.0131,  0.0014, -0.0019,  0.0098,
        -0.0118,  0.0105,  0.0074, -0.0027,  0.0093, -0.0008, -0.0235,  0.0233,
        -0.0146,  0.0232,  0.0149,  0.0024,  0.0025, -0.0094,  0.0005,  0.0188,
         0.0123, -0.0126, -0.0266,  0.0051,  0.0030, -0.0007, -0.0095,  0.0291,
        -0.0085, -0.0041, -0.0114, -0.0103, -0.0111,  0.0196, -0.0248, -0.0291,
        -0.0109, -0.0032, -0.0145,  0.0078,  0.0184,  0.0064,  0.0088,  0.0244,
         0.0032, -0.0025, -0.0197, -0.0280,  0.0196, -0.0263,  0.0225,  0.0181],
       device='cuda:0', requires_grad=True), Parameter containing:
tensor([[-1.2632e-04,  1.2062e-03, -7.7228e-04,  ..., -7.5598e-05,
         -7.8473e-04,  8.0941e-06],
        [ 6.8912e-04,  2.3223e-04, -1.0008e-03,  ..., -9.3390e-04,
          5.4171e-04,  8.3104e-04],
        [ 1.6757e-04,  3.1859e-04,  8.9559e-04,  ...,  1.1844e-03,
          1.1429e-03,  6.0054e-04],
        ...,
        [ 7.5366e-04, -1.1798e-03,  9.5791e-04,  ...,  5.7414e-04,
         -3.4379e-04,  1.0076e-03],
        [ 4.3634e-04,  4.7796e-05, -6.9556e-04,  ..., -6.8246e-04,
         -3.8603e-04, -1.1149e-03],
        [-1.4362e-04,  7.5002e-04, -6.4185e-04,  ...,  1.0805e-03,
          1.1429e-03, -2.7007e-04]], device='cuda:0', requires_grad=True), Parameter containing:
tensor([ 1.1092e-03, -4.0651e-05,  2.2686e-05, -4.7897e-04, -2.1231e-04,
         7.5374e-04,  4.0655e-04,  4.3886e-04, -6.5237e-04,  5.6178e-04,
        -5.3194e-04, -1.2013e-03,  9.5489e-04,  2.6786e-04, -5.0977e-04,
        -1.0415e-03,  6.6647e-04, -8.7410e-04,  3.6972e-04, -1.1928e-04,
         3.8115e-04,  1.1737e-03,  5.7497e-04,  6.5074e-04,  9.7368e-04,
         7.2777e-05, -6.7314e-04,  5.3644e-04, -1.1237e-03, -3.5304e-04,
         3.0265e-04,  7.3646e-04,  3.3336e-04, -5.4070e-04,  3.8187e-04,
         1.4229e-04, -8.2515e-04, -7.4420e-04, -1.1460e-03, -1.0133e-03,
         3.0919e-04, -1.0118e-03,  2.2467e-04, -3.1043e-04,  3.5778e-04,
        -1.0475e-03, -2.1482e-04,  9.0843e-04, -7.7946e-04, -3.0445e-04,
        -1.1648e-03, -9.8711e-04,  5.0903e-04, -1.1351e-03, -9.9947e-04,
        -4.7648e-04, -9.4246e-04,  7.9762e-04, -4.0532e-04, -9.9206e-04,
        -2.0390e-04,  8.9371e-05,  4.4568e-05,  1.0047e-03,  6.8254e-04,
         8.2378e-04, -7.1427e-04,  1.0465e-03,  8.0761e-04, -1.1616e-03,
         1.2751e-04, -5.6586e-04,  2.7447e-04,  1.6130e-04,  2.1879e-04,
        -7.8028e-04,  4.3831e-04, -1.6271e-04, -3.6117e-04,  6.7867e-04,
        -1.6729e-04, -1.1145e-03,  2.2160e-04,  2.9618e-04, -1.5912e-05,
        -4.8153e-04,  1.1906e-03, -3.8963e-04,  9.2134e-05, -6.5655e-04,
         1.1976e-03, -7.1319e-04,  1.1009e-03,  4.8079e-04,  9.9172e-05,
        -2.0576e-04, -5.6650e-04, -4.2051e-05,  4.4690e-04,  1.0942e-03,
        -2.3604e-04,  9.1231e-04,  6.2793e-04, -1.2820e-04,  4.4708e-04,
        -8.8937e-05, -2.5906e-04, -5.1573e-04,  3.1713e-04,  1.1587e-03,
        -7.4394e-04,  9.0911e-04,  1.1047e-03, -6.4404e-04, -7.4866e-04,
        -5.1179e-04,  5.2284e-04,  5.4648e-04,  7.3039e-06, -1.2474e-04,
        -1.1191e-03,  3.9566e-05,  6.1378e-04,  1.0071e-03, -6.3036e-04,
        -1.1994e-03, -8.5882e-04,  1.2132e-03, -3.9988e-04, -8.9091e-04,
         4.1391e-04, -1.9246e-04,  6.9602e-04,  5.8370e-04,  7.4590e-04,
         1.5634e-04,  7.2325e-04,  1.0059e-03,  1.0840e-03,  8.8173e-04,
        -5.1628e-04, -5.3562e-04, -9.3933e-04,  2.1406e-04, -9.1364e-04,
        -4.9103e-04, -6.9855e-04, -3.7873e-04, -1.1796e-03, -6.7782e-04,
         8.5270e-04, -1.0322e-03,  7.8731e-04,  5.1621e-04,  8.1084e-04,
         3.2845e-04,  1.5629e-04, -5.9734e-04, -9.9728e-04,  3.3835e-04,
         7.8908e-04, -2.2754e-04,  5.3322e-04,  9.5370e-04, -3.8889e-04,
        -7.1174e-04,  7.2757e-05, -7.0261e-04,  8.9953e-04,  8.5478e-04,
        -1.0659e-03, -1.1105e-03,  2.7094e-04,  5.0605e-04,  1.1612e-03,
        -6.2361e-04, -3.4599e-04, -8.4421e-04, -5.0414e-04,  9.8735e-04,
         5.5940e-04,  2.9887e-04, -7.1536e-05,  9.3798e-04,  8.7996e-04,
         9.4446e-04, -8.9896e-04,  7.0605e-04,  1.0306e-03, -1.5055e-04,
        -5.6271e-04, -1.1607e-03, -6.4716e-05, -6.4267e-04, -1.3758e-04,
        -8.7765e-04,  9.9243e-04,  9.4834e-04, -3.7254e-04, -1.1224e-04,
        -1.0326e-03,  1.5301e-04, -6.0596e-04,  1.0992e-03,  1.8239e-04,
        -7.4136e-05,  4.9148e-04, -1.1423e-03, -2.1604e-04, -8.2758e-04,
         6.5300e-04, -9.3748e-04,  1.5684e-04, -5.5568e-04,  9.6182e-04,
         1.8487e-04, -1.0809e-03,  6.8869e-04,  1.0659e-03,  1.7785e-04,
        -6.6072e-06, -1.1660e-03,  6.7211e-04, -1.1901e-03, -2.7867e-05,
         3.6395e-04, -5.7111e-04, -9.9493e-04, -1.1121e-03,  6.8245e-04,
        -8.3208e-04,  7.2198e-04, -3.6307e-05,  1.0362e-03, -7.7209e-04,
        -1.1700e-03,  6.2103e-04,  1.1901e-03, -8.8200e-04, -3.5501e-04,
         5.4255e-04, -7.1873e-05, -1.2062e-03,  8.6480e-04, -1.0774e-04,
         6.5549e-04,  4.3477e-04,  7.6533e-04,  3.2952e-04,  1.0771e-03,
        -6.4104e-04, -2.3841e-04,  4.9431e-04,  5.7206e-05,  3.3672e-04,
        -5.0119e-04], device='cuda:0', requires_grad=True), Parameter containing:
tensor([[-0.0261, -0.0602, -0.0240,  ...,  0.0395,  0.0113,  0.0263],
        [-0.0079,  0.0454,  0.0196,  ..., -0.0297,  0.0215, -0.0120],
        [-0.0247, -0.0334, -0.0131,  ...,  0.0194,  0.0203, -0.0100],
        ...,
        [-0.0093, -0.0171, -0.0172,  ...,  0.0365, -0.0289,  0.0227],
        [ 0.0025,  0.0610,  0.0156,  ...,  0.0044,  0.0440, -0.0135],
        [ 0.0576,  0.0422,  0.0528,  ...,  0.0065,  0.0427, -0.0611]],
       device='cuda:0', requires_grad=True), Parameter containing:
tensor([-0.0160, -0.0337, -0.0502, -0.0232,  0.0373,  0.0142,  0.0227, -0.0614,
        -0.0018, -0.0584,  0.0540, -0.0570,  0.0074, -0.0092, -0.0034,  0.0222,
        -0.0162,  0.0379, -0.0546,  0.0317, -0.0423,  0.0020,  0.0224, -0.0416,
        -0.0366, -0.0147, -0.0132,  0.0069, -0.0027, -0.0389,  0.0609,  0.0034,
         0.0324,  0.0152, -0.0351,  0.0618, -0.0396, -0.0210, -0.0018,  0.0596,
         0.0075,  0.0178, -0.0305,  0.0615,  0.0209, -0.0235,  0.0517,  0.0195,
         0.0060, -0.0391,  0.0555,  0.0187,  0.0431, -0.0614,  0.0400,  0.0249,
        -0.0083, -0.0342, -0.0362, -0.0445, -0.0264,  0.0604,  0.0070, -0.0252,
        -0.0371,  0.0363, -0.0621,  0.0156, -0.0353,  0.0171, -0.0284, -0.0255,
        -0.0208, -0.0436,  0.0202, -0.0590, -0.0556, -0.0194,  0.0328,  0.0099,
        -0.0546, -0.0196, -0.0234, -0.0274,  0.0441,  0.0068, -0.0304,  0.0185,
         0.0202,  0.0513, -0.0193, -0.0104, -0.0476, -0.0562, -0.0183, -0.0332,
         0.0345,  0.0560,  0.0019, -0.0072,  0.0115, -0.0563,  0.0611, -0.0298,
        -0.0098, -0.0222, -0.0052, -0.0513,  0.0435, -0.0386, -0.0164,  0.0042,
         0.0599, -0.0078,  0.0571, -0.0358, -0.0456, -0.0501, -0.0560,  0.0537,
         0.0620, -0.0494, -0.0172,  0.0510,  0.0270,  0.0507,  0.0279, -0.0180],
       device='cuda:0', requires_grad=True), Parameter containing:
tensor([[ 0.0695,  0.0110,  0.0640,  ..., -0.0147,  0.0828, -0.0600],
        [ 0.0695, -0.0336, -0.0528,  ...,  0.0456, -0.0006, -0.0549],
        [ 0.0368,  0.0099,  0.0125,  ..., -0.0194, -0.0013, -0.0753],
        ...,
        [-0.0734, -0.0633,  0.0546,  ..., -0.0586,  0.0634,  0.0024],
        [-0.0069,  0.0320, -0.0428,  ...,  0.0790, -0.0731,  0.0257],
        [ 0.0760,  0.0854, -0.0657,  ..., -0.0881, -0.0177,  0.0787]],
       device='cuda:0', requires_grad=True), Parameter containing:
tensor([-0.0087, -0.0547,  0.0229, -0.0107, -0.0224,  0.0259,  0.0262,  0.0256,
         0.0331,  0.0187,  0.0706, -0.0271,  0.0096,  0.0456, -0.0699, -0.0818,
         0.0878,  0.0878,  0.0764, -0.0536, -0.0394,  0.0422, -0.0612, -0.0198,
        -0.0503, -0.0524, -0.0661, -0.0744,  0.0320,  0.0114,  0.0052, -0.0358,
        -0.0196, -0.0280, -0.0048, -0.0135,  0.0250,  0.0169,  0.0363, -0.0635,
         0.0132, -0.0398, -0.0857, -0.0595, -0.0467, -0.0335,  0.0210,  0.0608,
        -0.0110,  0.0093,  0.0738,  0.0088, -0.0342,  0.0458, -0.0665, -0.0763,
        -0.0336, -0.0637, -0.0077, -0.0173,  0.0696, -0.0706, -0.0273,  0.0245],
       device='cuda:0', requires_grad=True), Parameter containing:
tensor([[ 0.0372, -0.0850, -0.0519,  ..., -0.0970,  0.0428,  0.0666],
        [-0.0438,  0.1051, -0.0752,  ..., -0.1028, -0.0327,  0.1208],
        [-0.0279, -0.0199,  0.1187,  ...,  0.0497,  0.0825, -0.0958],
        ...,
        [-0.1223,  0.0473, -0.1017,  ..., -0.0809,  0.0713,  0.1210],
        [ 0.1161, -0.0072,  0.0771,  ...,  0.0251,  0.0411, -0.0401],
        [ 0.0825, -0.1237,  0.0809,  ..., -0.0290,  0.0614, -0.0829]],
       device='cuda:0', requires_grad=True), Parameter containing:
tensor([-0.1166,  0.0246,  0.0286,  ...,  0.0442, -0.0638,  0.0958],
       device='cuda:0', requires_grad=True)], 'lr': 0.0001, 'betas': (0.9, 0.999), 'eps': 1e-08, 'weight_decay': 5e-05, 'amsgrad': False}]
epoch: 0 batch 10.0 event: 300 loss: tensor(2009.7040, device='cuda:0', grad_fn=<DivBackward0>)
epoch: 0 batch 20.0 event: 600 loss: tensor(1978.3528, device='cuda:0', grad_fn=<DivBackward0>)
epoch: 0 batch 30.0 event: 900 loss: tensor(1886.4362, device='cuda:0', grad_fn=<DivBackward0>)
epoch: 0 batch 40.0 event: 1200 loss: tensor(1818.4039, device='cuda:0', grad_fn=<DivBackward0>)
epoch: 0 batch 50.0 event: 1500 loss: tensor(1852.8649, device='cuda:0', grad_fn=<DivBackward0>)
epoch: 0 batch 60.0 event: 1800 loss: tensor(1995.6201, device='cuda:0', grad_fn=<DivBackward0>)
epoch: 0 batch 70.0 event: 2100 loss: tensor(2031.2590, device='cuda:0', grad_fn=<DivBackward0>)
epoch: 0 batch 80.0 event: 2400 loss: tensor(1782.0551, device='cuda:0', grad_fn=<DivBackward0>)
epoch: 0 batch 90.0 event: 2700 loss: tensor(2069.9043, device='cuda:0', grad_fn=<DivBackward0>)
epoch: 0 batch 100.0 event: 3000 loss: tensor(1791.9358, device='cuda:0', grad_fn=<DivBackward0>)
epoch: 0 batch 120.0 event: 3600 loss: tensor(3767.7917, device='cuda:0', grad_fn=<DivBackward0>)
epoch: 0 batch 130.0 event: 3900 loss: tensor(1772.4189, device='cuda:0', grad_fn=<DivBackward0>)
epoch: 0 batch 140.0 event: 4200 loss: tensor(1983.1527, device='cuda:0', grad_fn=<DivBackward0>)
epoch: 0 batch 150.0 event: 4500 loss: tensor(2020.6473, device='cuda:0', grad_fn=<DivBackward0>)
epoch: 0 batch 160.0 event: 4800 loss: tensor(1972.8192, device='cuda:0', grad_fn=<DivBackward0>)
epoch: 0 batch 170.0 event: 5100 loss: tensor(2004.7848, device='cuda:0', grad_fn=<DivBackward0>)
epoch: 0 batch 180.0 event: 5400 loss: tensor(2065.1289, device='cuda:0', grad_fn=<DivBackward0>)
epoch: 0 batch 190.0 event: 5700 loss: tensor(1813.5618, device='cuda:0', grad_fn=<DivBackward0>)
epoch: 0 batch 200.0 event: 6000 loss: tensor(1942.4237, device='cuda:0', grad_fn=<DivBackward0>)
epoch: 0 batch 210.0 event: 6300 loss: tensor(1943.5188, device='cuda:0', grad_fn=<DivBackward0>)
epoch: 0 batch 220.0 event: 6600 loss: tensor(2071.3523, device='cuda:0', grad_fn=<DivBackward0>)
epoch: 0 batch 230.0 event: 6900 loss: tensor(1845.2391, device='cuda:0', grad_fn=<DivBackward0>)
epoch: 0 batch 240.0 event: 7200 loss: tensor(1838.1318, device='cuda:0', grad_fn=<DivBackward0>)
epoch: 0 batch 260.0 event: 7800 loss: tensor(3897.4243, device='cuda:0', grad_fn=<DivBackward0>)
epoch: 0 batch 270.0 event: 8100 loss: tensor(1790.1971, device='cuda:0', grad_fn=<DivBackward0>)
epoch: 0 batch 280.0 event: 8400 loss: tensor(2018.5428, device='cuda:0', grad_fn=<DivBackward0>)
epoch: 0 batch 290.0 event: 8700 loss: tensor(1729.6080, device='cuda:0', grad_fn=<DivBackward0>)
epoch: 0 batch 300.0 event: 9000 loss: tensor(1866.7025, device='cuda:0', grad_fn=<DivBackward0>)
epoch: 0 batch 310.0 event: 9300 loss: tensor(1785.4528, device='cuda:0', grad_fn=<DivBackward0>)
epoch: 0 batch 320.0 event: 9600 loss: tensor(1742.0022, device='cuda:0', grad_fn=<DivBackward0>)
epoch: 0 batch 330.0 event: 9900 loss: tensor(1840.0748, device='cuda:0', grad_fn=<DivBackward0>)
epoch: 0 batch 340.0 event: 10200 loss: tensor(1786.5028, device='cuda:0', grad_fn=<DivBackward0>)
epoch: 0 batch 350.0 event: 10500 loss: tensor(1762.0637, device='cuda:0', grad_fn=<DivBackward0>)
epoch: 0 batch 360.0 event: 10800 loss: tensor(1795.8301, device='cuda:0', grad_fn=<DivBackward0>)
epoch: 0 batch 370.0 event: 11100 loss: tensor(1547.2977, device='cuda:0', grad_fn=<DivBackward0>)
epoch: 0 batch 380.0 event: 11400 loss: tensor(1373.4310, device='cuda:0', grad_fn=<DivBackward0>)
epoch: 0 batch 390.0 event: 11700 loss: tensor(1979.5762, device='cuda:0', grad_fn=<DivBackward0>)
epoch: 0 batch 400.0 event: 12000 loss: tensor(1975.0178, device='cuda:0', grad_fn=<DivBackward0>)
epoch: 0 batch 410.0 event: 12300 loss: tensor(1847.1777, device='cuda:0', grad_fn=<DivBackward0>)
epoch: 0 batch 420.0 event: 12600 loss: tensor(2062.7168, device='cuda:0', grad_fn=<DivBackward0>)
epoch: 0 batch 430.0 event: 12900 loss: tensor(1953.9332, device='cuda:0', grad_fn=<DivBackward0>)
epoch: 0 batch 440.0 event: 13200 loss: tensor(1989.1973, device='cuda:0', grad_fn=<DivBackward0>)
epoch: 0 batch 450.0 event: 13500 loss: tensor(2033.2587, device='cuda:0', grad_fn=<DivBackward0>)
epoch: 0 batch 460.0 event: 13800 loss: tensor(2066.5300, device='cuda:0', grad_fn=<DivBackward0>)
epoch: 0 batch 470.0 event: 14100 loss: tensor(2049.5039, device='cuda:0', grad_fn=<DivBackward0>)
epoch: 0 batch 480.0 event: 14400 loss: tensor(1965.3988, device='cuda:0', grad_fn=<DivBackward0>)
epoch: 0 batch 490.0 event: 14700 loss: tensor(1963.2092, device='cuda:0', grad_fn=<DivBackward0>)
epoch: 0 batch 500.0 event: 15000 loss: tensor(1599.9078, device='cuda:0', grad_fn=<DivBackward0>)
epoch: 0 batch 510.0 event: 15300 loss: tensor(1946.0072, device='cuda:0', grad_fn=<DivBackward0>)
epoch: 0 batch 520.0 event: 15600 loss: tensor(1778.9344, device='cuda:0', grad_fn=<DivBackward0>)
epoch: 0 batch 530.0 event: 15900 loss: tensor(2042.5560, device='cuda:0', grad_fn=<DivBackward0>)
epoch: 0 batch 540.0 event: 16200 loss: tensor(1712.8219, device='cuda:0', grad_fn=<DivBackward0>)
epoch: 0 batch 560.0 event: 16800 loss: tensor(3539.7876, device='cuda:0', grad_fn=<DivBackward0>)
epoch: 0 batch 570.0 event: 17100 loss: tensor(1967.7357, device='cuda:0', grad_fn=<DivBackward0>)
epoch: 0 batch 580.0 event: 17400 loss: tensor(2007.4188, device='cuda:0', grad_fn=<DivBackward0>)
epoch: 0 batch 590.0 event: 17700 loss: tensor(1756.4127, device='cuda:0', grad_fn=<DivBackward0>)
epoch: 0 batch 600.0 event: 18000 loss: tensor(1586.0286, device='cuda:0', grad_fn=<DivBackward0>)
epoch: 0 batch 610.0 event: 18300 loss: tensor(1979.6490, device='cuda:0', grad_fn=<DivBackward0>)
epoch: 0 batch 620.0 event: 18600 loss: tensor(1959.2258, device='cuda:0', grad_fn=<DivBackward0>)
epoch: 0 batch 630.0 event: 18900 loss: tensor(1777.3121, device='cuda:0', grad_fn=<DivBackward0>)
epoch: 0 batch 640.0 event: 19200 loss: tensor(1780.3929, device='cuda:0', grad_fn=<DivBackward0>)
epoch: 0 batch 650.0 event: 19500 loss: tensor(1819.8219, device='cuda:0', grad_fn=<DivBackward0>)
epoch: 0 batch 660.0 event: 19800 loss: tensor(1919.2897, device='cuda:0', grad_fn=<DivBackward0>)
time passed so far:
 0:00:20.093879
evaluation loss: 1990.354736328125
epoch: 0 mean loss: 1883.704833984375
=> saveing checkpoint at epoch 0
checkpoint is saved at: /hpcfs/bes/mlgpu/hoseinkk/MLTracking/otherparticles/pppipi/pyt_pppipi_cnn_1
Traceback (most recent call last):
  File "/hpcfs/bes/mlgpu/hoseinkk/MLTracking/otherparticles/pppipi/pyt_pppipi_cnn_1/./Training.py", line 95, in <module>
    datnon = (sitonsquare(truevaluebatch.reshape(-1, 6796)) > 0).to('cpu')  #torch.Tensor.cpu(TrvTen[i].reshape(6796)).numpy() > 0
  File "/hpcfs/bes/mlgpu/hoseinkk/MLTracking/otherparticles/pppipi/pyt_pppipi_cnn_1/DataLoad.py", line 44, in sitonsquare
    sqevent[i, j + 144] = event[(wiresum[i]) + j + w]
ValueError: only one element tensors can be converted to Python scalars

real	0m52.451s
user	0m46.947s
sys	0m24.510s
