0: cmsgpu001.ihep.ac.cn
GPU 0: NVIDIA A100-PCIE-40GB (UUID: GPU-83673d1f-01b2-490d-5bc6-a84aaf3ddc65)
Allocate GPU cards : 0

modinfo:
filename:       /lib/modules/3.10.0-1160.71.1.el7.x86_64/extra/nvidia.ko.xz
firmware:       nvidia/515.65.01/gsp.bin
alias:          char-major-195-*
version:        515.65.01
supported:      external
license:        NVIDIA
retpoline:      Y
rhelversion:    7.9
srcversion:     8049D44E2C1B08F41E1B8A6
alias:          pci:v000010DEd*sv*sd*bc06sc80i00*
alias:          pci:v000010DEd*sv*sd*bc03sc02i00*
alias:          pci:v000010DEd*sv*sd*bc03sc00i00*
depends:        drm
vermagic:       3.10.0-1160.71.1.el7.x86_64 SMP mod_unload modversions 
signer:         DKMS module signing key
sig_key:        9B:9E:55:A9:86:D9:50:0B:6D:2D:9F:BA:A7:E6:45:39:D4:DD:5F:C6
sig_hashalgo:   sha512
parm:           NvSwitchRegDwords:NvSwitch regkey (charp)
parm:           NvSwitchBlacklist:NvSwitchBlacklist=uuid[,uuid...] (charp)
parm:           NVreg_ResmanDebugLevel:int
parm:           NVreg_RmLogonRC:int
parm:           NVreg_ModifyDeviceFiles:int
parm:           NVreg_DeviceFileUID:int
parm:           NVreg_DeviceFileGID:int
parm:           NVreg_DeviceFileMode:int
parm:           NVreg_InitializeSystemMemoryAllocations:int
parm:           NVreg_UsePageAttributeTable:int
parm:           NVreg_EnablePCIeGen3:int
parm:           NVreg_EnableMSI:int
parm:           NVreg_TCEBypassMode:int
parm:           NVreg_EnableStreamMemOPs:int
parm:           NVreg_RestrictProfilingToAdminUsers:int
parm:           NVreg_PreserveVideoMemoryAllocations:int
parm:           NVreg_EnableS0ixPowerManagement:int
parm:           NVreg_S0ixPowerManagementVideoMemoryThreshold:int
parm:           NVreg_DynamicPowerManagement:int
parm:           NVreg_DynamicPowerManagementVideoMemoryThreshold:int
parm:           NVreg_EnableGpuFirmware:int
parm:           NVreg_EnableGpuFirmwareLogs:int
parm:           NVreg_OpenRmEnableUnsupportedGpus:int
parm:           NVreg_EnableUserNUMAManagement:int
parm:           NVreg_MemoryPoolSize:int
parm:           NVreg_KMallocHeapMaxSize:int
parm:           NVreg_VMallocHeapMaxSize:int
parm:           NVreg_IgnoreMMIOCheck:int
parm:           NVreg_NvLinkDisable:int
parm:           NVreg_EnablePCIERelaxedOrderingMode:int
parm:           NVreg_RegisterPCIDriver:int
parm:           NVreg_EnableDbgBreakpoint:int
parm:           NVreg_RegistryDwords:charp
parm:           NVreg_RegistryDwordsPerDevice:charp
parm:           NVreg_RmMsg:charp
parm:           NVreg_GpuBlacklist:charp
parm:           NVreg_TemporaryFilePath:charp
parm:           NVreg_ExcludedGpus:charp
parm:           NVreg_DmaRemapPeerMmio:int
parm:           rm_firmware_active:charp

nvidia-smi:
Mon Aug 29 15:19:59 2022       
+-----------------------------------------------------------------------------+
| NVIDIA-SMI 515.65.01    Driver Version: 515.65.01    CUDA Version: 11.7     |
|-------------------------------+----------------------+----------------------+
| GPU  Name        Persistence-M| Bus-Id        Disp.A | Volatile Uncorr. ECC |
| Fan  Temp  Perf  Pwr:Usage/Cap|         Memory-Usage | GPU-Util  Compute M. |
|                               |                      |               MIG M. |
|===============================+======================+======================|
|   0  NVIDIA A100-PCI...  On   | 00000000:3B:00.0 Off |                    0 |
| N/A   22C    P0    32W / 250W |      0MiB / 40960MiB |      0%      Default |
|                               |                      |             Disabled |
+-------------------------------+----------------------+----------------------+
                                                                               
+-----------------------------------------------------------------------------+
| Processes:                                                                  |
|  GPU   GI   CI        PID   Type   Process name                  GPU Memory |
|        ID   ID                                                   Usage      |
|=============================================================================|
|  No running processes found                                                 |
+-----------------------------------------------------------------------------+

nvcc --version:
nvcc: NVIDIA (R) Cuda compiler driver
Copyright (c) 2005-2021 NVIDIA Corporation
Built on Sun_Mar_21_19:15:46_PDT_2021
Cuda compilation tools, release 11.3, V11.3.58
Build cuda_11.3.r11.3/compiler.29745058_0

 torch version: 1.10.2

 cuda version: 11.3

 is cuda available: True

 CUDNN VERSION: 8200

 Number CUDA Devices: 1

 CUDA Device Name: NVIDIA A100-PCIE-40GB

 CUDA Device Total Memory [GB]: 42.358472704

 Device capability: (8, 0) 

 Cuda deviice: <torch.cuda.device object at 0x2acf6981b8e0> 

 Is cuda initialized: True

 CUDA_HOME: /hpcfs/bes/mlgpu/hoseinkk/Miniconda3/envs/dgl1

real	0m5.867s
user	0m2.716s
sys	0m1.320s
/hpcfs/bes/mlgpu/hoseinkk/Miniconda3/envs/dgl1/lib/python3.9/site-packages/cupy/_environment.py:438: UserWarning: 
--------------------------------------------------------------------------------

  CuPy may not function correctly because multiple CuPy packages are installed
  in your environment:

    cupy, cupy-cuda110

  Follow these steps to resolve this issue:

    1. For all packages listed above, run the following command to remove all
       existing CuPy installations:

         $ pip uninstall <package_name>

      If you previously installed CuPy via conda, also run the following:

         $ conda uninstall cupy

    2. Install the appropriate CuPy package.
       Refer to the Installation Guide for detailed instructions.

         https://docs.cupy.dev/en/stable/install.html

--------------------------------------------------------------------------------

  warnings.warn(f'''
/hpcfs/bes/mlgpu/hoseinkk/Miniconda3/envs/dgl1/lib/python3.9/site-packages/torch/nn/functional.py:1806: UserWarning: nn.functional.sigmoid is deprecated. Use torch.sigmoid instead.
  warnings.warn("nn.functional.sigmoid is deprecated. Use torch.sigmoid instead.")




 Training ... 






 The Network ... 







 Loading data ... 



training set shape (20000, 43, 288) 
sum 5279207

target set shape (20000, 6796) 
sum 4575851
Net(
  (conv1): Conv2d(1, 256, kernel_size=(3, 3), stride=(1, 1))
  (conv2): Conv2d(256, 128, kernel_size=(3, 3), stride=(1, 1))
  (conv3): Conv2d(128, 64, kernel_size=(3, 3), stride=(1, 1))
  (fc1): Linear(in_features=667776, out_features=256, bias=True)
  (fc2): Linear(in_features=256, out_features=128, bias=True)
  (fc3): Linear(in_features=128, out_features=64, bias=True)
  (fc4): Linear(in_features=64, out_features=6796, bias=True)
)

number of the free parameters: 171805196
parameters of the network conv1.weight 
 torch.Size([256, 1, 3, 3]) 
 True 
 tensor([[[[-0.2340,  0.0139, -0.0097],
          [ 0.0391,  0.1865,  0.2234],
          [-0.3180,  0.0447, -0.0556]]],


        [[[ 0.1799, -0.1832, -0.1561],
          [-0.0510,  0.1480,  0.2404],
          [ 0.0579,  0.3167, -0.0258]]],


        [[[-0.2045,  0.2297, -0.1555],
          [ 0.1725,  0.1684, -0.0875],
          [-0.2807, -0.0349,  0.2928]]],


        ...,


        [[[ 0.0048, -0.2619, -0.0739],
          [ 0.0881,  0.3333, -0.1807],
          [ 0.1917,  0.2951, -0.2800]]],


        [[[-0.3272,  0.3181, -0.1292],
          [-0.1100, -0.2335,  0.2871],
          [-0.0989, -0.2656, -0.0783]]],


        [[[ 0.0101,  0.3068,  0.1679],
          [-0.1125,  0.1345, -0.2754],
          [-0.0105,  0.0052, -0.3290]]]], device='cuda:0') 
 Parameter containing:
tensor([[[[-0.2340,  0.0139, -0.0097],
          [ 0.0391,  0.1865,  0.2234],
          [-0.3180,  0.0447, -0.0556]]],


        [[[ 0.1799, -0.1832, -0.1561],
          [-0.0510,  0.1480,  0.2404],
          [ 0.0579,  0.3167, -0.0258]]],


        [[[-0.2045,  0.2297, -0.1555],
          [ 0.1725,  0.1684, -0.0875],
          [-0.2807, -0.0349,  0.2928]]],


        ...,


        [[[ 0.0048, -0.2619, -0.0739],
          [ 0.0881,  0.3333, -0.1807],
          [ 0.1917,  0.2951, -0.2800]]],


        [[[-0.3272,  0.3181, -0.1292],
          [-0.1100, -0.2335,  0.2871],
          [-0.0989, -0.2656, -0.0783]]],


        [[[ 0.0101,  0.3068,  0.1679],
          [-0.1125,  0.1345, -0.2754],
          [-0.0105,  0.0052, -0.3290]]]], device='cuda:0', requires_grad=True)
parameters of the network conv1.bias 
 torch.Size([256]) 
 True 
 tensor([ 0.1055,  0.1264,  0.0223, -0.1010,  0.0824,  0.2353, -0.1145, -0.1586,
         0.1507,  0.0499, -0.2151, -0.2743,  0.0948, -0.1618, -0.0239,  0.1681,
        -0.0759,  0.2390,  0.1023,  0.1697,  0.0410, -0.0662,  0.1151, -0.0918,
        -0.1938,  0.0305, -0.2934,  0.2342, -0.2481,  0.1304,  0.0431,  0.3199,
         0.1196,  0.1563, -0.1369,  0.2784,  0.1505,  0.2262,  0.2919,  0.2194,
         0.2131,  0.0858,  0.2566, -0.0271,  0.1061,  0.2166, -0.1163, -0.0982,
        -0.1589,  0.1011, -0.1185, -0.0279, -0.2454, -0.1962,  0.3233,  0.1660,
         0.1516, -0.0546, -0.0141,  0.2608, -0.2131, -0.2850,  0.0730,  0.2955,
         0.0124, -0.0260,  0.0147, -0.1380,  0.1322, -0.2908, -0.3055, -0.3034,
        -0.2419, -0.0827,  0.2573, -0.2586,  0.0071,  0.1208,  0.3306,  0.0881,
         0.0516, -0.0724, -0.1319, -0.0659,  0.2076,  0.2246, -0.2670,  0.2418,
        -0.2882, -0.0551, -0.0087,  0.0911,  0.3294, -0.1195,  0.1339,  0.3060,
        -0.2031, -0.2489,  0.0599, -0.0891, -0.0934,  0.2144,  0.1364,  0.2157,
        -0.2814,  0.0283, -0.2436,  0.0455, -0.0020, -0.2179, -0.2039, -0.2292,
        -0.2321,  0.0852,  0.2842, -0.2731,  0.2277,  0.1459,  0.2816, -0.2765,
        -0.0242,  0.0278,  0.1412,  0.0743, -0.0150, -0.2650,  0.1260,  0.1882,
         0.0478, -0.1228, -0.3326, -0.1541,  0.2883,  0.2111, -0.2419,  0.0239,
         0.2266, -0.1408, -0.3008, -0.1911,  0.2641,  0.2715, -0.2396,  0.0475,
         0.3120, -0.0722, -0.1406,  0.0762,  0.1413, -0.0356,  0.0895,  0.2818,
         0.1054,  0.0351,  0.1322,  0.0577,  0.1976, -0.0854, -0.1546, -0.2618,
        -0.1365, -0.1857,  0.0195, -0.0948, -0.2222, -0.0149, -0.0965,  0.1609,
         0.3164, -0.3231, -0.2397, -0.2541,  0.1938,  0.0427,  0.2806, -0.0843,
        -0.0111, -0.1150, -0.2882, -0.1485, -0.1938, -0.2265,  0.1411, -0.2715,
         0.0728, -0.2576,  0.1147, -0.3163,  0.0430, -0.0633,  0.1916,  0.2915,
         0.1909, -0.2392,  0.1430, -0.0144, -0.0554, -0.0964,  0.0529,  0.3183,
        -0.1805, -0.1846,  0.2108, -0.0173, -0.1490,  0.1512,  0.3292, -0.3251,
         0.1499, -0.2996,  0.2582,  0.1205,  0.2774, -0.1792, -0.3118, -0.0649,
         0.2247, -0.0797, -0.0623, -0.1460,  0.3156,  0.0998, -0.0755, -0.1167,
         0.2830, -0.1086, -0.0420, -0.1817,  0.2076,  0.1477,  0.2225, -0.1875,
         0.1121, -0.2771,  0.0230, -0.1423, -0.1130, -0.2821,  0.1873, -0.0281,
         0.3204,  0.0833, -0.2916, -0.2924, -0.0666, -0.0224, -0.2853,  0.1722,
         0.2522,  0.0012,  0.1580, -0.2776,  0.0179, -0.0990, -0.1899, -0.0805],
       device='cuda:0') 
 Parameter containing:
tensor([ 0.1055,  0.1264,  0.0223, -0.1010,  0.0824,  0.2353, -0.1145, -0.1586,
         0.1507,  0.0499, -0.2151, -0.2743,  0.0948, -0.1618, -0.0239,  0.1681,
        -0.0759,  0.2390,  0.1023,  0.1697,  0.0410, -0.0662,  0.1151, -0.0918,
        -0.1938,  0.0305, -0.2934,  0.2342, -0.2481,  0.1304,  0.0431,  0.3199,
         0.1196,  0.1563, -0.1369,  0.2784,  0.1505,  0.2262,  0.2919,  0.2194,
         0.2131,  0.0858,  0.2566, -0.0271,  0.1061,  0.2166, -0.1163, -0.0982,
        -0.1589,  0.1011, -0.1185, -0.0279, -0.2454, -0.1962,  0.3233,  0.1660,
         0.1516, -0.0546, -0.0141,  0.2608, -0.2131, -0.2850,  0.0730,  0.2955,
         0.0124, -0.0260,  0.0147, -0.1380,  0.1322, -0.2908, -0.3055, -0.3034,
        -0.2419, -0.0827,  0.2573, -0.2586,  0.0071,  0.1208,  0.3306,  0.0881,
         0.0516, -0.0724, -0.1319, -0.0659,  0.2076,  0.2246, -0.2670,  0.2418,
        -0.2882, -0.0551, -0.0087,  0.0911,  0.3294, -0.1195,  0.1339,  0.3060,
        -0.2031, -0.2489,  0.0599, -0.0891, -0.0934,  0.2144,  0.1364,  0.2157,
        -0.2814,  0.0283, -0.2436,  0.0455, -0.0020, -0.2179, -0.2039, -0.2292,
        -0.2321,  0.0852,  0.2842, -0.2731,  0.2277,  0.1459,  0.2816, -0.2765,
        -0.0242,  0.0278,  0.1412,  0.0743, -0.0150, -0.2650,  0.1260,  0.1882,
         0.0478, -0.1228, -0.3326, -0.1541,  0.2883,  0.2111, -0.2419,  0.0239,
         0.2266, -0.1408, -0.3008, -0.1911,  0.2641,  0.2715, -0.2396,  0.0475,
         0.3120, -0.0722, -0.1406,  0.0762,  0.1413, -0.0356,  0.0895,  0.2818,
         0.1054,  0.0351,  0.1322,  0.0577,  0.1976, -0.0854, -0.1546, -0.2618,
        -0.1365, -0.1857,  0.0195, -0.0948, -0.2222, -0.0149, -0.0965,  0.1609,
         0.3164, -0.3231, -0.2397, -0.2541,  0.1938,  0.0427,  0.2806, -0.0843,
        -0.0111, -0.1150, -0.2882, -0.1485, -0.1938, -0.2265,  0.1411, -0.2715,
         0.0728, -0.2576,  0.1147, -0.3163,  0.0430, -0.0633,  0.1916,  0.2915,
         0.1909, -0.2392,  0.1430, -0.0144, -0.0554, -0.0964,  0.0529,  0.3183,
        -0.1805, -0.1846,  0.2108, -0.0173, -0.1490,  0.1512,  0.3292, -0.3251,
         0.1499, -0.2996,  0.2582,  0.1205,  0.2774, -0.1792, -0.3118, -0.0649,
         0.2247, -0.0797, -0.0623, -0.1460,  0.3156,  0.0998, -0.0755, -0.1167,
         0.2830, -0.1086, -0.0420, -0.1817,  0.2076,  0.1477,  0.2225, -0.1875,
         0.1121, -0.2771,  0.0230, -0.1423, -0.1130, -0.2821,  0.1873, -0.0281,
         0.3204,  0.0833, -0.2916, -0.2924, -0.0666, -0.0224, -0.2853,  0.1722,
         0.2522,  0.0012,  0.1580, -0.2776,  0.0179, -0.0990, -0.1899, -0.0805],
       device='cuda:0', requires_grad=True)
parameters of the network conv2.weight 
 torch.Size([128, 256, 3, 3]) 
 True 
 tensor([[[[ 4.7721e-04, -1.6249e-02, -2.0003e-02],
          [-7.2522e-04,  6.9299e-03,  1.8262e-02],
          [ 1.0077e-02,  6.7796e-03,  8.3747e-03]],

         [[ 3.0770e-04,  7.0190e-03,  5.9054e-03],
          [ 6.5595e-03, -5.8940e-04,  6.5427e-03],
          [ 9.5024e-03, -1.3577e-02,  1.4635e-02]],

         [[-1.6509e-02,  7.0970e-03,  1.0210e-03],
          [-9.8908e-03,  1.0212e-02, -9.9625e-03],
          [ 1.3448e-02,  8.7826e-03,  1.8399e-02]],

         ...,

         [[ 8.7466e-03,  1.2288e-02, -1.2354e-02],
          [ 1.7697e-02, -1.2669e-02, -4.0143e-03],
          [-5.6170e-03,  1.6456e-02, -7.8306e-03]],

         [[-1.6427e-02, -1.3763e-02, -6.2521e-03],
          [-1.2920e-02,  1.6102e-02,  1.3313e-02],
          [-2.7355e-03, -1.4753e-02, -1.1168e-02]],

         [[-1.9120e-02, -1.2185e-02, -2.0483e-02],
          [ 1.0361e-02, -4.1080e-03, -1.0065e-02],
          [ 1.8369e-02, -3.7145e-03,  1.6113e-02]]],


        [[[-2.0260e-02,  1.0380e-02,  1.3721e-02],
          [-1.1739e-02,  1.5643e-02,  1.3250e-02],
          [ 1.7159e-02, -2.7921e-03,  8.6470e-04]],

         [[ 1.8686e-02, -1.2508e-02,  6.2590e-03],
          [ 1.4325e-02, -6.0032e-03, -1.5123e-02],
          [ 6.6248e-03,  1.4634e-03,  2.0259e-02]],

         [[ 1.9151e-02,  7.9077e-03,  1.5454e-03],
          [-8.0339e-03, -2.2381e-03, -1.7268e-02],
          [-4.3558e-03,  1.7257e-02,  1.3151e-02]],

         ...,

         [[ 3.2893e-03, -1.0172e-02, -8.6817e-03],
          [-4.5490e-03, -4.2773e-03, -1.2825e-02],
          [-1.6518e-02,  1.8886e-02,  2.0033e-03]],

         [[ 8.0108e-03,  1.7936e-02,  1.6616e-02],
          [ 1.8199e-02,  1.5830e-02,  3.0879e-03],
          [-1.9503e-02, -5.9446e-03,  6.9366e-03]],

         [[-4.5770e-03, -1.1507e-02,  1.3913e-02],
          [-1.4993e-02,  1.3751e-02,  6.2675e-03],
          [ 1.2438e-02,  1.9850e-02, -2.4802e-04]]],


        [[[-1.7414e-02, -3.7103e-03, -1.8401e-02],
          [ 1.0986e-02,  1.6032e-02, -1.5949e-02],
          [ 8.1782e-03,  8.9565e-03, -2.0410e-02]],

         [[ 1.2692e-02,  3.9332e-03, -2.0800e-02],
          [-9.8434e-03, -8.3442e-03,  5.5242e-03],
          [ 3.0749e-03, -1.1149e-03,  1.0881e-02]],

         [[-5.4031e-03, -5.6866e-03, -4.9663e-03],
          [ 1.9218e-02, -1.3604e-02, -9.2922e-04],
          [-1.0714e-02,  2.9982e-03,  1.8689e-02]],

         ...,

         [[ 3.9366e-03, -2.0730e-02, -5.0112e-03],
          [ 6.1453e-03, -5.9895e-03,  1.9269e-02],
          [ 1.6048e-02, -4.7831e-03, -1.3146e-02]],

         [[-3.5402e-03, -1.6210e-02,  9.9840e-03],
          [-1.9569e-03, -1.8474e-02, -2.0231e-02],
          [ 8.2094e-03, -1.5943e-02,  1.1090e-02]],

         [[-1.3490e-02,  1.0155e-02, -7.0113e-04],
          [ 6.2905e-03, -8.1815e-03,  1.5974e-02],
          [-1.1424e-02, -8.6798e-03, -5.3097e-03]]],


        ...,


        [[[-7.8797e-03, -4.4873e-03,  1.3460e-02],
          [-1.5833e-02, -1.2876e-02, -1.4910e-02],
          [ 1.2581e-02, -1.8550e-02, -1.1873e-02]],

         [[-1.1425e-02, -9.3534e-03, -1.1910e-02],
          [ 7.5002e-03, -1.0816e-02,  1.2677e-02],
          [ 1.3432e-03,  1.6482e-04,  1.2186e-02]],

         [[ 1.4477e-02, -1.2956e-02, -3.4258e-05],
          [ 2.0330e-02, -3.2330e-03,  1.8932e-02],
          [-2.0135e-02,  4.4240e-04, -1.9659e-02]],

         ...,

         [[-1.5131e-02,  1.5852e-02,  3.6483e-03],
          [-1.8886e-02, -2.2040e-03, -5.6348e-03],
          [-1.4181e-03, -1.4798e-02,  8.2724e-03]],

         [[ 2.6945e-03,  1.1814e-02,  1.4099e-02],
          [ 1.3538e-02,  2.0979e-04, -1.4898e-02],
          [ 1.5694e-02, -1.8393e-02,  1.5084e-02]],

         [[ 1.7745e-02, -2.3224e-03, -1.3828e-02],
          [ 1.2727e-02,  1.5742e-02, -1.8678e-02],
          [ 6.5992e-03, -2.0020e-02, -1.7518e-02]]],


        [[[ 5.9752e-03,  8.3864e-03,  1.4410e-03],
          [-2.7808e-03, -6.5172e-03,  1.5806e-02],
          [ 1.5113e-02,  1.8956e-02, -1.4995e-02]],

         [[ 1.5089e-02,  1.6957e-02, -1.7081e-02],
          [ 1.6875e-02,  9.2524e-03,  1.7079e-02],
          [ 1.7660e-02, -2.9912e-03,  9.0830e-03]],

         [[ 1.2172e-03, -3.8980e-03, -1.6060e-02],
          [ 4.5093e-03,  1.7412e-02,  7.0707e-03],
          [ 1.8205e-02,  6.4995e-03, -5.5486e-03]],

         ...,

         [[-6.2254e-03,  1.0925e-02,  1.0411e-02],
          [ 8.0447e-03, -1.5421e-02, -1.1483e-02],
          [-6.4408e-03,  1.3239e-02,  1.9733e-02]],

         [[-1.7778e-02,  6.1305e-03,  3.4011e-03],
          [ 5.1587e-03, -3.6933e-03,  3.2996e-03],
          [-6.9949e-03, -1.8026e-02, -3.7516e-03]],

         [[-1.2085e-02, -1.6095e-02, -9.6921e-03],
          [ 3.0135e-03, -4.6248e-03, -7.9985e-03],
          [-8.5682e-03, -9.8863e-03, -1.0983e-03]]],


        [[[ 1.8933e-02,  6.8043e-03, -1.2436e-04],
          [-1.5264e-02,  2.7299e-03,  1.9582e-02],
          [ 1.1805e-02, -1.6840e-02, -4.4791e-03]],

         [[ 1.8292e-02, -1.4587e-02,  1.2624e-02],
          [ 1.7631e-02, -1.8300e-02,  1.9511e-02],
          [ 5.1228e-03, -6.7747e-04, -8.9499e-03]],

         [[ 9.8287e-03, -1.3143e-02,  3.5393e-03],
          [-7.7040e-03,  1.3661e-02,  1.7830e-02],
          [-1.5344e-02, -3.8363e-03,  1.9802e-02]],

         ...,

         [[-1.6965e-02,  1.6715e-02,  1.7856e-02],
          [ 9.3760e-03,  2.0073e-02,  1.6285e-02],
          [-7.7289e-03, -3.3354e-03, -4.9620e-04]],

         [[-1.8571e-02, -2.0514e-02,  1.0017e-02],
          [ 1.1964e-02,  2.9431e-03, -1.8627e-02],
          [-1.9787e-02,  1.3273e-02, -1.0890e-04]],

         [[-3.8991e-03,  6.7858e-03,  7.1463e-03],
          [ 3.7343e-03, -1.9534e-02, -1.7838e-02],
          [ 1.0548e-02,  1.2045e-02,  5.9672e-03]]]], device='cuda:0') 
 Parameter containing:
tensor([[[[ 4.7721e-04, -1.6249e-02, -2.0003e-02],
          [-7.2522e-04,  6.9299e-03,  1.8262e-02],
          [ 1.0077e-02,  6.7796e-03,  8.3747e-03]],

         [[ 3.0770e-04,  7.0190e-03,  5.9054e-03],
          [ 6.5595e-03, -5.8940e-04,  6.5427e-03],
          [ 9.5024e-03, -1.3577e-02,  1.4635e-02]],

         [[-1.6509e-02,  7.0970e-03,  1.0210e-03],
          [-9.8908e-03,  1.0212e-02, -9.9625e-03],
          [ 1.3448e-02,  8.7826e-03,  1.8399e-02]],

         ...,

         [[ 8.7466e-03,  1.2288e-02, -1.2354e-02],
          [ 1.7697e-02, -1.2669e-02, -4.0143e-03],
          [-5.6170e-03,  1.6456e-02, -7.8306e-03]],

         [[-1.6427e-02, -1.3763e-02, -6.2521e-03],
          [-1.2920e-02,  1.6102e-02,  1.3313e-02],
          [-2.7355e-03, -1.4753e-02, -1.1168e-02]],

         [[-1.9120e-02, -1.2185e-02, -2.0483e-02],
          [ 1.0361e-02, -4.1080e-03, -1.0065e-02],
          [ 1.8369e-02, -3.7145e-03,  1.6113e-02]]],


        [[[-2.0260e-02,  1.0380e-02,  1.3721e-02],
          [-1.1739e-02,  1.5643e-02,  1.3250e-02],
          [ 1.7159e-02, -2.7921e-03,  8.6470e-04]],

         [[ 1.8686e-02, -1.2508e-02,  6.2590e-03],
          [ 1.4325e-02, -6.0032e-03, -1.5123e-02],
          [ 6.6248e-03,  1.4634e-03,  2.0259e-02]],

         [[ 1.9151e-02,  7.9077e-03,  1.5454e-03],
          [-8.0339e-03, -2.2381e-03, -1.7268e-02],
          [-4.3558e-03,  1.7257e-02,  1.3151e-02]],

         ...,

         [[ 3.2893e-03, -1.0172e-02, -8.6817e-03],
          [-4.5490e-03, -4.2773e-03, -1.2825e-02],
          [-1.6518e-02,  1.8886e-02,  2.0033e-03]],

         [[ 8.0108e-03,  1.7936e-02,  1.6616e-02],
          [ 1.8199e-02,  1.5830e-02,  3.0879e-03],
          [-1.9503e-02, -5.9446e-03,  6.9366e-03]],

         [[-4.5770e-03, -1.1507e-02,  1.3913e-02],
          [-1.4993e-02,  1.3751e-02,  6.2675e-03],
          [ 1.2438e-02,  1.9850e-02, -2.4802e-04]]],


        [[[-1.7414e-02, -3.7103e-03, -1.8401e-02],
          [ 1.0986e-02,  1.6032e-02, -1.5949e-02],
          [ 8.1782e-03,  8.9565e-03, -2.0410e-02]],

         [[ 1.2692e-02,  3.9332e-03, -2.0800e-02],
          [-9.8434e-03, -8.3442e-03,  5.5242e-03],
          [ 3.0749e-03, -1.1149e-03,  1.0881e-02]],

         [[-5.4031e-03, -5.6866e-03, -4.9663e-03],
          [ 1.9218e-02, -1.3604e-02, -9.2922e-04],
          [-1.0714e-02,  2.9982e-03,  1.8689e-02]],

         ...,

         [[ 3.9366e-03, -2.0730e-02, -5.0112e-03],
          [ 6.1453e-03, -5.9895e-03,  1.9269e-02],
          [ 1.6048e-02, -4.7831e-03, -1.3146e-02]],

         [[-3.5402e-03, -1.6210e-02,  9.9840e-03],
          [-1.9569e-03, -1.8474e-02, -2.0231e-02],
          [ 8.2094e-03, -1.5943e-02,  1.1090e-02]],

         [[-1.3490e-02,  1.0155e-02, -7.0113e-04],
          [ 6.2905e-03, -8.1815e-03,  1.5974e-02],
          [-1.1424e-02, -8.6798e-03, -5.3097e-03]]],


        ...,


        [[[-7.8797e-03, -4.4873e-03,  1.3460e-02],
          [-1.5833e-02, -1.2876e-02, -1.4910e-02],
          [ 1.2581e-02, -1.8550e-02, -1.1873e-02]],

         [[-1.1425e-02, -9.3534e-03, -1.1910e-02],
          [ 7.5002e-03, -1.0816e-02,  1.2677e-02],
          [ 1.3432e-03,  1.6482e-04,  1.2186e-02]],

         [[ 1.4477e-02, -1.2956e-02, -3.4258e-05],
          [ 2.0330e-02, -3.2330e-03,  1.8932e-02],
          [-2.0135e-02,  4.4240e-04, -1.9659e-02]],

         ...,

         [[-1.5131e-02,  1.5852e-02,  3.6483e-03],
          [-1.8886e-02, -2.2040e-03, -5.6348e-03],
          [-1.4181e-03, -1.4798e-02,  8.2724e-03]],

         [[ 2.6945e-03,  1.1814e-02,  1.4099e-02],
          [ 1.3538e-02,  2.0979e-04, -1.4898e-02],
          [ 1.5694e-02, -1.8393e-02,  1.5084e-02]],

         [[ 1.7745e-02, -2.3224e-03, -1.3828e-02],
          [ 1.2727e-02,  1.5742e-02, -1.8678e-02],
          [ 6.5992e-03, -2.0020e-02, -1.7518e-02]]],


        [[[ 5.9752e-03,  8.3864e-03,  1.4410e-03],
          [-2.7808e-03, -6.5172e-03,  1.5806e-02],
          [ 1.5113e-02,  1.8956e-02, -1.4995e-02]],

         [[ 1.5089e-02,  1.6957e-02, -1.7081e-02],
          [ 1.6875e-02,  9.2524e-03,  1.7079e-02],
          [ 1.7660e-02, -2.9912e-03,  9.0830e-03]],

         [[ 1.2172e-03, -3.8980e-03, -1.6060e-02],
          [ 4.5093e-03,  1.7412e-02,  7.0707e-03],
          [ 1.8205e-02,  6.4995e-03, -5.5486e-03]],

         ...,

         [[-6.2254e-03,  1.0925e-02,  1.0411e-02],
          [ 8.0447e-03, -1.5421e-02, -1.1483e-02],
          [-6.4408e-03,  1.3239e-02,  1.9733e-02]],

         [[-1.7778e-02,  6.1305e-03,  3.4011e-03],
          [ 5.1587e-03, -3.6933e-03,  3.2996e-03],
          [-6.9949e-03, -1.8026e-02, -3.7516e-03]],

         [[-1.2085e-02, -1.6095e-02, -9.6921e-03],
          [ 3.0135e-03, -4.6248e-03, -7.9985e-03],
          [-8.5682e-03, -9.8863e-03, -1.0983e-03]]],


        [[[ 1.8933e-02,  6.8043e-03, -1.2436e-04],
          [-1.5264e-02,  2.7299e-03,  1.9582e-02],
          [ 1.1805e-02, -1.6840e-02, -4.4791e-03]],

         [[ 1.8292e-02, -1.4587e-02,  1.2624e-02],
          [ 1.7631e-02, -1.8300e-02,  1.9511e-02],
          [ 5.1228e-03, -6.7747e-04, -8.9499e-03]],

         [[ 9.8287e-03, -1.3143e-02,  3.5393e-03],
          [-7.7040e-03,  1.3661e-02,  1.7830e-02],
          [-1.5344e-02, -3.8363e-03,  1.9802e-02]],

         ...,

         [[-1.6965e-02,  1.6715e-02,  1.7856e-02],
          [ 9.3760e-03,  2.0073e-02,  1.6285e-02],
          [-7.7289e-03, -3.3354e-03, -4.9620e-04]],

         [[-1.8571e-02, -2.0514e-02,  1.0017e-02],
          [ 1.1964e-02,  2.9431e-03, -1.8627e-02],
          [-1.9787e-02,  1.3273e-02, -1.0890e-04]],

         [[-3.8991e-03,  6.7858e-03,  7.1463e-03],
          [ 3.7343e-03, -1.9534e-02, -1.7838e-02],
          [ 1.0548e-02,  1.2045e-02,  5.9672e-03]]]], device='cuda:0',
       requires_grad=True)
parameters of the network conv2.bias 
 torch.Size([128]) 
 True 
 tensor([ 0.0182, -0.0112, -0.0096, -0.0077,  0.0185, -0.0030,  0.0127,  0.0150,
        -0.0023,  0.0049, -0.0029, -0.0151,  0.0011, -0.0073,  0.0141, -0.0148,
        -0.0082,  0.0142,  0.0152,  0.0085, -0.0026, -0.0159, -0.0076,  0.0127,
        -0.0065, -0.0029,  0.0093, -0.0169,  0.0133, -0.0132,  0.0139, -0.0106,
        -0.0133, -0.0133,  0.0192, -0.0124,  0.0165,  0.0025, -0.0060,  0.0146,
        -0.0063,  0.0019,  0.0036,  0.0104, -0.0017, -0.0095, -0.0006,  0.0109,
         0.0046,  0.0194, -0.0175, -0.0098, -0.0130, -0.0175,  0.0070,  0.0180,
        -0.0159,  0.0127, -0.0125,  0.0011,  0.0031,  0.0024,  0.0085, -0.0170,
         0.0013,  0.0120, -0.0170,  0.0087, -0.0131, -0.0158, -0.0101, -0.0136,
         0.0117, -0.0171,  0.0136,  0.0108,  0.0047,  0.0197,  0.0072, -0.0109,
        -0.0056, -0.0071,  0.0051, -0.0043,  0.0039,  0.0106,  0.0156,  0.0040,
        -0.0004, -0.0096,  0.0094,  0.0174, -0.0072,  0.0013,  0.0141,  0.0163,
        -0.0038,  0.0174,  0.0014,  0.0023, -0.0128, -0.0159,  0.0017, -0.0067,
         0.0082, -0.0082,  0.0008, -0.0205, -0.0186, -0.0002, -0.0165,  0.0031,
         0.0006, -0.0007, -0.0072,  0.0201, -0.0102, -0.0168, -0.0063, -0.0147,
        -0.0150,  0.0126,  0.0173,  0.0166,  0.0003, -0.0022, -0.0065,  0.0142],
       device='cuda:0') 
 Parameter containing:
tensor([ 0.0182, -0.0112, -0.0096, -0.0077,  0.0185, -0.0030,  0.0127,  0.0150,
        -0.0023,  0.0049, -0.0029, -0.0151,  0.0011, -0.0073,  0.0141, -0.0148,
        -0.0082,  0.0142,  0.0152,  0.0085, -0.0026, -0.0159, -0.0076,  0.0127,
        -0.0065, -0.0029,  0.0093, -0.0169,  0.0133, -0.0132,  0.0139, -0.0106,
        -0.0133, -0.0133,  0.0192, -0.0124,  0.0165,  0.0025, -0.0060,  0.0146,
        -0.0063,  0.0019,  0.0036,  0.0104, -0.0017, -0.0095, -0.0006,  0.0109,
         0.0046,  0.0194, -0.0175, -0.0098, -0.0130, -0.0175,  0.0070,  0.0180,
        -0.0159,  0.0127, -0.0125,  0.0011,  0.0031,  0.0024,  0.0085, -0.0170,
         0.0013,  0.0120, -0.0170,  0.0087, -0.0131, -0.0158, -0.0101, -0.0136,
         0.0117, -0.0171,  0.0136,  0.0108,  0.0047,  0.0197,  0.0072, -0.0109,
        -0.0056, -0.0071,  0.0051, -0.0043,  0.0039,  0.0106,  0.0156,  0.0040,
        -0.0004, -0.0096,  0.0094,  0.0174, -0.0072,  0.0013,  0.0141,  0.0163,
        -0.0038,  0.0174,  0.0014,  0.0023, -0.0128, -0.0159,  0.0017, -0.0067,
         0.0082, -0.0082,  0.0008, -0.0205, -0.0186, -0.0002, -0.0165,  0.0031,
         0.0006, -0.0007, -0.0072,  0.0201, -0.0102, -0.0168, -0.0063, -0.0147,
        -0.0150,  0.0126,  0.0173,  0.0166,  0.0003, -0.0022, -0.0065,  0.0142],
       device='cuda:0', requires_grad=True)
parameters of the network conv3.weight 
 torch.Size([64, 128, 3, 3]) 
 True 
 tensor([[[[ 2.3834e-02,  2.3954e-02, -8.8843e-03],
          [-2.3783e-02, -2.0463e-02,  2.7389e-02],
          [ 2.2252e-02,  2.6644e-02, -1.0018e-02]],

         [[-9.8819e-03,  1.2980e-02, -2.0665e-02],
          [-2.7901e-02,  2.1187e-02,  2.1187e-02],
          [ 1.3852e-03, -3.0407e-03, -2.2755e-03]],

         [[-1.0922e-02, -2.2617e-02, -1.6437e-02],
          [-1.8262e-02,  3.6474e-03,  5.3506e-03],
          [ 7.5732e-03, -1.7315e-02,  1.7434e-02]],

         ...,

         [[ 2.1916e-02, -2.7706e-03, -9.4523e-03],
          [ 1.7755e-03, -8.0194e-03,  6.7377e-03],
          [-8.7718e-05, -1.1402e-03, -2.0918e-02]],

         [[-1.3400e-02,  1.2161e-02, -1.7673e-02],
          [ 6.3932e-03,  6.7354e-03,  8.2274e-03],
          [ 1.5493e-02, -4.3346e-03, -1.9033e-02]],

         [[ 2.2523e-02, -1.6833e-03,  2.8447e-02],
          [ 1.5606e-02, -1.9107e-02,  2.3871e-02],
          [-6.0436e-03, -1.0099e-02, -2.1581e-02]]],


        [[[-1.8047e-02, -2.6982e-02,  1.1391e-02],
          [ 1.2176e-04, -2.7205e-03,  2.6576e-02],
          [ 4.4012e-03, -2.7145e-02,  9.0410e-03]],

         [[ 1.8725e-02, -1.6654e-02,  2.7384e-02],
          [ 9.7116e-03,  2.2714e-02,  1.1374e-02],
          [-1.6524e-02, -4.2315e-03, -4.9399e-03]],

         [[-2.6511e-02,  9.9741e-03,  7.0737e-03],
          [ 1.9660e-02, -2.1379e-02, -4.6525e-03],
          [-2.8158e-03, -4.6311e-04,  2.6629e-02]],

         ...,

         [[ 2.5525e-02,  2.4622e-04, -2.2337e-02],
          [ 1.1919e-02,  1.3132e-02,  3.5727e-03],
          [-6.8883e-03,  2.7701e-02,  2.1990e-02]],

         [[ 2.5610e-02, -2.0323e-02, -1.8575e-02],
          [ 1.7816e-02, -1.9610e-03,  2.6643e-02],
          [-1.4462e-02,  2.6630e-03, -2.0087e-02]],

         [[ 2.3795e-02, -2.6220e-02, -2.5981e-02],
          [ 7.4979e-03, -6.3224e-03, -8.5663e-03],
          [-2.9167e-02,  2.5811e-02, -5.8266e-03]]],


        [[[ 6.0646e-03,  2.9203e-02,  2.0519e-02],
          [ 2.3258e-03, -1.7885e-02, -1.7795e-02],
          [-1.0736e-02,  8.3687e-03,  2.5202e-02]],

         [[ 2.4199e-02,  2.0260e-02, -2.1533e-03],
          [ 4.2071e-03, -2.4947e-02,  2.5799e-02],
          [ 2.1201e-03, -6.7633e-03,  1.5102e-03]],

         [[ 2.4239e-02, -2.8477e-02, -6.5071e-03],
          [ 2.8930e-02,  7.2812e-03, -1.9213e-02],
          [ 2.2655e-02, -9.6753e-03, -6.7201e-03]],

         ...,

         [[ 2.5076e-03,  1.1070e-02, -2.7341e-02],
          [ 6.5168e-03,  6.7386e-03, -2.2468e-02],
          [-1.3379e-02, -8.3704e-03, -2.7925e-02]],

         [[ 5.6716e-03,  2.2706e-02, -4.3541e-03],
          [ 1.4457e-03,  3.6359e-03, -1.5050e-02],
          [-1.9818e-02, -6.4317e-04,  1.1447e-02]],

         [[-6.1591e-03,  3.9042e-03,  1.2563e-02],
          [ 1.0795e-02, -5.5717e-03,  2.0636e-03],
          [-1.5150e-02, -1.1661e-02, -1.7566e-02]]],


        ...,


        [[[-2.2650e-02,  1.8105e-03, -1.7992e-03],
          [-1.8431e-02,  3.5500e-04, -2.4539e-02],
          [ 1.4279e-03,  2.7420e-03,  7.4767e-03]],

         [[-1.0529e-02,  2.8924e-02,  7.5200e-03],
          [-4.7373e-03, -8.3560e-03,  7.0401e-03],
          [ 2.0938e-02,  2.2908e-02,  1.2143e-02]],

         [[-8.9420e-03,  2.3670e-03, -2.8448e-02],
          [ 2.7527e-02, -4.4209e-03,  5.3778e-03],
          [ 2.5367e-02,  2.5961e-02,  1.8701e-02]],

         ...,

         [[ 2.6128e-02,  2.7452e-02, -1.8207e-02],
          [-1.8467e-02,  1.6273e-03, -1.2769e-02],
          [ 7.0888e-03,  2.4255e-02,  1.0089e-02]],

         [[-5.5675e-04,  2.9291e-02,  1.5973e-02],
          [ 2.1875e-02, -1.1990e-03, -1.4117e-02],
          [ 1.9321e-02, -6.4811e-03,  1.1158e-03]],

         [[ 1.4353e-02, -5.2880e-03, -4.2536e-03],
          [ 2.7241e-02, -2.5898e-02, -2.5960e-03],
          [-2.2481e-02, -8.7284e-04, -1.4133e-02]]],


        [[[-2.6896e-02,  2.5213e-02,  8.1298e-04],
          [ 9.2885e-03,  9.5103e-03, -2.5791e-02],
          [-1.8551e-02, -2.6619e-02, -9.6144e-03]],

         [[-5.9728e-03,  1.7908e-02,  2.7676e-02],
          [-1.2600e-02, -1.7621e-02, -9.4511e-03],
          [-1.5737e-02, -1.1401e-02, -2.5713e-02]],

         [[-2.5332e-02, -2.7095e-02, -4.3162e-03],
          [ 2.3569e-02,  9.1248e-03,  3.9760e-03],
          [-1.2614e-02,  1.8269e-02, -1.1718e-02]],

         ...,

         [[ 2.4837e-02,  2.7561e-03, -1.3610e-02],
          [ 2.9381e-02,  8.7020e-03,  1.3221e-02],
          [ 2.2270e-02,  9.8422e-03, -2.8976e-02]],

         [[ 2.4421e-02, -2.5367e-02,  2.1504e-02],
          [-6.2538e-03, -2.0584e-02, -9.6010e-03],
          [ 8.6502e-04,  7.3411e-03,  5.4318e-03]],

         [[-2.5289e-02, -2.6832e-03, -2.5472e-02],
          [ 8.6863e-03,  1.1762e-02,  1.3108e-02],
          [-2.3931e-02,  1.4749e-02,  9.1379e-03]]],


        [[[-8.7662e-03, -1.0341e-02, -7.8289e-03],
          [ 2.4741e-02,  2.3991e-02, -9.2975e-03],
          [ 1.6453e-02,  2.5811e-02,  2.8734e-05]],

         [[ 1.6550e-02, -2.5397e-02,  2.6571e-02],
          [ 2.6076e-02,  9.3115e-03,  1.5734e-02],
          [ 1.7508e-02, -2.5422e-02,  4.0237e-03]],

         [[ 2.5169e-02, -1.2107e-02,  2.2318e-02],
          [ 1.0930e-02, -2.4669e-02, -2.6642e-02],
          [ 1.8064e-02, -1.6473e-02,  1.4292e-02]],

         ...,

         [[-2.6526e-02, -1.2794e-02, -2.4199e-02],
          [-2.3693e-02, -3.4654e-03,  7.6745e-03],
          [-2.7670e-02, -1.1272e-02, -1.8304e-02]],

         [[ 1.5161e-02,  2.5628e-02,  1.6952e-02],
          [ 1.3059e-03, -5.4244e-03, -1.5844e-03],
          [ 2.4606e-03,  1.7084e-04, -2.2569e-02]],

         [[-5.0583e-03, -1.6052e-02,  1.4487e-03],
          [-1.3929e-02, -4.9343e-03, -1.0673e-03],
          [-3.9199e-03,  1.5774e-02, -2.7883e-02]]]], device='cuda:0') 
 Parameter containing:
tensor([[[[ 2.3834e-02,  2.3954e-02, -8.8843e-03],
          [-2.3783e-02, -2.0463e-02,  2.7389e-02],
          [ 2.2252e-02,  2.6644e-02, -1.0018e-02]],

         [[-9.8819e-03,  1.2980e-02, -2.0665e-02],
          [-2.7901e-02,  2.1187e-02,  2.1187e-02],
          [ 1.3852e-03, -3.0407e-03, -2.2755e-03]],

         [[-1.0922e-02, -2.2617e-02, -1.6437e-02],
          [-1.8262e-02,  3.6474e-03,  5.3506e-03],
          [ 7.5732e-03, -1.7315e-02,  1.7434e-02]],

         ...,

         [[ 2.1916e-02, -2.7706e-03, -9.4523e-03],
          [ 1.7755e-03, -8.0194e-03,  6.7377e-03],
          [-8.7718e-05, -1.1402e-03, -2.0918e-02]],

         [[-1.3400e-02,  1.2161e-02, -1.7673e-02],
          [ 6.3932e-03,  6.7354e-03,  8.2274e-03],
          [ 1.5493e-02, -4.3346e-03, -1.9033e-02]],

         [[ 2.2523e-02, -1.6833e-03,  2.8447e-02],
          [ 1.5606e-02, -1.9107e-02,  2.3871e-02],
          [-6.0436e-03, -1.0099e-02, -2.1581e-02]]],


        [[[-1.8047e-02, -2.6982e-02,  1.1391e-02],
          [ 1.2176e-04, -2.7205e-03,  2.6576e-02],
          [ 4.4012e-03, -2.7145e-02,  9.0410e-03]],

         [[ 1.8725e-02, -1.6654e-02,  2.7384e-02],
          [ 9.7116e-03,  2.2714e-02,  1.1374e-02],
          [-1.6524e-02, -4.2315e-03, -4.9399e-03]],

         [[-2.6511e-02,  9.9741e-03,  7.0737e-03],
          [ 1.9660e-02, -2.1379e-02, -4.6525e-03],
          [-2.8158e-03, -4.6311e-04,  2.6629e-02]],

         ...,

         [[ 2.5525e-02,  2.4622e-04, -2.2337e-02],
          [ 1.1919e-02,  1.3132e-02,  3.5727e-03],
          [-6.8883e-03,  2.7701e-02,  2.1990e-02]],

         [[ 2.5610e-02, -2.0323e-02, -1.8575e-02],
          [ 1.7816e-02, -1.9610e-03,  2.6643e-02],
          [-1.4462e-02,  2.6630e-03, -2.0087e-02]],

         [[ 2.3795e-02, -2.6220e-02, -2.5981e-02],
          [ 7.4979e-03, -6.3224e-03, -8.5663e-03],
          [-2.9167e-02,  2.5811e-02, -5.8266e-03]]],


        [[[ 6.0646e-03,  2.9203e-02,  2.0519e-02],
          [ 2.3258e-03, -1.7885e-02, -1.7795e-02],
          [-1.0736e-02,  8.3687e-03,  2.5202e-02]],

         [[ 2.4199e-02,  2.0260e-02, -2.1533e-03],
          [ 4.2071e-03, -2.4947e-02,  2.5799e-02],
          [ 2.1201e-03, -6.7633e-03,  1.5102e-03]],

         [[ 2.4239e-02, -2.8477e-02, -6.5071e-03],
          [ 2.8930e-02,  7.2812e-03, -1.9213e-02],
          [ 2.2655e-02, -9.6753e-03, -6.7201e-03]],

         ...,

         [[ 2.5076e-03,  1.1070e-02, -2.7341e-02],
          [ 6.5168e-03,  6.7386e-03, -2.2468e-02],
          [-1.3379e-02, -8.3704e-03, -2.7925e-02]],

         [[ 5.6716e-03,  2.2706e-02, -4.3541e-03],
          [ 1.4457e-03,  3.6359e-03, -1.5050e-02],
          [-1.9818e-02, -6.4317e-04,  1.1447e-02]],

         [[-6.1591e-03,  3.9042e-03,  1.2563e-02],
          [ 1.0795e-02, -5.5717e-03,  2.0636e-03],
          [-1.5150e-02, -1.1661e-02, -1.7566e-02]]],


        ...,


        [[[-2.2650e-02,  1.8105e-03, -1.7992e-03],
          [-1.8431e-02,  3.5500e-04, -2.4539e-02],
          [ 1.4279e-03,  2.7420e-03,  7.4767e-03]],

         [[-1.0529e-02,  2.8924e-02,  7.5200e-03],
          [-4.7373e-03, -8.3560e-03,  7.0401e-03],
          [ 2.0938e-02,  2.2908e-02,  1.2143e-02]],

         [[-8.9420e-03,  2.3670e-03, -2.8448e-02],
          [ 2.7527e-02, -4.4209e-03,  5.3778e-03],
          [ 2.5367e-02,  2.5961e-02,  1.8701e-02]],

         ...,

         [[ 2.6128e-02,  2.7452e-02, -1.8207e-02],
          [-1.8467e-02,  1.6273e-03, -1.2769e-02],
          [ 7.0888e-03,  2.4255e-02,  1.0089e-02]],

         [[-5.5675e-04,  2.9291e-02,  1.5973e-02],
          [ 2.1875e-02, -1.1990e-03, -1.4117e-02],
          [ 1.9321e-02, -6.4811e-03,  1.1158e-03]],

         [[ 1.4353e-02, -5.2880e-03, -4.2536e-03],
          [ 2.7241e-02, -2.5898e-02, -2.5960e-03],
          [-2.2481e-02, -8.7284e-04, -1.4133e-02]]],


        [[[-2.6896e-02,  2.5213e-02,  8.1298e-04],
          [ 9.2885e-03,  9.5103e-03, -2.5791e-02],
          [-1.8551e-02, -2.6619e-02, -9.6144e-03]],

         [[-5.9728e-03,  1.7908e-02,  2.7676e-02],
          [-1.2600e-02, -1.7621e-02, -9.4511e-03],
          [-1.5737e-02, -1.1401e-02, -2.5713e-02]],

         [[-2.5332e-02, -2.7095e-02, -4.3162e-03],
          [ 2.3569e-02,  9.1248e-03,  3.9760e-03],
          [-1.2614e-02,  1.8269e-02, -1.1718e-02]],

         ...,

         [[ 2.4837e-02,  2.7561e-03, -1.3610e-02],
          [ 2.9381e-02,  8.7020e-03,  1.3221e-02],
          [ 2.2270e-02,  9.8422e-03, -2.8976e-02]],

         [[ 2.4421e-02, -2.5367e-02,  2.1504e-02],
          [-6.2538e-03, -2.0584e-02, -9.6010e-03],
          [ 8.6502e-04,  7.3411e-03,  5.4318e-03]],

         [[-2.5289e-02, -2.6832e-03, -2.5472e-02],
          [ 8.6863e-03,  1.1762e-02,  1.3108e-02],
          [-2.3931e-02,  1.4749e-02,  9.1379e-03]]],


        [[[-8.7662e-03, -1.0341e-02, -7.8289e-03],
          [ 2.4741e-02,  2.3991e-02, -9.2975e-03],
          [ 1.6453e-02,  2.5811e-02,  2.8734e-05]],

         [[ 1.6550e-02, -2.5397e-02,  2.6571e-02],
          [ 2.6076e-02,  9.3115e-03,  1.5734e-02],
          [ 1.7508e-02, -2.5422e-02,  4.0237e-03]],

         [[ 2.5169e-02, -1.2107e-02,  2.2318e-02],
          [ 1.0930e-02, -2.4669e-02, -2.6642e-02],
          [ 1.8064e-02, -1.6473e-02,  1.4292e-02]],

         ...,

         [[-2.6526e-02, -1.2794e-02, -2.4199e-02],
          [-2.3693e-02, -3.4654e-03,  7.6745e-03],
          [-2.7670e-02, -1.1272e-02, -1.8304e-02]],

         [[ 1.5161e-02,  2.5628e-02,  1.6952e-02],
          [ 1.3059e-03, -5.4244e-03, -1.5844e-03],
          [ 2.4606e-03,  1.7084e-04, -2.2569e-02]],

         [[-5.0583e-03, -1.6052e-02,  1.4487e-03],
          [-1.3929e-02, -4.9343e-03, -1.0673e-03],
          [-3.9199e-03,  1.5774e-02, -2.7883e-02]]]], device='cuda:0',
       requires_grad=True)
parameters of the network conv3.bias 
 torch.Size([64]) 
 True 
 tensor([-0.0035, -0.0060, -0.0091, -0.0165, -0.0028, -0.0236,  0.0203,  0.0209,
        -0.0251, -0.0066,  0.0026, -0.0261,  0.0174, -0.0188, -0.0038,  0.0029,
         0.0268, -0.0272, -0.0040, -0.0076,  0.0033, -0.0122,  0.0122,  0.0029,
         0.0104, -0.0046,  0.0228, -0.0211,  0.0128,  0.0164, -0.0074,  0.0165,
         0.0006, -0.0012, -0.0077, -0.0080,  0.0234,  0.0294,  0.0224, -0.0120,
        -0.0210,  0.0116, -0.0277, -0.0146, -0.0146, -0.0255,  0.0056, -0.0269,
        -0.0124,  0.0162,  0.0067,  0.0101, -0.0232, -0.0240, -0.0240, -0.0047,
        -0.0237, -0.0010,  0.0018,  0.0009, -0.0200, -0.0145, -0.0220,  0.0061],
       device='cuda:0') 
 Parameter containing:
tensor([-0.0035, -0.0060, -0.0091, -0.0165, -0.0028, -0.0236,  0.0203,  0.0209,
        -0.0251, -0.0066,  0.0026, -0.0261,  0.0174, -0.0188, -0.0038,  0.0029,
         0.0268, -0.0272, -0.0040, -0.0076,  0.0033, -0.0122,  0.0122,  0.0029,
         0.0104, -0.0046,  0.0228, -0.0211,  0.0128,  0.0164, -0.0074,  0.0165,
         0.0006, -0.0012, -0.0077, -0.0080,  0.0234,  0.0294,  0.0224, -0.0120,
        -0.0210,  0.0116, -0.0277, -0.0146, -0.0146, -0.0255,  0.0056, -0.0269,
        -0.0124,  0.0162,  0.0067,  0.0101, -0.0232, -0.0240, -0.0240, -0.0047,
        -0.0237, -0.0010,  0.0018,  0.0009, -0.0200, -0.0145, -0.0220,  0.0061],
       device='cuda:0', requires_grad=True)
parameters of the network fc1.weight 
 torch.Size([256, 667776]) 
 True 
 tensor([[-1.1992e-04, -6.1351e-04,  3.1922e-04,  ...,  8.3290e-04,
          1.3256e-04,  8.5317e-04],
        [ 7.1390e-04,  2.8762e-04,  1.0463e-03,  ...,  6.3310e-06,
         -1.1517e-03, -1.2184e-04],
        [ 6.9738e-04, -4.3302e-05, -7.7487e-04,  ..., -1.1508e-03,
         -8.4406e-04, -3.8577e-04],
        ...,
        [-1.1704e-03,  1.0797e-03,  9.8143e-04,  ..., -9.3363e-04,
         -9.8859e-04, -5.8555e-04],
        [-1.0013e-03,  5.3420e-04,  1.1169e-03,  ...,  1.8327e-04,
          1.1676e-03,  1.7771e-04],
        [-7.4340e-04, -5.3399e-04,  1.6969e-05,  ..., -3.1668e-05,
         -7.5132e-04,  9.9243e-04]], device='cuda:0') 
 Parameter containing:
tensor([[-1.1992e-04, -6.1351e-04,  3.1922e-04,  ...,  8.3290e-04,
          1.3256e-04,  8.5317e-04],
        [ 7.1390e-04,  2.8762e-04,  1.0463e-03,  ...,  6.3310e-06,
         -1.1517e-03, -1.2184e-04],
        [ 6.9738e-04, -4.3302e-05, -7.7487e-04,  ..., -1.1508e-03,
         -8.4406e-04, -3.8577e-04],
        ...,
        [-1.1704e-03,  1.0797e-03,  9.8143e-04,  ..., -9.3363e-04,
         -9.8859e-04, -5.8555e-04],
        [-1.0013e-03,  5.3420e-04,  1.1169e-03,  ...,  1.8327e-04,
          1.1676e-03,  1.7771e-04],
        [-7.4340e-04, -5.3399e-04,  1.6969e-05,  ..., -3.1668e-05,
         -7.5132e-04,  9.9243e-04]], device='cuda:0', requires_grad=True)
parameters of the network fc1.bias 
 torch.Size([256]) 
 True 
 tensor([-6.1663e-04, -1.0813e-03, -5.3827e-04,  1.1928e-03,  9.3637e-04,
        -9.4817e-05, -1.1266e-03,  3.1098e-04, -7.3437e-04,  9.3727e-04,
        -9.9585e-04,  4.7681e-04, -3.5889e-04,  3.2939e-04,  4.8723e-04,
        -8.7911e-04, -8.6174e-04, -4.1899e-05, -6.5310e-05,  8.6433e-04,
         4.6315e-04, -4.4486e-04, -2.3743e-04, -2.3721e-05, -1.1830e-03,
         6.4936e-04,  1.8414e-04,  4.5922e-04, -3.7369e-04,  1.5215e-04,
         2.5413e-04, -5.8191e-04,  6.7382e-04,  1.1670e-03,  8.3404e-04,
        -1.0255e-03, -2.1999e-04,  4.4567e-04, -6.1045e-04, -2.1665e-05,
        -8.9917e-04,  9.9959e-04,  1.0785e-03,  7.7389e-04,  2.4893e-04,
         8.8919e-04, -2.8672e-04,  6.4584e-04,  8.2849e-04,  8.7777e-04,
        -6.7482e-04,  7.5864e-04, -7.0458e-04, -6.3133e-04,  3.4632e-04,
        -5.9943e-05, -1.1242e-03,  1.1779e-03, -8.4426e-04, -1.1990e-03,
        -6.2933e-04, -3.6202e-04, -1.8531e-04,  2.8976e-04, -9.4090e-04,
        -4.0214e-05,  1.7056e-04, -1.2064e-03,  5.4524e-04,  8.6369e-04,
         5.9432e-04,  1.1692e-03,  2.1223e-04,  5.0597e-04, -7.9504e-05,
        -9.3041e-05, -5.8459e-04, -6.3396e-04,  1.1464e-03,  7.2617e-05,
         2.8291e-04, -7.3126e-05,  4.6610e-04,  6.3397e-04, -1.9480e-04,
         1.9382e-04, -7.6961e-04, -4.3643e-04, -4.5828e-04,  1.1614e-03,
        -1.0258e-04,  1.5209e-04,  1.0035e-04,  8.7550e-04,  8.5650e-04,
        -9.5466e-05,  5.1984e-04, -2.3493e-04,  9.6373e-04,  5.0286e-05,
         8.2159e-04,  1.1936e-03,  1.5794e-04,  9.6956e-04, -6.8488e-04,
         7.6838e-04,  5.3820e-04, -1.1416e-03, -1.2103e-03,  9.2285e-04,
         4.3873e-04,  4.7393e-04,  5.9295e-04,  1.1744e-04, -6.2005e-04,
         8.4017e-04,  7.0188e-04, -6.7583e-04,  5.9876e-04, -1.1073e-03,
        -2.4220e-04,  6.6660e-05, -8.6113e-04, -4.0545e-04,  9.6684e-04,
        -5.2618e-04, -1.1349e-03,  5.5579e-04, -1.0429e-03,  1.8603e-04,
        -4.8493e-04, -1.7948e-04, -6.5181e-05, -8.6103e-04,  9.2227e-05,
        -1.0320e-03, -1.0509e-04, -5.9358e-04,  7.3503e-05,  9.6623e-04,
        -1.0961e-03, -1.1039e-03, -5.6468e-04, -3.3213e-04, -9.4869e-04,
         3.0371e-04, -1.2064e-03,  4.5452e-04, -1.0811e-03,  7.8018e-04,
         9.1139e-04,  6.4477e-05, -8.5099e-04,  1.1984e-03,  6.8125e-04,
         2.5186e-04,  9.1437e-04,  1.1642e-03,  1.9826e-04, -4.8076e-04,
         7.0515e-04, -2.5810e-04,  3.0973e-04, -5.6312e-04, -5.3429e-04,
        -8.3241e-04,  1.0111e-03, -1.1122e-03,  2.5430e-04, -1.5234e-04,
        -5.2844e-04, -3.1629e-04, -1.1744e-04, -1.5778e-04, -3.2790e-04,
         1.0225e-03, -1.0080e-04,  6.8921e-04,  4.0646e-04, -1.1111e-03,
        -9.5543e-04, -4.6276e-04, -9.1748e-04,  4.9223e-06,  1.9154e-04,
        -1.0229e-04, -8.6769e-04, -1.8828e-04,  1.1706e-03, -6.7407e-04,
        -7.4266e-05,  4.9944e-04,  8.0070e-04,  1.1894e-03, -9.0912e-04,
         1.2107e-03, -6.7649e-04, -8.4972e-04, -4.3918e-04, -7.4737e-04,
         1.0844e-03, -4.4228e-04, -3.6954e-04,  8.8947e-04,  1.0418e-03,
        -1.0594e-03, -1.0500e-04, -3.4461e-04,  4.0355e-04,  6.4194e-05,
        -9.1870e-04,  9.1060e-04,  3.2430e-04, -9.9185e-04, -1.1013e-03,
         9.6198e-04, -2.5325e-04, -2.1267e-04, -1.0464e-03, -2.8784e-05,
        -1.1214e-03, -7.1017e-04, -2.8786e-04,  7.3715e-04,  4.9866e-04,
        -4.2356e-06, -7.6357e-04, -7.1233e-04, -4.0330e-04, -3.4000e-04,
         6.2116e-04, -5.6692e-04,  6.4221e-04,  1.0031e-03, -8.2259e-04,
         3.6587e-04, -5.4333e-05, -1.2862e-04,  8.6095e-04, -5.9505e-04,
         3.9047e-04,  1.3110e-04,  6.6246e-04, -7.7769e-05, -4.6861e-04,
        -7.6044e-04, -9.1688e-04,  1.7111e-04,  1.0519e-03,  7.2401e-04,
         9.8020e-04,  8.0510e-04, -9.4223e-04, -1.9618e-04, -1.0152e-03,
         1.5897e-04], device='cuda:0') 
 Parameter containing:
tensor([-6.1663e-04, -1.0813e-03, -5.3827e-04,  1.1928e-03,  9.3637e-04,
        -9.4817e-05, -1.1266e-03,  3.1098e-04, -7.3437e-04,  9.3727e-04,
        -9.9585e-04,  4.7681e-04, -3.5889e-04,  3.2939e-04,  4.8723e-04,
        -8.7911e-04, -8.6174e-04, -4.1899e-05, -6.5310e-05,  8.6433e-04,
         4.6315e-04, -4.4486e-04, -2.3743e-04, -2.3721e-05, -1.1830e-03,
         6.4936e-04,  1.8414e-04,  4.5922e-04, -3.7369e-04,  1.5215e-04,
         2.5413e-04, -5.8191e-04,  6.7382e-04,  1.1670e-03,  8.3404e-04,
        -1.0255e-03, -2.1999e-04,  4.4567e-04, -6.1045e-04, -2.1665e-05,
        -8.9917e-04,  9.9959e-04,  1.0785e-03,  7.7389e-04,  2.4893e-04,
         8.8919e-04, -2.8672e-04,  6.4584e-04,  8.2849e-04,  8.7777e-04,
        -6.7482e-04,  7.5864e-04, -7.0458e-04, -6.3133e-04,  3.4632e-04,
        -5.9943e-05, -1.1242e-03,  1.1779e-03, -8.4426e-04, -1.1990e-03,
        -6.2933e-04, -3.6202e-04, -1.8531e-04,  2.8976e-04, -9.4090e-04,
        -4.0214e-05,  1.7056e-04, -1.2064e-03,  5.4524e-04,  8.6369e-04,
         5.9432e-04,  1.1692e-03,  2.1223e-04,  5.0597e-04, -7.9504e-05,
        -9.3041e-05, -5.8459e-04, -6.3396e-04,  1.1464e-03,  7.2617e-05,
         2.8291e-04, -7.3126e-05,  4.6610e-04,  6.3397e-04, -1.9480e-04,
         1.9382e-04, -7.6961e-04, -4.3643e-04, -4.5828e-04,  1.1614e-03,
        -1.0258e-04,  1.5209e-04,  1.0035e-04,  8.7550e-04,  8.5650e-04,
        -9.5466e-05,  5.1984e-04, -2.3493e-04,  9.6373e-04,  5.0286e-05,
         8.2159e-04,  1.1936e-03,  1.5794e-04,  9.6956e-04, -6.8488e-04,
         7.6838e-04,  5.3820e-04, -1.1416e-03, -1.2103e-03,  9.2285e-04,
         4.3873e-04,  4.7393e-04,  5.9295e-04,  1.1744e-04, -6.2005e-04,
         8.4017e-04,  7.0188e-04, -6.7583e-04,  5.9876e-04, -1.1073e-03,
        -2.4220e-04,  6.6660e-05, -8.6113e-04, -4.0545e-04,  9.6684e-04,
        -5.2618e-04, -1.1349e-03,  5.5579e-04, -1.0429e-03,  1.8603e-04,
        -4.8493e-04, -1.7948e-04, -6.5181e-05, -8.6103e-04,  9.2227e-05,
        -1.0320e-03, -1.0509e-04, -5.9358e-04,  7.3503e-05,  9.6623e-04,
        -1.0961e-03, -1.1039e-03, -5.6468e-04, -3.3213e-04, -9.4869e-04,
         3.0371e-04, -1.2064e-03,  4.5452e-04, -1.0811e-03,  7.8018e-04,
         9.1139e-04,  6.4477e-05, -8.5099e-04,  1.1984e-03,  6.8125e-04,
         2.5186e-04,  9.1437e-04,  1.1642e-03,  1.9826e-04, -4.8076e-04,
         7.0515e-04, -2.5810e-04,  3.0973e-04, -5.6312e-04, -5.3429e-04,
        -8.3241e-04,  1.0111e-03, -1.1122e-03,  2.5430e-04, -1.5234e-04,
        -5.2844e-04, -3.1629e-04, -1.1744e-04, -1.5778e-04, -3.2790e-04,
         1.0225e-03, -1.0080e-04,  6.8921e-04,  4.0646e-04, -1.1111e-03,
        -9.5543e-04, -4.6276e-04, -9.1748e-04,  4.9223e-06,  1.9154e-04,
        -1.0229e-04, -8.6769e-04, -1.8828e-04,  1.1706e-03, -6.7407e-04,
        -7.4266e-05,  4.9944e-04,  8.0070e-04,  1.1894e-03, -9.0912e-04,
         1.2107e-03, -6.7649e-04, -8.4972e-04, -4.3918e-04, -7.4737e-04,
         1.0844e-03, -4.4228e-04, -3.6954e-04,  8.8947e-04,  1.0418e-03,
        -1.0594e-03, -1.0500e-04, -3.4461e-04,  4.0355e-04,  6.4194e-05,
        -9.1870e-04,  9.1060e-04,  3.2430e-04, -9.9185e-04, -1.1013e-03,
         9.6198e-04, -2.5325e-04, -2.1267e-04, -1.0464e-03, -2.8784e-05,
        -1.1214e-03, -7.1017e-04, -2.8786e-04,  7.3715e-04,  4.9866e-04,
        -4.2356e-06, -7.6357e-04, -7.1233e-04, -4.0330e-04, -3.4000e-04,
         6.2116e-04, -5.6692e-04,  6.4221e-04,  1.0031e-03, -8.2259e-04,
         3.6587e-04, -5.4333e-05, -1.2862e-04,  8.6095e-04, -5.9505e-04,
         3.9047e-04,  1.3110e-04,  6.6246e-04, -7.7769e-05, -4.6861e-04,
        -7.6044e-04, -9.1688e-04,  1.7111e-04,  1.0519e-03,  7.2401e-04,
         9.8020e-04,  8.0510e-04, -9.4223e-04, -1.9618e-04, -1.0152e-03,
         1.5897e-04], device='cuda:0', requires_grad=True)
parameters of the network fc2.weight 
 torch.Size([128, 256]) 
 True 
 tensor([[ 0.0134, -0.0226,  0.0496,  ..., -0.0401,  0.0271,  0.0280],
        [-0.0537,  0.0048, -0.0335,  ...,  0.0134, -0.0154,  0.0416],
        [-0.0372, -0.0607, -0.0049,  ..., -0.0483, -0.0314,  0.0040],
        ...,
        [-0.0597, -0.0440, -0.0252,  ...,  0.0260,  0.0064,  0.0563],
        [ 0.0404, -0.0123,  0.0326,  ..., -0.0248,  0.0116, -0.0232],
        [-0.0059,  0.0291, -0.0122,  ...,  0.0075,  0.0422,  0.0180]],
       device='cuda:0') 
 Parameter containing:
tensor([[ 0.0134, -0.0226,  0.0496,  ..., -0.0401,  0.0271,  0.0280],
        [-0.0537,  0.0048, -0.0335,  ...,  0.0134, -0.0154,  0.0416],
        [-0.0372, -0.0607, -0.0049,  ..., -0.0483, -0.0314,  0.0040],
        ...,
        [-0.0597, -0.0440, -0.0252,  ...,  0.0260,  0.0064,  0.0563],
        [ 0.0404, -0.0123,  0.0326,  ..., -0.0248,  0.0116, -0.0232],
        [-0.0059,  0.0291, -0.0122,  ...,  0.0075,  0.0422,  0.0180]],
       device='cuda:0', requires_grad=True)
parameters of the network fc2.bias 
 torch.Size([128]) 
 True 
 tensor([-0.0201, -0.0006, -0.0052, -0.0519, -0.0407,  0.0023, -0.0348, -0.0102,
         0.0584,  0.0272, -0.0494,  0.0411, -0.0055, -0.0467, -0.0005,  0.0239,
        -0.0121,  0.0564,  0.0353,  0.0528, -0.0120,  0.0224,  0.0584,  0.0598,
        -0.0278,  0.0185,  0.0494,  0.0542, -0.0346, -0.0328, -0.0410, -0.0039,
        -0.0270,  0.0566,  0.0570, -0.0371,  0.0158,  0.0430,  0.0129,  0.0362,
        -0.0488, -0.0576,  0.0485, -0.0291, -0.0050,  0.0018,  0.0429,  0.0069,
         0.0264, -0.0358,  0.0152, -0.0035,  0.0244,  0.0141, -0.0388,  0.0455,
         0.0475,  0.0608, -0.0078,  0.0436,  0.0346,  0.0579, -0.0229,  0.0362,
         0.0340,  0.0563,  0.0567, -0.0191, -0.0284, -0.0312, -0.0439,  0.0449,
         0.0316,  0.0083, -0.0339, -0.0284,  0.0385,  0.0238,  0.0083, -0.0226,
        -0.0567, -0.0030,  0.0010, -0.0288, -0.0328, -0.0288,  0.0215,  0.0072,
        -0.0469, -0.0615, -0.0521, -0.0329,  0.0101, -0.0130, -0.0269,  0.0140,
         0.0161, -0.0451,  0.0330, -0.0589, -0.0445,  0.0061,  0.0515,  0.0538,
         0.0429,  0.0003, -0.0504,  0.0080, -0.0527,  0.0480,  0.0285,  0.0536,
        -0.0257, -0.0247,  0.0116, -0.0134,  0.0242, -0.0574, -0.0504,  0.0541,
         0.0606, -0.0254, -0.0544, -0.0544,  0.0602,  0.0154,  0.0533, -0.0052],
       device='cuda:0') 
 Parameter containing:
tensor([-0.0201, -0.0006, -0.0052, -0.0519, -0.0407,  0.0023, -0.0348, -0.0102,
         0.0584,  0.0272, -0.0494,  0.0411, -0.0055, -0.0467, -0.0005,  0.0239,
        -0.0121,  0.0564,  0.0353,  0.0528, -0.0120,  0.0224,  0.0584,  0.0598,
        -0.0278,  0.0185,  0.0494,  0.0542, -0.0346, -0.0328, -0.0410, -0.0039,
        -0.0270,  0.0566,  0.0570, -0.0371,  0.0158,  0.0430,  0.0129,  0.0362,
        -0.0488, -0.0576,  0.0485, -0.0291, -0.0050,  0.0018,  0.0429,  0.0069,
         0.0264, -0.0358,  0.0152, -0.0035,  0.0244,  0.0141, -0.0388,  0.0455,
         0.0475,  0.0608, -0.0078,  0.0436,  0.0346,  0.0579, -0.0229,  0.0362,
         0.0340,  0.0563,  0.0567, -0.0191, -0.0284, -0.0312, -0.0439,  0.0449,
         0.0316,  0.0083, -0.0339, -0.0284,  0.0385,  0.0238,  0.0083, -0.0226,
        -0.0567, -0.0030,  0.0010, -0.0288, -0.0328, -0.0288,  0.0215,  0.0072,
        -0.0469, -0.0615, -0.0521, -0.0329,  0.0101, -0.0130, -0.0269,  0.0140,
         0.0161, -0.0451,  0.0330, -0.0589, -0.0445,  0.0061,  0.0515,  0.0538,
         0.0429,  0.0003, -0.0504,  0.0080, -0.0527,  0.0480,  0.0285,  0.0536,
        -0.0257, -0.0247,  0.0116, -0.0134,  0.0242, -0.0574, -0.0504,  0.0541,
         0.0606, -0.0254, -0.0544, -0.0544,  0.0602,  0.0154,  0.0533, -0.0052],
       device='cuda:0', requires_grad=True)
parameters of the network fc3.weight 
 torch.Size([64, 128]) 
 True 
 tensor([[ 0.0065, -0.0293, -0.0458,  ..., -0.0309, -0.0160, -0.0290],
        [ 0.0476,  0.0356,  0.0020,  ..., -0.0664, -0.0739,  0.0554],
        [-0.0385, -0.0249,  0.0466,  ..., -0.0457,  0.0429, -0.0477],
        ...,
        [ 0.0225,  0.0441,  0.0275,  ..., -0.0140,  0.0255, -0.0852],
        [-0.0609, -0.0421,  0.0390,  ...,  0.0480,  0.0105,  0.0657],
        [-0.0585, -0.0309,  0.0042,  ..., -0.0473, -0.0880,  0.0556]],
       device='cuda:0') 
 Parameter containing:
tensor([[ 0.0065, -0.0293, -0.0458,  ..., -0.0309, -0.0160, -0.0290],
        [ 0.0476,  0.0356,  0.0020,  ..., -0.0664, -0.0739,  0.0554],
        [-0.0385, -0.0249,  0.0466,  ..., -0.0457,  0.0429, -0.0477],
        ...,
        [ 0.0225,  0.0441,  0.0275,  ..., -0.0140,  0.0255, -0.0852],
        [-0.0609, -0.0421,  0.0390,  ...,  0.0480,  0.0105,  0.0657],
        [-0.0585, -0.0309,  0.0042,  ..., -0.0473, -0.0880,  0.0556]],
       device='cuda:0', requires_grad=True)
parameters of the network fc3.bias 
 torch.Size([64]) 
 True 
 tensor([ 0.0121, -0.0743,  0.0320,  0.0737,  0.0628,  0.0250,  0.0784,  0.0827,
         0.0880,  0.0380,  0.0853,  0.0531, -0.0382, -0.0664, -0.0468, -0.0110,
         0.0628, -0.0081,  0.0255, -0.0506, -0.0055, -0.0514,  0.0369,  0.0863,
         0.0722,  0.0784,  0.0404, -0.0372, -0.0026,  0.0650, -0.0655,  0.0377,
         0.0563, -0.0277,  0.0063,  0.0647,  0.0353, -0.0670, -0.0667, -0.0617,
         0.0696,  0.0178, -0.0658,  0.0435,  0.0148,  0.0782,  0.0598, -0.0053,
         0.0822, -0.0429,  0.0735, -0.0827,  0.0858, -0.0153, -0.0104,  0.0133,
        -0.0161, -0.0462, -0.0022,  0.0158,  0.0759,  0.0486,  0.0379, -0.0838],
       device='cuda:0') 
 Parameter containing:
tensor([ 0.0121, -0.0743,  0.0320,  0.0737,  0.0628,  0.0250,  0.0784,  0.0827,
         0.0880,  0.0380,  0.0853,  0.0531, -0.0382, -0.0664, -0.0468, -0.0110,
         0.0628, -0.0081,  0.0255, -0.0506, -0.0055, -0.0514,  0.0369,  0.0863,
         0.0722,  0.0784,  0.0404, -0.0372, -0.0026,  0.0650, -0.0655,  0.0377,
         0.0563, -0.0277,  0.0063,  0.0647,  0.0353, -0.0670, -0.0667, -0.0617,
         0.0696,  0.0178, -0.0658,  0.0435,  0.0148,  0.0782,  0.0598, -0.0053,
         0.0822, -0.0429,  0.0735, -0.0827,  0.0858, -0.0153, -0.0104,  0.0133,
        -0.0161, -0.0462, -0.0022,  0.0158,  0.0759,  0.0486,  0.0379, -0.0838],
       device='cuda:0', requires_grad=True)
parameters of the network fc4.weight 
 torch.Size([6796, 64]) 
 True 
 tensor([[ 0.0167,  0.0648,  0.0424,  ..., -0.0498,  0.0804,  0.0750],
        [-0.0644,  0.0493, -0.0111,  ...,  0.0655,  0.0195,  0.1213],
        [-0.0695,  0.0870, -0.1190,  ..., -0.0356,  0.0188,  0.0075],
        ...,
        [ 0.0058,  0.1047,  0.0592,  ...,  0.0717,  0.0036, -0.1005],
        [-0.1187,  0.1161,  0.0322,  ..., -0.0051,  0.1117,  0.0744],
        [ 0.0224,  0.0156,  0.0844,  ...,  0.1052, -0.0882,  0.0455]],
       device='cuda:0') 
 Parameter containing:
tensor([[ 0.0167,  0.0648,  0.0424,  ..., -0.0498,  0.0804,  0.0750],
        [-0.0644,  0.0493, -0.0111,  ...,  0.0655,  0.0195,  0.1213],
        [-0.0695,  0.0870, -0.1190,  ..., -0.0356,  0.0188,  0.0075],
        ...,
        [ 0.0058,  0.1047,  0.0592,  ...,  0.0717,  0.0036, -0.1005],
        [-0.1187,  0.1161,  0.0322,  ..., -0.0051,  0.1117,  0.0744],
        [ 0.0224,  0.0156,  0.0844,  ...,  0.1052, -0.0882,  0.0455]],
       device='cuda:0', requires_grad=True)
parameters of the network fc4.bias 
 torch.Size([6796]) 
 True 
 tensor([ 0.0438, -0.1182, -0.0610,  ...,  0.0447,  0.0470, -0.0636],
       device='cuda:0') 
 Parameter containing:
tensor([ 0.0438, -0.1182, -0.0610,  ...,  0.0447,  0.0470, -0.0636],
       device='cuda:0', requires_grad=True)

Passing event 1007 from the network before training input tensor([[0., 0., 0.,  ..., 0., 0., 0.],
        [0., 0., 0.,  ..., 0., 0., 0.],
        [0., 0., 0.,  ..., 0., 0., 0.],
        ...,
        [0., 0., 0.,  ..., 0., 0., 0.],
        [0., 0., 0.,  ..., 0., 0., 0.],
        [0., 0., 0.,  ..., 0., 0., 0.]]) 
result1: tensor([[0.5127, 0.4716, 0.4795,  ..., 0.5056, 0.5097, 0.4797],
        [0.5126, 0.4715, 0.4795,  ..., 0.5056, 0.5097, 0.4797],
        [0.5127, 0.4715, 0.4795,  ..., 0.5055, 0.5097, 0.4797],
        ...,
        [0.5127, 0.4715, 0.4795,  ..., 0.5055, 0.5097, 0.4796],
        [0.5127, 0.4715, 0.4796,  ..., 0.5056, 0.5096, 0.4797],
        [0.5126, 0.4716, 0.4795,  ..., 0.5056, 0.5097, 0.4797]],
       device='cuda:0', grad_fn=<SigmoidBackward0>) 
result1.shape: torch.Size([20, 6796])

Passing two random events from the network before training 
result1: tensor([[0.5127, 0.4716, 0.4795,  ..., 0.5056, 0.5097, 0.4797],
        [0.5126, 0.4715, 0.4795,  ..., 0.5056, 0.5097, 0.4797],
        [0.5127, 0.4715, 0.4795,  ..., 0.5055, 0.5097, 0.4797],
        ...,
        [0.5127, 0.4715, 0.4795,  ..., 0.5055, 0.5097, 0.4796],
        [0.5127, 0.4715, 0.4796,  ..., 0.5056, 0.5096, 0.4797],
        [0.5126, 0.4716, 0.4795,  ..., 0.5056, 0.5097, 0.4797]],
       device='cuda:0', grad_fn=<SigmoidBackward0>) 
result1.shape: torch.Size([20, 6796]) 
input: [[0. 0. 0. ... 0. 0. 0.]
 [0. 0. 0. ... 0. 0. 0.]
 [0. 0. 0. ... 0. 0. 0.]
 ...
 [0. 0. 0. ... 0. 0. 0.]
 [0. 0. 0. ... 0. 0. 0.]
 [0. 0. 0. ... 0. 0. 0.]]



load_model False 
TraEvN 19998 
BatchSize 30 
EpochNum 2 
epoch_save 5 
LrVal 0.0001 
weight_decay 5e-05 
startmesh 284 
endmesh 285 






optimizer.param_groups [{'params': [Parameter containing:
tensor([[[[-0.2340,  0.0139, -0.0097],
          [ 0.0391,  0.1865,  0.2234],
          [-0.3180,  0.0447, -0.0556]]],


        [[[ 0.1799, -0.1832, -0.1561],
          [-0.0510,  0.1480,  0.2404],
          [ 0.0579,  0.3167, -0.0258]]],


        [[[-0.2045,  0.2297, -0.1555],
          [ 0.1725,  0.1684, -0.0875],
          [-0.2807, -0.0349,  0.2928]]],


        ...,


        [[[ 0.0048, -0.2619, -0.0739],
          [ 0.0881,  0.3333, -0.1807],
          [ 0.1917,  0.2951, -0.2800]]],


        [[[-0.3272,  0.3181, -0.1292],
          [-0.1100, -0.2335,  0.2871],
          [-0.0989, -0.2656, -0.0783]]],


        [[[ 0.0101,  0.3068,  0.1679],
          [-0.1125,  0.1345, -0.2754],
          [-0.0105,  0.0052, -0.3290]]]], device='cuda:0', requires_grad=True), Parameter containing:
tensor([ 0.1055,  0.1264,  0.0223, -0.1010,  0.0824,  0.2353, -0.1145, -0.1586,
         0.1507,  0.0499, -0.2151, -0.2743,  0.0948, -0.1618, -0.0239,  0.1681,
        -0.0759,  0.2390,  0.1023,  0.1697,  0.0410, -0.0662,  0.1151, -0.0918,
        -0.1938,  0.0305, -0.2934,  0.2342, -0.2481,  0.1304,  0.0431,  0.3199,
         0.1196,  0.1563, -0.1369,  0.2784,  0.1505,  0.2262,  0.2919,  0.2194,
         0.2131,  0.0858,  0.2566, -0.0271,  0.1061,  0.2166, -0.1163, -0.0982,
        -0.1589,  0.1011, -0.1185, -0.0279, -0.2454, -0.1962,  0.3233,  0.1660,
         0.1516, -0.0546, -0.0141,  0.2608, -0.2131, -0.2850,  0.0730,  0.2955,
         0.0124, -0.0260,  0.0147, -0.1380,  0.1322, -0.2908, -0.3055, -0.3034,
        -0.2419, -0.0827,  0.2573, -0.2586,  0.0071,  0.1208,  0.3306,  0.0881,
         0.0516, -0.0724, -0.1319, -0.0659,  0.2076,  0.2246, -0.2670,  0.2418,
        -0.2882, -0.0551, -0.0087,  0.0911,  0.3294, -0.1195,  0.1339,  0.3060,
        -0.2031, -0.2489,  0.0599, -0.0891, -0.0934,  0.2144,  0.1364,  0.2157,
        -0.2814,  0.0283, -0.2436,  0.0455, -0.0020, -0.2179, -0.2039, -0.2292,
        -0.2321,  0.0852,  0.2842, -0.2731,  0.2277,  0.1459,  0.2816, -0.2765,
        -0.0242,  0.0278,  0.1412,  0.0743, -0.0150, -0.2650,  0.1260,  0.1882,
         0.0478, -0.1228, -0.3326, -0.1541,  0.2883,  0.2111, -0.2419,  0.0239,
         0.2266, -0.1408, -0.3008, -0.1911,  0.2641,  0.2715, -0.2396,  0.0475,
         0.3120, -0.0722, -0.1406,  0.0762,  0.1413, -0.0356,  0.0895,  0.2818,
         0.1054,  0.0351,  0.1322,  0.0577,  0.1976, -0.0854, -0.1546, -0.2618,
        -0.1365, -0.1857,  0.0195, -0.0948, -0.2222, -0.0149, -0.0965,  0.1609,
         0.3164, -0.3231, -0.2397, -0.2541,  0.1938,  0.0427,  0.2806, -0.0843,
        -0.0111, -0.1150, -0.2882, -0.1485, -0.1938, -0.2265,  0.1411, -0.2715,
         0.0728, -0.2576,  0.1147, -0.3163,  0.0430, -0.0633,  0.1916,  0.2915,
         0.1909, -0.2392,  0.1430, -0.0144, -0.0554, -0.0964,  0.0529,  0.3183,
        -0.1805, -0.1846,  0.2108, -0.0173, -0.1490,  0.1512,  0.3292, -0.3251,
         0.1499, -0.2996,  0.2582,  0.1205,  0.2774, -0.1792, -0.3118, -0.0649,
         0.2247, -0.0797, -0.0623, -0.1460,  0.3156,  0.0998, -0.0755, -0.1167,
         0.2830, -0.1086, -0.0420, -0.1817,  0.2076,  0.1477,  0.2225, -0.1875,
         0.1121, -0.2771,  0.0230, -0.1423, -0.1130, -0.2821,  0.1873, -0.0281,
         0.3204,  0.0833, -0.2916, -0.2924, -0.0666, -0.0224, -0.2853,  0.1722,
         0.2522,  0.0012,  0.1580, -0.2776,  0.0179, -0.0990, -0.1899, -0.0805],
       device='cuda:0', requires_grad=True), Parameter containing:
tensor([[[[ 4.7721e-04, -1.6249e-02, -2.0003e-02],
          [-7.2522e-04,  6.9299e-03,  1.8262e-02],
          [ 1.0077e-02,  6.7796e-03,  8.3747e-03]],

         [[ 3.0770e-04,  7.0190e-03,  5.9054e-03],
          [ 6.5595e-03, -5.8940e-04,  6.5427e-03],
          [ 9.5024e-03, -1.3577e-02,  1.4635e-02]],

         [[-1.6509e-02,  7.0970e-03,  1.0210e-03],
          [-9.8908e-03,  1.0212e-02, -9.9625e-03],
          [ 1.3448e-02,  8.7826e-03,  1.8399e-02]],

         ...,

         [[ 8.7466e-03,  1.2288e-02, -1.2354e-02],
          [ 1.7697e-02, -1.2669e-02, -4.0143e-03],
          [-5.6170e-03,  1.6456e-02, -7.8306e-03]],

         [[-1.6427e-02, -1.3763e-02, -6.2521e-03],
          [-1.2920e-02,  1.6102e-02,  1.3313e-02],
          [-2.7355e-03, -1.4753e-02, -1.1168e-02]],

         [[-1.9120e-02, -1.2185e-02, -2.0483e-02],
          [ 1.0361e-02, -4.1080e-03, -1.0065e-02],
          [ 1.8369e-02, -3.7145e-03,  1.6113e-02]]],


        [[[-2.0260e-02,  1.0380e-02,  1.3721e-02],
          [-1.1739e-02,  1.5643e-02,  1.3250e-02],
          [ 1.7159e-02, -2.7921e-03,  8.6470e-04]],

         [[ 1.8686e-02, -1.2508e-02,  6.2590e-03],
          [ 1.4325e-02, -6.0032e-03, -1.5123e-02],
          [ 6.6248e-03,  1.4634e-03,  2.0259e-02]],

         [[ 1.9151e-02,  7.9077e-03,  1.5454e-03],
          [-8.0339e-03, -2.2381e-03, -1.7268e-02],
          [-4.3558e-03,  1.7257e-02,  1.3151e-02]],

         ...,

         [[ 3.2893e-03, -1.0172e-02, -8.6817e-03],
          [-4.5490e-03, -4.2773e-03, -1.2825e-02],
          [-1.6518e-02,  1.8886e-02,  2.0033e-03]],

         [[ 8.0108e-03,  1.7936e-02,  1.6616e-02],
          [ 1.8199e-02,  1.5830e-02,  3.0879e-03],
          [-1.9503e-02, -5.9446e-03,  6.9366e-03]],

         [[-4.5770e-03, -1.1507e-02,  1.3913e-02],
          [-1.4993e-02,  1.3751e-02,  6.2675e-03],
          [ 1.2438e-02,  1.9850e-02, -2.4802e-04]]],


        [[[-1.7414e-02, -3.7103e-03, -1.8401e-02],
          [ 1.0986e-02,  1.6032e-02, -1.5949e-02],
          [ 8.1782e-03,  8.9565e-03, -2.0410e-02]],

         [[ 1.2692e-02,  3.9332e-03, -2.0800e-02],
          [-9.8434e-03, -8.3442e-03,  5.5242e-03],
          [ 3.0749e-03, -1.1149e-03,  1.0881e-02]],

         [[-5.4031e-03, -5.6866e-03, -4.9663e-03],
          [ 1.9218e-02, -1.3604e-02, -9.2922e-04],
          [-1.0714e-02,  2.9982e-03,  1.8689e-02]],

         ...,

         [[ 3.9366e-03, -2.0730e-02, -5.0112e-03],
          [ 6.1453e-03, -5.9895e-03,  1.9269e-02],
          [ 1.6048e-02, -4.7831e-03, -1.3146e-02]],

         [[-3.5402e-03, -1.6210e-02,  9.9840e-03],
          [-1.9569e-03, -1.8474e-02, -2.0231e-02],
          [ 8.2094e-03, -1.5943e-02,  1.1090e-02]],

         [[-1.3490e-02,  1.0155e-02, -7.0113e-04],
          [ 6.2905e-03, -8.1815e-03,  1.5974e-02],
          [-1.1424e-02, -8.6798e-03, -5.3097e-03]]],


        ...,


        [[[-7.8797e-03, -4.4873e-03,  1.3460e-02],
          [-1.5833e-02, -1.2876e-02, -1.4910e-02],
          [ 1.2581e-02, -1.8550e-02, -1.1873e-02]],

         [[-1.1425e-02, -9.3534e-03, -1.1910e-02],
          [ 7.5002e-03, -1.0816e-02,  1.2677e-02],
          [ 1.3432e-03,  1.6482e-04,  1.2186e-02]],

         [[ 1.4477e-02, -1.2956e-02, -3.4258e-05],
          [ 2.0330e-02, -3.2330e-03,  1.8932e-02],
          [-2.0135e-02,  4.4240e-04, -1.9659e-02]],

         ...,

         [[-1.5131e-02,  1.5852e-02,  3.6483e-03],
          [-1.8886e-02, -2.2040e-03, -5.6348e-03],
          [-1.4181e-03, -1.4798e-02,  8.2724e-03]],

         [[ 2.6945e-03,  1.1814e-02,  1.4099e-02],
          [ 1.3538e-02,  2.0979e-04, -1.4898e-02],
          [ 1.5694e-02, -1.8393e-02,  1.5084e-02]],

         [[ 1.7745e-02, -2.3224e-03, -1.3828e-02],
          [ 1.2727e-02,  1.5742e-02, -1.8678e-02],
          [ 6.5992e-03, -2.0020e-02, -1.7518e-02]]],


        [[[ 5.9752e-03,  8.3864e-03,  1.4410e-03],
          [-2.7808e-03, -6.5172e-03,  1.5806e-02],
          [ 1.5113e-02,  1.8956e-02, -1.4995e-02]],

         [[ 1.5089e-02,  1.6957e-02, -1.7081e-02],
          [ 1.6875e-02,  9.2524e-03,  1.7079e-02],
          [ 1.7660e-02, -2.9912e-03,  9.0830e-03]],

         [[ 1.2172e-03, -3.8980e-03, -1.6060e-02],
          [ 4.5093e-03,  1.7412e-02,  7.0707e-03],
          [ 1.8205e-02,  6.4995e-03, -5.5486e-03]],

         ...,

         [[-6.2254e-03,  1.0925e-02,  1.0411e-02],
          [ 8.0447e-03, -1.5421e-02, -1.1483e-02],
          [-6.4408e-03,  1.3239e-02,  1.9733e-02]],

         [[-1.7778e-02,  6.1305e-03,  3.4011e-03],
          [ 5.1587e-03, -3.6933e-03,  3.2996e-03],
          [-6.9949e-03, -1.8026e-02, -3.7516e-03]],

         [[-1.2085e-02, -1.6095e-02, -9.6921e-03],
          [ 3.0135e-03, -4.6248e-03, -7.9985e-03],
          [-8.5682e-03, -9.8863e-03, -1.0983e-03]]],


        [[[ 1.8933e-02,  6.8043e-03, -1.2436e-04],
          [-1.5264e-02,  2.7299e-03,  1.9582e-02],
          [ 1.1805e-02, -1.6840e-02, -4.4791e-03]],

         [[ 1.8292e-02, -1.4587e-02,  1.2624e-02],
          [ 1.7631e-02, -1.8300e-02,  1.9511e-02],
          [ 5.1228e-03, -6.7747e-04, -8.9499e-03]],

         [[ 9.8287e-03, -1.3143e-02,  3.5393e-03],
          [-7.7040e-03,  1.3661e-02,  1.7830e-02],
          [-1.5344e-02, -3.8363e-03,  1.9802e-02]],

         ...,

         [[-1.6965e-02,  1.6715e-02,  1.7856e-02],
          [ 9.3760e-03,  2.0073e-02,  1.6285e-02],
          [-7.7289e-03, -3.3354e-03, -4.9620e-04]],

         [[-1.8571e-02, -2.0514e-02,  1.0017e-02],
          [ 1.1964e-02,  2.9431e-03, -1.8627e-02],
          [-1.9787e-02,  1.3273e-02, -1.0890e-04]],

         [[-3.8991e-03,  6.7858e-03,  7.1463e-03],
          [ 3.7343e-03, -1.9534e-02, -1.7838e-02],
          [ 1.0548e-02,  1.2045e-02,  5.9672e-03]]]], device='cuda:0',
       requires_grad=True), Parameter containing:
tensor([ 0.0182, -0.0112, -0.0096, -0.0077,  0.0185, -0.0030,  0.0127,  0.0150,
        -0.0023,  0.0049, -0.0029, -0.0151,  0.0011, -0.0073,  0.0141, -0.0148,
        -0.0082,  0.0142,  0.0152,  0.0085, -0.0026, -0.0159, -0.0076,  0.0127,
        -0.0065, -0.0029,  0.0093, -0.0169,  0.0133, -0.0132,  0.0139, -0.0106,
        -0.0133, -0.0133,  0.0192, -0.0124,  0.0165,  0.0025, -0.0060,  0.0146,
        -0.0063,  0.0019,  0.0036,  0.0104, -0.0017, -0.0095, -0.0006,  0.0109,
         0.0046,  0.0194, -0.0175, -0.0098, -0.0130, -0.0175,  0.0070,  0.0180,
        -0.0159,  0.0127, -0.0125,  0.0011,  0.0031,  0.0024,  0.0085, -0.0170,
         0.0013,  0.0120, -0.0170,  0.0087, -0.0131, -0.0158, -0.0101, -0.0136,
         0.0117, -0.0171,  0.0136,  0.0108,  0.0047,  0.0197,  0.0072, -0.0109,
        -0.0056, -0.0071,  0.0051, -0.0043,  0.0039,  0.0106,  0.0156,  0.0040,
        -0.0004, -0.0096,  0.0094,  0.0174, -0.0072,  0.0013,  0.0141,  0.0163,
        -0.0038,  0.0174,  0.0014,  0.0023, -0.0128, -0.0159,  0.0017, -0.0067,
         0.0082, -0.0082,  0.0008, -0.0205, -0.0186, -0.0002, -0.0165,  0.0031,
         0.0006, -0.0007, -0.0072,  0.0201, -0.0102, -0.0168, -0.0063, -0.0147,
        -0.0150,  0.0126,  0.0173,  0.0166,  0.0003, -0.0022, -0.0065,  0.0142],
       device='cuda:0', requires_grad=True), Parameter containing:
tensor([[[[ 2.3834e-02,  2.3954e-02, -8.8843e-03],
          [-2.3783e-02, -2.0463e-02,  2.7389e-02],
          [ 2.2252e-02,  2.6644e-02, -1.0018e-02]],

         [[-9.8819e-03,  1.2980e-02, -2.0665e-02],
          [-2.7901e-02,  2.1187e-02,  2.1187e-02],
          [ 1.3852e-03, -3.0407e-03, -2.2755e-03]],

         [[-1.0922e-02, -2.2617e-02, -1.6437e-02],
          [-1.8262e-02,  3.6474e-03,  5.3506e-03],
          [ 7.5732e-03, -1.7315e-02,  1.7434e-02]],

         ...,

         [[ 2.1916e-02, -2.7706e-03, -9.4523e-03],
          [ 1.7755e-03, -8.0194e-03,  6.7377e-03],
          [-8.7718e-05, -1.1402e-03, -2.0918e-02]],

         [[-1.3400e-02,  1.2161e-02, -1.7673e-02],
          [ 6.3932e-03,  6.7354e-03,  8.2274e-03],
          [ 1.5493e-02, -4.3346e-03, -1.9033e-02]],

         [[ 2.2523e-02, -1.6833e-03,  2.8447e-02],
          [ 1.5606e-02, -1.9107e-02,  2.3871e-02],
          [-6.0436e-03, -1.0099e-02, -2.1581e-02]]],


        [[[-1.8047e-02, -2.6982e-02,  1.1391e-02],
          [ 1.2176e-04, -2.7205e-03,  2.6576e-02],
          [ 4.4012e-03, -2.7145e-02,  9.0410e-03]],

         [[ 1.8725e-02, -1.6654e-02,  2.7384e-02],
          [ 9.7116e-03,  2.2714e-02,  1.1374e-02],
          [-1.6524e-02, -4.2315e-03, -4.9399e-03]],

         [[-2.6511e-02,  9.9741e-03,  7.0737e-03],
          [ 1.9660e-02, -2.1379e-02, -4.6525e-03],
          [-2.8158e-03, -4.6311e-04,  2.6629e-02]],

         ...,

         [[ 2.5525e-02,  2.4622e-04, -2.2337e-02],
          [ 1.1919e-02,  1.3132e-02,  3.5727e-03],
          [-6.8883e-03,  2.7701e-02,  2.1990e-02]],

         [[ 2.5610e-02, -2.0323e-02, -1.8575e-02],
          [ 1.7816e-02, -1.9610e-03,  2.6643e-02],
          [-1.4462e-02,  2.6630e-03, -2.0087e-02]],

         [[ 2.3795e-02, -2.6220e-02, -2.5981e-02],
          [ 7.4979e-03, -6.3224e-03, -8.5663e-03],
          [-2.9167e-02,  2.5811e-02, -5.8266e-03]]],


        [[[ 6.0646e-03,  2.9203e-02,  2.0519e-02],
          [ 2.3258e-03, -1.7885e-02, -1.7795e-02],
          [-1.0736e-02,  8.3687e-03,  2.5202e-02]],

         [[ 2.4199e-02,  2.0260e-02, -2.1533e-03],
          [ 4.2071e-03, -2.4947e-02,  2.5799e-02],
          [ 2.1201e-03, -6.7633e-03,  1.5102e-03]],

         [[ 2.4239e-02, -2.8477e-02, -6.5071e-03],
          [ 2.8930e-02,  7.2812e-03, -1.9213e-02],
          [ 2.2655e-02, -9.6753e-03, -6.7201e-03]],

         ...,

         [[ 2.5076e-03,  1.1070e-02, -2.7341e-02],
          [ 6.5168e-03,  6.7386e-03, -2.2468e-02],
          [-1.3379e-02, -8.3704e-03, -2.7925e-02]],

         [[ 5.6716e-03,  2.2706e-02, -4.3541e-03],
          [ 1.4457e-03,  3.6359e-03, -1.5050e-02],
          [-1.9818e-02, -6.4317e-04,  1.1447e-02]],

         [[-6.1591e-03,  3.9042e-03,  1.2563e-02],
          [ 1.0795e-02, -5.5717e-03,  2.0636e-03],
          [-1.5150e-02, -1.1661e-02, -1.7566e-02]]],


        ...,


        [[[-2.2650e-02,  1.8105e-03, -1.7992e-03],
          [-1.8431e-02,  3.5500e-04, -2.4539e-02],
          [ 1.4279e-03,  2.7420e-03,  7.4767e-03]],

         [[-1.0529e-02,  2.8924e-02,  7.5200e-03],
          [-4.7373e-03, -8.3560e-03,  7.0401e-03],
          [ 2.0938e-02,  2.2908e-02,  1.2143e-02]],

         [[-8.9420e-03,  2.3670e-03, -2.8448e-02],
          [ 2.7527e-02, -4.4209e-03,  5.3778e-03],
          [ 2.5367e-02,  2.5961e-02,  1.8701e-02]],

         ...,

         [[ 2.6128e-02,  2.7452e-02, -1.8207e-02],
          [-1.8467e-02,  1.6273e-03, -1.2769e-02],
          [ 7.0888e-03,  2.4255e-02,  1.0089e-02]],

         [[-5.5675e-04,  2.9291e-02,  1.5973e-02],
          [ 2.1875e-02, -1.1990e-03, -1.4117e-02],
          [ 1.9321e-02, -6.4811e-03,  1.1158e-03]],

         [[ 1.4353e-02, -5.2880e-03, -4.2536e-03],
          [ 2.7241e-02, -2.5898e-02, -2.5960e-03],
          [-2.2481e-02, -8.7284e-04, -1.4133e-02]]],


        [[[-2.6896e-02,  2.5213e-02,  8.1298e-04],
          [ 9.2885e-03,  9.5103e-03, -2.5791e-02],
          [-1.8551e-02, -2.6619e-02, -9.6144e-03]],

         [[-5.9728e-03,  1.7908e-02,  2.7676e-02],
          [-1.2600e-02, -1.7621e-02, -9.4511e-03],
          [-1.5737e-02, -1.1401e-02, -2.5713e-02]],

         [[-2.5332e-02, -2.7095e-02, -4.3162e-03],
          [ 2.3569e-02,  9.1248e-03,  3.9760e-03],
          [-1.2614e-02,  1.8269e-02, -1.1718e-02]],

         ...,

         [[ 2.4837e-02,  2.7561e-03, -1.3610e-02],
          [ 2.9381e-02,  8.7020e-03,  1.3221e-02],
          [ 2.2270e-02,  9.8422e-03, -2.8976e-02]],

         [[ 2.4421e-02, -2.5367e-02,  2.1504e-02],
          [-6.2538e-03, -2.0584e-02, -9.6010e-03],
          [ 8.6502e-04,  7.3411e-03,  5.4318e-03]],

         [[-2.5289e-02, -2.6832e-03, -2.5472e-02],
          [ 8.6863e-03,  1.1762e-02,  1.3108e-02],
          [-2.3931e-02,  1.4749e-02,  9.1379e-03]]],


        [[[-8.7662e-03, -1.0341e-02, -7.8289e-03],
          [ 2.4741e-02,  2.3991e-02, -9.2975e-03],
          [ 1.6453e-02,  2.5811e-02,  2.8734e-05]],

         [[ 1.6550e-02, -2.5397e-02,  2.6571e-02],
          [ 2.6076e-02,  9.3115e-03,  1.5734e-02],
          [ 1.7508e-02, -2.5422e-02,  4.0237e-03]],

         [[ 2.5169e-02, -1.2107e-02,  2.2318e-02],
          [ 1.0930e-02, -2.4669e-02, -2.6642e-02],
          [ 1.8064e-02, -1.6473e-02,  1.4292e-02]],

         ...,

         [[-2.6526e-02, -1.2794e-02, -2.4199e-02],
          [-2.3693e-02, -3.4654e-03,  7.6745e-03],
          [-2.7670e-02, -1.1272e-02, -1.8304e-02]],

         [[ 1.5161e-02,  2.5628e-02,  1.6952e-02],
          [ 1.3059e-03, -5.4244e-03, -1.5844e-03],
          [ 2.4606e-03,  1.7084e-04, -2.2569e-02]],

         [[-5.0583e-03, -1.6052e-02,  1.4487e-03],
          [-1.3929e-02, -4.9343e-03, -1.0673e-03],
          [-3.9199e-03,  1.5774e-02, -2.7883e-02]]]], device='cuda:0',
       requires_grad=True), Parameter containing:
tensor([-0.0035, -0.0060, -0.0091, -0.0165, -0.0028, -0.0236,  0.0203,  0.0209,
        -0.0251, -0.0066,  0.0026, -0.0261,  0.0174, -0.0188, -0.0038,  0.0029,
         0.0268, -0.0272, -0.0040, -0.0076,  0.0033, -0.0122,  0.0122,  0.0029,
         0.0104, -0.0046,  0.0228, -0.0211,  0.0128,  0.0164, -0.0074,  0.0165,
         0.0006, -0.0012, -0.0077, -0.0080,  0.0234,  0.0294,  0.0224, -0.0120,
        -0.0210,  0.0116, -0.0277, -0.0146, -0.0146, -0.0255,  0.0056, -0.0269,
        -0.0124,  0.0162,  0.0067,  0.0101, -0.0232, -0.0240, -0.0240, -0.0047,
        -0.0237, -0.0010,  0.0018,  0.0009, -0.0200, -0.0145, -0.0220,  0.0061],
       device='cuda:0', requires_grad=True), Parameter containing:
tensor([[-1.1992e-04, -6.1351e-04,  3.1922e-04,  ...,  8.3290e-04,
          1.3256e-04,  8.5317e-04],
        [ 7.1390e-04,  2.8762e-04,  1.0463e-03,  ...,  6.3310e-06,
         -1.1517e-03, -1.2184e-04],
        [ 6.9738e-04, -4.3302e-05, -7.7487e-04,  ..., -1.1508e-03,
         -8.4406e-04, -3.8577e-04],
        ...,
        [-1.1704e-03,  1.0797e-03,  9.8143e-04,  ..., -9.3363e-04,
         -9.8859e-04, -5.8555e-04],
        [-1.0013e-03,  5.3420e-04,  1.1169e-03,  ...,  1.8327e-04,
          1.1676e-03,  1.7771e-04],
        [-7.4340e-04, -5.3399e-04,  1.6969e-05,  ..., -3.1668e-05,
         -7.5132e-04,  9.9243e-04]], device='cuda:0', requires_grad=True), Parameter containing:
tensor([-6.1663e-04, -1.0813e-03, -5.3827e-04,  1.1928e-03,  9.3637e-04,
        -9.4817e-05, -1.1266e-03,  3.1098e-04, -7.3437e-04,  9.3727e-04,
        -9.9585e-04,  4.7681e-04, -3.5889e-04,  3.2939e-04,  4.8723e-04,
        -8.7911e-04, -8.6174e-04, -4.1899e-05, -6.5310e-05,  8.6433e-04,
         4.6315e-04, -4.4486e-04, -2.3743e-04, -2.3721e-05, -1.1830e-03,
         6.4936e-04,  1.8414e-04,  4.5922e-04, -3.7369e-04,  1.5215e-04,
         2.5413e-04, -5.8191e-04,  6.7382e-04,  1.1670e-03,  8.3404e-04,
        -1.0255e-03, -2.1999e-04,  4.4567e-04, -6.1045e-04, -2.1665e-05,
        -8.9917e-04,  9.9959e-04,  1.0785e-03,  7.7389e-04,  2.4893e-04,
         8.8919e-04, -2.8672e-04,  6.4584e-04,  8.2849e-04,  8.7777e-04,
        -6.7482e-04,  7.5864e-04, -7.0458e-04, -6.3133e-04,  3.4632e-04,
        -5.9943e-05, -1.1242e-03,  1.1779e-03, -8.4426e-04, -1.1990e-03,
        -6.2933e-04, -3.6202e-04, -1.8531e-04,  2.8976e-04, -9.4090e-04,
        -4.0214e-05,  1.7056e-04, -1.2064e-03,  5.4524e-04,  8.6369e-04,
         5.9432e-04,  1.1692e-03,  2.1223e-04,  5.0597e-04, -7.9504e-05,
        -9.3041e-05, -5.8459e-04, -6.3396e-04,  1.1464e-03,  7.2617e-05,
         2.8291e-04, -7.3126e-05,  4.6610e-04,  6.3397e-04, -1.9480e-04,
         1.9382e-04, -7.6961e-04, -4.3643e-04, -4.5828e-04,  1.1614e-03,
        -1.0258e-04,  1.5209e-04,  1.0035e-04,  8.7550e-04,  8.5650e-04,
        -9.5466e-05,  5.1984e-04, -2.3493e-04,  9.6373e-04,  5.0286e-05,
         8.2159e-04,  1.1936e-03,  1.5794e-04,  9.6956e-04, -6.8488e-04,
         7.6838e-04,  5.3820e-04, -1.1416e-03, -1.2103e-03,  9.2285e-04,
         4.3873e-04,  4.7393e-04,  5.9295e-04,  1.1744e-04, -6.2005e-04,
         8.4017e-04,  7.0188e-04, -6.7583e-04,  5.9876e-04, -1.1073e-03,
        -2.4220e-04,  6.6660e-05, -8.6113e-04, -4.0545e-04,  9.6684e-04,
        -5.2618e-04, -1.1349e-03,  5.5579e-04, -1.0429e-03,  1.8603e-04,
        -4.8493e-04, -1.7948e-04, -6.5181e-05, -8.6103e-04,  9.2227e-05,
        -1.0320e-03, -1.0509e-04, -5.9358e-04,  7.3503e-05,  9.6623e-04,
        -1.0961e-03, -1.1039e-03, -5.6468e-04, -3.3213e-04, -9.4869e-04,
         3.0371e-04, -1.2064e-03,  4.5452e-04, -1.0811e-03,  7.8018e-04,
         9.1139e-04,  6.4477e-05, -8.5099e-04,  1.1984e-03,  6.8125e-04,
         2.5186e-04,  9.1437e-04,  1.1642e-03,  1.9826e-04, -4.8076e-04,
         7.0515e-04, -2.5810e-04,  3.0973e-04, -5.6312e-04, -5.3429e-04,
        -8.3241e-04,  1.0111e-03, -1.1122e-03,  2.5430e-04, -1.5234e-04,
        -5.2844e-04, -3.1629e-04, -1.1744e-04, -1.5778e-04, -3.2790e-04,
         1.0225e-03, -1.0080e-04,  6.8921e-04,  4.0646e-04, -1.1111e-03,
        -9.5543e-04, -4.6276e-04, -9.1748e-04,  4.9223e-06,  1.9154e-04,
        -1.0229e-04, -8.6769e-04, -1.8828e-04,  1.1706e-03, -6.7407e-04,
        -7.4266e-05,  4.9944e-04,  8.0070e-04,  1.1894e-03, -9.0912e-04,
         1.2107e-03, -6.7649e-04, -8.4972e-04, -4.3918e-04, -7.4737e-04,
         1.0844e-03, -4.4228e-04, -3.6954e-04,  8.8947e-04,  1.0418e-03,
        -1.0594e-03, -1.0500e-04, -3.4461e-04,  4.0355e-04,  6.4194e-05,
        -9.1870e-04,  9.1060e-04,  3.2430e-04, -9.9185e-04, -1.1013e-03,
         9.6198e-04, -2.5325e-04, -2.1267e-04, -1.0464e-03, -2.8784e-05,
        -1.1214e-03, -7.1017e-04, -2.8786e-04,  7.3715e-04,  4.9866e-04,
        -4.2356e-06, -7.6357e-04, -7.1233e-04, -4.0330e-04, -3.4000e-04,
         6.2116e-04, -5.6692e-04,  6.4221e-04,  1.0031e-03, -8.2259e-04,
         3.6587e-04, -5.4333e-05, -1.2862e-04,  8.6095e-04, -5.9505e-04,
         3.9047e-04,  1.3110e-04,  6.6246e-04, -7.7769e-05, -4.6861e-04,
        -7.6044e-04, -9.1688e-04,  1.7111e-04,  1.0519e-03,  7.2401e-04,
         9.8020e-04,  8.0510e-04, -9.4223e-04, -1.9618e-04, -1.0152e-03,
         1.5897e-04], device='cuda:0', requires_grad=True), Parameter containing:
tensor([[ 0.0134, -0.0226,  0.0496,  ..., -0.0401,  0.0271,  0.0280],
        [-0.0537,  0.0048, -0.0335,  ...,  0.0134, -0.0154,  0.0416],
        [-0.0372, -0.0607, -0.0049,  ..., -0.0483, -0.0314,  0.0040],
        ...,
        [-0.0597, -0.0440, -0.0252,  ...,  0.0260,  0.0064,  0.0563],
        [ 0.0404, -0.0123,  0.0326,  ..., -0.0248,  0.0116, -0.0232],
        [-0.0059,  0.0291, -0.0122,  ...,  0.0075,  0.0422,  0.0180]],
       device='cuda:0', requires_grad=True), Parameter containing:
tensor([-0.0201, -0.0006, -0.0052, -0.0519, -0.0407,  0.0023, -0.0348, -0.0102,
         0.0584,  0.0272, -0.0494,  0.0411, -0.0055, -0.0467, -0.0005,  0.0239,
        -0.0121,  0.0564,  0.0353,  0.0528, -0.0120,  0.0224,  0.0584,  0.0598,
        -0.0278,  0.0185,  0.0494,  0.0542, -0.0346, -0.0328, -0.0410, -0.0039,
        -0.0270,  0.0566,  0.0570, -0.0371,  0.0158,  0.0430,  0.0129,  0.0362,
        -0.0488, -0.0576,  0.0485, -0.0291, -0.0050,  0.0018,  0.0429,  0.0069,
         0.0264, -0.0358,  0.0152, -0.0035,  0.0244,  0.0141, -0.0388,  0.0455,
         0.0475,  0.0608, -0.0078,  0.0436,  0.0346,  0.0579, -0.0229,  0.0362,
         0.0340,  0.0563,  0.0567, -0.0191, -0.0284, -0.0312, -0.0439,  0.0449,
         0.0316,  0.0083, -0.0339, -0.0284,  0.0385,  0.0238,  0.0083, -0.0226,
        -0.0567, -0.0030,  0.0010, -0.0288, -0.0328, -0.0288,  0.0215,  0.0072,
        -0.0469, -0.0615, -0.0521, -0.0329,  0.0101, -0.0130, -0.0269,  0.0140,
         0.0161, -0.0451,  0.0330, -0.0589, -0.0445,  0.0061,  0.0515,  0.0538,
         0.0429,  0.0003, -0.0504,  0.0080, -0.0527,  0.0480,  0.0285,  0.0536,
        -0.0257, -0.0247,  0.0116, -0.0134,  0.0242, -0.0574, -0.0504,  0.0541,
         0.0606, -0.0254, -0.0544, -0.0544,  0.0602,  0.0154,  0.0533, -0.0052],
       device='cuda:0', requires_grad=True), Parameter containing:
tensor([[ 0.0065, -0.0293, -0.0458,  ..., -0.0309, -0.0160, -0.0290],
        [ 0.0476,  0.0356,  0.0020,  ..., -0.0664, -0.0739,  0.0554],
        [-0.0385, -0.0249,  0.0466,  ..., -0.0457,  0.0429, -0.0477],
        ...,
        [ 0.0225,  0.0441,  0.0275,  ..., -0.0140,  0.0255, -0.0852],
        [-0.0609, -0.0421,  0.0390,  ...,  0.0480,  0.0105,  0.0657],
        [-0.0585, -0.0309,  0.0042,  ..., -0.0473, -0.0880,  0.0556]],
       device='cuda:0', requires_grad=True), Parameter containing:
tensor([ 0.0121, -0.0743,  0.0320,  0.0737,  0.0628,  0.0250,  0.0784,  0.0827,
         0.0880,  0.0380,  0.0853,  0.0531, -0.0382, -0.0664, -0.0468, -0.0110,
         0.0628, -0.0081,  0.0255, -0.0506, -0.0055, -0.0514,  0.0369,  0.0863,
         0.0722,  0.0784,  0.0404, -0.0372, -0.0026,  0.0650, -0.0655,  0.0377,
         0.0563, -0.0277,  0.0063,  0.0647,  0.0353, -0.0670, -0.0667, -0.0617,
         0.0696,  0.0178, -0.0658,  0.0435,  0.0148,  0.0782,  0.0598, -0.0053,
         0.0822, -0.0429,  0.0735, -0.0827,  0.0858, -0.0153, -0.0104,  0.0133,
        -0.0161, -0.0462, -0.0022,  0.0158,  0.0759,  0.0486,  0.0379, -0.0838],
       device='cuda:0', requires_grad=True), Parameter containing:
tensor([[ 0.0167,  0.0648,  0.0424,  ..., -0.0498,  0.0804,  0.0750],
        [-0.0644,  0.0493, -0.0111,  ...,  0.0655,  0.0195,  0.1213],
        [-0.0695,  0.0870, -0.1190,  ..., -0.0356,  0.0188,  0.0075],
        ...,
        [ 0.0058,  0.1047,  0.0592,  ...,  0.0717,  0.0036, -0.1005],
        [-0.1187,  0.1161,  0.0322,  ..., -0.0051,  0.1117,  0.0744],
        [ 0.0224,  0.0156,  0.0844,  ...,  0.1052, -0.0882,  0.0455]],
       device='cuda:0', requires_grad=True), Parameter containing:
tensor([ 0.0438, -0.1182, -0.0610,  ...,  0.0447,  0.0470, -0.0636],
       device='cuda:0', requires_grad=True)], 'lr': 0.0001, 'betas': (0.9, 0.999), 'eps': 1e-08, 'weight_decay': 5e-05, 'amsgrad': False}]
Traceback (most recent call last):
  File "/hpcfs/bes/mlgpu/hoseinkk/MLTracking/otherparticles/pppipi/pyt_pppipi_cnn_1/./Training.py", line 77, in <module>
    loss = loss_function(outi, truevaluebatch)  # Compute the loss solely based on the training nodes.
  File "/hpcfs/bes/mlgpu/hoseinkk/Miniconda3/envs/dgl1/lib/python3.9/site-packages/torch/nn/modules/module.py", line 1102, in _call_impl
    return forward_call(*input, **kwargs)
  File "/hpcfs/bes/mlgpu/hoseinkk/Miniconda3/envs/dgl1/lib/python3.9/site-packages/torch/nn/modules/loss.py", line 1150, in forward
    return F.cross_entropy(input, target, weight=self.weight,
  File "/hpcfs/bes/mlgpu/hoseinkk/Miniconda3/envs/dgl1/lib/python3.9/site-packages/torch/nn/functional.py", line 2846, in cross_entropy
    return torch._C._nn.cross_entropy_loss(input, target, weight, _Reduction.get_enum(reduction), ignore_index, label_smoothing)
RuntimeError: Expected all tensors to be on the same device, but found at least two devices, cuda:0 and cpu!

real	0m19.305s
user	0m12.211s
sys	0m4.955s
