0: cmsgpu001.ihep.ac.cn
GPU 0: NVIDIA A100-PCIE-40GB (UUID: GPU-83673d1f-01b2-490d-5bc6-a84aaf3ddc65)
Allocate GPU cards : 0

modinfo:
filename:       /lib/modules/3.10.0-1160.71.1.el7.x86_64/extra/nvidia.ko.xz
firmware:       nvidia/515.65.01/gsp.bin
alias:          char-major-195-*
version:        515.65.01
supported:      external
license:        NVIDIA
retpoline:      Y
rhelversion:    7.9
srcversion:     8049D44E2C1B08F41E1B8A6
alias:          pci:v000010DEd*sv*sd*bc06sc80i00*
alias:          pci:v000010DEd*sv*sd*bc03sc02i00*
alias:          pci:v000010DEd*sv*sd*bc03sc00i00*
depends:        drm
vermagic:       3.10.0-1160.71.1.el7.x86_64 SMP mod_unload modversions 
signer:         DKMS module signing key
sig_key:        9B:9E:55:A9:86:D9:50:0B:6D:2D:9F:BA:A7:E6:45:39:D4:DD:5F:C6
sig_hashalgo:   sha512
parm:           NvSwitchRegDwords:NvSwitch regkey (charp)
parm:           NvSwitchBlacklist:NvSwitchBlacklist=uuid[,uuid...] (charp)
parm:           NVreg_ResmanDebugLevel:int
parm:           NVreg_RmLogonRC:int
parm:           NVreg_ModifyDeviceFiles:int
parm:           NVreg_DeviceFileUID:int
parm:           NVreg_DeviceFileGID:int
parm:           NVreg_DeviceFileMode:int
parm:           NVreg_InitializeSystemMemoryAllocations:int
parm:           NVreg_UsePageAttributeTable:int
parm:           NVreg_EnablePCIeGen3:int
parm:           NVreg_EnableMSI:int
parm:           NVreg_TCEBypassMode:int
parm:           NVreg_EnableStreamMemOPs:int
parm:           NVreg_RestrictProfilingToAdminUsers:int
parm:           NVreg_PreserveVideoMemoryAllocations:int
parm:           NVreg_EnableS0ixPowerManagement:int
parm:           NVreg_S0ixPowerManagementVideoMemoryThreshold:int
parm:           NVreg_DynamicPowerManagement:int
parm:           NVreg_DynamicPowerManagementVideoMemoryThreshold:int
parm:           NVreg_EnableGpuFirmware:int
parm:           NVreg_EnableGpuFirmwareLogs:int
parm:           NVreg_OpenRmEnableUnsupportedGpus:int
parm:           NVreg_EnableUserNUMAManagement:int
parm:           NVreg_MemoryPoolSize:int
parm:           NVreg_KMallocHeapMaxSize:int
parm:           NVreg_VMallocHeapMaxSize:int
parm:           NVreg_IgnoreMMIOCheck:int
parm:           NVreg_NvLinkDisable:int
parm:           NVreg_EnablePCIERelaxedOrderingMode:int
parm:           NVreg_RegisterPCIDriver:int
parm:           NVreg_EnableDbgBreakpoint:int
parm:           NVreg_RegistryDwords:charp
parm:           NVreg_RegistryDwordsPerDevice:charp
parm:           NVreg_RmMsg:charp
parm:           NVreg_GpuBlacklist:charp
parm:           NVreg_TemporaryFilePath:charp
parm:           NVreg_ExcludedGpus:charp
parm:           NVreg_DmaRemapPeerMmio:int
parm:           rm_firmware_active:charp

nvidia-smi:
Mon Aug 29 15:22:34 2022       
+-----------------------------------------------------------------------------+
| NVIDIA-SMI 515.65.01    Driver Version: 515.65.01    CUDA Version: 11.7     |
|-------------------------------+----------------------+----------------------+
| GPU  Name        Persistence-M| Bus-Id        Disp.A | Volatile Uncorr. ECC |
| Fan  Temp  Perf  Pwr:Usage/Cap|         Memory-Usage | GPU-Util  Compute M. |
|                               |                      |               MIG M. |
|===============================+======================+======================|
|   0  NVIDIA A100-PCI...  On   | 00000000:3B:00.0 Off |                    0 |
| N/A   22C    P0    32W / 250W |      0MiB / 40960MiB |      0%      Default |
|                               |                      |             Disabled |
+-------------------------------+----------------------+----------------------+
                                                                               
+-----------------------------------------------------------------------------+
| Processes:                                                                  |
|  GPU   GI   CI        PID   Type   Process name                  GPU Memory |
|        ID   ID                                                   Usage      |
|=============================================================================|
|  No running processes found                                                 |
+-----------------------------------------------------------------------------+

nvcc --version:
nvcc: NVIDIA (R) Cuda compiler driver
Copyright (c) 2005-2021 NVIDIA Corporation
Built on Sun_Mar_21_19:15:46_PDT_2021
Cuda compilation tools, release 11.3, V11.3.58
Build cuda_11.3.r11.3/compiler.29745058_0

 torch version: 1.10.2

 cuda version: 11.3

 is cuda available: True

 CUDNN VERSION: 8200

 Number CUDA Devices: 1

 CUDA Device Name: NVIDIA A100-PCIE-40GB

 CUDA Device Total Memory [GB]: 42.358472704

 Device capability: (8, 0) 

 Cuda deviice: <torch.cuda.device object at 0x2ae3189418e0> 

 Is cuda initialized: True

 CUDA_HOME: /hpcfs/bes/mlgpu/hoseinkk/Miniconda3/envs/dgl1

real	0m4.886s
user	0m2.602s
sys	0m1.211s
/hpcfs/bes/mlgpu/hoseinkk/Miniconda3/envs/dgl1/lib/python3.9/site-packages/cupy/_environment.py:438: UserWarning: 
--------------------------------------------------------------------------------

  CuPy may not function correctly because multiple CuPy packages are installed
  in your environment:

    cupy, cupy-cuda110

  Follow these steps to resolve this issue:

    1. For all packages listed above, run the following command to remove all
       existing CuPy installations:

         $ pip uninstall <package_name>

      If you previously installed CuPy via conda, also run the following:

         $ conda uninstall cupy

    2. Install the appropriate CuPy package.
       Refer to the Installation Guide for detailed instructions.

         https://docs.cupy.dev/en/stable/install.html

--------------------------------------------------------------------------------

  warnings.warn(f'''
/hpcfs/bes/mlgpu/hoseinkk/Miniconda3/envs/dgl1/lib/python3.9/site-packages/torch/nn/functional.py:1806: UserWarning: nn.functional.sigmoid is deprecated. Use torch.sigmoid instead.
  warnings.warn("nn.functional.sigmoid is deprecated. Use torch.sigmoid instead.")




 Training ... 






 The Network ... 







 Loading data ... 



training set shape (20000, 43, 288) 
sum 5279207

target set shape (20000, 6796) 
sum 4575851
Net(
  (conv1): Conv2d(1, 256, kernel_size=(3, 3), stride=(1, 1))
  (conv2): Conv2d(256, 128, kernel_size=(3, 3), stride=(1, 1))
  (conv3): Conv2d(128, 64, kernel_size=(3, 3), stride=(1, 1))
  (fc1): Linear(in_features=667776, out_features=256, bias=True)
  (fc2): Linear(in_features=256, out_features=128, bias=True)
  (fc3): Linear(in_features=128, out_features=64, bias=True)
  (fc4): Linear(in_features=64, out_features=6796, bias=True)
)

number of the free parameters: 171805196
parameters of the network conv1.weight 
 torch.Size([256, 1, 3, 3]) 
 True 
 tensor([[[[-0.2231,  0.0535, -0.0596],
          [-0.1687,  0.3070, -0.1511],
          [-0.1843,  0.0615, -0.1691]]],


        [[[-0.2661, -0.1482,  0.0096],
          [ 0.1470,  0.1176,  0.0120],
          [-0.0105,  0.3203,  0.0599]]],


        [[[-0.2051, -0.2464, -0.1271],
          [ 0.3295,  0.2086, -0.0049],
          [ 0.1401,  0.0282,  0.2320]]],


        ...,


        [[[-0.2738,  0.2886,  0.3029],
          [ 0.0774,  0.1685,  0.1630],
          [ 0.2946,  0.0856, -0.2119]]],


        [[[-0.2280, -0.1018, -0.0253],
          [ 0.0938, -0.0083,  0.1151],
          [ 0.1589, -0.0401, -0.1625]]],


        [[[-0.1335, -0.1236, -0.1607],
          [-0.0336, -0.0925,  0.1939],
          [-0.3196, -0.1868, -0.0035]]]], device='cuda:0') 
 Parameter containing:
tensor([[[[-0.2231,  0.0535, -0.0596],
          [-0.1687,  0.3070, -0.1511],
          [-0.1843,  0.0615, -0.1691]]],


        [[[-0.2661, -0.1482,  0.0096],
          [ 0.1470,  0.1176,  0.0120],
          [-0.0105,  0.3203,  0.0599]]],


        [[[-0.2051, -0.2464, -0.1271],
          [ 0.3295,  0.2086, -0.0049],
          [ 0.1401,  0.0282,  0.2320]]],


        ...,


        [[[-0.2738,  0.2886,  0.3029],
          [ 0.0774,  0.1685,  0.1630],
          [ 0.2946,  0.0856, -0.2119]]],


        [[[-0.2280, -0.1018, -0.0253],
          [ 0.0938, -0.0083,  0.1151],
          [ 0.1589, -0.0401, -0.1625]]],


        [[[-0.1335, -0.1236, -0.1607],
          [-0.0336, -0.0925,  0.1939],
          [-0.3196, -0.1868, -0.0035]]]], device='cuda:0', requires_grad=True)
parameters of the network conv1.bias 
 torch.Size([256]) 
 True 
 tensor([-0.1620,  0.1948,  0.2109,  0.1930,  0.1024, -0.0885, -0.0626,  0.2954,
        -0.2980, -0.0577, -0.2182,  0.3140, -0.2700, -0.3078, -0.0895,  0.1634,
        -0.0346,  0.3026,  0.3246,  0.3123, -0.3259, -0.3003,  0.0889,  0.2738,
         0.1139, -0.0995,  0.0278,  0.0580,  0.1666,  0.1814,  0.1478,  0.0895,
         0.3048,  0.0914,  0.3265, -0.1806, -0.1149,  0.2642,  0.2191, -0.1719,
        -0.0084,  0.0674,  0.2558, -0.1195, -0.0224, -0.3067,  0.0388,  0.1570,
         0.2103, -0.2544, -0.3246,  0.1058,  0.1796,  0.0604, -0.2578,  0.2082,
         0.2573, -0.2294,  0.0219,  0.1765, -0.2859,  0.0942, -0.0229, -0.3269,
        -0.1633, -0.0374, -0.0680, -0.3030,  0.1155, -0.1997, -0.2309,  0.2844,
         0.1815,  0.2003, -0.2797,  0.2394,  0.0674, -0.2645, -0.3006,  0.1391,
        -0.0568,  0.0574,  0.2806, -0.3068, -0.0943, -0.0842,  0.1449,  0.3203,
        -0.2725,  0.3275, -0.1384,  0.2072,  0.0659, -0.1921,  0.0621,  0.1962,
         0.2956,  0.0906,  0.0955, -0.2729, -0.0873,  0.2164, -0.2938,  0.0694,
         0.2734,  0.0800, -0.3310,  0.0956, -0.2147,  0.1434, -0.0618,  0.0275,
        -0.3052, -0.1829, -0.2853,  0.0877,  0.2541, -0.3112,  0.1015, -0.1647,
         0.2176,  0.0471, -0.0231,  0.1800,  0.2440, -0.0485, -0.2709, -0.0651,
        -0.0521,  0.1600,  0.2492, -0.1906, -0.2396, -0.1737,  0.2126, -0.0290,
        -0.2244,  0.0391,  0.2358, -0.2309, -0.1250, -0.0443, -0.2431,  0.0562,
        -0.3202, -0.3327,  0.1815,  0.0690, -0.0210, -0.2166, -0.1924, -0.2017,
        -0.1378, -0.1456,  0.2344, -0.0285, -0.2310,  0.3319, -0.2819,  0.1611,
        -0.0079, -0.3011, -0.1936, -0.0592, -0.1317,  0.0071,  0.2902, -0.0603,
        -0.2434, -0.1812, -0.0804,  0.2670, -0.0668,  0.1121, -0.0557, -0.0460,
        -0.1548,  0.0250, -0.2129,  0.2031, -0.1945, -0.0880,  0.0428, -0.0192,
         0.0091,  0.1564,  0.0551,  0.0607,  0.1623,  0.2435, -0.1020, -0.0405,
        -0.3029,  0.0994,  0.0561,  0.0813, -0.2582, -0.2933, -0.1945, -0.2694,
        -0.3222,  0.2634, -0.1254,  0.1900,  0.2456, -0.1920,  0.2481, -0.2335,
        -0.2847,  0.1277, -0.1877,  0.1660,  0.1832,  0.1089,  0.0559, -0.3290,
        -0.2353,  0.2117,  0.0415, -0.0203,  0.3130, -0.2247,  0.0868,  0.3035,
        -0.0308,  0.0009,  0.0941, -0.0081, -0.2237, -0.1318,  0.3226, -0.0610,
        -0.3130,  0.2987, -0.1246, -0.2601, -0.2145, -0.0678, -0.2634,  0.2532,
         0.1979,  0.2430, -0.0820,  0.0375,  0.1857,  0.0462,  0.1867,  0.3209,
         0.0127,  0.1619, -0.1109, -0.1807,  0.3237, -0.1662, -0.0604,  0.0848],
       device='cuda:0') 
 Parameter containing:
tensor([-0.1620,  0.1948,  0.2109,  0.1930,  0.1024, -0.0885, -0.0626,  0.2954,
        -0.2980, -0.0577, -0.2182,  0.3140, -0.2700, -0.3078, -0.0895,  0.1634,
        -0.0346,  0.3026,  0.3246,  0.3123, -0.3259, -0.3003,  0.0889,  0.2738,
         0.1139, -0.0995,  0.0278,  0.0580,  0.1666,  0.1814,  0.1478,  0.0895,
         0.3048,  0.0914,  0.3265, -0.1806, -0.1149,  0.2642,  0.2191, -0.1719,
        -0.0084,  0.0674,  0.2558, -0.1195, -0.0224, -0.3067,  0.0388,  0.1570,
         0.2103, -0.2544, -0.3246,  0.1058,  0.1796,  0.0604, -0.2578,  0.2082,
         0.2573, -0.2294,  0.0219,  0.1765, -0.2859,  0.0942, -0.0229, -0.3269,
        -0.1633, -0.0374, -0.0680, -0.3030,  0.1155, -0.1997, -0.2309,  0.2844,
         0.1815,  0.2003, -0.2797,  0.2394,  0.0674, -0.2645, -0.3006,  0.1391,
        -0.0568,  0.0574,  0.2806, -0.3068, -0.0943, -0.0842,  0.1449,  0.3203,
        -0.2725,  0.3275, -0.1384,  0.2072,  0.0659, -0.1921,  0.0621,  0.1962,
         0.2956,  0.0906,  0.0955, -0.2729, -0.0873,  0.2164, -0.2938,  0.0694,
         0.2734,  0.0800, -0.3310,  0.0956, -0.2147,  0.1434, -0.0618,  0.0275,
        -0.3052, -0.1829, -0.2853,  0.0877,  0.2541, -0.3112,  0.1015, -0.1647,
         0.2176,  0.0471, -0.0231,  0.1800,  0.2440, -0.0485, -0.2709, -0.0651,
        -0.0521,  0.1600,  0.2492, -0.1906, -0.2396, -0.1737,  0.2126, -0.0290,
        -0.2244,  0.0391,  0.2358, -0.2309, -0.1250, -0.0443, -0.2431,  0.0562,
        -0.3202, -0.3327,  0.1815,  0.0690, -0.0210, -0.2166, -0.1924, -0.2017,
        -0.1378, -0.1456,  0.2344, -0.0285, -0.2310,  0.3319, -0.2819,  0.1611,
        -0.0079, -0.3011, -0.1936, -0.0592, -0.1317,  0.0071,  0.2902, -0.0603,
        -0.2434, -0.1812, -0.0804,  0.2670, -0.0668,  0.1121, -0.0557, -0.0460,
        -0.1548,  0.0250, -0.2129,  0.2031, -0.1945, -0.0880,  0.0428, -0.0192,
         0.0091,  0.1564,  0.0551,  0.0607,  0.1623,  0.2435, -0.1020, -0.0405,
        -0.3029,  0.0994,  0.0561,  0.0813, -0.2582, -0.2933, -0.1945, -0.2694,
        -0.3222,  0.2634, -0.1254,  0.1900,  0.2456, -0.1920,  0.2481, -0.2335,
        -0.2847,  0.1277, -0.1877,  0.1660,  0.1832,  0.1089,  0.0559, -0.3290,
        -0.2353,  0.2117,  0.0415, -0.0203,  0.3130, -0.2247,  0.0868,  0.3035,
        -0.0308,  0.0009,  0.0941, -0.0081, -0.2237, -0.1318,  0.3226, -0.0610,
        -0.3130,  0.2987, -0.1246, -0.2601, -0.2145, -0.0678, -0.2634,  0.2532,
         0.1979,  0.2430, -0.0820,  0.0375,  0.1857,  0.0462,  0.1867,  0.3209,
         0.0127,  0.1619, -0.1109, -0.1807,  0.3237, -0.1662, -0.0604,  0.0848],
       device='cuda:0', requires_grad=True)
parameters of the network conv2.weight 
 torch.Size([128, 256, 3, 3]) 
 True 
 tensor([[[[ 2.0453e-02,  9.2617e-03,  6.0124e-03],
          [-9.4166e-04, -6.6403e-03, -7.0205e-03],
          [ 8.4086e-03, -4.4019e-03,  1.0111e-02]],

         [[-1.3953e-02,  1.0545e-02, -1.6763e-02],
          [ 1.5491e-02,  9.1355e-04, -1.7397e-02],
          [-1.4166e-02,  1.2914e-02, -7.0153e-03]],

         [[ 1.0028e-02, -1.9869e-02,  1.2126e-02],
          [ 2.9872e-03,  1.4481e-02,  1.5725e-02],
          [ 7.5180e-03,  1.3115e-02, -4.7551e-03]],

         ...,

         [[ 9.3188e-03, -1.2233e-02,  1.9189e-02],
          [-1.7267e-02,  1.6540e-02,  6.9209e-03],
          [ 1.4090e-02, -1.6005e-02, -1.2530e-02]],

         [[ 3.7496e-03, -1.6450e-02, -1.1886e-02],
          [ 1.4532e-02,  3.7406e-03,  2.8870e-03],
          [ 1.5901e-02,  1.5583e-02, -3.9965e-04]],

         [[-1.1604e-02, -1.3622e-02, -5.8724e-03],
          [-1.0090e-02,  1.9477e-02,  5.2524e-03],
          [-2.0626e-02, -1.0098e-02, -1.1458e-02]]],


        [[[ 2.3352e-03, -4.3307e-03, -2.0641e-02],
          [-1.7794e-02, -1.4118e-02,  1.2720e-02],
          [-6.0540e-03, -8.9700e-03,  5.8297e-03]],

         [[-1.3846e-03,  1.2611e-02,  1.5349e-02],
          [ 1.9566e-02,  1.8827e-02, -1.6696e-02],
          [-1.8852e-02,  1.2334e-03, -7.1497e-03]],

         [[ 9.4393e-03, -1.9924e-02, -1.2315e-02],
          [-1.2233e-02, -5.8582e-03, -8.6583e-03],
          [-1.9340e-02,  9.3020e-03, -8.9354e-03]],

         ...,

         [[-1.3347e-02, -1.3587e-02,  1.1362e-03],
          [ 1.5210e-02,  1.4244e-02,  5.9594e-03],
          [ 1.8010e-02,  1.1173e-02, -4.8881e-03]],

         [[-9.1031e-03,  7.0101e-03, -2.4764e-03],
          [-1.1822e-02, -1.7584e-02,  1.2663e-02],
          [ 9.9269e-03,  1.7489e-02, -7.6179e-03]],

         [[-9.2337e-03,  1.7521e-02, -1.8657e-02],
          [ 8.8905e-03,  6.8866e-05,  2.5056e-03],
          [-5.6823e-03,  1.5007e-02, -2.7819e-03]]],


        [[[ 2.0441e-02, -1.0312e-02,  1.6936e-02],
          [ 1.0643e-02,  1.7325e-02, -8.8541e-03],
          [-2.9775e-04, -1.0810e-02,  3.2983e-03]],

         [[-6.9170e-03,  8.2409e-03,  1.5496e-02],
          [-1.6675e-02, -4.0942e-04, -1.6682e-02],
          [ 1.0103e-02,  1.5492e-04,  1.9228e-02]],

         [[-1.8658e-02,  1.4771e-02, -3.1387e-03],
          [-1.9665e-02, -1.5193e-02, -1.9675e-02],
          [ 1.8970e-02, -8.5838e-03,  1.7393e-03]],

         ...,

         [[ 1.0561e-02, -3.5844e-03, -1.4347e-02],
          [ 1.7893e-02, -9.6077e-03, -5.2237e-03],
          [ 2.0813e-02, -1.5576e-02,  2.0017e-02]],

         [[ 6.0426e-03,  1.9613e-02, -9.6646e-03],
          [-9.3372e-03, -6.2952e-03, -1.1842e-02],
          [ 4.8162e-03, -6.8513e-03, -1.3581e-02]],

         [[-7.5784e-03, -1.3452e-02,  1.7833e-02],
          [-1.2142e-03, -8.9605e-03,  2.2442e-03],
          [ 1.9947e-02,  1.1353e-02, -1.9144e-02]]],


        ...,


        [[[-1.3786e-02, -2.9935e-03,  9.5173e-03],
          [-5.3630e-03, -3.1630e-03, -1.3333e-02],
          [-2.1519e-04,  7.2176e-03, -1.0750e-02]],

         [[-3.0043e-04, -7.8839e-03, -1.8378e-02],
          [-1.8070e-02,  2.0753e-02, -1.3729e-02],
          [ 1.7512e-02,  1.9740e-02,  2.0151e-02]],

         [[-1.2920e-02,  1.9067e-02,  9.0332e-03],
          [ 4.8558e-03,  5.2214e-03,  1.2511e-02],
          [-5.2689e-04, -1.6513e-02,  1.7870e-02]],

         ...,

         [[ 1.3636e-02, -9.8757e-03,  1.6962e-02],
          [-1.8128e-02,  1.9427e-02,  1.2052e-02],
          [-9.0315e-03, -1.6927e-02, -7.0768e-04]],

         [[-1.1197e-02,  3.2081e-03, -9.2220e-03],
          [ 2.2623e-04,  1.0782e-02,  2.0205e-02],
          [-4.9713e-03, -2.2996e-03,  1.2128e-02]],

         [[ 3.4099e-03,  1.2290e-02, -9.3248e-03],
          [ 1.5675e-02,  1.3597e-02,  1.7157e-02],
          [ 4.2107e-03, -7.4984e-03,  1.6995e-02]]],


        [[[ 1.3590e-02,  5.7339e-03, -2.0709e-02],
          [ 1.8399e-02,  3.2247e-03,  1.4499e-02],
          [ 1.6548e-02, -1.8056e-03, -2.0174e-02]],

         [[-2.8168e-03,  9.5567e-03, -4.0027e-03],
          [-9.3111e-03, -1.9310e-02,  1.8210e-02],
          [-3.9783e-03, -5.2951e-03, -7.0922e-03]],

         [[-1.6704e-02,  1.3667e-02, -7.4022e-03],
          [ 5.0237e-03, -8.8330e-03, -7.4602e-03],
          [-8.0465e-03, -2.1319e-03, -1.3271e-02]],

         ...,

         [[ 9.6535e-03, -8.6223e-03,  6.0809e-03],
          [-1.2677e-02, -1.9021e-02,  1.2273e-02],
          [-1.5688e-02, -2.0277e-02,  9.7558e-03]],

         [[-9.5515e-03,  6.1598e-03, -1.8732e-02],
          [ 1.2534e-02, -2.3466e-03,  2.0227e-02],
          [ 1.8167e-02, -1.6896e-02, -3.6127e-03]],

         [[ 7.4029e-03, -4.0924e-03, -1.7412e-02],
          [ 5.1219e-03, -1.5552e-02,  1.9070e-02],
          [-8.6094e-03,  1.6974e-02, -1.7531e-02]]],


        [[[ 1.1042e-03,  1.3506e-02,  1.0721e-02],
          [-6.9010e-03, -1.1348e-02,  2.8495e-03],
          [ 8.6989e-03, -1.5447e-02,  1.0453e-02]],

         [[-3.9188e-03, -1.4406e-02, -8.0432e-03],
          [-9.3505e-03, -2.1102e-03, -1.2358e-02],
          [ 2.0142e-02,  5.6084e-03,  9.8931e-03]],

         [[ 1.7884e-02,  1.1672e-02,  3.4210e-04],
          [-1.3503e-02, -4.6983e-03, -8.7759e-03],
          [-1.6705e-02, -3.8229e-03, -1.1617e-02]],

         ...,

         [[-1.3812e-02,  5.7065e-03,  1.3065e-03],
          [ 7.3509e-03, -5.4048e-04,  1.2662e-02],
          [ 7.3624e-03, -1.5165e-02, -1.4522e-02]],

         [[ 9.4736e-03,  3.2135e-03, -3.3052e-04],
          [-1.5568e-02,  3.3043e-03, -1.1494e-02],
          [ 1.3688e-02, -1.6533e-02, -1.9432e-02]],

         [[ 1.0189e-02, -1.2182e-02,  1.9508e-02],
          [-3.7166e-03,  1.4187e-02, -6.7436e-03],
          [ 1.1567e-02,  1.3188e-02,  6.1568e-03]]]], device='cuda:0') 
 Parameter containing:
tensor([[[[ 2.0453e-02,  9.2617e-03,  6.0124e-03],
          [-9.4166e-04, -6.6403e-03, -7.0205e-03],
          [ 8.4086e-03, -4.4019e-03,  1.0111e-02]],

         [[-1.3953e-02,  1.0545e-02, -1.6763e-02],
          [ 1.5491e-02,  9.1355e-04, -1.7397e-02],
          [-1.4166e-02,  1.2914e-02, -7.0153e-03]],

         [[ 1.0028e-02, -1.9869e-02,  1.2126e-02],
          [ 2.9872e-03,  1.4481e-02,  1.5725e-02],
          [ 7.5180e-03,  1.3115e-02, -4.7551e-03]],

         ...,

         [[ 9.3188e-03, -1.2233e-02,  1.9189e-02],
          [-1.7267e-02,  1.6540e-02,  6.9209e-03],
          [ 1.4090e-02, -1.6005e-02, -1.2530e-02]],

         [[ 3.7496e-03, -1.6450e-02, -1.1886e-02],
          [ 1.4532e-02,  3.7406e-03,  2.8870e-03],
          [ 1.5901e-02,  1.5583e-02, -3.9965e-04]],

         [[-1.1604e-02, -1.3622e-02, -5.8724e-03],
          [-1.0090e-02,  1.9477e-02,  5.2524e-03],
          [-2.0626e-02, -1.0098e-02, -1.1458e-02]]],


        [[[ 2.3352e-03, -4.3307e-03, -2.0641e-02],
          [-1.7794e-02, -1.4118e-02,  1.2720e-02],
          [-6.0540e-03, -8.9700e-03,  5.8297e-03]],

         [[-1.3846e-03,  1.2611e-02,  1.5349e-02],
          [ 1.9566e-02,  1.8827e-02, -1.6696e-02],
          [-1.8852e-02,  1.2334e-03, -7.1497e-03]],

         [[ 9.4393e-03, -1.9924e-02, -1.2315e-02],
          [-1.2233e-02, -5.8582e-03, -8.6583e-03],
          [-1.9340e-02,  9.3020e-03, -8.9354e-03]],

         ...,

         [[-1.3347e-02, -1.3587e-02,  1.1362e-03],
          [ 1.5210e-02,  1.4244e-02,  5.9594e-03],
          [ 1.8010e-02,  1.1173e-02, -4.8881e-03]],

         [[-9.1031e-03,  7.0101e-03, -2.4764e-03],
          [-1.1822e-02, -1.7584e-02,  1.2663e-02],
          [ 9.9269e-03,  1.7489e-02, -7.6179e-03]],

         [[-9.2337e-03,  1.7521e-02, -1.8657e-02],
          [ 8.8905e-03,  6.8866e-05,  2.5056e-03],
          [-5.6823e-03,  1.5007e-02, -2.7819e-03]]],


        [[[ 2.0441e-02, -1.0312e-02,  1.6936e-02],
          [ 1.0643e-02,  1.7325e-02, -8.8541e-03],
          [-2.9775e-04, -1.0810e-02,  3.2983e-03]],

         [[-6.9170e-03,  8.2409e-03,  1.5496e-02],
          [-1.6675e-02, -4.0942e-04, -1.6682e-02],
          [ 1.0103e-02,  1.5492e-04,  1.9228e-02]],

         [[-1.8658e-02,  1.4771e-02, -3.1387e-03],
          [-1.9665e-02, -1.5193e-02, -1.9675e-02],
          [ 1.8970e-02, -8.5838e-03,  1.7393e-03]],

         ...,

         [[ 1.0561e-02, -3.5844e-03, -1.4347e-02],
          [ 1.7893e-02, -9.6077e-03, -5.2237e-03],
          [ 2.0813e-02, -1.5576e-02,  2.0017e-02]],

         [[ 6.0426e-03,  1.9613e-02, -9.6646e-03],
          [-9.3372e-03, -6.2952e-03, -1.1842e-02],
          [ 4.8162e-03, -6.8513e-03, -1.3581e-02]],

         [[-7.5784e-03, -1.3452e-02,  1.7833e-02],
          [-1.2142e-03, -8.9605e-03,  2.2442e-03],
          [ 1.9947e-02,  1.1353e-02, -1.9144e-02]]],


        ...,


        [[[-1.3786e-02, -2.9935e-03,  9.5173e-03],
          [-5.3630e-03, -3.1630e-03, -1.3333e-02],
          [-2.1519e-04,  7.2176e-03, -1.0750e-02]],

         [[-3.0043e-04, -7.8839e-03, -1.8378e-02],
          [-1.8070e-02,  2.0753e-02, -1.3729e-02],
          [ 1.7512e-02,  1.9740e-02,  2.0151e-02]],

         [[-1.2920e-02,  1.9067e-02,  9.0332e-03],
          [ 4.8558e-03,  5.2214e-03,  1.2511e-02],
          [-5.2689e-04, -1.6513e-02,  1.7870e-02]],

         ...,

         [[ 1.3636e-02, -9.8757e-03,  1.6962e-02],
          [-1.8128e-02,  1.9427e-02,  1.2052e-02],
          [-9.0315e-03, -1.6927e-02, -7.0768e-04]],

         [[-1.1197e-02,  3.2081e-03, -9.2220e-03],
          [ 2.2623e-04,  1.0782e-02,  2.0205e-02],
          [-4.9713e-03, -2.2996e-03,  1.2128e-02]],

         [[ 3.4099e-03,  1.2290e-02, -9.3248e-03],
          [ 1.5675e-02,  1.3597e-02,  1.7157e-02],
          [ 4.2107e-03, -7.4984e-03,  1.6995e-02]]],


        [[[ 1.3590e-02,  5.7339e-03, -2.0709e-02],
          [ 1.8399e-02,  3.2247e-03,  1.4499e-02],
          [ 1.6548e-02, -1.8056e-03, -2.0174e-02]],

         [[-2.8168e-03,  9.5567e-03, -4.0027e-03],
          [-9.3111e-03, -1.9310e-02,  1.8210e-02],
          [-3.9783e-03, -5.2951e-03, -7.0922e-03]],

         [[-1.6704e-02,  1.3667e-02, -7.4022e-03],
          [ 5.0237e-03, -8.8330e-03, -7.4602e-03],
          [-8.0465e-03, -2.1319e-03, -1.3271e-02]],

         ...,

         [[ 9.6535e-03, -8.6223e-03,  6.0809e-03],
          [-1.2677e-02, -1.9021e-02,  1.2273e-02],
          [-1.5688e-02, -2.0277e-02,  9.7558e-03]],

         [[-9.5515e-03,  6.1598e-03, -1.8732e-02],
          [ 1.2534e-02, -2.3466e-03,  2.0227e-02],
          [ 1.8167e-02, -1.6896e-02, -3.6127e-03]],

         [[ 7.4029e-03, -4.0924e-03, -1.7412e-02],
          [ 5.1219e-03, -1.5552e-02,  1.9070e-02],
          [-8.6094e-03,  1.6974e-02, -1.7531e-02]]],


        [[[ 1.1042e-03,  1.3506e-02,  1.0721e-02],
          [-6.9010e-03, -1.1348e-02,  2.8495e-03],
          [ 8.6989e-03, -1.5447e-02,  1.0453e-02]],

         [[-3.9188e-03, -1.4406e-02, -8.0432e-03],
          [-9.3505e-03, -2.1102e-03, -1.2358e-02],
          [ 2.0142e-02,  5.6084e-03,  9.8931e-03]],

         [[ 1.7884e-02,  1.1672e-02,  3.4210e-04],
          [-1.3503e-02, -4.6983e-03, -8.7759e-03],
          [-1.6705e-02, -3.8229e-03, -1.1617e-02]],

         ...,

         [[-1.3812e-02,  5.7065e-03,  1.3065e-03],
          [ 7.3509e-03, -5.4048e-04,  1.2662e-02],
          [ 7.3624e-03, -1.5165e-02, -1.4522e-02]],

         [[ 9.4736e-03,  3.2135e-03, -3.3052e-04],
          [-1.5568e-02,  3.3043e-03, -1.1494e-02],
          [ 1.3688e-02, -1.6533e-02, -1.9432e-02]],

         [[ 1.0189e-02, -1.2182e-02,  1.9508e-02],
          [-3.7166e-03,  1.4187e-02, -6.7436e-03],
          [ 1.1567e-02,  1.3188e-02,  6.1568e-03]]]], device='cuda:0',
       requires_grad=True)
parameters of the network conv2.bias 
 torch.Size([128]) 
 True 
 tensor([ 0.0135,  0.0034,  0.0049, -0.0138,  0.0156, -0.0036,  0.0172,  0.0144,
        -0.0158,  0.0137,  0.0070,  0.0055, -0.0181, -0.0088,  0.0170, -0.0007,
        -0.0148, -0.0189, -0.0178, -0.0073,  0.0208, -0.0133,  0.0082, -0.0016,
         0.0109,  0.0090,  0.0028, -0.0101,  0.0035, -0.0098, -0.0148, -0.0070,
         0.0206,  0.0118, -0.0009,  0.0012,  0.0062,  0.0125, -0.0186,  0.0137,
         0.0134,  0.0095,  0.0014, -0.0199,  0.0008,  0.0075,  0.0055,  0.0137,
        -0.0080,  0.0025,  0.0140, -0.0100,  0.0137,  0.0020, -0.0047, -0.0169,
         0.0196, -0.0075,  0.0023, -0.0120,  0.0075,  0.0001, -0.0099,  0.0204,
         0.0145,  0.0192,  0.0104, -0.0111, -0.0070, -0.0003, -0.0045, -0.0118,
         0.0087,  0.0045,  0.0111,  0.0160,  0.0029, -0.0186,  0.0100,  0.0144,
         0.0084, -0.0142, -0.0132, -0.0088, -0.0114, -0.0026, -0.0157, -0.0139,
         0.0078,  0.0034, -0.0198, -0.0135, -0.0109,  0.0089, -0.0008, -0.0035,
        -0.0153,  0.0045, -0.0034, -0.0122, -0.0142,  0.0150, -0.0015,  0.0062,
         0.0130, -0.0198, -0.0121, -0.0064,  0.0138, -0.0171,  0.0208,  0.0051,
        -0.0037, -0.0070, -0.0116, -0.0085, -0.0052,  0.0047, -0.0115, -0.0193,
         0.0155, -0.0181,  0.0205,  0.0116,  0.0012,  0.0025, -0.0147,  0.0184],
       device='cuda:0') 
 Parameter containing:
tensor([ 0.0135,  0.0034,  0.0049, -0.0138,  0.0156, -0.0036,  0.0172,  0.0144,
        -0.0158,  0.0137,  0.0070,  0.0055, -0.0181, -0.0088,  0.0170, -0.0007,
        -0.0148, -0.0189, -0.0178, -0.0073,  0.0208, -0.0133,  0.0082, -0.0016,
         0.0109,  0.0090,  0.0028, -0.0101,  0.0035, -0.0098, -0.0148, -0.0070,
         0.0206,  0.0118, -0.0009,  0.0012,  0.0062,  0.0125, -0.0186,  0.0137,
         0.0134,  0.0095,  0.0014, -0.0199,  0.0008,  0.0075,  0.0055,  0.0137,
        -0.0080,  0.0025,  0.0140, -0.0100,  0.0137,  0.0020, -0.0047, -0.0169,
         0.0196, -0.0075,  0.0023, -0.0120,  0.0075,  0.0001, -0.0099,  0.0204,
         0.0145,  0.0192,  0.0104, -0.0111, -0.0070, -0.0003, -0.0045, -0.0118,
         0.0087,  0.0045,  0.0111,  0.0160,  0.0029, -0.0186,  0.0100,  0.0144,
         0.0084, -0.0142, -0.0132, -0.0088, -0.0114, -0.0026, -0.0157, -0.0139,
         0.0078,  0.0034, -0.0198, -0.0135, -0.0109,  0.0089, -0.0008, -0.0035,
        -0.0153,  0.0045, -0.0034, -0.0122, -0.0142,  0.0150, -0.0015,  0.0062,
         0.0130, -0.0198, -0.0121, -0.0064,  0.0138, -0.0171,  0.0208,  0.0051,
        -0.0037, -0.0070, -0.0116, -0.0085, -0.0052,  0.0047, -0.0115, -0.0193,
         0.0155, -0.0181,  0.0205,  0.0116,  0.0012,  0.0025, -0.0147,  0.0184],
       device='cuda:0', requires_grad=True)
parameters of the network conv3.weight 
 torch.Size([64, 128, 3, 3]) 
 True 
 tensor([[[[-5.3140e-03,  2.5984e-03,  1.0343e-02],
          [ 1.5996e-02, -2.6138e-02,  3.4803e-03],
          [-2.0322e-03, -6.7233e-03,  7.5927e-03]],

         [[-2.8143e-02, -1.8876e-02, -2.3853e-02],
          [-1.4352e-02, -2.0078e-02,  6.1134e-03],
          [ 1.5870e-02,  6.6834e-03,  1.1055e-02]],

         [[-1.8541e-02,  3.9360e-03, -1.7676e-02],
          [ 4.3928e-03, -3.0574e-03, -2.5101e-02],
          [-2.5241e-02, -1.3767e-02,  2.7064e-02]],

         ...,

         [[-2.0547e-02, -7.4113e-03,  6.7190e-03],
          [ 1.7552e-02, -2.7630e-02,  1.4718e-02],
          [ 2.5083e-02,  2.2526e-02, -1.1072e-02]],

         [[ 2.3241e-03,  1.7054e-02,  1.3906e-02],
          [ 8.6370e-04,  1.0183e-02, -1.1305e-02],
          [-1.8952e-02, -1.2234e-02,  1.8191e-02]],

         [[-1.0666e-02,  2.7736e-02, -1.8418e-02],
          [-1.6058e-02, -1.8897e-02, -2.5609e-02],
          [ 2.2147e-02, -9.4057e-03, -1.5445e-02]]],


        [[[ 9.9300e-03,  8.3657e-03,  7.9087e-03],
          [ 2.3764e-02, -3.3729e-03, -1.8675e-02],
          [-4.5512e-03, -1.7889e-02,  3.2517e-03]],

         [[-1.5604e-02,  1.6839e-02,  4.3378e-03],
          [ 1.3274e-02, -1.7818e-02, -1.1040e-02],
          [-9.7536e-03, -2.5024e-02, -1.9046e-02]],

         [[ 2.4128e-02,  2.8690e-02, -1.8869e-02],
          [-6.9639e-03, -1.4168e-02, -6.4437e-03],
          [-2.6638e-02,  4.5884e-04, -1.9616e-02]],

         ...,

         [[-2.9992e-03,  2.3541e-02, -1.0291e-02],
          [ 2.6866e-02,  2.1667e-02,  2.7893e-02],
          [ 1.1356e-02,  2.1493e-02, -2.0492e-02]],

         [[-5.6106e-03,  1.6350e-02, -2.3997e-02],
          [-3.8789e-03,  5.5908e-03,  2.4866e-04],
          [-4.2503e-03, -8.8436e-03,  4.3696e-03]],

         [[ 2.3645e-02,  1.0143e-02, -1.0012e-03],
          [ 1.9454e-03,  1.8363e-02,  2.2487e-02],
          [-2.7765e-03,  2.7677e-02,  9.6694e-03]]],


        [[[-2.7612e-02,  1.6015e-02,  2.0584e-02],
          [-1.6120e-02, -2.5982e-02,  2.2199e-02],
          [ 1.5608e-03, -1.0908e-02,  1.8481e-02]],

         [[-2.2161e-02,  1.3565e-02, -4.0517e-03],
          [ 8.3891e-03,  1.0490e-02,  1.1703e-02],
          [-9.5833e-03,  1.6099e-02, -3.0507e-03]],

         [[-2.3300e-02, -9.7011e-03,  6.4277e-03],
          [ 2.8520e-02, -3.1399e-04, -2.8870e-02],
          [ 2.1240e-02,  1.8414e-02,  1.6496e-02]],

         ...,

         [[ 1.7847e-02,  1.9760e-03,  1.2939e-02],
          [ 2.9216e-02, -2.8116e-02,  1.5360e-02],
          [ 1.8118e-02,  2.3657e-02,  6.5507e-05]],

         [[ 2.3823e-02, -2.0319e-02,  1.1753e-02],
          [ 1.3040e-02, -2.8932e-02,  1.3560e-02],
          [-1.8151e-02, -4.7435e-03, -1.3064e-02]],

         [[-2.2454e-02, -1.4153e-02,  2.5271e-02],
          [ 2.5889e-02,  1.5322e-03,  2.7409e-03],
          [ 1.0792e-02, -4.9176e-03, -1.4493e-02]]],


        ...,


        [[[ 8.3439e-04, -1.5557e-02, -1.3567e-02],
          [ 1.5386e-02,  6.5815e-03, -1.3812e-02],
          [ 8.4825e-03, -7.8412e-03, -7.6389e-03]],

         [[-1.7454e-03, -1.6122e-03, -1.5209e-02],
          [ 2.6316e-03,  2.0024e-02, -2.7783e-02],
          [ 1.5758e-02,  2.3850e-02,  1.9357e-02]],

         [[ 2.6452e-02, -2.9208e-02,  7.3551e-04],
          [ 5.3626e-03, -1.7209e-02,  2.7240e-02],
          [-1.5265e-02,  2.3532e-02,  4.0537e-03]],

         ...,

         [[-1.8211e-03,  2.0077e-02,  2.0460e-02],
          [ 1.2182e-02,  4.9541e-03,  1.8523e-02],
          [-1.1812e-02,  1.3895e-02,  2.4030e-02]],

         [[-2.2737e-02,  2.1051e-03, -1.2574e-02],
          [ 2.2404e-02, -2.8214e-02,  1.9873e-02],
          [-1.3011e-02,  1.7032e-02,  7.1983e-03]],

         [[-2.6374e-02,  1.2070e-02, -1.3891e-02],
          [ 1.8996e-03,  1.5255e-02, -1.9505e-02],
          [-1.3009e-02,  2.3639e-02,  2.2794e-02]]],


        [[[ 2.7488e-02,  1.1550e-02, -1.9512e-02],
          [ 2.8792e-02, -1.8114e-02,  5.2933e-05],
          [ 2.8969e-02,  1.3921e-02, -5.1634e-03]],

         [[ 5.4089e-03,  1.9748e-02, -5.9799e-03],
          [-1.4685e-02,  2.0486e-02, -1.6589e-02],
          [-9.4619e-03, -7.4591e-03, -1.7522e-02]],

         [[ 1.7266e-02,  2.1389e-02,  1.5051e-02],
          [-1.2019e-02,  2.4201e-02,  2.2938e-02],
          [-1.2749e-02, -1.8829e-02,  2.3105e-03]],

         ...,

         [[ 1.7800e-02, -2.6881e-02, -1.5709e-02],
          [ 1.5852e-02, -4.2151e-03, -2.1290e-02],
          [-2.0053e-02,  1.5812e-02,  1.9060e-02]],

         [[ 6.5761e-03, -1.7909e-02,  9.2843e-03],
          [ 2.2337e-02,  2.7677e-02, -1.1096e-03],
          [-2.8461e-02, -2.8548e-02,  2.4622e-03]],

         [[ 5.3687e-03,  2.9229e-02,  9.8946e-03],
          [-2.0875e-02,  2.7195e-02, -2.2007e-02],
          [ 6.2244e-04, -2.7712e-02,  2.6675e-02]]],


        [[[-9.6255e-03, -2.3873e-02, -4.2180e-03],
          [ 1.1490e-02,  1.7143e-02, -2.4073e-02],
          [ 1.3654e-02, -2.8854e-02, -2.6638e-02]],

         [[-8.0884e-03,  9.6295e-03,  2.5517e-03],
          [ 1.0321e-02, -2.2626e-02,  1.7920e-02],
          [-2.8925e-02,  7.8495e-03, -3.9752e-03]],

         [[-5.2249e-03, -1.7368e-02, -8.2371e-03],
          [-1.2987e-02,  1.7871e-02, -2.2993e-02],
          [ 1.9618e-02,  8.6507e-03,  2.8431e-02]],

         ...,

         [[-2.8008e-02, -7.4747e-03, -3.6706e-03],
          [-1.2345e-02,  1.7552e-02, -5.5793e-04],
          [ 4.5342e-03, -2.4285e-02, -2.1177e-02]],

         [[-1.4072e-02,  1.5971e-02, -6.9360e-03],
          [ 6.3749e-03,  2.5096e-02, -1.3400e-02],
          [-1.0224e-02,  1.9550e-02, -1.5539e-03]],

         [[-1.4920e-02,  5.5619e-03, -2.5249e-02],
          [-1.8598e-02, -1.4546e-04,  5.3306e-03],
          [ 7.3758e-04, -1.2754e-02,  1.2184e-02]]]], device='cuda:0') 
 Parameter containing:
tensor([[[[-5.3140e-03,  2.5984e-03,  1.0343e-02],
          [ 1.5996e-02, -2.6138e-02,  3.4803e-03],
          [-2.0322e-03, -6.7233e-03,  7.5927e-03]],

         [[-2.8143e-02, -1.8876e-02, -2.3853e-02],
          [-1.4352e-02, -2.0078e-02,  6.1134e-03],
          [ 1.5870e-02,  6.6834e-03,  1.1055e-02]],

         [[-1.8541e-02,  3.9360e-03, -1.7676e-02],
          [ 4.3928e-03, -3.0574e-03, -2.5101e-02],
          [-2.5241e-02, -1.3767e-02,  2.7064e-02]],

         ...,

         [[-2.0547e-02, -7.4113e-03,  6.7190e-03],
          [ 1.7552e-02, -2.7630e-02,  1.4718e-02],
          [ 2.5083e-02,  2.2526e-02, -1.1072e-02]],

         [[ 2.3241e-03,  1.7054e-02,  1.3906e-02],
          [ 8.6370e-04,  1.0183e-02, -1.1305e-02],
          [-1.8952e-02, -1.2234e-02,  1.8191e-02]],

         [[-1.0666e-02,  2.7736e-02, -1.8418e-02],
          [-1.6058e-02, -1.8897e-02, -2.5609e-02],
          [ 2.2147e-02, -9.4057e-03, -1.5445e-02]]],


        [[[ 9.9300e-03,  8.3657e-03,  7.9087e-03],
          [ 2.3764e-02, -3.3729e-03, -1.8675e-02],
          [-4.5512e-03, -1.7889e-02,  3.2517e-03]],

         [[-1.5604e-02,  1.6839e-02,  4.3378e-03],
          [ 1.3274e-02, -1.7818e-02, -1.1040e-02],
          [-9.7536e-03, -2.5024e-02, -1.9046e-02]],

         [[ 2.4128e-02,  2.8690e-02, -1.8869e-02],
          [-6.9639e-03, -1.4168e-02, -6.4437e-03],
          [-2.6638e-02,  4.5884e-04, -1.9616e-02]],

         ...,

         [[-2.9992e-03,  2.3541e-02, -1.0291e-02],
          [ 2.6866e-02,  2.1667e-02,  2.7893e-02],
          [ 1.1356e-02,  2.1493e-02, -2.0492e-02]],

         [[-5.6106e-03,  1.6350e-02, -2.3997e-02],
          [-3.8789e-03,  5.5908e-03,  2.4866e-04],
          [-4.2503e-03, -8.8436e-03,  4.3696e-03]],

         [[ 2.3645e-02,  1.0143e-02, -1.0012e-03],
          [ 1.9454e-03,  1.8363e-02,  2.2487e-02],
          [-2.7765e-03,  2.7677e-02,  9.6694e-03]]],


        [[[-2.7612e-02,  1.6015e-02,  2.0584e-02],
          [-1.6120e-02, -2.5982e-02,  2.2199e-02],
          [ 1.5608e-03, -1.0908e-02,  1.8481e-02]],

         [[-2.2161e-02,  1.3565e-02, -4.0517e-03],
          [ 8.3891e-03,  1.0490e-02,  1.1703e-02],
          [-9.5833e-03,  1.6099e-02, -3.0507e-03]],

         [[-2.3300e-02, -9.7011e-03,  6.4277e-03],
          [ 2.8520e-02, -3.1399e-04, -2.8870e-02],
          [ 2.1240e-02,  1.8414e-02,  1.6496e-02]],

         ...,

         [[ 1.7847e-02,  1.9760e-03,  1.2939e-02],
          [ 2.9216e-02, -2.8116e-02,  1.5360e-02],
          [ 1.8118e-02,  2.3657e-02,  6.5507e-05]],

         [[ 2.3823e-02, -2.0319e-02,  1.1753e-02],
          [ 1.3040e-02, -2.8932e-02,  1.3560e-02],
          [-1.8151e-02, -4.7435e-03, -1.3064e-02]],

         [[-2.2454e-02, -1.4153e-02,  2.5271e-02],
          [ 2.5889e-02,  1.5322e-03,  2.7409e-03],
          [ 1.0792e-02, -4.9176e-03, -1.4493e-02]]],


        ...,


        [[[ 8.3439e-04, -1.5557e-02, -1.3567e-02],
          [ 1.5386e-02,  6.5815e-03, -1.3812e-02],
          [ 8.4825e-03, -7.8412e-03, -7.6389e-03]],

         [[-1.7454e-03, -1.6122e-03, -1.5209e-02],
          [ 2.6316e-03,  2.0024e-02, -2.7783e-02],
          [ 1.5758e-02,  2.3850e-02,  1.9357e-02]],

         [[ 2.6452e-02, -2.9208e-02,  7.3551e-04],
          [ 5.3626e-03, -1.7209e-02,  2.7240e-02],
          [-1.5265e-02,  2.3532e-02,  4.0537e-03]],

         ...,

         [[-1.8211e-03,  2.0077e-02,  2.0460e-02],
          [ 1.2182e-02,  4.9541e-03,  1.8523e-02],
          [-1.1812e-02,  1.3895e-02,  2.4030e-02]],

         [[-2.2737e-02,  2.1051e-03, -1.2574e-02],
          [ 2.2404e-02, -2.8214e-02,  1.9873e-02],
          [-1.3011e-02,  1.7032e-02,  7.1983e-03]],

         [[-2.6374e-02,  1.2070e-02, -1.3891e-02],
          [ 1.8996e-03,  1.5255e-02, -1.9505e-02],
          [-1.3009e-02,  2.3639e-02,  2.2794e-02]]],


        [[[ 2.7488e-02,  1.1550e-02, -1.9512e-02],
          [ 2.8792e-02, -1.8114e-02,  5.2933e-05],
          [ 2.8969e-02,  1.3921e-02, -5.1634e-03]],

         [[ 5.4089e-03,  1.9748e-02, -5.9799e-03],
          [-1.4685e-02,  2.0486e-02, -1.6589e-02],
          [-9.4619e-03, -7.4591e-03, -1.7522e-02]],

         [[ 1.7266e-02,  2.1389e-02,  1.5051e-02],
          [-1.2019e-02,  2.4201e-02,  2.2938e-02],
          [-1.2749e-02, -1.8829e-02,  2.3105e-03]],

         ...,

         [[ 1.7800e-02, -2.6881e-02, -1.5709e-02],
          [ 1.5852e-02, -4.2151e-03, -2.1290e-02],
          [-2.0053e-02,  1.5812e-02,  1.9060e-02]],

         [[ 6.5761e-03, -1.7909e-02,  9.2843e-03],
          [ 2.2337e-02,  2.7677e-02, -1.1096e-03],
          [-2.8461e-02, -2.8548e-02,  2.4622e-03]],

         [[ 5.3687e-03,  2.9229e-02,  9.8946e-03],
          [-2.0875e-02,  2.7195e-02, -2.2007e-02],
          [ 6.2244e-04, -2.7712e-02,  2.6675e-02]]],


        [[[-9.6255e-03, -2.3873e-02, -4.2180e-03],
          [ 1.1490e-02,  1.7143e-02, -2.4073e-02],
          [ 1.3654e-02, -2.8854e-02, -2.6638e-02]],

         [[-8.0884e-03,  9.6295e-03,  2.5517e-03],
          [ 1.0321e-02, -2.2626e-02,  1.7920e-02],
          [-2.8925e-02,  7.8495e-03, -3.9752e-03]],

         [[-5.2249e-03, -1.7368e-02, -8.2371e-03],
          [-1.2987e-02,  1.7871e-02, -2.2993e-02],
          [ 1.9618e-02,  8.6507e-03,  2.8431e-02]],

         ...,

         [[-2.8008e-02, -7.4747e-03, -3.6706e-03],
          [-1.2345e-02,  1.7552e-02, -5.5793e-04],
          [ 4.5342e-03, -2.4285e-02, -2.1177e-02]],

         [[-1.4072e-02,  1.5971e-02, -6.9360e-03],
          [ 6.3749e-03,  2.5096e-02, -1.3400e-02],
          [-1.0224e-02,  1.9550e-02, -1.5539e-03]],

         [[-1.4920e-02,  5.5619e-03, -2.5249e-02],
          [-1.8598e-02, -1.4546e-04,  5.3306e-03],
          [ 7.3758e-04, -1.2754e-02,  1.2184e-02]]]], device='cuda:0',
       requires_grad=True)
parameters of the network conv3.bias 
 torch.Size([64]) 
 True 
 tensor([-0.0282, -0.0119,  0.0155,  0.0156, -0.0281, -0.0030, -0.0127, -0.0017,
         0.0062,  0.0208,  0.0151, -0.0128,  0.0281,  0.0260, -0.0110,  0.0196,
        -0.0232,  0.0266, -0.0020, -0.0277,  0.0129, -0.0064,  0.0069,  0.0008,
        -0.0077,  0.0004,  0.0139,  0.0229, -0.0194, -0.0249,  0.0022,  0.0217,
         0.0269,  0.0142,  0.0019, -0.0247,  0.0148,  0.0108,  0.0065, -0.0038,
        -0.0174, -0.0013,  0.0290, -0.0255, -0.0192, -0.0071,  0.0168, -0.0085,
        -0.0100, -0.0112, -0.0166, -0.0106, -0.0211,  0.0151,  0.0104, -0.0044,
         0.0028, -0.0029,  0.0212,  0.0013,  0.0071, -0.0023,  0.0136, -0.0024],
       device='cuda:0') 
 Parameter containing:
tensor([-0.0282, -0.0119,  0.0155,  0.0156, -0.0281, -0.0030, -0.0127, -0.0017,
         0.0062,  0.0208,  0.0151, -0.0128,  0.0281,  0.0260, -0.0110,  0.0196,
        -0.0232,  0.0266, -0.0020, -0.0277,  0.0129, -0.0064,  0.0069,  0.0008,
        -0.0077,  0.0004,  0.0139,  0.0229, -0.0194, -0.0249,  0.0022,  0.0217,
         0.0269,  0.0142,  0.0019, -0.0247,  0.0148,  0.0108,  0.0065, -0.0038,
        -0.0174, -0.0013,  0.0290, -0.0255, -0.0192, -0.0071,  0.0168, -0.0085,
        -0.0100, -0.0112, -0.0166, -0.0106, -0.0211,  0.0151,  0.0104, -0.0044,
         0.0028, -0.0029,  0.0212,  0.0013,  0.0071, -0.0023,  0.0136, -0.0024],
       device='cuda:0', requires_grad=True)
parameters of the network fc1.weight 
 torch.Size([256, 667776]) 
 True 
 tensor([[-0.0005, -0.0011,  0.0009,  ...,  0.0010, -0.0008, -0.0010],
        [ 0.0010,  0.0008,  0.0001,  ...,  0.0005, -0.0012, -0.0006],
        [ 0.0010,  0.0010,  0.0003,  ..., -0.0011,  0.0001, -0.0006],
        ...,
        [-0.0003,  0.0001,  0.0001,  ...,  0.0001,  0.0005, -0.0010],
        [ 0.0003, -0.0004,  0.0009,  ...,  0.0007, -0.0006, -0.0012],
        [ 0.0009, -0.0012, -0.0004,  ..., -0.0002,  0.0010,  0.0004]],
       device='cuda:0') 
 Parameter containing:
tensor([[-0.0005, -0.0011,  0.0009,  ...,  0.0010, -0.0008, -0.0010],
        [ 0.0010,  0.0008,  0.0001,  ...,  0.0005, -0.0012, -0.0006],
        [ 0.0010,  0.0010,  0.0003,  ..., -0.0011,  0.0001, -0.0006],
        ...,
        [-0.0003,  0.0001,  0.0001,  ...,  0.0001,  0.0005, -0.0010],
        [ 0.0003, -0.0004,  0.0009,  ...,  0.0007, -0.0006, -0.0012],
        [ 0.0009, -0.0012, -0.0004,  ..., -0.0002,  0.0010,  0.0004]],
       device='cuda:0', requires_grad=True)
parameters of the network fc1.bias 
 torch.Size([256]) 
 True 
 tensor([-4.5590e-04,  3.5839e-04, -5.3659e-04,  8.2084e-04, -1.1520e-03,
        -2.8024e-04, -8.2470e-04,  1.2075e-04, -1.0988e-03,  8.9966e-04,
        -9.8987e-04,  5.5014e-04, -5.3997e-04, -9.5705e-04,  3.4951e-04,
        -1.0046e-03, -1.0790e-03,  5.8474e-04, -2.5243e-04,  5.6658e-04,
        -8.9208e-04, -8.2267e-04,  2.2423e-04,  2.6621e-04,  7.2433e-04,
         2.6586e-05, -3.0959e-04,  1.1337e-03,  9.8770e-04,  1.0092e-03,
         1.4879e-04, -7.1183e-04, -1.1676e-04,  8.9363e-04,  6.9206e-04,
         1.0567e-03,  1.1842e-03, -7.0819e-04, -4.5645e-04, -3.8045e-04,
         7.2530e-04,  2.7364e-04,  9.7625e-04,  1.1348e-03, -1.1450e-03,
        -9.0822e-04, -3.0247e-04,  1.4650e-04, -8.4689e-04, -6.4451e-04,
         1.1167e-06,  5.1930e-04,  9.2483e-04,  4.1894e-04,  2.5745e-04,
         9.2148e-04, -3.9549e-04, -6.9402e-04,  1.1633e-03,  8.6087e-04,
        -1.1246e-03,  2.5749e-04,  3.4261e-04,  6.8092e-04,  5.8022e-04,
         7.3754e-04, -7.4439e-05, -9.1528e-06,  9.8555e-04, -1.4042e-04,
         3.5060e-04, -2.1713e-04, -2.5806e-04, -4.0201e-04,  3.8679e-04,
         2.0587e-04, -6.6973e-04,  2.9739e-04,  1.9276e-04,  3.8227e-04,
         9.4119e-04,  1.1600e-03, -4.4414e-04,  9.2428e-04, -2.8434e-04,
        -1.8405e-04,  9.3034e-04, -3.1493e-04, -1.7237e-04,  4.8097e-04,
        -1.1548e-03, -4.1525e-04,  5.8602e-04, -1.4658e-04, -9.7395e-04,
         9.2373e-04, -8.8678e-04,  3.5707e-04, -7.3770e-04,  4.7590e-04,
        -2.1836e-04,  4.6785e-04, -1.4653e-04,  7.5185e-04, -1.1505e-03,
        -6.8187e-04,  6.4125e-04,  9.3466e-04,  3.5385e-04, -9.5818e-05,
        -9.0538e-04,  6.6831e-04,  6.5988e-04,  4.9705e-04, -9.8501e-05,
         8.0342e-05,  4.0314e-04, -4.7393e-04, -5.3187e-04,  8.1139e-04,
         2.8217e-04, -8.0591e-04,  7.3170e-04,  8.8293e-04,  1.4780e-04,
         2.2167e-04, -8.9124e-04,  9.5738e-04, -9.2265e-04, -9.3394e-04,
         4.9467e-04, -5.1801e-04, -7.8772e-04, -1.2209e-03, -7.3889e-04,
         5.0684e-04,  9.2149e-04, -2.8781e-05, -7.0314e-04,  1.0673e-03,
         1.0212e-03, -2.0832e-04, -1.2078e-03, -6.4712e-04,  1.7365e-04,
        -1.0910e-04,  4.6919e-04,  3.0581e-04, -7.3855e-04, -1.9200e-04,
         1.2024e-03, -5.0431e-04,  7.4676e-04, -1.2126e-03, -5.3146e-04,
         4.1021e-04,  8.7413e-04, -1.0950e-04, -5.9471e-04, -1.0056e-03,
         8.5749e-04,  6.4483e-04, -1.4665e-04, -5.7924e-04,  2.0761e-05,
         8.2428e-04,  1.1923e-03, -5.9003e-04,  3.9059e-04, -2.9221e-04,
         7.4746e-05, -8.9377e-04, -8.4067e-04, -5.5525e-04,  4.6703e-04,
         6.5920e-04, -5.4357e-04,  1.1929e-03, -4.7689e-04, -2.2674e-05,
         1.3392e-04,  7.8422e-04, -4.3606e-04,  2.2922e-04, -9.6993e-04,
        -1.0931e-03,  3.4792e-04, -5.5902e-04,  8.0436e-04,  1.1562e-03,
         3.9297e-05, -5.6860e-04, -5.9862e-04, -3.2669e-04, -8.2225e-05,
         8.1900e-04, -2.3511e-04,  5.5181e-04,  1.2062e-03,  6.2602e-04,
        -6.8303e-04,  8.4915e-05,  8.6692e-04,  2.2687e-04,  7.5719e-05,
        -5.9933e-04,  1.1555e-03,  1.8472e-04,  2.4652e-04, -9.5549e-04,
        -1.0818e-03, -2.7127e-04, -4.7571e-04,  4.2485e-04, -1.1735e-03,
         1.5761e-04,  7.2285e-04,  7.7556e-05,  1.5136e-04, -1.0116e-03,
         5.5301e-04, -1.0141e-03,  7.7795e-04,  4.7471e-04, -1.1932e-03,
         4.6023e-04, -7.4217e-04,  8.4823e-04,  4.7511e-04, -1.0806e-03,
        -4.8772e-04, -2.9341e-04,  1.1284e-03,  7.5801e-04,  6.0819e-04,
         6.7476e-04, -5.7528e-04, -7.9254e-04,  7.2035e-04, -8.6948e-04,
        -9.3034e-04,  1.1766e-03,  8.3269e-04,  6.7017e-04,  7.3987e-04,
         1.0071e-03, -7.7084e-04,  9.3434e-04, -5.0806e-04,  1.2193e-03,
        -3.1730e-04,  5.0223e-04, -7.0868e-04,  9.3626e-04, -1.9416e-04,
         5.4313e-04], device='cuda:0') 
 Parameter containing:
tensor([-4.5590e-04,  3.5839e-04, -5.3659e-04,  8.2084e-04, -1.1520e-03,
        -2.8024e-04, -8.2470e-04,  1.2075e-04, -1.0988e-03,  8.9966e-04,
        -9.8987e-04,  5.5014e-04, -5.3997e-04, -9.5705e-04,  3.4951e-04,
        -1.0046e-03, -1.0790e-03,  5.8474e-04, -2.5243e-04,  5.6658e-04,
        -8.9208e-04, -8.2267e-04,  2.2423e-04,  2.6621e-04,  7.2433e-04,
         2.6586e-05, -3.0959e-04,  1.1337e-03,  9.8770e-04,  1.0092e-03,
         1.4879e-04, -7.1183e-04, -1.1676e-04,  8.9363e-04,  6.9206e-04,
         1.0567e-03,  1.1842e-03, -7.0819e-04, -4.5645e-04, -3.8045e-04,
         7.2530e-04,  2.7364e-04,  9.7625e-04,  1.1348e-03, -1.1450e-03,
        -9.0822e-04, -3.0247e-04,  1.4650e-04, -8.4689e-04, -6.4451e-04,
         1.1167e-06,  5.1930e-04,  9.2483e-04,  4.1894e-04,  2.5745e-04,
         9.2148e-04, -3.9549e-04, -6.9402e-04,  1.1633e-03,  8.6087e-04,
        -1.1246e-03,  2.5749e-04,  3.4261e-04,  6.8092e-04,  5.8022e-04,
         7.3754e-04, -7.4439e-05, -9.1528e-06,  9.8555e-04, -1.4042e-04,
         3.5060e-04, -2.1713e-04, -2.5806e-04, -4.0201e-04,  3.8679e-04,
         2.0587e-04, -6.6973e-04,  2.9739e-04,  1.9276e-04,  3.8227e-04,
         9.4119e-04,  1.1600e-03, -4.4414e-04,  9.2428e-04, -2.8434e-04,
        -1.8405e-04,  9.3034e-04, -3.1493e-04, -1.7237e-04,  4.8097e-04,
        -1.1548e-03, -4.1525e-04,  5.8602e-04, -1.4658e-04, -9.7395e-04,
         9.2373e-04, -8.8678e-04,  3.5707e-04, -7.3770e-04,  4.7590e-04,
        -2.1836e-04,  4.6785e-04, -1.4653e-04,  7.5185e-04, -1.1505e-03,
        -6.8187e-04,  6.4125e-04,  9.3466e-04,  3.5385e-04, -9.5818e-05,
        -9.0538e-04,  6.6831e-04,  6.5988e-04,  4.9705e-04, -9.8501e-05,
         8.0342e-05,  4.0314e-04, -4.7393e-04, -5.3187e-04,  8.1139e-04,
         2.8217e-04, -8.0591e-04,  7.3170e-04,  8.8293e-04,  1.4780e-04,
         2.2167e-04, -8.9124e-04,  9.5738e-04, -9.2265e-04, -9.3394e-04,
         4.9467e-04, -5.1801e-04, -7.8772e-04, -1.2209e-03, -7.3889e-04,
         5.0684e-04,  9.2149e-04, -2.8781e-05, -7.0314e-04,  1.0673e-03,
         1.0212e-03, -2.0832e-04, -1.2078e-03, -6.4712e-04,  1.7365e-04,
        -1.0910e-04,  4.6919e-04,  3.0581e-04, -7.3855e-04, -1.9200e-04,
         1.2024e-03, -5.0431e-04,  7.4676e-04, -1.2126e-03, -5.3146e-04,
         4.1021e-04,  8.7413e-04, -1.0950e-04, -5.9471e-04, -1.0056e-03,
         8.5749e-04,  6.4483e-04, -1.4665e-04, -5.7924e-04,  2.0761e-05,
         8.2428e-04,  1.1923e-03, -5.9003e-04,  3.9059e-04, -2.9221e-04,
         7.4746e-05, -8.9377e-04, -8.4067e-04, -5.5525e-04,  4.6703e-04,
         6.5920e-04, -5.4357e-04,  1.1929e-03, -4.7689e-04, -2.2674e-05,
         1.3392e-04,  7.8422e-04, -4.3606e-04,  2.2922e-04, -9.6993e-04,
        -1.0931e-03,  3.4792e-04, -5.5902e-04,  8.0436e-04,  1.1562e-03,
         3.9297e-05, -5.6860e-04, -5.9862e-04, -3.2669e-04, -8.2225e-05,
         8.1900e-04, -2.3511e-04,  5.5181e-04,  1.2062e-03,  6.2602e-04,
        -6.8303e-04,  8.4915e-05,  8.6692e-04,  2.2687e-04,  7.5719e-05,
        -5.9933e-04,  1.1555e-03,  1.8472e-04,  2.4652e-04, -9.5549e-04,
        -1.0818e-03, -2.7127e-04, -4.7571e-04,  4.2485e-04, -1.1735e-03,
         1.5761e-04,  7.2285e-04,  7.7556e-05,  1.5136e-04, -1.0116e-03,
         5.5301e-04, -1.0141e-03,  7.7795e-04,  4.7471e-04, -1.1932e-03,
         4.6023e-04, -7.4217e-04,  8.4823e-04,  4.7511e-04, -1.0806e-03,
        -4.8772e-04, -2.9341e-04,  1.1284e-03,  7.5801e-04,  6.0819e-04,
         6.7476e-04, -5.7528e-04, -7.9254e-04,  7.2035e-04, -8.6948e-04,
        -9.3034e-04,  1.1766e-03,  8.3269e-04,  6.7017e-04,  7.3987e-04,
         1.0071e-03, -7.7084e-04,  9.3434e-04, -5.0806e-04,  1.2193e-03,
        -3.1730e-04,  5.0223e-04, -7.0868e-04,  9.3626e-04, -1.9416e-04,
         5.4313e-04], device='cuda:0', requires_grad=True)
parameters of the network fc2.weight 
 torch.Size([128, 256]) 
 True 
 tensor([[-0.0258, -0.0167, -0.0049,  ..., -0.0101, -0.0295,  0.0088],
        [-0.0555,  0.0345,  0.0166,  ..., -0.0437,  0.0389, -0.0419],
        [-0.0242, -0.0101, -0.0219,  ..., -0.0111, -0.0229,  0.0499],
        ...,
        [ 0.0376, -0.0389, -0.0007,  ...,  0.0078,  0.0268, -0.0102],
        [ 0.0328, -0.0022,  0.0508,  ...,  0.0384,  0.0288, -0.0194],
        [ 0.0469, -0.0296, -0.0578,  ..., -0.0100, -0.0307,  0.0428]],
       device='cuda:0') 
 Parameter containing:
tensor([[-0.0258, -0.0167, -0.0049,  ..., -0.0101, -0.0295,  0.0088],
        [-0.0555,  0.0345,  0.0166,  ..., -0.0437,  0.0389, -0.0419],
        [-0.0242, -0.0101, -0.0219,  ..., -0.0111, -0.0229,  0.0499],
        ...,
        [ 0.0376, -0.0389, -0.0007,  ...,  0.0078,  0.0268, -0.0102],
        [ 0.0328, -0.0022,  0.0508,  ...,  0.0384,  0.0288, -0.0194],
        [ 0.0469, -0.0296, -0.0578,  ..., -0.0100, -0.0307,  0.0428]],
       device='cuda:0', requires_grad=True)
parameters of the network fc2.bias 
 torch.Size([128]) 
 True 
 tensor([ 0.0473,  0.0575,  0.0494,  0.0570,  0.0518, -0.0122,  0.0407,  0.0112,
        -0.0480,  0.0045, -0.0064, -0.0461,  0.0594,  0.0159, -0.0136,  0.0137,
         0.0588,  0.0583, -0.0145, -0.0044, -0.0587,  0.0389,  0.0178,  0.0538,
         0.0600,  0.0564,  0.0488, -0.0481, -0.0144, -0.0236,  0.0082, -0.0020,
         0.0082,  0.0260, -0.0306, -0.0273,  0.0378, -0.0423,  0.0535, -0.0591,
        -0.0583, -0.0582,  0.0418,  0.0066, -0.0497, -0.0074, -0.0364, -0.0026,
        -0.0353, -0.0459,  0.0487,  0.0071, -0.0055,  0.0316, -0.0488,  0.0181,
        -0.0051, -0.0093,  0.0419, -0.0201,  0.0015,  0.0168,  0.0505,  0.0275,
        -0.0014,  0.0471, -0.0248,  0.0081, -0.0209, -0.0539,  0.0014,  0.0429,
         0.0453,  0.0604,  0.0282, -0.0381, -0.0347, -0.0288,  0.0216, -0.0387,
        -0.0320,  0.0484, -0.0601, -0.0219,  0.0450, -0.0191,  0.0108,  0.0364,
         0.0563, -0.0004, -0.0286, -0.0026, -0.0076,  0.0054,  0.0273, -0.0321,
        -0.0352,  0.0105, -0.0472, -0.0446, -0.0294, -0.0053, -0.0279, -0.0241,
         0.0403, -0.0149, -0.0104, -0.0553, -0.0183, -0.0472,  0.0249,  0.0163,
        -0.0037,  0.0364,  0.0253,  0.0276, -0.0227,  0.0421,  0.0489,  0.0256,
         0.0201,  0.0184,  0.0146, -0.0518,  0.0280, -0.0025,  0.0201,  0.0414],
       device='cuda:0') 
 Parameter containing:
tensor([ 0.0473,  0.0575,  0.0494,  0.0570,  0.0518, -0.0122,  0.0407,  0.0112,
        -0.0480,  0.0045, -0.0064, -0.0461,  0.0594,  0.0159, -0.0136,  0.0137,
         0.0588,  0.0583, -0.0145, -0.0044, -0.0587,  0.0389,  0.0178,  0.0538,
         0.0600,  0.0564,  0.0488, -0.0481, -0.0144, -0.0236,  0.0082, -0.0020,
         0.0082,  0.0260, -0.0306, -0.0273,  0.0378, -0.0423,  0.0535, -0.0591,
        -0.0583, -0.0582,  0.0418,  0.0066, -0.0497, -0.0074, -0.0364, -0.0026,
        -0.0353, -0.0459,  0.0487,  0.0071, -0.0055,  0.0316, -0.0488,  0.0181,
        -0.0051, -0.0093,  0.0419, -0.0201,  0.0015,  0.0168,  0.0505,  0.0275,
        -0.0014,  0.0471, -0.0248,  0.0081, -0.0209, -0.0539,  0.0014,  0.0429,
         0.0453,  0.0604,  0.0282, -0.0381, -0.0347, -0.0288,  0.0216, -0.0387,
        -0.0320,  0.0484, -0.0601, -0.0219,  0.0450, -0.0191,  0.0108,  0.0364,
         0.0563, -0.0004, -0.0286, -0.0026, -0.0076,  0.0054,  0.0273, -0.0321,
        -0.0352,  0.0105, -0.0472, -0.0446, -0.0294, -0.0053, -0.0279, -0.0241,
         0.0403, -0.0149, -0.0104, -0.0553, -0.0183, -0.0472,  0.0249,  0.0163,
        -0.0037,  0.0364,  0.0253,  0.0276, -0.0227,  0.0421,  0.0489,  0.0256,
         0.0201,  0.0184,  0.0146, -0.0518,  0.0280, -0.0025,  0.0201,  0.0414],
       device='cuda:0', requires_grad=True)
parameters of the network fc3.weight 
 torch.Size([64, 128]) 
 True 
 tensor([[-0.0235,  0.0585,  0.0830,  ..., -0.0843,  0.0516,  0.0616],
        [-0.0502,  0.0711,  0.0118,  ...,  0.0798, -0.0053, -0.0143],
        [-0.0712,  0.0768,  0.0300,  ..., -0.0227,  0.0465, -0.0595],
        ...,
        [ 0.0743,  0.0319, -0.0361,  ..., -0.0801, -0.0847, -0.0593],
        [-0.0253, -0.0059, -0.0691,  ..., -0.0289,  0.0108, -0.0171],
        [-0.0562, -0.0537,  0.0561,  ...,  0.0721, -0.0796,  0.0875]],
       device='cuda:0') 
 Parameter containing:
tensor([[-0.0235,  0.0585,  0.0830,  ..., -0.0843,  0.0516,  0.0616],
        [-0.0502,  0.0711,  0.0118,  ...,  0.0798, -0.0053, -0.0143],
        [-0.0712,  0.0768,  0.0300,  ..., -0.0227,  0.0465, -0.0595],
        ...,
        [ 0.0743,  0.0319, -0.0361,  ..., -0.0801, -0.0847, -0.0593],
        [-0.0253, -0.0059, -0.0691,  ..., -0.0289,  0.0108, -0.0171],
        [-0.0562, -0.0537,  0.0561,  ...,  0.0721, -0.0796,  0.0875]],
       device='cuda:0', requires_grad=True)
parameters of the network fc3.bias 
 torch.Size([64]) 
 True 
 tensor([-0.0120, -0.0596,  0.0826,  0.0020,  0.0171,  0.0380,  0.0113, -0.0154,
        -0.0238,  0.0863, -0.0143,  0.0531, -0.0483, -0.0739,  0.0287, -0.0146,
        -0.0786,  0.0504, -0.0534,  0.0471,  0.0212,  0.0437,  0.0053,  0.0758,
         0.0597,  0.0552,  0.0803, -0.0652, -0.0715,  0.0174, -0.0425, -0.0309,
        -0.0772, -0.0767, -0.0439, -0.0307,  0.0352,  0.0334,  0.0190,  0.0303,
         0.0584,  0.0154, -0.0668, -0.0579,  0.0559, -0.0816,  0.0800, -0.0220,
         0.0819,  0.0861, -0.0451, -0.0049, -0.0655,  0.0170,  0.0170, -0.0744,
        -0.0087,  0.0134, -0.0547,  0.0446,  0.0152,  0.0343, -0.0874, -0.0835],
       device='cuda:0') 
 Parameter containing:
tensor([-0.0120, -0.0596,  0.0826,  0.0020,  0.0171,  0.0380,  0.0113, -0.0154,
        -0.0238,  0.0863, -0.0143,  0.0531, -0.0483, -0.0739,  0.0287, -0.0146,
        -0.0786,  0.0504, -0.0534,  0.0471,  0.0212,  0.0437,  0.0053,  0.0758,
         0.0597,  0.0552,  0.0803, -0.0652, -0.0715,  0.0174, -0.0425, -0.0309,
        -0.0772, -0.0767, -0.0439, -0.0307,  0.0352,  0.0334,  0.0190,  0.0303,
         0.0584,  0.0154, -0.0668, -0.0579,  0.0559, -0.0816,  0.0800, -0.0220,
         0.0819,  0.0861, -0.0451, -0.0049, -0.0655,  0.0170,  0.0170, -0.0744,
        -0.0087,  0.0134, -0.0547,  0.0446,  0.0152,  0.0343, -0.0874, -0.0835],
       device='cuda:0', requires_grad=True)
parameters of the network fc4.weight 
 torch.Size([6796, 64]) 
 True 
 tensor([[ 0.1219, -0.0511,  0.0821,  ...,  0.0938, -0.0689, -0.0954],
        [ 0.0675,  0.1109, -0.1077,  ..., -0.0429, -0.0331, -0.0991],
        [-0.0206, -0.0255, -0.1092,  ..., -0.0951, -0.0943,  0.1105],
        ...,
        [-0.1186,  0.0904,  0.0271,  ..., -0.0530,  0.0826, -0.0680],
        [ 0.0879, -0.0044, -0.0526,  ..., -0.0395, -0.0045,  0.0119],
        [-0.0981,  0.0067, -0.0900,  ..., -0.0579, -0.0440, -0.0811]],
       device='cuda:0') 
 Parameter containing:
tensor([[ 0.1219, -0.0511,  0.0821,  ...,  0.0938, -0.0689, -0.0954],
        [ 0.0675,  0.1109, -0.1077,  ..., -0.0429, -0.0331, -0.0991],
        [-0.0206, -0.0255, -0.1092,  ..., -0.0951, -0.0943,  0.1105],
        ...,
        [-0.1186,  0.0904,  0.0271,  ..., -0.0530,  0.0826, -0.0680],
        [ 0.0879, -0.0044, -0.0526,  ..., -0.0395, -0.0045,  0.0119],
        [-0.0981,  0.0067, -0.0900,  ..., -0.0579, -0.0440, -0.0811]],
       device='cuda:0', requires_grad=True)
parameters of the network fc4.bias 
 torch.Size([6796]) 
 True 
 tensor([ 0.0529,  0.0247, -0.0484,  ...,  0.0283, -0.1235, -0.0341],
       device='cuda:0') 
 Parameter containing:
tensor([ 0.0529,  0.0247, -0.0484,  ...,  0.0283, -0.1235, -0.0341],
       device='cuda:0', requires_grad=True)

Passing event 1007 from the network before training input tensor([[0., 0., 0.,  ..., 0., 0., 0.],
        [0., 0., 0.,  ..., 0., 0., 0.],
        [0., 0., 0.,  ..., 0., 0., 0.],
        ...,
        [0., 0., 0.,  ..., 0., 0., 0.],
        [0., 0., 0.,  ..., 0., 0., 0.],
        [0., 0., 0.,  ..., 0., 0., 0.]]) 
result1: tensor([[0.5146, 0.4980, 0.4821,  ..., 0.5032, 0.4603, 0.4917],
        [0.5146, 0.4981, 0.4821,  ..., 0.5031, 0.4603, 0.4916],
        [0.5146, 0.4980, 0.4821,  ..., 0.5032, 0.4603, 0.4916],
        ...,
        [0.5146, 0.4981, 0.4821,  ..., 0.5032, 0.4603, 0.4916],
        [0.5145, 0.4981, 0.4821,  ..., 0.5032, 0.4603, 0.4916],
        [0.5145, 0.4981, 0.4821,  ..., 0.5031, 0.4603, 0.4916]],
       device='cuda:0', grad_fn=<SigmoidBackward0>) 
result1.shape: torch.Size([20, 6796])

Passing two random events from the network before training 
result1: tensor([[0.5146, 0.4980, 0.4821,  ..., 0.5032, 0.4603, 0.4917],
        [0.5146, 0.4981, 0.4821,  ..., 0.5031, 0.4603, 0.4916],
        [0.5146, 0.4980, 0.4821,  ..., 0.5032, 0.4603, 0.4916],
        ...,
        [0.5146, 0.4981, 0.4821,  ..., 0.5032, 0.4603, 0.4916],
        [0.5145, 0.4981, 0.4821,  ..., 0.5032, 0.4603, 0.4916],
        [0.5145, 0.4981, 0.4821,  ..., 0.5031, 0.4603, 0.4916]],
       device='cuda:0', grad_fn=<SigmoidBackward0>) 
result1.shape: torch.Size([20, 6796]) 
input: [[0. 0. 0. ... 0. 0. 0.]
 [0. 0. 0. ... 0. 0. 0.]
 [0. 0. 0. ... 0. 0. 0.]
 ...
 [0. 0. 0. ... 0. 0. 0.]
 [0. 0. 0. ... 0. 0. 0.]
 [0. 0. 0. ... 0. 0. 0.]]



load_model False 
TraEvN 19998 
BatchSize 30 
EpochNum 2 
epoch_save 5 
LrVal 0.0001 
weight_decay 5e-05 
startmesh 284 
endmesh 285 






optimizer.param_groups [{'params': [Parameter containing:
tensor([[[[-0.2231,  0.0535, -0.0596],
          [-0.1687,  0.3070, -0.1511],
          [-0.1843,  0.0615, -0.1691]]],


        [[[-0.2661, -0.1482,  0.0096],
          [ 0.1470,  0.1176,  0.0120],
          [-0.0105,  0.3203,  0.0599]]],


        [[[-0.2051, -0.2464, -0.1271],
          [ 0.3295,  0.2086, -0.0049],
          [ 0.1401,  0.0282,  0.2320]]],


        ...,


        [[[-0.2738,  0.2886,  0.3029],
          [ 0.0774,  0.1685,  0.1630],
          [ 0.2946,  0.0856, -0.2119]]],


        [[[-0.2280, -0.1018, -0.0253],
          [ 0.0938, -0.0083,  0.1151],
          [ 0.1589, -0.0401, -0.1625]]],


        [[[-0.1335, -0.1236, -0.1607],
          [-0.0336, -0.0925,  0.1939],
          [-0.3196, -0.1868, -0.0035]]]], device='cuda:0', requires_grad=True), Parameter containing:
tensor([-0.1620,  0.1948,  0.2109,  0.1930,  0.1024, -0.0885, -0.0626,  0.2954,
        -0.2980, -0.0577, -0.2182,  0.3140, -0.2700, -0.3078, -0.0895,  0.1634,
        -0.0346,  0.3026,  0.3246,  0.3123, -0.3259, -0.3003,  0.0889,  0.2738,
         0.1139, -0.0995,  0.0278,  0.0580,  0.1666,  0.1814,  0.1478,  0.0895,
         0.3048,  0.0914,  0.3265, -0.1806, -0.1149,  0.2642,  0.2191, -0.1719,
        -0.0084,  0.0674,  0.2558, -0.1195, -0.0224, -0.3067,  0.0388,  0.1570,
         0.2103, -0.2544, -0.3246,  0.1058,  0.1796,  0.0604, -0.2578,  0.2082,
         0.2573, -0.2294,  0.0219,  0.1765, -0.2859,  0.0942, -0.0229, -0.3269,
        -0.1633, -0.0374, -0.0680, -0.3030,  0.1155, -0.1997, -0.2309,  0.2844,
         0.1815,  0.2003, -0.2797,  0.2394,  0.0674, -0.2645, -0.3006,  0.1391,
        -0.0568,  0.0574,  0.2806, -0.3068, -0.0943, -0.0842,  0.1449,  0.3203,
        -0.2725,  0.3275, -0.1384,  0.2072,  0.0659, -0.1921,  0.0621,  0.1962,
         0.2956,  0.0906,  0.0955, -0.2729, -0.0873,  0.2164, -0.2938,  0.0694,
         0.2734,  0.0800, -0.3310,  0.0956, -0.2147,  0.1434, -0.0618,  0.0275,
        -0.3052, -0.1829, -0.2853,  0.0877,  0.2541, -0.3112,  0.1015, -0.1647,
         0.2176,  0.0471, -0.0231,  0.1800,  0.2440, -0.0485, -0.2709, -0.0651,
        -0.0521,  0.1600,  0.2492, -0.1906, -0.2396, -0.1737,  0.2126, -0.0290,
        -0.2244,  0.0391,  0.2358, -0.2309, -0.1250, -0.0443, -0.2431,  0.0562,
        -0.3202, -0.3327,  0.1815,  0.0690, -0.0210, -0.2166, -0.1924, -0.2017,
        -0.1378, -0.1456,  0.2344, -0.0285, -0.2310,  0.3319, -0.2819,  0.1611,
        -0.0079, -0.3011, -0.1936, -0.0592, -0.1317,  0.0071,  0.2902, -0.0603,
        -0.2434, -0.1812, -0.0804,  0.2670, -0.0668,  0.1121, -0.0557, -0.0460,
        -0.1548,  0.0250, -0.2129,  0.2031, -0.1945, -0.0880,  0.0428, -0.0192,
         0.0091,  0.1564,  0.0551,  0.0607,  0.1623,  0.2435, -0.1020, -0.0405,
        -0.3029,  0.0994,  0.0561,  0.0813, -0.2582, -0.2933, -0.1945, -0.2694,
        -0.3222,  0.2634, -0.1254,  0.1900,  0.2456, -0.1920,  0.2481, -0.2335,
        -0.2847,  0.1277, -0.1877,  0.1660,  0.1832,  0.1089,  0.0559, -0.3290,
        -0.2353,  0.2117,  0.0415, -0.0203,  0.3130, -0.2247,  0.0868,  0.3035,
        -0.0308,  0.0009,  0.0941, -0.0081, -0.2237, -0.1318,  0.3226, -0.0610,
        -0.3130,  0.2987, -0.1246, -0.2601, -0.2145, -0.0678, -0.2634,  0.2532,
         0.1979,  0.2430, -0.0820,  0.0375,  0.1857,  0.0462,  0.1867,  0.3209,
         0.0127,  0.1619, -0.1109, -0.1807,  0.3237, -0.1662, -0.0604,  0.0848],
       device='cuda:0', requires_grad=True), Parameter containing:
tensor([[[[ 2.0453e-02,  9.2617e-03,  6.0124e-03],
          [-9.4166e-04, -6.6403e-03, -7.0205e-03],
          [ 8.4086e-03, -4.4019e-03,  1.0111e-02]],

         [[-1.3953e-02,  1.0545e-02, -1.6763e-02],
          [ 1.5491e-02,  9.1355e-04, -1.7397e-02],
          [-1.4166e-02,  1.2914e-02, -7.0153e-03]],

         [[ 1.0028e-02, -1.9869e-02,  1.2126e-02],
          [ 2.9872e-03,  1.4481e-02,  1.5725e-02],
          [ 7.5180e-03,  1.3115e-02, -4.7551e-03]],

         ...,

         [[ 9.3188e-03, -1.2233e-02,  1.9189e-02],
          [-1.7267e-02,  1.6540e-02,  6.9209e-03],
          [ 1.4090e-02, -1.6005e-02, -1.2530e-02]],

         [[ 3.7496e-03, -1.6450e-02, -1.1886e-02],
          [ 1.4532e-02,  3.7406e-03,  2.8870e-03],
          [ 1.5901e-02,  1.5583e-02, -3.9965e-04]],

         [[-1.1604e-02, -1.3622e-02, -5.8724e-03],
          [-1.0090e-02,  1.9477e-02,  5.2524e-03],
          [-2.0626e-02, -1.0098e-02, -1.1458e-02]]],


        [[[ 2.3352e-03, -4.3307e-03, -2.0641e-02],
          [-1.7794e-02, -1.4118e-02,  1.2720e-02],
          [-6.0540e-03, -8.9700e-03,  5.8297e-03]],

         [[-1.3846e-03,  1.2611e-02,  1.5349e-02],
          [ 1.9566e-02,  1.8827e-02, -1.6696e-02],
          [-1.8852e-02,  1.2334e-03, -7.1497e-03]],

         [[ 9.4393e-03, -1.9924e-02, -1.2315e-02],
          [-1.2233e-02, -5.8582e-03, -8.6583e-03],
          [-1.9340e-02,  9.3020e-03, -8.9354e-03]],

         ...,

         [[-1.3347e-02, -1.3587e-02,  1.1362e-03],
          [ 1.5210e-02,  1.4244e-02,  5.9594e-03],
          [ 1.8010e-02,  1.1173e-02, -4.8881e-03]],

         [[-9.1031e-03,  7.0101e-03, -2.4764e-03],
          [-1.1822e-02, -1.7584e-02,  1.2663e-02],
          [ 9.9269e-03,  1.7489e-02, -7.6179e-03]],

         [[-9.2337e-03,  1.7521e-02, -1.8657e-02],
          [ 8.8905e-03,  6.8866e-05,  2.5056e-03],
          [-5.6823e-03,  1.5007e-02, -2.7819e-03]]],


        [[[ 2.0441e-02, -1.0312e-02,  1.6936e-02],
          [ 1.0643e-02,  1.7325e-02, -8.8541e-03],
          [-2.9775e-04, -1.0810e-02,  3.2983e-03]],

         [[-6.9170e-03,  8.2409e-03,  1.5496e-02],
          [-1.6675e-02, -4.0942e-04, -1.6682e-02],
          [ 1.0103e-02,  1.5492e-04,  1.9228e-02]],

         [[-1.8658e-02,  1.4771e-02, -3.1387e-03],
          [-1.9665e-02, -1.5193e-02, -1.9675e-02],
          [ 1.8970e-02, -8.5838e-03,  1.7393e-03]],

         ...,

         [[ 1.0561e-02, -3.5844e-03, -1.4347e-02],
          [ 1.7893e-02, -9.6077e-03, -5.2237e-03],
          [ 2.0813e-02, -1.5576e-02,  2.0017e-02]],

         [[ 6.0426e-03,  1.9613e-02, -9.6646e-03],
          [-9.3372e-03, -6.2952e-03, -1.1842e-02],
          [ 4.8162e-03, -6.8513e-03, -1.3581e-02]],

         [[-7.5784e-03, -1.3452e-02,  1.7833e-02],
          [-1.2142e-03, -8.9605e-03,  2.2442e-03],
          [ 1.9947e-02,  1.1353e-02, -1.9144e-02]]],


        ...,


        [[[-1.3786e-02, -2.9935e-03,  9.5173e-03],
          [-5.3630e-03, -3.1630e-03, -1.3333e-02],
          [-2.1519e-04,  7.2176e-03, -1.0750e-02]],

         [[-3.0043e-04, -7.8839e-03, -1.8378e-02],
          [-1.8070e-02,  2.0753e-02, -1.3729e-02],
          [ 1.7512e-02,  1.9740e-02,  2.0151e-02]],

         [[-1.2920e-02,  1.9067e-02,  9.0332e-03],
          [ 4.8558e-03,  5.2214e-03,  1.2511e-02],
          [-5.2689e-04, -1.6513e-02,  1.7870e-02]],

         ...,

         [[ 1.3636e-02, -9.8757e-03,  1.6962e-02],
          [-1.8128e-02,  1.9427e-02,  1.2052e-02],
          [-9.0315e-03, -1.6927e-02, -7.0768e-04]],

         [[-1.1197e-02,  3.2081e-03, -9.2220e-03],
          [ 2.2623e-04,  1.0782e-02,  2.0205e-02],
          [-4.9713e-03, -2.2996e-03,  1.2128e-02]],

         [[ 3.4099e-03,  1.2290e-02, -9.3248e-03],
          [ 1.5675e-02,  1.3597e-02,  1.7157e-02],
          [ 4.2107e-03, -7.4984e-03,  1.6995e-02]]],


        [[[ 1.3590e-02,  5.7339e-03, -2.0709e-02],
          [ 1.8399e-02,  3.2247e-03,  1.4499e-02],
          [ 1.6548e-02, -1.8056e-03, -2.0174e-02]],

         [[-2.8168e-03,  9.5567e-03, -4.0027e-03],
          [-9.3111e-03, -1.9310e-02,  1.8210e-02],
          [-3.9783e-03, -5.2951e-03, -7.0922e-03]],

         [[-1.6704e-02,  1.3667e-02, -7.4022e-03],
          [ 5.0237e-03, -8.8330e-03, -7.4602e-03],
          [-8.0465e-03, -2.1319e-03, -1.3271e-02]],

         ...,

         [[ 9.6535e-03, -8.6223e-03,  6.0809e-03],
          [-1.2677e-02, -1.9021e-02,  1.2273e-02],
          [-1.5688e-02, -2.0277e-02,  9.7558e-03]],

         [[-9.5515e-03,  6.1598e-03, -1.8732e-02],
          [ 1.2534e-02, -2.3466e-03,  2.0227e-02],
          [ 1.8167e-02, -1.6896e-02, -3.6127e-03]],

         [[ 7.4029e-03, -4.0924e-03, -1.7412e-02],
          [ 5.1219e-03, -1.5552e-02,  1.9070e-02],
          [-8.6094e-03,  1.6974e-02, -1.7531e-02]]],


        [[[ 1.1042e-03,  1.3506e-02,  1.0721e-02],
          [-6.9010e-03, -1.1348e-02,  2.8495e-03],
          [ 8.6989e-03, -1.5447e-02,  1.0453e-02]],

         [[-3.9188e-03, -1.4406e-02, -8.0432e-03],
          [-9.3505e-03, -2.1102e-03, -1.2358e-02],
          [ 2.0142e-02,  5.6084e-03,  9.8931e-03]],

         [[ 1.7884e-02,  1.1672e-02,  3.4210e-04],
          [-1.3503e-02, -4.6983e-03, -8.7759e-03],
          [-1.6705e-02, -3.8229e-03, -1.1617e-02]],

         ...,

         [[-1.3812e-02,  5.7065e-03,  1.3065e-03],
          [ 7.3509e-03, -5.4048e-04,  1.2662e-02],
          [ 7.3624e-03, -1.5165e-02, -1.4522e-02]],

         [[ 9.4736e-03,  3.2135e-03, -3.3052e-04],
          [-1.5568e-02,  3.3043e-03, -1.1494e-02],
          [ 1.3688e-02, -1.6533e-02, -1.9432e-02]],

         [[ 1.0189e-02, -1.2182e-02,  1.9508e-02],
          [-3.7166e-03,  1.4187e-02, -6.7436e-03],
          [ 1.1567e-02,  1.3188e-02,  6.1568e-03]]]], device='cuda:0',
       requires_grad=True), Parameter containing:
tensor([ 0.0135,  0.0034,  0.0049, -0.0138,  0.0156, -0.0036,  0.0172,  0.0144,
        -0.0158,  0.0137,  0.0070,  0.0055, -0.0181, -0.0088,  0.0170, -0.0007,
        -0.0148, -0.0189, -0.0178, -0.0073,  0.0208, -0.0133,  0.0082, -0.0016,
         0.0109,  0.0090,  0.0028, -0.0101,  0.0035, -0.0098, -0.0148, -0.0070,
         0.0206,  0.0118, -0.0009,  0.0012,  0.0062,  0.0125, -0.0186,  0.0137,
         0.0134,  0.0095,  0.0014, -0.0199,  0.0008,  0.0075,  0.0055,  0.0137,
        -0.0080,  0.0025,  0.0140, -0.0100,  0.0137,  0.0020, -0.0047, -0.0169,
         0.0196, -0.0075,  0.0023, -0.0120,  0.0075,  0.0001, -0.0099,  0.0204,
         0.0145,  0.0192,  0.0104, -0.0111, -0.0070, -0.0003, -0.0045, -0.0118,
         0.0087,  0.0045,  0.0111,  0.0160,  0.0029, -0.0186,  0.0100,  0.0144,
         0.0084, -0.0142, -0.0132, -0.0088, -0.0114, -0.0026, -0.0157, -0.0139,
         0.0078,  0.0034, -0.0198, -0.0135, -0.0109,  0.0089, -0.0008, -0.0035,
        -0.0153,  0.0045, -0.0034, -0.0122, -0.0142,  0.0150, -0.0015,  0.0062,
         0.0130, -0.0198, -0.0121, -0.0064,  0.0138, -0.0171,  0.0208,  0.0051,
        -0.0037, -0.0070, -0.0116, -0.0085, -0.0052,  0.0047, -0.0115, -0.0193,
         0.0155, -0.0181,  0.0205,  0.0116,  0.0012,  0.0025, -0.0147,  0.0184],
       device='cuda:0', requires_grad=True), Parameter containing:
tensor([[[[-5.3140e-03,  2.5984e-03,  1.0343e-02],
          [ 1.5996e-02, -2.6138e-02,  3.4803e-03],
          [-2.0322e-03, -6.7233e-03,  7.5927e-03]],

         [[-2.8143e-02, -1.8876e-02, -2.3853e-02],
          [-1.4352e-02, -2.0078e-02,  6.1134e-03],
          [ 1.5870e-02,  6.6834e-03,  1.1055e-02]],

         [[-1.8541e-02,  3.9360e-03, -1.7676e-02],
          [ 4.3928e-03, -3.0574e-03, -2.5101e-02],
          [-2.5241e-02, -1.3767e-02,  2.7064e-02]],

         ...,

         [[-2.0547e-02, -7.4113e-03,  6.7190e-03],
          [ 1.7552e-02, -2.7630e-02,  1.4718e-02],
          [ 2.5083e-02,  2.2526e-02, -1.1072e-02]],

         [[ 2.3241e-03,  1.7054e-02,  1.3906e-02],
          [ 8.6370e-04,  1.0183e-02, -1.1305e-02],
          [-1.8952e-02, -1.2234e-02,  1.8191e-02]],

         [[-1.0666e-02,  2.7736e-02, -1.8418e-02],
          [-1.6058e-02, -1.8897e-02, -2.5609e-02],
          [ 2.2147e-02, -9.4057e-03, -1.5445e-02]]],


        [[[ 9.9300e-03,  8.3657e-03,  7.9087e-03],
          [ 2.3764e-02, -3.3729e-03, -1.8675e-02],
          [-4.5512e-03, -1.7889e-02,  3.2517e-03]],

         [[-1.5604e-02,  1.6839e-02,  4.3378e-03],
          [ 1.3274e-02, -1.7818e-02, -1.1040e-02],
          [-9.7536e-03, -2.5024e-02, -1.9046e-02]],

         [[ 2.4128e-02,  2.8690e-02, -1.8869e-02],
          [-6.9639e-03, -1.4168e-02, -6.4437e-03],
          [-2.6638e-02,  4.5884e-04, -1.9616e-02]],

         ...,

         [[-2.9992e-03,  2.3541e-02, -1.0291e-02],
          [ 2.6866e-02,  2.1667e-02,  2.7893e-02],
          [ 1.1356e-02,  2.1493e-02, -2.0492e-02]],

         [[-5.6106e-03,  1.6350e-02, -2.3997e-02],
          [-3.8789e-03,  5.5908e-03,  2.4866e-04],
          [-4.2503e-03, -8.8436e-03,  4.3696e-03]],

         [[ 2.3645e-02,  1.0143e-02, -1.0012e-03],
          [ 1.9454e-03,  1.8363e-02,  2.2487e-02],
          [-2.7765e-03,  2.7677e-02,  9.6694e-03]]],


        [[[-2.7612e-02,  1.6015e-02,  2.0584e-02],
          [-1.6120e-02, -2.5982e-02,  2.2199e-02],
          [ 1.5608e-03, -1.0908e-02,  1.8481e-02]],

         [[-2.2161e-02,  1.3565e-02, -4.0517e-03],
          [ 8.3891e-03,  1.0490e-02,  1.1703e-02],
          [-9.5833e-03,  1.6099e-02, -3.0507e-03]],

         [[-2.3300e-02, -9.7011e-03,  6.4277e-03],
          [ 2.8520e-02, -3.1399e-04, -2.8870e-02],
          [ 2.1240e-02,  1.8414e-02,  1.6496e-02]],

         ...,

         [[ 1.7847e-02,  1.9760e-03,  1.2939e-02],
          [ 2.9216e-02, -2.8116e-02,  1.5360e-02],
          [ 1.8118e-02,  2.3657e-02,  6.5507e-05]],

         [[ 2.3823e-02, -2.0319e-02,  1.1753e-02],
          [ 1.3040e-02, -2.8932e-02,  1.3560e-02],
          [-1.8151e-02, -4.7435e-03, -1.3064e-02]],

         [[-2.2454e-02, -1.4153e-02,  2.5271e-02],
          [ 2.5889e-02,  1.5322e-03,  2.7409e-03],
          [ 1.0792e-02, -4.9176e-03, -1.4493e-02]]],


        ...,


        [[[ 8.3439e-04, -1.5557e-02, -1.3567e-02],
          [ 1.5386e-02,  6.5815e-03, -1.3812e-02],
          [ 8.4825e-03, -7.8412e-03, -7.6389e-03]],

         [[-1.7454e-03, -1.6122e-03, -1.5209e-02],
          [ 2.6316e-03,  2.0024e-02, -2.7783e-02],
          [ 1.5758e-02,  2.3850e-02,  1.9357e-02]],

         [[ 2.6452e-02, -2.9208e-02,  7.3551e-04],
          [ 5.3626e-03, -1.7209e-02,  2.7240e-02],
          [-1.5265e-02,  2.3532e-02,  4.0537e-03]],

         ...,

         [[-1.8211e-03,  2.0077e-02,  2.0460e-02],
          [ 1.2182e-02,  4.9541e-03,  1.8523e-02],
          [-1.1812e-02,  1.3895e-02,  2.4030e-02]],

         [[-2.2737e-02,  2.1051e-03, -1.2574e-02],
          [ 2.2404e-02, -2.8214e-02,  1.9873e-02],
          [-1.3011e-02,  1.7032e-02,  7.1983e-03]],

         [[-2.6374e-02,  1.2070e-02, -1.3891e-02],
          [ 1.8996e-03,  1.5255e-02, -1.9505e-02],
          [-1.3009e-02,  2.3639e-02,  2.2794e-02]]],


        [[[ 2.7488e-02,  1.1550e-02, -1.9512e-02],
          [ 2.8792e-02, -1.8114e-02,  5.2933e-05],
          [ 2.8969e-02,  1.3921e-02, -5.1634e-03]],

         [[ 5.4089e-03,  1.9748e-02, -5.9799e-03],
          [-1.4685e-02,  2.0486e-02, -1.6589e-02],
          [-9.4619e-03, -7.4591e-03, -1.7522e-02]],

         [[ 1.7266e-02,  2.1389e-02,  1.5051e-02],
          [-1.2019e-02,  2.4201e-02,  2.2938e-02],
          [-1.2749e-02, -1.8829e-02,  2.3105e-03]],

         ...,

         [[ 1.7800e-02, -2.6881e-02, -1.5709e-02],
          [ 1.5852e-02, -4.2151e-03, -2.1290e-02],
          [-2.0053e-02,  1.5812e-02,  1.9060e-02]],

         [[ 6.5761e-03, -1.7909e-02,  9.2843e-03],
          [ 2.2337e-02,  2.7677e-02, -1.1096e-03],
          [-2.8461e-02, -2.8548e-02,  2.4622e-03]],

         [[ 5.3687e-03,  2.9229e-02,  9.8946e-03],
          [-2.0875e-02,  2.7195e-02, -2.2007e-02],
          [ 6.2244e-04, -2.7712e-02,  2.6675e-02]]],


        [[[-9.6255e-03, -2.3873e-02, -4.2180e-03],
          [ 1.1490e-02,  1.7143e-02, -2.4073e-02],
          [ 1.3654e-02, -2.8854e-02, -2.6638e-02]],

         [[-8.0884e-03,  9.6295e-03,  2.5517e-03],
          [ 1.0321e-02, -2.2626e-02,  1.7920e-02],
          [-2.8925e-02,  7.8495e-03, -3.9752e-03]],

         [[-5.2249e-03, -1.7368e-02, -8.2371e-03],
          [-1.2987e-02,  1.7871e-02, -2.2993e-02],
          [ 1.9618e-02,  8.6507e-03,  2.8431e-02]],

         ...,

         [[-2.8008e-02, -7.4747e-03, -3.6706e-03],
          [-1.2345e-02,  1.7552e-02, -5.5793e-04],
          [ 4.5342e-03, -2.4285e-02, -2.1177e-02]],

         [[-1.4072e-02,  1.5971e-02, -6.9360e-03],
          [ 6.3749e-03,  2.5096e-02, -1.3400e-02],
          [-1.0224e-02,  1.9550e-02, -1.5539e-03]],

         [[-1.4920e-02,  5.5619e-03, -2.5249e-02],
          [-1.8598e-02, -1.4546e-04,  5.3306e-03],
          [ 7.3758e-04, -1.2754e-02,  1.2184e-02]]]], device='cuda:0',
       requires_grad=True), Parameter containing:
tensor([-0.0282, -0.0119,  0.0155,  0.0156, -0.0281, -0.0030, -0.0127, -0.0017,
         0.0062,  0.0208,  0.0151, -0.0128,  0.0281,  0.0260, -0.0110,  0.0196,
        -0.0232,  0.0266, -0.0020, -0.0277,  0.0129, -0.0064,  0.0069,  0.0008,
        -0.0077,  0.0004,  0.0139,  0.0229, -0.0194, -0.0249,  0.0022,  0.0217,
         0.0269,  0.0142,  0.0019, -0.0247,  0.0148,  0.0108,  0.0065, -0.0038,
        -0.0174, -0.0013,  0.0290, -0.0255, -0.0192, -0.0071,  0.0168, -0.0085,
        -0.0100, -0.0112, -0.0166, -0.0106, -0.0211,  0.0151,  0.0104, -0.0044,
         0.0028, -0.0029,  0.0212,  0.0013,  0.0071, -0.0023,  0.0136, -0.0024],
       device='cuda:0', requires_grad=True), Parameter containing:
tensor([[-0.0005, -0.0011,  0.0009,  ...,  0.0010, -0.0008, -0.0010],
        [ 0.0010,  0.0008,  0.0001,  ...,  0.0005, -0.0012, -0.0006],
        [ 0.0010,  0.0010,  0.0003,  ..., -0.0011,  0.0001, -0.0006],
        ...,
        [-0.0003,  0.0001,  0.0001,  ...,  0.0001,  0.0005, -0.0010],
        [ 0.0003, -0.0004,  0.0009,  ...,  0.0007, -0.0006, -0.0012],
        [ 0.0009, -0.0012, -0.0004,  ..., -0.0002,  0.0010,  0.0004]],
       device='cuda:0', requires_grad=True), Parameter containing:
tensor([-4.5590e-04,  3.5839e-04, -5.3659e-04,  8.2084e-04, -1.1520e-03,
        -2.8024e-04, -8.2470e-04,  1.2075e-04, -1.0988e-03,  8.9966e-04,
        -9.8987e-04,  5.5014e-04, -5.3997e-04, -9.5705e-04,  3.4951e-04,
        -1.0046e-03, -1.0790e-03,  5.8474e-04, -2.5243e-04,  5.6658e-04,
        -8.9208e-04, -8.2267e-04,  2.2423e-04,  2.6621e-04,  7.2433e-04,
         2.6586e-05, -3.0959e-04,  1.1337e-03,  9.8770e-04,  1.0092e-03,
         1.4879e-04, -7.1183e-04, -1.1676e-04,  8.9363e-04,  6.9206e-04,
         1.0567e-03,  1.1842e-03, -7.0819e-04, -4.5645e-04, -3.8045e-04,
         7.2530e-04,  2.7364e-04,  9.7625e-04,  1.1348e-03, -1.1450e-03,
        -9.0822e-04, -3.0247e-04,  1.4650e-04, -8.4689e-04, -6.4451e-04,
         1.1167e-06,  5.1930e-04,  9.2483e-04,  4.1894e-04,  2.5745e-04,
         9.2148e-04, -3.9549e-04, -6.9402e-04,  1.1633e-03,  8.6087e-04,
        -1.1246e-03,  2.5749e-04,  3.4261e-04,  6.8092e-04,  5.8022e-04,
         7.3754e-04, -7.4439e-05, -9.1528e-06,  9.8555e-04, -1.4042e-04,
         3.5060e-04, -2.1713e-04, -2.5806e-04, -4.0201e-04,  3.8679e-04,
         2.0587e-04, -6.6973e-04,  2.9739e-04,  1.9276e-04,  3.8227e-04,
         9.4119e-04,  1.1600e-03, -4.4414e-04,  9.2428e-04, -2.8434e-04,
        -1.8405e-04,  9.3034e-04, -3.1493e-04, -1.7237e-04,  4.8097e-04,
        -1.1548e-03, -4.1525e-04,  5.8602e-04, -1.4658e-04, -9.7395e-04,
         9.2373e-04, -8.8678e-04,  3.5707e-04, -7.3770e-04,  4.7590e-04,
        -2.1836e-04,  4.6785e-04, -1.4653e-04,  7.5185e-04, -1.1505e-03,
        -6.8187e-04,  6.4125e-04,  9.3466e-04,  3.5385e-04, -9.5818e-05,
        -9.0538e-04,  6.6831e-04,  6.5988e-04,  4.9705e-04, -9.8501e-05,
         8.0342e-05,  4.0314e-04, -4.7393e-04, -5.3187e-04,  8.1139e-04,
         2.8217e-04, -8.0591e-04,  7.3170e-04,  8.8293e-04,  1.4780e-04,
         2.2167e-04, -8.9124e-04,  9.5738e-04, -9.2265e-04, -9.3394e-04,
         4.9467e-04, -5.1801e-04, -7.8772e-04, -1.2209e-03, -7.3889e-04,
         5.0684e-04,  9.2149e-04, -2.8781e-05, -7.0314e-04,  1.0673e-03,
         1.0212e-03, -2.0832e-04, -1.2078e-03, -6.4712e-04,  1.7365e-04,
        -1.0910e-04,  4.6919e-04,  3.0581e-04, -7.3855e-04, -1.9200e-04,
         1.2024e-03, -5.0431e-04,  7.4676e-04, -1.2126e-03, -5.3146e-04,
         4.1021e-04,  8.7413e-04, -1.0950e-04, -5.9471e-04, -1.0056e-03,
         8.5749e-04,  6.4483e-04, -1.4665e-04, -5.7924e-04,  2.0761e-05,
         8.2428e-04,  1.1923e-03, -5.9003e-04,  3.9059e-04, -2.9221e-04,
         7.4746e-05, -8.9377e-04, -8.4067e-04, -5.5525e-04,  4.6703e-04,
         6.5920e-04, -5.4357e-04,  1.1929e-03, -4.7689e-04, -2.2674e-05,
         1.3392e-04,  7.8422e-04, -4.3606e-04,  2.2922e-04, -9.6993e-04,
        -1.0931e-03,  3.4792e-04, -5.5902e-04,  8.0436e-04,  1.1562e-03,
         3.9297e-05, -5.6860e-04, -5.9862e-04, -3.2669e-04, -8.2225e-05,
         8.1900e-04, -2.3511e-04,  5.5181e-04,  1.2062e-03,  6.2602e-04,
        -6.8303e-04,  8.4915e-05,  8.6692e-04,  2.2687e-04,  7.5719e-05,
        -5.9933e-04,  1.1555e-03,  1.8472e-04,  2.4652e-04, -9.5549e-04,
        -1.0818e-03, -2.7127e-04, -4.7571e-04,  4.2485e-04, -1.1735e-03,
         1.5761e-04,  7.2285e-04,  7.7556e-05,  1.5136e-04, -1.0116e-03,
         5.5301e-04, -1.0141e-03,  7.7795e-04,  4.7471e-04, -1.1932e-03,
         4.6023e-04, -7.4217e-04,  8.4823e-04,  4.7511e-04, -1.0806e-03,
        -4.8772e-04, -2.9341e-04,  1.1284e-03,  7.5801e-04,  6.0819e-04,
         6.7476e-04, -5.7528e-04, -7.9254e-04,  7.2035e-04, -8.6948e-04,
        -9.3034e-04,  1.1766e-03,  8.3269e-04,  6.7017e-04,  7.3987e-04,
         1.0071e-03, -7.7084e-04,  9.3434e-04, -5.0806e-04,  1.2193e-03,
        -3.1730e-04,  5.0223e-04, -7.0868e-04,  9.3626e-04, -1.9416e-04,
         5.4313e-04], device='cuda:0', requires_grad=True), Parameter containing:
tensor([[-0.0258, -0.0167, -0.0049,  ..., -0.0101, -0.0295,  0.0088],
        [-0.0555,  0.0345,  0.0166,  ..., -0.0437,  0.0389, -0.0419],
        [-0.0242, -0.0101, -0.0219,  ..., -0.0111, -0.0229,  0.0499],
        ...,
        [ 0.0376, -0.0389, -0.0007,  ...,  0.0078,  0.0268, -0.0102],
        [ 0.0328, -0.0022,  0.0508,  ...,  0.0384,  0.0288, -0.0194],
        [ 0.0469, -0.0296, -0.0578,  ..., -0.0100, -0.0307,  0.0428]],
       device='cuda:0', requires_grad=True), Parameter containing:
tensor([ 0.0473,  0.0575,  0.0494,  0.0570,  0.0518, -0.0122,  0.0407,  0.0112,
        -0.0480,  0.0045, -0.0064, -0.0461,  0.0594,  0.0159, -0.0136,  0.0137,
         0.0588,  0.0583, -0.0145, -0.0044, -0.0587,  0.0389,  0.0178,  0.0538,
         0.0600,  0.0564,  0.0488, -0.0481, -0.0144, -0.0236,  0.0082, -0.0020,
         0.0082,  0.0260, -0.0306, -0.0273,  0.0378, -0.0423,  0.0535, -0.0591,
        -0.0583, -0.0582,  0.0418,  0.0066, -0.0497, -0.0074, -0.0364, -0.0026,
        -0.0353, -0.0459,  0.0487,  0.0071, -0.0055,  0.0316, -0.0488,  0.0181,
        -0.0051, -0.0093,  0.0419, -0.0201,  0.0015,  0.0168,  0.0505,  0.0275,
        -0.0014,  0.0471, -0.0248,  0.0081, -0.0209, -0.0539,  0.0014,  0.0429,
         0.0453,  0.0604,  0.0282, -0.0381, -0.0347, -0.0288,  0.0216, -0.0387,
        -0.0320,  0.0484, -0.0601, -0.0219,  0.0450, -0.0191,  0.0108,  0.0364,
         0.0563, -0.0004, -0.0286, -0.0026, -0.0076,  0.0054,  0.0273, -0.0321,
        -0.0352,  0.0105, -0.0472, -0.0446, -0.0294, -0.0053, -0.0279, -0.0241,
         0.0403, -0.0149, -0.0104, -0.0553, -0.0183, -0.0472,  0.0249,  0.0163,
        -0.0037,  0.0364,  0.0253,  0.0276, -0.0227,  0.0421,  0.0489,  0.0256,
         0.0201,  0.0184,  0.0146, -0.0518,  0.0280, -0.0025,  0.0201,  0.0414],
       device='cuda:0', requires_grad=True), Parameter containing:
tensor([[-0.0235,  0.0585,  0.0830,  ..., -0.0843,  0.0516,  0.0616],
        [-0.0502,  0.0711,  0.0118,  ...,  0.0798, -0.0053, -0.0143],
        [-0.0712,  0.0768,  0.0300,  ..., -0.0227,  0.0465, -0.0595],
        ...,
        [ 0.0743,  0.0319, -0.0361,  ..., -0.0801, -0.0847, -0.0593],
        [-0.0253, -0.0059, -0.0691,  ..., -0.0289,  0.0108, -0.0171],
        [-0.0562, -0.0537,  0.0561,  ...,  0.0721, -0.0796,  0.0875]],
       device='cuda:0', requires_grad=True), Parameter containing:
tensor([-0.0120, -0.0596,  0.0826,  0.0020,  0.0171,  0.0380,  0.0113, -0.0154,
        -0.0238,  0.0863, -0.0143,  0.0531, -0.0483, -0.0739,  0.0287, -0.0146,
        -0.0786,  0.0504, -0.0534,  0.0471,  0.0212,  0.0437,  0.0053,  0.0758,
         0.0597,  0.0552,  0.0803, -0.0652, -0.0715,  0.0174, -0.0425, -0.0309,
        -0.0772, -0.0767, -0.0439, -0.0307,  0.0352,  0.0334,  0.0190,  0.0303,
         0.0584,  0.0154, -0.0668, -0.0579,  0.0559, -0.0816,  0.0800, -0.0220,
         0.0819,  0.0861, -0.0451, -0.0049, -0.0655,  0.0170,  0.0170, -0.0744,
        -0.0087,  0.0134, -0.0547,  0.0446,  0.0152,  0.0343, -0.0874, -0.0835],
       device='cuda:0', requires_grad=True), Parameter containing:
tensor([[ 0.1219, -0.0511,  0.0821,  ...,  0.0938, -0.0689, -0.0954],
        [ 0.0675,  0.1109, -0.1077,  ..., -0.0429, -0.0331, -0.0991],
        [-0.0206, -0.0255, -0.1092,  ..., -0.0951, -0.0943,  0.1105],
        ...,
        [-0.1186,  0.0904,  0.0271,  ..., -0.0530,  0.0826, -0.0680],
        [ 0.0879, -0.0044, -0.0526,  ..., -0.0395, -0.0045,  0.0119],
        [-0.0981,  0.0067, -0.0900,  ..., -0.0579, -0.0440, -0.0811]],
       device='cuda:0', requires_grad=True), Parameter containing:
tensor([ 0.0529,  0.0247, -0.0484,  ...,  0.0283, -0.1235, -0.0341],
       device='cuda:0', requires_grad=True)], 'lr': 0.0001, 'betas': (0.9, 0.999), 'eps': 1e-08, 'weight_decay': 5e-05, 'amsgrad': False}]
epoch: 0 batch 0.0 event: 0 loss: tensor(184.3643, device='cuda:0', grad_fn=<DivBackward0>)
epoch: 0 batch 10.0 event: 300 loss: tensor(2009.7682, device='cuda:0', grad_fn=<DivBackward0>)
epoch: 0 batch 20.0 event: 600 loss: tensor(1778.5120, device='cuda:0', grad_fn=<DivBackward0>)
epoch: 0 batch 40.0 event: 1200 loss: tensor(3682.7317, device='cuda:0', grad_fn=<DivBackward0>)
epoch: 0 batch 50.0 event: 1500 loss: tensor(1855.1683, device='cuda:0', grad_fn=<DivBackward0>)
epoch: 0 batch 60.0 event: 1800 loss: tensor(1995.7102, device='cuda:0', grad_fn=<DivBackward0>)
epoch: 0 batch 70.0 event: 2100 loss: tensor(2031.2445, device='cuda:0', grad_fn=<DivBackward0>)
epoch: 0 batch 80.0 event: 2400 loss: tensor(1954.1543, device='cuda:0', grad_fn=<DivBackward0>)
epoch: 0 batch 90.0 event: 2700 loss: tensor(2069.9666, device='cuda:0', grad_fn=<DivBackward0>)
epoch: 0 batch 100.0 event: 3000 loss: tensor(1996.1396, device='cuda:0', grad_fn=<DivBackward0>)
epoch: 0 batch 110.0 event: 3300 loss: tensor(2060.1309, device='cuda:0', grad_fn=<DivBackward0>)
epoch: 0 batch 120.0 event: 3600 loss: tensor(1747.4355, device='cuda:0', grad_fn=<DivBackward0>)
epoch: 0 batch 130.0 event: 3900 loss: tensor(1573.6143, device='cuda:0', grad_fn=<DivBackward0>)
epoch: 0 batch 140.0 event: 4200 loss: tensor(1807.9049, device='cuda:0', grad_fn=<DivBackward0>)
epoch: 0 batch 150.0 event: 4500 loss: tensor(2022.0010, device='cuda:0', grad_fn=<DivBackward0>)
epoch: 0 batch 160.0 event: 4800 loss: tensor(1974.4902, device='cuda:0', grad_fn=<DivBackward0>)
epoch: 0 batch 170.0 event: 5100 loss: tensor(2006.8606, device='cuda:0', grad_fn=<DivBackward0>)
epoch: 0 batch 180.0 event: 5400 loss: tensor(2067.1475, device='cuda:0', grad_fn=<DivBackward0>)
epoch: 0 batch 200.0 event: 6000 loss: tensor(3977.9099, device='cuda:0', grad_fn=<DivBackward0>)
epoch: 0 batch 210.0 event: 6300 loss: tensor(1749.0316, device='cuda:0', grad_fn=<DivBackward0>)
epoch: 0 batch 220.0 event: 6600 loss: tensor(1885.2557, device='cuda:0', grad_fn=<DivBackward0>)
epoch: 0 batch 230.0 event: 6900 loss: tensor(2042.6143, device='cuda:0', grad_fn=<DivBackward0>)
epoch: 0 batch 240.0 event: 7200 loss: tensor(2099.8726, device='cuda:0', grad_fn=<DivBackward0>)
epoch: 0 batch 250.0 event: 7500 loss: tensor(2078.6980, device='cuda:0', grad_fn=<DivBackward0>)
epoch: 0 batch 260.0 event: 7800 loss: tensor(1818.3121, device='cuda:0', grad_fn=<DivBackward0>)
epoch: 0 batch 270.0 event: 8100 loss: tensor(1989.0604, device='cuda:0', grad_fn=<DivBackward0>)
epoch: 0 batch 280.0 event: 8400 loss: tensor(2021.7496, device='cuda:0', grad_fn=<DivBackward0>)
epoch: 0 batch 290.0 event: 8700 loss: tensor(1946.2946, device='cuda:0', grad_fn=<DivBackward0>)
epoch: 0 batch 300.0 event: 9000 loss: tensor(1673.4672, device='cuda:0', grad_fn=<DivBackward0>)
epoch: 0 batch 310.0 event: 9300 loss: tensor(1393.4690, device='cuda:0', grad_fn=<DivBackward0>)
epoch: 0 batch 320.0 event: 9600 loss: tensor(1936.1877, device='cuda:0', grad_fn=<DivBackward0>)
epoch: 0 batch 330.0 event: 9900 loss: tensor(2039.5094, device='cuda:0', grad_fn=<DivBackward0>)
epoch: 0 batch 340.0 event: 10200 loss: tensor(1988.8802, device='cuda:0', grad_fn=<DivBackward0>)
epoch: 0 batch 350.0 event: 10500 loss: tensor(1990.7893, device='cuda:0', grad_fn=<DivBackward0>)
epoch: 0 batch 360.0 event: 10800 loss: tensor(2013.2139, device='cuda:0', grad_fn=<DivBackward0>)
epoch: 0 batch 370.0 event: 11100 loss: tensor(1755.3363, device='cuda:0', grad_fn=<DivBackward0>)
epoch: 0 batch 380.0 event: 11400 loss: tensor(1955.6584, device='cuda:0', grad_fn=<DivBackward0>)
epoch: 0 batch 390.0 event: 11700 loss: tensor(1768.0559, device='cuda:0', grad_fn=<DivBackward0>)
epoch: 0 batch 400.0 event: 12000 loss: tensor(1770.9486, device='cuda:0', grad_fn=<DivBackward0>)
epoch: 0 batch 410.0 event: 12300 loss: tensor(1860.5463, device='cuda:0', grad_fn=<DivBackward0>)
epoch: 0 batch 420.0 event: 12600 loss: tensor(2066.5029, device='cuda:0', grad_fn=<DivBackward0>)
epoch: 0 batch 430.0 event: 12900 loss: tensor(1957.9170, device='cuda:0', grad_fn=<DivBackward0>)
epoch: 0 batch 440.0 event: 13200 loss: tensor(1797.4856, device='cuda:0', grad_fn=<DivBackward0>)
epoch: 0 batch 450.0 event: 13500 loss: tensor(1815.8241, device='cuda:0', grad_fn=<DivBackward0>)
epoch: 0 batch 460.0 event: 13800 loss: tensor(1411.7115, device='cuda:0', grad_fn=<DivBackward0>)
epoch: 0 batch 470.0 event: 14100 loss: tensor(2053.5176, device='cuda:0', grad_fn=<DivBackward0>)
epoch: 0 batch 480.0 event: 14400 loss: tensor(1768.8500, device='cuda:0', grad_fn=<DivBackward0>)
epoch: 0 batch 490.0 event: 14700 loss: tensor(1966.4576, device='cuda:0', grad_fn=<DivBackward0>)
epoch: 0 batch 500.0 event: 15000 loss: tensor(1972.7904, device='cuda:0', grad_fn=<DivBackward0>)
epoch: 0 batch 510.0 event: 15300 loss: tensor(1751.2506, device='cuda:0', grad_fn=<DivBackward0>)
epoch: 0 batch 520.0 event: 15600 loss: tensor(1976.6396, device='cuda:0', grad_fn=<DivBackward0>)
epoch: 0 batch 530.0 event: 15900 loss: tensor(2045.2933, device='cuda:0', grad_fn=<DivBackward0>)
epoch: 0 batch 540.0 event: 16200 loss: tensor(1691.6387, device='cuda:0', grad_fn=<DivBackward0>)
epoch: 0 batch 550.0 event: 16500 loss: tensor(1573.5518, device='cuda:0', grad_fn=<DivBackward0>)
epoch: 0 batch 560.0 event: 16800 loss: tensor(1972.7811, device='cuda:0', grad_fn=<DivBackward0>)
epoch: 0 batch 570.0 event: 17100 loss: tensor(1970.0033, device='cuda:0', grad_fn=<DivBackward0>)
epoch: 0 batch 580.0 event: 17400 loss: tensor(1586.6011, device='cuda:0', grad_fn=<DivBackward0>)
epoch: 0 batch 590.0 event: 17700 loss: tensor(1945.7972, device='cuda:0', grad_fn=<DivBackward0>)
epoch: 0 batch 600.0 event: 18000 loss: tensor(1587.9164, device='cuda:0', grad_fn=<DivBackward0>)
epoch: 0 batch 610.0 event: 18300 loss: tensor(1763.9827, device='cuda:0', grad_fn=<DivBackward0>)
epoch: 0 batch 620.0 event: 18600 loss: tensor(1771.4707, device='cuda:0', grad_fn=<DivBackward0>)
epoch: 0 batch 630.0 event: 18900 loss: tensor(1759.9817, device='cuda:0', grad_fn=<DivBackward0>)
epoch: 0 batch 640.0 event: 19200 loss: tensor(1961.6094, device='cuda:0', grad_fn=<DivBackward0>)
epoch: 0 batch 650.0 event: 19500 loss: tensor(2009.9524, device='cuda:0', grad_fn=<DivBackward0>)
epoch: 0 batch 660.0 event: 19800 loss: tensor(1537.5156, device='cuda:0', grad_fn=<DivBackward0>)
time passed so far:
 0:00:20.676056
evaluation loss: 2020.673828125
epoch: 0 mean loss: 1884.29150390625
=> saveing checkpoint at epoch 0
checkpoint is saved at: /hpcfs/bes/mlgpu/hoseinkk/MLTracking/otherparticles/pppipi/pyt_pppipi_cnn_1
epoch: 1 batch 0.0 event: 0 loss: tensor(180.9090, device='cuda:0', grad_fn=<DivBackward0>)
Traceback (most recent call last):
  File "/hpcfs/bes/mlgpu/hoseinkk/MLTracking/otherparticles/pppipi/pyt_pppipi_cnn_1/./Training.py", line 94, in <module>
    datnoi = (featbatch.reshape(BatchSize, 6796) > 0).to('cpu') #torch.Tensor.cpu(TraTen[i].reshape(6796)).numpy() > 0
RuntimeError: shape '[30, 6796]' is invalid for input of size 371520

real	0m52.560s
user	0m47.159s
sys	0m24.090s
