0: gpu026.ihep.ac.cn
GPU 0: Tesla V100-SXM2-32GB (UUID: GPU-f121792b-f33d-d12c-2157-257211777377)
Allocate GPU cards : 0

modinfo:
filename:       /lib/modules/3.10.0-1160.71.1.el7.x86_64/extra/nvidia.ko.xz
firmware:       nvidia/515.65.01/gsp.bin
alias:          char-major-195-*
version:        515.65.01
supported:      external
license:        NVIDIA
retpoline:      Y
rhelversion:    7.9
srcversion:     8049D44E2C1B08F41E1B8A6
alias:          pci:v000010DEd*sv*sd*bc06sc80i00*
alias:          pci:v000010DEd*sv*sd*bc03sc02i00*
alias:          pci:v000010DEd*sv*sd*bc03sc00i00*
depends:        drm
vermagic:       3.10.0-1160.71.1.el7.x86_64 SMP mod_unload modversions 
signer:         DKMS module signing key
sig_key:        E9:B8:F8:81:15:18:E1:E0:5F:F6:3C:FD:48:A3:6D:5C:01:89:82:53
sig_hashalgo:   sha512
parm:           NvSwitchRegDwords:NvSwitch regkey (charp)
parm:           NvSwitchBlacklist:NvSwitchBlacklist=uuid[,uuid...] (charp)
parm:           NVreg_ResmanDebugLevel:int
parm:           NVreg_RmLogonRC:int
parm:           NVreg_ModifyDeviceFiles:int
parm:           NVreg_DeviceFileUID:int
parm:           NVreg_DeviceFileGID:int
parm:           NVreg_DeviceFileMode:int
parm:           NVreg_InitializeSystemMemoryAllocations:int
parm:           NVreg_UsePageAttributeTable:int
parm:           NVreg_EnablePCIeGen3:int
parm:           NVreg_EnableMSI:int
parm:           NVreg_TCEBypassMode:int
parm:           NVreg_EnableStreamMemOPs:int
parm:           NVreg_RestrictProfilingToAdminUsers:int
parm:           NVreg_PreserveVideoMemoryAllocations:int
parm:           NVreg_EnableS0ixPowerManagement:int
parm:           NVreg_S0ixPowerManagementVideoMemoryThreshold:int
parm:           NVreg_DynamicPowerManagement:int
parm:           NVreg_DynamicPowerManagementVideoMemoryThreshold:int
parm:           NVreg_EnableGpuFirmware:int
parm:           NVreg_EnableGpuFirmwareLogs:int
parm:           NVreg_OpenRmEnableUnsupportedGpus:int
parm:           NVreg_EnableUserNUMAManagement:int
parm:           NVreg_MemoryPoolSize:int
parm:           NVreg_KMallocHeapMaxSize:int
parm:           NVreg_VMallocHeapMaxSize:int
parm:           NVreg_IgnoreMMIOCheck:int
parm:           NVreg_NvLinkDisable:int
parm:           NVreg_EnablePCIERelaxedOrderingMode:int
parm:           NVreg_RegisterPCIDriver:int
parm:           NVreg_EnableDbgBreakpoint:int
parm:           NVreg_RegistryDwords:charp
parm:           NVreg_RegistryDwordsPerDevice:charp
parm:           NVreg_RmMsg:charp
parm:           NVreg_GpuBlacklist:charp
parm:           NVreg_TemporaryFilePath:charp
parm:           NVreg_ExcludedGpus:charp
parm:           NVreg_DmaRemapPeerMmio:int
parm:           rm_firmware_active:charp

nvidia-smi:
Mon Aug 29 17:17:23 2022       
+-----------------------------------------------------------------------------+
| NVIDIA-SMI 515.65.01    Driver Version: 515.65.01    CUDA Version: 11.7     |
|-------------------------------+----------------------+----------------------+
| GPU  Name        Persistence-M| Bus-Id        Disp.A | Volatile Uncorr. ECC |
| Fan  Temp  Perf  Pwr:Usage/Cap|         Memory-Usage | GPU-Util  Compute M. |
|                               |                      |               MIG M. |
|===============================+======================+======================|
|   0  Tesla V100-SXM2...  On   | 00000000:B3:00.0 Off |                    0 |
| N/A   32C    P0    41W / 300W |      0MiB / 32768MiB |      0%      Default |
|                               |                      |                  N/A |
+-------------------------------+----------------------+----------------------+
                                                                               
+-----------------------------------------------------------------------------+
| Processes:                                                                  |
|  GPU   GI   CI        PID   Type   Process name                  GPU Memory |
|        ID   ID                                                   Usage      |
|=============================================================================|
|  No running processes found                                                 |
+-----------------------------------------------------------------------------+

nvcc --version:
nvcc: NVIDIA (R) Cuda compiler driver
Copyright (c) 2005-2021 NVIDIA Corporation
Built on Sun_Mar_21_19:15:46_PDT_2021
Cuda compilation tools, release 11.3, V11.3.58
Build cuda_11.3.r11.3/compiler.29745058_0

 torch version: 1.10.2

 cuda version: 11.3

 is cuda available: True

 CUDNN VERSION: 8200

 Number CUDA Devices: 1

 CUDA Device Name: Tesla V100-SXM2-32GB

 CUDA Device Total Memory [GB]: 34.089926656

 Device capability: (7, 0) 

 Cuda deviice: <torch.cuda.device object at 0x2ad4d52f5940> 

 Is cuda initialized: True

 CUDA_HOME: /hpcfs/bes/mlgpu/hoseinkk/Miniconda3/envs/dgl1

real	0m33.028s
user	0m3.075s
sys	0m2.086s
/hpcfs/bes/mlgpu/hoseinkk/Miniconda3/envs/dgl1/lib/python3.9/site-packages/cupy/_environment.py:438: UserWarning: 
--------------------------------------------------------------------------------

  CuPy may not function correctly because multiple CuPy packages are installed
  in your environment:

    cupy, cupy-cuda110

  Follow these steps to resolve this issue:

    1. For all packages listed above, run the following command to remove all
       existing CuPy installations:

         $ pip uninstall <package_name>

      If you previously installed CuPy via conda, also run the following:

         $ conda uninstall cupy

    2. Install the appropriate CuPy package.
       Refer to the Installation Guide for detailed instructions.

         https://docs.cupy.dev/en/stable/install.html

--------------------------------------------------------------------------------

  warnings.warn(f'''
/hpcfs/bes/mlgpu/hoseinkk/Miniconda3/envs/dgl1/lib/python3.9/site-packages/torch/nn/functional.py:1806: UserWarning: nn.functional.sigmoid is deprecated. Use torch.sigmoid instead.
  warnings.warn("nn.functional.sigmoid is deprecated. Use torch.sigmoid instead.")





 Loading data ... 



training set shape (20000, 43, 288) 
sum 5279207

target set shape (20000, 6796) 
sum 4575851




 The Network ... 


Net(
  (conv1): Conv2d(1, 256, kernel_size=(3, 3), stride=(1, 1))
  (conv2): Conv2d(256, 128, kernel_size=(3, 3), stride=(1, 1))
  (conv3): Conv2d(128, 64, kernel_size=(3, 3), stride=(1, 1))
  (fc1): Linear(in_features=667776, out_features=256, bias=True)
  (fc2): Linear(in_features=256, out_features=128, bias=True)
  (fc3): Linear(in_features=128, out_features=64, bias=True)
  (fc4): Linear(in_features=64, out_features=6796, bias=True)
)

number of the free parameters: 171805196
parameters of the network conv1.weight 
 torch.Size([256, 1, 3, 3]) 
 True 
 tensor([[[[-0.0240, -0.0020, -0.1765],
          [-0.1559,  0.0018, -0.0180],
          [-0.2602, -0.3112,  0.1205]]],


        [[[ 0.0103,  0.2930,  0.0731],
          [-0.1554, -0.2892, -0.1976],
          [-0.1327, -0.2607, -0.0734]]],


        [[[ 0.2755, -0.2465, -0.3304],
          [ 0.1413, -0.1044,  0.1749],
          [ 0.2365,  0.0093, -0.1664]]],


        ...,


        [[[-0.0929,  0.2114, -0.3015],
          [-0.1658,  0.0193,  0.0071],
          [ 0.0250, -0.2545, -0.2337]]],


        [[[-0.2763,  0.0218, -0.2189],
          [ 0.2826,  0.2245,  0.1652],
          [-0.1791,  0.1731,  0.0224]]],


        [[[-0.0352, -0.1830,  0.0341],
          [ 0.2626,  0.0928,  0.2870],
          [-0.2119,  0.1702,  0.1815]]]], device='cuda:0') 
 Parameter containing:
tensor([[[[-0.0240, -0.0020, -0.1765],
          [-0.1559,  0.0018, -0.0180],
          [-0.2602, -0.3112,  0.1205]]],


        [[[ 0.0103,  0.2930,  0.0731],
          [-0.1554, -0.2892, -0.1976],
          [-0.1327, -0.2607, -0.0734]]],


        [[[ 0.2755, -0.2465, -0.3304],
          [ 0.1413, -0.1044,  0.1749],
          [ 0.2365,  0.0093, -0.1664]]],


        ...,


        [[[-0.0929,  0.2114, -0.3015],
          [-0.1658,  0.0193,  0.0071],
          [ 0.0250, -0.2545, -0.2337]]],


        [[[-0.2763,  0.0218, -0.2189],
          [ 0.2826,  0.2245,  0.1652],
          [-0.1791,  0.1731,  0.0224]]],


        [[[-0.0352, -0.1830,  0.0341],
          [ 0.2626,  0.0928,  0.2870],
          [-0.2119,  0.1702,  0.1815]]]], device='cuda:0', requires_grad=True)
parameters of the network conv1.bias 
 torch.Size([256]) 
 True 
 tensor([-3.3989e-02, -2.2696e-01,  1.4296e-01,  1.6922e-01, -6.4582e-03,
         3.1274e-01,  9.1418e-02, -2.8848e-01,  7.6595e-02, -9.5569e-02,
         2.7877e-01, -3.0855e-01,  2.9966e-01, -9.7264e-02,  1.5647e-01,
        -8.1769e-02,  1.3278e-02,  1.2870e-01,  6.4932e-02, -1.0825e-01,
         2.5427e-01, -2.9530e-01,  2.7035e-01,  1.7139e-01,  9.8412e-02,
        -2.5562e-01,  2.1741e-01,  3.0981e-02, -2.5605e-01,  2.6064e-01,
         3.1102e-01,  1.3443e-04, -7.6048e-02,  1.3995e-02, -1.9570e-01,
         2.3483e-01, -2.1353e-01, -1.7321e-02, -8.0964e-02,  4.1796e-02,
         7.2967e-03,  2.3762e-01, -6.3952e-02,  3.1041e-01, -1.8815e-01,
        -2.2249e-01,  1.3020e-01, -5.5103e-02, -1.1466e-01,  2.6506e-01,
        -1.4876e-01,  2.7394e-01,  1.0423e-01,  2.9756e-02,  2.5977e-01,
         2.3380e-03, -8.0847e-02,  1.5500e-01,  2.3359e-01,  1.1203e-01,
         3.2420e-01,  8.3913e-02, -8.5413e-03,  2.9066e-01, -2.1504e-01,
         1.8228e-01, -2.6700e-01,  2.4862e-01,  2.2118e-01, -2.5025e-01,
         1.1066e-01, -8.5176e-02, -5.6234e-02,  2.1087e-01,  2.9705e-01,
        -1.9036e-01,  2.6119e-02,  3.8456e-02, -1.7853e-01,  1.1492e-01,
         2.7323e-01, -2.6607e-01, -3.2818e-01, -1.6973e-01,  2.7014e-02,
        -2.5908e-01,  1.7832e-01,  2.3821e-01, -1.3405e-02, -3.7884e-02,
         1.2267e-01,  1.0405e-01,  9.7304e-02, -9.2721e-02, -8.8987e-02,
        -1.1945e-01, -1.8237e-01, -2.3289e-01, -2.7522e-01,  1.6144e-01,
         1.0082e-01,  2.5453e-01, -4.7046e-02, -7.6909e-02, -1.4541e-01,
         1.0118e-01, -3.1828e-01,  1.3185e-01, -2.2287e-01, -2.7334e-01,
         2.2035e-02, -3.2642e-01,  4.6130e-02,  2.3564e-01,  1.6088e-01,
         3.0658e-01,  2.9622e-01,  1.1343e-01,  1.7532e-01,  1.0166e-01,
         1.2958e-01, -6.9958e-02, -2.9033e-01,  4.6781e-02,  2.9615e-01,
        -2.1721e-02,  1.9865e-01,  1.4358e-03,  6.6903e-02,  1.8305e-01,
        -1.9303e-01, -6.5908e-02,  1.4396e-01, -1.8725e-01, -3.3229e-01,
         3.1473e-01,  2.7517e-01,  3.4955e-02,  8.3073e-02, -2.3822e-01,
        -2.4590e-01, -2.2182e-01,  1.6761e-01,  3.7756e-02,  1.4364e-02,
         1.8421e-01, -2.5166e-01,  4.0740e-02, -1.3541e-01,  1.9226e-01,
         1.8793e-01, -3.0943e-01,  1.4893e-01, -2.9426e-01, -2.5383e-01,
         1.2254e-01,  9.6103e-02, -2.2302e-01,  1.0522e-02,  3.2296e-01,
        -2.5298e-01,  2.9895e-01, -1.9222e-01, -2.6273e-01, -2.8786e-01,
         1.8036e-01, -1.8645e-01, -7.9998e-02, -1.1166e-01,  1.3888e-01,
        -1.5121e-01,  5.2528e-02, -1.4362e-01, -1.3942e-01, -1.2489e-01,
         3.5310e-02,  2.9309e-03,  2.4466e-01, -2.6330e-01, -2.1452e-01,
         1.2401e-02,  2.4256e-01, -1.7084e-01,  3.3004e-01,  1.0850e-01,
         2.9132e-01, -2.7073e-01, -2.4716e-01,  1.5699e-01,  8.8340e-02,
        -1.3760e-01,  2.7401e-01, -2.8072e-01,  4.2720e-02, -1.1963e-01,
        -1.6292e-01,  1.9280e-01, -2.8443e-01, -1.9868e-01,  1.1980e-01,
         1.5489e-01, -8.5619e-02, -2.6320e-01,  3.4480e-02, -4.0655e-02,
        -6.5030e-02,  6.0012e-02, -7.2028e-02, -1.2353e-01,  6.1706e-02,
         1.4640e-01,  1.8575e-01, -2.8338e-01,  1.9454e-01, -1.2166e-01,
        -3.2710e-01,  1.9414e-01, -1.5197e-01, -1.2557e-01,  7.9822e-02,
        -2.5600e-01,  1.5439e-01,  2.8102e-01,  3.3194e-01,  2.3227e-01,
        -3.1147e-01, -4.6673e-02,  3.1025e-01, -2.4358e-01, -1.9506e-02,
        -2.4279e-01, -2.3149e-01, -8.4187e-02,  7.8416e-02, -1.1103e-01,
         1.0759e-01, -1.1950e-01,  9.2182e-02,  5.4583e-02, -5.1152e-02,
        -1.7074e-01,  3.0297e-01,  3.1090e-01, -1.8068e-01, -6.6650e-03,
         2.8611e-01, -2.5877e-01, -2.9531e-01,  9.4003e-02, -2.4985e-01,
        -1.0761e-01, -2.3564e-01,  7.2994e-02,  1.1933e-01,  1.7080e-01,
        -7.1109e-02], device='cuda:0') 
 Parameter containing:
tensor([-3.3989e-02, -2.2696e-01,  1.4296e-01,  1.6922e-01, -6.4582e-03,
         3.1274e-01,  9.1418e-02, -2.8848e-01,  7.6595e-02, -9.5569e-02,
         2.7877e-01, -3.0855e-01,  2.9966e-01, -9.7264e-02,  1.5647e-01,
        -8.1769e-02,  1.3278e-02,  1.2870e-01,  6.4932e-02, -1.0825e-01,
         2.5427e-01, -2.9530e-01,  2.7035e-01,  1.7139e-01,  9.8412e-02,
        -2.5562e-01,  2.1741e-01,  3.0981e-02, -2.5605e-01,  2.6064e-01,
         3.1102e-01,  1.3443e-04, -7.6048e-02,  1.3995e-02, -1.9570e-01,
         2.3483e-01, -2.1353e-01, -1.7321e-02, -8.0964e-02,  4.1796e-02,
         7.2967e-03,  2.3762e-01, -6.3952e-02,  3.1041e-01, -1.8815e-01,
        -2.2249e-01,  1.3020e-01, -5.5103e-02, -1.1466e-01,  2.6506e-01,
        -1.4876e-01,  2.7394e-01,  1.0423e-01,  2.9756e-02,  2.5977e-01,
         2.3380e-03, -8.0847e-02,  1.5500e-01,  2.3359e-01,  1.1203e-01,
         3.2420e-01,  8.3913e-02, -8.5413e-03,  2.9066e-01, -2.1504e-01,
         1.8228e-01, -2.6700e-01,  2.4862e-01,  2.2118e-01, -2.5025e-01,
         1.1066e-01, -8.5176e-02, -5.6234e-02,  2.1087e-01,  2.9705e-01,
        -1.9036e-01,  2.6119e-02,  3.8456e-02, -1.7853e-01,  1.1492e-01,
         2.7323e-01, -2.6607e-01, -3.2818e-01, -1.6973e-01,  2.7014e-02,
        -2.5908e-01,  1.7832e-01,  2.3821e-01, -1.3405e-02, -3.7884e-02,
         1.2267e-01,  1.0405e-01,  9.7304e-02, -9.2721e-02, -8.8987e-02,
        -1.1945e-01, -1.8237e-01, -2.3289e-01, -2.7522e-01,  1.6144e-01,
         1.0082e-01,  2.5453e-01, -4.7046e-02, -7.6909e-02, -1.4541e-01,
         1.0118e-01, -3.1828e-01,  1.3185e-01, -2.2287e-01, -2.7334e-01,
         2.2035e-02, -3.2642e-01,  4.6130e-02,  2.3564e-01,  1.6088e-01,
         3.0658e-01,  2.9622e-01,  1.1343e-01,  1.7532e-01,  1.0166e-01,
         1.2958e-01, -6.9958e-02, -2.9033e-01,  4.6781e-02,  2.9615e-01,
        -2.1721e-02,  1.9865e-01,  1.4358e-03,  6.6903e-02,  1.8305e-01,
        -1.9303e-01, -6.5908e-02,  1.4396e-01, -1.8725e-01, -3.3229e-01,
         3.1473e-01,  2.7517e-01,  3.4955e-02,  8.3073e-02, -2.3822e-01,
        -2.4590e-01, -2.2182e-01,  1.6761e-01,  3.7756e-02,  1.4364e-02,
         1.8421e-01, -2.5166e-01,  4.0740e-02, -1.3541e-01,  1.9226e-01,
         1.8793e-01, -3.0943e-01,  1.4893e-01, -2.9426e-01, -2.5383e-01,
         1.2254e-01,  9.6103e-02, -2.2302e-01,  1.0522e-02,  3.2296e-01,
        -2.5298e-01,  2.9895e-01, -1.9222e-01, -2.6273e-01, -2.8786e-01,
         1.8036e-01, -1.8645e-01, -7.9998e-02, -1.1166e-01,  1.3888e-01,
        -1.5121e-01,  5.2528e-02, -1.4362e-01, -1.3942e-01, -1.2489e-01,
         3.5310e-02,  2.9309e-03,  2.4466e-01, -2.6330e-01, -2.1452e-01,
         1.2401e-02,  2.4256e-01, -1.7084e-01,  3.3004e-01,  1.0850e-01,
         2.9132e-01, -2.7073e-01, -2.4716e-01,  1.5699e-01,  8.8340e-02,
        -1.3760e-01,  2.7401e-01, -2.8072e-01,  4.2720e-02, -1.1963e-01,
        -1.6292e-01,  1.9280e-01, -2.8443e-01, -1.9868e-01,  1.1980e-01,
         1.5489e-01, -8.5619e-02, -2.6320e-01,  3.4480e-02, -4.0655e-02,
        -6.5030e-02,  6.0012e-02, -7.2028e-02, -1.2353e-01,  6.1706e-02,
         1.4640e-01,  1.8575e-01, -2.8338e-01,  1.9454e-01, -1.2166e-01,
        -3.2710e-01,  1.9414e-01, -1.5197e-01, -1.2557e-01,  7.9822e-02,
        -2.5600e-01,  1.5439e-01,  2.8102e-01,  3.3194e-01,  2.3227e-01,
        -3.1147e-01, -4.6673e-02,  3.1025e-01, -2.4358e-01, -1.9506e-02,
        -2.4279e-01, -2.3149e-01, -8.4187e-02,  7.8416e-02, -1.1103e-01,
         1.0759e-01, -1.1950e-01,  9.2182e-02,  5.4583e-02, -5.1152e-02,
        -1.7074e-01,  3.0297e-01,  3.1090e-01, -1.8068e-01, -6.6650e-03,
         2.8611e-01, -2.5877e-01, -2.9531e-01,  9.4003e-02, -2.4985e-01,
        -1.0761e-01, -2.3564e-01,  7.2994e-02,  1.1933e-01,  1.7080e-01,
        -7.1109e-02], device='cuda:0', requires_grad=True)
parameters of the network conv2.weight 
 torch.Size([128, 256, 3, 3]) 
 True 
 tensor([[[[-0.0112, -0.0007,  0.0177],
          [ 0.0031,  0.0035, -0.0189],
          [ 0.0075,  0.0182, -0.0141]],

         [[ 0.0008, -0.0035,  0.0113],
          [ 0.0168,  0.0164,  0.0193],
          [ 0.0031,  0.0196,  0.0147]],

         [[ 0.0133,  0.0152, -0.0107],
          [ 0.0182,  0.0188,  0.0188],
          [ 0.0170,  0.0009, -0.0115]],

         ...,

         [[-0.0182, -0.0058, -0.0093],
          [ 0.0082,  0.0041, -0.0030],
          [ 0.0108,  0.0129,  0.0192]],

         [[ 0.0149, -0.0047, -0.0118],
          [-0.0193, -0.0169,  0.0057],
          [ 0.0196, -0.0188, -0.0011]],

         [[-0.0029, -0.0167, -0.0008],
          [-0.0173,  0.0126,  0.0053],
          [ 0.0126,  0.0182,  0.0176]]],


        [[[-0.0153, -0.0052, -0.0182],
          [-0.0005, -0.0115, -0.0102],
          [-0.0187,  0.0093, -0.0125]],

         [[-0.0012,  0.0005,  0.0170],
          [-0.0033, -0.0177, -0.0039],
          [-0.0002, -0.0128, -0.0049]],

         [[-0.0171, -0.0142, -0.0188],
          [-0.0103, -0.0115,  0.0135],
          [ 0.0081, -0.0028, -0.0177]],

         ...,

         [[-0.0018, -0.0158, -0.0048],
          [ 0.0149, -0.0022, -0.0036],
          [-0.0091, -0.0054, -0.0105]],

         [[ 0.0027, -0.0036, -0.0070],
          [ 0.0136,  0.0043, -0.0053],
          [-0.0060, -0.0109,  0.0151]],

         [[ 0.0039,  0.0167, -0.0125],
          [ 0.0071, -0.0135,  0.0196],
          [ 0.0047,  0.0050, -0.0183]]],


        [[[-0.0190,  0.0105,  0.0143],
          [-0.0055,  0.0195, -0.0191],
          [ 0.0116, -0.0085,  0.0171]],

         [[ 0.0153, -0.0059,  0.0078],
          [-0.0016, -0.0005, -0.0083],
          [-0.0002, -0.0185, -0.0161]],

         [[ 0.0088, -0.0006,  0.0138],
          [-0.0118, -0.0023, -0.0098],
          [ 0.0192, -0.0144,  0.0099]],

         ...,

         [[-0.0100,  0.0019, -0.0146],
          [-0.0102,  0.0088,  0.0176],
          [-0.0200, -0.0115,  0.0040]],

         [[-0.0003,  0.0002, -0.0128],
          [ 0.0186, -0.0052, -0.0035],
          [-0.0172,  0.0204,  0.0130]],

         [[ 0.0021,  0.0050, -0.0130],
          [-0.0043, -0.0056,  0.0153],
          [-0.0177, -0.0208,  0.0094]]],


        ...,


        [[[-0.0103, -0.0199,  0.0166],
          [-0.0073, -0.0116, -0.0200],
          [-0.0206,  0.0017,  0.0106]],

         [[-0.0140,  0.0149,  0.0053],
          [-0.0175, -0.0124, -0.0130],
          [ 0.0098, -0.0065, -0.0098]],

         [[-0.0158,  0.0039,  0.0016],
          [-0.0097,  0.0080,  0.0120],
          [-0.0153, -0.0156, -0.0187]],

         ...,

         [[-0.0204, -0.0112, -0.0114],
          [ 0.0041,  0.0093,  0.0086],
          [-0.0156,  0.0038,  0.0020]],

         [[ 0.0179, -0.0162, -0.0035],
          [ 0.0161, -0.0117,  0.0049],
          [-0.0138,  0.0002, -0.0200]],

         [[ 0.0128, -0.0178, -0.0003],
          [ 0.0108, -0.0103,  0.0140],
          [-0.0139, -0.0102, -0.0199]]],


        [[[ 0.0024,  0.0043, -0.0101],
          [ 0.0136, -0.0016, -0.0112],
          [ 0.0194,  0.0180,  0.0052]],

         [[-0.0165, -0.0024, -0.0206],
          [ 0.0048,  0.0064,  0.0195],
          [-0.0007,  0.0093, -0.0002]],

         [[-0.0158, -0.0118,  0.0125],
          [-0.0019,  0.0142,  0.0016],
          [ 0.0194,  0.0035, -0.0018]],

         ...,

         [[-0.0032, -0.0088,  0.0050],
          [-0.0019, -0.0021, -0.0183],
          [-0.0003,  0.0044, -0.0087]],

         [[-0.0141, -0.0066,  0.0070],
          [ 0.0086, -0.0130, -0.0151],
          [-0.0112, -0.0123,  0.0161]],

         [[ 0.0013, -0.0185, -0.0047],
          [ 0.0173, -0.0179, -0.0198],
          [ 0.0068, -0.0057,  0.0084]]],


        [[[-0.0039,  0.0080,  0.0021],
          [ 0.0171, -0.0196, -0.0043],
          [-0.0174, -0.0187,  0.0098]],

         [[ 0.0085, -0.0084,  0.0143],
          [-0.0109,  0.0108,  0.0003],
          [-0.0066,  0.0126, -0.0123]],

         [[-0.0178,  0.0197,  0.0144],
          [-0.0067,  0.0052, -0.0128],
          [ 0.0188,  0.0010, -0.0047]],

         ...,

         [[-0.0022,  0.0171, -0.0206],
          [ 0.0141,  0.0005,  0.0012],
          [ 0.0006,  0.0083, -0.0129]],

         [[ 0.0119, -0.0127,  0.0096],
          [ 0.0175, -0.0205,  0.0141],
          [-0.0019, -0.0193, -0.0100]],

         [[-0.0127,  0.0155,  0.0036],
          [-0.0163,  0.0109,  0.0162],
          [-0.0018,  0.0052, -0.0129]]]], device='cuda:0') 
 Parameter containing:
tensor([[[[-0.0112, -0.0007,  0.0177],
          [ 0.0031,  0.0035, -0.0189],
          [ 0.0075,  0.0182, -0.0141]],

         [[ 0.0008, -0.0035,  0.0113],
          [ 0.0168,  0.0164,  0.0193],
          [ 0.0031,  0.0196,  0.0147]],

         [[ 0.0133,  0.0152, -0.0107],
          [ 0.0182,  0.0188,  0.0188],
          [ 0.0170,  0.0009, -0.0115]],

         ...,

         [[-0.0182, -0.0058, -0.0093],
          [ 0.0082,  0.0041, -0.0030],
          [ 0.0108,  0.0129,  0.0192]],

         [[ 0.0149, -0.0047, -0.0118],
          [-0.0193, -0.0169,  0.0057],
          [ 0.0196, -0.0188, -0.0011]],

         [[-0.0029, -0.0167, -0.0008],
          [-0.0173,  0.0126,  0.0053],
          [ 0.0126,  0.0182,  0.0176]]],


        [[[-0.0153, -0.0052, -0.0182],
          [-0.0005, -0.0115, -0.0102],
          [-0.0187,  0.0093, -0.0125]],

         [[-0.0012,  0.0005,  0.0170],
          [-0.0033, -0.0177, -0.0039],
          [-0.0002, -0.0128, -0.0049]],

         [[-0.0171, -0.0142, -0.0188],
          [-0.0103, -0.0115,  0.0135],
          [ 0.0081, -0.0028, -0.0177]],

         ...,

         [[-0.0018, -0.0158, -0.0048],
          [ 0.0149, -0.0022, -0.0036],
          [-0.0091, -0.0054, -0.0105]],

         [[ 0.0027, -0.0036, -0.0070],
          [ 0.0136,  0.0043, -0.0053],
          [-0.0060, -0.0109,  0.0151]],

         [[ 0.0039,  0.0167, -0.0125],
          [ 0.0071, -0.0135,  0.0196],
          [ 0.0047,  0.0050, -0.0183]]],


        [[[-0.0190,  0.0105,  0.0143],
          [-0.0055,  0.0195, -0.0191],
          [ 0.0116, -0.0085,  0.0171]],

         [[ 0.0153, -0.0059,  0.0078],
          [-0.0016, -0.0005, -0.0083],
          [-0.0002, -0.0185, -0.0161]],

         [[ 0.0088, -0.0006,  0.0138],
          [-0.0118, -0.0023, -0.0098],
          [ 0.0192, -0.0144,  0.0099]],

         ...,

         [[-0.0100,  0.0019, -0.0146],
          [-0.0102,  0.0088,  0.0176],
          [-0.0200, -0.0115,  0.0040]],

         [[-0.0003,  0.0002, -0.0128],
          [ 0.0186, -0.0052, -0.0035],
          [-0.0172,  0.0204,  0.0130]],

         [[ 0.0021,  0.0050, -0.0130],
          [-0.0043, -0.0056,  0.0153],
          [-0.0177, -0.0208,  0.0094]]],


        ...,


        [[[-0.0103, -0.0199,  0.0166],
          [-0.0073, -0.0116, -0.0200],
          [-0.0206,  0.0017,  0.0106]],

         [[-0.0140,  0.0149,  0.0053],
          [-0.0175, -0.0124, -0.0130],
          [ 0.0098, -0.0065, -0.0098]],

         [[-0.0158,  0.0039,  0.0016],
          [-0.0097,  0.0080,  0.0120],
          [-0.0153, -0.0156, -0.0187]],

         ...,

         [[-0.0204, -0.0112, -0.0114],
          [ 0.0041,  0.0093,  0.0086],
          [-0.0156,  0.0038,  0.0020]],

         [[ 0.0179, -0.0162, -0.0035],
          [ 0.0161, -0.0117,  0.0049],
          [-0.0138,  0.0002, -0.0200]],

         [[ 0.0128, -0.0178, -0.0003],
          [ 0.0108, -0.0103,  0.0140],
          [-0.0139, -0.0102, -0.0199]]],


        [[[ 0.0024,  0.0043, -0.0101],
          [ 0.0136, -0.0016, -0.0112],
          [ 0.0194,  0.0180,  0.0052]],

         [[-0.0165, -0.0024, -0.0206],
          [ 0.0048,  0.0064,  0.0195],
          [-0.0007,  0.0093, -0.0002]],

         [[-0.0158, -0.0118,  0.0125],
          [-0.0019,  0.0142,  0.0016],
          [ 0.0194,  0.0035, -0.0018]],

         ...,

         [[-0.0032, -0.0088,  0.0050],
          [-0.0019, -0.0021, -0.0183],
          [-0.0003,  0.0044, -0.0087]],

         [[-0.0141, -0.0066,  0.0070],
          [ 0.0086, -0.0130, -0.0151],
          [-0.0112, -0.0123,  0.0161]],

         [[ 0.0013, -0.0185, -0.0047],
          [ 0.0173, -0.0179, -0.0198],
          [ 0.0068, -0.0057,  0.0084]]],


        [[[-0.0039,  0.0080,  0.0021],
          [ 0.0171, -0.0196, -0.0043],
          [-0.0174, -0.0187,  0.0098]],

         [[ 0.0085, -0.0084,  0.0143],
          [-0.0109,  0.0108,  0.0003],
          [-0.0066,  0.0126, -0.0123]],

         [[-0.0178,  0.0197,  0.0144],
          [-0.0067,  0.0052, -0.0128],
          [ 0.0188,  0.0010, -0.0047]],

         ...,

         [[-0.0022,  0.0171, -0.0206],
          [ 0.0141,  0.0005,  0.0012],
          [ 0.0006,  0.0083, -0.0129]],

         [[ 0.0119, -0.0127,  0.0096],
          [ 0.0175, -0.0205,  0.0141],
          [-0.0019, -0.0193, -0.0100]],

         [[-0.0127,  0.0155,  0.0036],
          [-0.0163,  0.0109,  0.0162],
          [-0.0018,  0.0052, -0.0129]]]], device='cuda:0', requires_grad=True)
parameters of the network conv2.bias 
 torch.Size([128]) 
 True 
 tensor([-0.0162, -0.0014,  0.0039,  0.0044, -0.0087, -0.0006,  0.0027, -0.0107,
        -0.0110, -0.0190, -0.0063, -0.0179, -0.0108, -0.0150, -0.0146, -0.0084,
        -0.0068,  0.0140, -0.0132, -0.0178,  0.0084, -0.0061,  0.0054,  0.0154,
         0.0140, -0.0031, -0.0064,  0.0103,  0.0161,  0.0109,  0.0077,  0.0042,
         0.0074,  0.0148, -0.0197,  0.0197, -0.0080, -0.0114,  0.0192,  0.0104,
        -0.0208, -0.0133, -0.0207,  0.0012, -0.0031,  0.0110, -0.0201,  0.0100,
        -0.0073, -0.0172,  0.0015,  0.0094,  0.0091, -0.0050, -0.0028,  0.0010,
        -0.0105, -0.0161, -0.0049,  0.0108,  0.0146, -0.0184, -0.0115,  0.0037,
         0.0093,  0.0063,  0.0081, -0.0104,  0.0083, -0.0004,  0.0198, -0.0040,
        -0.0095, -0.0114,  0.0016, -0.0180, -0.0083,  0.0014,  0.0018,  0.0020,
        -0.0034, -0.0035,  0.0127,  0.0196, -0.0120,  0.0111,  0.0118,  0.0159,
        -0.0181,  0.0206,  0.0020, -0.0014, -0.0189, -0.0098, -0.0145, -0.0078,
         0.0060,  0.0005,  0.0051, -0.0203, -0.0149,  0.0108, -0.0082,  0.0182,
         0.0001,  0.0054,  0.0010,  0.0020, -0.0203, -0.0111,  0.0091, -0.0170,
        -0.0073, -0.0071, -0.0162, -0.0021,  0.0127, -0.0143, -0.0020, -0.0183,
        -0.0196,  0.0068,  0.0003, -0.0163, -0.0206,  0.0002, -0.0169, -0.0167],
       device='cuda:0') 
 Parameter containing:
tensor([-0.0162, -0.0014,  0.0039,  0.0044, -0.0087, -0.0006,  0.0027, -0.0107,
        -0.0110, -0.0190, -0.0063, -0.0179, -0.0108, -0.0150, -0.0146, -0.0084,
        -0.0068,  0.0140, -0.0132, -0.0178,  0.0084, -0.0061,  0.0054,  0.0154,
         0.0140, -0.0031, -0.0064,  0.0103,  0.0161,  0.0109,  0.0077,  0.0042,
         0.0074,  0.0148, -0.0197,  0.0197, -0.0080, -0.0114,  0.0192,  0.0104,
        -0.0208, -0.0133, -0.0207,  0.0012, -0.0031,  0.0110, -0.0201,  0.0100,
        -0.0073, -0.0172,  0.0015,  0.0094,  0.0091, -0.0050, -0.0028,  0.0010,
        -0.0105, -0.0161, -0.0049,  0.0108,  0.0146, -0.0184, -0.0115,  0.0037,
         0.0093,  0.0063,  0.0081, -0.0104,  0.0083, -0.0004,  0.0198, -0.0040,
        -0.0095, -0.0114,  0.0016, -0.0180, -0.0083,  0.0014,  0.0018,  0.0020,
        -0.0034, -0.0035,  0.0127,  0.0196, -0.0120,  0.0111,  0.0118,  0.0159,
        -0.0181,  0.0206,  0.0020, -0.0014, -0.0189, -0.0098, -0.0145, -0.0078,
         0.0060,  0.0005,  0.0051, -0.0203, -0.0149,  0.0108, -0.0082,  0.0182,
         0.0001,  0.0054,  0.0010,  0.0020, -0.0203, -0.0111,  0.0091, -0.0170,
        -0.0073, -0.0071, -0.0162, -0.0021,  0.0127, -0.0143, -0.0020, -0.0183,
        -0.0196,  0.0068,  0.0003, -0.0163, -0.0206,  0.0002, -0.0169, -0.0167],
       device='cuda:0', requires_grad=True)
parameters of the network conv3.weight 
 torch.Size([64, 128, 3, 3]) 
 True 
 tensor([[[[ 9.9699e-03, -6.8639e-03, -2.7497e-02],
          [ 7.2965e-03, -9.9915e-03,  5.8445e-04],
          [ 2.3073e-02,  1.2610e-02,  1.0597e-03]],

         [[-1.1467e-02,  2.7969e-02,  8.3753e-03],
          [ 2.1660e-02, -6.1457e-03, -4.8073e-03],
          [ 6.7216e-03, -1.5465e-02,  1.7008e-02]],

         [[-2.0024e-02, -3.7283e-03,  8.9616e-03],
          [ 1.8240e-02,  1.9471e-02,  2.3866e-03],
          [-2.3167e-02, -2.4250e-03, -2.5293e-03]],

         ...,

         [[-1.9949e-03,  4.1115e-03, -2.3417e-02],
          [-2.1718e-02,  2.8057e-02, -2.5840e-03],
          [-2.4649e-02, -7.8254e-03, -2.1176e-02]],

         [[ 2.9294e-02,  2.2217e-02,  1.0813e-02],
          [-4.2534e-03,  2.4860e-02,  8.5435e-03],
          [ 2.0884e-02, -1.1333e-02, -4.3327e-03]],

         [[-6.0771e-03, -2.5842e-03,  4.9090e-03],
          [ 7.2242e-03, -1.6438e-02, -3.2421e-03],
          [ 2.3291e-02,  4.8382e-03, -1.8144e-02]]],


        [[[-1.3974e-03, -9.2861e-03, -2.0459e-02],
          [ 9.9800e-03, -1.3317e-02,  1.5868e-02],
          [ 5.3250e-03, -2.4247e-03,  1.0342e-02]],

         [[-2.4672e-02,  1.2583e-02,  2.2967e-02],
          [ 1.4546e-02, -9.2772e-03,  2.5601e-02],
          [ 1.6104e-02,  2.4503e-02,  8.1200e-03]],

         [[ 9.8944e-03, -2.0057e-02, -2.6931e-02],
          [-7.9651e-03,  2.3937e-02,  1.7740e-02],
          [ 6.2552e-03, -1.5773e-02,  1.3196e-02]],

         ...,

         [[-3.4203e-03, -1.1320e-02,  1.6138e-02],
          [ 1.6459e-02, -2.8625e-02,  1.3370e-02],
          [ 2.8920e-03, -1.6790e-02,  3.9688e-03]],

         [[-1.5016e-02, -2.6214e-02,  6.0926e-03],
          [-2.7868e-02, -4.9301e-04, -7.4447e-03],
          [-2.0450e-02, -1.3103e-02,  1.8989e-02]],

         [[-5.1964e-03,  2.3017e-02, -6.7342e-03],
          [-2.5167e-02,  2.7310e-03, -2.2127e-02],
          [-7.6328e-04, -2.3818e-03,  1.6428e-02]]],


        [[[ 2.8577e-02, -1.7162e-02,  1.6998e-02],
          [ 2.9172e-04, -6.3779e-03,  9.9021e-05],
          [ 2.2390e-02, -1.0443e-02,  2.5544e-02]],

         [[-2.2099e-02,  1.1834e-02, -1.0584e-02],
          [ 1.3101e-02, -3.2102e-03,  1.0114e-02],
          [ 3.8210e-03, -2.1224e-02, -2.2494e-02]],

         [[ 1.0329e-02, -7.8872e-03, -2.1449e-02],
          [ 2.1828e-02, -2.2704e-02, -1.7193e-02],
          [-1.0537e-02, -1.5655e-03,  1.3054e-02]],

         ...,

         [[ 2.7792e-02, -1.4992e-02,  3.9179e-03],
          [-5.4596e-03, -2.6246e-02,  2.8052e-02],
          [-1.7110e-02, -6.5365e-03, -3.6933e-03]],

         [[-1.3060e-02,  9.8587e-03, -2.6193e-02],
          [ 1.6308e-02,  1.1145e-02,  1.5425e-02],
          [-9.2410e-03,  2.9106e-02,  6.1377e-03]],

         [[-4.4224e-04,  1.2825e-02,  1.3490e-02],
          [-2.8402e-02, -2.3348e-02, -2.3699e-02],
          [-1.1275e-02, -1.7233e-02, -1.6391e-02]]],


        ...,


        [[[-5.3063e-03, -2.6617e-02, -2.9001e-02],
          [ 1.3309e-03, -2.8905e-02, -2.1482e-03],
          [ 1.7858e-02, -1.6157e-02,  1.2378e-02]],

         [[-1.5498e-02,  2.5680e-02,  2.7077e-02],
          [ 1.5045e-03, -5.2439e-04,  8.2627e-03],
          [-2.0931e-02, -2.5036e-02, -2.3013e-02]],

         [[ 2.6663e-02, -6.3412e-03,  3.4855e-03],
          [ 1.1774e-02,  2.3508e-03, -1.3968e-02],
          [-1.7871e-02,  2.5154e-03, -1.9335e-02]],

         ...,

         [[-2.7957e-02, -1.9605e-02, -2.9385e-02],
          [ 3.5611e-03, -1.8426e-02,  8.5294e-03],
          [ 6.8358e-03,  1.6136e-02, -1.2060e-02]],

         [[-5.3846e-03,  1.2706e-04,  1.6271e-02],
          [-1.9287e-02, -3.5519e-03, -2.0192e-02],
          [ 1.3478e-02,  9.4640e-04, -2.3676e-02]],

         [[-2.5414e-03,  3.5343e-03,  4.1150e-04],
          [ 2.7682e-03,  1.0980e-02,  2.7112e-02],
          [-2.9121e-03,  4.7863e-03, -1.5007e-02]]],


        [[[ 1.4349e-02, -6.5732e-04,  2.8607e-02],
          [ 1.8032e-02,  1.5140e-02,  1.0938e-02],
          [-1.2723e-02, -2.2595e-02,  4.2868e-03]],

         [[ 4.7265e-03, -2.5929e-02, -1.1274e-02],
          [-1.1004e-02,  1.8687e-02,  1.3761e-02],
          [-2.8072e-02,  1.7277e-02, -6.1987e-03]],

         [[-2.0061e-02,  1.7192e-03, -9.5481e-03],
          [-1.1366e-02, -2.3566e-02,  6.7797e-03],
          [-1.8816e-03,  9.2985e-03, -2.4640e-03]],

         ...,

         [[-1.2574e-02,  1.1675e-02,  1.5868e-03],
          [ 1.0590e-03,  1.6090e-02,  2.4688e-02],
          [-1.8725e-02, -1.6539e-02,  6.6039e-03]],

         [[-1.6272e-02, -2.0079e-02, -8.6257e-03],
          [-2.6203e-02,  3.4471e-03,  1.2686e-02],
          [ 2.4029e-02, -1.1059e-02,  2.2031e-02]],

         [[-9.0696e-03, -1.8315e-03, -3.4224e-03],
          [-2.7978e-03, -1.8389e-02,  2.1557e-02],
          [ 2.2271e-02, -2.7421e-02,  8.6848e-04]]],


        [[[ 2.1582e-02,  1.5316e-02, -7.9273e-03],
          [-1.5719e-02, -1.5633e-02, -2.9467e-03],
          [-6.1265e-03,  2.7730e-02, -2.8651e-02]],

         [[ 2.4869e-02, -6.8254e-03,  1.4789e-03],
          [ 1.8178e-02,  2.0397e-03,  2.2627e-02],
          [ 7.2544e-03,  1.4682e-02,  2.0417e-02]],

         [[-1.5405e-02,  2.5328e-02,  8.7171e-03],
          [-2.5488e-02,  7.1383e-04, -6.5310e-04],
          [ 1.0735e-02,  2.7484e-02, -7.4303e-03]],

         ...,

         [[-2.8304e-02,  7.2112e-03,  5.9969e-03],
          [ 1.4322e-02, -1.1904e-02,  4.6209e-03],
          [-6.9771e-03, -3.2140e-03,  2.5178e-02]],

         [[-1.8993e-03,  5.3533e-03, -1.9243e-02],
          [ 2.0155e-02, -2.4909e-02,  2.0247e-02],
          [ 2.0423e-02,  1.8136e-02,  2.5526e-02]],

         [[-1.9581e-02,  2.7239e-02,  2.3232e-02],
          [ 2.6104e-03,  7.5547e-03,  8.6638e-03],
          [-9.0191e-03,  2.1403e-02, -1.8466e-02]]]], device='cuda:0') 
 Parameter containing:
tensor([[[[ 9.9699e-03, -6.8639e-03, -2.7497e-02],
          [ 7.2965e-03, -9.9915e-03,  5.8445e-04],
          [ 2.3073e-02,  1.2610e-02,  1.0597e-03]],

         [[-1.1467e-02,  2.7969e-02,  8.3753e-03],
          [ 2.1660e-02, -6.1457e-03, -4.8073e-03],
          [ 6.7216e-03, -1.5465e-02,  1.7008e-02]],

         [[-2.0024e-02, -3.7283e-03,  8.9616e-03],
          [ 1.8240e-02,  1.9471e-02,  2.3866e-03],
          [-2.3167e-02, -2.4250e-03, -2.5293e-03]],

         ...,

         [[-1.9949e-03,  4.1115e-03, -2.3417e-02],
          [-2.1718e-02,  2.8057e-02, -2.5840e-03],
          [-2.4649e-02, -7.8254e-03, -2.1176e-02]],

         [[ 2.9294e-02,  2.2217e-02,  1.0813e-02],
          [-4.2534e-03,  2.4860e-02,  8.5435e-03],
          [ 2.0884e-02, -1.1333e-02, -4.3327e-03]],

         [[-6.0771e-03, -2.5842e-03,  4.9090e-03],
          [ 7.2242e-03, -1.6438e-02, -3.2421e-03],
          [ 2.3291e-02,  4.8382e-03, -1.8144e-02]]],


        [[[-1.3974e-03, -9.2861e-03, -2.0459e-02],
          [ 9.9800e-03, -1.3317e-02,  1.5868e-02],
          [ 5.3250e-03, -2.4247e-03,  1.0342e-02]],

         [[-2.4672e-02,  1.2583e-02,  2.2967e-02],
          [ 1.4546e-02, -9.2772e-03,  2.5601e-02],
          [ 1.6104e-02,  2.4503e-02,  8.1200e-03]],

         [[ 9.8944e-03, -2.0057e-02, -2.6931e-02],
          [-7.9651e-03,  2.3937e-02,  1.7740e-02],
          [ 6.2552e-03, -1.5773e-02,  1.3196e-02]],

         ...,

         [[-3.4203e-03, -1.1320e-02,  1.6138e-02],
          [ 1.6459e-02, -2.8625e-02,  1.3370e-02],
          [ 2.8920e-03, -1.6790e-02,  3.9688e-03]],

         [[-1.5016e-02, -2.6214e-02,  6.0926e-03],
          [-2.7868e-02, -4.9301e-04, -7.4447e-03],
          [-2.0450e-02, -1.3103e-02,  1.8989e-02]],

         [[-5.1964e-03,  2.3017e-02, -6.7342e-03],
          [-2.5167e-02,  2.7310e-03, -2.2127e-02],
          [-7.6328e-04, -2.3818e-03,  1.6428e-02]]],


        [[[ 2.8577e-02, -1.7162e-02,  1.6998e-02],
          [ 2.9172e-04, -6.3779e-03,  9.9021e-05],
          [ 2.2390e-02, -1.0443e-02,  2.5544e-02]],

         [[-2.2099e-02,  1.1834e-02, -1.0584e-02],
          [ 1.3101e-02, -3.2102e-03,  1.0114e-02],
          [ 3.8210e-03, -2.1224e-02, -2.2494e-02]],

         [[ 1.0329e-02, -7.8872e-03, -2.1449e-02],
          [ 2.1828e-02, -2.2704e-02, -1.7193e-02],
          [-1.0537e-02, -1.5655e-03,  1.3054e-02]],

         ...,

         [[ 2.7792e-02, -1.4992e-02,  3.9179e-03],
          [-5.4596e-03, -2.6246e-02,  2.8052e-02],
          [-1.7110e-02, -6.5365e-03, -3.6933e-03]],

         [[-1.3060e-02,  9.8587e-03, -2.6193e-02],
          [ 1.6308e-02,  1.1145e-02,  1.5425e-02],
          [-9.2410e-03,  2.9106e-02,  6.1377e-03]],

         [[-4.4224e-04,  1.2825e-02,  1.3490e-02],
          [-2.8402e-02, -2.3348e-02, -2.3699e-02],
          [-1.1275e-02, -1.7233e-02, -1.6391e-02]]],


        ...,


        [[[-5.3063e-03, -2.6617e-02, -2.9001e-02],
          [ 1.3309e-03, -2.8905e-02, -2.1482e-03],
          [ 1.7858e-02, -1.6157e-02,  1.2378e-02]],

         [[-1.5498e-02,  2.5680e-02,  2.7077e-02],
          [ 1.5045e-03, -5.2439e-04,  8.2627e-03],
          [-2.0931e-02, -2.5036e-02, -2.3013e-02]],

         [[ 2.6663e-02, -6.3412e-03,  3.4855e-03],
          [ 1.1774e-02,  2.3508e-03, -1.3968e-02],
          [-1.7871e-02,  2.5154e-03, -1.9335e-02]],

         ...,

         [[-2.7957e-02, -1.9605e-02, -2.9385e-02],
          [ 3.5611e-03, -1.8426e-02,  8.5294e-03],
          [ 6.8358e-03,  1.6136e-02, -1.2060e-02]],

         [[-5.3846e-03,  1.2706e-04,  1.6271e-02],
          [-1.9287e-02, -3.5519e-03, -2.0192e-02],
          [ 1.3478e-02,  9.4640e-04, -2.3676e-02]],

         [[-2.5414e-03,  3.5343e-03,  4.1150e-04],
          [ 2.7682e-03,  1.0980e-02,  2.7112e-02],
          [-2.9121e-03,  4.7863e-03, -1.5007e-02]]],


        [[[ 1.4349e-02, -6.5732e-04,  2.8607e-02],
          [ 1.8032e-02,  1.5140e-02,  1.0938e-02],
          [-1.2723e-02, -2.2595e-02,  4.2868e-03]],

         [[ 4.7265e-03, -2.5929e-02, -1.1274e-02],
          [-1.1004e-02,  1.8687e-02,  1.3761e-02],
          [-2.8072e-02,  1.7277e-02, -6.1987e-03]],

         [[-2.0061e-02,  1.7192e-03, -9.5481e-03],
          [-1.1366e-02, -2.3566e-02,  6.7797e-03],
          [-1.8816e-03,  9.2985e-03, -2.4640e-03]],

         ...,

         [[-1.2574e-02,  1.1675e-02,  1.5868e-03],
          [ 1.0590e-03,  1.6090e-02,  2.4688e-02],
          [-1.8725e-02, -1.6539e-02,  6.6039e-03]],

         [[-1.6272e-02, -2.0079e-02, -8.6257e-03],
          [-2.6203e-02,  3.4471e-03,  1.2686e-02],
          [ 2.4029e-02, -1.1059e-02,  2.2031e-02]],

         [[-9.0696e-03, -1.8315e-03, -3.4224e-03],
          [-2.7978e-03, -1.8389e-02,  2.1557e-02],
          [ 2.2271e-02, -2.7421e-02,  8.6848e-04]]],


        [[[ 2.1582e-02,  1.5316e-02, -7.9273e-03],
          [-1.5719e-02, -1.5633e-02, -2.9467e-03],
          [-6.1265e-03,  2.7730e-02, -2.8651e-02]],

         [[ 2.4869e-02, -6.8254e-03,  1.4789e-03],
          [ 1.8178e-02,  2.0397e-03,  2.2627e-02],
          [ 7.2544e-03,  1.4682e-02,  2.0417e-02]],

         [[-1.5405e-02,  2.5328e-02,  8.7171e-03],
          [-2.5488e-02,  7.1383e-04, -6.5310e-04],
          [ 1.0735e-02,  2.7484e-02, -7.4303e-03]],

         ...,

         [[-2.8304e-02,  7.2112e-03,  5.9969e-03],
          [ 1.4322e-02, -1.1904e-02,  4.6209e-03],
          [-6.9771e-03, -3.2140e-03,  2.5178e-02]],

         [[-1.8993e-03,  5.3533e-03, -1.9243e-02],
          [ 2.0155e-02, -2.4909e-02,  2.0247e-02],
          [ 2.0423e-02,  1.8136e-02,  2.5526e-02]],

         [[-1.9581e-02,  2.7239e-02,  2.3232e-02],
          [ 2.6104e-03,  7.5547e-03,  8.6638e-03],
          [-9.0191e-03,  2.1403e-02, -1.8466e-02]]]], device='cuda:0',
       requires_grad=True)
parameters of the network conv3.bias 
 torch.Size([64]) 
 True 
 tensor([-0.0162,  0.0007, -0.0099,  0.0159,  0.0157,  0.0096, -0.0107,  0.0064,
        -0.0046, -0.0114, -0.0238,  0.0225, -0.0260,  0.0229, -0.0243, -0.0048,
         0.0089,  0.0133, -0.0255, -0.0090, -0.0161,  0.0177, -0.0115, -0.0213,
        -0.0180, -0.0193,  0.0188, -0.0034, -0.0056, -0.0078, -0.0028, -0.0113,
        -0.0116, -0.0164, -0.0045,  0.0161, -0.0115, -0.0273,  0.0072,  0.0240,
         0.0088,  0.0261, -0.0294, -0.0031,  0.0184, -0.0088,  0.0232, -0.0091,
         0.0271,  0.0248, -0.0174,  0.0176, -0.0249, -0.0027, -0.0079, -0.0086,
         0.0089,  0.0045,  0.0040, -0.0131,  0.0198,  0.0136, -0.0263, -0.0128],
       device='cuda:0') 
 Parameter containing:
tensor([-0.0162,  0.0007, -0.0099,  0.0159,  0.0157,  0.0096, -0.0107,  0.0064,
        -0.0046, -0.0114, -0.0238,  0.0225, -0.0260,  0.0229, -0.0243, -0.0048,
         0.0089,  0.0133, -0.0255, -0.0090, -0.0161,  0.0177, -0.0115, -0.0213,
        -0.0180, -0.0193,  0.0188, -0.0034, -0.0056, -0.0078, -0.0028, -0.0113,
        -0.0116, -0.0164, -0.0045,  0.0161, -0.0115, -0.0273,  0.0072,  0.0240,
         0.0088,  0.0261, -0.0294, -0.0031,  0.0184, -0.0088,  0.0232, -0.0091,
         0.0271,  0.0248, -0.0174,  0.0176, -0.0249, -0.0027, -0.0079, -0.0086,
         0.0089,  0.0045,  0.0040, -0.0131,  0.0198,  0.0136, -0.0263, -0.0128],
       device='cuda:0', requires_grad=True)
parameters of the network fc1.weight 
 torch.Size([256, 667776]) 
 True 
 tensor([[-8.1323e-04, -1.1558e-03, -1.0541e-03,  ..., -6.9454e-04,
          8.4854e-04, -1.4784e-04],
        [-7.1396e-04, -5.4810e-04,  8.1971e-04,  ..., -7.5459e-04,
         -3.2164e-04, -9.3199e-04],
        [ 7.4203e-04, -7.1330e-04,  1.0206e-03,  ...,  2.6902e-04,
         -1.1077e-03,  3.4439e-04],
        ...,
        [ 1.6308e-04, -8.4000e-04,  5.5073e-04,  ..., -8.4405e-04,
          5.7942e-04,  9.7743e-04],
        [ 1.1016e-03, -8.9637e-04, -6.0282e-04,  ..., -1.1181e-03,
         -7.0974e-04, -1.0991e-03],
        [ 9.1391e-04, -9.5880e-04,  8.1445e-05,  ...,  3.3697e-04,
          2.4878e-04, -6.9338e-04]], device='cuda:0') 
 Parameter containing:
tensor([[-8.1323e-04, -1.1558e-03, -1.0541e-03,  ..., -6.9454e-04,
          8.4854e-04, -1.4784e-04],
        [-7.1396e-04, -5.4810e-04,  8.1971e-04,  ..., -7.5459e-04,
         -3.2164e-04, -9.3199e-04],
        [ 7.4203e-04, -7.1330e-04,  1.0206e-03,  ...,  2.6902e-04,
         -1.1077e-03,  3.4439e-04],
        ...,
        [ 1.6308e-04, -8.4000e-04,  5.5073e-04,  ..., -8.4405e-04,
          5.7942e-04,  9.7743e-04],
        [ 1.1016e-03, -8.9637e-04, -6.0282e-04,  ..., -1.1181e-03,
         -7.0974e-04, -1.0991e-03],
        [ 9.1391e-04, -9.5880e-04,  8.1445e-05,  ...,  3.3697e-04,
          2.4878e-04, -6.9338e-04]], device='cuda:0', requires_grad=True)
parameters of the network fc1.bias 
 torch.Size([256]) 
 True 
 tensor([-1.5447e-05, -1.2133e-03,  9.1458e-04,  1.0450e-03,  9.4551e-05,
         8.1391e-04,  7.8180e-04,  1.1523e-04,  8.0883e-04, -1.6799e-04,
        -9.4536e-04,  1.0155e-03, -4.3965e-04,  5.7607e-04,  4.0834e-05,
        -3.7790e-04,  1.2600e-04, -1.0755e-04,  9.9721e-04,  1.0150e-03,
         8.7320e-04, -2.4545e-04,  4.7326e-04,  8.1519e-04, -1.2230e-03,
         1.8666e-04,  4.3640e-04, -8.0038e-05,  6.2667e-04,  4.4671e-04,
        -8.9826e-04,  2.7409e-04, -5.5157e-04, -8.4136e-04, -1.1062e-03,
        -6.5944e-04,  1.0792e-03,  4.7643e-05, -4.1545e-04,  2.8686e-04,
         3.7132e-04,  9.9900e-04, -6.9371e-05, -3.3378e-04, -3.2439e-04,
         2.5014e-05, -3.1898e-04,  1.9862e-04,  9.5109e-04, -2.4011e-04,
        -3.3140e-04,  4.0478e-04,  1.2830e-04,  1.0927e-03, -5.8753e-04,
        -6.2400e-04, -8.3570e-04,  4.1950e-04, -9.1050e-04, -9.7288e-05,
        -1.8450e-04, -3.8706e-04,  6.6194e-04,  3.5844e-04, -3.9168e-04,
         2.9615e-04, -1.2793e-04,  9.2670e-04,  1.3292e-04,  4.7338e-04,
        -1.0834e-03,  1.0711e-03,  1.0067e-03, -3.0934e-04, -7.4746e-04,
        -2.7341e-04, -1.1470e-03,  9.6606e-04, -4.2720e-04,  1.2213e-03,
        -7.7582e-04, -7.1853e-04,  1.0431e-03, -1.1864e-03,  3.5090e-04,
        -9.8231e-04,  1.0793e-03,  1.1700e-03, -2.2931e-04, -1.6209e-04,
        -7.4106e-04, -5.3412e-04,  8.7502e-04,  7.8675e-04, -9.0351e-04,
        -7.0956e-04,  1.9663e-05,  3.1832e-04, -6.7288e-05, -1.4083e-04,
        -1.9166e-04,  4.9956e-04,  4.7890e-04, -3.1313e-04,  1.1429e-03,
         9.1408e-04, -8.1593e-04,  9.2984e-04, -1.1790e-03,  9.8420e-05,
         3.1743e-04, -5.3314e-04, -8.2680e-04, -9.8011e-04,  1.4230e-04,
        -4.3565e-04, -3.1435e-04,  4.8803e-04,  2.7826e-04, -2.5341e-04,
        -4.3138e-04, -4.1641e-04,  5.7642e-04, -9.2980e-04,  9.5134e-04,
         5.4696e-04,  2.0608e-04,  9.7787e-04, -1.0732e-03,  9.3792e-04,
         9.0134e-04,  7.3218e-04, -3.0746e-04, -3.5229e-04, -9.1925e-04,
         2.9801e-04, -7.8278e-04,  7.5408e-04,  1.1617e-03, -5.9539e-04,
         1.0799e-03,  1.1082e-03,  6.0530e-04,  1.0520e-03, -1.0580e-03,
        -9.7796e-04, -5.9450e-04,  2.8684e-04,  7.8025e-04, -1.1515e-03,
         4.4889e-04,  7.3099e-04,  5.0343e-04, -3.0917e-04, -1.1454e-03,
        -1.0668e-03, -2.6855e-04,  1.0009e-03,  1.2204e-03, -3.7342e-06,
         1.0716e-03,  3.8726e-04, -1.7605e-05,  2.3017e-04, -2.0573e-05,
        -1.8749e-04,  1.1884e-03, -1.0816e-03,  2.1404e-04,  6.2697e-04,
        -8.6624e-05, -1.1934e-03, -3.1193e-04, -6.5901e-04,  5.4700e-04,
        -9.5111e-04, -9.2410e-04,  3.6347e-04, -3.3089e-04, -1.2210e-03,
        -1.0431e-03,  7.0108e-04,  4.3606e-04,  7.5922e-04,  6.1977e-04,
         1.0899e-03,  1.8524e-04, -1.0128e-03,  1.0853e-03, -1.5343e-04,
         1.4295e-04,  1.1991e-03, -1.1559e-03,  7.2319e-04,  8.5390e-05,
        -3.1394e-04,  8.8199e-04,  3.3689e-04,  2.4048e-04, -1.0841e-03,
        -9.0530e-04,  1.8094e-04,  9.1182e-04,  5.9248e-04, -3.9264e-05,
        -5.1247e-05, -7.7808e-04, -5.4164e-04, -3.6753e-04,  1.0284e-03,
         1.1594e-03,  1.0125e-03,  5.9988e-04, -5.4765e-04, -1.7287e-04,
        -5.2514e-04, -2.1347e-04, -1.0148e-03,  3.8559e-04, -9.9920e-04,
        -4.3423e-04,  8.8983e-04,  1.0344e-03,  1.0209e-03,  8.6604e-04,
         1.9676e-04, -8.6817e-04,  9.8373e-04,  1.1213e-03,  5.7509e-05,
         3.0911e-04,  9.3903e-04, -2.5887e-04,  3.9349e-04, -1.5809e-04,
         3.3535e-04,  2.0890e-07,  5.9522e-04,  1.0744e-03, -8.9527e-04,
        -7.0861e-04,  7.7893e-04, -9.2033e-04,  1.1270e-03,  3.8100e-04,
         4.3692e-04, -1.1636e-03, -1.9136e-04,  9.1218e-04,  8.8429e-04,
         5.6668e-04,  7.3730e-04, -2.9077e-04,  7.7428e-04, -1.0166e-03,
        -3.8938e-04], device='cuda:0') 
 Parameter containing:
tensor([-1.5447e-05, -1.2133e-03,  9.1458e-04,  1.0450e-03,  9.4551e-05,
         8.1391e-04,  7.8180e-04,  1.1523e-04,  8.0883e-04, -1.6799e-04,
        -9.4536e-04,  1.0155e-03, -4.3965e-04,  5.7607e-04,  4.0834e-05,
        -3.7790e-04,  1.2600e-04, -1.0755e-04,  9.9721e-04,  1.0150e-03,
         8.7320e-04, -2.4545e-04,  4.7326e-04,  8.1519e-04, -1.2230e-03,
         1.8666e-04,  4.3640e-04, -8.0038e-05,  6.2667e-04,  4.4671e-04,
        -8.9826e-04,  2.7409e-04, -5.5157e-04, -8.4136e-04, -1.1062e-03,
        -6.5944e-04,  1.0792e-03,  4.7643e-05, -4.1545e-04,  2.8686e-04,
         3.7132e-04,  9.9900e-04, -6.9371e-05, -3.3378e-04, -3.2439e-04,
         2.5014e-05, -3.1898e-04,  1.9862e-04,  9.5109e-04, -2.4011e-04,
        -3.3140e-04,  4.0478e-04,  1.2830e-04,  1.0927e-03, -5.8753e-04,
        -6.2400e-04, -8.3570e-04,  4.1950e-04, -9.1050e-04, -9.7288e-05,
        -1.8450e-04, -3.8706e-04,  6.6194e-04,  3.5844e-04, -3.9168e-04,
         2.9615e-04, -1.2793e-04,  9.2670e-04,  1.3292e-04,  4.7338e-04,
        -1.0834e-03,  1.0711e-03,  1.0067e-03, -3.0934e-04, -7.4746e-04,
        -2.7341e-04, -1.1470e-03,  9.6606e-04, -4.2720e-04,  1.2213e-03,
        -7.7582e-04, -7.1853e-04,  1.0431e-03, -1.1864e-03,  3.5090e-04,
        -9.8231e-04,  1.0793e-03,  1.1700e-03, -2.2931e-04, -1.6209e-04,
        -7.4106e-04, -5.3412e-04,  8.7502e-04,  7.8675e-04, -9.0351e-04,
        -7.0956e-04,  1.9663e-05,  3.1832e-04, -6.7288e-05, -1.4083e-04,
        -1.9166e-04,  4.9956e-04,  4.7890e-04, -3.1313e-04,  1.1429e-03,
         9.1408e-04, -8.1593e-04,  9.2984e-04, -1.1790e-03,  9.8420e-05,
         3.1743e-04, -5.3314e-04, -8.2680e-04, -9.8011e-04,  1.4230e-04,
        -4.3565e-04, -3.1435e-04,  4.8803e-04,  2.7826e-04, -2.5341e-04,
        -4.3138e-04, -4.1641e-04,  5.7642e-04, -9.2980e-04,  9.5134e-04,
         5.4696e-04,  2.0608e-04,  9.7787e-04, -1.0732e-03,  9.3792e-04,
         9.0134e-04,  7.3218e-04, -3.0746e-04, -3.5229e-04, -9.1925e-04,
         2.9801e-04, -7.8278e-04,  7.5408e-04,  1.1617e-03, -5.9539e-04,
         1.0799e-03,  1.1082e-03,  6.0530e-04,  1.0520e-03, -1.0580e-03,
        -9.7796e-04, -5.9450e-04,  2.8684e-04,  7.8025e-04, -1.1515e-03,
         4.4889e-04,  7.3099e-04,  5.0343e-04, -3.0917e-04, -1.1454e-03,
        -1.0668e-03, -2.6855e-04,  1.0009e-03,  1.2204e-03, -3.7342e-06,
         1.0716e-03,  3.8726e-04, -1.7605e-05,  2.3017e-04, -2.0573e-05,
        -1.8749e-04,  1.1884e-03, -1.0816e-03,  2.1404e-04,  6.2697e-04,
        -8.6624e-05, -1.1934e-03, -3.1193e-04, -6.5901e-04,  5.4700e-04,
        -9.5111e-04, -9.2410e-04,  3.6347e-04, -3.3089e-04, -1.2210e-03,
        -1.0431e-03,  7.0108e-04,  4.3606e-04,  7.5922e-04,  6.1977e-04,
         1.0899e-03,  1.8524e-04, -1.0128e-03,  1.0853e-03, -1.5343e-04,
         1.4295e-04,  1.1991e-03, -1.1559e-03,  7.2319e-04,  8.5390e-05,
        -3.1394e-04,  8.8199e-04,  3.3689e-04,  2.4048e-04, -1.0841e-03,
        -9.0530e-04,  1.8094e-04,  9.1182e-04,  5.9248e-04, -3.9264e-05,
        -5.1247e-05, -7.7808e-04, -5.4164e-04, -3.6753e-04,  1.0284e-03,
         1.1594e-03,  1.0125e-03,  5.9988e-04, -5.4765e-04, -1.7287e-04,
        -5.2514e-04, -2.1347e-04, -1.0148e-03,  3.8559e-04, -9.9920e-04,
        -4.3423e-04,  8.8983e-04,  1.0344e-03,  1.0209e-03,  8.6604e-04,
         1.9676e-04, -8.6817e-04,  9.8373e-04,  1.1213e-03,  5.7509e-05,
         3.0911e-04,  9.3903e-04, -2.5887e-04,  3.9349e-04, -1.5809e-04,
         3.3535e-04,  2.0890e-07,  5.9522e-04,  1.0744e-03, -8.9527e-04,
        -7.0861e-04,  7.7893e-04, -9.2033e-04,  1.1270e-03,  3.8100e-04,
         4.3692e-04, -1.1636e-03, -1.9136e-04,  9.1218e-04,  8.8429e-04,
         5.6668e-04,  7.3730e-04, -2.9077e-04,  7.7428e-04, -1.0166e-03,
        -3.8938e-04], device='cuda:0', requires_grad=True)
parameters of the network fc2.weight 
 torch.Size([128, 256]) 
 True 
 tensor([[ 0.0156,  0.0372,  0.0463,  ...,  0.0398, -0.0238,  0.0158],
        [-0.0114,  0.0434, -0.0440,  ...,  0.0408, -0.0034,  0.0507],
        [-0.0304,  0.0200,  0.0017,  ...,  0.0487, -0.0212, -0.0494],
        ...,
        [ 0.0330,  0.0089, -0.0135,  ...,  0.0161,  0.0174,  0.0520],
        [-0.0462, -0.0038, -0.0269,  ...,  0.0207, -0.0344, -0.0266],
        [-0.0230, -0.0170,  0.0199,  ...,  0.0557,  0.0272, -0.0409]],
       device='cuda:0') 
 Parameter containing:
tensor([[ 0.0156,  0.0372,  0.0463,  ...,  0.0398, -0.0238,  0.0158],
        [-0.0114,  0.0434, -0.0440,  ...,  0.0408, -0.0034,  0.0507],
        [-0.0304,  0.0200,  0.0017,  ...,  0.0487, -0.0212, -0.0494],
        ...,
        [ 0.0330,  0.0089, -0.0135,  ...,  0.0161,  0.0174,  0.0520],
        [-0.0462, -0.0038, -0.0269,  ...,  0.0207, -0.0344, -0.0266],
        [-0.0230, -0.0170,  0.0199,  ...,  0.0557,  0.0272, -0.0409]],
       device='cuda:0', requires_grad=True)
parameters of the network fc2.bias 
 torch.Size([128]) 
 True 
 tensor([-4.8561e-02, -1.4181e-02, -3.3191e-02,  6.1902e-02, -1.6418e-02,
        -5.6305e-03, -5.9445e-02,  2.9395e-02, -1.3539e-02, -2.7601e-02,
         3.0334e-03,  3.8022e-02,  2.5470e-02, -4.0395e-02, -3.5633e-02,
         1.9295e-02,  4.1812e-02,  1.9035e-02,  5.5276e-02, -5.8155e-02,
        -3.5056e-02, -3.5108e-02, -3.0659e-02,  7.9946e-03,  2.5591e-02,
        -1.0913e-02, -1.2662e-02, -4.6358e-02,  1.4264e-02, -5.9961e-02,
         6.1302e-02,  9.5082e-03, -3.9455e-02,  1.1033e-02,  6.0946e-02,
        -3.7154e-02, -4.1217e-02,  5.8691e-02, -2.7865e-02,  5.5963e-02,
        -5.3569e-02,  6.0044e-02, -2.9123e-02,  4.7542e-02,  4.4695e-02,
         2.3938e-02, -2.1282e-03,  5.5782e-02, -1.5281e-02,  3.9313e-02,
         7.3601e-03, -6.2298e-02, -3.3972e-02,  3.0429e-02, -4.4003e-02,
         4.9659e-02, -2.1821e-02,  2.6972e-02, -3.4929e-02,  5.7413e-02,
         1.9649e-02,  5.4273e-02,  4.2647e-05, -5.7108e-02,  2.8788e-02,
        -3.0788e-02,  1.8071e-02, -5.9856e-03,  3.4337e-02, -2.1654e-02,
        -5.4216e-02, -3.6512e-02,  3.9307e-02,  5.5230e-02,  3.4222e-02,
         1.7202e-02,  5.7038e-02, -4.4115e-02,  5.9161e-02,  2.2945e-02,
         2.9660e-02, -2.8009e-02,  5.7396e-02, -7.2859e-03,  5.4839e-02,
        -9.0614e-03, -5.8469e-02,  2.2160e-04,  1.9987e-03,  1.2107e-02,
         5.6933e-02,  6.5308e-03, -1.3442e-02, -4.6870e-02, -5.5852e-02,
        -2.1596e-02,  2.9692e-02,  3.7026e-02,  1.2953e-02, -5.9634e-02,
        -4.4101e-02, -3.2621e-02, -3.0233e-03,  6.3855e-03, -5.0127e-02,
         5.6405e-02, -5.7132e-02,  1.3087e-02,  2.9951e-03, -5.0990e-02,
         5.9154e-02, -5.7571e-02,  3.0577e-02, -3.5844e-02,  5.6642e-02,
        -1.0054e-02,  2.6333e-02,  6.8214e-03,  1.8910e-02, -4.2430e-02,
        -2.1675e-02,  2.0830e-02, -9.1860e-03, -3.6547e-02, -5.0107e-02,
        -3.3194e-02,  5.3720e-02, -1.8431e-02], device='cuda:0') 
 Parameter containing:
tensor([-4.8561e-02, -1.4181e-02, -3.3191e-02,  6.1902e-02, -1.6418e-02,
        -5.6305e-03, -5.9445e-02,  2.9395e-02, -1.3539e-02, -2.7601e-02,
         3.0334e-03,  3.8022e-02,  2.5470e-02, -4.0395e-02, -3.5633e-02,
         1.9295e-02,  4.1812e-02,  1.9035e-02,  5.5276e-02, -5.8155e-02,
        -3.5056e-02, -3.5108e-02, -3.0659e-02,  7.9946e-03,  2.5591e-02,
        -1.0913e-02, -1.2662e-02, -4.6358e-02,  1.4264e-02, -5.9961e-02,
         6.1302e-02,  9.5082e-03, -3.9455e-02,  1.1033e-02,  6.0946e-02,
        -3.7154e-02, -4.1217e-02,  5.8691e-02, -2.7865e-02,  5.5963e-02,
        -5.3569e-02,  6.0044e-02, -2.9123e-02,  4.7542e-02,  4.4695e-02,
         2.3938e-02, -2.1282e-03,  5.5782e-02, -1.5281e-02,  3.9313e-02,
         7.3601e-03, -6.2298e-02, -3.3972e-02,  3.0429e-02, -4.4003e-02,
         4.9659e-02, -2.1821e-02,  2.6972e-02, -3.4929e-02,  5.7413e-02,
         1.9649e-02,  5.4273e-02,  4.2647e-05, -5.7108e-02,  2.8788e-02,
        -3.0788e-02,  1.8071e-02, -5.9856e-03,  3.4337e-02, -2.1654e-02,
        -5.4216e-02, -3.6512e-02,  3.9307e-02,  5.5230e-02,  3.4222e-02,
         1.7202e-02,  5.7038e-02, -4.4115e-02,  5.9161e-02,  2.2945e-02,
         2.9660e-02, -2.8009e-02,  5.7396e-02, -7.2859e-03,  5.4839e-02,
        -9.0614e-03, -5.8469e-02,  2.2160e-04,  1.9987e-03,  1.2107e-02,
         5.6933e-02,  6.5308e-03, -1.3442e-02, -4.6870e-02, -5.5852e-02,
        -2.1596e-02,  2.9692e-02,  3.7026e-02,  1.2953e-02, -5.9634e-02,
        -4.4101e-02, -3.2621e-02, -3.0233e-03,  6.3855e-03, -5.0127e-02,
         5.6405e-02, -5.7132e-02,  1.3087e-02,  2.9951e-03, -5.0990e-02,
         5.9154e-02, -5.7571e-02,  3.0577e-02, -3.5844e-02,  5.6642e-02,
        -1.0054e-02,  2.6333e-02,  6.8214e-03,  1.8910e-02, -4.2430e-02,
        -2.1675e-02,  2.0830e-02, -9.1860e-03, -3.6547e-02, -5.0107e-02,
        -3.3194e-02,  5.3720e-02, -1.8431e-02], device='cuda:0',
       requires_grad=True)
parameters of the network fc3.weight 
 torch.Size([64, 128]) 
 True 
 tensor([[-0.0030,  0.0638,  0.0726,  ...,  0.0355,  0.0287, -0.0864],
        [-0.0168, -0.0493,  0.0285,  ...,  0.0803,  0.0751, -0.0273],
        [ 0.0112, -0.0495,  0.0291,  ..., -0.0871,  0.0067, -0.0198],
        ...,
        [ 0.0009, -0.0410,  0.0447,  ..., -0.0855,  0.0324,  0.0271],
        [ 0.0040, -0.0734,  0.0618,  ..., -0.0104, -0.0707, -0.0280],
        [-0.0679, -0.0337, -0.0231,  ...,  0.0408,  0.0194, -0.0646]],
       device='cuda:0') 
 Parameter containing:
tensor([[-0.0030,  0.0638,  0.0726,  ...,  0.0355,  0.0287, -0.0864],
        [-0.0168, -0.0493,  0.0285,  ...,  0.0803,  0.0751, -0.0273],
        [ 0.0112, -0.0495,  0.0291,  ..., -0.0871,  0.0067, -0.0198],
        ...,
        [ 0.0009, -0.0410,  0.0447,  ..., -0.0855,  0.0324,  0.0271],
        [ 0.0040, -0.0734,  0.0618,  ..., -0.0104, -0.0707, -0.0280],
        [-0.0679, -0.0337, -0.0231,  ...,  0.0408,  0.0194, -0.0646]],
       device='cuda:0', requires_grad=True)
parameters of the network fc3.bias 
 torch.Size([64]) 
 True 
 tensor([-0.0066,  0.0187,  0.0589,  0.0164, -0.0251, -0.0778, -0.0014, -0.0716,
         0.0298, -0.0717,  0.0278,  0.0092,  0.0272, -0.0453,  0.0003, -0.0389,
        -0.0692, -0.0048, -0.0835,  0.0524,  0.0074, -0.0504,  0.0050, -0.0400,
        -0.0797,  0.0869,  0.0543, -0.0260,  0.0546, -0.0129,  0.0802,  0.0448,
         0.0320, -0.0491, -0.0854,  0.0047, -0.0133,  0.0789,  0.0810,  0.0017,
        -0.0452,  0.0336, -0.0380, -0.0722, -0.0737,  0.0730,  0.0742, -0.0467,
        -0.0657, -0.0295, -0.0687, -0.0770, -0.0738,  0.0068,  0.0239,  0.0666,
        -0.0541, -0.0372, -0.0860,  0.0266, -0.0539, -0.0027, -0.0486, -0.0067],
       device='cuda:0') 
 Parameter containing:
tensor([-0.0066,  0.0187,  0.0589,  0.0164, -0.0251, -0.0778, -0.0014, -0.0716,
         0.0298, -0.0717,  0.0278,  0.0092,  0.0272, -0.0453,  0.0003, -0.0389,
        -0.0692, -0.0048, -0.0835,  0.0524,  0.0074, -0.0504,  0.0050, -0.0400,
        -0.0797,  0.0869,  0.0543, -0.0260,  0.0546, -0.0129,  0.0802,  0.0448,
         0.0320, -0.0491, -0.0854,  0.0047, -0.0133,  0.0789,  0.0810,  0.0017,
        -0.0452,  0.0336, -0.0380, -0.0722, -0.0737,  0.0730,  0.0742, -0.0467,
        -0.0657, -0.0295, -0.0687, -0.0770, -0.0738,  0.0068,  0.0239,  0.0666,
        -0.0541, -0.0372, -0.0860,  0.0266, -0.0539, -0.0027, -0.0486, -0.0067],
       device='cuda:0', requires_grad=True)
parameters of the network fc4.weight 
 torch.Size([6796, 64]) 
 True 
 tensor([[-0.0861,  0.0972, -0.0326,  ..., -0.1113, -0.0715,  0.0601],
        [ 0.0514, -0.0946,  0.0821,  ..., -0.0837,  0.0140,  0.0559],
        [ 0.0420,  0.0391,  0.1232,  ...,  0.1210, -0.0616,  0.0734],
        ...,
        [ 0.0937, -0.1056,  0.0641,  ..., -0.0792, -0.0628,  0.0331],
        [-0.1232, -0.1202,  0.0605,  ...,  0.0414,  0.0613, -0.1027],
        [-0.0283,  0.0522,  0.0039,  ..., -0.0372,  0.0054,  0.0570]],
       device='cuda:0') 
 Parameter containing:
tensor([[-0.0861,  0.0972, -0.0326,  ..., -0.1113, -0.0715,  0.0601],
        [ 0.0514, -0.0946,  0.0821,  ..., -0.0837,  0.0140,  0.0559],
        [ 0.0420,  0.0391,  0.1232,  ...,  0.1210, -0.0616,  0.0734],
        ...,
        [ 0.0937, -0.1056,  0.0641,  ..., -0.0792, -0.0628,  0.0331],
        [-0.1232, -0.1202,  0.0605,  ...,  0.0414,  0.0613, -0.1027],
        [-0.0283,  0.0522,  0.0039,  ..., -0.0372,  0.0054,  0.0570]],
       device='cuda:0', requires_grad=True)
parameters of the network fc4.bias 
 torch.Size([6796]) 
 True 
 tensor([-0.0556,  0.0935, -0.1119,  ..., -0.0999, -0.0798,  0.0677],
       device='cuda:0') 
 Parameter containing:
tensor([-0.0556,  0.0935, -0.1119,  ..., -0.0999, -0.0798,  0.0677],
       device='cuda:0', requires_grad=True)

Passing event 1007 from the network before training input tensor([[0., 0., 0.,  ..., 0., 0., 0.],
        [0., 0., 0.,  ..., 0., 0., 0.],
        [0., 0., 0.,  ..., 0., 0., 0.],
        ...,
        [0., 0., 0.,  ..., 0., 0., 0.],
        [0., 0., 0.,  ..., 0., 0., 0.],
        [0., 0., 0.,  ..., 0., 0., 0.]]) 
result1: tensor([[0.4880, 0.5273, 0.4691,  ..., 0.4856, 0.4844, 0.5154],
        [0.4881, 0.5273, 0.4691,  ..., 0.4855, 0.4844, 0.5154],
        [0.4881, 0.5273, 0.4691,  ..., 0.4856, 0.4845, 0.5154],
        ...,
        [0.4881, 0.5273, 0.4691,  ..., 0.4855, 0.4844, 0.5154],
        [0.4881, 0.5273, 0.4691,  ..., 0.4855, 0.4844, 0.5154],
        [0.4881, 0.5273, 0.4692,  ..., 0.4855, 0.4845, 0.5154]],
       device='cuda:0', grad_fn=<SigmoidBackward0>) 
result1.shape: torch.Size([20, 6796])

Passing two random events from the network before training 
result1: tensor([[0.4880, 0.5273, 0.4691,  ..., 0.4856, 0.4844, 0.5154],
        [0.4881, 0.5273, 0.4691,  ..., 0.4855, 0.4844, 0.5154],
        [0.4881, 0.5273, 0.4691,  ..., 0.4856, 0.4845, 0.5154],
        ...,
        [0.4881, 0.5273, 0.4691,  ..., 0.4855, 0.4844, 0.5154],
        [0.4881, 0.5273, 0.4691,  ..., 0.4855, 0.4844, 0.5154],
        [0.4881, 0.5273, 0.4692,  ..., 0.4855, 0.4845, 0.5154]],
       device='cuda:0', grad_fn=<SigmoidBackward0>) 
result1.shape: torch.Size([20, 6796]) 
input: [[0. 0. 0. ... 0. 0. 0.]
 [0. 0. 0. ... 0. 0. 0.]
 [0. 0. 0. ... 0. 0. 0.]
 ...
 [0. 0. 0. ... 0. 0. 0.]
 [0. 0. 0. ... 0. 0. 0.]
 [0. 0. 0. ... 0. 0. 0.]]
=> loading checkpoint from /hpcfs/bes/mlgpu/hoseinkk/MLTracking/otherparticles/pppipi/pyt_pppipi_cnn_1/checkpoint_dir/1999840284saved_checkpoint.tar



load_model True 
TraEvN 19998 
BatchSize 30.0 
EpochNum 40 
LrVal 0.0001 
weight_decay 5e-05 
startmesh 284 
endmesh 285 



Traceback (most recent call last):
  File "/hpcfs/bes/mlgpu/hoseinkk/MLTracking/otherparticles/pppipi/pyt_pppipi_cnn_1/./Results.py", line 56, in <module>
    plotevent(traincnnpppipi_rectangle[EvBTr], 431, f'event number {EvBTr} with noise \n color indicates time')
  File "/hpcfs/bes/mlgpu/hoseinkk/MLTracking/otherparticles/pppipi/pyt_pppipi_cnn_1/./Results.py", line 45, in plotevent
    fig.colorbar(ax1.matshow(event, aspect=2, vmin=0, vmax=1, extent=[0, 288, 0, 43], origin='lower')\
NameError: name 'ax1' is not defined

real	1m39.032s
user	0m43.730s
sys	0m10.052s
