0: cmsgpu001.ihep.ac.cn
GPU 0: NVIDIA A100-PCIE-40GB (UUID: GPU-83673d1f-01b2-490d-5bc6-a84aaf3ddc65)
Allocate GPU cards : 0

modinfo:
filename:       /lib/modules/3.10.0-1160.71.1.el7.x86_64/extra/nvidia.ko.xz
firmware:       nvidia/515.65.01/gsp.bin
alias:          char-major-195-*
version:        515.65.01
supported:      external
license:        NVIDIA
retpoline:      Y
rhelversion:    7.9
srcversion:     8049D44E2C1B08F41E1B8A6
alias:          pci:v000010DEd*sv*sd*bc06sc80i00*
alias:          pci:v000010DEd*sv*sd*bc03sc02i00*
alias:          pci:v000010DEd*sv*sd*bc03sc00i00*
depends:        drm
vermagic:       3.10.0-1160.71.1.el7.x86_64 SMP mod_unload modversions 
signer:         DKMS module signing key
sig_key:        9B:9E:55:A9:86:D9:50:0B:6D:2D:9F:BA:A7:E6:45:39:D4:DD:5F:C6
sig_hashalgo:   sha512
parm:           NvSwitchRegDwords:NvSwitch regkey (charp)
parm:           NvSwitchBlacklist:NvSwitchBlacklist=uuid[,uuid...] (charp)
parm:           NVreg_ResmanDebugLevel:int
parm:           NVreg_RmLogonRC:int
parm:           NVreg_ModifyDeviceFiles:int
parm:           NVreg_DeviceFileUID:int
parm:           NVreg_DeviceFileGID:int
parm:           NVreg_DeviceFileMode:int
parm:           NVreg_InitializeSystemMemoryAllocations:int
parm:           NVreg_UsePageAttributeTable:int
parm:           NVreg_EnablePCIeGen3:int
parm:           NVreg_EnableMSI:int
parm:           NVreg_TCEBypassMode:int
parm:           NVreg_EnableStreamMemOPs:int
parm:           NVreg_RestrictProfilingToAdminUsers:int
parm:           NVreg_PreserveVideoMemoryAllocations:int
parm:           NVreg_EnableS0ixPowerManagement:int
parm:           NVreg_S0ixPowerManagementVideoMemoryThreshold:int
parm:           NVreg_DynamicPowerManagement:int
parm:           NVreg_DynamicPowerManagementVideoMemoryThreshold:int
parm:           NVreg_EnableGpuFirmware:int
parm:           NVreg_EnableGpuFirmwareLogs:int
parm:           NVreg_OpenRmEnableUnsupportedGpus:int
parm:           NVreg_EnableUserNUMAManagement:int
parm:           NVreg_MemoryPoolSize:int
parm:           NVreg_KMallocHeapMaxSize:int
parm:           NVreg_VMallocHeapMaxSize:int
parm:           NVreg_IgnoreMMIOCheck:int
parm:           NVreg_NvLinkDisable:int
parm:           NVreg_EnablePCIERelaxedOrderingMode:int
parm:           NVreg_RegisterPCIDriver:int
parm:           NVreg_EnableDbgBreakpoint:int
parm:           NVreg_RegistryDwords:charp
parm:           NVreg_RegistryDwordsPerDevice:charp
parm:           NVreg_RmMsg:charp
parm:           NVreg_GpuBlacklist:charp
parm:           NVreg_TemporaryFilePath:charp
parm:           NVreg_ExcludedGpus:charp
parm:           NVreg_DmaRemapPeerMmio:int
parm:           rm_firmware_active:charp

nvidia-smi:
Mon Aug 29 15:40:24 2022       
+-----------------------------------------------------------------------------+
| NVIDIA-SMI 515.65.01    Driver Version: 515.65.01    CUDA Version: 11.7     |
|-------------------------------+----------------------+----------------------+
| GPU  Name        Persistence-M| Bus-Id        Disp.A | Volatile Uncorr. ECC |
| Fan  Temp  Perf  Pwr:Usage/Cap|         Memory-Usage | GPU-Util  Compute M. |
|                               |                      |               MIG M. |
|===============================+======================+======================|
|   0  NVIDIA A100-PCI...  On   | 00000000:3B:00.0 Off |                    0 |
| N/A   22C    P0    31W / 250W |      0MiB / 40960MiB |      0%      Default |
|                               |                      |             Disabled |
+-------------------------------+----------------------+----------------------+
                                                                               
+-----------------------------------------------------------------------------+
| Processes:                                                                  |
|  GPU   GI   CI        PID   Type   Process name                  GPU Memory |
|        ID   ID                                                   Usage      |
|=============================================================================|
|  No running processes found                                                 |
+-----------------------------------------------------------------------------+

nvcc --version:
nvcc: NVIDIA (R) Cuda compiler driver
Copyright (c) 2005-2021 NVIDIA Corporation
Built on Sun_Mar_21_19:15:46_PDT_2021
Cuda compilation tools, release 11.3, V11.3.58
Build cuda_11.3.r11.3/compiler.29745058_0

 torch version: 1.10.2

 cuda version: 11.3

 is cuda available: True

 CUDNN VERSION: 8200

 Number CUDA Devices: 1

 CUDA Device Name: NVIDIA A100-PCIE-40GB

 CUDA Device Total Memory [GB]: 42.358472704

 Device capability: (8, 0) 

 Cuda deviice: <torch.cuda.device object at 0x2b5e7253a8e0> 

 Is cuda initialized: True

 CUDA_HOME: /hpcfs/bes/mlgpu/hoseinkk/Miniconda3/envs/dgl1

real	0m5.315s
user	0m2.710s
sys	0m1.311s
/hpcfs/bes/mlgpu/hoseinkk/Miniconda3/envs/dgl1/lib/python3.9/site-packages/cupy/_environment.py:438: UserWarning: 
--------------------------------------------------------------------------------

  CuPy may not function correctly because multiple CuPy packages are installed
  in your environment:

    cupy, cupy-cuda110

  Follow these steps to resolve this issue:

    1. For all packages listed above, run the following command to remove all
       existing CuPy installations:

         $ pip uninstall <package_name>

      If you previously installed CuPy via conda, also run the following:

         $ conda uninstall cupy

    2. Install the appropriate CuPy package.
       Refer to the Installation Guide for detailed instructions.

         https://docs.cupy.dev/en/stable/install.html

--------------------------------------------------------------------------------

  warnings.warn(f'''
/hpcfs/bes/mlgpu/hoseinkk/Miniconda3/envs/dgl1/lib/python3.9/site-packages/torch/nn/functional.py:1806: UserWarning: nn.functional.sigmoid is deprecated. Use torch.sigmoid instead.
  warnings.warn("nn.functional.sigmoid is deprecated. Use torch.sigmoid instead.")




 Training ... 






 The Network ... 







 Loading data ... 



training set shape (20000, 43, 288) 
sum 5279207

target set shape (20000, 6796) 
sum 4575851
Net(
  (conv1): Conv2d(1, 256, kernel_size=(3, 3), stride=(1, 1))
  (conv2): Conv2d(256, 128, kernel_size=(3, 3), stride=(1, 1))
  (conv3): Conv2d(128, 64, kernel_size=(3, 3), stride=(1, 1))
  (fc1): Linear(in_features=667776, out_features=256, bias=True)
  (fc2): Linear(in_features=256, out_features=128, bias=True)
  (fc3): Linear(in_features=128, out_features=64, bias=True)
  (fc4): Linear(in_features=64, out_features=6796, bias=True)
)

number of the free parameters: 171805196
parameters of the network conv1.weight 
 torch.Size([256, 1, 3, 3]) 
 True 
 tensor([[[[ 0.2838, -0.2117, -0.1449],
          [ 0.2519,  0.0744, -0.0529],
          [ 0.2781, -0.1124,  0.1304]]],


        [[[ 0.1541,  0.2418,  0.3037],
          [ 0.1304, -0.0163, -0.0949],
          [ 0.2030,  0.2268,  0.3244]]],


        [[[ 0.2682,  0.1029,  0.0776],
          [-0.1010,  0.3176,  0.0302],
          [-0.0365,  0.1691, -0.0784]]],


        ...,


        [[[ 0.2072,  0.0596, -0.2882],
          [ 0.0106, -0.1789, -0.0215],
          [-0.2634, -0.1310, -0.2842]]],


        [[[ 0.1191, -0.2207,  0.2717],
          [-0.1982,  0.0537, -0.1206],
          [ 0.0516, -0.2673, -0.0335]]],


        [[[ 0.3240,  0.2774,  0.0493],
          [-0.3274,  0.0402,  0.1393],
          [-0.2807,  0.2704, -0.0221]]]], device='cuda:0') 
 Parameter containing:
tensor([[[[ 0.2838, -0.2117, -0.1449],
          [ 0.2519,  0.0744, -0.0529],
          [ 0.2781, -0.1124,  0.1304]]],


        [[[ 0.1541,  0.2418,  0.3037],
          [ 0.1304, -0.0163, -0.0949],
          [ 0.2030,  0.2268,  0.3244]]],


        [[[ 0.2682,  0.1029,  0.0776],
          [-0.1010,  0.3176,  0.0302],
          [-0.0365,  0.1691, -0.0784]]],


        ...,


        [[[ 0.2072,  0.0596, -0.2882],
          [ 0.0106, -0.1789, -0.0215],
          [-0.2634, -0.1310, -0.2842]]],


        [[[ 0.1191, -0.2207,  0.2717],
          [-0.1982,  0.0537, -0.1206],
          [ 0.0516, -0.2673, -0.0335]]],


        [[[ 0.3240,  0.2774,  0.0493],
          [-0.3274,  0.0402,  0.1393],
          [-0.2807,  0.2704, -0.0221]]]], device='cuda:0', requires_grad=True)
parameters of the network conv1.bias 
 torch.Size([256]) 
 True 
 tensor([-0.2037,  0.0735,  0.0400, -0.2158, -0.1886,  0.0926, -0.2798, -0.0116,
         0.0089, -0.2326,  0.0578, -0.0085, -0.2836,  0.1688, -0.1180,  0.3169,
        -0.0687, -0.2219, -0.1676, -0.2902, -0.3242, -0.1348, -0.2195, -0.0096,
         0.2226,  0.2005,  0.1117, -0.0507, -0.1378, -0.2759, -0.1240,  0.1736,
         0.1916, -0.0768, -0.3198,  0.1197,  0.0195, -0.1960,  0.3315,  0.0218,
         0.3186,  0.2416, -0.2579, -0.2586,  0.2454,  0.1680, -0.2119,  0.2213,
        -0.2365,  0.2167, -0.1818,  0.0499, -0.0028, -0.0889, -0.0879,  0.2558,
        -0.0703,  0.2242,  0.0654, -0.0618, -0.0473,  0.2833, -0.2441,  0.2353,
         0.0851, -0.2944, -0.0328, -0.2108,  0.1803, -0.3135, -0.1310,  0.1759,
        -0.3082,  0.1426, -0.2523,  0.0154, -0.1561,  0.3270, -0.2837,  0.1658,
        -0.0310,  0.3314, -0.0196, -0.0300,  0.0512, -0.3299, -0.0236,  0.2006,
        -0.1927, -0.2960, -0.1208,  0.0677,  0.2075, -0.1294,  0.0947, -0.0436,
        -0.2404,  0.0993,  0.1161,  0.2374,  0.0560, -0.1565, -0.0579, -0.1888,
         0.1060, -0.1469,  0.0895, -0.2238, -0.0351, -0.1192,  0.2407,  0.1121,
        -0.2118,  0.1785, -0.2795, -0.0831,  0.1514, -0.2278, -0.1420,  0.2548,
        -0.2578, -0.3203,  0.2883, -0.3101, -0.3046,  0.1118, -0.0701, -0.1664,
        -0.1161,  0.1345,  0.2111,  0.2811, -0.0568,  0.1628,  0.2981, -0.1305,
        -0.0450, -0.0852,  0.0067, -0.1711,  0.1448,  0.1045, -0.1584,  0.2251,
        -0.1606,  0.0979, -0.1871, -0.2576, -0.0994,  0.1678,  0.0058,  0.2153,
        -0.0372, -0.2599,  0.2291, -0.0364, -0.1483,  0.0521, -0.0788, -0.1756,
         0.2815,  0.0077, -0.1635,  0.0343,  0.1971, -0.0423,  0.2856,  0.0623,
        -0.0211, -0.2106,  0.2160,  0.0224,  0.0953,  0.0672, -0.0990, -0.0930,
        -0.3109,  0.1240,  0.2730, -0.2324, -0.2340, -0.2102, -0.1815,  0.2253,
         0.1727,  0.2898,  0.3227, -0.1572, -0.2312,  0.2685,  0.2431,  0.1675,
         0.1212, -0.2044, -0.1716,  0.0438,  0.0656, -0.1457, -0.1628,  0.0029,
        -0.0744,  0.1278, -0.2959,  0.1464, -0.2953, -0.0107,  0.3206, -0.2799,
        -0.1139,  0.1997,  0.2252,  0.0755,  0.2868,  0.0168,  0.3102, -0.2933,
         0.0660, -0.0655, -0.2831,  0.1947,  0.0615,  0.2222, -0.1304,  0.0442,
        -0.3001, -0.3173, -0.1727, -0.3035, -0.3118, -0.0696, -0.2561,  0.1055,
         0.0193, -0.2579, -0.2123, -0.2147,  0.1610,  0.0726,  0.1912, -0.1032,
         0.0168,  0.2486, -0.0723,  0.3115,  0.2589, -0.2149, -0.0126, -0.2133,
         0.3254, -0.2533,  0.1901,  0.1531, -0.1706, -0.0049, -0.2711,  0.3174],
       device='cuda:0') 
 Parameter containing:
tensor([-0.2037,  0.0735,  0.0400, -0.2158, -0.1886,  0.0926, -0.2798, -0.0116,
         0.0089, -0.2326,  0.0578, -0.0085, -0.2836,  0.1688, -0.1180,  0.3169,
        -0.0687, -0.2219, -0.1676, -0.2902, -0.3242, -0.1348, -0.2195, -0.0096,
         0.2226,  0.2005,  0.1117, -0.0507, -0.1378, -0.2759, -0.1240,  0.1736,
         0.1916, -0.0768, -0.3198,  0.1197,  0.0195, -0.1960,  0.3315,  0.0218,
         0.3186,  0.2416, -0.2579, -0.2586,  0.2454,  0.1680, -0.2119,  0.2213,
        -0.2365,  0.2167, -0.1818,  0.0499, -0.0028, -0.0889, -0.0879,  0.2558,
        -0.0703,  0.2242,  0.0654, -0.0618, -0.0473,  0.2833, -0.2441,  0.2353,
         0.0851, -0.2944, -0.0328, -0.2108,  0.1803, -0.3135, -0.1310,  0.1759,
        -0.3082,  0.1426, -0.2523,  0.0154, -0.1561,  0.3270, -0.2837,  0.1658,
        -0.0310,  0.3314, -0.0196, -0.0300,  0.0512, -0.3299, -0.0236,  0.2006,
        -0.1927, -0.2960, -0.1208,  0.0677,  0.2075, -0.1294,  0.0947, -0.0436,
        -0.2404,  0.0993,  0.1161,  0.2374,  0.0560, -0.1565, -0.0579, -0.1888,
         0.1060, -0.1469,  0.0895, -0.2238, -0.0351, -0.1192,  0.2407,  0.1121,
        -0.2118,  0.1785, -0.2795, -0.0831,  0.1514, -0.2278, -0.1420,  0.2548,
        -0.2578, -0.3203,  0.2883, -0.3101, -0.3046,  0.1118, -0.0701, -0.1664,
        -0.1161,  0.1345,  0.2111,  0.2811, -0.0568,  0.1628,  0.2981, -0.1305,
        -0.0450, -0.0852,  0.0067, -0.1711,  0.1448,  0.1045, -0.1584,  0.2251,
        -0.1606,  0.0979, -0.1871, -0.2576, -0.0994,  0.1678,  0.0058,  0.2153,
        -0.0372, -0.2599,  0.2291, -0.0364, -0.1483,  0.0521, -0.0788, -0.1756,
         0.2815,  0.0077, -0.1635,  0.0343,  0.1971, -0.0423,  0.2856,  0.0623,
        -0.0211, -0.2106,  0.2160,  0.0224,  0.0953,  0.0672, -0.0990, -0.0930,
        -0.3109,  0.1240,  0.2730, -0.2324, -0.2340, -0.2102, -0.1815,  0.2253,
         0.1727,  0.2898,  0.3227, -0.1572, -0.2312,  0.2685,  0.2431,  0.1675,
         0.1212, -0.2044, -0.1716,  0.0438,  0.0656, -0.1457, -0.1628,  0.0029,
        -0.0744,  0.1278, -0.2959,  0.1464, -0.2953, -0.0107,  0.3206, -0.2799,
        -0.1139,  0.1997,  0.2252,  0.0755,  0.2868,  0.0168,  0.3102, -0.2933,
         0.0660, -0.0655, -0.2831,  0.1947,  0.0615,  0.2222, -0.1304,  0.0442,
        -0.3001, -0.3173, -0.1727, -0.3035, -0.3118, -0.0696, -0.2561,  0.1055,
         0.0193, -0.2579, -0.2123, -0.2147,  0.1610,  0.0726,  0.1912, -0.1032,
         0.0168,  0.2486, -0.0723,  0.3115,  0.2589, -0.2149, -0.0126, -0.2133,
         0.3254, -0.2533,  0.1901,  0.1531, -0.1706, -0.0049, -0.2711,  0.3174],
       device='cuda:0', requires_grad=True)
parameters of the network conv2.weight 
 torch.Size([128, 256, 3, 3]) 
 True 
 tensor([[[[ 2.0050e-02,  1.6479e-02,  1.8464e-02],
          [-7.6737e-03, -9.7438e-03, -6.7764e-03],
          [ 1.2991e-03, -8.0484e-03, -2.0125e-03]],

         [[ 1.6859e-02,  1.5490e-02,  3.9483e-03],
          [-1.4627e-03,  1.8485e-03,  1.0518e-02],
          [ 1.1550e-02,  4.2184e-04,  8.0584e-03]],

         [[-1.5893e-02,  2.0323e-02,  2.4897e-03],
          [-6.1960e-03,  5.4537e-03,  5.9223e-03],
          [-1.0320e-02,  3.3118e-03,  2.7839e-03]],

         ...,

         [[-1.1452e-03,  1.1297e-02,  5.5519e-03],
          [ 9.0662e-03,  1.4453e-02,  1.4203e-02],
          [-2.3011e-03, -7.2964e-03, -1.4472e-02]],

         [[-1.3884e-02, -1.3263e-02, -1.1288e-02],
          [-1.0539e-02,  1.1792e-02, -2.0349e-02],
          [-1.4067e-02, -1.2893e-02,  1.8307e-02]],

         [[ 2.2124e-03,  2.4451e-03,  3.3383e-03],
          [ 7.9142e-03,  1.2104e-02, -1.9188e-03],
          [ 1.8789e-02,  5.5270e-03, -8.4575e-03]]],


        [[[ 1.9290e-02, -1.1761e-02,  1.3138e-02],
          [-1.8586e-02,  1.6388e-02, -1.8611e-03],
          [-1.9445e-02, -9.0008e-03, -5.2646e-03]],

         [[-1.2103e-02,  1.5425e-02, -1.2029e-02],
          [ 1.2478e-03, -5.4359e-03, -1.9091e-02],
          [-9.0458e-03, -1.8562e-02, -1.5973e-02]],

         [[-1.8844e-02,  1.4086e-02,  1.6595e-02],
          [ 1.8150e-02,  1.9172e-03,  1.0768e-03],
          [ 1.7278e-02,  6.8486e-04, -6.7140e-03]],

         ...,

         [[ 4.9617e-03, -7.1280e-03,  1.9600e-02],
          [ 1.0939e-02, -1.0533e-02, -8.5912e-04],
          [ 9.2346e-03,  1.2862e-02, -1.8462e-03]],

         [[ 1.3049e-02, -4.7663e-04,  1.3359e-02],
          [-9.8971e-03,  9.5552e-03,  1.9423e-02],
          [ 1.4837e-02, -1.4150e-02, -1.6880e-02]],

         [[-4.3520e-03,  1.2785e-02, -1.5525e-02],
          [-6.4133e-04,  1.7314e-02,  7.4462e-03],
          [-1.3552e-02,  1.4067e-02,  1.3894e-02]]],


        [[[ 2.5301e-03,  4.7515e-03,  1.7651e-02],
          [ 7.0631e-03,  1.3246e-02,  1.9654e-02],
          [-8.1423e-03, -1.7170e-02,  5.1628e-03]],

         [[ 1.5386e-02,  2.5049e-03,  1.5970e-02],
          [ 3.9112e-03,  1.1921e-03,  6.3067e-03],
          [ 1.8988e-02, -3.2088e-03, -6.3586e-03]],

         [[ 1.0138e-02, -1.8468e-02, -1.8776e-02],
          [ 8.1554e-03,  4.6073e-03, -5.8867e-03],
          [ 8.0430e-03, -1.2844e-03,  5.9015e-03]],

         ...,

         [[ 1.9824e-02, -9.0852e-03,  8.7612e-03],
          [ 1.8180e-03,  1.3989e-02,  1.1430e-02],
          [-1.1746e-02, -1.5949e-02,  1.6013e-02]],

         [[ 1.6216e-02, -1.7320e-02, -1.6514e-02],
          [-1.3808e-02, -3.5949e-03,  1.8002e-02],
          [ 1.3002e-02,  7.9683e-03,  4.1170e-03]],

         [[ 1.5732e-02,  3.9103e-03, -2.4650e-03],
          [-1.6724e-02, -3.6585e-03,  1.1757e-02],
          [-1.6406e-02,  1.6142e-02,  1.8831e-02]]],


        ...,


        [[[ 1.0870e-02, -2.0242e-02, -1.4503e-02],
          [ 4.9297e-03,  8.7495e-03, -2.4138e-04],
          [ 1.1266e-02, -7.6467e-03,  1.0572e-02]],

         [[-6.9780e-03,  1.7967e-02, -1.7240e-02],
          [-7.3980e-03, -4.9113e-03,  4.7802e-03],
          [ 2.9500e-03,  4.0258e-03,  1.7427e-02]],

         [[ 2.0630e-02,  1.4329e-03, -1.5120e-02],
          [-1.8712e-03,  1.4441e-02,  2.2032e-03],
          [ 1.7569e-02, -1.8141e-02,  6.5463e-03]],

         ...,

         [[-1.0528e-02, -7.8451e-03,  5.1057e-03],
          [-1.9843e-02,  1.6777e-02, -1.4441e-02],
          [ 1.1907e-02, -1.0615e-02, -1.0968e-03]],

         [[ 1.5122e-02,  6.4020e-04,  4.0469e-03],
          [-1.0181e-02, -1.7064e-02, -1.8922e-02],
          [-1.6810e-02, -1.2674e-02,  4.6353e-03]],

         [[-9.4046e-03, -1.4397e-02, -1.2950e-02],
          [-8.8415e-03, -7.8158e-03,  1.6256e-02],
          [-4.8583e-03,  3.9690e-04,  1.4413e-02]]],


        [[[ 1.1383e-02,  1.3867e-02, -6.6085e-03],
          [-7.8032e-03,  4.9759e-03, -7.7252e-03],
          [-1.2726e-02,  9.0803e-03,  8.3884e-03]],

         [[-1.6115e-03, -1.1524e-02,  1.3570e-02],
          [ 3.3879e-03,  1.2804e-04,  1.8870e-02],
          [ 5.5621e-03,  6.5317e-04,  1.9328e-02]],

         [[-9.8724e-03,  4.5147e-03, -2.0022e-02],
          [ 1.8008e-02, -1.0676e-02,  4.2904e-04],
          [ 1.0276e-02,  7.6088e-03,  2.0304e-02]],

         ...,

         [[-1.1657e-03,  1.5968e-02, -4.8915e-03],
          [ 3.3377e-03, -6.6280e-03, -7.9516e-03],
          [ 1.3898e-02,  9.4466e-03,  1.1328e-02]],

         [[ 2.0094e-02, -1.7854e-02, -6.1770e-03],
          [ 1.1378e-02,  1.1744e-02, -1.1189e-02],
          [ 1.0055e-02, -1.9774e-02, -2.0000e-02]],

         [[-4.9765e-03,  2.1321e-03, -1.8216e-02],
          [ 1.9300e-02, -1.8511e-02, -1.7756e-02],
          [ 1.6096e-02, -2.6792e-03, -4.2188e-03]]],


        [[[-3.0457e-03, -1.7341e-02, -1.5072e-02],
          [ 1.2866e-02, -2.8091e-05,  1.4347e-02],
          [-3.3188e-03,  8.9233e-03, -5.3686e-03]],

         [[-1.2654e-02,  1.5627e-02,  9.6485e-03],
          [ 4.9057e-03,  6.3898e-03,  1.9709e-02],
          [-1.8942e-02,  2.0568e-03,  1.8609e-02]],

         [[ 4.5015e-03, -1.9877e-02, -1.8567e-02],
          [-1.4729e-02,  4.5748e-03,  1.5753e-02],
          [ 9.2769e-03, -1.9718e-02,  2.0303e-02]],

         ...,

         [[-1.4970e-02,  1.9434e-03, -6.8873e-03],
          [ 4.9386e-03,  9.5707e-03,  7.2082e-05],
          [ 8.3925e-03, -1.7415e-02, -1.0834e-02]],

         [[-1.7889e-02, -1.2497e-02, -1.2173e-02],
          [-9.5425e-03,  7.4207e-03, -4.9883e-03],
          [ 1.3961e-02, -4.6177e-03, -3.3953e-03]],

         [[ 8.8183e-03, -1.5089e-02, -9.9528e-04],
          [ 1.3012e-02, -1.5347e-02, -1.0627e-03],
          [ 1.6197e-02,  6.8366e-03, -4.7290e-04]]]], device='cuda:0') 
 Parameter containing:
tensor([[[[ 2.0050e-02,  1.6479e-02,  1.8464e-02],
          [-7.6737e-03, -9.7438e-03, -6.7764e-03],
          [ 1.2991e-03, -8.0484e-03, -2.0125e-03]],

         [[ 1.6859e-02,  1.5490e-02,  3.9483e-03],
          [-1.4627e-03,  1.8485e-03,  1.0518e-02],
          [ 1.1550e-02,  4.2184e-04,  8.0584e-03]],

         [[-1.5893e-02,  2.0323e-02,  2.4897e-03],
          [-6.1960e-03,  5.4537e-03,  5.9223e-03],
          [-1.0320e-02,  3.3118e-03,  2.7839e-03]],

         ...,

         [[-1.1452e-03,  1.1297e-02,  5.5519e-03],
          [ 9.0662e-03,  1.4453e-02,  1.4203e-02],
          [-2.3011e-03, -7.2964e-03, -1.4472e-02]],

         [[-1.3884e-02, -1.3263e-02, -1.1288e-02],
          [-1.0539e-02,  1.1792e-02, -2.0349e-02],
          [-1.4067e-02, -1.2893e-02,  1.8307e-02]],

         [[ 2.2124e-03,  2.4451e-03,  3.3383e-03],
          [ 7.9142e-03,  1.2104e-02, -1.9188e-03],
          [ 1.8789e-02,  5.5270e-03, -8.4575e-03]]],


        [[[ 1.9290e-02, -1.1761e-02,  1.3138e-02],
          [-1.8586e-02,  1.6388e-02, -1.8611e-03],
          [-1.9445e-02, -9.0008e-03, -5.2646e-03]],

         [[-1.2103e-02,  1.5425e-02, -1.2029e-02],
          [ 1.2478e-03, -5.4359e-03, -1.9091e-02],
          [-9.0458e-03, -1.8562e-02, -1.5973e-02]],

         [[-1.8844e-02,  1.4086e-02,  1.6595e-02],
          [ 1.8150e-02,  1.9172e-03,  1.0768e-03],
          [ 1.7278e-02,  6.8486e-04, -6.7140e-03]],

         ...,

         [[ 4.9617e-03, -7.1280e-03,  1.9600e-02],
          [ 1.0939e-02, -1.0533e-02, -8.5912e-04],
          [ 9.2346e-03,  1.2862e-02, -1.8462e-03]],

         [[ 1.3049e-02, -4.7663e-04,  1.3359e-02],
          [-9.8971e-03,  9.5552e-03,  1.9423e-02],
          [ 1.4837e-02, -1.4150e-02, -1.6880e-02]],

         [[-4.3520e-03,  1.2785e-02, -1.5525e-02],
          [-6.4133e-04,  1.7314e-02,  7.4462e-03],
          [-1.3552e-02,  1.4067e-02,  1.3894e-02]]],


        [[[ 2.5301e-03,  4.7515e-03,  1.7651e-02],
          [ 7.0631e-03,  1.3246e-02,  1.9654e-02],
          [-8.1423e-03, -1.7170e-02,  5.1628e-03]],

         [[ 1.5386e-02,  2.5049e-03,  1.5970e-02],
          [ 3.9112e-03,  1.1921e-03,  6.3067e-03],
          [ 1.8988e-02, -3.2088e-03, -6.3586e-03]],

         [[ 1.0138e-02, -1.8468e-02, -1.8776e-02],
          [ 8.1554e-03,  4.6073e-03, -5.8867e-03],
          [ 8.0430e-03, -1.2844e-03,  5.9015e-03]],

         ...,

         [[ 1.9824e-02, -9.0852e-03,  8.7612e-03],
          [ 1.8180e-03,  1.3989e-02,  1.1430e-02],
          [-1.1746e-02, -1.5949e-02,  1.6013e-02]],

         [[ 1.6216e-02, -1.7320e-02, -1.6514e-02],
          [-1.3808e-02, -3.5949e-03,  1.8002e-02],
          [ 1.3002e-02,  7.9683e-03,  4.1170e-03]],

         [[ 1.5732e-02,  3.9103e-03, -2.4650e-03],
          [-1.6724e-02, -3.6585e-03,  1.1757e-02],
          [-1.6406e-02,  1.6142e-02,  1.8831e-02]]],


        ...,


        [[[ 1.0870e-02, -2.0242e-02, -1.4503e-02],
          [ 4.9297e-03,  8.7495e-03, -2.4138e-04],
          [ 1.1266e-02, -7.6467e-03,  1.0572e-02]],

         [[-6.9780e-03,  1.7967e-02, -1.7240e-02],
          [-7.3980e-03, -4.9113e-03,  4.7802e-03],
          [ 2.9500e-03,  4.0258e-03,  1.7427e-02]],

         [[ 2.0630e-02,  1.4329e-03, -1.5120e-02],
          [-1.8712e-03,  1.4441e-02,  2.2032e-03],
          [ 1.7569e-02, -1.8141e-02,  6.5463e-03]],

         ...,

         [[-1.0528e-02, -7.8451e-03,  5.1057e-03],
          [-1.9843e-02,  1.6777e-02, -1.4441e-02],
          [ 1.1907e-02, -1.0615e-02, -1.0968e-03]],

         [[ 1.5122e-02,  6.4020e-04,  4.0469e-03],
          [-1.0181e-02, -1.7064e-02, -1.8922e-02],
          [-1.6810e-02, -1.2674e-02,  4.6353e-03]],

         [[-9.4046e-03, -1.4397e-02, -1.2950e-02],
          [-8.8415e-03, -7.8158e-03,  1.6256e-02],
          [-4.8583e-03,  3.9690e-04,  1.4413e-02]]],


        [[[ 1.1383e-02,  1.3867e-02, -6.6085e-03],
          [-7.8032e-03,  4.9759e-03, -7.7252e-03],
          [-1.2726e-02,  9.0803e-03,  8.3884e-03]],

         [[-1.6115e-03, -1.1524e-02,  1.3570e-02],
          [ 3.3879e-03,  1.2804e-04,  1.8870e-02],
          [ 5.5621e-03,  6.5317e-04,  1.9328e-02]],

         [[-9.8724e-03,  4.5147e-03, -2.0022e-02],
          [ 1.8008e-02, -1.0676e-02,  4.2904e-04],
          [ 1.0276e-02,  7.6088e-03,  2.0304e-02]],

         ...,

         [[-1.1657e-03,  1.5968e-02, -4.8915e-03],
          [ 3.3377e-03, -6.6280e-03, -7.9516e-03],
          [ 1.3898e-02,  9.4466e-03,  1.1328e-02]],

         [[ 2.0094e-02, -1.7854e-02, -6.1770e-03],
          [ 1.1378e-02,  1.1744e-02, -1.1189e-02],
          [ 1.0055e-02, -1.9774e-02, -2.0000e-02]],

         [[-4.9765e-03,  2.1321e-03, -1.8216e-02],
          [ 1.9300e-02, -1.8511e-02, -1.7756e-02],
          [ 1.6096e-02, -2.6792e-03, -4.2188e-03]]],


        [[[-3.0457e-03, -1.7341e-02, -1.5072e-02],
          [ 1.2866e-02, -2.8091e-05,  1.4347e-02],
          [-3.3188e-03,  8.9233e-03, -5.3686e-03]],

         [[-1.2654e-02,  1.5627e-02,  9.6485e-03],
          [ 4.9057e-03,  6.3898e-03,  1.9709e-02],
          [-1.8942e-02,  2.0568e-03,  1.8609e-02]],

         [[ 4.5015e-03, -1.9877e-02, -1.8567e-02],
          [-1.4729e-02,  4.5748e-03,  1.5753e-02],
          [ 9.2769e-03, -1.9718e-02,  2.0303e-02]],

         ...,

         [[-1.4970e-02,  1.9434e-03, -6.8873e-03],
          [ 4.9386e-03,  9.5707e-03,  7.2082e-05],
          [ 8.3925e-03, -1.7415e-02, -1.0834e-02]],

         [[-1.7889e-02, -1.2497e-02, -1.2173e-02],
          [-9.5425e-03,  7.4207e-03, -4.9883e-03],
          [ 1.3961e-02, -4.6177e-03, -3.3953e-03]],

         [[ 8.8183e-03, -1.5089e-02, -9.9528e-04],
          [ 1.3012e-02, -1.5347e-02, -1.0627e-03],
          [ 1.6197e-02,  6.8366e-03, -4.7290e-04]]]], device='cuda:0',
       requires_grad=True)
parameters of the network conv2.bias 
 torch.Size([128]) 
 True 
 tensor([-2.0410e-02, -1.0234e-02, -1.5028e-02,  1.7582e-02, -9.3413e-03,
        -1.5836e-02,  3.2032e-03,  6.0375e-03,  9.5968e-03, -1.6612e-03,
        -1.1883e-02,  1.6784e-02, -9.7086e-03, -2.0772e-02,  4.8434e-03,
         8.0396e-03,  1.9961e-02, -1.7704e-03, -1.4696e-02, -2.0449e-02,
         1.9962e-02, -2.9405e-03, -7.2491e-03,  1.7330e-02,  8.1916e-03,
         1.7796e-02, -5.1251e-03, -1.2021e-02, -1.9468e-02,  1.7866e-02,
        -1.9694e-02, -1.5720e-02, -1.6370e-02, -1.1346e-02,  1.3284e-02,
        -6.8586e-03,  1.9585e-02, -5.2688e-03, -1.4373e-02, -1.3551e-02,
        -1.6623e-02, -1.8889e-02,  5.5338e-05,  1.0058e-02,  1.8117e-03,
         1.0450e-02,  1.6652e-02, -1.9122e-03,  5.8663e-03, -1.7970e-02,
         1.0926e-02,  5.0664e-03,  1.2547e-02,  1.0357e-03,  1.4044e-02,
        -1.3769e-02,  7.9574e-03,  3.9701e-03, -1.2573e-02,  8.9559e-04,
        -1.2196e-02, -4.8648e-03, -6.7170e-03, -6.5845e-03,  1.4827e-02,
        -3.9838e-03,  3.7248e-03,  1.9772e-02,  3.4534e-03, -6.2501e-04,
        -1.4548e-02,  3.4296e-03, -5.4790e-03, -2.9786e-03,  4.9941e-03,
        -1.1425e-02, -6.9505e-03, -5.0189e-03,  2.0176e-02,  1.3201e-02,
        -5.9256e-03, -7.1728e-03,  1.3660e-02,  1.2276e-02,  1.8679e-02,
        -1.7517e-02,  1.3062e-02,  3.3291e-04, -5.3135e-03,  1.4239e-02,
         1.1988e-02, -1.7049e-02,  1.6543e-02,  2.1352e-03,  5.1418e-03,
         1.3217e-02,  6.1298e-03,  7.7054e-03,  1.6914e-02, -1.2025e-02,
        -1.4604e-02, -2.9550e-03, -6.6422e-03,  1.1357e-02, -1.6417e-02,
        -5.5273e-03, -1.6170e-02,  1.6482e-02, -4.4718e-03,  9.4533e-03,
         4.5093e-05,  4.6231e-03,  1.2929e-02, -8.4764e-03, -1.6963e-02,
        -1.2706e-02,  5.0596e-03,  3.6950e-03, -1.5146e-02,  1.9976e-02,
         5.9160e-03, -7.7820e-03,  8.2804e-04, -1.4777e-02, -1.8236e-02,
        -5.1555e-03, -9.0496e-03,  2.1373e-03], device='cuda:0') 
 Parameter containing:
tensor([-2.0410e-02, -1.0234e-02, -1.5028e-02,  1.7582e-02, -9.3413e-03,
        -1.5836e-02,  3.2032e-03,  6.0375e-03,  9.5968e-03, -1.6612e-03,
        -1.1883e-02,  1.6784e-02, -9.7086e-03, -2.0772e-02,  4.8434e-03,
         8.0396e-03,  1.9961e-02, -1.7704e-03, -1.4696e-02, -2.0449e-02,
         1.9962e-02, -2.9405e-03, -7.2491e-03,  1.7330e-02,  8.1916e-03,
         1.7796e-02, -5.1251e-03, -1.2021e-02, -1.9468e-02,  1.7866e-02,
        -1.9694e-02, -1.5720e-02, -1.6370e-02, -1.1346e-02,  1.3284e-02,
        -6.8586e-03,  1.9585e-02, -5.2688e-03, -1.4373e-02, -1.3551e-02,
        -1.6623e-02, -1.8889e-02,  5.5338e-05,  1.0058e-02,  1.8117e-03,
         1.0450e-02,  1.6652e-02, -1.9122e-03,  5.8663e-03, -1.7970e-02,
         1.0926e-02,  5.0664e-03,  1.2547e-02,  1.0357e-03,  1.4044e-02,
        -1.3769e-02,  7.9574e-03,  3.9701e-03, -1.2573e-02,  8.9559e-04,
        -1.2196e-02, -4.8648e-03, -6.7170e-03, -6.5845e-03,  1.4827e-02,
        -3.9838e-03,  3.7248e-03,  1.9772e-02,  3.4534e-03, -6.2501e-04,
        -1.4548e-02,  3.4296e-03, -5.4790e-03, -2.9786e-03,  4.9941e-03,
        -1.1425e-02, -6.9505e-03, -5.0189e-03,  2.0176e-02,  1.3201e-02,
        -5.9256e-03, -7.1728e-03,  1.3660e-02,  1.2276e-02,  1.8679e-02,
        -1.7517e-02,  1.3062e-02,  3.3291e-04, -5.3135e-03,  1.4239e-02,
         1.1988e-02, -1.7049e-02,  1.6543e-02,  2.1352e-03,  5.1418e-03,
         1.3217e-02,  6.1298e-03,  7.7054e-03,  1.6914e-02, -1.2025e-02,
        -1.4604e-02, -2.9550e-03, -6.6422e-03,  1.1357e-02, -1.6417e-02,
        -5.5273e-03, -1.6170e-02,  1.6482e-02, -4.4718e-03,  9.4533e-03,
         4.5093e-05,  4.6231e-03,  1.2929e-02, -8.4764e-03, -1.6963e-02,
        -1.2706e-02,  5.0596e-03,  3.6950e-03, -1.5146e-02,  1.9976e-02,
         5.9160e-03, -7.7820e-03,  8.2804e-04, -1.4777e-02, -1.8236e-02,
        -5.1555e-03, -9.0496e-03,  2.1373e-03], device='cuda:0',
       requires_grad=True)
parameters of the network conv3.weight 
 torch.Size([64, 128, 3, 3]) 
 True 
 tensor([[[[-1.0933e-02,  1.0628e-02,  1.8439e-02],
          [ 1.2236e-02,  1.7487e-02, -2.5690e-02],
          [-2.5379e-02, -2.6826e-02,  2.6575e-02]],

         [[ 9.0960e-03,  8.4185e-04,  2.2096e-02],
          [ 9.7502e-03,  2.3104e-02,  2.5332e-02],
          [-1.5851e-02,  9.7307e-03,  2.0599e-02]],

         [[-1.6748e-02,  8.1144e-03, -7.3500e-03],
          [-1.1301e-02, -1.8777e-02, -3.1382e-05],
          [-2.0631e-02,  1.1777e-02, -1.0649e-02]],

         ...,

         [[-1.9361e-02,  1.0052e-03, -2.7587e-02],
          [-1.4994e-02, -5.3044e-03, -1.0380e-02],
          [ 7.1606e-03, -2.1543e-02,  1.0809e-02]],

         [[-2.0722e-02, -1.4593e-02,  2.4982e-02],
          [-5.9960e-03,  5.2997e-03, -1.3797e-02],
          [ 2.6575e-02, -7.2437e-03, -2.1742e-02]],

         [[ 5.5577e-04,  2.7058e-02, -2.6360e-02],
          [ 9.8565e-03, -3.0635e-03, -1.4333e-02],
          [-2.0982e-02,  2.9396e-02,  5.1008e-04]]],


        [[[-2.9094e-03, -1.6576e-02,  2.7564e-02],
          [ 2.4025e-03,  2.8719e-02, -7.6174e-03],
          [-1.2838e-02, -1.9877e-02,  2.0054e-02]],

         [[ 2.1441e-02, -1.1666e-02, -2.5499e-02],
          [-3.6752e-03,  1.3176e-02, -1.1016e-02],
          [ 3.2975e-03, -2.7241e-03,  2.0015e-02]],

         [[-1.0119e-02,  2.5198e-02, -4.1259e-03],
          [-5.4891e-03,  1.5723e-02, -2.2556e-02],
          [-1.0297e-02, -2.4954e-02,  1.7588e-02]],

         ...,

         [[ 2.9872e-03, -1.8770e-02,  8.8157e-04],
          [-4.5498e-03, -1.3661e-03,  2.6472e-02],
          [-4.8024e-03, -2.2962e-02, -4.9351e-03]],

         [[-8.1907e-03,  1.9027e-02,  1.6833e-02],
          [ 1.7446e-03,  2.8635e-02, -1.7849e-02],
          [-3.9859e-03,  8.4659e-03, -5.6672e-03]],

         [[ 1.0543e-02,  1.5670e-02, -7.2069e-03],
          [ 2.4750e-02, -1.2379e-02, -2.4760e-02],
          [-3.8904e-03,  3.3130e-04,  2.8032e-02]]],


        [[[ 9.3044e-03, -1.7555e-02,  1.5354e-02],
          [ 1.5534e-02,  8.0555e-03,  1.0943e-03],
          [ 2.1311e-02, -5.4643e-03,  2.9011e-02]],

         [[ 2.5111e-02,  3.9408e-03, -2.4318e-02],
          [-2.5462e-02,  3.0165e-04,  1.0146e-02],
          [ 1.8076e-02, -1.3650e-02,  1.7741e-02]],

         [[ 2.1413e-02, -1.8291e-02, -1.0527e-02],
          [-2.4365e-02, -9.1286e-03,  1.5684e-02],
          [ 5.7640e-03, -1.0443e-02,  1.0872e-02]],

         ...,

         [[ 6.8270e-03,  1.9070e-02, -4.0151e-03],
          [ 2.7493e-02, -2.3876e-03, -1.6253e-02],
          [-2.4730e-03,  2.8445e-02, -1.0949e-02]],

         [[ 2.1433e-02, -5.3815e-03,  1.6043e-02],
          [-8.7975e-03,  1.5460e-02, -2.5254e-02],
          [ 1.8922e-03,  1.3213e-02, -1.9437e-02]],

         [[ 1.1741e-02,  1.6666e-03, -2.5018e-02],
          [ 1.3897e-02, -3.2262e-03,  2.2132e-02],
          [-2.1316e-02,  1.7233e-02, -2.9951e-03]]],


        ...,


        [[[ 2.0639e-02, -6.5008e-03, -5.4149e-03],
          [-1.3316e-02, -1.6795e-02, -3.6973e-03],
          [ 1.1456e-02,  2.7152e-02,  2.7185e-02]],

         [[ 7.2721e-03,  1.2341e-02, -1.1601e-02],
          [-9.4189e-03, -1.8088e-02, -6.9953e-04],
          [-1.3014e-02,  1.2017e-02, -5.8294e-03]],

         [[-1.4206e-02, -1.5600e-02, -8.0064e-03],
          [-7.2596e-03, -1.6615e-02,  2.7330e-02],
          [ 8.2307e-03, -2.7778e-02, -8.3462e-03]],

         ...,

         [[-1.6297e-02,  7.2359e-04, -1.9142e-02],
          [-2.5519e-02,  1.9165e-02, -2.6216e-02],
          [ 2.5522e-02, -2.2538e-02,  7.8047e-03]],

         [[-1.2625e-03,  2.6166e-02, -2.6257e-02],
          [-2.4588e-02, -1.1935e-03, -1.8873e-02],
          [ 2.1635e-02,  2.5044e-02,  1.0905e-03]],

         [[-2.9287e-03, -5.3864e-03,  1.3697e-02],
          [-1.0257e-02,  1.2620e-02, -8.2019e-03],
          [-2.6373e-02, -1.7083e-02, -1.3446e-02]]],


        [[[ 6.8153e-03,  1.4927e-02,  1.8054e-02],
          [ 2.8164e-02,  2.6815e-03,  2.1643e-02],
          [ 1.4686e-02,  8.7768e-03, -1.9547e-02]],

         [[-1.0164e-02,  1.4718e-02,  2.1229e-02],
          [-1.9812e-03,  2.6372e-02,  1.0522e-02],
          [-2.2960e-02,  1.5128e-02,  9.6573e-03]],

         [[-2.7746e-02,  2.2434e-02, -2.8429e-02],
          [-4.5467e-03,  1.3140e-02, -2.1962e-02],
          [-5.2165e-03,  1.9453e-02,  2.2629e-02]],

         ...,

         [[ 6.0220e-03, -7.7575e-03,  1.8617e-02],
          [-1.7267e-02, -2.1442e-02,  3.0010e-04],
          [-1.5336e-03,  1.3844e-02, -1.1224e-02]],

         [[-8.7799e-03, -9.5825e-03,  7.9302e-03],
          [-1.1089e-02,  7.9402e-03, -1.4450e-02],
          [-8.0170e-03,  6.1289e-03,  2.2098e-02]],

         [[ 9.7958e-03, -2.3518e-02,  2.7094e-02],
          [-4.2948e-03,  2.4842e-02, -2.8211e-03],
          [-2.1178e-02, -1.8403e-02, -1.7987e-02]]],


        [[[-1.5958e-03, -1.7906e-02,  1.6061e-02],
          [-9.5614e-03,  1.1182e-02,  6.4716e-03],
          [-6.8905e-03,  7.0415e-03, -2.5405e-02]],

         [[ 5.0722e-03,  2.1648e-02,  1.5601e-02],
          [-2.5766e-02,  2.8984e-02, -2.4991e-02],
          [ 8.7746e-04, -1.2611e-03, -1.0073e-02]],

         [[ 1.0363e-02,  4.3383e-03,  2.5530e-02],
          [-5.6629e-03,  2.4390e-02, -2.4715e-02],
          [-9.8042e-03,  2.5933e-02, -9.7051e-03]],

         ...,

         [[-6.6256e-03,  1.2493e-02, -5.6289e-03],
          [ 4.3406e-03,  1.1086e-02, -2.0025e-02],
          [-3.0326e-03,  2.0426e-02,  2.4262e-02]],

         [[-2.4199e-02, -1.8403e-02,  5.4768e-03],
          [-6.7062e-03, -7.8888e-03,  1.8590e-02],
          [ 4.3433e-03, -1.5447e-02, -5.6042e-03]],

         [[-1.7126e-02,  2.2869e-02, -1.7480e-04],
          [-2.5252e-02,  8.3860e-03,  2.9233e-02],
          [ 2.8634e-02,  4.2071e-03, -2.6647e-04]]]], device='cuda:0') 
 Parameter containing:
tensor([[[[-1.0933e-02,  1.0628e-02,  1.8439e-02],
          [ 1.2236e-02,  1.7487e-02, -2.5690e-02],
          [-2.5379e-02, -2.6826e-02,  2.6575e-02]],

         [[ 9.0960e-03,  8.4185e-04,  2.2096e-02],
          [ 9.7502e-03,  2.3104e-02,  2.5332e-02],
          [-1.5851e-02,  9.7307e-03,  2.0599e-02]],

         [[-1.6748e-02,  8.1144e-03, -7.3500e-03],
          [-1.1301e-02, -1.8777e-02, -3.1382e-05],
          [-2.0631e-02,  1.1777e-02, -1.0649e-02]],

         ...,

         [[-1.9361e-02,  1.0052e-03, -2.7587e-02],
          [-1.4994e-02, -5.3044e-03, -1.0380e-02],
          [ 7.1606e-03, -2.1543e-02,  1.0809e-02]],

         [[-2.0722e-02, -1.4593e-02,  2.4982e-02],
          [-5.9960e-03,  5.2997e-03, -1.3797e-02],
          [ 2.6575e-02, -7.2437e-03, -2.1742e-02]],

         [[ 5.5577e-04,  2.7058e-02, -2.6360e-02],
          [ 9.8565e-03, -3.0635e-03, -1.4333e-02],
          [-2.0982e-02,  2.9396e-02,  5.1008e-04]]],


        [[[-2.9094e-03, -1.6576e-02,  2.7564e-02],
          [ 2.4025e-03,  2.8719e-02, -7.6174e-03],
          [-1.2838e-02, -1.9877e-02,  2.0054e-02]],

         [[ 2.1441e-02, -1.1666e-02, -2.5499e-02],
          [-3.6752e-03,  1.3176e-02, -1.1016e-02],
          [ 3.2975e-03, -2.7241e-03,  2.0015e-02]],

         [[-1.0119e-02,  2.5198e-02, -4.1259e-03],
          [-5.4891e-03,  1.5723e-02, -2.2556e-02],
          [-1.0297e-02, -2.4954e-02,  1.7588e-02]],

         ...,

         [[ 2.9872e-03, -1.8770e-02,  8.8157e-04],
          [-4.5498e-03, -1.3661e-03,  2.6472e-02],
          [-4.8024e-03, -2.2962e-02, -4.9351e-03]],

         [[-8.1907e-03,  1.9027e-02,  1.6833e-02],
          [ 1.7446e-03,  2.8635e-02, -1.7849e-02],
          [-3.9859e-03,  8.4659e-03, -5.6672e-03]],

         [[ 1.0543e-02,  1.5670e-02, -7.2069e-03],
          [ 2.4750e-02, -1.2379e-02, -2.4760e-02],
          [-3.8904e-03,  3.3130e-04,  2.8032e-02]]],


        [[[ 9.3044e-03, -1.7555e-02,  1.5354e-02],
          [ 1.5534e-02,  8.0555e-03,  1.0943e-03],
          [ 2.1311e-02, -5.4643e-03,  2.9011e-02]],

         [[ 2.5111e-02,  3.9408e-03, -2.4318e-02],
          [-2.5462e-02,  3.0165e-04,  1.0146e-02],
          [ 1.8076e-02, -1.3650e-02,  1.7741e-02]],

         [[ 2.1413e-02, -1.8291e-02, -1.0527e-02],
          [-2.4365e-02, -9.1286e-03,  1.5684e-02],
          [ 5.7640e-03, -1.0443e-02,  1.0872e-02]],

         ...,

         [[ 6.8270e-03,  1.9070e-02, -4.0151e-03],
          [ 2.7493e-02, -2.3876e-03, -1.6253e-02],
          [-2.4730e-03,  2.8445e-02, -1.0949e-02]],

         [[ 2.1433e-02, -5.3815e-03,  1.6043e-02],
          [-8.7975e-03,  1.5460e-02, -2.5254e-02],
          [ 1.8922e-03,  1.3213e-02, -1.9437e-02]],

         [[ 1.1741e-02,  1.6666e-03, -2.5018e-02],
          [ 1.3897e-02, -3.2262e-03,  2.2132e-02],
          [-2.1316e-02,  1.7233e-02, -2.9951e-03]]],


        ...,


        [[[ 2.0639e-02, -6.5008e-03, -5.4149e-03],
          [-1.3316e-02, -1.6795e-02, -3.6973e-03],
          [ 1.1456e-02,  2.7152e-02,  2.7185e-02]],

         [[ 7.2721e-03,  1.2341e-02, -1.1601e-02],
          [-9.4189e-03, -1.8088e-02, -6.9953e-04],
          [-1.3014e-02,  1.2017e-02, -5.8294e-03]],

         [[-1.4206e-02, -1.5600e-02, -8.0064e-03],
          [-7.2596e-03, -1.6615e-02,  2.7330e-02],
          [ 8.2307e-03, -2.7778e-02, -8.3462e-03]],

         ...,

         [[-1.6297e-02,  7.2359e-04, -1.9142e-02],
          [-2.5519e-02,  1.9165e-02, -2.6216e-02],
          [ 2.5522e-02, -2.2538e-02,  7.8047e-03]],

         [[-1.2625e-03,  2.6166e-02, -2.6257e-02],
          [-2.4588e-02, -1.1935e-03, -1.8873e-02],
          [ 2.1635e-02,  2.5044e-02,  1.0905e-03]],

         [[-2.9287e-03, -5.3864e-03,  1.3697e-02],
          [-1.0257e-02,  1.2620e-02, -8.2019e-03],
          [-2.6373e-02, -1.7083e-02, -1.3446e-02]]],


        [[[ 6.8153e-03,  1.4927e-02,  1.8054e-02],
          [ 2.8164e-02,  2.6815e-03,  2.1643e-02],
          [ 1.4686e-02,  8.7768e-03, -1.9547e-02]],

         [[-1.0164e-02,  1.4718e-02,  2.1229e-02],
          [-1.9812e-03,  2.6372e-02,  1.0522e-02],
          [-2.2960e-02,  1.5128e-02,  9.6573e-03]],

         [[-2.7746e-02,  2.2434e-02, -2.8429e-02],
          [-4.5467e-03,  1.3140e-02, -2.1962e-02],
          [-5.2165e-03,  1.9453e-02,  2.2629e-02]],

         ...,

         [[ 6.0220e-03, -7.7575e-03,  1.8617e-02],
          [-1.7267e-02, -2.1442e-02,  3.0010e-04],
          [-1.5336e-03,  1.3844e-02, -1.1224e-02]],

         [[-8.7799e-03, -9.5825e-03,  7.9302e-03],
          [-1.1089e-02,  7.9402e-03, -1.4450e-02],
          [-8.0170e-03,  6.1289e-03,  2.2098e-02]],

         [[ 9.7958e-03, -2.3518e-02,  2.7094e-02],
          [-4.2948e-03,  2.4842e-02, -2.8211e-03],
          [-2.1178e-02, -1.8403e-02, -1.7987e-02]]],


        [[[-1.5958e-03, -1.7906e-02,  1.6061e-02],
          [-9.5614e-03,  1.1182e-02,  6.4716e-03],
          [-6.8905e-03,  7.0415e-03, -2.5405e-02]],

         [[ 5.0722e-03,  2.1648e-02,  1.5601e-02],
          [-2.5766e-02,  2.8984e-02, -2.4991e-02],
          [ 8.7746e-04, -1.2611e-03, -1.0073e-02]],

         [[ 1.0363e-02,  4.3383e-03,  2.5530e-02],
          [-5.6629e-03,  2.4390e-02, -2.4715e-02],
          [-9.8042e-03,  2.5933e-02, -9.7051e-03]],

         ...,

         [[-6.6256e-03,  1.2493e-02, -5.6289e-03],
          [ 4.3406e-03,  1.1086e-02, -2.0025e-02],
          [-3.0326e-03,  2.0426e-02,  2.4262e-02]],

         [[-2.4199e-02, -1.8403e-02,  5.4768e-03],
          [-6.7062e-03, -7.8888e-03,  1.8590e-02],
          [ 4.3433e-03, -1.5447e-02, -5.6042e-03]],

         [[-1.7126e-02,  2.2869e-02, -1.7480e-04],
          [-2.5252e-02,  8.3860e-03,  2.9233e-02],
          [ 2.8634e-02,  4.2071e-03, -2.6647e-04]]]], device='cuda:0',
       requires_grad=True)
parameters of the network conv3.bias 
 torch.Size([64]) 
 True 
 tensor([ 0.0025,  0.0004, -0.0008,  0.0075,  0.0236,  0.0067, -0.0289, -0.0066,
         0.0251, -0.0185,  0.0200, -0.0284,  0.0192,  0.0118,  0.0004, -0.0019,
        -0.0090,  0.0253, -0.0233,  0.0137, -0.0140,  0.0176,  0.0109, -0.0274,
        -0.0207,  0.0223,  0.0013, -0.0209, -0.0197,  0.0262,  0.0281,  0.0059,
         0.0004,  0.0275, -0.0058,  0.0179, -0.0163, -0.0285, -0.0021, -0.0215,
        -0.0070,  0.0114, -0.0125,  0.0192, -0.0280,  0.0170, -0.0020,  0.0022,
         0.0143, -0.0084, -0.0150, -0.0100, -0.0077, -0.0273, -0.0206, -0.0273,
         0.0048,  0.0113,  0.0067,  0.0118,  0.0092,  0.0290, -0.0211, -0.0016],
       device='cuda:0') 
 Parameter containing:
tensor([ 0.0025,  0.0004, -0.0008,  0.0075,  0.0236,  0.0067, -0.0289, -0.0066,
         0.0251, -0.0185,  0.0200, -0.0284,  0.0192,  0.0118,  0.0004, -0.0019,
        -0.0090,  0.0253, -0.0233,  0.0137, -0.0140,  0.0176,  0.0109, -0.0274,
        -0.0207,  0.0223,  0.0013, -0.0209, -0.0197,  0.0262,  0.0281,  0.0059,
         0.0004,  0.0275, -0.0058,  0.0179, -0.0163, -0.0285, -0.0021, -0.0215,
        -0.0070,  0.0114, -0.0125,  0.0192, -0.0280,  0.0170, -0.0020,  0.0022,
         0.0143, -0.0084, -0.0150, -0.0100, -0.0077, -0.0273, -0.0206, -0.0273,
         0.0048,  0.0113,  0.0067,  0.0118,  0.0092,  0.0290, -0.0211, -0.0016],
       device='cuda:0', requires_grad=True)
parameters of the network fc1.weight 
 torch.Size([256, 667776]) 
 True 
 tensor([[ 7.4361e-04,  2.9542e-04,  7.8804e-04,  ...,  8.4400e-04,
          1.6581e-04, -1.2081e-04],
        [-1.1689e-03,  8.5728e-04,  1.1053e-03,  ...,  8.3084e-05,
         -3.6099e-04, -3.6646e-04],
        [-6.7825e-04, -6.7950e-04,  1.5578e-04,  ...,  4.8642e-04,
          6.7831e-04,  6.2062e-04],
        ...,
        [ 1.0884e-03, -7.7711e-05,  1.0634e-03,  ...,  1.1211e-03,
          1.1522e-03,  4.4535e-04],
        [-9.9965e-04, -6.4387e-04,  5.9463e-04,  ...,  4.4687e-04,
         -1.0779e-03,  1.1647e-03],
        [ 1.5627e-05, -4.2295e-04, -4.6549e-04,  ...,  1.7087e-04,
         -3.7737e-04, -1.0634e-03]], device='cuda:0') 
 Parameter containing:
tensor([[ 7.4361e-04,  2.9542e-04,  7.8804e-04,  ...,  8.4400e-04,
          1.6581e-04, -1.2081e-04],
        [-1.1689e-03,  8.5728e-04,  1.1053e-03,  ...,  8.3084e-05,
         -3.6099e-04, -3.6646e-04],
        [-6.7825e-04, -6.7950e-04,  1.5578e-04,  ...,  4.8642e-04,
          6.7831e-04,  6.2062e-04],
        ...,
        [ 1.0884e-03, -7.7711e-05,  1.0634e-03,  ...,  1.1211e-03,
          1.1522e-03,  4.4535e-04],
        [-9.9965e-04, -6.4387e-04,  5.9463e-04,  ...,  4.4687e-04,
         -1.0779e-03,  1.1647e-03],
        [ 1.5627e-05, -4.2295e-04, -4.6549e-04,  ...,  1.7087e-04,
         -3.7737e-04, -1.0634e-03]], device='cuda:0', requires_grad=True)
parameters of the network fc1.bias 
 torch.Size([256]) 
 True 
 tensor([-1.0560e-03, -2.9061e-04,  8.5557e-04, -1.1699e-03, -4.6742e-04,
         6.9974e-04,  1.1790e-03, -1.0953e-03,  3.4693e-04, -1.0413e-03,
        -9.1120e-04, -9.5661e-04, -5.9123e-04, -6.1591e-04, -1.0855e-03,
        -3.8332e-04, -9.2594e-04,  7.9990e-04,  3.8338e-04, -1.7728e-04,
        -4.2988e-04, -6.2657e-05,  5.6843e-04,  1.4529e-04,  3.0099e-04,
         3.5306e-04,  9.4015e-04, -1.1771e-03,  6.1818e-05, -9.1588e-04,
        -6.1402e-04, -5.9470e-04,  3.5909e-04,  1.0842e-03, -3.5586e-04,
         1.0172e-03,  9.6402e-04, -3.3201e-04,  1.0920e-03,  4.8372e-04,
        -8.1902e-04,  6.7461e-04,  5.7290e-04, -2.3270e-04, -7.1147e-04,
        -7.1725e-04,  6.2368e-04, -7.8581e-04,  5.8121e-04, -1.1537e-03,
        -4.0015e-04,  5.5283e-04,  5.1255e-05,  8.2607e-04, -1.6493e-04,
         6.6348e-04,  1.0449e-03, -1.1898e-04,  7.4227e-04,  1.0241e-03,
         3.8540e-04, -7.0085e-05,  1.1134e-04,  5.8501e-04, -1.0523e-03,
        -1.6959e-05, -9.2240e-04,  3.2952e-04, -4.1568e-04,  4.8769e-04,
         5.9555e-04,  3.6070e-04, -1.1996e-04,  2.6249e-04, -6.1852e-04,
         1.0855e-04,  7.7637e-04, -5.7484e-04, -4.6506e-04,  8.6288e-04,
        -1.0780e-05, -2.2786e-04,  7.3220e-05,  1.0774e-03,  1.1156e-03,
         8.1764e-04, -3.4983e-04,  6.5488e-04,  8.1984e-04, -9.3924e-05,
         9.8073e-05, -5.2298e-04,  2.1167e-04,  2.8099e-05, -2.6793e-04,
         1.1801e-03,  3.0603e-04, -1.1941e-04, -3.7949e-04, -5.6179e-04,
         7.4563e-04, -6.1636e-04, -7.2568e-04,  2.2233e-04,  3.0582e-04,
        -8.0007e-04, -2.5379e-04,  7.6202e-04,  2.4553e-04, -8.8836e-05,
        -3.7743e-04,  1.1731e-03,  4.3449e-04, -1.0888e-03, -7.6069e-04,
         1.9412e-04, -1.0094e-03,  9.9238e-04, -6.6097e-05, -2.7721e-04,
         7.7089e-04,  1.2153e-03, -1.1643e-03,  4.4554e-04,  4.2670e-05,
        -3.6259e-04,  2.5469e-04,  5.5924e-04, -1.3316e-04, -9.9357e-04,
        -2.6655e-04, -7.0113e-05,  1.2029e-03,  8.3041e-04,  7.3923e-04,
        -3.4227e-04,  5.4927e-04, -2.0965e-04, -1.1676e-03, -1.5069e-04,
        -2.0705e-04, -2.6824e-04,  7.5898e-04,  9.3663e-05, -6.3000e-04,
        -4.3780e-04, -1.2003e-03,  6.3299e-04,  5.3492e-04, -6.5021e-04,
        -1.2363e-04,  8.0710e-04,  6.5269e-04,  9.3120e-04,  8.3495e-04,
        -9.9949e-04,  1.1436e-03,  3.1435e-04, -5.8240e-04, -8.2917e-04,
         8.2060e-04,  7.5029e-04, -1.0273e-03,  1.4304e-04, -9.0138e-04,
         8.5311e-04, -1.7781e-04,  1.0102e-03,  9.8206e-04,  8.2794e-04,
         5.3270e-04,  5.8108e-04,  9.1668e-04, -4.3426e-05, -1.1988e-03,
         2.7639e-05, -8.0278e-05,  2.7683e-05, -3.1830e-04, -1.9866e-04,
         1.1825e-03, -7.0307e-04, -3.5461e-04,  2.0700e-07,  3.7689e-04,
        -7.7500e-04,  9.6192e-04, -3.1545e-04,  4.1596e-04, -6.7832e-04,
         7.0844e-04, -8.3126e-04, -7.7771e-04, -2.9626e-04,  1.1497e-03,
        -7.2483e-05,  5.3614e-04,  3.5988e-05,  5.7846e-04,  4.3730e-04,
         1.1260e-03,  1.0975e-03,  2.4118e-06,  1.3089e-04, -3.8977e-04,
         1.0987e-03, -1.0793e-03,  3.1318e-04, -8.4842e-04, -9.6711e-04,
         4.7934e-04,  5.8828e-04,  3.5152e-04, -2.4986e-04, -1.2219e-03,
         8.3375e-04,  9.0312e-04,  1.9913e-04, -7.8637e-05,  1.7104e-04,
         2.2645e-04, -5.7428e-04, -3.3161e-04, -1.5511e-04,  9.8442e-04,
         4.0082e-04, -6.7945e-04, -6.4843e-04,  1.2037e-03, -4.7426e-04,
        -1.0641e-03, -1.0400e-03,  2.7598e-04, -1.0616e-03,  5.1135e-04,
         9.9133e-04,  1.0649e-03,  5.6191e-04,  5.4424e-04,  1.1377e-03,
        -1.1553e-03, -2.6423e-04, -5.2804e-04, -9.0903e-04,  1.2142e-03,
         7.3699e-04,  3.6942e-05,  8.8173e-04,  1.0307e-03,  1.0745e-03,
        -2.0957e-04,  9.6328e-04, -5.2114e-04, -5.1821e-04,  1.4192e-04,
        -1.1713e-03], device='cuda:0') 
 Parameter containing:
tensor([-1.0560e-03, -2.9061e-04,  8.5557e-04, -1.1699e-03, -4.6742e-04,
         6.9974e-04,  1.1790e-03, -1.0953e-03,  3.4693e-04, -1.0413e-03,
        -9.1120e-04, -9.5661e-04, -5.9123e-04, -6.1591e-04, -1.0855e-03,
        -3.8332e-04, -9.2594e-04,  7.9990e-04,  3.8338e-04, -1.7728e-04,
        -4.2988e-04, -6.2657e-05,  5.6843e-04,  1.4529e-04,  3.0099e-04,
         3.5306e-04,  9.4015e-04, -1.1771e-03,  6.1818e-05, -9.1588e-04,
        -6.1402e-04, -5.9470e-04,  3.5909e-04,  1.0842e-03, -3.5586e-04,
         1.0172e-03,  9.6402e-04, -3.3201e-04,  1.0920e-03,  4.8372e-04,
        -8.1902e-04,  6.7461e-04,  5.7290e-04, -2.3270e-04, -7.1147e-04,
        -7.1725e-04,  6.2368e-04, -7.8581e-04,  5.8121e-04, -1.1537e-03,
        -4.0015e-04,  5.5283e-04,  5.1255e-05,  8.2607e-04, -1.6493e-04,
         6.6348e-04,  1.0449e-03, -1.1898e-04,  7.4227e-04,  1.0241e-03,
         3.8540e-04, -7.0085e-05,  1.1134e-04,  5.8501e-04, -1.0523e-03,
        -1.6959e-05, -9.2240e-04,  3.2952e-04, -4.1568e-04,  4.8769e-04,
         5.9555e-04,  3.6070e-04, -1.1996e-04,  2.6249e-04, -6.1852e-04,
         1.0855e-04,  7.7637e-04, -5.7484e-04, -4.6506e-04,  8.6288e-04,
        -1.0780e-05, -2.2786e-04,  7.3220e-05,  1.0774e-03,  1.1156e-03,
         8.1764e-04, -3.4983e-04,  6.5488e-04,  8.1984e-04, -9.3924e-05,
         9.8073e-05, -5.2298e-04,  2.1167e-04,  2.8099e-05, -2.6793e-04,
         1.1801e-03,  3.0603e-04, -1.1941e-04, -3.7949e-04, -5.6179e-04,
         7.4563e-04, -6.1636e-04, -7.2568e-04,  2.2233e-04,  3.0582e-04,
        -8.0007e-04, -2.5379e-04,  7.6202e-04,  2.4553e-04, -8.8836e-05,
        -3.7743e-04,  1.1731e-03,  4.3449e-04, -1.0888e-03, -7.6069e-04,
         1.9412e-04, -1.0094e-03,  9.9238e-04, -6.6097e-05, -2.7721e-04,
         7.7089e-04,  1.2153e-03, -1.1643e-03,  4.4554e-04,  4.2670e-05,
        -3.6259e-04,  2.5469e-04,  5.5924e-04, -1.3316e-04, -9.9357e-04,
        -2.6655e-04, -7.0113e-05,  1.2029e-03,  8.3041e-04,  7.3923e-04,
        -3.4227e-04,  5.4927e-04, -2.0965e-04, -1.1676e-03, -1.5069e-04,
        -2.0705e-04, -2.6824e-04,  7.5898e-04,  9.3663e-05, -6.3000e-04,
        -4.3780e-04, -1.2003e-03,  6.3299e-04,  5.3492e-04, -6.5021e-04,
        -1.2363e-04,  8.0710e-04,  6.5269e-04,  9.3120e-04,  8.3495e-04,
        -9.9949e-04,  1.1436e-03,  3.1435e-04, -5.8240e-04, -8.2917e-04,
         8.2060e-04,  7.5029e-04, -1.0273e-03,  1.4304e-04, -9.0138e-04,
         8.5311e-04, -1.7781e-04,  1.0102e-03,  9.8206e-04,  8.2794e-04,
         5.3270e-04,  5.8108e-04,  9.1668e-04, -4.3426e-05, -1.1988e-03,
         2.7639e-05, -8.0278e-05,  2.7683e-05, -3.1830e-04, -1.9866e-04,
         1.1825e-03, -7.0307e-04, -3.5461e-04,  2.0700e-07,  3.7689e-04,
        -7.7500e-04,  9.6192e-04, -3.1545e-04,  4.1596e-04, -6.7832e-04,
         7.0844e-04, -8.3126e-04, -7.7771e-04, -2.9626e-04,  1.1497e-03,
        -7.2483e-05,  5.3614e-04,  3.5988e-05,  5.7846e-04,  4.3730e-04,
         1.1260e-03,  1.0975e-03,  2.4118e-06,  1.3089e-04, -3.8977e-04,
         1.0987e-03, -1.0793e-03,  3.1318e-04, -8.4842e-04, -9.6711e-04,
         4.7934e-04,  5.8828e-04,  3.5152e-04, -2.4986e-04, -1.2219e-03,
         8.3375e-04,  9.0312e-04,  1.9913e-04, -7.8637e-05,  1.7104e-04,
         2.2645e-04, -5.7428e-04, -3.3161e-04, -1.5511e-04,  9.8442e-04,
         4.0082e-04, -6.7945e-04, -6.4843e-04,  1.2037e-03, -4.7426e-04,
        -1.0641e-03, -1.0400e-03,  2.7598e-04, -1.0616e-03,  5.1135e-04,
         9.9133e-04,  1.0649e-03,  5.6191e-04,  5.4424e-04,  1.1377e-03,
        -1.1553e-03, -2.6423e-04, -5.2804e-04, -9.0903e-04,  1.2142e-03,
         7.3699e-04,  3.6942e-05,  8.8173e-04,  1.0307e-03,  1.0745e-03,
        -2.0957e-04,  9.6328e-04, -5.2114e-04, -5.1821e-04,  1.4192e-04,
        -1.1713e-03], device='cuda:0', requires_grad=True)
parameters of the network fc2.weight 
 torch.Size([128, 256]) 
 True 
 tensor([[ 0.0496, -0.0601, -0.0250,  ..., -0.0133,  0.0543, -0.0069],
        [-0.0154,  0.0193,  0.0334,  ..., -0.0401,  0.0494, -0.0062],
        [ 0.0180,  0.0346,  0.0065,  ...,  0.0603, -0.0368, -0.0197],
        ...,
        [-0.0601,  0.0607, -0.0060,  ..., -0.0220, -0.0166, -0.0528],
        [-0.0182,  0.0019,  0.0026,  ..., -0.0539, -0.0302,  0.0563],
        [ 0.0623, -0.0027,  0.0336,  ..., -0.0471,  0.0081, -0.0522]],
       device='cuda:0') 
 Parameter containing:
tensor([[ 0.0496, -0.0601, -0.0250,  ..., -0.0133,  0.0543, -0.0069],
        [-0.0154,  0.0193,  0.0334,  ..., -0.0401,  0.0494, -0.0062],
        [ 0.0180,  0.0346,  0.0065,  ...,  0.0603, -0.0368, -0.0197],
        ...,
        [-0.0601,  0.0607, -0.0060,  ..., -0.0220, -0.0166, -0.0528],
        [-0.0182,  0.0019,  0.0026,  ..., -0.0539, -0.0302,  0.0563],
        [ 0.0623, -0.0027,  0.0336,  ..., -0.0471,  0.0081, -0.0522]],
       device='cuda:0', requires_grad=True)
parameters of the network fc2.bias 
 torch.Size([128]) 
 True 
 tensor([ 2.0111e-03,  4.0088e-02,  1.3978e-02, -2.9324e-02, -5.8681e-03,
         2.9535e-02, -3.5088e-02,  4.1823e-02, -1.7851e-02,  5.5312e-02,
        -4.6868e-02,  2.8967e-03,  1.5579e-02,  1.7460e-02,  1.9582e-02,
         5.6378e-03, -5.1928e-02,  1.4882e-02,  2.7761e-02, -2.8190e-02,
         2.6692e-02, -2.7931e-02,  5.9337e-02,  4.4979e-02, -1.6941e-02,
        -5.5237e-02, -5.5389e-02,  1.6262e-02, -3.8744e-02,  6.2373e-04,
         2.8279e-02, -6.1581e-02,  1.4412e-02, -4.5101e-02, -3.3919e-02,
        -5.6475e-02, -4.6171e-03, -5.9443e-02,  2.3164e-03,  4.6270e-03,
        -9.7428e-03,  5.5445e-02, -1.0367e-02,  3.8383e-02,  1.1308e-02,
         9.1836e-03, -4.8103e-02,  6.0980e-02,  3.2352e-02,  1.7432e-02,
        -4.1932e-03, -3.4266e-02, -3.5791e-02,  2.5751e-02,  2.4903e-02,
         5.7105e-02, -1.1821e-02, -3.9259e-02, -5.8380e-02,  2.5581e-02,
        -3.5708e-03,  1.1305e-02, -1.7674e-03, -1.6556e-02,  2.0088e-02,
        -3.4385e-02,  6.1688e-03,  6.0033e-03, -1.1331e-02, -2.8021e-02,
         9.6239e-05,  5.7941e-02, -1.1721e-02,  5.1667e-02, -3.7369e-02,
        -1.1427e-02, -3.4411e-02, -1.6077e-03, -5.1049e-04,  5.8288e-03,
         5.3742e-02, -1.5076e-02, -3.8168e-02,  4.7817e-02, -4.0303e-02,
        -1.2614e-02,  2.1668e-02,  2.9486e-02, -4.7266e-02, -3.2357e-02,
         1.9734e-03, -2.3338e-02,  6.0121e-02,  1.0476e-02, -5.3876e-02,
         5.4178e-02, -4.5899e-02, -4.8050e-02,  2.8158e-02,  8.8319e-03,
         3.6990e-02,  6.1818e-02, -4.3322e-02, -5.6360e-02, -9.2615e-03,
        -2.5332e-02,  3.8749e-03, -3.4031e-02, -5.0719e-02,  1.5167e-02,
        -8.9374e-03,  4.4573e-02, -1.8221e-02,  5.8982e-02, -5.2732e-02,
         2.2623e-02, -2.5007e-02,  7.2993e-03, -1.4424e-02,  1.0887e-03,
         3.8932e-02,  3.5334e-02,  5.3809e-02,  3.0289e-02,  6.2143e-02,
        -4.4463e-02,  3.5696e-02,  6.4802e-03], device='cuda:0') 
 Parameter containing:
tensor([ 2.0111e-03,  4.0088e-02,  1.3978e-02, -2.9324e-02, -5.8681e-03,
         2.9535e-02, -3.5088e-02,  4.1823e-02, -1.7851e-02,  5.5312e-02,
        -4.6868e-02,  2.8967e-03,  1.5579e-02,  1.7460e-02,  1.9582e-02,
         5.6378e-03, -5.1928e-02,  1.4882e-02,  2.7761e-02, -2.8190e-02,
         2.6692e-02, -2.7931e-02,  5.9337e-02,  4.4979e-02, -1.6941e-02,
        -5.5237e-02, -5.5389e-02,  1.6262e-02, -3.8744e-02,  6.2373e-04,
         2.8279e-02, -6.1581e-02,  1.4412e-02, -4.5101e-02, -3.3919e-02,
        -5.6475e-02, -4.6171e-03, -5.9443e-02,  2.3164e-03,  4.6270e-03,
        -9.7428e-03,  5.5445e-02, -1.0367e-02,  3.8383e-02,  1.1308e-02,
         9.1836e-03, -4.8103e-02,  6.0980e-02,  3.2352e-02,  1.7432e-02,
        -4.1932e-03, -3.4266e-02, -3.5791e-02,  2.5751e-02,  2.4903e-02,
         5.7105e-02, -1.1821e-02, -3.9259e-02, -5.8380e-02,  2.5581e-02,
        -3.5708e-03,  1.1305e-02, -1.7674e-03, -1.6556e-02,  2.0088e-02,
        -3.4385e-02,  6.1688e-03,  6.0033e-03, -1.1331e-02, -2.8021e-02,
         9.6239e-05,  5.7941e-02, -1.1721e-02,  5.1667e-02, -3.7369e-02,
        -1.1427e-02, -3.4411e-02, -1.6077e-03, -5.1049e-04,  5.8288e-03,
         5.3742e-02, -1.5076e-02, -3.8168e-02,  4.7817e-02, -4.0303e-02,
        -1.2614e-02,  2.1668e-02,  2.9486e-02, -4.7266e-02, -3.2357e-02,
         1.9734e-03, -2.3338e-02,  6.0121e-02,  1.0476e-02, -5.3876e-02,
         5.4178e-02, -4.5899e-02, -4.8050e-02,  2.8158e-02,  8.8319e-03,
         3.6990e-02,  6.1818e-02, -4.3322e-02, -5.6360e-02, -9.2615e-03,
        -2.5332e-02,  3.8749e-03, -3.4031e-02, -5.0719e-02,  1.5167e-02,
        -8.9374e-03,  4.4573e-02, -1.8221e-02,  5.8982e-02, -5.2732e-02,
         2.2623e-02, -2.5007e-02,  7.2993e-03, -1.4424e-02,  1.0887e-03,
         3.8932e-02,  3.5334e-02,  5.3809e-02,  3.0289e-02,  6.2143e-02,
        -4.4463e-02,  3.5696e-02,  6.4802e-03], device='cuda:0',
       requires_grad=True)
parameters of the network fc3.weight 
 torch.Size([64, 128]) 
 True 
 tensor([[ 0.0588, -0.0798, -0.0481,  ...,  0.0764,  0.0001,  0.0546],
        [ 0.0342, -0.0496,  0.0848,  ..., -0.0874,  0.0021, -0.0777],
        [-0.0381,  0.0551,  0.0393,  ...,  0.0416, -0.0306, -0.0103],
        ...,
        [-0.0151,  0.0461, -0.0308,  ..., -0.0784, -0.0809, -0.0699],
        [ 0.0626,  0.0465,  0.0765,  ...,  0.0188, -0.0340,  0.0147],
        [-0.0248, -0.0300,  0.0882,  ..., -0.0348, -0.0368,  0.0854]],
       device='cuda:0') 
 Parameter containing:
tensor([[ 0.0588, -0.0798, -0.0481,  ...,  0.0764,  0.0001,  0.0546],
        [ 0.0342, -0.0496,  0.0848,  ..., -0.0874,  0.0021, -0.0777],
        [-0.0381,  0.0551,  0.0393,  ...,  0.0416, -0.0306, -0.0103],
        ...,
        [-0.0151,  0.0461, -0.0308,  ..., -0.0784, -0.0809, -0.0699],
        [ 0.0626,  0.0465,  0.0765,  ...,  0.0188, -0.0340,  0.0147],
        [-0.0248, -0.0300,  0.0882,  ..., -0.0348, -0.0368,  0.0854]],
       device='cuda:0', requires_grad=True)
parameters of the network fc3.bias 
 torch.Size([64]) 
 True 
 tensor([-0.0055, -0.0032, -0.0502, -0.0364,  0.0260,  0.0661, -0.0691,  0.0114,
         0.0031,  0.0557,  0.0369, -0.0511,  0.0107, -0.0012, -0.0630,  0.0556,
        -0.0400,  0.0200,  0.0367, -0.0067,  0.0525, -0.0834,  0.0629,  0.0066,
         0.0648,  0.0435, -0.0312, -0.0133, -0.0394, -0.0790,  0.0365, -0.0227,
        -0.0606,  0.0141, -0.0164, -0.0749, -0.0597,  0.0831,  0.0192,  0.0349,
        -0.0439, -0.0093,  0.0705, -0.0730, -0.0105, -0.0537,  0.0832,  0.0648,
        -0.0603,  0.0722,  0.0843, -0.0872, -0.0695,  0.0600,  0.0482,  0.0452,
        -0.0830, -0.0051,  0.0083,  0.0651, -0.0509, -0.0119,  0.0070,  0.0840],
       device='cuda:0') 
 Parameter containing:
tensor([-0.0055, -0.0032, -0.0502, -0.0364,  0.0260,  0.0661, -0.0691,  0.0114,
         0.0031,  0.0557,  0.0369, -0.0511,  0.0107, -0.0012, -0.0630,  0.0556,
        -0.0400,  0.0200,  0.0367, -0.0067,  0.0525, -0.0834,  0.0629,  0.0066,
         0.0648,  0.0435, -0.0312, -0.0133, -0.0394, -0.0790,  0.0365, -0.0227,
        -0.0606,  0.0141, -0.0164, -0.0749, -0.0597,  0.0831,  0.0192,  0.0349,
        -0.0439, -0.0093,  0.0705, -0.0730, -0.0105, -0.0537,  0.0832,  0.0648,
        -0.0603,  0.0722,  0.0843, -0.0872, -0.0695,  0.0600,  0.0482,  0.0452,
        -0.0830, -0.0051,  0.0083,  0.0651, -0.0509, -0.0119,  0.0070,  0.0840],
       device='cuda:0', requires_grad=True)
parameters of the network fc4.weight 
 torch.Size([6796, 64]) 
 True 
 tensor([[-0.1200, -0.0410,  0.0064,  ...,  0.0721,  0.0789,  0.0467],
        [ 0.0321, -0.0403, -0.0805,  ...,  0.0356,  0.0139,  0.0795],
        [-0.0179, -0.0515,  0.0120,  ...,  0.0318, -0.1214,  0.0540],
        ...,
        [-0.0567, -0.0669,  0.0652,  ...,  0.0408,  0.0901,  0.0623],
        [ 0.0182,  0.0755, -0.0643,  ...,  0.1137, -0.1070, -0.0856],
        [-0.0413, -0.0129,  0.0956,  ..., -0.0746, -0.0845,  0.0177]],
       device='cuda:0') 
 Parameter containing:
tensor([[-0.1200, -0.0410,  0.0064,  ...,  0.0721,  0.0789,  0.0467],
        [ 0.0321, -0.0403, -0.0805,  ...,  0.0356,  0.0139,  0.0795],
        [-0.0179, -0.0515,  0.0120,  ...,  0.0318, -0.1214,  0.0540],
        ...,
        [-0.0567, -0.0669,  0.0652,  ...,  0.0408,  0.0901,  0.0623],
        [ 0.0182,  0.0755, -0.0643,  ...,  0.1137, -0.1070, -0.0856],
        [-0.0413, -0.0129,  0.0956,  ..., -0.0746, -0.0845,  0.0177]],
       device='cuda:0', requires_grad=True)
parameters of the network fc4.bias 
 torch.Size([6796]) 
 True 
 tensor([ 0.1019, -0.1120, -0.0574,  ...,  0.1114, -0.1124,  0.0873],
       device='cuda:0') 
 Parameter containing:
tensor([ 0.1019, -0.1120, -0.0574,  ...,  0.1114, -0.1124,  0.0873],
       device='cuda:0', requires_grad=True)

Passing event 1007 from the network before training input tensor([[0., 0., 0.,  ..., 0., 0., 0.],
        [0., 0., 0.,  ..., 0., 0., 0.],
        [0., 0., 0.,  ..., 0., 0., 0.],
        ...,
        [0., 0., 0.,  ..., 0., 0., 0.],
        [0., 0., 0.,  ..., 0., 0., 0.],
        [0., 0., 0.,  ..., 0., 0., 0.]]) 
result1: tensor([[0.5273, 0.4748, 0.4887,  ..., 0.5254, 0.4776, 0.5263],
        [0.5272, 0.4748, 0.4886,  ..., 0.5253, 0.4776, 0.5264],
        [0.5273, 0.4748, 0.4886,  ..., 0.5253, 0.4776, 0.5264],
        ...,
        [0.5273, 0.4747, 0.4887,  ..., 0.5254, 0.4775, 0.5264],
        [0.5273, 0.4748, 0.4887,  ..., 0.5254, 0.4776, 0.5264],
        [0.5273, 0.4748, 0.4886,  ..., 0.5254, 0.4775, 0.5264]],
       device='cuda:0', grad_fn=<SigmoidBackward0>) 
result1.shape: torch.Size([20, 6796])

Passing two random events from the network before training 
result1: tensor([[0.5273, 0.4748, 0.4887,  ..., 0.5254, 0.4776, 0.5263],
        [0.5272, 0.4748, 0.4886,  ..., 0.5253, 0.4776, 0.5264],
        [0.5273, 0.4748, 0.4886,  ..., 0.5253, 0.4776, 0.5264],
        ...,
        [0.5273, 0.4747, 0.4887,  ..., 0.5254, 0.4775, 0.5264],
        [0.5273, 0.4748, 0.4887,  ..., 0.5254, 0.4776, 0.5264],
        [0.5273, 0.4748, 0.4886,  ..., 0.5254, 0.4775, 0.5264]],
       device='cuda:0', grad_fn=<SigmoidBackward0>) 
result1.shape: torch.Size([20, 6796]) 
input: [[0. 0. 0. ... 0. 0. 0.]
 [0. 0. 0. ... 0. 0. 0.]
 [0. 0. 0. ... 0. 0. 0.]
 ...
 [0. 0. 0. ... 0. 0. 0.]
 [0. 0. 0. ... 0. 0. 0.]
 [0. 0. 0. ... 0. 0. 0.]]



load_model False 
TraEvN 19998 
BatchSize 30 
EpochNum 2 
epoch_save 5 
LrVal 0.0001 
weight_decay 5e-05 
startmesh 284 
endmesh 285 






optimizer.param_groups [{'params': [Parameter containing:
tensor([[[[ 0.2838, -0.2117, -0.1449],
          [ 0.2519,  0.0744, -0.0529],
          [ 0.2781, -0.1124,  0.1304]]],


        [[[ 0.1541,  0.2418,  0.3037],
          [ 0.1304, -0.0163, -0.0949],
          [ 0.2030,  0.2268,  0.3244]]],


        [[[ 0.2682,  0.1029,  0.0776],
          [-0.1010,  0.3176,  0.0302],
          [-0.0365,  0.1691, -0.0784]]],


        ...,


        [[[ 0.2072,  0.0596, -0.2882],
          [ 0.0106, -0.1789, -0.0215],
          [-0.2634, -0.1310, -0.2842]]],


        [[[ 0.1191, -0.2207,  0.2717],
          [-0.1982,  0.0537, -0.1206],
          [ 0.0516, -0.2673, -0.0335]]],


        [[[ 0.3240,  0.2774,  0.0493],
          [-0.3274,  0.0402,  0.1393],
          [-0.2807,  0.2704, -0.0221]]]], device='cuda:0', requires_grad=True), Parameter containing:
tensor([-0.2037,  0.0735,  0.0400, -0.2158, -0.1886,  0.0926, -0.2798, -0.0116,
         0.0089, -0.2326,  0.0578, -0.0085, -0.2836,  0.1688, -0.1180,  0.3169,
        -0.0687, -0.2219, -0.1676, -0.2902, -0.3242, -0.1348, -0.2195, -0.0096,
         0.2226,  0.2005,  0.1117, -0.0507, -0.1378, -0.2759, -0.1240,  0.1736,
         0.1916, -0.0768, -0.3198,  0.1197,  0.0195, -0.1960,  0.3315,  0.0218,
         0.3186,  0.2416, -0.2579, -0.2586,  0.2454,  0.1680, -0.2119,  0.2213,
        -0.2365,  0.2167, -0.1818,  0.0499, -0.0028, -0.0889, -0.0879,  0.2558,
        -0.0703,  0.2242,  0.0654, -0.0618, -0.0473,  0.2833, -0.2441,  0.2353,
         0.0851, -0.2944, -0.0328, -0.2108,  0.1803, -0.3135, -0.1310,  0.1759,
        -0.3082,  0.1426, -0.2523,  0.0154, -0.1561,  0.3270, -0.2837,  0.1658,
        -0.0310,  0.3314, -0.0196, -0.0300,  0.0512, -0.3299, -0.0236,  0.2006,
        -0.1927, -0.2960, -0.1208,  0.0677,  0.2075, -0.1294,  0.0947, -0.0436,
        -0.2404,  0.0993,  0.1161,  0.2374,  0.0560, -0.1565, -0.0579, -0.1888,
         0.1060, -0.1469,  0.0895, -0.2238, -0.0351, -0.1192,  0.2407,  0.1121,
        -0.2118,  0.1785, -0.2795, -0.0831,  0.1514, -0.2278, -0.1420,  0.2548,
        -0.2578, -0.3203,  0.2883, -0.3101, -0.3046,  0.1118, -0.0701, -0.1664,
        -0.1161,  0.1345,  0.2111,  0.2811, -0.0568,  0.1628,  0.2981, -0.1305,
        -0.0450, -0.0852,  0.0067, -0.1711,  0.1448,  0.1045, -0.1584,  0.2251,
        -0.1606,  0.0979, -0.1871, -0.2576, -0.0994,  0.1678,  0.0058,  0.2153,
        -0.0372, -0.2599,  0.2291, -0.0364, -0.1483,  0.0521, -0.0788, -0.1756,
         0.2815,  0.0077, -0.1635,  0.0343,  0.1971, -0.0423,  0.2856,  0.0623,
        -0.0211, -0.2106,  0.2160,  0.0224,  0.0953,  0.0672, -0.0990, -0.0930,
        -0.3109,  0.1240,  0.2730, -0.2324, -0.2340, -0.2102, -0.1815,  0.2253,
         0.1727,  0.2898,  0.3227, -0.1572, -0.2312,  0.2685,  0.2431,  0.1675,
         0.1212, -0.2044, -0.1716,  0.0438,  0.0656, -0.1457, -0.1628,  0.0029,
        -0.0744,  0.1278, -0.2959,  0.1464, -0.2953, -0.0107,  0.3206, -0.2799,
        -0.1139,  0.1997,  0.2252,  0.0755,  0.2868,  0.0168,  0.3102, -0.2933,
         0.0660, -0.0655, -0.2831,  0.1947,  0.0615,  0.2222, -0.1304,  0.0442,
        -0.3001, -0.3173, -0.1727, -0.3035, -0.3118, -0.0696, -0.2561,  0.1055,
         0.0193, -0.2579, -0.2123, -0.2147,  0.1610,  0.0726,  0.1912, -0.1032,
         0.0168,  0.2486, -0.0723,  0.3115,  0.2589, -0.2149, -0.0126, -0.2133,
         0.3254, -0.2533,  0.1901,  0.1531, -0.1706, -0.0049, -0.2711,  0.3174],
       device='cuda:0', requires_grad=True), Parameter containing:
tensor([[[[ 2.0050e-02,  1.6479e-02,  1.8464e-02],
          [-7.6737e-03, -9.7438e-03, -6.7764e-03],
          [ 1.2991e-03, -8.0484e-03, -2.0125e-03]],

         [[ 1.6859e-02,  1.5490e-02,  3.9483e-03],
          [-1.4627e-03,  1.8485e-03,  1.0518e-02],
          [ 1.1550e-02,  4.2184e-04,  8.0584e-03]],

         [[-1.5893e-02,  2.0323e-02,  2.4897e-03],
          [-6.1960e-03,  5.4537e-03,  5.9223e-03],
          [-1.0320e-02,  3.3118e-03,  2.7839e-03]],

         ...,

         [[-1.1452e-03,  1.1297e-02,  5.5519e-03],
          [ 9.0662e-03,  1.4453e-02,  1.4203e-02],
          [-2.3011e-03, -7.2964e-03, -1.4472e-02]],

         [[-1.3884e-02, -1.3263e-02, -1.1288e-02],
          [-1.0539e-02,  1.1792e-02, -2.0349e-02],
          [-1.4067e-02, -1.2893e-02,  1.8307e-02]],

         [[ 2.2124e-03,  2.4451e-03,  3.3383e-03],
          [ 7.9142e-03,  1.2104e-02, -1.9188e-03],
          [ 1.8789e-02,  5.5270e-03, -8.4575e-03]]],


        [[[ 1.9290e-02, -1.1761e-02,  1.3138e-02],
          [-1.8586e-02,  1.6388e-02, -1.8611e-03],
          [-1.9445e-02, -9.0008e-03, -5.2646e-03]],

         [[-1.2103e-02,  1.5425e-02, -1.2029e-02],
          [ 1.2478e-03, -5.4359e-03, -1.9091e-02],
          [-9.0458e-03, -1.8562e-02, -1.5973e-02]],

         [[-1.8844e-02,  1.4086e-02,  1.6595e-02],
          [ 1.8150e-02,  1.9172e-03,  1.0768e-03],
          [ 1.7278e-02,  6.8486e-04, -6.7140e-03]],

         ...,

         [[ 4.9617e-03, -7.1280e-03,  1.9600e-02],
          [ 1.0939e-02, -1.0533e-02, -8.5912e-04],
          [ 9.2346e-03,  1.2862e-02, -1.8462e-03]],

         [[ 1.3049e-02, -4.7663e-04,  1.3359e-02],
          [-9.8971e-03,  9.5552e-03,  1.9423e-02],
          [ 1.4837e-02, -1.4150e-02, -1.6880e-02]],

         [[-4.3520e-03,  1.2785e-02, -1.5525e-02],
          [-6.4133e-04,  1.7314e-02,  7.4462e-03],
          [-1.3552e-02,  1.4067e-02,  1.3894e-02]]],


        [[[ 2.5301e-03,  4.7515e-03,  1.7651e-02],
          [ 7.0631e-03,  1.3246e-02,  1.9654e-02],
          [-8.1423e-03, -1.7170e-02,  5.1628e-03]],

         [[ 1.5386e-02,  2.5049e-03,  1.5970e-02],
          [ 3.9112e-03,  1.1921e-03,  6.3067e-03],
          [ 1.8988e-02, -3.2088e-03, -6.3586e-03]],

         [[ 1.0138e-02, -1.8468e-02, -1.8776e-02],
          [ 8.1554e-03,  4.6073e-03, -5.8867e-03],
          [ 8.0430e-03, -1.2844e-03,  5.9015e-03]],

         ...,

         [[ 1.9824e-02, -9.0852e-03,  8.7612e-03],
          [ 1.8180e-03,  1.3989e-02,  1.1430e-02],
          [-1.1746e-02, -1.5949e-02,  1.6013e-02]],

         [[ 1.6216e-02, -1.7320e-02, -1.6514e-02],
          [-1.3808e-02, -3.5949e-03,  1.8002e-02],
          [ 1.3002e-02,  7.9683e-03,  4.1170e-03]],

         [[ 1.5732e-02,  3.9103e-03, -2.4650e-03],
          [-1.6724e-02, -3.6585e-03,  1.1757e-02],
          [-1.6406e-02,  1.6142e-02,  1.8831e-02]]],


        ...,


        [[[ 1.0870e-02, -2.0242e-02, -1.4503e-02],
          [ 4.9297e-03,  8.7495e-03, -2.4138e-04],
          [ 1.1266e-02, -7.6467e-03,  1.0572e-02]],

         [[-6.9780e-03,  1.7967e-02, -1.7240e-02],
          [-7.3980e-03, -4.9113e-03,  4.7802e-03],
          [ 2.9500e-03,  4.0258e-03,  1.7427e-02]],

         [[ 2.0630e-02,  1.4329e-03, -1.5120e-02],
          [-1.8712e-03,  1.4441e-02,  2.2032e-03],
          [ 1.7569e-02, -1.8141e-02,  6.5463e-03]],

         ...,

         [[-1.0528e-02, -7.8451e-03,  5.1057e-03],
          [-1.9843e-02,  1.6777e-02, -1.4441e-02],
          [ 1.1907e-02, -1.0615e-02, -1.0968e-03]],

         [[ 1.5122e-02,  6.4020e-04,  4.0469e-03],
          [-1.0181e-02, -1.7064e-02, -1.8922e-02],
          [-1.6810e-02, -1.2674e-02,  4.6353e-03]],

         [[-9.4046e-03, -1.4397e-02, -1.2950e-02],
          [-8.8415e-03, -7.8158e-03,  1.6256e-02],
          [-4.8583e-03,  3.9690e-04,  1.4413e-02]]],


        [[[ 1.1383e-02,  1.3867e-02, -6.6085e-03],
          [-7.8032e-03,  4.9759e-03, -7.7252e-03],
          [-1.2726e-02,  9.0803e-03,  8.3884e-03]],

         [[-1.6115e-03, -1.1524e-02,  1.3570e-02],
          [ 3.3879e-03,  1.2804e-04,  1.8870e-02],
          [ 5.5621e-03,  6.5317e-04,  1.9328e-02]],

         [[-9.8724e-03,  4.5147e-03, -2.0022e-02],
          [ 1.8008e-02, -1.0676e-02,  4.2904e-04],
          [ 1.0276e-02,  7.6088e-03,  2.0304e-02]],

         ...,

         [[-1.1657e-03,  1.5968e-02, -4.8915e-03],
          [ 3.3377e-03, -6.6280e-03, -7.9516e-03],
          [ 1.3898e-02,  9.4466e-03,  1.1328e-02]],

         [[ 2.0094e-02, -1.7854e-02, -6.1770e-03],
          [ 1.1378e-02,  1.1744e-02, -1.1189e-02],
          [ 1.0055e-02, -1.9774e-02, -2.0000e-02]],

         [[-4.9765e-03,  2.1321e-03, -1.8216e-02],
          [ 1.9300e-02, -1.8511e-02, -1.7756e-02],
          [ 1.6096e-02, -2.6792e-03, -4.2188e-03]]],


        [[[-3.0457e-03, -1.7341e-02, -1.5072e-02],
          [ 1.2866e-02, -2.8091e-05,  1.4347e-02],
          [-3.3188e-03,  8.9233e-03, -5.3686e-03]],

         [[-1.2654e-02,  1.5627e-02,  9.6485e-03],
          [ 4.9057e-03,  6.3898e-03,  1.9709e-02],
          [-1.8942e-02,  2.0568e-03,  1.8609e-02]],

         [[ 4.5015e-03, -1.9877e-02, -1.8567e-02],
          [-1.4729e-02,  4.5748e-03,  1.5753e-02],
          [ 9.2769e-03, -1.9718e-02,  2.0303e-02]],

         ...,

         [[-1.4970e-02,  1.9434e-03, -6.8873e-03],
          [ 4.9386e-03,  9.5707e-03,  7.2082e-05],
          [ 8.3925e-03, -1.7415e-02, -1.0834e-02]],

         [[-1.7889e-02, -1.2497e-02, -1.2173e-02],
          [-9.5425e-03,  7.4207e-03, -4.9883e-03],
          [ 1.3961e-02, -4.6177e-03, -3.3953e-03]],

         [[ 8.8183e-03, -1.5089e-02, -9.9528e-04],
          [ 1.3012e-02, -1.5347e-02, -1.0627e-03],
          [ 1.6197e-02,  6.8366e-03, -4.7290e-04]]]], device='cuda:0',
       requires_grad=True), Parameter containing:
tensor([-2.0410e-02, -1.0234e-02, -1.5028e-02,  1.7582e-02, -9.3413e-03,
        -1.5836e-02,  3.2032e-03,  6.0375e-03,  9.5968e-03, -1.6612e-03,
        -1.1883e-02,  1.6784e-02, -9.7086e-03, -2.0772e-02,  4.8434e-03,
         8.0396e-03,  1.9961e-02, -1.7704e-03, -1.4696e-02, -2.0449e-02,
         1.9962e-02, -2.9405e-03, -7.2491e-03,  1.7330e-02,  8.1916e-03,
         1.7796e-02, -5.1251e-03, -1.2021e-02, -1.9468e-02,  1.7866e-02,
        -1.9694e-02, -1.5720e-02, -1.6370e-02, -1.1346e-02,  1.3284e-02,
        -6.8586e-03,  1.9585e-02, -5.2688e-03, -1.4373e-02, -1.3551e-02,
        -1.6623e-02, -1.8889e-02,  5.5338e-05,  1.0058e-02,  1.8117e-03,
         1.0450e-02,  1.6652e-02, -1.9122e-03,  5.8663e-03, -1.7970e-02,
         1.0926e-02,  5.0664e-03,  1.2547e-02,  1.0357e-03,  1.4044e-02,
        -1.3769e-02,  7.9574e-03,  3.9701e-03, -1.2573e-02,  8.9559e-04,
        -1.2196e-02, -4.8648e-03, -6.7170e-03, -6.5845e-03,  1.4827e-02,
        -3.9838e-03,  3.7248e-03,  1.9772e-02,  3.4534e-03, -6.2501e-04,
        -1.4548e-02,  3.4296e-03, -5.4790e-03, -2.9786e-03,  4.9941e-03,
        -1.1425e-02, -6.9505e-03, -5.0189e-03,  2.0176e-02,  1.3201e-02,
        -5.9256e-03, -7.1728e-03,  1.3660e-02,  1.2276e-02,  1.8679e-02,
        -1.7517e-02,  1.3062e-02,  3.3291e-04, -5.3135e-03,  1.4239e-02,
         1.1988e-02, -1.7049e-02,  1.6543e-02,  2.1352e-03,  5.1418e-03,
         1.3217e-02,  6.1298e-03,  7.7054e-03,  1.6914e-02, -1.2025e-02,
        -1.4604e-02, -2.9550e-03, -6.6422e-03,  1.1357e-02, -1.6417e-02,
        -5.5273e-03, -1.6170e-02,  1.6482e-02, -4.4718e-03,  9.4533e-03,
         4.5093e-05,  4.6231e-03,  1.2929e-02, -8.4764e-03, -1.6963e-02,
        -1.2706e-02,  5.0596e-03,  3.6950e-03, -1.5146e-02,  1.9976e-02,
         5.9160e-03, -7.7820e-03,  8.2804e-04, -1.4777e-02, -1.8236e-02,
        -5.1555e-03, -9.0496e-03,  2.1373e-03], device='cuda:0',
       requires_grad=True), Parameter containing:
tensor([[[[-1.0933e-02,  1.0628e-02,  1.8439e-02],
          [ 1.2236e-02,  1.7487e-02, -2.5690e-02],
          [-2.5379e-02, -2.6826e-02,  2.6575e-02]],

         [[ 9.0960e-03,  8.4185e-04,  2.2096e-02],
          [ 9.7502e-03,  2.3104e-02,  2.5332e-02],
          [-1.5851e-02,  9.7307e-03,  2.0599e-02]],

         [[-1.6748e-02,  8.1144e-03, -7.3500e-03],
          [-1.1301e-02, -1.8777e-02, -3.1382e-05],
          [-2.0631e-02,  1.1777e-02, -1.0649e-02]],

         ...,

         [[-1.9361e-02,  1.0052e-03, -2.7587e-02],
          [-1.4994e-02, -5.3044e-03, -1.0380e-02],
          [ 7.1606e-03, -2.1543e-02,  1.0809e-02]],

         [[-2.0722e-02, -1.4593e-02,  2.4982e-02],
          [-5.9960e-03,  5.2997e-03, -1.3797e-02],
          [ 2.6575e-02, -7.2437e-03, -2.1742e-02]],

         [[ 5.5577e-04,  2.7058e-02, -2.6360e-02],
          [ 9.8565e-03, -3.0635e-03, -1.4333e-02],
          [-2.0982e-02,  2.9396e-02,  5.1008e-04]]],


        [[[-2.9094e-03, -1.6576e-02,  2.7564e-02],
          [ 2.4025e-03,  2.8719e-02, -7.6174e-03],
          [-1.2838e-02, -1.9877e-02,  2.0054e-02]],

         [[ 2.1441e-02, -1.1666e-02, -2.5499e-02],
          [-3.6752e-03,  1.3176e-02, -1.1016e-02],
          [ 3.2975e-03, -2.7241e-03,  2.0015e-02]],

         [[-1.0119e-02,  2.5198e-02, -4.1259e-03],
          [-5.4891e-03,  1.5723e-02, -2.2556e-02],
          [-1.0297e-02, -2.4954e-02,  1.7588e-02]],

         ...,

         [[ 2.9872e-03, -1.8770e-02,  8.8157e-04],
          [-4.5498e-03, -1.3661e-03,  2.6472e-02],
          [-4.8024e-03, -2.2962e-02, -4.9351e-03]],

         [[-8.1907e-03,  1.9027e-02,  1.6833e-02],
          [ 1.7446e-03,  2.8635e-02, -1.7849e-02],
          [-3.9859e-03,  8.4659e-03, -5.6672e-03]],

         [[ 1.0543e-02,  1.5670e-02, -7.2069e-03],
          [ 2.4750e-02, -1.2379e-02, -2.4760e-02],
          [-3.8904e-03,  3.3130e-04,  2.8032e-02]]],


        [[[ 9.3044e-03, -1.7555e-02,  1.5354e-02],
          [ 1.5534e-02,  8.0555e-03,  1.0943e-03],
          [ 2.1311e-02, -5.4643e-03,  2.9011e-02]],

         [[ 2.5111e-02,  3.9408e-03, -2.4318e-02],
          [-2.5462e-02,  3.0165e-04,  1.0146e-02],
          [ 1.8076e-02, -1.3650e-02,  1.7741e-02]],

         [[ 2.1413e-02, -1.8291e-02, -1.0527e-02],
          [-2.4365e-02, -9.1286e-03,  1.5684e-02],
          [ 5.7640e-03, -1.0443e-02,  1.0872e-02]],

         ...,

         [[ 6.8270e-03,  1.9070e-02, -4.0151e-03],
          [ 2.7493e-02, -2.3876e-03, -1.6253e-02],
          [-2.4730e-03,  2.8445e-02, -1.0949e-02]],

         [[ 2.1433e-02, -5.3815e-03,  1.6043e-02],
          [-8.7975e-03,  1.5460e-02, -2.5254e-02],
          [ 1.8922e-03,  1.3213e-02, -1.9437e-02]],

         [[ 1.1741e-02,  1.6666e-03, -2.5018e-02],
          [ 1.3897e-02, -3.2262e-03,  2.2132e-02],
          [-2.1316e-02,  1.7233e-02, -2.9951e-03]]],


        ...,


        [[[ 2.0639e-02, -6.5008e-03, -5.4149e-03],
          [-1.3316e-02, -1.6795e-02, -3.6973e-03],
          [ 1.1456e-02,  2.7152e-02,  2.7185e-02]],

         [[ 7.2721e-03,  1.2341e-02, -1.1601e-02],
          [-9.4189e-03, -1.8088e-02, -6.9953e-04],
          [-1.3014e-02,  1.2017e-02, -5.8294e-03]],

         [[-1.4206e-02, -1.5600e-02, -8.0064e-03],
          [-7.2596e-03, -1.6615e-02,  2.7330e-02],
          [ 8.2307e-03, -2.7778e-02, -8.3462e-03]],

         ...,

         [[-1.6297e-02,  7.2359e-04, -1.9142e-02],
          [-2.5519e-02,  1.9165e-02, -2.6216e-02],
          [ 2.5522e-02, -2.2538e-02,  7.8047e-03]],

         [[-1.2625e-03,  2.6166e-02, -2.6257e-02],
          [-2.4588e-02, -1.1935e-03, -1.8873e-02],
          [ 2.1635e-02,  2.5044e-02,  1.0905e-03]],

         [[-2.9287e-03, -5.3864e-03,  1.3697e-02],
          [-1.0257e-02,  1.2620e-02, -8.2019e-03],
          [-2.6373e-02, -1.7083e-02, -1.3446e-02]]],


        [[[ 6.8153e-03,  1.4927e-02,  1.8054e-02],
          [ 2.8164e-02,  2.6815e-03,  2.1643e-02],
          [ 1.4686e-02,  8.7768e-03, -1.9547e-02]],

         [[-1.0164e-02,  1.4718e-02,  2.1229e-02],
          [-1.9812e-03,  2.6372e-02,  1.0522e-02],
          [-2.2960e-02,  1.5128e-02,  9.6573e-03]],

         [[-2.7746e-02,  2.2434e-02, -2.8429e-02],
          [-4.5467e-03,  1.3140e-02, -2.1962e-02],
          [-5.2165e-03,  1.9453e-02,  2.2629e-02]],

         ...,

         [[ 6.0220e-03, -7.7575e-03,  1.8617e-02],
          [-1.7267e-02, -2.1442e-02,  3.0010e-04],
          [-1.5336e-03,  1.3844e-02, -1.1224e-02]],

         [[-8.7799e-03, -9.5825e-03,  7.9302e-03],
          [-1.1089e-02,  7.9402e-03, -1.4450e-02],
          [-8.0170e-03,  6.1289e-03,  2.2098e-02]],

         [[ 9.7958e-03, -2.3518e-02,  2.7094e-02],
          [-4.2948e-03,  2.4842e-02, -2.8211e-03],
          [-2.1178e-02, -1.8403e-02, -1.7987e-02]]],


        [[[-1.5958e-03, -1.7906e-02,  1.6061e-02],
          [-9.5614e-03,  1.1182e-02,  6.4716e-03],
          [-6.8905e-03,  7.0415e-03, -2.5405e-02]],

         [[ 5.0722e-03,  2.1648e-02,  1.5601e-02],
          [-2.5766e-02,  2.8984e-02, -2.4991e-02],
          [ 8.7746e-04, -1.2611e-03, -1.0073e-02]],

         [[ 1.0363e-02,  4.3383e-03,  2.5530e-02],
          [-5.6629e-03,  2.4390e-02, -2.4715e-02],
          [-9.8042e-03,  2.5933e-02, -9.7051e-03]],

         ...,

         [[-6.6256e-03,  1.2493e-02, -5.6289e-03],
          [ 4.3406e-03,  1.1086e-02, -2.0025e-02],
          [-3.0326e-03,  2.0426e-02,  2.4262e-02]],

         [[-2.4199e-02, -1.8403e-02,  5.4768e-03],
          [-6.7062e-03, -7.8888e-03,  1.8590e-02],
          [ 4.3433e-03, -1.5447e-02, -5.6042e-03]],

         [[-1.7126e-02,  2.2869e-02, -1.7480e-04],
          [-2.5252e-02,  8.3860e-03,  2.9233e-02],
          [ 2.8634e-02,  4.2071e-03, -2.6647e-04]]]], device='cuda:0',
       requires_grad=True), Parameter containing:
tensor([ 0.0025,  0.0004, -0.0008,  0.0075,  0.0236,  0.0067, -0.0289, -0.0066,
         0.0251, -0.0185,  0.0200, -0.0284,  0.0192,  0.0118,  0.0004, -0.0019,
        -0.0090,  0.0253, -0.0233,  0.0137, -0.0140,  0.0176,  0.0109, -0.0274,
        -0.0207,  0.0223,  0.0013, -0.0209, -0.0197,  0.0262,  0.0281,  0.0059,
         0.0004,  0.0275, -0.0058,  0.0179, -0.0163, -0.0285, -0.0021, -0.0215,
        -0.0070,  0.0114, -0.0125,  0.0192, -0.0280,  0.0170, -0.0020,  0.0022,
         0.0143, -0.0084, -0.0150, -0.0100, -0.0077, -0.0273, -0.0206, -0.0273,
         0.0048,  0.0113,  0.0067,  0.0118,  0.0092,  0.0290, -0.0211, -0.0016],
       device='cuda:0', requires_grad=True), Parameter containing:
tensor([[ 7.4361e-04,  2.9542e-04,  7.8804e-04,  ...,  8.4400e-04,
          1.6581e-04, -1.2081e-04],
        [-1.1689e-03,  8.5728e-04,  1.1053e-03,  ...,  8.3084e-05,
         -3.6099e-04, -3.6646e-04],
        [-6.7825e-04, -6.7950e-04,  1.5578e-04,  ...,  4.8642e-04,
          6.7831e-04,  6.2062e-04],
        ...,
        [ 1.0884e-03, -7.7711e-05,  1.0634e-03,  ...,  1.1211e-03,
          1.1522e-03,  4.4535e-04],
        [-9.9965e-04, -6.4387e-04,  5.9463e-04,  ...,  4.4687e-04,
         -1.0779e-03,  1.1647e-03],
        [ 1.5627e-05, -4.2295e-04, -4.6549e-04,  ...,  1.7087e-04,
         -3.7737e-04, -1.0634e-03]], device='cuda:0', requires_grad=True), Parameter containing:
tensor([-1.0560e-03, -2.9061e-04,  8.5557e-04, -1.1699e-03, -4.6742e-04,
         6.9974e-04,  1.1790e-03, -1.0953e-03,  3.4693e-04, -1.0413e-03,
        -9.1120e-04, -9.5661e-04, -5.9123e-04, -6.1591e-04, -1.0855e-03,
        -3.8332e-04, -9.2594e-04,  7.9990e-04,  3.8338e-04, -1.7728e-04,
        -4.2988e-04, -6.2657e-05,  5.6843e-04,  1.4529e-04,  3.0099e-04,
         3.5306e-04,  9.4015e-04, -1.1771e-03,  6.1818e-05, -9.1588e-04,
        -6.1402e-04, -5.9470e-04,  3.5909e-04,  1.0842e-03, -3.5586e-04,
         1.0172e-03,  9.6402e-04, -3.3201e-04,  1.0920e-03,  4.8372e-04,
        -8.1902e-04,  6.7461e-04,  5.7290e-04, -2.3270e-04, -7.1147e-04,
        -7.1725e-04,  6.2368e-04, -7.8581e-04,  5.8121e-04, -1.1537e-03,
        -4.0015e-04,  5.5283e-04,  5.1255e-05,  8.2607e-04, -1.6493e-04,
         6.6348e-04,  1.0449e-03, -1.1898e-04,  7.4227e-04,  1.0241e-03,
         3.8540e-04, -7.0085e-05,  1.1134e-04,  5.8501e-04, -1.0523e-03,
        -1.6959e-05, -9.2240e-04,  3.2952e-04, -4.1568e-04,  4.8769e-04,
         5.9555e-04,  3.6070e-04, -1.1996e-04,  2.6249e-04, -6.1852e-04,
         1.0855e-04,  7.7637e-04, -5.7484e-04, -4.6506e-04,  8.6288e-04,
        -1.0780e-05, -2.2786e-04,  7.3220e-05,  1.0774e-03,  1.1156e-03,
         8.1764e-04, -3.4983e-04,  6.5488e-04,  8.1984e-04, -9.3924e-05,
         9.8073e-05, -5.2298e-04,  2.1167e-04,  2.8099e-05, -2.6793e-04,
         1.1801e-03,  3.0603e-04, -1.1941e-04, -3.7949e-04, -5.6179e-04,
         7.4563e-04, -6.1636e-04, -7.2568e-04,  2.2233e-04,  3.0582e-04,
        -8.0007e-04, -2.5379e-04,  7.6202e-04,  2.4553e-04, -8.8836e-05,
        -3.7743e-04,  1.1731e-03,  4.3449e-04, -1.0888e-03, -7.6069e-04,
         1.9412e-04, -1.0094e-03,  9.9238e-04, -6.6097e-05, -2.7721e-04,
         7.7089e-04,  1.2153e-03, -1.1643e-03,  4.4554e-04,  4.2670e-05,
        -3.6259e-04,  2.5469e-04,  5.5924e-04, -1.3316e-04, -9.9357e-04,
        -2.6655e-04, -7.0113e-05,  1.2029e-03,  8.3041e-04,  7.3923e-04,
        -3.4227e-04,  5.4927e-04, -2.0965e-04, -1.1676e-03, -1.5069e-04,
        -2.0705e-04, -2.6824e-04,  7.5898e-04,  9.3663e-05, -6.3000e-04,
        -4.3780e-04, -1.2003e-03,  6.3299e-04,  5.3492e-04, -6.5021e-04,
        -1.2363e-04,  8.0710e-04,  6.5269e-04,  9.3120e-04,  8.3495e-04,
        -9.9949e-04,  1.1436e-03,  3.1435e-04, -5.8240e-04, -8.2917e-04,
         8.2060e-04,  7.5029e-04, -1.0273e-03,  1.4304e-04, -9.0138e-04,
         8.5311e-04, -1.7781e-04,  1.0102e-03,  9.8206e-04,  8.2794e-04,
         5.3270e-04,  5.8108e-04,  9.1668e-04, -4.3426e-05, -1.1988e-03,
         2.7639e-05, -8.0278e-05,  2.7683e-05, -3.1830e-04, -1.9866e-04,
         1.1825e-03, -7.0307e-04, -3.5461e-04,  2.0700e-07,  3.7689e-04,
        -7.7500e-04,  9.6192e-04, -3.1545e-04,  4.1596e-04, -6.7832e-04,
         7.0844e-04, -8.3126e-04, -7.7771e-04, -2.9626e-04,  1.1497e-03,
        -7.2483e-05,  5.3614e-04,  3.5988e-05,  5.7846e-04,  4.3730e-04,
         1.1260e-03,  1.0975e-03,  2.4118e-06,  1.3089e-04, -3.8977e-04,
         1.0987e-03, -1.0793e-03,  3.1318e-04, -8.4842e-04, -9.6711e-04,
         4.7934e-04,  5.8828e-04,  3.5152e-04, -2.4986e-04, -1.2219e-03,
         8.3375e-04,  9.0312e-04,  1.9913e-04, -7.8637e-05,  1.7104e-04,
         2.2645e-04, -5.7428e-04, -3.3161e-04, -1.5511e-04,  9.8442e-04,
         4.0082e-04, -6.7945e-04, -6.4843e-04,  1.2037e-03, -4.7426e-04,
        -1.0641e-03, -1.0400e-03,  2.7598e-04, -1.0616e-03,  5.1135e-04,
         9.9133e-04,  1.0649e-03,  5.6191e-04,  5.4424e-04,  1.1377e-03,
        -1.1553e-03, -2.6423e-04, -5.2804e-04, -9.0903e-04,  1.2142e-03,
         7.3699e-04,  3.6942e-05,  8.8173e-04,  1.0307e-03,  1.0745e-03,
        -2.0957e-04,  9.6328e-04, -5.2114e-04, -5.1821e-04,  1.4192e-04,
        -1.1713e-03], device='cuda:0', requires_grad=True), Parameter containing:
tensor([[ 0.0496, -0.0601, -0.0250,  ..., -0.0133,  0.0543, -0.0069],
        [-0.0154,  0.0193,  0.0334,  ..., -0.0401,  0.0494, -0.0062],
        [ 0.0180,  0.0346,  0.0065,  ...,  0.0603, -0.0368, -0.0197],
        ...,
        [-0.0601,  0.0607, -0.0060,  ..., -0.0220, -0.0166, -0.0528],
        [-0.0182,  0.0019,  0.0026,  ..., -0.0539, -0.0302,  0.0563],
        [ 0.0623, -0.0027,  0.0336,  ..., -0.0471,  0.0081, -0.0522]],
       device='cuda:0', requires_grad=True), Parameter containing:
tensor([ 2.0111e-03,  4.0088e-02,  1.3978e-02, -2.9324e-02, -5.8681e-03,
         2.9535e-02, -3.5088e-02,  4.1823e-02, -1.7851e-02,  5.5312e-02,
        -4.6868e-02,  2.8967e-03,  1.5579e-02,  1.7460e-02,  1.9582e-02,
         5.6378e-03, -5.1928e-02,  1.4882e-02,  2.7761e-02, -2.8190e-02,
         2.6692e-02, -2.7931e-02,  5.9337e-02,  4.4979e-02, -1.6941e-02,
        -5.5237e-02, -5.5389e-02,  1.6262e-02, -3.8744e-02,  6.2373e-04,
         2.8279e-02, -6.1581e-02,  1.4412e-02, -4.5101e-02, -3.3919e-02,
        -5.6475e-02, -4.6171e-03, -5.9443e-02,  2.3164e-03,  4.6270e-03,
        -9.7428e-03,  5.5445e-02, -1.0367e-02,  3.8383e-02,  1.1308e-02,
         9.1836e-03, -4.8103e-02,  6.0980e-02,  3.2352e-02,  1.7432e-02,
        -4.1932e-03, -3.4266e-02, -3.5791e-02,  2.5751e-02,  2.4903e-02,
         5.7105e-02, -1.1821e-02, -3.9259e-02, -5.8380e-02,  2.5581e-02,
        -3.5708e-03,  1.1305e-02, -1.7674e-03, -1.6556e-02,  2.0088e-02,
        -3.4385e-02,  6.1688e-03,  6.0033e-03, -1.1331e-02, -2.8021e-02,
         9.6239e-05,  5.7941e-02, -1.1721e-02,  5.1667e-02, -3.7369e-02,
        -1.1427e-02, -3.4411e-02, -1.6077e-03, -5.1049e-04,  5.8288e-03,
         5.3742e-02, -1.5076e-02, -3.8168e-02,  4.7817e-02, -4.0303e-02,
        -1.2614e-02,  2.1668e-02,  2.9486e-02, -4.7266e-02, -3.2357e-02,
         1.9734e-03, -2.3338e-02,  6.0121e-02,  1.0476e-02, -5.3876e-02,
         5.4178e-02, -4.5899e-02, -4.8050e-02,  2.8158e-02,  8.8319e-03,
         3.6990e-02,  6.1818e-02, -4.3322e-02, -5.6360e-02, -9.2615e-03,
        -2.5332e-02,  3.8749e-03, -3.4031e-02, -5.0719e-02,  1.5167e-02,
        -8.9374e-03,  4.4573e-02, -1.8221e-02,  5.8982e-02, -5.2732e-02,
         2.2623e-02, -2.5007e-02,  7.2993e-03, -1.4424e-02,  1.0887e-03,
         3.8932e-02,  3.5334e-02,  5.3809e-02,  3.0289e-02,  6.2143e-02,
        -4.4463e-02,  3.5696e-02,  6.4802e-03], device='cuda:0',
       requires_grad=True), Parameter containing:
tensor([[ 0.0588, -0.0798, -0.0481,  ...,  0.0764,  0.0001,  0.0546],
        [ 0.0342, -0.0496,  0.0848,  ..., -0.0874,  0.0021, -0.0777],
        [-0.0381,  0.0551,  0.0393,  ...,  0.0416, -0.0306, -0.0103],
        ...,
        [-0.0151,  0.0461, -0.0308,  ..., -0.0784, -0.0809, -0.0699],
        [ 0.0626,  0.0465,  0.0765,  ...,  0.0188, -0.0340,  0.0147],
        [-0.0248, -0.0300,  0.0882,  ..., -0.0348, -0.0368,  0.0854]],
       device='cuda:0', requires_grad=True), Parameter containing:
tensor([-0.0055, -0.0032, -0.0502, -0.0364,  0.0260,  0.0661, -0.0691,  0.0114,
         0.0031,  0.0557,  0.0369, -0.0511,  0.0107, -0.0012, -0.0630,  0.0556,
        -0.0400,  0.0200,  0.0367, -0.0067,  0.0525, -0.0834,  0.0629,  0.0066,
         0.0648,  0.0435, -0.0312, -0.0133, -0.0394, -0.0790,  0.0365, -0.0227,
        -0.0606,  0.0141, -0.0164, -0.0749, -0.0597,  0.0831,  0.0192,  0.0349,
        -0.0439, -0.0093,  0.0705, -0.0730, -0.0105, -0.0537,  0.0832,  0.0648,
        -0.0603,  0.0722,  0.0843, -0.0872, -0.0695,  0.0600,  0.0482,  0.0452,
        -0.0830, -0.0051,  0.0083,  0.0651, -0.0509, -0.0119,  0.0070,  0.0840],
       device='cuda:0', requires_grad=True), Parameter containing:
tensor([[-0.1200, -0.0410,  0.0064,  ...,  0.0721,  0.0789,  0.0467],
        [ 0.0321, -0.0403, -0.0805,  ...,  0.0356,  0.0139,  0.0795],
        [-0.0179, -0.0515,  0.0120,  ...,  0.0318, -0.1214,  0.0540],
        ...,
        [-0.0567, -0.0669,  0.0652,  ...,  0.0408,  0.0901,  0.0623],
        [ 0.0182,  0.0755, -0.0643,  ...,  0.1137, -0.1070, -0.0856],
        [-0.0413, -0.0129,  0.0956,  ..., -0.0746, -0.0845,  0.0177]],
       device='cuda:0', requires_grad=True), Parameter containing:
tensor([ 0.1019, -0.1120, -0.0574,  ...,  0.1114, -0.1124,  0.0873],
       device='cuda:0', requires_grad=True)], 'lr': 0.0001, 'betas': (0.9, 0.999), 'eps': 1e-08, 'weight_decay': 5e-05, 'amsgrad': False}]
epoch: 0 batch 0.0 event: 0 loss: tensor(184.3638, device='cuda:0', grad_fn=<DivBackward0>)
epoch: 0 batch 10.0 event: 300 loss: tensor(2009.6572, device='cuda:0', grad_fn=<DivBackward0>)
epoch: 0 batch 20.0 event: 600 loss: tensor(1765.0533, device='cuda:0', grad_fn=<DivBackward0>)
epoch: 0 batch 30.0 event: 900 loss: tensor(2093.1692, device='cuda:0', grad_fn=<DivBackward0>)
epoch: 0 batch 40.0 event: 1200 loss: tensor(2013.8241, device='cuda:0', grad_fn=<DivBackward0>)
epoch: 0 batch 50.0 event: 1500 loss: tensor(1433.0897, device='cuda:0', grad_fn=<DivBackward0>)
epoch: 0 batch 60.0 event: 1800 loss: tensor(1753.6448, device='cuda:0', grad_fn=<DivBackward0>)
epoch: 0 batch 70.0 event: 2100 loss: tensor(1837.3131, device='cuda:0', grad_fn=<DivBackward0>)
epoch: 0 batch 80.0 event: 2400 loss: tensor(1782.0784, device='cuda:0', grad_fn=<DivBackward0>)
epoch: 0 batch 90.0 event: 2700 loss: tensor(2069.8059, device='cuda:0', grad_fn=<DivBackward0>)
epoch: 0 batch 100.0 event: 3000 loss: tensor(1995.8342, device='cuda:0', grad_fn=<DivBackward0>)
epoch: 0 batch 110.0 event: 3300 loss: tensor(2059.9646, device='cuda:0', grad_fn=<DivBackward0>)
epoch: 0 batch 120.0 event: 3600 loss: tensor(1721.7731, device='cuda:0', grad_fn=<DivBackward0>)
epoch: 0 batch 130.0 event: 3900 loss: tensor(1995.7883, device='cuda:0', grad_fn=<DivBackward0>)
epoch: 0 batch 140.0 event: 4200 loss: tensor(1983.6429, device='cuda:0', grad_fn=<DivBackward0>)
epoch: 0 batch 150.0 event: 4500 loss: tensor(1832.0439, device='cuda:0', grad_fn=<DivBackward0>)
epoch: 0 batch 160.0 event: 4800 loss: tensor(1973.4355, device='cuda:0', grad_fn=<DivBackward0>)
epoch: 0 batch 170.0 event: 5100 loss: tensor(1794.3379, device='cuda:0', grad_fn=<DivBackward0>)
epoch: 0 batch 180.0 event: 5400 loss: tensor(2065.4314, device='cuda:0', grad_fn=<DivBackward0>)
epoch: 0 batch 190.0 event: 5700 loss: tensor(2027.2217, device='cuda:0', grad_fn=<DivBackward0>)
epoch: 0 batch 200.0 event: 6000 loss: tensor(1938.3821, device='cuda:0', grad_fn=<DivBackward0>)
epoch: 0 batch 210.0 event: 6300 loss: tensor(1737.9924, device='cuda:0', grad_fn=<DivBackward0>)
epoch: 0 batch 220.0 event: 6600 loss: tensor(2071.9536, device='cuda:0', grad_fn=<DivBackward0>)
epoch: 0 batch 230.0 event: 6900 loss: tensor(1827.5526, device='cuda:0', grad_fn=<DivBackward0>)
epoch: 0 batch 240.0 event: 7200 loss: tensor(1894.7871, device='cuda:0', grad_fn=<DivBackward0>)
epoch: 0 batch 250.0 event: 7500 loss: tensor(1864.5188, device='cuda:0', grad_fn=<DivBackward0>)
epoch: 0 batch 260.0 event: 7800 loss: tensor(1816.0179, device='cuda:0', grad_fn=<DivBackward0>)
epoch: 0 batch 270.0 event: 8100 loss: tensor(1985.9540, device='cuda:0', grad_fn=<DivBackward0>)
epoch: 0 batch 290.0 event: 8700 loss: tensor(3579.3318, device='cuda:0', grad_fn=<DivBackward0>)
epoch: 0 batch 300.0 event: 9000 loss: tensor(2048.5432, device='cuda:0', grad_fn=<DivBackward0>)
epoch: 0 batch 310.0 event: 9300 loss: tensor(1980.4768, device='cuda:0', grad_fn=<DivBackward0>)
epoch: 0 batch 320.0 event: 9600 loss: tensor(1932.0598, device='cuda:0', grad_fn=<DivBackward0>)
epoch: 0 batch 330.0 event: 9900 loss: tensor(1821.7346, device='cuda:0', grad_fn=<DivBackward0>)
epoch: 0 batch 340.0 event: 10200 loss: tensor(1781.9736, device='cuda:0', grad_fn=<DivBackward0>)
epoch: 0 batch 350.0 event: 10500 loss: tensor(1986.0533, device='cuda:0', grad_fn=<DivBackward0>)
epoch: 0 batch 360.0 event: 10800 loss: tensor(2008.2932, device='cuda:0', grad_fn=<DivBackward0>)
epoch: 0 batch 370.0 event: 11100 loss: tensor(1750.2118, device='cuda:0', grad_fn=<DivBackward0>)
epoch: 0 batch 380.0 event: 11400 loss: tensor(1751.2402, device='cuda:0', grad_fn=<DivBackward0>)
epoch: 0 batch 390.0 event: 11700 loss: tensor(1785.5764, device='cuda:0', grad_fn=<DivBackward0>)
epoch: 0 batch 400.0 event: 12000 loss: tensor(1771.5741, device='cuda:0', grad_fn=<DivBackward0>)
epoch: 0 batch 410.0 event: 12300 loss: tensor(2057.0408, device='cuda:0', grad_fn=<DivBackward0>)
epoch: 0 batch 420.0 event: 12600 loss: tensor(2061.9993, device='cuda:0', grad_fn=<DivBackward0>)
epoch: 0 batch 430.0 event: 12900 loss: tensor(1766.8682, device='cuda:0', grad_fn=<DivBackward0>)
epoch: 0 batch 440.0 event: 13200 loss: tensor(1988.1383, device='cuda:0', grad_fn=<DivBackward0>)
epoch: 0 batch 450.0 event: 13500 loss: tensor(1824.8539, device='cuda:0', grad_fn=<DivBackward0>)
epoch: 0 batch 460.0 event: 13800 loss: tensor(1811.0596, device='cuda:0', grad_fn=<DivBackward0>)
epoch: 0 batch 470.0 event: 14100 loss: tensor(2048.1687, device='cuda:0', grad_fn=<DivBackward0>)
epoch: 0 batch 480.0 event: 14400 loss: tensor(1775.2782, device='cuda:0', grad_fn=<DivBackward0>)
epoch: 0 batch 490.0 event: 14700 loss: tensor(1401.9613, device='cuda:0', grad_fn=<DivBackward0>)
epoch: 0 batch 500.0 event: 15000 loss: tensor(1968.7051, device='cuda:0', grad_fn=<DivBackward0>)
epoch: 0 batch 510.0 event: 15300 loss: tensor(1765.8176, device='cuda:0', grad_fn=<DivBackward0>)
epoch: 0 batch 520.0 event: 15600 loss: tensor(1973.4948, device='cuda:0', grad_fn=<DivBackward0>)
epoch: 0 batch 530.0 event: 15900 loss: tensor(1845.5590, device='cuda:0', grad_fn=<DivBackward0>)
epoch: 0 batch 540.0 event: 16200 loss: tensor(1898.2180, device='cuda:0', grad_fn=<DivBackward0>)
epoch: 0 batch 550.0 event: 16500 loss: tensor(1767.9338, device='cuda:0', grad_fn=<DivBackward0>)
epoch: 0 batch 560.0 event: 16800 loss: tensor(1969.3514, device='cuda:0', grad_fn=<DivBackward0>)
epoch: 0 batch 570.0 event: 17100 loss: tensor(1966.3684, device='cuda:0', grad_fn=<DivBackward0>)
epoch: 0 batch 580.0 event: 17400 loss: tensor(2006.5594, device='cuda:0', grad_fn=<DivBackward0>)
epoch: 0 batch 590.0 event: 17700 loss: tensor(1942.1504, device='cuda:0', grad_fn=<DivBackward0>)
epoch: 0 batch 600.0 event: 18000 loss: tensor(1639.4287, device='cuda:0', grad_fn=<DivBackward0>)
epoch: 0 batch 610.0 event: 18300 loss: tensor(1775.0764, device='cuda:0', grad_fn=<DivBackward0>)
epoch: 0 batch 620.0 event: 18600 loss: tensor(1734.2679, device='cuda:0', grad_fn=<DivBackward0>)
epoch: 0 batch 630.0 event: 18900 loss: tensor(1961.4608, device='cuda:0', grad_fn=<DivBackward0>)
epoch: 0 batch 640.0 event: 19200 loss: tensor(1959.2063, device='cuda:0', grad_fn=<DivBackward0>)
epoch: 0 batch 650.0 event: 19500 loss: tensor(2006.7047, device='cuda:0', grad_fn=<DivBackward0>)
epoch: 0 batch 660.0 event: 19800 loss: tensor(1918.4395, device='cuda:0', grad_fn=<DivBackward0>)
time passed so far:
 0:00:20.172117
evaluation loss: 1955.7333984375
epoch: 0 mean loss: 1885.3543701171875
=> saveing checkpoint at epoch 0
checkpoint is saved at: /hpcfs/bes/mlgpu/hoseinkk/MLTracking/otherparticles/pppipi/pyt_pppipi_cnn_1
epoch: 1 batch 0.0 event: 0 loss: tensor(180.3258, device='cuda:0', grad_fn=<DivBackward0>)
Traceback (most recent call last):
  File "/hpcfs/bes/mlgpu/hoseinkk/MLTracking/otherparticles/pppipi/pyt_pppipi_cnn_1/./Training.py", line 94, in <module>
    datnoi = (traincnnpppipi[i : i + BatchSize] > 0)#.to('cpu')#.reshape(BatchSize, 6796) > 0).to('cpu') #torch.Tensor.cpu(TraTen[i].reshape(6796)).numpy() > 0
NameError: name 'traincnnpppipi' is not defined

real	0m54.259s
user	0m47.421s
sys	0m25.383s
