0: gpu016.ihep.ac.cn
GPU 0: Tesla V100-SXM2-32GB (UUID: GPU-adc0bb57-5f8a-ba9d-04e2-dbaa9f7c20f1)
Allocate GPU cards : 0

modinfo:
filename:       /lib/modules/3.10.0-1160.71.1.el7.x86_64/extra/nvidia.ko.xz
firmware:       nvidia/515.65.01/gsp.bin
alias:          char-major-195-*
version:        515.65.01
supported:      external
license:        NVIDIA
retpoline:      Y
rhelversion:    7.9
srcversion:     8049D44E2C1B08F41E1B8A6
alias:          pci:v000010DEd*sv*sd*bc06sc80i00*
alias:          pci:v000010DEd*sv*sd*bc03sc02i00*
alias:          pci:v000010DEd*sv*sd*bc03sc00i00*
depends:        drm
vermagic:       3.10.0-1160.71.1.el7.x86_64 SMP mod_unload modversions 
signer:         DKMS module signing key
sig_key:        A2:17:1D:79:E5:47:38:13:77:F2:EE:66:EA:5D:DB:A0:A1:CA:F4:E7
sig_hashalgo:   sha512
parm:           NvSwitchRegDwords:NvSwitch regkey (charp)
parm:           NvSwitchBlacklist:NvSwitchBlacklist=uuid[,uuid...] (charp)
parm:           NVreg_ResmanDebugLevel:int
parm:           NVreg_RmLogonRC:int
parm:           NVreg_ModifyDeviceFiles:int
parm:           NVreg_DeviceFileUID:int
parm:           NVreg_DeviceFileGID:int
parm:           NVreg_DeviceFileMode:int
parm:           NVreg_InitializeSystemMemoryAllocations:int
parm:           NVreg_UsePageAttributeTable:int
parm:           NVreg_EnablePCIeGen3:int
parm:           NVreg_EnableMSI:int
parm:           NVreg_TCEBypassMode:int
parm:           NVreg_EnableStreamMemOPs:int
parm:           NVreg_RestrictProfilingToAdminUsers:int
parm:           NVreg_PreserveVideoMemoryAllocations:int
parm:           NVreg_EnableS0ixPowerManagement:int
parm:           NVreg_S0ixPowerManagementVideoMemoryThreshold:int
parm:           NVreg_DynamicPowerManagement:int
parm:           NVreg_DynamicPowerManagementVideoMemoryThreshold:int
parm:           NVreg_EnableGpuFirmware:int
parm:           NVreg_EnableGpuFirmwareLogs:int
parm:           NVreg_OpenRmEnableUnsupportedGpus:int
parm:           NVreg_EnableUserNUMAManagement:int
parm:           NVreg_MemoryPoolSize:int
parm:           NVreg_KMallocHeapMaxSize:int
parm:           NVreg_VMallocHeapMaxSize:int
parm:           NVreg_IgnoreMMIOCheck:int
parm:           NVreg_NvLinkDisable:int
parm:           NVreg_EnablePCIERelaxedOrderingMode:int
parm:           NVreg_RegisterPCIDriver:int
parm:           NVreg_EnableDbgBreakpoint:int
parm:           NVreg_RegistryDwords:charp
parm:           NVreg_RegistryDwordsPerDevice:charp
parm:           NVreg_RmMsg:charp
parm:           NVreg_GpuBlacklist:charp
parm:           NVreg_TemporaryFilePath:charp
parm:           NVreg_ExcludedGpus:charp
parm:           NVreg_DmaRemapPeerMmio:int
parm:           rm_firmware_active:charp

nvidia-smi:
Mon Aug 29 16:50:36 2022       
+-----------------------------------------------------------------------------+
| NVIDIA-SMI 515.65.01    Driver Version: 515.65.01    CUDA Version: 11.7     |
|-------------------------------+----------------------+----------------------+
| GPU  Name        Persistence-M| Bus-Id        Disp.A | Volatile Uncorr. ECC |
| Fan  Temp  Perf  Pwr:Usage/Cap|         Memory-Usage | GPU-Util  Compute M. |
|                               |                      |               MIG M. |
|===============================+======================+======================|
|   0  Tesla V100-SXM2...  On   | 00000000:1D:00.0 Off |                    0 |
| N/A   33C    P0    42W / 300W |      0MiB / 32768MiB |      0%      Default |
|                               |                      |                  N/A |
+-------------------------------+----------------------+----------------------+
                                                                               
+-----------------------------------------------------------------------------+
| Processes:                                                                  |
|  GPU   GI   CI        PID   Type   Process name                  GPU Memory |
|        ID   ID                                                   Usage      |
|=============================================================================|
|  No running processes found                                                 |
+-----------------------------------------------------------------------------+

nvcc --version:
nvcc: NVIDIA (R) Cuda compiler driver
Copyright (c) 2005-2021 NVIDIA Corporation
Built on Sun_Mar_21_19:15:46_PDT_2021
Cuda compilation tools, release 11.3, V11.3.58
Build cuda_11.3.r11.3/compiler.29745058_0

 torch version: 1.10.2

 cuda version: 11.3

 is cuda available: True

 CUDNN VERSION: 8200

 Number CUDA Devices: 1

 CUDA Device Name: Tesla V100-SXM2-32GB

 CUDA Device Total Memory [GB]: 34.089926656

 Device capability: (7, 0) 

 Cuda deviice: <torch.cuda.device object at 0x2acce216a8e0> 

 Is cuda initialized: True

 CUDA_HOME: /hpcfs/bes/mlgpu/hoseinkk/Miniconda3/envs/dgl1

real	0m3.850s
user	0m2.533s
sys	0m0.610s
/hpcfs/bes/mlgpu/hoseinkk/Miniconda3/envs/dgl1/lib/python3.9/site-packages/cupy/_environment.py:438: UserWarning: 
--------------------------------------------------------------------------------

  CuPy may not function correctly because multiple CuPy packages are installed
  in your environment:

    cupy, cupy-cuda110

  Follow these steps to resolve this issue:

    1. For all packages listed above, run the following command to remove all
       existing CuPy installations:

         $ pip uninstall <package_name>

      If you previously installed CuPy via conda, also run the following:

         $ conda uninstall cupy

    2. Install the appropriate CuPy package.
       Refer to the Installation Guide for detailed instructions.

         https://docs.cupy.dev/en/stable/install.html

--------------------------------------------------------------------------------

  warnings.warn(f'''
/hpcfs/bes/mlgpu/hoseinkk/Miniconda3/envs/dgl1/lib/python3.9/site-packages/torch/nn/functional.py:1806: UserWarning: nn.functional.sigmoid is deprecated. Use torch.sigmoid instead.
  warnings.warn("nn.functional.sigmoid is deprecated. Use torch.sigmoid instead.")





 Loading data ... 



training set shape (20000, 43, 288) 
sum 5279207

target set shape (20000, 6796) 
sum 4575851




 The Network ... 


Net(
  (conv1): Conv2d(1, 256, kernel_size=(3, 3), stride=(1, 1))
  (conv2): Conv2d(256, 128, kernel_size=(3, 3), stride=(1, 1))
  (conv3): Conv2d(128, 64, kernel_size=(3, 3), stride=(1, 1))
  (fc1): Linear(in_features=667776, out_features=256, bias=True)
  (fc2): Linear(in_features=256, out_features=128, bias=True)
  (fc3): Linear(in_features=128, out_features=64, bias=True)
  (fc4): Linear(in_features=64, out_features=6796, bias=True)
)

number of the free parameters: 171805196
parameters of the network conv1.weight 
 torch.Size([256, 1, 3, 3]) 
 True 
 tensor([[[[ 0.0366,  0.2027, -0.0928],
          [ 0.0171,  0.0044,  0.2262],
          [-0.0475, -0.1047,  0.1567]]],


        [[[-0.3282, -0.0509, -0.2659],
          [ 0.0293, -0.1052,  0.2390],
          [ 0.2785,  0.1169,  0.3321]]],


        [[[ 0.3061,  0.2410,  0.1025],
          [-0.2041,  0.1092, -0.2416],
          [-0.2490, -0.2826, -0.0081]]],


        ...,


        [[[-0.1431, -0.1692,  0.1767],
          [-0.1441, -0.1096, -0.1784],
          [-0.2738,  0.1988, -0.0817]]],


        [[[ 0.2469,  0.3187, -0.0900],
          [-0.2834, -0.2310,  0.1844],
          [ 0.3320,  0.3260, -0.0238]]],


        [[[ 0.2095, -0.2703, -0.0179],
          [-0.2696,  0.0408,  0.0338],
          [-0.3236,  0.2866,  0.1722]]]], device='cuda:0') 
 Parameter containing:
tensor([[[[ 0.0366,  0.2027, -0.0928],
          [ 0.0171,  0.0044,  0.2262],
          [-0.0475, -0.1047,  0.1567]]],


        [[[-0.3282, -0.0509, -0.2659],
          [ 0.0293, -0.1052,  0.2390],
          [ 0.2785,  0.1169,  0.3321]]],


        [[[ 0.3061,  0.2410,  0.1025],
          [-0.2041,  0.1092, -0.2416],
          [-0.2490, -0.2826, -0.0081]]],


        ...,


        [[[-0.1431, -0.1692,  0.1767],
          [-0.1441, -0.1096, -0.1784],
          [-0.2738,  0.1988, -0.0817]]],


        [[[ 0.2469,  0.3187, -0.0900],
          [-0.2834, -0.2310,  0.1844],
          [ 0.3320,  0.3260, -0.0238]]],


        [[[ 0.2095, -0.2703, -0.0179],
          [-0.2696,  0.0408,  0.0338],
          [-0.3236,  0.2866,  0.1722]]]], device='cuda:0', requires_grad=True)
parameters of the network conv1.bias 
 torch.Size([256]) 
 True 
 tensor([ 0.1060,  0.2501, -0.0761,  0.2312,  0.1407,  0.1390,  0.2576, -0.1970,
         0.1759,  0.0021, -0.0720, -0.0793,  0.0011,  0.1567,  0.3269,  0.2486,
        -0.0344, -0.1929, -0.2103,  0.3327,  0.0716, -0.1175, -0.2159,  0.0094,
        -0.1306,  0.0705,  0.0993,  0.3184, -0.1870, -0.2112,  0.0500, -0.2867,
         0.3215, -0.1740,  0.3306,  0.3195, -0.1694, -0.0241,  0.2212, -0.2742,
        -0.1313, -0.1645,  0.0230,  0.2243, -0.2235,  0.1648, -0.1194,  0.1582,
        -0.1423,  0.2433, -0.0469,  0.2401, -0.0540, -0.2898, -0.1288, -0.0065,
         0.0176,  0.0150,  0.1355,  0.0712,  0.1485,  0.0560,  0.1970,  0.0684,
        -0.2623, -0.2766, -0.2284, -0.0741,  0.3100,  0.0910, -0.2689,  0.1577,
         0.0913,  0.2518, -0.2630, -0.1192, -0.0975, -0.2744,  0.1305, -0.2087,
        -0.2549,  0.0019, -0.3159,  0.0406,  0.2198, -0.2319,  0.2299, -0.1503,
         0.0441, -0.0983, -0.0473, -0.1034,  0.2750,  0.2281, -0.1974, -0.2612,
        -0.0459, -0.0336, -0.3239, -0.2819, -0.0948, -0.1984,  0.0527, -0.2393,
         0.2240, -0.2048,  0.1602,  0.3307,  0.1011,  0.0663,  0.0723,  0.0418,
        -0.2315, -0.1112, -0.1823,  0.1061, -0.2897, -0.2434, -0.0494, -0.2230,
         0.1642, -0.0038, -0.0929, -0.2839, -0.0869,  0.2705, -0.2249, -0.2343,
         0.2448, -0.2136, -0.2000,  0.2663,  0.2494, -0.3293, -0.2664,  0.1433,
        -0.0993, -0.2899, -0.3127, -0.2196,  0.3259,  0.0381, -0.1950,  0.0367,
        -0.0403,  0.0776, -0.0204, -0.0247,  0.3251, -0.0726, -0.0044,  0.2042,
         0.3259, -0.1715,  0.0362, -0.1238, -0.0251, -0.2815, -0.2819, -0.1130,
         0.2312, -0.3272,  0.2062,  0.3031,  0.2081,  0.2312, -0.0692, -0.2123,
         0.2986, -0.2872,  0.1834,  0.1600, -0.0197,  0.0452, -0.1877,  0.1879,
        -0.2981, -0.0799,  0.3091,  0.1151, -0.2814, -0.0567,  0.0814, -0.2121,
        -0.0393,  0.3024,  0.0556, -0.2821, -0.3098, -0.0148,  0.1008,  0.2795,
         0.1246,  0.2820, -0.1077,  0.1415,  0.2464, -0.0574,  0.0169, -0.1506,
        -0.3011,  0.0143,  0.1066, -0.3227, -0.2071,  0.0942,  0.0372, -0.3109,
        -0.2714, -0.0454, -0.0700,  0.2389,  0.2698, -0.2447,  0.1953,  0.1237,
        -0.1964, -0.0602,  0.2719,  0.3114, -0.0206,  0.0151, -0.2736,  0.2879,
         0.0554,  0.2968,  0.0971,  0.2235,  0.0342, -0.2331, -0.2121,  0.0854,
        -0.2952,  0.0790,  0.2051,  0.2022,  0.1958,  0.3026, -0.1817,  0.1293,
         0.3081, -0.1839,  0.2045, -0.2854,  0.0983,  0.1413,  0.3080,  0.0925,
        -0.1481, -0.2692, -0.0502, -0.1506,  0.0793, -0.0265, -0.3038,  0.0569],
       device='cuda:0') 
 Parameter containing:
tensor([ 0.1060,  0.2501, -0.0761,  0.2312,  0.1407,  0.1390,  0.2576, -0.1970,
         0.1759,  0.0021, -0.0720, -0.0793,  0.0011,  0.1567,  0.3269,  0.2486,
        -0.0344, -0.1929, -0.2103,  0.3327,  0.0716, -0.1175, -0.2159,  0.0094,
        -0.1306,  0.0705,  0.0993,  0.3184, -0.1870, -0.2112,  0.0500, -0.2867,
         0.3215, -0.1740,  0.3306,  0.3195, -0.1694, -0.0241,  0.2212, -0.2742,
        -0.1313, -0.1645,  0.0230,  0.2243, -0.2235,  0.1648, -0.1194,  0.1582,
        -0.1423,  0.2433, -0.0469,  0.2401, -0.0540, -0.2898, -0.1288, -0.0065,
         0.0176,  0.0150,  0.1355,  0.0712,  0.1485,  0.0560,  0.1970,  0.0684,
        -0.2623, -0.2766, -0.2284, -0.0741,  0.3100,  0.0910, -0.2689,  0.1577,
         0.0913,  0.2518, -0.2630, -0.1192, -0.0975, -0.2744,  0.1305, -0.2087,
        -0.2549,  0.0019, -0.3159,  0.0406,  0.2198, -0.2319,  0.2299, -0.1503,
         0.0441, -0.0983, -0.0473, -0.1034,  0.2750,  0.2281, -0.1974, -0.2612,
        -0.0459, -0.0336, -0.3239, -0.2819, -0.0948, -0.1984,  0.0527, -0.2393,
         0.2240, -0.2048,  0.1602,  0.3307,  0.1011,  0.0663,  0.0723,  0.0418,
        -0.2315, -0.1112, -0.1823,  0.1061, -0.2897, -0.2434, -0.0494, -0.2230,
         0.1642, -0.0038, -0.0929, -0.2839, -0.0869,  0.2705, -0.2249, -0.2343,
         0.2448, -0.2136, -0.2000,  0.2663,  0.2494, -0.3293, -0.2664,  0.1433,
        -0.0993, -0.2899, -0.3127, -0.2196,  0.3259,  0.0381, -0.1950,  0.0367,
        -0.0403,  0.0776, -0.0204, -0.0247,  0.3251, -0.0726, -0.0044,  0.2042,
         0.3259, -0.1715,  0.0362, -0.1238, -0.0251, -0.2815, -0.2819, -0.1130,
         0.2312, -0.3272,  0.2062,  0.3031,  0.2081,  0.2312, -0.0692, -0.2123,
         0.2986, -0.2872,  0.1834,  0.1600, -0.0197,  0.0452, -0.1877,  0.1879,
        -0.2981, -0.0799,  0.3091,  0.1151, -0.2814, -0.0567,  0.0814, -0.2121,
        -0.0393,  0.3024,  0.0556, -0.2821, -0.3098, -0.0148,  0.1008,  0.2795,
         0.1246,  0.2820, -0.1077,  0.1415,  0.2464, -0.0574,  0.0169, -0.1506,
        -0.3011,  0.0143,  0.1066, -0.3227, -0.2071,  0.0942,  0.0372, -0.3109,
        -0.2714, -0.0454, -0.0700,  0.2389,  0.2698, -0.2447,  0.1953,  0.1237,
        -0.1964, -0.0602,  0.2719,  0.3114, -0.0206,  0.0151, -0.2736,  0.2879,
         0.0554,  0.2968,  0.0971,  0.2235,  0.0342, -0.2331, -0.2121,  0.0854,
        -0.2952,  0.0790,  0.2051,  0.2022,  0.1958,  0.3026, -0.1817,  0.1293,
         0.3081, -0.1839,  0.2045, -0.2854,  0.0983,  0.1413,  0.3080,  0.0925,
        -0.1481, -0.2692, -0.0502, -0.1506,  0.0793, -0.0265, -0.3038,  0.0569],
       device='cuda:0', requires_grad=True)
parameters of the network conv2.weight 
 torch.Size([128, 256, 3, 3]) 
 True 
 tensor([[[[ 0.0158,  0.0051,  0.0184],
          [-0.0123,  0.0089,  0.0203],
          [ 0.0202, -0.0161, -0.0097]],

         [[ 0.0160, -0.0055,  0.0163],
          [-0.0096,  0.0043, -0.0182],
          [ 0.0151, -0.0090, -0.0094]],

         [[ 0.0192, -0.0041,  0.0205],
          [ 0.0168, -0.0150,  0.0133],
          [-0.0060,  0.0129, -0.0086]],

         ...,

         [[-0.0005,  0.0083, -0.0180],
          [ 0.0040,  0.0030, -0.0078],
          [-0.0176, -0.0120, -0.0208]],

         [[-0.0148,  0.0093, -0.0142],
          [-0.0123, -0.0163,  0.0128],
          [-0.0194,  0.0028, -0.0034]],

         [[-0.0046,  0.0134,  0.0051],
          [-0.0110,  0.0032,  0.0086],
          [ 0.0009, -0.0099,  0.0085]]],


        [[[ 0.0063, -0.0196, -0.0184],
          [-0.0143, -0.0094,  0.0003],
          [-0.0120,  0.0059, -0.0100]],

         [[-0.0020,  0.0202, -0.0030],
          [-0.0191, -0.0182, -0.0204],
          [ 0.0021,  0.0158,  0.0134]],

         [[-0.0080,  0.0131,  0.0094],
          [ 0.0013,  0.0176, -0.0057],
          [ 0.0173, -0.0105, -0.0208]],

         ...,

         [[ 0.0122,  0.0128,  0.0137],
          [-0.0127,  0.0132, -0.0146],
          [-0.0069,  0.0004, -0.0009]],

         [[-0.0197, -0.0095, -0.0115],
          [ 0.0200, -0.0096, -0.0114],
          [-0.0049, -0.0053, -0.0028]],

         [[ 0.0190,  0.0080, -0.0041],
          [-0.0131, -0.0202, -0.0106],
          [ 0.0109,  0.0072,  0.0087]]],


        [[[-0.0200, -0.0091, -0.0091],
          [-0.0138,  0.0038, -0.0100],
          [ 0.0148, -0.0070,  0.0069]],

         [[ 0.0082,  0.0067,  0.0055],
          [ 0.0145, -0.0011, -0.0141],
          [ 0.0124, -0.0156, -0.0192]],

         [[ 0.0149, -0.0197, -0.0124],
          [-0.0145,  0.0112,  0.0027],
          [-0.0191, -0.0188, -0.0089]],

         ...,

         [[-0.0206,  0.0085, -0.0071],
          [-0.0143,  0.0196, -0.0018],
          [-0.0103, -0.0186, -0.0057]],

         [[-0.0050, -0.0126,  0.0180],
          [-0.0035,  0.0165, -0.0040],
          [-0.0066, -0.0118,  0.0155]],

         [[ 0.0105, -0.0030, -0.0164],
          [ 0.0090, -0.0116, -0.0143],
          [-0.0007,  0.0136,  0.0029]]],


        ...,


        [[[ 0.0075,  0.0100, -0.0113],
          [ 0.0097,  0.0061,  0.0202],
          [-0.0002, -0.0135, -0.0007]],

         [[-0.0154, -0.0131,  0.0033],
          [ 0.0159, -0.0103, -0.0148],
          [-0.0171, -0.0062,  0.0125]],

         [[-0.0128, -0.0054,  0.0140],
          [ 0.0131, -0.0047,  0.0044],
          [-0.0043, -0.0194, -0.0134]],

         ...,

         [[-0.0030,  0.0185, -0.0001],
          [-0.0006,  0.0145,  0.0003],
          [ 0.0029,  0.0174,  0.0047]],

         [[ 0.0100, -0.0125,  0.0143],
          [-0.0169, -0.0203,  0.0176],
          [-0.0092,  0.0131, -0.0100]],

         [[-0.0069,  0.0028, -0.0125],
          [ 0.0099,  0.0147, -0.0171],
          [ 0.0183,  0.0043, -0.0057]]],


        [[[-0.0134,  0.0074, -0.0060],
          [-0.0127,  0.0161, -0.0086],
          [-0.0169,  0.0189, -0.0163]],

         [[-0.0016,  0.0162, -0.0158],
          [ 0.0071,  0.0070, -0.0014],
          [-0.0195,  0.0027,  0.0172]],

         [[-0.0053,  0.0182,  0.0116],
          [-0.0099,  0.0106,  0.0072],
          [-0.0043,  0.0012, -0.0004]],

         ...,

         [[-0.0054,  0.0040,  0.0004],
          [ 0.0088, -0.0036,  0.0101],
          [ 0.0044,  0.0013, -0.0137]],

         [[ 0.0126,  0.0071, -0.0073],
          [-0.0149,  0.0177, -0.0093],
          [-0.0098, -0.0168, -0.0198]],

         [[-0.0035, -0.0144,  0.0044],
          [-0.0191,  0.0083,  0.0069],
          [ 0.0098, -0.0124, -0.0204]]],


        [[[-0.0159, -0.0171, -0.0025],
          [ 0.0196, -0.0175, -0.0023],
          [-0.0023, -0.0154, -0.0188]],

         [[-0.0089,  0.0014, -0.0061],
          [-0.0143,  0.0193, -0.0197],
          [-0.0081, -0.0013, -0.0065]],

         [[ 0.0049,  0.0048, -0.0040],
          [-0.0101,  0.0097, -0.0073],
          [-0.0109,  0.0124,  0.0199]],

         ...,

         [[ 0.0166,  0.0073,  0.0108],
          [-0.0121, -0.0124, -0.0119],
          [-0.0151,  0.0198,  0.0027]],

         [[ 0.0012, -0.0153, -0.0138],
          [-0.0030, -0.0059, -0.0090],
          [ 0.0143,  0.0169,  0.0171]],

         [[-0.0073,  0.0177, -0.0074],
          [-0.0154,  0.0042, -0.0002],
          [ 0.0030,  0.0070, -0.0091]]]], device='cuda:0') 
 Parameter containing:
tensor([[[[ 0.0158,  0.0051,  0.0184],
          [-0.0123,  0.0089,  0.0203],
          [ 0.0202, -0.0161, -0.0097]],

         [[ 0.0160, -0.0055,  0.0163],
          [-0.0096,  0.0043, -0.0182],
          [ 0.0151, -0.0090, -0.0094]],

         [[ 0.0192, -0.0041,  0.0205],
          [ 0.0168, -0.0150,  0.0133],
          [-0.0060,  0.0129, -0.0086]],

         ...,

         [[-0.0005,  0.0083, -0.0180],
          [ 0.0040,  0.0030, -0.0078],
          [-0.0176, -0.0120, -0.0208]],

         [[-0.0148,  0.0093, -0.0142],
          [-0.0123, -0.0163,  0.0128],
          [-0.0194,  0.0028, -0.0034]],

         [[-0.0046,  0.0134,  0.0051],
          [-0.0110,  0.0032,  0.0086],
          [ 0.0009, -0.0099,  0.0085]]],


        [[[ 0.0063, -0.0196, -0.0184],
          [-0.0143, -0.0094,  0.0003],
          [-0.0120,  0.0059, -0.0100]],

         [[-0.0020,  0.0202, -0.0030],
          [-0.0191, -0.0182, -0.0204],
          [ 0.0021,  0.0158,  0.0134]],

         [[-0.0080,  0.0131,  0.0094],
          [ 0.0013,  0.0176, -0.0057],
          [ 0.0173, -0.0105, -0.0208]],

         ...,

         [[ 0.0122,  0.0128,  0.0137],
          [-0.0127,  0.0132, -0.0146],
          [-0.0069,  0.0004, -0.0009]],

         [[-0.0197, -0.0095, -0.0115],
          [ 0.0200, -0.0096, -0.0114],
          [-0.0049, -0.0053, -0.0028]],

         [[ 0.0190,  0.0080, -0.0041],
          [-0.0131, -0.0202, -0.0106],
          [ 0.0109,  0.0072,  0.0087]]],


        [[[-0.0200, -0.0091, -0.0091],
          [-0.0138,  0.0038, -0.0100],
          [ 0.0148, -0.0070,  0.0069]],

         [[ 0.0082,  0.0067,  0.0055],
          [ 0.0145, -0.0011, -0.0141],
          [ 0.0124, -0.0156, -0.0192]],

         [[ 0.0149, -0.0197, -0.0124],
          [-0.0145,  0.0112,  0.0027],
          [-0.0191, -0.0188, -0.0089]],

         ...,

         [[-0.0206,  0.0085, -0.0071],
          [-0.0143,  0.0196, -0.0018],
          [-0.0103, -0.0186, -0.0057]],

         [[-0.0050, -0.0126,  0.0180],
          [-0.0035,  0.0165, -0.0040],
          [-0.0066, -0.0118,  0.0155]],

         [[ 0.0105, -0.0030, -0.0164],
          [ 0.0090, -0.0116, -0.0143],
          [-0.0007,  0.0136,  0.0029]]],


        ...,


        [[[ 0.0075,  0.0100, -0.0113],
          [ 0.0097,  0.0061,  0.0202],
          [-0.0002, -0.0135, -0.0007]],

         [[-0.0154, -0.0131,  0.0033],
          [ 0.0159, -0.0103, -0.0148],
          [-0.0171, -0.0062,  0.0125]],

         [[-0.0128, -0.0054,  0.0140],
          [ 0.0131, -0.0047,  0.0044],
          [-0.0043, -0.0194, -0.0134]],

         ...,

         [[-0.0030,  0.0185, -0.0001],
          [-0.0006,  0.0145,  0.0003],
          [ 0.0029,  0.0174,  0.0047]],

         [[ 0.0100, -0.0125,  0.0143],
          [-0.0169, -0.0203,  0.0176],
          [-0.0092,  0.0131, -0.0100]],

         [[-0.0069,  0.0028, -0.0125],
          [ 0.0099,  0.0147, -0.0171],
          [ 0.0183,  0.0043, -0.0057]]],


        [[[-0.0134,  0.0074, -0.0060],
          [-0.0127,  0.0161, -0.0086],
          [-0.0169,  0.0189, -0.0163]],

         [[-0.0016,  0.0162, -0.0158],
          [ 0.0071,  0.0070, -0.0014],
          [-0.0195,  0.0027,  0.0172]],

         [[-0.0053,  0.0182,  0.0116],
          [-0.0099,  0.0106,  0.0072],
          [-0.0043,  0.0012, -0.0004]],

         ...,

         [[-0.0054,  0.0040,  0.0004],
          [ 0.0088, -0.0036,  0.0101],
          [ 0.0044,  0.0013, -0.0137]],

         [[ 0.0126,  0.0071, -0.0073],
          [-0.0149,  0.0177, -0.0093],
          [-0.0098, -0.0168, -0.0198]],

         [[-0.0035, -0.0144,  0.0044],
          [-0.0191,  0.0083,  0.0069],
          [ 0.0098, -0.0124, -0.0204]]],


        [[[-0.0159, -0.0171, -0.0025],
          [ 0.0196, -0.0175, -0.0023],
          [-0.0023, -0.0154, -0.0188]],

         [[-0.0089,  0.0014, -0.0061],
          [-0.0143,  0.0193, -0.0197],
          [-0.0081, -0.0013, -0.0065]],

         [[ 0.0049,  0.0048, -0.0040],
          [-0.0101,  0.0097, -0.0073],
          [-0.0109,  0.0124,  0.0199]],

         ...,

         [[ 0.0166,  0.0073,  0.0108],
          [-0.0121, -0.0124, -0.0119],
          [-0.0151,  0.0198,  0.0027]],

         [[ 0.0012, -0.0153, -0.0138],
          [-0.0030, -0.0059, -0.0090],
          [ 0.0143,  0.0169,  0.0171]],

         [[-0.0073,  0.0177, -0.0074],
          [-0.0154,  0.0042, -0.0002],
          [ 0.0030,  0.0070, -0.0091]]]], device='cuda:0', requires_grad=True)
parameters of the network conv2.bias 
 torch.Size([128]) 
 True 
 tensor([-0.0182, -0.0085, -0.0015,  0.0118,  0.0091,  0.0069, -0.0087,  0.0187,
        -0.0135,  0.0031, -0.0162,  0.0021,  0.0020, -0.0048,  0.0143, -0.0014,
         0.0142,  0.0205, -0.0109, -0.0167,  0.0099, -0.0164,  0.0010,  0.0137,
        -0.0049, -0.0112, -0.0002,  0.0122, -0.0096,  0.0155,  0.0031,  0.0014,
         0.0191,  0.0042, -0.0096,  0.0056,  0.0090,  0.0058, -0.0129, -0.0031,
        -0.0054, -0.0056, -0.0085,  0.0144,  0.0173, -0.0040,  0.0125, -0.0068,
         0.0045,  0.0069, -0.0186, -0.0053, -0.0005,  0.0017,  0.0152,  0.0022,
        -0.0110,  0.0203, -0.0092,  0.0115, -0.0116,  0.0086, -0.0041,  0.0126,
        -0.0101,  0.0057, -0.0199, -0.0164,  0.0025,  0.0162,  0.0108,  0.0005,
         0.0136, -0.0021, -0.0162,  0.0201, -0.0111,  0.0179,  0.0080,  0.0023,
         0.0119, -0.0063,  0.0206,  0.0099, -0.0008,  0.0151, -0.0097,  0.0190,
         0.0076, -0.0062,  0.0002,  0.0178,  0.0174,  0.0160, -0.0087,  0.0034,
        -0.0149, -0.0046,  0.0195, -0.0131, -0.0059,  0.0016, -0.0193, -0.0054,
         0.0043,  0.0157, -0.0193, -0.0044,  0.0067, -0.0176, -0.0199,  0.0127,
        -0.0082,  0.0086,  0.0128,  0.0074,  0.0045,  0.0150, -0.0179, -0.0148,
        -0.0064, -0.0192,  0.0066, -0.0114, -0.0101,  0.0203,  0.0103,  0.0004],
       device='cuda:0') 
 Parameter containing:
tensor([-0.0182, -0.0085, -0.0015,  0.0118,  0.0091,  0.0069, -0.0087,  0.0187,
        -0.0135,  0.0031, -0.0162,  0.0021,  0.0020, -0.0048,  0.0143, -0.0014,
         0.0142,  0.0205, -0.0109, -0.0167,  0.0099, -0.0164,  0.0010,  0.0137,
        -0.0049, -0.0112, -0.0002,  0.0122, -0.0096,  0.0155,  0.0031,  0.0014,
         0.0191,  0.0042, -0.0096,  0.0056,  0.0090,  0.0058, -0.0129, -0.0031,
        -0.0054, -0.0056, -0.0085,  0.0144,  0.0173, -0.0040,  0.0125, -0.0068,
         0.0045,  0.0069, -0.0186, -0.0053, -0.0005,  0.0017,  0.0152,  0.0022,
        -0.0110,  0.0203, -0.0092,  0.0115, -0.0116,  0.0086, -0.0041,  0.0126,
        -0.0101,  0.0057, -0.0199, -0.0164,  0.0025,  0.0162,  0.0108,  0.0005,
         0.0136, -0.0021, -0.0162,  0.0201, -0.0111,  0.0179,  0.0080,  0.0023,
         0.0119, -0.0063,  0.0206,  0.0099, -0.0008,  0.0151, -0.0097,  0.0190,
         0.0076, -0.0062,  0.0002,  0.0178,  0.0174,  0.0160, -0.0087,  0.0034,
        -0.0149, -0.0046,  0.0195, -0.0131, -0.0059,  0.0016, -0.0193, -0.0054,
         0.0043,  0.0157, -0.0193, -0.0044,  0.0067, -0.0176, -0.0199,  0.0127,
        -0.0082,  0.0086,  0.0128,  0.0074,  0.0045,  0.0150, -0.0179, -0.0148,
        -0.0064, -0.0192,  0.0066, -0.0114, -0.0101,  0.0203,  0.0103,  0.0004],
       device='cuda:0', requires_grad=True)
parameters of the network conv3.weight 
 torch.Size([64, 128, 3, 3]) 
 True 
 tensor([[[[ 9.8502e-03,  4.9688e-04, -1.0645e-02],
          [-5.7588e-03, -7.6916e-03, -1.5130e-02],
          [-8.7623e-03,  4.7643e-03,  1.9134e-02]],

         [[ 3.0195e-04,  8.2384e-03,  8.9074e-03],
          [ 2.1046e-02,  1.1994e-02, -2.4612e-03],
          [ 7.3178e-03, -4.3687e-03, -2.5266e-03]],

         [[ 1.6858e-02, -1.6587e-02, -1.9958e-02],
          [-4.5230e-03, -2.6637e-02, -2.2363e-02],
          [-2.8294e-02, -1.4033e-02, -6.0230e-03]],

         ...,

         [[-2.3547e-02, -3.5845e-03, -2.8032e-03],
          [-1.6802e-02,  1.3203e-03, -2.1104e-02],
          [-2.4680e-02, -1.7217e-02,  2.2741e-02]],

         [[ 2.2277e-02, -1.0528e-02,  2.0036e-02],
          [-1.3699e-02, -1.2093e-02,  7.9998e-03],
          [-2.7527e-02, -1.1483e-02, -2.1562e-02]],

         [[ 1.9178e-02, -1.9367e-02, -7.2091e-03],
          [ 1.8688e-02,  1.2080e-02,  2.5268e-02],
          [ 2.3155e-02,  3.6353e-03,  2.8531e-02]]],


        [[[ 9.4765e-03, -2.7217e-02, -2.0124e-02],
          [-6.6064e-03, -2.3694e-02,  1.8359e-04],
          [-2.7029e-02,  1.0721e-02, -2.6769e-02]],

         [[ 1.3332e-02,  2.4177e-02,  9.3895e-03],
          [-1.1079e-02,  2.5590e-02, -2.1896e-02],
          [-3.3331e-03, -2.2124e-02, -1.4941e-02]],

         [[ 7.0736e-03, -2.7661e-02, -2.7980e-02],
          [ 2.8092e-02,  2.5934e-03,  2.6359e-02],
          [-1.4626e-02, -7.7987e-03,  2.7314e-02]],

         ...,

         [[ 2.7433e-02,  3.5494e-03, -6.2728e-04],
          [-6.8406e-03,  1.0240e-03,  1.9842e-02],
          [-9.1754e-03, -2.8532e-02,  2.2190e-02]],

         [[-2.3364e-02,  2.2102e-02, -1.1645e-02],
          [-2.3686e-02, -1.5088e-02, -2.7797e-02],
          [ 1.0623e-03, -1.3688e-02,  5.2766e-03]],

         [[ 4.5068e-03, -1.2952e-02, -1.6204e-02],
          [ 9.6695e-03,  2.5036e-02, -3.3701e-03],
          [-1.3400e-02,  2.8865e-02,  1.1029e-02]]],


        [[[ 6.1200e-03,  3.4757e-03,  4.9676e-03],
          [ 1.7614e-03,  8.5608e-03,  6.6575e-03],
          [ 2.6143e-02,  2.8906e-02,  1.2355e-02]],

         [[ 1.3527e-02,  2.6880e-02, -1.2535e-02],
          [-1.5487e-02, -1.8073e-02,  1.2119e-02],
          [-1.9525e-02, -7.4426e-03, -1.2911e-02]],

         [[ 2.3479e-02, -4.1202e-03,  3.2584e-03],
          [ 1.6369e-02, -5.2607e-03, -1.3836e-02],
          [-7.1428e-03, -6.3483e-04,  2.4851e-02]],

         ...,

         [[ 2.2336e-02,  2.9328e-02,  2.1269e-03],
          [-2.2288e-02, -1.5971e-02,  2.5681e-03],
          [-5.6087e-03, -6.4445e-04, -6.0261e-03]],

         [[-1.8369e-02, -6.6048e-03, -3.5262e-03],
          [-4.9097e-03,  2.2849e-02, -1.1847e-02],
          [-1.3223e-02, -2.5711e-02,  1.8413e-02]],

         [[ 5.8408e-03,  1.3677e-02,  2.2272e-02],
          [ 1.0809e-02, -1.0712e-02,  2.6030e-02],
          [-2.9298e-03,  1.8030e-02, -1.7425e-02]]],


        ...,


        [[[-1.4156e-02,  2.3319e-02,  1.9556e-02],
          [ 1.6104e-02, -2.3712e-02,  1.6338e-02],
          [-6.7413e-03,  3.7229e-03, -9.8457e-03]],

         [[ 2.2660e-02, -2.1397e-02,  3.8754e-04],
          [-1.7602e-02, -1.5601e-02,  1.4798e-02],
          [-1.1149e-02,  1.7590e-02, -2.5758e-02]],

         [[ 1.7079e-02,  2.4503e-02,  1.9798e-02],
          [ 1.3336e-02,  2.1394e-02,  1.2135e-02],
          [ 1.9825e-02, -1.5634e-02, -1.6505e-02]],

         ...,

         [[-7.1528e-03, -1.5341e-02,  2.6596e-02],
          [ 7.7246e-03,  1.2571e-02, -2.1917e-02],
          [-2.4673e-02, -9.6599e-03, -1.8825e-02]],

         [[-2.3677e-02, -1.4257e-03, -2.3182e-02],
          [ 2.1476e-02, -5.2555e-03, -1.2052e-02],
          [ 2.1605e-02, -5.3417e-03,  1.3579e-02]],

         [[ 2.9427e-02, -2.8651e-02,  5.8003e-03],
          [-2.0472e-02,  8.0600e-03,  7.2963e-05],
          [ 5.2771e-03, -8.5131e-04, -2.0996e-02]]],


        [[[ 1.1414e-02,  2.2287e-02, -5.4684e-03],
          [-2.3529e-02, -1.2760e-02,  2.6407e-02],
          [ 1.5986e-02,  2.1270e-02, -5.6429e-03]],

         [[-1.0903e-02, -6.7658e-03, -2.8137e-02],
          [-1.6563e-02, -2.6920e-02, -3.7836e-03],
          [ 2.1260e-02, -2.1696e-02,  2.0770e-02]],

         [[ 2.7260e-02,  2.6529e-02, -2.8641e-02],
          [-2.0465e-02, -1.9051e-02, -2.8216e-02],
          [ 2.5089e-02,  7.5021e-03,  6.1728e-03]],

         ...,

         [[-2.5699e-02,  1.7031e-02, -1.8775e-02],
          [ 2.6817e-03,  9.5038e-03,  2.0229e-02],
          [ 2.1738e-02, -2.4362e-02,  6.6299e-03]],

         [[ 2.4047e-02,  1.6189e-02,  2.3774e-02],
          [ 1.2842e-02,  7.9248e-03,  2.1444e-02],
          [-3.0756e-04,  1.3828e-02, -2.1912e-02]],

         [[-1.2435e-02,  1.8604e-02,  2.1851e-02],
          [ 1.6102e-02,  2.7732e-02,  2.6253e-02],
          [-1.3789e-02,  2.4056e-02,  8.2936e-04]]],


        [[[-2.6023e-02, -1.7452e-02, -2.8212e-02],
          [ 1.2102e-02, -1.1619e-02, -2.3811e-02],
          [-1.7252e-02, -2.0436e-02, -2.4054e-02]],

         [[-5.0496e-03,  1.3689e-02,  2.1917e-02],
          [ 2.2623e-02,  1.0335e-02, -1.2369e-02],
          [ 9.3371e-03,  3.4799e-03, -2.9359e-02]],

         [[ 4.4612e-03,  2.6062e-02, -2.5771e-02],
          [ 2.3729e-02, -6.8378e-03, -2.0476e-02],
          [ 9.6413e-03, -2.4760e-02, -5.2382e-03]],

         ...,

         [[-1.9096e-02, -2.2303e-02,  3.0142e-03],
          [ 1.8189e-02, -2.6744e-02, -5.8617e-03],
          [-2.4463e-03,  1.1410e-03,  1.6947e-02]],

         [[-9.4788e-03, -1.6395e-02,  2.2974e-02],
          [-2.2565e-02, -1.4116e-02, -2.1136e-02],
          [ 1.8184e-03,  1.6138e-03, -5.5366e-03]],

         [[ 1.3488e-02,  2.5035e-02,  2.4582e-02],
          [ 2.3227e-02, -2.8001e-03, -1.2990e-02],
          [-2.4560e-02,  8.5981e-03,  1.8967e-02]]]], device='cuda:0') 
 Parameter containing:
tensor([[[[ 9.8502e-03,  4.9688e-04, -1.0645e-02],
          [-5.7588e-03, -7.6916e-03, -1.5130e-02],
          [-8.7623e-03,  4.7643e-03,  1.9134e-02]],

         [[ 3.0195e-04,  8.2384e-03,  8.9074e-03],
          [ 2.1046e-02,  1.1994e-02, -2.4612e-03],
          [ 7.3178e-03, -4.3687e-03, -2.5266e-03]],

         [[ 1.6858e-02, -1.6587e-02, -1.9958e-02],
          [-4.5230e-03, -2.6637e-02, -2.2363e-02],
          [-2.8294e-02, -1.4033e-02, -6.0230e-03]],

         ...,

         [[-2.3547e-02, -3.5845e-03, -2.8032e-03],
          [-1.6802e-02,  1.3203e-03, -2.1104e-02],
          [-2.4680e-02, -1.7217e-02,  2.2741e-02]],

         [[ 2.2277e-02, -1.0528e-02,  2.0036e-02],
          [-1.3699e-02, -1.2093e-02,  7.9998e-03],
          [-2.7527e-02, -1.1483e-02, -2.1562e-02]],

         [[ 1.9178e-02, -1.9367e-02, -7.2091e-03],
          [ 1.8688e-02,  1.2080e-02,  2.5268e-02],
          [ 2.3155e-02,  3.6353e-03,  2.8531e-02]]],


        [[[ 9.4765e-03, -2.7217e-02, -2.0124e-02],
          [-6.6064e-03, -2.3694e-02,  1.8359e-04],
          [-2.7029e-02,  1.0721e-02, -2.6769e-02]],

         [[ 1.3332e-02,  2.4177e-02,  9.3895e-03],
          [-1.1079e-02,  2.5590e-02, -2.1896e-02],
          [-3.3331e-03, -2.2124e-02, -1.4941e-02]],

         [[ 7.0736e-03, -2.7661e-02, -2.7980e-02],
          [ 2.8092e-02,  2.5934e-03,  2.6359e-02],
          [-1.4626e-02, -7.7987e-03,  2.7314e-02]],

         ...,

         [[ 2.7433e-02,  3.5494e-03, -6.2728e-04],
          [-6.8406e-03,  1.0240e-03,  1.9842e-02],
          [-9.1754e-03, -2.8532e-02,  2.2190e-02]],

         [[-2.3364e-02,  2.2102e-02, -1.1645e-02],
          [-2.3686e-02, -1.5088e-02, -2.7797e-02],
          [ 1.0623e-03, -1.3688e-02,  5.2766e-03]],

         [[ 4.5068e-03, -1.2952e-02, -1.6204e-02],
          [ 9.6695e-03,  2.5036e-02, -3.3701e-03],
          [-1.3400e-02,  2.8865e-02,  1.1029e-02]]],


        [[[ 6.1200e-03,  3.4757e-03,  4.9676e-03],
          [ 1.7614e-03,  8.5608e-03,  6.6575e-03],
          [ 2.6143e-02,  2.8906e-02,  1.2355e-02]],

         [[ 1.3527e-02,  2.6880e-02, -1.2535e-02],
          [-1.5487e-02, -1.8073e-02,  1.2119e-02],
          [-1.9525e-02, -7.4426e-03, -1.2911e-02]],

         [[ 2.3479e-02, -4.1202e-03,  3.2584e-03],
          [ 1.6369e-02, -5.2607e-03, -1.3836e-02],
          [-7.1428e-03, -6.3483e-04,  2.4851e-02]],

         ...,

         [[ 2.2336e-02,  2.9328e-02,  2.1269e-03],
          [-2.2288e-02, -1.5971e-02,  2.5681e-03],
          [-5.6087e-03, -6.4445e-04, -6.0261e-03]],

         [[-1.8369e-02, -6.6048e-03, -3.5262e-03],
          [-4.9097e-03,  2.2849e-02, -1.1847e-02],
          [-1.3223e-02, -2.5711e-02,  1.8413e-02]],

         [[ 5.8408e-03,  1.3677e-02,  2.2272e-02],
          [ 1.0809e-02, -1.0712e-02,  2.6030e-02],
          [-2.9298e-03,  1.8030e-02, -1.7425e-02]]],


        ...,


        [[[-1.4156e-02,  2.3319e-02,  1.9556e-02],
          [ 1.6104e-02, -2.3712e-02,  1.6338e-02],
          [-6.7413e-03,  3.7229e-03, -9.8457e-03]],

         [[ 2.2660e-02, -2.1397e-02,  3.8754e-04],
          [-1.7602e-02, -1.5601e-02,  1.4798e-02],
          [-1.1149e-02,  1.7590e-02, -2.5758e-02]],

         [[ 1.7079e-02,  2.4503e-02,  1.9798e-02],
          [ 1.3336e-02,  2.1394e-02,  1.2135e-02],
          [ 1.9825e-02, -1.5634e-02, -1.6505e-02]],

         ...,

         [[-7.1528e-03, -1.5341e-02,  2.6596e-02],
          [ 7.7246e-03,  1.2571e-02, -2.1917e-02],
          [-2.4673e-02, -9.6599e-03, -1.8825e-02]],

         [[-2.3677e-02, -1.4257e-03, -2.3182e-02],
          [ 2.1476e-02, -5.2555e-03, -1.2052e-02],
          [ 2.1605e-02, -5.3417e-03,  1.3579e-02]],

         [[ 2.9427e-02, -2.8651e-02,  5.8003e-03],
          [-2.0472e-02,  8.0600e-03,  7.2963e-05],
          [ 5.2771e-03, -8.5131e-04, -2.0996e-02]]],


        [[[ 1.1414e-02,  2.2287e-02, -5.4684e-03],
          [-2.3529e-02, -1.2760e-02,  2.6407e-02],
          [ 1.5986e-02,  2.1270e-02, -5.6429e-03]],

         [[-1.0903e-02, -6.7658e-03, -2.8137e-02],
          [-1.6563e-02, -2.6920e-02, -3.7836e-03],
          [ 2.1260e-02, -2.1696e-02,  2.0770e-02]],

         [[ 2.7260e-02,  2.6529e-02, -2.8641e-02],
          [-2.0465e-02, -1.9051e-02, -2.8216e-02],
          [ 2.5089e-02,  7.5021e-03,  6.1728e-03]],

         ...,

         [[-2.5699e-02,  1.7031e-02, -1.8775e-02],
          [ 2.6817e-03,  9.5038e-03,  2.0229e-02],
          [ 2.1738e-02, -2.4362e-02,  6.6299e-03]],

         [[ 2.4047e-02,  1.6189e-02,  2.3774e-02],
          [ 1.2842e-02,  7.9248e-03,  2.1444e-02],
          [-3.0756e-04,  1.3828e-02, -2.1912e-02]],

         [[-1.2435e-02,  1.8604e-02,  2.1851e-02],
          [ 1.6102e-02,  2.7732e-02,  2.6253e-02],
          [-1.3789e-02,  2.4056e-02,  8.2936e-04]]],


        [[[-2.6023e-02, -1.7452e-02, -2.8212e-02],
          [ 1.2102e-02, -1.1619e-02, -2.3811e-02],
          [-1.7252e-02, -2.0436e-02, -2.4054e-02]],

         [[-5.0496e-03,  1.3689e-02,  2.1917e-02],
          [ 2.2623e-02,  1.0335e-02, -1.2369e-02],
          [ 9.3371e-03,  3.4799e-03, -2.9359e-02]],

         [[ 4.4612e-03,  2.6062e-02, -2.5771e-02],
          [ 2.3729e-02, -6.8378e-03, -2.0476e-02],
          [ 9.6413e-03, -2.4760e-02, -5.2382e-03]],

         ...,

         [[-1.9096e-02, -2.2303e-02,  3.0142e-03],
          [ 1.8189e-02, -2.6744e-02, -5.8617e-03],
          [-2.4463e-03,  1.1410e-03,  1.6947e-02]],

         [[-9.4788e-03, -1.6395e-02,  2.2974e-02],
          [-2.2565e-02, -1.4116e-02, -2.1136e-02],
          [ 1.8184e-03,  1.6138e-03, -5.5366e-03]],

         [[ 1.3488e-02,  2.5035e-02,  2.4582e-02],
          [ 2.3227e-02, -2.8001e-03, -1.2990e-02],
          [-2.4560e-02,  8.5981e-03,  1.8967e-02]]]], device='cuda:0',
       requires_grad=True)
parameters of the network conv3.bias 
 torch.Size([64]) 
 True 
 tensor([ 2.2192e-02,  2.3545e-02,  2.1359e-02, -1.4841e-03, -2.3785e-02,
        -2.9430e-02, -2.5877e-02, -4.2233e-03, -4.9311e-03, -1.0090e-02,
        -5.7555e-04,  2.8943e-02, -1.4992e-03, -8.6676e-03,  5.9262e-03,
         7.1589e-03, -1.2534e-02, -1.5024e-02,  1.6776e-03, -2.7011e-02,
        -2.8209e-02,  6.5848e-03,  8.9760e-03, -7.6891e-03,  1.1411e-02,
         1.8073e-02, -2.7342e-02, -1.2233e-02, -2.6859e-02,  2.8685e-02,
         1.8093e-02, -1.5915e-02, -2.7512e-02,  8.7982e-03,  2.1628e-05,
         1.7726e-02,  6.5933e-03,  2.8854e-02, -2.4660e-02,  1.1644e-02,
        -2.1746e-02, -2.1031e-02, -2.0676e-02, -2.6892e-02, -8.8028e-03,
         1.4496e-02, -1.2089e-02,  4.2671e-03,  2.5379e-02, -4.0457e-03,
        -4.7101e-03, -7.1964e-03, -2.2324e-02,  1.7357e-02,  2.3469e-02,
        -7.9612e-04, -2.2746e-02, -2.4558e-02,  2.2278e-02, -2.8147e-02,
        -1.3387e-02,  2.8543e-02, -2.1491e-02, -1.3792e-02], device='cuda:0') 
 Parameter containing:
tensor([ 2.2192e-02,  2.3545e-02,  2.1359e-02, -1.4841e-03, -2.3785e-02,
        -2.9430e-02, -2.5877e-02, -4.2233e-03, -4.9311e-03, -1.0090e-02,
        -5.7555e-04,  2.8943e-02, -1.4992e-03, -8.6676e-03,  5.9262e-03,
         7.1589e-03, -1.2534e-02, -1.5024e-02,  1.6776e-03, -2.7011e-02,
        -2.8209e-02,  6.5848e-03,  8.9760e-03, -7.6891e-03,  1.1411e-02,
         1.8073e-02, -2.7342e-02, -1.2233e-02, -2.6859e-02,  2.8685e-02,
         1.8093e-02, -1.5915e-02, -2.7512e-02,  8.7982e-03,  2.1628e-05,
         1.7726e-02,  6.5933e-03,  2.8854e-02, -2.4660e-02,  1.1644e-02,
        -2.1746e-02, -2.1031e-02, -2.0676e-02, -2.6892e-02, -8.8028e-03,
         1.4496e-02, -1.2089e-02,  4.2671e-03,  2.5379e-02, -4.0457e-03,
        -4.7101e-03, -7.1964e-03, -2.2324e-02,  1.7357e-02,  2.3469e-02,
        -7.9612e-04, -2.2746e-02, -2.4558e-02,  2.2278e-02, -2.8147e-02,
        -1.3387e-02,  2.8543e-02, -2.1491e-02, -1.3792e-02], device='cuda:0',
       requires_grad=True)
parameters of the network fc1.weight 
 torch.Size([256, 667776]) 
 True 
 tensor([[ 8.0471e-04,  3.2754e-04,  1.1246e-03,  ..., -3.3374e-05,
         -5.0953e-04, -1.0864e-03],
        [ 5.2361e-04, -3.4959e-04, -1.1130e-03,  ..., -5.0900e-04,
          1.2100e-04, -9.5788e-04],
        [-5.1935e-04, -9.9115e-04, -1.0561e-03,  ..., -6.5665e-06,
          8.7410e-04, -3.3559e-04],
        ...,
        [-3.8371e-04,  8.2000e-04, -5.4804e-04,  ...,  6.9063e-04,
         -9.6943e-04,  5.7756e-04],
        [-7.8731e-04,  2.7547e-04,  7.3569e-04,  ...,  4.8696e-04,
          2.6689e-04,  8.1122e-04],
        [ 6.6944e-04, -5.3068e-04,  5.2490e-04,  ...,  6.2454e-04,
          3.4862e-04,  7.5457e-04]], device='cuda:0') 
 Parameter containing:
tensor([[ 8.0471e-04,  3.2754e-04,  1.1246e-03,  ..., -3.3374e-05,
         -5.0953e-04, -1.0864e-03],
        [ 5.2361e-04, -3.4959e-04, -1.1130e-03,  ..., -5.0900e-04,
          1.2100e-04, -9.5788e-04],
        [-5.1935e-04, -9.9115e-04, -1.0561e-03,  ..., -6.5665e-06,
          8.7410e-04, -3.3559e-04],
        ...,
        [-3.8371e-04,  8.2000e-04, -5.4804e-04,  ...,  6.9063e-04,
         -9.6943e-04,  5.7756e-04],
        [-7.8731e-04,  2.7547e-04,  7.3569e-04,  ...,  4.8696e-04,
          2.6689e-04,  8.1122e-04],
        [ 6.6944e-04, -5.3068e-04,  5.2490e-04,  ...,  6.2454e-04,
          3.4862e-04,  7.5457e-04]], device='cuda:0', requires_grad=True)
parameters of the network fc1.bias 
 torch.Size([256]) 
 True 
 tensor([ 1.0458e-03, -1.9510e-04, -2.9733e-04, -9.2097e-04, -6.6706e-04,
         1.1716e-03, -1.8901e-04, -6.7612e-05,  8.5620e-04,  5.9661e-04,
        -1.1033e-03, -2.9679e-04,  1.0763e-04, -1.0745e-03,  5.8469e-04,
        -8.2787e-04,  1.0594e-03, -4.5806e-08, -2.0066e-04, -1.0872e-03,
         5.8744e-05, -7.7107e-05,  7.3517e-04,  1.4120e-04, -5.3237e-04,
        -8.9577e-04,  7.3521e-04, -6.9407e-05,  1.2600e-04, -7.5413e-04,
         4.0236e-04, -8.0894e-04,  4.7281e-04,  5.2388e-04,  1.1621e-03,
        -4.5311e-04, -1.0861e-03,  1.0219e-03, -2.7046e-04, -8.8489e-04,
        -9.7663e-04, -1.1118e-03, -7.7182e-04, -2.8227e-04, -9.7560e-04,
         7.9558e-04,  6.3378e-04,  1.1503e-03, -9.9021e-04, -5.1728e-04,
        -1.2011e-05,  1.0175e-03, -1.4140e-04, -9.1366e-04, -6.0451e-04,
        -3.9701e-04, -6.0038e-04, -2.9713e-04, -9.2420e-04,  1.1157e-03,
        -8.3545e-04,  9.9238e-05, -4.2115e-04,  7.2956e-04,  3.2408e-04,
        -7.3563e-05, -8.7812e-05,  8.0652e-04, -9.1704e-04,  8.5306e-05,
        -1.3962e-04, -3.6411e-04, -1.0284e-03,  6.9153e-04, -2.8336e-04,
         8.5230e-04,  7.4275e-04, -8.8372e-04,  5.8561e-04,  1.0284e-03,
        -1.5315e-04,  9.6988e-04,  5.1682e-04, -1.1397e-03,  1.7568e-05,
         1.4285e-04,  2.8052e-04,  6.5982e-04, -7.1916e-04, -5.2344e-04,
        -1.1488e-04,  1.0370e-03,  1.0345e-03, -5.6651e-04, -7.5869e-04,
         7.1007e-04, -9.8870e-04,  7.4990e-04,  6.3652e-05,  1.1719e-04,
        -2.5354e-04,  6.4754e-04, -1.1027e-03, -5.5996e-04,  7.0839e-04,
        -8.0143e-05, -3.2898e-04, -6.7976e-04,  8.8844e-05,  1.1159e-03,
        -1.0945e-03, -4.9161e-04, -9.9678e-04, -6.0716e-04, -5.1612e-05,
         1.0798e-03, -9.8322e-04,  8.4859e-04, -7.6461e-04,  5.4666e-04,
        -7.9669e-05, -1.0398e-03, -1.1135e-03, -8.7714e-04, -5.7388e-04,
         1.1249e-04, -3.2343e-04, -6.1732e-04,  8.8343e-04,  6.8616e-04,
         8.0343e-04,  2.1697e-04,  9.3557e-04,  7.2231e-04,  1.2180e-03,
         1.2085e-04,  1.1860e-03,  9.5064e-04, -5.3679e-04, -2.6250e-04,
         6.0004e-04,  3.9340e-05, -4.9220e-04, -1.0283e-03,  7.3267e-04,
         7.7038e-04,  6.6169e-04, -2.2451e-04, -6.8328e-04, -1.0674e-03,
         1.1287e-03,  8.3368e-05, -3.2431e-04,  1.0254e-03,  3.5069e-04,
        -1.3045e-04, -5.2016e-04,  8.6925e-04,  9.6205e-05,  8.3883e-04,
        -5.4766e-05, -1.5575e-04, -1.8665e-04, -5.1478e-04, -4.2898e-04,
        -1.1342e-03, -5.3509e-04, -9.8344e-05, -8.0230e-04,  6.6397e-04,
         7.6420e-04,  4.9241e-04, -1.1842e-03,  8.5106e-04,  4.2414e-04,
        -9.2733e-04,  1.2156e-03,  4.1163e-04,  8.6122e-04, -6.7472e-04,
        -8.0621e-04, -1.8142e-04,  6.0975e-04, -1.4543e-04,  1.1833e-04,
         6.3236e-06, -6.9139e-04,  3.3002e-04,  4.2170e-04,  1.1652e-03,
        -1.3329e-04,  9.3919e-04, -3.6175e-04,  1.8704e-04,  1.1482e-03,
        -6.9527e-04,  5.7583e-05, -5.2814e-04,  2.7580e-04,  1.8081e-04,
        -7.8664e-04,  3.8289e-04,  7.8415e-04,  4.6699e-04,  6.7098e-04,
         3.1636e-04,  8.2222e-04, -9.8313e-04, -1.0598e-03, -6.3715e-04,
         9.1645e-04, -6.2188e-04, -8.1236e-04, -6.7607e-04, -5.3592e-04,
         3.7097e-04,  4.8676e-04,  9.8259e-04, -7.7393e-04, -3.9082e-04,
         5.0947e-04, -7.3912e-04, -1.0349e-03, -9.7870e-04, -5.2243e-04,
         5.1710e-04, -1.0151e-03, -5.4445e-04,  7.9223e-05, -1.2813e-04,
        -1.0186e-03, -9.3789e-04, -3.0057e-04, -3.8936e-05,  6.9715e-04,
        -6.3514e-04, -9.1734e-04, -5.7217e-04, -1.0092e-03, -1.8838e-04,
        -1.0398e-03,  6.2406e-04, -9.2746e-04,  4.0352e-04,  6.8302e-04,
         9.3168e-04,  6.7083e-04,  7.3762e-04,  2.3356e-04, -8.0765e-04,
         5.4217e-04,  1.1019e-03,  9.6898e-04,  2.8302e-04, -4.3859e-04,
         5.2003e-05], device='cuda:0') 
 Parameter containing:
tensor([ 1.0458e-03, -1.9510e-04, -2.9733e-04, -9.2097e-04, -6.6706e-04,
         1.1716e-03, -1.8901e-04, -6.7612e-05,  8.5620e-04,  5.9661e-04,
        -1.1033e-03, -2.9679e-04,  1.0763e-04, -1.0745e-03,  5.8469e-04,
        -8.2787e-04,  1.0594e-03, -4.5806e-08, -2.0066e-04, -1.0872e-03,
         5.8744e-05, -7.7107e-05,  7.3517e-04,  1.4120e-04, -5.3237e-04,
        -8.9577e-04,  7.3521e-04, -6.9407e-05,  1.2600e-04, -7.5413e-04,
         4.0236e-04, -8.0894e-04,  4.7281e-04,  5.2388e-04,  1.1621e-03,
        -4.5311e-04, -1.0861e-03,  1.0219e-03, -2.7046e-04, -8.8489e-04,
        -9.7663e-04, -1.1118e-03, -7.7182e-04, -2.8227e-04, -9.7560e-04,
         7.9558e-04,  6.3378e-04,  1.1503e-03, -9.9021e-04, -5.1728e-04,
        -1.2011e-05,  1.0175e-03, -1.4140e-04, -9.1366e-04, -6.0451e-04,
        -3.9701e-04, -6.0038e-04, -2.9713e-04, -9.2420e-04,  1.1157e-03,
        -8.3545e-04,  9.9238e-05, -4.2115e-04,  7.2956e-04,  3.2408e-04,
        -7.3563e-05, -8.7812e-05,  8.0652e-04, -9.1704e-04,  8.5306e-05,
        -1.3962e-04, -3.6411e-04, -1.0284e-03,  6.9153e-04, -2.8336e-04,
         8.5230e-04,  7.4275e-04, -8.8372e-04,  5.8561e-04,  1.0284e-03,
        -1.5315e-04,  9.6988e-04,  5.1682e-04, -1.1397e-03,  1.7568e-05,
         1.4285e-04,  2.8052e-04,  6.5982e-04, -7.1916e-04, -5.2344e-04,
        -1.1488e-04,  1.0370e-03,  1.0345e-03, -5.6651e-04, -7.5869e-04,
         7.1007e-04, -9.8870e-04,  7.4990e-04,  6.3652e-05,  1.1719e-04,
        -2.5354e-04,  6.4754e-04, -1.1027e-03, -5.5996e-04,  7.0839e-04,
        -8.0143e-05, -3.2898e-04, -6.7976e-04,  8.8844e-05,  1.1159e-03,
        -1.0945e-03, -4.9161e-04, -9.9678e-04, -6.0716e-04, -5.1612e-05,
         1.0798e-03, -9.8322e-04,  8.4859e-04, -7.6461e-04,  5.4666e-04,
        -7.9669e-05, -1.0398e-03, -1.1135e-03, -8.7714e-04, -5.7388e-04,
         1.1249e-04, -3.2343e-04, -6.1732e-04,  8.8343e-04,  6.8616e-04,
         8.0343e-04,  2.1697e-04,  9.3557e-04,  7.2231e-04,  1.2180e-03,
         1.2085e-04,  1.1860e-03,  9.5064e-04, -5.3679e-04, -2.6250e-04,
         6.0004e-04,  3.9340e-05, -4.9220e-04, -1.0283e-03,  7.3267e-04,
         7.7038e-04,  6.6169e-04, -2.2451e-04, -6.8328e-04, -1.0674e-03,
         1.1287e-03,  8.3368e-05, -3.2431e-04,  1.0254e-03,  3.5069e-04,
        -1.3045e-04, -5.2016e-04,  8.6925e-04,  9.6205e-05,  8.3883e-04,
        -5.4766e-05, -1.5575e-04, -1.8665e-04, -5.1478e-04, -4.2898e-04,
        -1.1342e-03, -5.3509e-04, -9.8344e-05, -8.0230e-04,  6.6397e-04,
         7.6420e-04,  4.9241e-04, -1.1842e-03,  8.5106e-04,  4.2414e-04,
        -9.2733e-04,  1.2156e-03,  4.1163e-04,  8.6122e-04, -6.7472e-04,
        -8.0621e-04, -1.8142e-04,  6.0975e-04, -1.4543e-04,  1.1833e-04,
         6.3236e-06, -6.9139e-04,  3.3002e-04,  4.2170e-04,  1.1652e-03,
        -1.3329e-04,  9.3919e-04, -3.6175e-04,  1.8704e-04,  1.1482e-03,
        -6.9527e-04,  5.7583e-05, -5.2814e-04,  2.7580e-04,  1.8081e-04,
        -7.8664e-04,  3.8289e-04,  7.8415e-04,  4.6699e-04,  6.7098e-04,
         3.1636e-04,  8.2222e-04, -9.8313e-04, -1.0598e-03, -6.3715e-04,
         9.1645e-04, -6.2188e-04, -8.1236e-04, -6.7607e-04, -5.3592e-04,
         3.7097e-04,  4.8676e-04,  9.8259e-04, -7.7393e-04, -3.9082e-04,
         5.0947e-04, -7.3912e-04, -1.0349e-03, -9.7870e-04, -5.2243e-04,
         5.1710e-04, -1.0151e-03, -5.4445e-04,  7.9223e-05, -1.2813e-04,
        -1.0186e-03, -9.3789e-04, -3.0057e-04, -3.8936e-05,  6.9715e-04,
        -6.3514e-04, -9.1734e-04, -5.7217e-04, -1.0092e-03, -1.8838e-04,
        -1.0398e-03,  6.2406e-04, -9.2746e-04,  4.0352e-04,  6.8302e-04,
         9.3168e-04,  6.7083e-04,  7.3762e-04,  2.3356e-04, -8.0765e-04,
         5.4217e-04,  1.1019e-03,  9.6898e-04,  2.8302e-04, -4.3859e-04,
         5.2003e-05], device='cuda:0', requires_grad=True)
parameters of the network fc2.weight 
 torch.Size([128, 256]) 
 True 
 tensor([[ 0.0435, -0.0084,  0.0585,  ..., -0.0151, -0.0441, -0.0352],
        [ 0.0201,  0.0009, -0.0099,  ...,  0.0540, -0.0006,  0.0509],
        [-0.0101,  0.0137, -0.0009,  ..., -0.0323, -0.0403,  0.0536],
        ...,
        [-0.0353,  0.0405, -0.0117,  ..., -0.0417, -0.0397,  0.0297],
        [-0.0498,  0.0146, -0.0545,  ...,  0.0543,  0.0539, -0.0143],
        [-0.0245,  0.0288,  0.0168,  ..., -0.0402,  0.0621, -0.0228]],
       device='cuda:0') 
 Parameter containing:
tensor([[ 0.0435, -0.0084,  0.0585,  ..., -0.0151, -0.0441, -0.0352],
        [ 0.0201,  0.0009, -0.0099,  ...,  0.0540, -0.0006,  0.0509],
        [-0.0101,  0.0137, -0.0009,  ..., -0.0323, -0.0403,  0.0536],
        ...,
        [-0.0353,  0.0405, -0.0117,  ..., -0.0417, -0.0397,  0.0297],
        [-0.0498,  0.0146, -0.0545,  ...,  0.0543,  0.0539, -0.0143],
        [-0.0245,  0.0288,  0.0168,  ..., -0.0402,  0.0621, -0.0228]],
       device='cuda:0', requires_grad=True)
parameters of the network fc2.bias 
 torch.Size([128]) 
 True 
 tensor([ 0.0106, -0.0469,  0.0085, -0.0331,  0.0245,  0.0288, -0.0188, -0.0545,
        -0.0016,  0.0207,  0.0150,  0.0098,  0.0469,  0.0161,  0.0393, -0.0488,
         0.0306, -0.0088,  0.0015,  0.0081, -0.0064,  0.0525,  0.0203, -0.0373,
         0.0338,  0.0528,  0.0596,  0.0107, -0.0186, -0.0028, -0.0318,  0.0013,
        -0.0455,  0.0491,  0.0422,  0.0483,  0.0250, -0.0288,  0.0278,  0.0256,
        -0.0582, -0.0128, -0.0073, -0.0395, -0.0217,  0.0385,  0.0229,  0.0303,
        -0.0535,  0.0429,  0.0030, -0.0278,  0.0334, -0.0593,  0.0367, -0.0604,
         0.0457, -0.0396, -0.0322,  0.0408, -0.0612,  0.0418, -0.0168, -0.0004,
         0.0211, -0.0068,  0.0506, -0.0505, -0.0354,  0.0441,  0.0186, -0.0449,
         0.0463, -0.0561,  0.0422, -0.0446,  0.0213,  0.0377, -0.0432,  0.0522,
        -0.0534, -0.0502,  0.0226, -0.0183, -0.0531, -0.0254, -0.0038, -0.0148,
        -0.0564, -0.0092, -0.0221,  0.0109,  0.0427, -0.0412, -0.0402, -0.0321,
        -0.0565,  0.0446,  0.0069, -0.0259, -0.0577, -0.0068,  0.0173, -0.0408,
        -0.0541, -0.0437, -0.0362, -0.0154, -0.0260, -0.0341,  0.0495,  0.0361,
        -0.0093, -0.0261,  0.0035,  0.0399, -0.0476, -0.0589, -0.0395, -0.0522,
         0.0482,  0.0607,  0.0288, -0.0091, -0.0533,  0.0120, -0.0619,  0.0581],
       device='cuda:0') 
 Parameter containing:
tensor([ 0.0106, -0.0469,  0.0085, -0.0331,  0.0245,  0.0288, -0.0188, -0.0545,
        -0.0016,  0.0207,  0.0150,  0.0098,  0.0469,  0.0161,  0.0393, -0.0488,
         0.0306, -0.0088,  0.0015,  0.0081, -0.0064,  0.0525,  0.0203, -0.0373,
         0.0338,  0.0528,  0.0596,  0.0107, -0.0186, -0.0028, -0.0318,  0.0013,
        -0.0455,  0.0491,  0.0422,  0.0483,  0.0250, -0.0288,  0.0278,  0.0256,
        -0.0582, -0.0128, -0.0073, -0.0395, -0.0217,  0.0385,  0.0229,  0.0303,
        -0.0535,  0.0429,  0.0030, -0.0278,  0.0334, -0.0593,  0.0367, -0.0604,
         0.0457, -0.0396, -0.0322,  0.0408, -0.0612,  0.0418, -0.0168, -0.0004,
         0.0211, -0.0068,  0.0506, -0.0505, -0.0354,  0.0441,  0.0186, -0.0449,
         0.0463, -0.0561,  0.0422, -0.0446,  0.0213,  0.0377, -0.0432,  0.0522,
        -0.0534, -0.0502,  0.0226, -0.0183, -0.0531, -0.0254, -0.0038, -0.0148,
        -0.0564, -0.0092, -0.0221,  0.0109,  0.0427, -0.0412, -0.0402, -0.0321,
        -0.0565,  0.0446,  0.0069, -0.0259, -0.0577, -0.0068,  0.0173, -0.0408,
        -0.0541, -0.0437, -0.0362, -0.0154, -0.0260, -0.0341,  0.0495,  0.0361,
        -0.0093, -0.0261,  0.0035,  0.0399, -0.0476, -0.0589, -0.0395, -0.0522,
         0.0482,  0.0607,  0.0288, -0.0091, -0.0533,  0.0120, -0.0619,  0.0581],
       device='cuda:0', requires_grad=True)
parameters of the network fc3.weight 
 torch.Size([64, 128]) 
 True 
 tensor([[-0.0015,  0.0453,  0.0022,  ...,  0.0556,  0.0799, -0.0716],
        [ 0.0769,  0.0511, -0.0650,  ...,  0.0427,  0.0011,  0.0654],
        [ 0.0117, -0.0528, -0.0214,  ..., -0.0761,  0.0767,  0.0606],
        ...,
        [-0.0071, -0.0545, -0.0301,  ...,  0.0012,  0.0041,  0.0094],
        [ 0.0513,  0.0055,  0.0665,  ..., -0.0268,  0.0674, -0.0595],
        [-0.0531,  0.0430,  0.0069,  ..., -0.0054,  0.0321,  0.0815]],
       device='cuda:0') 
 Parameter containing:
tensor([[-0.0015,  0.0453,  0.0022,  ...,  0.0556,  0.0799, -0.0716],
        [ 0.0769,  0.0511, -0.0650,  ...,  0.0427,  0.0011,  0.0654],
        [ 0.0117, -0.0528, -0.0214,  ..., -0.0761,  0.0767,  0.0606],
        ...,
        [-0.0071, -0.0545, -0.0301,  ...,  0.0012,  0.0041,  0.0094],
        [ 0.0513,  0.0055,  0.0665,  ..., -0.0268,  0.0674, -0.0595],
        [-0.0531,  0.0430,  0.0069,  ..., -0.0054,  0.0321,  0.0815]],
       device='cuda:0', requires_grad=True)
parameters of the network fc3.bias 
 torch.Size([64]) 
 True 
 tensor([ 0.0332, -0.0305, -0.0705, -0.0006,  0.0846,  0.0221,  0.0728, -0.0176,
        -0.0297, -0.0413, -0.0639,  0.0548, -0.0364,  0.0491,  0.0399,  0.0306,
         0.0847, -0.0471, -0.0134, -0.0292, -0.0695, -0.0784, -0.0090,  0.0660,
         0.0729, -0.0496,  0.0793, -0.0408, -0.0440, -0.0735,  0.0635,  0.0308,
        -0.0812,  0.0046, -0.0764,  0.0696,  0.0194,  0.0882, -0.0254,  0.0524,
         0.0088, -0.0275, -0.0334, -0.0798, -0.0873,  0.0011,  0.0416,  0.0677,
        -0.0583,  0.0125,  0.0323,  0.0562, -0.0034,  0.0266, -0.0698,  0.0027,
         0.0766, -0.0875, -0.0256,  0.0681,  0.0763, -0.0108,  0.0685,  0.0404],
       device='cuda:0') 
 Parameter containing:
tensor([ 0.0332, -0.0305, -0.0705, -0.0006,  0.0846,  0.0221,  0.0728, -0.0176,
        -0.0297, -0.0413, -0.0639,  0.0548, -0.0364,  0.0491,  0.0399,  0.0306,
         0.0847, -0.0471, -0.0134, -0.0292, -0.0695, -0.0784, -0.0090,  0.0660,
         0.0729, -0.0496,  0.0793, -0.0408, -0.0440, -0.0735,  0.0635,  0.0308,
        -0.0812,  0.0046, -0.0764,  0.0696,  0.0194,  0.0882, -0.0254,  0.0524,
         0.0088, -0.0275, -0.0334, -0.0798, -0.0873,  0.0011,  0.0416,  0.0677,
        -0.0583,  0.0125,  0.0323,  0.0562, -0.0034,  0.0266, -0.0698,  0.0027,
         0.0766, -0.0875, -0.0256,  0.0681,  0.0763, -0.0108,  0.0685,  0.0404],
       device='cuda:0', requires_grad=True)
parameters of the network fc4.weight 
 torch.Size([6796, 64]) 
 True 
 tensor([[-0.0405,  0.0414,  0.0942,  ..., -0.1191, -0.0434, -0.0110],
        [-0.0898, -0.0589,  0.1078,  ..., -0.0138, -0.1085,  0.0334],
        [-0.0523,  0.0341,  0.1125,  ..., -0.0113,  0.0561, -0.0804],
        ...,
        [-0.0587, -0.0844, -0.0748,  ..., -0.0866,  0.0069,  0.0455],
        [ 0.0862, -0.1171, -0.1168,  ...,  0.0615,  0.0451,  0.0649],
        [ 0.0569,  0.0189, -0.0897,  ..., -0.0528,  0.0821, -0.0947]],
       device='cuda:0') 
 Parameter containing:
tensor([[-0.0405,  0.0414,  0.0942,  ..., -0.1191, -0.0434, -0.0110],
        [-0.0898, -0.0589,  0.1078,  ..., -0.0138, -0.1085,  0.0334],
        [-0.0523,  0.0341,  0.1125,  ..., -0.0113,  0.0561, -0.0804],
        ...,
        [-0.0587, -0.0844, -0.0748,  ..., -0.0866,  0.0069,  0.0455],
        [ 0.0862, -0.1171, -0.1168,  ...,  0.0615,  0.0451,  0.0649],
        [ 0.0569,  0.0189, -0.0897,  ..., -0.0528,  0.0821, -0.0947]],
       device='cuda:0', requires_grad=True)
parameters of the network fc4.bias 
 torch.Size([6796]) 
 True 
 tensor([-0.0695,  0.0628, -0.0432,  ..., -0.0764, -0.0402, -0.1051],
       device='cuda:0') 
 Parameter containing:
tensor([-0.0695,  0.0628, -0.0432,  ..., -0.0764, -0.0402, -0.1051],
       device='cuda:0', requires_grad=True)

Passing event 1007 from the network before training input tensor([[0., 0., 0.,  ..., 0., 0., 0.],
        [0., 0., 0.,  ..., 0., 0., 0.],
        [0., 0., 0.,  ..., 0., 0., 0.],
        ...,
        [0., 0., 0.,  ..., 0., 0., 0.],
        [0., 0., 0.,  ..., 0., 0., 0.],
        [0., 0., 0.,  ..., 0., 0., 0.]]) 
result1: tensor([[0.4861, 0.5112, 0.4905,  ..., 0.4873, 0.4881, 0.4710],
        [0.4860, 0.5113, 0.4905,  ..., 0.4873, 0.4882, 0.4710],
        [0.4861, 0.5113, 0.4906,  ..., 0.4872, 0.4882, 0.4711],
        ...,
        [0.4860, 0.5113, 0.4906,  ..., 0.4873, 0.4882, 0.4711],
        [0.4861, 0.5113, 0.4905,  ..., 0.4873, 0.4881, 0.4710],
        [0.4861, 0.5113, 0.4906,  ..., 0.4873, 0.4881, 0.4711]],
       device='cuda:0', grad_fn=<SigmoidBackward0>) 
result1.shape: torch.Size([20, 6796])

Passing two random events from the network before training 
result1: tensor([[0.4861, 0.5112, 0.4905,  ..., 0.4873, 0.4881, 0.4710],
        [0.4860, 0.5113, 0.4905,  ..., 0.4873, 0.4882, 0.4710],
        [0.4861, 0.5113, 0.4906,  ..., 0.4872, 0.4882, 0.4711],
        ...,
        [0.4860, 0.5113, 0.4906,  ..., 0.4873, 0.4882, 0.4711],
        [0.4861, 0.5113, 0.4905,  ..., 0.4873, 0.4881, 0.4710],
        [0.4861, 0.5113, 0.4906,  ..., 0.4873, 0.4881, 0.4711]],
       device='cuda:0', grad_fn=<SigmoidBackward0>) 
result1.shape: torch.Size([20, 6796]) 
input: [[0. 0. 0. ... 0. 0. 0.]
 [0. 0. 0. ... 0. 0. 0.]
 [0. 0. 0. ... 0. 0. 0.]
 ...
 [0. 0. 0. ... 0. 0. 0.]
 [0. 0. 0. ... 0. 0. 0.]
 [0. 0. 0. ... 0. 0. 0.]]
Traceback (most recent call last):
  File "/hpcfs/bes/mlgpu/hoseinkk/MLTracking/otherparticles/pppipi/pyt_pppipi_cnn_1/./Results.py", line 21, in <module>
    BatchSize, LrVal, weight_decay_val = hpmesh[startmesh:endmesh]
ValueError: not enough values to unpack (expected 3, got 1)

real	0m17.821s
user	0m13.605s
sys	0m3.516s
