0: gpu016.ihep.ac.cn
GPU 0: Tesla V100-SXM2-32GB (UUID: GPU-adc0bb57-5f8a-ba9d-04e2-dbaa9f7c20f1)
Allocate GPU cards : 0

modinfo:
filename:       /lib/modules/3.10.0-1160.71.1.el7.x86_64/extra/nvidia.ko.xz
firmware:       nvidia/515.65.01/gsp.bin
alias:          char-major-195-*
version:        515.65.01
supported:      external
license:        NVIDIA
retpoline:      Y
rhelversion:    7.9
srcversion:     8049D44E2C1B08F41E1B8A6
alias:          pci:v000010DEd*sv*sd*bc06sc80i00*
alias:          pci:v000010DEd*sv*sd*bc03sc02i00*
alias:          pci:v000010DEd*sv*sd*bc03sc00i00*
depends:        drm
vermagic:       3.10.0-1160.71.1.el7.x86_64 SMP mod_unload modversions 
signer:         DKMS module signing key
sig_key:        A2:17:1D:79:E5:47:38:13:77:F2:EE:66:EA:5D:DB:A0:A1:CA:F4:E7
sig_hashalgo:   sha512
parm:           NvSwitchRegDwords:NvSwitch regkey (charp)
parm:           NvSwitchBlacklist:NvSwitchBlacklist=uuid[,uuid...] (charp)
parm:           NVreg_ResmanDebugLevel:int
parm:           NVreg_RmLogonRC:int
parm:           NVreg_ModifyDeviceFiles:int
parm:           NVreg_DeviceFileUID:int
parm:           NVreg_DeviceFileGID:int
parm:           NVreg_DeviceFileMode:int
parm:           NVreg_InitializeSystemMemoryAllocations:int
parm:           NVreg_UsePageAttributeTable:int
parm:           NVreg_EnablePCIeGen3:int
parm:           NVreg_EnableMSI:int
parm:           NVreg_TCEBypassMode:int
parm:           NVreg_EnableStreamMemOPs:int
parm:           NVreg_RestrictProfilingToAdminUsers:int
parm:           NVreg_PreserveVideoMemoryAllocations:int
parm:           NVreg_EnableS0ixPowerManagement:int
parm:           NVreg_S0ixPowerManagementVideoMemoryThreshold:int
parm:           NVreg_DynamicPowerManagement:int
parm:           NVreg_DynamicPowerManagementVideoMemoryThreshold:int
parm:           NVreg_EnableGpuFirmware:int
parm:           NVreg_EnableGpuFirmwareLogs:int
parm:           NVreg_OpenRmEnableUnsupportedGpus:int
parm:           NVreg_EnableUserNUMAManagement:int
parm:           NVreg_MemoryPoolSize:int
parm:           NVreg_KMallocHeapMaxSize:int
parm:           NVreg_VMallocHeapMaxSize:int
parm:           NVreg_IgnoreMMIOCheck:int
parm:           NVreg_NvLinkDisable:int
parm:           NVreg_EnablePCIERelaxedOrderingMode:int
parm:           NVreg_RegisterPCIDriver:int
parm:           NVreg_EnableDbgBreakpoint:int
parm:           NVreg_RegistryDwords:charp
parm:           NVreg_RegistryDwordsPerDevice:charp
parm:           NVreg_RmMsg:charp
parm:           NVreg_GpuBlacklist:charp
parm:           NVreg_TemporaryFilePath:charp
parm:           NVreg_ExcludedGpus:charp
parm:           NVreg_DmaRemapPeerMmio:int
parm:           rm_firmware_active:charp

nvidia-smi:
Mon Aug 29 18:47:33 2022       
+-----------------------------------------------------------------------------+
| NVIDIA-SMI 515.65.01    Driver Version: 515.65.01    CUDA Version: 11.7     |
|-------------------------------+----------------------+----------------------+
| GPU  Name        Persistence-M| Bus-Id        Disp.A | Volatile Uncorr. ECC |
| Fan  Temp  Perf  Pwr:Usage/Cap|         Memory-Usage | GPU-Util  Compute M. |
|                               |                      |               MIG M. |
|===============================+======================+======================|
|   0  Tesla V100-SXM2...  On   | 00000000:1D:00.0 Off |                    0 |
| N/A   32C    P0    42W / 300W |      0MiB / 32768MiB |      0%      Default |
|                               |                      |                  N/A |
+-------------------------------+----------------------+----------------------+
                                                                               
+-----------------------------------------------------------------------------+
| Processes:                                                                  |
|  GPU   GI   CI        PID   Type   Process name                  GPU Memory |
|        ID   ID                                                   Usage      |
|=============================================================================|
|  No running processes found                                                 |
+-----------------------------------------------------------------------------+

nvcc --version:
nvcc: NVIDIA (R) Cuda compiler driver
Copyright (c) 2005-2021 NVIDIA Corporation
Built on Sun_Mar_21_19:15:46_PDT_2021
Cuda compilation tools, release 11.3, V11.3.58
Build cuda_11.3.r11.3/compiler.29745058_0

 torch version: 1.10.2

 cuda version: 11.3

 is cuda available: True

 CUDNN VERSION: 8200

 Number CUDA Devices: 1

 CUDA Device Name: Tesla V100-SXM2-32GB

 CUDA Device Total Memory [GB]: 34.089926656

 Device capability: (7, 0) 

 Cuda deviice: <torch.cuda.device object at 0x2aae379958e0> 

 Is cuda initialized: True

 CUDA_HOME: /hpcfs/bes/mlgpu/hoseinkk/Miniconda3/envs/dgl1

real	0m3.873s
user	0m2.510s
sys	0m0.628s
/hpcfs/bes/mlgpu/hoseinkk/Miniconda3/envs/dgl1/lib/python3.9/site-packages/cupy/_environment.py:438: UserWarning: 
--------------------------------------------------------------------------------

  CuPy may not function correctly because multiple CuPy packages are installed
  in your environment:

    cupy, cupy-cuda110

  Follow these steps to resolve this issue:

    1. For all packages listed above, run the following command to remove all
       existing CuPy installations:

         $ pip uninstall <package_name>

      If you previously installed CuPy via conda, also run the following:

         $ conda uninstall cupy

    2. Install the appropriate CuPy package.
       Refer to the Installation Guide for detailed instructions.

         https://docs.cupy.dev/en/stable/install.html

--------------------------------------------------------------------------------

  warnings.warn(f'''
/hpcfs/bes/mlgpu/hoseinkk/Miniconda3/envs/dgl1/lib/python3.9/site-packages/torch/nn/functional.py:1806: UserWarning: nn.functional.sigmoid is deprecated. Use torch.sigmoid instead.
  warnings.warn("nn.functional.sigmoid is deprecated. Use torch.sigmoid instead.")





 Loading data ... 



training set shape (20000, 43, 288) 
sum 5279207

target set shape (20000, 6796) 
sum 4575851




 The Network ... 


Net(
  (conv1): Conv2d(1, 256, kernel_size=(3, 3), stride=(1, 1))
  (conv2): Conv2d(256, 128, kernel_size=(3, 3), stride=(1, 1))
  (conv3): Conv2d(128, 64, kernel_size=(3, 3), stride=(1, 1))
  (fc1): Linear(in_features=667776, out_features=256, bias=True)
  (fc2): Linear(in_features=256, out_features=128, bias=True)
  (fc3): Linear(in_features=128, out_features=64, bias=True)
  (fc4): Linear(in_features=64, out_features=6796, bias=True)
)

number of the free parameters: 171805196
parameters of the network conv1.weight 
 torch.Size([256, 1, 3, 3]) 
 True 
 tensor([[[[-0.1888, -0.0678,  0.0501],
          [ 0.2878,  0.0790,  0.0367],
          [ 0.0633,  0.0175, -0.2122]]],


        [[[-0.0707,  0.1145,  0.1858],
          [-0.2481,  0.2898, -0.1819],
          [ 0.1683, -0.0904, -0.0067]]],


        [[[ 0.1709, -0.2189, -0.0679],
          [-0.2611, -0.2182, -0.2880],
          [ 0.1530, -0.3078, -0.1515]]],


        ...,


        [[[ 0.0034,  0.1827,  0.1796],
          [ 0.3306, -0.2464, -0.2950],
          [-0.0916,  0.0349,  0.2039]]],


        [[[ 0.2557,  0.2722, -0.0566],
          [-0.3253,  0.2540,  0.1558],
          [ 0.2517, -0.0991, -0.2683]]],


        [[[-0.2124, -0.2586, -0.1038],
          [ 0.0523, -0.1742,  0.2983],
          [-0.1578,  0.0320, -0.2498]]]], device='cuda:0') 
 Parameter containing:
tensor([[[[-0.1888, -0.0678,  0.0501],
          [ 0.2878,  0.0790,  0.0367],
          [ 0.0633,  0.0175, -0.2122]]],


        [[[-0.0707,  0.1145,  0.1858],
          [-0.2481,  0.2898, -0.1819],
          [ 0.1683, -0.0904, -0.0067]]],


        [[[ 0.1709, -0.2189, -0.0679],
          [-0.2611, -0.2182, -0.2880],
          [ 0.1530, -0.3078, -0.1515]]],


        ...,


        [[[ 0.0034,  0.1827,  0.1796],
          [ 0.3306, -0.2464, -0.2950],
          [-0.0916,  0.0349,  0.2039]]],


        [[[ 0.2557,  0.2722, -0.0566],
          [-0.3253,  0.2540,  0.1558],
          [ 0.2517, -0.0991, -0.2683]]],


        [[[-0.2124, -0.2586, -0.1038],
          [ 0.0523, -0.1742,  0.2983],
          [-0.1578,  0.0320, -0.2498]]]], device='cuda:0', requires_grad=True)
parameters of the network conv1.bias 
 torch.Size([256]) 
 True 
 tensor([-0.3025, -0.1054, -0.0813,  0.2761, -0.0766,  0.1798, -0.2260, -0.0655,
        -0.2143, -0.2607, -0.0261, -0.3200,  0.1436,  0.1386,  0.3065, -0.0171,
         0.1318, -0.2138,  0.0072, -0.0314, -0.0250, -0.0835,  0.1863,  0.2193,
        -0.0588, -0.0895, -0.2224,  0.1042,  0.2328, -0.1801, -0.3261,  0.1729,
         0.1410,  0.3130,  0.1348,  0.0652,  0.1177, -0.1174,  0.0767,  0.0239,
        -0.0258,  0.0307, -0.2171,  0.0532,  0.1489,  0.1457,  0.1473,  0.0760,
         0.2982, -0.2963, -0.0059,  0.2615,  0.1061, -0.1239, -0.0907,  0.0652,
        -0.1713, -0.1623,  0.1451,  0.0214, -0.2986,  0.3075,  0.0282,  0.2349,
         0.3165,  0.2770, -0.0434, -0.0736,  0.2905,  0.0857, -0.1089,  0.2040,
         0.3238, -0.1992, -0.0433,  0.0204, -0.1020, -0.2558,  0.0096,  0.3178,
         0.2190,  0.1819,  0.2864, -0.2615,  0.2130,  0.0404, -0.0038, -0.2977,
         0.1971,  0.2120, -0.1798, -0.2883,  0.1290,  0.0519, -0.1305, -0.2960,
         0.3208, -0.1569, -0.2222, -0.3271, -0.1720,  0.2699,  0.1438,  0.1759,
        -0.0271,  0.1554,  0.2291, -0.1292,  0.3144,  0.2346,  0.1483, -0.3078,
        -0.0059, -0.1955, -0.0240, -0.1570, -0.0982, -0.1599, -0.0661, -0.0645,
         0.2416, -0.2516,  0.2055, -0.1002, -0.2744, -0.2245, -0.1994,  0.1600,
        -0.3071, -0.1555, -0.2657,  0.2680,  0.0968, -0.0293,  0.2602,  0.2314,
         0.2798,  0.3215, -0.3112,  0.2712,  0.1621,  0.1474, -0.2244,  0.1684,
         0.2465, -0.0979,  0.1089,  0.2205, -0.2701, -0.1798,  0.1709,  0.0445,
         0.2320,  0.0488, -0.3225,  0.1219,  0.2036,  0.2828, -0.2057, -0.0708,
        -0.1909, -0.2991, -0.1678,  0.3163,  0.1891,  0.2190, -0.3183,  0.2370,
        -0.1171,  0.2039, -0.2371,  0.2179, -0.1115,  0.3294, -0.1558,  0.0154,
         0.3238, -0.2249, -0.0352,  0.1341, -0.1530,  0.1391,  0.0067,  0.2798,
         0.1532, -0.2047,  0.0550,  0.0148,  0.0361,  0.2211,  0.1979, -0.2805,
        -0.0186,  0.1441, -0.2134, -0.0631, -0.0966, -0.0482, -0.2268,  0.2609,
         0.2189,  0.0598,  0.1128, -0.1405, -0.0155, -0.0454, -0.2852, -0.1592,
         0.2021, -0.2355,  0.0459, -0.0256, -0.0597, -0.0433, -0.0143,  0.0973,
        -0.0836,  0.1373,  0.0043, -0.2169, -0.2803, -0.0749, -0.1500,  0.2065,
        -0.2037,  0.2287,  0.0933, -0.0898, -0.0686, -0.2504,  0.0685,  0.1664,
        -0.2042, -0.2959, -0.1972, -0.2090,  0.1854,  0.2222,  0.0217, -0.2568,
         0.0343, -0.1830, -0.0954, -0.1869,  0.0475, -0.1311, -0.3075, -0.2614,
        -0.1361,  0.2306, -0.0510,  0.1321,  0.1960, -0.0140, -0.0527,  0.0260],
       device='cuda:0') 
 Parameter containing:
tensor([-0.3025, -0.1054, -0.0813,  0.2761, -0.0766,  0.1798, -0.2260, -0.0655,
        -0.2143, -0.2607, -0.0261, -0.3200,  0.1436,  0.1386,  0.3065, -0.0171,
         0.1318, -0.2138,  0.0072, -0.0314, -0.0250, -0.0835,  0.1863,  0.2193,
        -0.0588, -0.0895, -0.2224,  0.1042,  0.2328, -0.1801, -0.3261,  0.1729,
         0.1410,  0.3130,  0.1348,  0.0652,  0.1177, -0.1174,  0.0767,  0.0239,
        -0.0258,  0.0307, -0.2171,  0.0532,  0.1489,  0.1457,  0.1473,  0.0760,
         0.2982, -0.2963, -0.0059,  0.2615,  0.1061, -0.1239, -0.0907,  0.0652,
        -0.1713, -0.1623,  0.1451,  0.0214, -0.2986,  0.3075,  0.0282,  0.2349,
         0.3165,  0.2770, -0.0434, -0.0736,  0.2905,  0.0857, -0.1089,  0.2040,
         0.3238, -0.1992, -0.0433,  0.0204, -0.1020, -0.2558,  0.0096,  0.3178,
         0.2190,  0.1819,  0.2864, -0.2615,  0.2130,  0.0404, -0.0038, -0.2977,
         0.1971,  0.2120, -0.1798, -0.2883,  0.1290,  0.0519, -0.1305, -0.2960,
         0.3208, -0.1569, -0.2222, -0.3271, -0.1720,  0.2699,  0.1438,  0.1759,
        -0.0271,  0.1554,  0.2291, -0.1292,  0.3144,  0.2346,  0.1483, -0.3078,
        -0.0059, -0.1955, -0.0240, -0.1570, -0.0982, -0.1599, -0.0661, -0.0645,
         0.2416, -0.2516,  0.2055, -0.1002, -0.2744, -0.2245, -0.1994,  0.1600,
        -0.3071, -0.1555, -0.2657,  0.2680,  0.0968, -0.0293,  0.2602,  0.2314,
         0.2798,  0.3215, -0.3112,  0.2712,  0.1621,  0.1474, -0.2244,  0.1684,
         0.2465, -0.0979,  0.1089,  0.2205, -0.2701, -0.1798,  0.1709,  0.0445,
         0.2320,  0.0488, -0.3225,  0.1219,  0.2036,  0.2828, -0.2057, -0.0708,
        -0.1909, -0.2991, -0.1678,  0.3163,  0.1891,  0.2190, -0.3183,  0.2370,
        -0.1171,  0.2039, -0.2371,  0.2179, -0.1115,  0.3294, -0.1558,  0.0154,
         0.3238, -0.2249, -0.0352,  0.1341, -0.1530,  0.1391,  0.0067,  0.2798,
         0.1532, -0.2047,  0.0550,  0.0148,  0.0361,  0.2211,  0.1979, -0.2805,
        -0.0186,  0.1441, -0.2134, -0.0631, -0.0966, -0.0482, -0.2268,  0.2609,
         0.2189,  0.0598,  0.1128, -0.1405, -0.0155, -0.0454, -0.2852, -0.1592,
         0.2021, -0.2355,  0.0459, -0.0256, -0.0597, -0.0433, -0.0143,  0.0973,
        -0.0836,  0.1373,  0.0043, -0.2169, -0.2803, -0.0749, -0.1500,  0.2065,
        -0.2037,  0.2287,  0.0933, -0.0898, -0.0686, -0.2504,  0.0685,  0.1664,
        -0.2042, -0.2959, -0.1972, -0.2090,  0.1854,  0.2222,  0.0217, -0.2568,
         0.0343, -0.1830, -0.0954, -0.1869,  0.0475, -0.1311, -0.3075, -0.2614,
        -0.1361,  0.2306, -0.0510,  0.1321,  0.1960, -0.0140, -0.0527,  0.0260],
       device='cuda:0', requires_grad=True)
parameters of the network conv2.weight 
 torch.Size([128, 256, 3, 3]) 
 True 
 tensor([[[[-0.0063, -0.0061,  0.0112],
          [-0.0004,  0.0125,  0.0091],
          [ 0.0184,  0.0041, -0.0143]],

         [[-0.0158, -0.0160,  0.0139],
          [-0.0037,  0.0034,  0.0138],
          [-0.0145,  0.0207,  0.0087]],

         [[-0.0098,  0.0052,  0.0149],
          [ 0.0082,  0.0195,  0.0129],
          [ 0.0190,  0.0064,  0.0046]],

         ...,

         [[-0.0138,  0.0179, -0.0039],
          [ 0.0122,  0.0060, -0.0062],
          [ 0.0087,  0.0002,  0.0162]],

         [[ 0.0149,  0.0071, -0.0113],
          [ 0.0038,  0.0190, -0.0104],
          [-0.0046, -0.0148,  0.0020]],

         [[-0.0138,  0.0007, -0.0198],
          [-0.0021, -0.0063, -0.0098],
          [ 0.0184,  0.0081, -0.0019]]],


        [[[-0.0092, -0.0083,  0.0095],
          [ 0.0173,  0.0133,  0.0080],
          [ 0.0053,  0.0018, -0.0166]],

         [[ 0.0043, -0.0151,  0.0050],
          [ 0.0023,  0.0057,  0.0126],
          [-0.0203, -0.0045, -0.0201]],

         [[-0.0149,  0.0056,  0.0191],
          [-0.0053,  0.0118,  0.0205],
          [-0.0056, -0.0180,  0.0033]],

         ...,

         [[-0.0180, -0.0165, -0.0157],
          [-0.0066,  0.0156,  0.0121],
          [-0.0129, -0.0175,  0.0057]],

         [[ 0.0194, -0.0162, -0.0181],
          [-0.0181, -0.0117,  0.0091],
          [ 0.0111,  0.0053, -0.0180]],

         [[ 0.0189, -0.0083, -0.0134],
          [ 0.0141, -0.0077, -0.0003],
          [-0.0155, -0.0100, -0.0150]]],


        [[[ 0.0025,  0.0163, -0.0127],
          [-0.0124,  0.0167, -0.0058],
          [-0.0207,  0.0056,  0.0056]],

         [[ 0.0146,  0.0200,  0.0142],
          [-0.0047,  0.0022,  0.0132],
          [ 0.0158,  0.0088,  0.0030]],

         [[ 0.0066, -0.0020, -0.0133],
          [ 0.0053, -0.0042, -0.0102],
          [ 0.0110, -0.0163,  0.0009]],

         ...,

         [[-0.0031, -0.0096, -0.0136],
          [ 0.0133,  0.0130,  0.0004],
          [ 0.0143, -0.0176, -0.0187]],

         [[ 0.0100,  0.0116,  0.0117],
          [-0.0037,  0.0010,  0.0011],
          [ 0.0002,  0.0139,  0.0050]],

         [[-0.0041, -0.0034,  0.0075],
          [ 0.0067,  0.0129, -0.0199],
          [ 0.0034,  0.0144, -0.0043]]],


        ...,


        [[[ 0.0039,  0.0194,  0.0148],
          [-0.0037, -0.0047,  0.0080],
          [-0.0114, -0.0162, -0.0178]],

         [[ 0.0119, -0.0178, -0.0059],
          [ 0.0172, -0.0111,  0.0205],
          [ 0.0180,  0.0017,  0.0107]],

         [[-0.0201, -0.0021, -0.0036],
          [ 0.0046, -0.0197,  0.0174],
          [ 0.0145, -0.0014,  0.0198]],

         ...,

         [[-0.0048, -0.0005,  0.0004],
          [-0.0155, -0.0206, -0.0202],
          [ 0.0038, -0.0164,  0.0162]],

         [[ 0.0073, -0.0102,  0.0160],
          [-0.0187,  0.0169,  0.0066],
          [-0.0066, -0.0203, -0.0109]],

         [[-0.0042, -0.0164,  0.0056],
          [-0.0120,  0.0130, -0.0109],
          [-0.0006,  0.0206, -0.0174]]],


        [[[-0.0179,  0.0100, -0.0047],
          [-0.0026, -0.0012,  0.0067],
          [-0.0023,  0.0076, -0.0083]],

         [[ 0.0047,  0.0106, -0.0159],
          [-0.0047, -0.0167,  0.0111],
          [ 0.0062, -0.0139,  0.0174]],

         [[ 0.0167, -0.0092,  0.0020],
          [-0.0077, -0.0118,  0.0061],
          [ 0.0001, -0.0057, -0.0037]],

         ...,

         [[ 0.0065,  0.0023, -0.0019],
          [-0.0129, -0.0071,  0.0147],
          [-0.0118, -0.0195,  0.0153]],

         [[ 0.0030,  0.0159, -0.0129],
          [ 0.0002,  0.0052,  0.0089],
          [-0.0106, -0.0156,  0.0192]],

         [[ 0.0125, -0.0207, -0.0089],
          [ 0.0137,  0.0091, -0.0145],
          [ 0.0007, -0.0088,  0.0168]]],


        [[[-0.0180, -0.0007, -0.0079],
          [ 0.0080,  0.0082, -0.0018],
          [-0.0141,  0.0151, -0.0204]],

         [[-0.0203,  0.0099,  0.0048],
          [ 0.0116, -0.0186, -0.0070],
          [-0.0204,  0.0130,  0.0177]],

         [[-0.0024, -0.0095, -0.0012],
          [ 0.0014,  0.0139,  0.0050],
          [-0.0154,  0.0179,  0.0046]],

         ...,

         [[-0.0002,  0.0141, -0.0094],
          [-0.0168,  0.0125, -0.0092],
          [-0.0024, -0.0018, -0.0093]],

         [[ 0.0128, -0.0034,  0.0117],
          [ 0.0101, -0.0080,  0.0026],
          [ 0.0023,  0.0036, -0.0071]],

         [[-0.0201,  0.0191,  0.0101],
          [-0.0195,  0.0006, -0.0161],
          [-0.0052,  0.0127, -0.0086]]]], device='cuda:0') 
 Parameter containing:
tensor([[[[-0.0063, -0.0061,  0.0112],
          [-0.0004,  0.0125,  0.0091],
          [ 0.0184,  0.0041, -0.0143]],

         [[-0.0158, -0.0160,  0.0139],
          [-0.0037,  0.0034,  0.0138],
          [-0.0145,  0.0207,  0.0087]],

         [[-0.0098,  0.0052,  0.0149],
          [ 0.0082,  0.0195,  0.0129],
          [ 0.0190,  0.0064,  0.0046]],

         ...,

         [[-0.0138,  0.0179, -0.0039],
          [ 0.0122,  0.0060, -0.0062],
          [ 0.0087,  0.0002,  0.0162]],

         [[ 0.0149,  0.0071, -0.0113],
          [ 0.0038,  0.0190, -0.0104],
          [-0.0046, -0.0148,  0.0020]],

         [[-0.0138,  0.0007, -0.0198],
          [-0.0021, -0.0063, -0.0098],
          [ 0.0184,  0.0081, -0.0019]]],


        [[[-0.0092, -0.0083,  0.0095],
          [ 0.0173,  0.0133,  0.0080],
          [ 0.0053,  0.0018, -0.0166]],

         [[ 0.0043, -0.0151,  0.0050],
          [ 0.0023,  0.0057,  0.0126],
          [-0.0203, -0.0045, -0.0201]],

         [[-0.0149,  0.0056,  0.0191],
          [-0.0053,  0.0118,  0.0205],
          [-0.0056, -0.0180,  0.0033]],

         ...,

         [[-0.0180, -0.0165, -0.0157],
          [-0.0066,  0.0156,  0.0121],
          [-0.0129, -0.0175,  0.0057]],

         [[ 0.0194, -0.0162, -0.0181],
          [-0.0181, -0.0117,  0.0091],
          [ 0.0111,  0.0053, -0.0180]],

         [[ 0.0189, -0.0083, -0.0134],
          [ 0.0141, -0.0077, -0.0003],
          [-0.0155, -0.0100, -0.0150]]],


        [[[ 0.0025,  0.0163, -0.0127],
          [-0.0124,  0.0167, -0.0058],
          [-0.0207,  0.0056,  0.0056]],

         [[ 0.0146,  0.0200,  0.0142],
          [-0.0047,  0.0022,  0.0132],
          [ 0.0158,  0.0088,  0.0030]],

         [[ 0.0066, -0.0020, -0.0133],
          [ 0.0053, -0.0042, -0.0102],
          [ 0.0110, -0.0163,  0.0009]],

         ...,

         [[-0.0031, -0.0096, -0.0136],
          [ 0.0133,  0.0130,  0.0004],
          [ 0.0143, -0.0176, -0.0187]],

         [[ 0.0100,  0.0116,  0.0117],
          [-0.0037,  0.0010,  0.0011],
          [ 0.0002,  0.0139,  0.0050]],

         [[-0.0041, -0.0034,  0.0075],
          [ 0.0067,  0.0129, -0.0199],
          [ 0.0034,  0.0144, -0.0043]]],


        ...,


        [[[ 0.0039,  0.0194,  0.0148],
          [-0.0037, -0.0047,  0.0080],
          [-0.0114, -0.0162, -0.0178]],

         [[ 0.0119, -0.0178, -0.0059],
          [ 0.0172, -0.0111,  0.0205],
          [ 0.0180,  0.0017,  0.0107]],

         [[-0.0201, -0.0021, -0.0036],
          [ 0.0046, -0.0197,  0.0174],
          [ 0.0145, -0.0014,  0.0198]],

         ...,

         [[-0.0048, -0.0005,  0.0004],
          [-0.0155, -0.0206, -0.0202],
          [ 0.0038, -0.0164,  0.0162]],

         [[ 0.0073, -0.0102,  0.0160],
          [-0.0187,  0.0169,  0.0066],
          [-0.0066, -0.0203, -0.0109]],

         [[-0.0042, -0.0164,  0.0056],
          [-0.0120,  0.0130, -0.0109],
          [-0.0006,  0.0206, -0.0174]]],


        [[[-0.0179,  0.0100, -0.0047],
          [-0.0026, -0.0012,  0.0067],
          [-0.0023,  0.0076, -0.0083]],

         [[ 0.0047,  0.0106, -0.0159],
          [-0.0047, -0.0167,  0.0111],
          [ 0.0062, -0.0139,  0.0174]],

         [[ 0.0167, -0.0092,  0.0020],
          [-0.0077, -0.0118,  0.0061],
          [ 0.0001, -0.0057, -0.0037]],

         ...,

         [[ 0.0065,  0.0023, -0.0019],
          [-0.0129, -0.0071,  0.0147],
          [-0.0118, -0.0195,  0.0153]],

         [[ 0.0030,  0.0159, -0.0129],
          [ 0.0002,  0.0052,  0.0089],
          [-0.0106, -0.0156,  0.0192]],

         [[ 0.0125, -0.0207, -0.0089],
          [ 0.0137,  0.0091, -0.0145],
          [ 0.0007, -0.0088,  0.0168]]],


        [[[-0.0180, -0.0007, -0.0079],
          [ 0.0080,  0.0082, -0.0018],
          [-0.0141,  0.0151, -0.0204]],

         [[-0.0203,  0.0099,  0.0048],
          [ 0.0116, -0.0186, -0.0070],
          [-0.0204,  0.0130,  0.0177]],

         [[-0.0024, -0.0095, -0.0012],
          [ 0.0014,  0.0139,  0.0050],
          [-0.0154,  0.0179,  0.0046]],

         ...,

         [[-0.0002,  0.0141, -0.0094],
          [-0.0168,  0.0125, -0.0092],
          [-0.0024, -0.0018, -0.0093]],

         [[ 0.0128, -0.0034,  0.0117],
          [ 0.0101, -0.0080,  0.0026],
          [ 0.0023,  0.0036, -0.0071]],

         [[-0.0201,  0.0191,  0.0101],
          [-0.0195,  0.0006, -0.0161],
          [-0.0052,  0.0127, -0.0086]]]], device='cuda:0', requires_grad=True)
parameters of the network conv2.bias 
 torch.Size([128]) 
 True 
 tensor([ 7.2981e-03,  1.3473e-02,  2.0420e-02,  8.9842e-03,  3.4791e-04,
        -4.8383e-03,  7.2806e-04,  8.1326e-03,  2.5416e-03,  1.2439e-02,
         1.9881e-02, -1.0986e-02,  1.7362e-02, -1.1570e-02, -1.3663e-02,
        -1.2007e-02,  9.8037e-03,  1.7906e-02,  9.8399e-03, -4.2347e-03,
         1.1487e-03, -1.6442e-02, -1.2627e-02,  7.9585e-03,  1.3075e-02,
        -1.7436e-02, -1.8638e-02, -3.3058e-03, -2.0041e-02, -1.8431e-02,
        -5.7045e-03, -8.2329e-06, -3.1016e-03, -1.5506e-02,  8.0748e-03,
         9.2314e-03, -7.2910e-03,  1.3725e-02, -1.9619e-02, -8.5538e-03,
        -2.1820e-03, -1.5255e-03, -1.1847e-03, -5.5899e-03,  1.8162e-02,
        -1.1204e-02, -1.7136e-02, -1.4458e-02,  9.8362e-03, -5.5878e-03,
         1.2732e-02,  1.3419e-02, -9.2966e-03,  1.5655e-02,  6.3104e-03,
        -7.5140e-03,  1.9120e-02, -6.7517e-03, -1.3800e-02,  1.8149e-02,
        -1.9802e-02,  9.7252e-04, -1.7110e-02,  4.7791e-03, -1.7563e-02,
        -3.0230e-03,  3.3263e-03, -1.6204e-02,  4.9621e-03,  8.6576e-03,
         7.3256e-03,  4.1021e-03,  5.4678e-03,  1.5827e-02,  1.9958e-02,
        -4.0444e-03,  5.3912e-03,  4.4517e-03, -1.7551e-02,  1.8038e-02,
         1.0779e-03, -1.6330e-02,  5.8105e-03, -1.3421e-02, -1.4824e-02,
         4.7438e-03,  5.3587e-04,  1.4542e-02,  8.4652e-03,  1.3350e-02,
        -6.3272e-03,  8.8297e-03,  1.7532e-03, -2.1632e-03,  1.5091e-02,
         1.7431e-02, -1.1235e-02, -3.0444e-03, -8.3202e-03, -1.4957e-02,
         1.7429e-02, -1.5438e-02, -1.4608e-02, -1.6141e-02, -3.8476e-04,
         1.8879e-02, -2.0776e-02,  1.6613e-02,  1.5066e-02,  1.2217e-02,
        -1.8083e-02,  8.3806e-03, -9.1131e-04, -8.8552e-03,  2.2036e-03,
         1.7929e-02,  8.3331e-03,  4.4255e-04, -1.2567e-02,  6.4395e-03,
         1.5949e-03,  8.6439e-03, -1.7657e-02, -8.0849e-03,  6.0184e-03,
        -1.0884e-02,  1.7409e-02, -1.7168e-03], device='cuda:0') 
 Parameter containing:
tensor([ 7.2981e-03,  1.3473e-02,  2.0420e-02,  8.9842e-03,  3.4791e-04,
        -4.8383e-03,  7.2806e-04,  8.1326e-03,  2.5416e-03,  1.2439e-02,
         1.9881e-02, -1.0986e-02,  1.7362e-02, -1.1570e-02, -1.3663e-02,
        -1.2007e-02,  9.8037e-03,  1.7906e-02,  9.8399e-03, -4.2347e-03,
         1.1487e-03, -1.6442e-02, -1.2627e-02,  7.9585e-03,  1.3075e-02,
        -1.7436e-02, -1.8638e-02, -3.3058e-03, -2.0041e-02, -1.8431e-02,
        -5.7045e-03, -8.2329e-06, -3.1016e-03, -1.5506e-02,  8.0748e-03,
         9.2314e-03, -7.2910e-03,  1.3725e-02, -1.9619e-02, -8.5538e-03,
        -2.1820e-03, -1.5255e-03, -1.1847e-03, -5.5899e-03,  1.8162e-02,
        -1.1204e-02, -1.7136e-02, -1.4458e-02,  9.8362e-03, -5.5878e-03,
         1.2732e-02,  1.3419e-02, -9.2966e-03,  1.5655e-02,  6.3104e-03,
        -7.5140e-03,  1.9120e-02, -6.7517e-03, -1.3800e-02,  1.8149e-02,
        -1.9802e-02,  9.7252e-04, -1.7110e-02,  4.7791e-03, -1.7563e-02,
        -3.0230e-03,  3.3263e-03, -1.6204e-02,  4.9621e-03,  8.6576e-03,
         7.3256e-03,  4.1021e-03,  5.4678e-03,  1.5827e-02,  1.9958e-02,
        -4.0444e-03,  5.3912e-03,  4.4517e-03, -1.7551e-02,  1.8038e-02,
         1.0779e-03, -1.6330e-02,  5.8105e-03, -1.3421e-02, -1.4824e-02,
         4.7438e-03,  5.3587e-04,  1.4542e-02,  8.4652e-03,  1.3350e-02,
        -6.3272e-03,  8.8297e-03,  1.7532e-03, -2.1632e-03,  1.5091e-02,
         1.7431e-02, -1.1235e-02, -3.0444e-03, -8.3202e-03, -1.4957e-02,
         1.7429e-02, -1.5438e-02, -1.4608e-02, -1.6141e-02, -3.8476e-04,
         1.8879e-02, -2.0776e-02,  1.6613e-02,  1.5066e-02,  1.2217e-02,
        -1.8083e-02,  8.3806e-03, -9.1131e-04, -8.8552e-03,  2.2036e-03,
         1.7929e-02,  8.3331e-03,  4.4255e-04, -1.2567e-02,  6.4395e-03,
         1.5949e-03,  8.6439e-03, -1.7657e-02, -8.0849e-03,  6.0184e-03,
        -1.0884e-02,  1.7409e-02, -1.7168e-03], device='cuda:0',
       requires_grad=True)
parameters of the network conv3.weight 
 torch.Size([64, 128, 3, 3]) 
 True 
 tensor([[[[ 1.3168e-03,  2.3173e-02,  7.3806e-05],
          [-1.5265e-02,  2.4448e-02,  2.6082e-02],
          [ 2.7348e-02, -1.6851e-02, -1.4435e-02]],

         [[ 1.0929e-02, -5.5379e-03,  7.8766e-04],
          [ 1.5722e-02,  1.0560e-02, -5.3290e-03],
          [ 1.1925e-02, -6.6022e-03,  1.3690e-02]],

         [[ 4.2719e-03,  1.6210e-02,  2.7734e-02],
          [ 2.6872e-02,  1.7643e-02,  2.6632e-02],
          [ 6.0944e-03,  2.4474e-02,  2.0747e-02]],

         ...,

         [[ 1.4562e-02,  1.2600e-02,  1.3707e-02],
          [ 1.6988e-03, -1.9007e-02,  2.3771e-02],
          [ 1.2083e-02, -1.2032e-02,  2.4741e-02]],

         [[-1.1708e-02,  2.1849e-02,  1.6313e-04],
          [-2.0610e-02, -2.0781e-02, -1.9900e-02],
          [ 6.3854e-03,  9.8913e-03, -1.0034e-02]],

         [[ 1.3363e-03, -1.9693e-02,  1.2694e-02],
          [ 1.0628e-02,  2.4996e-02, -2.5531e-02],
          [-1.6191e-02, -4.3835e-03, -2.6072e-02]]],


        [[[-2.5200e-02,  1.8045e-02, -1.2195e-02],
          [-1.3985e-02, -2.6698e-03,  2.1146e-02],
          [-1.6723e-02, -2.3029e-02,  8.2855e-03]],

         [[ 1.0343e-02, -1.8604e-02, -1.9556e-02],
          [ 4.6404e-03,  2.4494e-02, -1.3992e-02],
          [ 2.7662e-02,  1.6084e-02, -1.3391e-02]],

         [[ 2.2048e-02, -3.3423e-04, -2.0897e-02],
          [-1.1036e-02, -9.6446e-03,  5.0771e-03],
          [-1.1471e-02, -9.2128e-03,  3.5655e-03]],

         ...,

         [[ 9.4134e-03, -1.6743e-02,  1.0412e-02],
          [-2.0894e-02, -4.5566e-03,  9.6583e-03],
          [ 1.2655e-02,  2.7790e-02,  7.9193e-03]],

         [[-2.7926e-02,  2.3133e-02, -2.9128e-02],
          [ 1.8525e-02,  3.5839e-03,  1.4252e-02],
          [-1.4159e-02,  2.1692e-02,  9.1220e-03]],

         [[-2.3467e-02, -2.4019e-02, -2.4499e-02],
          [ 1.9714e-02,  1.4683e-04,  8.3403e-03],
          [-4.9079e-03, -1.6680e-02, -2.8124e-02]]],


        [[[ 2.0156e-03,  2.9426e-02,  1.3294e-02],
          [-2.9366e-02,  1.3037e-02, -1.0599e-02],
          [-2.7801e-02,  1.4503e-02, -2.6103e-03]],

         [[-6.4006e-03,  7.8604e-06,  2.9050e-02],
          [-1.4887e-02,  1.8379e-03, -1.6671e-02],
          [-1.7359e-02, -2.6349e-02,  2.4858e-03]],

         [[-2.7196e-02,  2.7920e-02, -2.6911e-02],
          [-8.4434e-03, -2.1396e-02, -2.6567e-02],
          [-5.9929e-04, -1.0329e-03,  1.7578e-02]],

         ...,

         [[-2.3619e-02, -1.2493e-02, -1.7471e-02],
          [ 1.7815e-02, -1.7670e-02, -3.4524e-03],
          [-2.5618e-02, -2.4607e-02, -1.8175e-02]],

         [[ 2.3023e-02, -6.3639e-03, -1.7348e-02],
          [-2.2797e-03,  2.7458e-02,  9.4574e-03],
          [ 2.1553e-02, -2.2342e-02,  2.6956e-02]],

         [[-2.2311e-02,  3.6620e-03,  1.8118e-02],
          [-1.0916e-02,  2.2316e-02, -2.6647e-02],
          [ 2.0195e-02,  1.3328e-03, -1.0094e-03]]],


        ...,


        [[[-2.5279e-02,  2.4474e-02, -2.6930e-02],
          [ 7.5977e-03, -1.2549e-02, -7.1241e-03],
          [-1.6011e-04,  1.7898e-02, -6.7350e-03]],

         [[-1.0542e-02,  4.0100e-03,  6.3332e-04],
          [-2.4328e-02, -2.0557e-02, -2.3929e-02],
          [-2.2251e-03, -1.3095e-02, -6.1610e-03]],

         [[-2.3465e-02,  2.4309e-02, -1.3968e-02],
          [-1.0190e-02, -2.4787e-02,  1.3258e-02],
          [-8.9607e-03, -2.7359e-02,  2.1782e-02]],

         ...,

         [[-2.5947e-02, -2.9315e-02,  2.7705e-02],
          [-2.3715e-02,  2.3221e-02,  1.1354e-04],
          [ 2.8896e-02, -2.8200e-02, -2.8494e-02]],

         [[-1.5095e-02, -2.2685e-02,  1.6584e-02],
          [ 7.9184e-03,  1.4593e-02,  5.8438e-03],
          [-1.0225e-02, -1.0683e-02,  1.9927e-02]],

         [[ 7.3897e-03, -1.1106e-02,  6.3364e-04],
          [ 2.9413e-03, -9.3733e-04,  6.7407e-03],
          [-1.5909e-02,  6.9614e-03, -7.5123e-03]]],


        [[[ 1.3282e-02, -6.4447e-03,  1.6503e-02],
          [ 1.7110e-02,  2.4368e-02, -3.5867e-03],
          [ 1.7056e-02,  3.0974e-03, -2.3738e-02]],

         [[ 6.0133e-03,  2.7612e-02,  1.0657e-02],
          [ 3.9267e-03, -2.7657e-02, -2.2918e-02],
          [-2.4860e-02,  1.4834e-02, -8.1957e-03]],

         [[-5.1629e-03,  1.9996e-02, -3.7114e-03],
          [-1.0716e-03,  1.1677e-02, -3.2617e-03],
          [ 5.5973e-04,  6.7260e-03,  1.4301e-02]],

         ...,

         [[ 1.4046e-02,  1.3511e-02, -7.4900e-03],
          [ 1.5483e-02, -1.7170e-02, -1.8797e-02],
          [ 6.7798e-03, -2.2331e-02,  1.1815e-02]],

         [[-1.0439e-02, -2.6406e-02,  6.9610e-03],
          [ 3.1761e-04, -1.5891e-03,  1.3415e-02],
          [ 1.9539e-02,  6.2323e-03,  6.3774e-03]],

         [[ 2.8013e-02, -6.3282e-03,  1.1464e-02],
          [ 5.5558e-03, -1.5633e-02, -1.9812e-02],
          [ 1.9283e-02, -2.4057e-03,  2.3524e-02]]],


        [[[-1.6824e-02,  2.7852e-03, -2.6231e-02],
          [-9.4568e-03,  1.7861e-02,  2.0639e-03],
          [ 5.6704e-03,  5.9311e-03,  2.1557e-02]],

         [[-1.9099e-02, -2.7188e-02,  2.7506e-02],
          [-2.3407e-02,  5.6789e-05,  1.5593e-02],
          [ 6.8290e-03,  9.6820e-03, -2.1698e-03]],

         [[ 2.3218e-02, -2.8926e-02,  1.4895e-02],
          [-6.0231e-03,  1.1757e-02, -7.7489e-04],
          [-1.6842e-02,  1.7178e-03, -1.4849e-02]],

         ...,

         [[ 2.0140e-02, -3.2691e-03,  5.5161e-03],
          [-3.7779e-03, -9.7305e-03, -5.5043e-03],
          [-2.7855e-02, -2.5764e-02, -1.4121e-03]],

         [[-2.0615e-03, -2.8984e-02, -1.1394e-02],
          [-1.4505e-02,  1.0727e-02,  1.9617e-02],
          [ 3.0041e-03,  1.4872e-02, -6.5017e-03]],

         [[-8.4915e-03,  5.5140e-03,  1.5368e-02],
          [-1.9620e-02,  6.8740e-03, -8.7104e-03],
          [-2.4773e-03,  3.8370e-03, -1.0184e-02]]]], device='cuda:0') 
 Parameter containing:
tensor([[[[ 1.3168e-03,  2.3173e-02,  7.3806e-05],
          [-1.5265e-02,  2.4448e-02,  2.6082e-02],
          [ 2.7348e-02, -1.6851e-02, -1.4435e-02]],

         [[ 1.0929e-02, -5.5379e-03,  7.8766e-04],
          [ 1.5722e-02,  1.0560e-02, -5.3290e-03],
          [ 1.1925e-02, -6.6022e-03,  1.3690e-02]],

         [[ 4.2719e-03,  1.6210e-02,  2.7734e-02],
          [ 2.6872e-02,  1.7643e-02,  2.6632e-02],
          [ 6.0944e-03,  2.4474e-02,  2.0747e-02]],

         ...,

         [[ 1.4562e-02,  1.2600e-02,  1.3707e-02],
          [ 1.6988e-03, -1.9007e-02,  2.3771e-02],
          [ 1.2083e-02, -1.2032e-02,  2.4741e-02]],

         [[-1.1708e-02,  2.1849e-02,  1.6313e-04],
          [-2.0610e-02, -2.0781e-02, -1.9900e-02],
          [ 6.3854e-03,  9.8913e-03, -1.0034e-02]],

         [[ 1.3363e-03, -1.9693e-02,  1.2694e-02],
          [ 1.0628e-02,  2.4996e-02, -2.5531e-02],
          [-1.6191e-02, -4.3835e-03, -2.6072e-02]]],


        [[[-2.5200e-02,  1.8045e-02, -1.2195e-02],
          [-1.3985e-02, -2.6698e-03,  2.1146e-02],
          [-1.6723e-02, -2.3029e-02,  8.2855e-03]],

         [[ 1.0343e-02, -1.8604e-02, -1.9556e-02],
          [ 4.6404e-03,  2.4494e-02, -1.3992e-02],
          [ 2.7662e-02,  1.6084e-02, -1.3391e-02]],

         [[ 2.2048e-02, -3.3423e-04, -2.0897e-02],
          [-1.1036e-02, -9.6446e-03,  5.0771e-03],
          [-1.1471e-02, -9.2128e-03,  3.5655e-03]],

         ...,

         [[ 9.4134e-03, -1.6743e-02,  1.0412e-02],
          [-2.0894e-02, -4.5566e-03,  9.6583e-03],
          [ 1.2655e-02,  2.7790e-02,  7.9193e-03]],

         [[-2.7926e-02,  2.3133e-02, -2.9128e-02],
          [ 1.8525e-02,  3.5839e-03,  1.4252e-02],
          [-1.4159e-02,  2.1692e-02,  9.1220e-03]],

         [[-2.3467e-02, -2.4019e-02, -2.4499e-02],
          [ 1.9714e-02,  1.4683e-04,  8.3403e-03],
          [-4.9079e-03, -1.6680e-02, -2.8124e-02]]],


        [[[ 2.0156e-03,  2.9426e-02,  1.3294e-02],
          [-2.9366e-02,  1.3037e-02, -1.0599e-02],
          [-2.7801e-02,  1.4503e-02, -2.6103e-03]],

         [[-6.4006e-03,  7.8604e-06,  2.9050e-02],
          [-1.4887e-02,  1.8379e-03, -1.6671e-02],
          [-1.7359e-02, -2.6349e-02,  2.4858e-03]],

         [[-2.7196e-02,  2.7920e-02, -2.6911e-02],
          [-8.4434e-03, -2.1396e-02, -2.6567e-02],
          [-5.9929e-04, -1.0329e-03,  1.7578e-02]],

         ...,

         [[-2.3619e-02, -1.2493e-02, -1.7471e-02],
          [ 1.7815e-02, -1.7670e-02, -3.4524e-03],
          [-2.5618e-02, -2.4607e-02, -1.8175e-02]],

         [[ 2.3023e-02, -6.3639e-03, -1.7348e-02],
          [-2.2797e-03,  2.7458e-02,  9.4574e-03],
          [ 2.1553e-02, -2.2342e-02,  2.6956e-02]],

         [[-2.2311e-02,  3.6620e-03,  1.8118e-02],
          [-1.0916e-02,  2.2316e-02, -2.6647e-02],
          [ 2.0195e-02,  1.3328e-03, -1.0094e-03]]],


        ...,


        [[[-2.5279e-02,  2.4474e-02, -2.6930e-02],
          [ 7.5977e-03, -1.2549e-02, -7.1241e-03],
          [-1.6011e-04,  1.7898e-02, -6.7350e-03]],

         [[-1.0542e-02,  4.0100e-03,  6.3332e-04],
          [-2.4328e-02, -2.0557e-02, -2.3929e-02],
          [-2.2251e-03, -1.3095e-02, -6.1610e-03]],

         [[-2.3465e-02,  2.4309e-02, -1.3968e-02],
          [-1.0190e-02, -2.4787e-02,  1.3258e-02],
          [-8.9607e-03, -2.7359e-02,  2.1782e-02]],

         ...,

         [[-2.5947e-02, -2.9315e-02,  2.7705e-02],
          [-2.3715e-02,  2.3221e-02,  1.1354e-04],
          [ 2.8896e-02, -2.8200e-02, -2.8494e-02]],

         [[-1.5095e-02, -2.2685e-02,  1.6584e-02],
          [ 7.9184e-03,  1.4593e-02,  5.8438e-03],
          [-1.0225e-02, -1.0683e-02,  1.9927e-02]],

         [[ 7.3897e-03, -1.1106e-02,  6.3364e-04],
          [ 2.9413e-03, -9.3733e-04,  6.7407e-03],
          [-1.5909e-02,  6.9614e-03, -7.5123e-03]]],


        [[[ 1.3282e-02, -6.4447e-03,  1.6503e-02],
          [ 1.7110e-02,  2.4368e-02, -3.5867e-03],
          [ 1.7056e-02,  3.0974e-03, -2.3738e-02]],

         [[ 6.0133e-03,  2.7612e-02,  1.0657e-02],
          [ 3.9267e-03, -2.7657e-02, -2.2918e-02],
          [-2.4860e-02,  1.4834e-02, -8.1957e-03]],

         [[-5.1629e-03,  1.9996e-02, -3.7114e-03],
          [-1.0716e-03,  1.1677e-02, -3.2617e-03],
          [ 5.5973e-04,  6.7260e-03,  1.4301e-02]],

         ...,

         [[ 1.4046e-02,  1.3511e-02, -7.4900e-03],
          [ 1.5483e-02, -1.7170e-02, -1.8797e-02],
          [ 6.7798e-03, -2.2331e-02,  1.1815e-02]],

         [[-1.0439e-02, -2.6406e-02,  6.9610e-03],
          [ 3.1761e-04, -1.5891e-03,  1.3415e-02],
          [ 1.9539e-02,  6.2323e-03,  6.3774e-03]],

         [[ 2.8013e-02, -6.3282e-03,  1.1464e-02],
          [ 5.5558e-03, -1.5633e-02, -1.9812e-02],
          [ 1.9283e-02, -2.4057e-03,  2.3524e-02]]],


        [[[-1.6824e-02,  2.7852e-03, -2.6231e-02],
          [-9.4568e-03,  1.7861e-02,  2.0639e-03],
          [ 5.6704e-03,  5.9311e-03,  2.1557e-02]],

         [[-1.9099e-02, -2.7188e-02,  2.7506e-02],
          [-2.3407e-02,  5.6789e-05,  1.5593e-02],
          [ 6.8290e-03,  9.6820e-03, -2.1698e-03]],

         [[ 2.3218e-02, -2.8926e-02,  1.4895e-02],
          [-6.0231e-03,  1.1757e-02, -7.7489e-04],
          [-1.6842e-02,  1.7178e-03, -1.4849e-02]],

         ...,

         [[ 2.0140e-02, -3.2691e-03,  5.5161e-03],
          [-3.7779e-03, -9.7305e-03, -5.5043e-03],
          [-2.7855e-02, -2.5764e-02, -1.4121e-03]],

         [[-2.0615e-03, -2.8984e-02, -1.1394e-02],
          [-1.4505e-02,  1.0727e-02,  1.9617e-02],
          [ 3.0041e-03,  1.4872e-02, -6.5017e-03]],

         [[-8.4915e-03,  5.5140e-03,  1.5368e-02],
          [-1.9620e-02,  6.8740e-03, -8.7104e-03],
          [-2.4773e-03,  3.8370e-03, -1.0184e-02]]]], device='cuda:0',
       requires_grad=True)
parameters of the network conv3.bias 
 torch.Size([64]) 
 True 
 tensor([-0.0076, -0.0067, -0.0226, -0.0253, -0.0123, -0.0087,  0.0159,  0.0045,
        -0.0236,  0.0259,  0.0113, -0.0061, -0.0023,  0.0034,  0.0021,  0.0199,
        -0.0221,  0.0230, -0.0051, -0.0218, -0.0251, -0.0100,  0.0182, -0.0038,
         0.0113,  0.0182, -0.0156,  0.0238,  0.0109,  0.0224, -0.0099,  0.0052,
         0.0044, -0.0232,  0.0012, -0.0225,  0.0110,  0.0089,  0.0181, -0.0148,
        -0.0132, -0.0012, -0.0150,  0.0002, -0.0037, -0.0056, -0.0041,  0.0002,
         0.0272,  0.0139,  0.0129, -0.0108, -0.0007, -0.0129, -0.0015,  0.0285,
         0.0159, -0.0089,  0.0191,  0.0005,  0.0264, -0.0139, -0.0020, -0.0230],
       device='cuda:0') 
 Parameter containing:
tensor([-0.0076, -0.0067, -0.0226, -0.0253, -0.0123, -0.0087,  0.0159,  0.0045,
        -0.0236,  0.0259,  0.0113, -0.0061, -0.0023,  0.0034,  0.0021,  0.0199,
        -0.0221,  0.0230, -0.0051, -0.0218, -0.0251, -0.0100,  0.0182, -0.0038,
         0.0113,  0.0182, -0.0156,  0.0238,  0.0109,  0.0224, -0.0099,  0.0052,
         0.0044, -0.0232,  0.0012, -0.0225,  0.0110,  0.0089,  0.0181, -0.0148,
        -0.0132, -0.0012, -0.0150,  0.0002, -0.0037, -0.0056, -0.0041,  0.0002,
         0.0272,  0.0139,  0.0129, -0.0108, -0.0007, -0.0129, -0.0015,  0.0285,
         0.0159, -0.0089,  0.0191,  0.0005,  0.0264, -0.0139, -0.0020, -0.0230],
       device='cuda:0', requires_grad=True)
parameters of the network fc1.weight 
 torch.Size([256, 667776]) 
 True 
 tensor([[-1.0820e-03, -3.8769e-04, -6.6476e-04,  ...,  1.2075e-03,
          6.6549e-04,  7.4944e-05],
        [-5.1439e-04, -1.1040e-04, -1.0380e-03,  ...,  1.2098e-03,
          6.2466e-04,  1.1207e-03],
        [ 9.7717e-04, -7.4441e-04,  4.4476e-05,  ..., -1.2175e-03,
          9.5183e-04, -8.4485e-04],
        ...,
        [ 2.3688e-04,  4.5132e-04,  1.8465e-04,  ...,  3.7637e-04,
          3.0992e-04, -1.2100e-03],
        [ 2.9724e-04, -1.1944e-03,  1.5268e-04,  ...,  1.1189e-03,
         -1.1458e-03,  5.3618e-04],
        [ 5.6479e-04, -7.8956e-04,  7.8199e-04,  ...,  3.1186e-04,
         -1.1559e-03, -1.8720e-04]], device='cuda:0') 
 Parameter containing:
tensor([[-1.0820e-03, -3.8769e-04, -6.6476e-04,  ...,  1.2075e-03,
          6.6549e-04,  7.4944e-05],
        [-5.1439e-04, -1.1040e-04, -1.0380e-03,  ...,  1.2098e-03,
          6.2466e-04,  1.1207e-03],
        [ 9.7717e-04, -7.4441e-04,  4.4476e-05,  ..., -1.2175e-03,
          9.5183e-04, -8.4485e-04],
        ...,
        [ 2.3688e-04,  4.5132e-04,  1.8465e-04,  ...,  3.7637e-04,
          3.0992e-04, -1.2100e-03],
        [ 2.9724e-04, -1.1944e-03,  1.5268e-04,  ...,  1.1189e-03,
         -1.1458e-03,  5.3618e-04],
        [ 5.6479e-04, -7.8956e-04,  7.8199e-04,  ...,  3.1186e-04,
         -1.1559e-03, -1.8720e-04]], device='cuda:0', requires_grad=True)
parameters of the network fc1.bias 
 torch.Size([256]) 
 True 
 tensor([ 8.2835e-04,  5.6265e-04, -2.3410e-04, -3.5001e-04, -1.3746e-04,
        -8.6642e-04,  5.2268e-04, -3.2925e-04,  4.7266e-04, -2.1381e-04,
        -9.5900e-04, -1.3541e-04,  1.0677e-03,  8.0832e-04, -2.8393e-04,
         5.5507e-04, -2.7882e-04, -6.6872e-04,  9.8932e-04,  9.5710e-04,
        -5.7414e-04,  7.8025e-04,  9.5422e-04, -9.9391e-05,  3.0092e-04,
         7.1087e-04, -1.4880e-04,  5.7931e-05,  1.2145e-04,  9.6618e-04,
         5.0118e-04,  9.7492e-04,  5.3114e-04,  4.1395e-04,  2.1410e-04,
        -7.0347e-04, -1.1532e-04,  7.1653e-04, -8.7339e-04,  1.1088e-03,
        -1.2236e-03,  1.6115e-04, -8.9222e-04,  1.1939e-03, -9.3916e-05,
        -7.8278e-05,  1.0953e-04,  8.4622e-05,  5.6747e-04,  8.4030e-05,
         5.4139e-04,  8.1204e-04, -8.4660e-04, -1.2156e-03,  8.5412e-04,
        -9.8052e-04,  9.5659e-04,  5.3181e-04, -3.1078e-04, -1.1443e-03,
        -4.3004e-04,  8.6136e-05, -1.1053e-03, -5.9495e-04, -4.3741e-04,
        -1.2175e-03,  8.6100e-04, -1.1728e-03, -3.5932e-04, -4.8885e-04,
         4.0137e-04,  3.9067e-04, -1.8896e-04,  4.9308e-04,  9.3213e-04,
        -2.3242e-04,  3.9360e-04, -8.8231e-04, -4.7712e-04,  8.3768e-04,
        -4.8794e-04, -4.1331e-04, -3.2288e-04,  6.7635e-04,  1.1464e-03,
         1.0834e-03,  2.2223e-04, -8.9310e-04, -6.0777e-05, -7.4865e-04,
         9.0395e-04,  6.9861e-04, -1.1629e-03,  6.2604e-04,  7.2297e-04,
         1.1809e-03,  3.2383e-04,  7.3974e-04, -1.0342e-03, -8.6091e-04,
        -1.0603e-03, -1.5457e-04, -3.2938e-04,  3.0588e-05, -1.2303e-04,
        -1.0082e-03,  6.4993e-04,  9.1185e-04,  5.1247e-04,  4.8302e-04,
        -3.7928e-04, -9.3843e-05, -1.1539e-03,  8.4423e-04,  7.9098e-04,
        -1.1319e-03,  8.0405e-04, -1.1226e-04, -7.4078e-04, -1.1690e-03,
        -2.3413e-04,  2.4494e-04, -7.3367e-04,  9.9911e-04,  9.9657e-05,
         7.6693e-05, -1.0417e-03, -1.1631e-03, -2.5137e-04,  3.0359e-04,
         4.1661e-04, -8.5027e-04,  6.3291e-04, -2.6583e-04, -7.7622e-04,
         1.4628e-04, -6.0651e-04,  2.1630e-04,  7.9808e-06, -7.1438e-04,
        -1.8671e-04,  5.7314e-04,  8.6536e-04, -5.1519e-04, -7.3956e-04,
        -1.8409e-04,  4.0499e-04,  3.1672e-05,  1.6993e-04, -9.5189e-04,
         1.1092e-03, -7.1617e-05, -1.0740e-03,  6.4170e-04, -1.1650e-03,
        -7.9102e-04,  7.8628e-04,  1.5444e-05, -4.0589e-04,  1.1979e-03,
        -1.3507e-04,  1.1303e-03, -1.1655e-03,  9.2088e-04, -1.4146e-05,
         1.7893e-04,  1.2626e-04, -1.1258e-03,  7.2778e-04,  1.1610e-03,
        -4.3754e-05,  5.8445e-05,  1.5936e-04, -4.7020e-04,  1.0325e-03,
         9.0683e-04,  7.8925e-04, -1.1419e-03,  2.7922e-04, -2.4002e-04,
        -2.7625e-04, -7.8315e-04, -1.0976e-03, -1.2205e-04,  2.8499e-04,
         1.4111e-04,  5.6804e-04, -4.7705e-04,  6.5278e-04,  2.3084e-04,
         1.1866e-03, -1.9008e-04, -5.8162e-04, -6.5234e-04, -8.9174e-04,
         1.1871e-03,  4.6486e-04,  4.1224e-04, -4.4304e-05,  3.0618e-04,
         5.2582e-04,  3.5068e-04, -1.0404e-03,  1.5701e-04,  3.3418e-04,
        -1.7444e-04, -3.1821e-04,  7.8132e-05,  7.9367e-04, -1.1875e-03,
         1.0937e-04, -1.1204e-03,  1.1432e-03,  9.6230e-04, -2.7138e-04,
        -3.9021e-04,  1.0167e-03, -1.2581e-04, -6.5606e-04,  2.9486e-04,
        -1.1022e-05, -1.1142e-03,  1.4095e-04,  6.2665e-04, -5.3933e-04,
        -5.0859e-04,  1.2033e-03,  2.8983e-04, -2.8747e-04, -7.8838e-04,
         3.1573e-04,  9.6320e-04,  4.3082e-04,  2.4650e-04, -2.6877e-04,
         1.1578e-03, -7.7345e-04,  9.0203e-04,  2.6837e-04,  3.1287e-04,
        -5.5502e-04,  1.0441e-04,  1.2312e-04, -8.8521e-05,  6.4544e-04,
        -6.5782e-04,  4.7531e-04,  2.7124e-04, -5.4795e-05,  7.5849e-04,
         1.1812e-03, -2.1425e-04,  7.2441e-04,  9.4772e-04,  4.2878e-04,
         6.2470e-04], device='cuda:0') 
 Parameter containing:
tensor([ 8.2835e-04,  5.6265e-04, -2.3410e-04, -3.5001e-04, -1.3746e-04,
        -8.6642e-04,  5.2268e-04, -3.2925e-04,  4.7266e-04, -2.1381e-04,
        -9.5900e-04, -1.3541e-04,  1.0677e-03,  8.0832e-04, -2.8393e-04,
         5.5507e-04, -2.7882e-04, -6.6872e-04,  9.8932e-04,  9.5710e-04,
        -5.7414e-04,  7.8025e-04,  9.5422e-04, -9.9391e-05,  3.0092e-04,
         7.1087e-04, -1.4880e-04,  5.7931e-05,  1.2145e-04,  9.6618e-04,
         5.0118e-04,  9.7492e-04,  5.3114e-04,  4.1395e-04,  2.1410e-04,
        -7.0347e-04, -1.1532e-04,  7.1653e-04, -8.7339e-04,  1.1088e-03,
        -1.2236e-03,  1.6115e-04, -8.9222e-04,  1.1939e-03, -9.3916e-05,
        -7.8278e-05,  1.0953e-04,  8.4622e-05,  5.6747e-04,  8.4030e-05,
         5.4139e-04,  8.1204e-04, -8.4660e-04, -1.2156e-03,  8.5412e-04,
        -9.8052e-04,  9.5659e-04,  5.3181e-04, -3.1078e-04, -1.1443e-03,
        -4.3004e-04,  8.6136e-05, -1.1053e-03, -5.9495e-04, -4.3741e-04,
        -1.2175e-03,  8.6100e-04, -1.1728e-03, -3.5932e-04, -4.8885e-04,
         4.0137e-04,  3.9067e-04, -1.8896e-04,  4.9308e-04,  9.3213e-04,
        -2.3242e-04,  3.9360e-04, -8.8231e-04, -4.7712e-04,  8.3768e-04,
        -4.8794e-04, -4.1331e-04, -3.2288e-04,  6.7635e-04,  1.1464e-03,
         1.0834e-03,  2.2223e-04, -8.9310e-04, -6.0777e-05, -7.4865e-04,
         9.0395e-04,  6.9861e-04, -1.1629e-03,  6.2604e-04,  7.2297e-04,
         1.1809e-03,  3.2383e-04,  7.3974e-04, -1.0342e-03, -8.6091e-04,
        -1.0603e-03, -1.5457e-04, -3.2938e-04,  3.0588e-05, -1.2303e-04,
        -1.0082e-03,  6.4993e-04,  9.1185e-04,  5.1247e-04,  4.8302e-04,
        -3.7928e-04, -9.3843e-05, -1.1539e-03,  8.4423e-04,  7.9098e-04,
        -1.1319e-03,  8.0405e-04, -1.1226e-04, -7.4078e-04, -1.1690e-03,
        -2.3413e-04,  2.4494e-04, -7.3367e-04,  9.9911e-04,  9.9657e-05,
         7.6693e-05, -1.0417e-03, -1.1631e-03, -2.5137e-04,  3.0359e-04,
         4.1661e-04, -8.5027e-04,  6.3291e-04, -2.6583e-04, -7.7622e-04,
         1.4628e-04, -6.0651e-04,  2.1630e-04,  7.9808e-06, -7.1438e-04,
        -1.8671e-04,  5.7314e-04,  8.6536e-04, -5.1519e-04, -7.3956e-04,
        -1.8409e-04,  4.0499e-04,  3.1672e-05,  1.6993e-04, -9.5189e-04,
         1.1092e-03, -7.1617e-05, -1.0740e-03,  6.4170e-04, -1.1650e-03,
        -7.9102e-04,  7.8628e-04,  1.5444e-05, -4.0589e-04,  1.1979e-03,
        -1.3507e-04,  1.1303e-03, -1.1655e-03,  9.2088e-04, -1.4146e-05,
         1.7893e-04,  1.2626e-04, -1.1258e-03,  7.2778e-04,  1.1610e-03,
        -4.3754e-05,  5.8445e-05,  1.5936e-04, -4.7020e-04,  1.0325e-03,
         9.0683e-04,  7.8925e-04, -1.1419e-03,  2.7922e-04, -2.4002e-04,
        -2.7625e-04, -7.8315e-04, -1.0976e-03, -1.2205e-04,  2.8499e-04,
         1.4111e-04,  5.6804e-04, -4.7705e-04,  6.5278e-04,  2.3084e-04,
         1.1866e-03, -1.9008e-04, -5.8162e-04, -6.5234e-04, -8.9174e-04,
         1.1871e-03,  4.6486e-04,  4.1224e-04, -4.4304e-05,  3.0618e-04,
         5.2582e-04,  3.5068e-04, -1.0404e-03,  1.5701e-04,  3.3418e-04,
        -1.7444e-04, -3.1821e-04,  7.8132e-05,  7.9367e-04, -1.1875e-03,
         1.0937e-04, -1.1204e-03,  1.1432e-03,  9.6230e-04, -2.7138e-04,
        -3.9021e-04,  1.0167e-03, -1.2581e-04, -6.5606e-04,  2.9486e-04,
        -1.1022e-05, -1.1142e-03,  1.4095e-04,  6.2665e-04, -5.3933e-04,
        -5.0859e-04,  1.2033e-03,  2.8983e-04, -2.8747e-04, -7.8838e-04,
         3.1573e-04,  9.6320e-04,  4.3082e-04,  2.4650e-04, -2.6877e-04,
         1.1578e-03, -7.7345e-04,  9.0203e-04,  2.6837e-04,  3.1287e-04,
        -5.5502e-04,  1.0441e-04,  1.2312e-04, -8.8521e-05,  6.4544e-04,
        -6.5782e-04,  4.7531e-04,  2.7124e-04, -5.4795e-05,  7.5849e-04,
         1.1812e-03, -2.1425e-04,  7.2441e-04,  9.4772e-04,  4.2878e-04,
         6.2470e-04], device='cuda:0', requires_grad=True)
parameters of the network fc2.weight 
 torch.Size([128, 256]) 
 True 
 tensor([[ 0.0120,  0.0344, -0.0495,  ...,  0.0285,  0.0365, -0.0623],
        [-0.0179, -0.0251, -0.0187,  ...,  0.0316,  0.0333, -0.0297],
        [ 0.0428,  0.0393, -0.0585,  ..., -0.0535, -0.0133, -0.0365],
        ...,
        [-0.0506, -0.0506,  0.0606,  ...,  0.0435, -0.0517, -0.0151],
        [-0.0564, -0.0367,  0.0513,  ...,  0.0217,  0.0047, -0.0236],
        [ 0.0511, -0.0121, -0.0241,  ...,  0.0473,  0.0318,  0.0542]],
       device='cuda:0') 
 Parameter containing:
tensor([[ 0.0120,  0.0344, -0.0495,  ...,  0.0285,  0.0365, -0.0623],
        [-0.0179, -0.0251, -0.0187,  ...,  0.0316,  0.0333, -0.0297],
        [ 0.0428,  0.0393, -0.0585,  ..., -0.0535, -0.0133, -0.0365],
        ...,
        [-0.0506, -0.0506,  0.0606,  ...,  0.0435, -0.0517, -0.0151],
        [-0.0564, -0.0367,  0.0513,  ...,  0.0217,  0.0047, -0.0236],
        [ 0.0511, -0.0121, -0.0241,  ...,  0.0473,  0.0318,  0.0542]],
       device='cuda:0', requires_grad=True)
parameters of the network fc2.bias 
 torch.Size([128]) 
 True 
 tensor([ 2.4614e-02,  4.8854e-02, -2.6543e-02,  2.5005e-02, -4.8203e-02,
        -3.8887e-02,  2.0151e-03,  2.9489e-02, -5.0477e-02, -2.0321e-03,
         2.0693e-02,  3.5195e-02,  3.5699e-02,  2.7463e-05, -2.8842e-02,
        -6.1617e-02,  5.0474e-02, -3.2402e-02, -2.7851e-02, -1.7115e-02,
        -1.8507e-02, -1.2595e-02, -6.0176e-02, -3.8270e-02, -2.5795e-02,
        -5.3372e-02, -3.5352e-04, -1.6593e-02, -5.9386e-03,  4.1860e-02,
         4.6891e-02, -3.7552e-02,  2.5714e-02,  6.1143e-02,  2.3431e-02,
         4.8318e-02,  3.0752e-02,  3.6070e-02,  2.9942e-02, -3.4291e-02,
        -5.0279e-02, -1.9167e-02,  4.6210e-02, -2.1256e-02,  2.8124e-02,
         2.3528e-02,  1.1711e-02,  2.1658e-02, -2.9309e-02, -1.8720e-02,
         5.7685e-02,  1.0639e-02,  2.0534e-02, -4.8639e-02, -4.1491e-02,
        -6.2189e-02,  5.0329e-02, -4.0193e-02, -2.9741e-02, -1.2014e-02,
         4.1907e-02, -2.6137e-02,  3.6522e-03,  5.2554e-02,  8.6742e-04,
         5.5906e-02,  1.5746e-02,  3.8379e-02,  5.3086e-02, -2.1186e-02,
        -2.9409e-02, -2.1222e-02,  3.0685e-02,  2.9045e-02,  5.1926e-02,
         2.4757e-02, -2.9908e-02,  3.5232e-02, -9.9699e-04, -5.5172e-02,
         1.1627e-02, -2.5679e-02,  6.1285e-02, -5.1638e-02, -3.5463e-02,
        -3.2682e-02,  3.1275e-02,  2.3759e-02, -5.1662e-02, -2.5532e-02,
        -5.3384e-02,  3.6371e-03,  1.1164e-02, -1.2477e-02, -1.5852e-02,
         4.0312e-02,  1.4373e-02,  4.4808e-02,  1.9399e-02,  6.4586e-03,
        -5.1548e-02, -2.2539e-02,  5.5769e-02,  4.3204e-02,  2.1974e-02,
         5.7455e-02, -2.7126e-02,  1.0256e-02,  1.4861e-02,  2.4253e-02,
        -2.8245e-02,  1.4699e-02, -4.4268e-02,  7.2731e-03,  6.1970e-02,
        -3.1386e-02, -4.8769e-02, -3.6134e-02,  4.5283e-02,  3.5389e-02,
         2.5004e-02, -2.7518e-02, -2.0451e-02, -3.7707e-02,  3.6033e-02,
         1.0164e-02,  2.6089e-02,  2.2433e-02], device='cuda:0') 
 Parameter containing:
tensor([ 2.4614e-02,  4.8854e-02, -2.6543e-02,  2.5005e-02, -4.8203e-02,
        -3.8887e-02,  2.0151e-03,  2.9489e-02, -5.0477e-02, -2.0321e-03,
         2.0693e-02,  3.5195e-02,  3.5699e-02,  2.7463e-05, -2.8842e-02,
        -6.1617e-02,  5.0474e-02, -3.2402e-02, -2.7851e-02, -1.7115e-02,
        -1.8507e-02, -1.2595e-02, -6.0176e-02, -3.8270e-02, -2.5795e-02,
        -5.3372e-02, -3.5352e-04, -1.6593e-02, -5.9386e-03,  4.1860e-02,
         4.6891e-02, -3.7552e-02,  2.5714e-02,  6.1143e-02,  2.3431e-02,
         4.8318e-02,  3.0752e-02,  3.6070e-02,  2.9942e-02, -3.4291e-02,
        -5.0279e-02, -1.9167e-02,  4.6210e-02, -2.1256e-02,  2.8124e-02,
         2.3528e-02,  1.1711e-02,  2.1658e-02, -2.9309e-02, -1.8720e-02,
         5.7685e-02,  1.0639e-02,  2.0534e-02, -4.8639e-02, -4.1491e-02,
        -6.2189e-02,  5.0329e-02, -4.0193e-02, -2.9741e-02, -1.2014e-02,
         4.1907e-02, -2.6137e-02,  3.6522e-03,  5.2554e-02,  8.6742e-04,
         5.5906e-02,  1.5746e-02,  3.8379e-02,  5.3086e-02, -2.1186e-02,
        -2.9409e-02, -2.1222e-02,  3.0685e-02,  2.9045e-02,  5.1926e-02,
         2.4757e-02, -2.9908e-02,  3.5232e-02, -9.9699e-04, -5.5172e-02,
         1.1627e-02, -2.5679e-02,  6.1285e-02, -5.1638e-02, -3.5463e-02,
        -3.2682e-02,  3.1275e-02,  2.3759e-02, -5.1662e-02, -2.5532e-02,
        -5.3384e-02,  3.6371e-03,  1.1164e-02, -1.2477e-02, -1.5852e-02,
         4.0312e-02,  1.4373e-02,  4.4808e-02,  1.9399e-02,  6.4586e-03,
        -5.1548e-02, -2.2539e-02,  5.5769e-02,  4.3204e-02,  2.1974e-02,
         5.7455e-02, -2.7126e-02,  1.0256e-02,  1.4861e-02,  2.4253e-02,
        -2.8245e-02,  1.4699e-02, -4.4268e-02,  7.2731e-03,  6.1970e-02,
        -3.1386e-02, -4.8769e-02, -3.6134e-02,  4.5283e-02,  3.5389e-02,
         2.5004e-02, -2.7518e-02, -2.0451e-02, -3.7707e-02,  3.6033e-02,
         1.0164e-02,  2.6089e-02,  2.2433e-02], device='cuda:0',
       requires_grad=True)
parameters of the network fc3.weight 
 torch.Size([64, 128]) 
 True 
 tensor([[ 0.0077,  0.0630, -0.0321,  ..., -0.0448,  0.0222, -0.0287],
        [ 0.0419, -0.0419,  0.0614,  ..., -0.0412,  0.0541, -0.0558],
        [ 0.0721, -0.0051, -0.0127,  ..., -0.0237,  0.0324, -0.0781],
        ...,
        [ 0.0288,  0.0627, -0.0542,  ..., -0.0309,  0.0855, -0.0012],
        [ 0.0370, -0.0766, -0.0699,  ...,  0.0844, -0.0357, -0.0214],
        [ 0.0781,  0.0201,  0.0411,  ..., -0.0858,  0.0674, -0.0817]],
       device='cuda:0') 
 Parameter containing:
tensor([[ 0.0077,  0.0630, -0.0321,  ..., -0.0448,  0.0222, -0.0287],
        [ 0.0419, -0.0419,  0.0614,  ..., -0.0412,  0.0541, -0.0558],
        [ 0.0721, -0.0051, -0.0127,  ..., -0.0237,  0.0324, -0.0781],
        ...,
        [ 0.0288,  0.0627, -0.0542,  ..., -0.0309,  0.0855, -0.0012],
        [ 0.0370, -0.0766, -0.0699,  ...,  0.0844, -0.0357, -0.0214],
        [ 0.0781,  0.0201,  0.0411,  ..., -0.0858,  0.0674, -0.0817]],
       device='cuda:0', requires_grad=True)
parameters of the network fc3.bias 
 torch.Size([64]) 
 True 
 tensor([ 0.0097,  0.0212,  0.0046, -0.0359, -0.0378, -0.0767, -0.0864,  0.0160,
        -0.0348, -0.0611, -0.0698,  0.0648,  0.0615,  0.0805, -0.0653,  0.0278,
         0.0461, -0.0672,  0.0298,  0.0008,  0.0455, -0.0150, -0.0203, -0.0191,
        -0.0092,  0.0883, -0.0099,  0.0012, -0.0146,  0.0241, -0.0753,  0.0836,
        -0.0034, -0.0168,  0.0066, -0.0139, -0.0216,  0.0471, -0.0388, -0.0388,
         0.0817, -0.0689, -0.0276, -0.0831, -0.0210, -0.0711, -0.0798,  0.0122,
        -0.0613, -0.0233,  0.0079, -0.0654,  0.0425, -0.0494,  0.0661,  0.0724,
         0.0741, -0.0395, -0.0020, -0.0453, -0.0543,  0.0255,  0.0566,  0.0242],
       device='cuda:0') 
 Parameter containing:
tensor([ 0.0097,  0.0212,  0.0046, -0.0359, -0.0378, -0.0767, -0.0864,  0.0160,
        -0.0348, -0.0611, -0.0698,  0.0648,  0.0615,  0.0805, -0.0653,  0.0278,
         0.0461, -0.0672,  0.0298,  0.0008,  0.0455, -0.0150, -0.0203, -0.0191,
        -0.0092,  0.0883, -0.0099,  0.0012, -0.0146,  0.0241, -0.0753,  0.0836,
        -0.0034, -0.0168,  0.0066, -0.0139, -0.0216,  0.0471, -0.0388, -0.0388,
         0.0817, -0.0689, -0.0276, -0.0831, -0.0210, -0.0711, -0.0798,  0.0122,
        -0.0613, -0.0233,  0.0079, -0.0654,  0.0425, -0.0494,  0.0661,  0.0724,
         0.0741, -0.0395, -0.0020, -0.0453, -0.0543,  0.0255,  0.0566,  0.0242],
       device='cuda:0', requires_grad=True)
parameters of the network fc4.weight 
 torch.Size([6796, 64]) 
 True 
 tensor([[ 0.1174, -0.0044,  0.0017,  ...,  0.0213,  0.0945, -0.0699],
        [-0.1249,  0.0767, -0.0795,  ..., -0.0504, -0.0649,  0.0904],
        [ 0.0001, -0.0846,  0.1126,  ...,  0.0134,  0.1111, -0.0519],
        ...,
        [ 0.0157,  0.0141, -0.0667,  ...,  0.1078,  0.0113, -0.0765],
        [-0.0574, -0.0283, -0.0925,  ...,  0.1027, -0.0797,  0.0297],
        [ 0.0262,  0.1027,  0.0663,  ..., -0.0764, -0.0144,  0.1120]],
       device='cuda:0') 
 Parameter containing:
tensor([[ 0.1174, -0.0044,  0.0017,  ...,  0.0213,  0.0945, -0.0699],
        [-0.1249,  0.0767, -0.0795,  ..., -0.0504, -0.0649,  0.0904],
        [ 0.0001, -0.0846,  0.1126,  ...,  0.0134,  0.1111, -0.0519],
        ...,
        [ 0.0157,  0.0141, -0.0667,  ...,  0.1078,  0.0113, -0.0765],
        [-0.0574, -0.0283, -0.0925,  ...,  0.1027, -0.0797,  0.0297],
        [ 0.0262,  0.1027,  0.0663,  ..., -0.0764, -0.0144,  0.1120]],
       device='cuda:0', requires_grad=True)
parameters of the network fc4.bias 
 torch.Size([6796]) 
 True 
 tensor([-0.0439,  0.1114, -0.0802,  ...,  0.0013,  0.0052, -0.0279],
       device='cuda:0') 
 Parameter containing:
tensor([-0.0439,  0.1114, -0.0802,  ...,  0.0013,  0.0052, -0.0279],
       device='cuda:0', requires_grad=True)

Passing event 1007 from the network before training input tensor([[0., 0., 0.,  ..., 0., 0., 0.],
        [0., 0., 0.,  ..., 0., 0., 0.],
        [0., 0., 0.,  ..., 0., 0., 0.],
        ...,
        [0., 0., 0.,  ..., 0., 0., 0.],
        [0., 0., 0.,  ..., 0., 0., 0.],
        [0., 0., 0.,  ..., 0., 0., 0.]]) 
result1: tensor([[0.4914, 0.5304, 0.4815,  ..., 0.5019, 0.4944, 0.5002],
        [0.4914, 0.5304, 0.4815,  ..., 0.5019, 0.4945, 0.5002],
        [0.4915, 0.5304, 0.4815,  ..., 0.5020, 0.4945, 0.5002],
        ...,
        [0.4915, 0.5304, 0.4815,  ..., 0.5020, 0.4945, 0.5002],
        [0.4915, 0.5304, 0.4815,  ..., 0.5020, 0.4945, 0.5002],
        [0.4914, 0.5304, 0.4815,  ..., 0.5019, 0.4945, 0.5001]],
       device='cuda:0', grad_fn=<SigmoidBackward0>) 
result1.shape: torch.Size([20, 6796])

Passing two random events from the network before training 
result1: tensor([[0.4914, 0.5304, 0.4815,  ..., 0.5019, 0.4944, 0.5002],
        [0.4914, 0.5304, 0.4815,  ..., 0.5019, 0.4945, 0.5002],
        [0.4915, 0.5304, 0.4815,  ..., 0.5020, 0.4945, 0.5002],
        ...,
        [0.4915, 0.5304, 0.4815,  ..., 0.5020, 0.4945, 0.5002],
        [0.4915, 0.5304, 0.4815,  ..., 0.5020, 0.4945, 0.5002],
        [0.4914, 0.5304, 0.4815,  ..., 0.5019, 0.4945, 0.5001]],
       device='cuda:0', grad_fn=<SigmoidBackward0>) 
result1.shape: torch.Size([20, 6796]) 
input: [[0. 0. 0. ... 0. 0. 0.]
 [0. 0. 0. ... 0. 0. 0.]
 [0. 0. 0. ... 0. 0. 0.]
 ...
 [0. 0. 0. ... 0. 0. 0.]
 [0. 0. 0. ... 0. 0. 0.]
 [0. 0. 0. ... 0. 0. 0.]]
=> loading checkpoint from /hpcfs/bes/mlgpu/hoseinkk/MLTracking/otherparticles/pppipi/pyt_pppipi_cnn_1/checkpoint_dir/1999840284saved_checkpoint.tar



load_model True 
TraEvN 19998 
BatchSize 30.0 
EpochNum 40 
LrVal 0.0001 
weight_decay 5e-05 
startmesh 284 
endmesh 285 




Passing event 10007 from the network before training input tensor([[0., 0., 0.,  ..., 0., 0., 0.],
        [0., 0., 0.,  ..., 0., 0., 0.],
        [0., 0., 0.,  ..., 0., 0., 0.],
        ...,
        [0., 0., 0.,  ..., 0., 0., 0.],
        [0., 0., 0.,  ..., 0., 0., 0.],
        [0., 0., 0.,  ..., 0., 0., 0.]]) 
result1: tensor([9.9937e-01, 1.0000e+00, 1.0000e+00,  ..., 6.0482e-33, 8.2983e-38,
        5.9066e-13], grad_fn=<SelectBackward0>) 
result1.shape: torch.Size([6796])

Passing event 10007 from the network after training input tensor([[0., 0., 0.,  ..., 0., 0., 0.],
        [0., 0., 0.,  ..., 0., 0., 0.],
        [0., 0., 0.,  ..., 0., 0., 0.],
        ...,
        [0., 0., 0.,  ..., 0., 0., 0.],
        [0., 0., 0.,  ..., 0., 0., 0.],
        [0., 0., 0.,  ..., 0., 0., 0.]]) 
result1: tensor([0.5105, 0.5232, 0.5064,  ..., 0.4910, 0.5030, 0.4899],
       grad_fn=<SelectBackward0>) 
result1.shape: torch.Size([6796])

real	0m55.554s
user	1m10.113s
sys	0m4.966s
