0: gpu016.ihep.ac.cn
GPU 0: Tesla V100-SXM2-32GB (UUID: GPU-adc0bb57-5f8a-ba9d-04e2-dbaa9f7c20f1)
Allocate GPU cards : 0

modinfo:
filename:       /lib/modules/3.10.0-1160.71.1.el7.x86_64/extra/nvidia.ko.xz
firmware:       nvidia/515.65.01/gsp.bin
alias:          char-major-195-*
version:        515.65.01
supported:      external
license:        NVIDIA
retpoline:      Y
rhelversion:    7.9
srcversion:     8049D44E2C1B08F41E1B8A6
alias:          pci:v000010DEd*sv*sd*bc06sc80i00*
alias:          pci:v000010DEd*sv*sd*bc03sc02i00*
alias:          pci:v000010DEd*sv*sd*bc03sc00i00*
depends:        drm
vermagic:       3.10.0-1160.71.1.el7.x86_64 SMP mod_unload modversions 
signer:         DKMS module signing key
sig_key:        A2:17:1D:79:E5:47:38:13:77:F2:EE:66:EA:5D:DB:A0:A1:CA:F4:E7
sig_hashalgo:   sha512
parm:           NvSwitchRegDwords:NvSwitch regkey (charp)
parm:           NvSwitchBlacklist:NvSwitchBlacklist=uuid[,uuid...] (charp)
parm:           NVreg_ResmanDebugLevel:int
parm:           NVreg_RmLogonRC:int
parm:           NVreg_ModifyDeviceFiles:int
parm:           NVreg_DeviceFileUID:int
parm:           NVreg_DeviceFileGID:int
parm:           NVreg_DeviceFileMode:int
parm:           NVreg_InitializeSystemMemoryAllocations:int
parm:           NVreg_UsePageAttributeTable:int
parm:           NVreg_EnablePCIeGen3:int
parm:           NVreg_EnableMSI:int
parm:           NVreg_TCEBypassMode:int
parm:           NVreg_EnableStreamMemOPs:int
parm:           NVreg_RestrictProfilingToAdminUsers:int
parm:           NVreg_PreserveVideoMemoryAllocations:int
parm:           NVreg_EnableS0ixPowerManagement:int
parm:           NVreg_S0ixPowerManagementVideoMemoryThreshold:int
parm:           NVreg_DynamicPowerManagement:int
parm:           NVreg_DynamicPowerManagementVideoMemoryThreshold:int
parm:           NVreg_EnableGpuFirmware:int
parm:           NVreg_EnableGpuFirmwareLogs:int
parm:           NVreg_OpenRmEnableUnsupportedGpus:int
parm:           NVreg_EnableUserNUMAManagement:int
parm:           NVreg_MemoryPoolSize:int
parm:           NVreg_KMallocHeapMaxSize:int
parm:           NVreg_VMallocHeapMaxSize:int
parm:           NVreg_IgnoreMMIOCheck:int
parm:           NVreg_NvLinkDisable:int
parm:           NVreg_EnablePCIERelaxedOrderingMode:int
parm:           NVreg_RegisterPCIDriver:int
parm:           NVreg_EnableDbgBreakpoint:int
parm:           NVreg_RegistryDwords:charp
parm:           NVreg_RegistryDwordsPerDevice:charp
parm:           NVreg_RmMsg:charp
parm:           NVreg_GpuBlacklist:charp
parm:           NVreg_TemporaryFilePath:charp
parm:           NVreg_ExcludedGpus:charp
parm:           NVreg_DmaRemapPeerMmio:int
parm:           rm_firmware_active:charp

nvidia-smi:
Mon Aug 29 18:43:42 2022       
+-----------------------------------------------------------------------------+
| NVIDIA-SMI 515.65.01    Driver Version: 515.65.01    CUDA Version: 11.7     |
|-------------------------------+----------------------+----------------------+
| GPU  Name        Persistence-M| Bus-Id        Disp.A | Volatile Uncorr. ECC |
| Fan  Temp  Perf  Pwr:Usage/Cap|         Memory-Usage | GPU-Util  Compute M. |
|                               |                      |               MIG M. |
|===============================+======================+======================|
|   0  Tesla V100-SXM2...  On   | 00000000:1D:00.0 Off |                    0 |
| N/A   34C    P0    42W / 300W |      0MiB / 32768MiB |      0%      Default |
|                               |                      |                  N/A |
+-------------------------------+----------------------+----------------------+
                                                                               
+-----------------------------------------------------------------------------+
| Processes:                                                                  |
|  GPU   GI   CI        PID   Type   Process name                  GPU Memory |
|        ID   ID                                                   Usage      |
|=============================================================================|
|  No running processes found                                                 |
+-----------------------------------------------------------------------------+

nvcc --version:
nvcc: NVIDIA (R) Cuda compiler driver
Copyright (c) 2005-2021 NVIDIA Corporation
Built on Sun_Mar_21_19:15:46_PDT_2021
Cuda compilation tools, release 11.3, V11.3.58
Build cuda_11.3.r11.3/compiler.29745058_0

 torch version: 1.10.2

 cuda version: 11.3

 is cuda available: True

 CUDNN VERSION: 8200

 Number CUDA Devices: 1

 CUDA Device Name: Tesla V100-SXM2-32GB

 CUDA Device Total Memory [GB]: 34.089926656

 Device capability: (7, 0) 

 Cuda deviice: <torch.cuda.device object at 0x2b3e4120d8e0> 

 Is cuda initialized: True

 CUDA_HOME: /hpcfs/bes/mlgpu/hoseinkk/Miniconda3/envs/dgl1

real	0m10.056s
user	0m2.996s
sys	0m1.162s
/hpcfs/bes/mlgpu/hoseinkk/Miniconda3/envs/dgl1/lib/python3.9/site-packages/cupy/_environment.py:438: UserWarning: 
--------------------------------------------------------------------------------

  CuPy may not function correctly because multiple CuPy packages are installed
  in your environment:

    cupy, cupy-cuda110

  Follow these steps to resolve this issue:

    1. For all packages listed above, run the following command to remove all
       existing CuPy installations:

         $ pip uninstall <package_name>

      If you previously installed CuPy via conda, also run the following:

         $ conda uninstall cupy

    2. Install the appropriate CuPy package.
       Refer to the Installation Guide for detailed instructions.

         https://docs.cupy.dev/en/stable/install.html

--------------------------------------------------------------------------------

  warnings.warn(f'''
/hpcfs/bes/mlgpu/hoseinkk/Miniconda3/envs/dgl1/lib/python3.9/site-packages/torch/nn/functional.py:1806: UserWarning: nn.functional.sigmoid is deprecated. Use torch.sigmoid instead.
  warnings.warn("nn.functional.sigmoid is deprecated. Use torch.sigmoid instead.")





 Loading data ... 



training set shape (20000, 43, 288) 
sum 5279207

target set shape (20000, 6796) 
sum 4575851




 The Network ... 


Net(
  (conv1): Conv2d(1, 256, kernel_size=(3, 3), stride=(1, 1))
  (conv2): Conv2d(256, 128, kernel_size=(3, 3), stride=(1, 1))
  (conv3): Conv2d(128, 64, kernel_size=(3, 3), stride=(1, 1))
  (fc1): Linear(in_features=667776, out_features=256, bias=True)
  (fc2): Linear(in_features=256, out_features=128, bias=True)
  (fc3): Linear(in_features=128, out_features=64, bias=True)
  (fc4): Linear(in_features=64, out_features=6796, bias=True)
)

number of the free parameters: 171805196
parameters of the network conv1.weight 
 torch.Size([256, 1, 3, 3]) 
 True 
 tensor([[[[-0.2539, -0.2384, -0.0380],
          [-0.1270,  0.1643,  0.0449],
          [ 0.1066, -0.2854,  0.2949]]],


        [[[ 0.0548,  0.1742,  0.0304],
          [ 0.1062, -0.3130, -0.2950],
          [-0.2390,  0.0684, -0.0369]]],


        [[[-0.1400, -0.0578,  0.2286],
          [ 0.0019, -0.2007, -0.2009],
          [ 0.2542, -0.0297, -0.1738]]],


        ...,


        [[[-0.2138, -0.0652, -0.0564],
          [ 0.0771, -0.2375, -0.2490],
          [ 0.0830, -0.2522,  0.1010]]],


        [[[ 0.2656, -0.2410,  0.1051],
          [-0.2295,  0.3222, -0.1960],
          [ 0.2189, -0.1540, -0.1449]]],


        [[[-0.0004, -0.1603, -0.1893],
          [ 0.2621, -0.2445,  0.0063],
          [-0.0293,  0.3007,  0.2099]]]], device='cuda:0') 
 Parameter containing:
tensor([[[[-0.2539, -0.2384, -0.0380],
          [-0.1270,  0.1643,  0.0449],
          [ 0.1066, -0.2854,  0.2949]]],


        [[[ 0.0548,  0.1742,  0.0304],
          [ 0.1062, -0.3130, -0.2950],
          [-0.2390,  0.0684, -0.0369]]],


        [[[-0.1400, -0.0578,  0.2286],
          [ 0.0019, -0.2007, -0.2009],
          [ 0.2542, -0.0297, -0.1738]]],


        ...,


        [[[-0.2138, -0.0652, -0.0564],
          [ 0.0771, -0.2375, -0.2490],
          [ 0.0830, -0.2522,  0.1010]]],


        [[[ 0.2656, -0.2410,  0.1051],
          [-0.2295,  0.3222, -0.1960],
          [ 0.2189, -0.1540, -0.1449]]],


        [[[-0.0004, -0.1603, -0.1893],
          [ 0.2621, -0.2445,  0.0063],
          [-0.0293,  0.3007,  0.2099]]]], device='cuda:0', requires_grad=True)
parameters of the network conv1.bias 
 torch.Size([256]) 
 True 
 tensor([ 0.1818,  0.2882,  0.1850,  0.2958,  0.1888, -0.0079, -0.3088, -0.2744,
         0.2219, -0.0639,  0.0006,  0.2750,  0.1843,  0.1978,  0.1433, -0.0671,
         0.1502,  0.1863, -0.1489, -0.2480, -0.3179,  0.2446, -0.2635, -0.3283,
         0.0815, -0.0776,  0.0285, -0.1992, -0.0205, -0.1357,  0.2024,  0.1656,
         0.1105,  0.1576,  0.3019,  0.1982, -0.2965, -0.1899, -0.0806,  0.0939,
         0.0796,  0.1326,  0.1960,  0.0810, -0.0154, -0.3113, -0.0999,  0.0393,
         0.3033,  0.2704,  0.1215,  0.2414, -0.3136,  0.2285, -0.2176, -0.1869,
         0.3086,  0.2228, -0.1590,  0.2339, -0.1698, -0.3178, -0.1707,  0.0868,
         0.1466,  0.2288, -0.0597, -0.2182,  0.1815, -0.2564,  0.2245, -0.1323,
         0.1216,  0.0325, -0.1123, -0.0786, -0.0114, -0.0075, -0.1957,  0.2014,
        -0.2874, -0.0476,  0.0693, -0.0421,  0.0677,  0.0494,  0.0721, -0.0803,
         0.0081, -0.1821, -0.2437, -0.3137, -0.2663, -0.1285,  0.0340,  0.0194,
         0.2235,  0.1384,  0.1698,  0.3036, -0.2955, -0.0956,  0.1897,  0.2462,
         0.0417, -0.1514,  0.2879, -0.1818, -0.1633, -0.1952, -0.1834, -0.1290,
        -0.2944,  0.0018,  0.0777, -0.2928, -0.1595,  0.0449, -0.1329, -0.1111,
        -0.2769,  0.2870, -0.1512,  0.0277, -0.1278, -0.1262, -0.1628, -0.1436,
         0.0972,  0.0835,  0.2328,  0.2777, -0.0721, -0.0164,  0.0941,  0.1436,
         0.2955, -0.1685, -0.1799,  0.2416,  0.1347,  0.0343,  0.0867, -0.3112,
        -0.0193, -0.1599, -0.0061, -0.1829, -0.3331,  0.0372,  0.1517,  0.0671,
        -0.1372, -0.0271, -0.1603, -0.1582, -0.2002,  0.1330,  0.0703,  0.0434,
        -0.0488, -0.1323,  0.0819,  0.2648,  0.3258, -0.0037,  0.2214, -0.0545,
        -0.2385, -0.3065, -0.0092,  0.3131,  0.0421,  0.2850,  0.1476,  0.3318,
        -0.2096, -0.0059,  0.2384,  0.2957,  0.0653, -0.0857, -0.2564,  0.0503,
        -0.1436, -0.1209,  0.0112, -0.2031, -0.2056, -0.0614, -0.2256,  0.1180,
         0.0829,  0.2422,  0.1204, -0.1071, -0.1680,  0.0685, -0.2646,  0.2493,
         0.0518,  0.0624, -0.1049, -0.0494, -0.2439,  0.3145, -0.0915, -0.1015,
        -0.1785, -0.1317, -0.0107,  0.3295, -0.2030,  0.1990, -0.3063, -0.0200,
        -0.3201, -0.2120, -0.2077, -0.1787, -0.2444,  0.1829,  0.1543, -0.0132,
         0.3126, -0.1788,  0.2153, -0.0685, -0.0501,  0.0308,  0.2498, -0.3287,
         0.2240,  0.0188,  0.0448, -0.0787,  0.2410,  0.3036, -0.3148, -0.1463,
        -0.2401, -0.2253, -0.1118, -0.0023,  0.1612, -0.2189,  0.0524, -0.1508,
        -0.2531, -0.1147, -0.1374,  0.1507,  0.0209,  0.2774, -0.2138, -0.3236],
       device='cuda:0') 
 Parameter containing:
tensor([ 0.1818,  0.2882,  0.1850,  0.2958,  0.1888, -0.0079, -0.3088, -0.2744,
         0.2219, -0.0639,  0.0006,  0.2750,  0.1843,  0.1978,  0.1433, -0.0671,
         0.1502,  0.1863, -0.1489, -0.2480, -0.3179,  0.2446, -0.2635, -0.3283,
         0.0815, -0.0776,  0.0285, -0.1992, -0.0205, -0.1357,  0.2024,  0.1656,
         0.1105,  0.1576,  0.3019,  0.1982, -0.2965, -0.1899, -0.0806,  0.0939,
         0.0796,  0.1326,  0.1960,  0.0810, -0.0154, -0.3113, -0.0999,  0.0393,
         0.3033,  0.2704,  0.1215,  0.2414, -0.3136,  0.2285, -0.2176, -0.1869,
         0.3086,  0.2228, -0.1590,  0.2339, -0.1698, -0.3178, -0.1707,  0.0868,
         0.1466,  0.2288, -0.0597, -0.2182,  0.1815, -0.2564,  0.2245, -0.1323,
         0.1216,  0.0325, -0.1123, -0.0786, -0.0114, -0.0075, -0.1957,  0.2014,
        -0.2874, -0.0476,  0.0693, -0.0421,  0.0677,  0.0494,  0.0721, -0.0803,
         0.0081, -0.1821, -0.2437, -0.3137, -0.2663, -0.1285,  0.0340,  0.0194,
         0.2235,  0.1384,  0.1698,  0.3036, -0.2955, -0.0956,  0.1897,  0.2462,
         0.0417, -0.1514,  0.2879, -0.1818, -0.1633, -0.1952, -0.1834, -0.1290,
        -0.2944,  0.0018,  0.0777, -0.2928, -0.1595,  0.0449, -0.1329, -0.1111,
        -0.2769,  0.2870, -0.1512,  0.0277, -0.1278, -0.1262, -0.1628, -0.1436,
         0.0972,  0.0835,  0.2328,  0.2777, -0.0721, -0.0164,  0.0941,  0.1436,
         0.2955, -0.1685, -0.1799,  0.2416,  0.1347,  0.0343,  0.0867, -0.3112,
        -0.0193, -0.1599, -0.0061, -0.1829, -0.3331,  0.0372,  0.1517,  0.0671,
        -0.1372, -0.0271, -0.1603, -0.1582, -0.2002,  0.1330,  0.0703,  0.0434,
        -0.0488, -0.1323,  0.0819,  0.2648,  0.3258, -0.0037,  0.2214, -0.0545,
        -0.2385, -0.3065, -0.0092,  0.3131,  0.0421,  0.2850,  0.1476,  0.3318,
        -0.2096, -0.0059,  0.2384,  0.2957,  0.0653, -0.0857, -0.2564,  0.0503,
        -0.1436, -0.1209,  0.0112, -0.2031, -0.2056, -0.0614, -0.2256,  0.1180,
         0.0829,  0.2422,  0.1204, -0.1071, -0.1680,  0.0685, -0.2646,  0.2493,
         0.0518,  0.0624, -0.1049, -0.0494, -0.2439,  0.3145, -0.0915, -0.1015,
        -0.1785, -0.1317, -0.0107,  0.3295, -0.2030,  0.1990, -0.3063, -0.0200,
        -0.3201, -0.2120, -0.2077, -0.1787, -0.2444,  0.1829,  0.1543, -0.0132,
         0.3126, -0.1788,  0.2153, -0.0685, -0.0501,  0.0308,  0.2498, -0.3287,
         0.2240,  0.0188,  0.0448, -0.0787,  0.2410,  0.3036, -0.3148, -0.1463,
        -0.2401, -0.2253, -0.1118, -0.0023,  0.1612, -0.2189,  0.0524, -0.1508,
        -0.2531, -0.1147, -0.1374,  0.1507,  0.0209,  0.2774, -0.2138, -0.3236],
       device='cuda:0', requires_grad=True)
parameters of the network conv2.weight 
 torch.Size([128, 256, 3, 3]) 
 True 
 tensor([[[[ 1.8480e-02,  2.0149e-02, -3.5200e-03],
          [ 2.0557e-03,  1.6139e-02,  8.8604e-03],
          [ 1.9168e-02,  2.0637e-02,  7.0386e-03]],

         [[-5.4480e-03,  1.0936e-02,  4.8025e-03],
          [ 5.6951e-03,  1.1432e-02, -2.3318e-03],
          [-1.8933e-02,  1.4815e-03, -1.6472e-02]],

         [[ 9.8168e-03,  2.0570e-02,  6.9599e-03],
          [-1.0356e-02, -7.6185e-03, -8.1229e-04],
          [ 1.5273e-02,  4.3799e-03,  4.2174e-03]],

         ...,

         [[ 1.4087e-02,  1.6826e-02,  1.2301e-02],
          [-1.3145e-02,  2.0318e-02, -8.6749e-03],
          [-1.7794e-02, -6.9950e-03, -8.6430e-03]],

         [[ 1.3609e-03,  1.3705e-02, -1.5179e-02],
          [-2.2316e-03, -1.2302e-02, -3.9504e-03],
          [ 1.8508e-02, -2.0529e-02, -1.5955e-03]],

         [[ 2.0393e-02, -1.7268e-02,  6.0170e-04],
          [ 3.6800e-03, -1.9922e-02,  6.2626e-03],
          [-3.9928e-04, -1.2895e-02, -6.5171e-03]]],


        [[[ 7.6721e-03, -8.7690e-04,  8.0013e-04],
          [-6.0629e-03,  1.9972e-02,  1.9213e-02],
          [-2.0815e-02, -4.1339e-03, -1.2014e-02]],

         [[-1.5225e-02, -1.1627e-03, -1.0505e-05],
          [ 1.9929e-02, -2.9037e-03, -9.8166e-03],
          [-2.0268e-03,  5.4356e-03,  1.2687e-02]],

         [[ 1.3501e-02, -1.2048e-02,  1.4166e-02],
          [-1.2027e-02,  1.1370e-02, -1.1875e-02],
          [ 1.9072e-02,  1.6301e-02, -5.0489e-03]],

         ...,

         [[-1.2604e-02, -1.7798e-02, -5.0321e-03],
          [ 1.5055e-03,  1.7020e-02, -4.5264e-03],
          [-1.7184e-02, -1.1170e-02, -1.5964e-03]],

         [[-1.2726e-03,  1.8623e-03,  8.9920e-03],
          [ 1.2905e-02, -4.5406e-04, -6.5836e-03],
          [ 1.8069e-02, -1.7663e-02, -1.6320e-02]],

         [[-2.7332e-03,  8.3104e-03,  2.6882e-03],
          [ 1.3191e-02, -8.2251e-03, -1.4402e-02],
          [ 7.8320e-03,  5.3987e-03, -1.0736e-02]]],


        [[[ 1.2619e-02,  1.2728e-02,  2.2328e-03],
          [-6.3955e-03, -1.9546e-02,  6.4373e-03],
          [-1.7868e-02, -1.9248e-02, -1.4210e-02]],

         [[ 4.7171e-03,  1.6892e-02,  1.3066e-02],
          [ 1.5532e-02,  1.9970e-02,  7.0606e-03],
          [ 9.3751e-03,  1.9442e-02, -3.3479e-03]],

         [[ 3.7141e-03,  1.1277e-02,  1.5272e-02],
          [ 1.5219e-02, -8.6828e-03,  2.3777e-03],
          [-1.6406e-02, -4.4567e-03,  3.1478e-03]],

         ...,

         [[ 7.8122e-04, -1.0550e-02,  1.8694e-02],
          [ 2.6641e-03,  2.0473e-03, -1.0639e-02],
          [-2.4526e-03, -1.3386e-02,  1.2635e-02]],

         [[-9.2750e-03, -8.9289e-03,  3.2249e-03],
          [ 7.0025e-03,  1.8786e-02, -1.0055e-02],
          [ 5.3156e-03,  1.0959e-03,  1.1849e-02]],

         [[ 2.0443e-03,  1.8837e-02,  3.5367e-04],
          [-1.7632e-02, -1.5652e-02,  1.7654e-03],
          [ 7.4283e-03,  1.2469e-02,  6.8543e-03]]],


        ...,


        [[[-1.1809e-03, -2.0328e-02, -1.0777e-02],
          [-5.5257e-03,  1.9631e-02,  1.3650e-02],
          [ 2.0436e-03, -7.5010e-03, -1.1208e-02]],

         [[ 1.8299e-02,  9.0826e-03, -7.1779e-03],
          [-2.6092e-03,  1.3741e-02,  4.9171e-05],
          [-1.7581e-02, -2.4492e-03,  8.7565e-03]],

         [[-1.6631e-02,  3.7649e-03,  4.1791e-03],
          [-7.7199e-03,  1.2664e-02, -1.0517e-02],
          [-1.6327e-03, -8.7041e-03, -2.6857e-03]],

         ...,

         [[-1.2577e-02, -1.2504e-02,  1.7668e-02],
          [ 2.1347e-04,  3.9225e-03, -1.3862e-02],
          [ 5.9608e-03, -3.1396e-03,  1.0906e-02]],

         [[-6.2370e-03,  1.6475e-02, -1.2625e-02],
          [-1.3571e-03,  1.8185e-02,  6.2443e-03],
          [ 4.0105e-03, -9.2001e-03,  1.3461e-02]],

         [[ 1.2815e-03,  1.2887e-02, -8.6885e-03],
          [ 1.4085e-02,  1.4118e-03,  3.6333e-03],
          [ 1.2029e-02,  7.2189e-03,  1.4607e-02]]],


        [[[-4.3900e-03,  2.6915e-03,  8.4355e-04],
          [-1.4590e-02, -5.7286e-03, -8.0322e-03],
          [ 1.0493e-02, -8.1110e-03, -3.2982e-03]],

         [[-7.7471e-03,  1.7717e-03, -1.0208e-02],
          [ 1.0231e-02,  8.4192e-03, -1.1261e-03],
          [ 1.1204e-02,  9.6034e-03, -1.7138e-02]],

         [[ 3.5014e-03,  3.9288e-03, -4.9834e-03],
          [ 1.1571e-02, -1.3689e-02, -1.1280e-02],
          [-7.4137e-03,  6.6469e-03, -7.3145e-03]],

         ...,

         [[-1.8895e-02, -3.2636e-03, -1.7150e-02],
          [-1.4890e-03, -6.6941e-03,  8.6501e-03],
          [-1.0819e-02,  1.2811e-02,  5.8280e-03]],

         [[ 1.5531e-03, -1.5381e-02,  1.2855e-02],
          [-1.9509e-02,  1.3203e-02, -1.3862e-03],
          [-1.7252e-03,  1.4435e-02,  6.5081e-03]],

         [[-1.2182e-02,  2.7166e-03,  1.3452e-02],
          [ 1.8800e-02,  5.5752e-03,  2.0215e-02],
          [ 5.3606e-03, -1.7845e-02,  4.9621e-03]]],


        [[[-1.1804e-02,  2.0410e-02, -6.9893e-03],
          [ 1.1885e-02, -9.0832e-03,  4.2099e-03],
          [-2.1047e-03, -2.5894e-03, -4.7171e-03]],

         [[ 7.9847e-03, -1.5304e-02, -4.6992e-03],
          [-1.3942e-03,  1.1322e-02,  1.4562e-02],
          [-7.6012e-04, -1.9339e-02,  8.2798e-03]],

         [[-1.9128e-02,  7.1967e-03, -2.1170e-03],
          [-3.7991e-03, -1.2219e-03,  8.5557e-03],
          [-4.2498e-04,  7.5186e-04, -1.3510e-03]],

         ...,

         [[ 7.1475e-03, -1.4773e-02, -1.8670e-02],
          [-3.8860e-03, -1.0016e-02,  6.7238e-03],
          [ 5.2694e-03, -3.0199e-03, -2.3119e-03]],

         [[-8.2580e-03,  3.5851e-03, -1.7012e-02],
          [ 8.4879e-03, -8.4848e-03, -1.5786e-02],
          [ 7.2006e-04, -4.8039e-03,  1.4337e-02]],

         [[-1.4754e-02, -7.2304e-03, -9.6601e-03],
          [-4.3218e-04,  6.6418e-04,  2.0436e-02],
          [ 4.9202e-03, -1.2369e-02,  4.9985e-03]]]], device='cuda:0') 
 Parameter containing:
tensor([[[[ 1.8480e-02,  2.0149e-02, -3.5200e-03],
          [ 2.0557e-03,  1.6139e-02,  8.8604e-03],
          [ 1.9168e-02,  2.0637e-02,  7.0386e-03]],

         [[-5.4480e-03,  1.0936e-02,  4.8025e-03],
          [ 5.6951e-03,  1.1432e-02, -2.3318e-03],
          [-1.8933e-02,  1.4815e-03, -1.6472e-02]],

         [[ 9.8168e-03,  2.0570e-02,  6.9599e-03],
          [-1.0356e-02, -7.6185e-03, -8.1229e-04],
          [ 1.5273e-02,  4.3799e-03,  4.2174e-03]],

         ...,

         [[ 1.4087e-02,  1.6826e-02,  1.2301e-02],
          [-1.3145e-02,  2.0318e-02, -8.6749e-03],
          [-1.7794e-02, -6.9950e-03, -8.6430e-03]],

         [[ 1.3609e-03,  1.3705e-02, -1.5179e-02],
          [-2.2316e-03, -1.2302e-02, -3.9504e-03],
          [ 1.8508e-02, -2.0529e-02, -1.5955e-03]],

         [[ 2.0393e-02, -1.7268e-02,  6.0170e-04],
          [ 3.6800e-03, -1.9922e-02,  6.2626e-03],
          [-3.9928e-04, -1.2895e-02, -6.5171e-03]]],


        [[[ 7.6721e-03, -8.7690e-04,  8.0013e-04],
          [-6.0629e-03,  1.9972e-02,  1.9213e-02],
          [-2.0815e-02, -4.1339e-03, -1.2014e-02]],

         [[-1.5225e-02, -1.1627e-03, -1.0505e-05],
          [ 1.9929e-02, -2.9037e-03, -9.8166e-03],
          [-2.0268e-03,  5.4356e-03,  1.2687e-02]],

         [[ 1.3501e-02, -1.2048e-02,  1.4166e-02],
          [-1.2027e-02,  1.1370e-02, -1.1875e-02],
          [ 1.9072e-02,  1.6301e-02, -5.0489e-03]],

         ...,

         [[-1.2604e-02, -1.7798e-02, -5.0321e-03],
          [ 1.5055e-03,  1.7020e-02, -4.5264e-03],
          [-1.7184e-02, -1.1170e-02, -1.5964e-03]],

         [[-1.2726e-03,  1.8623e-03,  8.9920e-03],
          [ 1.2905e-02, -4.5406e-04, -6.5836e-03],
          [ 1.8069e-02, -1.7663e-02, -1.6320e-02]],

         [[-2.7332e-03,  8.3104e-03,  2.6882e-03],
          [ 1.3191e-02, -8.2251e-03, -1.4402e-02],
          [ 7.8320e-03,  5.3987e-03, -1.0736e-02]]],


        [[[ 1.2619e-02,  1.2728e-02,  2.2328e-03],
          [-6.3955e-03, -1.9546e-02,  6.4373e-03],
          [-1.7868e-02, -1.9248e-02, -1.4210e-02]],

         [[ 4.7171e-03,  1.6892e-02,  1.3066e-02],
          [ 1.5532e-02,  1.9970e-02,  7.0606e-03],
          [ 9.3751e-03,  1.9442e-02, -3.3479e-03]],

         [[ 3.7141e-03,  1.1277e-02,  1.5272e-02],
          [ 1.5219e-02, -8.6828e-03,  2.3777e-03],
          [-1.6406e-02, -4.4567e-03,  3.1478e-03]],

         ...,

         [[ 7.8122e-04, -1.0550e-02,  1.8694e-02],
          [ 2.6641e-03,  2.0473e-03, -1.0639e-02],
          [-2.4526e-03, -1.3386e-02,  1.2635e-02]],

         [[-9.2750e-03, -8.9289e-03,  3.2249e-03],
          [ 7.0025e-03,  1.8786e-02, -1.0055e-02],
          [ 5.3156e-03,  1.0959e-03,  1.1849e-02]],

         [[ 2.0443e-03,  1.8837e-02,  3.5367e-04],
          [-1.7632e-02, -1.5652e-02,  1.7654e-03],
          [ 7.4283e-03,  1.2469e-02,  6.8543e-03]]],


        ...,


        [[[-1.1809e-03, -2.0328e-02, -1.0777e-02],
          [-5.5257e-03,  1.9631e-02,  1.3650e-02],
          [ 2.0436e-03, -7.5010e-03, -1.1208e-02]],

         [[ 1.8299e-02,  9.0826e-03, -7.1779e-03],
          [-2.6092e-03,  1.3741e-02,  4.9171e-05],
          [-1.7581e-02, -2.4492e-03,  8.7565e-03]],

         [[-1.6631e-02,  3.7649e-03,  4.1791e-03],
          [-7.7199e-03,  1.2664e-02, -1.0517e-02],
          [-1.6327e-03, -8.7041e-03, -2.6857e-03]],

         ...,

         [[-1.2577e-02, -1.2504e-02,  1.7668e-02],
          [ 2.1347e-04,  3.9225e-03, -1.3862e-02],
          [ 5.9608e-03, -3.1396e-03,  1.0906e-02]],

         [[-6.2370e-03,  1.6475e-02, -1.2625e-02],
          [-1.3571e-03,  1.8185e-02,  6.2443e-03],
          [ 4.0105e-03, -9.2001e-03,  1.3461e-02]],

         [[ 1.2815e-03,  1.2887e-02, -8.6885e-03],
          [ 1.4085e-02,  1.4118e-03,  3.6333e-03],
          [ 1.2029e-02,  7.2189e-03,  1.4607e-02]]],


        [[[-4.3900e-03,  2.6915e-03,  8.4355e-04],
          [-1.4590e-02, -5.7286e-03, -8.0322e-03],
          [ 1.0493e-02, -8.1110e-03, -3.2982e-03]],

         [[-7.7471e-03,  1.7717e-03, -1.0208e-02],
          [ 1.0231e-02,  8.4192e-03, -1.1261e-03],
          [ 1.1204e-02,  9.6034e-03, -1.7138e-02]],

         [[ 3.5014e-03,  3.9288e-03, -4.9834e-03],
          [ 1.1571e-02, -1.3689e-02, -1.1280e-02],
          [-7.4137e-03,  6.6469e-03, -7.3145e-03]],

         ...,

         [[-1.8895e-02, -3.2636e-03, -1.7150e-02],
          [-1.4890e-03, -6.6941e-03,  8.6501e-03],
          [-1.0819e-02,  1.2811e-02,  5.8280e-03]],

         [[ 1.5531e-03, -1.5381e-02,  1.2855e-02],
          [-1.9509e-02,  1.3203e-02, -1.3862e-03],
          [-1.7252e-03,  1.4435e-02,  6.5081e-03]],

         [[-1.2182e-02,  2.7166e-03,  1.3452e-02],
          [ 1.8800e-02,  5.5752e-03,  2.0215e-02],
          [ 5.3606e-03, -1.7845e-02,  4.9621e-03]]],


        [[[-1.1804e-02,  2.0410e-02, -6.9893e-03],
          [ 1.1885e-02, -9.0832e-03,  4.2099e-03],
          [-2.1047e-03, -2.5894e-03, -4.7171e-03]],

         [[ 7.9847e-03, -1.5304e-02, -4.6992e-03],
          [-1.3942e-03,  1.1322e-02,  1.4562e-02],
          [-7.6012e-04, -1.9339e-02,  8.2798e-03]],

         [[-1.9128e-02,  7.1967e-03, -2.1170e-03],
          [-3.7991e-03, -1.2219e-03,  8.5557e-03],
          [-4.2498e-04,  7.5186e-04, -1.3510e-03]],

         ...,

         [[ 7.1475e-03, -1.4773e-02, -1.8670e-02],
          [-3.8860e-03, -1.0016e-02,  6.7238e-03],
          [ 5.2694e-03, -3.0199e-03, -2.3119e-03]],

         [[-8.2580e-03,  3.5851e-03, -1.7012e-02],
          [ 8.4879e-03, -8.4848e-03, -1.5786e-02],
          [ 7.2006e-04, -4.8039e-03,  1.4337e-02]],

         [[-1.4754e-02, -7.2304e-03, -9.6601e-03],
          [-4.3218e-04,  6.6418e-04,  2.0436e-02],
          [ 4.9202e-03, -1.2369e-02,  4.9985e-03]]]], device='cuda:0',
       requires_grad=True)
parameters of the network conv2.bias 
 torch.Size([128]) 
 True 
 tensor([-1.7442e-03, -5.5318e-03, -7.7709e-03, -8.7177e-03,  1.8284e-02,
        -1.9729e-02, -1.7058e-02, -9.5112e-03,  7.2196e-03,  5.5451e-03,
         8.8448e-04, -2.9562e-03,  1.5427e-02, -1.5473e-02, -4.4304e-03,
        -2.0343e-03,  2.1098e-03, -2.1937e-05,  1.8762e-02,  5.0961e-03,
        -1.2141e-02,  1.5893e-02, -5.0539e-03,  1.5096e-02,  1.6789e-02,
         1.8549e-02, -1.3029e-02, -4.4860e-03, -1.7267e-02, -8.9875e-03,
         8.8455e-03,  4.9195e-03, -1.0086e-02,  4.7473e-03,  1.2829e-02,
         1.7724e-02,  1.7097e-03, -6.8418e-04, -3.9784e-03, -1.0342e-02,
        -7.0047e-03,  7.3548e-03, -1.8822e-02,  1.3032e-02, -1.9474e-03,
        -6.2297e-03,  1.6016e-02, -4.4431e-03, -1.2557e-02, -8.5573e-03,
         1.3317e-03,  9.5856e-03,  1.4515e-02,  5.6662e-03, -1.2221e-02,
         1.9034e-02,  1.7499e-02,  1.2776e-02,  3.0516e-03,  1.4181e-02,
        -5.1007e-05,  1.5066e-02, -1.6596e-02, -1.9828e-02, -1.8338e-02,
         7.8411e-03,  3.5749e-03,  9.7522e-03,  7.8842e-03,  6.6142e-03,
         4.9976e-03, -1.9899e-02, -3.2869e-03, -1.5025e-03, -1.5674e-02,
         1.0993e-02,  5.2538e-03,  1.3110e-02, -3.4103e-03,  4.1021e-03,
         1.1668e-02,  4.5807e-03,  1.5426e-02,  1.6287e-03, -2.4734e-03,
         4.3897e-03,  2.5351e-03, -7.3626e-03, -8.3008e-04, -1.3373e-02,
        -3.2590e-03, -1.4283e-02, -2.3119e-03, -8.4181e-03,  1.6994e-02,
         1.7473e-02,  9.4141e-03,  1.6285e-02, -1.6268e-02, -3.3464e-04,
         8.6111e-03,  1.2523e-02,  1.2657e-02, -1.3394e-02, -8.0855e-03,
         9.1561e-03, -1.5056e-02,  7.3625e-03, -1.0328e-02, -1.6425e-02,
         9.2048e-03, -1.7544e-02,  1.5317e-02,  1.9944e-02, -1.1001e-02,
         1.3640e-03, -1.7723e-02,  1.5219e-02, -2.8035e-03, -9.2000e-03,
         1.3539e-02, -9.3380e-03, -1.7047e-02,  1.6567e-02, -2.9916e-03,
        -1.2056e-02,  1.0291e-02,  4.2722e-03], device='cuda:0') 
 Parameter containing:
tensor([-1.7442e-03, -5.5318e-03, -7.7709e-03, -8.7177e-03,  1.8284e-02,
        -1.9729e-02, -1.7058e-02, -9.5112e-03,  7.2196e-03,  5.5451e-03,
         8.8448e-04, -2.9562e-03,  1.5427e-02, -1.5473e-02, -4.4304e-03,
        -2.0343e-03,  2.1098e-03, -2.1937e-05,  1.8762e-02,  5.0961e-03,
        -1.2141e-02,  1.5893e-02, -5.0539e-03,  1.5096e-02,  1.6789e-02,
         1.8549e-02, -1.3029e-02, -4.4860e-03, -1.7267e-02, -8.9875e-03,
         8.8455e-03,  4.9195e-03, -1.0086e-02,  4.7473e-03,  1.2829e-02,
         1.7724e-02,  1.7097e-03, -6.8418e-04, -3.9784e-03, -1.0342e-02,
        -7.0047e-03,  7.3548e-03, -1.8822e-02,  1.3032e-02, -1.9474e-03,
        -6.2297e-03,  1.6016e-02, -4.4431e-03, -1.2557e-02, -8.5573e-03,
         1.3317e-03,  9.5856e-03,  1.4515e-02,  5.6662e-03, -1.2221e-02,
         1.9034e-02,  1.7499e-02,  1.2776e-02,  3.0516e-03,  1.4181e-02,
        -5.1007e-05,  1.5066e-02, -1.6596e-02, -1.9828e-02, -1.8338e-02,
         7.8411e-03,  3.5749e-03,  9.7522e-03,  7.8842e-03,  6.6142e-03,
         4.9976e-03, -1.9899e-02, -3.2869e-03, -1.5025e-03, -1.5674e-02,
         1.0993e-02,  5.2538e-03,  1.3110e-02, -3.4103e-03,  4.1021e-03,
         1.1668e-02,  4.5807e-03,  1.5426e-02,  1.6287e-03, -2.4734e-03,
         4.3897e-03,  2.5351e-03, -7.3626e-03, -8.3008e-04, -1.3373e-02,
        -3.2590e-03, -1.4283e-02, -2.3119e-03, -8.4181e-03,  1.6994e-02,
         1.7473e-02,  9.4141e-03,  1.6285e-02, -1.6268e-02, -3.3464e-04,
         8.6111e-03,  1.2523e-02,  1.2657e-02, -1.3394e-02, -8.0855e-03,
         9.1561e-03, -1.5056e-02,  7.3625e-03, -1.0328e-02, -1.6425e-02,
         9.2048e-03, -1.7544e-02,  1.5317e-02,  1.9944e-02, -1.1001e-02,
         1.3640e-03, -1.7723e-02,  1.5219e-02, -2.8035e-03, -9.2000e-03,
         1.3539e-02, -9.3380e-03, -1.7047e-02,  1.6567e-02, -2.9916e-03,
        -1.2056e-02,  1.0291e-02,  4.2722e-03], device='cuda:0',
       requires_grad=True)
parameters of the network conv3.weight 
 torch.Size([64, 128, 3, 3]) 
 True 
 tensor([[[[-1.7351e-02, -1.8989e-03,  1.2712e-02],
          [-1.4157e-02, -2.7398e-02,  2.8387e-02],
          [-1.2411e-03,  6.6670e-03,  1.3553e-02]],

         [[-2.1188e-03,  2.6292e-03,  1.7975e-02],
          [-2.6650e-02, -1.6426e-02, -1.3339e-02],
          [-8.8941e-04, -3.6555e-03, -2.3191e-02]],

         [[ 2.7284e-02,  3.4526e-03, -1.1288e-02],
          [-1.6123e-02, -1.4479e-03,  1.6986e-02],
          [-9.3658e-03, -2.0430e-02,  1.1517e-02]],

         ...,

         [[-1.4760e-02,  2.2801e-02, -1.9464e-03],
          [-2.9207e-02,  2.2017e-02,  2.5323e-02],
          [ 2.4149e-03,  1.3794e-02, -2.8591e-02]],

         [[-1.9181e-02, -2.1096e-02, -2.6376e-02],
          [-2.5433e-02, -3.1711e-03,  1.1397e-02],
          [-2.1795e-02, -2.1050e-02, -2.5134e-02]],

         [[ 1.2562e-03, -2.1924e-02, -2.8903e-02],
          [-2.1268e-03,  1.9540e-02,  2.8345e-02],
          [-2.1814e-02, -2.0419e-02, -5.6702e-03]]],


        [[[ 1.9532e-02, -3.0012e-03,  9.7283e-03],
          [ 2.6676e-03,  2.0521e-02,  1.9279e-02],
          [ 2.7133e-02, -1.4676e-02, -8.0676e-03]],

         [[-2.4754e-02, -9.9607e-03,  2.9450e-02],
          [-1.3974e-02,  1.6497e-02,  9.1196e-03],
          [-1.7916e-03, -1.4622e-02, -1.1520e-04]],

         [[-2.2932e-02,  7.9505e-03, -1.2613e-02],
          [ 7.7965e-03,  2.9343e-02, -4.9843e-03],
          [-7.9276e-03,  1.3306e-02,  2.6587e-02]],

         ...,

         [[ 2.3951e-02, -2.4204e-02,  1.5743e-02],
          [ 4.9327e-03,  2.1886e-02, -5.9310e-03],
          [-2.2095e-02, -2.3780e-02, -1.5671e-02]],

         [[ 1.4061e-02, -2.4996e-02, -2.6493e-02],
          [ 1.1974e-02,  1.3145e-02, -2.5218e-02],
          [-6.5816e-03, -3.1026e-03,  1.9415e-02]],

         [[ 1.3072e-02, -9.8090e-03,  1.2486e-02],
          [ 5.1045e-03, -1.2644e-03, -1.3632e-02],
          [-1.0590e-02, -1.5633e-02,  1.7712e-02]]],


        [[[-8.5856e-03,  7.7648e-03,  4.3416e-03],
          [ 2.5452e-03, -1.8920e-02,  1.8764e-02],
          [ 2.3912e-02,  2.9034e-02, -1.9825e-02]],

         [[-1.0792e-02,  1.0151e-02,  1.1000e-02],
          [-2.1290e-02,  2.9425e-02,  1.6675e-02],
          [ 2.0401e-02,  2.2422e-03, -5.2995e-03]],

         [[ 1.1735e-02, -9.8073e-03,  1.3244e-02],
          [ 1.1194e-02,  6.5910e-03, -2.4379e-02],
          [ 1.1461e-03,  6.1610e-03, -2.2940e-02]],

         ...,

         [[ 5.6758e-03, -6.6835e-03,  2.4005e-02],
          [-1.4157e-02,  1.5395e-02, -2.0420e-02],
          [ 1.6786e-02,  1.5161e-02, -4.9937e-03]],

         [[-1.5206e-02, -2.4672e-02,  6.3383e-04],
          [ 2.8636e-02,  2.0523e-02, -2.0162e-02],
          [ 1.3758e-02,  9.9797e-03,  1.6528e-02]],

         [[ 2.8838e-02,  1.5525e-02, -2.4468e-02],
          [-1.1411e-02,  1.5277e-02,  1.4354e-02],
          [ 2.3932e-02,  2.1692e-02, -6.5342e-05]]],


        ...,


        [[[-4.1297e-05, -8.2239e-03,  2.4700e-02],
          [ 2.9030e-02,  4.5078e-03, -2.8933e-02],
          [ 1.6679e-02, -3.8744e-04, -4.8194e-03]],

         [[ 2.8884e-02,  1.0092e-02,  9.6475e-03],
          [-6.0563e-03,  1.6400e-02, -1.6466e-03],
          [-4.2156e-03,  2.5038e-02, -2.3780e-03]],

         [[-2.8051e-02,  2.8132e-02,  7.1961e-03],
          [-1.2301e-02, -2.6513e-02,  1.5307e-03],
          [-1.4381e-02,  2.2835e-03, -2.4802e-02]],

         ...,

         [[-2.1910e-02,  1.3312e-02,  6.0330e-03],
          [-8.2835e-03,  1.4836e-02, -1.3601e-02],
          [ 2.0904e-02, -3.7856e-03, -1.2537e-02]],

         [[-7.3973e-03, -2.8615e-02, -1.1988e-02],
          [ 2.8760e-02,  1.0584e-02, -3.2502e-03],
          [ 1.9520e-02, -2.1641e-02,  3.1130e-03]],

         [[-1.6100e-02, -1.1009e-02,  1.3867e-02],
          [-1.2245e-02,  9.8036e-03, -2.5638e-02],
          [-1.3240e-02,  1.9914e-02,  1.4323e-02]]],


        [[[-2.0642e-02, -2.8765e-02, -1.8834e-02],
          [ 8.7144e-03,  2.8757e-02, -4.4547e-03],
          [ 1.2315e-02,  4.1895e-03,  6.8724e-03]],

         [[ 8.4503e-03,  2.6622e-02, -1.3557e-03],
          [ 1.2836e-02,  3.9703e-03, -6.8097e-03],
          [-1.1481e-02, -2.3888e-02,  2.8949e-03]],

         [[ 1.1585e-02, -2.2940e-02,  9.6386e-04],
          [-2.9328e-02, -1.5926e-02, -2.2167e-02],
          [ 3.1804e-03, -1.9282e-02,  8.0931e-03]],

         ...,

         [[ 1.9635e-02, -3.9205e-03, -2.7037e-02],
          [-1.4724e-02, -7.0965e-03,  7.6272e-03],
          [ 2.3302e-02,  2.2812e-02,  2.7708e-02]],

         [[-1.1999e-02, -3.6827e-03,  3.8540e-03],
          [ 1.2030e-02, -2.4050e-02, -4.8345e-04],
          [ 3.0054e-03,  4.3406e-03, -1.1094e-02]],

         [[-2.7901e-02, -6.2499e-03, -2.9671e-03],
          [-3.8698e-03, -2.0513e-02,  2.8038e-02],
          [-1.7686e-02, -2.4697e-02, -1.4165e-02]]],


        [[[ 1.8753e-02, -1.9577e-02,  2.5862e-02],
          [-2.4838e-02,  1.5549e-05,  8.0119e-03],
          [-8.6553e-03, -2.0933e-02,  1.2975e-02]],

         [[-2.0178e-02, -7.6907e-03,  2.6476e-03],
          [-1.4187e-02, -3.3346e-03, -6.1989e-03],
          [ 1.1245e-02, -1.4967e-02,  1.9950e-02]],

         [[ 5.1488e-03, -1.4691e-02, -7.1256e-03],
          [ 2.6348e-02,  1.8200e-02,  2.6777e-03],
          [-1.9825e-02, -3.5534e-03,  2.5342e-02]],

         ...,

         [[ 1.8687e-02, -4.0614e-03,  1.6936e-02],
          [-2.6832e-02,  3.2431e-03,  1.2019e-02],
          [-1.7598e-02,  2.2319e-02, -1.4422e-02]],

         [[-1.6889e-02, -2.3283e-02, -1.5960e-02],
          [-2.3333e-02, -1.2553e-03,  2.0592e-02],
          [ 1.1200e-02,  9.3174e-03,  1.2743e-03]],

         [[ 4.7947e-03,  2.6982e-02,  1.1671e-03],
          [ 2.4899e-02,  1.9304e-02, -1.3334e-03],
          [ 2.5787e-02, -9.6266e-03, -1.6546e-02]]]], device='cuda:0') 
 Parameter containing:
tensor([[[[-1.7351e-02, -1.8989e-03,  1.2712e-02],
          [-1.4157e-02, -2.7398e-02,  2.8387e-02],
          [-1.2411e-03,  6.6670e-03,  1.3553e-02]],

         [[-2.1188e-03,  2.6292e-03,  1.7975e-02],
          [-2.6650e-02, -1.6426e-02, -1.3339e-02],
          [-8.8941e-04, -3.6555e-03, -2.3191e-02]],

         [[ 2.7284e-02,  3.4526e-03, -1.1288e-02],
          [-1.6123e-02, -1.4479e-03,  1.6986e-02],
          [-9.3658e-03, -2.0430e-02,  1.1517e-02]],

         ...,

         [[-1.4760e-02,  2.2801e-02, -1.9464e-03],
          [-2.9207e-02,  2.2017e-02,  2.5323e-02],
          [ 2.4149e-03,  1.3794e-02, -2.8591e-02]],

         [[-1.9181e-02, -2.1096e-02, -2.6376e-02],
          [-2.5433e-02, -3.1711e-03,  1.1397e-02],
          [-2.1795e-02, -2.1050e-02, -2.5134e-02]],

         [[ 1.2562e-03, -2.1924e-02, -2.8903e-02],
          [-2.1268e-03,  1.9540e-02,  2.8345e-02],
          [-2.1814e-02, -2.0419e-02, -5.6702e-03]]],


        [[[ 1.9532e-02, -3.0012e-03,  9.7283e-03],
          [ 2.6676e-03,  2.0521e-02,  1.9279e-02],
          [ 2.7133e-02, -1.4676e-02, -8.0676e-03]],

         [[-2.4754e-02, -9.9607e-03,  2.9450e-02],
          [-1.3974e-02,  1.6497e-02,  9.1196e-03],
          [-1.7916e-03, -1.4622e-02, -1.1520e-04]],

         [[-2.2932e-02,  7.9505e-03, -1.2613e-02],
          [ 7.7965e-03,  2.9343e-02, -4.9843e-03],
          [-7.9276e-03,  1.3306e-02,  2.6587e-02]],

         ...,

         [[ 2.3951e-02, -2.4204e-02,  1.5743e-02],
          [ 4.9327e-03,  2.1886e-02, -5.9310e-03],
          [-2.2095e-02, -2.3780e-02, -1.5671e-02]],

         [[ 1.4061e-02, -2.4996e-02, -2.6493e-02],
          [ 1.1974e-02,  1.3145e-02, -2.5218e-02],
          [-6.5816e-03, -3.1026e-03,  1.9415e-02]],

         [[ 1.3072e-02, -9.8090e-03,  1.2486e-02],
          [ 5.1045e-03, -1.2644e-03, -1.3632e-02],
          [-1.0590e-02, -1.5633e-02,  1.7712e-02]]],


        [[[-8.5856e-03,  7.7648e-03,  4.3416e-03],
          [ 2.5452e-03, -1.8920e-02,  1.8764e-02],
          [ 2.3912e-02,  2.9034e-02, -1.9825e-02]],

         [[-1.0792e-02,  1.0151e-02,  1.1000e-02],
          [-2.1290e-02,  2.9425e-02,  1.6675e-02],
          [ 2.0401e-02,  2.2422e-03, -5.2995e-03]],

         [[ 1.1735e-02, -9.8073e-03,  1.3244e-02],
          [ 1.1194e-02,  6.5910e-03, -2.4379e-02],
          [ 1.1461e-03,  6.1610e-03, -2.2940e-02]],

         ...,

         [[ 5.6758e-03, -6.6835e-03,  2.4005e-02],
          [-1.4157e-02,  1.5395e-02, -2.0420e-02],
          [ 1.6786e-02,  1.5161e-02, -4.9937e-03]],

         [[-1.5206e-02, -2.4672e-02,  6.3383e-04],
          [ 2.8636e-02,  2.0523e-02, -2.0162e-02],
          [ 1.3758e-02,  9.9797e-03,  1.6528e-02]],

         [[ 2.8838e-02,  1.5525e-02, -2.4468e-02],
          [-1.1411e-02,  1.5277e-02,  1.4354e-02],
          [ 2.3932e-02,  2.1692e-02, -6.5342e-05]]],


        ...,


        [[[-4.1297e-05, -8.2239e-03,  2.4700e-02],
          [ 2.9030e-02,  4.5078e-03, -2.8933e-02],
          [ 1.6679e-02, -3.8744e-04, -4.8194e-03]],

         [[ 2.8884e-02,  1.0092e-02,  9.6475e-03],
          [-6.0563e-03,  1.6400e-02, -1.6466e-03],
          [-4.2156e-03,  2.5038e-02, -2.3780e-03]],

         [[-2.8051e-02,  2.8132e-02,  7.1961e-03],
          [-1.2301e-02, -2.6513e-02,  1.5307e-03],
          [-1.4381e-02,  2.2835e-03, -2.4802e-02]],

         ...,

         [[-2.1910e-02,  1.3312e-02,  6.0330e-03],
          [-8.2835e-03,  1.4836e-02, -1.3601e-02],
          [ 2.0904e-02, -3.7856e-03, -1.2537e-02]],

         [[-7.3973e-03, -2.8615e-02, -1.1988e-02],
          [ 2.8760e-02,  1.0584e-02, -3.2502e-03],
          [ 1.9520e-02, -2.1641e-02,  3.1130e-03]],

         [[-1.6100e-02, -1.1009e-02,  1.3867e-02],
          [-1.2245e-02,  9.8036e-03, -2.5638e-02],
          [-1.3240e-02,  1.9914e-02,  1.4323e-02]]],


        [[[-2.0642e-02, -2.8765e-02, -1.8834e-02],
          [ 8.7144e-03,  2.8757e-02, -4.4547e-03],
          [ 1.2315e-02,  4.1895e-03,  6.8724e-03]],

         [[ 8.4503e-03,  2.6622e-02, -1.3557e-03],
          [ 1.2836e-02,  3.9703e-03, -6.8097e-03],
          [-1.1481e-02, -2.3888e-02,  2.8949e-03]],

         [[ 1.1585e-02, -2.2940e-02,  9.6386e-04],
          [-2.9328e-02, -1.5926e-02, -2.2167e-02],
          [ 3.1804e-03, -1.9282e-02,  8.0931e-03]],

         ...,

         [[ 1.9635e-02, -3.9205e-03, -2.7037e-02],
          [-1.4724e-02, -7.0965e-03,  7.6272e-03],
          [ 2.3302e-02,  2.2812e-02,  2.7708e-02]],

         [[-1.1999e-02, -3.6827e-03,  3.8540e-03],
          [ 1.2030e-02, -2.4050e-02, -4.8345e-04],
          [ 3.0054e-03,  4.3406e-03, -1.1094e-02]],

         [[-2.7901e-02, -6.2499e-03, -2.9671e-03],
          [-3.8698e-03, -2.0513e-02,  2.8038e-02],
          [-1.7686e-02, -2.4697e-02, -1.4165e-02]]],


        [[[ 1.8753e-02, -1.9577e-02,  2.5862e-02],
          [-2.4838e-02,  1.5549e-05,  8.0119e-03],
          [-8.6553e-03, -2.0933e-02,  1.2975e-02]],

         [[-2.0178e-02, -7.6907e-03,  2.6476e-03],
          [-1.4187e-02, -3.3346e-03, -6.1989e-03],
          [ 1.1245e-02, -1.4967e-02,  1.9950e-02]],

         [[ 5.1488e-03, -1.4691e-02, -7.1256e-03],
          [ 2.6348e-02,  1.8200e-02,  2.6777e-03],
          [-1.9825e-02, -3.5534e-03,  2.5342e-02]],

         ...,

         [[ 1.8687e-02, -4.0614e-03,  1.6936e-02],
          [-2.6832e-02,  3.2431e-03,  1.2019e-02],
          [-1.7598e-02,  2.2319e-02, -1.4422e-02]],

         [[-1.6889e-02, -2.3283e-02, -1.5960e-02],
          [-2.3333e-02, -1.2553e-03,  2.0592e-02],
          [ 1.1200e-02,  9.3174e-03,  1.2743e-03]],

         [[ 4.7947e-03,  2.6982e-02,  1.1671e-03],
          [ 2.4899e-02,  1.9304e-02, -1.3334e-03],
          [ 2.5787e-02, -9.6266e-03, -1.6546e-02]]]], device='cuda:0',
       requires_grad=True)
parameters of the network conv3.bias 
 torch.Size([64]) 
 True 
 tensor([-0.0249, -0.0157, -0.0027, -0.0024, -0.0060,  0.0003,  0.0223, -0.0181,
        -0.0288,  0.0033,  0.0039,  0.0254, -0.0092,  0.0095,  0.0074,  0.0218,
         0.0213, -0.0013,  0.0280, -0.0006,  0.0032,  0.0211, -0.0275,  0.0074,
         0.0274,  0.0223,  0.0261,  0.0256, -0.0099, -0.0131, -0.0158, -0.0071,
        -0.0192, -0.0280,  0.0117,  0.0217, -0.0122,  0.0023,  0.0091,  0.0137,
         0.0108,  0.0133, -0.0044,  0.0292,  0.0175,  0.0208, -0.0226, -0.0114,
         0.0120, -0.0144, -0.0093, -0.0115, -0.0250, -0.0116, -0.0239,  0.0179,
         0.0179, -0.0064, -0.0244, -0.0253, -0.0117,  0.0007,  0.0100,  0.0242],
       device='cuda:0') 
 Parameter containing:
tensor([-0.0249, -0.0157, -0.0027, -0.0024, -0.0060,  0.0003,  0.0223, -0.0181,
        -0.0288,  0.0033,  0.0039,  0.0254, -0.0092,  0.0095,  0.0074,  0.0218,
         0.0213, -0.0013,  0.0280, -0.0006,  0.0032,  0.0211, -0.0275,  0.0074,
         0.0274,  0.0223,  0.0261,  0.0256, -0.0099, -0.0131, -0.0158, -0.0071,
        -0.0192, -0.0280,  0.0117,  0.0217, -0.0122,  0.0023,  0.0091,  0.0137,
         0.0108,  0.0133, -0.0044,  0.0292,  0.0175,  0.0208, -0.0226, -0.0114,
         0.0120, -0.0144, -0.0093, -0.0115, -0.0250, -0.0116, -0.0239,  0.0179,
         0.0179, -0.0064, -0.0244, -0.0253, -0.0117,  0.0007,  0.0100,  0.0242],
       device='cuda:0', requires_grad=True)
parameters of the network fc1.weight 
 torch.Size([256, 667776]) 
 True 
 tensor([[-8.8300e-04, -7.0764e-04, -7.5266e-05,  ...,  6.6228e-04,
          1.4339e-05, -7.9840e-04],
        [ 7.2098e-04, -7.7709e-04, -6.7219e-04,  ...,  3.6000e-04,
          6.4597e-04, -1.0646e-03],
        [-2.9836e-04, -8.6904e-04,  1.9991e-04,  ...,  1.1607e-03,
          8.7320e-04, -4.9780e-04],
        ...,
        [ 6.2941e-04, -4.7408e-05,  8.9887e-04,  ...,  2.8459e-04,
          2.9813e-04,  2.8522e-04],
        [ 1.0382e-04, -1.1436e-04,  8.0916e-04,  ..., -8.2062e-04,
         -8.0981e-04, -8.1633e-04],
        [-1.8207e-04, -1.0121e-03, -8.9730e-04,  ..., -9.2799e-04,
          6.2165e-04, -1.1073e-03]], device='cuda:0') 
 Parameter containing:
tensor([[-8.8300e-04, -7.0764e-04, -7.5266e-05,  ...,  6.6228e-04,
          1.4339e-05, -7.9840e-04],
        [ 7.2098e-04, -7.7709e-04, -6.7219e-04,  ...,  3.6000e-04,
          6.4597e-04, -1.0646e-03],
        [-2.9836e-04, -8.6904e-04,  1.9991e-04,  ...,  1.1607e-03,
          8.7320e-04, -4.9780e-04],
        ...,
        [ 6.2941e-04, -4.7408e-05,  8.9887e-04,  ...,  2.8459e-04,
          2.9813e-04,  2.8522e-04],
        [ 1.0382e-04, -1.1436e-04,  8.0916e-04,  ..., -8.2062e-04,
         -8.0981e-04, -8.1633e-04],
        [-1.8207e-04, -1.0121e-03, -8.9730e-04,  ..., -9.2799e-04,
          6.2165e-04, -1.1073e-03]], device='cuda:0', requires_grad=True)
parameters of the network fc1.bias 
 torch.Size([256]) 
 True 
 tensor([-2.5050e-05, -1.8133e-04,  9.2558e-04,  5.4536e-04,  6.1936e-04,
        -4.1762e-04,  5.6705e-05, -1.5328e-04,  3.5293e-04, -1.2072e-03,
        -7.3552e-04,  8.1410e-04,  7.3199e-04, -5.5558e-04,  5.2109e-04,
         8.6111e-04, -1.1609e-05,  8.8708e-04,  1.0176e-03,  1.3124e-04,
        -3.4325e-04, -5.4606e-04, -3.3581e-04, -1.1953e-03,  5.4895e-04,
         3.4508e-04, -8.3264e-04, -5.1408e-04,  8.0744e-04, -1.1311e-03,
        -1.7547e-04,  6.8127e-04, -8.8938e-04,  2.3800e-05, -6.8222e-04,
        -3.4965e-04, -1.0370e-03,  9.3931e-04,  1.0035e-03,  3.4820e-04,
        -4.2697e-04, -2.6576e-04, -2.5145e-04,  7.9894e-04,  8.4225e-04,
        -3.7252e-04,  2.0580e-04,  2.6246e-04, -8.5462e-05, -6.3708e-04,
         1.1970e-03, -5.0510e-04, -5.9390e-04, -6.0225e-04, -4.2658e-04,
        -8.7023e-05, -6.7120e-04,  2.0060e-04, -7.3180e-05,  1.4589e-04,
         4.0434e-04,  6.8113e-04, -9.7960e-04,  7.5892e-04, -1.1319e-03,
        -5.0708e-04,  4.1819e-04,  1.1204e-03,  1.0898e-03, -5.1343e-04,
        -9.2619e-04, -9.7848e-04, -6.9288e-05, -8.0450e-04,  1.1338e-03,
         9.3635e-04, -1.1109e-03,  5.3918e-04,  7.4710e-04, -7.8000e-04,
        -4.3805e-04, -2.7747e-04, -3.2455e-04,  4.7725e-04,  1.1231e-04,
         4.4374e-04, -7.7584e-04, -9.9554e-04,  5.6826e-04, -4.5956e-05,
        -6.8542e-04,  1.1515e-04, -1.1158e-03,  6.2754e-04, -7.5718e-04,
         4.8385e-04,  6.3901e-04, -5.7514e-04,  4.1538e-05,  1.1254e-03,
        -1.1636e-04,  7.8305e-04,  7.7616e-04, -1.0165e-03,  3.5773e-04,
        -5.7708e-04,  1.1083e-03,  9.1809e-04,  1.5783e-04,  1.2114e-03,
        -1.0748e-03,  1.1624e-03, -4.7985e-04, -8.2792e-04, -5.0213e-04,
         6.0442e-04, -3.8089e-04, -6.5275e-04,  1.1820e-03, -1.0957e-03,
         9.1667e-04,  4.9712e-05, -6.6752e-04,  8.8913e-04,  7.3944e-04,
         8.8794e-04,  4.5820e-04, -1.0805e-03,  7.6972e-04,  1.1936e-03,
         3.9168e-04,  8.7022e-05, -8.9371e-04,  7.4126e-04, -2.3308e-04,
        -7.5854e-04,  1.0455e-04,  1.0604e-04,  2.5098e-04,  3.9087e-04,
        -1.4408e-04,  5.1320e-05,  1.0327e-03, -9.6603e-04, -3.4006e-04,
         1.0561e-03,  1.0021e-03, -1.0783e-03,  1.0261e-03,  6.6271e-04,
         3.8923e-04,  8.4438e-04,  6.0762e-04, -8.2606e-04,  2.6151e-04,
         9.0432e-04,  4.2504e-04, -9.3069e-04, -1.1690e-03, -1.2130e-03,
         7.2222e-04,  6.8022e-04, -1.1671e-03, -1.0041e-03, -2.1534e-04,
        -3.7375e-04,  5.0729e-04, -2.1288e-04, -1.6436e-04,  1.3786e-04,
         1.6296e-04, -1.1227e-04,  5.0772e-04, -4.4373e-04,  1.8907e-04,
        -1.0365e-03, -6.1219e-04,  4.2216e-04, -8.6658e-04,  8.1232e-04,
        -4.6426e-04, -9.8160e-04,  9.1505e-04,  3.8023e-04, -3.7935e-04,
         9.0186e-04, -4.1836e-04,  9.4879e-04, -1.1552e-03,  5.9557e-04,
         6.7067e-04,  2.5833e-04, -3.2482e-04,  4.4550e-04,  3.5799e-04,
         1.2005e-03, -9.7642e-04, -1.0629e-03,  1.0422e-03,  4.7289e-04,
        -8.5112e-04, -1.0341e-03, -7.3358e-04, -6.7912e-04,  3.9059e-04,
        -6.6474e-04,  6.9904e-04,  4.2720e-04, -1.0355e-03,  8.1267e-04,
         3.5673e-04,  9.8948e-04, -1.7500e-04, -7.1907e-04, -1.0108e-03,
        -4.4411e-04,  1.1594e-03, -7.9285e-05, -1.4697e-04, -7.4777e-04,
        -3.5711e-04,  1.3645e-04, -1.1774e-03, -1.2963e-04,  1.8002e-04,
         7.1780e-04, -5.4630e-05, -3.4776e-04, -3.2106e-04, -7.7820e-04,
         1.1248e-03, -4.9713e-04,  5.2645e-04, -5.4602e-04, -1.0767e-03,
         7.7899e-05,  1.2623e-04,  1.0438e-03, -5.0836e-05, -1.1312e-03,
         4.5573e-04,  5.3695e-04, -5.3326e-04,  6.5466e-04,  5.8930e-04,
         2.3593e-04, -3.6199e-04,  7.8928e-04, -8.7120e-04, -1.0647e-03,
         3.2970e-04, -1.1571e-03, -6.1681e-04,  5.4133e-04, -3.6473e-04,
        -8.2113e-05], device='cuda:0') 
 Parameter containing:
tensor([-2.5050e-05, -1.8133e-04,  9.2558e-04,  5.4536e-04,  6.1936e-04,
        -4.1762e-04,  5.6705e-05, -1.5328e-04,  3.5293e-04, -1.2072e-03,
        -7.3552e-04,  8.1410e-04,  7.3199e-04, -5.5558e-04,  5.2109e-04,
         8.6111e-04, -1.1609e-05,  8.8708e-04,  1.0176e-03,  1.3124e-04,
        -3.4325e-04, -5.4606e-04, -3.3581e-04, -1.1953e-03,  5.4895e-04,
         3.4508e-04, -8.3264e-04, -5.1408e-04,  8.0744e-04, -1.1311e-03,
        -1.7547e-04,  6.8127e-04, -8.8938e-04,  2.3800e-05, -6.8222e-04,
        -3.4965e-04, -1.0370e-03,  9.3931e-04,  1.0035e-03,  3.4820e-04,
        -4.2697e-04, -2.6576e-04, -2.5145e-04,  7.9894e-04,  8.4225e-04,
        -3.7252e-04,  2.0580e-04,  2.6246e-04, -8.5462e-05, -6.3708e-04,
         1.1970e-03, -5.0510e-04, -5.9390e-04, -6.0225e-04, -4.2658e-04,
        -8.7023e-05, -6.7120e-04,  2.0060e-04, -7.3180e-05,  1.4589e-04,
         4.0434e-04,  6.8113e-04, -9.7960e-04,  7.5892e-04, -1.1319e-03,
        -5.0708e-04,  4.1819e-04,  1.1204e-03,  1.0898e-03, -5.1343e-04,
        -9.2619e-04, -9.7848e-04, -6.9288e-05, -8.0450e-04,  1.1338e-03,
         9.3635e-04, -1.1109e-03,  5.3918e-04,  7.4710e-04, -7.8000e-04,
        -4.3805e-04, -2.7747e-04, -3.2455e-04,  4.7725e-04,  1.1231e-04,
         4.4374e-04, -7.7584e-04, -9.9554e-04,  5.6826e-04, -4.5956e-05,
        -6.8542e-04,  1.1515e-04, -1.1158e-03,  6.2754e-04, -7.5718e-04,
         4.8385e-04,  6.3901e-04, -5.7514e-04,  4.1538e-05,  1.1254e-03,
        -1.1636e-04,  7.8305e-04,  7.7616e-04, -1.0165e-03,  3.5773e-04,
        -5.7708e-04,  1.1083e-03,  9.1809e-04,  1.5783e-04,  1.2114e-03,
        -1.0748e-03,  1.1624e-03, -4.7985e-04, -8.2792e-04, -5.0213e-04,
         6.0442e-04, -3.8089e-04, -6.5275e-04,  1.1820e-03, -1.0957e-03,
         9.1667e-04,  4.9712e-05, -6.6752e-04,  8.8913e-04,  7.3944e-04,
         8.8794e-04,  4.5820e-04, -1.0805e-03,  7.6972e-04,  1.1936e-03,
         3.9168e-04,  8.7022e-05, -8.9371e-04,  7.4126e-04, -2.3308e-04,
        -7.5854e-04,  1.0455e-04,  1.0604e-04,  2.5098e-04,  3.9087e-04,
        -1.4408e-04,  5.1320e-05,  1.0327e-03, -9.6603e-04, -3.4006e-04,
         1.0561e-03,  1.0021e-03, -1.0783e-03,  1.0261e-03,  6.6271e-04,
         3.8923e-04,  8.4438e-04,  6.0762e-04, -8.2606e-04,  2.6151e-04,
         9.0432e-04,  4.2504e-04, -9.3069e-04, -1.1690e-03, -1.2130e-03,
         7.2222e-04,  6.8022e-04, -1.1671e-03, -1.0041e-03, -2.1534e-04,
        -3.7375e-04,  5.0729e-04, -2.1288e-04, -1.6436e-04,  1.3786e-04,
         1.6296e-04, -1.1227e-04,  5.0772e-04, -4.4373e-04,  1.8907e-04,
        -1.0365e-03, -6.1219e-04,  4.2216e-04, -8.6658e-04,  8.1232e-04,
        -4.6426e-04, -9.8160e-04,  9.1505e-04,  3.8023e-04, -3.7935e-04,
         9.0186e-04, -4.1836e-04,  9.4879e-04, -1.1552e-03,  5.9557e-04,
         6.7067e-04,  2.5833e-04, -3.2482e-04,  4.4550e-04,  3.5799e-04,
         1.2005e-03, -9.7642e-04, -1.0629e-03,  1.0422e-03,  4.7289e-04,
        -8.5112e-04, -1.0341e-03, -7.3358e-04, -6.7912e-04,  3.9059e-04,
        -6.6474e-04,  6.9904e-04,  4.2720e-04, -1.0355e-03,  8.1267e-04,
         3.5673e-04,  9.8948e-04, -1.7500e-04, -7.1907e-04, -1.0108e-03,
        -4.4411e-04,  1.1594e-03, -7.9285e-05, -1.4697e-04, -7.4777e-04,
        -3.5711e-04,  1.3645e-04, -1.1774e-03, -1.2963e-04,  1.8002e-04,
         7.1780e-04, -5.4630e-05, -3.4776e-04, -3.2106e-04, -7.7820e-04,
         1.1248e-03, -4.9713e-04,  5.2645e-04, -5.4602e-04, -1.0767e-03,
         7.7899e-05,  1.2623e-04,  1.0438e-03, -5.0836e-05, -1.1312e-03,
         4.5573e-04,  5.3695e-04, -5.3326e-04,  6.5466e-04,  5.8930e-04,
         2.3593e-04, -3.6199e-04,  7.8928e-04, -8.7120e-04, -1.0647e-03,
         3.2970e-04, -1.1571e-03, -6.1681e-04,  5.4133e-04, -3.6473e-04,
        -8.2113e-05], device='cuda:0', requires_grad=True)
parameters of the network fc2.weight 
 torch.Size([128, 256]) 
 True 
 tensor([[ 0.0072, -0.0327,  0.0441,  ..., -0.0175,  0.0218,  0.0067],
        [-0.0262,  0.0329,  0.0319,  ...,  0.0040,  0.0305, -0.0515],
        [ 0.0212,  0.0034, -0.0090,  ..., -0.0456,  0.0055, -0.0353],
        ...,
        [ 0.0061,  0.0377, -0.0153,  ..., -0.0351, -0.0387, -0.0351],
        [-0.0186,  0.0484, -0.0590,  ..., -0.0382, -0.0527, -0.0525],
        [-0.0199, -0.0327,  0.0537,  ..., -0.0265, -0.0170, -0.0108]],
       device='cuda:0') 
 Parameter containing:
tensor([[ 0.0072, -0.0327,  0.0441,  ..., -0.0175,  0.0218,  0.0067],
        [-0.0262,  0.0329,  0.0319,  ...,  0.0040,  0.0305, -0.0515],
        [ 0.0212,  0.0034, -0.0090,  ..., -0.0456,  0.0055, -0.0353],
        ...,
        [ 0.0061,  0.0377, -0.0153,  ..., -0.0351, -0.0387, -0.0351],
        [-0.0186,  0.0484, -0.0590,  ..., -0.0382, -0.0527, -0.0525],
        [-0.0199, -0.0327,  0.0537,  ..., -0.0265, -0.0170, -0.0108]],
       device='cuda:0', requires_grad=True)
parameters of the network fc2.bias 
 torch.Size([128]) 
 True 
 tensor([ 0.0578,  0.0502, -0.0477,  0.0427, -0.0362, -0.0492, -0.0283,  0.0615,
         0.0007,  0.0165, -0.0166,  0.0272, -0.0304, -0.0074, -0.0429, -0.0214,
        -0.0458, -0.0129, -0.0501, -0.0047,  0.0142,  0.0094,  0.0222, -0.0481,
         0.0038, -0.0601,  0.0046, -0.0445,  0.0041,  0.0082, -0.0605,  0.0412,
        -0.0475,  0.0264, -0.0430,  0.0168,  0.0035, -0.0529,  0.0515, -0.0354,
         0.0507, -0.0233, -0.0245,  0.0115,  0.0508, -0.0467, -0.0246,  0.0533,
        -0.0530, -0.0298,  0.0417, -0.0036,  0.0129, -0.0140, -0.0386,  0.0225,
         0.0043,  0.0546,  0.0441, -0.0010, -0.0502,  0.0026, -0.0393,  0.0220,
         0.0157, -0.0353, -0.0213, -0.0105,  0.0118,  0.0452,  0.0445, -0.0328,
        -0.0206, -0.0395,  0.0590,  0.0414, -0.0420, -0.0511,  0.0502, -0.0303,
        -0.0410, -0.0364,  0.0022, -0.0146, -0.0318,  0.0428,  0.0079,  0.0291,
         0.0008,  0.0367, -0.0330,  0.0557,  0.0400, -0.0535, -0.0582, -0.0291,
         0.0347,  0.0526, -0.0602, -0.0272,  0.0143, -0.0039,  0.0038,  0.0403,
        -0.0416,  0.0540,  0.0592,  0.0296, -0.0279,  0.0264,  0.0281,  0.0088,
        -0.0244,  0.0387, -0.0184, -0.0538,  0.0305, -0.0431,  0.0262, -0.0403,
         0.0143, -0.0621,  0.0012, -0.0199,  0.0561,  0.0521,  0.0178, -0.0014],
       device='cuda:0') 
 Parameter containing:
tensor([ 0.0578,  0.0502, -0.0477,  0.0427, -0.0362, -0.0492, -0.0283,  0.0615,
         0.0007,  0.0165, -0.0166,  0.0272, -0.0304, -0.0074, -0.0429, -0.0214,
        -0.0458, -0.0129, -0.0501, -0.0047,  0.0142,  0.0094,  0.0222, -0.0481,
         0.0038, -0.0601,  0.0046, -0.0445,  0.0041,  0.0082, -0.0605,  0.0412,
        -0.0475,  0.0264, -0.0430,  0.0168,  0.0035, -0.0529,  0.0515, -0.0354,
         0.0507, -0.0233, -0.0245,  0.0115,  0.0508, -0.0467, -0.0246,  0.0533,
        -0.0530, -0.0298,  0.0417, -0.0036,  0.0129, -0.0140, -0.0386,  0.0225,
         0.0043,  0.0546,  0.0441, -0.0010, -0.0502,  0.0026, -0.0393,  0.0220,
         0.0157, -0.0353, -0.0213, -0.0105,  0.0118,  0.0452,  0.0445, -0.0328,
        -0.0206, -0.0395,  0.0590,  0.0414, -0.0420, -0.0511,  0.0502, -0.0303,
        -0.0410, -0.0364,  0.0022, -0.0146, -0.0318,  0.0428,  0.0079,  0.0291,
         0.0008,  0.0367, -0.0330,  0.0557,  0.0400, -0.0535, -0.0582, -0.0291,
         0.0347,  0.0526, -0.0602, -0.0272,  0.0143, -0.0039,  0.0038,  0.0403,
        -0.0416,  0.0540,  0.0592,  0.0296, -0.0279,  0.0264,  0.0281,  0.0088,
        -0.0244,  0.0387, -0.0184, -0.0538,  0.0305, -0.0431,  0.0262, -0.0403,
         0.0143, -0.0621,  0.0012, -0.0199,  0.0561,  0.0521,  0.0178, -0.0014],
       device='cuda:0', requires_grad=True)
parameters of the network fc3.weight 
 torch.Size([64, 128]) 
 True 
 tensor([[ 0.0718, -0.0039,  0.0457,  ...,  0.0649,  0.0691, -0.0477],
        [ 0.0500, -0.0105, -0.0258,  ..., -0.0830, -0.0881,  0.0201],
        [ 0.0344, -0.0589,  0.0838,  ..., -0.0445,  0.0218, -0.0347],
        ...,
        [ 0.0006,  0.0529, -0.0140,  ..., -0.0198, -0.0722, -0.0588],
        [ 0.0700, -0.0873, -0.0258,  ...,  0.0640,  0.0465,  0.0497],
        [ 0.0849, -0.0194, -0.0111,  ..., -0.0096, -0.0756, -0.0647]],
       device='cuda:0') 
 Parameter containing:
tensor([[ 0.0718, -0.0039,  0.0457,  ...,  0.0649,  0.0691, -0.0477],
        [ 0.0500, -0.0105, -0.0258,  ..., -0.0830, -0.0881,  0.0201],
        [ 0.0344, -0.0589,  0.0838,  ..., -0.0445,  0.0218, -0.0347],
        ...,
        [ 0.0006,  0.0529, -0.0140,  ..., -0.0198, -0.0722, -0.0588],
        [ 0.0700, -0.0873, -0.0258,  ...,  0.0640,  0.0465,  0.0497],
        [ 0.0849, -0.0194, -0.0111,  ..., -0.0096, -0.0756, -0.0647]],
       device='cuda:0', requires_grad=True)
parameters of the network fc3.bias 
 torch.Size([64]) 
 True 
 tensor([ 0.0604,  0.0468, -0.0639, -0.0696, -0.0652,  0.0422,  0.0823,  0.0090,
         0.0681, -0.0164, -0.0542, -0.0701,  0.0326,  0.0211,  0.0419,  0.0365,
        -0.0339,  0.0280,  0.0488,  0.0793,  0.0106, -0.0445, -0.0716, -0.0619,
        -0.0522, -0.0071, -0.0606, -0.0227, -0.0632, -0.0453,  0.0882,  0.0028,
         0.0202, -0.0045, -0.0692,  0.0856, -0.0764,  0.0727,  0.0569,  0.0373,
         0.0218, -0.0772,  0.0617,  0.0280, -0.0441, -0.0390,  0.0101,  0.0781,
         0.0323, -0.0706,  0.0637, -0.0521,  0.0233, -0.0307,  0.0227, -0.0314,
         0.0521,  0.0545, -0.0669, -0.0293, -0.0082,  0.0361, -0.0110,  0.0857],
       device='cuda:0') 
 Parameter containing:
tensor([ 0.0604,  0.0468, -0.0639, -0.0696, -0.0652,  0.0422,  0.0823,  0.0090,
         0.0681, -0.0164, -0.0542, -0.0701,  0.0326,  0.0211,  0.0419,  0.0365,
        -0.0339,  0.0280,  0.0488,  0.0793,  0.0106, -0.0445, -0.0716, -0.0619,
        -0.0522, -0.0071, -0.0606, -0.0227, -0.0632, -0.0453,  0.0882,  0.0028,
         0.0202, -0.0045, -0.0692,  0.0856, -0.0764,  0.0727,  0.0569,  0.0373,
         0.0218, -0.0772,  0.0617,  0.0280, -0.0441, -0.0390,  0.0101,  0.0781,
         0.0323, -0.0706,  0.0637, -0.0521,  0.0233, -0.0307,  0.0227, -0.0314,
         0.0521,  0.0545, -0.0669, -0.0293, -0.0082,  0.0361, -0.0110,  0.0857],
       device='cuda:0', requires_grad=True)
parameters of the network fc4.weight 
 torch.Size([6796, 64]) 
 True 
 tensor([[ 0.1083,  0.0644, -0.0775,  ..., -0.0664, -0.0899, -0.0247],
        [ 0.1062,  0.0814, -0.0734,  ..., -0.0578, -0.0397, -0.1046],
        [ 0.0611,  0.1048, -0.0821,  ..., -0.0445, -0.0306,  0.0572],
        ...,
        [ 0.0409,  0.1123,  0.0337,  ...,  0.0348,  0.0240, -0.0153],
        [-0.0953,  0.0130,  0.1134,  ...,  0.0774, -0.0116,  0.0045],
        [-0.0238,  0.0170,  0.0271,  ...,  0.1169, -0.1042, -0.0648]],
       device='cuda:0') 
 Parameter containing:
tensor([[ 0.1083,  0.0644, -0.0775,  ..., -0.0664, -0.0899, -0.0247],
        [ 0.1062,  0.0814, -0.0734,  ..., -0.0578, -0.0397, -0.1046],
        [ 0.0611,  0.1048, -0.0821,  ..., -0.0445, -0.0306,  0.0572],
        ...,
        [ 0.0409,  0.1123,  0.0337,  ...,  0.0348,  0.0240, -0.0153],
        [-0.0953,  0.0130,  0.1134,  ...,  0.0774, -0.0116,  0.0045],
        [-0.0238,  0.0170,  0.0271,  ...,  0.1169, -0.1042, -0.0648]],
       device='cuda:0', requires_grad=True)
parameters of the network fc4.bias 
 torch.Size([6796]) 
 True 
 tensor([-0.0633, -0.1243, -0.0588,  ..., -0.0222, -0.0824,  0.0729],
       device='cuda:0') 
 Parameter containing:
tensor([-0.0633, -0.1243, -0.0588,  ..., -0.0222, -0.0824,  0.0729],
       device='cuda:0', requires_grad=True)

Passing event 1007 from the network before training input tensor([[0., 0., 0.,  ..., 0., 0., 0.],
        [0., 0., 0.,  ..., 0., 0., 0.],
        [0., 0., 0.,  ..., 0., 0., 0.],
        ...,
        [0., 0., 0.,  ..., 0., 0., 0.],
        [0., 0., 0.,  ..., 0., 0., 0.],
        [0., 0., 0.,  ..., 0., 0., 0.]]) 
result1: tensor([[0.4781, 0.4617, 0.4913,  ..., 0.4981, 0.4803, 0.5216],
        [0.4783, 0.4617, 0.4913,  ..., 0.4979, 0.4803, 0.5217],
        [0.4781, 0.4618, 0.4912,  ..., 0.4980, 0.4803, 0.5217],
        ...,
        [0.4782, 0.4618, 0.4912,  ..., 0.4980, 0.4803, 0.5217],
        [0.4782, 0.4617, 0.4913,  ..., 0.4980, 0.4803, 0.5217],
        [0.4782, 0.4617, 0.4913,  ..., 0.4979, 0.4803, 0.5216]],
       device='cuda:0', grad_fn=<SigmoidBackward0>) 
result1.shape: torch.Size([20, 6796])

Passing two random events from the network before training 
result1: tensor([[0.4781, 0.4617, 0.4913,  ..., 0.4981, 0.4803, 0.5216],
        [0.4783, 0.4617, 0.4913,  ..., 0.4979, 0.4803, 0.5217],
        [0.4781, 0.4618, 0.4912,  ..., 0.4980, 0.4803, 0.5217],
        ...,
        [0.4782, 0.4618, 0.4912,  ..., 0.4980, 0.4803, 0.5217],
        [0.4782, 0.4617, 0.4913,  ..., 0.4980, 0.4803, 0.5217],
        [0.4782, 0.4617, 0.4913,  ..., 0.4979, 0.4803, 0.5216]],
       device='cuda:0', grad_fn=<SigmoidBackward0>) 
result1.shape: torch.Size([20, 6796]) 
input: [[0. 0. 0. ... 0. 0. 0.]
 [0. 0. 0. ... 0. 0. 0.]
 [0. 0. 0. ... 0. 0. 0.]
 ...
 [0. 0. 0. ... 0. 0. 0.]
 [0. 0. 0. ... 0. 0. 0.]
 [0. 0. 0. ... 0. 0. 0.]]
=> loading checkpoint from /hpcfs/bes/mlgpu/hoseinkk/MLTracking/otherparticles/pppipi/pyt_pppipi_cnn_1/checkpoint_dir/1999840284saved_checkpoint.tar



load_model True 
TraEvN 19998 
BatchSize 30.0 
EpochNum 40 
LrVal 0.0001 
weight_decay 5e-05 
startmesh 284 
endmesh 285 




Passing event 10007 from the network before training input tensor([[0., 0., 0.,  ..., 0., 0., 0.],
        [0., 0., 0.,  ..., 0., 0., 0.],
        [0., 0., 0.,  ..., 0., 0., 0.],
        ...,
        [0., 0., 0.,  ..., 0., 0., 0.],
        [0., 0., 0.,  ..., 0., 0., 0.],
        [0., 0., 0.,  ..., 0., 0., 0.]]) 
result1: tensor([9.9937e-01, 1.0000e+00, 1.0000e+00,  ..., 6.0482e-33, 8.2983e-38,
        5.9066e-13], grad_fn=<SelectBackward0>) 
result1.shape: torch.Size([6796])

Passing event 10007 from the network after training input tensor([[0., 0., 0.,  ..., 0., 0., 0.],
        [0., 0., 0.,  ..., 0., 0., 0.],
        [0., 0., 0.,  ..., 0., 0., 0.],
        ...,
        [0., 0., 0.,  ..., 0., 0., 0.],
        [0., 0., 0.,  ..., 0., 0., 0.],
        [0., 0., 0.,  ..., 0., 0., 0.]]) 
result1: tensor([0.5147, 0.5202, 0.4904,  ..., 0.4792, 0.5180, 0.5099],
       grad_fn=<SelectBackward0>) 
result1.shape: torch.Size([6796])

real	1m5.724s
user	1m11.945s
sys	0m7.042s
