0: cmsgpu001.ihep.ac.cn
GPU 0: NVIDIA A100-PCIE-40GB (UUID: GPU-83673d1f-01b2-490d-5bc6-a84aaf3ddc65)
Allocate GPU cards : 0

modinfo:
filename:       /lib/modules/3.10.0-1160.71.1.el7.x86_64/extra/nvidia.ko.xz
firmware:       nvidia/515.65.01/gsp.bin
alias:          char-major-195-*
version:        515.65.01
supported:      external
license:        NVIDIA
retpoline:      Y
rhelversion:    7.9
srcversion:     8049D44E2C1B08F41E1B8A6
alias:          pci:v000010DEd*sv*sd*bc06sc80i00*
alias:          pci:v000010DEd*sv*sd*bc03sc02i00*
alias:          pci:v000010DEd*sv*sd*bc03sc00i00*
depends:        drm
vermagic:       3.10.0-1160.71.1.el7.x86_64 SMP mod_unload modversions 
signer:         DKMS module signing key
sig_key:        9B:9E:55:A9:86:D9:50:0B:6D:2D:9F:BA:A7:E6:45:39:D4:DD:5F:C6
sig_hashalgo:   sha512
parm:           NvSwitchRegDwords:NvSwitch regkey (charp)
parm:           NvSwitchBlacklist:NvSwitchBlacklist=uuid[,uuid...] (charp)
parm:           NVreg_ResmanDebugLevel:int
parm:           NVreg_RmLogonRC:int
parm:           NVreg_ModifyDeviceFiles:int
parm:           NVreg_DeviceFileUID:int
parm:           NVreg_DeviceFileGID:int
parm:           NVreg_DeviceFileMode:int
parm:           NVreg_InitializeSystemMemoryAllocations:int
parm:           NVreg_UsePageAttributeTable:int
parm:           NVreg_EnablePCIeGen3:int
parm:           NVreg_EnableMSI:int
parm:           NVreg_TCEBypassMode:int
parm:           NVreg_EnableStreamMemOPs:int
parm:           NVreg_RestrictProfilingToAdminUsers:int
parm:           NVreg_PreserveVideoMemoryAllocations:int
parm:           NVreg_EnableS0ixPowerManagement:int
parm:           NVreg_S0ixPowerManagementVideoMemoryThreshold:int
parm:           NVreg_DynamicPowerManagement:int
parm:           NVreg_DynamicPowerManagementVideoMemoryThreshold:int
parm:           NVreg_EnableGpuFirmware:int
parm:           NVreg_EnableGpuFirmwareLogs:int
parm:           NVreg_OpenRmEnableUnsupportedGpus:int
parm:           NVreg_EnableUserNUMAManagement:int
parm:           NVreg_MemoryPoolSize:int
parm:           NVreg_KMallocHeapMaxSize:int
parm:           NVreg_VMallocHeapMaxSize:int
parm:           NVreg_IgnoreMMIOCheck:int
parm:           NVreg_NvLinkDisable:int
parm:           NVreg_EnablePCIERelaxedOrderingMode:int
parm:           NVreg_RegisterPCIDriver:int
parm:           NVreg_EnableDbgBreakpoint:int
parm:           NVreg_RegistryDwords:charp
parm:           NVreg_RegistryDwordsPerDevice:charp
parm:           NVreg_RmMsg:charp
parm:           NVreg_GpuBlacklist:charp
parm:           NVreg_TemporaryFilePath:charp
parm:           NVreg_ExcludedGpus:charp
parm:           NVreg_DmaRemapPeerMmio:int
parm:           rm_firmware_active:charp

nvidia-smi:
Mon Aug 29 14:13:04 2022       
+-----------------------------------------------------------------------------+
| NVIDIA-SMI 515.65.01    Driver Version: 515.65.01    CUDA Version: 11.7     |
|-------------------------------+----------------------+----------------------+
| GPU  Name        Persistence-M| Bus-Id        Disp.A | Volatile Uncorr. ECC |
| Fan  Temp  Perf  Pwr:Usage/Cap|         Memory-Usage | GPU-Util  Compute M. |
|                               |                      |               MIG M. |
|===============================+======================+======================|
|   0  NVIDIA A100-PCI...  On   | 00000000:3B:00.0 Off |                    0 |
| N/A   25C    P0    32W / 250W |      0MiB / 40960MiB |      0%      Default |
|                               |                      |             Disabled |
+-------------------------------+----------------------+----------------------+
                                                                               
+-----------------------------------------------------------------------------+
| Processes:                                                                  |
|  GPU   GI   CI        PID   Type   Process name                  GPU Memory |
|        ID   ID                                                   Usage      |
|=============================================================================|
|  No running processes found                                                 |
+-----------------------------------------------------------------------------+

nvcc --version:
nvcc: NVIDIA (R) Cuda compiler driver
Copyright (c) 2005-2021 NVIDIA Corporation
Built on Sun_Mar_21_19:15:46_PDT_2021
Cuda compilation tools, release 11.3, V11.3.58
Build cuda_11.3.r11.3/compiler.29745058_0

 torch version: 1.10.2

 cuda version: 11.3

 is cuda available: True

 CUDNN VERSION: 8200

 Number CUDA Devices: 1

 CUDA Device Name: NVIDIA A100-PCIE-40GB

 CUDA Device Total Memory [GB]: 42.358472704

 Device capability: (8, 0) 

 Cuda deviice: <torch.cuda.device object at 0x2acb489c88e0> 

 Is cuda initialized: True

 CUDA_HOME: /hpcfs/bes/mlgpu/hoseinkk/Miniconda3/envs/dgl1

real	0m4.955s
user	0m2.601s
sys	0m1.100s
/hpcfs/bes/mlgpu/hoseinkk/Miniconda3/envs/dgl1/lib/python3.9/site-packages/cupy/_environment.py:438: UserWarning: 
--------------------------------------------------------------------------------

  CuPy may not function correctly because multiple CuPy packages are installed
  in your environment:

    cupy, cupy-cuda110

  Follow these steps to resolve this issue:

    1. For all packages listed above, run the following command to remove all
       existing CuPy installations:

         $ pip uninstall <package_name>

      If you previously installed CuPy via conda, also run the following:

         $ conda uninstall cupy

    2. Install the appropriate CuPy package.
       Refer to the Installation Guide for detailed instructions.

         https://docs.cupy.dev/en/stable/install.html

--------------------------------------------------------------------------------

  warnings.warn(f'''




 The Network ... 







 Loading data ... 



training set shape (20000, 43, 288) 
sum 5279207

target set shape (20000, 6796) 
sum 4575851
Net(
  (conv1): Conv2d(1, 256, kernel_size=(3, 3), stride=(1, 1))
  (conv2): Conv2d(256, 128, kernel_size=(3, 3), stride=(1, 1))
  (conv3): Conv2d(128, 64, kernel_size=(3, 3), stride=(1, 1))
  (fc1): Linear(in_features=667776, out_features=256, bias=True)
  (fc2): Linear(in_features=256, out_features=128, bias=True)
  (fc3): Linear(in_features=128, out_features=64, bias=True)
  (fc4): Linear(in_features=64, out_features=6796, bias=True)
)

number of the free parameters: 171805196
parameters of the network conv1.weight 
 torch.Size([256, 1, 3, 3]) 
 True 
 tensor([[[[-0.2705, -0.2018,  0.0600],
          [ 0.0654,  0.0715,  0.1451],
          [ 0.0248,  0.2792,  0.2606]]],


        [[[-0.1053, -0.0964,  0.0161],
          [-0.1439,  0.0113,  0.1653],
          [-0.1088,  0.2792, -0.2706]]],


        [[[-0.1481,  0.2880, -0.2773],
          [ 0.0611, -0.1686, -0.3218],
          [-0.2630,  0.0599,  0.0852]]],


        ...,


        [[[-0.2630, -0.2941, -0.0348],
          [ 0.1024, -0.2855,  0.0920],
          [ 0.2058,  0.1064,  0.0431]]],


        [[[-0.1914,  0.2634, -0.2606],
          [ 0.2433,  0.1459,  0.0616],
          [-0.3235, -0.0439,  0.2505]]],


        [[[-0.0125, -0.1416,  0.2766],
          [ 0.0487, -0.0649,  0.0741],
          [-0.1128,  0.0011, -0.0354]]]], device='cuda:0') 
 Parameter containing:
tensor([[[[-0.2705, -0.2018,  0.0600],
          [ 0.0654,  0.0715,  0.1451],
          [ 0.0248,  0.2792,  0.2606]]],


        [[[-0.1053, -0.0964,  0.0161],
          [-0.1439,  0.0113,  0.1653],
          [-0.1088,  0.2792, -0.2706]]],


        [[[-0.1481,  0.2880, -0.2773],
          [ 0.0611, -0.1686, -0.3218],
          [-0.2630,  0.0599,  0.0852]]],


        ...,


        [[[-0.2630, -0.2941, -0.0348],
          [ 0.1024, -0.2855,  0.0920],
          [ 0.2058,  0.1064,  0.0431]]],


        [[[-0.1914,  0.2634, -0.2606],
          [ 0.2433,  0.1459,  0.0616],
          [-0.3235, -0.0439,  0.2505]]],


        [[[-0.0125, -0.1416,  0.2766],
          [ 0.0487, -0.0649,  0.0741],
          [-0.1128,  0.0011, -0.0354]]]], device='cuda:0', requires_grad=True)
parameters of the network conv1.bias 
 torch.Size([256]) 
 True 
 tensor([ 0.0578, -0.2871, -0.0320,  0.2135, -0.0778,  0.0666, -0.0590, -0.1930,
        -0.1590,  0.0969,  0.2374, -0.1445, -0.0170,  0.3274, -0.0417, -0.0465,
        -0.0339,  0.0165,  0.1912, -0.0956, -0.2493,  0.2044,  0.0071,  0.2897,
         0.0509, -0.1649, -0.2904, -0.1282, -0.3058, -0.1598,  0.2413, -0.2385,
        -0.0575,  0.3061,  0.1215, -0.0222, -0.0073,  0.3333, -0.2988,  0.2893,
         0.2910,  0.0247, -0.1280,  0.2125, -0.1511, -0.2383, -0.0188,  0.0711,
        -0.0193,  0.2252,  0.3314, -0.1717,  0.1021, -0.2504, -0.1205,  0.3147,
        -0.0667, -0.1892, -0.3031, -0.1552,  0.1115, -0.2833, -0.2324,  0.1251,
         0.2615,  0.3328, -0.2659, -0.1106, -0.2581,  0.2511,  0.2068,  0.0342,
        -0.0342, -0.3086,  0.1845, -0.0418, -0.1754, -0.1003, -0.2816,  0.1635,
        -0.2270, -0.1078,  0.1868, -0.1890,  0.1320,  0.1110,  0.0370,  0.0133,
         0.0482, -0.1961,  0.1371, -0.0438,  0.0835,  0.2900, -0.1621,  0.1155,
        -0.2880,  0.1812, -0.2849,  0.0928,  0.2706,  0.0704,  0.0816,  0.2439,
        -0.1178,  0.1765, -0.0228,  0.2790, -0.2969,  0.0036,  0.1327, -0.3113,
         0.2900,  0.1595, -0.0217,  0.3026, -0.1234, -0.0105,  0.2463, -0.1692,
        -0.2408, -0.1479, -0.2357,  0.0131, -0.3061,  0.0653, -0.2804, -0.1538,
        -0.0884,  0.1930, -0.3328,  0.0625,  0.1426,  0.1461, -0.0619, -0.1310,
         0.1884, -0.1797, -0.0405,  0.1531,  0.1934,  0.1350,  0.0891,  0.3298,
         0.2557,  0.2048,  0.2771, -0.0999,  0.2129,  0.0948, -0.3311,  0.0331,
        -0.2887,  0.0252, -0.0978, -0.2305, -0.2173, -0.0468, -0.1326, -0.1932,
         0.1797, -0.1517, -0.1320,  0.2301,  0.2986,  0.3055, -0.1706, -0.2176,
        -0.1991, -0.2502, -0.2792,  0.1629,  0.2435,  0.1839,  0.1188, -0.0683,
        -0.1394,  0.0952,  0.1290, -0.1492,  0.2422,  0.2022,  0.1482,  0.0905,
        -0.2558, -0.0124,  0.2077, -0.0376,  0.1333,  0.2655,  0.3092,  0.0772,
         0.2129,  0.2929,  0.0376, -0.1779,  0.2831,  0.0526, -0.2703, -0.1969,
        -0.0790,  0.3329,  0.1437, -0.3279, -0.1735,  0.1284, -0.0870,  0.2398,
         0.0092,  0.3118,  0.3045,  0.1031, -0.0434, -0.1917,  0.2981,  0.2927,
         0.2963, -0.2993, -0.1254,  0.1260,  0.2435,  0.2904, -0.2661,  0.0997,
         0.0603,  0.0992, -0.2775, -0.0187, -0.2810, -0.1937, -0.2122,  0.3004,
        -0.1044,  0.0427,  0.0089, -0.3131,  0.1203,  0.0502, -0.2679,  0.1964,
         0.3125,  0.2017,  0.2306,  0.1123,  0.2870, -0.1351, -0.3113,  0.0143,
         0.1200,  0.1766, -0.1941, -0.2745,  0.1946,  0.2293,  0.0210, -0.1836],
       device='cuda:0') 
 Parameter containing:
tensor([ 0.0578, -0.2871, -0.0320,  0.2135, -0.0778,  0.0666, -0.0590, -0.1930,
        -0.1590,  0.0969,  0.2374, -0.1445, -0.0170,  0.3274, -0.0417, -0.0465,
        -0.0339,  0.0165,  0.1912, -0.0956, -0.2493,  0.2044,  0.0071,  0.2897,
         0.0509, -0.1649, -0.2904, -0.1282, -0.3058, -0.1598,  0.2413, -0.2385,
        -0.0575,  0.3061,  0.1215, -0.0222, -0.0073,  0.3333, -0.2988,  0.2893,
         0.2910,  0.0247, -0.1280,  0.2125, -0.1511, -0.2383, -0.0188,  0.0711,
        -0.0193,  0.2252,  0.3314, -0.1717,  0.1021, -0.2504, -0.1205,  0.3147,
        -0.0667, -0.1892, -0.3031, -0.1552,  0.1115, -0.2833, -0.2324,  0.1251,
         0.2615,  0.3328, -0.2659, -0.1106, -0.2581,  0.2511,  0.2068,  0.0342,
        -0.0342, -0.3086,  0.1845, -0.0418, -0.1754, -0.1003, -0.2816,  0.1635,
        -0.2270, -0.1078,  0.1868, -0.1890,  0.1320,  0.1110,  0.0370,  0.0133,
         0.0482, -0.1961,  0.1371, -0.0438,  0.0835,  0.2900, -0.1621,  0.1155,
        -0.2880,  0.1812, -0.2849,  0.0928,  0.2706,  0.0704,  0.0816,  0.2439,
        -0.1178,  0.1765, -0.0228,  0.2790, -0.2969,  0.0036,  0.1327, -0.3113,
         0.2900,  0.1595, -0.0217,  0.3026, -0.1234, -0.0105,  0.2463, -0.1692,
        -0.2408, -0.1479, -0.2357,  0.0131, -0.3061,  0.0653, -0.2804, -0.1538,
        -0.0884,  0.1930, -0.3328,  0.0625,  0.1426,  0.1461, -0.0619, -0.1310,
         0.1884, -0.1797, -0.0405,  0.1531,  0.1934,  0.1350,  0.0891,  0.3298,
         0.2557,  0.2048,  0.2771, -0.0999,  0.2129,  0.0948, -0.3311,  0.0331,
        -0.2887,  0.0252, -0.0978, -0.2305, -0.2173, -0.0468, -0.1326, -0.1932,
         0.1797, -0.1517, -0.1320,  0.2301,  0.2986,  0.3055, -0.1706, -0.2176,
        -0.1991, -0.2502, -0.2792,  0.1629,  0.2435,  0.1839,  0.1188, -0.0683,
        -0.1394,  0.0952,  0.1290, -0.1492,  0.2422,  0.2022,  0.1482,  0.0905,
        -0.2558, -0.0124,  0.2077, -0.0376,  0.1333,  0.2655,  0.3092,  0.0772,
         0.2129,  0.2929,  0.0376, -0.1779,  0.2831,  0.0526, -0.2703, -0.1969,
        -0.0790,  0.3329,  0.1437, -0.3279, -0.1735,  0.1284, -0.0870,  0.2398,
         0.0092,  0.3118,  0.3045,  0.1031, -0.0434, -0.1917,  0.2981,  0.2927,
         0.2963, -0.2993, -0.1254,  0.1260,  0.2435,  0.2904, -0.2661,  0.0997,
         0.0603,  0.0992, -0.2775, -0.0187, -0.2810, -0.1937, -0.2122,  0.3004,
        -0.1044,  0.0427,  0.0089, -0.3131,  0.1203,  0.0502, -0.2679,  0.1964,
         0.3125,  0.2017,  0.2306,  0.1123,  0.2870, -0.1351, -0.3113,  0.0143,
         0.1200,  0.1766, -0.1941, -0.2745,  0.1946,  0.2293,  0.0210, -0.1836],
       device='cuda:0', requires_grad=True)
parameters of the network conv2.weight 
 torch.Size([128, 256, 3, 3]) 
 True 
 tensor([[[[-5.8486e-03, -2.0273e-02,  2.2940e-03],
          [-1.2421e-02, -1.9098e-02,  1.1594e-02],
          [ 2.8909e-03, -1.0144e-02, -1.9400e-02]],

         [[ 1.7402e-02,  1.0656e-02,  1.4172e-02],
          [-2.1814e-03,  1.8393e-02,  8.0175e-04],
          [ 2.0503e-02, -1.7036e-02,  1.1515e-03]],

         [[-1.7325e-02,  6.0172e-03,  3.2370e-03],
          [-1.1125e-02,  2.8305e-03,  4.5410e-03],
          [ 8.1393e-03, -7.0660e-03, -5.5812e-03]],

         ...,

         [[ 1.3133e-03, -5.7107e-03, -3.5306e-03],
          [-1.0976e-02,  9.4799e-04,  9.7615e-05],
          [-1.3104e-02,  1.6553e-02,  4.0061e-03]],

         [[ 1.0836e-02, -5.4532e-03, -5.8135e-03],
          [-1.7120e-02,  1.1549e-02, -5.1316e-03],
          [-2.8052e-03,  1.1253e-02,  2.5289e-03]],

         [[-3.9127e-03, -5.8281e-03, -1.8657e-02],
          [-2.0409e-02,  6.6205e-03, -1.6587e-02],
          [ 1.1545e-03,  1.0638e-02,  1.8195e-02]]],


        [[[-4.0122e-04, -1.4449e-02, -2.2822e-03],
          [-6.4086e-03,  1.6776e-02, -6.3124e-03],
          [ 1.3174e-02, -1.2206e-02, -1.9359e-02]],

         [[-1.2343e-02,  2.0625e-02, -5.4171e-04],
          [-1.3460e-02, -2.5343e-03, -1.8210e-02],
          [-1.7870e-02, -1.0073e-03, -5.6761e-03]],

         [[-1.5070e-02,  1.3073e-02,  5.4552e-03],
          [ 1.6933e-02, -1.1840e-03, -1.1702e-02],
          [ 6.4103e-03,  8.6673e-03, -1.7086e-02]],

         ...,

         [[ 1.4603e-02, -1.7676e-02, -1.0477e-02],
          [ 1.1400e-02, -1.9218e-03, -9.3402e-03],
          [-7.1618e-03, -1.7165e-03, -4.4872e-05]],

         [[ 8.2770e-03, -6.7105e-03, -5.7776e-04],
          [-1.2467e-02, -8.4457e-03,  7.2170e-03],
          [ 7.6309e-03,  1.1603e-02,  1.9885e-02]],

         [[-1.1257e-02,  9.4268e-03,  1.7463e-02],
          [-1.4810e-02,  7.5221e-04,  2.0665e-02],
          [ 7.7224e-03, -1.5971e-02,  1.9369e-02]]],


        [[[ 1.2785e-02, -1.8739e-02,  1.0744e-02],
          [ 9.3961e-03, -1.1880e-02,  7.7234e-03],
          [-1.4787e-02,  2.0535e-02, -1.5916e-02]],

         [[-1.3717e-03, -1.2477e-02,  1.2755e-02],
          [ 1.2199e-02, -8.8562e-03, -1.7215e-02],
          [-1.9185e-02,  1.0970e-02, -1.9925e-03]],

         [[-1.4210e-02, -6.0608e-03, -5.2756e-03],
          [ 4.2993e-03, -3.0723e-03,  1.0634e-02],
          [-1.1187e-02, -1.0668e-02, -8.4692e-03]],

         ...,

         [[ 1.6501e-02,  1.9017e-03, -9.8715e-03],
          [ 7.1133e-03, -1.7279e-02, -5.2673e-03],
          [ 1.2852e-02,  1.9409e-02, -1.1948e-03]],

         [[-1.6207e-03,  2.5730e-03,  1.1109e-02],
          [ 4.3451e-03, -1.5530e-02, -8.5788e-03],
          [-1.8478e-02, -1.5855e-02, -1.7839e-02]],

         [[-1.0630e-02,  1.3212e-02, -1.2489e-02],
          [ 1.3756e-02,  1.7212e-02, -1.0483e-02],
          [-9.5516e-03, -9.2927e-04,  1.4085e-02]]],


        ...,


        [[[-2.5975e-03,  1.6386e-02, -1.7336e-02],
          [-1.0891e-02, -6.1854e-04,  1.5526e-02],
          [ 1.2747e-02,  5.9805e-04,  1.2419e-02]],

         [[ 5.9207e-03, -7.0308e-03,  1.1851e-02],
          [-7.2916e-03, -2.5435e-03,  7.9635e-03],
          [-1.8272e-02,  5.7217e-03,  1.7236e-02]],

         [[-8.3999e-03,  1.1885e-02, -1.6488e-02],
          [ 1.7187e-02, -8.3615e-03,  8.5327e-03],
          [-4.7463e-03,  3.2986e-03, -1.3661e-02]],

         ...,

         [[ 8.6907e-04, -1.3413e-02, -1.9290e-02],
          [ 7.6851e-03, -1.1655e-02,  3.8495e-03],
          [-1.1400e-02,  7.6858e-04, -1.4427e-02]],

         [[ 6.8636e-03,  9.8789e-03, -2.8790e-04],
          [ 1.3114e-02, -1.7727e-02, -2.8609e-03],
          [ 3.7329e-03, -1.2043e-02,  1.9848e-02]],

         [[ 2.0232e-02, -1.9236e-04, -2.0336e-02],
          [ 1.2335e-02,  1.4231e-02,  6.8547e-04],
          [ 6.5409e-03,  3.0107e-04, -5.0233e-03]]],


        [[[ 9.7584e-03, -1.6044e-02, -1.2158e-02],
          [ 9.4753e-03, -1.5579e-02, -1.4681e-02],
          [ 1.7291e-02, -8.9840e-03,  1.7787e-02]],

         [[ 1.2690e-03,  1.2623e-03,  5.0818e-03],
          [ 1.2826e-02, -1.6906e-02, -1.4333e-02],
          [ 1.1760e-02,  9.3455e-03,  2.0743e-02]],

         [[ 3.0409e-03, -1.5640e-02,  8.3996e-03],
          [ 1.5268e-02,  5.6927e-03, -7.5225e-03],
          [-4.2670e-03, -1.2345e-02, -1.3906e-02]],

         ...,

         [[ 1.7005e-02,  1.9430e-02,  5.7772e-03],
          [ 1.5506e-02,  6.1901e-03,  7.3228e-03],
          [-7.4281e-03,  3.4511e-04, -1.0724e-02]],

         [[ 1.9409e-02,  1.3527e-02, -5.9024e-03],
          [-5.4683e-03,  1.5924e-02,  2.3919e-03],
          [ 1.6936e-02, -2.6399e-03, -8.6565e-03]],

         [[-1.3987e-02,  1.3976e-02, -1.5895e-02],
          [ 1.9797e-02, -1.0873e-02, -5.5361e-03],
          [ 1.3848e-02, -2.0546e-02, -1.1943e-02]]],


        [[[ 1.5488e-03, -1.9122e-02, -1.2318e-02],
          [-1.6448e-02, -1.8718e-02,  8.2377e-03],
          [-1.4561e-02,  1.3527e-03,  1.6792e-02]],

         [[-1.5233e-03, -2.9243e-03, -1.7478e-02],
          [ 1.3032e-02,  1.8747e-02,  1.3338e-02],
          [-9.0596e-04,  4.2335e-04,  1.3445e-02]],

         [[ 1.2094e-02, -1.2801e-02,  9.5855e-03],
          [-6.1274e-03, -3.7745e-03, -4.6896e-03],
          [-5.0235e-03, -1.0121e-02,  1.4656e-02]],

         ...,

         [[ 9.3316e-03,  8.9069e-03,  1.3394e-02],
          [-1.0763e-02,  1.7227e-02,  1.0364e-02],
          [ 1.9176e-02,  2.0276e-02, -2.9064e-03]],

         [[ 1.6676e-02, -1.3659e-02, -8.7794e-03],
          [ 2.0376e-02,  1.3448e-02,  4.4672e-03],
          [-1.4062e-02,  1.7904e-03, -2.2590e-03]],

         [[ 1.5341e-02, -1.2650e-02,  1.8928e-02],
          [-1.7145e-03, -5.8684e-03, -1.5241e-02],
          [-1.4782e-02,  5.2141e-03, -1.8007e-02]]]], device='cuda:0') 
 Parameter containing:
tensor([[[[-5.8486e-03, -2.0273e-02,  2.2940e-03],
          [-1.2421e-02, -1.9098e-02,  1.1594e-02],
          [ 2.8909e-03, -1.0144e-02, -1.9400e-02]],

         [[ 1.7402e-02,  1.0656e-02,  1.4172e-02],
          [-2.1814e-03,  1.8393e-02,  8.0175e-04],
          [ 2.0503e-02, -1.7036e-02,  1.1515e-03]],

         [[-1.7325e-02,  6.0172e-03,  3.2370e-03],
          [-1.1125e-02,  2.8305e-03,  4.5410e-03],
          [ 8.1393e-03, -7.0660e-03, -5.5812e-03]],

         ...,

         [[ 1.3133e-03, -5.7107e-03, -3.5306e-03],
          [-1.0976e-02,  9.4799e-04,  9.7615e-05],
          [-1.3104e-02,  1.6553e-02,  4.0061e-03]],

         [[ 1.0836e-02, -5.4532e-03, -5.8135e-03],
          [-1.7120e-02,  1.1549e-02, -5.1316e-03],
          [-2.8052e-03,  1.1253e-02,  2.5289e-03]],

         [[-3.9127e-03, -5.8281e-03, -1.8657e-02],
          [-2.0409e-02,  6.6205e-03, -1.6587e-02],
          [ 1.1545e-03,  1.0638e-02,  1.8195e-02]]],


        [[[-4.0122e-04, -1.4449e-02, -2.2822e-03],
          [-6.4086e-03,  1.6776e-02, -6.3124e-03],
          [ 1.3174e-02, -1.2206e-02, -1.9359e-02]],

         [[-1.2343e-02,  2.0625e-02, -5.4171e-04],
          [-1.3460e-02, -2.5343e-03, -1.8210e-02],
          [-1.7870e-02, -1.0073e-03, -5.6761e-03]],

         [[-1.5070e-02,  1.3073e-02,  5.4552e-03],
          [ 1.6933e-02, -1.1840e-03, -1.1702e-02],
          [ 6.4103e-03,  8.6673e-03, -1.7086e-02]],

         ...,

         [[ 1.4603e-02, -1.7676e-02, -1.0477e-02],
          [ 1.1400e-02, -1.9218e-03, -9.3402e-03],
          [-7.1618e-03, -1.7165e-03, -4.4872e-05]],

         [[ 8.2770e-03, -6.7105e-03, -5.7776e-04],
          [-1.2467e-02, -8.4457e-03,  7.2170e-03],
          [ 7.6309e-03,  1.1603e-02,  1.9885e-02]],

         [[-1.1257e-02,  9.4268e-03,  1.7463e-02],
          [-1.4810e-02,  7.5221e-04,  2.0665e-02],
          [ 7.7224e-03, -1.5971e-02,  1.9369e-02]]],


        [[[ 1.2785e-02, -1.8739e-02,  1.0744e-02],
          [ 9.3961e-03, -1.1880e-02,  7.7234e-03],
          [-1.4787e-02,  2.0535e-02, -1.5916e-02]],

         [[-1.3717e-03, -1.2477e-02,  1.2755e-02],
          [ 1.2199e-02, -8.8562e-03, -1.7215e-02],
          [-1.9185e-02,  1.0970e-02, -1.9925e-03]],

         [[-1.4210e-02, -6.0608e-03, -5.2756e-03],
          [ 4.2993e-03, -3.0723e-03,  1.0634e-02],
          [-1.1187e-02, -1.0668e-02, -8.4692e-03]],

         ...,

         [[ 1.6501e-02,  1.9017e-03, -9.8715e-03],
          [ 7.1133e-03, -1.7279e-02, -5.2673e-03],
          [ 1.2852e-02,  1.9409e-02, -1.1948e-03]],

         [[-1.6207e-03,  2.5730e-03,  1.1109e-02],
          [ 4.3451e-03, -1.5530e-02, -8.5788e-03],
          [-1.8478e-02, -1.5855e-02, -1.7839e-02]],

         [[-1.0630e-02,  1.3212e-02, -1.2489e-02],
          [ 1.3756e-02,  1.7212e-02, -1.0483e-02],
          [-9.5516e-03, -9.2927e-04,  1.4085e-02]]],


        ...,


        [[[-2.5975e-03,  1.6386e-02, -1.7336e-02],
          [-1.0891e-02, -6.1854e-04,  1.5526e-02],
          [ 1.2747e-02,  5.9805e-04,  1.2419e-02]],

         [[ 5.9207e-03, -7.0308e-03,  1.1851e-02],
          [-7.2916e-03, -2.5435e-03,  7.9635e-03],
          [-1.8272e-02,  5.7217e-03,  1.7236e-02]],

         [[-8.3999e-03,  1.1885e-02, -1.6488e-02],
          [ 1.7187e-02, -8.3615e-03,  8.5327e-03],
          [-4.7463e-03,  3.2986e-03, -1.3661e-02]],

         ...,

         [[ 8.6907e-04, -1.3413e-02, -1.9290e-02],
          [ 7.6851e-03, -1.1655e-02,  3.8495e-03],
          [-1.1400e-02,  7.6858e-04, -1.4427e-02]],

         [[ 6.8636e-03,  9.8789e-03, -2.8790e-04],
          [ 1.3114e-02, -1.7727e-02, -2.8609e-03],
          [ 3.7329e-03, -1.2043e-02,  1.9848e-02]],

         [[ 2.0232e-02, -1.9236e-04, -2.0336e-02],
          [ 1.2335e-02,  1.4231e-02,  6.8547e-04],
          [ 6.5409e-03,  3.0107e-04, -5.0233e-03]]],


        [[[ 9.7584e-03, -1.6044e-02, -1.2158e-02],
          [ 9.4753e-03, -1.5579e-02, -1.4681e-02],
          [ 1.7291e-02, -8.9840e-03,  1.7787e-02]],

         [[ 1.2690e-03,  1.2623e-03,  5.0818e-03],
          [ 1.2826e-02, -1.6906e-02, -1.4333e-02],
          [ 1.1760e-02,  9.3455e-03,  2.0743e-02]],

         [[ 3.0409e-03, -1.5640e-02,  8.3996e-03],
          [ 1.5268e-02,  5.6927e-03, -7.5225e-03],
          [-4.2670e-03, -1.2345e-02, -1.3906e-02]],

         ...,

         [[ 1.7005e-02,  1.9430e-02,  5.7772e-03],
          [ 1.5506e-02,  6.1901e-03,  7.3228e-03],
          [-7.4281e-03,  3.4511e-04, -1.0724e-02]],

         [[ 1.9409e-02,  1.3527e-02, -5.9024e-03],
          [-5.4683e-03,  1.5924e-02,  2.3919e-03],
          [ 1.6936e-02, -2.6399e-03, -8.6565e-03]],

         [[-1.3987e-02,  1.3976e-02, -1.5895e-02],
          [ 1.9797e-02, -1.0873e-02, -5.5361e-03],
          [ 1.3848e-02, -2.0546e-02, -1.1943e-02]]],


        [[[ 1.5488e-03, -1.9122e-02, -1.2318e-02],
          [-1.6448e-02, -1.8718e-02,  8.2377e-03],
          [-1.4561e-02,  1.3527e-03,  1.6792e-02]],

         [[-1.5233e-03, -2.9243e-03, -1.7478e-02],
          [ 1.3032e-02,  1.8747e-02,  1.3338e-02],
          [-9.0596e-04,  4.2335e-04,  1.3445e-02]],

         [[ 1.2094e-02, -1.2801e-02,  9.5855e-03],
          [-6.1274e-03, -3.7745e-03, -4.6896e-03],
          [-5.0235e-03, -1.0121e-02,  1.4656e-02]],

         ...,

         [[ 9.3316e-03,  8.9069e-03,  1.3394e-02],
          [-1.0763e-02,  1.7227e-02,  1.0364e-02],
          [ 1.9176e-02,  2.0276e-02, -2.9064e-03]],

         [[ 1.6676e-02, -1.3659e-02, -8.7794e-03],
          [ 2.0376e-02,  1.3448e-02,  4.4672e-03],
          [-1.4062e-02,  1.7904e-03, -2.2590e-03]],

         [[ 1.5341e-02, -1.2650e-02,  1.8928e-02],
          [-1.7145e-03, -5.8684e-03, -1.5241e-02],
          [-1.4782e-02,  5.2141e-03, -1.8007e-02]]]], device='cuda:0',
       requires_grad=True)
parameters of the network conv2.bias 
 torch.Size([128]) 
 True 
 tensor([ 1.2609e-02,  2.0345e-02,  1.2345e-02,  2.0052e-02,  9.2987e-04,
        -2.0032e-02,  5.7179e-03,  1.3586e-02, -1.9652e-02,  1.5187e-02,
         1.8595e-03, -1.6113e-03, -1.0449e-02,  9.8976e-03, -5.6382e-03,
        -1.7076e-02,  1.1144e-02, -5.1923e-03, -1.4807e-02,  2.1181e-03,
         8.1576e-03,  1.7788e-02, -1.4067e-02,  6.6645e-03, -8.0021e-03,
         6.4562e-03,  1.8523e-02, -1.1476e-02,  3.8402e-03, -5.0379e-03,
        -3.0671e-04, -1.7109e-02,  1.4645e-02, -1.0013e-02, -2.2820e-03,
        -1.5318e-03,  3.0897e-03, -1.3781e-02,  6.6213e-03, -1.5524e-02,
         1.8882e-02, -1.2691e-02,  1.9836e-02, -5.9596e-03,  1.1735e-02,
        -3.3324e-03,  1.3396e-02,  1.1787e-02,  1.7796e-02,  2.0574e-02,
         9.1309e-03,  6.6071e-03, -9.7811e-04, -9.9362e-03, -1.0171e-02,
         1.0679e-02,  6.4373e-05, -1.3324e-02,  1.3965e-02, -1.0142e-03,
        -8.7144e-03, -3.9027e-03, -1.1728e-02,  1.8667e-02, -8.5535e-03,
        -1.0363e-02, -1.6204e-02,  4.8966e-03,  1.5501e-02,  1.7098e-02,
        -1.7612e-02,  1.8971e-02, -1.5688e-02,  1.7421e-02, -2.5024e-04,
         1.8691e-02, -1.0935e-02,  2.3750e-03, -2.0649e-02, -2.0775e-03,
        -4.5192e-04,  1.0755e-02,  7.5111e-03,  1.4387e-02, -7.2640e-03,
        -1.9109e-02, -1.1212e-02, -1.1841e-02,  8.4777e-03, -2.5638e-03,
         1.5940e-02,  1.5317e-02, -1.9201e-02, -3.3229e-03,  1.7927e-02,
        -6.0974e-03,  4.6639e-03,  6.9635e-03,  1.3878e-02, -2.9940e-03,
        -9.7089e-03, -1.3590e-02,  1.6055e-03, -9.0377e-03, -3.6441e-03,
        -1.7552e-02, -1.1506e-02,  5.7014e-03, -4.2410e-03,  1.4366e-02,
        -5.5207e-03,  1.7861e-02,  1.2805e-02,  1.1275e-04,  1.2866e-02,
         8.9593e-03,  8.9124e-03, -1.9418e-02,  3.9296e-03, -2.8734e-06,
        -1.2906e-03, -1.8239e-02, -1.4572e-02, -1.3354e-02, -2.3766e-03,
        -3.9004e-03,  1.5526e-02,  1.9398e-02], device='cuda:0') 
 Parameter containing:
tensor([ 1.2609e-02,  2.0345e-02,  1.2345e-02,  2.0052e-02,  9.2987e-04,
        -2.0032e-02,  5.7179e-03,  1.3586e-02, -1.9652e-02,  1.5187e-02,
         1.8595e-03, -1.6113e-03, -1.0449e-02,  9.8976e-03, -5.6382e-03,
        -1.7076e-02,  1.1144e-02, -5.1923e-03, -1.4807e-02,  2.1181e-03,
         8.1576e-03,  1.7788e-02, -1.4067e-02,  6.6645e-03, -8.0021e-03,
         6.4562e-03,  1.8523e-02, -1.1476e-02,  3.8402e-03, -5.0379e-03,
        -3.0671e-04, -1.7109e-02,  1.4645e-02, -1.0013e-02, -2.2820e-03,
        -1.5318e-03,  3.0897e-03, -1.3781e-02,  6.6213e-03, -1.5524e-02,
         1.8882e-02, -1.2691e-02,  1.9836e-02, -5.9596e-03,  1.1735e-02,
        -3.3324e-03,  1.3396e-02,  1.1787e-02,  1.7796e-02,  2.0574e-02,
         9.1309e-03,  6.6071e-03, -9.7811e-04, -9.9362e-03, -1.0171e-02,
         1.0679e-02,  6.4373e-05, -1.3324e-02,  1.3965e-02, -1.0142e-03,
        -8.7144e-03, -3.9027e-03, -1.1728e-02,  1.8667e-02, -8.5535e-03,
        -1.0363e-02, -1.6204e-02,  4.8966e-03,  1.5501e-02,  1.7098e-02,
        -1.7612e-02,  1.8971e-02, -1.5688e-02,  1.7421e-02, -2.5024e-04,
         1.8691e-02, -1.0935e-02,  2.3750e-03, -2.0649e-02, -2.0775e-03,
        -4.5192e-04,  1.0755e-02,  7.5111e-03,  1.4387e-02, -7.2640e-03,
        -1.9109e-02, -1.1212e-02, -1.1841e-02,  8.4777e-03, -2.5638e-03,
         1.5940e-02,  1.5317e-02, -1.9201e-02, -3.3229e-03,  1.7927e-02,
        -6.0974e-03,  4.6639e-03,  6.9635e-03,  1.3878e-02, -2.9940e-03,
        -9.7089e-03, -1.3590e-02,  1.6055e-03, -9.0377e-03, -3.6441e-03,
        -1.7552e-02, -1.1506e-02,  5.7014e-03, -4.2410e-03,  1.4366e-02,
        -5.5207e-03,  1.7861e-02,  1.2805e-02,  1.1275e-04,  1.2866e-02,
         8.9593e-03,  8.9124e-03, -1.9418e-02,  3.9296e-03, -2.8734e-06,
        -1.2906e-03, -1.8239e-02, -1.4572e-02, -1.3354e-02, -2.3766e-03,
        -3.9004e-03,  1.5526e-02,  1.9398e-02], device='cuda:0',
       requires_grad=True)
parameters of the network conv3.weight 
 torch.Size([64, 128, 3, 3]) 
 True 
 tensor([[[[ 0.0196, -0.0155, -0.0243],
          [-0.0113,  0.0182,  0.0253],
          [ 0.0064,  0.0270,  0.0176]],

         [[ 0.0026,  0.0183,  0.0028],
          [ 0.0057, -0.0169,  0.0066],
          [ 0.0075,  0.0198,  0.0029]],

         [[-0.0160, -0.0257,  0.0228],
          [-0.0198,  0.0139, -0.0091],
          [ 0.0259, -0.0038,  0.0219]],

         ...,

         [[-0.0127, -0.0165, -0.0182],
          [ 0.0079, -0.0114,  0.0238],
          [-0.0185, -0.0157, -0.0077]],

         [[ 0.0088,  0.0081, -0.0057],
          [ 0.0263, -0.0063,  0.0053],
          [ 0.0073,  0.0120, -0.0058]],

         [[-0.0041, -0.0119, -0.0037],
          [-0.0167, -0.0216,  0.0106],
          [ 0.0272, -0.0127, -0.0044]]],


        [[[ 0.0143,  0.0029, -0.0272],
          [ 0.0212,  0.0116, -0.0233],
          [-0.0213,  0.0252,  0.0136]],

         [[-0.0139, -0.0293, -0.0178],
          [-0.0081, -0.0081, -0.0140],
          [ 0.0058,  0.0135,  0.0252]],

         [[-0.0067,  0.0165,  0.0222],
          [ 0.0244, -0.0074, -0.0030],
          [ 0.0178,  0.0152, -0.0071]],

         ...,

         [[ 0.0074,  0.0235, -0.0215],
          [ 0.0020, -0.0062, -0.0178],
          [ 0.0119, -0.0230,  0.0266]],

         [[-0.0175,  0.0119, -0.0157],
          [ 0.0023,  0.0174,  0.0211],
          [ 0.0090,  0.0038, -0.0281]],

         [[ 0.0255, -0.0149, -0.0159],
          [-0.0040, -0.0199,  0.0233],
          [-0.0010, -0.0133,  0.0145]]],


        [[[ 0.0283,  0.0240, -0.0256],
          [-0.0125, -0.0158,  0.0228],
          [-0.0040,  0.0008,  0.0080]],

         [[ 0.0051, -0.0123, -0.0268],
          [ 0.0249,  0.0114,  0.0025],
          [-0.0290,  0.0087,  0.0169]],

         [[ 0.0140,  0.0185, -0.0071],
          [ 0.0105, -0.0019,  0.0064],
          [ 0.0201, -0.0192,  0.0088]],

         ...,

         [[-0.0175,  0.0116, -0.0142],
          [ 0.0287,  0.0047, -0.0263],
          [-0.0033, -0.0062,  0.0252]],

         [[-0.0194,  0.0136, -0.0223],
          [ 0.0231, -0.0122, -0.0109],
          [-0.0243,  0.0292,  0.0078]],

         [[ 0.0193, -0.0145,  0.0253],
          [-0.0147,  0.0112,  0.0116],
          [-0.0292, -0.0181,  0.0087]]],


        ...,


        [[[ 0.0178, -0.0131, -0.0101],
          [ 0.0009,  0.0089, -0.0276],
          [ 0.0223,  0.0187,  0.0278]],

         [[ 0.0218, -0.0210,  0.0067],
          [-0.0092, -0.0251,  0.0150],
          [ 0.0149, -0.0154, -0.0114]],

         [[ 0.0286,  0.0045, -0.0215],
          [-0.0133, -0.0016, -0.0241],
          [-0.0163, -0.0247, -0.0284]],

         ...,

         [[-0.0091,  0.0080, -0.0037],
          [ 0.0202,  0.0282,  0.0231],
          [-0.0060, -0.0069,  0.0074]],

         [[ 0.0084, -0.0206, -0.0038],
          [ 0.0282,  0.0152,  0.0166],
          [-0.0011, -0.0077, -0.0209]],

         [[ 0.0128,  0.0037,  0.0142],
          [ 0.0225, -0.0264, -0.0044],
          [ 0.0155, -0.0183, -0.0238]]],


        [[[ 0.0281,  0.0220,  0.0125],
          [-0.0020, -0.0116,  0.0227],
          [-0.0262,  0.0042,  0.0256]],

         [[-0.0294,  0.0271, -0.0011],
          [-0.0007,  0.0016,  0.0277],
          [-0.0100, -0.0006, -0.0222]],

         [[-0.0268,  0.0043, -0.0132],
          [-0.0086, -0.0050, -0.0084],
          [ 0.0166, -0.0113,  0.0153]],

         ...,

         [[-0.0058,  0.0192,  0.0081],
          [-0.0263, -0.0057,  0.0285],
          [ 0.0226, -0.0120,  0.0120]],

         [[-0.0102, -0.0185,  0.0285],
          [ 0.0279, -0.0286,  0.0102],
          [-0.0065, -0.0044,  0.0105]],

         [[-0.0099, -0.0062,  0.0175],
          [-0.0118,  0.0131,  0.0040],
          [ 0.0206, -0.0041,  0.0113]]],


        [[[ 0.0165, -0.0232,  0.0031],
          [-0.0045,  0.0079, -0.0037],
          [-0.0089,  0.0054,  0.0204]],

         [[-0.0086, -0.0101,  0.0253],
          [-0.0009, -0.0137,  0.0151],
          [-0.0274,  0.0276, -0.0076]],

         [[-0.0147, -0.0161,  0.0035],
          [-0.0275, -0.0037,  0.0228],
          [-0.0264, -0.0236, -0.0232]],

         ...,

         [[ 0.0075,  0.0090, -0.0269],
          [-0.0062, -0.0155,  0.0236],
          [-0.0226, -0.0176, -0.0058]],

         [[-0.0276, -0.0246, -0.0130],
          [-0.0049,  0.0087,  0.0198],
          [-0.0188, -0.0004,  0.0125]],

         [[ 0.0090,  0.0060,  0.0127],
          [ 0.0200,  0.0041,  0.0108],
          [ 0.0134, -0.0155,  0.0268]]]], device='cuda:0') 
 Parameter containing:
tensor([[[[ 0.0196, -0.0155, -0.0243],
          [-0.0113,  0.0182,  0.0253],
          [ 0.0064,  0.0270,  0.0176]],

         [[ 0.0026,  0.0183,  0.0028],
          [ 0.0057, -0.0169,  0.0066],
          [ 0.0075,  0.0198,  0.0029]],

         [[-0.0160, -0.0257,  0.0228],
          [-0.0198,  0.0139, -0.0091],
          [ 0.0259, -0.0038,  0.0219]],

         ...,

         [[-0.0127, -0.0165, -0.0182],
          [ 0.0079, -0.0114,  0.0238],
          [-0.0185, -0.0157, -0.0077]],

         [[ 0.0088,  0.0081, -0.0057],
          [ 0.0263, -0.0063,  0.0053],
          [ 0.0073,  0.0120, -0.0058]],

         [[-0.0041, -0.0119, -0.0037],
          [-0.0167, -0.0216,  0.0106],
          [ 0.0272, -0.0127, -0.0044]]],


        [[[ 0.0143,  0.0029, -0.0272],
          [ 0.0212,  0.0116, -0.0233],
          [-0.0213,  0.0252,  0.0136]],

         [[-0.0139, -0.0293, -0.0178],
          [-0.0081, -0.0081, -0.0140],
          [ 0.0058,  0.0135,  0.0252]],

         [[-0.0067,  0.0165,  0.0222],
          [ 0.0244, -0.0074, -0.0030],
          [ 0.0178,  0.0152, -0.0071]],

         ...,

         [[ 0.0074,  0.0235, -0.0215],
          [ 0.0020, -0.0062, -0.0178],
          [ 0.0119, -0.0230,  0.0266]],

         [[-0.0175,  0.0119, -0.0157],
          [ 0.0023,  0.0174,  0.0211],
          [ 0.0090,  0.0038, -0.0281]],

         [[ 0.0255, -0.0149, -0.0159],
          [-0.0040, -0.0199,  0.0233],
          [-0.0010, -0.0133,  0.0145]]],


        [[[ 0.0283,  0.0240, -0.0256],
          [-0.0125, -0.0158,  0.0228],
          [-0.0040,  0.0008,  0.0080]],

         [[ 0.0051, -0.0123, -0.0268],
          [ 0.0249,  0.0114,  0.0025],
          [-0.0290,  0.0087,  0.0169]],

         [[ 0.0140,  0.0185, -0.0071],
          [ 0.0105, -0.0019,  0.0064],
          [ 0.0201, -0.0192,  0.0088]],

         ...,

         [[-0.0175,  0.0116, -0.0142],
          [ 0.0287,  0.0047, -0.0263],
          [-0.0033, -0.0062,  0.0252]],

         [[-0.0194,  0.0136, -0.0223],
          [ 0.0231, -0.0122, -0.0109],
          [-0.0243,  0.0292,  0.0078]],

         [[ 0.0193, -0.0145,  0.0253],
          [-0.0147,  0.0112,  0.0116],
          [-0.0292, -0.0181,  0.0087]]],


        ...,


        [[[ 0.0178, -0.0131, -0.0101],
          [ 0.0009,  0.0089, -0.0276],
          [ 0.0223,  0.0187,  0.0278]],

         [[ 0.0218, -0.0210,  0.0067],
          [-0.0092, -0.0251,  0.0150],
          [ 0.0149, -0.0154, -0.0114]],

         [[ 0.0286,  0.0045, -0.0215],
          [-0.0133, -0.0016, -0.0241],
          [-0.0163, -0.0247, -0.0284]],

         ...,

         [[-0.0091,  0.0080, -0.0037],
          [ 0.0202,  0.0282,  0.0231],
          [-0.0060, -0.0069,  0.0074]],

         [[ 0.0084, -0.0206, -0.0038],
          [ 0.0282,  0.0152,  0.0166],
          [-0.0011, -0.0077, -0.0209]],

         [[ 0.0128,  0.0037,  0.0142],
          [ 0.0225, -0.0264, -0.0044],
          [ 0.0155, -0.0183, -0.0238]]],


        [[[ 0.0281,  0.0220,  0.0125],
          [-0.0020, -0.0116,  0.0227],
          [-0.0262,  0.0042,  0.0256]],

         [[-0.0294,  0.0271, -0.0011],
          [-0.0007,  0.0016,  0.0277],
          [-0.0100, -0.0006, -0.0222]],

         [[-0.0268,  0.0043, -0.0132],
          [-0.0086, -0.0050, -0.0084],
          [ 0.0166, -0.0113,  0.0153]],

         ...,

         [[-0.0058,  0.0192,  0.0081],
          [-0.0263, -0.0057,  0.0285],
          [ 0.0226, -0.0120,  0.0120]],

         [[-0.0102, -0.0185,  0.0285],
          [ 0.0279, -0.0286,  0.0102],
          [-0.0065, -0.0044,  0.0105]],

         [[-0.0099, -0.0062,  0.0175],
          [-0.0118,  0.0131,  0.0040],
          [ 0.0206, -0.0041,  0.0113]]],


        [[[ 0.0165, -0.0232,  0.0031],
          [-0.0045,  0.0079, -0.0037],
          [-0.0089,  0.0054,  0.0204]],

         [[-0.0086, -0.0101,  0.0253],
          [-0.0009, -0.0137,  0.0151],
          [-0.0274,  0.0276, -0.0076]],

         [[-0.0147, -0.0161,  0.0035],
          [-0.0275, -0.0037,  0.0228],
          [-0.0264, -0.0236, -0.0232]],

         ...,

         [[ 0.0075,  0.0090, -0.0269],
          [-0.0062, -0.0155,  0.0236],
          [-0.0226, -0.0176, -0.0058]],

         [[-0.0276, -0.0246, -0.0130],
          [-0.0049,  0.0087,  0.0198],
          [-0.0188, -0.0004,  0.0125]],

         [[ 0.0090,  0.0060,  0.0127],
          [ 0.0200,  0.0041,  0.0108],
          [ 0.0134, -0.0155,  0.0268]]]], device='cuda:0', requires_grad=True)
parameters of the network conv3.bias 
 torch.Size([64]) 
 True 
 tensor([-0.0102, -0.0107,  0.0094, -0.0284, -0.0259, -0.0205,  0.0101,  0.0017,
         0.0182,  0.0203,  0.0016, -0.0162,  0.0048, -0.0071,  0.0181,  0.0042,
        -0.0277, -0.0133, -0.0184,  0.0167, -0.0075, -0.0144, -0.0286,  0.0011,
         0.0196, -0.0038, -0.0020,  0.0201, -0.0189,  0.0002, -0.0132, -0.0117,
         0.0234,  0.0123, -0.0162,  0.0088, -0.0009,  0.0270, -0.0288,  0.0255,
         0.0019, -0.0223,  0.0089,  0.0052, -0.0211,  0.0058, -0.0148, -0.0122,
         0.0240, -0.0056, -0.0163, -0.0200, -0.0249,  0.0132, -0.0051,  0.0082,
         0.0160, -0.0276, -0.0294,  0.0056, -0.0202, -0.0147,  0.0047,  0.0126],
       device='cuda:0') 
 Parameter containing:
tensor([-0.0102, -0.0107,  0.0094, -0.0284, -0.0259, -0.0205,  0.0101,  0.0017,
         0.0182,  0.0203,  0.0016, -0.0162,  0.0048, -0.0071,  0.0181,  0.0042,
        -0.0277, -0.0133, -0.0184,  0.0167, -0.0075, -0.0144, -0.0286,  0.0011,
         0.0196, -0.0038, -0.0020,  0.0201, -0.0189,  0.0002, -0.0132, -0.0117,
         0.0234,  0.0123, -0.0162,  0.0088, -0.0009,  0.0270, -0.0288,  0.0255,
         0.0019, -0.0223,  0.0089,  0.0052, -0.0211,  0.0058, -0.0148, -0.0122,
         0.0240, -0.0056, -0.0163, -0.0200, -0.0249,  0.0132, -0.0051,  0.0082,
         0.0160, -0.0276, -0.0294,  0.0056, -0.0202, -0.0147,  0.0047,  0.0126],
       device='cuda:0', requires_grad=True)
parameters of the network fc1.weight 
 torch.Size([256, 667776]) 
 True 
 tensor([[-1.0768e-03, -1.0806e-03, -5.5756e-04,  ..., -1.1319e-03,
         -7.0849e-04, -2.1624e-04],
        [ 8.0163e-04, -7.9092e-04,  7.1206e-04,  ..., -1.1840e-03,
         -7.8574e-04,  1.1305e-04],
        [ 1.0426e-03, -1.1938e-03,  1.8919e-04,  ..., -4.5268e-04,
          8.3902e-04, -1.1474e-03],
        ...,
        [-3.9040e-04, -1.1767e-03,  6.1913e-04,  ..., -7.5024e-04,
         -1.8995e-04,  7.6800e-04],
        [-2.8544e-05,  6.9218e-04,  1.1056e-04,  ..., -3.4198e-04,
         -7.3095e-04, -1.5412e-04],
        [ 2.8987e-04,  2.8771e-04,  1.0001e-03,  ..., -1.0179e-04,
          5.0933e-04, -1.0190e-03]], device='cuda:0') 
 Parameter containing:
tensor([[-1.0768e-03, -1.0806e-03, -5.5756e-04,  ..., -1.1319e-03,
         -7.0849e-04, -2.1624e-04],
        [ 8.0163e-04, -7.9092e-04,  7.1206e-04,  ..., -1.1840e-03,
         -7.8574e-04,  1.1305e-04],
        [ 1.0426e-03, -1.1938e-03,  1.8919e-04,  ..., -4.5268e-04,
          8.3902e-04, -1.1474e-03],
        ...,
        [-3.9040e-04, -1.1767e-03,  6.1913e-04,  ..., -7.5024e-04,
         -1.8995e-04,  7.6800e-04],
        [-2.8544e-05,  6.9218e-04,  1.1056e-04,  ..., -3.4198e-04,
         -7.3095e-04, -1.5412e-04],
        [ 2.8987e-04,  2.8771e-04,  1.0001e-03,  ..., -1.0179e-04,
          5.0933e-04, -1.0190e-03]], device='cuda:0', requires_grad=True)
parameters of the network fc1.bias 
 torch.Size([256]) 
 True 
 tensor([-6.7998e-04, -6.1063e-04, -7.6587e-05, -4.2462e-04, -1.0034e-03,
         2.6269e-04,  9.0106e-05, -9.8424e-04,  6.2406e-04, -1.9929e-04,
         9.1443e-04, -6.6561e-04, -9.3461e-04,  7.4030e-04,  5.5519e-04,
         4.7396e-04, -1.1409e-03,  1.1322e-04,  5.3201e-04, -1.0778e-03,
         7.4789e-04, -5.3404e-04,  3.9608e-04, -1.0858e-03, -1.2340e-04,
         1.0012e-03, -8.9263e-04, -1.2015e-04, -6.7264e-06,  2.6195e-04,
        -4.6108e-04,  7.2882e-04,  1.1394e-03,  6.5390e-04, -5.1167e-04,
        -9.6185e-04,  3.5138e-04,  1.0421e-03, -4.6803e-05, -9.3532e-04,
         2.7548e-04, -4.6909e-04, -9.4273e-04, -8.7758e-05, -9.8368e-04,
        -8.9573e-04,  6.6208e-04, -1.0580e-03, -7.4889e-04,  6.6294e-05,
        -1.6100e-04,  4.0416e-04, -1.3906e-04,  3.3324e-04, -1.1257e-03,
        -1.1104e-03,  6.8762e-05,  9.6896e-04,  9.3754e-04,  7.1651e-04,
        -9.1728e-04,  9.2801e-04, -5.1973e-04,  9.2350e-04,  1.1147e-03,
        -6.6196e-04,  4.4028e-04, -5.8510e-04, -1.4472e-04, -3.0403e-04,
         9.8328e-04, -7.6581e-04, -6.6422e-04, -1.1612e-03, -8.3931e-04,
         6.1778e-04, -3.6741e-04, -1.0524e-03, -1.0557e-03,  1.1298e-03,
         1.5620e-04, -1.0862e-03,  8.5642e-04,  1.1687e-03,  1.0897e-03,
         1.1278e-03,  1.2118e-03,  7.3495e-05,  1.0071e-03, -1.1502e-03,
        -4.6762e-04,  5.0629e-04,  5.6128e-04, -7.8042e-04, -1.0053e-03,
        -8.9422e-04, -1.2085e-03,  1.7198e-04, -1.2201e-03, -7.8862e-04,
         2.1800e-04, -8.3342e-04, -7.6429e-04,  4.6357e-04, -9.7680e-04,
        -1.0449e-03,  2.5192e-04, -3.2766e-04, -1.1288e-03, -1.0425e-03,
        -1.1674e-03, -4.5639e-04, -9.5050e-04, -7.0247e-05,  5.1917e-04,
        -1.5170e-04, -1.0944e-05, -2.6366e-04, -3.0418e-04, -1.4258e-04,
        -2.1835e-04,  9.8457e-04, -9.3676e-04,  9.6712e-04, -7.1397e-04,
         9.8715e-04,  2.6166e-04, -9.2642e-04, -1.2847e-04, -1.1790e-03,
         7.8622e-04,  9.8342e-04,  1.6894e-04,  6.6215e-05,  7.2751e-04,
        -6.8789e-04,  4.1613e-04,  2.3658e-04, -9.4333e-04,  5.2994e-04,
         7.6982e-04, -2.0881e-04,  4.7111e-04,  7.8207e-04, -1.1504e-03,
         1.2090e-04,  8.8361e-04,  5.1398e-04, -1.0207e-03,  1.1202e-03,
         5.0431e-04, -5.2262e-04,  3.7793e-04,  8.7283e-04,  1.0364e-03,
        -1.1077e-04, -5.0421e-04, -1.0737e-03,  6.4880e-04, -1.2057e-03,
        -7.3674e-04, -3.5581e-04,  6.3491e-04, -5.1454e-04, -1.1377e-03,
         5.6691e-04, -6.7936e-04,  9.7040e-04, -9.2996e-04,  4.7550e-05,
        -9.3175e-04, -8.3789e-04,  5.1532e-04,  8.1578e-04, -7.4171e-04,
         3.1412e-04, -1.5323e-04,  3.7112e-04, -2.7542e-04,  1.4363e-04,
        -2.6927e-04,  1.7583e-06, -4.3944e-04,  1.5026e-04,  1.6063e-04,
        -1.0263e-04, -4.8109e-04, -1.9736e-05,  7.9432e-04, -5.1289e-04,
         8.5843e-04,  9.6246e-04,  6.5908e-04,  1.0821e-03, -1.1664e-04,
        -5.1142e-04,  3.8885e-04,  1.0834e-03,  1.1049e-03,  3.7755e-04,
         1.5802e-04, -4.4694e-04, -8.7246e-04,  8.8386e-04, -1.0090e-03,
        -8.3609e-04, -7.7808e-04,  9.2990e-04,  7.5292e-04, -8.7868e-05,
        -8.4336e-04, -7.1865e-04, -4.1849e-04, -9.7491e-04,  8.3873e-05,
        -8.7556e-04, -1.0261e-03, -5.0404e-04,  6.1632e-04,  4.7516e-04,
         8.8483e-05, -8.9777e-04,  9.0114e-04, -6.8476e-04, -1.1231e-03,
         2.5456e-04,  7.8475e-04, -1.0103e-03, -1.0146e-03, -8.5394e-04,
         6.8203e-04,  3.8154e-05,  1.5334e-04, -2.5995e-04, -1.0851e-03,
        -3.6912e-04,  8.0205e-04, -3.4346e-04, -5.2870e-04,  1.2183e-03,
        -5.5311e-04,  7.0453e-05,  9.4269e-04, -1.1524e-03,  7.9527e-04,
         7.3942e-05, -1.0717e-03,  5.7007e-04,  1.1593e-03, -5.2736e-04,
        -1.5320e-04, -7.0145e-04, -2.2512e-04, -6.2663e-04, -3.8693e-04,
        -6.4650e-04], device='cuda:0') 
 Parameter containing:
tensor([-6.7998e-04, -6.1063e-04, -7.6587e-05, -4.2462e-04, -1.0034e-03,
         2.6269e-04,  9.0106e-05, -9.8424e-04,  6.2406e-04, -1.9929e-04,
         9.1443e-04, -6.6561e-04, -9.3461e-04,  7.4030e-04,  5.5519e-04,
         4.7396e-04, -1.1409e-03,  1.1322e-04,  5.3201e-04, -1.0778e-03,
         7.4789e-04, -5.3404e-04,  3.9608e-04, -1.0858e-03, -1.2340e-04,
         1.0012e-03, -8.9263e-04, -1.2015e-04, -6.7264e-06,  2.6195e-04,
        -4.6108e-04,  7.2882e-04,  1.1394e-03,  6.5390e-04, -5.1167e-04,
        -9.6185e-04,  3.5138e-04,  1.0421e-03, -4.6803e-05, -9.3532e-04,
         2.7548e-04, -4.6909e-04, -9.4273e-04, -8.7758e-05, -9.8368e-04,
        -8.9573e-04,  6.6208e-04, -1.0580e-03, -7.4889e-04,  6.6294e-05,
        -1.6100e-04,  4.0416e-04, -1.3906e-04,  3.3324e-04, -1.1257e-03,
        -1.1104e-03,  6.8762e-05,  9.6896e-04,  9.3754e-04,  7.1651e-04,
        -9.1728e-04,  9.2801e-04, -5.1973e-04,  9.2350e-04,  1.1147e-03,
        -6.6196e-04,  4.4028e-04, -5.8510e-04, -1.4472e-04, -3.0403e-04,
         9.8328e-04, -7.6581e-04, -6.6422e-04, -1.1612e-03, -8.3931e-04,
         6.1778e-04, -3.6741e-04, -1.0524e-03, -1.0557e-03,  1.1298e-03,
         1.5620e-04, -1.0862e-03,  8.5642e-04,  1.1687e-03,  1.0897e-03,
         1.1278e-03,  1.2118e-03,  7.3495e-05,  1.0071e-03, -1.1502e-03,
        -4.6762e-04,  5.0629e-04,  5.6128e-04, -7.8042e-04, -1.0053e-03,
        -8.9422e-04, -1.2085e-03,  1.7198e-04, -1.2201e-03, -7.8862e-04,
         2.1800e-04, -8.3342e-04, -7.6429e-04,  4.6357e-04, -9.7680e-04,
        -1.0449e-03,  2.5192e-04, -3.2766e-04, -1.1288e-03, -1.0425e-03,
        -1.1674e-03, -4.5639e-04, -9.5050e-04, -7.0247e-05,  5.1917e-04,
        -1.5170e-04, -1.0944e-05, -2.6366e-04, -3.0418e-04, -1.4258e-04,
        -2.1835e-04,  9.8457e-04, -9.3676e-04,  9.6712e-04, -7.1397e-04,
         9.8715e-04,  2.6166e-04, -9.2642e-04, -1.2847e-04, -1.1790e-03,
         7.8622e-04,  9.8342e-04,  1.6894e-04,  6.6215e-05,  7.2751e-04,
        -6.8789e-04,  4.1613e-04,  2.3658e-04, -9.4333e-04,  5.2994e-04,
         7.6982e-04, -2.0881e-04,  4.7111e-04,  7.8207e-04, -1.1504e-03,
         1.2090e-04,  8.8361e-04,  5.1398e-04, -1.0207e-03,  1.1202e-03,
         5.0431e-04, -5.2262e-04,  3.7793e-04,  8.7283e-04,  1.0364e-03,
        -1.1077e-04, -5.0421e-04, -1.0737e-03,  6.4880e-04, -1.2057e-03,
        -7.3674e-04, -3.5581e-04,  6.3491e-04, -5.1454e-04, -1.1377e-03,
         5.6691e-04, -6.7936e-04,  9.7040e-04, -9.2996e-04,  4.7550e-05,
        -9.3175e-04, -8.3789e-04,  5.1532e-04,  8.1578e-04, -7.4171e-04,
         3.1412e-04, -1.5323e-04,  3.7112e-04, -2.7542e-04,  1.4363e-04,
        -2.6927e-04,  1.7583e-06, -4.3944e-04,  1.5026e-04,  1.6063e-04,
        -1.0263e-04, -4.8109e-04, -1.9736e-05,  7.9432e-04, -5.1289e-04,
         8.5843e-04,  9.6246e-04,  6.5908e-04,  1.0821e-03, -1.1664e-04,
        -5.1142e-04,  3.8885e-04,  1.0834e-03,  1.1049e-03,  3.7755e-04,
         1.5802e-04, -4.4694e-04, -8.7246e-04,  8.8386e-04, -1.0090e-03,
        -8.3609e-04, -7.7808e-04,  9.2990e-04,  7.5292e-04, -8.7868e-05,
        -8.4336e-04, -7.1865e-04, -4.1849e-04, -9.7491e-04,  8.3873e-05,
        -8.7556e-04, -1.0261e-03, -5.0404e-04,  6.1632e-04,  4.7516e-04,
         8.8483e-05, -8.9777e-04,  9.0114e-04, -6.8476e-04, -1.1231e-03,
         2.5456e-04,  7.8475e-04, -1.0103e-03, -1.0146e-03, -8.5394e-04,
         6.8203e-04,  3.8154e-05,  1.5334e-04, -2.5995e-04, -1.0851e-03,
        -3.6912e-04,  8.0205e-04, -3.4346e-04, -5.2870e-04,  1.2183e-03,
        -5.5311e-04,  7.0453e-05,  9.4269e-04, -1.1524e-03,  7.9527e-04,
         7.3942e-05, -1.0717e-03,  5.7007e-04,  1.1593e-03, -5.2736e-04,
        -1.5320e-04, -7.0145e-04, -2.2512e-04, -6.2663e-04, -3.8693e-04,
        -6.4650e-04], device='cuda:0', requires_grad=True)
parameters of the network fc2.weight 
 torch.Size([128, 256]) 
 True 
 tensor([[ 0.0500,  0.0411,  0.0374,  ...,  0.0114, -0.0266,  0.0460],
        [-0.0543,  0.0339, -0.0330,  ..., -0.0126, -0.0236,  0.0053],
        [ 0.0106, -0.0217,  0.0156,  ...,  0.0043,  0.0166,  0.0211],
        ...,
        [-0.0375,  0.0594, -0.0389,  ..., -0.0470,  0.0094, -0.0285],
        [ 0.0443, -0.0088,  0.0205,  ..., -0.0580,  0.0025, -0.0156],
        [-0.0485, -0.0075, -0.0570,  ...,  0.0569, -0.0268, -0.0206]],
       device='cuda:0') 
 Parameter containing:
tensor([[ 0.0500,  0.0411,  0.0374,  ...,  0.0114, -0.0266,  0.0460],
        [-0.0543,  0.0339, -0.0330,  ..., -0.0126, -0.0236,  0.0053],
        [ 0.0106, -0.0217,  0.0156,  ...,  0.0043,  0.0166,  0.0211],
        ...,
        [-0.0375,  0.0594, -0.0389,  ..., -0.0470,  0.0094, -0.0285],
        [ 0.0443, -0.0088,  0.0205,  ..., -0.0580,  0.0025, -0.0156],
        [-0.0485, -0.0075, -0.0570,  ...,  0.0569, -0.0268, -0.0206]],
       device='cuda:0', requires_grad=True)
parameters of the network fc2.bias 
 torch.Size([128]) 
 True 
 tensor([-0.0329, -0.0251, -0.0216,  0.0014, -0.0540, -0.0402,  0.0308,  0.0535,
        -0.0157,  0.0078, -0.0454, -0.0129,  0.0092,  0.0168,  0.0217,  0.0115,
        -0.0158,  0.0036, -0.0239,  0.0468,  0.0410,  0.0295,  0.0300, -0.0481,
        -0.0279, -0.0544, -0.0591, -0.0233, -0.0221, -0.0246,  0.0599, -0.0134,
        -0.0374, -0.0067,  0.0241, -0.0311,  0.0134,  0.0584,  0.0295, -0.0154,
         0.0396, -0.0008, -0.0183,  0.0212, -0.0526, -0.0550,  0.0176,  0.0547,
         0.0414,  0.0302, -0.0243,  0.0231, -0.0155, -0.0133, -0.0321, -0.0498,
         0.0401,  0.0271,  0.0121,  0.0075,  0.0411, -0.0370,  0.0602,  0.0085,
        -0.0570, -0.0280, -0.0056,  0.0553,  0.0524, -0.0063, -0.0146, -0.0028,
        -0.0184,  0.0437,  0.0484, -0.0506,  0.0276,  0.0561, -0.0379,  0.0080,
         0.0461,  0.0250, -0.0353,  0.0453, -0.0190, -0.0572,  0.0561, -0.0036,
        -0.0230,  0.0413, -0.0368, -0.0202, -0.0493,  0.0035, -0.0403,  0.0363,
         0.0454,  0.0460,  0.0421,  0.0168,  0.0236, -0.0214,  0.0589, -0.0248,
         0.0540,  0.0062,  0.0327, -0.0574, -0.0362, -0.0355, -0.0031,  0.0125,
        -0.0107,  0.0534, -0.0035,  0.0468,  0.0572,  0.0290,  0.0318,  0.0105,
         0.0423, -0.0309, -0.0403,  0.0523,  0.0307, -0.0146, -0.0194, -0.0557],
       device='cuda:0') 
 Parameter containing:
tensor([-0.0329, -0.0251, -0.0216,  0.0014, -0.0540, -0.0402,  0.0308,  0.0535,
        -0.0157,  0.0078, -0.0454, -0.0129,  0.0092,  0.0168,  0.0217,  0.0115,
        -0.0158,  0.0036, -0.0239,  0.0468,  0.0410,  0.0295,  0.0300, -0.0481,
        -0.0279, -0.0544, -0.0591, -0.0233, -0.0221, -0.0246,  0.0599, -0.0134,
        -0.0374, -0.0067,  0.0241, -0.0311,  0.0134,  0.0584,  0.0295, -0.0154,
         0.0396, -0.0008, -0.0183,  0.0212, -0.0526, -0.0550,  0.0176,  0.0547,
         0.0414,  0.0302, -0.0243,  0.0231, -0.0155, -0.0133, -0.0321, -0.0498,
         0.0401,  0.0271,  0.0121,  0.0075,  0.0411, -0.0370,  0.0602,  0.0085,
        -0.0570, -0.0280, -0.0056,  0.0553,  0.0524, -0.0063, -0.0146, -0.0028,
        -0.0184,  0.0437,  0.0484, -0.0506,  0.0276,  0.0561, -0.0379,  0.0080,
         0.0461,  0.0250, -0.0353,  0.0453, -0.0190, -0.0572,  0.0561, -0.0036,
        -0.0230,  0.0413, -0.0368, -0.0202, -0.0493,  0.0035, -0.0403,  0.0363,
         0.0454,  0.0460,  0.0421,  0.0168,  0.0236, -0.0214,  0.0589, -0.0248,
         0.0540,  0.0062,  0.0327, -0.0574, -0.0362, -0.0355, -0.0031,  0.0125,
        -0.0107,  0.0534, -0.0035,  0.0468,  0.0572,  0.0290,  0.0318,  0.0105,
         0.0423, -0.0309, -0.0403,  0.0523,  0.0307, -0.0146, -0.0194, -0.0557],
       device='cuda:0', requires_grad=True)
parameters of the network fc3.weight 
 torch.Size([64, 128]) 
 True 
 tensor([[ 0.0370,  0.0557, -0.0714,  ...,  0.0437,  0.0265, -0.0560],
        [-0.0273, -0.0213,  0.0788,  ..., -0.0833, -0.0640,  0.0308],
        [-0.0208, -0.0716, -0.0367,  ...,  0.0544,  0.0331, -0.0472],
        ...,
        [-0.0344, -0.0226,  0.0076,  ..., -0.0744,  0.0862,  0.0642],
        [ 0.0170,  0.0635, -0.0711,  ..., -0.0813, -0.0120, -0.0070],
        [-0.0238,  0.0485, -0.0110,  ...,  0.0423, -0.0420,  0.0280]],
       device='cuda:0') 
 Parameter containing:
tensor([[ 0.0370,  0.0557, -0.0714,  ...,  0.0437,  0.0265, -0.0560],
        [-0.0273, -0.0213,  0.0788,  ..., -0.0833, -0.0640,  0.0308],
        [-0.0208, -0.0716, -0.0367,  ...,  0.0544,  0.0331, -0.0472],
        ...,
        [-0.0344, -0.0226,  0.0076,  ..., -0.0744,  0.0862,  0.0642],
        [ 0.0170,  0.0635, -0.0711,  ..., -0.0813, -0.0120, -0.0070],
        [-0.0238,  0.0485, -0.0110,  ...,  0.0423, -0.0420,  0.0280]],
       device='cuda:0', requires_grad=True)
parameters of the network fc3.bias 
 torch.Size([64]) 
 True 
 tensor([-0.0225, -0.0854, -0.0158, -0.0650,  0.0642,  0.0038,  0.0305,  0.0463,
        -0.0510,  0.0063, -0.0144, -0.0017,  0.0581,  0.0063,  0.0846, -0.0303,
        -0.0425, -0.0586,  0.0352,  0.0391,  0.0046, -0.0141, -0.0324, -0.0479,
         0.0196, -0.0094,  0.0260, -0.0054, -0.0461,  0.0203,  0.0656, -0.0053,
         0.0855, -0.0558, -0.0070, -0.0378,  0.0164, -0.0391,  0.0376,  0.0264,
         0.0201, -0.0650,  0.0036, -0.0335,  0.0263, -0.0664, -0.0059,  0.0746,
        -0.0113,  0.0798,  0.0101, -0.0513,  0.0449, -0.0798, -0.0078,  0.0154,
        -0.0841, -0.0035,  0.0044,  0.0325, -0.0159, -0.0399,  0.0573,  0.0125],
       device='cuda:0') 
 Parameter containing:
tensor([-0.0225, -0.0854, -0.0158, -0.0650,  0.0642,  0.0038,  0.0305,  0.0463,
        -0.0510,  0.0063, -0.0144, -0.0017,  0.0581,  0.0063,  0.0846, -0.0303,
        -0.0425, -0.0586,  0.0352,  0.0391,  0.0046, -0.0141, -0.0324, -0.0479,
         0.0196, -0.0094,  0.0260, -0.0054, -0.0461,  0.0203,  0.0656, -0.0053,
         0.0855, -0.0558, -0.0070, -0.0378,  0.0164, -0.0391,  0.0376,  0.0264,
         0.0201, -0.0650,  0.0036, -0.0335,  0.0263, -0.0664, -0.0059,  0.0746,
        -0.0113,  0.0798,  0.0101, -0.0513,  0.0449, -0.0798, -0.0078,  0.0154,
        -0.0841, -0.0035,  0.0044,  0.0325, -0.0159, -0.0399,  0.0573,  0.0125],
       device='cuda:0', requires_grad=True)
parameters of the network fc4.weight 
 torch.Size([6796, 64]) 
 True 
 tensor([[-0.0807, -0.1000, -0.0751,  ..., -0.0008, -0.0521,  0.0093],
        [ 0.1134, -0.0848, -0.0198,  ..., -0.0766, -0.0227, -0.0429],
        [ 0.0356,  0.0701, -0.0288,  ..., -0.1080, -0.0335,  0.0292],
        ...,
        [ 0.0564, -0.1104,  0.1134,  ...,  0.0657,  0.0219, -0.0528],
        [-0.0840, -0.1117,  0.1197,  ..., -0.0763, -0.0853, -0.0899],
        [ 0.0680,  0.0236, -0.0708,  ...,  0.0334,  0.0340, -0.0755]],
       device='cuda:0') 
 Parameter containing:
tensor([[-0.0807, -0.1000, -0.0751,  ..., -0.0008, -0.0521,  0.0093],
        [ 0.1134, -0.0848, -0.0198,  ..., -0.0766, -0.0227, -0.0429],
        [ 0.0356,  0.0701, -0.0288,  ..., -0.1080, -0.0335,  0.0292],
        ...,
        [ 0.0564, -0.1104,  0.1134,  ...,  0.0657,  0.0219, -0.0528],
        [-0.0840, -0.1117,  0.1197,  ..., -0.0763, -0.0853, -0.0899],
        [ 0.0680,  0.0236, -0.0708,  ...,  0.0334,  0.0340, -0.0755]],
       device='cuda:0', requires_grad=True)
parameters of the network fc4.bias 
 torch.Size([6796]) 
 True 
 tensor([-0.0996, -0.0543, -0.1025,  ...,  0.1221, -0.0233,  0.0476],
       device='cuda:0') 
 Parameter containing:
tensor([-0.0996, -0.0543, -0.1025,  ...,  0.1221, -0.0233,  0.0476],
       device='cuda:0', requires_grad=True)
Traceback (most recent call last):
  File "/hpcfs/bes/mlgpu/hoseinkk/MLTracking/otherparticles/pppipi/pyt_pppipi_cnn_1/./Model.py", line 105, in <module>
    result1 = net(TraTen[EvBTr])
  File "/hpcfs/bes/mlgpu/hoseinkk/Miniconda3/envs/dgl1/lib/python3.9/site-packages/torch/nn/modules/module.py", line 1102, in _call_impl
    return forward_call(*input, **kwargs)
  File "/hpcfs/bes/mlgpu/hoseinkk/MLTracking/otherparticles/pppipi/pyt_pppipi_cnn_1/./Model.py", line 27, in forward
    x = F.relu(self.conv1(x))
  File "/hpcfs/bes/mlgpu/hoseinkk/Miniconda3/envs/dgl1/lib/python3.9/site-packages/torch/nn/modules/module.py", line 1102, in _call_impl
    return forward_call(*input, **kwargs)
  File "/hpcfs/bes/mlgpu/hoseinkk/Miniconda3/envs/dgl1/lib/python3.9/site-packages/torch/nn/modules/conv.py", line 446, in forward
    return self._conv_forward(input, self.weight, self.bias)
  File "/hpcfs/bes/mlgpu/hoseinkk/Miniconda3/envs/dgl1/lib/python3.9/site-packages/torch/nn/modules/conv.py", line 442, in _conv_forward
    return F.conv2d(input, weight, bias, self.stride,
RuntimeError: Expected 4-dimensional input for 4-dimensional weight [256, 1, 3, 3], but got 2-dimensional input of size [43, 288] instead

real	0m13.718s
user	0m8.758s
sys	0m3.481s
