0: cmsgpu001.ihep.ac.cn
GPU 0: NVIDIA A100-PCIE-40GB (UUID: GPU-83673d1f-01b2-490d-5bc6-a84aaf3ddc65)
Allocate GPU cards : 0

modinfo:
filename:       /lib/modules/3.10.0-1160.71.1.el7.x86_64/extra/nvidia.ko.xz
firmware:       nvidia/515.65.01/gsp.bin
alias:          char-major-195-*
version:        515.65.01
supported:      external
license:        NVIDIA
retpoline:      Y
rhelversion:    7.9
srcversion:     8049D44E2C1B08F41E1B8A6
alias:          pci:v000010DEd*sv*sd*bc06sc80i00*
alias:          pci:v000010DEd*sv*sd*bc03sc02i00*
alias:          pci:v000010DEd*sv*sd*bc03sc00i00*
depends:        drm
vermagic:       3.10.0-1160.71.1.el7.x86_64 SMP mod_unload modversions 
signer:         DKMS module signing key
sig_key:        9B:9E:55:A9:86:D9:50:0B:6D:2D:9F:BA:A7:E6:45:39:D4:DD:5F:C6
sig_hashalgo:   sha512
parm:           NvSwitchRegDwords:NvSwitch regkey (charp)
parm:           NvSwitchBlacklist:NvSwitchBlacklist=uuid[,uuid...] (charp)
parm:           NVreg_ResmanDebugLevel:int
parm:           NVreg_RmLogonRC:int
parm:           NVreg_ModifyDeviceFiles:int
parm:           NVreg_DeviceFileUID:int
parm:           NVreg_DeviceFileGID:int
parm:           NVreg_DeviceFileMode:int
parm:           NVreg_InitializeSystemMemoryAllocations:int
parm:           NVreg_UsePageAttributeTable:int
parm:           NVreg_EnablePCIeGen3:int
parm:           NVreg_EnableMSI:int
parm:           NVreg_TCEBypassMode:int
parm:           NVreg_EnableStreamMemOPs:int
parm:           NVreg_RestrictProfilingToAdminUsers:int
parm:           NVreg_PreserveVideoMemoryAllocations:int
parm:           NVreg_EnableS0ixPowerManagement:int
parm:           NVreg_S0ixPowerManagementVideoMemoryThreshold:int
parm:           NVreg_DynamicPowerManagement:int
parm:           NVreg_DynamicPowerManagementVideoMemoryThreshold:int
parm:           NVreg_EnableGpuFirmware:int
parm:           NVreg_EnableGpuFirmwareLogs:int
parm:           NVreg_OpenRmEnableUnsupportedGpus:int
parm:           NVreg_EnableUserNUMAManagement:int
parm:           NVreg_MemoryPoolSize:int
parm:           NVreg_KMallocHeapMaxSize:int
parm:           NVreg_VMallocHeapMaxSize:int
parm:           NVreg_IgnoreMMIOCheck:int
parm:           NVreg_NvLinkDisable:int
parm:           NVreg_EnablePCIERelaxedOrderingMode:int
parm:           NVreg_RegisterPCIDriver:int
parm:           NVreg_EnableDbgBreakpoint:int
parm:           NVreg_RegistryDwords:charp
parm:           NVreg_RegistryDwordsPerDevice:charp
parm:           NVreg_RmMsg:charp
parm:           NVreg_GpuBlacklist:charp
parm:           NVreg_TemporaryFilePath:charp
parm:           NVreg_ExcludedGpus:charp
parm:           NVreg_DmaRemapPeerMmio:int
parm:           rm_firmware_active:charp

nvidia-smi:
Mon Aug 29 14:29:20 2022       
+-----------------------------------------------------------------------------+
| NVIDIA-SMI 515.65.01    Driver Version: 515.65.01    CUDA Version: 11.7     |
|-------------------------------+----------------------+----------------------+
| GPU  Name        Persistence-M| Bus-Id        Disp.A | Volatile Uncorr. ECC |
| Fan  Temp  Perf  Pwr:Usage/Cap|         Memory-Usage | GPU-Util  Compute M. |
|                               |                      |               MIG M. |
|===============================+======================+======================|
|   0  NVIDIA A100-PCI...  On   | 00000000:3B:00.0 Off |                    0 |
| N/A   24C    P0    32W / 250W |      0MiB / 40960MiB |      0%      Default |
|                               |                      |             Disabled |
+-------------------------------+----------------------+----------------------+
                                                                               
+-----------------------------------------------------------------------------+
| Processes:                                                                  |
|  GPU   GI   CI        PID   Type   Process name                  GPU Memory |
|        ID   ID                                                   Usage      |
|=============================================================================|
|  No running processes found                                                 |
+-----------------------------------------------------------------------------+

nvcc --version:
nvcc: NVIDIA (R) Cuda compiler driver
Copyright (c) 2005-2021 NVIDIA Corporation
Built on Sun_Mar_21_19:15:46_PDT_2021
Cuda compilation tools, release 11.3, V11.3.58
Build cuda_11.3.r11.3/compiler.29745058_0

 torch version: 1.10.2

 cuda version: 11.3

 is cuda available: True

 CUDNN VERSION: 8200

 Number CUDA Devices: 1

 CUDA Device Name: NVIDIA A100-PCIE-40GB

 CUDA Device Total Memory [GB]: 42.358472704

 Device capability: (8, 0) 

 Cuda deviice: <torch.cuda.device object at 0x2b44f57158e0> 

 Is cuda initialized: True

 CUDA_HOME: /hpcfs/bes/mlgpu/hoseinkk/Miniconda3/envs/dgl1

real	0m4.575s
user	0m2.431s
sys	0m1.129s
/hpcfs/bes/mlgpu/hoseinkk/Miniconda3/envs/dgl1/lib/python3.9/site-packages/cupy/_environment.py:438: UserWarning: 
--------------------------------------------------------------------------------

  CuPy may not function correctly because multiple CuPy packages are installed
  in your environment:

    cupy, cupy-cuda110

  Follow these steps to resolve this issue:

    1. For all packages listed above, run the following command to remove all
       existing CuPy installations:

         $ pip uninstall <package_name>

      If you previously installed CuPy via conda, also run the following:

         $ conda uninstall cupy

    2. Install the appropriate CuPy package.
       Refer to the Installation Guide for detailed instructions.

         https://docs.cupy.dev/en/stable/install.html

--------------------------------------------------------------------------------

  warnings.warn(f'''




 The Network ... 







 Loading data ... 



training set shape (20000, 43, 288) 
sum 5279207

target set shape (20000, 6796) 
sum 4575851
Net(
  (conv1): Conv2d(1, 256, kernel_size=(3, 3), stride=(1, 1))
  (conv2): Conv2d(256, 128, kernel_size=(3, 3), stride=(1, 1))
  (conv3): Conv2d(128, 64, kernel_size=(3, 3), stride=(1, 1))
  (fc1): Linear(in_features=667776, out_features=256, bias=True)
  (fc2): Linear(in_features=256, out_features=128, bias=True)
  (fc3): Linear(in_features=128, out_features=64, bias=True)
  (fc4): Linear(in_features=64, out_features=6796, bias=True)
)

number of the free parameters: 171805196
parameters of the network conv1.weight 
 torch.Size([256, 1, 3, 3]) 
 True 
 tensor([[[[-0.3201, -0.2994,  0.2829],
          [-0.1790,  0.1799, -0.2868],
          [-0.0361,  0.1715,  0.3333]]],


        [[[-0.1976,  0.0457, -0.0505],
          [ 0.0450, -0.3293,  0.0090],
          [-0.1193,  0.2527,  0.2135]]],


        [[[ 0.1994,  0.1186,  0.3007],
          [ 0.0970,  0.1649, -0.2023],
          [-0.0707,  0.2607, -0.0678]]],


        ...,


        [[[ 0.2819, -0.0807,  0.1112],
          [ 0.2712, -0.0783,  0.1275],
          [ 0.1126,  0.1952, -0.2811]]],


        [[[ 0.1355,  0.1509,  0.2607],
          [ 0.2346,  0.1015, -0.0115],
          [ 0.1250, -0.0869,  0.2764]]],


        [[[-0.0890,  0.0680, -0.2832],
          [-0.2794,  0.0039, -0.0290],
          [ 0.2403, -0.0790,  0.0860]]]], device='cuda:0') 
 Parameter containing:
tensor([[[[-0.3201, -0.2994,  0.2829],
          [-0.1790,  0.1799, -0.2868],
          [-0.0361,  0.1715,  0.3333]]],


        [[[-0.1976,  0.0457, -0.0505],
          [ 0.0450, -0.3293,  0.0090],
          [-0.1193,  0.2527,  0.2135]]],


        [[[ 0.1994,  0.1186,  0.3007],
          [ 0.0970,  0.1649, -0.2023],
          [-0.0707,  0.2607, -0.0678]]],


        ...,


        [[[ 0.2819, -0.0807,  0.1112],
          [ 0.2712, -0.0783,  0.1275],
          [ 0.1126,  0.1952, -0.2811]]],


        [[[ 0.1355,  0.1509,  0.2607],
          [ 0.2346,  0.1015, -0.0115],
          [ 0.1250, -0.0869,  0.2764]]],


        [[[-0.0890,  0.0680, -0.2832],
          [-0.2794,  0.0039, -0.0290],
          [ 0.2403, -0.0790,  0.0860]]]], device='cuda:0', requires_grad=True)
parameters of the network conv1.bias 
 torch.Size([256]) 
 True 
 tensor([ 0.0439, -0.3222, -0.0438, -0.2150, -0.2231, -0.2428, -0.1179,  0.0905,
         0.0484, -0.1443, -0.1442,  0.1571,  0.0963, -0.2862, -0.0848,  0.0412,
         0.3313,  0.0624,  0.2129,  0.2427,  0.1262,  0.1426,  0.3058, -0.0995,
        -0.3144, -0.0526,  0.2904, -0.2674,  0.3005, -0.2891, -0.2175, -0.2633,
        -0.2957, -0.0709,  0.0396,  0.0890, -0.0767, -0.1440,  0.1678,  0.2415,
         0.1068,  0.1576, -0.0691, -0.0868,  0.1827, -0.0330, -0.2159,  0.3112,
         0.0518, -0.1561, -0.1696, -0.0591,  0.3171,  0.0437, -0.0628, -0.2823,
        -0.2601, -0.0159, -0.0047,  0.1031,  0.0600,  0.0152, -0.2632,  0.1153,
         0.2806, -0.1126, -0.3232,  0.2810,  0.0055,  0.1580,  0.1884, -0.1814,
        -0.1185, -0.0199,  0.1591,  0.2700,  0.1438, -0.2935, -0.1148,  0.1696,
         0.2730,  0.0053,  0.0298,  0.1130,  0.2481, -0.1417, -0.2967,  0.1638,
         0.1288,  0.0127, -0.2897,  0.3316,  0.2636, -0.3138, -0.2550, -0.2707,
         0.0810, -0.1671,  0.0498,  0.1702,  0.2519,  0.1635, -0.1250,  0.2978,
        -0.3172,  0.2691, -0.0404,  0.1363,  0.1236,  0.2689, -0.1156,  0.0782,
         0.3026, -0.1258, -0.0741,  0.1668,  0.2492, -0.2627, -0.2013, -0.1385,
         0.3148,  0.0859,  0.1774,  0.1469, -0.0385, -0.3076,  0.1088,  0.1327,
        -0.2393,  0.1573,  0.2606, -0.0033,  0.0036, -0.0200,  0.2207, -0.0612,
        -0.2127,  0.2261,  0.1139, -0.0753, -0.1161,  0.2310,  0.0696,  0.1215,
        -0.2870, -0.2823,  0.0844, -0.2848, -0.1165, -0.1396, -0.1391,  0.0675,
         0.0452,  0.0788, -0.2552,  0.2567, -0.2613,  0.2215,  0.2079, -0.1817,
         0.1185, -0.2942,  0.1795,  0.1062, -0.2172, -0.2228,  0.3205, -0.0009,
         0.3225, -0.1358,  0.1364,  0.0157, -0.3038, -0.1779,  0.0774, -0.2425,
        -0.1749, -0.0674,  0.0179,  0.2204,  0.0114, -0.0686,  0.0684, -0.1695,
         0.0204, -0.0122, -0.2740,  0.3105,  0.0625,  0.2130,  0.2528,  0.2930,
        -0.0452, -0.0886, -0.1226,  0.2274,  0.1569,  0.0318, -0.0716, -0.3236,
        -0.3293,  0.0459, -0.2123,  0.1448, -0.2768,  0.2049, -0.2016,  0.0602,
         0.0915,  0.1577, -0.2553, -0.1808,  0.3032, -0.2878, -0.3056,  0.2067,
        -0.0960,  0.0541, -0.2407, -0.1534, -0.3213, -0.2162,  0.1508, -0.2124,
         0.3013, -0.0585, -0.3173,  0.3142,  0.2985,  0.3168,  0.2268,  0.1105,
         0.2886,  0.0398, -0.2756, -0.1870, -0.0650, -0.2023,  0.3119,  0.1699,
        -0.0240, -0.0049,  0.0348,  0.1878,  0.1455,  0.3307,  0.0697,  0.1441,
         0.0175,  0.0816,  0.1305,  0.0410, -0.2181, -0.0564, -0.0707, -0.0606],
       device='cuda:0') 
 Parameter containing:
tensor([ 0.0439, -0.3222, -0.0438, -0.2150, -0.2231, -0.2428, -0.1179,  0.0905,
         0.0484, -0.1443, -0.1442,  0.1571,  0.0963, -0.2862, -0.0848,  0.0412,
         0.3313,  0.0624,  0.2129,  0.2427,  0.1262,  0.1426,  0.3058, -0.0995,
        -0.3144, -0.0526,  0.2904, -0.2674,  0.3005, -0.2891, -0.2175, -0.2633,
        -0.2957, -0.0709,  0.0396,  0.0890, -0.0767, -0.1440,  0.1678,  0.2415,
         0.1068,  0.1576, -0.0691, -0.0868,  0.1827, -0.0330, -0.2159,  0.3112,
         0.0518, -0.1561, -0.1696, -0.0591,  0.3171,  0.0437, -0.0628, -0.2823,
        -0.2601, -0.0159, -0.0047,  0.1031,  0.0600,  0.0152, -0.2632,  0.1153,
         0.2806, -0.1126, -0.3232,  0.2810,  0.0055,  0.1580,  0.1884, -0.1814,
        -0.1185, -0.0199,  0.1591,  0.2700,  0.1438, -0.2935, -0.1148,  0.1696,
         0.2730,  0.0053,  0.0298,  0.1130,  0.2481, -0.1417, -0.2967,  0.1638,
         0.1288,  0.0127, -0.2897,  0.3316,  0.2636, -0.3138, -0.2550, -0.2707,
         0.0810, -0.1671,  0.0498,  0.1702,  0.2519,  0.1635, -0.1250,  0.2978,
        -0.3172,  0.2691, -0.0404,  0.1363,  0.1236,  0.2689, -0.1156,  0.0782,
         0.3026, -0.1258, -0.0741,  0.1668,  0.2492, -0.2627, -0.2013, -0.1385,
         0.3148,  0.0859,  0.1774,  0.1469, -0.0385, -0.3076,  0.1088,  0.1327,
        -0.2393,  0.1573,  0.2606, -0.0033,  0.0036, -0.0200,  0.2207, -0.0612,
        -0.2127,  0.2261,  0.1139, -0.0753, -0.1161,  0.2310,  0.0696,  0.1215,
        -0.2870, -0.2823,  0.0844, -0.2848, -0.1165, -0.1396, -0.1391,  0.0675,
         0.0452,  0.0788, -0.2552,  0.2567, -0.2613,  0.2215,  0.2079, -0.1817,
         0.1185, -0.2942,  0.1795,  0.1062, -0.2172, -0.2228,  0.3205, -0.0009,
         0.3225, -0.1358,  0.1364,  0.0157, -0.3038, -0.1779,  0.0774, -0.2425,
        -0.1749, -0.0674,  0.0179,  0.2204,  0.0114, -0.0686,  0.0684, -0.1695,
         0.0204, -0.0122, -0.2740,  0.3105,  0.0625,  0.2130,  0.2528,  0.2930,
        -0.0452, -0.0886, -0.1226,  0.2274,  0.1569,  0.0318, -0.0716, -0.3236,
        -0.3293,  0.0459, -0.2123,  0.1448, -0.2768,  0.2049, -0.2016,  0.0602,
         0.0915,  0.1577, -0.2553, -0.1808,  0.3032, -0.2878, -0.3056,  0.2067,
        -0.0960,  0.0541, -0.2407, -0.1534, -0.3213, -0.2162,  0.1508, -0.2124,
         0.3013, -0.0585, -0.3173,  0.3142,  0.2985,  0.3168,  0.2268,  0.1105,
         0.2886,  0.0398, -0.2756, -0.1870, -0.0650, -0.2023,  0.3119,  0.1699,
        -0.0240, -0.0049,  0.0348,  0.1878,  0.1455,  0.3307,  0.0697,  0.1441,
         0.0175,  0.0816,  0.1305,  0.0410, -0.2181, -0.0564, -0.0707, -0.0606],
       device='cuda:0', requires_grad=True)
parameters of the network conv2.weight 
 torch.Size([128, 256, 3, 3]) 
 True 
 tensor([[[[-9.4710e-03,  1.9644e-02, -5.1972e-03],
          [-6.6508e-03, -1.6587e-02,  5.8194e-03],
          [-7.6920e-03, -1.3975e-02, -8.6793e-03]],

         [[ 8.5546e-03, -1.3794e-02, -2.8988e-03],
          [-4.1900e-03,  3.3821e-03,  2.0366e-02],
          [ 1.9833e-02, -8.1590e-03,  2.5371e-03]],

         [[-6.8654e-03, -6.0525e-03, -8.0573e-03],
          [ 1.3762e-02, -8.9737e-03,  1.6375e-02],
          [-1.7941e-02, -1.6585e-02,  1.3031e-02]],

         ...,

         [[ 1.6816e-02, -4.4259e-04,  1.2175e-02],
          [-1.4772e-02, -1.0351e-02, -1.9194e-02],
          [ 9.1991e-03, -1.5058e-02,  7.3019e-04]],

         [[-1.5848e-02, -1.2773e-03,  1.6266e-02],
          [ 9.8959e-03, -8.0586e-03,  1.2637e-02],
          [-8.2890e-03,  1.2955e-02, -1.9614e-02]],

         [[-1.4612e-02,  1.0765e-02,  5.3138e-03],
          [ 1.6970e-02,  1.5452e-02,  6.2194e-03],
          [-6.9978e-03, -1.0612e-02, -1.6771e-02]]],


        [[[ 4.7356e-03, -1.5908e-02, -1.8605e-02],
          [-8.9131e-03,  1.7041e-02, -1.8686e-02],
          [ 7.3370e-03, -2.0512e-02, -4.1805e-03]],

         [[-8.6298e-03,  1.6419e-02, -3.7128e-03],
          [ 3.5480e-03,  1.5418e-02, -1.5461e-02],
          [ 1.5339e-02, -5.3683e-03,  1.8800e-02]],

         [[-1.5482e-02,  1.7969e-02, -1.4227e-02],
          [-1.9328e-02, -1.5298e-02,  1.3401e-02],
          [-1.8637e-02,  1.3730e-02, -1.7283e-02]],

         ...,

         [[ 2.0330e-02,  5.8750e-03,  1.6720e-02],
          [-1.9235e-02, -2.0392e-02, -2.2683e-03],
          [-1.8917e-03, -9.7306e-03, -9.6547e-05]],

         [[ 1.9253e-02,  9.5476e-03, -1.7761e-02],
          [-6.7537e-03,  9.9998e-03,  1.3228e-03],
          [-1.8650e-02,  4.6798e-03, -3.4679e-03]],

         [[-9.4912e-03,  4.2746e-03, -2.6641e-03],
          [ 2.1113e-03, -1.0444e-02, -7.8825e-04],
          [-7.7861e-03,  8.3647e-04,  8.7780e-05]]],


        [[[-1.4027e-02,  2.7938e-03, -1.5793e-04],
          [ 7.9247e-03, -1.2555e-02,  3.2952e-03],
          [ 5.5587e-03,  7.8479e-03, -1.9807e-04]],

         [[ 7.8987e-04, -2.7190e-04, -1.0775e-02],
          [ 6.3365e-03,  2.0082e-03,  1.4042e-02],
          [ 7.3249e-03, -2.0383e-02,  1.3656e-02]],

         [[ 1.1572e-02,  2.0386e-02,  8.1351e-03],
          [ 1.3584e-02, -8.8717e-03,  5.1662e-03],
          [ 1.8316e-02,  6.6197e-04,  1.2874e-02]],

         ...,

         [[ 1.0279e-02, -7.1288e-03, -7.8407e-03],
          [ 1.3221e-02,  1.3733e-02,  9.6190e-03],
          [-1.0909e-03, -8.0519e-03, -1.8880e-02]],

         [[ 1.9899e-02,  1.0675e-02, -1.8864e-02],
          [ 2.1731e-03, -9.9725e-03,  8.4753e-03],
          [ 9.9663e-03,  3.3352e-03, -1.9536e-02]],

         [[ 4.3346e-03,  5.6773e-03, -7.6856e-03],
          [-6.3425e-03,  1.9532e-02,  6.2844e-04],
          [ 1.4407e-02,  1.8272e-02, -6.0712e-03]]],


        ...,


        [[[-1.8599e-03,  1.8464e-02, -1.1818e-02],
          [-5.9068e-03,  7.8891e-03,  7.2672e-03],
          [ 1.8876e-02,  3.3997e-03, -6.6427e-03]],

         [[ 7.6225e-03, -2.2564e-03,  1.5287e-02],
          [ 6.0090e-03,  2.6851e-03, -4.4533e-03],
          [ 1.1319e-02,  9.2156e-03,  1.0586e-02]],

         [[-1.8595e-02, -3.7319e-03,  1.7760e-02],
          [-7.6490e-03,  1.8497e-02,  9.1598e-03],
          [-3.2722e-03, -7.6787e-03, -7.0959e-03]],

         ...,

         [[-4.0572e-04,  7.4909e-03,  4.6198e-03],
          [ 3.0445e-03,  1.5895e-02,  1.5756e-02],
          [-1.6036e-02,  1.8154e-02,  1.1175e-02]],

         [[ 3.0424e-03,  1.4755e-02, -1.7538e-02],
          [ 8.0859e-03, -1.6136e-03,  3.7855e-03],
          [-1.4912e-02, -5.8707e-03, -4.6078e-03]],

         [[-4.0673e-03, -1.7096e-02,  9.3529e-03],
          [-5.2349e-03,  1.0801e-02,  1.4386e-02],
          [-5.2944e-03,  1.3145e-02, -7.4558e-03]]],


        [[[-1.8747e-02,  1.2113e-03,  1.6986e-02],
          [ 1.7869e-02, -4.6615e-03, -6.1198e-03],
          [ 9.1872e-03, -1.4237e-02, -8.6198e-04]],

         [[ 4.4733e-03,  1.4866e-02, -1.4618e-02],
          [ 1.5504e-02,  7.5330e-03, -9.3433e-03],
          [ 1.8041e-02,  1.4407e-02,  1.7637e-02]],

         [[ 1.3618e-02,  7.1600e-03,  6.8677e-03],
          [-7.6111e-03,  2.0013e-02, -1.7100e-03],
          [-1.2502e-02,  4.7159e-03, -1.7212e-02]],

         ...,

         [[ 8.7743e-03, -1.3614e-02,  5.1069e-03],
          [ 1.1026e-02, -1.7564e-02,  7.2533e-03],
          [-4.8067e-03,  1.4318e-02, -1.5363e-02]],

         [[-4.8825e-03,  1.0853e-02, -1.9896e-02],
          [ 3.9170e-03, -1.5629e-02,  9.7702e-03],
          [-3.2001e-03, -1.2846e-02,  1.7982e-02]],

         [[ 1.2933e-02, -4.2280e-03, -1.3950e-02],
          [-8.3845e-03,  1.6567e-02,  1.7591e-02],
          [ 2.0250e-02,  3.0296e-03,  1.9911e-02]]],


        [[[-1.8359e-02, -7.6553e-03, -5.4763e-03],
          [-1.2224e-02, -5.4479e-03, -6.7862e-03],
          [ 2.0335e-02,  1.0554e-02,  1.6319e-02]],

         [[-1.6298e-02,  1.1780e-02,  1.4917e-02],
          [ 1.2996e-02, -8.2888e-03, -6.3636e-03],
          [-1.8917e-02,  7.6072e-03, -2.2181e-03]],

         [[-9.0885e-03,  8.1562e-03,  1.3062e-02],
          [-1.5869e-02,  1.7165e-02,  7.5977e-04],
          [-2.2480e-03, -1.0039e-03,  2.9102e-04]],

         ...,

         [[-1.2805e-03,  7.1874e-03, -1.7277e-02],
          [ 1.3732e-02, -1.4164e-02, -1.8248e-02],
          [-1.3820e-02, -1.7704e-02, -1.7738e-03]],

         [[ 1.3511e-02,  1.6655e-02, -3.9519e-03],
          [ 1.0170e-02,  1.0476e-02,  1.2799e-02],
          [-8.9694e-03, -2.5963e-03, -1.4868e-02]],

         [[-1.4291e-02,  1.6180e-02,  8.3227e-03],
          [-1.5084e-02, -1.2322e-02,  4.5387e-03],
          [-1.4525e-02,  4.0670e-03, -2.5581e-03]]]], device='cuda:0') 
 Parameter containing:
tensor([[[[-9.4710e-03,  1.9644e-02, -5.1972e-03],
          [-6.6508e-03, -1.6587e-02,  5.8194e-03],
          [-7.6920e-03, -1.3975e-02, -8.6793e-03]],

         [[ 8.5546e-03, -1.3794e-02, -2.8988e-03],
          [-4.1900e-03,  3.3821e-03,  2.0366e-02],
          [ 1.9833e-02, -8.1590e-03,  2.5371e-03]],

         [[-6.8654e-03, -6.0525e-03, -8.0573e-03],
          [ 1.3762e-02, -8.9737e-03,  1.6375e-02],
          [-1.7941e-02, -1.6585e-02,  1.3031e-02]],

         ...,

         [[ 1.6816e-02, -4.4259e-04,  1.2175e-02],
          [-1.4772e-02, -1.0351e-02, -1.9194e-02],
          [ 9.1991e-03, -1.5058e-02,  7.3019e-04]],

         [[-1.5848e-02, -1.2773e-03,  1.6266e-02],
          [ 9.8959e-03, -8.0586e-03,  1.2637e-02],
          [-8.2890e-03,  1.2955e-02, -1.9614e-02]],

         [[-1.4612e-02,  1.0765e-02,  5.3138e-03],
          [ 1.6970e-02,  1.5452e-02,  6.2194e-03],
          [-6.9978e-03, -1.0612e-02, -1.6771e-02]]],


        [[[ 4.7356e-03, -1.5908e-02, -1.8605e-02],
          [-8.9131e-03,  1.7041e-02, -1.8686e-02],
          [ 7.3370e-03, -2.0512e-02, -4.1805e-03]],

         [[-8.6298e-03,  1.6419e-02, -3.7128e-03],
          [ 3.5480e-03,  1.5418e-02, -1.5461e-02],
          [ 1.5339e-02, -5.3683e-03,  1.8800e-02]],

         [[-1.5482e-02,  1.7969e-02, -1.4227e-02],
          [-1.9328e-02, -1.5298e-02,  1.3401e-02],
          [-1.8637e-02,  1.3730e-02, -1.7283e-02]],

         ...,

         [[ 2.0330e-02,  5.8750e-03,  1.6720e-02],
          [-1.9235e-02, -2.0392e-02, -2.2683e-03],
          [-1.8917e-03, -9.7306e-03, -9.6547e-05]],

         [[ 1.9253e-02,  9.5476e-03, -1.7761e-02],
          [-6.7537e-03,  9.9998e-03,  1.3228e-03],
          [-1.8650e-02,  4.6798e-03, -3.4679e-03]],

         [[-9.4912e-03,  4.2746e-03, -2.6641e-03],
          [ 2.1113e-03, -1.0444e-02, -7.8825e-04],
          [-7.7861e-03,  8.3647e-04,  8.7780e-05]]],


        [[[-1.4027e-02,  2.7938e-03, -1.5793e-04],
          [ 7.9247e-03, -1.2555e-02,  3.2952e-03],
          [ 5.5587e-03,  7.8479e-03, -1.9807e-04]],

         [[ 7.8987e-04, -2.7190e-04, -1.0775e-02],
          [ 6.3365e-03,  2.0082e-03,  1.4042e-02],
          [ 7.3249e-03, -2.0383e-02,  1.3656e-02]],

         [[ 1.1572e-02,  2.0386e-02,  8.1351e-03],
          [ 1.3584e-02, -8.8717e-03,  5.1662e-03],
          [ 1.8316e-02,  6.6197e-04,  1.2874e-02]],

         ...,

         [[ 1.0279e-02, -7.1288e-03, -7.8407e-03],
          [ 1.3221e-02,  1.3733e-02,  9.6190e-03],
          [-1.0909e-03, -8.0519e-03, -1.8880e-02]],

         [[ 1.9899e-02,  1.0675e-02, -1.8864e-02],
          [ 2.1731e-03, -9.9725e-03,  8.4753e-03],
          [ 9.9663e-03,  3.3352e-03, -1.9536e-02]],

         [[ 4.3346e-03,  5.6773e-03, -7.6856e-03],
          [-6.3425e-03,  1.9532e-02,  6.2844e-04],
          [ 1.4407e-02,  1.8272e-02, -6.0712e-03]]],


        ...,


        [[[-1.8599e-03,  1.8464e-02, -1.1818e-02],
          [-5.9068e-03,  7.8891e-03,  7.2672e-03],
          [ 1.8876e-02,  3.3997e-03, -6.6427e-03]],

         [[ 7.6225e-03, -2.2564e-03,  1.5287e-02],
          [ 6.0090e-03,  2.6851e-03, -4.4533e-03],
          [ 1.1319e-02,  9.2156e-03,  1.0586e-02]],

         [[-1.8595e-02, -3.7319e-03,  1.7760e-02],
          [-7.6490e-03,  1.8497e-02,  9.1598e-03],
          [-3.2722e-03, -7.6787e-03, -7.0959e-03]],

         ...,

         [[-4.0572e-04,  7.4909e-03,  4.6198e-03],
          [ 3.0445e-03,  1.5895e-02,  1.5756e-02],
          [-1.6036e-02,  1.8154e-02,  1.1175e-02]],

         [[ 3.0424e-03,  1.4755e-02, -1.7538e-02],
          [ 8.0859e-03, -1.6136e-03,  3.7855e-03],
          [-1.4912e-02, -5.8707e-03, -4.6078e-03]],

         [[-4.0673e-03, -1.7096e-02,  9.3529e-03],
          [-5.2349e-03,  1.0801e-02,  1.4386e-02],
          [-5.2944e-03,  1.3145e-02, -7.4558e-03]]],


        [[[-1.8747e-02,  1.2113e-03,  1.6986e-02],
          [ 1.7869e-02, -4.6615e-03, -6.1198e-03],
          [ 9.1872e-03, -1.4237e-02, -8.6198e-04]],

         [[ 4.4733e-03,  1.4866e-02, -1.4618e-02],
          [ 1.5504e-02,  7.5330e-03, -9.3433e-03],
          [ 1.8041e-02,  1.4407e-02,  1.7637e-02]],

         [[ 1.3618e-02,  7.1600e-03,  6.8677e-03],
          [-7.6111e-03,  2.0013e-02, -1.7100e-03],
          [-1.2502e-02,  4.7159e-03, -1.7212e-02]],

         ...,

         [[ 8.7743e-03, -1.3614e-02,  5.1069e-03],
          [ 1.1026e-02, -1.7564e-02,  7.2533e-03],
          [-4.8067e-03,  1.4318e-02, -1.5363e-02]],

         [[-4.8825e-03,  1.0853e-02, -1.9896e-02],
          [ 3.9170e-03, -1.5629e-02,  9.7702e-03],
          [-3.2001e-03, -1.2846e-02,  1.7982e-02]],

         [[ 1.2933e-02, -4.2280e-03, -1.3950e-02],
          [-8.3845e-03,  1.6567e-02,  1.7591e-02],
          [ 2.0250e-02,  3.0296e-03,  1.9911e-02]]],


        [[[-1.8359e-02, -7.6553e-03, -5.4763e-03],
          [-1.2224e-02, -5.4479e-03, -6.7862e-03],
          [ 2.0335e-02,  1.0554e-02,  1.6319e-02]],

         [[-1.6298e-02,  1.1780e-02,  1.4917e-02],
          [ 1.2996e-02, -8.2888e-03, -6.3636e-03],
          [-1.8917e-02,  7.6072e-03, -2.2181e-03]],

         [[-9.0885e-03,  8.1562e-03,  1.3062e-02],
          [-1.5869e-02,  1.7165e-02,  7.5977e-04],
          [-2.2480e-03, -1.0039e-03,  2.9102e-04]],

         ...,

         [[-1.2805e-03,  7.1874e-03, -1.7277e-02],
          [ 1.3732e-02, -1.4164e-02, -1.8248e-02],
          [-1.3820e-02, -1.7704e-02, -1.7738e-03]],

         [[ 1.3511e-02,  1.6655e-02, -3.9519e-03],
          [ 1.0170e-02,  1.0476e-02,  1.2799e-02],
          [-8.9694e-03, -2.5963e-03, -1.4868e-02]],

         [[-1.4291e-02,  1.6180e-02,  8.3227e-03],
          [-1.5084e-02, -1.2322e-02,  4.5387e-03],
          [-1.4525e-02,  4.0670e-03, -2.5581e-03]]]], device='cuda:0',
       requires_grad=True)
parameters of the network conv2.bias 
 torch.Size([128]) 
 True 
 tensor([ 0.0136, -0.0088, -0.0179, -0.0196, -0.0131,  0.0118, -0.0057, -0.0115,
        -0.0143, -0.0096, -0.0133,  0.0111,  0.0168, -0.0112, -0.0061,  0.0136,
         0.0116,  0.0061, -0.0043,  0.0006,  0.0010,  0.0130, -0.0172, -0.0104,
        -0.0102,  0.0055,  0.0129, -0.0012, -0.0171,  0.0207, -0.0051,  0.0044,
         0.0048,  0.0111, -0.0057,  0.0096, -0.0199, -0.0183, -0.0054, -0.0006,
        -0.0135, -0.0053, -0.0007,  0.0012,  0.0050,  0.0008, -0.0014,  0.0155,
        -0.0033,  0.0163,  0.0127, -0.0040,  0.0091,  0.0110, -0.0197, -0.0008,
        -0.0038,  0.0137,  0.0041, -0.0041,  0.0194, -0.0135, -0.0078, -0.0173,
        -0.0036, -0.0116,  0.0183,  0.0001, -0.0171,  0.0030, -0.0059,  0.0159,
        -0.0131, -0.0085,  0.0049, -0.0162, -0.0177, -0.0072, -0.0068, -0.0148,
        -0.0172,  0.0117, -0.0098, -0.0091, -0.0194,  0.0086, -0.0079, -0.0166,
         0.0067,  0.0172, -0.0146,  0.0022,  0.0121, -0.0036, -0.0128,  0.0191,
        -0.0040,  0.0106,  0.0160,  0.0118, -0.0072, -0.0080,  0.0026, -0.0198,
        -0.0162,  0.0158, -0.0199,  0.0030, -0.0128, -0.0194,  0.0126,  0.0042,
        -0.0128,  0.0071,  0.0012,  0.0003,  0.0204, -0.0020, -0.0202,  0.0068,
         0.0082,  0.0055, -0.0011, -0.0010,  0.0027, -0.0169, -0.0043, -0.0112],
       device='cuda:0') 
 Parameter containing:
tensor([ 0.0136, -0.0088, -0.0179, -0.0196, -0.0131,  0.0118, -0.0057, -0.0115,
        -0.0143, -0.0096, -0.0133,  0.0111,  0.0168, -0.0112, -0.0061,  0.0136,
         0.0116,  0.0061, -0.0043,  0.0006,  0.0010,  0.0130, -0.0172, -0.0104,
        -0.0102,  0.0055,  0.0129, -0.0012, -0.0171,  0.0207, -0.0051,  0.0044,
         0.0048,  0.0111, -0.0057,  0.0096, -0.0199, -0.0183, -0.0054, -0.0006,
        -0.0135, -0.0053, -0.0007,  0.0012,  0.0050,  0.0008, -0.0014,  0.0155,
        -0.0033,  0.0163,  0.0127, -0.0040,  0.0091,  0.0110, -0.0197, -0.0008,
        -0.0038,  0.0137,  0.0041, -0.0041,  0.0194, -0.0135, -0.0078, -0.0173,
        -0.0036, -0.0116,  0.0183,  0.0001, -0.0171,  0.0030, -0.0059,  0.0159,
        -0.0131, -0.0085,  0.0049, -0.0162, -0.0177, -0.0072, -0.0068, -0.0148,
        -0.0172,  0.0117, -0.0098, -0.0091, -0.0194,  0.0086, -0.0079, -0.0166,
         0.0067,  0.0172, -0.0146,  0.0022,  0.0121, -0.0036, -0.0128,  0.0191,
        -0.0040,  0.0106,  0.0160,  0.0118, -0.0072, -0.0080,  0.0026, -0.0198,
        -0.0162,  0.0158, -0.0199,  0.0030, -0.0128, -0.0194,  0.0126,  0.0042,
        -0.0128,  0.0071,  0.0012,  0.0003,  0.0204, -0.0020, -0.0202,  0.0068,
         0.0082,  0.0055, -0.0011, -0.0010,  0.0027, -0.0169, -0.0043, -0.0112],
       device='cuda:0', requires_grad=True)
parameters of the network conv3.weight 
 torch.Size([64, 128, 3, 3]) 
 True 
 tensor([[[[-2.7615e-02, -1.1443e-02,  1.8112e-02],
          [-2.1565e-02,  1.0861e-02, -1.7159e-02],
          [-2.5825e-02,  3.2072e-03,  2.2000e-02]],

         [[ 6.9494e-03, -1.5074e-02,  1.5234e-02],
          [-5.9890e-04, -7.3242e-03,  9.0851e-03],
          [ 4.4233e-03,  4.6680e-03, -1.3319e-02]],

         [[ 6.4936e-03, -1.3050e-02,  4.7836e-03],
          [-6.6274e-03, -1.8669e-04, -2.8739e-02],
          [-9.7202e-03,  1.4637e-02, -1.0304e-03]],

         ...,

         [[-2.0969e-02, -2.6546e-02,  2.5839e-02],
          [ 6.8145e-03,  1.7158e-02,  1.4505e-02],
          [-2.3684e-02,  2.7557e-02,  7.8502e-03]],

         [[ 7.6857e-03, -2.0023e-02, -1.4106e-02],
          [ 1.2363e-02,  1.8897e-02,  1.0070e-02],
          [ 1.7945e-02, -6.4765e-03,  2.4928e-02]],

         [[-3.8557e-04,  2.2198e-02,  9.1857e-03],
          [ 1.4872e-02, -2.1366e-02,  9.1762e-03],
          [-1.2385e-02, -1.5097e-02, -1.4431e-02]]],


        [[[-1.2825e-03,  2.8856e-02, -4.9499e-03],
          [ 4.7963e-03, -8.2819e-03,  1.0634e-02],
          [ 1.2908e-02, -1.8856e-02,  2.2399e-02]],

         [[ 5.4360e-03, -1.4712e-02, -2.7508e-02],
          [-1.8807e-02, -1.3412e-02, -1.1457e-03],
          [-1.4171e-02, -4.4949e-03, -7.5986e-03]],

         [[-2.8879e-02,  7.4121e-03,  1.9531e-02],
          [-1.2050e-02, -2.9401e-02,  2.1407e-02],
          [ 2.2094e-02, -4.5343e-03,  1.4805e-02]],

         ...,

         [[ 2.4881e-02,  1.6962e-02, -1.0328e-03],
          [-1.8733e-02, -2.5117e-02, -5.2654e-03],
          [-1.4357e-02,  1.2366e-02, -2.3962e-02]],

         [[ 9.1358e-03,  1.0475e-02,  1.7285e-02],
          [ 2.2465e-02,  1.3544e-02, -2.8947e-03],
          [-1.2196e-03,  2.4100e-02,  1.1460e-02]],

         [[-7.7894e-03, -1.2569e-02,  2.0710e-02],
          [ 2.4301e-02,  2.9406e-02, -1.2960e-02],
          [-2.0904e-02, -4.7230e-03, -2.9089e-02]]],


        [[[ 2.3277e-02,  2.0974e-02,  2.6120e-02],
          [-1.4969e-02,  1.5518e-02, -2.6838e-02],
          [ 1.3499e-02,  1.9762e-02,  1.8582e-02]],

         [[-2.6111e-02, -2.7653e-02, -2.2763e-02],
          [ 2.5116e-02,  4.3228e-03, -1.6558e-02],
          [ 1.6613e-03,  1.3263e-02,  1.4301e-03]],

         [[ 2.2907e-02,  1.3994e-02, -6.2376e-04],
          [ 2.0060e-02, -2.4344e-02, -2.0970e-02],
          [-4.9930e-03,  1.1833e-02,  2.4371e-02]],

         ...,

         [[ 2.5606e-02, -1.7727e-02, -9.3683e-03],
          [-1.3140e-02, -1.5721e-02,  1.3580e-02],
          [-1.3301e-02, -8.9487e-03,  2.8548e-02]],

         [[-1.2443e-02, -9.5734e-03,  1.8531e-02],
          [-3.7534e-03,  2.0800e-02, -1.6676e-02],
          [ 8.9514e-03, -1.5324e-02, -1.3997e-02]],

         [[-2.5495e-02, -1.5080e-02,  2.3789e-02],
          [-1.4952e-02,  7.4230e-04, -2.2307e-02],
          [-1.5135e-02, -3.7200e-03, -2.1917e-02]]],


        ...,


        [[[-2.1924e-02,  8.9314e-03, -2.6012e-02],
          [ 1.8292e-02,  2.7475e-02,  2.3453e-03],
          [ 1.5306e-02, -1.2056e-02, -7.4033e-04]],

         [[-1.2322e-02,  6.3365e-03, -2.7561e-02],
          [-2.6624e-02, -2.7914e-02, -5.4738e-03],
          [ 1.8764e-03,  2.2117e-02,  1.5294e-02]],

         [[ 2.2505e-02, -1.0402e-02, -3.9577e-03],
          [ 2.3562e-02, -3.9986e-03, -1.5652e-02],
          [-1.3697e-02, -1.0032e-02,  2.3924e-02]],

         ...,

         [[-2.5078e-02,  9.0723e-03,  1.2584e-02],
          [-1.8844e-02,  2.3467e-02,  2.5617e-03],
          [ 1.6390e-02, -6.4947e-03, -1.5063e-03]],

         [[ 1.4520e-02,  1.7457e-02, -8.7342e-05],
          [-1.8070e-02,  2.8807e-02, -2.5961e-02],
          [-2.2449e-02,  2.2534e-02,  2.9257e-02]],

         [[ 1.4208e-02,  2.2447e-02, -2.8636e-02],
          [ 2.5583e-02, -1.9661e-02, -8.5354e-03],
          [ 3.1807e-03, -2.2339e-02,  4.0712e-03]]],


        [[[-2.5783e-02,  1.2455e-03, -1.5996e-02],
          [ 2.0797e-02,  5.5757e-03, -1.6401e-03],
          [ 2.0681e-02,  2.5456e-02, -2.4382e-03]],

         [[ 1.5660e-02, -1.9063e-02, -2.2830e-02],
          [-3.6756e-03, -1.4184e-02,  7.6732e-03],
          [-3.1553e-03,  2.9067e-03,  2.3531e-02]],

         [[ 1.7573e-02,  2.4925e-02, -1.3155e-02],
          [-1.2303e-02,  1.8773e-02,  6.8585e-03],
          [-1.2086e-02,  1.9400e-02,  8.8755e-03]],

         ...,

         [[ 2.7076e-02, -9.5988e-03,  1.4591e-02],
          [-2.8562e-02, -9.1967e-03,  2.6457e-02],
          [-1.5637e-02, -4.9343e-04,  2.2738e-02]],

         [[-2.2045e-03, -2.2093e-02,  1.8905e-02],
          [ 1.1617e-02,  1.6343e-02,  7.8689e-03],
          [ 2.8672e-02, -1.4348e-02,  2.2219e-02]],

         [[-2.6235e-02, -2.5511e-02,  1.9487e-02],
          [ 4.3914e-04, -1.0351e-02, -1.8928e-02],
          [ 1.0179e-02,  1.0625e-02,  1.7664e-02]]],


        [[[-2.2402e-02, -8.4698e-03, -1.7390e-02],
          [ 2.0056e-02, -2.7845e-02, -1.3555e-02],
          [-1.2548e-02, -2.2123e-02, -2.5345e-03]],

         [[ 2.8925e-02,  2.0525e-02,  1.7612e-02],
          [-7.9614e-03,  2.7285e-02,  2.0383e-03],
          [ 2.0953e-02,  1.5536e-02,  2.1143e-02]],

         [[ 2.3160e-02, -2.8176e-02,  5.5596e-03],
          [-2.8228e-02,  2.7860e-03,  2.0151e-02],
          [ 1.5558e-02, -4.0096e-03, -1.6146e-02]],

         ...,

         [[ 2.9143e-03, -2.5653e-02,  2.3297e-02],
          [ 2.5939e-02, -1.1370e-02,  6.2040e-03],
          [ 2.6908e-02, -1.6643e-02, -1.4076e-02]],

         [[ 1.7629e-02,  2.9148e-02, -2.6790e-02],
          [ 1.3710e-02,  1.7936e-02, -9.4652e-03],
          [-1.7338e-02,  8.5338e-03, -1.6459e-02]],

         [[ 1.5242e-02,  2.1126e-02, -4.8842e-03],
          [-1.3544e-02,  1.7912e-02, -1.2947e-02],
          [-1.5052e-03, -1.0108e-02,  1.1803e-03]]]], device='cuda:0') 
 Parameter containing:
tensor([[[[-2.7615e-02, -1.1443e-02,  1.8112e-02],
          [-2.1565e-02,  1.0861e-02, -1.7159e-02],
          [-2.5825e-02,  3.2072e-03,  2.2000e-02]],

         [[ 6.9494e-03, -1.5074e-02,  1.5234e-02],
          [-5.9890e-04, -7.3242e-03,  9.0851e-03],
          [ 4.4233e-03,  4.6680e-03, -1.3319e-02]],

         [[ 6.4936e-03, -1.3050e-02,  4.7836e-03],
          [-6.6274e-03, -1.8669e-04, -2.8739e-02],
          [-9.7202e-03,  1.4637e-02, -1.0304e-03]],

         ...,

         [[-2.0969e-02, -2.6546e-02,  2.5839e-02],
          [ 6.8145e-03,  1.7158e-02,  1.4505e-02],
          [-2.3684e-02,  2.7557e-02,  7.8502e-03]],

         [[ 7.6857e-03, -2.0023e-02, -1.4106e-02],
          [ 1.2363e-02,  1.8897e-02,  1.0070e-02],
          [ 1.7945e-02, -6.4765e-03,  2.4928e-02]],

         [[-3.8557e-04,  2.2198e-02,  9.1857e-03],
          [ 1.4872e-02, -2.1366e-02,  9.1762e-03],
          [-1.2385e-02, -1.5097e-02, -1.4431e-02]]],


        [[[-1.2825e-03,  2.8856e-02, -4.9499e-03],
          [ 4.7963e-03, -8.2819e-03,  1.0634e-02],
          [ 1.2908e-02, -1.8856e-02,  2.2399e-02]],

         [[ 5.4360e-03, -1.4712e-02, -2.7508e-02],
          [-1.8807e-02, -1.3412e-02, -1.1457e-03],
          [-1.4171e-02, -4.4949e-03, -7.5986e-03]],

         [[-2.8879e-02,  7.4121e-03,  1.9531e-02],
          [-1.2050e-02, -2.9401e-02,  2.1407e-02],
          [ 2.2094e-02, -4.5343e-03,  1.4805e-02]],

         ...,

         [[ 2.4881e-02,  1.6962e-02, -1.0328e-03],
          [-1.8733e-02, -2.5117e-02, -5.2654e-03],
          [-1.4357e-02,  1.2366e-02, -2.3962e-02]],

         [[ 9.1358e-03,  1.0475e-02,  1.7285e-02],
          [ 2.2465e-02,  1.3544e-02, -2.8947e-03],
          [-1.2196e-03,  2.4100e-02,  1.1460e-02]],

         [[-7.7894e-03, -1.2569e-02,  2.0710e-02],
          [ 2.4301e-02,  2.9406e-02, -1.2960e-02],
          [-2.0904e-02, -4.7230e-03, -2.9089e-02]]],


        [[[ 2.3277e-02,  2.0974e-02,  2.6120e-02],
          [-1.4969e-02,  1.5518e-02, -2.6838e-02],
          [ 1.3499e-02,  1.9762e-02,  1.8582e-02]],

         [[-2.6111e-02, -2.7653e-02, -2.2763e-02],
          [ 2.5116e-02,  4.3228e-03, -1.6558e-02],
          [ 1.6613e-03,  1.3263e-02,  1.4301e-03]],

         [[ 2.2907e-02,  1.3994e-02, -6.2376e-04],
          [ 2.0060e-02, -2.4344e-02, -2.0970e-02],
          [-4.9930e-03,  1.1833e-02,  2.4371e-02]],

         ...,

         [[ 2.5606e-02, -1.7727e-02, -9.3683e-03],
          [-1.3140e-02, -1.5721e-02,  1.3580e-02],
          [-1.3301e-02, -8.9487e-03,  2.8548e-02]],

         [[-1.2443e-02, -9.5734e-03,  1.8531e-02],
          [-3.7534e-03,  2.0800e-02, -1.6676e-02],
          [ 8.9514e-03, -1.5324e-02, -1.3997e-02]],

         [[-2.5495e-02, -1.5080e-02,  2.3789e-02],
          [-1.4952e-02,  7.4230e-04, -2.2307e-02],
          [-1.5135e-02, -3.7200e-03, -2.1917e-02]]],


        ...,


        [[[-2.1924e-02,  8.9314e-03, -2.6012e-02],
          [ 1.8292e-02,  2.7475e-02,  2.3453e-03],
          [ 1.5306e-02, -1.2056e-02, -7.4033e-04]],

         [[-1.2322e-02,  6.3365e-03, -2.7561e-02],
          [-2.6624e-02, -2.7914e-02, -5.4738e-03],
          [ 1.8764e-03,  2.2117e-02,  1.5294e-02]],

         [[ 2.2505e-02, -1.0402e-02, -3.9577e-03],
          [ 2.3562e-02, -3.9986e-03, -1.5652e-02],
          [-1.3697e-02, -1.0032e-02,  2.3924e-02]],

         ...,

         [[-2.5078e-02,  9.0723e-03,  1.2584e-02],
          [-1.8844e-02,  2.3467e-02,  2.5617e-03],
          [ 1.6390e-02, -6.4947e-03, -1.5063e-03]],

         [[ 1.4520e-02,  1.7457e-02, -8.7342e-05],
          [-1.8070e-02,  2.8807e-02, -2.5961e-02],
          [-2.2449e-02,  2.2534e-02,  2.9257e-02]],

         [[ 1.4208e-02,  2.2447e-02, -2.8636e-02],
          [ 2.5583e-02, -1.9661e-02, -8.5354e-03],
          [ 3.1807e-03, -2.2339e-02,  4.0712e-03]]],


        [[[-2.5783e-02,  1.2455e-03, -1.5996e-02],
          [ 2.0797e-02,  5.5757e-03, -1.6401e-03],
          [ 2.0681e-02,  2.5456e-02, -2.4382e-03]],

         [[ 1.5660e-02, -1.9063e-02, -2.2830e-02],
          [-3.6756e-03, -1.4184e-02,  7.6732e-03],
          [-3.1553e-03,  2.9067e-03,  2.3531e-02]],

         [[ 1.7573e-02,  2.4925e-02, -1.3155e-02],
          [-1.2303e-02,  1.8773e-02,  6.8585e-03],
          [-1.2086e-02,  1.9400e-02,  8.8755e-03]],

         ...,

         [[ 2.7076e-02, -9.5988e-03,  1.4591e-02],
          [-2.8562e-02, -9.1967e-03,  2.6457e-02],
          [-1.5637e-02, -4.9343e-04,  2.2738e-02]],

         [[-2.2045e-03, -2.2093e-02,  1.8905e-02],
          [ 1.1617e-02,  1.6343e-02,  7.8689e-03],
          [ 2.8672e-02, -1.4348e-02,  2.2219e-02]],

         [[-2.6235e-02, -2.5511e-02,  1.9487e-02],
          [ 4.3914e-04, -1.0351e-02, -1.8928e-02],
          [ 1.0179e-02,  1.0625e-02,  1.7664e-02]]],


        [[[-2.2402e-02, -8.4698e-03, -1.7390e-02],
          [ 2.0056e-02, -2.7845e-02, -1.3555e-02],
          [-1.2548e-02, -2.2123e-02, -2.5345e-03]],

         [[ 2.8925e-02,  2.0525e-02,  1.7612e-02],
          [-7.9614e-03,  2.7285e-02,  2.0383e-03],
          [ 2.0953e-02,  1.5536e-02,  2.1143e-02]],

         [[ 2.3160e-02, -2.8176e-02,  5.5596e-03],
          [-2.8228e-02,  2.7860e-03,  2.0151e-02],
          [ 1.5558e-02, -4.0096e-03, -1.6146e-02]],

         ...,

         [[ 2.9143e-03, -2.5653e-02,  2.3297e-02],
          [ 2.5939e-02, -1.1370e-02,  6.2040e-03],
          [ 2.6908e-02, -1.6643e-02, -1.4076e-02]],

         [[ 1.7629e-02,  2.9148e-02, -2.6790e-02],
          [ 1.3710e-02,  1.7936e-02, -9.4652e-03],
          [-1.7338e-02,  8.5338e-03, -1.6459e-02]],

         [[ 1.5242e-02,  2.1126e-02, -4.8842e-03],
          [-1.3544e-02,  1.7912e-02, -1.2947e-02],
          [-1.5052e-03, -1.0108e-02,  1.1803e-03]]]], device='cuda:0',
       requires_grad=True)
parameters of the network conv3.bias 
 torch.Size([64]) 
 True 
 tensor([ 0.0243,  0.0069, -0.0017, -0.0043,  0.0071, -0.0004, -0.0259, -0.0042,
         0.0204,  0.0136,  0.0093, -0.0076,  0.0223, -0.0221, -0.0220,  0.0039,
        -0.0132, -0.0102,  0.0005, -0.0154,  0.0275, -0.0215, -0.0140,  0.0014,
        -0.0003, -0.0210,  0.0232,  0.0273,  0.0108, -0.0081,  0.0184, -0.0064,
         0.0216, -0.0253, -0.0221, -0.0292, -0.0119, -0.0230, -0.0292,  0.0049,
        -0.0106, -0.0174,  0.0163, -0.0026, -0.0167, -0.0037,  0.0177, -0.0118,
        -0.0180,  0.0162,  0.0189,  0.0275, -0.0145,  0.0098,  0.0050,  0.0021,
         0.0285,  0.0058,  0.0131,  0.0167,  0.0042,  0.0268, -0.0213, -0.0286],
       device='cuda:0') 
 Parameter containing:
tensor([ 0.0243,  0.0069, -0.0017, -0.0043,  0.0071, -0.0004, -0.0259, -0.0042,
         0.0204,  0.0136,  0.0093, -0.0076,  0.0223, -0.0221, -0.0220,  0.0039,
        -0.0132, -0.0102,  0.0005, -0.0154,  0.0275, -0.0215, -0.0140,  0.0014,
        -0.0003, -0.0210,  0.0232,  0.0273,  0.0108, -0.0081,  0.0184, -0.0064,
         0.0216, -0.0253, -0.0221, -0.0292, -0.0119, -0.0230, -0.0292,  0.0049,
        -0.0106, -0.0174,  0.0163, -0.0026, -0.0167, -0.0037,  0.0177, -0.0118,
        -0.0180,  0.0162,  0.0189,  0.0275, -0.0145,  0.0098,  0.0050,  0.0021,
         0.0285,  0.0058,  0.0131,  0.0167,  0.0042,  0.0268, -0.0213, -0.0286],
       device='cuda:0', requires_grad=True)
parameters of the network fc1.weight 
 torch.Size([256, 667776]) 
 True 
 tensor([[-3.6082e-05,  7.8429e-04,  1.6019e-04,  ..., -3.0603e-04,
          9.0022e-04, -1.4741e-04],
        [ 8.1683e-04,  9.9631e-04,  1.0910e-03,  ..., -4.2890e-04,
         -2.2852e-04, -5.5380e-04],
        [ 8.3085e-04, -1.0257e-04,  1.9977e-04,  ...,  4.9250e-04,
         -9.8854e-04,  9.5697e-05],
        ...,
        [ 1.0630e-03, -8.1452e-04, -5.1179e-04,  ...,  1.0020e-03,
          1.1374e-03, -4.9110e-04],
        [ 8.9313e-04,  5.2722e-04, -9.2065e-04,  ..., -9.9816e-05,
         -1.2751e-04,  9.1360e-04],
        [ 1.1852e-03, -2.6458e-04, -2.8049e-04,  ...,  3.5418e-04,
         -1.1990e-03, -7.3706e-04]], device='cuda:0') 
 Parameter containing:
tensor([[-3.6082e-05,  7.8429e-04,  1.6019e-04,  ..., -3.0603e-04,
          9.0022e-04, -1.4741e-04],
        [ 8.1683e-04,  9.9631e-04,  1.0910e-03,  ..., -4.2890e-04,
         -2.2852e-04, -5.5380e-04],
        [ 8.3085e-04, -1.0257e-04,  1.9977e-04,  ...,  4.9250e-04,
         -9.8854e-04,  9.5697e-05],
        ...,
        [ 1.0630e-03, -8.1452e-04, -5.1179e-04,  ...,  1.0020e-03,
          1.1374e-03, -4.9110e-04],
        [ 8.9313e-04,  5.2722e-04, -9.2065e-04,  ..., -9.9816e-05,
         -1.2751e-04,  9.1360e-04],
        [ 1.1852e-03, -2.6458e-04, -2.8049e-04,  ...,  3.5418e-04,
         -1.1990e-03, -7.3706e-04]], device='cuda:0', requires_grad=True)
parameters of the network fc1.bias 
 torch.Size([256]) 
 True 
 tensor([ 4.6922e-04,  7.7312e-05,  5.2952e-04,  1.1241e-03,  8.9234e-04,
         1.0239e-03, -6.1768e-04,  6.2677e-04,  1.1056e-03, -2.8191e-04,
        -1.0345e-03, -1.1590e-03, -4.8739e-04, -1.5727e-04, -8.2234e-04,
        -1.0369e-03,  4.9984e-04, -2.1001e-04, -2.3611e-04, -6.3154e-04,
         1.0842e-03,  8.7876e-04,  2.2040e-04, -1.1971e-03, -5.7868e-04,
         7.3831e-04, -4.8598e-06,  8.2286e-04, -1.5854e-04, -6.6428e-04,
        -4.8967e-04, -1.0105e-03,  3.3236e-04,  7.8149e-04,  1.2166e-03,
         6.5228e-04, -9.4085e-04, -2.0691e-04, -3.5757e-05, -5.4640e-05,
        -4.3641e-04, -9.1664e-04, -3.3654e-04,  4.6320e-04, -1.0159e-03,
         1.0657e-03, -1.0043e-03, -6.5407e-04,  1.0686e-03, -1.0788e-04,
         1.2379e-04,  1.0126e-03,  8.3620e-04, -3.9951e-04, -3.8359e-04,
        -4.3655e-04,  1.4304e-05, -1.1051e-05,  7.9648e-04, -8.7802e-04,
         1.1868e-03, -1.1333e-03,  5.2323e-04,  3.7626e-04,  4.6703e-04,
         9.6008e-04, -6.0579e-04, -1.1603e-04,  4.5235e-05,  8.8980e-04,
        -3.9407e-04, -1.1753e-03,  1.0204e-03,  8.0319e-04,  1.9480e-04,
        -8.0449e-04,  6.4407e-04, -1.1572e-03,  8.2916e-04, -6.5940e-04,
         5.2783e-04, -4.9945e-04,  5.2815e-04,  1.1674e-03,  6.9298e-04,
        -3.4088e-04,  6.8151e-04,  9.6646e-04, -8.8085e-06,  3.8957e-04,
        -7.4622e-04,  3.6024e-04, -3.6324e-04,  9.7132e-04,  8.0331e-04,
        -6.3289e-04,  2.2444e-04, -9.5260e-04, -8.4106e-05,  1.1259e-03,
        -5.1668e-04, -1.0755e-03, -4.1635e-04, -6.1246e-04, -1.1756e-03,
         8.2316e-04, -2.1087e-04,  5.8648e-04, -9.7790e-04, -7.4156e-05,
         1.8723e-04,  3.1614e-04,  8.5753e-04,  1.9254e-04,  3.7691e-04,
         7.7086e-04, -2.5349e-04, -8.4281e-04, -3.3234e-04,  7.4524e-04,
         7.8837e-05, -2.9018e-04,  2.6871e-06,  1.5648e-04, -5.7223e-04,
         7.4440e-04,  1.0896e-03, -3.9619e-04,  3.0184e-04,  1.1363e-03,
         7.4466e-04, -4.8365e-04, -3.3377e-05,  1.1825e-03,  8.2480e-04,
         9.4809e-04,  5.0211e-04,  2.6946e-04,  3.7232e-04,  6.6482e-04,
         5.3576e-04, -2.4927e-04, -4.3497e-04,  2.8736e-04,  1.3972e-04,
        -2.3115e-04, -5.7109e-04, -2.0520e-04, -2.4489e-04, -1.2530e-04,
        -1.7971e-04, -8.5974e-04,  9.0379e-05, -9.0376e-04, -7.1892e-04,
        -1.2092e-03,  9.8133e-04, -1.1729e-03,  8.2178e-04, -6.9795e-04,
         5.1348e-04, -2.5040e-04, -7.0417e-04,  7.5800e-04,  7.6838e-05,
         5.0517e-04, -1.2826e-04,  7.6429e-04, -3.8671e-04,  1.6030e-04,
        -5.9505e-05, -6.2160e-04,  4.0611e-04, -9.1431e-04, -9.9232e-04,
         6.2282e-04, -2.8855e-04, -7.3066e-04, -5.5179e-04, -8.4904e-04,
        -6.7924e-04, -1.1098e-03,  3.9700e-04,  8.7166e-04, -3.6243e-04,
        -3.1028e-04,  8.8099e-04, -3.3976e-04, -8.9658e-04,  1.0172e-03,
        -1.1718e-03,  1.0920e-03,  7.8009e-04, -6.0736e-04, -9.0867e-05,
         6.5479e-04, -1.5207e-04,  5.2973e-04, -2.3783e-06, -1.7309e-04,
         8.4831e-04, -1.2985e-04,  6.5494e-04,  5.8872e-04,  1.7457e-04,
         7.6049e-04,  1.3072e-04,  4.8398e-04, -7.8868e-05, -1.0016e-03,
        -4.1771e-04, -4.4187e-04, -4.5875e-04, -1.1427e-05,  4.6543e-04,
        -5.8193e-04,  1.1745e-03,  4.2036e-04,  4.5863e-04, -1.4031e-04,
        -6.9914e-04,  1.1223e-03, -1.9711e-04, -6.6129e-04, -5.4115e-04,
         1.0819e-03, -2.4478e-04, -9.1721e-04,  1.0217e-03,  2.6964e-04,
        -4.5005e-04, -7.3235e-04, -5.4216e-04,  5.0666e-04,  9.7444e-04,
        -6.1780e-04,  4.8574e-04, -5.2992e-04,  1.0073e-03, -2.0633e-04,
        -5.2725e-04, -1.2188e-04,  2.1099e-04,  7.9173e-04,  6.3192e-04,
        -4.4742e-04, -5.7370e-05, -4.0224e-04,  3.2581e-04, -3.2271e-05,
        -6.2882e-04, -5.8680e-04,  8.4705e-04,  9.1539e-04,  5.5918e-04,
        -1.7074e-04], device='cuda:0') 
 Parameter containing:
tensor([ 4.6922e-04,  7.7312e-05,  5.2952e-04,  1.1241e-03,  8.9234e-04,
         1.0239e-03, -6.1768e-04,  6.2677e-04,  1.1056e-03, -2.8191e-04,
        -1.0345e-03, -1.1590e-03, -4.8739e-04, -1.5727e-04, -8.2234e-04,
        -1.0369e-03,  4.9984e-04, -2.1001e-04, -2.3611e-04, -6.3154e-04,
         1.0842e-03,  8.7876e-04,  2.2040e-04, -1.1971e-03, -5.7868e-04,
         7.3831e-04, -4.8598e-06,  8.2286e-04, -1.5854e-04, -6.6428e-04,
        -4.8967e-04, -1.0105e-03,  3.3236e-04,  7.8149e-04,  1.2166e-03,
         6.5228e-04, -9.4085e-04, -2.0691e-04, -3.5757e-05, -5.4640e-05,
        -4.3641e-04, -9.1664e-04, -3.3654e-04,  4.6320e-04, -1.0159e-03,
         1.0657e-03, -1.0043e-03, -6.5407e-04,  1.0686e-03, -1.0788e-04,
         1.2379e-04,  1.0126e-03,  8.3620e-04, -3.9951e-04, -3.8359e-04,
        -4.3655e-04,  1.4304e-05, -1.1051e-05,  7.9648e-04, -8.7802e-04,
         1.1868e-03, -1.1333e-03,  5.2323e-04,  3.7626e-04,  4.6703e-04,
         9.6008e-04, -6.0579e-04, -1.1603e-04,  4.5235e-05,  8.8980e-04,
        -3.9407e-04, -1.1753e-03,  1.0204e-03,  8.0319e-04,  1.9480e-04,
        -8.0449e-04,  6.4407e-04, -1.1572e-03,  8.2916e-04, -6.5940e-04,
         5.2783e-04, -4.9945e-04,  5.2815e-04,  1.1674e-03,  6.9298e-04,
        -3.4088e-04,  6.8151e-04,  9.6646e-04, -8.8085e-06,  3.8957e-04,
        -7.4622e-04,  3.6024e-04, -3.6324e-04,  9.7132e-04,  8.0331e-04,
        -6.3289e-04,  2.2444e-04, -9.5260e-04, -8.4106e-05,  1.1259e-03,
        -5.1668e-04, -1.0755e-03, -4.1635e-04, -6.1246e-04, -1.1756e-03,
         8.2316e-04, -2.1087e-04,  5.8648e-04, -9.7790e-04, -7.4156e-05,
         1.8723e-04,  3.1614e-04,  8.5753e-04,  1.9254e-04,  3.7691e-04,
         7.7086e-04, -2.5349e-04, -8.4281e-04, -3.3234e-04,  7.4524e-04,
         7.8837e-05, -2.9018e-04,  2.6871e-06,  1.5648e-04, -5.7223e-04,
         7.4440e-04,  1.0896e-03, -3.9619e-04,  3.0184e-04,  1.1363e-03,
         7.4466e-04, -4.8365e-04, -3.3377e-05,  1.1825e-03,  8.2480e-04,
         9.4809e-04,  5.0211e-04,  2.6946e-04,  3.7232e-04,  6.6482e-04,
         5.3576e-04, -2.4927e-04, -4.3497e-04,  2.8736e-04,  1.3972e-04,
        -2.3115e-04, -5.7109e-04, -2.0520e-04, -2.4489e-04, -1.2530e-04,
        -1.7971e-04, -8.5974e-04,  9.0379e-05, -9.0376e-04, -7.1892e-04,
        -1.2092e-03,  9.8133e-04, -1.1729e-03,  8.2178e-04, -6.9795e-04,
         5.1348e-04, -2.5040e-04, -7.0417e-04,  7.5800e-04,  7.6838e-05,
         5.0517e-04, -1.2826e-04,  7.6429e-04, -3.8671e-04,  1.6030e-04,
        -5.9505e-05, -6.2160e-04,  4.0611e-04, -9.1431e-04, -9.9232e-04,
         6.2282e-04, -2.8855e-04, -7.3066e-04, -5.5179e-04, -8.4904e-04,
        -6.7924e-04, -1.1098e-03,  3.9700e-04,  8.7166e-04, -3.6243e-04,
        -3.1028e-04,  8.8099e-04, -3.3976e-04, -8.9658e-04,  1.0172e-03,
        -1.1718e-03,  1.0920e-03,  7.8009e-04, -6.0736e-04, -9.0867e-05,
         6.5479e-04, -1.5207e-04,  5.2973e-04, -2.3783e-06, -1.7309e-04,
         8.4831e-04, -1.2985e-04,  6.5494e-04,  5.8872e-04,  1.7457e-04,
         7.6049e-04,  1.3072e-04,  4.8398e-04, -7.8868e-05, -1.0016e-03,
        -4.1771e-04, -4.4187e-04, -4.5875e-04, -1.1427e-05,  4.6543e-04,
        -5.8193e-04,  1.1745e-03,  4.2036e-04,  4.5863e-04, -1.4031e-04,
        -6.9914e-04,  1.1223e-03, -1.9711e-04, -6.6129e-04, -5.4115e-04,
         1.0819e-03, -2.4478e-04, -9.1721e-04,  1.0217e-03,  2.6964e-04,
        -4.5005e-04, -7.3235e-04, -5.4216e-04,  5.0666e-04,  9.7444e-04,
        -6.1780e-04,  4.8574e-04, -5.2992e-04,  1.0073e-03, -2.0633e-04,
        -5.2725e-04, -1.2188e-04,  2.1099e-04,  7.9173e-04,  6.3192e-04,
        -4.4742e-04, -5.7370e-05, -4.0224e-04,  3.2581e-04, -3.2271e-05,
        -6.2882e-04, -5.8680e-04,  8.4705e-04,  9.1539e-04,  5.5918e-04,
        -1.7074e-04], device='cuda:0', requires_grad=True)
parameters of the network fc2.weight 
 torch.Size([128, 256]) 
 True 
 tensor([[ 0.0050,  0.0405, -0.0256,  ...,  0.0191,  0.0500, -0.0132],
        [ 0.0025, -0.0078,  0.0036,  ...,  0.0101,  0.0268, -0.0548],
        [-0.0379,  0.0157,  0.0468,  ...,  0.0498, -0.0494,  0.0567],
        ...,
        [-0.0036,  0.0233,  0.0501,  ...,  0.0577,  0.0405, -0.0455],
        [-0.0106, -0.0545, -0.0569,  ..., -0.0233,  0.0044, -0.0015],
        [ 0.0401, -0.0299,  0.0559,  ...,  0.0338,  0.0502, -0.0327]],
       device='cuda:0') 
 Parameter containing:
tensor([[ 0.0050,  0.0405, -0.0256,  ...,  0.0191,  0.0500, -0.0132],
        [ 0.0025, -0.0078,  0.0036,  ...,  0.0101,  0.0268, -0.0548],
        [-0.0379,  0.0157,  0.0468,  ...,  0.0498, -0.0494,  0.0567],
        ...,
        [-0.0036,  0.0233,  0.0501,  ...,  0.0577,  0.0405, -0.0455],
        [-0.0106, -0.0545, -0.0569,  ..., -0.0233,  0.0044, -0.0015],
        [ 0.0401, -0.0299,  0.0559,  ...,  0.0338,  0.0502, -0.0327]],
       device='cuda:0', requires_grad=True)
parameters of the network fc2.bias 
 torch.Size([128]) 
 True 
 tensor([ 5.9588e-03, -2.1119e-02,  5.2914e-05,  2.8853e-02,  4.6189e-03,
        -5.2795e-02, -9.8808e-03, -2.7024e-02, -6.2224e-02, -3.4948e-02,
         5.3341e-02, -4.1849e-02, -7.7146e-03, -2.0460e-02,  2.9849e-02,
         5.5882e-02, -3.0695e-02, -2.9359e-02, -1.1168e-02, -3.2740e-02,
         3.1267e-02, -2.2994e-02, -2.0246e-02,  9.9383e-03, -3.5974e-02,
        -1.5185e-02, -4.8603e-02,  3.9237e-02, -3.3351e-02,  5.7164e-02,
        -4.7308e-02, -3.8791e-03, -7.8673e-04,  6.1496e-02,  1.5539e-02,
        -4.3738e-02,  2.9363e-02, -1.8745e-02, -2.4963e-02,  1.6793e-03,
        -1.5516e-02,  5.9083e-02, -4.6794e-02,  2.2167e-02, -2.4594e-02,
         4.1148e-02,  3.4690e-02, -6.1762e-03, -5.6573e-02, -1.0215e-02,
        -5.5388e-02,  3.6333e-02, -5.8032e-02,  6.0445e-02, -1.7486e-02,
        -3.6469e-02,  2.8818e-02,  5.7374e-03,  6.0468e-02, -5.3173e-02,
         3.6320e-02,  2.7115e-02, -1.9730e-02,  5.3630e-02,  3.3416e-02,
        -7.1293e-03,  3.6251e-03, -1.3828e-02, -5.4826e-02, -4.1215e-02,
        -2.7402e-03,  3.5569e-02, -1.6256e-02,  4.5067e-02,  3.6878e-02,
        -4.3749e-02,  3.4243e-02, -6.0362e-02,  1.1923e-03,  6.0125e-03,
        -2.8807e-02, -2.4939e-02,  5.2080e-02, -5.6347e-02,  3.3389e-03,
        -4.2904e-02,  8.8874e-03, -4.0729e-02, -4.9121e-02, -5.1444e-03,
        -3.1587e-02, -2.1023e-02,  6.0128e-02, -3.0865e-02,  1.9949e-03,
        -4.0293e-02,  5.7155e-02, -4.0254e-02,  2.5706e-03,  1.7287e-02,
        -2.5103e-02, -2.9716e-02, -1.5895e-02,  6.0147e-02, -3.5212e-02,
         4.1044e-02,  4.5498e-02,  6.0779e-02,  2.6301e-03,  2.7519e-02,
         2.6675e-02, -3.9605e-02,  3.8191e-02, -4.4377e-02, -1.7787e-02,
        -4.9775e-02,  5.3124e-02,  9.1339e-03, -3.8870e-02, -2.1375e-02,
        -1.7252e-02,  4.6150e-02, -2.9047e-02, -3.3751e-02,  6.2028e-02,
         1.3868e-02,  5.9444e-02, -3.9689e-02], device='cuda:0') 
 Parameter containing:
tensor([ 5.9588e-03, -2.1119e-02,  5.2914e-05,  2.8853e-02,  4.6189e-03,
        -5.2795e-02, -9.8808e-03, -2.7024e-02, -6.2224e-02, -3.4948e-02,
         5.3341e-02, -4.1849e-02, -7.7146e-03, -2.0460e-02,  2.9849e-02,
         5.5882e-02, -3.0695e-02, -2.9359e-02, -1.1168e-02, -3.2740e-02,
         3.1267e-02, -2.2994e-02, -2.0246e-02,  9.9383e-03, -3.5974e-02,
        -1.5185e-02, -4.8603e-02,  3.9237e-02, -3.3351e-02,  5.7164e-02,
        -4.7308e-02, -3.8791e-03, -7.8673e-04,  6.1496e-02,  1.5539e-02,
        -4.3738e-02,  2.9363e-02, -1.8745e-02, -2.4963e-02,  1.6793e-03,
        -1.5516e-02,  5.9083e-02, -4.6794e-02,  2.2167e-02, -2.4594e-02,
         4.1148e-02,  3.4690e-02, -6.1762e-03, -5.6573e-02, -1.0215e-02,
        -5.5388e-02,  3.6333e-02, -5.8032e-02,  6.0445e-02, -1.7486e-02,
        -3.6469e-02,  2.8818e-02,  5.7374e-03,  6.0468e-02, -5.3173e-02,
         3.6320e-02,  2.7115e-02, -1.9730e-02,  5.3630e-02,  3.3416e-02,
        -7.1293e-03,  3.6251e-03, -1.3828e-02, -5.4826e-02, -4.1215e-02,
        -2.7402e-03,  3.5569e-02, -1.6256e-02,  4.5067e-02,  3.6878e-02,
        -4.3749e-02,  3.4243e-02, -6.0362e-02,  1.1923e-03,  6.0125e-03,
        -2.8807e-02, -2.4939e-02,  5.2080e-02, -5.6347e-02,  3.3389e-03,
        -4.2904e-02,  8.8874e-03, -4.0729e-02, -4.9121e-02, -5.1444e-03,
        -3.1587e-02, -2.1023e-02,  6.0128e-02, -3.0865e-02,  1.9949e-03,
        -4.0293e-02,  5.7155e-02, -4.0254e-02,  2.5706e-03,  1.7287e-02,
        -2.5103e-02, -2.9716e-02, -1.5895e-02,  6.0147e-02, -3.5212e-02,
         4.1044e-02,  4.5498e-02,  6.0779e-02,  2.6301e-03,  2.7519e-02,
         2.6675e-02, -3.9605e-02,  3.8191e-02, -4.4377e-02, -1.7787e-02,
        -4.9775e-02,  5.3124e-02,  9.1339e-03, -3.8870e-02, -2.1375e-02,
        -1.7252e-02,  4.6150e-02, -2.9047e-02, -3.3751e-02,  6.2028e-02,
         1.3868e-02,  5.9444e-02, -3.9689e-02], device='cuda:0',
       requires_grad=True)
parameters of the network fc3.weight 
 torch.Size([64, 128]) 
 True 
 tensor([[ 0.0017,  0.0203, -0.0183,  ...,  0.0536, -0.0402,  0.0807],
        [ 0.0574, -0.0306, -0.0554,  ...,  0.0281, -0.0100, -0.0374],
        [-0.0659, -0.0051, -0.0440,  ...,  0.0726, -0.0651, -0.0104],
        ...,
        [ 0.0247,  0.0513,  0.0774,  ...,  0.0064,  0.0414,  0.0364],
        [-0.0221, -0.0603,  0.0536,  ..., -0.0815,  0.0854,  0.0491],
        [-0.0027,  0.0621,  0.0649,  ..., -0.0470,  0.0480, -0.0025]],
       device='cuda:0') 
 Parameter containing:
tensor([[ 0.0017,  0.0203, -0.0183,  ...,  0.0536, -0.0402,  0.0807],
        [ 0.0574, -0.0306, -0.0554,  ...,  0.0281, -0.0100, -0.0374],
        [-0.0659, -0.0051, -0.0440,  ...,  0.0726, -0.0651, -0.0104],
        ...,
        [ 0.0247,  0.0513,  0.0774,  ...,  0.0064,  0.0414,  0.0364],
        [-0.0221, -0.0603,  0.0536,  ..., -0.0815,  0.0854,  0.0491],
        [-0.0027,  0.0621,  0.0649,  ..., -0.0470,  0.0480, -0.0025]],
       device='cuda:0', requires_grad=True)
parameters of the network fc3.bias 
 torch.Size([64]) 
 True 
 tensor([ 0.0758,  0.0615, -0.0377,  0.0163,  0.0473, -0.0254, -0.0135, -0.0177,
        -0.0752, -0.0796,  0.0870, -0.0703,  0.0309,  0.0002, -0.0789,  0.0315,
        -0.0176, -0.0288,  0.0199,  0.0250,  0.0070,  0.0296, -0.0131, -0.0322,
         0.0756, -0.0710,  0.0798, -0.0445, -0.0749,  0.0018,  0.0445, -0.0245,
        -0.0252, -0.0493, -0.0029, -0.0807, -0.0734, -0.0044,  0.0311, -0.0086,
         0.0156,  0.0575, -0.0616,  0.0738,  0.0430, -0.0152, -0.0787, -0.0026,
         0.0382, -0.0762,  0.0083,  0.0243, -0.0121, -0.0670, -0.0248,  0.0487,
         0.0460, -0.0266, -0.0518,  0.0880,  0.0004,  0.0781, -0.0036, -0.0331],
       device='cuda:0') 
 Parameter containing:
tensor([ 0.0758,  0.0615, -0.0377,  0.0163,  0.0473, -0.0254, -0.0135, -0.0177,
        -0.0752, -0.0796,  0.0870, -0.0703,  0.0309,  0.0002, -0.0789,  0.0315,
        -0.0176, -0.0288,  0.0199,  0.0250,  0.0070,  0.0296, -0.0131, -0.0322,
         0.0756, -0.0710,  0.0798, -0.0445, -0.0749,  0.0018,  0.0445, -0.0245,
        -0.0252, -0.0493, -0.0029, -0.0807, -0.0734, -0.0044,  0.0311, -0.0086,
         0.0156,  0.0575, -0.0616,  0.0738,  0.0430, -0.0152, -0.0787, -0.0026,
         0.0382, -0.0762,  0.0083,  0.0243, -0.0121, -0.0670, -0.0248,  0.0487,
         0.0460, -0.0266, -0.0518,  0.0880,  0.0004,  0.0781, -0.0036, -0.0331],
       device='cuda:0', requires_grad=True)
parameters of the network fc4.weight 
 torch.Size([6796, 64]) 
 True 
 tensor([[-0.1080,  0.0141,  0.0431,  ...,  0.0320, -0.0886,  0.0862],
        [-0.0443,  0.0472, -0.0954,  ..., -0.0306,  0.0849, -0.0322],
        [-0.0848,  0.0533,  0.0110,  ...,  0.0395, -0.0678,  0.0114],
        ...,
        [-0.0496,  0.0282, -0.0318,  ...,  0.0633, -0.0508, -0.0286],
        [-0.0454, -0.0210, -0.0533,  ..., -0.0858, -0.1131,  0.0442],
        [ 0.0292, -0.0508,  0.0625,  ..., -0.0786,  0.0664,  0.0615]],
       device='cuda:0') 
 Parameter containing:
tensor([[-0.1080,  0.0141,  0.0431,  ...,  0.0320, -0.0886,  0.0862],
        [-0.0443,  0.0472, -0.0954,  ..., -0.0306,  0.0849, -0.0322],
        [-0.0848,  0.0533,  0.0110,  ...,  0.0395, -0.0678,  0.0114],
        ...,
        [-0.0496,  0.0282, -0.0318,  ...,  0.0633, -0.0508, -0.0286],
        [-0.0454, -0.0210, -0.0533,  ..., -0.0858, -0.1131,  0.0442],
        [ 0.0292, -0.0508,  0.0625,  ..., -0.0786,  0.0664,  0.0615]],
       device='cuda:0', requires_grad=True)
parameters of the network fc4.bias 
 torch.Size([6796]) 
 True 
 tensor([ 0.0467,  0.0008, -0.1184,  ...,  0.0532, -0.0480,  0.0065],
       device='cuda:0') 
 Parameter containing:
tensor([ 0.0467,  0.0008, -0.1184,  ...,  0.0532, -0.0480,  0.0065],
       device='cuda:0', requires_grad=True)
Traceback (most recent call last):
  File "/hpcfs/bes/mlgpu/hoseinkk/MLTracking/otherparticles/pppipi/pyt_pppipi_cnn_1/./Model.py", line 83, in <module>
    result1 = net(TraTen.reshape(-1,1,43,288)[0:20])
  File "/hpcfs/bes/mlgpu/hoseinkk/Miniconda3/envs/dgl1/lib/python3.9/site-packages/torch/nn/modules/module.py", line 1102, in _call_impl
    return forward_call(*input, **kwargs)
  File "/hpcfs/bes/mlgpu/hoseinkk/MLTracking/otherparticles/pppipi/pyt_pppipi_cnn_1/./Model.py", line 27, in forward
    x = F.relu(self.conv1(x))
  File "/hpcfs/bes/mlgpu/hoseinkk/Miniconda3/envs/dgl1/lib/python3.9/site-packages/torch/nn/modules/module.py", line 1102, in _call_impl
    return forward_call(*input, **kwargs)
  File "/hpcfs/bes/mlgpu/hoseinkk/Miniconda3/envs/dgl1/lib/python3.9/site-packages/torch/nn/modules/conv.py", line 446, in forward
    return self._conv_forward(input, self.weight, self.bias)
  File "/hpcfs/bes/mlgpu/hoseinkk/Miniconda3/envs/dgl1/lib/python3.9/site-packages/torch/nn/modules/conv.py", line 442, in _conv_forward
    return F.conv2d(input, weight, bias, self.stride,
RuntimeError: Input type (torch.FloatTensor) and weight type (torch.cuda.FloatTensor) should be the same or input should be a MKLDNN tensor and weight is a dense tensor

real	0m14.748s
user	0m9.074s
sys	0m3.701s
