0: cmsgpu001.ihep.ac.cn
GPU 0: NVIDIA A100-PCIE-40GB (UUID: GPU-83673d1f-01b2-490d-5bc6-a84aaf3ddc65)
Allocate GPU cards : 0

modinfo:
filename:       /lib/modules/3.10.0-1160.71.1.el7.x86_64/extra/nvidia.ko.xz
firmware:       nvidia/515.65.01/gsp.bin
alias:          char-major-195-*
version:        515.65.01
supported:      external
license:        NVIDIA
retpoline:      Y
rhelversion:    7.9
srcversion:     8049D44E2C1B08F41E1B8A6
alias:          pci:v000010DEd*sv*sd*bc06sc80i00*
alias:          pci:v000010DEd*sv*sd*bc03sc02i00*
alias:          pci:v000010DEd*sv*sd*bc03sc00i00*
depends:        drm
vermagic:       3.10.0-1160.71.1.el7.x86_64 SMP mod_unload modversions 
signer:         DKMS module signing key
sig_key:        9B:9E:55:A9:86:D9:50:0B:6D:2D:9F:BA:A7:E6:45:39:D4:DD:5F:C6
sig_hashalgo:   sha512
parm:           NvSwitchRegDwords:NvSwitch regkey (charp)
parm:           NvSwitchBlacklist:NvSwitchBlacklist=uuid[,uuid...] (charp)
parm:           NVreg_ResmanDebugLevel:int
parm:           NVreg_RmLogonRC:int
parm:           NVreg_ModifyDeviceFiles:int
parm:           NVreg_DeviceFileUID:int
parm:           NVreg_DeviceFileGID:int
parm:           NVreg_DeviceFileMode:int
parm:           NVreg_InitializeSystemMemoryAllocations:int
parm:           NVreg_UsePageAttributeTable:int
parm:           NVreg_EnablePCIeGen3:int
parm:           NVreg_EnableMSI:int
parm:           NVreg_TCEBypassMode:int
parm:           NVreg_EnableStreamMemOPs:int
parm:           NVreg_RestrictProfilingToAdminUsers:int
parm:           NVreg_PreserveVideoMemoryAllocations:int
parm:           NVreg_EnableS0ixPowerManagement:int
parm:           NVreg_S0ixPowerManagementVideoMemoryThreshold:int
parm:           NVreg_DynamicPowerManagement:int
parm:           NVreg_DynamicPowerManagementVideoMemoryThreshold:int
parm:           NVreg_EnableGpuFirmware:int
parm:           NVreg_EnableGpuFirmwareLogs:int
parm:           NVreg_OpenRmEnableUnsupportedGpus:int
parm:           NVreg_EnableUserNUMAManagement:int
parm:           NVreg_MemoryPoolSize:int
parm:           NVreg_KMallocHeapMaxSize:int
parm:           NVreg_VMallocHeapMaxSize:int
parm:           NVreg_IgnoreMMIOCheck:int
parm:           NVreg_NvLinkDisable:int
parm:           NVreg_EnablePCIERelaxedOrderingMode:int
parm:           NVreg_RegisterPCIDriver:int
parm:           NVreg_EnableDbgBreakpoint:int
parm:           NVreg_RegistryDwords:charp
parm:           NVreg_RegistryDwordsPerDevice:charp
parm:           NVreg_RmMsg:charp
parm:           NVreg_GpuBlacklist:charp
parm:           NVreg_TemporaryFilePath:charp
parm:           NVreg_ExcludedGpus:charp
parm:           NVreg_DmaRemapPeerMmio:int
parm:           rm_firmware_active:charp

nvidia-smi:
Mon Aug 29 15:02:56 2022       
+-----------------------------------------------------------------------------+
| NVIDIA-SMI 515.65.01    Driver Version: 515.65.01    CUDA Version: 11.7     |
|-------------------------------+----------------------+----------------------+
| GPU  Name        Persistence-M| Bus-Id        Disp.A | Volatile Uncorr. ECC |
| Fan  Temp  Perf  Pwr:Usage/Cap|         Memory-Usage | GPU-Util  Compute M. |
|                               |                      |               MIG M. |
|===============================+======================+======================|
|   0  NVIDIA A100-PCI...  On   | 00000000:3B:00.0 Off |                    0 |
| N/A   21C    P0    32W / 250W |      0MiB / 40960MiB |      0%      Default |
|                               |                      |             Disabled |
+-------------------------------+----------------------+----------------------+
                                                                               
+-----------------------------------------------------------------------------+
| Processes:                                                                  |
|  GPU   GI   CI        PID   Type   Process name                  GPU Memory |
|        ID   ID                                                   Usage      |
|=============================================================================|
|  No running processes found                                                 |
+-----------------------------------------------------------------------------+

nvcc --version:
nvcc: NVIDIA (R) Cuda compiler driver
Copyright (c) 2005-2021 NVIDIA Corporation
Built on Sun_Mar_21_19:15:46_PDT_2021
Cuda compilation tools, release 11.3, V11.3.58
Build cuda_11.3.r11.3/compiler.29745058_0

 torch version: 1.10.2

 cuda version: 11.3

 is cuda available: True

 CUDNN VERSION: 8200

 Number CUDA Devices: 1

 CUDA Device Name: NVIDIA A100-PCIE-40GB

 CUDA Device Total Memory [GB]: 42.358472704

 Device capability: (8, 0) 

 Cuda deviice: <torch.cuda.device object at 0x2b48213378e0> 

 Is cuda initialized: True

 CUDA_HOME: /hpcfs/bes/mlgpu/hoseinkk/Miniconda3/envs/dgl1

real	0m4.745s
user	0m2.570s
sys	0m1.170s
/hpcfs/bes/mlgpu/hoseinkk/Miniconda3/envs/dgl1/lib/python3.9/site-packages/cupy/_environment.py:438: UserWarning: 
--------------------------------------------------------------------------------

  CuPy may not function correctly because multiple CuPy packages are installed
  in your environment:

    cupy, cupy-cuda110

  Follow these steps to resolve this issue:

    1. For all packages listed above, run the following command to remove all
       existing CuPy installations:

         $ pip uninstall <package_name>

      If you previously installed CuPy via conda, also run the following:

         $ conda uninstall cupy

    2. Install the appropriate CuPy package.
       Refer to the Installation Guide for detailed instructions.

         https://docs.cupy.dev/en/stable/install.html

--------------------------------------------------------------------------------

  warnings.warn(f'''
/hpcfs/bes/mlgpu/hoseinkk/Miniconda3/envs/dgl1/lib/python3.9/site-packages/torch/nn/functional.py:1806: UserWarning: nn.functional.sigmoid is deprecated. Use torch.sigmoid instead.
  warnings.warn("nn.functional.sigmoid is deprecated. Use torch.sigmoid instead.")




 The Network ... 







 Loading data ... 



training set shape (20000, 43, 288) 
sum 5279207

target set shape (20000, 6796) 
sum 4575851
Net(
  (conv1): Conv2d(1, 256, kernel_size=(3, 3), stride=(1, 1))
  (conv2): Conv2d(256, 128, kernel_size=(3, 3), stride=(1, 1))
  (conv3): Conv2d(128, 64, kernel_size=(3, 3), stride=(1, 1))
  (fc1): Linear(in_features=667776, out_features=256, bias=True)
  (fc2): Linear(in_features=256, out_features=128, bias=True)
  (fc3): Linear(in_features=128, out_features=64, bias=True)
  (fc4): Linear(in_features=64, out_features=6796, bias=True)
)

number of the free parameters: 171805196
parameters of the network conv1.weight 
 torch.Size([256, 1, 3, 3]) 
 True 
 tensor([[[[-0.0853, -0.0994, -0.0252],
          [ 0.0227, -0.0618, -0.1785],
          [-0.0087, -0.1337, -0.2405]]],


        [[[ 0.3293,  0.0322,  0.0261],
          [-0.0708,  0.0930, -0.0555],
          [-0.0453,  0.2221,  0.2450]]],


        [[[ 0.2219, -0.2037,  0.2165],
          [ 0.0417,  0.0416,  0.0951],
          [-0.2097,  0.0081,  0.0398]]],


        ...,


        [[[ 0.3240,  0.2418, -0.3099],
          [-0.1885, -0.2192, -0.0260],
          [-0.0526, -0.2819,  0.0613]]],


        [[[ 0.1737, -0.3267,  0.1490],
          [-0.0016, -0.2963, -0.2063],
          [ 0.1404, -0.0169, -0.0808]]],


        [[[ 0.3328,  0.1144,  0.1348],
          [-0.2642,  0.0359, -0.1114],
          [ 0.0095,  0.1726, -0.2078]]]], device='cuda:0') 
 Parameter containing:
tensor([[[[-0.0853, -0.0994, -0.0252],
          [ 0.0227, -0.0618, -0.1785],
          [-0.0087, -0.1337, -0.2405]]],


        [[[ 0.3293,  0.0322,  0.0261],
          [-0.0708,  0.0930, -0.0555],
          [-0.0453,  0.2221,  0.2450]]],


        [[[ 0.2219, -0.2037,  0.2165],
          [ 0.0417,  0.0416,  0.0951],
          [-0.2097,  0.0081,  0.0398]]],


        ...,


        [[[ 0.3240,  0.2418, -0.3099],
          [-0.1885, -0.2192, -0.0260],
          [-0.0526, -0.2819,  0.0613]]],


        [[[ 0.1737, -0.3267,  0.1490],
          [-0.0016, -0.2963, -0.2063],
          [ 0.1404, -0.0169, -0.0808]]],


        [[[ 0.3328,  0.1144,  0.1348],
          [-0.2642,  0.0359, -0.1114],
          [ 0.0095,  0.1726, -0.2078]]]], device='cuda:0', requires_grad=True)
parameters of the network conv1.bias 
 torch.Size([256]) 
 True 
 tensor([ 2.6461e-01, -2.3024e-01, -1.8057e-01,  1.4987e-01,  3.1763e-01,
        -6.7234e-03, -1.3603e-01, -1.0911e-01, -3.3092e-01,  2.7238e-01,
        -2.9589e-01,  2.1801e-01, -2.9444e-01, -2.2526e-01, -2.2458e-01,
        -2.7151e-01,  2.7725e-01, -1.1944e-01, -1.5504e-01,  2.9583e-01,
         2.1668e-01, -1.6379e-01,  2.6111e-01,  7.2018e-02,  1.6034e-01,
         2.9390e-01,  1.7568e-01, -1.2808e-01,  2.4227e-01, -3.5620e-02,
        -1.9144e-01,  3.2943e-01, -3.0840e-01, -5.0705e-02, -2.8559e-01,
        -3.2286e-01,  9.8803e-02,  2.0008e-01, -3.1923e-01,  8.0489e-02,
         3.3097e-01, -2.3118e-01, -8.1115e-02,  1.4484e-01,  2.5787e-01,
         1.2369e-02, -4.2194e-03,  2.1272e-01, -1.1838e-01, -1.3785e-02,
         8.8817e-02, -8.3889e-02, -3.1935e-01,  2.7362e-01, -2.7526e-01,
        -2.0658e-01,  1.6589e-01, -2.2956e-01, -2.1053e-01,  3.1334e-01,
         1.4884e-01, -1.5960e-01,  1.4494e-01,  2.2390e-01,  1.6109e-01,
         2.5257e-01, -2.4215e-01,  6.5351e-03, -3.0270e-01,  3.2548e-01,
         3.0947e-01, -1.2629e-01, -2.2683e-01,  2.9956e-01,  2.8290e-01,
         6.1417e-02,  2.1077e-01, -5.1633e-02,  2.3379e-01, -2.9075e-01,
         1.0188e-01,  5.9752e-03,  1.0285e-02,  2.4772e-01,  2.6940e-01,
         1.9333e-01,  1.9938e-01,  2.1034e-01, -8.4100e-02, -2.0931e-01,
         1.6055e-01,  9.7370e-02, -1.7045e-01,  2.4041e-01,  1.1829e-01,
        -5.0382e-02,  3.8328e-02,  2.8764e-01,  2.0305e-01, -7.6058e-02,
         3.3075e-01,  1.2471e-01, -2.6152e-01,  5.2102e-02,  2.7748e-02,
        -1.1123e-01, -2.3849e-01,  2.0691e-01, -2.5039e-01, -1.3856e-01,
        -1.5930e-01,  2.5938e-01,  2.7015e-01,  8.8557e-03,  4.0247e-02,
         1.4886e-01, -1.7294e-02, -1.9317e-01,  8.0896e-02, -3.1786e-01,
        -1.8218e-01, -1.4577e-01,  3.3175e-01, -7.7857e-02,  2.5120e-01,
         8.8010e-02, -1.8148e-01, -1.1835e-01, -8.8069e-02, -2.8109e-01,
        -2.2039e-01,  1.5485e-01, -1.6730e-02,  2.0421e-01, -1.6456e-01,
         3.2967e-01,  2.8411e-02, -6.2305e-03,  1.8537e-01, -2.8605e-01,
        -2.6299e-02,  2.3843e-01, -3.2859e-01,  2.4990e-01, -9.7569e-02,
        -1.8768e-02,  2.7663e-02, -3.5164e-03, -4.6910e-02,  2.8507e-01,
        -9.7794e-03, -2.2369e-01, -2.2093e-01,  2.4993e-01,  3.9657e-02,
         7.2073e-02,  5.4384e-02, -1.1899e-01, -7.8241e-02,  1.3004e-01,
        -6.1799e-02, -1.1824e-01,  2.2297e-01, -6.0127e-02,  1.9876e-01,
        -1.7251e-01, -1.0023e-01,  3.2410e-01,  1.7607e-01, -1.9043e-01,
        -2.8498e-01,  2.0388e-01, -2.6578e-01,  1.2381e-01, -2.3308e-01,
         6.0180e-02,  1.2585e-01, -3.0771e-01, -3.3198e-01,  2.2509e-01,
        -1.9352e-05,  1.0035e-01, -3.2003e-01, -1.3734e-01, -1.4316e-01,
         2.3365e-01,  2.8243e-01,  2.9844e-03, -2.2190e-01, -1.7529e-02,
        -2.1489e-01, -1.0514e-01,  3.2461e-01,  2.6994e-01,  9.8790e-02,
         3.6310e-02, -2.2953e-01, -2.1208e-01, -1.7060e-01, -9.1399e-03,
        -1.9092e-01, -2.8902e-01,  1.1364e-01,  1.3963e-01, -2.6579e-01,
         1.0462e-01, -1.7699e-01,  2.6606e-01,  3.2344e-01,  2.4429e-02,
        -2.9528e-01, -1.8805e-01, -2.1062e-01, -5.1167e-02, -2.9937e-01,
        -2.1191e-01, -5.3730e-02, -1.9763e-01,  3.8408e-02,  7.7978e-02,
         1.6189e-01,  2.5275e-01, -2.0735e-01, -2.6479e-01,  2.9200e-01,
        -2.8043e-01, -9.0948e-03,  2.6915e-01,  3.2828e-01,  1.1115e-01,
        -2.2041e-01,  3.2347e-01, -9.0051e-02,  2.1439e-02, -8.8776e-02,
         4.9913e-02, -9.6259e-02, -1.6023e-01,  6.2654e-02,  1.6417e-01,
         2.0502e-01,  2.8881e-01, -2.5157e-01,  1.1061e-01, -1.0635e-01,
        -1.7394e-01,  4.6312e-02, -1.7016e-02,  2.7163e-01,  2.8195e-01,
        -2.2049e-01,  2.0194e-01,  1.0009e-01,  3.8464e-02,  6.2199e-02,
        -1.1666e-01], device='cuda:0') 
 Parameter containing:
tensor([ 2.6461e-01, -2.3024e-01, -1.8057e-01,  1.4987e-01,  3.1763e-01,
        -6.7234e-03, -1.3603e-01, -1.0911e-01, -3.3092e-01,  2.7238e-01,
        -2.9589e-01,  2.1801e-01, -2.9444e-01, -2.2526e-01, -2.2458e-01,
        -2.7151e-01,  2.7725e-01, -1.1944e-01, -1.5504e-01,  2.9583e-01,
         2.1668e-01, -1.6379e-01,  2.6111e-01,  7.2018e-02,  1.6034e-01,
         2.9390e-01,  1.7568e-01, -1.2808e-01,  2.4227e-01, -3.5620e-02,
        -1.9144e-01,  3.2943e-01, -3.0840e-01, -5.0705e-02, -2.8559e-01,
        -3.2286e-01,  9.8803e-02,  2.0008e-01, -3.1923e-01,  8.0489e-02,
         3.3097e-01, -2.3118e-01, -8.1115e-02,  1.4484e-01,  2.5787e-01,
         1.2369e-02, -4.2194e-03,  2.1272e-01, -1.1838e-01, -1.3785e-02,
         8.8817e-02, -8.3889e-02, -3.1935e-01,  2.7362e-01, -2.7526e-01,
        -2.0658e-01,  1.6589e-01, -2.2956e-01, -2.1053e-01,  3.1334e-01,
         1.4884e-01, -1.5960e-01,  1.4494e-01,  2.2390e-01,  1.6109e-01,
         2.5257e-01, -2.4215e-01,  6.5351e-03, -3.0270e-01,  3.2548e-01,
         3.0947e-01, -1.2629e-01, -2.2683e-01,  2.9956e-01,  2.8290e-01,
         6.1417e-02,  2.1077e-01, -5.1633e-02,  2.3379e-01, -2.9075e-01,
         1.0188e-01,  5.9752e-03,  1.0285e-02,  2.4772e-01,  2.6940e-01,
         1.9333e-01,  1.9938e-01,  2.1034e-01, -8.4100e-02, -2.0931e-01,
         1.6055e-01,  9.7370e-02, -1.7045e-01,  2.4041e-01,  1.1829e-01,
        -5.0382e-02,  3.8328e-02,  2.8764e-01,  2.0305e-01, -7.6058e-02,
         3.3075e-01,  1.2471e-01, -2.6152e-01,  5.2102e-02,  2.7748e-02,
        -1.1123e-01, -2.3849e-01,  2.0691e-01, -2.5039e-01, -1.3856e-01,
        -1.5930e-01,  2.5938e-01,  2.7015e-01,  8.8557e-03,  4.0247e-02,
         1.4886e-01, -1.7294e-02, -1.9317e-01,  8.0896e-02, -3.1786e-01,
        -1.8218e-01, -1.4577e-01,  3.3175e-01, -7.7857e-02,  2.5120e-01,
         8.8010e-02, -1.8148e-01, -1.1835e-01, -8.8069e-02, -2.8109e-01,
        -2.2039e-01,  1.5485e-01, -1.6730e-02,  2.0421e-01, -1.6456e-01,
         3.2967e-01,  2.8411e-02, -6.2305e-03,  1.8537e-01, -2.8605e-01,
        -2.6299e-02,  2.3843e-01, -3.2859e-01,  2.4990e-01, -9.7569e-02,
        -1.8768e-02,  2.7663e-02, -3.5164e-03, -4.6910e-02,  2.8507e-01,
        -9.7794e-03, -2.2369e-01, -2.2093e-01,  2.4993e-01,  3.9657e-02,
         7.2073e-02,  5.4384e-02, -1.1899e-01, -7.8241e-02,  1.3004e-01,
        -6.1799e-02, -1.1824e-01,  2.2297e-01, -6.0127e-02,  1.9876e-01,
        -1.7251e-01, -1.0023e-01,  3.2410e-01,  1.7607e-01, -1.9043e-01,
        -2.8498e-01,  2.0388e-01, -2.6578e-01,  1.2381e-01, -2.3308e-01,
         6.0180e-02,  1.2585e-01, -3.0771e-01, -3.3198e-01,  2.2509e-01,
        -1.9352e-05,  1.0035e-01, -3.2003e-01, -1.3734e-01, -1.4316e-01,
         2.3365e-01,  2.8243e-01,  2.9844e-03, -2.2190e-01, -1.7529e-02,
        -2.1489e-01, -1.0514e-01,  3.2461e-01,  2.6994e-01,  9.8790e-02,
         3.6310e-02, -2.2953e-01, -2.1208e-01, -1.7060e-01, -9.1399e-03,
        -1.9092e-01, -2.8902e-01,  1.1364e-01,  1.3963e-01, -2.6579e-01,
         1.0462e-01, -1.7699e-01,  2.6606e-01,  3.2344e-01,  2.4429e-02,
        -2.9528e-01, -1.8805e-01, -2.1062e-01, -5.1167e-02, -2.9937e-01,
        -2.1191e-01, -5.3730e-02, -1.9763e-01,  3.8408e-02,  7.7978e-02,
         1.6189e-01,  2.5275e-01, -2.0735e-01, -2.6479e-01,  2.9200e-01,
        -2.8043e-01, -9.0948e-03,  2.6915e-01,  3.2828e-01,  1.1115e-01,
        -2.2041e-01,  3.2347e-01, -9.0051e-02,  2.1439e-02, -8.8776e-02,
         4.9913e-02, -9.6259e-02, -1.6023e-01,  6.2654e-02,  1.6417e-01,
         2.0502e-01,  2.8881e-01, -2.5157e-01,  1.1061e-01, -1.0635e-01,
        -1.7394e-01,  4.6312e-02, -1.7016e-02,  2.7163e-01,  2.8195e-01,
        -2.2049e-01,  2.0194e-01,  1.0009e-01,  3.8464e-02,  6.2199e-02,
        -1.1666e-01], device='cuda:0', requires_grad=True)
parameters of the network conv2.weight 
 torch.Size([128, 256, 3, 3]) 
 True 
 tensor([[[[ 1.0036e-02, -2.9219e-03,  1.7742e-02],
          [-4.6185e-03,  1.8521e-02, -3.5585e-03],
          [-1.1086e-02, -1.1878e-02,  3.0622e-03]],

         [[-6.3560e-03,  1.9355e-03, -2.5500e-04],
          [ 2.0693e-03, -1.1044e-02, -1.6259e-02],
          [ 1.0562e-02, -1.5356e-02,  1.5687e-02]],

         [[-6.1818e-03,  1.9340e-03, -1.3595e-02],
          [-1.6619e-02, -5.7190e-03,  4.5028e-03],
          [ 4.5044e-03,  1.2864e-02,  2.7223e-03]],

         ...,

         [[-1.7261e-04,  1.6780e-02, -2.2954e-03],
          [-2.9497e-03, -8.9935e-03,  1.7077e-02],
          [ 1.7985e-02, -1.8932e-02,  9.3382e-03]],

         [[-1.4937e-02, -1.6088e-02, -1.0083e-02],
          [ 1.5168e-02,  4.3341e-04,  4.1481e-03],
          [ 1.7338e-02,  1.2762e-02,  1.9570e-02]],

         [[ 1.8088e-02,  3.6728e-03, -1.9966e-02],
          [-1.6113e-02, -8.8918e-03, -4.8880e-03],
          [-5.3471e-03, -1.2748e-02,  3.4360e-04]]],


        [[[ 1.8620e-02,  1.9603e-02,  3.6387e-03],
          [ 1.5930e-04,  2.8812e-03, -2.0470e-02],
          [-2.6123e-03, -4.1276e-03, -1.5671e-02]],

         [[ 3.1776e-04,  1.4387e-02, -1.4258e-03],
          [ 6.7432e-03, -1.7281e-02, -1.3597e-02],
          [ 5.5401e-03, -1.5235e-02,  5.0640e-03]],

         [[-9.9050e-03,  1.7107e-02, -9.9319e-03],
          [ 6.6052e-05,  8.5419e-03,  1.3013e-02],
          [ 1.7477e-02, -1.9415e-02, -1.5796e-02]],

         ...,

         [[ 8.3510e-03,  1.2347e-02, -1.0186e-02],
          [-2.0276e-02, -6.7537e-03,  2.1356e-03],
          [ 1.1567e-02,  1.2111e-02,  1.7600e-02]],

         [[ 1.2100e-02, -6.8667e-03,  1.6170e-02],
          [ 1.9029e-03,  9.4617e-03,  1.5735e-02],
          [ 1.0704e-02,  5.2412e-03, -2.0646e-02]],

         [[-1.5289e-02, -5.8986e-03,  1.5854e-02],
          [-1.9477e-02,  7.9553e-03, -5.2834e-03],
          [-1.2100e-02, -1.1220e-02, -1.9082e-02]]],


        [[[-2.2948e-03, -1.4859e-03, -1.0993e-02],
          [-2.0704e-02, -4.2126e-03, -1.3598e-02],
          [-1.8304e-02,  1.0209e-02,  1.9451e-02]],

         [[-9.6109e-03, -1.0474e-02, -6.8057e-03],
          [ 9.1399e-03, -1.1828e-02, -2.0283e-02],
          [-9.6202e-03, -1.5213e-03,  8.0907e-04]],

         [[-4.9158e-04,  2.7684e-03, -1.0394e-02],
          [ 4.5252e-03,  1.6400e-02,  8.5318e-04],
          [ 1.1832e-02,  7.5050e-03, -1.3930e-02]],

         ...,

         [[-6.2441e-04,  1.0056e-03,  5.4340e-03],
          [-5.1352e-03,  1.9253e-02, -1.9526e-02],
          [-1.5846e-02,  5.4388e-03, -5.9882e-03]],

         [[ 1.4516e-02,  1.3790e-02, -1.4321e-02],
          [-1.9580e-02, -1.6808e-02,  9.3952e-03],
          [ 1.3963e-02,  6.8158e-03, -2.7128e-03]],

         [[ 1.3047e-03,  9.5200e-03,  1.5250e-02],
          [ 2.0246e-02,  6.7447e-03, -1.5868e-02],
          [ 1.8849e-02,  1.9917e-02, -6.4395e-03]]],


        ...,


        [[[-1.7806e-02, -1.2701e-02,  7.0932e-03],
          [-2.0513e-02,  1.6069e-02,  8.0358e-03],
          [ 1.7171e-02, -1.4608e-03,  8.7030e-04]],

         [[ 6.7853e-03,  1.3590e-02,  1.1710e-03],
          [-1.6117e-03, -5.8770e-04, -1.1100e-02],
          [-1.0805e-02, -1.0640e-02,  1.1656e-03]],

         [[-1.1398e-02, -1.2086e-02, -1.4472e-02],
          [ 1.4147e-02, -1.4462e-02,  1.4710e-02],
          [-3.8412e-03,  5.3735e-03, -6.8335e-03]],

         ...,

         [[-1.2908e-02,  4.0743e-03, -1.0059e-02],
          [-5.0975e-03,  1.3175e-02, -8.2182e-05],
          [ 1.1680e-02,  1.3685e-02, -1.7149e-02]],

         [[-2.0120e-02, -2.0282e-02, -1.9730e-02],
          [ 3.1621e-03,  2.0208e-02, -1.4305e-02],
          [ 2.0101e-03, -3.8287e-03, -1.5125e-02]],

         [[-4.2547e-03, -1.0962e-02,  1.9096e-02],
          [ 5.5204e-03, -1.2522e-02, -1.1011e-02],
          [-1.0521e-02,  7.9162e-03, -1.9482e-02]]],


        [[[-6.7173e-04,  7.1774e-04,  1.6736e-02],
          [-1.8310e-02, -1.8254e-02,  8.7765e-03],
          [-1.2536e-02,  1.3784e-02, -2.7041e-03]],

         [[ 1.3071e-02, -1.5382e-02,  1.7308e-02],
          [-1.0571e-02,  1.5908e-02, -9.2773e-03],
          [ 1.5682e-03,  5.1418e-03, -4.5247e-03]],

         [[-1.0555e-02,  1.8544e-03, -1.4385e-02],
          [ 9.1759e-03, -1.8765e-03,  1.4586e-02],
          [-4.0704e-03, -9.4202e-03, -1.9058e-02]],

         ...,

         [[-1.6545e-02, -1.1719e-02, -1.2241e-02],
          [ 1.0996e-02,  1.3135e-02,  5.7731e-03],
          [ 8.0763e-03,  4.9196e-04,  5.1809e-03]],

         [[ 4.5194e-03, -5.9408e-03, -1.1947e-02],
          [ 1.7337e-02, -1.3309e-02, -1.6018e-02],
          [-8.6800e-03, -5.7139e-03, -1.9827e-02]],

         [[-1.2179e-02,  4.0932e-03,  1.0194e-03],
          [-1.7220e-02, -2.9457e-03, -1.4015e-02],
          [ 1.6317e-03, -9.5219e-03,  1.3877e-02]]],


        [[[-3.5531e-03, -1.8590e-02, -1.8408e-02],
          [ 1.1117e-02, -7.4405e-03,  1.4870e-02],
          [-1.0999e-02, -1.5299e-02, -1.4443e-02]],

         [[-1.9972e-02, -1.3779e-02, -5.5938e-03],
          [ 1.5457e-02,  7.7324e-03, -9.1159e-03],
          [-1.7842e-02,  1.8885e-02, -1.9210e-02]],

         [[-6.8443e-03, -1.6211e-02,  2.0620e-02],
          [ 6.6673e-03, -6.3576e-04,  1.8293e-02],
          [-7.6931e-03,  1.2265e-03, -6.3063e-03]],

         ...,

         [[ 1.9965e-02, -1.0767e-02, -2.0626e-02],
          [-1.5925e-02,  5.8714e-03, -1.2140e-02],
          [-6.9123e-03,  6.9963e-03, -1.1788e-02]],

         [[-1.3406e-02,  2.1597e-03,  1.3640e-02],
          [-1.6785e-02, -1.0301e-02, -1.6949e-02],
          [ 1.7883e-02,  1.8593e-02, -1.3547e-02]],

         [[-1.9262e-02, -1.5643e-02,  8.7231e-03],
          [ 6.7562e-04, -6.5241e-03, -1.0225e-02],
          [-3.1041e-03,  3.9758e-03,  1.6037e-02]]]], device='cuda:0') 
 Parameter containing:
tensor([[[[ 1.0036e-02, -2.9219e-03,  1.7742e-02],
          [-4.6185e-03,  1.8521e-02, -3.5585e-03],
          [-1.1086e-02, -1.1878e-02,  3.0622e-03]],

         [[-6.3560e-03,  1.9355e-03, -2.5500e-04],
          [ 2.0693e-03, -1.1044e-02, -1.6259e-02],
          [ 1.0562e-02, -1.5356e-02,  1.5687e-02]],

         [[-6.1818e-03,  1.9340e-03, -1.3595e-02],
          [-1.6619e-02, -5.7190e-03,  4.5028e-03],
          [ 4.5044e-03,  1.2864e-02,  2.7223e-03]],

         ...,

         [[-1.7261e-04,  1.6780e-02, -2.2954e-03],
          [-2.9497e-03, -8.9935e-03,  1.7077e-02],
          [ 1.7985e-02, -1.8932e-02,  9.3382e-03]],

         [[-1.4937e-02, -1.6088e-02, -1.0083e-02],
          [ 1.5168e-02,  4.3341e-04,  4.1481e-03],
          [ 1.7338e-02,  1.2762e-02,  1.9570e-02]],

         [[ 1.8088e-02,  3.6728e-03, -1.9966e-02],
          [-1.6113e-02, -8.8918e-03, -4.8880e-03],
          [-5.3471e-03, -1.2748e-02,  3.4360e-04]]],


        [[[ 1.8620e-02,  1.9603e-02,  3.6387e-03],
          [ 1.5930e-04,  2.8812e-03, -2.0470e-02],
          [-2.6123e-03, -4.1276e-03, -1.5671e-02]],

         [[ 3.1776e-04,  1.4387e-02, -1.4258e-03],
          [ 6.7432e-03, -1.7281e-02, -1.3597e-02],
          [ 5.5401e-03, -1.5235e-02,  5.0640e-03]],

         [[-9.9050e-03,  1.7107e-02, -9.9319e-03],
          [ 6.6052e-05,  8.5419e-03,  1.3013e-02],
          [ 1.7477e-02, -1.9415e-02, -1.5796e-02]],

         ...,

         [[ 8.3510e-03,  1.2347e-02, -1.0186e-02],
          [-2.0276e-02, -6.7537e-03,  2.1356e-03],
          [ 1.1567e-02,  1.2111e-02,  1.7600e-02]],

         [[ 1.2100e-02, -6.8667e-03,  1.6170e-02],
          [ 1.9029e-03,  9.4617e-03,  1.5735e-02],
          [ 1.0704e-02,  5.2412e-03, -2.0646e-02]],

         [[-1.5289e-02, -5.8986e-03,  1.5854e-02],
          [-1.9477e-02,  7.9553e-03, -5.2834e-03],
          [-1.2100e-02, -1.1220e-02, -1.9082e-02]]],


        [[[-2.2948e-03, -1.4859e-03, -1.0993e-02],
          [-2.0704e-02, -4.2126e-03, -1.3598e-02],
          [-1.8304e-02,  1.0209e-02,  1.9451e-02]],

         [[-9.6109e-03, -1.0474e-02, -6.8057e-03],
          [ 9.1399e-03, -1.1828e-02, -2.0283e-02],
          [-9.6202e-03, -1.5213e-03,  8.0907e-04]],

         [[-4.9158e-04,  2.7684e-03, -1.0394e-02],
          [ 4.5252e-03,  1.6400e-02,  8.5318e-04],
          [ 1.1832e-02,  7.5050e-03, -1.3930e-02]],

         ...,

         [[-6.2441e-04,  1.0056e-03,  5.4340e-03],
          [-5.1352e-03,  1.9253e-02, -1.9526e-02],
          [-1.5846e-02,  5.4388e-03, -5.9882e-03]],

         [[ 1.4516e-02,  1.3790e-02, -1.4321e-02],
          [-1.9580e-02, -1.6808e-02,  9.3952e-03],
          [ 1.3963e-02,  6.8158e-03, -2.7128e-03]],

         [[ 1.3047e-03,  9.5200e-03,  1.5250e-02],
          [ 2.0246e-02,  6.7447e-03, -1.5868e-02],
          [ 1.8849e-02,  1.9917e-02, -6.4395e-03]]],


        ...,


        [[[-1.7806e-02, -1.2701e-02,  7.0932e-03],
          [-2.0513e-02,  1.6069e-02,  8.0358e-03],
          [ 1.7171e-02, -1.4608e-03,  8.7030e-04]],

         [[ 6.7853e-03,  1.3590e-02,  1.1710e-03],
          [-1.6117e-03, -5.8770e-04, -1.1100e-02],
          [-1.0805e-02, -1.0640e-02,  1.1656e-03]],

         [[-1.1398e-02, -1.2086e-02, -1.4472e-02],
          [ 1.4147e-02, -1.4462e-02,  1.4710e-02],
          [-3.8412e-03,  5.3735e-03, -6.8335e-03]],

         ...,

         [[-1.2908e-02,  4.0743e-03, -1.0059e-02],
          [-5.0975e-03,  1.3175e-02, -8.2182e-05],
          [ 1.1680e-02,  1.3685e-02, -1.7149e-02]],

         [[-2.0120e-02, -2.0282e-02, -1.9730e-02],
          [ 3.1621e-03,  2.0208e-02, -1.4305e-02],
          [ 2.0101e-03, -3.8287e-03, -1.5125e-02]],

         [[-4.2547e-03, -1.0962e-02,  1.9096e-02],
          [ 5.5204e-03, -1.2522e-02, -1.1011e-02],
          [-1.0521e-02,  7.9162e-03, -1.9482e-02]]],


        [[[-6.7173e-04,  7.1774e-04,  1.6736e-02],
          [-1.8310e-02, -1.8254e-02,  8.7765e-03],
          [-1.2536e-02,  1.3784e-02, -2.7041e-03]],

         [[ 1.3071e-02, -1.5382e-02,  1.7308e-02],
          [-1.0571e-02,  1.5908e-02, -9.2773e-03],
          [ 1.5682e-03,  5.1418e-03, -4.5247e-03]],

         [[-1.0555e-02,  1.8544e-03, -1.4385e-02],
          [ 9.1759e-03, -1.8765e-03,  1.4586e-02],
          [-4.0704e-03, -9.4202e-03, -1.9058e-02]],

         ...,

         [[-1.6545e-02, -1.1719e-02, -1.2241e-02],
          [ 1.0996e-02,  1.3135e-02,  5.7731e-03],
          [ 8.0763e-03,  4.9196e-04,  5.1809e-03]],

         [[ 4.5194e-03, -5.9408e-03, -1.1947e-02],
          [ 1.7337e-02, -1.3309e-02, -1.6018e-02],
          [-8.6800e-03, -5.7139e-03, -1.9827e-02]],

         [[-1.2179e-02,  4.0932e-03,  1.0194e-03],
          [-1.7220e-02, -2.9457e-03, -1.4015e-02],
          [ 1.6317e-03, -9.5219e-03,  1.3877e-02]]],


        [[[-3.5531e-03, -1.8590e-02, -1.8408e-02],
          [ 1.1117e-02, -7.4405e-03,  1.4870e-02],
          [-1.0999e-02, -1.5299e-02, -1.4443e-02]],

         [[-1.9972e-02, -1.3779e-02, -5.5938e-03],
          [ 1.5457e-02,  7.7324e-03, -9.1159e-03],
          [-1.7842e-02,  1.8885e-02, -1.9210e-02]],

         [[-6.8443e-03, -1.6211e-02,  2.0620e-02],
          [ 6.6673e-03, -6.3576e-04,  1.8293e-02],
          [-7.6931e-03,  1.2265e-03, -6.3063e-03]],

         ...,

         [[ 1.9965e-02, -1.0767e-02, -2.0626e-02],
          [-1.5925e-02,  5.8714e-03, -1.2140e-02],
          [-6.9123e-03,  6.9963e-03, -1.1788e-02]],

         [[-1.3406e-02,  2.1597e-03,  1.3640e-02],
          [-1.6785e-02, -1.0301e-02, -1.6949e-02],
          [ 1.7883e-02,  1.8593e-02, -1.3547e-02]],

         [[-1.9262e-02, -1.5643e-02,  8.7231e-03],
          [ 6.7562e-04, -6.5241e-03, -1.0225e-02],
          [-3.1041e-03,  3.9758e-03,  1.6037e-02]]]], device='cuda:0',
       requires_grad=True)
parameters of the network conv2.bias 
 torch.Size([128]) 
 True 
 tensor([ 1.6384e-03,  1.4252e-02, -5.4080e-03, -1.3853e-02, -1.7609e-02,
         4.8832e-03,  7.4522e-03,  2.0057e-02, -2.2239e-03,  1.9370e-02,
        -5.4015e-03, -1.4740e-02,  1.8106e-02,  6.6135e-03, -1.4635e-02,
        -1.2506e-02, -4.8901e-03,  7.3281e-03, -1.3713e-02, -7.8351e-03,
        -1.7543e-02, -1.8872e-02, -1.1504e-02, -1.9626e-02,  1.1815e-02,
         1.7031e-02, -3.8660e-04,  6.2475e-03, -1.1518e-02, -4.6492e-03,
        -1.2108e-02,  8.8174e-03,  1.5424e-02, -8.1688e-03,  4.9125e-03,
        -2.8794e-04, -2.1968e-03,  4.1200e-03, -1.7637e-02,  5.4310e-03,
         9.5962e-03,  7.6449e-03,  1.3146e-02, -4.6853e-03, -1.1454e-02,
        -1.2233e-02,  2.4612e-03,  7.3479e-03, -1.0806e-02, -1.8999e-02,
         2.1728e-04,  1.3433e-02,  1.3746e-02, -4.0888e-03, -2.1429e-03,
        -8.7443e-03,  9.4737e-03, -1.2825e-02,  3.0527e-03,  9.2495e-04,
         3.9554e-03,  9.9816e-03, -9.1509e-03, -1.8176e-02,  1.3839e-02,
         4.7571e-03, -1.7749e-02, -1.1058e-03,  2.0812e-02,  1.7169e-03,
         1.7924e-02,  8.9035e-03,  1.4222e-02,  1.1835e-02,  6.5159e-03,
        -2.5178e-03,  3.1626e-03,  1.2078e-02,  1.4233e-02,  2.0222e-02,
         9.4349e-03, -1.2617e-02, -1.4631e-02,  9.8390e-05,  2.0618e-02,
         1.5398e-02,  1.4839e-02,  8.6068e-03, -1.8790e-02,  8.1985e-03,
         1.8121e-02, -1.8551e-02,  4.1776e-03, -1.8518e-02,  2.0836e-03,
        -1.7400e-02,  2.0159e-02, -7.4264e-03,  6.1528e-04, -1.5168e-04,
         1.9797e-03,  6.6074e-03,  2.0448e-03,  8.0117e-03, -3.1783e-03,
         1.8259e-03,  4.7027e-04,  1.8049e-02,  1.8399e-02,  3.6457e-03,
         1.5497e-02, -9.0980e-03, -6.0343e-03, -9.1172e-03, -1.8044e-02,
         9.5386e-03,  6.3398e-03, -1.5653e-02, -1.1606e-02,  1.2126e-02,
         4.7425e-03,  3.7046e-03,  1.4438e-02, -1.6437e-02,  1.6019e-02,
         4.5659e-04,  5.4892e-03,  9.9197e-03], device='cuda:0') 
 Parameter containing:
tensor([ 1.6384e-03,  1.4252e-02, -5.4080e-03, -1.3853e-02, -1.7609e-02,
         4.8832e-03,  7.4522e-03,  2.0057e-02, -2.2239e-03,  1.9370e-02,
        -5.4015e-03, -1.4740e-02,  1.8106e-02,  6.6135e-03, -1.4635e-02,
        -1.2506e-02, -4.8901e-03,  7.3281e-03, -1.3713e-02, -7.8351e-03,
        -1.7543e-02, -1.8872e-02, -1.1504e-02, -1.9626e-02,  1.1815e-02,
         1.7031e-02, -3.8660e-04,  6.2475e-03, -1.1518e-02, -4.6492e-03,
        -1.2108e-02,  8.8174e-03,  1.5424e-02, -8.1688e-03,  4.9125e-03,
        -2.8794e-04, -2.1968e-03,  4.1200e-03, -1.7637e-02,  5.4310e-03,
         9.5962e-03,  7.6449e-03,  1.3146e-02, -4.6853e-03, -1.1454e-02,
        -1.2233e-02,  2.4612e-03,  7.3479e-03, -1.0806e-02, -1.8999e-02,
         2.1728e-04,  1.3433e-02,  1.3746e-02, -4.0888e-03, -2.1429e-03,
        -8.7443e-03,  9.4737e-03, -1.2825e-02,  3.0527e-03,  9.2495e-04,
         3.9554e-03,  9.9816e-03, -9.1509e-03, -1.8176e-02,  1.3839e-02,
         4.7571e-03, -1.7749e-02, -1.1058e-03,  2.0812e-02,  1.7169e-03,
         1.7924e-02,  8.9035e-03,  1.4222e-02,  1.1835e-02,  6.5159e-03,
        -2.5178e-03,  3.1626e-03,  1.2078e-02,  1.4233e-02,  2.0222e-02,
         9.4349e-03, -1.2617e-02, -1.4631e-02,  9.8390e-05,  2.0618e-02,
         1.5398e-02,  1.4839e-02,  8.6068e-03, -1.8790e-02,  8.1985e-03,
         1.8121e-02, -1.8551e-02,  4.1776e-03, -1.8518e-02,  2.0836e-03,
        -1.7400e-02,  2.0159e-02, -7.4264e-03,  6.1528e-04, -1.5168e-04,
         1.9797e-03,  6.6074e-03,  2.0448e-03,  8.0117e-03, -3.1783e-03,
         1.8259e-03,  4.7027e-04,  1.8049e-02,  1.8399e-02,  3.6457e-03,
         1.5497e-02, -9.0980e-03, -6.0343e-03, -9.1172e-03, -1.8044e-02,
         9.5386e-03,  6.3398e-03, -1.5653e-02, -1.1606e-02,  1.2126e-02,
         4.7425e-03,  3.7046e-03,  1.4438e-02, -1.6437e-02,  1.6019e-02,
         4.5659e-04,  5.4892e-03,  9.9197e-03], device='cuda:0',
       requires_grad=True)
parameters of the network conv3.weight 
 torch.Size([64, 128, 3, 3]) 
 True 
 tensor([[[[-0.0257,  0.0226, -0.0065],
          [-0.0010, -0.0212, -0.0019],
          [-0.0274,  0.0167, -0.0063]],

         [[ 0.0012,  0.0083, -0.0081],
          [-0.0177, -0.0206, -0.0027],
          [-0.0274, -0.0092, -0.0196]],

         [[-0.0260, -0.0094,  0.0009],
          [-0.0180,  0.0219, -0.0240],
          [ 0.0180, -0.0148,  0.0215]],

         ...,

         [[ 0.0239, -0.0265,  0.0215],
          [ 0.0039, -0.0095, -0.0171],
          [ 0.0090, -0.0093,  0.0189]],

         [[-0.0216, -0.0050, -0.0078],
          [ 0.0136,  0.0197, -0.0015],
          [-0.0080,  0.0226,  0.0045]],

         [[ 0.0170, -0.0005,  0.0153],
          [ 0.0082,  0.0166, -0.0158],
          [-0.0043, -0.0087,  0.0142]]],


        [[[ 0.0031, -0.0252,  0.0243],
          [ 0.0178,  0.0140,  0.0259],
          [ 0.0082, -0.0183,  0.0216]],

         [[-0.0248, -0.0048, -0.0166],
          [ 0.0214,  0.0040, -0.0224],
          [-0.0221,  0.0152,  0.0144]],

         [[ 0.0266, -0.0210,  0.0284],
          [-0.0040, -0.0269, -0.0252],
          [-0.0231,  0.0188,  0.0239]],

         ...,

         [[-0.0230,  0.0100,  0.0268],
          [ 0.0253,  0.0244, -0.0238],
          [ 0.0186, -0.0096,  0.0076]],

         [[ 0.0138,  0.0058, -0.0153],
          [ 0.0043, -0.0190, -0.0052],
          [ 0.0121, -0.0145,  0.0223]],

         [[-0.0245, -0.0108,  0.0010],
          [-0.0157,  0.0118, -0.0125],
          [ 0.0102, -0.0058, -0.0047]]],


        [[[ 0.0268,  0.0076, -0.0235],
          [ 0.0035,  0.0126, -0.0030],
          [-0.0157, -0.0011, -0.0241]],

         [[ 0.0115, -0.0206, -0.0038],
          [-0.0216,  0.0188,  0.0138],
          [-0.0102,  0.0126,  0.0195]],

         [[-0.0259, -0.0230,  0.0002],
          [ 0.0281,  0.0198,  0.0255],
          [ 0.0236,  0.0170,  0.0022]],

         ...,

         [[-0.0001,  0.0143, -0.0216],
          [-0.0103,  0.0258, -0.0103],
          [ 0.0089, -0.0027,  0.0273]],

         [[ 0.0229,  0.0255,  0.0194],
          [-0.0165,  0.0220, -0.0082],
          [-0.0017,  0.0269,  0.0125]],

         [[-0.0087,  0.0130,  0.0233],
          [-0.0152, -0.0011,  0.0154],
          [ 0.0012, -0.0095, -0.0154]]],


        ...,


        [[[-0.0152, -0.0207,  0.0271],
          [-0.0152,  0.0010, -0.0159],
          [-0.0064, -0.0202,  0.0102]],

         [[ 0.0066,  0.0031, -0.0117],
          [-0.0221, -0.0051, -0.0260],
          [ 0.0253,  0.0258,  0.0097]],

         [[-0.0094, -0.0283, -0.0191],
          [ 0.0095, -0.0076,  0.0228],
          [-0.0155,  0.0282, -0.0025]],

         ...,

         [[-0.0114, -0.0050, -0.0222],
          [ 0.0070, -0.0099,  0.0113],
          [ 0.0233,  0.0269,  0.0100]],

         [[-0.0033, -0.0232, -0.0183],
          [-0.0286,  0.0050, -0.0027],
          [-0.0218,  0.0097, -0.0091]],

         [[ 0.0051, -0.0231, -0.0115],
          [ 0.0190,  0.0254, -0.0055],
          [ 0.0279,  0.0130, -0.0250]]],


        [[[ 0.0243,  0.0294, -0.0116],
          [ 0.0093,  0.0270, -0.0242],
          [ 0.0098,  0.0099,  0.0115]],

         [[ 0.0103, -0.0206, -0.0098],
          [ 0.0213, -0.0256, -0.0275],
          [-0.0010, -0.0091, -0.0127]],

         [[-0.0029,  0.0071,  0.0283],
          [ 0.0098, -0.0167,  0.0293],
          [-0.0207, -0.0144, -0.0098]],

         ...,

         [[-0.0079,  0.0005,  0.0249],
          [-0.0283,  0.0011, -0.0061],
          [-0.0269,  0.0136, -0.0253]],

         [[ 0.0040, -0.0058,  0.0242],
          [-0.0185,  0.0200,  0.0049],
          [ 0.0005,  0.0154,  0.0277]],

         [[-0.0129,  0.0060, -0.0153],
          [ 0.0210, -0.0161, -0.0133],
          [-0.0133,  0.0081,  0.0202]]],


        [[[ 0.0160,  0.0137,  0.0229],
          [ 0.0185, -0.0179,  0.0203],
          [-0.0075,  0.0130, -0.0275]],

         [[-0.0274, -0.0137, -0.0158],
          [ 0.0040,  0.0034, -0.0256],
          [-0.0057,  0.0096, -0.0129]],

         [[-0.0143, -0.0135,  0.0234],
          [-0.0182, -0.0134, -0.0013],
          [-0.0102, -0.0186, -0.0149]],

         ...,

         [[-0.0109, -0.0149, -0.0101],
          [ 0.0271, -0.0290, -0.0211],
          [-0.0162,  0.0186,  0.0002]],

         [[-0.0169,  0.0089, -0.0148],
          [ 0.0183, -0.0223,  0.0221],
          [-0.0159, -0.0230, -0.0028]],

         [[ 0.0197, -0.0092,  0.0114],
          [ 0.0278,  0.0177, -0.0043],
          [ 0.0216, -0.0054, -0.0167]]]], device='cuda:0') 
 Parameter containing:
tensor([[[[-0.0257,  0.0226, -0.0065],
          [-0.0010, -0.0212, -0.0019],
          [-0.0274,  0.0167, -0.0063]],

         [[ 0.0012,  0.0083, -0.0081],
          [-0.0177, -0.0206, -0.0027],
          [-0.0274, -0.0092, -0.0196]],

         [[-0.0260, -0.0094,  0.0009],
          [-0.0180,  0.0219, -0.0240],
          [ 0.0180, -0.0148,  0.0215]],

         ...,

         [[ 0.0239, -0.0265,  0.0215],
          [ 0.0039, -0.0095, -0.0171],
          [ 0.0090, -0.0093,  0.0189]],

         [[-0.0216, -0.0050, -0.0078],
          [ 0.0136,  0.0197, -0.0015],
          [-0.0080,  0.0226,  0.0045]],

         [[ 0.0170, -0.0005,  0.0153],
          [ 0.0082,  0.0166, -0.0158],
          [-0.0043, -0.0087,  0.0142]]],


        [[[ 0.0031, -0.0252,  0.0243],
          [ 0.0178,  0.0140,  0.0259],
          [ 0.0082, -0.0183,  0.0216]],

         [[-0.0248, -0.0048, -0.0166],
          [ 0.0214,  0.0040, -0.0224],
          [-0.0221,  0.0152,  0.0144]],

         [[ 0.0266, -0.0210,  0.0284],
          [-0.0040, -0.0269, -0.0252],
          [-0.0231,  0.0188,  0.0239]],

         ...,

         [[-0.0230,  0.0100,  0.0268],
          [ 0.0253,  0.0244, -0.0238],
          [ 0.0186, -0.0096,  0.0076]],

         [[ 0.0138,  0.0058, -0.0153],
          [ 0.0043, -0.0190, -0.0052],
          [ 0.0121, -0.0145,  0.0223]],

         [[-0.0245, -0.0108,  0.0010],
          [-0.0157,  0.0118, -0.0125],
          [ 0.0102, -0.0058, -0.0047]]],


        [[[ 0.0268,  0.0076, -0.0235],
          [ 0.0035,  0.0126, -0.0030],
          [-0.0157, -0.0011, -0.0241]],

         [[ 0.0115, -0.0206, -0.0038],
          [-0.0216,  0.0188,  0.0138],
          [-0.0102,  0.0126,  0.0195]],

         [[-0.0259, -0.0230,  0.0002],
          [ 0.0281,  0.0198,  0.0255],
          [ 0.0236,  0.0170,  0.0022]],

         ...,

         [[-0.0001,  0.0143, -0.0216],
          [-0.0103,  0.0258, -0.0103],
          [ 0.0089, -0.0027,  0.0273]],

         [[ 0.0229,  0.0255,  0.0194],
          [-0.0165,  0.0220, -0.0082],
          [-0.0017,  0.0269,  0.0125]],

         [[-0.0087,  0.0130,  0.0233],
          [-0.0152, -0.0011,  0.0154],
          [ 0.0012, -0.0095, -0.0154]]],


        ...,


        [[[-0.0152, -0.0207,  0.0271],
          [-0.0152,  0.0010, -0.0159],
          [-0.0064, -0.0202,  0.0102]],

         [[ 0.0066,  0.0031, -0.0117],
          [-0.0221, -0.0051, -0.0260],
          [ 0.0253,  0.0258,  0.0097]],

         [[-0.0094, -0.0283, -0.0191],
          [ 0.0095, -0.0076,  0.0228],
          [-0.0155,  0.0282, -0.0025]],

         ...,

         [[-0.0114, -0.0050, -0.0222],
          [ 0.0070, -0.0099,  0.0113],
          [ 0.0233,  0.0269,  0.0100]],

         [[-0.0033, -0.0232, -0.0183],
          [-0.0286,  0.0050, -0.0027],
          [-0.0218,  0.0097, -0.0091]],

         [[ 0.0051, -0.0231, -0.0115],
          [ 0.0190,  0.0254, -0.0055],
          [ 0.0279,  0.0130, -0.0250]]],


        [[[ 0.0243,  0.0294, -0.0116],
          [ 0.0093,  0.0270, -0.0242],
          [ 0.0098,  0.0099,  0.0115]],

         [[ 0.0103, -0.0206, -0.0098],
          [ 0.0213, -0.0256, -0.0275],
          [-0.0010, -0.0091, -0.0127]],

         [[-0.0029,  0.0071,  0.0283],
          [ 0.0098, -0.0167,  0.0293],
          [-0.0207, -0.0144, -0.0098]],

         ...,

         [[-0.0079,  0.0005,  0.0249],
          [-0.0283,  0.0011, -0.0061],
          [-0.0269,  0.0136, -0.0253]],

         [[ 0.0040, -0.0058,  0.0242],
          [-0.0185,  0.0200,  0.0049],
          [ 0.0005,  0.0154,  0.0277]],

         [[-0.0129,  0.0060, -0.0153],
          [ 0.0210, -0.0161, -0.0133],
          [-0.0133,  0.0081,  0.0202]]],


        [[[ 0.0160,  0.0137,  0.0229],
          [ 0.0185, -0.0179,  0.0203],
          [-0.0075,  0.0130, -0.0275]],

         [[-0.0274, -0.0137, -0.0158],
          [ 0.0040,  0.0034, -0.0256],
          [-0.0057,  0.0096, -0.0129]],

         [[-0.0143, -0.0135,  0.0234],
          [-0.0182, -0.0134, -0.0013],
          [-0.0102, -0.0186, -0.0149]],

         ...,

         [[-0.0109, -0.0149, -0.0101],
          [ 0.0271, -0.0290, -0.0211],
          [-0.0162,  0.0186,  0.0002]],

         [[-0.0169,  0.0089, -0.0148],
          [ 0.0183, -0.0223,  0.0221],
          [-0.0159, -0.0230, -0.0028]],

         [[ 0.0197, -0.0092,  0.0114],
          [ 0.0278,  0.0177, -0.0043],
          [ 0.0216, -0.0054, -0.0167]]]], device='cuda:0', requires_grad=True)
parameters of the network conv3.bias 
 torch.Size([64]) 
 True 
 tensor([-0.0175, -0.0062, -0.0087,  0.0194,  0.0191,  0.0069, -0.0164,  0.0231,
        -0.0036,  0.0128,  0.0204, -0.0167, -0.0068,  0.0026, -0.0255,  0.0276,
         0.0100, -0.0045, -0.0230,  0.0059, -0.0097, -0.0044,  0.0166,  0.0203,
         0.0003,  0.0080,  0.0111, -0.0180,  0.0225, -0.0049,  0.0048,  0.0254,
        -0.0067, -0.0279, -0.0220, -0.0161, -0.0001, -0.0037, -0.0255, -0.0279,
         0.0016,  0.0010,  0.0206,  0.0163,  0.0062, -0.0215, -0.0165,  0.0015,
        -0.0165, -0.0028,  0.0111, -0.0084,  0.0084, -0.0032,  0.0184,  0.0018,
        -0.0287, -0.0250, -0.0046,  0.0176, -0.0031,  0.0112,  0.0075, -0.0049],
       device='cuda:0') 
 Parameter containing:
tensor([-0.0175, -0.0062, -0.0087,  0.0194,  0.0191,  0.0069, -0.0164,  0.0231,
        -0.0036,  0.0128,  0.0204, -0.0167, -0.0068,  0.0026, -0.0255,  0.0276,
         0.0100, -0.0045, -0.0230,  0.0059, -0.0097, -0.0044,  0.0166,  0.0203,
         0.0003,  0.0080,  0.0111, -0.0180,  0.0225, -0.0049,  0.0048,  0.0254,
        -0.0067, -0.0279, -0.0220, -0.0161, -0.0001, -0.0037, -0.0255, -0.0279,
         0.0016,  0.0010,  0.0206,  0.0163,  0.0062, -0.0215, -0.0165,  0.0015,
        -0.0165, -0.0028,  0.0111, -0.0084,  0.0084, -0.0032,  0.0184,  0.0018,
        -0.0287, -0.0250, -0.0046,  0.0176, -0.0031,  0.0112,  0.0075, -0.0049],
       device='cuda:0', requires_grad=True)
parameters of the network fc1.weight 
 torch.Size([256, 667776]) 
 True 
 tensor([[-0.0009,  0.0005, -0.0002,  ...,  0.0007, -0.0003,  0.0004],
        [ 0.0006,  0.0011,  0.0004,  ..., -0.0002, -0.0004,  0.0010],
        [-0.0010,  0.0009, -0.0001,  ..., -0.0006, -0.0001,  0.0008],
        ...,
        [ 0.0003,  0.0003, -0.0009,  ..., -0.0002,  0.0010, -0.0005],
        [-0.0002, -0.0005,  0.0010,  ...,  0.0004, -0.0003,  0.0005],
        [ 0.0004, -0.0005,  0.0005,  ...,  0.0005, -0.0009, -0.0011]],
       device='cuda:0') 
 Parameter containing:
tensor([[-0.0009,  0.0005, -0.0002,  ...,  0.0007, -0.0003,  0.0004],
        [ 0.0006,  0.0011,  0.0004,  ..., -0.0002, -0.0004,  0.0010],
        [-0.0010,  0.0009, -0.0001,  ..., -0.0006, -0.0001,  0.0008],
        ...,
        [ 0.0003,  0.0003, -0.0009,  ..., -0.0002,  0.0010, -0.0005],
        [-0.0002, -0.0005,  0.0010,  ...,  0.0004, -0.0003,  0.0005],
        [ 0.0004, -0.0005,  0.0005,  ...,  0.0005, -0.0009, -0.0011]],
       device='cuda:0', requires_grad=True)
parameters of the network fc1.bias 
 torch.Size([256]) 
 True 
 tensor([ 3.3842e-04, -5.3034e-05,  6.6929e-04,  1.0726e-03, -5.2426e-04,
         2.8790e-04, -3.9280e-05, -1.0693e-03,  4.9347e-04,  5.3651e-04,
        -2.9394e-04, -7.6666e-04, -7.5477e-04, -1.0359e-03,  2.6125e-04,
        -1.3673e-04, -5.3264e-04, -1.2123e-03,  1.1193e-03, -4.6343e-04,
         3.5535e-04, -1.9776e-04, -9.1203e-04, -2.9008e-04, -2.7951e-04,
        -7.1021e-04,  5.1954e-04,  2.7360e-04, -5.0878e-04,  6.9644e-04,
        -1.0064e-03, -5.5627e-04,  7.1095e-05, -1.1297e-03,  1.2965e-04,
        -3.8755e-04,  1.1309e-03,  4.8610e-04, -3.6607e-04,  4.0230e-04,
        -5.9140e-04, -7.0383e-04, -6.0289e-04,  8.2994e-04,  1.0652e-03,
        -3.1553e-04,  1.0668e-03,  1.0865e-03,  1.1554e-03, -2.4315e-04,
         5.5049e-04,  4.6072e-04, -2.2381e-04,  1.6761e-04,  6.2369e-04,
        -2.3312e-06, -4.5737e-04, -5.8415e-05,  4.4574e-04,  9.6356e-04,
        -1.1373e-03, -4.5064e-04,  5.8049e-04, -9.4186e-04,  9.1525e-04,
        -8.9418e-04,  1.0900e-03, -9.0601e-04, -6.0589e-04,  3.2723e-05,
         1.0823e-03, -6.6083e-04, -2.8419e-04, -8.4091e-04,  3.0805e-04,
         4.7405e-04, -9.0783e-04, -1.1909e-03,  1.1725e-03,  6.9574e-04,
         7.6054e-04,  8.8145e-04,  1.1816e-03,  1.8243e-04,  4.1764e-05,
         1.0360e-03,  2.2115e-04,  1.1956e-03,  5.1865e-04,  2.3642e-04,
        -3.6116e-04,  2.2250e-05,  1.1327e-03, -1.1114e-04,  2.7005e-05,
         2.6449e-04,  2.8755e-04, -2.1801e-04,  7.1244e-04, -1.0861e-03,
         2.6282e-04,  8.5682e-04,  4.9972e-04, -1.0846e-03,  7.1394e-04,
         2.1352e-04, -1.1269e-03,  3.6265e-04, -1.0379e-03,  2.8729e-04,
        -5.7271e-04, -3.2098e-04, -2.8043e-04, -3.1484e-04,  1.2115e-03,
         6.5409e-04,  7.0672e-04,  9.3449e-04, -1.1635e-03,  1.4986e-04,
        -2.6872e-04,  7.0730e-04,  3.9185e-04,  9.0536e-04, -7.2796e-04,
         1.0100e-03, -1.1558e-03,  1.1058e-03,  4.5463e-04, -4.3364e-04,
         8.4492e-04, -4.8074e-04, -6.3890e-04,  4.3178e-04, -3.4955e-04,
         4.4608e-04, -1.1202e-03, -8.3651e-04, -8.0903e-04, -3.9720e-04,
        -1.0268e-03,  2.0554e-04, -3.9145e-04,  2.6292e-04, -4.6408e-04,
         1.0662e-03,  3.1820e-04, -9.8720e-04,  6.8720e-04,  1.8656e-04,
        -1.1176e-03,  9.5867e-04, -9.7298e-04, -1.0844e-03,  9.1227e-04,
         1.3939e-05, -1.0333e-04, -3.3008e-04, -1.3398e-04, -6.7248e-04,
         1.0814e-03, -6.5783e-04,  9.8246e-04, -9.5333e-04, -1.1411e-04,
         1.1047e-03,  3.2172e-04,  6.9890e-04, -7.4386e-05, -2.7929e-04,
        -6.6528e-04, -1.1556e-04, -8.3719e-04,  7.6681e-04, -6.1981e-04,
         3.7768e-04,  8.3844e-04, -2.3538e-04,  4.4975e-04,  4.9786e-05,
        -2.1401e-04,  1.1484e-03,  8.1453e-04, -4.4988e-04, -4.9265e-04,
        -1.2546e-04,  7.4434e-04,  3.5376e-04, -2.4757e-04, -4.9174e-04,
         3.7407e-04,  7.4198e-04, -8.2510e-04, -8.3471e-04,  3.8457e-04,
        -3.1644e-04, -6.9901e-05, -7.8113e-04,  1.1994e-03,  1.7943e-04,
         1.0543e-03, -1.1882e-04, -3.4224e-04,  1.1509e-03, -4.1102e-05,
         1.6334e-04,  7.2361e-04, -5.2885e-04, -2.6941e-04, -1.1212e-03,
        -8.7205e-04,  8.1170e-04,  2.0351e-05,  1.0322e-04, -4.7503e-04,
        -1.2221e-03,  3.2286e-04, -1.4979e-04,  9.1013e-04,  5.1212e-04,
        -3.6919e-04, -3.6073e-04, -4.7707e-04, -3.1508e-04,  2.3498e-04,
         9.0994e-04,  2.1630e-04, -7.6050e-04, -1.0259e-03, -2.9868e-04,
         7.3303e-04,  2.8653e-04,  2.6137e-04,  1.1060e-03, -4.5364e-04,
         7.9913e-04, -1.6765e-04,  4.7100e-04,  6.9910e-04,  8.1929e-04,
         5.0473e-05,  8.3997e-04, -1.4524e-04,  9.4243e-04,  1.8362e-04,
         1.1523e-03, -8.2051e-04,  1.1678e-03,  1.0023e-03,  4.2743e-04,
         1.1195e-04, -4.6052e-04, -2.3892e-04,  4.0295e-04,  5.6770e-04,
         6.4946e-04], device='cuda:0') 
 Parameter containing:
tensor([ 3.3842e-04, -5.3034e-05,  6.6929e-04,  1.0726e-03, -5.2426e-04,
         2.8790e-04, -3.9280e-05, -1.0693e-03,  4.9347e-04,  5.3651e-04,
        -2.9394e-04, -7.6666e-04, -7.5477e-04, -1.0359e-03,  2.6125e-04,
        -1.3673e-04, -5.3264e-04, -1.2123e-03,  1.1193e-03, -4.6343e-04,
         3.5535e-04, -1.9776e-04, -9.1203e-04, -2.9008e-04, -2.7951e-04,
        -7.1021e-04,  5.1954e-04,  2.7360e-04, -5.0878e-04,  6.9644e-04,
        -1.0064e-03, -5.5627e-04,  7.1095e-05, -1.1297e-03,  1.2965e-04,
        -3.8755e-04,  1.1309e-03,  4.8610e-04, -3.6607e-04,  4.0230e-04,
        -5.9140e-04, -7.0383e-04, -6.0289e-04,  8.2994e-04,  1.0652e-03,
        -3.1553e-04,  1.0668e-03,  1.0865e-03,  1.1554e-03, -2.4315e-04,
         5.5049e-04,  4.6072e-04, -2.2381e-04,  1.6761e-04,  6.2369e-04,
        -2.3312e-06, -4.5737e-04, -5.8415e-05,  4.4574e-04,  9.6356e-04,
        -1.1373e-03, -4.5064e-04,  5.8049e-04, -9.4186e-04,  9.1525e-04,
        -8.9418e-04,  1.0900e-03, -9.0601e-04, -6.0589e-04,  3.2723e-05,
         1.0823e-03, -6.6083e-04, -2.8419e-04, -8.4091e-04,  3.0805e-04,
         4.7405e-04, -9.0783e-04, -1.1909e-03,  1.1725e-03,  6.9574e-04,
         7.6054e-04,  8.8145e-04,  1.1816e-03,  1.8243e-04,  4.1764e-05,
         1.0360e-03,  2.2115e-04,  1.1956e-03,  5.1865e-04,  2.3642e-04,
        -3.6116e-04,  2.2250e-05,  1.1327e-03, -1.1114e-04,  2.7005e-05,
         2.6449e-04,  2.8755e-04, -2.1801e-04,  7.1244e-04, -1.0861e-03,
         2.6282e-04,  8.5682e-04,  4.9972e-04, -1.0846e-03,  7.1394e-04,
         2.1352e-04, -1.1269e-03,  3.6265e-04, -1.0379e-03,  2.8729e-04,
        -5.7271e-04, -3.2098e-04, -2.8043e-04, -3.1484e-04,  1.2115e-03,
         6.5409e-04,  7.0672e-04,  9.3449e-04, -1.1635e-03,  1.4986e-04,
        -2.6872e-04,  7.0730e-04,  3.9185e-04,  9.0536e-04, -7.2796e-04,
         1.0100e-03, -1.1558e-03,  1.1058e-03,  4.5463e-04, -4.3364e-04,
         8.4492e-04, -4.8074e-04, -6.3890e-04,  4.3178e-04, -3.4955e-04,
         4.4608e-04, -1.1202e-03, -8.3651e-04, -8.0903e-04, -3.9720e-04,
        -1.0268e-03,  2.0554e-04, -3.9145e-04,  2.6292e-04, -4.6408e-04,
         1.0662e-03,  3.1820e-04, -9.8720e-04,  6.8720e-04,  1.8656e-04,
        -1.1176e-03,  9.5867e-04, -9.7298e-04, -1.0844e-03,  9.1227e-04,
         1.3939e-05, -1.0333e-04, -3.3008e-04, -1.3398e-04, -6.7248e-04,
         1.0814e-03, -6.5783e-04,  9.8246e-04, -9.5333e-04, -1.1411e-04,
         1.1047e-03,  3.2172e-04,  6.9890e-04, -7.4386e-05, -2.7929e-04,
        -6.6528e-04, -1.1556e-04, -8.3719e-04,  7.6681e-04, -6.1981e-04,
         3.7768e-04,  8.3844e-04, -2.3538e-04,  4.4975e-04,  4.9786e-05,
        -2.1401e-04,  1.1484e-03,  8.1453e-04, -4.4988e-04, -4.9265e-04,
        -1.2546e-04,  7.4434e-04,  3.5376e-04, -2.4757e-04, -4.9174e-04,
         3.7407e-04,  7.4198e-04, -8.2510e-04, -8.3471e-04,  3.8457e-04,
        -3.1644e-04, -6.9901e-05, -7.8113e-04,  1.1994e-03,  1.7943e-04,
         1.0543e-03, -1.1882e-04, -3.4224e-04,  1.1509e-03, -4.1102e-05,
         1.6334e-04,  7.2361e-04, -5.2885e-04, -2.6941e-04, -1.1212e-03,
        -8.7205e-04,  8.1170e-04,  2.0351e-05,  1.0322e-04, -4.7503e-04,
        -1.2221e-03,  3.2286e-04, -1.4979e-04,  9.1013e-04,  5.1212e-04,
        -3.6919e-04, -3.6073e-04, -4.7707e-04, -3.1508e-04,  2.3498e-04,
         9.0994e-04,  2.1630e-04, -7.6050e-04, -1.0259e-03, -2.9868e-04,
         7.3303e-04,  2.8653e-04,  2.6137e-04,  1.1060e-03, -4.5364e-04,
         7.9913e-04, -1.6765e-04,  4.7100e-04,  6.9910e-04,  8.1929e-04,
         5.0473e-05,  8.3997e-04, -1.4524e-04,  9.4243e-04,  1.8362e-04,
         1.1523e-03, -8.2051e-04,  1.1678e-03,  1.0023e-03,  4.2743e-04,
         1.1195e-04, -4.6052e-04, -2.3892e-04,  4.0295e-04,  5.6770e-04,
         6.4946e-04], device='cuda:0', requires_grad=True)
parameters of the network fc2.weight 
 torch.Size([128, 256]) 
 True 
 tensor([[ 0.0501, -0.0540,  0.0193,  ..., -0.0220,  0.0279, -0.0112],
        [ 0.0394, -0.0530, -0.0425,  ..., -0.0238, -0.0251,  0.0339],
        [ 0.0025, -0.0042, -0.0074,  ..., -0.0274, -0.0615, -0.0265],
        ...,
        [-0.0049, -0.0546,  0.0230,  ...,  0.0151,  0.0036,  0.0539],
        [ 0.0604, -0.0325, -0.0038,  ..., -0.0271, -0.0428, -0.0393],
        [ 0.0116, -0.0046,  0.0428,  ..., -0.0004,  0.0612,  0.0545]],
       device='cuda:0') 
 Parameter containing:
tensor([[ 0.0501, -0.0540,  0.0193,  ..., -0.0220,  0.0279, -0.0112],
        [ 0.0394, -0.0530, -0.0425,  ..., -0.0238, -0.0251,  0.0339],
        [ 0.0025, -0.0042, -0.0074,  ..., -0.0274, -0.0615, -0.0265],
        ...,
        [-0.0049, -0.0546,  0.0230,  ...,  0.0151,  0.0036,  0.0539],
        [ 0.0604, -0.0325, -0.0038,  ..., -0.0271, -0.0428, -0.0393],
        [ 0.0116, -0.0046,  0.0428,  ..., -0.0004,  0.0612,  0.0545]],
       device='cuda:0', requires_grad=True)
parameters of the network fc2.bias 
 torch.Size([128]) 
 True 
 tensor([ 4.6287e-02, -4.8807e-04,  2.6429e-02,  8.6196e-03,  1.1126e-02,
         2.4140e-03,  4.6623e-02,  3.6383e-02,  3.7815e-02,  3.9156e-02,
         4.6034e-02,  1.1145e-02, -3.2368e-02,  9.4186e-03,  1.0412e-02,
        -4.0155e-02, -5.0107e-02, -2.6174e-02, -4.6656e-02,  3.0463e-02,
         1.6516e-02,  3.6868e-02, -1.4160e-02,  5.3747e-02, -5.1918e-02,
        -1.7616e-02,  9.9803e-03, -5.5938e-02, -5.8908e-03, -4.3219e-03,
         1.9811e-05, -3.5958e-02, -5.6164e-02, -4.2276e-02,  1.8624e-02,
         3.6910e-02, -2.3634e-02,  5.2402e-03,  4.6156e-02,  4.6420e-02,
        -2.5198e-02, -3.9748e-02,  7.6899e-03, -2.2045e-02,  1.0073e-03,
         2.7141e-02, -3.3884e-02, -2.1011e-02, -5.4559e-02, -2.3810e-02,
         3.5217e-02, -9.0802e-03,  5.8846e-02, -1.5927e-02, -3.5118e-02,
        -4.8326e-03,  5.9162e-02,  4.2176e-02,  2.4051e-02, -3.4041e-03,
        -8.3789e-03,  2.6639e-02,  4.0311e-02,  1.2404e-02, -7.5782e-03,
         6.2460e-02, -5.7810e-02,  4.1132e-02, -8.5678e-03, -1.5637e-02,
        -2.0241e-02, -6.2323e-02,  4.1889e-02, -3.4617e-02, -1.2174e-02,
        -3.1237e-02,  4.9327e-02, -3.4143e-02,  2.1163e-03, -3.9781e-02,
         1.0684e-02,  3.3627e-02,  3.3557e-03, -2.4609e-02,  2.6149e-02,
        -3.6210e-02, -5.9603e-02, -1.2207e-02, -1.0806e-02, -7.4648e-03,
        -1.5504e-02, -2.5745e-04,  1.4622e-03, -4.2759e-03,  4.5925e-02,
         5.2730e-02, -4.4477e-02, -1.7235e-02,  5.1992e-02, -5.9357e-02,
        -4.7043e-02,  5.8649e-02, -3.8179e-02, -2.4669e-03, -3.2012e-02,
         3.2789e-02,  3.1587e-02,  1.6377e-02, -3.4754e-02, -2.6647e-02,
        -7.8027e-04,  3.1259e-02,  5.2101e-02,  4.2817e-02, -9.0452e-04,
         4.8992e-02,  9.6961e-03, -5.2752e-02, -5.3477e-02, -5.4779e-02,
         2.7870e-02,  5.1735e-03,  1.8618e-03,  5.5267e-02, -2.1361e-02,
         6.0120e-02, -3.6816e-02, -5.9955e-03], device='cuda:0') 
 Parameter containing:
tensor([ 4.6287e-02, -4.8807e-04,  2.6429e-02,  8.6196e-03,  1.1126e-02,
         2.4140e-03,  4.6623e-02,  3.6383e-02,  3.7815e-02,  3.9156e-02,
         4.6034e-02,  1.1145e-02, -3.2368e-02,  9.4186e-03,  1.0412e-02,
        -4.0155e-02, -5.0107e-02, -2.6174e-02, -4.6656e-02,  3.0463e-02,
         1.6516e-02,  3.6868e-02, -1.4160e-02,  5.3747e-02, -5.1918e-02,
        -1.7616e-02,  9.9803e-03, -5.5938e-02, -5.8908e-03, -4.3219e-03,
         1.9811e-05, -3.5958e-02, -5.6164e-02, -4.2276e-02,  1.8624e-02,
         3.6910e-02, -2.3634e-02,  5.2402e-03,  4.6156e-02,  4.6420e-02,
        -2.5198e-02, -3.9748e-02,  7.6899e-03, -2.2045e-02,  1.0073e-03,
         2.7141e-02, -3.3884e-02, -2.1011e-02, -5.4559e-02, -2.3810e-02,
         3.5217e-02, -9.0802e-03,  5.8846e-02, -1.5927e-02, -3.5118e-02,
        -4.8326e-03,  5.9162e-02,  4.2176e-02,  2.4051e-02, -3.4041e-03,
        -8.3789e-03,  2.6639e-02,  4.0311e-02,  1.2404e-02, -7.5782e-03,
         6.2460e-02, -5.7810e-02,  4.1132e-02, -8.5678e-03, -1.5637e-02,
        -2.0241e-02, -6.2323e-02,  4.1889e-02, -3.4617e-02, -1.2174e-02,
        -3.1237e-02,  4.9327e-02, -3.4143e-02,  2.1163e-03, -3.9781e-02,
         1.0684e-02,  3.3627e-02,  3.3557e-03, -2.4609e-02,  2.6149e-02,
        -3.6210e-02, -5.9603e-02, -1.2207e-02, -1.0806e-02, -7.4648e-03,
        -1.5504e-02, -2.5745e-04,  1.4622e-03, -4.2759e-03,  4.5925e-02,
         5.2730e-02, -4.4477e-02, -1.7235e-02,  5.1992e-02, -5.9357e-02,
        -4.7043e-02,  5.8649e-02, -3.8179e-02, -2.4669e-03, -3.2012e-02,
         3.2789e-02,  3.1587e-02,  1.6377e-02, -3.4754e-02, -2.6647e-02,
        -7.8027e-04,  3.1259e-02,  5.2101e-02,  4.2817e-02, -9.0452e-04,
         4.8992e-02,  9.6961e-03, -5.2752e-02, -5.3477e-02, -5.4779e-02,
         2.7870e-02,  5.1735e-03,  1.8618e-03,  5.5267e-02, -2.1361e-02,
         6.0120e-02, -3.6816e-02, -5.9955e-03], device='cuda:0',
       requires_grad=True)
parameters of the network fc3.weight 
 torch.Size([64, 128]) 
 True 
 tensor([[ 0.0008,  0.0324,  0.0858,  ..., -0.0025,  0.0338,  0.0119],
        [-0.0516,  0.0088,  0.0478,  ...,  0.0247, -0.0689, -0.0551],
        [ 0.0573,  0.0506, -0.0491,  ..., -0.0680,  0.0861,  0.0499],
        ...,
        [-0.0413,  0.0009,  0.0282,  ..., -0.0583, -0.0112, -0.0112],
        [-0.0433, -0.0816, -0.0244,  ...,  0.0433, -0.0546,  0.0215],
        [-0.0503, -0.0450,  0.0308,  ...,  0.0530, -0.0398, -0.0430]],
       device='cuda:0') 
 Parameter containing:
tensor([[ 0.0008,  0.0324,  0.0858,  ..., -0.0025,  0.0338,  0.0119],
        [-0.0516,  0.0088,  0.0478,  ...,  0.0247, -0.0689, -0.0551],
        [ 0.0573,  0.0506, -0.0491,  ..., -0.0680,  0.0861,  0.0499],
        ...,
        [-0.0413,  0.0009,  0.0282,  ..., -0.0583, -0.0112, -0.0112],
        [-0.0433, -0.0816, -0.0244,  ...,  0.0433, -0.0546,  0.0215],
        [-0.0503, -0.0450,  0.0308,  ...,  0.0530, -0.0398, -0.0430]],
       device='cuda:0', requires_grad=True)
parameters of the network fc3.bias 
 torch.Size([64]) 
 True 
 tensor([-2.8313e-02,  4.3471e-02, -1.7439e-02, -4.2523e-02, -2.7586e-02,
        -1.0937e-02,  6.0738e-02, -4.6584e-03,  5.3476e-02, -4.3354e-02,
         9.2716e-03,  3.1317e-02,  6.0715e-02,  8.4408e-02,  3.2519e-02,
        -3.0894e-02, -4.6178e-02, -3.8112e-02,  2.5156e-02,  7.5452e-02,
        -6.0679e-02, -1.1304e-02, -1.0588e-02, -8.0910e-03, -5.8820e-02,
         8.8075e-02,  4.5003e-02, -1.5953e-02,  7.1258e-02, -5.8607e-03,
        -2.9812e-02, -6.4384e-02, -5.4540e-02, -5.3590e-05, -1.1948e-02,
         6.4093e-02, -4.4279e-02, -8.7250e-04,  6.9970e-02, -6.3562e-02,
         6.0708e-02,  6.4484e-02,  7.2512e-03, -4.4359e-02,  8.5300e-02,
        -5.7550e-02,  2.7178e-02, -4.0456e-02, -1.9787e-02,  8.4682e-02,
        -7.2659e-02,  8.3996e-02,  7.7226e-02,  4.3647e-02,  3.9268e-02,
        -7.8230e-02, -2.6441e-02,  3.3225e-02,  7.4366e-02,  3.0864e-02,
         1.7121e-02,  8.8030e-02,  3.1293e-02,  6.2514e-02], device='cuda:0') 
 Parameter containing:
tensor([-2.8313e-02,  4.3471e-02, -1.7439e-02, -4.2523e-02, -2.7586e-02,
        -1.0937e-02,  6.0738e-02, -4.6584e-03,  5.3476e-02, -4.3354e-02,
         9.2716e-03,  3.1317e-02,  6.0715e-02,  8.4408e-02,  3.2519e-02,
        -3.0894e-02, -4.6178e-02, -3.8112e-02,  2.5156e-02,  7.5452e-02,
        -6.0679e-02, -1.1304e-02, -1.0588e-02, -8.0910e-03, -5.8820e-02,
         8.8075e-02,  4.5003e-02, -1.5953e-02,  7.1258e-02, -5.8607e-03,
        -2.9812e-02, -6.4384e-02, -5.4540e-02, -5.3590e-05, -1.1948e-02,
         6.4093e-02, -4.4279e-02, -8.7250e-04,  6.9970e-02, -6.3562e-02,
         6.0708e-02,  6.4484e-02,  7.2512e-03, -4.4359e-02,  8.5300e-02,
        -5.7550e-02,  2.7178e-02, -4.0456e-02, -1.9787e-02,  8.4682e-02,
        -7.2659e-02,  8.3996e-02,  7.7226e-02,  4.3647e-02,  3.9268e-02,
        -7.8230e-02, -2.6441e-02,  3.3225e-02,  7.4366e-02,  3.0864e-02,
         1.7121e-02,  8.8030e-02,  3.1293e-02,  6.2514e-02], device='cuda:0',
       requires_grad=True)
parameters of the network fc4.weight 
 torch.Size([6796, 64]) 
 True 
 tensor([[-0.0234,  0.0564, -0.0111,  ...,  0.0262, -0.0706, -0.0485],
        [-0.1207,  0.0186,  0.1229,  ..., -0.0763,  0.1050, -0.0655],
        [-0.0090, -0.0338,  0.1080,  ...,  0.1029,  0.0660,  0.0343],
        ...,
        [ 0.0237,  0.1187,  0.0551,  ..., -0.0330, -0.0020, -0.1004],
        [-0.0770,  0.0538,  0.0154,  ..., -0.0009, -0.0567, -0.1137],
        [-0.0378,  0.0369,  0.0738,  ..., -0.0381, -0.0252,  0.0981]],
       device='cuda:0') 
 Parameter containing:
tensor([[-0.0234,  0.0564, -0.0111,  ...,  0.0262, -0.0706, -0.0485],
        [-0.1207,  0.0186,  0.1229,  ..., -0.0763,  0.1050, -0.0655],
        [-0.0090, -0.0338,  0.1080,  ...,  0.1029,  0.0660,  0.0343],
        ...,
        [ 0.0237,  0.1187,  0.0551,  ..., -0.0330, -0.0020, -0.1004],
        [-0.0770,  0.0538,  0.0154,  ..., -0.0009, -0.0567, -0.1137],
        [-0.0378,  0.0369,  0.0738,  ..., -0.0381, -0.0252,  0.0981]],
       device='cuda:0', requires_grad=True)
parameters of the network fc4.bias 
 torch.Size([6796]) 
 True 
 tensor([0.0146, 0.0794, 0.0481,  ..., 0.1011, 0.0462, 0.0103], device='cuda:0') 
 Parameter containing:
tensor([0.0146, 0.0794, 0.0481,  ..., 0.1011, 0.0462, 0.0103], device='cuda:0',
       requires_grad=True)
Traceback (most recent call last):
  File "/hpcfs/bes/mlgpu/hoseinkk/MLTracking/otherparticles/pppipi/pyt_pppipi_cnn_1/./Model.py", line 106, in <module>
    fig.colorbar(ax3.matshow(sitonsquare(result1[EvBTr]), aspect=2, extent=[0, 288, 0, 43], origin='lower')\
IndexError: index 1007 is out of bounds for dimension 0 with size 20

real	0m14.731s
user	0m9.696s
sys	0m3.903s
