0: cmsgpu001.ihep.ac.cn
GPU 0: NVIDIA A100-PCIE-40GB (UUID: GPU-83673d1f-01b2-490d-5bc6-a84aaf3ddc65)
Allocate GPU cards : 0

modinfo:
filename:       /lib/modules/3.10.0-1160.71.1.el7.x86_64/extra/nvidia.ko.xz
firmware:       nvidia/515.65.01/gsp.bin
alias:          char-major-195-*
version:        515.65.01
supported:      external
license:        NVIDIA
retpoline:      Y
rhelversion:    7.9
srcversion:     8049D44E2C1B08F41E1B8A6
alias:          pci:v000010DEd*sv*sd*bc06sc80i00*
alias:          pci:v000010DEd*sv*sd*bc03sc02i00*
alias:          pci:v000010DEd*sv*sd*bc03sc00i00*
depends:        drm
vermagic:       3.10.0-1160.71.1.el7.x86_64 SMP mod_unload modversions 
signer:         DKMS module signing key
sig_key:        9B:9E:55:A9:86:D9:50:0B:6D:2D:9F:BA:A7:E6:45:39:D4:DD:5F:C6
sig_hashalgo:   sha512
parm:           NvSwitchRegDwords:NvSwitch regkey (charp)
parm:           NvSwitchBlacklist:NvSwitchBlacklist=uuid[,uuid...] (charp)
parm:           NVreg_ResmanDebugLevel:int
parm:           NVreg_RmLogonRC:int
parm:           NVreg_ModifyDeviceFiles:int
parm:           NVreg_DeviceFileUID:int
parm:           NVreg_DeviceFileGID:int
parm:           NVreg_DeviceFileMode:int
parm:           NVreg_InitializeSystemMemoryAllocations:int
parm:           NVreg_UsePageAttributeTable:int
parm:           NVreg_EnablePCIeGen3:int
parm:           NVreg_EnableMSI:int
parm:           NVreg_TCEBypassMode:int
parm:           NVreg_EnableStreamMemOPs:int
parm:           NVreg_RestrictProfilingToAdminUsers:int
parm:           NVreg_PreserveVideoMemoryAllocations:int
parm:           NVreg_EnableS0ixPowerManagement:int
parm:           NVreg_S0ixPowerManagementVideoMemoryThreshold:int
parm:           NVreg_DynamicPowerManagement:int
parm:           NVreg_DynamicPowerManagementVideoMemoryThreshold:int
parm:           NVreg_EnableGpuFirmware:int
parm:           NVreg_EnableGpuFirmwareLogs:int
parm:           NVreg_OpenRmEnableUnsupportedGpus:int
parm:           NVreg_EnableUserNUMAManagement:int
parm:           NVreg_MemoryPoolSize:int
parm:           NVreg_KMallocHeapMaxSize:int
parm:           NVreg_VMallocHeapMaxSize:int
parm:           NVreg_IgnoreMMIOCheck:int
parm:           NVreg_NvLinkDisable:int
parm:           NVreg_EnablePCIERelaxedOrderingMode:int
parm:           NVreg_RegisterPCIDriver:int
parm:           NVreg_EnableDbgBreakpoint:int
parm:           NVreg_RegistryDwords:charp
parm:           NVreg_RegistryDwordsPerDevice:charp
parm:           NVreg_RmMsg:charp
parm:           NVreg_GpuBlacklist:charp
parm:           NVreg_TemporaryFilePath:charp
parm:           NVreg_ExcludedGpus:charp
parm:           NVreg_DmaRemapPeerMmio:int
parm:           rm_firmware_active:charp

nvidia-smi:
Mon Aug 29 15:06:57 2022       
+-----------------------------------------------------------------------------+
| NVIDIA-SMI 515.65.01    Driver Version: 515.65.01    CUDA Version: 11.7     |
|-------------------------------+----------------------+----------------------+
| GPU  Name        Persistence-M| Bus-Id        Disp.A | Volatile Uncorr. ECC |
| Fan  Temp  Perf  Pwr:Usage/Cap|         Memory-Usage | GPU-Util  Compute M. |
|                               |                      |               MIG M. |
|===============================+======================+======================|
|   0  NVIDIA A100-PCI...  On   | 00000000:3B:00.0 Off |                    0 |
| N/A   24C    P0    32W / 250W |      0MiB / 40960MiB |      0%      Default |
|                               |                      |             Disabled |
+-------------------------------+----------------------+----------------------+
                                                                               
+-----------------------------------------------------------------------------+
| Processes:                                                                  |
|  GPU   GI   CI        PID   Type   Process name                  GPU Memory |
|        ID   ID                                                   Usage      |
|=============================================================================|
|  No running processes found                                                 |
+-----------------------------------------------------------------------------+

nvcc --version:
nvcc: NVIDIA (R) Cuda compiler driver
Copyright (c) 2005-2021 NVIDIA Corporation
Built on Sun_Mar_21_19:15:46_PDT_2021
Cuda compilation tools, release 11.3, V11.3.58
Build cuda_11.3.r11.3/compiler.29745058_0

 torch version: 1.10.2

 cuda version: 11.3

 is cuda available: True

 CUDNN VERSION: 8200

 Number CUDA Devices: 1

 CUDA Device Name: NVIDIA A100-PCIE-40GB

 CUDA Device Total Memory [GB]: 42.358472704

 Device capability: (8, 0) 

 Cuda deviice: <torch.cuda.device object at 0x2b101c42f8e0> 

 Is cuda initialized: True

 CUDA_HOME: /hpcfs/bes/mlgpu/hoseinkk/Miniconda3/envs/dgl1

real	0m4.302s
user	0m2.352s
sys	0m1.124s
/hpcfs/bes/mlgpu/hoseinkk/Miniconda3/envs/dgl1/lib/python3.9/site-packages/cupy/_environment.py:438: UserWarning: 
--------------------------------------------------------------------------------

  CuPy may not function correctly because multiple CuPy packages are installed
  in your environment:

    cupy, cupy-cuda110

  Follow these steps to resolve this issue:

    1. For all packages listed above, run the following command to remove all
       existing CuPy installations:

         $ pip uninstall <package_name>

      If you previously installed CuPy via conda, also run the following:

         $ conda uninstall cupy

    2. Install the appropriate CuPy package.
       Refer to the Installation Guide for detailed instructions.

         https://docs.cupy.dev/en/stable/install.html

--------------------------------------------------------------------------------

  warnings.warn(f'''
/hpcfs/bes/mlgpu/hoseinkk/Miniconda3/envs/dgl1/lib/python3.9/site-packages/torch/nn/functional.py:1806: UserWarning: nn.functional.sigmoid is deprecated. Use torch.sigmoid instead.
  warnings.warn("nn.functional.sigmoid is deprecated. Use torch.sigmoid instead.")




 The Network ... 







 Loading data ... 



training set shape (20000, 43, 288) 
sum 5279207

target set shape (20000, 6796) 
sum 4575851
Net(
  (conv1): Conv2d(1, 256, kernel_size=(3, 3), stride=(1, 1))
  (conv2): Conv2d(256, 128, kernel_size=(3, 3), stride=(1, 1))
  (conv3): Conv2d(128, 64, kernel_size=(3, 3), stride=(1, 1))
  (fc1): Linear(in_features=667776, out_features=256, bias=True)
  (fc2): Linear(in_features=256, out_features=128, bias=True)
  (fc3): Linear(in_features=128, out_features=64, bias=True)
  (fc4): Linear(in_features=64, out_features=6796, bias=True)
)

number of the free parameters: 171805196
parameters of the network conv1.weight 
 torch.Size([256, 1, 3, 3]) 
 True 
 tensor([[[[-4.6064e-02,  3.2086e-01, -3.0111e-01],
          [ 2.8763e-01, -2.5528e-01,  2.9929e-01],
          [-1.3996e-01,  3.3747e-02, -3.2768e-01]]],


        [[[ 3.0947e-01, -1.8829e-01, -4.7484e-02],
          [ 1.9642e-01, -2.0113e-01, -2.9277e-01],
          [-2.9576e-01,  2.3091e-01, -2.8032e-01]]],


        [[[-3.1646e-01, -2.4707e-01,  8.2922e-02],
          [ 1.5451e-01, -1.8143e-01,  5.7619e-02],
          [ 2.6449e-02,  9.3812e-02, -2.1082e-01]]],


        ...,


        [[[ 2.9135e-01,  3.1582e-01,  5.6266e-02],
          [-1.4007e-01,  7.2514e-02, -2.2834e-01],
          [-4.7320e-02,  2.7820e-01,  3.1712e-01]]],


        [[[-8.0765e-02, -6.3666e-02,  1.2988e-01],
          [ 2.9875e-01,  1.6510e-01, -1.6614e-01],
          [ 1.3232e-01,  1.8324e-01,  4.7747e-03]]],


        [[[ 1.0444e-01, -3.2699e-01, -2.2551e-01],
          [-2.1994e-01,  1.7686e-01, -6.5853e-02],
          [ 1.2624e-04, -5.3547e-02,  2.9736e-01]]]], device='cuda:0') 
 Parameter containing:
tensor([[[[-4.6064e-02,  3.2086e-01, -3.0111e-01],
          [ 2.8763e-01, -2.5528e-01,  2.9929e-01],
          [-1.3996e-01,  3.3747e-02, -3.2768e-01]]],


        [[[ 3.0947e-01, -1.8829e-01, -4.7484e-02],
          [ 1.9642e-01, -2.0113e-01, -2.9277e-01],
          [-2.9576e-01,  2.3091e-01, -2.8032e-01]]],


        [[[-3.1646e-01, -2.4707e-01,  8.2922e-02],
          [ 1.5451e-01, -1.8143e-01,  5.7619e-02],
          [ 2.6449e-02,  9.3812e-02, -2.1082e-01]]],


        ...,


        [[[ 2.9135e-01,  3.1582e-01,  5.6266e-02],
          [-1.4007e-01,  7.2514e-02, -2.2834e-01],
          [-4.7320e-02,  2.7820e-01,  3.1712e-01]]],


        [[[-8.0765e-02, -6.3666e-02,  1.2988e-01],
          [ 2.9875e-01,  1.6510e-01, -1.6614e-01],
          [ 1.3232e-01,  1.8324e-01,  4.7747e-03]]],


        [[[ 1.0444e-01, -3.2699e-01, -2.2551e-01],
          [-2.1994e-01,  1.7686e-01, -6.5853e-02],
          [ 1.2624e-04, -5.3547e-02,  2.9736e-01]]]], device='cuda:0',
       requires_grad=True)
parameters of the network conv1.bias 
 torch.Size([256]) 
 True 
 tensor([ 4.7962e-02, -3.2886e-01,  2.3659e-01,  1.6660e-01,  3.2222e-01,
        -1.8189e-02, -3.2081e-01,  2.5413e-02,  2.6616e-01,  6.6191e-03,
         9.6510e-02, -3.2797e-01, -2.1698e-01,  1.9205e-01, -2.8583e-01,
        -2.1167e-01,  3.0046e-01,  2.8658e-02,  4.3749e-03, -1.9008e-01,
         2.0315e-01,  3.6934e-02,  1.2414e-01, -5.7724e-02, -1.7673e-01,
        -2.6349e-01, -1.0023e-01, -2.0629e-01,  1.7571e-01,  2.6297e-01,
         3.8141e-02,  2.8949e-01, -1.9761e-01, -4.6876e-02, -8.5288e-02,
        -2.4767e-01,  2.9490e-01, -2.7060e-01,  6.8046e-02,  1.4267e-01,
        -2.2127e-01,  5.7782e-02, -1.8657e-01,  1.2717e-01,  1.9474e-02,
        -5.8481e-02, -2.8492e-01, -3.0380e-01, -2.1786e-01, -6.2353e-02,
        -5.9220e-02, -1.3986e-01,  2.5497e-01,  1.1709e-01, -1.2277e-01,
        -1.4705e-01, -3.2436e-01, -2.0330e-01,  2.6116e-01, -2.0206e-01,
        -2.5608e-01,  2.9533e-01, -9.0231e-02,  3.2852e-01,  7.6362e-02,
        -8.9425e-02, -3.1199e-01,  1.3475e-01,  7.9740e-03,  3.0112e-01,
        -3.1597e-01, -3.0439e-01,  5.5160e-03,  1.9674e-02, -1.6562e-01,
        -2.5133e-01,  3.0167e-01,  1.9270e-01, -1.9285e-01, -1.5630e-01,
         1.3107e-01, -1.2459e-01, -2.1331e-01,  2.1281e-01,  1.4851e-01,
         2.1676e-02,  1.7409e-01, -1.7038e-01, -2.6776e-02,  1.3609e-01,
         1.6131e-01, -1.1017e-01,  1.5672e-01,  3.2388e-01,  1.9489e-01,
        -3.2174e-01, -1.1184e-01, -3.1076e-01, -3.0827e-01, -1.4579e-01,
        -3.1547e-01, -1.9256e-01, -1.9726e-01, -2.7171e-01,  2.1647e-01,
        -2.2603e-01, -1.8429e-01,  2.0390e-01, -2.9704e-01,  2.6489e-01,
        -2.1553e-01,  1.5738e-01, -2.8628e-01,  1.1479e-01, -1.6945e-01,
        -2.3612e-01,  1.5134e-01,  2.3402e-01,  1.1259e-01, -2.8907e-01,
         5.4014e-02,  2.4255e-03, -2.0439e-01, -1.9215e-01, -3.0107e-01,
        -8.8731e-02, -1.5698e-01, -3.2187e-01,  1.6058e-01, -4.9185e-02,
        -1.5221e-01,  6.4067e-02, -2.3072e-01, -1.1855e-01,  4.2246e-02,
         3.0981e-01,  1.2024e-01, -4.2918e-03,  1.3380e-01, -8.0103e-02,
        -1.4087e-01, -2.2678e-01,  1.1482e-02,  5.7344e-03,  3.0096e-01,
         6.0091e-02,  3.2232e-01, -2.3669e-01, -1.3642e-01, -1.2789e-01,
        -3.0331e-01,  3.9443e-02, -2.0041e-02,  3.3240e-01, -2.4496e-01,
        -1.2273e-02, -1.2898e-01,  7.3244e-02,  2.7426e-01,  5.9201e-02,
         1.5772e-01, -2.7748e-01,  1.5982e-02,  3.3117e-01,  3.3216e-01,
        -2.4028e-02,  1.0255e-01,  3.5626e-02, -1.0645e-01,  1.2394e-01,
         1.7531e-01, -5.4546e-02, -4.7644e-05, -2.0522e-01,  1.9840e-01,
        -2.9979e-01,  2.6822e-01,  5.9120e-03, -2.1139e-01,  1.2408e-02,
         1.8203e-01, -2.8548e-01, -3.0660e-01,  8.1751e-02, -3.0299e-01,
         1.8933e-01, -1.5121e-01,  9.6932e-02, -9.2184e-02,  2.7434e-01,
         3.2284e-01, -2.2726e-01,  1.2580e-02, -2.3811e-01, -9.2806e-02,
        -1.1500e-01, -8.3758e-02, -4.8475e-02,  2.7483e-01, -2.3584e-01,
        -2.3562e-01,  1.9336e-01,  3.0199e-01,  4.6259e-03, -3.3423e-02,
        -1.3387e-01, -1.2032e-01, -1.7715e-01,  1.8207e-01, -2.4852e-01,
         1.2648e-01,  2.8622e-01,  1.5517e-01, -1.9579e-01,  3.1517e-01,
         7.8605e-02,  7.5113e-02, -1.5843e-01,  8.5736e-02, -1.1377e-01,
        -3.0610e-01,  2.9612e-01, -7.0118e-02, -7.1118e-02, -3.1029e-01,
        -6.7857e-02,  2.6331e-01, -1.3300e-01, -1.2260e-01,  2.8257e-02,
         4.8058e-03, -4.5043e-02,  2.6872e-01,  9.0183e-02, -1.4702e-01,
         2.4511e-01,  3.3156e-01,  2.8677e-01, -2.9089e-01, -6.0706e-02,
        -3.2302e-01, -5.3929e-02,  1.2446e-01,  1.8766e-01,  7.7720e-02,
        -2.3260e-01,  7.3597e-02,  1.5841e-01,  4.0714e-02,  8.2362e-02,
         2.6184e-01, -6.1685e-02,  1.5950e-02,  1.3117e-01,  1.9734e-01,
        -2.6234e-01], device='cuda:0') 
 Parameter containing:
tensor([ 4.7962e-02, -3.2886e-01,  2.3659e-01,  1.6660e-01,  3.2222e-01,
        -1.8189e-02, -3.2081e-01,  2.5413e-02,  2.6616e-01,  6.6191e-03,
         9.6510e-02, -3.2797e-01, -2.1698e-01,  1.9205e-01, -2.8583e-01,
        -2.1167e-01,  3.0046e-01,  2.8658e-02,  4.3749e-03, -1.9008e-01,
         2.0315e-01,  3.6934e-02,  1.2414e-01, -5.7724e-02, -1.7673e-01,
        -2.6349e-01, -1.0023e-01, -2.0629e-01,  1.7571e-01,  2.6297e-01,
         3.8141e-02,  2.8949e-01, -1.9761e-01, -4.6876e-02, -8.5288e-02,
        -2.4767e-01,  2.9490e-01, -2.7060e-01,  6.8046e-02,  1.4267e-01,
        -2.2127e-01,  5.7782e-02, -1.8657e-01,  1.2717e-01,  1.9474e-02,
        -5.8481e-02, -2.8492e-01, -3.0380e-01, -2.1786e-01, -6.2353e-02,
        -5.9220e-02, -1.3986e-01,  2.5497e-01,  1.1709e-01, -1.2277e-01,
        -1.4705e-01, -3.2436e-01, -2.0330e-01,  2.6116e-01, -2.0206e-01,
        -2.5608e-01,  2.9533e-01, -9.0231e-02,  3.2852e-01,  7.6362e-02,
        -8.9425e-02, -3.1199e-01,  1.3475e-01,  7.9740e-03,  3.0112e-01,
        -3.1597e-01, -3.0439e-01,  5.5160e-03,  1.9674e-02, -1.6562e-01,
        -2.5133e-01,  3.0167e-01,  1.9270e-01, -1.9285e-01, -1.5630e-01,
         1.3107e-01, -1.2459e-01, -2.1331e-01,  2.1281e-01,  1.4851e-01,
         2.1676e-02,  1.7409e-01, -1.7038e-01, -2.6776e-02,  1.3609e-01,
         1.6131e-01, -1.1017e-01,  1.5672e-01,  3.2388e-01,  1.9489e-01,
        -3.2174e-01, -1.1184e-01, -3.1076e-01, -3.0827e-01, -1.4579e-01,
        -3.1547e-01, -1.9256e-01, -1.9726e-01, -2.7171e-01,  2.1647e-01,
        -2.2603e-01, -1.8429e-01,  2.0390e-01, -2.9704e-01,  2.6489e-01,
        -2.1553e-01,  1.5738e-01, -2.8628e-01,  1.1479e-01, -1.6945e-01,
        -2.3612e-01,  1.5134e-01,  2.3402e-01,  1.1259e-01, -2.8907e-01,
         5.4014e-02,  2.4255e-03, -2.0439e-01, -1.9215e-01, -3.0107e-01,
        -8.8731e-02, -1.5698e-01, -3.2187e-01,  1.6058e-01, -4.9185e-02,
        -1.5221e-01,  6.4067e-02, -2.3072e-01, -1.1855e-01,  4.2246e-02,
         3.0981e-01,  1.2024e-01, -4.2918e-03,  1.3380e-01, -8.0103e-02,
        -1.4087e-01, -2.2678e-01,  1.1482e-02,  5.7344e-03,  3.0096e-01,
         6.0091e-02,  3.2232e-01, -2.3669e-01, -1.3642e-01, -1.2789e-01,
        -3.0331e-01,  3.9443e-02, -2.0041e-02,  3.3240e-01, -2.4496e-01,
        -1.2273e-02, -1.2898e-01,  7.3244e-02,  2.7426e-01,  5.9201e-02,
         1.5772e-01, -2.7748e-01,  1.5982e-02,  3.3117e-01,  3.3216e-01,
        -2.4028e-02,  1.0255e-01,  3.5626e-02, -1.0645e-01,  1.2394e-01,
         1.7531e-01, -5.4546e-02, -4.7644e-05, -2.0522e-01,  1.9840e-01,
        -2.9979e-01,  2.6822e-01,  5.9120e-03, -2.1139e-01,  1.2408e-02,
         1.8203e-01, -2.8548e-01, -3.0660e-01,  8.1751e-02, -3.0299e-01,
         1.8933e-01, -1.5121e-01,  9.6932e-02, -9.2184e-02,  2.7434e-01,
         3.2284e-01, -2.2726e-01,  1.2580e-02, -2.3811e-01, -9.2806e-02,
        -1.1500e-01, -8.3758e-02, -4.8475e-02,  2.7483e-01, -2.3584e-01,
        -2.3562e-01,  1.9336e-01,  3.0199e-01,  4.6259e-03, -3.3423e-02,
        -1.3387e-01, -1.2032e-01, -1.7715e-01,  1.8207e-01, -2.4852e-01,
         1.2648e-01,  2.8622e-01,  1.5517e-01, -1.9579e-01,  3.1517e-01,
         7.8605e-02,  7.5113e-02, -1.5843e-01,  8.5736e-02, -1.1377e-01,
        -3.0610e-01,  2.9612e-01, -7.0118e-02, -7.1118e-02, -3.1029e-01,
        -6.7857e-02,  2.6331e-01, -1.3300e-01, -1.2260e-01,  2.8257e-02,
         4.8058e-03, -4.5043e-02,  2.6872e-01,  9.0183e-02, -1.4702e-01,
         2.4511e-01,  3.3156e-01,  2.8677e-01, -2.9089e-01, -6.0706e-02,
        -3.2302e-01, -5.3929e-02,  1.2446e-01,  1.8766e-01,  7.7720e-02,
        -2.3260e-01,  7.3597e-02,  1.5841e-01,  4.0714e-02,  8.2362e-02,
         2.6184e-01, -6.1685e-02,  1.5950e-02,  1.3117e-01,  1.9734e-01,
        -2.6234e-01], device='cuda:0', requires_grad=True)
parameters of the network conv2.weight 
 torch.Size([128, 256, 3, 3]) 
 True 
 tensor([[[[ 9.0619e-03, -1.3385e-02,  1.5524e-02],
          [-1.1780e-02,  2.0122e-02,  1.5184e-02],
          [ 4.5593e-03, -1.4784e-03,  1.9375e-02]],

         [[ 1.8047e-02,  6.9463e-03,  1.6477e-02],
          [-1.6768e-02,  1.5542e-02, -8.6385e-03],
          [-3.5976e-03,  8.5820e-03,  1.4976e-03]],

         [[ 1.7182e-02,  5.6993e-03, -7.8319e-03],
          [ 9.1712e-03, -1.7976e-02, -1.5034e-02],
          [-6.5250e-03, -1.2311e-02, -1.1623e-02]],

         ...,

         [[-1.6157e-02,  2.0345e-02,  5.4870e-03],
          [-8.3245e-03, -4.3531e-03, -5.5496e-03],
          [-9.1055e-04, -1.0522e-03,  1.5415e-02]],

         [[-1.7214e-02, -9.6403e-04,  8.8799e-03],
          [-9.5405e-03, -1.2299e-02,  4.5354e-03],
          [-4.3858e-03,  1.2300e-03, -1.0710e-02]],

         [[-1.7656e-02, -1.7265e-03, -7.9227e-03],
          [ 1.6238e-04, -1.2555e-02,  1.5467e-02],
          [-9.0960e-03,  1.9557e-03,  6.4687e-03]]],


        [[[-4.1910e-03, -9.5424e-03, -1.9127e-02],
          [-4.7140e-04, -7.5568e-03, -7.2133e-03],
          [-4.7449e-03, -6.0263e-03, -7.5810e-04]],

         [[ 1.7102e-02, -2.2630e-03, -7.3501e-03],
          [ 1.6139e-02, -4.6686e-03,  1.8656e-02],
          [ 1.1422e-02,  1.6025e-02,  6.5849e-03]],

         [[-2.0798e-02,  2.0396e-02, -1.8025e-02],
          [-1.2176e-02, -2.7967e-03, -8.0029e-03],
          [ 1.1745e-02,  1.8703e-02,  1.8557e-02]],

         ...,

         [[ 1.4210e-02, -9.8697e-03, -9.3452e-03],
          [-7.0937e-04, -6.6134e-03,  2.0609e-02],
          [ 9.9886e-03,  1.7595e-02, -3.1929e-03]],

         [[-1.1132e-02, -1.4817e-02,  7.8616e-03],
          [-1.5187e-02, -1.6658e-02,  1.3237e-02],
          [ 7.8180e-03,  6.8267e-03, -5.5587e-04]],

         [[ 5.4773e-03, -1.2842e-03,  8.7966e-03],
          [-8.5951e-03, -4.1642e-03, -1.4049e-02],
          [-1.5058e-02, -1.2633e-02,  1.9739e-02]]],


        [[[ 2.2473e-03,  2.0773e-02, -9.1359e-03],
          [-1.3455e-02, -3.1323e-03,  1.7522e-02],
          [-3.3638e-03, -1.4559e-02, -2.0645e-02]],

         [[-1.4833e-03,  1.4066e-02,  1.6482e-02],
          [-3.0115e-03, -1.8611e-02, -5.5664e-03],
          [ 3.8618e-03,  7.1424e-03,  8.9268e-03]],

         [[ 1.9139e-02,  1.6609e-02,  3.3609e-03],
          [-2.0613e-02,  1.9508e-02,  1.1898e-02],
          [ 3.7810e-04, -3.5989e-03, -1.3607e-02]],

         ...,

         [[ 1.1855e-02, -5.1117e-03,  1.4127e-02],
          [ 7.9313e-03,  1.2290e-02,  9.5616e-03],
          [-3.6467e-03,  1.7558e-02,  1.9510e-02]],

         [[-1.1245e-02,  1.1190e-02, -1.7702e-02],
          [-1.3728e-02, -2.9967e-03, -2.8028e-03],
          [ 1.9827e-02,  7.5038e-03, -1.1541e-02]],

         [[-8.4750e-03, -1.9816e-02,  8.3005e-03],
          [-4.4218e-04, -2.7628e-03, -4.9991e-03],
          [ 1.6456e-03, -1.3444e-03, -4.5276e-03]]],


        ...,


        [[[ 5.1257e-03,  5.4022e-03,  1.9654e-02],
          [ 7.2215e-04,  2.5945e-03, -1.9313e-02],
          [ 6.4570e-03, -1.8477e-02,  1.4132e-02]],

         [[-9.1363e-03,  1.6515e-02,  1.3276e-02],
          [-5.8219e-03, -8.5985e-03, -1.0119e-02],
          [ 1.5645e-02, -7.3260e-03, -1.1471e-02]],

         [[-1.2518e-02,  8.1447e-05,  1.2882e-03],
          [ 2.5549e-03,  1.1657e-02, -2.4954e-03],
          [ 3.9340e-03, -1.2346e-02,  1.0634e-02]],

         ...,

         [[-1.1121e-02, -7.4851e-03, -7.9256e-03],
          [-7.0550e-03, -2.8399e-03, -1.3140e-02],
          [-7.5713e-04,  7.9348e-03,  1.6971e-02]],

         [[-1.5497e-02,  1.2254e-02, -7.2339e-03],
          [-1.1855e-02,  1.2374e-02, -2.0132e-02],
          [-1.6528e-02, -1.7500e-02, -5.5493e-03]],

         [[ 1.2366e-02,  1.6282e-02,  1.1713e-02],
          [ 1.9567e-02,  1.9023e-02,  9.3287e-03],
          [ 1.1631e-02, -1.5557e-02,  1.2631e-02]]],


        [[[ 1.3500e-02,  1.2400e-02, -1.5006e-02],
          [ 1.6589e-02, -1.8932e-02,  2.0574e-02],
          [ 2.0638e-02,  5.2793e-03,  2.0698e-02]],

         [[-4.7675e-03, -9.8287e-03, -3.5577e-03],
          [-4.1933e-03, -1.3543e-02,  1.2190e-02],
          [ 2.0601e-02, -1.1626e-02, -9.0028e-03]],

         [[-4.3929e-03,  8.0169e-03,  3.6229e-03],
          [-7.7077e-03, -5.2677e-03,  7.7394e-03],
          [-2.0266e-02,  2.0400e-02, -5.5560e-03]],

         ...,

         [[ 1.3349e-02,  1.4273e-02,  1.1330e-03],
          [-8.0406e-03, -1.3025e-02, -1.6355e-02],
          [-2.7168e-03, -6.9352e-03, -5.6530e-03]],

         [[ 1.0997e-02,  1.8351e-02,  2.7480e-03],
          [ 1.6178e-02, -1.2014e-02, -1.3576e-02],
          [ 2.0822e-02,  1.5667e-03, -1.0368e-02]],

         [[-2.0029e-02, -3.2508e-03, -5.5404e-03],
          [-1.2642e-02, -1.2179e-02, -1.4669e-02],
          [ 1.6862e-02,  1.7398e-02, -1.1834e-02]]],


        [[[-2.0259e-02,  8.6968e-03,  1.3220e-02],
          [ 1.9520e-02,  2.2789e-03, -4.4859e-03],
          [-8.3829e-03,  1.9104e-03,  1.1590e-02]],

         [[-8.2224e-03,  3.1998e-03,  2.5185e-03],
          [ 1.5290e-02, -1.5612e-02,  6.8699e-03],
          [ 2.3811e-03, -1.9838e-02, -1.2275e-02]],

         [[ 1.1255e-02,  1.4987e-02,  3.8327e-03],
          [-6.2702e-03,  6.2835e-03,  4.7132e-03],
          [ 1.8055e-03, -4.1321e-03, -4.6273e-03]],

         ...,

         [[-1.3799e-02, -1.0453e-02,  7.5693e-03],
          [-1.9058e-02, -1.9225e-02,  1.7185e-02],
          [ 3.9961e-03,  1.3875e-02,  1.4975e-02]],

         [[ 5.9830e-03,  9.4444e-03, -2.0666e-02],
          [ 1.1862e-02,  6.6658e-04, -2.8435e-03],
          [-5.4471e-03,  1.8649e-03,  2.0219e-02]],

         [[-1.9690e-02,  1.7383e-02, -1.4121e-02],
          [-8.2299e-03, -1.0511e-02,  1.9721e-02],
          [-7.7727e-03, -1.5593e-02, -1.0095e-02]]]], device='cuda:0') 
 Parameter containing:
tensor([[[[ 9.0619e-03, -1.3385e-02,  1.5524e-02],
          [-1.1780e-02,  2.0122e-02,  1.5184e-02],
          [ 4.5593e-03, -1.4784e-03,  1.9375e-02]],

         [[ 1.8047e-02,  6.9463e-03,  1.6477e-02],
          [-1.6768e-02,  1.5542e-02, -8.6385e-03],
          [-3.5976e-03,  8.5820e-03,  1.4976e-03]],

         [[ 1.7182e-02,  5.6993e-03, -7.8319e-03],
          [ 9.1712e-03, -1.7976e-02, -1.5034e-02],
          [-6.5250e-03, -1.2311e-02, -1.1623e-02]],

         ...,

         [[-1.6157e-02,  2.0345e-02,  5.4870e-03],
          [-8.3245e-03, -4.3531e-03, -5.5496e-03],
          [-9.1055e-04, -1.0522e-03,  1.5415e-02]],

         [[-1.7214e-02, -9.6403e-04,  8.8799e-03],
          [-9.5405e-03, -1.2299e-02,  4.5354e-03],
          [-4.3858e-03,  1.2300e-03, -1.0710e-02]],

         [[-1.7656e-02, -1.7265e-03, -7.9227e-03],
          [ 1.6238e-04, -1.2555e-02,  1.5467e-02],
          [-9.0960e-03,  1.9557e-03,  6.4687e-03]]],


        [[[-4.1910e-03, -9.5424e-03, -1.9127e-02],
          [-4.7140e-04, -7.5568e-03, -7.2133e-03],
          [-4.7449e-03, -6.0263e-03, -7.5810e-04]],

         [[ 1.7102e-02, -2.2630e-03, -7.3501e-03],
          [ 1.6139e-02, -4.6686e-03,  1.8656e-02],
          [ 1.1422e-02,  1.6025e-02,  6.5849e-03]],

         [[-2.0798e-02,  2.0396e-02, -1.8025e-02],
          [-1.2176e-02, -2.7967e-03, -8.0029e-03],
          [ 1.1745e-02,  1.8703e-02,  1.8557e-02]],

         ...,

         [[ 1.4210e-02, -9.8697e-03, -9.3452e-03],
          [-7.0937e-04, -6.6134e-03,  2.0609e-02],
          [ 9.9886e-03,  1.7595e-02, -3.1929e-03]],

         [[-1.1132e-02, -1.4817e-02,  7.8616e-03],
          [-1.5187e-02, -1.6658e-02,  1.3237e-02],
          [ 7.8180e-03,  6.8267e-03, -5.5587e-04]],

         [[ 5.4773e-03, -1.2842e-03,  8.7966e-03],
          [-8.5951e-03, -4.1642e-03, -1.4049e-02],
          [-1.5058e-02, -1.2633e-02,  1.9739e-02]]],


        [[[ 2.2473e-03,  2.0773e-02, -9.1359e-03],
          [-1.3455e-02, -3.1323e-03,  1.7522e-02],
          [-3.3638e-03, -1.4559e-02, -2.0645e-02]],

         [[-1.4833e-03,  1.4066e-02,  1.6482e-02],
          [-3.0115e-03, -1.8611e-02, -5.5664e-03],
          [ 3.8618e-03,  7.1424e-03,  8.9268e-03]],

         [[ 1.9139e-02,  1.6609e-02,  3.3609e-03],
          [-2.0613e-02,  1.9508e-02,  1.1898e-02],
          [ 3.7810e-04, -3.5989e-03, -1.3607e-02]],

         ...,

         [[ 1.1855e-02, -5.1117e-03,  1.4127e-02],
          [ 7.9313e-03,  1.2290e-02,  9.5616e-03],
          [-3.6467e-03,  1.7558e-02,  1.9510e-02]],

         [[-1.1245e-02,  1.1190e-02, -1.7702e-02],
          [-1.3728e-02, -2.9967e-03, -2.8028e-03],
          [ 1.9827e-02,  7.5038e-03, -1.1541e-02]],

         [[-8.4750e-03, -1.9816e-02,  8.3005e-03],
          [-4.4218e-04, -2.7628e-03, -4.9991e-03],
          [ 1.6456e-03, -1.3444e-03, -4.5276e-03]]],


        ...,


        [[[ 5.1257e-03,  5.4022e-03,  1.9654e-02],
          [ 7.2215e-04,  2.5945e-03, -1.9313e-02],
          [ 6.4570e-03, -1.8477e-02,  1.4132e-02]],

         [[-9.1363e-03,  1.6515e-02,  1.3276e-02],
          [-5.8219e-03, -8.5985e-03, -1.0119e-02],
          [ 1.5645e-02, -7.3260e-03, -1.1471e-02]],

         [[-1.2518e-02,  8.1447e-05,  1.2882e-03],
          [ 2.5549e-03,  1.1657e-02, -2.4954e-03],
          [ 3.9340e-03, -1.2346e-02,  1.0634e-02]],

         ...,

         [[-1.1121e-02, -7.4851e-03, -7.9256e-03],
          [-7.0550e-03, -2.8399e-03, -1.3140e-02],
          [-7.5713e-04,  7.9348e-03,  1.6971e-02]],

         [[-1.5497e-02,  1.2254e-02, -7.2339e-03],
          [-1.1855e-02,  1.2374e-02, -2.0132e-02],
          [-1.6528e-02, -1.7500e-02, -5.5493e-03]],

         [[ 1.2366e-02,  1.6282e-02,  1.1713e-02],
          [ 1.9567e-02,  1.9023e-02,  9.3287e-03],
          [ 1.1631e-02, -1.5557e-02,  1.2631e-02]]],


        [[[ 1.3500e-02,  1.2400e-02, -1.5006e-02],
          [ 1.6589e-02, -1.8932e-02,  2.0574e-02],
          [ 2.0638e-02,  5.2793e-03,  2.0698e-02]],

         [[-4.7675e-03, -9.8287e-03, -3.5577e-03],
          [-4.1933e-03, -1.3543e-02,  1.2190e-02],
          [ 2.0601e-02, -1.1626e-02, -9.0028e-03]],

         [[-4.3929e-03,  8.0169e-03,  3.6229e-03],
          [-7.7077e-03, -5.2677e-03,  7.7394e-03],
          [-2.0266e-02,  2.0400e-02, -5.5560e-03]],

         ...,

         [[ 1.3349e-02,  1.4273e-02,  1.1330e-03],
          [-8.0406e-03, -1.3025e-02, -1.6355e-02],
          [-2.7168e-03, -6.9352e-03, -5.6530e-03]],

         [[ 1.0997e-02,  1.8351e-02,  2.7480e-03],
          [ 1.6178e-02, -1.2014e-02, -1.3576e-02],
          [ 2.0822e-02,  1.5667e-03, -1.0368e-02]],

         [[-2.0029e-02, -3.2508e-03, -5.5404e-03],
          [-1.2642e-02, -1.2179e-02, -1.4669e-02],
          [ 1.6862e-02,  1.7398e-02, -1.1834e-02]]],


        [[[-2.0259e-02,  8.6968e-03,  1.3220e-02],
          [ 1.9520e-02,  2.2789e-03, -4.4859e-03],
          [-8.3829e-03,  1.9104e-03,  1.1590e-02]],

         [[-8.2224e-03,  3.1998e-03,  2.5185e-03],
          [ 1.5290e-02, -1.5612e-02,  6.8699e-03],
          [ 2.3811e-03, -1.9838e-02, -1.2275e-02]],

         [[ 1.1255e-02,  1.4987e-02,  3.8327e-03],
          [-6.2702e-03,  6.2835e-03,  4.7132e-03],
          [ 1.8055e-03, -4.1321e-03, -4.6273e-03]],

         ...,

         [[-1.3799e-02, -1.0453e-02,  7.5693e-03],
          [-1.9058e-02, -1.9225e-02,  1.7185e-02],
          [ 3.9961e-03,  1.3875e-02,  1.4975e-02]],

         [[ 5.9830e-03,  9.4444e-03, -2.0666e-02],
          [ 1.1862e-02,  6.6658e-04, -2.8435e-03],
          [-5.4471e-03,  1.8649e-03,  2.0219e-02]],

         [[-1.9690e-02,  1.7383e-02, -1.4121e-02],
          [-8.2299e-03, -1.0511e-02,  1.9721e-02],
          [-7.7727e-03, -1.5593e-02, -1.0095e-02]]]], device='cuda:0',
       requires_grad=True)
parameters of the network conv2.bias 
 torch.Size([128]) 
 True 
 tensor([ 1.3692e-02, -6.9171e-03,  1.7465e-02,  4.9781e-03,  9.5614e-04,
         1.5852e-02, -7.0561e-03,  4.7219e-05,  1.5233e-02,  2.0461e-02,
         1.3619e-02, -3.9534e-03, -6.7303e-03, -1.4603e-02,  6.9833e-04,
         3.4356e-04, -1.9394e-02,  1.7877e-02,  1.8450e-02, -8.0771e-03,
         7.8442e-03,  3.9947e-03, -2.9247e-03, -1.1437e-02, -1.4930e-02,
        -1.6735e-02, -1.4484e-02, -8.9021e-03, -1.7655e-02, -5.6856e-03,
         1.9149e-02, -1.8303e-02,  1.8228e-02, -9.5987e-03, -1.0351e-02,
        -1.8049e-02,  4.7587e-03, -1.8108e-02, -8.0662e-03,  2.1071e-03,
        -1.9140e-02, -2.0741e-02,  3.5349e-03, -7.7067e-03,  3.9492e-03,
         1.6342e-03, -1.2926e-02, -8.1710e-03, -6.4176e-04, -1.2206e-04,
        -7.1995e-03, -9.9905e-03, -1.1109e-02,  1.9176e-02, -2.3514e-03,
         1.6127e-02,  1.0152e-02,  1.2170e-03,  1.9888e-02,  9.2872e-03,
        -1.4298e-02,  7.4804e-03, -1.0494e-02, -4.8731e-03,  1.7003e-02,
         5.8943e-03, -1.1121e-02,  1.6949e-02,  1.1901e-02,  9.9847e-03,
        -1.4894e-02, -1.5340e-02,  2.2313e-04,  8.6925e-03,  1.0371e-02,
         4.7600e-03,  1.4635e-02,  1.2898e-02, -1.1602e-02,  1.9574e-02,
         1.1923e-02, -1.7784e-02,  6.9172e-03, -1.1333e-02, -1.4400e-02,
         8.5347e-04,  2.0371e-02,  1.8714e-02,  1.1605e-02,  1.8646e-02,
         1.0113e-02,  1.6892e-02,  5.5434e-03, -1.4148e-02,  3.1003e-03,
         1.9349e-03, -3.6802e-03, -1.1279e-02, -5.1476e-03, -1.7248e-02,
         2.5631e-03,  1.7322e-02,  1.1252e-03, -9.4744e-04, -8.9130e-03,
        -1.4000e-02,  3.7462e-03,  1.4162e-02, -1.3273e-02,  1.1237e-02,
        -1.0684e-02,  7.0025e-03,  1.2803e-02, -6.3340e-03, -1.7589e-02,
        -9.7733e-04, -1.5006e-02,  1.6692e-02,  6.8716e-03,  7.9209e-03,
        -4.3259e-03, -3.1172e-03, -2.0104e-02,  5.4003e-03,  1.6571e-02,
        -1.9903e-02,  3.4934e-03, -1.2775e-02], device='cuda:0') 
 Parameter containing:
tensor([ 1.3692e-02, -6.9171e-03,  1.7465e-02,  4.9781e-03,  9.5614e-04,
         1.5852e-02, -7.0561e-03,  4.7219e-05,  1.5233e-02,  2.0461e-02,
         1.3619e-02, -3.9534e-03, -6.7303e-03, -1.4603e-02,  6.9833e-04,
         3.4356e-04, -1.9394e-02,  1.7877e-02,  1.8450e-02, -8.0771e-03,
         7.8442e-03,  3.9947e-03, -2.9247e-03, -1.1437e-02, -1.4930e-02,
        -1.6735e-02, -1.4484e-02, -8.9021e-03, -1.7655e-02, -5.6856e-03,
         1.9149e-02, -1.8303e-02,  1.8228e-02, -9.5987e-03, -1.0351e-02,
        -1.8049e-02,  4.7587e-03, -1.8108e-02, -8.0662e-03,  2.1071e-03,
        -1.9140e-02, -2.0741e-02,  3.5349e-03, -7.7067e-03,  3.9492e-03,
         1.6342e-03, -1.2926e-02, -8.1710e-03, -6.4176e-04, -1.2206e-04,
        -7.1995e-03, -9.9905e-03, -1.1109e-02,  1.9176e-02, -2.3514e-03,
         1.6127e-02,  1.0152e-02,  1.2170e-03,  1.9888e-02,  9.2872e-03,
        -1.4298e-02,  7.4804e-03, -1.0494e-02, -4.8731e-03,  1.7003e-02,
         5.8943e-03, -1.1121e-02,  1.6949e-02,  1.1901e-02,  9.9847e-03,
        -1.4894e-02, -1.5340e-02,  2.2313e-04,  8.6925e-03,  1.0371e-02,
         4.7600e-03,  1.4635e-02,  1.2898e-02, -1.1602e-02,  1.9574e-02,
         1.1923e-02, -1.7784e-02,  6.9172e-03, -1.1333e-02, -1.4400e-02,
         8.5347e-04,  2.0371e-02,  1.8714e-02,  1.1605e-02,  1.8646e-02,
         1.0113e-02,  1.6892e-02,  5.5434e-03, -1.4148e-02,  3.1003e-03,
         1.9349e-03, -3.6802e-03, -1.1279e-02, -5.1476e-03, -1.7248e-02,
         2.5631e-03,  1.7322e-02,  1.1252e-03, -9.4744e-04, -8.9130e-03,
        -1.4000e-02,  3.7462e-03,  1.4162e-02, -1.3273e-02,  1.1237e-02,
        -1.0684e-02,  7.0025e-03,  1.2803e-02, -6.3340e-03, -1.7589e-02,
        -9.7733e-04, -1.5006e-02,  1.6692e-02,  6.8716e-03,  7.9209e-03,
        -4.3259e-03, -3.1172e-03, -2.0104e-02,  5.4003e-03,  1.6571e-02,
        -1.9903e-02,  3.4934e-03, -1.2775e-02], device='cuda:0',
       requires_grad=True)
parameters of the network conv3.weight 
 torch.Size([64, 128, 3, 3]) 
 True 
 tensor([[[[ 1.2076e-02, -9.6775e-03,  2.8638e-02],
          [ 2.0834e-02,  1.1066e-02,  1.3290e-02],
          [ 2.2086e-02, -1.9151e-02,  1.3722e-02]],

         [[ 2.2392e-03, -8.6546e-03,  2.0868e-03],
          [-2.4271e-02,  6.1174e-03, -1.7342e-02],
          [ 3.1339e-03,  1.7351e-02, -2.1295e-03]],

         [[ 2.5874e-03, -2.6685e-02, -1.8932e-02],
          [-2.3925e-02,  2.4409e-02,  2.3108e-02],
          [ 9.9626e-03,  2.5618e-02,  1.5688e-02]],

         ...,

         [[ 2.6692e-02,  4.3687e-03, -7.1490e-03],
          [-7.5076e-03,  1.4948e-02,  7.2397e-03],
          [ 2.5280e-03, -2.0733e-02,  6.9354e-03]],

         [[ 2.6176e-02, -3.9520e-03, -4.2301e-03],
          [-2.3056e-02, -2.2981e-02,  7.0577e-03],
          [-2.5999e-02,  1.5124e-04,  1.7165e-02]],

         [[-9.6221e-03,  2.7340e-02, -1.4328e-02],
          [ 8.2256e-03, -1.3396e-02, -2.6745e-02],
          [-2.2132e-02, -1.6479e-02, -2.2180e-02]]],


        [[[-6.7352e-03,  1.4280e-02,  2.3276e-03],
          [-2.9312e-02,  1.2422e-02, -1.7012e-02],
          [ 7.0239e-03, -1.7482e-02, -2.2901e-03]],

         [[ 2.4083e-02, -2.8297e-02,  1.4122e-02],
          [ 2.3810e-02, -1.8182e-02, -9.3368e-03],
          [-9.6651e-03, -2.2253e-02,  1.1245e-02]],

         [[ 1.9399e-03, -2.4995e-02,  1.1964e-02],
          [-3.5400e-03, -1.8797e-02, -1.7469e-02],
          [ 2.9742e-03, -1.4461e-02,  7.6056e-03]],

         ...,

         [[ 2.0417e-02,  4.6095e-03,  2.0594e-02],
          [ 2.0167e-02,  2.4784e-02, -1.0858e-02],
          [ 1.8275e-02, -1.5991e-02, -1.3596e-02]],

         [[-2.9251e-02, -1.9925e-02, -1.9442e-02],
          [-2.1795e-02, -2.1820e-02,  2.1681e-02],
          [-4.0008e-03, -1.1348e-02, -1.7151e-02]],

         [[-8.2860e-03, -2.5391e-02,  1.9007e-02],
          [ 2.4782e-02, -3.0052e-03, -7.6112e-04],
          [-2.5682e-03, -2.4479e-02,  1.0507e-02]]],


        [[[ 9.2467e-03,  2.1519e-02,  6.4778e-04],
          [ 1.6446e-02, -2.8297e-02,  2.4203e-03],
          [ 1.2499e-02, -2.7776e-03,  1.3269e-02]],

         [[ 3.8532e-03, -1.5222e-02,  2.7638e-02],
          [-1.1976e-02, -1.9899e-02, -1.5392e-02],
          [-8.4745e-03,  1.3565e-02,  2.0027e-02]],

         [[-2.4769e-02,  5.1023e-03, -3.3640e-03],
          [-2.1850e-04,  9.5242e-03,  5.6390e-03],
          [ 1.8741e-02,  3.9534e-03,  2.3239e-02]],

         ...,

         [[-2.0720e-02, -1.7643e-02,  1.0819e-03],
          [-2.7052e-02, -7.4868e-03, -1.7816e-02],
          [-2.4156e-02, -2.3471e-02,  1.6325e-02]],

         [[-2.0214e-02,  5.2827e-03, -1.3614e-02],
          [-2.9232e-02, -6.4541e-03, -3.4922e-05],
          [ 2.0566e-02,  1.5827e-02, -1.3703e-02]],

         [[-2.6814e-02, -2.7440e-02,  1.0035e-02],
          [ 1.4364e-02, -8.7056e-03,  2.8584e-03],
          [ 5.6574e-04, -2.1058e-02,  1.0805e-02]]],


        ...,


        [[[-2.0445e-02,  2.9203e-03,  8.7905e-04],
          [ 2.4219e-02, -1.1426e-02,  1.1886e-02],
          [ 1.5040e-03, -5.9840e-03,  2.7158e-02]],

         [[-8.0509e-04,  2.0253e-02,  5.9630e-03],
          [ 7.7051e-03,  1.6214e-02, -3.8512e-03],
          [-1.6000e-02, -1.2680e-03,  7.8970e-03]],

         [[ 2.4422e-02, -2.4105e-02,  1.2181e-02],
          [-2.3404e-02,  1.0480e-02,  7.1528e-03],
          [ 2.3448e-03,  1.6621e-02, -1.9873e-02]],

         ...,

         [[ 2.9151e-03,  2.0711e-02, -1.0812e-02],
          [-1.9582e-03,  1.1207e-03,  1.8251e-02],
          [ 1.9970e-02, -4.8204e-03,  2.7935e-02]],

         [[ 2.5623e-02,  1.2622e-02, -1.2042e-03],
          [ 1.2672e-02, -1.7055e-02, -1.5714e-02],
          [-4.7601e-03,  1.5152e-02, -5.8085e-03]],

         [[-3.8266e-03, -2.5615e-02,  8.8375e-03],
          [-3.6501e-03,  1.4638e-02,  1.3182e-02],
          [ 5.2722e-03, -1.6601e-02,  8.2607e-03]]],


        [[[ 2.8817e-02, -2.3253e-02,  2.1906e-02],
          [-3.3104e-03,  2.2615e-02, -8.5091e-05],
          [ 1.4467e-02,  2.4865e-02, -1.8246e-02]],

         [[-8.1674e-04, -1.5096e-02, -1.9836e-02],
          [ 2.2329e-02, -1.9545e-02, -2.8739e-02],
          [-1.4965e-02, -4.0158e-03, -2.8225e-02]],

         [[ 8.5916e-03,  3.9105e-03, -1.6983e-02],
          [ 8.1570e-03,  1.9145e-02, -9.6397e-03],
          [-1.8970e-02,  1.8312e-02,  2.9321e-03]],

         ...,

         [[ 5.0918e-03, -2.6666e-02, -1.4700e-02],
          [-1.3250e-02,  1.1277e-02, -1.0480e-02],
          [-1.5012e-02, -6.7773e-03,  1.7918e-02]],

         [[ 2.5194e-02,  2.1769e-02,  2.5644e-02],
          [-1.8089e-02, -2.6257e-03,  1.5643e-03],
          [-4.8020e-03, -4.6340e-03,  2.6138e-02]],

         [[ 2.8748e-02, -2.3281e-02, -4.3291e-03],
          [ 2.8766e-02, -1.9873e-02, -7.7568e-03],
          [ 1.1502e-02,  5.1822e-03, -2.4115e-02]]],


        [[[ 1.6967e-02, -2.4192e-02,  2.1018e-02],
          [-1.0988e-02, -2.2208e-02,  7.9882e-03],
          [-2.5333e-02, -2.7605e-02, -2.5679e-02]],

         [[-2.2420e-02,  1.3324e-02, -1.2419e-02],
          [-3.6030e-03,  6.5969e-03, -1.7912e-02],
          [-1.1081e-02,  2.9228e-03,  1.9536e-02]],

         [[ 1.4143e-04, -4.4736e-03, -1.2910e-02],
          [ 2.4752e-02, -2.3354e-02,  1.8567e-02],
          [ 1.2306e-02,  2.6791e-02, -2.7585e-02]],

         ...,

         [[ 2.0573e-02, -1.8065e-02,  1.1973e-02],
          [-1.5689e-02, -1.5575e-02, -8.1345e-03],
          [ 2.5830e-03,  1.3823e-02,  2.7977e-02]],

         [[-2.7017e-02,  9.6240e-03, -8.9375e-03],
          [ 2.3087e-02, -2.5005e-02, -5.0820e-03],
          [-1.6709e-02,  2.9963e-03, -2.0237e-02]],

         [[ 1.8690e-02,  2.0596e-02, -1.6681e-02],
          [-3.5281e-03,  1.7967e-02, -1.8476e-02],
          [ 9.8896e-03,  3.1493e-03, -1.5796e-02]]]], device='cuda:0') 
 Parameter containing:
tensor([[[[ 1.2076e-02, -9.6775e-03,  2.8638e-02],
          [ 2.0834e-02,  1.1066e-02,  1.3290e-02],
          [ 2.2086e-02, -1.9151e-02,  1.3722e-02]],

         [[ 2.2392e-03, -8.6546e-03,  2.0868e-03],
          [-2.4271e-02,  6.1174e-03, -1.7342e-02],
          [ 3.1339e-03,  1.7351e-02, -2.1295e-03]],

         [[ 2.5874e-03, -2.6685e-02, -1.8932e-02],
          [-2.3925e-02,  2.4409e-02,  2.3108e-02],
          [ 9.9626e-03,  2.5618e-02,  1.5688e-02]],

         ...,

         [[ 2.6692e-02,  4.3687e-03, -7.1490e-03],
          [-7.5076e-03,  1.4948e-02,  7.2397e-03],
          [ 2.5280e-03, -2.0733e-02,  6.9354e-03]],

         [[ 2.6176e-02, -3.9520e-03, -4.2301e-03],
          [-2.3056e-02, -2.2981e-02,  7.0577e-03],
          [-2.5999e-02,  1.5124e-04,  1.7165e-02]],

         [[-9.6221e-03,  2.7340e-02, -1.4328e-02],
          [ 8.2256e-03, -1.3396e-02, -2.6745e-02],
          [-2.2132e-02, -1.6479e-02, -2.2180e-02]]],


        [[[-6.7352e-03,  1.4280e-02,  2.3276e-03],
          [-2.9312e-02,  1.2422e-02, -1.7012e-02],
          [ 7.0239e-03, -1.7482e-02, -2.2901e-03]],

         [[ 2.4083e-02, -2.8297e-02,  1.4122e-02],
          [ 2.3810e-02, -1.8182e-02, -9.3368e-03],
          [-9.6651e-03, -2.2253e-02,  1.1245e-02]],

         [[ 1.9399e-03, -2.4995e-02,  1.1964e-02],
          [-3.5400e-03, -1.8797e-02, -1.7469e-02],
          [ 2.9742e-03, -1.4461e-02,  7.6056e-03]],

         ...,

         [[ 2.0417e-02,  4.6095e-03,  2.0594e-02],
          [ 2.0167e-02,  2.4784e-02, -1.0858e-02],
          [ 1.8275e-02, -1.5991e-02, -1.3596e-02]],

         [[-2.9251e-02, -1.9925e-02, -1.9442e-02],
          [-2.1795e-02, -2.1820e-02,  2.1681e-02],
          [-4.0008e-03, -1.1348e-02, -1.7151e-02]],

         [[-8.2860e-03, -2.5391e-02,  1.9007e-02],
          [ 2.4782e-02, -3.0052e-03, -7.6112e-04],
          [-2.5682e-03, -2.4479e-02,  1.0507e-02]]],


        [[[ 9.2467e-03,  2.1519e-02,  6.4778e-04],
          [ 1.6446e-02, -2.8297e-02,  2.4203e-03],
          [ 1.2499e-02, -2.7776e-03,  1.3269e-02]],

         [[ 3.8532e-03, -1.5222e-02,  2.7638e-02],
          [-1.1976e-02, -1.9899e-02, -1.5392e-02],
          [-8.4745e-03,  1.3565e-02,  2.0027e-02]],

         [[-2.4769e-02,  5.1023e-03, -3.3640e-03],
          [-2.1850e-04,  9.5242e-03,  5.6390e-03],
          [ 1.8741e-02,  3.9534e-03,  2.3239e-02]],

         ...,

         [[-2.0720e-02, -1.7643e-02,  1.0819e-03],
          [-2.7052e-02, -7.4868e-03, -1.7816e-02],
          [-2.4156e-02, -2.3471e-02,  1.6325e-02]],

         [[-2.0214e-02,  5.2827e-03, -1.3614e-02],
          [-2.9232e-02, -6.4541e-03, -3.4922e-05],
          [ 2.0566e-02,  1.5827e-02, -1.3703e-02]],

         [[-2.6814e-02, -2.7440e-02,  1.0035e-02],
          [ 1.4364e-02, -8.7056e-03,  2.8584e-03],
          [ 5.6574e-04, -2.1058e-02,  1.0805e-02]]],


        ...,


        [[[-2.0445e-02,  2.9203e-03,  8.7905e-04],
          [ 2.4219e-02, -1.1426e-02,  1.1886e-02],
          [ 1.5040e-03, -5.9840e-03,  2.7158e-02]],

         [[-8.0509e-04,  2.0253e-02,  5.9630e-03],
          [ 7.7051e-03,  1.6214e-02, -3.8512e-03],
          [-1.6000e-02, -1.2680e-03,  7.8970e-03]],

         [[ 2.4422e-02, -2.4105e-02,  1.2181e-02],
          [-2.3404e-02,  1.0480e-02,  7.1528e-03],
          [ 2.3448e-03,  1.6621e-02, -1.9873e-02]],

         ...,

         [[ 2.9151e-03,  2.0711e-02, -1.0812e-02],
          [-1.9582e-03,  1.1207e-03,  1.8251e-02],
          [ 1.9970e-02, -4.8204e-03,  2.7935e-02]],

         [[ 2.5623e-02,  1.2622e-02, -1.2042e-03],
          [ 1.2672e-02, -1.7055e-02, -1.5714e-02],
          [-4.7601e-03,  1.5152e-02, -5.8085e-03]],

         [[-3.8266e-03, -2.5615e-02,  8.8375e-03],
          [-3.6501e-03,  1.4638e-02,  1.3182e-02],
          [ 5.2722e-03, -1.6601e-02,  8.2607e-03]]],


        [[[ 2.8817e-02, -2.3253e-02,  2.1906e-02],
          [-3.3104e-03,  2.2615e-02, -8.5091e-05],
          [ 1.4467e-02,  2.4865e-02, -1.8246e-02]],

         [[-8.1674e-04, -1.5096e-02, -1.9836e-02],
          [ 2.2329e-02, -1.9545e-02, -2.8739e-02],
          [-1.4965e-02, -4.0158e-03, -2.8225e-02]],

         [[ 8.5916e-03,  3.9105e-03, -1.6983e-02],
          [ 8.1570e-03,  1.9145e-02, -9.6397e-03],
          [-1.8970e-02,  1.8312e-02,  2.9321e-03]],

         ...,

         [[ 5.0918e-03, -2.6666e-02, -1.4700e-02],
          [-1.3250e-02,  1.1277e-02, -1.0480e-02],
          [-1.5012e-02, -6.7773e-03,  1.7918e-02]],

         [[ 2.5194e-02,  2.1769e-02,  2.5644e-02],
          [-1.8089e-02, -2.6257e-03,  1.5643e-03],
          [-4.8020e-03, -4.6340e-03,  2.6138e-02]],

         [[ 2.8748e-02, -2.3281e-02, -4.3291e-03],
          [ 2.8766e-02, -1.9873e-02, -7.7568e-03],
          [ 1.1502e-02,  5.1822e-03, -2.4115e-02]]],


        [[[ 1.6967e-02, -2.4192e-02,  2.1018e-02],
          [-1.0988e-02, -2.2208e-02,  7.9882e-03],
          [-2.5333e-02, -2.7605e-02, -2.5679e-02]],

         [[-2.2420e-02,  1.3324e-02, -1.2419e-02],
          [-3.6030e-03,  6.5969e-03, -1.7912e-02],
          [-1.1081e-02,  2.9228e-03,  1.9536e-02]],

         [[ 1.4143e-04, -4.4736e-03, -1.2910e-02],
          [ 2.4752e-02, -2.3354e-02,  1.8567e-02],
          [ 1.2306e-02,  2.6791e-02, -2.7585e-02]],

         ...,

         [[ 2.0573e-02, -1.8065e-02,  1.1973e-02],
          [-1.5689e-02, -1.5575e-02, -8.1345e-03],
          [ 2.5830e-03,  1.3823e-02,  2.7977e-02]],

         [[-2.7017e-02,  9.6240e-03, -8.9375e-03],
          [ 2.3087e-02, -2.5005e-02, -5.0820e-03],
          [-1.6709e-02,  2.9963e-03, -2.0237e-02]],

         [[ 1.8690e-02,  2.0596e-02, -1.6681e-02],
          [-3.5281e-03,  1.7967e-02, -1.8476e-02],
          [ 9.8896e-03,  3.1493e-03, -1.5796e-02]]]], device='cuda:0',
       requires_grad=True)
parameters of the network conv3.bias 
 torch.Size([64]) 
 True 
 tensor([-1.6309e-03,  2.8532e-02, -2.7830e-02, -7.8904e-03,  2.0789e-02,
         9.2642e-03, -2.1231e-02,  3.9379e-03, -2.3663e-02, -1.0245e-02,
         1.9723e-02,  1.5976e-02, -1.7146e-02, -9.9722e-03, -1.0009e-02,
        -2.4144e-02,  1.4640e-02,  5.6301e-03,  2.7768e-02,  1.3391e-02,
         2.1552e-02,  2.9113e-02, -2.7919e-02,  1.6216e-03, -2.0604e-02,
         3.3945e-03, -2.0218e-02,  2.4705e-02,  9.2247e-03, -2.1722e-02,
        -5.2512e-03,  4.7523e-03, -2.1909e-02,  1.6696e-03,  1.0529e-02,
        -2.3881e-02, -2.4922e-02,  1.3930e-03, -2.3401e-02,  2.7912e-02,
         8.3893e-03,  1.3262e-02,  2.2221e-02, -1.8639e-02, -2.7912e-02,
        -2.8159e-02,  4.3953e-03, -2.3939e-02,  2.0428e-02,  1.8055e-02,
         1.1787e-05, -1.7732e-02,  2.1636e-03,  6.3695e-03, -1.1352e-02,
         1.7304e-02, -7.3022e-03, -2.8384e-02, -8.9005e-03, -2.7955e-02,
         8.3934e-04, -2.3783e-02,  2.9393e-02,  2.9002e-02], device='cuda:0') 
 Parameter containing:
tensor([-1.6309e-03,  2.8532e-02, -2.7830e-02, -7.8904e-03,  2.0789e-02,
         9.2642e-03, -2.1231e-02,  3.9379e-03, -2.3663e-02, -1.0245e-02,
         1.9723e-02,  1.5976e-02, -1.7146e-02, -9.9722e-03, -1.0009e-02,
        -2.4144e-02,  1.4640e-02,  5.6301e-03,  2.7768e-02,  1.3391e-02,
         2.1552e-02,  2.9113e-02, -2.7919e-02,  1.6216e-03, -2.0604e-02,
         3.3945e-03, -2.0218e-02,  2.4705e-02,  9.2247e-03, -2.1722e-02,
        -5.2512e-03,  4.7523e-03, -2.1909e-02,  1.6696e-03,  1.0529e-02,
        -2.3881e-02, -2.4922e-02,  1.3930e-03, -2.3401e-02,  2.7912e-02,
         8.3893e-03,  1.3262e-02,  2.2221e-02, -1.8639e-02, -2.7912e-02,
        -2.8159e-02,  4.3953e-03, -2.3939e-02,  2.0428e-02,  1.8055e-02,
         1.1787e-05, -1.7732e-02,  2.1636e-03,  6.3695e-03, -1.1352e-02,
         1.7304e-02, -7.3022e-03, -2.8384e-02, -8.9005e-03, -2.7955e-02,
         8.3934e-04, -2.3783e-02,  2.9393e-02,  2.9002e-02], device='cuda:0',
       requires_grad=True)
parameters of the network fc1.weight 
 torch.Size([256, 667776]) 
 True 
 tensor([[-2.5536e-04, -4.4851e-05, -2.6127e-04,  ...,  6.9961e-04,
          2.4679e-04,  3.8343e-04],
        [-8.5777e-04,  6.8854e-04, -5.2582e-05,  ...,  7.6757e-04,
         -8.1971e-04,  1.9147e-05],
        [ 9.5913e-04,  6.7860e-04,  1.0014e-03,  ..., -1.2042e-03,
          8.7102e-04, -2.7054e-04],
        ...,
        [-6.1408e-04, -3.4977e-04,  1.1430e-03,  ..., -7.5422e-05,
         -1.0668e-03,  6.4437e-04],
        [ 5.2858e-04, -3.0396e-04,  1.0258e-03,  ...,  6.1915e-04,
         -1.0965e-03, -1.0522e-03],
        [-8.5032e-04, -5.0768e-04,  7.0275e-04,  ..., -3.0091e-04,
         -4.5893e-04, -1.0695e-03]], device='cuda:0') 
 Parameter containing:
tensor([[-2.5536e-04, -4.4851e-05, -2.6127e-04,  ...,  6.9961e-04,
          2.4679e-04,  3.8343e-04],
        [-8.5777e-04,  6.8854e-04, -5.2582e-05,  ...,  7.6757e-04,
         -8.1971e-04,  1.9147e-05],
        [ 9.5913e-04,  6.7860e-04,  1.0014e-03,  ..., -1.2042e-03,
          8.7102e-04, -2.7054e-04],
        ...,
        [-6.1408e-04, -3.4977e-04,  1.1430e-03,  ..., -7.5422e-05,
         -1.0668e-03,  6.4437e-04],
        [ 5.2858e-04, -3.0396e-04,  1.0258e-03,  ...,  6.1915e-04,
         -1.0965e-03, -1.0522e-03],
        [-8.5032e-04, -5.0768e-04,  7.0275e-04,  ..., -3.0091e-04,
         -4.5893e-04, -1.0695e-03]], device='cuda:0', requires_grad=True)
parameters of the network fc1.bias 
 torch.Size([256]) 
 True 
 tensor([-3.1445e-04, -9.5826e-04,  4.0383e-04,  7.1432e-04, -9.7429e-04,
         1.2119e-03, -7.7106e-04,  1.0305e-03, -1.0602e-03, -8.8088e-04,
        -5.0726e-04, -1.0161e-03,  1.1206e-03, -1.1314e-03,  9.6761e-04,
        -9.6588e-04, -1.1077e-03, -4.1446e-04, -3.9163e-04,  5.1704e-04,
        -8.0093e-05, -9.2795e-04,  1.1028e-04, -3.0679e-04, -9.1656e-04,
        -1.4072e-04, -7.3744e-04, -6.2642e-04,  1.5775e-04,  9.4265e-04,
         3.4782e-04, -1.2025e-03, -1.2150e-04, -3.6399e-04, -9.0687e-04,
         5.1199e-04, -8.5852e-04, -1.1127e-03, -7.8301e-04,  3.1989e-04,
         9.1036e-04,  8.7534e-04, -3.5517e-04, -7.0923e-04,  4.5330e-04,
         3.5359e-04,  3.3120e-04, -7.5731e-04, -1.2218e-03, -7.7717e-04,
         9.8310e-04, -1.1192e-03, -1.0208e-03,  5.6108e-04,  3.2655e-04,
        -5.8665e-04,  9.6911e-04, -8.8425e-04, -8.2460e-04,  7.6958e-04,
        -6.1676e-04,  5.9568e-04,  8.3652e-04,  7.4245e-04,  1.0556e-03,
         6.6839e-04,  9.9448e-04,  2.1287e-04,  1.0473e-03, -2.1324e-04,
         7.6483e-04,  3.5309e-04, -2.1111e-04,  1.1000e-03,  5.0661e-04,
        -5.8166e-04, -3.7267e-04,  1.0833e-03,  9.6707e-05,  1.5214e-04,
         1.5138e-04,  6.4663e-05,  7.3962e-05, -1.0304e-03,  1.0034e-03,
         5.7733e-04, -8.4681e-04,  2.0275e-04,  2.4078e-04,  1.0056e-04,
         1.4690e-04,  3.4550e-04,  5.7370e-04, -9.3063e-05,  1.0952e-03,
         1.6769e-04, -1.1030e-03, -2.9305e-04,  1.2145e-03, -4.8069e-04,
         9.4091e-04,  1.5970e-04, -9.8956e-04, -1.1044e-03, -1.1313e-03,
        -4.2796e-04, -1.1789e-03,  8.0870e-04,  1.2115e-03, -6.0523e-04,
         9.6683e-04,  4.7538e-04,  6.0939e-04, -1.4363e-04,  9.5953e-04,
        -4.0637e-05,  3.3433e-04, -8.4377e-04,  9.6352e-04,  9.6683e-04,
        -8.1760e-04, -9.8789e-04,  3.3880e-04,  1.1902e-03, -7.1896e-04,
         5.1038e-04, -9.0342e-04,  1.8815e-04,  5.5622e-04,  5.9547e-04,
        -5.6883e-05, -1.1331e-03, -3.6608e-04,  2.0821e-04,  8.4637e-04,
        -8.4112e-04,  1.6443e-04, -2.5405e-04, -3.9380e-04,  6.8021e-04,
         4.9479e-04, -8.7680e-04,  1.1414e-04,  6.0963e-04, -2.6874e-04,
        -5.6308e-04, -4.4209e-04,  1.1072e-03, -1.1802e-04,  9.2609e-06,
        -2.8002e-04, -8.3984e-04,  9.3473e-04, -1.1583e-03, -4.9227e-04,
         3.1270e-04, -5.7140e-04,  9.8734e-05,  2.5238e-05, -6.1383e-04,
         1.0970e-03, -7.5116e-04,  3.2233e-04,  7.2561e-04,  3.2553e-04,
        -7.4492e-04, -5.2924e-04,  3.3425e-04, -4.2937e-04,  1.1472e-03,
        -7.6392e-05,  6.3703e-04, -6.4408e-04,  9.1140e-04,  7.8828e-04,
        -1.5085e-04, -8.4871e-04, -7.9507e-04, -7.7048e-04,  6.4925e-05,
        -4.7913e-04,  1.0165e-04,  7.6944e-04, -1.1474e-03, -4.5594e-04,
        -8.3023e-04, -1.1434e-03, -9.0350e-04, -1.1516e-03, -3.5048e-04,
         2.9853e-04,  7.7854e-04, -9.6479e-04, -8.0496e-06, -3.6850e-05,
         8.7619e-04,  5.2783e-04,  5.4980e-04,  6.5968e-04,  3.8699e-04,
         9.7681e-04,  9.5811e-04,  1.0603e-03, -6.6021e-05,  7.6515e-04,
        -7.3629e-05, -8.2498e-05,  4.3616e-04,  8.2403e-04,  9.6851e-05,
         7.0433e-04, -8.2091e-04, -4.8879e-04,  8.1243e-04,  3.7529e-04,
        -1.3216e-04,  1.7577e-04, -4.3987e-04, -1.2019e-04, -7.9151e-04,
        -5.3973e-04,  8.5096e-04,  1.1877e-03,  1.0320e-03,  3.7597e-04,
         1.0623e-03,  1.0729e-03, -2.7509e-04, -8.3796e-04,  6.2333e-04,
        -9.7358e-04, -2.1683e-04, -5.7058e-04,  2.6861e-04, -9.5048e-04,
         1.1907e-03,  1.0050e-03,  4.8526e-04, -7.5486e-04, -9.6568e-04,
         8.8924e-04, -6.1816e-05, -3.1792e-04, -1.6103e-04,  1.1733e-04,
         1.0460e-03, -1.0726e-03,  9.8447e-04, -4.8868e-04, -6.9903e-04,
        -1.1379e-03,  7.8845e-04, -8.2838e-04,  1.1419e-04, -7.0616e-04,
        -7.7079e-04], device='cuda:0') 
 Parameter containing:
tensor([-3.1445e-04, -9.5826e-04,  4.0383e-04,  7.1432e-04, -9.7429e-04,
         1.2119e-03, -7.7106e-04,  1.0305e-03, -1.0602e-03, -8.8088e-04,
        -5.0726e-04, -1.0161e-03,  1.1206e-03, -1.1314e-03,  9.6761e-04,
        -9.6588e-04, -1.1077e-03, -4.1446e-04, -3.9163e-04,  5.1704e-04,
        -8.0093e-05, -9.2795e-04,  1.1028e-04, -3.0679e-04, -9.1656e-04,
        -1.4072e-04, -7.3744e-04, -6.2642e-04,  1.5775e-04,  9.4265e-04,
         3.4782e-04, -1.2025e-03, -1.2150e-04, -3.6399e-04, -9.0687e-04,
         5.1199e-04, -8.5852e-04, -1.1127e-03, -7.8301e-04,  3.1989e-04,
         9.1036e-04,  8.7534e-04, -3.5517e-04, -7.0923e-04,  4.5330e-04,
         3.5359e-04,  3.3120e-04, -7.5731e-04, -1.2218e-03, -7.7717e-04,
         9.8310e-04, -1.1192e-03, -1.0208e-03,  5.6108e-04,  3.2655e-04,
        -5.8665e-04,  9.6911e-04, -8.8425e-04, -8.2460e-04,  7.6958e-04,
        -6.1676e-04,  5.9568e-04,  8.3652e-04,  7.4245e-04,  1.0556e-03,
         6.6839e-04,  9.9448e-04,  2.1287e-04,  1.0473e-03, -2.1324e-04,
         7.6483e-04,  3.5309e-04, -2.1111e-04,  1.1000e-03,  5.0661e-04,
        -5.8166e-04, -3.7267e-04,  1.0833e-03,  9.6707e-05,  1.5214e-04,
         1.5138e-04,  6.4663e-05,  7.3962e-05, -1.0304e-03,  1.0034e-03,
         5.7733e-04, -8.4681e-04,  2.0275e-04,  2.4078e-04,  1.0056e-04,
         1.4690e-04,  3.4550e-04,  5.7370e-04, -9.3063e-05,  1.0952e-03,
         1.6769e-04, -1.1030e-03, -2.9305e-04,  1.2145e-03, -4.8069e-04,
         9.4091e-04,  1.5970e-04, -9.8956e-04, -1.1044e-03, -1.1313e-03,
        -4.2796e-04, -1.1789e-03,  8.0870e-04,  1.2115e-03, -6.0523e-04,
         9.6683e-04,  4.7538e-04,  6.0939e-04, -1.4363e-04,  9.5953e-04,
        -4.0637e-05,  3.3433e-04, -8.4377e-04,  9.6352e-04,  9.6683e-04,
        -8.1760e-04, -9.8789e-04,  3.3880e-04,  1.1902e-03, -7.1896e-04,
         5.1038e-04, -9.0342e-04,  1.8815e-04,  5.5622e-04,  5.9547e-04,
        -5.6883e-05, -1.1331e-03, -3.6608e-04,  2.0821e-04,  8.4637e-04,
        -8.4112e-04,  1.6443e-04, -2.5405e-04, -3.9380e-04,  6.8021e-04,
         4.9479e-04, -8.7680e-04,  1.1414e-04,  6.0963e-04, -2.6874e-04,
        -5.6308e-04, -4.4209e-04,  1.1072e-03, -1.1802e-04,  9.2609e-06,
        -2.8002e-04, -8.3984e-04,  9.3473e-04, -1.1583e-03, -4.9227e-04,
         3.1270e-04, -5.7140e-04,  9.8734e-05,  2.5238e-05, -6.1383e-04,
         1.0970e-03, -7.5116e-04,  3.2233e-04,  7.2561e-04,  3.2553e-04,
        -7.4492e-04, -5.2924e-04,  3.3425e-04, -4.2937e-04,  1.1472e-03,
        -7.6392e-05,  6.3703e-04, -6.4408e-04,  9.1140e-04,  7.8828e-04,
        -1.5085e-04, -8.4871e-04, -7.9507e-04, -7.7048e-04,  6.4925e-05,
        -4.7913e-04,  1.0165e-04,  7.6944e-04, -1.1474e-03, -4.5594e-04,
        -8.3023e-04, -1.1434e-03, -9.0350e-04, -1.1516e-03, -3.5048e-04,
         2.9853e-04,  7.7854e-04, -9.6479e-04, -8.0496e-06, -3.6850e-05,
         8.7619e-04,  5.2783e-04,  5.4980e-04,  6.5968e-04,  3.8699e-04,
         9.7681e-04,  9.5811e-04,  1.0603e-03, -6.6021e-05,  7.6515e-04,
        -7.3629e-05, -8.2498e-05,  4.3616e-04,  8.2403e-04,  9.6851e-05,
         7.0433e-04, -8.2091e-04, -4.8879e-04,  8.1243e-04,  3.7529e-04,
        -1.3216e-04,  1.7577e-04, -4.3987e-04, -1.2019e-04, -7.9151e-04,
        -5.3973e-04,  8.5096e-04,  1.1877e-03,  1.0320e-03,  3.7597e-04,
         1.0623e-03,  1.0729e-03, -2.7509e-04, -8.3796e-04,  6.2333e-04,
        -9.7358e-04, -2.1683e-04, -5.7058e-04,  2.6861e-04, -9.5048e-04,
         1.1907e-03,  1.0050e-03,  4.8526e-04, -7.5486e-04, -9.6568e-04,
         8.8924e-04, -6.1816e-05, -3.1792e-04, -1.6103e-04,  1.1733e-04,
         1.0460e-03, -1.0726e-03,  9.8447e-04, -4.8868e-04, -6.9903e-04,
        -1.1379e-03,  7.8845e-04, -8.2838e-04,  1.1419e-04, -7.0616e-04,
        -7.7079e-04], device='cuda:0', requires_grad=True)
parameters of the network fc2.weight 
 torch.Size([128, 256]) 
 True 
 tensor([[-0.0480, -0.0160,  0.0213,  ...,  0.0455, -0.0383,  0.0271],
        [ 0.0018,  0.0037, -0.0138,  ..., -0.0216, -0.0165,  0.0008],
        [ 0.0273,  0.0389, -0.0555,  ..., -0.0056, -0.0370, -0.0598],
        ...,
        [-0.0580,  0.0342, -0.0126,  ...,  0.0429, -0.0038, -0.0085],
        [-0.0255, -0.0277, -0.0417,  ..., -0.0050, -0.0144, -0.0040],
        [-0.0189,  0.0153, -0.0047,  ..., -0.0487, -0.0279,  0.0555]],
       device='cuda:0') 
 Parameter containing:
tensor([[-0.0480, -0.0160,  0.0213,  ...,  0.0455, -0.0383,  0.0271],
        [ 0.0018,  0.0037, -0.0138,  ..., -0.0216, -0.0165,  0.0008],
        [ 0.0273,  0.0389, -0.0555,  ..., -0.0056, -0.0370, -0.0598],
        ...,
        [-0.0580,  0.0342, -0.0126,  ...,  0.0429, -0.0038, -0.0085],
        [-0.0255, -0.0277, -0.0417,  ..., -0.0050, -0.0144, -0.0040],
        [-0.0189,  0.0153, -0.0047,  ..., -0.0487, -0.0279,  0.0555]],
       device='cuda:0', requires_grad=True)
parameters of the network fc2.bias 
 torch.Size([128]) 
 True 
 tensor([ 0.0346, -0.0473, -0.0593, -0.0613, -0.0062, -0.0184,  0.0195, -0.0440,
         0.0193, -0.0095,  0.0338, -0.0557, -0.0212, -0.0085, -0.0284, -0.0333,
        -0.0326, -0.0203,  0.0018, -0.0463,  0.0131,  0.0565, -0.0074,  0.0080,
        -0.0331,  0.0288, -0.0164,  0.0088,  0.0233, -0.0289, -0.0153, -0.0151,
        -0.0262, -0.0532, -0.0194, -0.0265, -0.0387,  0.0046,  0.0183, -0.0023,
        -0.0621, -0.0538, -0.0119,  0.0407,  0.0488,  0.0123,  0.0494, -0.0087,
        -0.0449, -0.0481,  0.0527, -0.0319,  0.0198,  0.0296, -0.0553, -0.0016,
         0.0305,  0.0244,  0.0057,  0.0480, -0.0092,  0.0568,  0.0353, -0.0066,
        -0.0555,  0.0265,  0.0014,  0.0129,  0.0299, -0.0023, -0.0453,  0.0024,
         0.0108,  0.0388, -0.0311,  0.0317, -0.0018,  0.0074, -0.0345, -0.0211,
        -0.0068, -0.0053, -0.0159, -0.0236,  0.0242,  0.0141, -0.0362, -0.0135,
         0.0366,  0.0044,  0.0605, -0.0112,  0.0327, -0.0410, -0.0333, -0.0398,
         0.0392,  0.0514,  0.0073,  0.0431, -0.0237,  0.0236, -0.0150,  0.0209,
        -0.0269,  0.0372,  0.0460, -0.0546,  0.0480, -0.0302,  0.0249,  0.0410,
         0.0480,  0.0572,  0.0029,  0.0496,  0.0519, -0.0459,  0.0345, -0.0121,
         0.0352,  0.0028, -0.0531, -0.0530, -0.0548,  0.0334, -0.0299,  0.0507],
       device='cuda:0') 
 Parameter containing:
tensor([ 0.0346, -0.0473, -0.0593, -0.0613, -0.0062, -0.0184,  0.0195, -0.0440,
         0.0193, -0.0095,  0.0338, -0.0557, -0.0212, -0.0085, -0.0284, -0.0333,
        -0.0326, -0.0203,  0.0018, -0.0463,  0.0131,  0.0565, -0.0074,  0.0080,
        -0.0331,  0.0288, -0.0164,  0.0088,  0.0233, -0.0289, -0.0153, -0.0151,
        -0.0262, -0.0532, -0.0194, -0.0265, -0.0387,  0.0046,  0.0183, -0.0023,
        -0.0621, -0.0538, -0.0119,  0.0407,  0.0488,  0.0123,  0.0494, -0.0087,
        -0.0449, -0.0481,  0.0527, -0.0319,  0.0198,  0.0296, -0.0553, -0.0016,
         0.0305,  0.0244,  0.0057,  0.0480, -0.0092,  0.0568,  0.0353, -0.0066,
        -0.0555,  0.0265,  0.0014,  0.0129,  0.0299, -0.0023, -0.0453,  0.0024,
         0.0108,  0.0388, -0.0311,  0.0317, -0.0018,  0.0074, -0.0345, -0.0211,
        -0.0068, -0.0053, -0.0159, -0.0236,  0.0242,  0.0141, -0.0362, -0.0135,
         0.0366,  0.0044,  0.0605, -0.0112,  0.0327, -0.0410, -0.0333, -0.0398,
         0.0392,  0.0514,  0.0073,  0.0431, -0.0237,  0.0236, -0.0150,  0.0209,
        -0.0269,  0.0372,  0.0460, -0.0546,  0.0480, -0.0302,  0.0249,  0.0410,
         0.0480,  0.0572,  0.0029,  0.0496,  0.0519, -0.0459,  0.0345, -0.0121,
         0.0352,  0.0028, -0.0531, -0.0530, -0.0548,  0.0334, -0.0299,  0.0507],
       device='cuda:0', requires_grad=True)
parameters of the network fc3.weight 
 torch.Size([64, 128]) 
 True 
 tensor([[-0.0542,  0.0550,  0.0795,  ...,  0.0283, -0.0537, -0.0692],
        [ 0.0396,  0.0589,  0.0222,  ...,  0.0333, -0.0049,  0.0381],
        [ 0.0301, -0.0735, -0.0294,  ...,  0.0674, -0.0787,  0.0510],
        ...,
        [ 0.0269,  0.0819,  0.0565,  ..., -0.0739,  0.0853, -0.0516],
        [-0.0051, -0.0339,  0.0235,  ..., -0.0728, -0.0268, -0.0501],
        [-0.0638, -0.0200, -0.0738,  ...,  0.0681,  0.0493, -0.0042]],
       device='cuda:0') 
 Parameter containing:
tensor([[-0.0542,  0.0550,  0.0795,  ...,  0.0283, -0.0537, -0.0692],
        [ 0.0396,  0.0589,  0.0222,  ...,  0.0333, -0.0049,  0.0381],
        [ 0.0301, -0.0735, -0.0294,  ...,  0.0674, -0.0787,  0.0510],
        ...,
        [ 0.0269,  0.0819,  0.0565,  ..., -0.0739,  0.0853, -0.0516],
        [-0.0051, -0.0339,  0.0235,  ..., -0.0728, -0.0268, -0.0501],
        [-0.0638, -0.0200, -0.0738,  ...,  0.0681,  0.0493, -0.0042]],
       device='cuda:0', requires_grad=True)
parameters of the network fc3.bias 
 torch.Size([64]) 
 True 
 tensor([ 0.0139,  0.0102,  0.0780,  0.0387,  0.0247,  0.0801,  0.0617, -0.0577,
         0.0222, -0.0363,  0.0295,  0.0134, -0.0451, -0.0607, -0.0079, -0.0122,
         0.0792,  0.0450, -0.0606, -0.0722,  0.0275,  0.0009, -0.0378, -0.0545,
        -0.0396, -0.0635, -0.0777,  0.0728, -0.0768,  0.0181,  0.0566, -0.0810,
        -0.0491,  0.0751,  0.0424,  0.0497,  0.0410, -0.0685, -0.0527, -0.0593,
        -0.0134, -0.0428,  0.0681,  0.0190,  0.0126,  0.0864, -0.0168, -0.0666,
        -0.0377, -0.0819,  0.0158,  0.0476, -0.0253, -0.0483,  0.0286,  0.0307,
         0.0047,  0.0178,  0.0729, -0.0713,  0.0037, -0.0057,  0.0160,  0.0403],
       device='cuda:0') 
 Parameter containing:
tensor([ 0.0139,  0.0102,  0.0780,  0.0387,  0.0247,  0.0801,  0.0617, -0.0577,
         0.0222, -0.0363,  0.0295,  0.0134, -0.0451, -0.0607, -0.0079, -0.0122,
         0.0792,  0.0450, -0.0606, -0.0722,  0.0275,  0.0009, -0.0378, -0.0545,
        -0.0396, -0.0635, -0.0777,  0.0728, -0.0768,  0.0181,  0.0566, -0.0810,
        -0.0491,  0.0751,  0.0424,  0.0497,  0.0410, -0.0685, -0.0527, -0.0593,
        -0.0134, -0.0428,  0.0681,  0.0190,  0.0126,  0.0864, -0.0168, -0.0666,
        -0.0377, -0.0819,  0.0158,  0.0476, -0.0253, -0.0483,  0.0286,  0.0307,
         0.0047,  0.0178,  0.0729, -0.0713,  0.0037, -0.0057,  0.0160,  0.0403],
       device='cuda:0', requires_grad=True)
parameters of the network fc4.weight 
 torch.Size([6796, 64]) 
 True 
 tensor([[-0.0131, -0.0270, -0.1243,  ..., -0.1101,  0.0429,  0.0085],
        [ 0.0371, -0.0091,  0.0357,  ...,  0.0935,  0.0796,  0.1016],
        [ 0.1155,  0.0721,  0.1124,  ..., -0.0014,  0.0631, -0.0961],
        ...,
        [ 0.1145, -0.0584,  0.0321,  ...,  0.0222,  0.0126,  0.0590],
        [ 0.0179,  0.0484, -0.0784,  ..., -0.1138, -0.0777,  0.1034],
        [-0.0823, -0.0089, -0.1061,  ...,  0.0762, -0.0187, -0.0703]],
       device='cuda:0') 
 Parameter containing:
tensor([[-0.0131, -0.0270, -0.1243,  ..., -0.1101,  0.0429,  0.0085],
        [ 0.0371, -0.0091,  0.0357,  ...,  0.0935,  0.0796,  0.1016],
        [ 0.1155,  0.0721,  0.1124,  ..., -0.0014,  0.0631, -0.0961],
        ...,
        [ 0.1145, -0.0584,  0.0321,  ...,  0.0222,  0.0126,  0.0590],
        [ 0.0179,  0.0484, -0.0784,  ..., -0.1138, -0.0777,  0.1034],
        [-0.0823, -0.0089, -0.1061,  ...,  0.0762, -0.0187, -0.0703]],
       device='cuda:0', requires_grad=True)
parameters of the network fc4.bias 
 torch.Size([6796]) 
 True 
 tensor([ 0.0843,  0.0463, -0.1037,  ..., -0.0685,  0.0306,  0.0992],
       device='cuda:0') 
 Parameter containing:
tensor([ 0.0843,  0.0463, -0.1037,  ..., -0.0685,  0.0306,  0.0992],
       device='cuda:0', requires_grad=True)

Passing event 1007 from the network before training input tensor([[0., 0., 0.,  ..., 0., 0., 0.],
        [0., 0., 0.,  ..., 0., 0., 0.],
        [0., 0., 0.,  ..., 0., 0., 0.],
        ...,
        [0., 0., 0.,  ..., 0., 0., 0.],
        [0., 0., 0.,  ..., 0., 0., 0.],
        [0., 0., 0.,  ..., 0., 0., 0.]]) 
result1: tensor([[0.5288, 0.5118, 0.4743,  ..., 0.4781, 0.5041, 0.5168],
        [0.5289, 0.5118, 0.4744,  ..., 0.4781, 0.5041, 0.5167],
        [0.5289, 0.5119, 0.4744,  ..., 0.4781, 0.5041, 0.5167],
        ...,
        [0.5289, 0.5118, 0.4744,  ..., 0.4781, 0.5041, 0.5167],
        [0.5289, 0.5118, 0.4744,  ..., 0.4781, 0.5040, 0.5167],
        [0.5289, 0.5119, 0.4744,  ..., 0.4780, 0.5041, 0.5167]],
       device='cuda:0', grad_fn=<SigmoidBackward0>) 
result1.shape: torch.Size([20, 6796])

Passing two random events from the network before training 
result1: tensor([[0.5288, 0.5118, 0.4743,  ..., 0.4781, 0.5041, 0.5168],
        [0.5289, 0.5118, 0.4744,  ..., 0.4781, 0.5041, 0.5167],
        [0.5289, 0.5119, 0.4744,  ..., 0.4781, 0.5041, 0.5167],
        ...,
        [0.5289, 0.5118, 0.4744,  ..., 0.4781, 0.5041, 0.5167],
        [0.5289, 0.5118, 0.4744,  ..., 0.4781, 0.5040, 0.5167],
        [0.5289, 0.5119, 0.4744,  ..., 0.4780, 0.5041, 0.5167]],
       device='cuda:0', grad_fn=<SigmoidBackward0>) 
result1.shape: torch.Size([20, 6796]) 
input: [[0. 0. 0. ... 0. 0. 0.]
 [0. 0. 0. ... 0. 0. 0.]
 [0. 0. 0. ... 0. 0. 0.]
 ...
 [0. 0. 0. ... 0. 0. 0.]
 [0. 0. 0. ... 0. 0. 0.]
 [0. 0. 0. ... 0. 0. 0.]]

real	0m17.355s
user	0m11.799s
sys	0m4.155s
