0: cmsgpu001.ihep.ac.cn
GPU 0: NVIDIA A100-PCIE-40GB (UUID: GPU-83673d1f-01b2-490d-5bc6-a84aaf3ddc65)
Allocate GPU cards : 0

modinfo:
filename:       /lib/modules/3.10.0-1160.71.1.el7.x86_64/extra/nvidia.ko.xz
firmware:       nvidia/515.65.01/gsp.bin
alias:          char-major-195-*
version:        515.65.01
supported:      external
license:        NVIDIA
retpoline:      Y
rhelversion:    7.9
srcversion:     8049D44E2C1B08F41E1B8A6
alias:          pci:v000010DEd*sv*sd*bc06sc80i00*
alias:          pci:v000010DEd*sv*sd*bc03sc02i00*
alias:          pci:v000010DEd*sv*sd*bc03sc00i00*
depends:        drm
vermagic:       3.10.0-1160.71.1.el7.x86_64 SMP mod_unload modversions 
signer:         DKMS module signing key
sig_key:        9B:9E:55:A9:86:D9:50:0B:6D:2D:9F:BA:A7:E6:45:39:D4:DD:5F:C6
sig_hashalgo:   sha512
parm:           NvSwitchRegDwords:NvSwitch regkey (charp)
parm:           NvSwitchBlacklist:NvSwitchBlacklist=uuid[,uuid...] (charp)
parm:           NVreg_ResmanDebugLevel:int
parm:           NVreg_RmLogonRC:int
parm:           NVreg_ModifyDeviceFiles:int
parm:           NVreg_DeviceFileUID:int
parm:           NVreg_DeviceFileGID:int
parm:           NVreg_DeviceFileMode:int
parm:           NVreg_InitializeSystemMemoryAllocations:int
parm:           NVreg_UsePageAttributeTable:int
parm:           NVreg_EnablePCIeGen3:int
parm:           NVreg_EnableMSI:int
parm:           NVreg_TCEBypassMode:int
parm:           NVreg_EnableStreamMemOPs:int
parm:           NVreg_RestrictProfilingToAdminUsers:int
parm:           NVreg_PreserveVideoMemoryAllocations:int
parm:           NVreg_EnableS0ixPowerManagement:int
parm:           NVreg_S0ixPowerManagementVideoMemoryThreshold:int
parm:           NVreg_DynamicPowerManagement:int
parm:           NVreg_DynamicPowerManagementVideoMemoryThreshold:int
parm:           NVreg_EnableGpuFirmware:int
parm:           NVreg_EnableGpuFirmwareLogs:int
parm:           NVreg_OpenRmEnableUnsupportedGpus:int
parm:           NVreg_EnableUserNUMAManagement:int
parm:           NVreg_MemoryPoolSize:int
parm:           NVreg_KMallocHeapMaxSize:int
parm:           NVreg_VMallocHeapMaxSize:int
parm:           NVreg_IgnoreMMIOCheck:int
parm:           NVreg_NvLinkDisable:int
parm:           NVreg_EnablePCIERelaxedOrderingMode:int
parm:           NVreg_RegisterPCIDriver:int
parm:           NVreg_EnableDbgBreakpoint:int
parm:           NVreg_RegistryDwords:charp
parm:           NVreg_RegistryDwordsPerDevice:charp
parm:           NVreg_RmMsg:charp
parm:           NVreg_GpuBlacklist:charp
parm:           NVreg_TemporaryFilePath:charp
parm:           NVreg_ExcludedGpus:charp
parm:           NVreg_DmaRemapPeerMmio:int
parm:           rm_firmware_active:charp

nvidia-smi:
Mon Aug 29 14:34:05 2022       
+-----------------------------------------------------------------------------+
| NVIDIA-SMI 515.65.01    Driver Version: 515.65.01    CUDA Version: 11.7     |
|-------------------------------+----------------------+----------------------+
| GPU  Name        Persistence-M| Bus-Id        Disp.A | Volatile Uncorr. ECC |
| Fan  Temp  Perf  Pwr:Usage/Cap|         Memory-Usage | GPU-Util  Compute M. |
|                               |                      |               MIG M. |
|===============================+======================+======================|
|   0  NVIDIA A100-PCI...  On   | 00000000:3B:00.0 Off |                    0 |
| N/A   24C    P0    32W / 250W |      0MiB / 40960MiB |      0%      Default |
|                               |                      |             Disabled |
+-------------------------------+----------------------+----------------------+
                                                                               
+-----------------------------------------------------------------------------+
| Processes:                                                                  |
|  GPU   GI   CI        PID   Type   Process name                  GPU Memory |
|        ID   ID                                                   Usage      |
|=============================================================================|
|  No running processes found                                                 |
+-----------------------------------------------------------------------------+

nvcc --version:
nvcc: NVIDIA (R) Cuda compiler driver
Copyright (c) 2005-2021 NVIDIA Corporation
Built on Sun_Mar_21_19:15:46_PDT_2021
Cuda compilation tools, release 11.3, V11.3.58
Build cuda_11.3.r11.3/compiler.29745058_0

 torch version: 1.10.2

 cuda version: 11.3

 is cuda available: True

 CUDNN VERSION: 8200

 Number CUDA Devices: 1

 CUDA Device Name: NVIDIA A100-PCIE-40GB

 CUDA Device Total Memory [GB]: 42.358472704

 Device capability: (8, 0) 

 Cuda deviice: <torch.cuda.device object at 0x2ab9af0968e0> 

 Is cuda initialized: True

 CUDA_HOME: /hpcfs/bes/mlgpu/hoseinkk/Miniconda3/envs/dgl1

real	0m5.863s
user	0m2.752s
sys	0m1.363s
/hpcfs/bes/mlgpu/hoseinkk/Miniconda3/envs/dgl1/lib/python3.9/site-packages/cupy/_environment.py:438: UserWarning: 
--------------------------------------------------------------------------------

  CuPy may not function correctly because multiple CuPy packages are installed
  in your environment:

    cupy, cupy-cuda110

  Follow these steps to resolve this issue:

    1. For all packages listed above, run the following command to remove all
       existing CuPy installations:

         $ pip uninstall <package_name>

      If you previously installed CuPy via conda, also run the following:

         $ conda uninstall cupy

    2. Install the appropriate CuPy package.
       Refer to the Installation Guide for detailed instructions.

         https://docs.cupy.dev/en/stable/install.html

--------------------------------------------------------------------------------

  warnings.warn(f'''
/hpcfs/bes/mlgpu/hoseinkk/Miniconda3/envs/dgl1/lib/python3.9/site-packages/torch/nn/functional.py:1806: UserWarning: nn.functional.sigmoid is deprecated. Use torch.sigmoid instead.
  warnings.warn("nn.functional.sigmoid is deprecated. Use torch.sigmoid instead.")




 The Network ... 







 Loading data ... 



training set shape (20000, 43, 288) 
sum 5279207

target set shape (20000, 6796) 
sum 4575851
Net(
  (conv1): Conv2d(1, 256, kernel_size=(3, 3), stride=(1, 1))
  (conv2): Conv2d(256, 128, kernel_size=(3, 3), stride=(1, 1))
  (conv3): Conv2d(128, 64, kernel_size=(3, 3), stride=(1, 1))
  (fc1): Linear(in_features=667776, out_features=256, bias=True)
  (fc2): Linear(in_features=256, out_features=128, bias=True)
  (fc3): Linear(in_features=128, out_features=64, bias=True)
  (fc4): Linear(in_features=64, out_features=6796, bias=True)
)

number of the free parameters: 171805196
parameters of the network conv1.weight 
 torch.Size([256, 1, 3, 3]) 
 True 
 tensor([[[[ 0.2266, -0.3185, -0.0799],
          [-0.3121, -0.0817, -0.1776],
          [ 0.1282,  0.2839, -0.2547]]],


        [[[ 0.1220, -0.1709,  0.0257],
          [ 0.0556,  0.2124,  0.2179],
          [ 0.0067,  0.0614, -0.2870]]],


        [[[-0.0323, -0.3185,  0.0245],
          [-0.2747,  0.2451,  0.1180],
          [-0.1503, -0.0272, -0.1976]]],


        ...,


        [[[-0.1329, -0.1425,  0.1108],
          [ 0.3290, -0.2893,  0.2152],
          [ 0.0180,  0.2203,  0.1463]]],


        [[[-0.2070,  0.3015, -0.3323],
          [ 0.2735, -0.1006,  0.3290],
          [ 0.0255,  0.2880,  0.0354]]],


        [[[ 0.2171, -0.2138,  0.1697],
          [-0.1165,  0.1888, -0.2642],
          [ 0.0280,  0.2523, -0.0694]]]], device='cuda:0') 
 Parameter containing:
tensor([[[[ 0.2266, -0.3185, -0.0799],
          [-0.3121, -0.0817, -0.1776],
          [ 0.1282,  0.2839, -0.2547]]],


        [[[ 0.1220, -0.1709,  0.0257],
          [ 0.0556,  0.2124,  0.2179],
          [ 0.0067,  0.0614, -0.2870]]],


        [[[-0.0323, -0.3185,  0.0245],
          [-0.2747,  0.2451,  0.1180],
          [-0.1503, -0.0272, -0.1976]]],


        ...,


        [[[-0.1329, -0.1425,  0.1108],
          [ 0.3290, -0.2893,  0.2152],
          [ 0.0180,  0.2203,  0.1463]]],


        [[[-0.2070,  0.3015, -0.3323],
          [ 0.2735, -0.1006,  0.3290],
          [ 0.0255,  0.2880,  0.0354]]],


        [[[ 0.2171, -0.2138,  0.1697],
          [-0.1165,  0.1888, -0.2642],
          [ 0.0280,  0.2523, -0.0694]]]], device='cuda:0', requires_grad=True)
parameters of the network conv1.bias 
 torch.Size([256]) 
 True 
 tensor([ 0.1218, -0.1273,  0.0849, -0.2778,  0.0921,  0.1736,  0.2639, -0.1990,
        -0.1233,  0.2634, -0.1296, -0.1406, -0.0405, -0.0146, -0.2469, -0.2971,
        -0.1933, -0.0162, -0.2469,  0.2946, -0.1311, -0.1095,  0.0121, -0.2828,
         0.0754, -0.0180, -0.0204,  0.2468,  0.2051, -0.0899,  0.1065, -0.3089,
        -0.3274, -0.3067, -0.2127, -0.1393,  0.0040,  0.0682, -0.1030, -0.3001,
        -0.2406, -0.1317,  0.0410,  0.2079, -0.2555,  0.1202,  0.2287, -0.1884,
        -0.2624,  0.0382, -0.2898,  0.2801,  0.0858,  0.1744, -0.2004,  0.2273,
        -0.1461, -0.0483,  0.2883, -0.1396,  0.1847, -0.1714,  0.2047,  0.2451,
         0.3265, -0.1990, -0.3157, -0.0519, -0.0473, -0.2499, -0.2263, -0.2450,
        -0.3259,  0.2578, -0.2053,  0.0706,  0.1451, -0.1706, -0.2213, -0.1203,
         0.2899,  0.0793, -0.0422, -0.0815,  0.2185,  0.3170, -0.2745,  0.2914,
        -0.2763,  0.0226, -0.0780, -0.2824,  0.2140, -0.2075,  0.1678,  0.3059,
         0.0515, -0.1631, -0.2482,  0.2308, -0.1254,  0.0050, -0.1767, -0.1637,
         0.1728, -0.0159, -0.2321,  0.2015, -0.2160, -0.2114,  0.0589, -0.1011,
        -0.0670,  0.1395, -0.1622,  0.1597,  0.1044,  0.0993,  0.2673, -0.3207,
        -0.1085,  0.0749, -0.2109,  0.0628,  0.1501,  0.1956,  0.0743, -0.0199,
        -0.1966,  0.1137, -0.0191, -0.3027, -0.1526, -0.2427,  0.2178, -0.0605,
         0.2773, -0.2180, -0.1877,  0.0386,  0.0693, -0.0573,  0.0285,  0.1018,
         0.0352,  0.1261,  0.3134,  0.1196,  0.1683, -0.2853, -0.1227, -0.1138,
         0.0977,  0.2509,  0.0235,  0.2560, -0.2439, -0.0666,  0.2157,  0.1879,
         0.1638,  0.0154,  0.0616, -0.1571,  0.3195, -0.0460,  0.0217,  0.2497,
        -0.2900, -0.0039,  0.0182, -0.0628, -0.1035, -0.0531, -0.0589, -0.1182,
        -0.0829,  0.0422, -0.2256,  0.0835, -0.1676, -0.2654, -0.0529, -0.0707,
         0.0622, -0.0421,  0.0202,  0.2145, -0.2438,  0.2731,  0.0782, -0.1174,
        -0.3044, -0.0357,  0.1230,  0.1590,  0.1909,  0.1636, -0.1522,  0.0586,
         0.1902, -0.0534, -0.0800,  0.3066,  0.0886, -0.3025,  0.2266,  0.1216,
         0.2191, -0.3106, -0.1216,  0.2725,  0.0824,  0.2470,  0.0992,  0.0455,
        -0.2226,  0.3115, -0.0635,  0.0262, -0.1185, -0.2537, -0.2645, -0.3333,
        -0.1474,  0.2585,  0.3232, -0.2731,  0.2058, -0.0710, -0.1716,  0.0910,
        -0.0453,  0.1500, -0.2568, -0.1168,  0.0133, -0.1774, -0.3175, -0.3138,
        -0.3164,  0.3206,  0.2300,  0.3279, -0.1170, -0.2811, -0.1044, -0.2354,
         0.2263,  0.0133,  0.1004, -0.1972,  0.1598, -0.0298,  0.0945, -0.2543],
       device='cuda:0') 
 Parameter containing:
tensor([ 0.1218, -0.1273,  0.0849, -0.2778,  0.0921,  0.1736,  0.2639, -0.1990,
        -0.1233,  0.2634, -0.1296, -0.1406, -0.0405, -0.0146, -0.2469, -0.2971,
        -0.1933, -0.0162, -0.2469,  0.2946, -0.1311, -0.1095,  0.0121, -0.2828,
         0.0754, -0.0180, -0.0204,  0.2468,  0.2051, -0.0899,  0.1065, -0.3089,
        -0.3274, -0.3067, -0.2127, -0.1393,  0.0040,  0.0682, -0.1030, -0.3001,
        -0.2406, -0.1317,  0.0410,  0.2079, -0.2555,  0.1202,  0.2287, -0.1884,
        -0.2624,  0.0382, -0.2898,  0.2801,  0.0858,  0.1744, -0.2004,  0.2273,
        -0.1461, -0.0483,  0.2883, -0.1396,  0.1847, -0.1714,  0.2047,  0.2451,
         0.3265, -0.1990, -0.3157, -0.0519, -0.0473, -0.2499, -0.2263, -0.2450,
        -0.3259,  0.2578, -0.2053,  0.0706,  0.1451, -0.1706, -0.2213, -0.1203,
         0.2899,  0.0793, -0.0422, -0.0815,  0.2185,  0.3170, -0.2745,  0.2914,
        -0.2763,  0.0226, -0.0780, -0.2824,  0.2140, -0.2075,  0.1678,  0.3059,
         0.0515, -0.1631, -0.2482,  0.2308, -0.1254,  0.0050, -0.1767, -0.1637,
         0.1728, -0.0159, -0.2321,  0.2015, -0.2160, -0.2114,  0.0589, -0.1011,
        -0.0670,  0.1395, -0.1622,  0.1597,  0.1044,  0.0993,  0.2673, -0.3207,
        -0.1085,  0.0749, -0.2109,  0.0628,  0.1501,  0.1956,  0.0743, -0.0199,
        -0.1966,  0.1137, -0.0191, -0.3027, -0.1526, -0.2427,  0.2178, -0.0605,
         0.2773, -0.2180, -0.1877,  0.0386,  0.0693, -0.0573,  0.0285,  0.1018,
         0.0352,  0.1261,  0.3134,  0.1196,  0.1683, -0.2853, -0.1227, -0.1138,
         0.0977,  0.2509,  0.0235,  0.2560, -0.2439, -0.0666,  0.2157,  0.1879,
         0.1638,  0.0154,  0.0616, -0.1571,  0.3195, -0.0460,  0.0217,  0.2497,
        -0.2900, -0.0039,  0.0182, -0.0628, -0.1035, -0.0531, -0.0589, -0.1182,
        -0.0829,  0.0422, -0.2256,  0.0835, -0.1676, -0.2654, -0.0529, -0.0707,
         0.0622, -0.0421,  0.0202,  0.2145, -0.2438,  0.2731,  0.0782, -0.1174,
        -0.3044, -0.0357,  0.1230,  0.1590,  0.1909,  0.1636, -0.1522,  0.0586,
         0.1902, -0.0534, -0.0800,  0.3066,  0.0886, -0.3025,  0.2266,  0.1216,
         0.2191, -0.3106, -0.1216,  0.2725,  0.0824,  0.2470,  0.0992,  0.0455,
        -0.2226,  0.3115, -0.0635,  0.0262, -0.1185, -0.2537, -0.2645, -0.3333,
        -0.1474,  0.2585,  0.3232, -0.2731,  0.2058, -0.0710, -0.1716,  0.0910,
        -0.0453,  0.1500, -0.2568, -0.1168,  0.0133, -0.1774, -0.3175, -0.3138,
        -0.3164,  0.3206,  0.2300,  0.3279, -0.1170, -0.2811, -0.1044, -0.2354,
         0.2263,  0.0133,  0.1004, -0.1972,  0.1598, -0.0298,  0.0945, -0.2543],
       device='cuda:0', requires_grad=True)
parameters of the network conv2.weight 
 torch.Size([128, 256, 3, 3]) 
 True 
 tensor([[[[ 7.0341e-03, -1.3533e-02,  1.4618e-02],
          [ 9.8809e-03,  1.8419e-02, -2.0165e-02],
          [-8.0014e-03,  1.0972e-02,  3.6906e-03]],

         [[ 1.0613e-02,  1.3860e-03,  7.2344e-03],
          [ 1.1427e-02,  7.4984e-03, -1.3775e-03],
          [-1.8008e-02, -1.5158e-02, -1.3137e-02]],

         [[-5.4725e-03,  1.6958e-02, -5.8772e-03],
          [ 1.1595e-03, -1.7916e-02,  2.0543e-02],
          [ 1.7755e-02, -5.5177e-03,  9.2545e-03]],

         ...,

         [[ 7.4342e-03, -1.3969e-02, -6.6419e-04],
          [-7.6244e-03,  3.8867e-03, -1.1240e-02],
          [ 1.1715e-02,  4.6798e-03,  2.0515e-02]],

         [[-2.9332e-04,  6.7870e-03,  4.3619e-03],
          [-2.0489e-02,  1.7518e-02, -8.7710e-03],
          [ 1.5152e-02, -1.1590e-02,  1.3924e-02]],

         [[-6.2058e-03, -9.6411e-03, -1.5489e-02],
          [ 6.4775e-04,  1.2984e-02,  4.8086e-04],
          [-3.0994e-03, -5.0180e-03,  1.6562e-02]]],


        [[[-2.0589e-02, -4.5122e-03, -7.8003e-03],
          [ 1.4732e-02,  7.3872e-03,  1.5093e-02],
          [ 1.7417e-02, -9.6069e-03, -1.3570e-02]],

         [[-9.1188e-03, -6.9949e-03, -5.6592e-03],
          [-1.0529e-02, -1.5987e-02,  1.2797e-02],
          [ 1.2407e-02,  1.7714e-02, -1.4933e-02]],

         [[-9.4103e-03,  2.6342e-03, -1.3109e-02],
          [-1.2802e-02,  5.6080e-03, -7.7842e-03],
          [-1.6803e-02, -1.4155e-02,  1.0009e-02]],

         ...,

         [[-4.4357e-03,  6.5492e-03,  1.1622e-02],
          [ 2.2033e-03, -2.0175e-02, -5.1947e-03],
          [-1.0905e-03, -8.3195e-03, -1.3332e-02]],

         [[-8.7284e-03, -1.5645e-02,  1.5684e-02],
          [ 5.2093e-03, -1.6863e-02,  2.0254e-02],
          [-1.4582e-02,  7.0428e-03,  1.7121e-02]],

         [[-5.8513e-03,  1.0787e-02, -1.4413e-03],
          [ 6.0623e-03,  1.7355e-02, -1.0053e-02],
          [-9.8333e-04,  4.5007e-03,  1.1267e-02]]],


        [[[-5.0880e-03, -1.5272e-02,  8.5459e-03],
          [-9.3833e-03, -4.8228e-03,  1.1086e-02],
          [ 1.3100e-02, -2.9121e-03, -1.8325e-02]],

         [[-1.5822e-02,  1.8514e-02,  4.2875e-04],
          [-3.3978e-03,  8.8053e-03,  8.8580e-04],
          [-1.8936e-02,  7.6921e-03, -8.4526e-03]],

         [[ 1.4799e-02,  1.5552e-02, -1.5452e-02],
          [-7.9614e-03,  1.3990e-02, -4.3917e-03],
          [-1.8858e-02,  8.1177e-05, -5.8611e-05]],

         ...,

         [[-4.3875e-03,  1.9694e-02,  1.2187e-03],
          [-1.1263e-02,  1.1095e-02,  4.5082e-03],
          [ 7.9447e-04,  8.6421e-03, -4.4559e-03]],

         [[-1.8187e-02, -8.3329e-03, -1.5471e-02],
          [ 1.4850e-02,  1.5831e-02,  1.9055e-02],
          [ 7.2815e-03,  5.0111e-03,  1.7932e-02]],

         [[ 8.5986e-03, -1.2027e-03,  1.7327e-02],
          [-1.0309e-02, -1.7119e-02,  7.3358e-03],
          [ 4.3756e-03,  1.0869e-02,  2.5964e-03]]],


        ...,


        [[[-6.1716e-03, -1.9907e-02, -9.5656e-03],
          [-8.3705e-03,  4.2359e-03, -1.6905e-02],
          [ 1.2791e-02, -1.0424e-02,  1.9507e-02]],

         [[ 3.3110e-03,  1.3132e-02, -6.9075e-03],
          [ 1.2469e-02,  1.4350e-02, -9.3224e-04],
          [ 1.7490e-03, -8.6153e-03,  7.9240e-03]],

         [[ 1.9914e-02,  1.3692e-02, -6.4459e-03],
          [-1.7219e-02, -7.3617e-03,  1.5148e-02],
          [-3.2271e-03, -1.8422e-02, -1.3862e-02]],

         ...,

         [[-1.8993e-02, -8.4065e-04,  3.8157e-03],
          [ 1.5431e-02,  4.5246e-03, -5.7223e-03],
          [ 3.9318e-03, -6.0654e-04, -3.4867e-03]],

         [[ 1.0334e-03, -4.4434e-03,  1.7621e-02],
          [-1.7626e-02, -1.0678e-02, -1.7220e-02],
          [-8.8569e-04,  6.2024e-04, -8.4737e-03]],

         [[ 1.2577e-02, -1.4783e-02, -1.8360e-02],
          [ 1.0755e-02,  8.2702e-03, -1.3853e-02],
          [ 3.4589e-03, -1.3702e-02, -9.2926e-04]]],


        [[[ 7.5036e-03, -1.9886e-02, -1.1869e-02],
          [-7.6645e-03, -1.8696e-02,  1.7298e-02],
          [-1.8434e-02,  1.3040e-02,  1.0681e-02]],

         [[ 1.6515e-02, -7.6152e-03, -1.7909e-02],
          [ 6.5906e-03,  9.9981e-03, -4.8384e-03],
          [-1.4183e-04, -1.1949e-02, -1.7180e-02]],

         [[ 1.8038e-02, -1.9147e-02, -2.0268e-02],
          [-8.7323e-03, -1.0718e-02, -4.6844e-03],
          [ 7.5355e-03, -1.7375e-02, -7.2009e-03]],

         ...,

         [[ 5.9759e-03, -1.3453e-02, -1.7184e-02],
          [ 1.0795e-02, -1.4172e-02,  9.7562e-03],
          [-1.1636e-02,  1.4418e-02,  1.1571e-02]],

         [[-2.3742e-03,  1.0859e-02,  1.6559e-02],
          [ 1.0552e-02, -1.2392e-02,  8.5512e-03],
          [ 1.7418e-02, -6.7150e-03,  1.3876e-02]],

         [[ 1.5400e-02, -9.6839e-04,  2.6767e-03],
          [ 1.0621e-02, -1.9009e-02, -1.8377e-03],
          [-1.6623e-02, -2.4044e-03, -2.8159e-03]]],


        [[[-1.3456e-02,  1.6027e-02, -9.2217e-03],
          [-1.7083e-02,  1.8104e-02,  5.5782e-03],
          [ 1.5683e-02, -1.2786e-02, -1.8659e-02]],

         [[ 1.9296e-02,  1.4455e-02, -1.1758e-02],
          [ 3.8267e-03, -2.0402e-02,  1.8308e-02],
          [-1.7335e-02, -1.8517e-03, -2.2163e-03]],

         [[ 9.7038e-03,  9.1287e-03, -1.3229e-02],
          [-5.9534e-04,  1.9816e-02, -5.9471e-03],
          [ 1.6467e-02,  1.1043e-02, -1.3386e-02]],

         ...,

         [[ 1.7778e-02, -6.7046e-03,  1.2479e-02],
          [ 1.4178e-02,  1.4793e-02, -1.7703e-02],
          [-8.9230e-03, -1.5867e-02, -5.2326e-04]],

         [[ 1.7791e-02,  1.5327e-02, -1.6240e-02],
          [-7.8424e-03, -1.2662e-03,  1.8443e-02],
          [-1.1953e-02,  1.3538e-02,  2.0288e-02]],

         [[ 1.6448e-02, -3.2083e-03, -1.8466e-02],
          [ 1.9209e-02,  1.2897e-02, -1.3731e-02],
          [ 1.0121e-02,  1.0573e-02, -1.8115e-05]]]], device='cuda:0') 
 Parameter containing:
tensor([[[[ 7.0341e-03, -1.3533e-02,  1.4618e-02],
          [ 9.8809e-03,  1.8419e-02, -2.0165e-02],
          [-8.0014e-03,  1.0972e-02,  3.6906e-03]],

         [[ 1.0613e-02,  1.3860e-03,  7.2344e-03],
          [ 1.1427e-02,  7.4984e-03, -1.3775e-03],
          [-1.8008e-02, -1.5158e-02, -1.3137e-02]],

         [[-5.4725e-03,  1.6958e-02, -5.8772e-03],
          [ 1.1595e-03, -1.7916e-02,  2.0543e-02],
          [ 1.7755e-02, -5.5177e-03,  9.2545e-03]],

         ...,

         [[ 7.4342e-03, -1.3969e-02, -6.6419e-04],
          [-7.6244e-03,  3.8867e-03, -1.1240e-02],
          [ 1.1715e-02,  4.6798e-03,  2.0515e-02]],

         [[-2.9332e-04,  6.7870e-03,  4.3619e-03],
          [-2.0489e-02,  1.7518e-02, -8.7710e-03],
          [ 1.5152e-02, -1.1590e-02,  1.3924e-02]],

         [[-6.2058e-03, -9.6411e-03, -1.5489e-02],
          [ 6.4775e-04,  1.2984e-02,  4.8086e-04],
          [-3.0994e-03, -5.0180e-03,  1.6562e-02]]],


        [[[-2.0589e-02, -4.5122e-03, -7.8003e-03],
          [ 1.4732e-02,  7.3872e-03,  1.5093e-02],
          [ 1.7417e-02, -9.6069e-03, -1.3570e-02]],

         [[-9.1188e-03, -6.9949e-03, -5.6592e-03],
          [-1.0529e-02, -1.5987e-02,  1.2797e-02],
          [ 1.2407e-02,  1.7714e-02, -1.4933e-02]],

         [[-9.4103e-03,  2.6342e-03, -1.3109e-02],
          [-1.2802e-02,  5.6080e-03, -7.7842e-03],
          [-1.6803e-02, -1.4155e-02,  1.0009e-02]],

         ...,

         [[-4.4357e-03,  6.5492e-03,  1.1622e-02],
          [ 2.2033e-03, -2.0175e-02, -5.1947e-03],
          [-1.0905e-03, -8.3195e-03, -1.3332e-02]],

         [[-8.7284e-03, -1.5645e-02,  1.5684e-02],
          [ 5.2093e-03, -1.6863e-02,  2.0254e-02],
          [-1.4582e-02,  7.0428e-03,  1.7121e-02]],

         [[-5.8513e-03,  1.0787e-02, -1.4413e-03],
          [ 6.0623e-03,  1.7355e-02, -1.0053e-02],
          [-9.8333e-04,  4.5007e-03,  1.1267e-02]]],


        [[[-5.0880e-03, -1.5272e-02,  8.5459e-03],
          [-9.3833e-03, -4.8228e-03,  1.1086e-02],
          [ 1.3100e-02, -2.9121e-03, -1.8325e-02]],

         [[-1.5822e-02,  1.8514e-02,  4.2875e-04],
          [-3.3978e-03,  8.8053e-03,  8.8580e-04],
          [-1.8936e-02,  7.6921e-03, -8.4526e-03]],

         [[ 1.4799e-02,  1.5552e-02, -1.5452e-02],
          [-7.9614e-03,  1.3990e-02, -4.3917e-03],
          [-1.8858e-02,  8.1177e-05, -5.8611e-05]],

         ...,

         [[-4.3875e-03,  1.9694e-02,  1.2187e-03],
          [-1.1263e-02,  1.1095e-02,  4.5082e-03],
          [ 7.9447e-04,  8.6421e-03, -4.4559e-03]],

         [[-1.8187e-02, -8.3329e-03, -1.5471e-02],
          [ 1.4850e-02,  1.5831e-02,  1.9055e-02],
          [ 7.2815e-03,  5.0111e-03,  1.7932e-02]],

         [[ 8.5986e-03, -1.2027e-03,  1.7327e-02],
          [-1.0309e-02, -1.7119e-02,  7.3358e-03],
          [ 4.3756e-03,  1.0869e-02,  2.5964e-03]]],


        ...,


        [[[-6.1716e-03, -1.9907e-02, -9.5656e-03],
          [-8.3705e-03,  4.2359e-03, -1.6905e-02],
          [ 1.2791e-02, -1.0424e-02,  1.9507e-02]],

         [[ 3.3110e-03,  1.3132e-02, -6.9075e-03],
          [ 1.2469e-02,  1.4350e-02, -9.3224e-04],
          [ 1.7490e-03, -8.6153e-03,  7.9240e-03]],

         [[ 1.9914e-02,  1.3692e-02, -6.4459e-03],
          [-1.7219e-02, -7.3617e-03,  1.5148e-02],
          [-3.2271e-03, -1.8422e-02, -1.3862e-02]],

         ...,

         [[-1.8993e-02, -8.4065e-04,  3.8157e-03],
          [ 1.5431e-02,  4.5246e-03, -5.7223e-03],
          [ 3.9318e-03, -6.0654e-04, -3.4867e-03]],

         [[ 1.0334e-03, -4.4434e-03,  1.7621e-02],
          [-1.7626e-02, -1.0678e-02, -1.7220e-02],
          [-8.8569e-04,  6.2024e-04, -8.4737e-03]],

         [[ 1.2577e-02, -1.4783e-02, -1.8360e-02],
          [ 1.0755e-02,  8.2702e-03, -1.3853e-02],
          [ 3.4589e-03, -1.3702e-02, -9.2926e-04]]],


        [[[ 7.5036e-03, -1.9886e-02, -1.1869e-02],
          [-7.6645e-03, -1.8696e-02,  1.7298e-02],
          [-1.8434e-02,  1.3040e-02,  1.0681e-02]],

         [[ 1.6515e-02, -7.6152e-03, -1.7909e-02],
          [ 6.5906e-03,  9.9981e-03, -4.8384e-03],
          [-1.4183e-04, -1.1949e-02, -1.7180e-02]],

         [[ 1.8038e-02, -1.9147e-02, -2.0268e-02],
          [-8.7323e-03, -1.0718e-02, -4.6844e-03],
          [ 7.5355e-03, -1.7375e-02, -7.2009e-03]],

         ...,

         [[ 5.9759e-03, -1.3453e-02, -1.7184e-02],
          [ 1.0795e-02, -1.4172e-02,  9.7562e-03],
          [-1.1636e-02,  1.4418e-02,  1.1571e-02]],

         [[-2.3742e-03,  1.0859e-02,  1.6559e-02],
          [ 1.0552e-02, -1.2392e-02,  8.5512e-03],
          [ 1.7418e-02, -6.7150e-03,  1.3876e-02]],

         [[ 1.5400e-02, -9.6839e-04,  2.6767e-03],
          [ 1.0621e-02, -1.9009e-02, -1.8377e-03],
          [-1.6623e-02, -2.4044e-03, -2.8159e-03]]],


        [[[-1.3456e-02,  1.6027e-02, -9.2217e-03],
          [-1.7083e-02,  1.8104e-02,  5.5782e-03],
          [ 1.5683e-02, -1.2786e-02, -1.8659e-02]],

         [[ 1.9296e-02,  1.4455e-02, -1.1758e-02],
          [ 3.8267e-03, -2.0402e-02,  1.8308e-02],
          [-1.7335e-02, -1.8517e-03, -2.2163e-03]],

         [[ 9.7038e-03,  9.1287e-03, -1.3229e-02],
          [-5.9534e-04,  1.9816e-02, -5.9471e-03],
          [ 1.6467e-02,  1.1043e-02, -1.3386e-02]],

         ...,

         [[ 1.7778e-02, -6.7046e-03,  1.2479e-02],
          [ 1.4178e-02,  1.4793e-02, -1.7703e-02],
          [-8.9230e-03, -1.5867e-02, -5.2326e-04]],

         [[ 1.7791e-02,  1.5327e-02, -1.6240e-02],
          [-7.8424e-03, -1.2662e-03,  1.8443e-02],
          [-1.1953e-02,  1.3538e-02,  2.0288e-02]],

         [[ 1.6448e-02, -3.2083e-03, -1.8466e-02],
          [ 1.9209e-02,  1.2897e-02, -1.3731e-02],
          [ 1.0121e-02,  1.0573e-02, -1.8115e-05]]]], device='cuda:0',
       requires_grad=True)
parameters of the network conv2.bias 
 torch.Size([128]) 
 True 
 tensor([ 1.4153e-02, -1.8513e-02, -1.9990e-02,  5.3855e-03,  3.7275e-03,
        -1.4665e-02, -1.6311e-02,  1.4563e-02,  7.1734e-03, -1.6376e-02,
         4.9265e-03,  1.6475e-02, -3.9794e-03,  1.4218e-02, -2.0287e-02,
        -1.3718e-02, -8.0012e-03,  1.6301e-02,  1.8988e-02,  1.8773e-02,
        -4.5496e-03, -1.2695e-02,  5.6088e-03,  1.7540e-02,  2.8422e-03,
        -1.3725e-02, -1.9920e-02, -1.1976e-02,  7.9498e-03, -3.4009e-03,
        -1.3410e-02,  1.9647e-03, -3.7773e-03, -1.3004e-02,  6.2248e-03,
        -7.1755e-03,  9.0158e-03,  9.9349e-03, -3.8805e-03,  1.6470e-02,
         6.4835e-03, -7.6659e-03, -9.3666e-04,  8.3892e-03,  1.1512e-02,
        -8.8535e-03,  1.1584e-02,  9.6923e-03,  1.0742e-02,  1.7018e-03,
        -8.0810e-03, -3.9760e-03,  2.0731e-04, -9.2652e-03, -6.3346e-03,
         1.3485e-02,  1.3786e-02, -2.0251e-03, -1.6276e-02, -1.1554e-02,
         5.7626e-04,  6.9800e-03,  9.2586e-03, -9.7858e-03, -1.0238e-02,
        -5.2580e-03,  1.0057e-02,  1.0664e-02,  1.1215e-02,  1.8649e-02,
        -1.5150e-02,  2.9070e-03, -5.2698e-03,  3.1727e-03, -1.8190e-03,
         2.0317e-02,  1.7852e-02, -1.9746e-02,  1.3251e-02,  1.3438e-03,
        -2.7333e-03, -4.3810e-03, -8.5949e-03, -8.3094e-03, -7.1807e-03,
        -6.1335e-03,  1.5598e-02,  2.8186e-03,  4.9047e-03,  4.7167e-03,
         7.4262e-05,  1.6772e-02, -2.9405e-03, -1.3443e-02,  1.5471e-02,
        -8.5397e-03, -5.9776e-03, -1.4138e-02, -1.4931e-02,  1.5006e-02,
         8.4199e-03,  1.5080e-02,  1.7001e-02, -1.5434e-02, -1.4075e-02,
         8.1811e-03, -2.0068e-02,  1.0009e-02, -1.5853e-02, -1.4537e-02,
        -1.2027e-02, -1.9169e-02, -1.3706e-02, -4.8931e-03, -1.4151e-02,
         8.1155e-03,  2.0262e-02,  9.0514e-03, -7.2411e-03, -4.3347e-03,
         1.7665e-02, -8.2975e-03,  2.8893e-03, -7.0972e-03,  6.0036e-04,
         1.0517e-02,  1.8368e-02, -9.1078e-03], device='cuda:0') 
 Parameter containing:
tensor([ 1.4153e-02, -1.8513e-02, -1.9990e-02,  5.3855e-03,  3.7275e-03,
        -1.4665e-02, -1.6311e-02,  1.4563e-02,  7.1734e-03, -1.6376e-02,
         4.9265e-03,  1.6475e-02, -3.9794e-03,  1.4218e-02, -2.0287e-02,
        -1.3718e-02, -8.0012e-03,  1.6301e-02,  1.8988e-02,  1.8773e-02,
        -4.5496e-03, -1.2695e-02,  5.6088e-03,  1.7540e-02,  2.8422e-03,
        -1.3725e-02, -1.9920e-02, -1.1976e-02,  7.9498e-03, -3.4009e-03,
        -1.3410e-02,  1.9647e-03, -3.7773e-03, -1.3004e-02,  6.2248e-03,
        -7.1755e-03,  9.0158e-03,  9.9349e-03, -3.8805e-03,  1.6470e-02,
         6.4835e-03, -7.6659e-03, -9.3666e-04,  8.3892e-03,  1.1512e-02,
        -8.8535e-03,  1.1584e-02,  9.6923e-03,  1.0742e-02,  1.7018e-03,
        -8.0810e-03, -3.9760e-03,  2.0731e-04, -9.2652e-03, -6.3346e-03,
         1.3485e-02,  1.3786e-02, -2.0251e-03, -1.6276e-02, -1.1554e-02,
         5.7626e-04,  6.9800e-03,  9.2586e-03, -9.7858e-03, -1.0238e-02,
        -5.2580e-03,  1.0057e-02,  1.0664e-02,  1.1215e-02,  1.8649e-02,
        -1.5150e-02,  2.9070e-03, -5.2698e-03,  3.1727e-03, -1.8190e-03,
         2.0317e-02,  1.7852e-02, -1.9746e-02,  1.3251e-02,  1.3438e-03,
        -2.7333e-03, -4.3810e-03, -8.5949e-03, -8.3094e-03, -7.1807e-03,
        -6.1335e-03,  1.5598e-02,  2.8186e-03,  4.9047e-03,  4.7167e-03,
         7.4262e-05,  1.6772e-02, -2.9405e-03, -1.3443e-02,  1.5471e-02,
        -8.5397e-03, -5.9776e-03, -1.4138e-02, -1.4931e-02,  1.5006e-02,
         8.4199e-03,  1.5080e-02,  1.7001e-02, -1.5434e-02, -1.4075e-02,
         8.1811e-03, -2.0068e-02,  1.0009e-02, -1.5853e-02, -1.4537e-02,
        -1.2027e-02, -1.9169e-02, -1.3706e-02, -4.8931e-03, -1.4151e-02,
         8.1155e-03,  2.0262e-02,  9.0514e-03, -7.2411e-03, -4.3347e-03,
         1.7665e-02, -8.2975e-03,  2.8893e-03, -7.0972e-03,  6.0036e-04,
         1.0517e-02,  1.8368e-02, -9.1078e-03], device='cuda:0',
       requires_grad=True)
parameters of the network conv3.weight 
 torch.Size([64, 128, 3, 3]) 
 True 
 tensor([[[[ 0.0014, -0.0116,  0.0271],
          [-0.0064,  0.0252, -0.0172],
          [ 0.0188, -0.0268, -0.0251]],

         [[-0.0185,  0.0077,  0.0081],
          [-0.0051, -0.0181,  0.0011],
          [-0.0072, -0.0170,  0.0212]],

         [[ 0.0127,  0.0219,  0.0078],
          [-0.0295,  0.0159,  0.0140],
          [-0.0129,  0.0195,  0.0236]],

         ...,

         [[-0.0024, -0.0243, -0.0256],
          [-0.0180, -0.0114,  0.0231],
          [ 0.0202, -0.0186,  0.0178]],

         [[-0.0287, -0.0111,  0.0143],
          [ 0.0047, -0.0114, -0.0261],
          [-0.0211, -0.0141,  0.0206]],

         [[ 0.0099, -0.0024,  0.0051],
          [ 0.0116, -0.0256, -0.0244],
          [-0.0068, -0.0125,  0.0011]]],


        [[[ 0.0211, -0.0130, -0.0034],
          [-0.0103,  0.0087, -0.0207],
          [ 0.0273,  0.0128, -0.0058]],

         [[-0.0163, -0.0135,  0.0077],
          [ 0.0079,  0.0269, -0.0075],
          [-0.0015,  0.0278, -0.0089]],

         [[-0.0123, -0.0285, -0.0277],
          [ 0.0054, -0.0190,  0.0104],
          [ 0.0168, -0.0242,  0.0284]],

         ...,

         [[ 0.0004,  0.0151,  0.0151],
          [-0.0092,  0.0027, -0.0062],
          [ 0.0127, -0.0011, -0.0228]],

         [[-0.0159, -0.0179, -0.0198],
          [-0.0061,  0.0156,  0.0070],
          [ 0.0292, -0.0019,  0.0209]],

         [[-0.0164,  0.0039, -0.0268],
          [-0.0244,  0.0131, -0.0223],
          [-0.0273,  0.0119, -0.0256]]],


        [[[-0.0275, -0.0169,  0.0063],
          [ 0.0120,  0.0064,  0.0029],
          [ 0.0049, -0.0293, -0.0193]],

         [[ 0.0259,  0.0099,  0.0103],
          [ 0.0229,  0.0152,  0.0281],
          [ 0.0236, -0.0246,  0.0148]],

         [[ 0.0257,  0.0127,  0.0156],
          [-0.0134, -0.0055,  0.0146],
          [-0.0254,  0.0242, -0.0240]],

         ...,

         [[ 0.0121, -0.0230, -0.0279],
          [ 0.0095,  0.0034,  0.0071],
          [-0.0163,  0.0085,  0.0250]],

         [[-0.0221, -0.0254, -0.0245],
          [ 0.0178,  0.0232,  0.0210],
          [-0.0040,  0.0076, -0.0032]],

         [[-0.0055, -0.0275, -0.0246],
          [ 0.0062, -0.0012,  0.0189],
          [-0.0255, -0.0160,  0.0137]]],


        ...,


        [[[-0.0189,  0.0010,  0.0084],
          [-0.0237, -0.0142, -0.0054],
          [ 0.0065,  0.0106,  0.0078]],

         [[-0.0074,  0.0052,  0.0282],
          [ 0.0241, -0.0208, -0.0209],
          [-0.0219, -0.0143,  0.0015]],

         [[ 0.0116,  0.0160, -0.0127],
          [ 0.0088,  0.0088, -0.0220],
          [ 0.0144,  0.0043, -0.0181]],

         ...,

         [[-0.0197, -0.0033,  0.0131],
          [ 0.0166, -0.0055,  0.0006],
          [ 0.0034,  0.0248,  0.0248]],

         [[ 0.0252,  0.0180, -0.0098],
          [-0.0281,  0.0107, -0.0127],
          [-0.0266,  0.0262,  0.0279]],

         [[-0.0079,  0.0038,  0.0084],
          [-0.0277, -0.0240,  0.0210],
          [ 0.0068,  0.0126,  0.0258]]],


        [[[ 0.0042,  0.0084, -0.0196],
          [ 0.0276,  0.0092, -0.0093],
          [ 0.0164, -0.0123,  0.0192]],

         [[ 0.0291, -0.0236,  0.0032],
          [ 0.0106,  0.0255,  0.0271],
          [-0.0076,  0.0062,  0.0039]],

         [[-0.0181,  0.0236,  0.0286],
          [ 0.0020, -0.0281,  0.0079],
          [ 0.0245, -0.0192, -0.0235]],

         ...,

         [[ 0.0211, -0.0266, -0.0165],
          [ 0.0206, -0.0013,  0.0267],
          [-0.0293,  0.0162, -0.0075]],

         [[-0.0009,  0.0131, -0.0133],
          [ 0.0129, -0.0025,  0.0126],
          [-0.0240, -0.0162,  0.0053]],

         [[-0.0241, -0.0138, -0.0069],
          [-0.0045, -0.0059, -0.0066],
          [ 0.0015,  0.0240, -0.0208]]],


        [[[ 0.0060, -0.0090, -0.0132],
          [ 0.0055,  0.0133, -0.0128],
          [-0.0047, -0.0183,  0.0289]],

         [[-0.0065,  0.0097,  0.0282],
          [ 0.0294, -0.0008, -0.0115],
          [ 0.0234,  0.0030,  0.0233]],

         [[ 0.0228, -0.0264, -0.0210],
          [ 0.0086,  0.0125,  0.0072],
          [-0.0041,  0.0183, -0.0141]],

         ...,

         [[ 0.0104,  0.0237,  0.0060],
          [-0.0018, -0.0205, -0.0241],
          [-0.0173,  0.0134, -0.0076]],

         [[-0.0200, -0.0029, -0.0027],
          [ 0.0068,  0.0072, -0.0211],
          [ 0.0191,  0.0202, -0.0037]],

         [[ 0.0078,  0.0048,  0.0189],
          [ 0.0025,  0.0121, -0.0240],
          [ 0.0294, -0.0200, -0.0272]]]], device='cuda:0') 
 Parameter containing:
tensor([[[[ 0.0014, -0.0116,  0.0271],
          [-0.0064,  0.0252, -0.0172],
          [ 0.0188, -0.0268, -0.0251]],

         [[-0.0185,  0.0077,  0.0081],
          [-0.0051, -0.0181,  0.0011],
          [-0.0072, -0.0170,  0.0212]],

         [[ 0.0127,  0.0219,  0.0078],
          [-0.0295,  0.0159,  0.0140],
          [-0.0129,  0.0195,  0.0236]],

         ...,

         [[-0.0024, -0.0243, -0.0256],
          [-0.0180, -0.0114,  0.0231],
          [ 0.0202, -0.0186,  0.0178]],

         [[-0.0287, -0.0111,  0.0143],
          [ 0.0047, -0.0114, -0.0261],
          [-0.0211, -0.0141,  0.0206]],

         [[ 0.0099, -0.0024,  0.0051],
          [ 0.0116, -0.0256, -0.0244],
          [-0.0068, -0.0125,  0.0011]]],


        [[[ 0.0211, -0.0130, -0.0034],
          [-0.0103,  0.0087, -0.0207],
          [ 0.0273,  0.0128, -0.0058]],

         [[-0.0163, -0.0135,  0.0077],
          [ 0.0079,  0.0269, -0.0075],
          [-0.0015,  0.0278, -0.0089]],

         [[-0.0123, -0.0285, -0.0277],
          [ 0.0054, -0.0190,  0.0104],
          [ 0.0168, -0.0242,  0.0284]],

         ...,

         [[ 0.0004,  0.0151,  0.0151],
          [-0.0092,  0.0027, -0.0062],
          [ 0.0127, -0.0011, -0.0228]],

         [[-0.0159, -0.0179, -0.0198],
          [-0.0061,  0.0156,  0.0070],
          [ 0.0292, -0.0019,  0.0209]],

         [[-0.0164,  0.0039, -0.0268],
          [-0.0244,  0.0131, -0.0223],
          [-0.0273,  0.0119, -0.0256]]],


        [[[-0.0275, -0.0169,  0.0063],
          [ 0.0120,  0.0064,  0.0029],
          [ 0.0049, -0.0293, -0.0193]],

         [[ 0.0259,  0.0099,  0.0103],
          [ 0.0229,  0.0152,  0.0281],
          [ 0.0236, -0.0246,  0.0148]],

         [[ 0.0257,  0.0127,  0.0156],
          [-0.0134, -0.0055,  0.0146],
          [-0.0254,  0.0242, -0.0240]],

         ...,

         [[ 0.0121, -0.0230, -0.0279],
          [ 0.0095,  0.0034,  0.0071],
          [-0.0163,  0.0085,  0.0250]],

         [[-0.0221, -0.0254, -0.0245],
          [ 0.0178,  0.0232,  0.0210],
          [-0.0040,  0.0076, -0.0032]],

         [[-0.0055, -0.0275, -0.0246],
          [ 0.0062, -0.0012,  0.0189],
          [-0.0255, -0.0160,  0.0137]]],


        ...,


        [[[-0.0189,  0.0010,  0.0084],
          [-0.0237, -0.0142, -0.0054],
          [ 0.0065,  0.0106,  0.0078]],

         [[-0.0074,  0.0052,  0.0282],
          [ 0.0241, -0.0208, -0.0209],
          [-0.0219, -0.0143,  0.0015]],

         [[ 0.0116,  0.0160, -0.0127],
          [ 0.0088,  0.0088, -0.0220],
          [ 0.0144,  0.0043, -0.0181]],

         ...,

         [[-0.0197, -0.0033,  0.0131],
          [ 0.0166, -0.0055,  0.0006],
          [ 0.0034,  0.0248,  0.0248]],

         [[ 0.0252,  0.0180, -0.0098],
          [-0.0281,  0.0107, -0.0127],
          [-0.0266,  0.0262,  0.0279]],

         [[-0.0079,  0.0038,  0.0084],
          [-0.0277, -0.0240,  0.0210],
          [ 0.0068,  0.0126,  0.0258]]],


        [[[ 0.0042,  0.0084, -0.0196],
          [ 0.0276,  0.0092, -0.0093],
          [ 0.0164, -0.0123,  0.0192]],

         [[ 0.0291, -0.0236,  0.0032],
          [ 0.0106,  0.0255,  0.0271],
          [-0.0076,  0.0062,  0.0039]],

         [[-0.0181,  0.0236,  0.0286],
          [ 0.0020, -0.0281,  0.0079],
          [ 0.0245, -0.0192, -0.0235]],

         ...,

         [[ 0.0211, -0.0266, -0.0165],
          [ 0.0206, -0.0013,  0.0267],
          [-0.0293,  0.0162, -0.0075]],

         [[-0.0009,  0.0131, -0.0133],
          [ 0.0129, -0.0025,  0.0126],
          [-0.0240, -0.0162,  0.0053]],

         [[-0.0241, -0.0138, -0.0069],
          [-0.0045, -0.0059, -0.0066],
          [ 0.0015,  0.0240, -0.0208]]],


        [[[ 0.0060, -0.0090, -0.0132],
          [ 0.0055,  0.0133, -0.0128],
          [-0.0047, -0.0183,  0.0289]],

         [[-0.0065,  0.0097,  0.0282],
          [ 0.0294, -0.0008, -0.0115],
          [ 0.0234,  0.0030,  0.0233]],

         [[ 0.0228, -0.0264, -0.0210],
          [ 0.0086,  0.0125,  0.0072],
          [-0.0041,  0.0183, -0.0141]],

         ...,

         [[ 0.0104,  0.0237,  0.0060],
          [-0.0018, -0.0205, -0.0241],
          [-0.0173,  0.0134, -0.0076]],

         [[-0.0200, -0.0029, -0.0027],
          [ 0.0068,  0.0072, -0.0211],
          [ 0.0191,  0.0202, -0.0037]],

         [[ 0.0078,  0.0048,  0.0189],
          [ 0.0025,  0.0121, -0.0240],
          [ 0.0294, -0.0200, -0.0272]]]], device='cuda:0', requires_grad=True)
parameters of the network conv3.bias 
 torch.Size([64]) 
 True 
 tensor([-0.0161, -0.0246,  0.0236,  0.0150, -0.0033,  0.0250, -0.0288, -0.0195,
         0.0225,  0.0196,  0.0005, -0.0028, -0.0201,  0.0010, -0.0155, -0.0088,
        -0.0014,  0.0182, -0.0188,  0.0119, -0.0186, -0.0031, -0.0243,  0.0247,
         0.0122, -0.0291, -0.0250, -0.0024, -0.0150,  0.0025,  0.0242, -0.0133,
        -0.0215, -0.0198, -0.0131,  0.0062, -0.0105,  0.0195, -0.0135,  0.0166,
        -0.0033, -0.0257, -0.0282,  0.0095, -0.0182, -0.0185,  0.0244, -0.0245,
         0.0293, -0.0147,  0.0009, -0.0294, -0.0197, -0.0239,  0.0042,  0.0108,
         0.0121, -0.0108, -0.0126, -0.0092, -0.0244,  0.0130,  0.0194, -0.0082],
       device='cuda:0') 
 Parameter containing:
tensor([-0.0161, -0.0246,  0.0236,  0.0150, -0.0033,  0.0250, -0.0288, -0.0195,
         0.0225,  0.0196,  0.0005, -0.0028, -0.0201,  0.0010, -0.0155, -0.0088,
        -0.0014,  0.0182, -0.0188,  0.0119, -0.0186, -0.0031, -0.0243,  0.0247,
         0.0122, -0.0291, -0.0250, -0.0024, -0.0150,  0.0025,  0.0242, -0.0133,
        -0.0215, -0.0198, -0.0131,  0.0062, -0.0105,  0.0195, -0.0135,  0.0166,
        -0.0033, -0.0257, -0.0282,  0.0095, -0.0182, -0.0185,  0.0244, -0.0245,
         0.0293, -0.0147,  0.0009, -0.0294, -0.0197, -0.0239,  0.0042,  0.0108,
         0.0121, -0.0108, -0.0126, -0.0092, -0.0244,  0.0130,  0.0194, -0.0082],
       device='cuda:0', requires_grad=True)
parameters of the network fc1.weight 
 torch.Size([256, 667776]) 
 True 
 tensor([[ 1.6776e-04, -1.1536e-03,  2.0283e-04,  ...,  3.8268e-04,
         -1.0593e-03, -9.1076e-04],
        [-9.7684e-04, -1.0652e-03,  8.1138e-05,  ..., -1.1993e-03,
          9.1152e-04,  4.3237e-04],
        [-1.1021e-03,  1.1066e-03,  2.3893e-04,  ..., -3.3994e-04,
         -5.5372e-04,  1.0429e-03],
        ...,
        [ 3.1835e-05,  5.1774e-04,  5.8179e-04,  ...,  4.5380e-04,
          7.0299e-04,  4.1212e-04],
        [ 8.5763e-04, -3.8998e-04, -7.9087e-04,  ...,  1.6254e-04,
          1.1404e-03, -4.4768e-04],
        [ 1.0159e-03, -3.8731e-06, -5.5442e-04,  ...,  3.9373e-04,
         -7.7645e-04,  1.1233e-03]], device='cuda:0') 
 Parameter containing:
tensor([[ 1.6776e-04, -1.1536e-03,  2.0283e-04,  ...,  3.8268e-04,
         -1.0593e-03, -9.1076e-04],
        [-9.7684e-04, -1.0652e-03,  8.1138e-05,  ..., -1.1993e-03,
          9.1152e-04,  4.3237e-04],
        [-1.1021e-03,  1.1066e-03,  2.3893e-04,  ..., -3.3994e-04,
         -5.5372e-04,  1.0429e-03],
        ...,
        [ 3.1835e-05,  5.1774e-04,  5.8179e-04,  ...,  4.5380e-04,
          7.0299e-04,  4.1212e-04],
        [ 8.5763e-04, -3.8998e-04, -7.9087e-04,  ...,  1.6254e-04,
          1.1404e-03, -4.4768e-04],
        [ 1.0159e-03, -3.8731e-06, -5.5442e-04,  ...,  3.9373e-04,
         -7.7645e-04,  1.1233e-03]], device='cuda:0', requires_grad=True)
parameters of the network fc1.bias 
 torch.Size([256]) 
 True 
 tensor([ 3.8545e-04,  6.5558e-04, -1.0741e-03, -6.5196e-04,  5.7321e-04,
        -2.8628e-04, -7.9693e-04,  6.8452e-04, -5.1048e-04,  2.2131e-04,
         4.0318e-04, -4.0326e-04, -7.5225e-04,  4.1226e-04, -9.7378e-04,
        -9.7734e-04,  4.8405e-04, -9.7276e-04, -5.1832e-04,  8.3612e-05,
         5.3043e-04,  4.7913e-04,  5.7986e-04,  6.9904e-04, -1.0505e-03,
        -3.6629e-04,  3.1564e-04,  4.9193e-04,  1.2137e-03, -2.3658e-04,
         7.6005e-04, -5.9234e-04,  5.3086e-04, -2.7979e-04, -4.6640e-04,
         9.1887e-04, -8.3914e-05,  1.7460e-04,  9.5113e-04,  3.1600e-04,
        -1.0883e-03, -8.5224e-04,  4.0354e-04, -8.6038e-04, -2.9811e-05,
         8.3461e-04, -7.9186e-04, -1.1927e-03, -9.9765e-04, -3.3011e-04,
        -5.4826e-04, -5.3209e-04, -9.5309e-04,  3.4439e-04, -7.0220e-04,
        -4.6570e-04, -5.9632e-04,  6.3238e-04,  1.4714e-04, -4.8749e-04,
        -9.6830e-04, -5.6213e-04, -7.6286e-04,  6.9691e-04, -2.8055e-04,
        -3.2463e-04,  4.9068e-04, -1.0255e-04,  9.9875e-04, -1.9951e-04,
        -4.9657e-04, -5.5638e-04,  6.6659e-04,  2.1492e-04, -6.3100e-04,
        -1.1887e-03,  4.3606e-04, -8.1909e-04,  2.9544e-04, -5.8691e-04,
        -3.3356e-04, -9.2761e-04,  8.1066e-04, -6.8186e-04, -3.2302e-04,
        -3.5190e-05,  3.8588e-04, -3.2637e-04,  8.0279e-04, -8.9294e-04,
        -5.3888e-04,  9.2611e-04, -1.6428e-04,  1.0647e-03, -2.7866e-04,
        -4.4697e-04, -7.3085e-04,  8.8324e-04,  4.7436e-04, -7.3083e-04,
         4.5143e-04, -2.2667e-04, -1.2174e-03, -2.7715e-04, -8.9010e-04,
         8.4131e-04,  2.2807e-04,  7.0007e-05,  4.2036e-04,  2.9060e-05,
        -1.2071e-03,  6.7840e-04,  1.1824e-03, -3.6504e-04,  6.1842e-04,
        -1.0351e-03,  3.4186e-04,  3.0277e-04, -1.1436e-03, -1.1773e-04,
        -1.1377e-03,  5.3130e-04, -5.7964e-04,  4.4527e-04,  7.0939e-04,
        -1.4598e-04,  7.3569e-05, -4.0672e-04,  5.0976e-05,  9.7964e-04,
         1.1218e-03,  5.9676e-04,  4.2220e-04, -7.6154e-05,  8.7194e-04,
         1.1402e-03,  6.4064e-04,  1.1525e-03, -9.5242e-04, -6.3232e-04,
         3.8541e-05,  1.4230e-04,  8.5228e-04,  6.7895e-04,  9.1604e-04,
         1.0306e-04,  7.3023e-04,  6.3804e-04, -1.2085e-03, -1.1979e-03,
        -4.4283e-04,  7.4483e-04,  4.4385e-04, -9.0442e-04, -9.2002e-04,
         4.2648e-04,  8.9652e-05,  2.2289e-04, -4.2820e-05,  9.5307e-04,
        -3.5262e-04,  3.7864e-04,  5.8590e-04, -8.3236e-04,  6.1029e-04,
         1.1187e-03, -4.8445e-04,  9.4565e-04,  1.7567e-05, -1.0310e-03,
        -4.1933e-04,  5.4561e-04, -3.2766e-05, -7.2228e-04,  5.8714e-04,
        -5.1438e-05,  9.8267e-04, -4.2378e-04, -1.0964e-04, -5.7482e-05,
         8.7653e-05,  1.1537e-03,  6.6103e-05,  4.6981e-05,  4.4258e-05,
         1.0509e-03,  2.3179e-04,  9.9412e-04, -9.2998e-04,  4.8899e-06,
        -1.0643e-03,  4.5846e-04, -5.7478e-04,  2.6510e-04, -8.3450e-04,
         1.0551e-03,  5.6144e-05,  4.6375e-04, -3.1129e-04,  1.0876e-03,
         9.6380e-04, -5.0306e-04, -4.2122e-04, -3.5028e-04, -6.5627e-04,
        -2.4730e-04, -2.6717e-04, -8.5005e-04,  1.1148e-03, -9.9930e-04,
         1.0578e-03, -3.5402e-04,  8.3263e-04,  1.2213e-03,  4.8832e-04,
        -1.2228e-03,  4.2485e-04, -6.8748e-04,  2.7908e-04, -1.5793e-04,
        -9.0147e-04, -6.9133e-05, -7.6105e-04, -1.6193e-04,  8.2395e-04,
         1.9242e-04,  7.8901e-04,  1.1071e-03, -8.9764e-04, -4.2214e-04,
         1.2162e-03,  1.3953e-05, -3.6858e-04, -5.1787e-04, -6.3482e-04,
        -4.5269e-04, -1.2905e-04, -1.1158e-03, -6.7078e-04,  7.0060e-04,
         2.1765e-05,  6.1344e-04, -2.7999e-04, -8.9558e-05,  8.2889e-04,
        -1.2543e-04, -1.1061e-03,  6.0322e-04,  2.6307e-05,  1.7469e-04,
        -6.3782e-04, -4.0102e-04, -8.6874e-05, -1.4713e-04,  1.2956e-04,
         4.9932e-04], device='cuda:0') 
 Parameter containing:
tensor([ 3.8545e-04,  6.5558e-04, -1.0741e-03, -6.5196e-04,  5.7321e-04,
        -2.8628e-04, -7.9693e-04,  6.8452e-04, -5.1048e-04,  2.2131e-04,
         4.0318e-04, -4.0326e-04, -7.5225e-04,  4.1226e-04, -9.7378e-04,
        -9.7734e-04,  4.8405e-04, -9.7276e-04, -5.1832e-04,  8.3612e-05,
         5.3043e-04,  4.7913e-04,  5.7986e-04,  6.9904e-04, -1.0505e-03,
        -3.6629e-04,  3.1564e-04,  4.9193e-04,  1.2137e-03, -2.3658e-04,
         7.6005e-04, -5.9234e-04,  5.3086e-04, -2.7979e-04, -4.6640e-04,
         9.1887e-04, -8.3914e-05,  1.7460e-04,  9.5113e-04,  3.1600e-04,
        -1.0883e-03, -8.5224e-04,  4.0354e-04, -8.6038e-04, -2.9811e-05,
         8.3461e-04, -7.9186e-04, -1.1927e-03, -9.9765e-04, -3.3011e-04,
        -5.4826e-04, -5.3209e-04, -9.5309e-04,  3.4439e-04, -7.0220e-04,
        -4.6570e-04, -5.9632e-04,  6.3238e-04,  1.4714e-04, -4.8749e-04,
        -9.6830e-04, -5.6213e-04, -7.6286e-04,  6.9691e-04, -2.8055e-04,
        -3.2463e-04,  4.9068e-04, -1.0255e-04,  9.9875e-04, -1.9951e-04,
        -4.9657e-04, -5.5638e-04,  6.6659e-04,  2.1492e-04, -6.3100e-04,
        -1.1887e-03,  4.3606e-04, -8.1909e-04,  2.9544e-04, -5.8691e-04,
        -3.3356e-04, -9.2761e-04,  8.1066e-04, -6.8186e-04, -3.2302e-04,
        -3.5190e-05,  3.8588e-04, -3.2637e-04,  8.0279e-04, -8.9294e-04,
        -5.3888e-04,  9.2611e-04, -1.6428e-04,  1.0647e-03, -2.7866e-04,
        -4.4697e-04, -7.3085e-04,  8.8324e-04,  4.7436e-04, -7.3083e-04,
         4.5143e-04, -2.2667e-04, -1.2174e-03, -2.7715e-04, -8.9010e-04,
         8.4131e-04,  2.2807e-04,  7.0007e-05,  4.2036e-04,  2.9060e-05,
        -1.2071e-03,  6.7840e-04,  1.1824e-03, -3.6504e-04,  6.1842e-04,
        -1.0351e-03,  3.4186e-04,  3.0277e-04, -1.1436e-03, -1.1773e-04,
        -1.1377e-03,  5.3130e-04, -5.7964e-04,  4.4527e-04,  7.0939e-04,
        -1.4598e-04,  7.3569e-05, -4.0672e-04,  5.0976e-05,  9.7964e-04,
         1.1218e-03,  5.9676e-04,  4.2220e-04, -7.6154e-05,  8.7194e-04,
         1.1402e-03,  6.4064e-04,  1.1525e-03, -9.5242e-04, -6.3232e-04,
         3.8541e-05,  1.4230e-04,  8.5228e-04,  6.7895e-04,  9.1604e-04,
         1.0306e-04,  7.3023e-04,  6.3804e-04, -1.2085e-03, -1.1979e-03,
        -4.4283e-04,  7.4483e-04,  4.4385e-04, -9.0442e-04, -9.2002e-04,
         4.2648e-04,  8.9652e-05,  2.2289e-04, -4.2820e-05,  9.5307e-04,
        -3.5262e-04,  3.7864e-04,  5.8590e-04, -8.3236e-04,  6.1029e-04,
         1.1187e-03, -4.8445e-04,  9.4565e-04,  1.7567e-05, -1.0310e-03,
        -4.1933e-04,  5.4561e-04, -3.2766e-05, -7.2228e-04,  5.8714e-04,
        -5.1438e-05,  9.8267e-04, -4.2378e-04, -1.0964e-04, -5.7482e-05,
         8.7653e-05,  1.1537e-03,  6.6103e-05,  4.6981e-05,  4.4258e-05,
         1.0509e-03,  2.3179e-04,  9.9412e-04, -9.2998e-04,  4.8899e-06,
        -1.0643e-03,  4.5846e-04, -5.7478e-04,  2.6510e-04, -8.3450e-04,
         1.0551e-03,  5.6144e-05,  4.6375e-04, -3.1129e-04,  1.0876e-03,
         9.6380e-04, -5.0306e-04, -4.2122e-04, -3.5028e-04, -6.5627e-04,
        -2.4730e-04, -2.6717e-04, -8.5005e-04,  1.1148e-03, -9.9930e-04,
         1.0578e-03, -3.5402e-04,  8.3263e-04,  1.2213e-03,  4.8832e-04,
        -1.2228e-03,  4.2485e-04, -6.8748e-04,  2.7908e-04, -1.5793e-04,
        -9.0147e-04, -6.9133e-05, -7.6105e-04, -1.6193e-04,  8.2395e-04,
         1.9242e-04,  7.8901e-04,  1.1071e-03, -8.9764e-04, -4.2214e-04,
         1.2162e-03,  1.3953e-05, -3.6858e-04, -5.1787e-04, -6.3482e-04,
        -4.5269e-04, -1.2905e-04, -1.1158e-03, -6.7078e-04,  7.0060e-04,
         2.1765e-05,  6.1344e-04, -2.7999e-04, -8.9558e-05,  8.2889e-04,
        -1.2543e-04, -1.1061e-03,  6.0322e-04,  2.6307e-05,  1.7469e-04,
        -6.3782e-04, -4.0102e-04, -8.6874e-05, -1.4713e-04,  1.2956e-04,
         4.9932e-04], device='cuda:0', requires_grad=True)
parameters of the network fc2.weight 
 torch.Size([128, 256]) 
 True 
 tensor([[-0.0461, -0.0263, -0.0330,  ...,  0.0218,  0.0307, -0.0492],
        [-0.0470,  0.0195, -0.0435,  ...,  0.0289,  0.0164, -0.0094],
        [-0.0099,  0.0347,  0.0076,  ...,  0.0043, -0.0103, -0.0404],
        ...,
        [ 0.0184, -0.0268,  0.0515,  ...,  0.0039, -0.0506, -0.0014],
        [ 0.0505,  0.0502,  0.0511,  ..., -0.0329,  0.0471, -0.0119],
        [-0.0007,  0.0315,  0.0292,  ..., -0.0568, -0.0214, -0.0196]],
       device='cuda:0') 
 Parameter containing:
tensor([[-0.0461, -0.0263, -0.0330,  ...,  0.0218,  0.0307, -0.0492],
        [-0.0470,  0.0195, -0.0435,  ...,  0.0289,  0.0164, -0.0094],
        [-0.0099,  0.0347,  0.0076,  ...,  0.0043, -0.0103, -0.0404],
        ...,
        [ 0.0184, -0.0268,  0.0515,  ...,  0.0039, -0.0506, -0.0014],
        [ 0.0505,  0.0502,  0.0511,  ..., -0.0329,  0.0471, -0.0119],
        [-0.0007,  0.0315,  0.0292,  ..., -0.0568, -0.0214, -0.0196]],
       device='cuda:0', requires_grad=True)
parameters of the network fc2.bias 
 torch.Size([128]) 
 True 
 tensor([-8.8789e-03,  4.9836e-02,  3.5185e-02,  5.0624e-02, -6.2138e-02,
         4.7077e-02,  3.9508e-02,  2.8073e-02,  3.9702e-03, -4.3344e-02,
        -1.0565e-02, -3.5686e-03,  2.7615e-02, -4.5574e-02, -5.2771e-02,
         4.7372e-02,  3.5977e-02,  4.4379e-02,  3.6982e-02, -1.4214e-02,
         3.2347e-02,  1.5409e-02,  3.6598e-02,  2.4548e-02,  3.1971e-02,
        -5.2145e-02, -2.3274e-02, -4.4043e-02, -1.8357e-02,  3.2190e-02,
        -5.0049e-02, -4.5999e-02,  3.1669e-02,  7.4744e-05,  2.3716e-02,
         1.0941e-02, -1.1831e-02, -5.3814e-02, -3.0650e-02, -4.4403e-02,
         5.4886e-02, -7.9020e-03, -2.4225e-03,  5.7279e-02, -2.0901e-02,
         1.2880e-02,  9.1294e-03, -2.5535e-02,  2.7773e-02,  3.6155e-02,
        -5.5867e-02, -7.6034e-03,  9.1710e-03, -2.3416e-02,  2.8579e-02,
        -2.8704e-02,  2.7833e-03,  3.7452e-02,  4.6957e-02, -4.1661e-02,
         2.0937e-02, -4.6965e-02,  5.8730e-02, -2.8234e-02, -5.1665e-03,
         3.0163e-03,  6.0655e-02, -1.0416e-02,  5.6296e-02,  7.2075e-03,
         7.3526e-04, -1.1654e-02,  5.6997e-02, -9.4834e-03, -1.2000e-02,
        -4.9992e-02, -2.7886e-02, -2.2878e-02, -1.0652e-02, -3.4362e-02,
         3.7655e-02,  2.5749e-02,  5.7553e-02, -4.4059e-02,  4.9622e-03,
         2.3548e-03,  2.9394e-02,  8.3322e-03, -3.0029e-02,  2.4718e-02,
        -1.7835e-03,  3.1846e-02,  5.4760e-02, -5.6557e-02,  3.1847e-02,
         1.5830e-02,  5.5549e-02, -6.1407e-02, -4.6532e-02, -4.3359e-02,
        -6.0264e-03,  4.6767e-02, -2.1642e-02,  2.4664e-02,  6.2059e-02,
         5.2119e-02, -4.0515e-02,  1.5981e-02, -4.8690e-02, -2.9728e-02,
         5.3715e-02, -3.6017e-03,  2.6556e-02, -1.9521e-03, -4.9033e-02,
         3.2024e-02,  3.2873e-02, -5.7698e-02, -2.6067e-02,  6.1088e-02,
        -5.6769e-03,  3.2923e-02, -3.2386e-02,  3.3700e-02, -4.4384e-02,
         2.2322e-02, -5.2474e-02,  1.6380e-02], device='cuda:0') 
 Parameter containing:
tensor([-8.8789e-03,  4.9836e-02,  3.5185e-02,  5.0624e-02, -6.2138e-02,
         4.7077e-02,  3.9508e-02,  2.8073e-02,  3.9702e-03, -4.3344e-02,
        -1.0565e-02, -3.5686e-03,  2.7615e-02, -4.5574e-02, -5.2771e-02,
         4.7372e-02,  3.5977e-02,  4.4379e-02,  3.6982e-02, -1.4214e-02,
         3.2347e-02,  1.5409e-02,  3.6598e-02,  2.4548e-02,  3.1971e-02,
        -5.2145e-02, -2.3274e-02, -4.4043e-02, -1.8357e-02,  3.2190e-02,
        -5.0049e-02, -4.5999e-02,  3.1669e-02,  7.4744e-05,  2.3716e-02,
         1.0941e-02, -1.1831e-02, -5.3814e-02, -3.0650e-02, -4.4403e-02,
         5.4886e-02, -7.9020e-03, -2.4225e-03,  5.7279e-02, -2.0901e-02,
         1.2880e-02,  9.1294e-03, -2.5535e-02,  2.7773e-02,  3.6155e-02,
        -5.5867e-02, -7.6034e-03,  9.1710e-03, -2.3416e-02,  2.8579e-02,
        -2.8704e-02,  2.7833e-03,  3.7452e-02,  4.6957e-02, -4.1661e-02,
         2.0937e-02, -4.6965e-02,  5.8730e-02, -2.8234e-02, -5.1665e-03,
         3.0163e-03,  6.0655e-02, -1.0416e-02,  5.6296e-02,  7.2075e-03,
         7.3526e-04, -1.1654e-02,  5.6997e-02, -9.4834e-03, -1.2000e-02,
        -4.9992e-02, -2.7886e-02, -2.2878e-02, -1.0652e-02, -3.4362e-02,
         3.7655e-02,  2.5749e-02,  5.7553e-02, -4.4059e-02,  4.9622e-03,
         2.3548e-03,  2.9394e-02,  8.3322e-03, -3.0029e-02,  2.4718e-02,
        -1.7835e-03,  3.1846e-02,  5.4760e-02, -5.6557e-02,  3.1847e-02,
         1.5830e-02,  5.5549e-02, -6.1407e-02, -4.6532e-02, -4.3359e-02,
        -6.0264e-03,  4.6767e-02, -2.1642e-02,  2.4664e-02,  6.2059e-02,
         5.2119e-02, -4.0515e-02,  1.5981e-02, -4.8690e-02, -2.9728e-02,
         5.3715e-02, -3.6017e-03,  2.6556e-02, -1.9521e-03, -4.9033e-02,
         3.2024e-02,  3.2873e-02, -5.7698e-02, -2.6067e-02,  6.1088e-02,
        -5.6769e-03,  3.2923e-02, -3.2386e-02,  3.3700e-02, -4.4384e-02,
         2.2322e-02, -5.2474e-02,  1.6380e-02], device='cuda:0',
       requires_grad=True)
parameters of the network fc3.weight 
 torch.Size([64, 128]) 
 True 
 tensor([[-0.0375,  0.0754, -0.0791,  ..., -0.0213,  0.0446, -0.0214],
        [-0.0469, -0.0789, -0.0865,  ..., -0.0377, -0.0117,  0.0400],
        [ 0.0831, -0.0291,  0.0584,  ..., -0.0832, -0.0672, -0.0577],
        ...,
        [ 0.0476,  0.0704, -0.0477,  ...,  0.0154,  0.0409,  0.0493],
        [-0.0623,  0.0385, -0.0765,  ..., -0.0777, -0.0480, -0.0563],
        [ 0.0611, -0.0734, -0.0076,  ..., -0.0060, -0.0007, -0.0761]],
       device='cuda:0') 
 Parameter containing:
tensor([[-0.0375,  0.0754, -0.0791,  ..., -0.0213,  0.0446, -0.0214],
        [-0.0469, -0.0789, -0.0865,  ..., -0.0377, -0.0117,  0.0400],
        [ 0.0831, -0.0291,  0.0584,  ..., -0.0832, -0.0672, -0.0577],
        ...,
        [ 0.0476,  0.0704, -0.0477,  ...,  0.0154,  0.0409,  0.0493],
        [-0.0623,  0.0385, -0.0765,  ..., -0.0777, -0.0480, -0.0563],
        [ 0.0611, -0.0734, -0.0076,  ..., -0.0060, -0.0007, -0.0761]],
       device='cuda:0', requires_grad=True)
parameters of the network fc3.bias 
 torch.Size([64]) 
 True 
 tensor([-0.0129,  0.0051,  0.0558,  0.0570,  0.0791, -0.0488, -0.0324, -0.0306,
         0.0704, -0.0122, -0.0039,  0.0062,  0.0606,  0.0783,  0.0015,  0.0520,
        -0.0690, -0.0867, -0.0459,  0.0232, -0.0638, -0.0395,  0.0113,  0.0530,
         0.0380,  0.0734,  0.0046,  0.0266, -0.0135,  0.0336,  0.0882, -0.0686,
        -0.0335, -0.0043, -0.0366, -0.0140,  0.0481,  0.0345,  0.0324,  0.0273,
        -0.0180,  0.0822,  0.0133,  0.0763,  0.0150, -0.0442, -0.0830, -0.0391,
        -0.0408, -0.0810, -0.0473,  0.0671, -0.0262,  0.0471,  0.0579, -0.0080,
        -0.0573,  0.0716,  0.0822, -0.0579, -0.0781, -0.0614,  0.0787, -0.0221],
       device='cuda:0') 
 Parameter containing:
tensor([-0.0129,  0.0051,  0.0558,  0.0570,  0.0791, -0.0488, -0.0324, -0.0306,
         0.0704, -0.0122, -0.0039,  0.0062,  0.0606,  0.0783,  0.0015,  0.0520,
        -0.0690, -0.0867, -0.0459,  0.0232, -0.0638, -0.0395,  0.0113,  0.0530,
         0.0380,  0.0734,  0.0046,  0.0266, -0.0135,  0.0336,  0.0882, -0.0686,
        -0.0335, -0.0043, -0.0366, -0.0140,  0.0481,  0.0345,  0.0324,  0.0273,
        -0.0180,  0.0822,  0.0133,  0.0763,  0.0150, -0.0442, -0.0830, -0.0391,
        -0.0408, -0.0810, -0.0473,  0.0671, -0.0262,  0.0471,  0.0579, -0.0080,
        -0.0573,  0.0716,  0.0822, -0.0579, -0.0781, -0.0614,  0.0787, -0.0221],
       device='cuda:0', requires_grad=True)
parameters of the network fc4.weight 
 torch.Size([6796, 64]) 
 True 
 tensor([[ 0.1139,  0.0062, -0.0806,  ...,  0.0998,  0.1042,  0.0970],
        [-0.0170, -0.0181, -0.0609,  ..., -0.0727, -0.0521,  0.1150],
        [ 0.0963, -0.0247,  0.0454,  ..., -0.0156, -0.0500, -0.1097],
        ...,
        [-0.0696, -0.0740, -0.1084,  ..., -0.0716,  0.1165,  0.0827],
        [ 0.0215,  0.1091, -0.0481,  ..., -0.0815, -0.0742, -0.0412],
        [ 0.0087,  0.0187,  0.1014,  ..., -0.0670,  0.0319,  0.0450]],
       device='cuda:0') 
 Parameter containing:
tensor([[ 0.1139,  0.0062, -0.0806,  ...,  0.0998,  0.1042,  0.0970],
        [-0.0170, -0.0181, -0.0609,  ..., -0.0727, -0.0521,  0.1150],
        [ 0.0963, -0.0247,  0.0454,  ..., -0.0156, -0.0500, -0.1097],
        ...,
        [-0.0696, -0.0740, -0.1084,  ..., -0.0716,  0.1165,  0.0827],
        [ 0.0215,  0.1091, -0.0481,  ..., -0.0815, -0.0742, -0.0412],
        [ 0.0087,  0.0187,  0.1014,  ..., -0.0670,  0.0319,  0.0450]],
       device='cuda:0', requires_grad=True)
parameters of the network fc4.bias 
 torch.Size([6796]) 
 True 
 tensor([ 0.1117,  0.0811,  0.0836,  ..., -0.1157,  0.0169, -0.0554],
       device='cuda:0') 
 Parameter containing:
tensor([ 0.1117,  0.0811,  0.0836,  ..., -0.1157,  0.0169, -0.0554],
       device='cuda:0', requires_grad=True)

Passing event 10 from the network before training input tensor([[0., 0., 0.,  ..., 0., 0., 0.],
        [0., 0., 0.,  ..., 0., 0., 0.],
        [0., 0., 0.,  ..., 0., 0., 0.],
        ...,
        [0., 0., 0.,  ..., 0., 0., 0.],
        [0., 0., 0.,  ..., 0., 0., 0.],
        [0., 0., 0.,  ..., 0., 0., 0.]]) 
result1: tensor([[0.5315, 0.5159, 0.5260,  ..., 0.4755, 0.5093, 0.4870],
        [0.5316, 0.5159, 0.5259,  ..., 0.4756, 0.5093, 0.4869],
        [0.5316, 0.5159, 0.5260,  ..., 0.4755, 0.5093, 0.4870],
        ...,
        [0.5315, 0.5159, 0.5260,  ..., 0.4755, 0.5093, 0.4869],
        [0.5316, 0.5159, 0.5260,  ..., 0.4755, 0.5092, 0.4870],
        [0.5316, 0.5159, 0.5259,  ..., 0.4755, 0.5093, 0.4869]],
       device='cuda:0', grad_fn=<SigmoidBackward0>) 
result1.shape: torch.Size([20, 6796])
Traceback (most recent call last):
  File "/hpcfs/bes/mlgpu/hoseinkk/MLTracking/otherparticles/pppipi/pyt_pppipi_cnn_1/./Model.py", line 125, in <module>
    print(f'\nPassing two random events from the network before training', '\nresult1:', result1, '\nresult1.shape:', result1.shape, '\ninput:', traincnnpppipi[EvBTr])
NameError: name 'traincnnpppipi' is not defined

real	0m15.925s
user	0m9.745s
sys	0m4.063s
