0: gpu016.ihep.ac.cn
GPU 0: Tesla V100-SXM2-32GB (UUID: GPU-adc0bb57-5f8a-ba9d-04e2-dbaa9f7c20f1)
Allocate GPU cards : 0

modinfo:
filename:       /lib/modules/3.10.0-1160.71.1.el7.x86_64/extra/nvidia.ko.xz
firmware:       nvidia/515.65.01/gsp.bin
alias:          char-major-195-*
version:        515.65.01
supported:      external
license:        NVIDIA
retpoline:      Y
rhelversion:    7.9
srcversion:     8049D44E2C1B08F41E1B8A6
alias:          pci:v000010DEd*sv*sd*bc06sc80i00*
alias:          pci:v000010DEd*sv*sd*bc03sc02i00*
alias:          pci:v000010DEd*sv*sd*bc03sc00i00*
depends:        drm
vermagic:       3.10.0-1160.71.1.el7.x86_64 SMP mod_unload modversions 
signer:         DKMS module signing key
sig_key:        A2:17:1D:79:E5:47:38:13:77:F2:EE:66:EA:5D:DB:A0:A1:CA:F4:E7
sig_hashalgo:   sha512
parm:           NvSwitchRegDwords:NvSwitch regkey (charp)
parm:           NvSwitchBlacklist:NvSwitchBlacklist=uuid[,uuid...] (charp)
parm:           NVreg_ResmanDebugLevel:int
parm:           NVreg_RmLogonRC:int
parm:           NVreg_ModifyDeviceFiles:int
parm:           NVreg_DeviceFileUID:int
parm:           NVreg_DeviceFileGID:int
parm:           NVreg_DeviceFileMode:int
parm:           NVreg_InitializeSystemMemoryAllocations:int
parm:           NVreg_UsePageAttributeTable:int
parm:           NVreg_EnablePCIeGen3:int
parm:           NVreg_EnableMSI:int
parm:           NVreg_TCEBypassMode:int
parm:           NVreg_EnableStreamMemOPs:int
parm:           NVreg_RestrictProfilingToAdminUsers:int
parm:           NVreg_PreserveVideoMemoryAllocations:int
parm:           NVreg_EnableS0ixPowerManagement:int
parm:           NVreg_S0ixPowerManagementVideoMemoryThreshold:int
parm:           NVreg_DynamicPowerManagement:int
parm:           NVreg_DynamicPowerManagementVideoMemoryThreshold:int
parm:           NVreg_EnableGpuFirmware:int
parm:           NVreg_EnableGpuFirmwareLogs:int
parm:           NVreg_OpenRmEnableUnsupportedGpus:int
parm:           NVreg_EnableUserNUMAManagement:int
parm:           NVreg_MemoryPoolSize:int
parm:           NVreg_KMallocHeapMaxSize:int
parm:           NVreg_VMallocHeapMaxSize:int
parm:           NVreg_IgnoreMMIOCheck:int
parm:           NVreg_NvLinkDisable:int
parm:           NVreg_EnablePCIERelaxedOrderingMode:int
parm:           NVreg_RegisterPCIDriver:int
parm:           NVreg_EnableDbgBreakpoint:int
parm:           NVreg_RegistryDwords:charp
parm:           NVreg_RegistryDwordsPerDevice:charp
parm:           NVreg_RmMsg:charp
parm:           NVreg_GpuBlacklist:charp
parm:           NVreg_TemporaryFilePath:charp
parm:           NVreg_ExcludedGpus:charp
parm:           NVreg_DmaRemapPeerMmio:int
parm:           rm_firmware_active:charp

nvidia-smi:
Mon Aug 29 18:50:40 2022       
+-----------------------------------------------------------------------------+
| NVIDIA-SMI 515.65.01    Driver Version: 515.65.01    CUDA Version: 11.7     |
|-------------------------------+----------------------+----------------------+
| GPU  Name        Persistence-M| Bus-Id        Disp.A | Volatile Uncorr. ECC |
| Fan  Temp  Perf  Pwr:Usage/Cap|         Memory-Usage | GPU-Util  Compute M. |
|                               |                      |               MIG M. |
|===============================+======================+======================|
|   0  Tesla V100-SXM2...  On   | 00000000:1D:00.0 Off |                    0 |
| N/A   31C    P0    42W / 300W |      0MiB / 32768MiB |      0%      Default |
|                               |                      |                  N/A |
+-------------------------------+----------------------+----------------------+
                                                                               
+-----------------------------------------------------------------------------+
| Processes:                                                                  |
|  GPU   GI   CI        PID   Type   Process name                  GPU Memory |
|        ID   ID                                                   Usage      |
|=============================================================================|
|  No running processes found                                                 |
+-----------------------------------------------------------------------------+

nvcc --version:
nvcc: NVIDIA (R) Cuda compiler driver
Copyright (c) 2005-2021 NVIDIA Corporation
Built on Sun_Mar_21_19:15:46_PDT_2021
Cuda compilation tools, release 11.3, V11.3.58
Build cuda_11.3.r11.3/compiler.29745058_0

 torch version: 1.10.2

 cuda version: 11.3

 is cuda available: True

 CUDNN VERSION: 8200

 Number CUDA Devices: 1

 CUDA Device Name: Tesla V100-SXM2-32GB

 CUDA Device Total Memory [GB]: 34.089926656

 Device capability: (7, 0) 

 Cuda deviice: <torch.cuda.device object at 0x2aeff449c8e0> 

 Is cuda initialized: True

 CUDA_HOME: /hpcfs/bes/mlgpu/hoseinkk/Miniconda3/envs/dgl1

real	0m3.932s
user	0m2.478s
sys	0m0.690s
/hpcfs/bes/mlgpu/hoseinkk/Miniconda3/envs/dgl1/lib/python3.9/site-packages/cupy/_environment.py:438: UserWarning: 
--------------------------------------------------------------------------------

  CuPy may not function correctly because multiple CuPy packages are installed
  in your environment:

    cupy, cupy-cuda110

  Follow these steps to resolve this issue:

    1. For all packages listed above, run the following command to remove all
       existing CuPy installations:

         $ pip uninstall <package_name>

      If you previously installed CuPy via conda, also run the following:

         $ conda uninstall cupy

    2. Install the appropriate CuPy package.
       Refer to the Installation Guide for detailed instructions.

         https://docs.cupy.dev/en/stable/install.html

--------------------------------------------------------------------------------

  warnings.warn(f'''
/hpcfs/bes/mlgpu/hoseinkk/Miniconda3/envs/dgl1/lib/python3.9/site-packages/torch/nn/functional.py:1806: UserWarning: nn.functional.sigmoid is deprecated. Use torch.sigmoid instead.
  warnings.warn("nn.functional.sigmoid is deprecated. Use torch.sigmoid instead.")





 Loading data ... 



training set shape (20000, 43, 288) 
sum 5279207

target set shape (20000, 6796) 
sum 4575851




 The Network ... 


Net(
  (conv1): Conv2d(1, 256, kernel_size=(3, 3), stride=(1, 1))
  (conv2): Conv2d(256, 128, kernel_size=(3, 3), stride=(1, 1))
  (conv3): Conv2d(128, 64, kernel_size=(3, 3), stride=(1, 1))
  (fc1): Linear(in_features=667776, out_features=256, bias=True)
  (fc2): Linear(in_features=256, out_features=128, bias=True)
  (fc3): Linear(in_features=128, out_features=64, bias=True)
  (fc4): Linear(in_features=64, out_features=6796, bias=True)
)

number of the free parameters: 171805196
parameters of the network conv1.weight 
 torch.Size([256, 1, 3, 3]) 
 True 
 tensor([[[[ 0.1221,  0.3096,  0.2541],
          [-0.1963,  0.3083,  0.0177],
          [ 0.0221, -0.2502,  0.0847]]],


        [[[-0.0333,  0.0546, -0.1263],
          [ 0.1390,  0.3015, -0.0530],
          [ 0.0717,  0.2301, -0.0093]]],


        [[[ 0.2274, -0.1988, -0.1830],
          [ 0.1061, -0.0951, -0.2505],
          [-0.0250,  0.0105, -0.1310]]],


        ...,


        [[[-0.1036,  0.0443, -0.1750],
          [ 0.3333,  0.1221, -0.0416],
          [ 0.1301,  0.0619,  0.2719]]],


        [[[ 0.1872,  0.1503, -0.1335],
          [ 0.0754, -0.3309,  0.0182],
          [-0.0709, -0.1781, -0.3110]]],


        [[[ 0.1952, -0.0222, -0.2734],
          [ 0.2301,  0.2397,  0.3308],
          [ 0.0374,  0.2620, -0.2391]]]], device='cuda:0') 
 Parameter containing:
tensor([[[[ 0.1221,  0.3096,  0.2541],
          [-0.1963,  0.3083,  0.0177],
          [ 0.0221, -0.2502,  0.0847]]],


        [[[-0.0333,  0.0546, -0.1263],
          [ 0.1390,  0.3015, -0.0530],
          [ 0.0717,  0.2301, -0.0093]]],


        [[[ 0.2274, -0.1988, -0.1830],
          [ 0.1061, -0.0951, -0.2505],
          [-0.0250,  0.0105, -0.1310]]],


        ...,


        [[[-0.1036,  0.0443, -0.1750],
          [ 0.3333,  0.1221, -0.0416],
          [ 0.1301,  0.0619,  0.2719]]],


        [[[ 0.1872,  0.1503, -0.1335],
          [ 0.0754, -0.3309,  0.0182],
          [-0.0709, -0.1781, -0.3110]]],


        [[[ 0.1952, -0.0222, -0.2734],
          [ 0.2301,  0.2397,  0.3308],
          [ 0.0374,  0.2620, -0.2391]]]], device='cuda:0', requires_grad=True)
parameters of the network conv1.bias 
 torch.Size([256]) 
 True 
 tensor([ 0.1265, -0.2674, -0.2148,  0.2115,  0.1550, -0.2905,  0.3073,  0.2503,
         0.2378,  0.1205,  0.0300,  0.3123,  0.2061, -0.1285,  0.1156, -0.0563,
        -0.2458,  0.0579, -0.2269, -0.1326,  0.1014, -0.0683,  0.1127, -0.1727,
        -0.1060,  0.1731, -0.2956,  0.3151,  0.2428, -0.2755, -0.3173, -0.1588,
        -0.1074,  0.1023, -0.0097, -0.1760,  0.0847,  0.0805, -0.0712,  0.2385,
        -0.1482,  0.1705,  0.1009, -0.2176, -0.1488, -0.0831, -0.1733, -0.0174,
        -0.0538,  0.1975, -0.0950,  0.3108,  0.2996, -0.0352, -0.2275, -0.1263,
         0.0922, -0.2459, -0.0962,  0.0857,  0.0668, -0.1813,  0.0349, -0.0261,
        -0.2653, -0.2046, -0.3202,  0.2137,  0.2709,  0.0053,  0.2340,  0.0114,
        -0.3029,  0.0266, -0.1125, -0.3124, -0.3279,  0.3208, -0.2769, -0.1805,
         0.2035,  0.1810,  0.0425, -0.0876,  0.2848,  0.0539, -0.1581,  0.2062,
        -0.1039,  0.0735,  0.2519, -0.2196, -0.1218, -0.2550, -0.0408,  0.2948,
        -0.1235,  0.0508,  0.0470, -0.2150,  0.2430,  0.0507, -0.2804, -0.0905,
        -0.0302, -0.2018, -0.0657, -0.0983,  0.2898,  0.3189,  0.3134, -0.1762,
        -0.0572, -0.1614,  0.3104,  0.0342,  0.2326,  0.2986, -0.0950,  0.1000,
        -0.0936,  0.0864,  0.0894,  0.2882,  0.1364,  0.1429,  0.1941,  0.0593,
         0.2045, -0.2442, -0.3304,  0.2478, -0.2180,  0.1389,  0.2065,  0.1948,
         0.0401, -0.1336,  0.2132,  0.3168,  0.2342, -0.0504, -0.2516,  0.1808,
        -0.3210, -0.3210, -0.0985,  0.1923,  0.0165, -0.2847, -0.1574, -0.1946,
        -0.2962, -0.0459,  0.1348, -0.2295, -0.0322,  0.3136, -0.2823,  0.0284,
        -0.0408,  0.1116,  0.2664, -0.0113, -0.2682, -0.0228, -0.2637,  0.1413,
         0.1373,  0.0446,  0.1334, -0.0591, -0.1478, -0.0027,  0.1055,  0.0389,
         0.1950, -0.3289, -0.0465, -0.2339, -0.0817,  0.3203, -0.3263, -0.1535,
         0.1930,  0.1668, -0.1446, -0.1744,  0.2380, -0.2297, -0.0784,  0.0116,
         0.2591,  0.0142, -0.2196, -0.3029, -0.0061, -0.0609,  0.1039, -0.1283,
        -0.2523, -0.2549, -0.1284, -0.0227, -0.0429, -0.2949,  0.2872,  0.2759,
        -0.1151, -0.1675,  0.2590,  0.0947, -0.1036, -0.0607,  0.2063,  0.2697,
        -0.1588,  0.2508,  0.0501, -0.0962,  0.1063,  0.0200, -0.0265,  0.2216,
         0.0920, -0.2401,  0.1333,  0.2230, -0.0264,  0.1375, -0.0538,  0.2876,
        -0.1215, -0.2824, -0.2397,  0.1397, -0.3052, -0.0044,  0.0255,  0.0223,
         0.2142, -0.1009,  0.1597,  0.2700,  0.0164,  0.1262,  0.0471, -0.2576,
        -0.3098, -0.2451, -0.2400,  0.2315, -0.0285, -0.0574,  0.3236, -0.3043],
       device='cuda:0') 
 Parameter containing:
tensor([ 0.1265, -0.2674, -0.2148,  0.2115,  0.1550, -0.2905,  0.3073,  0.2503,
         0.2378,  0.1205,  0.0300,  0.3123,  0.2061, -0.1285,  0.1156, -0.0563,
        -0.2458,  0.0579, -0.2269, -0.1326,  0.1014, -0.0683,  0.1127, -0.1727,
        -0.1060,  0.1731, -0.2956,  0.3151,  0.2428, -0.2755, -0.3173, -0.1588,
        -0.1074,  0.1023, -0.0097, -0.1760,  0.0847,  0.0805, -0.0712,  0.2385,
        -0.1482,  0.1705,  0.1009, -0.2176, -0.1488, -0.0831, -0.1733, -0.0174,
        -0.0538,  0.1975, -0.0950,  0.3108,  0.2996, -0.0352, -0.2275, -0.1263,
         0.0922, -0.2459, -0.0962,  0.0857,  0.0668, -0.1813,  0.0349, -0.0261,
        -0.2653, -0.2046, -0.3202,  0.2137,  0.2709,  0.0053,  0.2340,  0.0114,
        -0.3029,  0.0266, -0.1125, -0.3124, -0.3279,  0.3208, -0.2769, -0.1805,
         0.2035,  0.1810,  0.0425, -0.0876,  0.2848,  0.0539, -0.1581,  0.2062,
        -0.1039,  0.0735,  0.2519, -0.2196, -0.1218, -0.2550, -0.0408,  0.2948,
        -0.1235,  0.0508,  0.0470, -0.2150,  0.2430,  0.0507, -0.2804, -0.0905,
        -0.0302, -0.2018, -0.0657, -0.0983,  0.2898,  0.3189,  0.3134, -0.1762,
        -0.0572, -0.1614,  0.3104,  0.0342,  0.2326,  0.2986, -0.0950,  0.1000,
        -0.0936,  0.0864,  0.0894,  0.2882,  0.1364,  0.1429,  0.1941,  0.0593,
         0.2045, -0.2442, -0.3304,  0.2478, -0.2180,  0.1389,  0.2065,  0.1948,
         0.0401, -0.1336,  0.2132,  0.3168,  0.2342, -0.0504, -0.2516,  0.1808,
        -0.3210, -0.3210, -0.0985,  0.1923,  0.0165, -0.2847, -0.1574, -0.1946,
        -0.2962, -0.0459,  0.1348, -0.2295, -0.0322,  0.3136, -0.2823,  0.0284,
        -0.0408,  0.1116,  0.2664, -0.0113, -0.2682, -0.0228, -0.2637,  0.1413,
         0.1373,  0.0446,  0.1334, -0.0591, -0.1478, -0.0027,  0.1055,  0.0389,
         0.1950, -0.3289, -0.0465, -0.2339, -0.0817,  0.3203, -0.3263, -0.1535,
         0.1930,  0.1668, -0.1446, -0.1744,  0.2380, -0.2297, -0.0784,  0.0116,
         0.2591,  0.0142, -0.2196, -0.3029, -0.0061, -0.0609,  0.1039, -0.1283,
        -0.2523, -0.2549, -0.1284, -0.0227, -0.0429, -0.2949,  0.2872,  0.2759,
        -0.1151, -0.1675,  0.2590,  0.0947, -0.1036, -0.0607,  0.2063,  0.2697,
        -0.1588,  0.2508,  0.0501, -0.0962,  0.1063,  0.0200, -0.0265,  0.2216,
         0.0920, -0.2401,  0.1333,  0.2230, -0.0264,  0.1375, -0.0538,  0.2876,
        -0.1215, -0.2824, -0.2397,  0.1397, -0.3052, -0.0044,  0.0255,  0.0223,
         0.2142, -0.1009,  0.1597,  0.2700,  0.0164,  0.1262,  0.0471, -0.2576,
        -0.3098, -0.2451, -0.2400,  0.2315, -0.0285, -0.0574,  0.3236, -0.3043],
       device='cuda:0', requires_grad=True)
parameters of the network conv2.weight 
 torch.Size([128, 256, 3, 3]) 
 True 
 tensor([[[[ 1.0732e-02,  5.5380e-03,  1.2478e-03],
          [-7.4105e-03, -2.3884e-03,  5.7383e-03],
          [-1.6494e-02, -8.5113e-03,  4.3120e-03]],

         [[-1.7891e-02, -2.0422e-02,  1.8131e-02],
          [ 1.6480e-02, -1.5086e-03,  6.0142e-03],
          [-7.6588e-03,  4.1435e-03,  1.3322e-02]],

         [[ 1.1958e-02,  1.2808e-02,  1.2013e-02],
          [ 4.4233e-03, -2.1513e-03, -4.7340e-03],
          [-6.0051e-03, -1.6073e-02, -2.0770e-02]],

         ...,

         [[-6.1075e-03, -1.6497e-02, -9.1249e-03],
          [ 9.8265e-03,  4.5224e-03,  1.3083e-02],
          [-6.4658e-03, -1.7589e-02, -1.9781e-02]],

         [[ 1.7716e-02,  4.3813e-03,  9.1436e-03],
          [-7.0501e-03,  3.8508e-03, -1.9751e-02],
          [ 7.9878e-04, -1.5183e-02,  1.0172e-02]],

         [[-8.7627e-03,  1.3223e-02,  6.8714e-03],
          [ 1.0996e-02, -9.2905e-03, -4.0079e-03],
          [-1.9544e-02, -2.0574e-02, -1.1264e-03]]],


        [[[ 1.1457e-02,  1.8227e-02,  2.0392e-02],
          [-1.3716e-02,  1.4096e-02, -1.9683e-02],
          [ 2.0565e-02,  2.3094e-03, -4.3367e-03]],

         [[-2.0265e-02, -1.9709e-02, -1.1491e-02],
          [ 5.4378e-03,  1.4816e-02, -1.6759e-02],
          [ 1.5056e-02, -1.2850e-02, -1.9938e-02]],

         [[-1.9155e-02,  4.5838e-03,  1.7405e-02],
          [-7.4904e-04,  1.0222e-02,  5.7109e-03],
          [-6.7143e-03, -1.8989e-02, -1.3965e-03]],

         ...,

         [[ 1.8705e-02,  1.2114e-02,  1.3336e-03],
          [-1.3075e-02,  1.4208e-02,  1.9109e-02],
          [ 1.6978e-02, -7.5800e-03,  5.9734e-04]],

         [[ 1.1852e-02,  5.0677e-03, -1.7997e-02],
          [-4.5415e-03, -1.2105e-04,  1.8058e-03],
          [-4.4153e-03, -1.4099e-02, -2.0678e-02]],

         [[-2.1384e-03,  2.6164e-03,  4.6149e-03],
          [ 1.4041e-02,  3.1896e-03, -2.8004e-03],
          [-4.7650e-03,  5.1827e-03,  1.4071e-02]]],


        [[[-1.6938e-02, -1.2115e-02,  1.5329e-02],
          [ 1.4901e-02, -1.0278e-02,  1.5529e-02],
          [-2.0666e-02, -2.0629e-02, -9.0779e-04]],

         [[-2.7462e-03,  1.2354e-02, -1.4277e-02],
          [-1.0080e-02, -4.1909e-03, -5.2449e-03],
          [-1.6776e-02,  2.9517e-03, -5.9208e-03]],

         [[-1.2539e-02,  1.0726e-02,  5.0693e-03],
          [-1.5442e-03,  8.4359e-03, -5.9361e-03],
          [ 1.6144e-02,  1.6537e-02,  4.8933e-04]],

         ...,

         [[ 2.0191e-02,  7.5251e-03, -1.0248e-02],
          [ 3.7620e-03,  1.8637e-02,  8.4231e-03],
          [ 1.3025e-04, -1.6809e-02,  6.9115e-03]],

         [[ 1.3720e-02, -3.0765e-03, -9.0360e-04],
          [-1.6851e-02,  1.2816e-02, -8.3781e-03],
          [ 7.1490e-03, -1.1799e-02, -3.1825e-03]],

         [[ 2.5259e-03,  8.3682e-03, -3.4059e-03],
          [ 1.4479e-02, -1.4891e-02, -5.7203e-03],
          [-6.5535e-04,  1.8448e-02, -1.7356e-02]]],


        ...,


        [[[ 5.5502e-03,  5.3653e-03, -3.0255e-03],
          [ 1.3146e-02,  2.0589e-02,  1.2053e-02],
          [-5.3904e-03, -6.8602e-03,  1.2413e-02]],

         [[-1.5141e-02, -1.0396e-03,  1.7050e-02],
          [-1.6214e-02, -1.8419e-02,  1.7823e-02],
          [ 9.6609e-03, -1.2252e-02, -1.9851e-03]],

         [[ 1.5887e-02, -1.8563e-03, -1.8704e-02],
          [ 1.0884e-02, -1.5276e-02, -1.0499e-02],
          [-2.0771e-02,  1.1493e-02, -1.5400e-02]],

         ...,

         [[ 4.2713e-03,  1.3801e-02,  1.4695e-02],
          [ 7.1151e-05, -2.0584e-02, -2.0387e-02],
          [-3.4745e-03, -1.8488e-02, -9.8665e-03]],

         [[-5.9775e-03, -1.9983e-03,  9.3840e-03],
          [-6.2093e-04, -1.0343e-04,  4.8539e-03],
          [ 2.7287e-03,  1.8123e-02,  1.8418e-02]],

         [[-1.4350e-02, -1.9824e-02,  1.3831e-02],
          [-2.9516e-03, -3.3568e-03, -1.4640e-02],
          [ 1.8982e-02,  5.5752e-03,  7.4039e-03]]],


        [[[ 8.2557e-03,  2.3111e-03, -1.3955e-02],
          [ 1.8024e-02, -1.8553e-02,  9.8573e-03],
          [ 8.0026e-03,  1.2382e-02, -1.7153e-02]],

         [[-1.0792e-02,  1.3009e-02,  1.2424e-02],
          [-5.4051e-03, -8.8498e-03,  1.3994e-02],
          [ 1.5047e-02, -7.3360e-03, -1.3477e-02]],

         [[-1.8066e-02, -8.2572e-03,  2.0276e-02],
          [-1.2299e-02, -1.2344e-02, -1.8861e-02],
          [-1.7983e-02, -1.3141e-03, -1.9966e-02]],

         ...,

         [[ 2.6599e-03, -7.5170e-03,  5.7524e-03],
          [ 9.4699e-03,  5.2721e-03, -7.6567e-03],
          [-1.3943e-02,  1.2226e-02,  1.6937e-02]],

         [[ 1.0759e-02, -1.8322e-02,  3.8550e-03],
          [ 1.7956e-02,  1.5113e-02,  1.1520e-02],
          [ 1.7919e-02, -3.4284e-03, -5.4011e-03]],

         [[-1.5294e-02,  1.2388e-02, -1.1069e-02],
          [-1.8492e-02,  7.1134e-04,  1.0867e-02],
          [-4.1958e-03,  1.6731e-02,  1.4718e-02]]],


        [[[ 1.9262e-02, -8.6493e-03,  2.1714e-03],
          [-1.6505e-02, -1.7748e-02, -1.5690e-02],
          [ 9.5216e-03, -1.6973e-02,  1.7770e-02]],

         [[-5.7092e-03, -1.3514e-02,  6.2145e-04],
          [-1.5521e-03, -3.5068e-03,  8.8587e-03],
          [ 1.6477e-02, -1.6863e-02,  1.8190e-02]],

         [[-1.6315e-02,  1.5901e-02, -1.7772e-02],
          [-1.9043e-02,  2.6991e-03, -1.8622e-02],
          [ 4.9229e-03,  1.1947e-02, -1.5505e-02]],

         ...,

         [[-1.7427e-02, -1.6497e-02, -6.7663e-04],
          [-1.7227e-02,  1.5393e-02, -1.4768e-02],
          [-1.7894e-02, -4.0676e-03,  1.4088e-02]],

         [[-1.6149e-02, -1.9637e-02,  4.1806e-03],
          [ 5.2961e-04, -1.7246e-02,  8.8109e-03],
          [-6.8242e-03,  4.0349e-03,  1.3045e-02]],

         [[-2.0355e-03,  1.8121e-02, -1.8355e-02],
          [ 6.7818e-03, -8.7888e-03, -5.1811e-03],
          [-1.9773e-02,  1.8768e-02,  7.5821e-03]]]], device='cuda:0') 
 Parameter containing:
tensor([[[[ 1.0732e-02,  5.5380e-03,  1.2478e-03],
          [-7.4105e-03, -2.3884e-03,  5.7383e-03],
          [-1.6494e-02, -8.5113e-03,  4.3120e-03]],

         [[-1.7891e-02, -2.0422e-02,  1.8131e-02],
          [ 1.6480e-02, -1.5086e-03,  6.0142e-03],
          [-7.6588e-03,  4.1435e-03,  1.3322e-02]],

         [[ 1.1958e-02,  1.2808e-02,  1.2013e-02],
          [ 4.4233e-03, -2.1513e-03, -4.7340e-03],
          [-6.0051e-03, -1.6073e-02, -2.0770e-02]],

         ...,

         [[-6.1075e-03, -1.6497e-02, -9.1249e-03],
          [ 9.8265e-03,  4.5224e-03,  1.3083e-02],
          [-6.4658e-03, -1.7589e-02, -1.9781e-02]],

         [[ 1.7716e-02,  4.3813e-03,  9.1436e-03],
          [-7.0501e-03,  3.8508e-03, -1.9751e-02],
          [ 7.9878e-04, -1.5183e-02,  1.0172e-02]],

         [[-8.7627e-03,  1.3223e-02,  6.8714e-03],
          [ 1.0996e-02, -9.2905e-03, -4.0079e-03],
          [-1.9544e-02, -2.0574e-02, -1.1264e-03]]],


        [[[ 1.1457e-02,  1.8227e-02,  2.0392e-02],
          [-1.3716e-02,  1.4096e-02, -1.9683e-02],
          [ 2.0565e-02,  2.3094e-03, -4.3367e-03]],

         [[-2.0265e-02, -1.9709e-02, -1.1491e-02],
          [ 5.4378e-03,  1.4816e-02, -1.6759e-02],
          [ 1.5056e-02, -1.2850e-02, -1.9938e-02]],

         [[-1.9155e-02,  4.5838e-03,  1.7405e-02],
          [-7.4904e-04,  1.0222e-02,  5.7109e-03],
          [-6.7143e-03, -1.8989e-02, -1.3965e-03]],

         ...,

         [[ 1.8705e-02,  1.2114e-02,  1.3336e-03],
          [-1.3075e-02,  1.4208e-02,  1.9109e-02],
          [ 1.6978e-02, -7.5800e-03,  5.9734e-04]],

         [[ 1.1852e-02,  5.0677e-03, -1.7997e-02],
          [-4.5415e-03, -1.2105e-04,  1.8058e-03],
          [-4.4153e-03, -1.4099e-02, -2.0678e-02]],

         [[-2.1384e-03,  2.6164e-03,  4.6149e-03],
          [ 1.4041e-02,  3.1896e-03, -2.8004e-03],
          [-4.7650e-03,  5.1827e-03,  1.4071e-02]]],


        [[[-1.6938e-02, -1.2115e-02,  1.5329e-02],
          [ 1.4901e-02, -1.0278e-02,  1.5529e-02],
          [-2.0666e-02, -2.0629e-02, -9.0779e-04]],

         [[-2.7462e-03,  1.2354e-02, -1.4277e-02],
          [-1.0080e-02, -4.1909e-03, -5.2449e-03],
          [-1.6776e-02,  2.9517e-03, -5.9208e-03]],

         [[-1.2539e-02,  1.0726e-02,  5.0693e-03],
          [-1.5442e-03,  8.4359e-03, -5.9361e-03],
          [ 1.6144e-02,  1.6537e-02,  4.8933e-04]],

         ...,

         [[ 2.0191e-02,  7.5251e-03, -1.0248e-02],
          [ 3.7620e-03,  1.8637e-02,  8.4231e-03],
          [ 1.3025e-04, -1.6809e-02,  6.9115e-03]],

         [[ 1.3720e-02, -3.0765e-03, -9.0360e-04],
          [-1.6851e-02,  1.2816e-02, -8.3781e-03],
          [ 7.1490e-03, -1.1799e-02, -3.1825e-03]],

         [[ 2.5259e-03,  8.3682e-03, -3.4059e-03],
          [ 1.4479e-02, -1.4891e-02, -5.7203e-03],
          [-6.5535e-04,  1.8448e-02, -1.7356e-02]]],


        ...,


        [[[ 5.5502e-03,  5.3653e-03, -3.0255e-03],
          [ 1.3146e-02,  2.0589e-02,  1.2053e-02],
          [-5.3904e-03, -6.8602e-03,  1.2413e-02]],

         [[-1.5141e-02, -1.0396e-03,  1.7050e-02],
          [-1.6214e-02, -1.8419e-02,  1.7823e-02],
          [ 9.6609e-03, -1.2252e-02, -1.9851e-03]],

         [[ 1.5887e-02, -1.8563e-03, -1.8704e-02],
          [ 1.0884e-02, -1.5276e-02, -1.0499e-02],
          [-2.0771e-02,  1.1493e-02, -1.5400e-02]],

         ...,

         [[ 4.2713e-03,  1.3801e-02,  1.4695e-02],
          [ 7.1151e-05, -2.0584e-02, -2.0387e-02],
          [-3.4745e-03, -1.8488e-02, -9.8665e-03]],

         [[-5.9775e-03, -1.9983e-03,  9.3840e-03],
          [-6.2093e-04, -1.0343e-04,  4.8539e-03],
          [ 2.7287e-03,  1.8123e-02,  1.8418e-02]],

         [[-1.4350e-02, -1.9824e-02,  1.3831e-02],
          [-2.9516e-03, -3.3568e-03, -1.4640e-02],
          [ 1.8982e-02,  5.5752e-03,  7.4039e-03]]],


        [[[ 8.2557e-03,  2.3111e-03, -1.3955e-02],
          [ 1.8024e-02, -1.8553e-02,  9.8573e-03],
          [ 8.0026e-03,  1.2382e-02, -1.7153e-02]],

         [[-1.0792e-02,  1.3009e-02,  1.2424e-02],
          [-5.4051e-03, -8.8498e-03,  1.3994e-02],
          [ 1.5047e-02, -7.3360e-03, -1.3477e-02]],

         [[-1.8066e-02, -8.2572e-03,  2.0276e-02],
          [-1.2299e-02, -1.2344e-02, -1.8861e-02],
          [-1.7983e-02, -1.3141e-03, -1.9966e-02]],

         ...,

         [[ 2.6599e-03, -7.5170e-03,  5.7524e-03],
          [ 9.4699e-03,  5.2721e-03, -7.6567e-03],
          [-1.3943e-02,  1.2226e-02,  1.6937e-02]],

         [[ 1.0759e-02, -1.8322e-02,  3.8550e-03],
          [ 1.7956e-02,  1.5113e-02,  1.1520e-02],
          [ 1.7919e-02, -3.4284e-03, -5.4011e-03]],

         [[-1.5294e-02,  1.2388e-02, -1.1069e-02],
          [-1.8492e-02,  7.1134e-04,  1.0867e-02],
          [-4.1958e-03,  1.6731e-02,  1.4718e-02]]],


        [[[ 1.9262e-02, -8.6493e-03,  2.1714e-03],
          [-1.6505e-02, -1.7748e-02, -1.5690e-02],
          [ 9.5216e-03, -1.6973e-02,  1.7770e-02]],

         [[-5.7092e-03, -1.3514e-02,  6.2145e-04],
          [-1.5521e-03, -3.5068e-03,  8.8587e-03],
          [ 1.6477e-02, -1.6863e-02,  1.8190e-02]],

         [[-1.6315e-02,  1.5901e-02, -1.7772e-02],
          [-1.9043e-02,  2.6991e-03, -1.8622e-02],
          [ 4.9229e-03,  1.1947e-02, -1.5505e-02]],

         ...,

         [[-1.7427e-02, -1.6497e-02, -6.7663e-04],
          [-1.7227e-02,  1.5393e-02, -1.4768e-02],
          [-1.7894e-02, -4.0676e-03,  1.4088e-02]],

         [[-1.6149e-02, -1.9637e-02,  4.1806e-03],
          [ 5.2961e-04, -1.7246e-02,  8.8109e-03],
          [-6.8242e-03,  4.0349e-03,  1.3045e-02]],

         [[-2.0355e-03,  1.8121e-02, -1.8355e-02],
          [ 6.7818e-03, -8.7888e-03, -5.1811e-03],
          [-1.9773e-02,  1.8768e-02,  7.5821e-03]]]], device='cuda:0',
       requires_grad=True)
parameters of the network conv2.bias 
 torch.Size([128]) 
 True 
 tensor([-1.6848e-02,  1.2238e-02,  1.1663e-02, -8.2400e-03,  9.6874e-03,
        -7.3763e-03, -3.8804e-03,  1.9778e-02,  8.1100e-03, -1.6873e-03,
        -1.0108e-02,  5.7218e-03, -8.8206e-03,  2.8114e-03, -8.7426e-03,
        -9.2518e-03, -1.9656e-02,  4.1466e-03, -2.4615e-03,  1.7843e-02,
        -2.0805e-02,  7.3380e-03,  2.0261e-02, -1.3854e-02,  1.4141e-02,
        -1.3587e-02, -5.5905e-03, -5.1744e-03, -1.2057e-02, -1.2631e-02,
        -6.8955e-03, -1.6039e-02, -1.9326e-02,  7.8835e-03, -8.7055e-03,
         2.8846e-03,  8.8175e-03, -1.8784e-02, -6.7237e-03,  2.6807e-03,
        -6.2901e-03, -8.0613e-05, -5.7410e-03,  3.1960e-03,  6.3656e-03,
        -3.0757e-03, -6.4442e-03, -1.4128e-02,  1.8408e-02,  2.0482e-05,
         6.0777e-03, -8.9197e-03, -1.3701e-02, -4.0661e-03, -1.3297e-02,
         7.6084e-03,  1.1202e-02, -9.4523e-03, -1.7169e-02,  1.6255e-02,
        -5.2028e-03, -1.3083e-02,  2.0122e-02, -1.6718e-02, -1.5699e-02,
         1.0469e-03, -5.0577e-03, -3.6388e-03, -6.9157e-03,  1.4355e-02,
         6.9119e-03, -1.2808e-02,  1.5251e-02, -1.8147e-02,  2.0204e-02,
        -1.3070e-02, -3.5217e-03, -2.0670e-02, -5.3439e-04, -1.4252e-02,
         8.3894e-03, -1.1764e-02, -1.5345e-02,  1.2798e-02, -1.2231e-04,
        -2.4915e-03, -1.7945e-02,  1.4329e-02, -6.6370e-03,  2.7186e-03,
         1.4623e-02, -1.2117e-02, -1.2868e-02,  1.1711e-02, -1.5362e-02,
         1.9558e-02,  7.2845e-03, -2.0159e-03,  1.4025e-02,  9.8031e-03,
         1.6536e-02,  3.9543e-03,  1.4568e-02, -5.4409e-03,  1.5961e-02,
        -1.4984e-02,  2.0067e-03,  1.4085e-02,  1.6792e-02, -1.2809e-02,
         1.3178e-02,  9.3093e-03,  1.0687e-03,  2.0643e-02,  1.8422e-02,
        -1.5423e-02,  1.2844e-02, -3.0713e-03,  5.3822e-03, -1.5470e-02,
        -7.8966e-03, -8.6714e-03,  3.6011e-03,  1.3532e-02,  6.9483e-03,
         1.4020e-02,  2.7552e-03,  1.1048e-02], device='cuda:0') 
 Parameter containing:
tensor([-1.6848e-02,  1.2238e-02,  1.1663e-02, -8.2400e-03,  9.6874e-03,
        -7.3763e-03, -3.8804e-03,  1.9778e-02,  8.1100e-03, -1.6873e-03,
        -1.0108e-02,  5.7218e-03, -8.8206e-03,  2.8114e-03, -8.7426e-03,
        -9.2518e-03, -1.9656e-02,  4.1466e-03, -2.4615e-03,  1.7843e-02,
        -2.0805e-02,  7.3380e-03,  2.0261e-02, -1.3854e-02,  1.4141e-02,
        -1.3587e-02, -5.5905e-03, -5.1744e-03, -1.2057e-02, -1.2631e-02,
        -6.8955e-03, -1.6039e-02, -1.9326e-02,  7.8835e-03, -8.7055e-03,
         2.8846e-03,  8.8175e-03, -1.8784e-02, -6.7237e-03,  2.6807e-03,
        -6.2901e-03, -8.0613e-05, -5.7410e-03,  3.1960e-03,  6.3656e-03,
        -3.0757e-03, -6.4442e-03, -1.4128e-02,  1.8408e-02,  2.0482e-05,
         6.0777e-03, -8.9197e-03, -1.3701e-02, -4.0661e-03, -1.3297e-02,
         7.6084e-03,  1.1202e-02, -9.4523e-03, -1.7169e-02,  1.6255e-02,
        -5.2028e-03, -1.3083e-02,  2.0122e-02, -1.6718e-02, -1.5699e-02,
         1.0469e-03, -5.0577e-03, -3.6388e-03, -6.9157e-03,  1.4355e-02,
         6.9119e-03, -1.2808e-02,  1.5251e-02, -1.8147e-02,  2.0204e-02,
        -1.3070e-02, -3.5217e-03, -2.0670e-02, -5.3439e-04, -1.4252e-02,
         8.3894e-03, -1.1764e-02, -1.5345e-02,  1.2798e-02, -1.2231e-04,
        -2.4915e-03, -1.7945e-02,  1.4329e-02, -6.6370e-03,  2.7186e-03,
         1.4623e-02, -1.2117e-02, -1.2868e-02,  1.1711e-02, -1.5362e-02,
         1.9558e-02,  7.2845e-03, -2.0159e-03,  1.4025e-02,  9.8031e-03,
         1.6536e-02,  3.9543e-03,  1.4568e-02, -5.4409e-03,  1.5961e-02,
        -1.4984e-02,  2.0067e-03,  1.4085e-02,  1.6792e-02, -1.2809e-02,
         1.3178e-02,  9.3093e-03,  1.0687e-03,  2.0643e-02,  1.8422e-02,
        -1.5423e-02,  1.2844e-02, -3.0713e-03,  5.3822e-03, -1.5470e-02,
        -7.8966e-03, -8.6714e-03,  3.6011e-03,  1.3532e-02,  6.9483e-03,
         1.4020e-02,  2.7552e-03,  1.1048e-02], device='cuda:0',
       requires_grad=True)
parameters of the network conv3.weight 
 torch.Size([64, 128, 3, 3]) 
 True 
 tensor([[[[-0.0055, -0.0193, -0.0060],
          [ 0.0269, -0.0051, -0.0223],
          [-0.0013,  0.0264,  0.0284]],

         [[-0.0129, -0.0102,  0.0089],
          [ 0.0252,  0.0109,  0.0085],
          [-0.0103, -0.0103, -0.0015]],

         [[ 0.0272,  0.0252, -0.0029],
          [-0.0254, -0.0063, -0.0213],
          [-0.0119,  0.0164,  0.0234]],

         ...,

         [[-0.0168, -0.0167,  0.0078],
          [ 0.0060, -0.0273, -0.0275],
          [-0.0131,  0.0189, -0.0180]],

         [[-0.0175,  0.0123,  0.0084],
          [ 0.0259,  0.0154, -0.0251],
          [-0.0110, -0.0082,  0.0101]],

         [[ 0.0065,  0.0216, -0.0187],
          [ 0.0186,  0.0213,  0.0079],
          [-0.0281,  0.0070,  0.0148]]],


        [[[ 0.0278, -0.0044,  0.0167],
          [-0.0112, -0.0218,  0.0113],
          [-0.0081, -0.0073,  0.0095]],

         [[-0.0161, -0.0007,  0.0277],
          [ 0.0204, -0.0276, -0.0151],
          [-0.0170,  0.0029,  0.0082]],

         [[-0.0108,  0.0170, -0.0031],
          [-0.0186, -0.0146, -0.0174],
          [ 0.0103,  0.0027, -0.0178]],

         ...,

         [[-0.0068,  0.0118,  0.0037],
          [-0.0134, -0.0071, -0.0258],
          [ 0.0182,  0.0012, -0.0275]],

         [[ 0.0043,  0.0112,  0.0152],
          [ 0.0239, -0.0160,  0.0291],
          [-0.0277, -0.0185,  0.0238]],

         [[-0.0008,  0.0236, -0.0196],
          [-0.0009, -0.0041,  0.0076],
          [ 0.0282,  0.0090,  0.0063]]],


        [[[-0.0261,  0.0035, -0.0254],
          [-0.0146, -0.0089,  0.0096],
          [-0.0057,  0.0036,  0.0053]],

         [[ 0.0237, -0.0088,  0.0132],
          [ 0.0133,  0.0063, -0.0258],
          [ 0.0069,  0.0035, -0.0239]],

         [[-0.0109,  0.0168, -0.0153],
          [-0.0075, -0.0219,  0.0099],
          [ 0.0192, -0.0187, -0.0229]],

         ...,

         [[ 0.0153, -0.0235,  0.0058],
          [-0.0184, -0.0014, -0.0093],
          [ 0.0202,  0.0108, -0.0268]],

         [[ 0.0039, -0.0274, -0.0020],
          [-0.0128, -0.0184,  0.0235],
          [ 0.0082,  0.0123,  0.0159]],

         [[-0.0120, -0.0133,  0.0048],
          [-0.0273, -0.0178, -0.0211],
          [ 0.0131, -0.0156,  0.0033]]],


        ...,


        [[[ 0.0234, -0.0043,  0.0189],
          [ 0.0102,  0.0124, -0.0117],
          [ 0.0294, -0.0183,  0.0015]],

         [[ 0.0217,  0.0107,  0.0284],
          [-0.0134, -0.0171,  0.0066],
          [-0.0062,  0.0220, -0.0114]],

         [[ 0.0131,  0.0213, -0.0245],
          [ 0.0170,  0.0090, -0.0259],
          [-0.0050, -0.0053, -0.0031]],

         ...,

         [[-0.0227,  0.0197,  0.0033],
          [-0.0246,  0.0075, -0.0259],
          [ 0.0121,  0.0249,  0.0057]],

         [[-0.0277,  0.0147,  0.0002],
          [ 0.0277, -0.0269,  0.0092],
          [ 0.0022,  0.0236,  0.0092]],

         [[ 0.0196,  0.0095,  0.0291],
          [ 0.0152,  0.0256,  0.0255],
          [-0.0252, -0.0169, -0.0032]]],


        [[[-0.0021,  0.0245, -0.0060],
          [-0.0050,  0.0148,  0.0050],
          [-0.0168, -0.0153, -0.0244]],

         [[ 0.0197, -0.0001, -0.0012],
          [ 0.0036,  0.0287, -0.0012],
          [ 0.0206, -0.0064,  0.0131]],

         [[ 0.0228,  0.0002,  0.0031],
          [ 0.0115,  0.0134,  0.0263],
          [ 0.0192, -0.0166, -0.0058]],

         ...,

         [[-0.0284, -0.0013, -0.0036],
          [ 0.0168, -0.0272,  0.0269],
          [ 0.0058,  0.0123,  0.0240]],

         [[-0.0193,  0.0220, -0.0057],
          [-0.0272,  0.0162,  0.0074],
          [-0.0205, -0.0125,  0.0052]],

         [[ 0.0088,  0.0272,  0.0206],
          [-0.0047, -0.0088,  0.0182],
          [-0.0190,  0.0248,  0.0028]]],


        [[[ 0.0211, -0.0220,  0.0022],
          [ 0.0128, -0.0248,  0.0209],
          [-0.0030,  0.0291,  0.0125]],

         [[ 0.0210, -0.0190, -0.0119],
          [-0.0271,  0.0204,  0.0130],
          [-0.0024, -0.0015,  0.0191]],

         [[ 0.0007, -0.0036,  0.0180],
          [ 0.0100, -0.0277,  0.0265],
          [-0.0094, -0.0159, -0.0054]],

         ...,

         [[ 0.0086,  0.0200, -0.0101],
          [ 0.0281, -0.0255, -0.0247],
          [-0.0026, -0.0238, -0.0221]],

         [[-0.0176,  0.0198,  0.0051],
          [ 0.0129,  0.0204, -0.0082],
          [-0.0268,  0.0065,  0.0291]],

         [[ 0.0256,  0.0181,  0.0220],
          [-0.0097, -0.0153, -0.0231],
          [ 0.0091, -0.0100, -0.0011]]]], device='cuda:0') 
 Parameter containing:
tensor([[[[-0.0055, -0.0193, -0.0060],
          [ 0.0269, -0.0051, -0.0223],
          [-0.0013,  0.0264,  0.0284]],

         [[-0.0129, -0.0102,  0.0089],
          [ 0.0252,  0.0109,  0.0085],
          [-0.0103, -0.0103, -0.0015]],

         [[ 0.0272,  0.0252, -0.0029],
          [-0.0254, -0.0063, -0.0213],
          [-0.0119,  0.0164,  0.0234]],

         ...,

         [[-0.0168, -0.0167,  0.0078],
          [ 0.0060, -0.0273, -0.0275],
          [-0.0131,  0.0189, -0.0180]],

         [[-0.0175,  0.0123,  0.0084],
          [ 0.0259,  0.0154, -0.0251],
          [-0.0110, -0.0082,  0.0101]],

         [[ 0.0065,  0.0216, -0.0187],
          [ 0.0186,  0.0213,  0.0079],
          [-0.0281,  0.0070,  0.0148]]],


        [[[ 0.0278, -0.0044,  0.0167],
          [-0.0112, -0.0218,  0.0113],
          [-0.0081, -0.0073,  0.0095]],

         [[-0.0161, -0.0007,  0.0277],
          [ 0.0204, -0.0276, -0.0151],
          [-0.0170,  0.0029,  0.0082]],

         [[-0.0108,  0.0170, -0.0031],
          [-0.0186, -0.0146, -0.0174],
          [ 0.0103,  0.0027, -0.0178]],

         ...,

         [[-0.0068,  0.0118,  0.0037],
          [-0.0134, -0.0071, -0.0258],
          [ 0.0182,  0.0012, -0.0275]],

         [[ 0.0043,  0.0112,  0.0152],
          [ 0.0239, -0.0160,  0.0291],
          [-0.0277, -0.0185,  0.0238]],

         [[-0.0008,  0.0236, -0.0196],
          [-0.0009, -0.0041,  0.0076],
          [ 0.0282,  0.0090,  0.0063]]],


        [[[-0.0261,  0.0035, -0.0254],
          [-0.0146, -0.0089,  0.0096],
          [-0.0057,  0.0036,  0.0053]],

         [[ 0.0237, -0.0088,  0.0132],
          [ 0.0133,  0.0063, -0.0258],
          [ 0.0069,  0.0035, -0.0239]],

         [[-0.0109,  0.0168, -0.0153],
          [-0.0075, -0.0219,  0.0099],
          [ 0.0192, -0.0187, -0.0229]],

         ...,

         [[ 0.0153, -0.0235,  0.0058],
          [-0.0184, -0.0014, -0.0093],
          [ 0.0202,  0.0108, -0.0268]],

         [[ 0.0039, -0.0274, -0.0020],
          [-0.0128, -0.0184,  0.0235],
          [ 0.0082,  0.0123,  0.0159]],

         [[-0.0120, -0.0133,  0.0048],
          [-0.0273, -0.0178, -0.0211],
          [ 0.0131, -0.0156,  0.0033]]],


        ...,


        [[[ 0.0234, -0.0043,  0.0189],
          [ 0.0102,  0.0124, -0.0117],
          [ 0.0294, -0.0183,  0.0015]],

         [[ 0.0217,  0.0107,  0.0284],
          [-0.0134, -0.0171,  0.0066],
          [-0.0062,  0.0220, -0.0114]],

         [[ 0.0131,  0.0213, -0.0245],
          [ 0.0170,  0.0090, -0.0259],
          [-0.0050, -0.0053, -0.0031]],

         ...,

         [[-0.0227,  0.0197,  0.0033],
          [-0.0246,  0.0075, -0.0259],
          [ 0.0121,  0.0249,  0.0057]],

         [[-0.0277,  0.0147,  0.0002],
          [ 0.0277, -0.0269,  0.0092],
          [ 0.0022,  0.0236,  0.0092]],

         [[ 0.0196,  0.0095,  0.0291],
          [ 0.0152,  0.0256,  0.0255],
          [-0.0252, -0.0169, -0.0032]]],


        [[[-0.0021,  0.0245, -0.0060],
          [-0.0050,  0.0148,  0.0050],
          [-0.0168, -0.0153, -0.0244]],

         [[ 0.0197, -0.0001, -0.0012],
          [ 0.0036,  0.0287, -0.0012],
          [ 0.0206, -0.0064,  0.0131]],

         [[ 0.0228,  0.0002,  0.0031],
          [ 0.0115,  0.0134,  0.0263],
          [ 0.0192, -0.0166, -0.0058]],

         ...,

         [[-0.0284, -0.0013, -0.0036],
          [ 0.0168, -0.0272,  0.0269],
          [ 0.0058,  0.0123,  0.0240]],

         [[-0.0193,  0.0220, -0.0057],
          [-0.0272,  0.0162,  0.0074],
          [-0.0205, -0.0125,  0.0052]],

         [[ 0.0088,  0.0272,  0.0206],
          [-0.0047, -0.0088,  0.0182],
          [-0.0190,  0.0248,  0.0028]]],


        [[[ 0.0211, -0.0220,  0.0022],
          [ 0.0128, -0.0248,  0.0209],
          [-0.0030,  0.0291,  0.0125]],

         [[ 0.0210, -0.0190, -0.0119],
          [-0.0271,  0.0204,  0.0130],
          [-0.0024, -0.0015,  0.0191]],

         [[ 0.0007, -0.0036,  0.0180],
          [ 0.0100, -0.0277,  0.0265],
          [-0.0094, -0.0159, -0.0054]],

         ...,

         [[ 0.0086,  0.0200, -0.0101],
          [ 0.0281, -0.0255, -0.0247],
          [-0.0026, -0.0238, -0.0221]],

         [[-0.0176,  0.0198,  0.0051],
          [ 0.0129,  0.0204, -0.0082],
          [-0.0268,  0.0065,  0.0291]],

         [[ 0.0256,  0.0181,  0.0220],
          [-0.0097, -0.0153, -0.0231],
          [ 0.0091, -0.0100, -0.0011]]]], device='cuda:0', requires_grad=True)
parameters of the network conv3.bias 
 torch.Size([64]) 
 True 
 tensor([-2.4613e-02, -2.8635e-02,  6.2190e-03,  2.4136e-02, -1.8812e-02,
         4.3943e-03, -4.7562e-03,  1.6849e-02, -2.4513e-04,  1.7939e-02,
        -5.3918e-03, -2.1205e-02,  6.7132e-03, -2.5283e-02, -1.8646e-02,
         1.4144e-03, -2.1948e-02, -1.6904e-02, -9.6968e-03, -1.6352e-03,
        -5.1014e-03,  1.8184e-02, -2.8222e-02, -4.4951e-04, -1.3771e-02,
         1.3207e-02,  2.8185e-02,  3.3759e-03, -2.4058e-02,  4.5191e-03,
        -2.4179e-02,  5.4021e-04, -1.9438e-03, -1.0618e-02, -6.2412e-03,
        -1.1021e-02, -1.7724e-02, -2.6418e-02,  1.2446e-02, -2.6896e-03,
         1.4332e-02,  1.3183e-02, -2.7802e-02,  8.2209e-03, -5.4591e-03,
         1.8051e-03, -6.0151e-05, -2.1635e-02,  2.8961e-02, -2.5562e-02,
         4.4627e-03, -4.4751e-03,  5.5839e-03, -1.5355e-02,  8.9085e-03,
         2.5804e-02, -6.3801e-03,  8.3014e-03,  2.6353e-02, -2.2108e-02,
         2.7957e-02, -2.8790e-02,  2.0152e-02,  2.3030e-02], device='cuda:0') 
 Parameter containing:
tensor([-2.4613e-02, -2.8635e-02,  6.2190e-03,  2.4136e-02, -1.8812e-02,
         4.3943e-03, -4.7562e-03,  1.6849e-02, -2.4513e-04,  1.7939e-02,
        -5.3918e-03, -2.1205e-02,  6.7132e-03, -2.5283e-02, -1.8646e-02,
         1.4144e-03, -2.1948e-02, -1.6904e-02, -9.6968e-03, -1.6352e-03,
        -5.1014e-03,  1.8184e-02, -2.8222e-02, -4.4951e-04, -1.3771e-02,
         1.3207e-02,  2.8185e-02,  3.3759e-03, -2.4058e-02,  4.5191e-03,
        -2.4179e-02,  5.4021e-04, -1.9438e-03, -1.0618e-02, -6.2412e-03,
        -1.1021e-02, -1.7724e-02, -2.6418e-02,  1.2446e-02, -2.6896e-03,
         1.4332e-02,  1.3183e-02, -2.7802e-02,  8.2209e-03, -5.4591e-03,
         1.8051e-03, -6.0151e-05, -2.1635e-02,  2.8961e-02, -2.5562e-02,
         4.4627e-03, -4.4751e-03,  5.5839e-03, -1.5355e-02,  8.9085e-03,
         2.5804e-02, -6.3801e-03,  8.3014e-03,  2.6353e-02, -2.2108e-02,
         2.7957e-02, -2.8790e-02,  2.0152e-02,  2.3030e-02], device='cuda:0',
       requires_grad=True)
parameters of the network fc1.weight 
 torch.Size([256, 667776]) 
 True 
 tensor([[ 0.0009, -0.0005,  0.0008,  ..., -0.0007,  0.0011,  0.0005],
        [-0.0008,  0.0003, -0.0011,  ...,  0.0007, -0.0008, -0.0010],
        [-0.0003, -0.0006,  0.0005,  ..., -0.0010,  0.0002,  0.0008],
        ...,
        [ 0.0003, -0.0004,  0.0010,  ..., -0.0007,  0.0003,  0.0004],
        [-0.0004,  0.0011,  0.0002,  ...,  0.0010,  0.0010, -0.0004],
        [-0.0002, -0.0010, -0.0010,  ...,  0.0007,  0.0005, -0.0011]],
       device='cuda:0') 
 Parameter containing:
tensor([[ 0.0009, -0.0005,  0.0008,  ..., -0.0007,  0.0011,  0.0005],
        [-0.0008,  0.0003, -0.0011,  ...,  0.0007, -0.0008, -0.0010],
        [-0.0003, -0.0006,  0.0005,  ..., -0.0010,  0.0002,  0.0008],
        ...,
        [ 0.0003, -0.0004,  0.0010,  ..., -0.0007,  0.0003,  0.0004],
        [-0.0004,  0.0011,  0.0002,  ...,  0.0010,  0.0010, -0.0004],
        [-0.0002, -0.0010, -0.0010,  ...,  0.0007,  0.0005, -0.0011]],
       device='cuda:0', requires_grad=True)
parameters of the network fc1.bias 
 torch.Size([256]) 
 True 
 tensor([ 6.0559e-04, -3.6489e-04,  5.0328e-04,  1.1584e-03,  1.1414e-03,
        -9.6534e-04,  9.8655e-04, -1.2669e-04,  9.1999e-04, -3.2343e-04,
        -3.6660e-04, -7.9273e-04,  7.7901e-04,  1.8431e-04,  4.4684e-04,
        -1.2792e-04, -9.0265e-05, -8.0057e-04,  2.6021e-04,  4.7894e-04,
        -9.7401e-04, -4.6319e-04, -3.3243e-04, -4.0482e-04, -1.1846e-03,
        -1.1404e-03,  2.6608e-04, -2.4712e-04, -1.4915e-04, -9.5581e-04,
        -9.0140e-04,  1.0878e-03,  3.5027e-05,  4.4495e-04,  6.8246e-04,
        -1.1834e-03, -5.9631e-04,  3.3078e-06, -1.1562e-03, -4.6190e-04,
         6.6457e-04, -1.6267e-04, -5.6623e-04,  1.2157e-03,  1.1970e-03,
         6.2394e-04, -2.3192e-04, -9.8813e-04, -1.1187e-04, -8.7756e-04,
         2.7553e-04,  6.4236e-04, -3.9097e-04, -6.9492e-04,  2.0746e-04,
         1.4397e-04,  3.2105e-04, -2.6188e-04, -6.9493e-04,  2.8633e-05,
        -5.8884e-04, -9.8443e-04, -4.1574e-04,  7.3689e-04,  1.5794e-04,
         8.4356e-04, -9.0190e-04,  9.5139e-04, -5.7180e-04,  4.2174e-04,
         4.9769e-04, -1.1181e-04, -4.0184e-04, -8.5359e-04, -9.2797e-04,
        -1.1009e-03,  5.2271e-04, -8.3854e-04, -1.6960e-04, -1.1308e-04,
         5.6193e-05, -1.1772e-03,  7.6314e-05, -1.0140e-04, -5.9614e-04,
        -5.5072e-04,  9.4969e-04,  1.3220e-04, -5.2248e-04, -3.9960e-04,
        -2.8146e-04,  9.6396e-04, -5.1337e-04,  8.8573e-05, -1.1188e-03,
        -9.4878e-05,  1.7440e-04,  7.7671e-04,  2.9685e-04,  3.7666e-04,
         1.1525e-03, -5.4676e-05, -1.1901e-03,  2.3568e-05,  9.3068e-04,
        -7.1487e-04, -1.8571e-04,  7.0683e-04, -1.0792e-03,  1.6736e-05,
         3.0900e-04,  1.2116e-03, -1.0909e-03,  9.6180e-04, -9.2984e-05,
         1.0327e-03,  6.6081e-04,  2.3368e-04, -8.6656e-04, -2.1769e-04,
         1.0012e-03, -5.9497e-04,  6.5620e-04, -3.2722e-04,  6.5334e-04,
         1.8414e-04,  8.5212e-04,  1.1360e-03, -1.7650e-04, -9.9471e-04,
         1.2045e-03,  1.0433e-03,  8.1642e-04, -9.5497e-05,  1.0800e-03,
        -2.1638e-04, -7.9037e-04,  7.9409e-04,  9.1139e-05,  2.5292e-04,
         2.8487e-04, -3.6426e-04,  1.1955e-04,  6.6887e-04, -8.2577e-04,
        -1.2584e-04,  3.4840e-04,  7.7907e-04, -1.0958e-03,  4.0650e-05,
         6.9208e-04, -7.6860e-04, -1.0528e-03, -8.3647e-04, -9.9412e-05,
         3.0166e-04, -1.1345e-03, -6.2047e-04,  1.7109e-04,  9.8553e-04,
         2.8417e-04,  8.4066e-04, -5.9486e-04,  7.6367e-04, -3.8780e-04,
         9.2521e-04, -2.0923e-04, -1.1667e-03, -6.7187e-04, -2.1961e-04,
         5.1857e-04,  5.0930e-05, -1.1193e-04, -1.6971e-05, -1.0446e-03,
        -1.1550e-03, -1.0083e-03,  8.2786e-04, -2.8175e-04, -1.1779e-03,
         1.2083e-03, -3.3388e-04,  9.3190e-04, -4.0093e-04,  7.7826e-04,
        -8.3852e-04,  1.1511e-03,  4.3572e-04,  8.6102e-04, -1.0579e-03,
         4.9786e-04,  6.6159e-04, -9.1734e-04,  2.3113e-04,  1.0300e-03,
        -5.5309e-04,  1.0399e-04,  5.8671e-04,  3.8371e-04, -7.5208e-04,
        -7.2785e-04, -4.3554e-04, -3.6185e-04,  1.1214e-03, -3.4566e-04,
         1.8152e-04,  6.8565e-04, -7.2935e-04, -3.2564e-04, -7.3104e-04,
         1.0310e-04, -7.5548e-04, -2.7658e-04, -9.3319e-04,  6.2291e-04,
         1.1486e-03, -1.1981e-03, -4.7577e-04, -1.2006e-03, -7.6837e-04,
         9.7042e-04, -7.3572e-04,  2.7117e-04,  5.8220e-04, -3.0458e-05,
         7.0961e-04,  6.7030e-04,  5.8267e-04, -1.1814e-03, -9.2333e-04,
        -9.2771e-04, -3.4388e-04,  5.7904e-04,  6.8756e-04,  2.1404e-04,
         4.5967e-04, -1.1835e-03,  2.0177e-04,  1.2235e-03, -7.1477e-04,
         9.0965e-04,  1.1414e-04,  5.4996e-04, -7.7254e-04,  7.4860e-04,
        -8.1388e-04,  1.0482e-03, -1.0498e-03, -1.0865e-03, -7.3513e-04,
         9.8105e-04, -7.8729e-04, -9.0495e-04,  1.1017e-03,  2.0403e-04,
        -1.1580e-03], device='cuda:0') 
 Parameter containing:
tensor([ 6.0559e-04, -3.6489e-04,  5.0328e-04,  1.1584e-03,  1.1414e-03,
        -9.6534e-04,  9.8655e-04, -1.2669e-04,  9.1999e-04, -3.2343e-04,
        -3.6660e-04, -7.9273e-04,  7.7901e-04,  1.8431e-04,  4.4684e-04,
        -1.2792e-04, -9.0265e-05, -8.0057e-04,  2.6021e-04,  4.7894e-04,
        -9.7401e-04, -4.6319e-04, -3.3243e-04, -4.0482e-04, -1.1846e-03,
        -1.1404e-03,  2.6608e-04, -2.4712e-04, -1.4915e-04, -9.5581e-04,
        -9.0140e-04,  1.0878e-03,  3.5027e-05,  4.4495e-04,  6.8246e-04,
        -1.1834e-03, -5.9631e-04,  3.3078e-06, -1.1562e-03, -4.6190e-04,
         6.6457e-04, -1.6267e-04, -5.6623e-04,  1.2157e-03,  1.1970e-03,
         6.2394e-04, -2.3192e-04, -9.8813e-04, -1.1187e-04, -8.7756e-04,
         2.7553e-04,  6.4236e-04, -3.9097e-04, -6.9492e-04,  2.0746e-04,
         1.4397e-04,  3.2105e-04, -2.6188e-04, -6.9493e-04,  2.8633e-05,
        -5.8884e-04, -9.8443e-04, -4.1574e-04,  7.3689e-04,  1.5794e-04,
         8.4356e-04, -9.0190e-04,  9.5139e-04, -5.7180e-04,  4.2174e-04,
         4.9769e-04, -1.1181e-04, -4.0184e-04, -8.5359e-04, -9.2797e-04,
        -1.1009e-03,  5.2271e-04, -8.3854e-04, -1.6960e-04, -1.1308e-04,
         5.6193e-05, -1.1772e-03,  7.6314e-05, -1.0140e-04, -5.9614e-04,
        -5.5072e-04,  9.4969e-04,  1.3220e-04, -5.2248e-04, -3.9960e-04,
        -2.8146e-04,  9.6396e-04, -5.1337e-04,  8.8573e-05, -1.1188e-03,
        -9.4878e-05,  1.7440e-04,  7.7671e-04,  2.9685e-04,  3.7666e-04,
         1.1525e-03, -5.4676e-05, -1.1901e-03,  2.3568e-05,  9.3068e-04,
        -7.1487e-04, -1.8571e-04,  7.0683e-04, -1.0792e-03,  1.6736e-05,
         3.0900e-04,  1.2116e-03, -1.0909e-03,  9.6180e-04, -9.2984e-05,
         1.0327e-03,  6.6081e-04,  2.3368e-04, -8.6656e-04, -2.1769e-04,
         1.0012e-03, -5.9497e-04,  6.5620e-04, -3.2722e-04,  6.5334e-04,
         1.8414e-04,  8.5212e-04,  1.1360e-03, -1.7650e-04, -9.9471e-04,
         1.2045e-03,  1.0433e-03,  8.1642e-04, -9.5497e-05,  1.0800e-03,
        -2.1638e-04, -7.9037e-04,  7.9409e-04,  9.1139e-05,  2.5292e-04,
         2.8487e-04, -3.6426e-04,  1.1955e-04,  6.6887e-04, -8.2577e-04,
        -1.2584e-04,  3.4840e-04,  7.7907e-04, -1.0958e-03,  4.0650e-05,
         6.9208e-04, -7.6860e-04, -1.0528e-03, -8.3647e-04, -9.9412e-05,
         3.0166e-04, -1.1345e-03, -6.2047e-04,  1.7109e-04,  9.8553e-04,
         2.8417e-04,  8.4066e-04, -5.9486e-04,  7.6367e-04, -3.8780e-04,
         9.2521e-04, -2.0923e-04, -1.1667e-03, -6.7187e-04, -2.1961e-04,
         5.1857e-04,  5.0930e-05, -1.1193e-04, -1.6971e-05, -1.0446e-03,
        -1.1550e-03, -1.0083e-03,  8.2786e-04, -2.8175e-04, -1.1779e-03,
         1.2083e-03, -3.3388e-04,  9.3190e-04, -4.0093e-04,  7.7826e-04,
        -8.3852e-04,  1.1511e-03,  4.3572e-04,  8.6102e-04, -1.0579e-03,
         4.9786e-04,  6.6159e-04, -9.1734e-04,  2.3113e-04,  1.0300e-03,
        -5.5309e-04,  1.0399e-04,  5.8671e-04,  3.8371e-04, -7.5208e-04,
        -7.2785e-04, -4.3554e-04, -3.6185e-04,  1.1214e-03, -3.4566e-04,
         1.8152e-04,  6.8565e-04, -7.2935e-04, -3.2564e-04, -7.3104e-04,
         1.0310e-04, -7.5548e-04, -2.7658e-04, -9.3319e-04,  6.2291e-04,
         1.1486e-03, -1.1981e-03, -4.7577e-04, -1.2006e-03, -7.6837e-04,
         9.7042e-04, -7.3572e-04,  2.7117e-04,  5.8220e-04, -3.0458e-05,
         7.0961e-04,  6.7030e-04,  5.8267e-04, -1.1814e-03, -9.2333e-04,
        -9.2771e-04, -3.4388e-04,  5.7904e-04,  6.8756e-04,  2.1404e-04,
         4.5967e-04, -1.1835e-03,  2.0177e-04,  1.2235e-03, -7.1477e-04,
         9.0965e-04,  1.1414e-04,  5.4996e-04, -7.7254e-04,  7.4860e-04,
        -8.1388e-04,  1.0482e-03, -1.0498e-03, -1.0865e-03, -7.3513e-04,
         9.8105e-04, -7.8729e-04, -9.0495e-04,  1.1017e-03,  2.0403e-04,
        -1.1580e-03], device='cuda:0', requires_grad=True)
parameters of the network fc2.weight 
 torch.Size([128, 256]) 
 True 
 tensor([[-0.0271,  0.0438, -0.0353,  ..., -0.0017,  0.0427, -0.0461],
        [-0.0421,  0.0378, -0.0367,  ...,  0.0177,  0.0362,  0.0145],
        [ 0.0036, -0.0160,  0.0499,  ..., -0.0367,  0.0119, -0.0207],
        ...,
        [-0.0073, -0.0304,  0.0604,  ...,  0.0510,  0.0064,  0.0265],
        [ 0.0090,  0.0215,  0.0619,  ..., -0.0444, -0.0466,  0.0442],
        [ 0.0062, -0.0244,  0.0404,  ...,  0.0166,  0.0176, -0.0103]],
       device='cuda:0') 
 Parameter containing:
tensor([[-0.0271,  0.0438, -0.0353,  ..., -0.0017,  0.0427, -0.0461],
        [-0.0421,  0.0378, -0.0367,  ...,  0.0177,  0.0362,  0.0145],
        [ 0.0036, -0.0160,  0.0499,  ..., -0.0367,  0.0119, -0.0207],
        ...,
        [-0.0073, -0.0304,  0.0604,  ...,  0.0510,  0.0064,  0.0265],
        [ 0.0090,  0.0215,  0.0619,  ..., -0.0444, -0.0466,  0.0442],
        [ 0.0062, -0.0244,  0.0404,  ...,  0.0166,  0.0176, -0.0103]],
       device='cuda:0', requires_grad=True)
parameters of the network fc2.bias 
 torch.Size([128]) 
 True 
 tensor([-0.0433, -0.0090, -0.0274, -0.0402, -0.0022, -0.0588, -0.0038, -0.0130,
        -0.0103,  0.0414, -0.0222, -0.0125,  0.0425, -0.0216,  0.0019, -0.0143,
         0.0102, -0.0163, -0.0305,  0.0138, -0.0526,  0.0328, -0.0035, -0.0567,
        -0.0404,  0.0097,  0.0535,  0.0552, -0.0522, -0.0050,  0.0519,  0.0041,
        -0.0385,  0.0251,  0.0327, -0.0039,  0.0047, -0.0364, -0.0119,  0.0458,
        -0.0464, -0.0084, -0.0144, -0.0040,  0.0118,  0.0550,  0.0599,  0.0104,
        -0.0500, -0.0066, -0.0509,  0.0268,  0.0325,  0.0279,  0.0091, -0.0353,
         0.0620, -0.0111, -0.0612,  0.0526,  0.0388,  0.0004,  0.0261,  0.0220,
         0.0478, -0.0233, -0.0428, -0.0369, -0.0225,  0.0523, -0.0106, -0.0487,
        -0.0570, -0.0396,  0.0306, -0.0319,  0.0005, -0.0452,  0.0055, -0.0241,
        -0.0395,  0.0514,  0.0203, -0.0057,  0.0378, -0.0188, -0.0024,  0.0162,
        -0.0171,  0.0374, -0.0455,  0.0172, -0.0530,  0.0014,  0.0258, -0.0248,
         0.0523,  0.0451,  0.0205, -0.0057,  0.0328, -0.0375,  0.0040,  0.0047,
         0.0085,  0.0284, -0.0586, -0.0044, -0.0078,  0.0311, -0.0204, -0.0442,
         0.0256,  0.0128, -0.0588,  0.0416,  0.0051, -0.0309,  0.0141,  0.0282,
         0.0261, -0.0390, -0.0039, -0.0493,  0.0480, -0.0403, -0.0359, -0.0139],
       device='cuda:0') 
 Parameter containing:
tensor([-0.0433, -0.0090, -0.0274, -0.0402, -0.0022, -0.0588, -0.0038, -0.0130,
        -0.0103,  0.0414, -0.0222, -0.0125,  0.0425, -0.0216,  0.0019, -0.0143,
         0.0102, -0.0163, -0.0305,  0.0138, -0.0526,  0.0328, -0.0035, -0.0567,
        -0.0404,  0.0097,  0.0535,  0.0552, -0.0522, -0.0050,  0.0519,  0.0041,
        -0.0385,  0.0251,  0.0327, -0.0039,  0.0047, -0.0364, -0.0119,  0.0458,
        -0.0464, -0.0084, -0.0144, -0.0040,  0.0118,  0.0550,  0.0599,  0.0104,
        -0.0500, -0.0066, -0.0509,  0.0268,  0.0325,  0.0279,  0.0091, -0.0353,
         0.0620, -0.0111, -0.0612,  0.0526,  0.0388,  0.0004,  0.0261,  0.0220,
         0.0478, -0.0233, -0.0428, -0.0369, -0.0225,  0.0523, -0.0106, -0.0487,
        -0.0570, -0.0396,  0.0306, -0.0319,  0.0005, -0.0452,  0.0055, -0.0241,
        -0.0395,  0.0514,  0.0203, -0.0057,  0.0378, -0.0188, -0.0024,  0.0162,
        -0.0171,  0.0374, -0.0455,  0.0172, -0.0530,  0.0014,  0.0258, -0.0248,
         0.0523,  0.0451,  0.0205, -0.0057,  0.0328, -0.0375,  0.0040,  0.0047,
         0.0085,  0.0284, -0.0586, -0.0044, -0.0078,  0.0311, -0.0204, -0.0442,
         0.0256,  0.0128, -0.0588,  0.0416,  0.0051, -0.0309,  0.0141,  0.0282,
         0.0261, -0.0390, -0.0039, -0.0493,  0.0480, -0.0403, -0.0359, -0.0139],
       device='cuda:0', requires_grad=True)
parameters of the network fc3.weight 
 torch.Size([64, 128]) 
 True 
 tensor([[ 0.0273,  0.0675, -0.0264,  ..., -0.0841, -0.0510, -0.0611],
        [ 0.0259,  0.0283, -0.0678,  ...,  0.0678,  0.0722, -0.0011],
        [ 0.0659,  0.0096,  0.0144,  ...,  0.0843,  0.0694, -0.0210],
        ...,
        [ 0.0463, -0.0768, -0.0216,  ...,  0.0594,  0.0196, -0.0843],
        [ 0.0643, -0.0777,  0.0087,  ...,  0.0525, -0.0286,  0.0022],
        [-0.0633, -0.0770,  0.0455,  ...,  0.0135, -0.0450,  0.0521]],
       device='cuda:0') 
 Parameter containing:
tensor([[ 0.0273,  0.0675, -0.0264,  ..., -0.0841, -0.0510, -0.0611],
        [ 0.0259,  0.0283, -0.0678,  ...,  0.0678,  0.0722, -0.0011],
        [ 0.0659,  0.0096,  0.0144,  ...,  0.0843,  0.0694, -0.0210],
        ...,
        [ 0.0463, -0.0768, -0.0216,  ...,  0.0594,  0.0196, -0.0843],
        [ 0.0643, -0.0777,  0.0087,  ...,  0.0525, -0.0286,  0.0022],
        [-0.0633, -0.0770,  0.0455,  ...,  0.0135, -0.0450,  0.0521]],
       device='cuda:0', requires_grad=True)
parameters of the network fc3.bias 
 torch.Size([64]) 
 True 
 tensor([-0.0450, -0.0486,  0.0753, -0.0581,  0.0704, -0.0721, -0.0399, -0.0242,
        -0.0002, -0.0113,  0.0164,  0.0866, -0.0769, -0.0006,  0.0318,  0.0405,
         0.0210,  0.0338,  0.0203,  0.0401,  0.0263,  0.0764, -0.0161, -0.0689,
         0.0418, -0.0038, -0.0339,  0.0090,  0.0342, -0.0028,  0.0095,  0.0854,
         0.0853, -0.0255, -0.0417, -0.0114,  0.0631, -0.0233,  0.0462, -0.0583,
         0.0028,  0.0610, -0.0758, -0.0430,  0.0237, -0.0323, -0.0071, -0.0422,
        -0.0227,  0.0752, -0.0719, -0.0797, -0.0290,  0.0834,  0.0041,  0.0424,
         0.0529, -0.0291,  0.0447, -0.0386,  0.0580, -0.0750,  0.0199,  0.0631],
       device='cuda:0') 
 Parameter containing:
tensor([-0.0450, -0.0486,  0.0753, -0.0581,  0.0704, -0.0721, -0.0399, -0.0242,
        -0.0002, -0.0113,  0.0164,  0.0866, -0.0769, -0.0006,  0.0318,  0.0405,
         0.0210,  0.0338,  0.0203,  0.0401,  0.0263,  0.0764, -0.0161, -0.0689,
         0.0418, -0.0038, -0.0339,  0.0090,  0.0342, -0.0028,  0.0095,  0.0854,
         0.0853, -0.0255, -0.0417, -0.0114,  0.0631, -0.0233,  0.0462, -0.0583,
         0.0028,  0.0610, -0.0758, -0.0430,  0.0237, -0.0323, -0.0071, -0.0422,
        -0.0227,  0.0752, -0.0719, -0.0797, -0.0290,  0.0834,  0.0041,  0.0424,
         0.0529, -0.0291,  0.0447, -0.0386,  0.0580, -0.0750,  0.0199,  0.0631],
       device='cuda:0', requires_grad=True)
parameters of the network fc4.weight 
 torch.Size([6796, 64]) 
 True 
 tensor([[ 0.0504,  0.0493,  0.0104,  ..., -0.0696,  0.1018,  0.0429],
        [-0.0871,  0.0493,  0.0713,  ...,  0.0526,  0.1034,  0.0004],
        [-0.0011, -0.0963, -0.0889,  ...,  0.1039, -0.0790, -0.0300],
        ...,
        [-0.1201,  0.0310,  0.0870,  ...,  0.0171, -0.0983,  0.0785],
        [-0.0004, -0.1087, -0.0546,  ..., -0.1099,  0.0595, -0.0402],
        [-0.0831, -0.0876,  0.0102,  ...,  0.0414, -0.1224,  0.0574]],
       device='cuda:0') 
 Parameter containing:
tensor([[ 0.0504,  0.0493,  0.0104,  ..., -0.0696,  0.1018,  0.0429],
        [-0.0871,  0.0493,  0.0713,  ...,  0.0526,  0.1034,  0.0004],
        [-0.0011, -0.0963, -0.0889,  ...,  0.1039, -0.0790, -0.0300],
        ...,
        [-0.1201,  0.0310,  0.0870,  ...,  0.0171, -0.0983,  0.0785],
        [-0.0004, -0.1087, -0.0546,  ..., -0.1099,  0.0595, -0.0402],
        [-0.0831, -0.0876,  0.0102,  ...,  0.0414, -0.1224,  0.0574]],
       device='cuda:0', requires_grad=True)
parameters of the network fc4.bias 
 torch.Size([6796]) 
 True 
 tensor([-0.0120, -0.0393, -0.0176,  ...,  0.0419, -0.1006, -0.0104],
       device='cuda:0') 
 Parameter containing:
tensor([-0.0120, -0.0393, -0.0176,  ...,  0.0419, -0.1006, -0.0104],
       device='cuda:0', requires_grad=True)

Passing event 1007 from the network before training input tensor([[0., 0., 0.,  ..., 0., 0., 0.],
        [0., 0., 0.,  ..., 0., 0., 0.],
        [0., 0., 0.,  ..., 0., 0., 0.],
        ...,
        [0., 0., 0.,  ..., 0., 0., 0.],
        [0., 0., 0.,  ..., 0., 0., 0.],
        [0., 0., 0.,  ..., 0., 0., 0.]]) 
result1: tensor([[0.4964, 0.4880, 0.4914,  ..., 0.5087, 0.4708, 0.4999],
        [0.4964, 0.4880, 0.4914,  ..., 0.5087, 0.4708, 0.4999],
        [0.4964, 0.4881, 0.4914,  ..., 0.5087, 0.4708, 0.4999],
        ...,
        [0.4964, 0.4881, 0.4914,  ..., 0.5087, 0.4708, 0.4998],
        [0.4964, 0.4880, 0.4914,  ..., 0.5088, 0.4707, 0.4998],
        [0.4964, 0.4880, 0.4914,  ..., 0.5087, 0.4708, 0.4998]],
       device='cuda:0', grad_fn=<SigmoidBackward0>) 
result1.shape: torch.Size([20, 6796])

Passing two random events from the network before training 
result1: tensor([[0.4964, 0.4880, 0.4914,  ..., 0.5087, 0.4708, 0.4999],
        [0.4964, 0.4880, 0.4914,  ..., 0.5087, 0.4708, 0.4999],
        [0.4964, 0.4881, 0.4914,  ..., 0.5087, 0.4708, 0.4999],
        ...,
        [0.4964, 0.4881, 0.4914,  ..., 0.5087, 0.4708, 0.4998],
        [0.4964, 0.4880, 0.4914,  ..., 0.5088, 0.4707, 0.4998],
        [0.4964, 0.4880, 0.4914,  ..., 0.5087, 0.4708, 0.4998]],
       device='cuda:0', grad_fn=<SigmoidBackward0>) 
result1.shape: torch.Size([20, 6796]) 
input: [[0. 0. 0. ... 0. 0. 0.]
 [0. 0. 0. ... 0. 0. 0.]
 [0. 0. 0. ... 0. 0. 0.]
 ...
 [0. 0. 0. ... 0. 0. 0.]
 [0. 0. 0. ... 0. 0. 0.]
 [0. 0. 0. ... 0. 0. 0.]]
=> loading checkpoint from /hpcfs/bes/mlgpu/hoseinkk/MLTracking/otherparticles/pppipi/pyt_pppipi_cnn_1/checkpoint_dir/1999840284saved_checkpoint.tar



load_model True 
TraEvN 19998 
BatchSize 30.0 
EpochNum 40 
LrVal 0.0001 
weight_decay 5e-05 
startmesh 284 
endmesh 285 




Passing event 10007 from the network before training input tensor([[0., 0., 0.,  ..., 0., 0., 0.],
        [0., 0., 0.,  ..., 0., 0., 0.],
        [0., 0., 0.,  ..., 0., 0., 0.],
        ...,
        [0., 0., 0.,  ..., 0., 0., 0.],
        [0., 0., 0.,  ..., 0., 0., 0.],
        [0., 0., 0.,  ..., 0., 0., 0.]]) 
result1: tensor([9.9937e-01, 1.0000e+00, 1.0000e+00,  ..., 6.0482e-33, 8.2983e-38,
        5.9066e-13], grad_fn=<SelectBackward0>) 
result1.shape: torch.Size([6796])

Passing event 10007 from the network after training input tensor([[0., 0., 0.,  ..., 0., 0., 0.],
        [0., 0., 0.,  ..., 0., 0., 0.],
        [0., 0., 0.,  ..., 0., 0., 0.],
        ...,
        [0., 0., 0.,  ..., 0., 0., 0.],
        [0., 0., 0.,  ..., 0., 0., 0.],
        [0., 0., 0.,  ..., 0., 0., 0.]]) 
result1: tensor([0.4953, 0.5251, 0.5008,  ..., 0.4801, 0.5342, 0.4775],
       grad_fn=<SelectBackward0>) 
result1.shape: torch.Size([6796])

real	0m54.765s
user	1m10.173s
sys	0m6.507s
