0: gpu020.ihep.ac.cn
GPU 0: Tesla V100-SXM2-32GB (UUID: GPU-d25e6ff8-90aa-dcb5-7ab2-062621029fae)
Allocate GPU cards : 0

modinfo:
filename:       /lib/modules/3.10.0-1160.71.1.el7.x86_64/extra/nvidia.ko.xz
firmware:       nvidia/515.65.01/gsp.bin
alias:          char-major-195-*
version:        515.65.01
supported:      external
license:        NVIDIA
retpoline:      Y
rhelversion:    7.9
srcversion:     8049D44E2C1B08F41E1B8A6
alias:          pci:v000010DEd*sv*sd*bc06sc80i00*
alias:          pci:v000010DEd*sv*sd*bc03sc02i00*
alias:          pci:v000010DEd*sv*sd*bc03sc00i00*
depends:        drm
vermagic:       3.10.0-1160.71.1.el7.x86_64 SMP mod_unload modversions 
signer:         DKMS module signing key
sig_key:        5D:EA:F4:F9:6B:E7:60:EC:37:91:76:30:82:9F:92:2E:89:FC:B5:0C
sig_hashalgo:   sha512
parm:           NvSwitchRegDwords:NvSwitch regkey (charp)
parm:           NvSwitchBlacklist:NvSwitchBlacklist=uuid[,uuid...] (charp)
parm:           NVreg_ResmanDebugLevel:int
parm:           NVreg_RmLogonRC:int
parm:           NVreg_ModifyDeviceFiles:int
parm:           NVreg_DeviceFileUID:int
parm:           NVreg_DeviceFileGID:int
parm:           NVreg_DeviceFileMode:int
parm:           NVreg_InitializeSystemMemoryAllocations:int
parm:           NVreg_UsePageAttributeTable:int
parm:           NVreg_EnablePCIeGen3:int
parm:           NVreg_EnableMSI:int
parm:           NVreg_TCEBypassMode:int
parm:           NVreg_EnableStreamMemOPs:int
parm:           NVreg_RestrictProfilingToAdminUsers:int
parm:           NVreg_PreserveVideoMemoryAllocations:int
parm:           NVreg_EnableS0ixPowerManagement:int
parm:           NVreg_S0ixPowerManagementVideoMemoryThreshold:int
parm:           NVreg_DynamicPowerManagement:int
parm:           NVreg_DynamicPowerManagementVideoMemoryThreshold:int
parm:           NVreg_EnableGpuFirmware:int
parm:           NVreg_EnableGpuFirmwareLogs:int
parm:           NVreg_OpenRmEnableUnsupportedGpus:int
parm:           NVreg_EnableUserNUMAManagement:int
parm:           NVreg_MemoryPoolSize:int
parm:           NVreg_KMallocHeapMaxSize:int
parm:           NVreg_VMallocHeapMaxSize:int
parm:           NVreg_IgnoreMMIOCheck:int
parm:           NVreg_NvLinkDisable:int
parm:           NVreg_EnablePCIERelaxedOrderingMode:int
parm:           NVreg_RegisterPCIDriver:int
parm:           NVreg_EnableDbgBreakpoint:int
parm:           NVreg_RegistryDwords:charp
parm:           NVreg_RegistryDwordsPerDevice:charp
parm:           NVreg_RmMsg:charp
parm:           NVreg_GpuBlacklist:charp
parm:           NVreg_TemporaryFilePath:charp
parm:           NVreg_ExcludedGpus:charp
parm:           NVreg_DmaRemapPeerMmio:int
parm:           rm_firmware_active:charp

nvidia-smi:
Mon Aug 29 16:34:25 2022       
+-----------------------------------------------------------------------------+
| NVIDIA-SMI 515.65.01    Driver Version: 515.65.01    CUDA Version: 11.7     |
|-------------------------------+----------------------+----------------------+
| GPU  Name        Persistence-M| Bus-Id        Disp.A | Volatile Uncorr. ECC |
| Fan  Temp  Perf  Pwr:Usage/Cap|         Memory-Usage | GPU-Util  Compute M. |
|                               |                      |               MIG M. |
|===============================+======================+======================|
|   0  Tesla V100-SXM2...  On   | 00000000:1C:00.0 Off |                    0 |
| N/A   31C    P0    41W / 300W |      0MiB / 32768MiB |      0%      Default |
|                               |                      |                  N/A |
+-------------------------------+----------------------+----------------------+
                                                                               
+-----------------------------------------------------------------------------+
| Processes:                                                                  |
|  GPU   GI   CI        PID   Type   Process name                  GPU Memory |
|        ID   ID                                                   Usage      |
|=============================================================================|
|  No running processes found                                                 |
+-----------------------------------------------------------------------------+

nvcc --version:
nvcc: NVIDIA (R) Cuda compiler driver
Copyright (c) 2005-2021 NVIDIA Corporation
Built on Sun_Mar_21_19:15:46_PDT_2021
Cuda compilation tools, release 11.3, V11.3.58
Build cuda_11.3.r11.3/compiler.29745058_0

 torch version: 1.10.2

 cuda version: 11.3

 is cuda available: True

 CUDNN VERSION: 8200

 Number CUDA Devices: 1

 CUDA Device Name: Tesla V100-SXM2-32GB

 CUDA Device Total Memory [GB]: 34.089926656

 Device capability: (7, 0) 

 Cuda deviice: <torch.cuda.device object at 0x2b5680b5b8e0> 

 Is cuda initialized: True

 CUDA_HOME: /hpcfs/bes/mlgpu/hoseinkk/Miniconda3/envs/dgl1

real	0m29.192s
user	0m3.541s
sys	0m2.178s
/hpcfs/bes/mlgpu/hoseinkk/Miniconda3/envs/dgl1/lib/python3.9/site-packages/cupy/_environment.py:438: UserWarning: 
--------------------------------------------------------------------------------

  CuPy may not function correctly because multiple CuPy packages are installed
  in your environment:

    cupy, cupy-cuda110

  Follow these steps to resolve this issue:

    1. For all packages listed above, run the following command to remove all
       existing CuPy installations:

         $ pip uninstall <package_name>

      If you previously installed CuPy via conda, also run the following:

         $ conda uninstall cupy

    2. Install the appropriate CuPy package.
       Refer to the Installation Guide for detailed instructions.

         https://docs.cupy.dev/en/stable/install.html

--------------------------------------------------------------------------------

  warnings.warn(f'''
/hpcfs/bes/mlgpu/hoseinkk/Miniconda3/envs/dgl1/lib/python3.9/site-packages/torch/nn/functional.py:1806: UserWarning: nn.functional.sigmoid is deprecated. Use torch.sigmoid instead.
  warnings.warn("nn.functional.sigmoid is deprecated. Use torch.sigmoid instead.")





 Loading data ... 



training set shape (20000, 43, 288) 
sum 5279207

target set shape (20000, 6796) 
sum 4575851




 The Network ... 


Net(
  (conv1): Conv2d(1, 256, kernel_size=(3, 3), stride=(1, 1))
  (conv2): Conv2d(256, 128, kernel_size=(3, 3), stride=(1, 1))
  (conv3): Conv2d(128, 64, kernel_size=(3, 3), stride=(1, 1))
  (fc1): Linear(in_features=667776, out_features=256, bias=True)
  (fc2): Linear(in_features=256, out_features=128, bias=True)
  (fc3): Linear(in_features=128, out_features=64, bias=True)
  (fc4): Linear(in_features=64, out_features=6796, bias=True)
)

number of the free parameters: 171805196
parameters of the network conv1.weight 
 torch.Size([256, 1, 3, 3]) 
 True 
 tensor([[[[-0.0456, -0.0805, -0.0905],
          [-0.2659, -0.2345, -0.1389],
          [-0.2257, -0.2654, -0.0751]]],


        [[[ 0.2848,  0.2935,  0.0846],
          [-0.0960, -0.1068,  0.1381],
          [-0.0707, -0.1547,  0.1394]]],


        [[[ 0.2166,  0.0655, -0.2484],
          [-0.2721, -0.1731, -0.3164],
          [-0.2346, -0.1563, -0.2975]]],


        ...,


        [[[ 0.2245, -0.0949,  0.0005],
          [ 0.1225, -0.2722,  0.2440],
          [ 0.0055, -0.0835, -0.1464]]],


        [[[-0.2522, -0.2944,  0.2422],
          [ 0.0887, -0.0179, -0.3119],
          [-0.2132, -0.0918, -0.2513]]],


        [[[-0.2527, -0.2201, -0.1403],
          [-0.1392,  0.2551,  0.2941],
          [-0.1713, -0.1904, -0.0817]]]], device='cuda:0') 
 Parameter containing:
tensor([[[[-0.0456, -0.0805, -0.0905],
          [-0.2659, -0.2345, -0.1389],
          [-0.2257, -0.2654, -0.0751]]],


        [[[ 0.2848,  0.2935,  0.0846],
          [-0.0960, -0.1068,  0.1381],
          [-0.0707, -0.1547,  0.1394]]],


        [[[ 0.2166,  0.0655, -0.2484],
          [-0.2721, -0.1731, -0.3164],
          [-0.2346, -0.1563, -0.2975]]],


        ...,


        [[[ 0.2245, -0.0949,  0.0005],
          [ 0.1225, -0.2722,  0.2440],
          [ 0.0055, -0.0835, -0.1464]]],


        [[[-0.2522, -0.2944,  0.2422],
          [ 0.0887, -0.0179, -0.3119],
          [-0.2132, -0.0918, -0.2513]]],


        [[[-0.2527, -0.2201, -0.1403],
          [-0.1392,  0.2551,  0.2941],
          [-0.1713, -0.1904, -0.0817]]]], device='cuda:0', requires_grad=True)
parameters of the network conv1.bias 
 torch.Size([256]) 
 True 
 tensor([-0.2806,  0.0686, -0.2370,  0.1452,  0.1736,  0.1701,  0.0526, -0.2313,
         0.2080,  0.2656,  0.1999,  0.0481,  0.1199, -0.1814, -0.0897,  0.0564,
        -0.2341, -0.2232,  0.1402,  0.0576,  0.0736, -0.3111, -0.3111, -0.1435,
         0.0385,  0.2373,  0.0025, -0.0060, -0.1700, -0.3290, -0.1457, -0.0277,
        -0.0838, -0.0975, -0.1811,  0.0589,  0.2202, -0.2170,  0.0711,  0.1331,
         0.2611, -0.1070, -0.0455, -0.2379,  0.0894,  0.0434, -0.1588, -0.1310,
         0.1583,  0.2348,  0.2464, -0.2196,  0.2900, -0.0909,  0.0123,  0.2080,
        -0.2372,  0.2883,  0.3269,  0.3326,  0.2335, -0.0935, -0.0272, -0.2201,
        -0.1486, -0.2453,  0.1724,  0.2034,  0.3043, -0.3138, -0.0737, -0.2574,
        -0.2957,  0.2798, -0.1354,  0.2986, -0.1423,  0.2501,  0.2514,  0.0415,
         0.0302, -0.0410,  0.0669,  0.2076, -0.2105, -0.1686, -0.1546, -0.1859,
        -0.2929, -0.0225, -0.0486, -0.0020,  0.3312, -0.2110,  0.3174, -0.2246,
         0.3048,  0.3195, -0.2288, -0.2000,  0.1532, -0.2931,  0.0740, -0.1173,
        -0.1233,  0.1313,  0.1121,  0.2933,  0.1450, -0.3051, -0.1054,  0.1531,
        -0.0156,  0.0707,  0.2202,  0.0273, -0.0334,  0.0878, -0.1331,  0.3291,
         0.1030, -0.0146, -0.2533,  0.0950, -0.1346,  0.0664,  0.2539, -0.1168,
         0.0609,  0.3306,  0.2594,  0.0030, -0.2188, -0.1189,  0.1658,  0.1600,
        -0.3251,  0.2089,  0.2744, -0.0589,  0.2478, -0.0752, -0.2102,  0.1750,
         0.2572, -0.1830,  0.2486,  0.2442,  0.3103,  0.0501,  0.1594, -0.1711,
         0.0129,  0.2898, -0.2882, -0.1762,  0.1771,  0.1741, -0.2166, -0.2428,
        -0.2625, -0.0750,  0.2544, -0.0253,  0.2627,  0.2986,  0.0623,  0.0058,
         0.0271, -0.1590,  0.2358, -0.1688,  0.2550,  0.2313,  0.1316, -0.0525,
         0.2435, -0.0419, -0.0326, -0.3196,  0.0367, -0.0390, -0.2337,  0.2999,
        -0.1673,  0.0478,  0.1246,  0.0614,  0.0111, -0.1420,  0.1293,  0.2911,
         0.0103,  0.1195,  0.2113,  0.0722,  0.1764, -0.1009, -0.0877, -0.1901,
        -0.1240,  0.2215, -0.0999,  0.0042,  0.0030,  0.0750, -0.0612, -0.2827,
        -0.1765,  0.0623, -0.0752, -0.2853,  0.2454,  0.0535,  0.2667,  0.2177,
         0.2537,  0.2824, -0.1388,  0.0396,  0.1861,  0.1445,  0.1902,  0.1768,
        -0.1818, -0.0074,  0.1433, -0.2259, -0.2786,  0.1404, -0.0136,  0.2049,
         0.0532, -0.2384,  0.1373,  0.1352,  0.2026,  0.1248, -0.2425,  0.1959,
        -0.2243,  0.2478,  0.2219, -0.0406, -0.0347,  0.2271,  0.2662,  0.3231,
         0.2055,  0.0451, -0.1025, -0.1811,  0.1830,  0.3095, -0.0482,  0.0804],
       device='cuda:0') 
 Parameter containing:
tensor([-0.2806,  0.0686, -0.2370,  0.1452,  0.1736,  0.1701,  0.0526, -0.2313,
         0.2080,  0.2656,  0.1999,  0.0481,  0.1199, -0.1814, -0.0897,  0.0564,
        -0.2341, -0.2232,  0.1402,  0.0576,  0.0736, -0.3111, -0.3111, -0.1435,
         0.0385,  0.2373,  0.0025, -0.0060, -0.1700, -0.3290, -0.1457, -0.0277,
        -0.0838, -0.0975, -0.1811,  0.0589,  0.2202, -0.2170,  0.0711,  0.1331,
         0.2611, -0.1070, -0.0455, -0.2379,  0.0894,  0.0434, -0.1588, -0.1310,
         0.1583,  0.2348,  0.2464, -0.2196,  0.2900, -0.0909,  0.0123,  0.2080,
        -0.2372,  0.2883,  0.3269,  0.3326,  0.2335, -0.0935, -0.0272, -0.2201,
        -0.1486, -0.2453,  0.1724,  0.2034,  0.3043, -0.3138, -0.0737, -0.2574,
        -0.2957,  0.2798, -0.1354,  0.2986, -0.1423,  0.2501,  0.2514,  0.0415,
         0.0302, -0.0410,  0.0669,  0.2076, -0.2105, -0.1686, -0.1546, -0.1859,
        -0.2929, -0.0225, -0.0486, -0.0020,  0.3312, -0.2110,  0.3174, -0.2246,
         0.3048,  0.3195, -0.2288, -0.2000,  0.1532, -0.2931,  0.0740, -0.1173,
        -0.1233,  0.1313,  0.1121,  0.2933,  0.1450, -0.3051, -0.1054,  0.1531,
        -0.0156,  0.0707,  0.2202,  0.0273, -0.0334,  0.0878, -0.1331,  0.3291,
         0.1030, -0.0146, -0.2533,  0.0950, -0.1346,  0.0664,  0.2539, -0.1168,
         0.0609,  0.3306,  0.2594,  0.0030, -0.2188, -0.1189,  0.1658,  0.1600,
        -0.3251,  0.2089,  0.2744, -0.0589,  0.2478, -0.0752, -0.2102,  0.1750,
         0.2572, -0.1830,  0.2486,  0.2442,  0.3103,  0.0501,  0.1594, -0.1711,
         0.0129,  0.2898, -0.2882, -0.1762,  0.1771,  0.1741, -0.2166, -0.2428,
        -0.2625, -0.0750,  0.2544, -0.0253,  0.2627,  0.2986,  0.0623,  0.0058,
         0.0271, -0.1590,  0.2358, -0.1688,  0.2550,  0.2313,  0.1316, -0.0525,
         0.2435, -0.0419, -0.0326, -0.3196,  0.0367, -0.0390, -0.2337,  0.2999,
        -0.1673,  0.0478,  0.1246,  0.0614,  0.0111, -0.1420,  0.1293,  0.2911,
         0.0103,  0.1195,  0.2113,  0.0722,  0.1764, -0.1009, -0.0877, -0.1901,
        -0.1240,  0.2215, -0.0999,  0.0042,  0.0030,  0.0750, -0.0612, -0.2827,
        -0.1765,  0.0623, -0.0752, -0.2853,  0.2454,  0.0535,  0.2667,  0.2177,
         0.2537,  0.2824, -0.1388,  0.0396,  0.1861,  0.1445,  0.1902,  0.1768,
        -0.1818, -0.0074,  0.1433, -0.2259, -0.2786,  0.1404, -0.0136,  0.2049,
         0.0532, -0.2384,  0.1373,  0.1352,  0.2026,  0.1248, -0.2425,  0.1959,
        -0.2243,  0.2478,  0.2219, -0.0406, -0.0347,  0.2271,  0.2662,  0.3231,
         0.2055,  0.0451, -0.1025, -0.1811,  0.1830,  0.3095, -0.0482,  0.0804],
       device='cuda:0', requires_grad=True)
parameters of the network conv2.weight 
 torch.Size([128, 256, 3, 3]) 
 True 
 tensor([[[[ 0.0081, -0.0159, -0.0102],
          [-0.0179,  0.0002, -0.0102],
          [-0.0171, -0.0098, -0.0089]],

         [[ 0.0054, -0.0202, -0.0080],
          [-0.0041, -0.0034, -0.0062],
          [-0.0129,  0.0018,  0.0082]],

         [[-0.0152, -0.0136,  0.0115],
          [ 0.0169,  0.0074,  0.0029],
          [-0.0114, -0.0107,  0.0040]],

         ...,

         [[-0.0114, -0.0038, -0.0065],
          [ 0.0039, -0.0166, -0.0035],
          [ 0.0137,  0.0173,  0.0098]],

         [[-0.0191, -0.0203,  0.0135],
          [ 0.0022, -0.0092, -0.0034],
          [-0.0186, -0.0048,  0.0132]],

         [[-0.0090, -0.0099,  0.0068],
          [-0.0050, -0.0067,  0.0143],
          [ 0.0077, -0.0150, -0.0033]]],


        [[[-0.0065,  0.0063,  0.0203],
          [-0.0182,  0.0100,  0.0167],
          [-0.0133, -0.0112, -0.0146]],

         [[-0.0045,  0.0004, -0.0117],
          [ 0.0148, -0.0082,  0.0199],
          [ 0.0185,  0.0104,  0.0151]],

         [[-0.0165, -0.0201,  0.0017],
          [-0.0014, -0.0144,  0.0182],
          [-0.0105,  0.0003, -0.0194]],

         ...,

         [[ 0.0097, -0.0199, -0.0206],
          [ 0.0141, -0.0063, -0.0149],
          [ 0.0081,  0.0148, -0.0187]],

         [[ 0.0073, -0.0042,  0.0091],
          [-0.0198,  0.0054, -0.0120],
          [-0.0202,  0.0003, -0.0071]],

         [[-0.0024, -0.0140,  0.0061],
          [ 0.0053,  0.0037, -0.0177],
          [ 0.0028, -0.0141, -0.0201]]],


        [[[-0.0058, -0.0023, -0.0057],
          [-0.0168, -0.0056, -0.0119],
          [ 0.0184,  0.0134,  0.0001]],

         [[-0.0002,  0.0144,  0.0190],
          [-0.0149,  0.0186, -0.0195],
          [-0.0015,  0.0087,  0.0024]],

         [[-0.0129, -0.0079, -0.0030],
          [ 0.0153,  0.0130,  0.0201],
          [ 0.0203, -0.0086, -0.0107]],

         ...,

         [[-0.0115,  0.0120,  0.0183],
          [-0.0204,  0.0011, -0.0053],
          [ 0.0024,  0.0111,  0.0199]],

         [[ 0.0034, -0.0083,  0.0128],
          [-0.0118, -0.0150, -0.0157],
          [ 0.0104, -0.0063,  0.0085]],

         [[ 0.0164, -0.0021,  0.0187],
          [ 0.0099, -0.0145,  0.0157],
          [ 0.0053, -0.0189, -0.0064]]],


        ...,


        [[[-0.0185,  0.0123, -0.0186],
          [ 0.0149,  0.0195, -0.0079],
          [ 0.0049, -0.0112, -0.0121]],

         [[-0.0092, -0.0166,  0.0014],
          [-0.0085,  0.0164, -0.0054],
          [-0.0171,  0.0025, -0.0085]],

         [[-0.0147,  0.0030,  0.0030],
          [-0.0155, -0.0125, -0.0103],
          [-0.0118, -0.0080, -0.0115]],

         ...,

         [[ 0.0058, -0.0126, -0.0056],
          [ 0.0028, -0.0039, -0.0195],
          [ 0.0173, -0.0042, -0.0173]],

         [[-0.0021, -0.0178, -0.0060],
          [ 0.0007, -0.0124, -0.0001],
          [-0.0048, -0.0010, -0.0106]],

         [[-0.0075, -0.0006,  0.0044],
          [ 0.0059, -0.0008, -0.0062],
          [ 0.0183,  0.0070, -0.0058]]],


        [[[-0.0172, -0.0139, -0.0008],
          [ 0.0039,  0.0010,  0.0108],
          [-0.0125, -0.0197, -0.0080]],

         [[-0.0140, -0.0016,  0.0208],
          [-0.0206,  0.0056, -0.0033],
          [ 0.0012, -0.0067,  0.0203]],

         [[ 0.0179, -0.0040, -0.0135],
          [-0.0010,  0.0168,  0.0170],
          [ 0.0098,  0.0031, -0.0189]],

         ...,

         [[-0.0124,  0.0044,  0.0065],
          [-0.0179,  0.0021,  0.0192],
          [-0.0066, -0.0127,  0.0181]],

         [[-0.0004,  0.0081,  0.0094],
          [ 0.0136, -0.0087, -0.0106],
          [-0.0098, -0.0155, -0.0126]],

         [[-0.0004,  0.0142,  0.0050],
          [-0.0003, -0.0041,  0.0192],
          [-0.0120,  0.0059, -0.0014]]],


        [[[-0.0031, -0.0097,  0.0053],
          [-0.0140,  0.0104,  0.0073],
          [ 0.0174, -0.0048,  0.0015]],

         [[-0.0207, -0.0102, -0.0194],
          [-0.0193,  0.0054,  0.0004],
          [-0.0186,  0.0006,  0.0110]],

         [[ 0.0098,  0.0015, -0.0205],
          [ 0.0172, -0.0085, -0.0017],
          [ 0.0104,  0.0164,  0.0073]],

         ...,

         [[-0.0004, -0.0045, -0.0190],
          [-0.0198, -0.0173,  0.0171],
          [-0.0104,  0.0128,  0.0178]],

         [[-0.0198, -0.0155, -0.0154],
          [-0.0100, -0.0087, -0.0013],
          [-0.0186,  0.0086, -0.0144]],

         [[-0.0129,  0.0026, -0.0096],
          [-0.0150,  0.0191,  0.0136],
          [-0.0051,  0.0015, -0.0166]]]], device='cuda:0') 
 Parameter containing:
tensor([[[[ 0.0081, -0.0159, -0.0102],
          [-0.0179,  0.0002, -0.0102],
          [-0.0171, -0.0098, -0.0089]],

         [[ 0.0054, -0.0202, -0.0080],
          [-0.0041, -0.0034, -0.0062],
          [-0.0129,  0.0018,  0.0082]],

         [[-0.0152, -0.0136,  0.0115],
          [ 0.0169,  0.0074,  0.0029],
          [-0.0114, -0.0107,  0.0040]],

         ...,

         [[-0.0114, -0.0038, -0.0065],
          [ 0.0039, -0.0166, -0.0035],
          [ 0.0137,  0.0173,  0.0098]],

         [[-0.0191, -0.0203,  0.0135],
          [ 0.0022, -0.0092, -0.0034],
          [-0.0186, -0.0048,  0.0132]],

         [[-0.0090, -0.0099,  0.0068],
          [-0.0050, -0.0067,  0.0143],
          [ 0.0077, -0.0150, -0.0033]]],


        [[[-0.0065,  0.0063,  0.0203],
          [-0.0182,  0.0100,  0.0167],
          [-0.0133, -0.0112, -0.0146]],

         [[-0.0045,  0.0004, -0.0117],
          [ 0.0148, -0.0082,  0.0199],
          [ 0.0185,  0.0104,  0.0151]],

         [[-0.0165, -0.0201,  0.0017],
          [-0.0014, -0.0144,  0.0182],
          [-0.0105,  0.0003, -0.0194]],

         ...,

         [[ 0.0097, -0.0199, -0.0206],
          [ 0.0141, -0.0063, -0.0149],
          [ 0.0081,  0.0148, -0.0187]],

         [[ 0.0073, -0.0042,  0.0091],
          [-0.0198,  0.0054, -0.0120],
          [-0.0202,  0.0003, -0.0071]],

         [[-0.0024, -0.0140,  0.0061],
          [ 0.0053,  0.0037, -0.0177],
          [ 0.0028, -0.0141, -0.0201]]],


        [[[-0.0058, -0.0023, -0.0057],
          [-0.0168, -0.0056, -0.0119],
          [ 0.0184,  0.0134,  0.0001]],

         [[-0.0002,  0.0144,  0.0190],
          [-0.0149,  0.0186, -0.0195],
          [-0.0015,  0.0087,  0.0024]],

         [[-0.0129, -0.0079, -0.0030],
          [ 0.0153,  0.0130,  0.0201],
          [ 0.0203, -0.0086, -0.0107]],

         ...,

         [[-0.0115,  0.0120,  0.0183],
          [-0.0204,  0.0011, -0.0053],
          [ 0.0024,  0.0111,  0.0199]],

         [[ 0.0034, -0.0083,  0.0128],
          [-0.0118, -0.0150, -0.0157],
          [ 0.0104, -0.0063,  0.0085]],

         [[ 0.0164, -0.0021,  0.0187],
          [ 0.0099, -0.0145,  0.0157],
          [ 0.0053, -0.0189, -0.0064]]],


        ...,


        [[[-0.0185,  0.0123, -0.0186],
          [ 0.0149,  0.0195, -0.0079],
          [ 0.0049, -0.0112, -0.0121]],

         [[-0.0092, -0.0166,  0.0014],
          [-0.0085,  0.0164, -0.0054],
          [-0.0171,  0.0025, -0.0085]],

         [[-0.0147,  0.0030,  0.0030],
          [-0.0155, -0.0125, -0.0103],
          [-0.0118, -0.0080, -0.0115]],

         ...,

         [[ 0.0058, -0.0126, -0.0056],
          [ 0.0028, -0.0039, -0.0195],
          [ 0.0173, -0.0042, -0.0173]],

         [[-0.0021, -0.0178, -0.0060],
          [ 0.0007, -0.0124, -0.0001],
          [-0.0048, -0.0010, -0.0106]],

         [[-0.0075, -0.0006,  0.0044],
          [ 0.0059, -0.0008, -0.0062],
          [ 0.0183,  0.0070, -0.0058]]],


        [[[-0.0172, -0.0139, -0.0008],
          [ 0.0039,  0.0010,  0.0108],
          [-0.0125, -0.0197, -0.0080]],

         [[-0.0140, -0.0016,  0.0208],
          [-0.0206,  0.0056, -0.0033],
          [ 0.0012, -0.0067,  0.0203]],

         [[ 0.0179, -0.0040, -0.0135],
          [-0.0010,  0.0168,  0.0170],
          [ 0.0098,  0.0031, -0.0189]],

         ...,

         [[-0.0124,  0.0044,  0.0065],
          [-0.0179,  0.0021,  0.0192],
          [-0.0066, -0.0127,  0.0181]],

         [[-0.0004,  0.0081,  0.0094],
          [ 0.0136, -0.0087, -0.0106],
          [-0.0098, -0.0155, -0.0126]],

         [[-0.0004,  0.0142,  0.0050],
          [-0.0003, -0.0041,  0.0192],
          [-0.0120,  0.0059, -0.0014]]],


        [[[-0.0031, -0.0097,  0.0053],
          [-0.0140,  0.0104,  0.0073],
          [ 0.0174, -0.0048,  0.0015]],

         [[-0.0207, -0.0102, -0.0194],
          [-0.0193,  0.0054,  0.0004],
          [-0.0186,  0.0006,  0.0110]],

         [[ 0.0098,  0.0015, -0.0205],
          [ 0.0172, -0.0085, -0.0017],
          [ 0.0104,  0.0164,  0.0073]],

         ...,

         [[-0.0004, -0.0045, -0.0190],
          [-0.0198, -0.0173,  0.0171],
          [-0.0104,  0.0128,  0.0178]],

         [[-0.0198, -0.0155, -0.0154],
          [-0.0100, -0.0087, -0.0013],
          [-0.0186,  0.0086, -0.0144]],

         [[-0.0129,  0.0026, -0.0096],
          [-0.0150,  0.0191,  0.0136],
          [-0.0051,  0.0015, -0.0166]]]], device='cuda:0', requires_grad=True)
parameters of the network conv2.bias 
 torch.Size([128]) 
 True 
 tensor([ 1.8007e-02, -1.1231e-02,  1.3694e-02, -4.3902e-03, -1.6261e-02,
        -1.7380e-02,  1.8023e-02,  1.9038e-02,  2.4015e-03,  8.9295e-03,
        -1.0984e-02, -2.6166e-04, -1.7503e-02, -2.0710e-02,  7.7571e-03,
         5.5128e-03,  4.1098e-03, -1.4243e-02,  1.4408e-02,  1.1162e-02,
        -1.7252e-02, -7.8511e-03,  8.7111e-03,  1.3232e-02,  2.1627e-03,
        -3.9784e-03, -1.5193e-02, -1.2644e-02, -4.6078e-03, -1.2968e-02,
         1.6378e-02,  2.1345e-03,  5.6775e-03, -8.6635e-03, -1.8265e-03,
         1.4388e-02, -1.0673e-02,  9.5025e-03,  1.6338e-02, -5.4911e-03,
        -1.2513e-02, -3.7396e-03, -8.7870e-03,  2.5477e-03,  3.3666e-04,
        -4.2739e-03,  1.5952e-02,  1.1542e-02, -4.8534e-03,  1.4728e-02,
        -1.4744e-02,  4.9716e-03,  9.4288e-03, -3.4311e-03,  1.7009e-02,
        -6.0220e-03,  2.3880e-03, -1.5350e-02,  1.8925e-02, -1.8407e-02,
         5.0926e-03,  2.0049e-02, -1.3633e-03,  1.0873e-03, -1.9462e-02,
        -1.9690e-02, -8.5590e-03,  8.2765e-03, -1.0963e-02,  1.1187e-02,
         3.3283e-03, -4.4329e-03, -7.1148e-03,  9.9942e-03,  1.6510e-02,
        -1.8133e-02,  1.0522e-03,  1.3994e-02, -1.6087e-03, -1.3527e-02,
         1.8838e-03,  4.2883e-03,  1.6280e-02, -9.9143e-03,  1.9069e-02,
         8.3817e-03,  7.7732e-03, -1.2375e-02, -1.3434e-02,  8.3522e-03,
        -1.3142e-03, -1.8059e-02, -4.2665e-03,  8.4547e-03,  1.2471e-02,
        -2.0510e-02, -1.2605e-02, -9.5093e-03, -2.1418e-03,  3.3847e-03,
        -1.8872e-02,  1.0420e-02,  1.4607e-02, -1.7220e-02, -3.9503e-03,
        -2.0244e-02,  1.0892e-02,  8.0788e-03,  1.0874e-02,  6.3924e-05,
        -1.9752e-02, -2.0273e-02,  2.5383e-03,  1.4457e-02, -1.0354e-02,
        -1.9381e-02,  1.1243e-02,  2.8985e-04,  2.5374e-03, -3.2081e-03,
         1.5130e-02,  1.1108e-02,  9.7557e-03,  1.5832e-02, -1.0377e-02,
        -7.1638e-03, -1.8263e-03,  2.0708e-02], device='cuda:0') 
 Parameter containing:
tensor([ 1.8007e-02, -1.1231e-02,  1.3694e-02, -4.3902e-03, -1.6261e-02,
        -1.7380e-02,  1.8023e-02,  1.9038e-02,  2.4015e-03,  8.9295e-03,
        -1.0984e-02, -2.6166e-04, -1.7503e-02, -2.0710e-02,  7.7571e-03,
         5.5128e-03,  4.1098e-03, -1.4243e-02,  1.4408e-02,  1.1162e-02,
        -1.7252e-02, -7.8511e-03,  8.7111e-03,  1.3232e-02,  2.1627e-03,
        -3.9784e-03, -1.5193e-02, -1.2644e-02, -4.6078e-03, -1.2968e-02,
         1.6378e-02,  2.1345e-03,  5.6775e-03, -8.6635e-03, -1.8265e-03,
         1.4388e-02, -1.0673e-02,  9.5025e-03,  1.6338e-02, -5.4911e-03,
        -1.2513e-02, -3.7396e-03, -8.7870e-03,  2.5477e-03,  3.3666e-04,
        -4.2739e-03,  1.5952e-02,  1.1542e-02, -4.8534e-03,  1.4728e-02,
        -1.4744e-02,  4.9716e-03,  9.4288e-03, -3.4311e-03,  1.7009e-02,
        -6.0220e-03,  2.3880e-03, -1.5350e-02,  1.8925e-02, -1.8407e-02,
         5.0926e-03,  2.0049e-02, -1.3633e-03,  1.0873e-03, -1.9462e-02,
        -1.9690e-02, -8.5590e-03,  8.2765e-03, -1.0963e-02,  1.1187e-02,
         3.3283e-03, -4.4329e-03, -7.1148e-03,  9.9942e-03,  1.6510e-02,
        -1.8133e-02,  1.0522e-03,  1.3994e-02, -1.6087e-03, -1.3527e-02,
         1.8838e-03,  4.2883e-03,  1.6280e-02, -9.9143e-03,  1.9069e-02,
         8.3817e-03,  7.7732e-03, -1.2375e-02, -1.3434e-02,  8.3522e-03,
        -1.3142e-03, -1.8059e-02, -4.2665e-03,  8.4547e-03,  1.2471e-02,
        -2.0510e-02, -1.2605e-02, -9.5093e-03, -2.1418e-03,  3.3847e-03,
        -1.8872e-02,  1.0420e-02,  1.4607e-02, -1.7220e-02, -3.9503e-03,
        -2.0244e-02,  1.0892e-02,  8.0788e-03,  1.0874e-02,  6.3924e-05,
        -1.9752e-02, -2.0273e-02,  2.5383e-03,  1.4457e-02, -1.0354e-02,
        -1.9381e-02,  1.1243e-02,  2.8985e-04,  2.5374e-03, -3.2081e-03,
         1.5130e-02,  1.1108e-02,  9.7557e-03,  1.5832e-02, -1.0377e-02,
        -7.1638e-03, -1.8263e-03,  2.0708e-02], device='cuda:0',
       requires_grad=True)
parameters of the network conv3.weight 
 torch.Size([64, 128, 3, 3]) 
 True 
 tensor([[[[ 0.0259, -0.0222, -0.0239],
          [-0.0020,  0.0148, -0.0189],
          [ 0.0153,  0.0056, -0.0234]],

         [[ 0.0119,  0.0239, -0.0101],
          [-0.0066, -0.0075, -0.0109],
          [-0.0261, -0.0126,  0.0185]],

         [[ 0.0108, -0.0155, -0.0062],
          [-0.0235,  0.0257,  0.0047],
          [-0.0094, -0.0211,  0.0144]],

         ...,

         [[-0.0080,  0.0255, -0.0064],
          [-0.0247,  0.0204, -0.0294],
          [-0.0069, -0.0090,  0.0248]],

         [[ 0.0205,  0.0212,  0.0031],
          [ 0.0009,  0.0174, -0.0262],
          [ 0.0182,  0.0230, -0.0044]],

         [[-0.0218, -0.0172, -0.0207],
          [-0.0184, -0.0145, -0.0056],
          [-0.0276,  0.0165,  0.0090]]],


        [[[-0.0066, -0.0146, -0.0144],
          [ 0.0169,  0.0017,  0.0088],
          [-0.0112,  0.0142,  0.0017]],

         [[-0.0208, -0.0125,  0.0235],
          [ 0.0244,  0.0291,  0.0169],
          [ 0.0038, -0.0214, -0.0261]],

         [[ 0.0262,  0.0093,  0.0275],
          [ 0.0061, -0.0166, -0.0106],
          [ 0.0221, -0.0007,  0.0051]],

         ...,

         [[ 0.0085,  0.0218, -0.0198],
          [-0.0148, -0.0110,  0.0245],
          [-0.0182,  0.0123, -0.0104]],

         [[ 0.0230, -0.0035,  0.0227],
          [ 0.0158,  0.0251,  0.0185],
          [ 0.0085,  0.0103,  0.0079]],

         [[-0.0061, -0.0275,  0.0260],
          [-0.0157, -0.0134, -0.0243],
          [-0.0219, -0.0056, -0.0179]]],


        [[[ 0.0207, -0.0164,  0.0103],
          [-0.0273, -0.0165, -0.0063],
          [ 0.0264,  0.0070, -0.0148]],

         [[ 0.0247, -0.0135,  0.0149],
          [ 0.0190,  0.0083, -0.0188],
          [-0.0198,  0.0173,  0.0214]],

         [[ 0.0052,  0.0276,  0.0128],
          [ 0.0056,  0.0275, -0.0206],
          [ 0.0265,  0.0140, -0.0016]],

         ...,

         [[-0.0019, -0.0108,  0.0007],
          [-0.0252,  0.0138, -0.0045],
          [ 0.0246,  0.0161, -0.0112]],

         [[ 0.0163,  0.0210, -0.0008],
          [ 0.0017,  0.0090,  0.0015],
          [-0.0162,  0.0205,  0.0110]],

         [[-0.0080,  0.0027, -0.0131],
          [-0.0058, -0.0114,  0.0259],
          [-0.0133,  0.0136, -0.0011]]],


        ...,


        [[[-0.0226, -0.0131, -0.0058],
          [-0.0023, -0.0277,  0.0063],
          [-0.0033,  0.0252, -0.0062]],

         [[ 0.0119, -0.0262,  0.0114],
          [-0.0234,  0.0255,  0.0288],
          [ 0.0177, -0.0122, -0.0236]],

         [[-0.0078,  0.0128, -0.0219],
          [ 0.0004,  0.0278, -0.0062],
          [-0.0121,  0.0046, -0.0115]],

         ...,

         [[-0.0075,  0.0063,  0.0076],
          [-0.0024, -0.0082,  0.0228],
          [-0.0041, -0.0294, -0.0189]],

         [[ 0.0077,  0.0242,  0.0124],
          [ 0.0012, -0.0181,  0.0292],
          [ 0.0146,  0.0189,  0.0091]],

         [[-0.0103, -0.0190, -0.0135],
          [-0.0268,  0.0046, -0.0054],
          [-0.0267,  0.0270, -0.0145]]],


        [[[-0.0204, -0.0260,  0.0090],
          [-0.0103, -0.0027, -0.0106],
          [-0.0127,  0.0192,  0.0218]],

         [[-0.0052,  0.0253, -0.0257],
          [-0.0210, -0.0116, -0.0082],
          [ 0.0203,  0.0010, -0.0229]],

         [[-0.0276, -0.0086,  0.0238],
          [-0.0180, -0.0169,  0.0197],
          [ 0.0138, -0.0276, -0.0077]],

         ...,

         [[-0.0127,  0.0096,  0.0118],
          [ 0.0130, -0.0194,  0.0213],
          [ 0.0165, -0.0154,  0.0136]],

         [[ 0.0163, -0.0212, -0.0187],
          [-0.0062, -0.0100, -0.0287],
          [-0.0242,  0.0142,  0.0252]],

         [[-0.0264,  0.0199,  0.0024],
          [-0.0051,  0.0067,  0.0224],
          [-0.0007, -0.0006,  0.0212]]],


        [[[-0.0094,  0.0104,  0.0109],
          [-0.0239, -0.0188,  0.0054],
          [-0.0166, -0.0163, -0.0270]],

         [[ 0.0282,  0.0016, -0.0030],
          [ 0.0064,  0.0207, -0.0254],
          [-0.0076, -0.0152, -0.0259]],

         [[-0.0028,  0.0229, -0.0017],
          [ 0.0021, -0.0096,  0.0078],
          [-0.0285, -0.0128,  0.0004]],

         ...,

         [[ 0.0133, -0.0127, -0.0116],
          [-0.0068, -0.0219,  0.0245],
          [-0.0142,  0.0232,  0.0063]],

         [[-0.0036, -0.0039, -0.0013],
          [ 0.0181,  0.0254, -0.0021],
          [ 0.0034, -0.0292,  0.0031]],

         [[ 0.0164, -0.0031, -0.0068],
          [ 0.0151, -0.0205,  0.0039],
          [ 0.0262,  0.0142,  0.0287]]]], device='cuda:0') 
 Parameter containing:
tensor([[[[ 0.0259, -0.0222, -0.0239],
          [-0.0020,  0.0148, -0.0189],
          [ 0.0153,  0.0056, -0.0234]],

         [[ 0.0119,  0.0239, -0.0101],
          [-0.0066, -0.0075, -0.0109],
          [-0.0261, -0.0126,  0.0185]],

         [[ 0.0108, -0.0155, -0.0062],
          [-0.0235,  0.0257,  0.0047],
          [-0.0094, -0.0211,  0.0144]],

         ...,

         [[-0.0080,  0.0255, -0.0064],
          [-0.0247,  0.0204, -0.0294],
          [-0.0069, -0.0090,  0.0248]],

         [[ 0.0205,  0.0212,  0.0031],
          [ 0.0009,  0.0174, -0.0262],
          [ 0.0182,  0.0230, -0.0044]],

         [[-0.0218, -0.0172, -0.0207],
          [-0.0184, -0.0145, -0.0056],
          [-0.0276,  0.0165,  0.0090]]],


        [[[-0.0066, -0.0146, -0.0144],
          [ 0.0169,  0.0017,  0.0088],
          [-0.0112,  0.0142,  0.0017]],

         [[-0.0208, -0.0125,  0.0235],
          [ 0.0244,  0.0291,  0.0169],
          [ 0.0038, -0.0214, -0.0261]],

         [[ 0.0262,  0.0093,  0.0275],
          [ 0.0061, -0.0166, -0.0106],
          [ 0.0221, -0.0007,  0.0051]],

         ...,

         [[ 0.0085,  0.0218, -0.0198],
          [-0.0148, -0.0110,  0.0245],
          [-0.0182,  0.0123, -0.0104]],

         [[ 0.0230, -0.0035,  0.0227],
          [ 0.0158,  0.0251,  0.0185],
          [ 0.0085,  0.0103,  0.0079]],

         [[-0.0061, -0.0275,  0.0260],
          [-0.0157, -0.0134, -0.0243],
          [-0.0219, -0.0056, -0.0179]]],


        [[[ 0.0207, -0.0164,  0.0103],
          [-0.0273, -0.0165, -0.0063],
          [ 0.0264,  0.0070, -0.0148]],

         [[ 0.0247, -0.0135,  0.0149],
          [ 0.0190,  0.0083, -0.0188],
          [-0.0198,  0.0173,  0.0214]],

         [[ 0.0052,  0.0276,  0.0128],
          [ 0.0056,  0.0275, -0.0206],
          [ 0.0265,  0.0140, -0.0016]],

         ...,

         [[-0.0019, -0.0108,  0.0007],
          [-0.0252,  0.0138, -0.0045],
          [ 0.0246,  0.0161, -0.0112]],

         [[ 0.0163,  0.0210, -0.0008],
          [ 0.0017,  0.0090,  0.0015],
          [-0.0162,  0.0205,  0.0110]],

         [[-0.0080,  0.0027, -0.0131],
          [-0.0058, -0.0114,  0.0259],
          [-0.0133,  0.0136, -0.0011]]],


        ...,


        [[[-0.0226, -0.0131, -0.0058],
          [-0.0023, -0.0277,  0.0063],
          [-0.0033,  0.0252, -0.0062]],

         [[ 0.0119, -0.0262,  0.0114],
          [-0.0234,  0.0255,  0.0288],
          [ 0.0177, -0.0122, -0.0236]],

         [[-0.0078,  0.0128, -0.0219],
          [ 0.0004,  0.0278, -0.0062],
          [-0.0121,  0.0046, -0.0115]],

         ...,

         [[-0.0075,  0.0063,  0.0076],
          [-0.0024, -0.0082,  0.0228],
          [-0.0041, -0.0294, -0.0189]],

         [[ 0.0077,  0.0242,  0.0124],
          [ 0.0012, -0.0181,  0.0292],
          [ 0.0146,  0.0189,  0.0091]],

         [[-0.0103, -0.0190, -0.0135],
          [-0.0268,  0.0046, -0.0054],
          [-0.0267,  0.0270, -0.0145]]],


        [[[-0.0204, -0.0260,  0.0090],
          [-0.0103, -0.0027, -0.0106],
          [-0.0127,  0.0192,  0.0218]],

         [[-0.0052,  0.0253, -0.0257],
          [-0.0210, -0.0116, -0.0082],
          [ 0.0203,  0.0010, -0.0229]],

         [[-0.0276, -0.0086,  0.0238],
          [-0.0180, -0.0169,  0.0197],
          [ 0.0138, -0.0276, -0.0077]],

         ...,

         [[-0.0127,  0.0096,  0.0118],
          [ 0.0130, -0.0194,  0.0213],
          [ 0.0165, -0.0154,  0.0136]],

         [[ 0.0163, -0.0212, -0.0187],
          [-0.0062, -0.0100, -0.0287],
          [-0.0242,  0.0142,  0.0252]],

         [[-0.0264,  0.0199,  0.0024],
          [-0.0051,  0.0067,  0.0224],
          [-0.0007, -0.0006,  0.0212]]],


        [[[-0.0094,  0.0104,  0.0109],
          [-0.0239, -0.0188,  0.0054],
          [-0.0166, -0.0163, -0.0270]],

         [[ 0.0282,  0.0016, -0.0030],
          [ 0.0064,  0.0207, -0.0254],
          [-0.0076, -0.0152, -0.0259]],

         [[-0.0028,  0.0229, -0.0017],
          [ 0.0021, -0.0096,  0.0078],
          [-0.0285, -0.0128,  0.0004]],

         ...,

         [[ 0.0133, -0.0127, -0.0116],
          [-0.0068, -0.0219,  0.0245],
          [-0.0142,  0.0232,  0.0063]],

         [[-0.0036, -0.0039, -0.0013],
          [ 0.0181,  0.0254, -0.0021],
          [ 0.0034, -0.0292,  0.0031]],

         [[ 0.0164, -0.0031, -0.0068],
          [ 0.0151, -0.0205,  0.0039],
          [ 0.0262,  0.0142,  0.0287]]]], device='cuda:0', requires_grad=True)
parameters of the network conv3.bias 
 torch.Size([64]) 
 True 
 tensor([-0.0149, -0.0013,  0.0171,  0.0138, -0.0285,  0.0189,  0.0153,  0.0047,
        -0.0052,  0.0083,  0.0052, -0.0104,  0.0005, -0.0287, -0.0079, -0.0220,
        -0.0008,  0.0013,  0.0287, -0.0229,  0.0151,  0.0267, -0.0040, -0.0113,
        -0.0016,  0.0182,  0.0095,  0.0114, -0.0246, -0.0213, -0.0259, -0.0180,
         0.0212, -0.0132,  0.0275, -0.0181, -0.0072,  0.0154, -0.0051,  0.0084,
        -0.0209,  0.0207, -0.0123,  0.0271, -0.0165,  0.0209, -0.0268,  0.0043,
         0.0151,  0.0213, -0.0201, -0.0148,  0.0006,  0.0152, -0.0137, -0.0182,
        -0.0039,  0.0075,  0.0285,  0.0058, -0.0274, -0.0121, -0.0130, -0.0159],
       device='cuda:0') 
 Parameter containing:
tensor([-0.0149, -0.0013,  0.0171,  0.0138, -0.0285,  0.0189,  0.0153,  0.0047,
        -0.0052,  0.0083,  0.0052, -0.0104,  0.0005, -0.0287, -0.0079, -0.0220,
        -0.0008,  0.0013,  0.0287, -0.0229,  0.0151,  0.0267, -0.0040, -0.0113,
        -0.0016,  0.0182,  0.0095,  0.0114, -0.0246, -0.0213, -0.0259, -0.0180,
         0.0212, -0.0132,  0.0275, -0.0181, -0.0072,  0.0154, -0.0051,  0.0084,
        -0.0209,  0.0207, -0.0123,  0.0271, -0.0165,  0.0209, -0.0268,  0.0043,
         0.0151,  0.0213, -0.0201, -0.0148,  0.0006,  0.0152, -0.0137, -0.0182,
        -0.0039,  0.0075,  0.0285,  0.0058, -0.0274, -0.0121, -0.0130, -0.0159],
       device='cuda:0', requires_grad=True)
parameters of the network fc1.weight 
 torch.Size([256, 667776]) 
 True 
 tensor([[ 9.7031e-04,  4.7576e-04,  1.1318e-03,  ...,  7.8039e-04,
          5.4164e-04, -9.5324e-04],
        [-4.3358e-06, -3.5134e-04,  6.9776e-04,  ..., -5.4403e-04,
         -1.9929e-04,  7.2486e-04],
        [ 1.0127e-03, -6.0569e-04,  8.4349e-04,  ..., -2.5735e-04,
         -1.1571e-03, -9.5460e-04],
        ...,
        [ 1.0946e-03, -1.0667e-04,  1.1225e-03,  ..., -9.1465e-04,
          8.0368e-04, -1.2732e-04],
        [-3.4759e-04,  1.1596e-03,  1.0480e-03,  ...,  8.0087e-04,
          1.0533e-03,  1.9158e-05],
        [-7.9876e-04, -9.9788e-04, -5.5810e-05,  ...,  4.7145e-04,
         -3.6584e-04, -4.3707e-04]], device='cuda:0') 
 Parameter containing:
tensor([[ 9.7031e-04,  4.7576e-04,  1.1318e-03,  ...,  7.8039e-04,
          5.4164e-04, -9.5324e-04],
        [-4.3358e-06, -3.5134e-04,  6.9776e-04,  ..., -5.4403e-04,
         -1.9929e-04,  7.2486e-04],
        [ 1.0127e-03, -6.0569e-04,  8.4349e-04,  ..., -2.5735e-04,
         -1.1571e-03, -9.5460e-04],
        ...,
        [ 1.0946e-03, -1.0667e-04,  1.1225e-03,  ..., -9.1465e-04,
          8.0368e-04, -1.2732e-04],
        [-3.4759e-04,  1.1596e-03,  1.0480e-03,  ...,  8.0087e-04,
          1.0533e-03,  1.9158e-05],
        [-7.9876e-04, -9.9788e-04, -5.5810e-05,  ...,  4.7145e-04,
         -3.6584e-04, -4.3707e-04]], device='cuda:0', requires_grad=True)
parameters of the network fc1.bias 
 torch.Size([256]) 
 True 
 tensor([ 6.8518e-04,  1.0306e-03,  1.1773e-03, -1.0076e-03,  6.0073e-05,
         6.1172e-04, -9.4306e-04, -1.2152e-03,  5.4662e-04,  9.7310e-04,
         7.0760e-04, -5.6980e-04,  1.1280e-03,  1.1111e-03,  2.5778e-04,
        -6.6528e-04,  5.1104e-04, -5.1200e-04,  6.4247e-05,  1.0739e-03,
         4.7103e-04, -3.0599e-05,  4.3583e-04, -1.1108e-03,  4.9902e-04,
         6.1655e-04,  2.0192e-04,  1.1205e-03,  9.5315e-04, -9.6290e-04,
        -1.1167e-03,  1.0312e-05,  2.7940e-04, -2.5546e-04, -9.7057e-04,
        -6.3818e-04,  1.1337e-03,  1.0643e-03, -6.3457e-04,  9.2687e-04,
        -2.7259e-04,  1.2971e-04,  2.0321e-04, -6.7424e-04,  3.0093e-04,
        -9.4142e-04,  5.0723e-04, -1.1623e-04, -1.0280e-03, -1.1689e-03,
         1.1694e-03,  8.2626e-05, -1.0508e-03,  9.2119e-05,  8.1293e-04,
         6.4233e-05, -1.1099e-03, -4.0589e-04,  8.8362e-04, -1.1388e-03,
        -2.9332e-04, -4.8130e-04, -4.0486e-04,  8.9823e-05,  6.0077e-04,
        -5.0933e-04,  8.7612e-04,  7.0620e-04,  1.0208e-03, -6.2942e-04,
         8.7933e-04,  5.7090e-04,  4.5145e-04,  7.0622e-04,  9.9881e-04,
        -4.1247e-04,  5.2740e-04, -8.2538e-04,  8.5153e-04, -1.1065e-03,
         9.5170e-04, -9.9193e-04,  2.8059e-04, -7.7237e-04,  2.2973e-04,
        -9.6180e-04, -4.5230e-05,  8.0906e-04, -3.9641e-04, -5.0464e-05,
        -5.8965e-05,  4.6673e-04,  5.7871e-04, -3.4015e-04,  6.5419e-04,
         3.8624e-04, -9.4785e-04,  2.0780e-04, -1.1679e-03,  9.9197e-04,
         8.7053e-04, -6.0546e-04,  2.4840e-04, -2.8975e-06,  3.0698e-04,
         1.7353e-05,  1.1447e-03, -6.1435e-04,  2.1977e-04,  6.4550e-04,
         1.0585e-03,  4.6446e-04,  1.1299e-03, -2.4790e-04,  6.8383e-04,
        -1.4480e-04, -4.5725e-04,  1.4045e-04, -2.7121e-04, -9.8922e-04,
        -5.4848e-04,  1.0701e-03,  9.4888e-05, -2.4498e-04,  1.0456e-03,
         1.0734e-03, -1.4457e-04, -1.8519e-04, -3.0918e-04, -5.5692e-04,
        -7.3738e-04,  9.8822e-04, -5.7368e-04,  6.7689e-04,  9.7754e-04,
         8.7330e-04,  1.0102e-03,  7.7482e-04,  1.1398e-03, -4.2872e-04,
        -3.9814e-04,  1.1201e-03,  3.2415e-04,  5.9326e-04, -2.4333e-04,
         8.5493e-04, -9.5884e-04,  1.1779e-03,  3.7568e-04, -9.3930e-04,
        -3.5040e-05,  4.8191e-04, -4.5368e-04,  2.0464e-04,  6.4323e-04,
        -6.6576e-04,  6.5085e-04, -4.6054e-04, -1.2090e-03, -4.2820e-04,
        -2.5933e-06, -9.9982e-04,  6.8394e-04, -1.0899e-04,  1.1887e-03,
        -8.3883e-04,  8.9846e-04, -4.6495e-04, -9.6376e-04, -3.6257e-04,
        -1.0558e-04, -6.9141e-04,  1.0366e-03,  6.0815e-04, -1.0014e-03,
         1.0298e-03, -6.9294e-04, -3.2051e-04,  9.8000e-04,  4.1381e-04,
        -1.2672e-04, -1.8735e-04,  9.5096e-04,  5.6921e-04, -6.9849e-04,
        -3.0266e-04,  4.3561e-04,  7.2830e-04, -4.6722e-04,  1.1312e-03,
        -9.1578e-05, -1.0678e-03,  7.7675e-04,  2.3830e-04, -1.0465e-03,
        -2.5502e-04, -3.4806e-04, -9.6033e-04,  8.4403e-04,  6.4089e-04,
        -8.1638e-04, -1.1362e-03,  2.9673e-04, -2.2259e-04, -1.1521e-03,
        -2.9598e-04,  7.7713e-05,  7.9901e-04, -6.5165e-04, -5.2985e-04,
        -9.0592e-04, -1.0963e-03,  9.5810e-04,  1.1765e-04,  4.3715e-04,
        -2.3922e-04,  9.4121e-04, -7.3990e-04, -3.4687e-04,  3.9080e-04,
        -7.0454e-04,  9.4724e-04, -6.2674e-04, -7.7111e-04, -8.3164e-05,
        -1.1913e-03,  1.1471e-03,  1.9020e-04, -6.2915e-04,  1.1909e-03,
        -7.0515e-04,  1.6179e-04,  2.5214e-04,  9.7341e-04,  6.4117e-04,
        -8.7751e-04, -8.6780e-04,  2.0029e-04,  4.8300e-04, -5.8667e-04,
        -1.7193e-04,  5.4319e-04, -5.2490e-05, -9.9391e-04, -1.1519e-03,
        -7.6747e-04,  1.8128e-04,  1.1487e-03, -1.0692e-03, -7.8101e-04,
        -9.1145e-04,  2.1647e-04,  1.2024e-03, -5.9290e-04,  1.1020e-03,
        -1.1458e-03], device='cuda:0') 
 Parameter containing:
tensor([ 6.8518e-04,  1.0306e-03,  1.1773e-03, -1.0076e-03,  6.0073e-05,
         6.1172e-04, -9.4306e-04, -1.2152e-03,  5.4662e-04,  9.7310e-04,
         7.0760e-04, -5.6980e-04,  1.1280e-03,  1.1111e-03,  2.5778e-04,
        -6.6528e-04,  5.1104e-04, -5.1200e-04,  6.4247e-05,  1.0739e-03,
         4.7103e-04, -3.0599e-05,  4.3583e-04, -1.1108e-03,  4.9902e-04,
         6.1655e-04,  2.0192e-04,  1.1205e-03,  9.5315e-04, -9.6290e-04,
        -1.1167e-03,  1.0312e-05,  2.7940e-04, -2.5546e-04, -9.7057e-04,
        -6.3818e-04,  1.1337e-03,  1.0643e-03, -6.3457e-04,  9.2687e-04,
        -2.7259e-04,  1.2971e-04,  2.0321e-04, -6.7424e-04,  3.0093e-04,
        -9.4142e-04,  5.0723e-04, -1.1623e-04, -1.0280e-03, -1.1689e-03,
         1.1694e-03,  8.2626e-05, -1.0508e-03,  9.2119e-05,  8.1293e-04,
         6.4233e-05, -1.1099e-03, -4.0589e-04,  8.8362e-04, -1.1388e-03,
        -2.9332e-04, -4.8130e-04, -4.0486e-04,  8.9823e-05,  6.0077e-04,
        -5.0933e-04,  8.7612e-04,  7.0620e-04,  1.0208e-03, -6.2942e-04,
         8.7933e-04,  5.7090e-04,  4.5145e-04,  7.0622e-04,  9.9881e-04,
        -4.1247e-04,  5.2740e-04, -8.2538e-04,  8.5153e-04, -1.1065e-03,
         9.5170e-04, -9.9193e-04,  2.8059e-04, -7.7237e-04,  2.2973e-04,
        -9.6180e-04, -4.5230e-05,  8.0906e-04, -3.9641e-04, -5.0464e-05,
        -5.8965e-05,  4.6673e-04,  5.7871e-04, -3.4015e-04,  6.5419e-04,
         3.8624e-04, -9.4785e-04,  2.0780e-04, -1.1679e-03,  9.9197e-04,
         8.7053e-04, -6.0546e-04,  2.4840e-04, -2.8975e-06,  3.0698e-04,
         1.7353e-05,  1.1447e-03, -6.1435e-04,  2.1977e-04,  6.4550e-04,
         1.0585e-03,  4.6446e-04,  1.1299e-03, -2.4790e-04,  6.8383e-04,
        -1.4480e-04, -4.5725e-04,  1.4045e-04, -2.7121e-04, -9.8922e-04,
        -5.4848e-04,  1.0701e-03,  9.4888e-05, -2.4498e-04,  1.0456e-03,
         1.0734e-03, -1.4457e-04, -1.8519e-04, -3.0918e-04, -5.5692e-04,
        -7.3738e-04,  9.8822e-04, -5.7368e-04,  6.7689e-04,  9.7754e-04,
         8.7330e-04,  1.0102e-03,  7.7482e-04,  1.1398e-03, -4.2872e-04,
        -3.9814e-04,  1.1201e-03,  3.2415e-04,  5.9326e-04, -2.4333e-04,
         8.5493e-04, -9.5884e-04,  1.1779e-03,  3.7568e-04, -9.3930e-04,
        -3.5040e-05,  4.8191e-04, -4.5368e-04,  2.0464e-04,  6.4323e-04,
        -6.6576e-04,  6.5085e-04, -4.6054e-04, -1.2090e-03, -4.2820e-04,
        -2.5933e-06, -9.9982e-04,  6.8394e-04, -1.0899e-04,  1.1887e-03,
        -8.3883e-04,  8.9846e-04, -4.6495e-04, -9.6376e-04, -3.6257e-04,
        -1.0558e-04, -6.9141e-04,  1.0366e-03,  6.0815e-04, -1.0014e-03,
         1.0298e-03, -6.9294e-04, -3.2051e-04,  9.8000e-04,  4.1381e-04,
        -1.2672e-04, -1.8735e-04,  9.5096e-04,  5.6921e-04, -6.9849e-04,
        -3.0266e-04,  4.3561e-04,  7.2830e-04, -4.6722e-04,  1.1312e-03,
        -9.1578e-05, -1.0678e-03,  7.7675e-04,  2.3830e-04, -1.0465e-03,
        -2.5502e-04, -3.4806e-04, -9.6033e-04,  8.4403e-04,  6.4089e-04,
        -8.1638e-04, -1.1362e-03,  2.9673e-04, -2.2259e-04, -1.1521e-03,
        -2.9598e-04,  7.7713e-05,  7.9901e-04, -6.5165e-04, -5.2985e-04,
        -9.0592e-04, -1.0963e-03,  9.5810e-04,  1.1765e-04,  4.3715e-04,
        -2.3922e-04,  9.4121e-04, -7.3990e-04, -3.4687e-04,  3.9080e-04,
        -7.0454e-04,  9.4724e-04, -6.2674e-04, -7.7111e-04, -8.3164e-05,
        -1.1913e-03,  1.1471e-03,  1.9020e-04, -6.2915e-04,  1.1909e-03,
        -7.0515e-04,  1.6179e-04,  2.5214e-04,  9.7341e-04,  6.4117e-04,
        -8.7751e-04, -8.6780e-04,  2.0029e-04,  4.8300e-04, -5.8667e-04,
        -1.7193e-04,  5.4319e-04, -5.2490e-05, -9.9391e-04, -1.1519e-03,
        -7.6747e-04,  1.8128e-04,  1.1487e-03, -1.0692e-03, -7.8101e-04,
        -9.1145e-04,  2.1647e-04,  1.2024e-03, -5.9290e-04,  1.1020e-03,
        -1.1458e-03], device='cuda:0', requires_grad=True)
parameters of the network fc2.weight 
 torch.Size([128, 256]) 
 True 
 tensor([[-1.5668e-02, -2.0561e-02, -5.6687e-02,  ..., -3.9528e-02,
          3.1952e-02,  3.7016e-02],
        [-1.1391e-03, -4.0845e-03, -4.0795e-02,  ...,  6.0892e-02,
          3.8266e-03, -1.1457e-02],
        [-3.8099e-02,  4.0581e-02, -4.6078e-03,  ..., -3.1854e-02,
         -2.5080e-02,  5.4936e-03],
        ...,
        [ 1.5163e-02,  5.4030e-02,  4.9682e-02,  ...,  3.0106e-02,
         -6.0322e-02,  2.3528e-02],
        [ 6.0899e-02,  5.2470e-03,  4.3559e-02,  ...,  6.6035e-03,
         -1.1334e-02, -6.7532e-05],
        [ 2.9984e-02,  2.0635e-02,  2.1772e-03,  ...,  4.4756e-03,
         -5.5503e-02, -4.0808e-02]], device='cuda:0') 
 Parameter containing:
tensor([[-1.5668e-02, -2.0561e-02, -5.6687e-02,  ..., -3.9528e-02,
          3.1952e-02,  3.7016e-02],
        [-1.1391e-03, -4.0845e-03, -4.0795e-02,  ...,  6.0892e-02,
          3.8266e-03, -1.1457e-02],
        [-3.8099e-02,  4.0581e-02, -4.6078e-03,  ..., -3.1854e-02,
         -2.5080e-02,  5.4936e-03],
        ...,
        [ 1.5163e-02,  5.4030e-02,  4.9682e-02,  ...,  3.0106e-02,
         -6.0322e-02,  2.3528e-02],
        [ 6.0899e-02,  5.2470e-03,  4.3559e-02,  ...,  6.6035e-03,
         -1.1334e-02, -6.7532e-05],
        [ 2.9984e-02,  2.0635e-02,  2.1772e-03,  ...,  4.4756e-03,
         -5.5503e-02, -4.0808e-02]], device='cuda:0', requires_grad=True)
parameters of the network fc2.bias 
 torch.Size([128]) 
 True 
 tensor([-0.0396, -0.0348,  0.0258,  0.0072, -0.0235,  0.0459, -0.0521,  0.0616,
         0.0367,  0.0537, -0.0546,  0.0396, -0.0222,  0.0538,  0.0511,  0.0119,
         0.0597, -0.0223,  0.0183,  0.0090,  0.0565,  0.0608, -0.0019,  0.0536,
        -0.0315,  0.0346, -0.0108,  0.0316,  0.0164,  0.0418, -0.0448, -0.0054,
        -0.0502, -0.0120, -0.0093,  0.0606,  0.0056,  0.0121, -0.0224,  0.0211,
         0.0313, -0.0319,  0.0484, -0.0122,  0.0393, -0.0556, -0.0517, -0.0461,
        -0.0427,  0.0442, -0.0052, -0.0490,  0.0300, -0.0332,  0.0621,  0.0356,
         0.0436, -0.0527,  0.0168,  0.0599,  0.0601,  0.0616,  0.0457,  0.0062,
        -0.0371,  0.0169, -0.0020, -0.0361,  0.0517, -0.0314, -0.0518,  0.0224,
        -0.0304,  0.0387,  0.0622, -0.0126, -0.0521,  0.0136,  0.0263,  0.0191,
        -0.0554,  0.0188,  0.0045,  0.0545,  0.0452, -0.0581,  0.0364,  0.0444,
         0.0148, -0.0552,  0.0597,  0.0597, -0.0496, -0.0006,  0.0365, -0.0436,
        -0.0466, -0.0191,  0.0178, -0.0051, -0.0147,  0.0446,  0.0254,  0.0580,
        -0.0346, -0.0132,  0.0230, -0.0247,  0.0321, -0.0254, -0.0552,  0.0589,
         0.0464,  0.0260,  0.0586,  0.0220,  0.0365, -0.0538, -0.0216,  0.0290,
        -0.0289,  0.0071, -0.0276, -0.0534,  0.0340,  0.0463,  0.0154,  0.0376],
       device='cuda:0') 
 Parameter containing:
tensor([-0.0396, -0.0348,  0.0258,  0.0072, -0.0235,  0.0459, -0.0521,  0.0616,
         0.0367,  0.0537, -0.0546,  0.0396, -0.0222,  0.0538,  0.0511,  0.0119,
         0.0597, -0.0223,  0.0183,  0.0090,  0.0565,  0.0608, -0.0019,  0.0536,
        -0.0315,  0.0346, -0.0108,  0.0316,  0.0164,  0.0418, -0.0448, -0.0054,
        -0.0502, -0.0120, -0.0093,  0.0606,  0.0056,  0.0121, -0.0224,  0.0211,
         0.0313, -0.0319,  0.0484, -0.0122,  0.0393, -0.0556, -0.0517, -0.0461,
        -0.0427,  0.0442, -0.0052, -0.0490,  0.0300, -0.0332,  0.0621,  0.0356,
         0.0436, -0.0527,  0.0168,  0.0599,  0.0601,  0.0616,  0.0457,  0.0062,
        -0.0371,  0.0169, -0.0020, -0.0361,  0.0517, -0.0314, -0.0518,  0.0224,
        -0.0304,  0.0387,  0.0622, -0.0126, -0.0521,  0.0136,  0.0263,  0.0191,
        -0.0554,  0.0188,  0.0045,  0.0545,  0.0452, -0.0581,  0.0364,  0.0444,
         0.0148, -0.0552,  0.0597,  0.0597, -0.0496, -0.0006,  0.0365, -0.0436,
        -0.0466, -0.0191,  0.0178, -0.0051, -0.0147,  0.0446,  0.0254,  0.0580,
        -0.0346, -0.0132,  0.0230, -0.0247,  0.0321, -0.0254, -0.0552,  0.0589,
         0.0464,  0.0260,  0.0586,  0.0220,  0.0365, -0.0538, -0.0216,  0.0290,
        -0.0289,  0.0071, -0.0276, -0.0534,  0.0340,  0.0463,  0.0154,  0.0376],
       device='cuda:0', requires_grad=True)
parameters of the network fc3.weight 
 torch.Size([64, 128]) 
 True 
 tensor([[ 0.0009, -0.0311, -0.0200,  ...,  0.0285, -0.0811, -0.0586],
        [-0.0454, -0.0783, -0.0651,  ...,  0.0652, -0.0276, -0.0524],
        [-0.0164, -0.0726, -0.0397,  ..., -0.0530,  0.0493, -0.0033],
        ...,
        [ 0.0576, -0.0679, -0.0384,  ..., -0.0022,  0.0236, -0.0283],
        [-0.0370, -0.0024, -0.0483,  ...,  0.0607,  0.0152,  0.0048],
        [ 0.0458,  0.0202,  0.0879,  ...,  0.0794,  0.0205,  0.0440]],
       device='cuda:0') 
 Parameter containing:
tensor([[ 0.0009, -0.0311, -0.0200,  ...,  0.0285, -0.0811, -0.0586],
        [-0.0454, -0.0783, -0.0651,  ...,  0.0652, -0.0276, -0.0524],
        [-0.0164, -0.0726, -0.0397,  ..., -0.0530,  0.0493, -0.0033],
        ...,
        [ 0.0576, -0.0679, -0.0384,  ..., -0.0022,  0.0236, -0.0283],
        [-0.0370, -0.0024, -0.0483,  ...,  0.0607,  0.0152,  0.0048],
        [ 0.0458,  0.0202,  0.0879,  ...,  0.0794,  0.0205,  0.0440]],
       device='cuda:0', requires_grad=True)
parameters of the network fc3.bias 
 torch.Size([64]) 
 True 
 tensor([-0.0214,  0.0533,  0.0663, -0.0656, -0.0632,  0.0392,  0.0097,  0.0494,
         0.0358,  0.0725, -0.0173, -0.0166,  0.0315,  0.0542, -0.0685, -0.0621,
         0.0098, -0.0294,  0.0552, -0.0413,  0.0115, -0.0433,  0.0873,  0.0493,
         0.0559,  0.0496,  0.0774,  0.0875, -0.0831, -0.0219,  0.0531, -0.0623,
         0.0776, -0.0591, -0.0468,  0.0497,  0.0738, -0.0769,  0.0418,  0.0124,
         0.0494, -0.0217,  0.0431, -0.0723,  0.0209,  0.0807,  0.0315, -0.0698,
         0.0437, -0.0163, -0.0336, -0.0837, -0.0050, -0.0634,  0.0375,  0.0537,
         0.0049,  0.0155,  0.0305,  0.0712, -0.0055, -0.0114,  0.0320,  0.0471],
       device='cuda:0') 
 Parameter containing:
tensor([-0.0214,  0.0533,  0.0663, -0.0656, -0.0632,  0.0392,  0.0097,  0.0494,
         0.0358,  0.0725, -0.0173, -0.0166,  0.0315,  0.0542, -0.0685, -0.0621,
         0.0098, -0.0294,  0.0552, -0.0413,  0.0115, -0.0433,  0.0873,  0.0493,
         0.0559,  0.0496,  0.0774,  0.0875, -0.0831, -0.0219,  0.0531, -0.0623,
         0.0776, -0.0591, -0.0468,  0.0497,  0.0738, -0.0769,  0.0418,  0.0124,
         0.0494, -0.0217,  0.0431, -0.0723,  0.0209,  0.0807,  0.0315, -0.0698,
         0.0437, -0.0163, -0.0336, -0.0837, -0.0050, -0.0634,  0.0375,  0.0537,
         0.0049,  0.0155,  0.0305,  0.0712, -0.0055, -0.0114,  0.0320,  0.0471],
       device='cuda:0', requires_grad=True)
parameters of the network fc4.weight 
 torch.Size([6796, 64]) 
 True 
 tensor([[ 0.1144, -0.0961,  0.0735,  ...,  0.0287, -0.0077, -0.0212],
        [-0.1107, -0.0627,  0.0794,  ..., -0.0069, -0.0985, -0.0053],
        [ 0.0130,  0.0440,  0.0375,  ..., -0.0829,  0.1042, -0.1043],
        ...,
        [-0.1020, -0.1096,  0.1132,  ..., -0.0315,  0.0709, -0.1067],
        [-0.0990, -0.0822,  0.0227,  ..., -0.0532, -0.0958,  0.0735],
        [ 0.0162,  0.1119,  0.0617,  ...,  0.0169, -0.0357,  0.0120]],
       device='cuda:0') 
 Parameter containing:
tensor([[ 0.1144, -0.0961,  0.0735,  ...,  0.0287, -0.0077, -0.0212],
        [-0.1107, -0.0627,  0.0794,  ..., -0.0069, -0.0985, -0.0053],
        [ 0.0130,  0.0440,  0.0375,  ..., -0.0829,  0.1042, -0.1043],
        ...,
        [-0.1020, -0.1096,  0.1132,  ..., -0.0315,  0.0709, -0.1067],
        [-0.0990, -0.0822,  0.0227,  ..., -0.0532, -0.0958,  0.0735],
        [ 0.0162,  0.1119,  0.0617,  ...,  0.0169, -0.0357,  0.0120]],
       device='cuda:0', requires_grad=True)
parameters of the network fc4.bias 
 torch.Size([6796]) 
 True 
 tensor([ 0.0976, -0.0798, -0.0470,  ...,  0.0563, -0.0515,  0.0226],
       device='cuda:0') 
 Parameter containing:
tensor([ 0.0976, -0.0798, -0.0470,  ...,  0.0563, -0.0515,  0.0226],
       device='cuda:0', requires_grad=True)

Passing event 1007 from the network before training input tensor([[0., 0., 0.,  ..., 0., 0., 0.],
        [0., 0., 0.,  ..., 0., 0., 0.],
        [0., 0., 0.,  ..., 0., 0., 0.],
        ...,
        [0., 0., 0.,  ..., 0., 0., 0.],
        [0., 0., 0.,  ..., 0., 0., 0.],
        [0., 0., 0.,  ..., 0., 0., 0.]]) 
result1: tensor([[0.5233, 0.4849, 0.4856,  ..., 0.5143, 0.4816, 0.5174],
        [0.5234, 0.4850, 0.4856,  ..., 0.5143, 0.4816, 0.5173],
        [0.5234, 0.4850, 0.4855,  ..., 0.5143, 0.4815, 0.5174],
        ...,
        [0.5233, 0.4850, 0.4855,  ..., 0.5143, 0.4816, 0.5174],
        [0.5233, 0.4850, 0.4855,  ..., 0.5143, 0.4815, 0.5174],
        [0.5234, 0.4850, 0.4855,  ..., 0.5143, 0.4816, 0.5173]],
       device='cuda:0', grad_fn=<SigmoidBackward0>) 
result1.shape: torch.Size([20, 6796])

Passing two random events from the network before training 
result1: tensor([[0.5233, 0.4849, 0.4856,  ..., 0.5143, 0.4816, 0.5174],
        [0.5234, 0.4850, 0.4856,  ..., 0.5143, 0.4816, 0.5173],
        [0.5234, 0.4850, 0.4855,  ..., 0.5143, 0.4815, 0.5174],
        ...,
        [0.5233, 0.4850, 0.4855,  ..., 0.5143, 0.4816, 0.5174],
        [0.5233, 0.4850, 0.4855,  ..., 0.5143, 0.4815, 0.5174],
        [0.5234, 0.4850, 0.4855,  ..., 0.5143, 0.4816, 0.5173]],
       device='cuda:0', grad_fn=<SigmoidBackward0>) 
result1.shape: torch.Size([20, 6796]) 
input: [[0. 0. 0. ... 0. 0. 0.]
 [0. 0. 0. ... 0. 0. 0.]
 [0. 0. 0. ... 0. 0. 0.]
 ...
 [0. 0. 0. ... 0. 0. 0.]
 [0. 0. 0. ... 0. 0. 0.]
 [0. 0. 0. ... 0. 0. 0.]]
Traceback (most recent call last):
  File "/hpcfs/bes/mlgpu/hoseinkk/MLTracking/otherparticles/pppipi/pyt_pppipi_cnn_1/./Results.py", line 3, in <module>
    from Model import modelname, hpmesh
ImportError: cannot import name 'hpmesh' from 'Model' (/hpcfs/bes/mlgpu/hoseinkk/MLTracking/otherparticles/pppipi/pyt_pppipi_cnn_1/Model.py)

real	0m47.712s
user	0m13.909s
sys	0m7.847s
