0: gpu016.ihep.ac.cn
GPU 0: Tesla V100-SXM2-32GB (UUID: GPU-adc0bb57-5f8a-ba9d-04e2-dbaa9f7c20f1)
Allocate GPU cards : 0

modinfo:
filename:       /lib/modules/3.10.0-1160.71.1.el7.x86_64/extra/nvidia.ko.xz
firmware:       nvidia/515.65.01/gsp.bin
alias:          char-major-195-*
version:        515.65.01
supported:      external
license:        NVIDIA
retpoline:      Y
rhelversion:    7.9
srcversion:     8049D44E2C1B08F41E1B8A6
alias:          pci:v000010DEd*sv*sd*bc06sc80i00*
alias:          pci:v000010DEd*sv*sd*bc03sc02i00*
alias:          pci:v000010DEd*sv*sd*bc03sc00i00*
depends:        drm
vermagic:       3.10.0-1160.71.1.el7.x86_64 SMP mod_unload modversions 
signer:         DKMS module signing key
sig_key:        A2:17:1D:79:E5:47:38:13:77:F2:EE:66:EA:5D:DB:A0:A1:CA:F4:E7
sig_hashalgo:   sha512
parm:           NvSwitchRegDwords:NvSwitch regkey (charp)
parm:           NvSwitchBlacklist:NvSwitchBlacklist=uuid[,uuid...] (charp)
parm:           NVreg_ResmanDebugLevel:int
parm:           NVreg_RmLogonRC:int
parm:           NVreg_ModifyDeviceFiles:int
parm:           NVreg_DeviceFileUID:int
parm:           NVreg_DeviceFileGID:int
parm:           NVreg_DeviceFileMode:int
parm:           NVreg_InitializeSystemMemoryAllocations:int
parm:           NVreg_UsePageAttributeTable:int
parm:           NVreg_EnablePCIeGen3:int
parm:           NVreg_EnableMSI:int
parm:           NVreg_TCEBypassMode:int
parm:           NVreg_EnableStreamMemOPs:int
parm:           NVreg_RestrictProfilingToAdminUsers:int
parm:           NVreg_PreserveVideoMemoryAllocations:int
parm:           NVreg_EnableS0ixPowerManagement:int
parm:           NVreg_S0ixPowerManagementVideoMemoryThreshold:int
parm:           NVreg_DynamicPowerManagement:int
parm:           NVreg_DynamicPowerManagementVideoMemoryThreshold:int
parm:           NVreg_EnableGpuFirmware:int
parm:           NVreg_EnableGpuFirmwareLogs:int
parm:           NVreg_OpenRmEnableUnsupportedGpus:int
parm:           NVreg_EnableUserNUMAManagement:int
parm:           NVreg_MemoryPoolSize:int
parm:           NVreg_KMallocHeapMaxSize:int
parm:           NVreg_VMallocHeapMaxSize:int
parm:           NVreg_IgnoreMMIOCheck:int
parm:           NVreg_NvLinkDisable:int
parm:           NVreg_EnablePCIERelaxedOrderingMode:int
parm:           NVreg_RegisterPCIDriver:int
parm:           NVreg_EnableDbgBreakpoint:int
parm:           NVreg_RegistryDwords:charp
parm:           NVreg_RegistryDwordsPerDevice:charp
parm:           NVreg_RmMsg:charp
parm:           NVreg_GpuBlacklist:charp
parm:           NVreg_TemporaryFilePath:charp
parm:           NVreg_ExcludedGpus:charp
parm:           NVreg_DmaRemapPeerMmio:int
parm:           rm_firmware_active:charp

nvidia-smi:
Mon Aug 29 17:47:35 2022       
+-----------------------------------------------------------------------------+
| NVIDIA-SMI 515.65.01    Driver Version: 515.65.01    CUDA Version: 11.7     |
|-------------------------------+----------------------+----------------------+
| GPU  Name        Persistence-M| Bus-Id        Disp.A | Volatile Uncorr. ECC |
| Fan  Temp  Perf  Pwr:Usage/Cap|         Memory-Usage | GPU-Util  Compute M. |
|                               |                      |               MIG M. |
|===============================+======================+======================|
|   0  Tesla V100-SXM2...  On   | 00000000:1D:00.0 Off |                    0 |
| N/A   33C    P0    42W / 300W |      0MiB / 32768MiB |      0%      Default |
|                               |                      |                  N/A |
+-------------------------------+----------------------+----------------------+
                                                                               
+-----------------------------------------------------------------------------+
| Processes:                                                                  |
|  GPU   GI   CI        PID   Type   Process name                  GPU Memory |
|        ID   ID                                                   Usage      |
|=============================================================================|
|  No running processes found                                                 |
+-----------------------------------------------------------------------------+

nvcc --version:
nvcc: NVIDIA (R) Cuda compiler driver
Copyright (c) 2005-2021 NVIDIA Corporation
Built on Sun_Mar_21_19:15:46_PDT_2021
Cuda compilation tools, release 11.3, V11.3.58
Build cuda_11.3.r11.3/compiler.29745058_0

 torch version: 1.10.2

 cuda version: 11.3

 is cuda available: True

 CUDNN VERSION: 8200

 Number CUDA Devices: 1

 CUDA Device Name: Tesla V100-SXM2-32GB

 CUDA Device Total Memory [GB]: 34.089926656

 Device capability: (7, 0) 

 Cuda deviice: <torch.cuda.device object at 0x2b914fa758e0> 

 Is cuda initialized: True

 CUDA_HOME: /hpcfs/bes/mlgpu/hoseinkk/Miniconda3/envs/dgl1

real	0m4.214s
user	0m2.578s
sys	0m0.770s
/hpcfs/bes/mlgpu/hoseinkk/Miniconda3/envs/dgl1/lib/python3.9/site-packages/cupy/_environment.py:438: UserWarning: 
--------------------------------------------------------------------------------

  CuPy may not function correctly because multiple CuPy packages are installed
  in your environment:

    cupy, cupy-cuda110

  Follow these steps to resolve this issue:

    1. For all packages listed above, run the following command to remove all
       existing CuPy installations:

         $ pip uninstall <package_name>

      If you previously installed CuPy via conda, also run the following:

         $ conda uninstall cupy

    2. Install the appropriate CuPy package.
       Refer to the Installation Guide for detailed instructions.

         https://docs.cupy.dev/en/stable/install.html

--------------------------------------------------------------------------------

  warnings.warn(f'''
/hpcfs/bes/mlgpu/hoseinkk/Miniconda3/envs/dgl1/lib/python3.9/site-packages/torch/nn/functional.py:1806: UserWarning: nn.functional.sigmoid is deprecated. Use torch.sigmoid instead.
  warnings.warn("nn.functional.sigmoid is deprecated. Use torch.sigmoid instead.")





 Loading data ... 



training set shape (20000, 43, 288) 
sum 5279207

target set shape (20000, 6796) 
sum 4575851




 The Network ... 


Net(
  (conv1): Conv2d(1, 256, kernel_size=(3, 3), stride=(1, 1))
  (conv2): Conv2d(256, 128, kernel_size=(3, 3), stride=(1, 1))
  (conv3): Conv2d(128, 64, kernel_size=(3, 3), stride=(1, 1))
  (fc1): Linear(in_features=667776, out_features=256, bias=True)
  (fc2): Linear(in_features=256, out_features=128, bias=True)
  (fc3): Linear(in_features=128, out_features=64, bias=True)
  (fc4): Linear(in_features=64, out_features=6796, bias=True)
)

number of the free parameters: 171805196
parameters of the network conv1.weight 
 torch.Size([256, 1, 3, 3]) 
 True 
 tensor([[[[-0.1635,  0.0160,  0.1881],
          [-0.1756,  0.0399,  0.1643],
          [-0.2545,  0.3028,  0.2009]]],


        [[[-0.2660, -0.2480, -0.2724],
          [-0.1834, -0.1169,  0.1372],
          [ 0.0605, -0.2240,  0.2823]]],


        [[[-0.0139,  0.0976,  0.1504],
          [ 0.0224, -0.1373, -0.2164],
          [-0.1089,  0.0820,  0.1919]]],


        ...,


        [[[-0.1963,  0.1351, -0.2326],
          [ 0.0089, -0.1809,  0.1489],
          [-0.2929,  0.0892, -0.1028]]],


        [[[-0.1533, -0.3229,  0.0819],
          [ 0.3331,  0.3019, -0.1787],
          [-0.1653,  0.2019,  0.0819]]],


        [[[ 0.0561, -0.3097,  0.0322],
          [ 0.1790, -0.1622,  0.2083],
          [ 0.2544, -0.3328,  0.3207]]]], device='cuda:0') 
 Parameter containing:
tensor([[[[-0.1635,  0.0160,  0.1881],
          [-0.1756,  0.0399,  0.1643],
          [-0.2545,  0.3028,  0.2009]]],


        [[[-0.2660, -0.2480, -0.2724],
          [-0.1834, -0.1169,  0.1372],
          [ 0.0605, -0.2240,  0.2823]]],


        [[[-0.0139,  0.0976,  0.1504],
          [ 0.0224, -0.1373, -0.2164],
          [-0.1089,  0.0820,  0.1919]]],


        ...,


        [[[-0.1963,  0.1351, -0.2326],
          [ 0.0089, -0.1809,  0.1489],
          [-0.2929,  0.0892, -0.1028]]],


        [[[-0.1533, -0.3229,  0.0819],
          [ 0.3331,  0.3019, -0.1787],
          [-0.1653,  0.2019,  0.0819]]],


        [[[ 0.0561, -0.3097,  0.0322],
          [ 0.1790, -0.1622,  0.2083],
          [ 0.2544, -0.3328,  0.3207]]]], device='cuda:0', requires_grad=True)
parameters of the network conv1.bias 
 torch.Size([256]) 
 True 
 tensor([ 0.3034, -0.1777, -0.2819,  0.1488,  0.1588, -0.2290, -0.0650,  0.1728,
         0.1022,  0.2928, -0.0749, -0.3147, -0.0186,  0.1554,  0.0398, -0.0139,
        -0.2768,  0.3023,  0.2130, -0.2743, -0.1287, -0.3285,  0.0465, -0.0466,
        -0.1163, -0.2752,  0.1954, -0.3230, -0.0562,  0.0691,  0.0655,  0.0568,
         0.1306, -0.1143,  0.1355, -0.1989,  0.0335,  0.2119, -0.0045,  0.3249,
         0.2037, -0.0667,  0.0438,  0.1470,  0.1959,  0.2701, -0.2681, -0.1498,
         0.2352,  0.1519,  0.2953, -0.1151,  0.2175, -0.0176, -0.2156,  0.1505,
        -0.1273, -0.0225, -0.2759,  0.1364,  0.2997,  0.0089, -0.0075,  0.0159,
         0.0683, -0.3129, -0.0766,  0.2563,  0.0708, -0.2005,  0.0829,  0.0201,
        -0.1817,  0.2363, -0.1586, -0.1219,  0.3313, -0.2382,  0.1816,  0.1052,
        -0.1065, -0.0552, -0.3158, -0.0650, -0.2662, -0.2981, -0.3022, -0.1202,
         0.1969,  0.0006,  0.1411,  0.2429, -0.2485,  0.2211,  0.2989, -0.2303,
         0.0550,  0.2850, -0.0700,  0.2422,  0.3204, -0.2847, -0.1895,  0.1431,
        -0.3185,  0.2649, -0.2461,  0.1819, -0.0503, -0.3248,  0.3330,  0.0710,
        -0.0992, -0.1873, -0.0128, -0.2715, -0.1836, -0.2085, -0.0222, -0.0033,
        -0.2196,  0.1893, -0.0886,  0.2083, -0.1542,  0.1756, -0.1286, -0.0277,
         0.3232, -0.1456, -0.1998,  0.0263,  0.2665,  0.1826, -0.2565,  0.2823,
         0.3287,  0.2732,  0.2855, -0.2500,  0.0531,  0.0007, -0.1141,  0.1074,
         0.2177,  0.2689,  0.0624, -0.0878, -0.2237, -0.2854,  0.0076, -0.3210,
        -0.0818,  0.2207, -0.1923, -0.2594, -0.0967, -0.1831, -0.2870, -0.3306,
         0.1785,  0.2569, -0.2384,  0.1822,  0.0175,  0.0083,  0.3161,  0.2973,
         0.3301, -0.0552,  0.2415, -0.1832, -0.1923,  0.1019,  0.0651,  0.2913,
         0.2839, -0.2759, -0.2763,  0.2925,  0.0159,  0.1772,  0.2669, -0.3175,
         0.2093,  0.0071,  0.1690,  0.1752, -0.0236, -0.1020,  0.2199,  0.1219,
        -0.2281, -0.1049,  0.2761, -0.0308,  0.0450,  0.0623,  0.1469,  0.0131,
        -0.0626, -0.2078,  0.0679,  0.2465,  0.0764, -0.0039,  0.1633, -0.2889,
        -0.2358, -0.0060, -0.2931, -0.0917,  0.2838,  0.1260,  0.2106,  0.3262,
         0.3302,  0.1438,  0.2603,  0.0182, -0.0472,  0.2626, -0.2162, -0.1096,
        -0.2158,  0.3135,  0.3160,  0.3188,  0.0597,  0.0308,  0.1288,  0.2629,
        -0.0568, -0.1013, -0.2678, -0.1679, -0.2646, -0.2687, -0.2109,  0.3096,
         0.2831,  0.1108, -0.3064,  0.2341,  0.1105,  0.1456,  0.2291, -0.1097,
         0.2378,  0.1014,  0.2604, -0.0140,  0.0405,  0.1262, -0.0404, -0.2027],
       device='cuda:0') 
 Parameter containing:
tensor([ 0.3034, -0.1777, -0.2819,  0.1488,  0.1588, -0.2290, -0.0650,  0.1728,
         0.1022,  0.2928, -0.0749, -0.3147, -0.0186,  0.1554,  0.0398, -0.0139,
        -0.2768,  0.3023,  0.2130, -0.2743, -0.1287, -0.3285,  0.0465, -0.0466,
        -0.1163, -0.2752,  0.1954, -0.3230, -0.0562,  0.0691,  0.0655,  0.0568,
         0.1306, -0.1143,  0.1355, -0.1989,  0.0335,  0.2119, -0.0045,  0.3249,
         0.2037, -0.0667,  0.0438,  0.1470,  0.1959,  0.2701, -0.2681, -0.1498,
         0.2352,  0.1519,  0.2953, -0.1151,  0.2175, -0.0176, -0.2156,  0.1505,
        -0.1273, -0.0225, -0.2759,  0.1364,  0.2997,  0.0089, -0.0075,  0.0159,
         0.0683, -0.3129, -0.0766,  0.2563,  0.0708, -0.2005,  0.0829,  0.0201,
        -0.1817,  0.2363, -0.1586, -0.1219,  0.3313, -0.2382,  0.1816,  0.1052,
        -0.1065, -0.0552, -0.3158, -0.0650, -0.2662, -0.2981, -0.3022, -0.1202,
         0.1969,  0.0006,  0.1411,  0.2429, -0.2485,  0.2211,  0.2989, -0.2303,
         0.0550,  0.2850, -0.0700,  0.2422,  0.3204, -0.2847, -0.1895,  0.1431,
        -0.3185,  0.2649, -0.2461,  0.1819, -0.0503, -0.3248,  0.3330,  0.0710,
        -0.0992, -0.1873, -0.0128, -0.2715, -0.1836, -0.2085, -0.0222, -0.0033,
        -0.2196,  0.1893, -0.0886,  0.2083, -0.1542,  0.1756, -0.1286, -0.0277,
         0.3232, -0.1456, -0.1998,  0.0263,  0.2665,  0.1826, -0.2565,  0.2823,
         0.3287,  0.2732,  0.2855, -0.2500,  0.0531,  0.0007, -0.1141,  0.1074,
         0.2177,  0.2689,  0.0624, -0.0878, -0.2237, -0.2854,  0.0076, -0.3210,
        -0.0818,  0.2207, -0.1923, -0.2594, -0.0967, -0.1831, -0.2870, -0.3306,
         0.1785,  0.2569, -0.2384,  0.1822,  0.0175,  0.0083,  0.3161,  0.2973,
         0.3301, -0.0552,  0.2415, -0.1832, -0.1923,  0.1019,  0.0651,  0.2913,
         0.2839, -0.2759, -0.2763,  0.2925,  0.0159,  0.1772,  0.2669, -0.3175,
         0.2093,  0.0071,  0.1690,  0.1752, -0.0236, -0.1020,  0.2199,  0.1219,
        -0.2281, -0.1049,  0.2761, -0.0308,  0.0450,  0.0623,  0.1469,  0.0131,
        -0.0626, -0.2078,  0.0679,  0.2465,  0.0764, -0.0039,  0.1633, -0.2889,
        -0.2358, -0.0060, -0.2931, -0.0917,  0.2838,  0.1260,  0.2106,  0.3262,
         0.3302,  0.1438,  0.2603,  0.0182, -0.0472,  0.2626, -0.2162, -0.1096,
        -0.2158,  0.3135,  0.3160,  0.3188,  0.0597,  0.0308,  0.1288,  0.2629,
        -0.0568, -0.1013, -0.2678, -0.1679, -0.2646, -0.2687, -0.2109,  0.3096,
         0.2831,  0.1108, -0.3064,  0.2341,  0.1105,  0.1456,  0.2291, -0.1097,
         0.2378,  0.1014,  0.2604, -0.0140,  0.0405,  0.1262, -0.0404, -0.2027],
       device='cuda:0', requires_grad=True)
parameters of the network conv2.weight 
 torch.Size([128, 256, 3, 3]) 
 True 
 tensor([[[[ 1.6320e-02,  2.2628e-03,  6.8959e-04],
          [-1.4887e-02,  8.0356e-03, -2.0076e-03],
          [-7.6286e-03, -9.8722e-03, -1.6934e-03]],

         [[-1.7765e-02, -4.8501e-03, -1.1581e-02],
          [-1.1372e-02, -1.4902e-02, -4.5236e-03],
          [ 1.3924e-02,  1.4078e-02,  6.2373e-03]],

         [[-5.9310e-03, -1.9146e-02,  8.7599e-03],
          [ 3.4849e-03, -1.6567e-02, -1.9434e-02],
          [ 6.4913e-03, -1.9765e-02, -2.1610e-03]],

         ...,

         [[ 7.4886e-03,  1.1723e-02,  1.6710e-02],
          [-8.7630e-03,  4.7825e-03, -2.0183e-02],
          [ 1.3498e-02, -1.1316e-02,  1.0037e-02]],

         [[ 6.1410e-03,  1.0496e-02,  1.6757e-02],
          [ 7.6893e-03, -6.3832e-03, -1.3954e-02],
          [ 2.2216e-03, -1.1455e-03,  1.5494e-03]],

         [[ 2.0436e-02, -1.8076e-02, -1.6501e-02],
          [ 1.2110e-02,  9.4066e-03, -8.1910e-04],
          [-1.4150e-02, -8.4042e-03, -4.5478e-03]]],


        [[[-1.4457e-02, -1.2763e-02,  1.3098e-03],
          [-2.0514e-02,  4.5219e-03,  1.2615e-02],
          [-1.5156e-03, -1.4021e-02,  9.4164e-03]],

         [[ 9.3886e-03,  8.1452e-03,  1.0987e-02],
          [ 6.6599e-03, -1.1000e-02,  1.2814e-02],
          [ 7.1201e-03,  1.6311e-03, -9.8411e-03]],

         [[ 1.5830e-02,  1.4179e-02, -4.3181e-03],
          [ 1.6146e-02, -6.8207e-03, -1.5432e-03],
          [ 1.8883e-02, -9.9946e-03, -2.0525e-02]],

         ...,

         [[ 1.6588e-03, -2.0335e-02,  9.3114e-03],
          [-1.1663e-02, -2.5632e-03, -2.0813e-02],
          [ 6.5181e-03, -1.7102e-02, -1.1110e-02]],

         [[-2.0819e-02,  1.5782e-03, -2.0531e-03],
          [-4.7501e-04,  1.4768e-02,  4.7280e-04],
          [ 1.8534e-02, -1.2278e-02, -2.0697e-02]],

         [[-1.8009e-02,  1.2561e-02, -3.1325e-03],
          [-6.5044e-03,  1.1355e-02, -1.2059e-02],
          [-8.7691e-03, -7.9032e-03, -1.1941e-02]]],


        [[[-3.3885e-03,  6.5383e-03,  1.2415e-02],
          [ 3.2140e-03,  3.5093e-03,  2.0744e-03],
          [ 1.1061e-02, -1.9669e-03,  1.5513e-02]],

         [[-1.8216e-02, -4.9664e-03,  1.1699e-02],
          [ 1.1027e-02, -5.8011e-03, -1.3874e-02],
          [-5.0196e-03,  3.5080e-03, -1.8471e-02]],

         [[-7.4657e-03, -1.3425e-02, -3.5174e-03],
          [-2.0170e-03,  9.2887e-03,  1.3133e-02],
          [-1.5636e-02,  1.3490e-02,  4.2051e-03]],

         ...,

         [[ 1.5506e-02, -6.5347e-04, -1.1138e-02],
          [-4.3040e-03,  3.5111e-03, -1.5062e-03],
          [-7.5291e-03, -3.9099e-04, -7.2664e-03]],

         [[-2.2697e-03, -2.6955e-03, -8.5458e-03],
          [-1.2949e-02, -1.0197e-02, -7.4498e-03],
          [-1.8702e-02, -1.3162e-02, -1.9056e-02]],

         [[ 1.4196e-03, -1.4200e-02, -1.6510e-02],
          [-1.9774e-02, -1.0341e-02,  1.8075e-02],
          [-1.8674e-02, -5.3046e-04,  2.0693e-02]]],


        ...,


        [[[ 1.2577e-02,  1.4287e-02, -2.7190e-03],
          [-1.7977e-02,  1.1664e-02, -6.3641e-03],
          [ 4.9799e-03, -1.4533e-02, -9.3000e-03]],

         [[ 1.5915e-02, -1.8872e-02, -1.6934e-04],
          [ 3.1070e-03, -1.9090e-02,  2.0563e-02],
          [ 1.0733e-02, -1.6718e-02, -9.7405e-03]],

         [[ 1.5383e-02, -1.6884e-02, -1.9182e-02],
          [ 2.0501e-02,  1.1496e-02, -1.1082e-02],
          [-4.7160e-03,  1.4781e-02, -8.1198e-04]],

         ...,

         [[-1.9080e-02,  9.9194e-03, -1.1383e-02],
          [ 1.8660e-02,  8.5540e-03,  1.9531e-02],
          [-8.9416e-03, -5.3136e-03, -1.7407e-02]],

         [[ 4.5388e-03,  1.5895e-02, -1.2162e-02],
          [ 1.8835e-02, -3.6903e-03,  6.5725e-03],
          [ 1.2008e-02, -1.5377e-02,  1.4198e-02]],

         [[-4.4720e-03, -9.9175e-05, -1.1596e-02],
          [-1.6511e-03, -1.8495e-03, -6.5560e-03],
          [-1.4539e-03,  1.6690e-02,  1.6428e-02]]],


        [[[-1.4149e-02, -4.0794e-03,  2.0695e-02],
          [ 7.1012e-03,  5.4911e-03, -1.0039e-02],
          [-1.2743e-02,  1.4426e-02, -6.7576e-03]],

         [[-3.8095e-03, -6.6428e-03, -1.7096e-02],
          [-2.4619e-04,  1.1831e-02, -1.8470e-02],
          [ 1.7310e-02,  1.1504e-02,  1.5119e-02]],

         [[ 4.0838e-03,  1.3443e-02,  1.7615e-02],
          [ 1.3494e-02,  1.7414e-02, -1.3068e-02],
          [-9.7323e-04,  2.1222e-03,  9.7488e-03]],

         ...,

         [[-5.6945e-03, -1.0105e-02,  1.4948e-02],
          [ 1.0576e-02,  3.2443e-03, -7.4439e-03],
          [-8.2850e-03, -1.6641e-02, -1.3124e-02]],

         [[ 1.7012e-02,  4.6675e-03, -1.3682e-02],
          [ 1.2443e-02,  3.8022e-03, -6.8095e-03],
          [-3.4706e-03, -7.5953e-03, -7.5700e-03]],

         [[ 1.7456e-02,  1.1836e-02,  1.5993e-02],
          [ 3.3928e-03,  7.1296e-03,  1.2564e-03],
          [ 8.0607e-03,  6.8540e-03, -7.3197e-03]]],


        [[[ 1.1832e-02, -1.9304e-02, -2.0027e-02],
          [-1.2056e-02, -5.8249e-03,  1.5812e-02],
          [ 1.2456e-02,  1.7065e-02, -4.0605e-03]],

         [[-1.1893e-02, -1.9315e-02,  1.5356e-02],
          [ 1.3755e-02, -1.5184e-02,  1.6768e-02],
          [-1.0806e-02,  1.3061e-03, -1.8814e-02]],

         [[-1.6746e-02,  1.8429e-02,  4.5865e-04],
          [ 6.1205e-03,  1.5339e-02,  3.9440e-04],
          [ 4.0593e-03, -1.5614e-02,  4.7099e-03]],

         ...,

         [[ 7.3100e-03, -1.8920e-02, -2.6757e-03],
          [ 7.9014e-03, -4.1971e-03, -8.7469e-03],
          [-8.6662e-03, -1.1265e-02, -1.8165e-02]],

         [[-1.7510e-02, -1.3820e-02,  5.9892e-03],
          [ 5.0672e-03, -3.0179e-03, -1.1216e-02],
          [ 7.5080e-03,  1.9019e-02, -1.1384e-02]],

         [[ 1.4012e-02,  4.6496e-03,  2.3492e-03],
          [ 1.0199e-03,  9.8531e-03, -1.7210e-02],
          [-1.8994e-02,  7.3201e-04, -5.0675e-03]]]], device='cuda:0') 
 Parameter containing:
tensor([[[[ 1.6320e-02,  2.2628e-03,  6.8959e-04],
          [-1.4887e-02,  8.0356e-03, -2.0076e-03],
          [-7.6286e-03, -9.8722e-03, -1.6934e-03]],

         [[-1.7765e-02, -4.8501e-03, -1.1581e-02],
          [-1.1372e-02, -1.4902e-02, -4.5236e-03],
          [ 1.3924e-02,  1.4078e-02,  6.2373e-03]],

         [[-5.9310e-03, -1.9146e-02,  8.7599e-03],
          [ 3.4849e-03, -1.6567e-02, -1.9434e-02],
          [ 6.4913e-03, -1.9765e-02, -2.1610e-03]],

         ...,

         [[ 7.4886e-03,  1.1723e-02,  1.6710e-02],
          [-8.7630e-03,  4.7825e-03, -2.0183e-02],
          [ 1.3498e-02, -1.1316e-02,  1.0037e-02]],

         [[ 6.1410e-03,  1.0496e-02,  1.6757e-02],
          [ 7.6893e-03, -6.3832e-03, -1.3954e-02],
          [ 2.2216e-03, -1.1455e-03,  1.5494e-03]],

         [[ 2.0436e-02, -1.8076e-02, -1.6501e-02],
          [ 1.2110e-02,  9.4066e-03, -8.1910e-04],
          [-1.4150e-02, -8.4042e-03, -4.5478e-03]]],


        [[[-1.4457e-02, -1.2763e-02,  1.3098e-03],
          [-2.0514e-02,  4.5219e-03,  1.2615e-02],
          [-1.5156e-03, -1.4021e-02,  9.4164e-03]],

         [[ 9.3886e-03,  8.1452e-03,  1.0987e-02],
          [ 6.6599e-03, -1.1000e-02,  1.2814e-02],
          [ 7.1201e-03,  1.6311e-03, -9.8411e-03]],

         [[ 1.5830e-02,  1.4179e-02, -4.3181e-03],
          [ 1.6146e-02, -6.8207e-03, -1.5432e-03],
          [ 1.8883e-02, -9.9946e-03, -2.0525e-02]],

         ...,

         [[ 1.6588e-03, -2.0335e-02,  9.3114e-03],
          [-1.1663e-02, -2.5632e-03, -2.0813e-02],
          [ 6.5181e-03, -1.7102e-02, -1.1110e-02]],

         [[-2.0819e-02,  1.5782e-03, -2.0531e-03],
          [-4.7501e-04,  1.4768e-02,  4.7280e-04],
          [ 1.8534e-02, -1.2278e-02, -2.0697e-02]],

         [[-1.8009e-02,  1.2561e-02, -3.1325e-03],
          [-6.5044e-03,  1.1355e-02, -1.2059e-02],
          [-8.7691e-03, -7.9032e-03, -1.1941e-02]]],


        [[[-3.3885e-03,  6.5383e-03,  1.2415e-02],
          [ 3.2140e-03,  3.5093e-03,  2.0744e-03],
          [ 1.1061e-02, -1.9669e-03,  1.5513e-02]],

         [[-1.8216e-02, -4.9664e-03,  1.1699e-02],
          [ 1.1027e-02, -5.8011e-03, -1.3874e-02],
          [-5.0196e-03,  3.5080e-03, -1.8471e-02]],

         [[-7.4657e-03, -1.3425e-02, -3.5174e-03],
          [-2.0170e-03,  9.2887e-03,  1.3133e-02],
          [-1.5636e-02,  1.3490e-02,  4.2051e-03]],

         ...,

         [[ 1.5506e-02, -6.5347e-04, -1.1138e-02],
          [-4.3040e-03,  3.5111e-03, -1.5062e-03],
          [-7.5291e-03, -3.9099e-04, -7.2664e-03]],

         [[-2.2697e-03, -2.6955e-03, -8.5458e-03],
          [-1.2949e-02, -1.0197e-02, -7.4498e-03],
          [-1.8702e-02, -1.3162e-02, -1.9056e-02]],

         [[ 1.4196e-03, -1.4200e-02, -1.6510e-02],
          [-1.9774e-02, -1.0341e-02,  1.8075e-02],
          [-1.8674e-02, -5.3046e-04,  2.0693e-02]]],


        ...,


        [[[ 1.2577e-02,  1.4287e-02, -2.7190e-03],
          [-1.7977e-02,  1.1664e-02, -6.3641e-03],
          [ 4.9799e-03, -1.4533e-02, -9.3000e-03]],

         [[ 1.5915e-02, -1.8872e-02, -1.6934e-04],
          [ 3.1070e-03, -1.9090e-02,  2.0563e-02],
          [ 1.0733e-02, -1.6718e-02, -9.7405e-03]],

         [[ 1.5383e-02, -1.6884e-02, -1.9182e-02],
          [ 2.0501e-02,  1.1496e-02, -1.1082e-02],
          [-4.7160e-03,  1.4781e-02, -8.1198e-04]],

         ...,

         [[-1.9080e-02,  9.9194e-03, -1.1383e-02],
          [ 1.8660e-02,  8.5540e-03,  1.9531e-02],
          [-8.9416e-03, -5.3136e-03, -1.7407e-02]],

         [[ 4.5388e-03,  1.5895e-02, -1.2162e-02],
          [ 1.8835e-02, -3.6903e-03,  6.5725e-03],
          [ 1.2008e-02, -1.5377e-02,  1.4198e-02]],

         [[-4.4720e-03, -9.9175e-05, -1.1596e-02],
          [-1.6511e-03, -1.8495e-03, -6.5560e-03],
          [-1.4539e-03,  1.6690e-02,  1.6428e-02]]],


        [[[-1.4149e-02, -4.0794e-03,  2.0695e-02],
          [ 7.1012e-03,  5.4911e-03, -1.0039e-02],
          [-1.2743e-02,  1.4426e-02, -6.7576e-03]],

         [[-3.8095e-03, -6.6428e-03, -1.7096e-02],
          [-2.4619e-04,  1.1831e-02, -1.8470e-02],
          [ 1.7310e-02,  1.1504e-02,  1.5119e-02]],

         [[ 4.0838e-03,  1.3443e-02,  1.7615e-02],
          [ 1.3494e-02,  1.7414e-02, -1.3068e-02],
          [-9.7323e-04,  2.1222e-03,  9.7488e-03]],

         ...,

         [[-5.6945e-03, -1.0105e-02,  1.4948e-02],
          [ 1.0576e-02,  3.2443e-03, -7.4439e-03],
          [-8.2850e-03, -1.6641e-02, -1.3124e-02]],

         [[ 1.7012e-02,  4.6675e-03, -1.3682e-02],
          [ 1.2443e-02,  3.8022e-03, -6.8095e-03],
          [-3.4706e-03, -7.5953e-03, -7.5700e-03]],

         [[ 1.7456e-02,  1.1836e-02,  1.5993e-02],
          [ 3.3928e-03,  7.1296e-03,  1.2564e-03],
          [ 8.0607e-03,  6.8540e-03, -7.3197e-03]]],


        [[[ 1.1832e-02, -1.9304e-02, -2.0027e-02],
          [-1.2056e-02, -5.8249e-03,  1.5812e-02],
          [ 1.2456e-02,  1.7065e-02, -4.0605e-03]],

         [[-1.1893e-02, -1.9315e-02,  1.5356e-02],
          [ 1.3755e-02, -1.5184e-02,  1.6768e-02],
          [-1.0806e-02,  1.3061e-03, -1.8814e-02]],

         [[-1.6746e-02,  1.8429e-02,  4.5865e-04],
          [ 6.1205e-03,  1.5339e-02,  3.9440e-04],
          [ 4.0593e-03, -1.5614e-02,  4.7099e-03]],

         ...,

         [[ 7.3100e-03, -1.8920e-02, -2.6757e-03],
          [ 7.9014e-03, -4.1971e-03, -8.7469e-03],
          [-8.6662e-03, -1.1265e-02, -1.8165e-02]],

         [[-1.7510e-02, -1.3820e-02,  5.9892e-03],
          [ 5.0672e-03, -3.0179e-03, -1.1216e-02],
          [ 7.5080e-03,  1.9019e-02, -1.1384e-02]],

         [[ 1.4012e-02,  4.6496e-03,  2.3492e-03],
          [ 1.0199e-03,  9.8531e-03, -1.7210e-02],
          [-1.8994e-02,  7.3201e-04, -5.0675e-03]]]], device='cuda:0',
       requires_grad=True)
parameters of the network conv2.bias 
 torch.Size([128]) 
 True 
 tensor([-1.2680e-02, -1.5967e-02, -1.6565e-02,  1.9133e-04, -2.0617e-03,
        -3.1335e-03,  1.4133e-02, -1.9264e-02,  6.2447e-03, -1.4310e-02,
        -1.5834e-02, -1.7763e-02,  8.3600e-03, -1.3106e-02,  1.8048e-02,
        -3.7465e-03, -1.9603e-02,  1.2293e-02,  1.2559e-02,  5.6902e-03,
        -4.8742e-04, -1.8055e-02,  8.1576e-03,  5.4563e-04,  2.0345e-03,
        -2.4439e-03,  1.1542e-03, -2.0370e-02,  1.0282e-02, -8.7842e-03,
         1.3255e-02,  1.8844e-02, -1.5931e-02,  1.5864e-02,  7.1269e-04,
        -1.6097e-02, -8.9228e-04,  1.3609e-02, -1.4260e-02, -1.8588e-02,
        -1.9126e-02, -1.0853e-05,  1.0307e-03,  1.1758e-02, -7.4674e-04,
         1.2439e-02,  2.0363e-02,  1.7003e-02, -1.5147e-02, -1.6632e-02,
         1.1768e-02,  1.8965e-02, -1.0807e-02,  1.5400e-02, -4.2364e-03,
         2.0328e-02, -1.7813e-02,  1.1081e-02, -1.3123e-02, -4.3189e-03,
         2.1813e-03, -1.0397e-02, -1.9757e-02, -2.7436e-03,  2.6095e-03,
        -6.1976e-03,  8.7405e-03, -8.9117e-03,  1.2981e-02,  5.5012e-03,
         6.8863e-03,  1.6505e-02,  1.4141e-02,  8.3337e-03,  1.8923e-02,
         9.2868e-03, -1.1223e-02,  1.2945e-02, -1.0325e-02,  1.8437e-02,
         1.8603e-02, -8.7969e-04,  5.9685e-03,  4.2044e-03, -1.5606e-02,
         1.4781e-02,  1.2257e-02, -1.9033e-02, -7.9671e-03, -1.9591e-02,
         1.2785e-02,  9.0936e-03, -1.3685e-02,  1.2743e-02,  1.8577e-02,
         6.7983e-03, -1.8230e-02, -3.5236e-03,  1.1042e-03,  9.7096e-03,
        -2.0601e-02, -1.9562e-02, -6.3584e-03, -6.8998e-03, -5.5556e-04,
        -1.0022e-02, -6.3980e-03,  1.5417e-02, -1.9498e-02, -1.5855e-03,
        -1.4533e-02,  1.5455e-02,  4.0427e-03,  1.6799e-02,  5.0120e-03,
         1.0301e-02,  1.4536e-02,  8.1724e-03,  1.8035e-02, -1.0988e-02,
         1.7479e-02, -1.3906e-02,  9.0851e-03,  5.8730e-03, -1.0047e-02,
        -9.1736e-03,  1.8883e-02,  1.8189e-02], device='cuda:0') 
 Parameter containing:
tensor([-1.2680e-02, -1.5967e-02, -1.6565e-02,  1.9133e-04, -2.0617e-03,
        -3.1335e-03,  1.4133e-02, -1.9264e-02,  6.2447e-03, -1.4310e-02,
        -1.5834e-02, -1.7763e-02,  8.3600e-03, -1.3106e-02,  1.8048e-02,
        -3.7465e-03, -1.9603e-02,  1.2293e-02,  1.2559e-02,  5.6902e-03,
        -4.8742e-04, -1.8055e-02,  8.1576e-03,  5.4563e-04,  2.0345e-03,
        -2.4439e-03,  1.1542e-03, -2.0370e-02,  1.0282e-02, -8.7842e-03,
         1.3255e-02,  1.8844e-02, -1.5931e-02,  1.5864e-02,  7.1269e-04,
        -1.6097e-02, -8.9228e-04,  1.3609e-02, -1.4260e-02, -1.8588e-02,
        -1.9126e-02, -1.0853e-05,  1.0307e-03,  1.1758e-02, -7.4674e-04,
         1.2439e-02,  2.0363e-02,  1.7003e-02, -1.5147e-02, -1.6632e-02,
         1.1768e-02,  1.8965e-02, -1.0807e-02,  1.5400e-02, -4.2364e-03,
         2.0328e-02, -1.7813e-02,  1.1081e-02, -1.3123e-02, -4.3189e-03,
         2.1813e-03, -1.0397e-02, -1.9757e-02, -2.7436e-03,  2.6095e-03,
        -6.1976e-03,  8.7405e-03, -8.9117e-03,  1.2981e-02,  5.5012e-03,
         6.8863e-03,  1.6505e-02,  1.4141e-02,  8.3337e-03,  1.8923e-02,
         9.2868e-03, -1.1223e-02,  1.2945e-02, -1.0325e-02,  1.8437e-02,
         1.8603e-02, -8.7969e-04,  5.9685e-03,  4.2044e-03, -1.5606e-02,
         1.4781e-02,  1.2257e-02, -1.9033e-02, -7.9671e-03, -1.9591e-02,
         1.2785e-02,  9.0936e-03, -1.3685e-02,  1.2743e-02,  1.8577e-02,
         6.7983e-03, -1.8230e-02, -3.5236e-03,  1.1042e-03,  9.7096e-03,
        -2.0601e-02, -1.9562e-02, -6.3584e-03, -6.8998e-03, -5.5556e-04,
        -1.0022e-02, -6.3980e-03,  1.5417e-02, -1.9498e-02, -1.5855e-03,
        -1.4533e-02,  1.5455e-02,  4.0427e-03,  1.6799e-02,  5.0120e-03,
         1.0301e-02,  1.4536e-02,  8.1724e-03,  1.8035e-02, -1.0988e-02,
         1.7479e-02, -1.3906e-02,  9.0851e-03,  5.8730e-03, -1.0047e-02,
        -9.1736e-03,  1.8883e-02,  1.8189e-02], device='cuda:0',
       requires_grad=True)
parameters of the network conv3.weight 
 torch.Size([64, 128, 3, 3]) 
 True 
 tensor([[[[ 0.0097,  0.0205, -0.0030],
          [ 0.0238, -0.0150, -0.0166],
          [-0.0292, -0.0252, -0.0058]],

         [[-0.0124, -0.0010,  0.0009],
          [-0.0066, -0.0008,  0.0072],
          [ 0.0263,  0.0261, -0.0003]],

         [[ 0.0007,  0.0090,  0.0183],
          [ 0.0164, -0.0226, -0.0141],
          [ 0.0230, -0.0134, -0.0050]],

         ...,

         [[ 0.0133, -0.0017, -0.0060],
          [ 0.0151, -0.0115,  0.0144],
          [ 0.0078, -0.0043, -0.0096]],

         [[-0.0196,  0.0249,  0.0168],
          [ 0.0198,  0.0086,  0.0155],
          [ 0.0128,  0.0132, -0.0284]],

         [[ 0.0012,  0.0250, -0.0176],
          [ 0.0048, -0.0169,  0.0213],
          [ 0.0179,  0.0104, -0.0119]]],


        [[[ 0.0245,  0.0048, -0.0290],
          [ 0.0246,  0.0020, -0.0111],
          [ 0.0219,  0.0188,  0.0178]],

         [[ 0.0194,  0.0169,  0.0165],
          [ 0.0076, -0.0029, -0.0137],
          [-0.0108, -0.0063, -0.0169]],

         [[-0.0034, -0.0263,  0.0111],
          [-0.0144, -0.0103, -0.0038],
          [-0.0069,  0.0235,  0.0029]],

         ...,

         [[-0.0026, -0.0149,  0.0252],
          [ 0.0221,  0.0166,  0.0289],
          [-0.0136, -0.0103,  0.0198]],

         [[ 0.0101, -0.0150, -0.0068],
          [ 0.0252, -0.0156, -0.0293],
          [ 0.0133, -0.0088,  0.0274]],

         [[ 0.0161,  0.0019, -0.0220],
          [-0.0244, -0.0088,  0.0082],
          [-0.0023,  0.0051, -0.0136]]],


        [[[ 0.0133,  0.0100, -0.0283],
          [-0.0018,  0.0206,  0.0150],
          [-0.0183,  0.0293,  0.0268]],

         [[ 0.0008, -0.0269, -0.0156],
          [ 0.0249,  0.0106, -0.0242],
          [-0.0223,  0.0091,  0.0244]],

         [[-0.0083, -0.0134,  0.0068],
          [ 0.0068, -0.0291, -0.0098],
          [-0.0155, -0.0174,  0.0275]],

         ...,

         [[-0.0273, -0.0074, -0.0290],
          [-0.0148, -0.0284, -0.0058],
          [ 0.0266, -0.0019, -0.0193]],

         [[-0.0046,  0.0164,  0.0135],
          [-0.0086, -0.0134,  0.0161],
          [ 0.0148, -0.0249,  0.0010]],

         [[ 0.0141, -0.0266, -0.0116],
          [-0.0140,  0.0189, -0.0259],
          [-0.0187,  0.0094, -0.0075]]],


        ...,


        [[[-0.0130,  0.0073,  0.0127],
          [-0.0101, -0.0033,  0.0130],
          [-0.0052, -0.0140, -0.0010]],

         [[-0.0223, -0.0101, -0.0129],
          [-0.0234, -0.0281, -0.0219],
          [-0.0290, -0.0274,  0.0021]],

         [[-0.0204,  0.0062,  0.0141],
          [-0.0026,  0.0091,  0.0015],
          [ 0.0262, -0.0169,  0.0012]],

         ...,

         [[ 0.0254,  0.0138,  0.0265],
          [ 0.0182, -0.0161,  0.0261],
          [ 0.0171, -0.0040,  0.0224]],

         [[-0.0211,  0.0286,  0.0027],
          [ 0.0153,  0.0232, -0.0241],
          [-0.0286,  0.0206, -0.0052]],

         [[ 0.0083, -0.0269, -0.0241],
          [ 0.0260, -0.0119, -0.0078],
          [-0.0060, -0.0113,  0.0059]]],


        [[[-0.0135, -0.0041,  0.0033],
          [ 0.0157, -0.0136, -0.0261],
          [-0.0103,  0.0228,  0.0046]],

         [[-0.0018, -0.0131,  0.0104],
          [ 0.0206,  0.0261,  0.0114],
          [ 0.0285,  0.0287,  0.0062]],

         [[ 0.0134,  0.0118,  0.0185],
          [ 0.0230, -0.0212, -0.0210],
          [ 0.0003, -0.0095, -0.0182]],

         ...,

         [[-0.0151, -0.0068,  0.0225],
          [-0.0186, -0.0053, -0.0238],
          [-0.0175,  0.0110,  0.0093]],

         [[ 0.0125,  0.0146,  0.0125],
          [ 0.0220,  0.0273,  0.0109],
          [ 0.0010,  0.0012, -0.0055]],

         [[-0.0171,  0.0255, -0.0060],
          [-0.0071, -0.0214, -0.0203],
          [-0.0060, -0.0277, -0.0281]]],


        [[[-0.0030, -0.0138, -0.0262],
          [-0.0045,  0.0093,  0.0153],
          [ 0.0145,  0.0201, -0.0109]],

         [[ 0.0157, -0.0081,  0.0149],
          [ 0.0224,  0.0228, -0.0039],
          [ 0.0158, -0.0260, -0.0170]],

         [[-0.0017, -0.0084,  0.0184],
          [-0.0193, -0.0085,  0.0125],
          [ 0.0262,  0.0046, -0.0026]],

         ...,

         [[-0.0162, -0.0253, -0.0181],
          [ 0.0256, -0.0056,  0.0095],
          [ 0.0036, -0.0057, -0.0029]],

         [[ 0.0207, -0.0196,  0.0181],
          [-0.0192, -0.0140, -0.0031],
          [-0.0135, -0.0179, -0.0046]],

         [[ 0.0234, -0.0291,  0.0030],
          [-0.0155,  0.0251,  0.0016],
          [ 0.0271, -0.0050, -0.0128]]]], device='cuda:0') 
 Parameter containing:
tensor([[[[ 0.0097,  0.0205, -0.0030],
          [ 0.0238, -0.0150, -0.0166],
          [-0.0292, -0.0252, -0.0058]],

         [[-0.0124, -0.0010,  0.0009],
          [-0.0066, -0.0008,  0.0072],
          [ 0.0263,  0.0261, -0.0003]],

         [[ 0.0007,  0.0090,  0.0183],
          [ 0.0164, -0.0226, -0.0141],
          [ 0.0230, -0.0134, -0.0050]],

         ...,

         [[ 0.0133, -0.0017, -0.0060],
          [ 0.0151, -0.0115,  0.0144],
          [ 0.0078, -0.0043, -0.0096]],

         [[-0.0196,  0.0249,  0.0168],
          [ 0.0198,  0.0086,  0.0155],
          [ 0.0128,  0.0132, -0.0284]],

         [[ 0.0012,  0.0250, -0.0176],
          [ 0.0048, -0.0169,  0.0213],
          [ 0.0179,  0.0104, -0.0119]]],


        [[[ 0.0245,  0.0048, -0.0290],
          [ 0.0246,  0.0020, -0.0111],
          [ 0.0219,  0.0188,  0.0178]],

         [[ 0.0194,  0.0169,  0.0165],
          [ 0.0076, -0.0029, -0.0137],
          [-0.0108, -0.0063, -0.0169]],

         [[-0.0034, -0.0263,  0.0111],
          [-0.0144, -0.0103, -0.0038],
          [-0.0069,  0.0235,  0.0029]],

         ...,

         [[-0.0026, -0.0149,  0.0252],
          [ 0.0221,  0.0166,  0.0289],
          [-0.0136, -0.0103,  0.0198]],

         [[ 0.0101, -0.0150, -0.0068],
          [ 0.0252, -0.0156, -0.0293],
          [ 0.0133, -0.0088,  0.0274]],

         [[ 0.0161,  0.0019, -0.0220],
          [-0.0244, -0.0088,  0.0082],
          [-0.0023,  0.0051, -0.0136]]],


        [[[ 0.0133,  0.0100, -0.0283],
          [-0.0018,  0.0206,  0.0150],
          [-0.0183,  0.0293,  0.0268]],

         [[ 0.0008, -0.0269, -0.0156],
          [ 0.0249,  0.0106, -0.0242],
          [-0.0223,  0.0091,  0.0244]],

         [[-0.0083, -0.0134,  0.0068],
          [ 0.0068, -0.0291, -0.0098],
          [-0.0155, -0.0174,  0.0275]],

         ...,

         [[-0.0273, -0.0074, -0.0290],
          [-0.0148, -0.0284, -0.0058],
          [ 0.0266, -0.0019, -0.0193]],

         [[-0.0046,  0.0164,  0.0135],
          [-0.0086, -0.0134,  0.0161],
          [ 0.0148, -0.0249,  0.0010]],

         [[ 0.0141, -0.0266, -0.0116],
          [-0.0140,  0.0189, -0.0259],
          [-0.0187,  0.0094, -0.0075]]],


        ...,


        [[[-0.0130,  0.0073,  0.0127],
          [-0.0101, -0.0033,  0.0130],
          [-0.0052, -0.0140, -0.0010]],

         [[-0.0223, -0.0101, -0.0129],
          [-0.0234, -0.0281, -0.0219],
          [-0.0290, -0.0274,  0.0021]],

         [[-0.0204,  0.0062,  0.0141],
          [-0.0026,  0.0091,  0.0015],
          [ 0.0262, -0.0169,  0.0012]],

         ...,

         [[ 0.0254,  0.0138,  0.0265],
          [ 0.0182, -0.0161,  0.0261],
          [ 0.0171, -0.0040,  0.0224]],

         [[-0.0211,  0.0286,  0.0027],
          [ 0.0153,  0.0232, -0.0241],
          [-0.0286,  0.0206, -0.0052]],

         [[ 0.0083, -0.0269, -0.0241],
          [ 0.0260, -0.0119, -0.0078],
          [-0.0060, -0.0113,  0.0059]]],


        [[[-0.0135, -0.0041,  0.0033],
          [ 0.0157, -0.0136, -0.0261],
          [-0.0103,  0.0228,  0.0046]],

         [[-0.0018, -0.0131,  0.0104],
          [ 0.0206,  0.0261,  0.0114],
          [ 0.0285,  0.0287,  0.0062]],

         [[ 0.0134,  0.0118,  0.0185],
          [ 0.0230, -0.0212, -0.0210],
          [ 0.0003, -0.0095, -0.0182]],

         ...,

         [[-0.0151, -0.0068,  0.0225],
          [-0.0186, -0.0053, -0.0238],
          [-0.0175,  0.0110,  0.0093]],

         [[ 0.0125,  0.0146,  0.0125],
          [ 0.0220,  0.0273,  0.0109],
          [ 0.0010,  0.0012, -0.0055]],

         [[-0.0171,  0.0255, -0.0060],
          [-0.0071, -0.0214, -0.0203],
          [-0.0060, -0.0277, -0.0281]]],


        [[[-0.0030, -0.0138, -0.0262],
          [-0.0045,  0.0093,  0.0153],
          [ 0.0145,  0.0201, -0.0109]],

         [[ 0.0157, -0.0081,  0.0149],
          [ 0.0224,  0.0228, -0.0039],
          [ 0.0158, -0.0260, -0.0170]],

         [[-0.0017, -0.0084,  0.0184],
          [-0.0193, -0.0085,  0.0125],
          [ 0.0262,  0.0046, -0.0026]],

         ...,

         [[-0.0162, -0.0253, -0.0181],
          [ 0.0256, -0.0056,  0.0095],
          [ 0.0036, -0.0057, -0.0029]],

         [[ 0.0207, -0.0196,  0.0181],
          [-0.0192, -0.0140, -0.0031],
          [-0.0135, -0.0179, -0.0046]],

         [[ 0.0234, -0.0291,  0.0030],
          [-0.0155,  0.0251,  0.0016],
          [ 0.0271, -0.0050, -0.0128]]]], device='cuda:0', requires_grad=True)
parameters of the network conv3.bias 
 torch.Size([64]) 
 True 
 tensor([-0.0238,  0.0104, -0.0079,  0.0143, -0.0276,  0.0253, -0.0278,  0.0226,
        -0.0266,  0.0188,  0.0280, -0.0174, -0.0081, -0.0225, -0.0020,  0.0073,
         0.0155, -0.0098, -0.0021, -0.0003,  0.0206,  0.0037,  0.0112, -0.0169,
         0.0226, -0.0107, -0.0233,  0.0088, -0.0198, -0.0258, -0.0101,  0.0045,
         0.0266,  0.0008,  0.0235, -0.0203,  0.0027,  0.0133,  0.0201,  0.0203,
        -0.0239,  0.0199,  0.0030,  0.0211,  0.0085, -0.0016, -0.0228, -0.0133,
         0.0129,  0.0159,  0.0193, -0.0073,  0.0142, -0.0067,  0.0207,  0.0264,
        -0.0173,  0.0039,  0.0207, -0.0007, -0.0215, -0.0094, -0.0208, -0.0077],
       device='cuda:0') 
 Parameter containing:
tensor([-0.0238,  0.0104, -0.0079,  0.0143, -0.0276,  0.0253, -0.0278,  0.0226,
        -0.0266,  0.0188,  0.0280, -0.0174, -0.0081, -0.0225, -0.0020,  0.0073,
         0.0155, -0.0098, -0.0021, -0.0003,  0.0206,  0.0037,  0.0112, -0.0169,
         0.0226, -0.0107, -0.0233,  0.0088, -0.0198, -0.0258, -0.0101,  0.0045,
         0.0266,  0.0008,  0.0235, -0.0203,  0.0027,  0.0133,  0.0201,  0.0203,
        -0.0239,  0.0199,  0.0030,  0.0211,  0.0085, -0.0016, -0.0228, -0.0133,
         0.0129,  0.0159,  0.0193, -0.0073,  0.0142, -0.0067,  0.0207,  0.0264,
        -0.0173,  0.0039,  0.0207, -0.0007, -0.0215, -0.0094, -0.0208, -0.0077],
       device='cuda:0', requires_grad=True)
parameters of the network fc1.weight 
 torch.Size([256, 667776]) 
 True 
 tensor([[ 1.9341e-06, -9.5459e-05,  1.1528e-03,  ..., -6.4397e-04,
         -5.5975e-04,  5.3978e-04],
        [-2.6795e-04, -4.7488e-04, -6.2824e-04,  ...,  5.4837e-04,
          1.1101e-03, -6.5308e-04],
        [-6.4138e-04,  8.0790e-04, -9.0313e-04,  ..., -7.1955e-04,
         -1.0784e-03,  3.8910e-04],
        ...,
        [-9.1180e-04, -4.4468e-04, -7.5676e-04,  ..., -5.8340e-04,
         -7.5838e-04,  5.2059e-04],
        [-9.4453e-04, -1.0078e-03, -6.6141e-04,  ...,  3.7375e-04,
         -6.2428e-04, -8.7712e-04],
        [ 6.5694e-04,  1.1914e-03,  7.8700e-04,  ..., -9.5654e-04,
          5.6070e-06,  1.5121e-04]], device='cuda:0') 
 Parameter containing:
tensor([[ 1.9341e-06, -9.5459e-05,  1.1528e-03,  ..., -6.4397e-04,
         -5.5975e-04,  5.3978e-04],
        [-2.6795e-04, -4.7488e-04, -6.2824e-04,  ...,  5.4837e-04,
          1.1101e-03, -6.5308e-04],
        [-6.4138e-04,  8.0790e-04, -9.0313e-04,  ..., -7.1955e-04,
         -1.0784e-03,  3.8910e-04],
        ...,
        [-9.1180e-04, -4.4468e-04, -7.5676e-04,  ..., -5.8340e-04,
         -7.5838e-04,  5.2059e-04],
        [-9.4453e-04, -1.0078e-03, -6.6141e-04,  ...,  3.7375e-04,
         -6.2428e-04, -8.7712e-04],
        [ 6.5694e-04,  1.1914e-03,  7.8700e-04,  ..., -9.5654e-04,
          5.6070e-06,  1.5121e-04]], device='cuda:0', requires_grad=True)
parameters of the network fc1.bias 
 torch.Size([256]) 
 True 
 tensor([ 4.5930e-04, -1.0965e-03,  2.6669e-04, -1.1818e-03, -5.1143e-04,
        -5.8424e-04, -9.2912e-04, -8.8322e-04, -4.4892e-04,  7.5901e-04,
         1.0524e-03,  6.6432e-04,  1.8600e-04, -3.0455e-04,  8.2241e-04,
        -9.2293e-04,  5.5187e-04,  1.0498e-03, -9.8699e-04,  5.4866e-04,
         6.2981e-04, -9.0550e-04, -8.5107e-04,  1.2990e-04, -1.1223e-03,
        -9.2325e-04, -5.4866e-04, -3.4170e-04,  3.1331e-04, -1.1444e-03,
        -4.3531e-04,  6.6223e-04, -5.0588e-05, -6.4196e-04,  8.4292e-04,
        -2.3455e-05, -5.4742e-04,  7.3962e-04,  2.1120e-04, -4.8200e-04,
        -6.5351e-04,  8.2776e-04,  1.1277e-03,  9.4800e-04, -4.7812e-04,
         1.3151e-04,  4.9082e-05,  3.4173e-04, -1.1337e-03, -7.3761e-04,
         3.3167e-04, -1.0433e-03, -8.3221e-04, -6.0285e-04,  4.3568e-04,
        -7.4662e-04,  1.0422e-03,  5.7812e-04, -1.1578e-04,  5.0856e-04,
        -9.1848e-04,  8.0351e-04, -7.8141e-05,  8.9808e-04,  6.6844e-04,
        -1.1627e-03,  1.0625e-03,  2.9976e-04, -2.2736e-04, -1.0487e-03,
         7.7130e-04, -5.2427e-04,  4.8244e-04, -5.9148e-04, -1.2558e-04,
         5.3786e-04,  7.5329e-04,  8.2755e-04,  1.9577e-04,  1.1336e-03,
        -3.4908e-04, -8.6604e-04,  1.0531e-04,  6.6407e-04, -5.2395e-05,
         1.0768e-03,  8.5942e-04,  5.1006e-04,  3.6540e-04,  1.5006e-04,
         6.7284e-04,  3.8737e-04,  2.9589e-04,  9.5575e-05,  7.9160e-04,
        -1.2334e-04,  4.2930e-05,  3.0308e-04, -6.1474e-05, -3.0791e-04,
        -7.6429e-04,  5.1415e-04, -9.9877e-04, -3.7458e-04,  5.4269e-04,
         6.2716e-04,  2.7793e-04,  7.8562e-04,  1.0735e-03, -5.8402e-04,
         1.1845e-03, -2.1965e-04, -7.3147e-04,  1.1341e-04,  2.7854e-05,
         8.8210e-04, -5.6068e-04, -1.1225e-03,  9.6387e-04,  8.2336e-04,
        -5.6652e-04, -1.1972e-03,  1.2262e-04, -8.4499e-04, -1.1953e-03,
        -1.3601e-04,  6.2072e-04,  1.0860e-03, -9.3137e-04,  8.5358e-04,
         7.1879e-04, -1.0859e-04, -1.2098e-03, -5.4726e-04,  5.0020e-04,
        -8.4908e-04, -6.8051e-04, -1.2655e-04, -1.1471e-03,  1.0479e-03,
         5.4023e-04, -7.5412e-04,  4.0077e-04, -1.0054e-03,  8.4920e-04,
         1.1905e-04,  7.2635e-04,  5.0175e-04,  2.2691e-04,  8.1455e-04,
        -1.1205e-03, -2.1930e-04,  5.1365e-04, -1.1608e-03, -4.4114e-04,
        -1.0509e-03,  1.0000e-03, -6.9210e-04, -8.7039e-04,  7.5159e-04,
         6.0181e-04, -1.3118e-04,  4.4440e-04,  7.8253e-04,  1.0663e-03,
         9.7103e-04,  3.1526e-04, -9.2884e-04, -5.1589e-04,  1.0908e-03,
        -2.7323e-04,  7.4654e-04,  2.6551e-04,  1.1454e-03, -4.3625e-04,
        -1.0600e-03,  3.3457e-04, -7.0293e-04, -3.1870e-04, -4.6153e-04,
        -8.8705e-04, -9.6961e-05,  1.1637e-03,  1.1755e-03, -8.9844e-04,
        -2.3414e-04, -8.0236e-04, -7.8643e-04,  4.0858e-04,  3.9502e-04,
        -1.2191e-03, -6.7221e-05,  4.0802e-04, -7.9484e-04, -2.5487e-04,
         3.7245e-04,  1.0282e-03,  6.3601e-04, -7.4330e-06,  1.1972e-03,
        -2.0215e-04, -8.4153e-04,  1.1785e-03,  2.7848e-04,  1.0213e-03,
         1.9629e-04, -1.1817e-05, -1.2070e-03, -5.5675e-04, -8.0857e-04,
        -4.6289e-04, -9.8042e-04,  5.8298e-04, -7.8420e-05,  7.8593e-04,
        -1.1234e-03,  1.0736e-03, -4.2063e-04,  9.4008e-04,  8.7720e-04,
         7.3303e-04,  1.9984e-04, -1.0932e-03,  1.0138e-03, -1.0743e-03,
         7.6476e-04, -9.8580e-04,  2.1794e-04, -2.2122e-04,  1.0068e-04,
         2.0099e-04,  1.6596e-04,  2.9013e-04,  9.0614e-04,  8.9867e-04,
         7.8620e-04,  2.3765e-04,  6.8448e-04, -9.6171e-04, -2.9113e-04,
         3.4315e-04,  9.8810e-04, -3.4493e-05,  1.0043e-03, -1.0122e-03,
         2.5491e-04,  9.6474e-04, -1.1059e-03,  1.1783e-03,  1.1790e-03,
        -7.2706e-04, -6.0667e-04,  1.0741e-03, -5.9647e-04,  7.4940e-04,
         3.1899e-04], device='cuda:0') 
 Parameter containing:
tensor([ 4.5930e-04, -1.0965e-03,  2.6669e-04, -1.1818e-03, -5.1143e-04,
        -5.8424e-04, -9.2912e-04, -8.8322e-04, -4.4892e-04,  7.5901e-04,
         1.0524e-03,  6.6432e-04,  1.8600e-04, -3.0455e-04,  8.2241e-04,
        -9.2293e-04,  5.5187e-04,  1.0498e-03, -9.8699e-04,  5.4866e-04,
         6.2981e-04, -9.0550e-04, -8.5107e-04,  1.2990e-04, -1.1223e-03,
        -9.2325e-04, -5.4866e-04, -3.4170e-04,  3.1331e-04, -1.1444e-03,
        -4.3531e-04,  6.6223e-04, -5.0588e-05, -6.4196e-04,  8.4292e-04,
        -2.3455e-05, -5.4742e-04,  7.3962e-04,  2.1120e-04, -4.8200e-04,
        -6.5351e-04,  8.2776e-04,  1.1277e-03,  9.4800e-04, -4.7812e-04,
         1.3151e-04,  4.9082e-05,  3.4173e-04, -1.1337e-03, -7.3761e-04,
         3.3167e-04, -1.0433e-03, -8.3221e-04, -6.0285e-04,  4.3568e-04,
        -7.4662e-04,  1.0422e-03,  5.7812e-04, -1.1578e-04,  5.0856e-04,
        -9.1848e-04,  8.0351e-04, -7.8141e-05,  8.9808e-04,  6.6844e-04,
        -1.1627e-03,  1.0625e-03,  2.9976e-04, -2.2736e-04, -1.0487e-03,
         7.7130e-04, -5.2427e-04,  4.8244e-04, -5.9148e-04, -1.2558e-04,
         5.3786e-04,  7.5329e-04,  8.2755e-04,  1.9577e-04,  1.1336e-03,
        -3.4908e-04, -8.6604e-04,  1.0531e-04,  6.6407e-04, -5.2395e-05,
         1.0768e-03,  8.5942e-04,  5.1006e-04,  3.6540e-04,  1.5006e-04,
         6.7284e-04,  3.8737e-04,  2.9589e-04,  9.5575e-05,  7.9160e-04,
        -1.2334e-04,  4.2930e-05,  3.0308e-04, -6.1474e-05, -3.0791e-04,
        -7.6429e-04,  5.1415e-04, -9.9877e-04, -3.7458e-04,  5.4269e-04,
         6.2716e-04,  2.7793e-04,  7.8562e-04,  1.0735e-03, -5.8402e-04,
         1.1845e-03, -2.1965e-04, -7.3147e-04,  1.1341e-04,  2.7854e-05,
         8.8210e-04, -5.6068e-04, -1.1225e-03,  9.6387e-04,  8.2336e-04,
        -5.6652e-04, -1.1972e-03,  1.2262e-04, -8.4499e-04, -1.1953e-03,
        -1.3601e-04,  6.2072e-04,  1.0860e-03, -9.3137e-04,  8.5358e-04,
         7.1879e-04, -1.0859e-04, -1.2098e-03, -5.4726e-04,  5.0020e-04,
        -8.4908e-04, -6.8051e-04, -1.2655e-04, -1.1471e-03,  1.0479e-03,
         5.4023e-04, -7.5412e-04,  4.0077e-04, -1.0054e-03,  8.4920e-04,
         1.1905e-04,  7.2635e-04,  5.0175e-04,  2.2691e-04,  8.1455e-04,
        -1.1205e-03, -2.1930e-04,  5.1365e-04, -1.1608e-03, -4.4114e-04,
        -1.0509e-03,  1.0000e-03, -6.9210e-04, -8.7039e-04,  7.5159e-04,
         6.0181e-04, -1.3118e-04,  4.4440e-04,  7.8253e-04,  1.0663e-03,
         9.7103e-04,  3.1526e-04, -9.2884e-04, -5.1589e-04,  1.0908e-03,
        -2.7323e-04,  7.4654e-04,  2.6551e-04,  1.1454e-03, -4.3625e-04,
        -1.0600e-03,  3.3457e-04, -7.0293e-04, -3.1870e-04, -4.6153e-04,
        -8.8705e-04, -9.6961e-05,  1.1637e-03,  1.1755e-03, -8.9844e-04,
        -2.3414e-04, -8.0236e-04, -7.8643e-04,  4.0858e-04,  3.9502e-04,
        -1.2191e-03, -6.7221e-05,  4.0802e-04, -7.9484e-04, -2.5487e-04,
         3.7245e-04,  1.0282e-03,  6.3601e-04, -7.4330e-06,  1.1972e-03,
        -2.0215e-04, -8.4153e-04,  1.1785e-03,  2.7848e-04,  1.0213e-03,
         1.9629e-04, -1.1817e-05, -1.2070e-03, -5.5675e-04, -8.0857e-04,
        -4.6289e-04, -9.8042e-04,  5.8298e-04, -7.8420e-05,  7.8593e-04,
        -1.1234e-03,  1.0736e-03, -4.2063e-04,  9.4008e-04,  8.7720e-04,
         7.3303e-04,  1.9984e-04, -1.0932e-03,  1.0138e-03, -1.0743e-03,
         7.6476e-04, -9.8580e-04,  2.1794e-04, -2.2122e-04,  1.0068e-04,
         2.0099e-04,  1.6596e-04,  2.9013e-04,  9.0614e-04,  8.9867e-04,
         7.8620e-04,  2.3765e-04,  6.8448e-04, -9.6171e-04, -2.9113e-04,
         3.4315e-04,  9.8810e-04, -3.4493e-05,  1.0043e-03, -1.0122e-03,
         2.5491e-04,  9.6474e-04, -1.1059e-03,  1.1783e-03,  1.1790e-03,
        -7.2706e-04, -6.0667e-04,  1.0741e-03, -5.9647e-04,  7.4940e-04,
         3.1899e-04], device='cuda:0', requires_grad=True)
parameters of the network fc2.weight 
 torch.Size([128, 256]) 
 True 
 tensor([[ 0.0050, -0.0249,  0.0557,  ...,  0.0149, -0.0336, -0.0530],
        [-0.0424, -0.0544,  0.0238,  ...,  0.0037,  0.0415,  0.0027],
        [ 0.0040,  0.0278, -0.0564,  ...,  0.0538, -0.0109, -0.0623],
        ...,
        [ 0.0175, -0.0444,  0.0625,  ..., -0.0063,  0.0168,  0.0157],
        [-0.0585,  0.0478, -0.0181,  ..., -0.0178, -0.0126, -0.0521],
        [ 0.0249,  0.0072,  0.0345,  ...,  0.0425,  0.0228, -0.0211]],
       device='cuda:0') 
 Parameter containing:
tensor([[ 0.0050, -0.0249,  0.0557,  ...,  0.0149, -0.0336, -0.0530],
        [-0.0424, -0.0544,  0.0238,  ...,  0.0037,  0.0415,  0.0027],
        [ 0.0040,  0.0278, -0.0564,  ...,  0.0538, -0.0109, -0.0623],
        ...,
        [ 0.0175, -0.0444,  0.0625,  ..., -0.0063,  0.0168,  0.0157],
        [-0.0585,  0.0478, -0.0181,  ..., -0.0178, -0.0126, -0.0521],
        [ 0.0249,  0.0072,  0.0345,  ...,  0.0425,  0.0228, -0.0211]],
       device='cuda:0', requires_grad=True)
parameters of the network fc2.bias 
 torch.Size([128]) 
 True 
 tensor([-0.0609,  0.0520, -0.0530,  0.0287, -0.0247,  0.0161, -0.0366, -0.0206,
         0.0100, -0.0041,  0.0509, -0.0586,  0.0347,  0.0104,  0.0514, -0.0296,
        -0.0051,  0.0368,  0.0225,  0.0194, -0.0613,  0.0532,  0.0158, -0.0555,
        -0.0329, -0.0601,  0.0479, -0.0305,  0.0244,  0.0412,  0.0151, -0.0267,
        -0.0101, -0.0575, -0.0283, -0.0442, -0.0234,  0.0142,  0.0060, -0.0011,
        -0.0276, -0.0053, -0.0353, -0.0155,  0.0541, -0.0231, -0.0120, -0.0294,
         0.0226, -0.0438,  0.0231, -0.0134,  0.0562, -0.0554,  0.0451,  0.0315,
         0.0079,  0.0404,  0.0503, -0.0236, -0.0244,  0.0027,  0.0074, -0.0247,
        -0.0080,  0.0269, -0.0125,  0.0291, -0.0376,  0.0120, -0.0571,  0.0149,
        -0.0282, -0.0287, -0.0464, -0.0070, -0.0358,  0.0076,  0.0272, -0.0455,
         0.0421,  0.0289, -0.0314,  0.0311,  0.0575, -0.0160,  0.0544, -0.0446,
         0.0551,  0.0150,  0.0019, -0.0437, -0.0396,  0.0137, -0.0594, -0.0522,
        -0.0258,  0.0620, -0.0552,  0.0532,  0.0286,  0.0344, -0.0150,  0.0535,
         0.0123,  0.0389, -0.0256,  0.0474,  0.0377, -0.0102, -0.0112, -0.0544,
         0.0025, -0.0292,  0.0459, -0.0518, -0.0300,  0.0382, -0.0107, -0.0610,
         0.0048, -0.0247, -0.0438,  0.0160, -0.0010, -0.0053,  0.0618,  0.0537],
       device='cuda:0') 
 Parameter containing:
tensor([-0.0609,  0.0520, -0.0530,  0.0287, -0.0247,  0.0161, -0.0366, -0.0206,
         0.0100, -0.0041,  0.0509, -0.0586,  0.0347,  0.0104,  0.0514, -0.0296,
        -0.0051,  0.0368,  0.0225,  0.0194, -0.0613,  0.0532,  0.0158, -0.0555,
        -0.0329, -0.0601,  0.0479, -0.0305,  0.0244,  0.0412,  0.0151, -0.0267,
        -0.0101, -0.0575, -0.0283, -0.0442, -0.0234,  0.0142,  0.0060, -0.0011,
        -0.0276, -0.0053, -0.0353, -0.0155,  0.0541, -0.0231, -0.0120, -0.0294,
         0.0226, -0.0438,  0.0231, -0.0134,  0.0562, -0.0554,  0.0451,  0.0315,
         0.0079,  0.0404,  0.0503, -0.0236, -0.0244,  0.0027,  0.0074, -0.0247,
        -0.0080,  0.0269, -0.0125,  0.0291, -0.0376,  0.0120, -0.0571,  0.0149,
        -0.0282, -0.0287, -0.0464, -0.0070, -0.0358,  0.0076,  0.0272, -0.0455,
         0.0421,  0.0289, -0.0314,  0.0311,  0.0575, -0.0160,  0.0544, -0.0446,
         0.0551,  0.0150,  0.0019, -0.0437, -0.0396,  0.0137, -0.0594, -0.0522,
        -0.0258,  0.0620, -0.0552,  0.0532,  0.0286,  0.0344, -0.0150,  0.0535,
         0.0123,  0.0389, -0.0256,  0.0474,  0.0377, -0.0102, -0.0112, -0.0544,
         0.0025, -0.0292,  0.0459, -0.0518, -0.0300,  0.0382, -0.0107, -0.0610,
         0.0048, -0.0247, -0.0438,  0.0160, -0.0010, -0.0053,  0.0618,  0.0537],
       device='cuda:0', requires_grad=True)
parameters of the network fc3.weight 
 torch.Size([64, 128]) 
 True 
 tensor([[ 0.0032,  0.0761,  0.0031,  ...,  0.0882, -0.0401,  0.0787],
        [-0.0076, -0.0883,  0.0100,  ..., -0.0715, -0.0869, -0.0090],
        [ 0.0216, -0.0518, -0.0617,  ...,  0.0168, -0.0082, -0.0090],
        ...,
        [-0.0868, -0.0123,  0.0158,  ..., -0.0622, -0.0404,  0.0393],
        [-0.0527, -0.0492, -0.0035,  ...,  0.0862,  0.0441,  0.0629],
        [ 0.0669,  0.0034,  0.0869,  ...,  0.0289,  0.0002,  0.0248]],
       device='cuda:0') 
 Parameter containing:
tensor([[ 0.0032,  0.0761,  0.0031,  ...,  0.0882, -0.0401,  0.0787],
        [-0.0076, -0.0883,  0.0100,  ..., -0.0715, -0.0869, -0.0090],
        [ 0.0216, -0.0518, -0.0617,  ...,  0.0168, -0.0082, -0.0090],
        ...,
        [-0.0868, -0.0123,  0.0158,  ..., -0.0622, -0.0404,  0.0393],
        [-0.0527, -0.0492, -0.0035,  ...,  0.0862,  0.0441,  0.0629],
        [ 0.0669,  0.0034,  0.0869,  ...,  0.0289,  0.0002,  0.0248]],
       device='cuda:0', requires_grad=True)
parameters of the network fc3.bias 
 torch.Size([64]) 
 True 
 tensor([ 0.0806,  0.0002, -0.0724,  0.0661,  0.0012, -0.0658, -0.0819, -0.0744,
        -0.0525,  0.0763,  0.0350,  0.0078, -0.0399,  0.0854, -0.0702,  0.0852,
         0.0723, -0.0589,  0.0114,  0.0447,  0.0568, -0.0564, -0.0833, -0.0862,
         0.0754, -0.0483,  0.0087,  0.0642, -0.0579, -0.0541,  0.0749, -0.0765,
        -0.0481, -0.0683,  0.0834, -0.0834,  0.0523,  0.0102, -0.0092, -0.0492,
        -0.0881,  0.0219,  0.0221, -0.0799, -0.0653,  0.0175, -0.0400, -0.0115,
         0.0796,  0.0875, -0.0208,  0.0242, -0.0786, -0.0740,  0.0347,  0.0218,
         0.0207, -0.0103,  0.0309,  0.0251, -0.0573,  0.0648, -0.0803,  0.0189],
       device='cuda:0') 
 Parameter containing:
tensor([ 0.0806,  0.0002, -0.0724,  0.0661,  0.0012, -0.0658, -0.0819, -0.0744,
        -0.0525,  0.0763,  0.0350,  0.0078, -0.0399,  0.0854, -0.0702,  0.0852,
         0.0723, -0.0589,  0.0114,  0.0447,  0.0568, -0.0564, -0.0833, -0.0862,
         0.0754, -0.0483,  0.0087,  0.0642, -0.0579, -0.0541,  0.0749, -0.0765,
        -0.0481, -0.0683,  0.0834, -0.0834,  0.0523,  0.0102, -0.0092, -0.0492,
        -0.0881,  0.0219,  0.0221, -0.0799, -0.0653,  0.0175, -0.0400, -0.0115,
         0.0796,  0.0875, -0.0208,  0.0242, -0.0786, -0.0740,  0.0347,  0.0218,
         0.0207, -0.0103,  0.0309,  0.0251, -0.0573,  0.0648, -0.0803,  0.0189],
       device='cuda:0', requires_grad=True)
parameters of the network fc4.weight 
 torch.Size([6796, 64]) 
 True 
 tensor([[-0.0953, -0.1152, -0.0170,  ..., -0.0731,  0.0773, -0.1242],
        [-0.0543,  0.0819,  0.0909,  ..., -0.0198, -0.1072,  0.0359],
        [-0.0069, -0.0156, -0.0055,  ...,  0.0170,  0.0483, -0.0434],
        ...,
        [ 0.0385,  0.1179, -0.0187,  ..., -0.0576, -0.1179, -0.0784],
        [-0.0100,  0.0574,  0.0359,  ...,  0.1135, -0.0404,  0.0413],
        [-0.0559, -0.0739, -0.1215,  ..., -0.0560, -0.0172, -0.0292]],
       device='cuda:0') 
 Parameter containing:
tensor([[-0.0953, -0.1152, -0.0170,  ..., -0.0731,  0.0773, -0.1242],
        [-0.0543,  0.0819,  0.0909,  ..., -0.0198, -0.1072,  0.0359],
        [-0.0069, -0.0156, -0.0055,  ...,  0.0170,  0.0483, -0.0434],
        ...,
        [ 0.0385,  0.1179, -0.0187,  ..., -0.0576, -0.1179, -0.0784],
        [-0.0100,  0.0574,  0.0359,  ...,  0.1135, -0.0404,  0.0413],
        [-0.0559, -0.0739, -0.1215,  ..., -0.0560, -0.0172, -0.0292]],
       device='cuda:0', requires_grad=True)
parameters of the network fc4.bias 
 torch.Size([6796]) 
 True 
 tensor([-0.0665,  0.0251, -0.1020,  ...,  0.0244,  0.0577,  0.0456],
       device='cuda:0') 
 Parameter containing:
tensor([-0.0665,  0.0251, -0.1020,  ...,  0.0244,  0.0577,  0.0456],
       device='cuda:0', requires_grad=True)

Passing event 1007 from the network before training input tensor([[0., 0., 0.,  ..., 0., 0., 0.],
        [0., 0., 0.,  ..., 0., 0., 0.],
        [0., 0., 0.,  ..., 0., 0., 0.],
        ...,
        [0., 0., 0.,  ..., 0., 0., 0.],
        [0., 0., 0.,  ..., 0., 0., 0.],
        [0., 0., 0.,  ..., 0., 0., 0.]]) 
result1: tensor([[0.4863, 0.5017, 0.4702,  ..., 0.5007, 0.5117, 0.5115],
        [0.4862, 0.5017, 0.4701,  ..., 0.5006, 0.5117, 0.5115],
        [0.4862, 0.5018, 0.4702,  ..., 0.5007, 0.5118, 0.5115],
        ...,
        [0.4862, 0.5017, 0.4701,  ..., 0.5006, 0.5118, 0.5115],
        [0.4863, 0.5017, 0.4702,  ..., 0.5007, 0.5118, 0.5114],
        [0.4862, 0.5017, 0.4701,  ..., 0.5006, 0.5117, 0.5115]],
       device='cuda:0', grad_fn=<SigmoidBackward0>) 
result1.shape: torch.Size([20, 6796])

Passing two random events from the network before training 
result1: tensor([[0.4863, 0.5017, 0.4702,  ..., 0.5007, 0.5117, 0.5115],
        [0.4862, 0.5017, 0.4701,  ..., 0.5006, 0.5117, 0.5115],
        [0.4862, 0.5018, 0.4702,  ..., 0.5007, 0.5118, 0.5115],
        ...,
        [0.4862, 0.5017, 0.4701,  ..., 0.5006, 0.5118, 0.5115],
        [0.4863, 0.5017, 0.4702,  ..., 0.5007, 0.5118, 0.5114],
        [0.4862, 0.5017, 0.4701,  ..., 0.5006, 0.5117, 0.5115]],
       device='cuda:0', grad_fn=<SigmoidBackward0>) 
result1.shape: torch.Size([20, 6796]) 
input: [[0. 0. 0. ... 0. 0. 0.]
 [0. 0. 0. ... 0. 0. 0.]
 [0. 0. 0. ... 0. 0. 0.]
 ...
 [0. 0. 0. ... 0. 0. 0.]
 [0. 0. 0. ... 0. 0. 0.]
 [0. 0. 0. ... 0. 0. 0.]]
=> loading checkpoint from /hpcfs/bes/mlgpu/hoseinkk/MLTracking/otherparticles/pppipi/pyt_pppipi_cnn_1/checkpoint_dir/1999840284saved_checkpoint.tar



load_model True 
TraEvN 19998 
BatchSize 30.0 
EpochNum 40 
LrVal 0.0001 
weight_decay 5e-05 
startmesh 284 
endmesh 285 




Passing event 10003 from the network before training input tensor([[0., 0., 0.,  ..., 0., 0., 0.],
        [0., 0., 0.,  ..., 0., 0., 0.],
        [0., 0., 0.,  ..., 0., 0., 0.],
        ...,
        [0., 0., 0.,  ..., 0., 0., 0.],
        [0., 0., 0.,  ..., 0., 0., 0.],
        [0., 0., 0.,  ..., 0., 0., 0.]]) 
result1: tensor([3.7665e-25, 6.8206e-16, 3.3445e-28,  ..., 5.2994e-17, 0.0000e+00,
        6.7180e-33], grad_fn=<SelectBackward0>) 
result1.shape: torch.Size([6796])

Passing event 10003 from the network after training input tensor([[0., 0., 0.,  ..., 0., 0., 0.],
        [0., 0., 0.,  ..., 0., 0., 0.],
        [0., 0., 0.,  ..., 0., 0., 0.],
        ...,
        [0., 0., 0.,  ..., 0., 0., 0.],
        [0., 0., 0.,  ..., 0., 0., 0.],
        [0., 0., 0.,  ..., 0., 0., 0.]]) 
result1: tensor([0.5071, 0.5148, 0.5221,  ..., 0.4809, 0.4808, 0.5095],
       grad_fn=<SelectBackward0>) 
result1.shape: torch.Size([6796])

real	0m53.432s
user	1m5.314s
sys	0m5.206s
