0: cmsgpu001.ihep.ac.cn
GPU 0: NVIDIA A100-PCIE-40GB (UUID: GPU-83673d1f-01b2-490d-5bc6-a84aaf3ddc65)
Allocate GPU cards : 0

modinfo:
filename:       /lib/modules/3.10.0-1160.71.1.el7.x86_64/extra/nvidia.ko.xz
firmware:       nvidia/515.65.01/gsp.bin
alias:          char-major-195-*
version:        515.65.01
supported:      external
license:        NVIDIA
retpoline:      Y
rhelversion:    7.9
srcversion:     8049D44E2C1B08F41E1B8A6
alias:          pci:v000010DEd*sv*sd*bc06sc80i00*
alias:          pci:v000010DEd*sv*sd*bc03sc02i00*
alias:          pci:v000010DEd*sv*sd*bc03sc00i00*
depends:        drm
vermagic:       3.10.0-1160.71.1.el7.x86_64 SMP mod_unload modversions 
signer:         DKMS module signing key
sig_key:        9B:9E:55:A9:86:D9:50:0B:6D:2D:9F:BA:A7:E6:45:39:D4:DD:5F:C6
sig_hashalgo:   sha512
parm:           NvSwitchRegDwords:NvSwitch regkey (charp)
parm:           NvSwitchBlacklist:NvSwitchBlacklist=uuid[,uuid...] (charp)
parm:           NVreg_ResmanDebugLevel:int
parm:           NVreg_RmLogonRC:int
parm:           NVreg_ModifyDeviceFiles:int
parm:           NVreg_DeviceFileUID:int
parm:           NVreg_DeviceFileGID:int
parm:           NVreg_DeviceFileMode:int
parm:           NVreg_InitializeSystemMemoryAllocations:int
parm:           NVreg_UsePageAttributeTable:int
parm:           NVreg_EnablePCIeGen3:int
parm:           NVreg_EnableMSI:int
parm:           NVreg_TCEBypassMode:int
parm:           NVreg_EnableStreamMemOPs:int
parm:           NVreg_RestrictProfilingToAdminUsers:int
parm:           NVreg_PreserveVideoMemoryAllocations:int
parm:           NVreg_EnableS0ixPowerManagement:int
parm:           NVreg_S0ixPowerManagementVideoMemoryThreshold:int
parm:           NVreg_DynamicPowerManagement:int
parm:           NVreg_DynamicPowerManagementVideoMemoryThreshold:int
parm:           NVreg_EnableGpuFirmware:int
parm:           NVreg_EnableGpuFirmwareLogs:int
parm:           NVreg_OpenRmEnableUnsupportedGpus:int
parm:           NVreg_EnableUserNUMAManagement:int
parm:           NVreg_MemoryPoolSize:int
parm:           NVreg_KMallocHeapMaxSize:int
parm:           NVreg_VMallocHeapMaxSize:int
parm:           NVreg_IgnoreMMIOCheck:int
parm:           NVreg_NvLinkDisable:int
parm:           NVreg_EnablePCIERelaxedOrderingMode:int
parm:           NVreg_RegisterPCIDriver:int
parm:           NVreg_EnableDbgBreakpoint:int
parm:           NVreg_RegistryDwords:charp
parm:           NVreg_RegistryDwordsPerDevice:charp
parm:           NVreg_RmMsg:charp
parm:           NVreg_GpuBlacklist:charp
parm:           NVreg_TemporaryFilePath:charp
parm:           NVreg_ExcludedGpus:charp
parm:           NVreg_DmaRemapPeerMmio:int
parm:           rm_firmware_active:charp

nvidia-smi:
Mon Aug 29 14:07:37 2022       
+-----------------------------------------------------------------------------+
| NVIDIA-SMI 515.65.01    Driver Version: 515.65.01    CUDA Version: 11.7     |
|-------------------------------+----------------------+----------------------+
| GPU  Name        Persistence-M| Bus-Id        Disp.A | Volatile Uncorr. ECC |
| Fan  Temp  Perf  Pwr:Usage/Cap|         Memory-Usage | GPU-Util  Compute M. |
|                               |                      |               MIG M. |
|===============================+======================+======================|
|   0  NVIDIA A100-PCI...  On   | 00000000:3B:00.0 Off |                    0 |
| N/A   22C    P0    32W / 250W |      0MiB / 40960MiB |      0%      Default |
|                               |                      |             Disabled |
+-------------------------------+----------------------+----------------------+
                                                                               
+-----------------------------------------------------------------------------+
| Processes:                                                                  |
|  GPU   GI   CI        PID   Type   Process name                  GPU Memory |
|        ID   ID                                                   Usage      |
|=============================================================================|
|  No running processes found                                                 |
+-----------------------------------------------------------------------------+

nvcc --version:
nvcc: NVIDIA (R) Cuda compiler driver
Copyright (c) 2005-2021 NVIDIA Corporation
Built on Sun_Mar_21_19:15:46_PDT_2021
Cuda compilation tools, release 11.3, V11.3.58
Build cuda_11.3.r11.3/compiler.29745058_0

 torch version: 1.10.2

 cuda version: 11.3

 is cuda available: True

 CUDNN VERSION: 8200

 Number CUDA Devices: 1

 CUDA Device Name: NVIDIA A100-PCIE-40GB

 CUDA Device Total Memory [GB]: 42.358472704

 Device capability: (8, 0) 

 Cuda deviice: <torch.cuda.device object at 0x2b2832f7d8e0> 

 Is cuda initialized: True

 CUDA_HOME: /hpcfs/bes/mlgpu/hoseinkk/Miniconda3/envs/dgl1

real	0m5.120s
user	0m2.614s
sys	0m1.228s
/hpcfs/bes/mlgpu/hoseinkk/Miniconda3/envs/dgl1/lib/python3.9/site-packages/cupy/_environment.py:438: UserWarning: 
--------------------------------------------------------------------------------

  CuPy may not function correctly because multiple CuPy packages are installed
  in your environment:

    cupy, cupy-cuda110

  Follow these steps to resolve this issue:

    1. For all packages listed above, run the following command to remove all
       existing CuPy installations:

         $ pip uninstall <package_name>

      If you previously installed CuPy via conda, also run the following:

         $ conda uninstall cupy

    2. Install the appropriate CuPy package.
       Refer to the Installation Guide for detailed instructions.

         https://docs.cupy.dev/en/stable/install.html

--------------------------------------------------------------------------------

  warnings.warn(f'''




 The Network ... 







 Loading data ... 



training set shape (20000, 43, 288) 
sum 5279207

target set shape (20000, 6796) 
sum 4575851
Net(
  (conv1): Conv2d(1, 256, kernel_size=(3, 3), stride=(1, 1))
  (conv2): Conv2d(256, 128, kernel_size=(3, 3), stride=(1, 1))
  (conv3): Conv2d(128, 64, kernel_size=(3, 3), stride=(1, 1))
  (fc1): Linear(in_features=667776, out_features=256, bias=True)
  (fc2): Linear(in_features=256, out_features=128, bias=True)
  (fc3): Linear(in_features=128, out_features=64, bias=True)
  (fc4): Linear(in_features=64, out_features=6796, bias=True)
)

number of the free parameters: 171805196
parameters of the network conv1.weight 
 torch.Size([256, 1, 3, 3]) 
 True 
 tensor([[[[-0.1081,  0.2755, -0.2311],
          [ 0.2072,  0.1944,  0.2445],
          [-0.1301, -0.1096,  0.0260]]],


        [[[-0.2885,  0.1944, -0.2829],
          [-0.2219, -0.3064,  0.1444],
          [-0.0849, -0.1878, -0.1628]]],


        [[[ 0.0245, -0.2793,  0.2692],
          [-0.0037, -0.0680, -0.1861],
          [ 0.0997, -0.1945, -0.0085]]],


        ...,


        [[[-0.3201,  0.2025, -0.1487],
          [-0.1634,  0.2566,  0.2383],
          [-0.0981,  0.2576,  0.1245]]],


        [[[-0.0572,  0.3205, -0.2106],
          [ 0.2475,  0.2307, -0.0328],
          [ 0.2933, -0.0269, -0.1293]]],


        [[[ 0.3099,  0.3043,  0.0510],
          [-0.1339, -0.1583, -0.0909],
          [ 0.1252, -0.2351, -0.1287]]]], device='cuda:0') 
 Parameter containing:
tensor([[[[-0.1081,  0.2755, -0.2311],
          [ 0.2072,  0.1944,  0.2445],
          [-0.1301, -0.1096,  0.0260]]],


        [[[-0.2885,  0.1944, -0.2829],
          [-0.2219, -0.3064,  0.1444],
          [-0.0849, -0.1878, -0.1628]]],


        [[[ 0.0245, -0.2793,  0.2692],
          [-0.0037, -0.0680, -0.1861],
          [ 0.0997, -0.1945, -0.0085]]],


        ...,


        [[[-0.3201,  0.2025, -0.1487],
          [-0.1634,  0.2566,  0.2383],
          [-0.0981,  0.2576,  0.1245]]],


        [[[-0.0572,  0.3205, -0.2106],
          [ 0.2475,  0.2307, -0.0328],
          [ 0.2933, -0.0269, -0.1293]]],


        [[[ 0.3099,  0.3043,  0.0510],
          [-0.1339, -0.1583, -0.0909],
          [ 0.1252, -0.2351, -0.1287]]]], device='cuda:0', requires_grad=True)
parameters of the network conv1.bias 
 torch.Size([256]) 
 True 
 tensor([-5.3609e-02,  1.5397e-01, -2.4144e-01, -2.9404e-01,  2.2663e-03,
        -2.6851e-01, -2.3475e-01,  1.9723e-01,  2.8359e-01, -2.6771e-01,
         1.9564e-01, -1.6592e-01,  3.1457e-01,  2.1948e-01, -2.1513e-01,
        -2.0729e-01,  2.4283e-01, -2.8709e-01, -9.0129e-02, -2.4806e-01,
        -9.8887e-02,  2.6815e-01,  1.0633e-01, -1.9037e-01, -2.0274e-04,
         1.1298e-01,  1.1590e-01, -3.0053e-01, -1.8751e-01,  7.7509e-02,
        -2.4590e-01,  1.0884e-01, -2.0791e-01, -2.0870e-01,  1.6072e-02,
         2.0100e-01,  1.0331e-01, -2.0743e-01, -1.9527e-01, -2.0922e-01,
         2.3761e-01, -2.2403e-01,  1.7801e-01,  5.3032e-02,  7.7080e-02,
        -3.1825e-01,  7.2068e-02, -2.1593e-01, -2.1917e-01,  3.3490e-04,
         1.2654e-02, -6.8725e-02, -5.4207e-02,  1.9531e-01, -1.3551e-01,
         1.6841e-01,  1.8249e-01, -1.1329e-01,  2.7338e-01, -4.3098e-02,
         2.7937e-01,  1.2745e-01, -2.5970e-01, -7.1630e-02, -3.0740e-01,
        -2.3520e-01, -9.7582e-02, -2.5274e-01, -1.0618e-01, -2.9378e-01,
        -1.3086e-02, -4.9651e-02,  3.0992e-01,  1.0466e-01, -3.2513e-01,
        -2.1381e-01,  1.8537e-01,  9.9626e-02, -8.0813e-02, -1.8597e-01,
        -5.1152e-02, -1.1247e-01,  1.5257e-01, -5.8827e-02,  1.1063e-01,
        -2.9934e-01,  9.8376e-02,  2.5141e-01, -2.0303e-01, -3.0435e-01,
         2.4304e-01, -1.6757e-01,  2.7147e-01,  2.5113e-01, -3.0166e-01,
         2.4155e-01, -1.8898e-01,  1.6008e-02, -6.8385e-02,  2.4126e-01,
        -2.0660e-01, -3.1735e-01, -2.5543e-01,  3.5513e-02,  6.8213e-02,
        -2.4705e-01, -9.3844e-02, -3.3075e-01, -5.2871e-03,  8.1778e-02,
         3.0991e-01,  2.8553e-02, -1.1465e-01,  1.6316e-01,  3.0395e-01,
        -2.4752e-01, -2.3811e-01, -3.1735e-01, -1.6194e-01, -2.4922e-03,
         2.6911e-02, -4.9208e-02, -9.2911e-02, -2.0454e-01, -1.0173e-01,
        -1.8180e-01, -2.7263e-01,  1.7318e-02,  5.2438e-02, -1.0778e-01,
        -1.8121e-02,  8.5332e-02, -1.7673e-01, -1.0820e-01,  2.4200e-01,
         2.9510e-01, -1.7423e-01,  2.6407e-01,  2.8483e-01, -2.7214e-01,
        -1.3004e-01,  3.2706e-01, -1.2823e-01, -2.7992e-01,  2.4045e-01,
         2.1088e-01, -1.7653e-01,  3.0147e-01,  1.9743e-01,  8.7737e-02,
        -5.1890e-02,  3.8569e-02,  1.9851e-01, -7.7580e-02,  2.1585e-01,
         2.1188e-01,  1.6567e-01,  6.2393e-02, -3.1197e-01, -4.6269e-02,
         2.4151e-01, -5.0304e-02,  6.1464e-02, -1.4112e-01, -2.6361e-01,
        -7.5667e-02, -9.9234e-03,  1.1574e-01, -2.9730e-01,  2.2985e-01,
         1.6135e-01,  1.8437e-02, -9.1991e-02,  1.6553e-01,  1.4360e-01,
         3.1508e-01, -2.6946e-02, -1.1000e-01,  2.8559e-01, -3.5825e-02,
        -2.2390e-01,  1.7108e-01, -1.0698e-01,  1.6695e-01,  7.6817e-02,
        -2.8897e-01,  2.5321e-01, -2.3136e-01,  2.1214e-01, -3.2008e-01,
         1.4715e-01,  2.9803e-01,  2.6170e-03,  1.9969e-01, -2.5614e-01,
        -1.7247e-01,  1.0999e-01, -7.6233e-02, -1.9788e-01,  3.2547e-01,
        -4.2862e-02,  1.2227e-01, -1.8006e-02,  6.6604e-02,  1.2320e-01,
         1.6154e-01, -4.7641e-02,  9.3119e-02,  1.8645e-01,  1.1750e-01,
         1.1173e-01, -8.1349e-02, -1.5769e-01,  2.2779e-01, -3.1816e-01,
        -1.4253e-01,  1.4659e-01, -1.9954e-01, -3.2673e-01, -2.8984e-01,
         7.8676e-02,  2.5436e-01,  2.0975e-01,  3.1655e-02,  3.7045e-02,
         4.4370e-02,  7.9544e-02, -7.4033e-02, -2.0145e-01,  2.6317e-01,
        -2.3490e-01,  4.3977e-02, -2.9072e-01, -1.0128e-01,  2.2442e-01,
        -2.4652e-02,  2.9487e-02, -1.6828e-02,  2.8109e-01, -1.5310e-01,
        -3.2916e-01,  1.9366e-01, -4.9270e-02,  1.4540e-01, -1.1890e-01,
        -2.3332e-01,  2.9920e-01,  1.3845e-01,  3.1428e-01, -2.6316e-01,
         1.7628e-01,  2.9600e-01,  7.9239e-02, -7.1224e-02, -6.6019e-02,
         2.0188e-01], device='cuda:0') 
 Parameter containing:
tensor([-5.3609e-02,  1.5397e-01, -2.4144e-01, -2.9404e-01,  2.2663e-03,
        -2.6851e-01, -2.3475e-01,  1.9723e-01,  2.8359e-01, -2.6771e-01,
         1.9564e-01, -1.6592e-01,  3.1457e-01,  2.1948e-01, -2.1513e-01,
        -2.0729e-01,  2.4283e-01, -2.8709e-01, -9.0129e-02, -2.4806e-01,
        -9.8887e-02,  2.6815e-01,  1.0633e-01, -1.9037e-01, -2.0274e-04,
         1.1298e-01,  1.1590e-01, -3.0053e-01, -1.8751e-01,  7.7509e-02,
        -2.4590e-01,  1.0884e-01, -2.0791e-01, -2.0870e-01,  1.6072e-02,
         2.0100e-01,  1.0331e-01, -2.0743e-01, -1.9527e-01, -2.0922e-01,
         2.3761e-01, -2.2403e-01,  1.7801e-01,  5.3032e-02,  7.7080e-02,
        -3.1825e-01,  7.2068e-02, -2.1593e-01, -2.1917e-01,  3.3490e-04,
         1.2654e-02, -6.8725e-02, -5.4207e-02,  1.9531e-01, -1.3551e-01,
         1.6841e-01,  1.8249e-01, -1.1329e-01,  2.7338e-01, -4.3098e-02,
         2.7937e-01,  1.2745e-01, -2.5970e-01, -7.1630e-02, -3.0740e-01,
        -2.3520e-01, -9.7582e-02, -2.5274e-01, -1.0618e-01, -2.9378e-01,
        -1.3086e-02, -4.9651e-02,  3.0992e-01,  1.0466e-01, -3.2513e-01,
        -2.1381e-01,  1.8537e-01,  9.9626e-02, -8.0813e-02, -1.8597e-01,
        -5.1152e-02, -1.1247e-01,  1.5257e-01, -5.8827e-02,  1.1063e-01,
        -2.9934e-01,  9.8376e-02,  2.5141e-01, -2.0303e-01, -3.0435e-01,
         2.4304e-01, -1.6757e-01,  2.7147e-01,  2.5113e-01, -3.0166e-01,
         2.4155e-01, -1.8898e-01,  1.6008e-02, -6.8385e-02,  2.4126e-01,
        -2.0660e-01, -3.1735e-01, -2.5543e-01,  3.5513e-02,  6.8213e-02,
        -2.4705e-01, -9.3844e-02, -3.3075e-01, -5.2871e-03,  8.1778e-02,
         3.0991e-01,  2.8553e-02, -1.1465e-01,  1.6316e-01,  3.0395e-01,
        -2.4752e-01, -2.3811e-01, -3.1735e-01, -1.6194e-01, -2.4922e-03,
         2.6911e-02, -4.9208e-02, -9.2911e-02, -2.0454e-01, -1.0173e-01,
        -1.8180e-01, -2.7263e-01,  1.7318e-02,  5.2438e-02, -1.0778e-01,
        -1.8121e-02,  8.5332e-02, -1.7673e-01, -1.0820e-01,  2.4200e-01,
         2.9510e-01, -1.7423e-01,  2.6407e-01,  2.8483e-01, -2.7214e-01,
        -1.3004e-01,  3.2706e-01, -1.2823e-01, -2.7992e-01,  2.4045e-01,
         2.1088e-01, -1.7653e-01,  3.0147e-01,  1.9743e-01,  8.7737e-02,
        -5.1890e-02,  3.8569e-02,  1.9851e-01, -7.7580e-02,  2.1585e-01,
         2.1188e-01,  1.6567e-01,  6.2393e-02, -3.1197e-01, -4.6269e-02,
         2.4151e-01, -5.0304e-02,  6.1464e-02, -1.4112e-01, -2.6361e-01,
        -7.5667e-02, -9.9234e-03,  1.1574e-01, -2.9730e-01,  2.2985e-01,
         1.6135e-01,  1.8437e-02, -9.1991e-02,  1.6553e-01,  1.4360e-01,
         3.1508e-01, -2.6946e-02, -1.1000e-01,  2.8559e-01, -3.5825e-02,
        -2.2390e-01,  1.7108e-01, -1.0698e-01,  1.6695e-01,  7.6817e-02,
        -2.8897e-01,  2.5321e-01, -2.3136e-01,  2.1214e-01, -3.2008e-01,
         1.4715e-01,  2.9803e-01,  2.6170e-03,  1.9969e-01, -2.5614e-01,
        -1.7247e-01,  1.0999e-01, -7.6233e-02, -1.9788e-01,  3.2547e-01,
        -4.2862e-02,  1.2227e-01, -1.8006e-02,  6.6604e-02,  1.2320e-01,
         1.6154e-01, -4.7641e-02,  9.3119e-02,  1.8645e-01,  1.1750e-01,
         1.1173e-01, -8.1349e-02, -1.5769e-01,  2.2779e-01, -3.1816e-01,
        -1.4253e-01,  1.4659e-01, -1.9954e-01, -3.2673e-01, -2.8984e-01,
         7.8676e-02,  2.5436e-01,  2.0975e-01,  3.1655e-02,  3.7045e-02,
         4.4370e-02,  7.9544e-02, -7.4033e-02, -2.0145e-01,  2.6317e-01,
        -2.3490e-01,  4.3977e-02, -2.9072e-01, -1.0128e-01,  2.2442e-01,
        -2.4652e-02,  2.9487e-02, -1.6828e-02,  2.8109e-01, -1.5310e-01,
        -3.2916e-01,  1.9366e-01, -4.9270e-02,  1.4540e-01, -1.1890e-01,
        -2.3332e-01,  2.9920e-01,  1.3845e-01,  3.1428e-01, -2.6316e-01,
         1.7628e-01,  2.9600e-01,  7.9239e-02, -7.1224e-02, -6.6019e-02,
         2.0188e-01], device='cuda:0', requires_grad=True)
parameters of the network conv2.weight 
 torch.Size([128, 256, 3, 3]) 
 True 
 tensor([[[[-1.8324e-02, -6.0781e-03,  1.8290e-02],
          [ 6.0247e-03,  7.2074e-03,  2.0729e-02],
          [-4.1398e-04, -2.0004e-02, -8.2617e-03]],

         [[-1.5404e-02, -4.9056e-03,  3.9933e-03],
          [ 2.8012e-03, -1.5890e-02, -5.0724e-03],
          [ 1.8417e-02, -1.1591e-02, -1.7513e-02]],

         [[ 5.6377e-03, -1.8816e-02,  1.1798e-02],
          [-1.3008e-02,  1.7592e-02,  1.5676e-02],
          [ 6.3389e-03, -1.3420e-02,  1.4939e-02]],

         ...,

         [[-4.4102e-03, -1.7711e-02, -1.2013e-02],
          [-1.9977e-02, -2.6190e-03,  4.5053e-03],
          [ 1.0098e-02, -7.7479e-03,  3.8765e-03]],

         [[-7.1828e-03,  1.2341e-02, -1.3431e-02],
          [ 1.2996e-02, -8.9671e-03,  1.1173e-02],
          [ 1.7661e-02, -8.9174e-03,  1.5448e-02]],

         [[-1.1547e-02,  1.4428e-02,  1.6547e-02],
          [ 1.6666e-02,  1.5036e-02,  1.2602e-02],
          [-5.4914e-03,  1.2768e-02,  1.1349e-04]]],


        [[[ 1.5735e-03, -7.0157e-03,  2.0638e-02],
          [-1.8907e-02, -1.2983e-02,  3.6882e-03],
          [ 1.4388e-04, -4.5042e-03,  1.1201e-05]],

         [[-1.9020e-02,  1.9230e-02, -5.9543e-03],
          [-4.5027e-03,  1.8506e-02,  1.6365e-02],
          [-1.0565e-02, -1.3981e-02,  1.3530e-02]],

         [[ 4.1389e-03, -3.3116e-03, -1.7153e-02],
          [-9.5837e-03,  1.9425e-02,  2.0010e-02],
          [ 1.2221e-02, -6.2829e-03, -1.1228e-02]],

         ...,

         [[ 1.0738e-02, -8.5880e-03, -1.2560e-02],
          [-1.0821e-02, -2.7691e-03,  1.6033e-03],
          [-9.7212e-03, -8.7535e-03,  1.6771e-02]],

         [[ 8.3309e-03,  1.8011e-02,  1.7511e-02],
          [ 1.2361e-02, -7.2128e-03, -8.4491e-03],
          [ 1.7271e-03,  1.6207e-02, -2.0371e-02]],

         [[ 1.8001e-03, -1.6643e-03, -6.8753e-04],
          [-8.2575e-03,  1.4119e-02,  5.8271e-03],
          [-1.0466e-02,  1.6434e-02, -1.5877e-03]]],


        [[[-1.8152e-02, -1.4731e-02,  1.5104e-02],
          [ 4.7223e-03, -1.5790e-02, -1.4005e-02],
          [ 1.6628e-02,  1.8909e-02, -1.3897e-02]],

         [[ 1.8898e-02,  3.1039e-03,  1.1398e-02],
          [-1.7282e-02,  4.8730e-03,  8.1775e-03],
          [ 7.3374e-04, -1.2914e-02, -1.0088e-02]],

         [[-1.7463e-03, -1.9908e-02, -7.1711e-03],
          [ 1.9872e-02, -1.0111e-02, -9.7991e-03],
          [ 1.7488e-02, -1.4077e-02, -4.1365e-03]],

         ...,

         [[ 1.7907e-02, -1.7096e-02, -7.1036e-03],
          [-1.0416e-02, -9.9597e-03,  5.7108e-03],
          [-1.0081e-02,  1.2369e-02,  1.8983e-02]],

         [[ 1.5016e-02,  1.1196e-02, -5.6386e-03],
          [ 1.3221e-02,  2.8089e-03,  1.2434e-02],
          [ 1.7611e-02,  1.4450e-04,  7.0758e-03]],

         [[-2.0033e-02, -7.3133e-03,  6.1701e-04],
          [-1.9612e-02,  7.3406e-05, -9.2222e-04],
          [ 2.7646e-03,  9.5104e-03, -1.3388e-02]]],


        ...,


        [[[-1.3834e-02,  1.9229e-02, -1.4627e-02],
          [ 1.1172e-02,  4.1267e-03, -4.6467e-04],
          [ 1.9750e-03, -4.2937e-03,  6.3136e-03]],

         [[ 3.4128e-03,  7.7104e-03, -1.9248e-03],
          [ 3.6833e-03, -8.3932e-03,  1.7855e-03],
          [ 2.8752e-03,  1.5508e-02,  7.0422e-03]],

         [[-1.8554e-02,  8.6013e-03,  1.6293e-03],
          [ 3.5020e-03,  7.3497e-03, -1.2636e-02],
          [ 1.7186e-02, -1.6724e-02,  1.2677e-02]],

         ...,

         [[-9.3730e-03, -1.9959e-03, -1.1961e-02],
          [-1.5043e-03, -7.1568e-03, -1.6732e-02],
          [ 9.7938e-03, -1.7886e-02, -1.4548e-02]],

         [[-6.0796e-04, -1.9572e-02, -1.2386e-02],
          [-1.5501e-02,  1.3687e-02, -1.7604e-02],
          [ 1.5505e-02, -1.5073e-02,  6.0708e-03]],

         [[-9.0063e-04,  1.0492e-02,  1.2779e-03],
          [ 1.6171e-02,  2.1839e-03, -9.0889e-03],
          [ 3.8603e-03,  1.3794e-02,  1.1472e-02]]],


        [[[ 2.2539e-03,  2.7718e-03,  6.2468e-03],
          [-1.3467e-02,  1.2084e-02,  3.9448e-03],
          [-8.5945e-03,  3.3082e-03,  1.0236e-02]],

         [[-9.9184e-03, -1.5394e-02,  1.3770e-02],
          [-7.2776e-03, -8.7055e-03, -6.8088e-04],
          [-1.6489e-02, -1.3850e-03,  6.0899e-03]],

         [[-1.1551e-02,  3.7107e-03, -1.2221e-02],
          [-1.7560e-02,  2.1694e-03, -1.8062e-02],
          [-1.4552e-02, -2.8012e-03,  1.8685e-02]],

         ...,

         [[ 8.0572e-03, -1.1543e-02, -5.6869e-03],
          [ 2.6030e-03, -1.0840e-02,  5.2621e-03],
          [ 1.9523e-02, -1.9252e-02,  6.0879e-03]],

         [[-1.9339e-02,  1.1992e-02,  2.0105e-02],
          [-9.9301e-03, -1.7782e-02,  1.8984e-02],
          [-1.7785e-02, -1.0317e-02, -4.1012e-03]],

         [[ 1.7123e-02,  1.5309e-02,  5.3485e-03],
          [ 1.6109e-02, -9.9416e-03,  9.1793e-03],
          [ 1.6152e-02, -1.4055e-02, -4.1316e-03]]],


        [[[-2.0464e-02, -6.5281e-04, -1.0570e-02],
          [-1.1338e-02, -1.9178e-02,  5.5382e-03],
          [-9.8917e-03,  2.9837e-03, -1.8461e-03]],

         [[ 3.0093e-04, -1.0766e-02, -6.4515e-03],
          [ 4.8630e-03, -3.1226e-03, -5.2726e-03],
          [-1.5373e-02,  4.2058e-03,  1.3854e-02]],

         [[ 9.1347e-04, -1.7017e-02,  4.0197e-03],
          [ 8.0269e-03,  1.0751e-03, -1.5385e-02],
          [-1.3081e-03, -1.1063e-02, -7.3622e-03]],

         ...,

         [[ 6.8288e-03, -1.4467e-02,  1.8955e-02],
          [-3.1120e-03, -1.0377e-02, -1.1232e-02],
          [-1.8348e-03, -1.3386e-02, -1.4967e-02]],

         [[ 5.9370e-04, -1.0861e-02, -1.9139e-02],
          [ 2.7454e-03,  1.1391e-02, -1.8407e-02],
          [-2.6773e-03,  1.2094e-02, -2.0296e-02]],

         [[ 9.5467e-03,  3.8061e-03, -8.2494e-03],
          [-7.7263e-03,  8.4088e-03, -2.0453e-02],
          [-1.7506e-02, -1.4762e-02,  1.5949e-02]]]], device='cuda:0') 
 Parameter containing:
tensor([[[[-1.8324e-02, -6.0781e-03,  1.8290e-02],
          [ 6.0247e-03,  7.2074e-03,  2.0729e-02],
          [-4.1398e-04, -2.0004e-02, -8.2617e-03]],

         [[-1.5404e-02, -4.9056e-03,  3.9933e-03],
          [ 2.8012e-03, -1.5890e-02, -5.0724e-03],
          [ 1.8417e-02, -1.1591e-02, -1.7513e-02]],

         [[ 5.6377e-03, -1.8816e-02,  1.1798e-02],
          [-1.3008e-02,  1.7592e-02,  1.5676e-02],
          [ 6.3389e-03, -1.3420e-02,  1.4939e-02]],

         ...,

         [[-4.4102e-03, -1.7711e-02, -1.2013e-02],
          [-1.9977e-02, -2.6190e-03,  4.5053e-03],
          [ 1.0098e-02, -7.7479e-03,  3.8765e-03]],

         [[-7.1828e-03,  1.2341e-02, -1.3431e-02],
          [ 1.2996e-02, -8.9671e-03,  1.1173e-02],
          [ 1.7661e-02, -8.9174e-03,  1.5448e-02]],

         [[-1.1547e-02,  1.4428e-02,  1.6547e-02],
          [ 1.6666e-02,  1.5036e-02,  1.2602e-02],
          [-5.4914e-03,  1.2768e-02,  1.1349e-04]]],


        [[[ 1.5735e-03, -7.0157e-03,  2.0638e-02],
          [-1.8907e-02, -1.2983e-02,  3.6882e-03],
          [ 1.4388e-04, -4.5042e-03,  1.1201e-05]],

         [[-1.9020e-02,  1.9230e-02, -5.9543e-03],
          [-4.5027e-03,  1.8506e-02,  1.6365e-02],
          [-1.0565e-02, -1.3981e-02,  1.3530e-02]],

         [[ 4.1389e-03, -3.3116e-03, -1.7153e-02],
          [-9.5837e-03,  1.9425e-02,  2.0010e-02],
          [ 1.2221e-02, -6.2829e-03, -1.1228e-02]],

         ...,

         [[ 1.0738e-02, -8.5880e-03, -1.2560e-02],
          [-1.0821e-02, -2.7691e-03,  1.6033e-03],
          [-9.7212e-03, -8.7535e-03,  1.6771e-02]],

         [[ 8.3309e-03,  1.8011e-02,  1.7511e-02],
          [ 1.2361e-02, -7.2128e-03, -8.4491e-03],
          [ 1.7271e-03,  1.6207e-02, -2.0371e-02]],

         [[ 1.8001e-03, -1.6643e-03, -6.8753e-04],
          [-8.2575e-03,  1.4119e-02,  5.8271e-03],
          [-1.0466e-02,  1.6434e-02, -1.5877e-03]]],


        [[[-1.8152e-02, -1.4731e-02,  1.5104e-02],
          [ 4.7223e-03, -1.5790e-02, -1.4005e-02],
          [ 1.6628e-02,  1.8909e-02, -1.3897e-02]],

         [[ 1.8898e-02,  3.1039e-03,  1.1398e-02],
          [-1.7282e-02,  4.8730e-03,  8.1775e-03],
          [ 7.3374e-04, -1.2914e-02, -1.0088e-02]],

         [[-1.7463e-03, -1.9908e-02, -7.1711e-03],
          [ 1.9872e-02, -1.0111e-02, -9.7991e-03],
          [ 1.7488e-02, -1.4077e-02, -4.1365e-03]],

         ...,

         [[ 1.7907e-02, -1.7096e-02, -7.1036e-03],
          [-1.0416e-02, -9.9597e-03,  5.7108e-03],
          [-1.0081e-02,  1.2369e-02,  1.8983e-02]],

         [[ 1.5016e-02,  1.1196e-02, -5.6386e-03],
          [ 1.3221e-02,  2.8089e-03,  1.2434e-02],
          [ 1.7611e-02,  1.4450e-04,  7.0758e-03]],

         [[-2.0033e-02, -7.3133e-03,  6.1701e-04],
          [-1.9612e-02,  7.3406e-05, -9.2222e-04],
          [ 2.7646e-03,  9.5104e-03, -1.3388e-02]]],


        ...,


        [[[-1.3834e-02,  1.9229e-02, -1.4627e-02],
          [ 1.1172e-02,  4.1267e-03, -4.6467e-04],
          [ 1.9750e-03, -4.2937e-03,  6.3136e-03]],

         [[ 3.4128e-03,  7.7104e-03, -1.9248e-03],
          [ 3.6833e-03, -8.3932e-03,  1.7855e-03],
          [ 2.8752e-03,  1.5508e-02,  7.0422e-03]],

         [[-1.8554e-02,  8.6013e-03,  1.6293e-03],
          [ 3.5020e-03,  7.3497e-03, -1.2636e-02],
          [ 1.7186e-02, -1.6724e-02,  1.2677e-02]],

         ...,

         [[-9.3730e-03, -1.9959e-03, -1.1961e-02],
          [-1.5043e-03, -7.1568e-03, -1.6732e-02],
          [ 9.7938e-03, -1.7886e-02, -1.4548e-02]],

         [[-6.0796e-04, -1.9572e-02, -1.2386e-02],
          [-1.5501e-02,  1.3687e-02, -1.7604e-02],
          [ 1.5505e-02, -1.5073e-02,  6.0708e-03]],

         [[-9.0063e-04,  1.0492e-02,  1.2779e-03],
          [ 1.6171e-02,  2.1839e-03, -9.0889e-03],
          [ 3.8603e-03,  1.3794e-02,  1.1472e-02]]],


        [[[ 2.2539e-03,  2.7718e-03,  6.2468e-03],
          [-1.3467e-02,  1.2084e-02,  3.9448e-03],
          [-8.5945e-03,  3.3082e-03,  1.0236e-02]],

         [[-9.9184e-03, -1.5394e-02,  1.3770e-02],
          [-7.2776e-03, -8.7055e-03, -6.8088e-04],
          [-1.6489e-02, -1.3850e-03,  6.0899e-03]],

         [[-1.1551e-02,  3.7107e-03, -1.2221e-02],
          [-1.7560e-02,  2.1694e-03, -1.8062e-02],
          [-1.4552e-02, -2.8012e-03,  1.8685e-02]],

         ...,

         [[ 8.0572e-03, -1.1543e-02, -5.6869e-03],
          [ 2.6030e-03, -1.0840e-02,  5.2621e-03],
          [ 1.9523e-02, -1.9252e-02,  6.0879e-03]],

         [[-1.9339e-02,  1.1992e-02,  2.0105e-02],
          [-9.9301e-03, -1.7782e-02,  1.8984e-02],
          [-1.7785e-02, -1.0317e-02, -4.1012e-03]],

         [[ 1.7123e-02,  1.5309e-02,  5.3485e-03],
          [ 1.6109e-02, -9.9416e-03,  9.1793e-03],
          [ 1.6152e-02, -1.4055e-02, -4.1316e-03]]],


        [[[-2.0464e-02, -6.5281e-04, -1.0570e-02],
          [-1.1338e-02, -1.9178e-02,  5.5382e-03],
          [-9.8917e-03,  2.9837e-03, -1.8461e-03]],

         [[ 3.0093e-04, -1.0766e-02, -6.4515e-03],
          [ 4.8630e-03, -3.1226e-03, -5.2726e-03],
          [-1.5373e-02,  4.2058e-03,  1.3854e-02]],

         [[ 9.1347e-04, -1.7017e-02,  4.0197e-03],
          [ 8.0269e-03,  1.0751e-03, -1.5385e-02],
          [-1.3081e-03, -1.1063e-02, -7.3622e-03]],

         ...,

         [[ 6.8288e-03, -1.4467e-02,  1.8955e-02],
          [-3.1120e-03, -1.0377e-02, -1.1232e-02],
          [-1.8348e-03, -1.3386e-02, -1.4967e-02]],

         [[ 5.9370e-04, -1.0861e-02, -1.9139e-02],
          [ 2.7454e-03,  1.1391e-02, -1.8407e-02],
          [-2.6773e-03,  1.2094e-02, -2.0296e-02]],

         [[ 9.5467e-03,  3.8061e-03, -8.2494e-03],
          [-7.7263e-03,  8.4088e-03, -2.0453e-02],
          [-1.7506e-02, -1.4762e-02,  1.5949e-02]]]], device='cuda:0',
       requires_grad=True)
parameters of the network conv2.bias 
 torch.Size([128]) 
 True 
 tensor([-1.8411e-02, -1.2627e-02,  6.9060e-03,  1.9604e-03,  3.7920e-03,
         7.1234e-03,  1.3595e-02,  1.4864e-02,  7.1544e-03, -1.2644e-02,
         1.0444e-02, -1.6058e-02, -8.4840e-03, -1.3378e-02, -1.8265e-02,
         1.9547e-02, -1.2453e-02,  1.8323e-02,  1.1623e-02, -5.3243e-03,
         9.9863e-05, -1.7055e-02,  1.8781e-02,  1.7466e-02,  1.3096e-02,
         1.6494e-02, -2.8142e-03, -1.4542e-02,  9.1660e-03, -9.6914e-03,
        -1.3868e-02,  1.2381e-02, -1.1958e-03,  1.1805e-02,  4.0872e-03,
         1.7303e-02,  2.0292e-02, -3.0259e-03,  1.7884e-02, -1.4805e-02,
         1.7975e-03,  1.0098e-02, -8.1071e-04, -1.3251e-02, -1.4700e-02,
        -1.7010e-02,  1.4115e-02, -3.4758e-03,  1.6085e-02,  2.1178e-03,
        -3.4709e-03,  6.2466e-03, -1.0937e-02,  6.5320e-03,  1.8075e-02,
        -2.0366e-03, -1.8089e-02, -5.2431e-03,  9.4125e-03, -1.4816e-02,
         1.4266e-02, -5.4587e-03,  1.1039e-02, -9.1870e-03,  1.6210e-02,
         1.1873e-02, -1.1398e-02,  5.6021e-03, -1.9528e-02,  1.5326e-02,
        -1.4216e-02, -8.9556e-03,  6.6965e-04, -1.9583e-02, -9.1056e-03,
         7.7273e-03, -7.0105e-05, -1.5403e-02,  9.0087e-03,  4.5713e-03,
         5.7454e-03, -1.2386e-02, -8.0984e-03, -1.6189e-02, -1.9666e-02,
        -4.1338e-03,  6.4827e-03, -1.7237e-02,  1.5523e-02, -5.2307e-03,
         8.5691e-03, -1.9321e-02, -3.7062e-03,  2.0764e-02,  1.3156e-02,
        -1.1124e-02, -1.4311e-02, -6.4653e-03, -2.2417e-03,  1.7027e-02,
        -6.3534e-03, -5.7752e-03, -1.9148e-02,  2.0234e-03, -1.2232e-02,
        -1.8696e-02,  5.4746e-03, -4.7569e-03,  1.7743e-02,  6.7651e-03,
        -7.3587e-03, -1.9442e-02, -1.2324e-02,  9.1836e-03, -2.1866e-03,
         1.3174e-02, -2.5105e-03, -1.7430e-02,  1.2618e-02, -1.5810e-02,
        -8.2758e-03,  9.8937e-03,  1.9959e-03, -1.6313e-02,  1.8407e-02,
         1.3041e-02, -9.6474e-03,  9.7404e-03], device='cuda:0') 
 Parameter containing:
tensor([-1.8411e-02, -1.2627e-02,  6.9060e-03,  1.9604e-03,  3.7920e-03,
         7.1234e-03,  1.3595e-02,  1.4864e-02,  7.1544e-03, -1.2644e-02,
         1.0444e-02, -1.6058e-02, -8.4840e-03, -1.3378e-02, -1.8265e-02,
         1.9547e-02, -1.2453e-02,  1.8323e-02,  1.1623e-02, -5.3243e-03,
         9.9863e-05, -1.7055e-02,  1.8781e-02,  1.7466e-02,  1.3096e-02,
         1.6494e-02, -2.8142e-03, -1.4542e-02,  9.1660e-03, -9.6914e-03,
        -1.3868e-02,  1.2381e-02, -1.1958e-03,  1.1805e-02,  4.0872e-03,
         1.7303e-02,  2.0292e-02, -3.0259e-03,  1.7884e-02, -1.4805e-02,
         1.7975e-03,  1.0098e-02, -8.1071e-04, -1.3251e-02, -1.4700e-02,
        -1.7010e-02,  1.4115e-02, -3.4758e-03,  1.6085e-02,  2.1178e-03,
        -3.4709e-03,  6.2466e-03, -1.0937e-02,  6.5320e-03,  1.8075e-02,
        -2.0366e-03, -1.8089e-02, -5.2431e-03,  9.4125e-03, -1.4816e-02,
         1.4266e-02, -5.4587e-03,  1.1039e-02, -9.1870e-03,  1.6210e-02,
         1.1873e-02, -1.1398e-02,  5.6021e-03, -1.9528e-02,  1.5326e-02,
        -1.4216e-02, -8.9556e-03,  6.6965e-04, -1.9583e-02, -9.1056e-03,
         7.7273e-03, -7.0105e-05, -1.5403e-02,  9.0087e-03,  4.5713e-03,
         5.7454e-03, -1.2386e-02, -8.0984e-03, -1.6189e-02, -1.9666e-02,
        -4.1338e-03,  6.4827e-03, -1.7237e-02,  1.5523e-02, -5.2307e-03,
         8.5691e-03, -1.9321e-02, -3.7062e-03,  2.0764e-02,  1.3156e-02,
        -1.1124e-02, -1.4311e-02, -6.4653e-03, -2.2417e-03,  1.7027e-02,
        -6.3534e-03, -5.7752e-03, -1.9148e-02,  2.0234e-03, -1.2232e-02,
        -1.8696e-02,  5.4746e-03, -4.7569e-03,  1.7743e-02,  6.7651e-03,
        -7.3587e-03, -1.9442e-02, -1.2324e-02,  9.1836e-03, -2.1866e-03,
         1.3174e-02, -2.5105e-03, -1.7430e-02,  1.2618e-02, -1.5810e-02,
        -8.2758e-03,  9.8937e-03,  1.9959e-03, -1.6313e-02,  1.8407e-02,
         1.3041e-02, -9.6474e-03,  9.7404e-03], device='cuda:0',
       requires_grad=True)
parameters of the network conv3.weight 
 torch.Size([64, 128, 3, 3]) 
 True 
 tensor([[[[ 0.0270,  0.0040, -0.0103],
          [-0.0125, -0.0262, -0.0088],
          [ 0.0032, -0.0022, -0.0104]],

         [[ 0.0152,  0.0027,  0.0245],
          [ 0.0163, -0.0179, -0.0061],
          [-0.0110, -0.0240, -0.0028]],

         [[-0.0014, -0.0061, -0.0082],
          [-0.0077,  0.0230, -0.0075],
          [-0.0101, -0.0281,  0.0058]],

         ...,

         [[-0.0144,  0.0226,  0.0184],
          [-0.0174,  0.0013,  0.0113],
          [-0.0213, -0.0255, -0.0103]],

         [[-0.0112, -0.0087,  0.0267],
          [-0.0195,  0.0070,  0.0030],
          [ 0.0006,  0.0247, -0.0104]],

         [[-0.0219,  0.0212,  0.0128],
          [ 0.0008,  0.0099,  0.0018],
          [-0.0160,  0.0029,  0.0018]]],


        [[[-0.0153,  0.0212, -0.0251],
          [-0.0280,  0.0040,  0.0168],
          [-0.0234, -0.0223,  0.0186]],

         [[ 0.0105,  0.0053,  0.0279],
          [-0.0168, -0.0052, -0.0200],
          [-0.0007,  0.0086,  0.0273]],

         [[-0.0190, -0.0116, -0.0116],
          [ 0.0175, -0.0206,  0.0019],
          [-0.0126, -0.0170,  0.0025]],

         ...,

         [[ 0.0153,  0.0164,  0.0176],
          [-0.0194,  0.0292, -0.0261],
          [-0.0056,  0.0073, -0.0004]],

         [[-0.0128,  0.0191, -0.0210],
          [-0.0236,  0.0210,  0.0122],
          [ 0.0280, -0.0138,  0.0018]],

         [[ 0.0207, -0.0218,  0.0238],
          [-0.0010, -0.0005,  0.0084],
          [ 0.0186,  0.0259,  0.0033]]],


        [[[ 0.0189, -0.0291, -0.0155],
          [-0.0074,  0.0289,  0.0005],
          [ 0.0138,  0.0278,  0.0279]],

         [[ 0.0235, -0.0263, -0.0124],
          [-0.0115, -0.0216,  0.0004],
          [-0.0037, -0.0211,  0.0016]],

         [[-0.0108,  0.0016, -0.0162],
          [ 0.0233,  0.0208,  0.0164],
          [ 0.0133,  0.0102, -0.0065]],

         ...,

         [[-0.0277,  0.0035, -0.0029],
          [ 0.0145,  0.0248,  0.0119],
          [-0.0283,  0.0051,  0.0065]],

         [[-0.0177, -0.0268,  0.0085],
          [-0.0271,  0.0180, -0.0045],
          [-0.0087,  0.0085, -0.0105]],

         [[ 0.0104,  0.0073,  0.0205],
          [ 0.0265, -0.0061,  0.0231],
          [ 0.0239, -0.0274,  0.0125]]],


        ...,


        [[[-0.0015, -0.0102, -0.0120],
          [-0.0279,  0.0267,  0.0159],
          [-0.0231, -0.0095,  0.0024]],

         [[ 0.0105,  0.0089,  0.0262],
          [-0.0053,  0.0100, -0.0039],
          [-0.0191,  0.0094,  0.0166]],

         [[-0.0187, -0.0071,  0.0216],
          [-0.0109,  0.0189,  0.0184],
          [ 0.0127,  0.0246, -0.0081]],

         ...,

         [[-0.0057,  0.0021, -0.0026],
          [-0.0066, -0.0282,  0.0223],
          [ 0.0264, -0.0222, -0.0293]],

         [[-0.0216,  0.0030,  0.0130],
          [-0.0131,  0.0285,  0.0267],
          [ 0.0145, -0.0286, -0.0050]],

         [[ 0.0089, -0.0292, -0.0089],
          [ 0.0214,  0.0278, -0.0027],
          [-0.0221,  0.0086,  0.0118]]],


        [[[ 0.0057, -0.0192,  0.0174],
          [-0.0264,  0.0112,  0.0015],
          [ 0.0267,  0.0068, -0.0275]],

         [[ 0.0095,  0.0182,  0.0290],
          [-0.0027, -0.0018, -0.0123],
          [-0.0204,  0.0255, -0.0270]],

         [[-0.0210,  0.0177,  0.0209],
          [ 0.0072, -0.0164,  0.0128],
          [ 0.0184,  0.0258, -0.0138]],

         ...,

         [[-0.0171,  0.0134,  0.0284],
          [ 0.0245,  0.0234, -0.0138],
          [ 0.0030,  0.0248, -0.0237]],

         [[-0.0282,  0.0116,  0.0217],
          [-0.0098, -0.0079,  0.0207],
          [-0.0149,  0.0239,  0.0048]],

         [[ 0.0051,  0.0170, -0.0132],
          [-0.0180, -0.0268, -0.0209],
          [-0.0008,  0.0100, -0.0106]]],


        [[[-0.0136,  0.0006, -0.0091],
          [-0.0085,  0.0012,  0.0072],
          [ 0.0094, -0.0142, -0.0192]],

         [[ 0.0146,  0.0281, -0.0043],
          [ 0.0217, -0.0277, -0.0215],
          [ 0.0013,  0.0061, -0.0034]],

         [[-0.0140,  0.0199, -0.0294],
          [ 0.0206,  0.0214,  0.0236],
          [-0.0061, -0.0118, -0.0048]],

         ...,

         [[ 0.0150,  0.0137,  0.0158],
          [-0.0037,  0.0198, -0.0031],
          [-0.0115, -0.0103,  0.0294]],

         [[-0.0002,  0.0046, -0.0141],
          [-0.0148,  0.0050,  0.0077],
          [ 0.0195,  0.0283, -0.0028]],

         [[ 0.0213,  0.0246,  0.0286],
          [-0.0018,  0.0205, -0.0293],
          [-0.0103, -0.0069, -0.0139]]]], device='cuda:0') 
 Parameter containing:
tensor([[[[ 0.0270,  0.0040, -0.0103],
          [-0.0125, -0.0262, -0.0088],
          [ 0.0032, -0.0022, -0.0104]],

         [[ 0.0152,  0.0027,  0.0245],
          [ 0.0163, -0.0179, -0.0061],
          [-0.0110, -0.0240, -0.0028]],

         [[-0.0014, -0.0061, -0.0082],
          [-0.0077,  0.0230, -0.0075],
          [-0.0101, -0.0281,  0.0058]],

         ...,

         [[-0.0144,  0.0226,  0.0184],
          [-0.0174,  0.0013,  0.0113],
          [-0.0213, -0.0255, -0.0103]],

         [[-0.0112, -0.0087,  0.0267],
          [-0.0195,  0.0070,  0.0030],
          [ 0.0006,  0.0247, -0.0104]],

         [[-0.0219,  0.0212,  0.0128],
          [ 0.0008,  0.0099,  0.0018],
          [-0.0160,  0.0029,  0.0018]]],


        [[[-0.0153,  0.0212, -0.0251],
          [-0.0280,  0.0040,  0.0168],
          [-0.0234, -0.0223,  0.0186]],

         [[ 0.0105,  0.0053,  0.0279],
          [-0.0168, -0.0052, -0.0200],
          [-0.0007,  0.0086,  0.0273]],

         [[-0.0190, -0.0116, -0.0116],
          [ 0.0175, -0.0206,  0.0019],
          [-0.0126, -0.0170,  0.0025]],

         ...,

         [[ 0.0153,  0.0164,  0.0176],
          [-0.0194,  0.0292, -0.0261],
          [-0.0056,  0.0073, -0.0004]],

         [[-0.0128,  0.0191, -0.0210],
          [-0.0236,  0.0210,  0.0122],
          [ 0.0280, -0.0138,  0.0018]],

         [[ 0.0207, -0.0218,  0.0238],
          [-0.0010, -0.0005,  0.0084],
          [ 0.0186,  0.0259,  0.0033]]],


        [[[ 0.0189, -0.0291, -0.0155],
          [-0.0074,  0.0289,  0.0005],
          [ 0.0138,  0.0278,  0.0279]],

         [[ 0.0235, -0.0263, -0.0124],
          [-0.0115, -0.0216,  0.0004],
          [-0.0037, -0.0211,  0.0016]],

         [[-0.0108,  0.0016, -0.0162],
          [ 0.0233,  0.0208,  0.0164],
          [ 0.0133,  0.0102, -0.0065]],

         ...,

         [[-0.0277,  0.0035, -0.0029],
          [ 0.0145,  0.0248,  0.0119],
          [-0.0283,  0.0051,  0.0065]],

         [[-0.0177, -0.0268,  0.0085],
          [-0.0271,  0.0180, -0.0045],
          [-0.0087,  0.0085, -0.0105]],

         [[ 0.0104,  0.0073,  0.0205],
          [ 0.0265, -0.0061,  0.0231],
          [ 0.0239, -0.0274,  0.0125]]],


        ...,


        [[[-0.0015, -0.0102, -0.0120],
          [-0.0279,  0.0267,  0.0159],
          [-0.0231, -0.0095,  0.0024]],

         [[ 0.0105,  0.0089,  0.0262],
          [-0.0053,  0.0100, -0.0039],
          [-0.0191,  0.0094,  0.0166]],

         [[-0.0187, -0.0071,  0.0216],
          [-0.0109,  0.0189,  0.0184],
          [ 0.0127,  0.0246, -0.0081]],

         ...,

         [[-0.0057,  0.0021, -0.0026],
          [-0.0066, -0.0282,  0.0223],
          [ 0.0264, -0.0222, -0.0293]],

         [[-0.0216,  0.0030,  0.0130],
          [-0.0131,  0.0285,  0.0267],
          [ 0.0145, -0.0286, -0.0050]],

         [[ 0.0089, -0.0292, -0.0089],
          [ 0.0214,  0.0278, -0.0027],
          [-0.0221,  0.0086,  0.0118]]],


        [[[ 0.0057, -0.0192,  0.0174],
          [-0.0264,  0.0112,  0.0015],
          [ 0.0267,  0.0068, -0.0275]],

         [[ 0.0095,  0.0182,  0.0290],
          [-0.0027, -0.0018, -0.0123],
          [-0.0204,  0.0255, -0.0270]],

         [[-0.0210,  0.0177,  0.0209],
          [ 0.0072, -0.0164,  0.0128],
          [ 0.0184,  0.0258, -0.0138]],

         ...,

         [[-0.0171,  0.0134,  0.0284],
          [ 0.0245,  0.0234, -0.0138],
          [ 0.0030,  0.0248, -0.0237]],

         [[-0.0282,  0.0116,  0.0217],
          [-0.0098, -0.0079,  0.0207],
          [-0.0149,  0.0239,  0.0048]],

         [[ 0.0051,  0.0170, -0.0132],
          [-0.0180, -0.0268, -0.0209],
          [-0.0008,  0.0100, -0.0106]]],


        [[[-0.0136,  0.0006, -0.0091],
          [-0.0085,  0.0012,  0.0072],
          [ 0.0094, -0.0142, -0.0192]],

         [[ 0.0146,  0.0281, -0.0043],
          [ 0.0217, -0.0277, -0.0215],
          [ 0.0013,  0.0061, -0.0034]],

         [[-0.0140,  0.0199, -0.0294],
          [ 0.0206,  0.0214,  0.0236],
          [-0.0061, -0.0118, -0.0048]],

         ...,

         [[ 0.0150,  0.0137,  0.0158],
          [-0.0037,  0.0198, -0.0031],
          [-0.0115, -0.0103,  0.0294]],

         [[-0.0002,  0.0046, -0.0141],
          [-0.0148,  0.0050,  0.0077],
          [ 0.0195,  0.0283, -0.0028]],

         [[ 0.0213,  0.0246,  0.0286],
          [-0.0018,  0.0205, -0.0293],
          [-0.0103, -0.0069, -0.0139]]]], device='cuda:0', requires_grad=True)
parameters of the network conv3.bias 
 torch.Size([64]) 
 True 
 tensor([-0.0040,  0.0040,  0.0198,  0.0216, -0.0014,  0.0158,  0.0201,  0.0198,
         0.0137, -0.0239,  0.0100, -0.0065, -0.0158, -0.0150, -0.0225,  0.0178,
         0.0076, -0.0005, -0.0057, -0.0216, -0.0013,  0.0079, -0.0028, -0.0144,
         0.0056, -0.0150,  0.0053,  0.0030, -0.0053,  0.0061, -0.0195, -0.0112,
        -0.0173, -0.0098,  0.0200, -0.0194, -0.0218, -0.0237, -0.0048, -0.0241,
         0.0268, -0.0010,  0.0169,  0.0129, -0.0017,  0.0077, -0.0202,  0.0230,
         0.0243,  0.0115, -0.0081, -0.0052,  0.0233, -0.0226, -0.0061,  0.0253,
        -0.0223, -0.0263,  0.0240,  0.0037,  0.0238, -0.0263, -0.0114, -0.0116],
       device='cuda:0') 
 Parameter containing:
tensor([-0.0040,  0.0040,  0.0198,  0.0216, -0.0014,  0.0158,  0.0201,  0.0198,
         0.0137, -0.0239,  0.0100, -0.0065, -0.0158, -0.0150, -0.0225,  0.0178,
         0.0076, -0.0005, -0.0057, -0.0216, -0.0013,  0.0079, -0.0028, -0.0144,
         0.0056, -0.0150,  0.0053,  0.0030, -0.0053,  0.0061, -0.0195, -0.0112,
        -0.0173, -0.0098,  0.0200, -0.0194, -0.0218, -0.0237, -0.0048, -0.0241,
         0.0268, -0.0010,  0.0169,  0.0129, -0.0017,  0.0077, -0.0202,  0.0230,
         0.0243,  0.0115, -0.0081, -0.0052,  0.0233, -0.0226, -0.0061,  0.0253,
        -0.0223, -0.0263,  0.0240,  0.0037,  0.0238, -0.0263, -0.0114, -0.0116],
       device='cuda:0', requires_grad=True)
parameters of the network fc1.weight 
 torch.Size([256, 667776]) 
 True 
 tensor([[ 2.3491e-04, -1.0940e-03, -4.5529e-04,  ..., -5.6906e-04,
          2.3637e-04, -1.0799e-03],
        [ 1.0920e-03,  9.5807e-04, -4.8562e-04,  ...,  7.3904e-04,
          1.1632e-04,  9.6730e-04],
        [ 3.5661e-05,  6.8468e-05,  3.8342e-04,  ..., -6.2597e-04,
         -1.0104e-03,  7.0902e-04],
        ...,
        [ 5.3046e-04, -5.3141e-04,  2.5603e-04,  ..., -9.3244e-04,
          1.1796e-03, -2.2779e-04],
        [ 5.8799e-04,  1.4317e-04,  6.3497e-04,  ...,  8.0814e-04,
         -1.1572e-03,  1.1972e-03],
        [-7.0958e-04,  1.8246e-04,  6.7821e-04,  ...,  4.0825e-04,
         -6.0292e-04,  8.2167e-05]], device='cuda:0') 
 Parameter containing:
tensor([[ 2.3491e-04, -1.0940e-03, -4.5529e-04,  ..., -5.6906e-04,
          2.3637e-04, -1.0799e-03],
        [ 1.0920e-03,  9.5807e-04, -4.8562e-04,  ...,  7.3904e-04,
          1.1632e-04,  9.6730e-04],
        [ 3.5661e-05,  6.8468e-05,  3.8342e-04,  ..., -6.2597e-04,
         -1.0104e-03,  7.0902e-04],
        ...,
        [ 5.3046e-04, -5.3141e-04,  2.5603e-04,  ..., -9.3244e-04,
          1.1796e-03, -2.2779e-04],
        [ 5.8799e-04,  1.4317e-04,  6.3497e-04,  ...,  8.0814e-04,
         -1.1572e-03,  1.1972e-03],
        [-7.0958e-04,  1.8246e-04,  6.7821e-04,  ...,  4.0825e-04,
         -6.0292e-04,  8.2167e-05]], device='cuda:0', requires_grad=True)
parameters of the network fc1.bias 
 torch.Size([256]) 
 True 
 tensor([-1.1521e-03,  5.7639e-04,  2.6557e-04, -6.5164e-05, -6.3173e-04,
         6.2128e-04,  9.2340e-04, -4.9916e-04, -1.2391e-04, -3.8581e-04,
        -1.6372e-04,  1.4553e-04, -7.6322e-04,  6.1014e-04, -7.6761e-04,
        -9.2114e-04, -6.5843e-04,  9.1266e-04,  7.7671e-04, -1.0899e-03,
        -1.1188e-03, -1.0926e-03,  2.4049e-04, -1.1904e-03,  5.5047e-04,
         3.1228e-04, -5.0973e-04,  3.9815e-04,  3.4495e-04, -7.3520e-04,
         4.2780e-04,  7.5946e-04,  5.0525e-04, -9.6808e-04, -7.8230e-04,
         1.1748e-03,  1.0509e-03,  1.0624e-03, -9.7823e-05, -4.8171e-04,
         1.1275e-03, -9.8187e-04, -6.5562e-04, -4.5518e-04, -6.9990e-04,
         1.0541e-03,  5.4836e-04, -2.0440e-05,  3.9697e-04, -2.2580e-04,
         7.3680e-04, -1.3655e-04, -7.3213e-04,  3.3126e-04,  6.3244e-05,
        -4.0171e-04,  9.4691e-04, -2.9864e-04, -7.8708e-05, -5.5974e-05,
        -1.0029e-03, -2.6240e-04, -4.1926e-05,  8.5894e-04, -3.5227e-04,
        -6.5400e-04, -9.6927e-04,  2.6884e-04, -1.4610e-04, -3.9853e-04,
        -4.2908e-04,  3.4968e-04,  4.0477e-04,  4.3405e-04, -6.8224e-04,
        -9.8427e-04,  1.1816e-03,  1.0571e-03,  1.4880e-04, -6.6698e-04,
        -5.0242e-04,  7.3807e-04, -1.0055e-03,  6.7653e-05, -7.9691e-04,
        -2.9417e-05, -8.1607e-05, -1.0154e-03, -9.5847e-04, -3.9337e-04,
         1.2205e-03,  6.8840e-04,  8.7916e-04, -5.1808e-04,  3.0820e-04,
        -6.6751e-05, -2.6859e-04, -1.0273e-03,  1.2460e-04, -6.0504e-04,
         9.2413e-04, -9.5270e-04,  7.0877e-04, -9.3636e-04, -8.7750e-04,
        -8.9470e-04,  3.9010e-04, -8.0855e-05,  8.8681e-04, -1.3641e-04,
         1.0667e-03,  2.3539e-04,  6.8342e-04, -9.3420e-04,  8.9630e-04,
        -7.6125e-05,  3.5692e-04,  1.0234e-03, -9.1018e-04, -9.4572e-04,
         6.3387e-04, -6.1258e-05,  3.8599e-04,  8.5050e-05, -7.5559e-04,
        -1.9404e-05,  1.3448e-04, -1.1551e-03, -7.8835e-05,  7.5681e-04,
         9.8882e-04,  5.6743e-04,  4.2699e-04, -2.2212e-04, -1.0647e-03,
        -2.9161e-04, -6.3421e-04,  1.0730e-03, -1.0118e-03, -7.5842e-04,
         9.9120e-04, -2.1057e-04,  4.5660e-04,  4.4387e-04,  1.1639e-04,
        -1.2741e-04, -4.6949e-04,  8.3902e-05,  5.9732e-04,  1.1287e-03,
        -3.1887e-04,  1.9555e-04,  1.7959e-04,  9.8229e-04,  4.4916e-04,
        -3.9576e-04, -3.1071e-04,  5.5057e-04,  1.0924e-03, -9.7943e-04,
         2.3345e-04, -5.1209e-04,  1.1990e-03,  3.7598e-04, -3.2465e-04,
        -1.1798e-03, -6.0188e-04,  7.5309e-04,  4.3338e-04, -7.6383e-06,
        -2.7960e-04, -1.2075e-04,  6.8674e-04, -4.5887e-04, -9.0963e-04,
         6.1342e-04,  6.7258e-04, -4.4934e-04,  4.1348e-04, -6.8015e-04,
         4.2995e-04,  4.7481e-04,  5.7997e-05,  1.0193e-03,  2.4417e-04,
        -7.4936e-04,  5.2735e-04, -8.4029e-05,  7.5814e-05, -7.1975e-04,
         1.0800e-03,  5.3050e-04,  7.8551e-04,  8.2434e-04,  6.6906e-04,
         1.1309e-03,  1.2205e-03,  1.1064e-03,  1.1425e-03,  7.0539e-04,
        -1.0043e-03,  7.9678e-04, -7.5950e-04,  1.6931e-04,  3.8490e-04,
         6.5084e-05,  4.6744e-04,  7.7351e-04,  3.1421e-04, -6.7921e-04,
         1.7160e-04,  1.1543e-03, -4.3550e-04, -6.7008e-04,  1.0423e-03,
        -2.6640e-05,  5.9121e-04, -2.1562e-05, -2.3126e-04, -4.0510e-04,
         9.4846e-04,  2.7355e-04,  2.2286e-05, -7.2766e-05,  1.0466e-03,
         3.2282e-04, -1.0984e-03,  1.0003e-04, -1.7156e-04, -7.4860e-04,
         5.8136e-04,  5.2532e-04,  3.3018e-04,  1.3317e-04, -9.9219e-04,
         9.7469e-04, -5.5563e-04, -3.9834e-05,  4.6981e-04,  1.1753e-03,
        -5.8332e-04,  1.1322e-03, -3.5341e-04, -4.1528e-04, -9.3781e-05,
        -1.6330e-04,  3.2085e-04, -8.9925e-04,  7.6685e-04,  3.5259e-04,
         3.9209e-04, -7.9414e-04,  5.9850e-04,  1.2093e-03, -4.5223e-04,
        -6.8076e-04], device='cuda:0') 
 Parameter containing:
tensor([-1.1521e-03,  5.7639e-04,  2.6557e-04, -6.5164e-05, -6.3173e-04,
         6.2128e-04,  9.2340e-04, -4.9916e-04, -1.2391e-04, -3.8581e-04,
        -1.6372e-04,  1.4553e-04, -7.6322e-04,  6.1014e-04, -7.6761e-04,
        -9.2114e-04, -6.5843e-04,  9.1266e-04,  7.7671e-04, -1.0899e-03,
        -1.1188e-03, -1.0926e-03,  2.4049e-04, -1.1904e-03,  5.5047e-04,
         3.1228e-04, -5.0973e-04,  3.9815e-04,  3.4495e-04, -7.3520e-04,
         4.2780e-04,  7.5946e-04,  5.0525e-04, -9.6808e-04, -7.8230e-04,
         1.1748e-03,  1.0509e-03,  1.0624e-03, -9.7823e-05, -4.8171e-04,
         1.1275e-03, -9.8187e-04, -6.5562e-04, -4.5518e-04, -6.9990e-04,
         1.0541e-03,  5.4836e-04, -2.0440e-05,  3.9697e-04, -2.2580e-04,
         7.3680e-04, -1.3655e-04, -7.3213e-04,  3.3126e-04,  6.3244e-05,
        -4.0171e-04,  9.4691e-04, -2.9864e-04, -7.8708e-05, -5.5974e-05,
        -1.0029e-03, -2.6240e-04, -4.1926e-05,  8.5894e-04, -3.5227e-04,
        -6.5400e-04, -9.6927e-04,  2.6884e-04, -1.4610e-04, -3.9853e-04,
        -4.2908e-04,  3.4968e-04,  4.0477e-04,  4.3405e-04, -6.8224e-04,
        -9.8427e-04,  1.1816e-03,  1.0571e-03,  1.4880e-04, -6.6698e-04,
        -5.0242e-04,  7.3807e-04, -1.0055e-03,  6.7653e-05, -7.9691e-04,
        -2.9417e-05, -8.1607e-05, -1.0154e-03, -9.5847e-04, -3.9337e-04,
         1.2205e-03,  6.8840e-04,  8.7916e-04, -5.1808e-04,  3.0820e-04,
        -6.6751e-05, -2.6859e-04, -1.0273e-03,  1.2460e-04, -6.0504e-04,
         9.2413e-04, -9.5270e-04,  7.0877e-04, -9.3636e-04, -8.7750e-04,
        -8.9470e-04,  3.9010e-04, -8.0855e-05,  8.8681e-04, -1.3641e-04,
         1.0667e-03,  2.3539e-04,  6.8342e-04, -9.3420e-04,  8.9630e-04,
        -7.6125e-05,  3.5692e-04,  1.0234e-03, -9.1018e-04, -9.4572e-04,
         6.3387e-04, -6.1258e-05,  3.8599e-04,  8.5050e-05, -7.5559e-04,
        -1.9404e-05,  1.3448e-04, -1.1551e-03, -7.8835e-05,  7.5681e-04,
         9.8882e-04,  5.6743e-04,  4.2699e-04, -2.2212e-04, -1.0647e-03,
        -2.9161e-04, -6.3421e-04,  1.0730e-03, -1.0118e-03, -7.5842e-04,
         9.9120e-04, -2.1057e-04,  4.5660e-04,  4.4387e-04,  1.1639e-04,
        -1.2741e-04, -4.6949e-04,  8.3902e-05,  5.9732e-04,  1.1287e-03,
        -3.1887e-04,  1.9555e-04,  1.7959e-04,  9.8229e-04,  4.4916e-04,
        -3.9576e-04, -3.1071e-04,  5.5057e-04,  1.0924e-03, -9.7943e-04,
         2.3345e-04, -5.1209e-04,  1.1990e-03,  3.7598e-04, -3.2465e-04,
        -1.1798e-03, -6.0188e-04,  7.5309e-04,  4.3338e-04, -7.6383e-06,
        -2.7960e-04, -1.2075e-04,  6.8674e-04, -4.5887e-04, -9.0963e-04,
         6.1342e-04,  6.7258e-04, -4.4934e-04,  4.1348e-04, -6.8015e-04,
         4.2995e-04,  4.7481e-04,  5.7997e-05,  1.0193e-03,  2.4417e-04,
        -7.4936e-04,  5.2735e-04, -8.4029e-05,  7.5814e-05, -7.1975e-04,
         1.0800e-03,  5.3050e-04,  7.8551e-04,  8.2434e-04,  6.6906e-04,
         1.1309e-03,  1.2205e-03,  1.1064e-03,  1.1425e-03,  7.0539e-04,
        -1.0043e-03,  7.9678e-04, -7.5950e-04,  1.6931e-04,  3.8490e-04,
         6.5084e-05,  4.6744e-04,  7.7351e-04,  3.1421e-04, -6.7921e-04,
         1.7160e-04,  1.1543e-03, -4.3550e-04, -6.7008e-04,  1.0423e-03,
        -2.6640e-05,  5.9121e-04, -2.1562e-05, -2.3126e-04, -4.0510e-04,
         9.4846e-04,  2.7355e-04,  2.2286e-05, -7.2766e-05,  1.0466e-03,
         3.2282e-04, -1.0984e-03,  1.0003e-04, -1.7156e-04, -7.4860e-04,
         5.8136e-04,  5.2532e-04,  3.3018e-04,  1.3317e-04, -9.9219e-04,
         9.7469e-04, -5.5563e-04, -3.9834e-05,  4.6981e-04,  1.1753e-03,
        -5.8332e-04,  1.1322e-03, -3.5341e-04, -4.1528e-04, -9.3781e-05,
        -1.6330e-04,  3.2085e-04, -8.9925e-04,  7.6685e-04,  3.5259e-04,
         3.9209e-04, -7.9414e-04,  5.9850e-04,  1.2093e-03, -4.5223e-04,
        -6.8076e-04], device='cuda:0', requires_grad=True)
parameters of the network fc2.weight 
 torch.Size([128, 256]) 
 True 
 tensor([[-0.0009, -0.0203, -0.0510,  ...,  0.0100,  0.0210,  0.0506],
        [-0.0170, -0.0343, -0.0247,  ...,  0.0479, -0.0240, -0.0180],
        [ 0.0386,  0.0179, -0.0236,  ..., -0.0195,  0.0331, -0.0269],
        ...,
        [ 0.0617,  0.0322,  0.0411,  ..., -0.0266, -0.0547, -0.0458],
        [ 0.0140, -0.0082,  0.0309,  ...,  0.0068, -0.0506, -0.0217],
        [-0.0043, -0.0222,  0.0490,  ...,  0.0392,  0.0322,  0.0163]],
       device='cuda:0') 
 Parameter containing:
tensor([[-0.0009, -0.0203, -0.0510,  ...,  0.0100,  0.0210,  0.0506],
        [-0.0170, -0.0343, -0.0247,  ...,  0.0479, -0.0240, -0.0180],
        [ 0.0386,  0.0179, -0.0236,  ..., -0.0195,  0.0331, -0.0269],
        ...,
        [ 0.0617,  0.0322,  0.0411,  ..., -0.0266, -0.0547, -0.0458],
        [ 0.0140, -0.0082,  0.0309,  ...,  0.0068, -0.0506, -0.0217],
        [-0.0043, -0.0222,  0.0490,  ...,  0.0392,  0.0322,  0.0163]],
       device='cuda:0', requires_grad=True)
parameters of the network fc2.bias 
 torch.Size([128]) 
 True 
 tensor([-0.0164,  0.0345,  0.0620, -0.0443, -0.0514,  0.0060,  0.0006, -0.0502,
        -0.0449, -0.0068, -0.0162,  0.0435, -0.0594,  0.0220,  0.0487, -0.0168,
        -0.0472,  0.0317,  0.0025, -0.0168,  0.0496,  0.0106,  0.0466, -0.0130,
         0.0279,  0.0443,  0.0041, -0.0393,  0.0539,  0.0550,  0.0391, -0.0104,
        -0.0073,  0.0352,  0.0386,  0.0098, -0.0042, -0.0028,  0.0468,  0.0158,
         0.0325, -0.0013, -0.0150, -0.0100, -0.0394,  0.0113, -0.0287, -0.0236,
         0.0321,  0.0284,  0.0399, -0.0445,  0.0029,  0.0119, -0.0607, -0.0499,
        -0.0315, -0.0304,  0.0548, -0.0492, -0.0010,  0.0455,  0.0112, -0.0127,
         0.0002, -0.0096,  0.0194,  0.0086,  0.0099, -0.0021,  0.0276,  0.0270,
         0.0009, -0.0176, -0.0327, -0.0519, -0.0143, -0.0415, -0.0349, -0.0381,
        -0.0546, -0.0333,  0.0566, -0.0433, -0.0208, -0.0244, -0.0090,  0.0320,
         0.0324, -0.0031,  0.0426,  0.0146,  0.0432,  0.0489, -0.0332, -0.0151,
        -0.0296,  0.0054, -0.0030,  0.0412, -0.0309,  0.0410,  0.0013, -0.0267,
        -0.0553,  0.0040, -0.0363, -0.0215,  0.0583,  0.0248,  0.0374,  0.0528,
         0.0523,  0.0004,  0.0209, -0.0259, -0.0068, -0.0567,  0.0008, -0.0575,
         0.0311,  0.0174,  0.0021,  0.0335, -0.0576,  0.0241, -0.0217, -0.0074],
       device='cuda:0') 
 Parameter containing:
tensor([-0.0164,  0.0345,  0.0620, -0.0443, -0.0514,  0.0060,  0.0006, -0.0502,
        -0.0449, -0.0068, -0.0162,  0.0435, -0.0594,  0.0220,  0.0487, -0.0168,
        -0.0472,  0.0317,  0.0025, -0.0168,  0.0496,  0.0106,  0.0466, -0.0130,
         0.0279,  0.0443,  0.0041, -0.0393,  0.0539,  0.0550,  0.0391, -0.0104,
        -0.0073,  0.0352,  0.0386,  0.0098, -0.0042, -0.0028,  0.0468,  0.0158,
         0.0325, -0.0013, -0.0150, -0.0100, -0.0394,  0.0113, -0.0287, -0.0236,
         0.0321,  0.0284,  0.0399, -0.0445,  0.0029,  0.0119, -0.0607, -0.0499,
        -0.0315, -0.0304,  0.0548, -0.0492, -0.0010,  0.0455,  0.0112, -0.0127,
         0.0002, -0.0096,  0.0194,  0.0086,  0.0099, -0.0021,  0.0276,  0.0270,
         0.0009, -0.0176, -0.0327, -0.0519, -0.0143, -0.0415, -0.0349, -0.0381,
        -0.0546, -0.0333,  0.0566, -0.0433, -0.0208, -0.0244, -0.0090,  0.0320,
         0.0324, -0.0031,  0.0426,  0.0146,  0.0432,  0.0489, -0.0332, -0.0151,
        -0.0296,  0.0054, -0.0030,  0.0412, -0.0309,  0.0410,  0.0013, -0.0267,
        -0.0553,  0.0040, -0.0363, -0.0215,  0.0583,  0.0248,  0.0374,  0.0528,
         0.0523,  0.0004,  0.0209, -0.0259, -0.0068, -0.0567,  0.0008, -0.0575,
         0.0311,  0.0174,  0.0021,  0.0335, -0.0576,  0.0241, -0.0217, -0.0074],
       device='cuda:0', requires_grad=True)
parameters of the network fc3.weight 
 torch.Size([64, 128]) 
 True 
 tensor([[-0.0777, -0.0581, -0.0028,  ...,  0.0154,  0.0038, -0.0281],
        [-0.0573, -0.0176,  0.0715,  ...,  0.0809, -0.0070, -0.0263],
        [-0.0396, -0.0865,  0.0480,  ...,  0.0253, -0.0584,  0.0193],
        ...,
        [ 0.0648,  0.0262,  0.0357,  ..., -0.0122, -0.0780, -0.0876],
        [-0.0682, -0.0333, -0.0141,  ..., -0.0849,  0.0736, -0.0013],
        [-0.0801, -0.0730, -0.0826,  ...,  0.0766, -0.0789, -0.0448]],
       device='cuda:0') 
 Parameter containing:
tensor([[-0.0777, -0.0581, -0.0028,  ...,  0.0154,  0.0038, -0.0281],
        [-0.0573, -0.0176,  0.0715,  ...,  0.0809, -0.0070, -0.0263],
        [-0.0396, -0.0865,  0.0480,  ...,  0.0253, -0.0584,  0.0193],
        ...,
        [ 0.0648,  0.0262,  0.0357,  ..., -0.0122, -0.0780, -0.0876],
        [-0.0682, -0.0333, -0.0141,  ..., -0.0849,  0.0736, -0.0013],
        [-0.0801, -0.0730, -0.0826,  ...,  0.0766, -0.0789, -0.0448]],
       device='cuda:0', requires_grad=True)
parameters of the network fc3.bias 
 torch.Size([64]) 
 True 
 tensor([-0.0745, -0.0151,  0.0182,  0.0065, -0.0671,  0.0383, -0.0625, -0.0596,
        -0.0179, -0.0434,  0.0597,  0.0863, -0.0508, -0.0048,  0.0153, -0.0430,
         0.0773,  0.0437,  0.0434, -0.0190, -0.0407, -0.0322,  0.0125, -0.0665,
        -0.0502,  0.0298,  0.0087, -0.0728, -0.0151,  0.0297, -0.0039, -0.0059,
         0.0212, -0.0245,  0.0122, -0.0277, -0.0206,  0.0143, -0.0127, -0.0098,
         0.0584, -0.0857,  0.0523,  0.0388,  0.0585, -0.0217, -0.0798,  0.0455,
        -0.0810, -0.0830,  0.0116, -0.0402,  0.0638,  0.0552, -0.0685, -0.0535,
         0.0436,  0.0336, -0.0498,  0.0524, -0.0277, -0.0659, -0.0180,  0.0495],
       device='cuda:0') 
 Parameter containing:
tensor([-0.0745, -0.0151,  0.0182,  0.0065, -0.0671,  0.0383, -0.0625, -0.0596,
        -0.0179, -0.0434,  0.0597,  0.0863, -0.0508, -0.0048,  0.0153, -0.0430,
         0.0773,  0.0437,  0.0434, -0.0190, -0.0407, -0.0322,  0.0125, -0.0665,
        -0.0502,  0.0298,  0.0087, -0.0728, -0.0151,  0.0297, -0.0039, -0.0059,
         0.0212, -0.0245,  0.0122, -0.0277, -0.0206,  0.0143, -0.0127, -0.0098,
         0.0584, -0.0857,  0.0523,  0.0388,  0.0585, -0.0217, -0.0798,  0.0455,
        -0.0810, -0.0830,  0.0116, -0.0402,  0.0638,  0.0552, -0.0685, -0.0535,
         0.0436,  0.0336, -0.0498,  0.0524, -0.0277, -0.0659, -0.0180,  0.0495],
       device='cuda:0', requires_grad=True)
parameters of the network fc4.weight 
 torch.Size([6796, 64]) 
 True 
 tensor([[ 0.0506,  0.0362, -0.0780,  ..., -0.0665, -0.0603, -0.0027],
        [ 0.1068,  0.0997,  0.0969,  ..., -0.0963, -0.0834,  0.0350],
        [ 0.0943,  0.0210, -0.0419,  ...,  0.0398, -0.0824,  0.0649],
        ...,
        [ 0.0267,  0.1173,  0.0096,  ..., -0.0596, -0.0113, -0.0501],
        [-0.0322, -0.0818,  0.0362,  ...,  0.0089,  0.0839,  0.1069],
        [ 0.0021, -0.0712, -0.0167,  ...,  0.1150,  0.0855, -0.0440]],
       device='cuda:0') 
 Parameter containing:
tensor([[ 0.0506,  0.0362, -0.0780,  ..., -0.0665, -0.0603, -0.0027],
        [ 0.1068,  0.0997,  0.0969,  ..., -0.0963, -0.0834,  0.0350],
        [ 0.0943,  0.0210, -0.0419,  ...,  0.0398, -0.0824,  0.0649],
        ...,
        [ 0.0267,  0.1173,  0.0096,  ..., -0.0596, -0.0113, -0.0501],
        [-0.0322, -0.0818,  0.0362,  ...,  0.0089,  0.0839,  0.1069],
        [ 0.0021, -0.0712, -0.0167,  ...,  0.1150,  0.0855, -0.0440]],
       device='cuda:0', requires_grad=True)
parameters of the network fc4.bias 
 torch.Size([6796]) 
 True 
 tensor([ 0.0015, -0.0204, -0.1039,  ..., -0.0481,  0.0875, -0.1131],
       device='cuda:0') 
 Parameter containing:
tensor([ 0.0015, -0.0204, -0.1039,  ..., -0.0481,  0.0875, -0.1131],
       device='cuda:0', requires_grad=True)
Traceback (most recent call last):
  File "/hpcfs/bes/mlgpu/hoseinkk/MLTracking/otherparticles/pppipi/pyt_pppipi_cnn_1/./Model.py", line 105, in <module>
    result1 = net(TraTen[EvBTr])
  File "/hpcfs/bes/mlgpu/hoseinkk/Miniconda3/envs/dgl1/lib/python3.9/site-packages/torch/nn/modules/module.py", line 1102, in _call_impl
    return forward_call(*input, **kwargs)
  File "/hpcfs/bes/mlgpu/hoseinkk/MLTracking/otherparticles/pppipi/pyt_pppipi_cnn_1/./Model.py", line 27, in forward
    x = F.relu(self.conv1(x))
  File "/hpcfs/bes/mlgpu/hoseinkk/Miniconda3/envs/dgl1/lib/python3.9/site-packages/torch/nn/modules/module.py", line 1102, in _call_impl
    return forward_call(*input, **kwargs)
  File "/hpcfs/bes/mlgpu/hoseinkk/Miniconda3/envs/dgl1/lib/python3.9/site-packages/torch/nn/modules/conv.py", line 446, in forward
    return self._conv_forward(input, self.weight, self.bias)
  File "/hpcfs/bes/mlgpu/hoseinkk/Miniconda3/envs/dgl1/lib/python3.9/site-packages/torch/nn/modules/conv.py", line 442, in _conv_forward
    return F.conv2d(input, weight, bias, self.stride,
RuntimeError: Expected 4-dimensional input for 4-dimensional weight [256, 1, 3, 3], but got 2-dimensional input of size [43, 288] instead

real	0m24.223s
user	0m9.322s
sys	0m3.949s
