0: gpu020.ihep.ac.cn
GPU 0: Tesla V100-SXM2-32GB (UUID: GPU-22187028-9781-aeb0-fdbe-81f672f32a8d)
Allocate GPU cards : 0

modinfo:
filename:       /lib/modules/3.10.0-1160.71.1.el7.x86_64/extra/nvidia.ko.xz
firmware:       nvidia/515.65.01/gsp.bin
alias:          char-major-195-*
version:        515.65.01
supported:      external
license:        NVIDIA
retpoline:      Y
rhelversion:    7.9
srcversion:     8049D44E2C1B08F41E1B8A6
alias:          pci:v000010DEd*sv*sd*bc06sc80i00*
alias:          pci:v000010DEd*sv*sd*bc03sc02i00*
alias:          pci:v000010DEd*sv*sd*bc03sc00i00*
depends:        drm
vermagic:       3.10.0-1160.71.1.el7.x86_64 SMP mod_unload modversions 
signer:         DKMS module signing key
sig_key:        5D:EA:F4:F9:6B:E7:60:EC:37:91:76:30:82:9F:92:2E:89:FC:B5:0C
sig_hashalgo:   sha512
parm:           NvSwitchRegDwords:NvSwitch regkey (charp)
parm:           NvSwitchBlacklist:NvSwitchBlacklist=uuid[,uuid...] (charp)
parm:           NVreg_ResmanDebugLevel:int
parm:           NVreg_RmLogonRC:int
parm:           NVreg_ModifyDeviceFiles:int
parm:           NVreg_DeviceFileUID:int
parm:           NVreg_DeviceFileGID:int
parm:           NVreg_DeviceFileMode:int
parm:           NVreg_InitializeSystemMemoryAllocations:int
parm:           NVreg_UsePageAttributeTable:int
parm:           NVreg_EnablePCIeGen3:int
parm:           NVreg_EnableMSI:int
parm:           NVreg_TCEBypassMode:int
parm:           NVreg_EnableStreamMemOPs:int
parm:           NVreg_RestrictProfilingToAdminUsers:int
parm:           NVreg_PreserveVideoMemoryAllocations:int
parm:           NVreg_EnableS0ixPowerManagement:int
parm:           NVreg_S0ixPowerManagementVideoMemoryThreshold:int
parm:           NVreg_DynamicPowerManagement:int
parm:           NVreg_DynamicPowerManagementVideoMemoryThreshold:int
parm:           NVreg_EnableGpuFirmware:int
parm:           NVreg_EnableGpuFirmwareLogs:int
parm:           NVreg_OpenRmEnableUnsupportedGpus:int
parm:           NVreg_EnableUserNUMAManagement:int
parm:           NVreg_MemoryPoolSize:int
parm:           NVreg_KMallocHeapMaxSize:int
parm:           NVreg_VMallocHeapMaxSize:int
parm:           NVreg_IgnoreMMIOCheck:int
parm:           NVreg_NvLinkDisable:int
parm:           NVreg_EnablePCIERelaxedOrderingMode:int
parm:           NVreg_RegisterPCIDriver:int
parm:           NVreg_EnableDbgBreakpoint:int
parm:           NVreg_RegistryDwords:charp
parm:           NVreg_RegistryDwordsPerDevice:charp
parm:           NVreg_RmMsg:charp
parm:           NVreg_GpuBlacklist:charp
parm:           NVreg_TemporaryFilePath:charp
parm:           NVreg_ExcludedGpus:charp
parm:           NVreg_DmaRemapPeerMmio:int
parm:           rm_firmware_active:charp

nvidia-smi:
Mon Aug 29 18:15:58 2022       
+-----------------------------------------------------------------------------+
| NVIDIA-SMI 515.65.01    Driver Version: 515.65.01    CUDA Version: 11.7     |
|-------------------------------+----------------------+----------------------+
| GPU  Name        Persistence-M| Bus-Id        Disp.A | Volatile Uncorr. ECC |
| Fan  Temp  Perf  Pwr:Usage/Cap|         Memory-Usage | GPU-Util  Compute M. |
|                               |                      |               MIG M. |
|===============================+======================+======================|
|   0  Tesla V100-SXM2...  On   | 00000000:B5:00.0 Off |                    0 |
| N/A   39C    P0    46W / 300W |      0MiB / 32768MiB |      0%      Default |
|                               |                      |                  N/A |
+-------------------------------+----------------------+----------------------+
                                                                               
+-----------------------------------------------------------------------------+
| Processes:                                                                  |
|  GPU   GI   CI        PID   Type   Process name                  GPU Memory |
|        ID   ID                                                   Usage      |
|=============================================================================|
|  No running processes found                                                 |
+-----------------------------------------------------------------------------+

nvcc --version:
nvcc: NVIDIA (R) Cuda compiler driver
Copyright (c) 2005-2021 NVIDIA Corporation
Built on Sun_Mar_21_19:15:46_PDT_2021
Cuda compilation tools, release 11.3, V11.3.58
Build cuda_11.3.r11.3/compiler.29745058_0

 torch version: 1.10.2

 cuda version: 11.3

 is cuda available: True

 CUDNN VERSION: 8200

 Number CUDA Devices: 1

 CUDA Device Name: Tesla V100-SXM2-32GB

 CUDA Device Total Memory [GB]: 34.089926656

 Device capability: (7, 0) 

 Cuda deviice: <torch.cuda.device object at 0x2b0d744b78e0> 

 Is cuda initialized: True

 CUDA_HOME: /hpcfs/bes/mlgpu/hoseinkk/Miniconda3/envs/dgl1

real	0m27.800s
user	0m3.549s
sys	0m2.199s
/hpcfs/bes/mlgpu/hoseinkk/Miniconda3/envs/dgl1/lib/python3.9/site-packages/cupy/_environment.py:438: UserWarning: 
--------------------------------------------------------------------------------

  CuPy may not function correctly because multiple CuPy packages are installed
  in your environment:

    cupy, cupy-cuda110

  Follow these steps to resolve this issue:

    1. For all packages listed above, run the following command to remove all
       existing CuPy installations:

         $ pip uninstall <package_name>

      If you previously installed CuPy via conda, also run the following:

         $ conda uninstall cupy

    2. Install the appropriate CuPy package.
       Refer to the Installation Guide for detailed instructions.

         https://docs.cupy.dev/en/stable/install.html

--------------------------------------------------------------------------------

  warnings.warn(f'''
/hpcfs/bes/mlgpu/hoseinkk/Miniconda3/envs/dgl1/lib/python3.9/site-packages/torch/nn/functional.py:1806: UserWarning: nn.functional.sigmoid is deprecated. Use torch.sigmoid instead.
  warnings.warn("nn.functional.sigmoid is deprecated. Use torch.sigmoid instead.")





 Loading data ... 



training set shape (20000, 43, 288) 
sum 5279207

target set shape (20000, 6796) 
sum 4575851




 The Network ... 


Net(
  (conv1): Conv2d(1, 256, kernel_size=(3, 3), stride=(1, 1))
  (conv2): Conv2d(256, 128, kernel_size=(3, 3), stride=(1, 1))
  (conv3): Conv2d(128, 64, kernel_size=(3, 3), stride=(1, 1))
  (fc1): Linear(in_features=667776, out_features=256, bias=True)
  (fc2): Linear(in_features=256, out_features=128, bias=True)
  (fc3): Linear(in_features=128, out_features=64, bias=True)
  (fc4): Linear(in_features=64, out_features=6796, bias=True)
)

number of the free parameters: 171805196
parameters of the network conv1.weight 
 torch.Size([256, 1, 3, 3]) 
 True 
 tensor([[[[ 0.0143, -0.2662, -0.1085],
          [ 0.0861,  0.2844,  0.1114],
          [ 0.1930, -0.0377, -0.1227]]],


        [[[ 0.0893,  0.1687, -0.1667],
          [-0.1034,  0.3045, -0.2429],
          [-0.3251, -0.1555, -0.2228]]],


        [[[ 0.3060,  0.0543,  0.3147],
          [-0.0421,  0.1331, -0.1947],
          [ 0.0333, -0.2714, -0.1977]]],


        ...,


        [[[-0.1443, -0.0478,  0.1779],
          [ 0.3253, -0.1258,  0.0190],
          [-0.0418, -0.0232,  0.2668]]],


        [[[-0.1699,  0.1185,  0.0416],
          [-0.2870, -0.1201,  0.1872],
          [ 0.2570,  0.3087, -0.1964]]],


        [[[ 0.1127, -0.2531,  0.1905],
          [ 0.0349, -0.0673, -0.0226],
          [-0.3234,  0.1599, -0.1319]]]], device='cuda:0') 
 Parameter containing:
tensor([[[[ 0.0143, -0.2662, -0.1085],
          [ 0.0861,  0.2844,  0.1114],
          [ 0.1930, -0.0377, -0.1227]]],


        [[[ 0.0893,  0.1687, -0.1667],
          [-0.1034,  0.3045, -0.2429],
          [-0.3251, -0.1555, -0.2228]]],


        [[[ 0.3060,  0.0543,  0.3147],
          [-0.0421,  0.1331, -0.1947],
          [ 0.0333, -0.2714, -0.1977]]],


        ...,


        [[[-0.1443, -0.0478,  0.1779],
          [ 0.3253, -0.1258,  0.0190],
          [-0.0418, -0.0232,  0.2668]]],


        [[[-0.1699,  0.1185,  0.0416],
          [-0.2870, -0.1201,  0.1872],
          [ 0.2570,  0.3087, -0.1964]]],


        [[[ 0.1127, -0.2531,  0.1905],
          [ 0.0349, -0.0673, -0.0226],
          [-0.3234,  0.1599, -0.1319]]]], device='cuda:0', requires_grad=True)
parameters of the network conv1.bias 
 torch.Size([256]) 
 True 
 tensor([ 0.0644, -0.3035, -0.1129, -0.3325,  0.2050, -0.1038, -0.0427, -0.0258,
        -0.0018,  0.3201,  0.3245, -0.0785,  0.1071,  0.0497, -0.1661,  0.2798,
        -0.2349, -0.3236,  0.0122,  0.3315, -0.2211, -0.2508,  0.2663, -0.0558,
        -0.2741, -0.1864,  0.0671, -0.2358,  0.0276,  0.2521, -0.2354, -0.3250,
         0.0106,  0.1134,  0.2530,  0.2986,  0.1386,  0.2946,  0.2068,  0.0173,
         0.2441,  0.2436, -0.3202, -0.2849, -0.2248,  0.0006, -0.0472,  0.0811,
        -0.1131, -0.3193,  0.0915, -0.0131, -0.0553, -0.0234, -0.0297,  0.0794,
         0.1743,  0.2697,  0.1694, -0.2052, -0.2051,  0.2641, -0.1206,  0.2368,
        -0.0920,  0.0849,  0.1144,  0.2306,  0.1903, -0.0975,  0.2584, -0.2097,
        -0.2038, -0.2328, -0.2563, -0.0508,  0.2318,  0.1588,  0.0020,  0.3115,
         0.1149,  0.0861, -0.2897,  0.2993, -0.1078, -0.2498, -0.0794, -0.1233,
        -0.0905,  0.2804,  0.2147, -0.1614, -0.1727,  0.1723,  0.0842, -0.2315,
        -0.0090, -0.3074,  0.0882,  0.1744,  0.1703,  0.2775, -0.2424, -0.0549,
         0.0667, -0.1976, -0.3196, -0.2618, -0.2740, -0.0457,  0.3179, -0.0055,
        -0.2448, -0.0614, -0.1347,  0.0394,  0.1976, -0.1419,  0.1325, -0.0991,
        -0.1615,  0.1705,  0.1694,  0.2349, -0.1559,  0.2710,  0.3012, -0.0969,
        -0.1159,  0.1369,  0.1696,  0.2447, -0.2738,  0.0538, -0.1302, -0.3220,
        -0.0049,  0.1401,  0.0691,  0.1289,  0.0239,  0.2476,  0.2184,  0.1796,
         0.0297,  0.0710, -0.1760, -0.0471, -0.0221, -0.1186, -0.2339, -0.2886,
         0.2466, -0.1055,  0.2954,  0.2740, -0.0999,  0.2865,  0.3191,  0.0965,
         0.0813,  0.1388, -0.3316,  0.1092,  0.1665, -0.0082,  0.2946, -0.1703,
         0.1577,  0.2815, -0.2236, -0.3314, -0.2648,  0.3026, -0.3303,  0.1515,
         0.1742, -0.0028,  0.1234, -0.0208, -0.2127,  0.0652, -0.0828,  0.1030,
         0.2489,  0.1587,  0.1308,  0.1102, -0.0281, -0.0869,  0.2328,  0.2401,
        -0.2703, -0.0387, -0.2326, -0.0566, -0.3043, -0.1166, -0.1510,  0.2010,
        -0.1796, -0.1532, -0.2040, -0.0435, -0.2400, -0.1697,  0.0335,  0.1723,
        -0.1989, -0.1992,  0.1313, -0.0516, -0.0518,  0.2909,  0.1294,  0.3073,
        -0.1589,  0.0533,  0.0657,  0.1789, -0.1064, -0.2503, -0.1853,  0.2633,
         0.2286, -0.0779, -0.0246,  0.0616,  0.3106,  0.2370,  0.2807, -0.0326,
         0.1185, -0.2119,  0.2061, -0.1310, -0.2129, -0.1495, -0.3265,  0.3007,
         0.2473,  0.0057, -0.2415,  0.0825, -0.2048, -0.1543,  0.2674,  0.0573,
         0.0616, -0.0066, -0.3267,  0.1462, -0.1406, -0.2492, -0.1151,  0.1131],
       device='cuda:0') 
 Parameter containing:
tensor([ 0.0644, -0.3035, -0.1129, -0.3325,  0.2050, -0.1038, -0.0427, -0.0258,
        -0.0018,  0.3201,  0.3245, -0.0785,  0.1071,  0.0497, -0.1661,  0.2798,
        -0.2349, -0.3236,  0.0122,  0.3315, -0.2211, -0.2508,  0.2663, -0.0558,
        -0.2741, -0.1864,  0.0671, -0.2358,  0.0276,  0.2521, -0.2354, -0.3250,
         0.0106,  0.1134,  0.2530,  0.2986,  0.1386,  0.2946,  0.2068,  0.0173,
         0.2441,  0.2436, -0.3202, -0.2849, -0.2248,  0.0006, -0.0472,  0.0811,
        -0.1131, -0.3193,  0.0915, -0.0131, -0.0553, -0.0234, -0.0297,  0.0794,
         0.1743,  0.2697,  0.1694, -0.2052, -0.2051,  0.2641, -0.1206,  0.2368,
        -0.0920,  0.0849,  0.1144,  0.2306,  0.1903, -0.0975,  0.2584, -0.2097,
        -0.2038, -0.2328, -0.2563, -0.0508,  0.2318,  0.1588,  0.0020,  0.3115,
         0.1149,  0.0861, -0.2897,  0.2993, -0.1078, -0.2498, -0.0794, -0.1233,
        -0.0905,  0.2804,  0.2147, -0.1614, -0.1727,  0.1723,  0.0842, -0.2315,
        -0.0090, -0.3074,  0.0882,  0.1744,  0.1703,  0.2775, -0.2424, -0.0549,
         0.0667, -0.1976, -0.3196, -0.2618, -0.2740, -0.0457,  0.3179, -0.0055,
        -0.2448, -0.0614, -0.1347,  0.0394,  0.1976, -0.1419,  0.1325, -0.0991,
        -0.1615,  0.1705,  0.1694,  0.2349, -0.1559,  0.2710,  0.3012, -0.0969,
        -0.1159,  0.1369,  0.1696,  0.2447, -0.2738,  0.0538, -0.1302, -0.3220,
        -0.0049,  0.1401,  0.0691,  0.1289,  0.0239,  0.2476,  0.2184,  0.1796,
         0.0297,  0.0710, -0.1760, -0.0471, -0.0221, -0.1186, -0.2339, -0.2886,
         0.2466, -0.1055,  0.2954,  0.2740, -0.0999,  0.2865,  0.3191,  0.0965,
         0.0813,  0.1388, -0.3316,  0.1092,  0.1665, -0.0082,  0.2946, -0.1703,
         0.1577,  0.2815, -0.2236, -0.3314, -0.2648,  0.3026, -0.3303,  0.1515,
         0.1742, -0.0028,  0.1234, -0.0208, -0.2127,  0.0652, -0.0828,  0.1030,
         0.2489,  0.1587,  0.1308,  0.1102, -0.0281, -0.0869,  0.2328,  0.2401,
        -0.2703, -0.0387, -0.2326, -0.0566, -0.3043, -0.1166, -0.1510,  0.2010,
        -0.1796, -0.1532, -0.2040, -0.0435, -0.2400, -0.1697,  0.0335,  0.1723,
        -0.1989, -0.1992,  0.1313, -0.0516, -0.0518,  0.2909,  0.1294,  0.3073,
        -0.1589,  0.0533,  0.0657,  0.1789, -0.1064, -0.2503, -0.1853,  0.2633,
         0.2286, -0.0779, -0.0246,  0.0616,  0.3106,  0.2370,  0.2807, -0.0326,
         0.1185, -0.2119,  0.2061, -0.1310, -0.2129, -0.1495, -0.3265,  0.3007,
         0.2473,  0.0057, -0.2415,  0.0825, -0.2048, -0.1543,  0.2674,  0.0573,
         0.0616, -0.0066, -0.3267,  0.1462, -0.1406, -0.2492, -0.1151,  0.1131],
       device='cuda:0', requires_grad=True)
parameters of the network conv2.weight 
 torch.Size([128, 256, 3, 3]) 
 True 
 tensor([[[[ 1.5025e-02,  1.1347e-02,  3.5870e-04],
          [-1.1238e-02, -1.3850e-02, -2.0007e-02],
          [-6.3468e-03,  2.1311e-04, -3.2710e-03]],

         [[-1.7409e-02,  1.3946e-02,  8.4651e-03],
          [ 1.8793e-02, -1.0991e-02,  4.9131e-03],
          [ 1.3045e-02, -8.6375e-03,  6.2361e-03]],

         [[ 1.9179e-02,  4.7514e-03,  2.0038e-02],
          [-4.2220e-03, -1.0578e-03,  1.3623e-02],
          [ 6.4009e-04, -7.9119e-03, -9.0823e-03]],

         ...,

         [[-1.3875e-02,  6.4920e-03,  1.1964e-02],
          [-1.6762e-02,  4.9210e-03, -1.6086e-03],
          [ 1.2365e-02, -1.0249e-02,  1.5086e-02]],

         [[ 9.2921e-03, -1.3988e-02, -1.7259e-02],
          [-4.1707e-03,  1.2347e-02,  4.0477e-03],
          [ 8.5288e-03, -8.6118e-03, -5.1687e-03]],

         [[ 3.2584e-03,  2.0018e-02,  1.5751e-02],
          [ 1.2356e-02,  1.2385e-02,  5.2493e-03],
          [-8.9433e-03,  1.8655e-02,  1.5033e-02]]],


        [[[ 1.7767e-02, -1.5414e-02, -8.5704e-04],
          [ 9.3354e-03,  2.7499e-03,  6.3092e-03],
          [-9.4433e-03,  1.4297e-02,  6.8019e-03]],

         [[-2.9206e-03, -1.0497e-02, -1.5029e-02],
          [ 1.7836e-03, -8.1756e-03,  1.2356e-02],
          [ 1.4080e-02,  1.4806e-02,  1.5484e-02]],

         [[-3.0965e-03,  1.5463e-02,  2.2334e-03],
          [ 1.7736e-02, -6.8109e-03, -1.9357e-02],
          [-6.3919e-03, -9.9099e-03,  2.4450e-03]],

         ...,

         [[ 1.7431e-02,  1.1917e-02, -8.2974e-03],
          [ 1.8016e-02,  1.8745e-02, -2.0551e-03],
          [ 6.6006e-03, -1.1953e-02,  9.8373e-03]],

         [[ 9.2839e-03,  1.0137e-02,  1.4299e-02],
          [-1.0003e-02, -1.4139e-02,  1.4450e-02],
          [ 1.6197e-02,  1.5135e-02,  2.0130e-02]],

         [[-1.8310e-02,  5.9084e-03, -1.6662e-02],
          [-8.9054e-03, -1.7682e-02, -1.1580e-02],
          [-1.4717e-02,  1.7108e-02,  1.0314e-02]]],


        [[[-1.0216e-02, -5.7331e-03, -6.1303e-03],
          [ 1.5608e-02,  1.1864e-03,  2.4220e-03],
          [ 7.7683e-03,  1.5806e-03,  2.0609e-02]],

         [[-2.1949e-03, -1.5181e-02,  5.5796e-03],
          [ 1.9599e-02,  2.0419e-02,  7.9757e-03],
          [-4.5896e-03,  9.1232e-03, -7.3162e-03]],

         [[ 7.2753e-03,  1.0415e-02,  5.6162e-03],
          [ 1.8765e-02, -1.1398e-02,  1.1727e-02],
          [-1.1427e-02, -9.9130e-03, -5.4195e-03]],

         ...,

         [[ 1.3351e-02,  1.0314e-02, -1.5679e-02],
          [ 2.8323e-03,  1.0038e-02,  1.5942e-02],
          [ 1.4380e-02,  2.1567e-03,  8.4015e-03]],

         [[-1.3177e-02, -4.0279e-03,  2.8433e-03],
          [ 1.1894e-02, -1.9280e-02, -1.9886e-02],
          [-2.0158e-03,  9.8646e-03,  5.7454e-03]],

         [[ 4.6276e-03,  1.3634e-02, -1.9157e-02],
          [ 2.2275e-03, -1.0644e-02,  1.5538e-02],
          [-1.9512e-02,  2.0204e-02,  4.2245e-03]]],


        ...,


        [[[ 1.0805e-02, -5.0956e-03, -7.8010e-03],
          [ 6.2168e-04,  9.4368e-03, -1.2318e-02],
          [-1.4608e-02, -1.4489e-02,  1.2552e-02]],

         [[ 1.5488e-02, -5.1968e-03, -7.5351e-03],
          [-3.0882e-03,  9.6305e-03,  7.6175e-03],
          [ 2.0607e-02,  6.0442e-03,  1.5397e-02]],

         [[ 1.1670e-02,  1.6567e-02,  6.4347e-03],
          [ 4.3016e-03, -1.2989e-02,  3.6550e-04],
          [ 1.2390e-02,  8.2496e-03,  1.4340e-02]],

         ...,

         [[ 3.5802e-03,  1.1688e-02, -1.9228e-02],
          [ 1.5833e-02, -1.9225e-02, -6.7006e-03],
          [ 1.5502e-02, -1.0816e-02,  6.5595e-03]],

         [[ 3.7738e-03, -1.9682e-02,  1.9403e-03],
          [ 1.6926e-02,  1.7764e-02,  7.6957e-03],
          [-4.4202e-03, -8.4313e-05,  1.0522e-02]],

         [[ 2.4294e-03,  1.2473e-02,  1.7758e-02],
          [-1.5988e-03, -2.4604e-04, -6.1139e-03],
          [-1.8569e-02, -4.4312e-03, -2.2992e-03]]],


        [[[-1.8594e-03,  4.6844e-03,  4.0205e-03],
          [-3.2714e-03, -1.6486e-02, -8.5362e-03],
          [-5.7086e-03,  7.2536e-03,  1.5631e-02]],

         [[ 3.5619e-03, -2.0111e-02, -1.6173e-02],
          [-7.8358e-03,  1.0530e-02,  1.0269e-03],
          [ 9.7551e-03, -2.3603e-03, -1.7695e-02]],

         [[ 5.3750e-03,  7.8377e-04, -1.2726e-02],
          [-1.0736e-02, -1.7885e-02,  1.3024e-02],
          [-1.9339e-02, -1.3039e-02,  1.4825e-02]],

         ...,

         [[-1.7745e-02,  1.2970e-02,  1.6610e-02],
          [ 5.4305e-03, -1.5289e-02,  1.0936e-03],
          [-1.8151e-03, -1.7639e-04,  3.3410e-03]],

         [[ 1.1418e-02, -8.7349e-03, -1.6084e-02],
          [ 4.0868e-03, -2.3195e-03, -8.0490e-03],
          [ 1.1994e-02, -1.6980e-02, -4.5220e-03]],

         [[ 1.0836e-02,  7.0693e-03,  2.0795e-02],
          [ 1.0335e-02, -1.7562e-03,  2.4420e-03],
          [-2.0439e-02, -2.6363e-03, -1.6517e-02]]],


        [[[ 1.3005e-02, -2.0602e-02, -1.6448e-02],
          [ 8.9555e-04, -8.2389e-03,  1.4521e-02],
          [ 1.5764e-02, -9.6462e-03, -1.9040e-02]],

         [[ 1.7077e-02, -1.4094e-02, -1.5311e-02],
          [ 6.1168e-03,  1.3994e-02,  9.4630e-05],
          [-1.6665e-02,  1.5339e-02, -1.5004e-03]],

         [[-4.2698e-03, -1.8156e-02,  9.9625e-03],
          [-1.2234e-02,  1.7759e-02,  1.1396e-02],
          [-1.8425e-02,  1.8459e-02,  1.8726e-03]],

         ...,

         [[ 3.6268e-03,  2.0476e-03,  1.1015e-02],
          [ 2.7022e-03, -9.8902e-03, -2.0611e-02],
          [ 1.3294e-02, -4.9126e-03, -4.1263e-03]],

         [[ 1.7937e-02,  6.3244e-03, -1.3702e-02],
          [-2.0232e-02,  1.6814e-03, -6.9209e-03],
          [ 1.7432e-02,  3.2701e-03,  7.2226e-03]],

         [[ 1.9386e-02,  4.7413e-03, -1.0369e-02],
          [-7.4163e-03,  1.9319e-02,  2.6838e-03],
          [-1.6797e-02,  8.9760e-03, -6.5481e-03]]]], device='cuda:0') 
 Parameter containing:
tensor([[[[ 1.5025e-02,  1.1347e-02,  3.5870e-04],
          [-1.1238e-02, -1.3850e-02, -2.0007e-02],
          [-6.3468e-03,  2.1311e-04, -3.2710e-03]],

         [[-1.7409e-02,  1.3946e-02,  8.4651e-03],
          [ 1.8793e-02, -1.0991e-02,  4.9131e-03],
          [ 1.3045e-02, -8.6375e-03,  6.2361e-03]],

         [[ 1.9179e-02,  4.7514e-03,  2.0038e-02],
          [-4.2220e-03, -1.0578e-03,  1.3623e-02],
          [ 6.4009e-04, -7.9119e-03, -9.0823e-03]],

         ...,

         [[-1.3875e-02,  6.4920e-03,  1.1964e-02],
          [-1.6762e-02,  4.9210e-03, -1.6086e-03],
          [ 1.2365e-02, -1.0249e-02,  1.5086e-02]],

         [[ 9.2921e-03, -1.3988e-02, -1.7259e-02],
          [-4.1707e-03,  1.2347e-02,  4.0477e-03],
          [ 8.5288e-03, -8.6118e-03, -5.1687e-03]],

         [[ 3.2584e-03,  2.0018e-02,  1.5751e-02],
          [ 1.2356e-02,  1.2385e-02,  5.2493e-03],
          [-8.9433e-03,  1.8655e-02,  1.5033e-02]]],


        [[[ 1.7767e-02, -1.5414e-02, -8.5704e-04],
          [ 9.3354e-03,  2.7499e-03,  6.3092e-03],
          [-9.4433e-03,  1.4297e-02,  6.8019e-03]],

         [[-2.9206e-03, -1.0497e-02, -1.5029e-02],
          [ 1.7836e-03, -8.1756e-03,  1.2356e-02],
          [ 1.4080e-02,  1.4806e-02,  1.5484e-02]],

         [[-3.0965e-03,  1.5463e-02,  2.2334e-03],
          [ 1.7736e-02, -6.8109e-03, -1.9357e-02],
          [-6.3919e-03, -9.9099e-03,  2.4450e-03]],

         ...,

         [[ 1.7431e-02,  1.1917e-02, -8.2974e-03],
          [ 1.8016e-02,  1.8745e-02, -2.0551e-03],
          [ 6.6006e-03, -1.1953e-02,  9.8373e-03]],

         [[ 9.2839e-03,  1.0137e-02,  1.4299e-02],
          [-1.0003e-02, -1.4139e-02,  1.4450e-02],
          [ 1.6197e-02,  1.5135e-02,  2.0130e-02]],

         [[-1.8310e-02,  5.9084e-03, -1.6662e-02],
          [-8.9054e-03, -1.7682e-02, -1.1580e-02],
          [-1.4717e-02,  1.7108e-02,  1.0314e-02]]],


        [[[-1.0216e-02, -5.7331e-03, -6.1303e-03],
          [ 1.5608e-02,  1.1864e-03,  2.4220e-03],
          [ 7.7683e-03,  1.5806e-03,  2.0609e-02]],

         [[-2.1949e-03, -1.5181e-02,  5.5796e-03],
          [ 1.9599e-02,  2.0419e-02,  7.9757e-03],
          [-4.5896e-03,  9.1232e-03, -7.3162e-03]],

         [[ 7.2753e-03,  1.0415e-02,  5.6162e-03],
          [ 1.8765e-02, -1.1398e-02,  1.1727e-02],
          [-1.1427e-02, -9.9130e-03, -5.4195e-03]],

         ...,

         [[ 1.3351e-02,  1.0314e-02, -1.5679e-02],
          [ 2.8323e-03,  1.0038e-02,  1.5942e-02],
          [ 1.4380e-02,  2.1567e-03,  8.4015e-03]],

         [[-1.3177e-02, -4.0279e-03,  2.8433e-03],
          [ 1.1894e-02, -1.9280e-02, -1.9886e-02],
          [-2.0158e-03,  9.8646e-03,  5.7454e-03]],

         [[ 4.6276e-03,  1.3634e-02, -1.9157e-02],
          [ 2.2275e-03, -1.0644e-02,  1.5538e-02],
          [-1.9512e-02,  2.0204e-02,  4.2245e-03]]],


        ...,


        [[[ 1.0805e-02, -5.0956e-03, -7.8010e-03],
          [ 6.2168e-04,  9.4368e-03, -1.2318e-02],
          [-1.4608e-02, -1.4489e-02,  1.2552e-02]],

         [[ 1.5488e-02, -5.1968e-03, -7.5351e-03],
          [-3.0882e-03,  9.6305e-03,  7.6175e-03],
          [ 2.0607e-02,  6.0442e-03,  1.5397e-02]],

         [[ 1.1670e-02,  1.6567e-02,  6.4347e-03],
          [ 4.3016e-03, -1.2989e-02,  3.6550e-04],
          [ 1.2390e-02,  8.2496e-03,  1.4340e-02]],

         ...,

         [[ 3.5802e-03,  1.1688e-02, -1.9228e-02],
          [ 1.5833e-02, -1.9225e-02, -6.7006e-03],
          [ 1.5502e-02, -1.0816e-02,  6.5595e-03]],

         [[ 3.7738e-03, -1.9682e-02,  1.9403e-03],
          [ 1.6926e-02,  1.7764e-02,  7.6957e-03],
          [-4.4202e-03, -8.4313e-05,  1.0522e-02]],

         [[ 2.4294e-03,  1.2473e-02,  1.7758e-02],
          [-1.5988e-03, -2.4604e-04, -6.1139e-03],
          [-1.8569e-02, -4.4312e-03, -2.2992e-03]]],


        [[[-1.8594e-03,  4.6844e-03,  4.0205e-03],
          [-3.2714e-03, -1.6486e-02, -8.5362e-03],
          [-5.7086e-03,  7.2536e-03,  1.5631e-02]],

         [[ 3.5619e-03, -2.0111e-02, -1.6173e-02],
          [-7.8358e-03,  1.0530e-02,  1.0269e-03],
          [ 9.7551e-03, -2.3603e-03, -1.7695e-02]],

         [[ 5.3750e-03,  7.8377e-04, -1.2726e-02],
          [-1.0736e-02, -1.7885e-02,  1.3024e-02],
          [-1.9339e-02, -1.3039e-02,  1.4825e-02]],

         ...,

         [[-1.7745e-02,  1.2970e-02,  1.6610e-02],
          [ 5.4305e-03, -1.5289e-02,  1.0936e-03],
          [-1.8151e-03, -1.7639e-04,  3.3410e-03]],

         [[ 1.1418e-02, -8.7349e-03, -1.6084e-02],
          [ 4.0868e-03, -2.3195e-03, -8.0490e-03],
          [ 1.1994e-02, -1.6980e-02, -4.5220e-03]],

         [[ 1.0836e-02,  7.0693e-03,  2.0795e-02],
          [ 1.0335e-02, -1.7562e-03,  2.4420e-03],
          [-2.0439e-02, -2.6363e-03, -1.6517e-02]]],


        [[[ 1.3005e-02, -2.0602e-02, -1.6448e-02],
          [ 8.9555e-04, -8.2389e-03,  1.4521e-02],
          [ 1.5764e-02, -9.6462e-03, -1.9040e-02]],

         [[ 1.7077e-02, -1.4094e-02, -1.5311e-02],
          [ 6.1168e-03,  1.3994e-02,  9.4630e-05],
          [-1.6665e-02,  1.5339e-02, -1.5004e-03]],

         [[-4.2698e-03, -1.8156e-02,  9.9625e-03],
          [-1.2234e-02,  1.7759e-02,  1.1396e-02],
          [-1.8425e-02,  1.8459e-02,  1.8726e-03]],

         ...,

         [[ 3.6268e-03,  2.0476e-03,  1.1015e-02],
          [ 2.7022e-03, -9.8902e-03, -2.0611e-02],
          [ 1.3294e-02, -4.9126e-03, -4.1263e-03]],

         [[ 1.7937e-02,  6.3244e-03, -1.3702e-02],
          [-2.0232e-02,  1.6814e-03, -6.9209e-03],
          [ 1.7432e-02,  3.2701e-03,  7.2226e-03]],

         [[ 1.9386e-02,  4.7413e-03, -1.0369e-02],
          [-7.4163e-03,  1.9319e-02,  2.6838e-03],
          [-1.6797e-02,  8.9760e-03, -6.5481e-03]]]], device='cuda:0',
       requires_grad=True)
parameters of the network conv2.bias 
 torch.Size([128]) 
 True 
 tensor([-3.1303e-03, -1.6156e-02,  3.2526e-03,  1.7124e-03, -1.8959e-02,
         8.8789e-03, -1.5881e-02, -7.5790e-03,  7.7287e-03, -1.5261e-02,
        -4.4872e-04,  8.0311e-03, -9.1621e-03, -5.1402e-03, -6.5884e-03,
         1.0475e-02, -5.7735e-03, -1.7500e-03,  3.7470e-04, -3.0194e-03,
        -1.8303e-02, -1.8417e-02,  1.9436e-02,  8.1046e-03, -1.0821e-02,
        -4.7771e-03, -1.3190e-02, -1.2199e-02, -1.8667e-02,  1.0925e-02,
        -1.8024e-02, -1.4678e-02,  1.9709e-02,  1.9011e-02,  1.8545e-02,
        -1.6178e-02,  2.0751e-02,  1.7625e-02, -1.3981e-02,  1.6625e-02,
        -9.6558e-03, -2.1650e-03, -3.3962e-04,  2.5202e-03,  2.0372e-02,
        -1.6668e-02, -1.0083e-02,  1.5487e-02,  1.1530e-02,  8.2265e-03,
         1.0789e-02, -9.9355e-03, -1.7362e-02,  1.1529e-02, -1.9578e-03,
         4.3307e-03, -1.7694e-03,  1.3231e-02,  1.4047e-02,  1.0588e-02,
         1.8270e-02,  1.5782e-02,  1.2371e-02,  1.7430e-02, -1.6026e-02,
         2.4169e-04,  1.6816e-02, -1.9692e-02, -1.8542e-02,  1.9358e-02,
        -4.8077e-04, -8.4344e-03,  1.4230e-02, -1.6839e-03,  9.4953e-03,
        -1.6906e-02,  9.0063e-03, -1.1809e-02, -2.0597e-02, -1.9348e-02,
         7.9340e-03, -1.4610e-02, -1.7653e-02,  1.8100e-02,  1.2661e-02,
         1.3255e-02,  1.8519e-03, -4.7348e-03,  8.4566e-04,  1.3403e-02,
        -3.6304e-03, -3.9106e-05, -1.7563e-04,  1.1731e-02,  1.4481e-02,
         2.0488e-02, -6.5744e-03, -1.3457e-02, -1.8160e-03, -1.4978e-02,
         1.3986e-02, -1.2066e-02, -1.8223e-02, -1.3845e-02, -9.5107e-04,
        -1.0770e-02, -1.1327e-02, -1.2097e-02, -1.1587e-02,  8.6140e-03,
         1.7349e-02,  1.8315e-02,  9.3581e-03,  6.5552e-03, -1.7363e-03,
        -3.3627e-04,  2.3357e-03, -1.8394e-02,  2.8904e-04,  1.0167e-02,
         2.0533e-02,  9.8310e-03,  1.9176e-02, -6.7621e-03, -1.2740e-02,
         8.6653e-03, -2.3497e-03,  1.9402e-02], device='cuda:0') 
 Parameter containing:
tensor([-3.1303e-03, -1.6156e-02,  3.2526e-03,  1.7124e-03, -1.8959e-02,
         8.8789e-03, -1.5881e-02, -7.5790e-03,  7.7287e-03, -1.5261e-02,
        -4.4872e-04,  8.0311e-03, -9.1621e-03, -5.1402e-03, -6.5884e-03,
         1.0475e-02, -5.7735e-03, -1.7500e-03,  3.7470e-04, -3.0194e-03,
        -1.8303e-02, -1.8417e-02,  1.9436e-02,  8.1046e-03, -1.0821e-02,
        -4.7771e-03, -1.3190e-02, -1.2199e-02, -1.8667e-02,  1.0925e-02,
        -1.8024e-02, -1.4678e-02,  1.9709e-02,  1.9011e-02,  1.8545e-02,
        -1.6178e-02,  2.0751e-02,  1.7625e-02, -1.3981e-02,  1.6625e-02,
        -9.6558e-03, -2.1650e-03, -3.3962e-04,  2.5202e-03,  2.0372e-02,
        -1.6668e-02, -1.0083e-02,  1.5487e-02,  1.1530e-02,  8.2265e-03,
         1.0789e-02, -9.9355e-03, -1.7362e-02,  1.1529e-02, -1.9578e-03,
         4.3307e-03, -1.7694e-03,  1.3231e-02,  1.4047e-02,  1.0588e-02,
         1.8270e-02,  1.5782e-02,  1.2371e-02,  1.7430e-02, -1.6026e-02,
         2.4169e-04,  1.6816e-02, -1.9692e-02, -1.8542e-02,  1.9358e-02,
        -4.8077e-04, -8.4344e-03,  1.4230e-02, -1.6839e-03,  9.4953e-03,
        -1.6906e-02,  9.0063e-03, -1.1809e-02, -2.0597e-02, -1.9348e-02,
         7.9340e-03, -1.4610e-02, -1.7653e-02,  1.8100e-02,  1.2661e-02,
         1.3255e-02,  1.8519e-03, -4.7348e-03,  8.4566e-04,  1.3403e-02,
        -3.6304e-03, -3.9106e-05, -1.7563e-04,  1.1731e-02,  1.4481e-02,
         2.0488e-02, -6.5744e-03, -1.3457e-02, -1.8160e-03, -1.4978e-02,
         1.3986e-02, -1.2066e-02, -1.8223e-02, -1.3845e-02, -9.5107e-04,
        -1.0770e-02, -1.1327e-02, -1.2097e-02, -1.1587e-02,  8.6140e-03,
         1.7349e-02,  1.8315e-02,  9.3581e-03,  6.5552e-03, -1.7363e-03,
        -3.3627e-04,  2.3357e-03, -1.8394e-02,  2.8904e-04,  1.0167e-02,
         2.0533e-02,  9.8310e-03,  1.9176e-02, -6.7621e-03, -1.2740e-02,
         8.6653e-03, -2.3497e-03,  1.9402e-02], device='cuda:0',
       requires_grad=True)
parameters of the network conv3.weight 
 torch.Size([64, 128, 3, 3]) 
 True 
 tensor([[[[ 1.5844e-02,  1.7206e-02, -7.3517e-03],
          [ 1.1542e-03,  1.5402e-02,  1.2204e-02],
          [-1.2075e-02, -1.3973e-02, -2.6833e-02]],

         [[-2.4183e-02,  9.8240e-03, -2.6559e-02],
          [-1.5000e-02,  2.6038e-02, -2.6809e-02],
          [-2.7565e-02, -7.2415e-03, -1.1234e-02]],

         [[ 1.1772e-02, -2.5335e-02,  1.7863e-02],
          [ 1.0662e-02, -2.3174e-02, -8.4966e-03],
          [ 1.9451e-02, -2.2943e-02, -1.0464e-02]],

         ...,

         [[ 1.9509e-02, -1.8150e-02,  1.3225e-02],
          [-8.7055e-03, -6.8533e-03,  9.5241e-04],
          [-2.9019e-02,  8.5337e-03, -2.0617e-03]],

         [[-1.3717e-02, -5.2342e-03,  2.2893e-02],
          [-1.1097e-02, -1.6380e-02, -2.0067e-02],
          [-1.8024e-03,  4.3097e-03,  1.8085e-02]],

         [[ 2.7151e-02, -1.1148e-02, -1.2517e-02],
          [ 9.3482e-03, -1.1773e-02,  1.0192e-02],
          [ 7.1446e-03,  1.7615e-02, -2.3171e-02]]],


        [[[ 2.2002e-02, -1.8516e-02,  2.5779e-02],
          [ 1.3225e-02,  2.4653e-02,  2.8426e-02],
          [-2.4896e-02,  2.0510e-02, -2.7002e-02]],

         [[-2.2773e-02, -6.4006e-03, -3.6018e-03],
          [ 1.2692e-02, -2.9370e-02,  1.5977e-02],
          [-2.7259e-02,  8.2207e-03,  2.1188e-02]],

         [[-1.3536e-02,  1.6195e-02,  2.7976e-02],
          [ 2.1213e-02,  1.8791e-02, -2.3770e-02],
          [ 2.1524e-03,  1.8985e-02, -1.0259e-02]],

         ...,

         [[ 2.1468e-02,  3.9789e-03, -2.1309e-02],
          [-1.7740e-02, -1.6736e-02,  2.7021e-02],
          [-2.6181e-02,  8.5458e-03,  7.0308e-03]],

         [[-8.2186e-03,  1.4733e-03, -1.8083e-02],
          [ 1.0265e-02,  2.8130e-02,  1.2241e-02],
          [-2.1358e-02, -6.1944e-03, -8.6104e-03]],

         [[-6.2342e-03,  1.2680e-02, -1.2245e-02],
          [ 1.1117e-02, -1.3715e-02,  1.2092e-02],
          [ 1.3885e-02, -2.8831e-02,  1.6294e-02]]],


        [[[ 1.5886e-02,  1.9823e-02, -2.8160e-02],
          [-1.2355e-02,  2.2498e-02,  1.4963e-02],
          [-2.5773e-02,  4.3700e-03,  2.2343e-02]],

         [[ 1.2224e-02, -2.7747e-02,  1.0234e-02],
          [-2.4109e-02,  5.0843e-03, -5.8219e-03],
          [ 2.8746e-02,  7.3183e-03,  2.8614e-03]],

         [[ 1.3541e-02, -3.0506e-03, -2.4159e-02],
          [ 5.0500e-03,  1.3576e-02,  2.2287e-02],
          [ 2.6908e-02, -1.2919e-02,  1.0723e-02]],

         ...,

         [[-2.8525e-02, -3.4281e-03, -2.5698e-02],
          [-1.0899e-02, -1.5198e-02,  2.8018e-03],
          [ 2.2181e-02, -5.8602e-03, -5.8475e-03]],

         [[ 9.1745e-04, -2.5005e-02,  2.9078e-02],
          [ 1.9979e-02,  1.2157e-02,  1.0143e-02],
          [ 8.2292e-04, -4.8794e-03, -9.9106e-03]],

         [[-1.0736e-02, -1.7805e-02, -1.9868e-02],
          [ 1.1318e-03,  1.4841e-02,  1.9396e-02],
          [ 6.1387e-03, -2.0156e-02, -2.4369e-02]]],


        ...,


        [[[ 2.4465e-02,  4.5081e-03, -1.6216e-02],
          [ 5.5075e-03, -2.3658e-02, -1.3166e-02],
          [ 2.4410e-02,  2.5054e-02, -2.0834e-02]],

         [[ 2.3398e-02,  2.1052e-02,  1.7671e-02],
          [-1.8911e-02,  1.3865e-02,  1.0394e-02],
          [ 5.7951e-03,  1.8875e-02, -2.1129e-02]],

         [[ 1.6217e-02,  2.8180e-02, -8.0905e-03],
          [-2.0552e-02,  2.2117e-02,  2.7176e-02],
          [-1.0708e-02, -7.3679e-03, -1.0449e-02]],

         ...,

         [[-5.9576e-03, -6.6866e-05,  1.6301e-02],
          [ 1.4170e-03, -3.8364e-03, -3.1609e-03],
          [ 8.6974e-03, -1.6121e-02, -1.9479e-02]],

         [[-2.7176e-02, -1.5177e-02, -2.5981e-02],
          [-1.9934e-02, -4.6693e-03, -2.0601e-02],
          [ 2.8414e-03, -8.2868e-03, -1.9115e-02]],

         [[-4.4938e-03, -2.0699e-02,  1.2292e-02],
          [-1.9167e-02,  2.5072e-02, -6.0144e-03],
          [ 1.1571e-02,  7.5493e-04, -2.7090e-02]]],


        [[[ 2.4293e-02, -2.7134e-02, -5.6589e-05],
          [ 2.3706e-02,  1.6772e-02,  5.6121e-04],
          [-1.4657e-02, -1.9900e-02,  6.9597e-03]],

         [[-5.6962e-03, -1.4621e-02,  8.3613e-03],
          [-3.5452e-03, -2.3394e-02, -2.2673e-02],
          [ 2.2548e-02,  9.7795e-03, -2.2192e-02]],

         [[ 1.3428e-02, -2.4116e-02,  2.5524e-02],
          [-2.7695e-02, -6.2508e-03, -2.7104e-02],
          [ 2.1056e-03, -1.6746e-02,  6.3325e-03]],

         ...,

         [[ 1.3134e-02, -1.5416e-02,  1.2554e-02],
          [ 1.0992e-02,  2.4945e-02,  9.0697e-03],
          [-2.4403e-03, -1.3700e-02,  2.4698e-02]],

         [[-2.7845e-02, -1.1458e-02, -2.4957e-02],
          [ 1.6125e-02,  6.0734e-03, -1.5370e-03],
          [-2.4292e-02,  6.6325e-05, -4.5864e-04]],

         [[ 2.3790e-02,  2.6801e-03, -2.6385e-02],
          [ 1.8647e-02,  2.5991e-03,  1.8379e-02],
          [ 2.5720e-02,  2.1918e-02,  2.3082e-02]]],


        [[[-1.6736e-02, -1.6497e-02,  1.5746e-02],
          [ 1.1281e-02, -8.3307e-03,  1.7638e-02],
          [ 4.5550e-03,  3.1105e-03,  1.8093e-02]],

         [[-2.9163e-03, -3.1156e-03, -2.1628e-02],
          [-1.7810e-02, -2.8956e-02,  5.9777e-03],
          [ 2.2888e-02,  2.8893e-02, -5.5449e-03]],

         [[-2.4546e-03, -1.8401e-02, -2.9031e-02],
          [ 2.6303e-02,  2.8316e-02,  2.5544e-02],
          [-2.3574e-02,  2.6853e-02, -6.7559e-03]],

         ...,

         [[ 2.3295e-02,  1.6322e-02, -8.1734e-03],
          [-2.1620e-03, -2.7986e-03, -2.5283e-03],
          [-1.2341e-02, -9.2204e-03, -4.4536e-03]],

         [[ 2.9002e-02, -1.9116e-02,  1.7475e-02],
          [-2.7852e-02, -4.5166e-03, -1.3319e-02],
          [-1.8262e-02, -9.8785e-03, -2.4634e-04]],

         [[-2.0000e-02,  1.7537e-02,  1.0101e-02],
          [-2.2507e-02, -1.6997e-02,  9.0973e-03],
          [-2.0857e-02, -1.2938e-02,  1.3765e-02]]]], device='cuda:0') 
 Parameter containing:
tensor([[[[ 1.5844e-02,  1.7206e-02, -7.3517e-03],
          [ 1.1542e-03,  1.5402e-02,  1.2204e-02],
          [-1.2075e-02, -1.3973e-02, -2.6833e-02]],

         [[-2.4183e-02,  9.8240e-03, -2.6559e-02],
          [-1.5000e-02,  2.6038e-02, -2.6809e-02],
          [-2.7565e-02, -7.2415e-03, -1.1234e-02]],

         [[ 1.1772e-02, -2.5335e-02,  1.7863e-02],
          [ 1.0662e-02, -2.3174e-02, -8.4966e-03],
          [ 1.9451e-02, -2.2943e-02, -1.0464e-02]],

         ...,

         [[ 1.9509e-02, -1.8150e-02,  1.3225e-02],
          [-8.7055e-03, -6.8533e-03,  9.5241e-04],
          [-2.9019e-02,  8.5337e-03, -2.0617e-03]],

         [[-1.3717e-02, -5.2342e-03,  2.2893e-02],
          [-1.1097e-02, -1.6380e-02, -2.0067e-02],
          [-1.8024e-03,  4.3097e-03,  1.8085e-02]],

         [[ 2.7151e-02, -1.1148e-02, -1.2517e-02],
          [ 9.3482e-03, -1.1773e-02,  1.0192e-02],
          [ 7.1446e-03,  1.7615e-02, -2.3171e-02]]],


        [[[ 2.2002e-02, -1.8516e-02,  2.5779e-02],
          [ 1.3225e-02,  2.4653e-02,  2.8426e-02],
          [-2.4896e-02,  2.0510e-02, -2.7002e-02]],

         [[-2.2773e-02, -6.4006e-03, -3.6018e-03],
          [ 1.2692e-02, -2.9370e-02,  1.5977e-02],
          [-2.7259e-02,  8.2207e-03,  2.1188e-02]],

         [[-1.3536e-02,  1.6195e-02,  2.7976e-02],
          [ 2.1213e-02,  1.8791e-02, -2.3770e-02],
          [ 2.1524e-03,  1.8985e-02, -1.0259e-02]],

         ...,

         [[ 2.1468e-02,  3.9789e-03, -2.1309e-02],
          [-1.7740e-02, -1.6736e-02,  2.7021e-02],
          [-2.6181e-02,  8.5458e-03,  7.0308e-03]],

         [[-8.2186e-03,  1.4733e-03, -1.8083e-02],
          [ 1.0265e-02,  2.8130e-02,  1.2241e-02],
          [-2.1358e-02, -6.1944e-03, -8.6104e-03]],

         [[-6.2342e-03,  1.2680e-02, -1.2245e-02],
          [ 1.1117e-02, -1.3715e-02,  1.2092e-02],
          [ 1.3885e-02, -2.8831e-02,  1.6294e-02]]],


        [[[ 1.5886e-02,  1.9823e-02, -2.8160e-02],
          [-1.2355e-02,  2.2498e-02,  1.4963e-02],
          [-2.5773e-02,  4.3700e-03,  2.2343e-02]],

         [[ 1.2224e-02, -2.7747e-02,  1.0234e-02],
          [-2.4109e-02,  5.0843e-03, -5.8219e-03],
          [ 2.8746e-02,  7.3183e-03,  2.8614e-03]],

         [[ 1.3541e-02, -3.0506e-03, -2.4159e-02],
          [ 5.0500e-03,  1.3576e-02,  2.2287e-02],
          [ 2.6908e-02, -1.2919e-02,  1.0723e-02]],

         ...,

         [[-2.8525e-02, -3.4281e-03, -2.5698e-02],
          [-1.0899e-02, -1.5198e-02,  2.8018e-03],
          [ 2.2181e-02, -5.8602e-03, -5.8475e-03]],

         [[ 9.1745e-04, -2.5005e-02,  2.9078e-02],
          [ 1.9979e-02,  1.2157e-02,  1.0143e-02],
          [ 8.2292e-04, -4.8794e-03, -9.9106e-03]],

         [[-1.0736e-02, -1.7805e-02, -1.9868e-02],
          [ 1.1318e-03,  1.4841e-02,  1.9396e-02],
          [ 6.1387e-03, -2.0156e-02, -2.4369e-02]]],


        ...,


        [[[ 2.4465e-02,  4.5081e-03, -1.6216e-02],
          [ 5.5075e-03, -2.3658e-02, -1.3166e-02],
          [ 2.4410e-02,  2.5054e-02, -2.0834e-02]],

         [[ 2.3398e-02,  2.1052e-02,  1.7671e-02],
          [-1.8911e-02,  1.3865e-02,  1.0394e-02],
          [ 5.7951e-03,  1.8875e-02, -2.1129e-02]],

         [[ 1.6217e-02,  2.8180e-02, -8.0905e-03],
          [-2.0552e-02,  2.2117e-02,  2.7176e-02],
          [-1.0708e-02, -7.3679e-03, -1.0449e-02]],

         ...,

         [[-5.9576e-03, -6.6866e-05,  1.6301e-02],
          [ 1.4170e-03, -3.8364e-03, -3.1609e-03],
          [ 8.6974e-03, -1.6121e-02, -1.9479e-02]],

         [[-2.7176e-02, -1.5177e-02, -2.5981e-02],
          [-1.9934e-02, -4.6693e-03, -2.0601e-02],
          [ 2.8414e-03, -8.2868e-03, -1.9115e-02]],

         [[-4.4938e-03, -2.0699e-02,  1.2292e-02],
          [-1.9167e-02,  2.5072e-02, -6.0144e-03],
          [ 1.1571e-02,  7.5493e-04, -2.7090e-02]]],


        [[[ 2.4293e-02, -2.7134e-02, -5.6589e-05],
          [ 2.3706e-02,  1.6772e-02,  5.6121e-04],
          [-1.4657e-02, -1.9900e-02,  6.9597e-03]],

         [[-5.6962e-03, -1.4621e-02,  8.3613e-03],
          [-3.5452e-03, -2.3394e-02, -2.2673e-02],
          [ 2.2548e-02,  9.7795e-03, -2.2192e-02]],

         [[ 1.3428e-02, -2.4116e-02,  2.5524e-02],
          [-2.7695e-02, -6.2508e-03, -2.7104e-02],
          [ 2.1056e-03, -1.6746e-02,  6.3325e-03]],

         ...,

         [[ 1.3134e-02, -1.5416e-02,  1.2554e-02],
          [ 1.0992e-02,  2.4945e-02,  9.0697e-03],
          [-2.4403e-03, -1.3700e-02,  2.4698e-02]],

         [[-2.7845e-02, -1.1458e-02, -2.4957e-02],
          [ 1.6125e-02,  6.0734e-03, -1.5370e-03],
          [-2.4292e-02,  6.6325e-05, -4.5864e-04]],

         [[ 2.3790e-02,  2.6801e-03, -2.6385e-02],
          [ 1.8647e-02,  2.5991e-03,  1.8379e-02],
          [ 2.5720e-02,  2.1918e-02,  2.3082e-02]]],


        [[[-1.6736e-02, -1.6497e-02,  1.5746e-02],
          [ 1.1281e-02, -8.3307e-03,  1.7638e-02],
          [ 4.5550e-03,  3.1105e-03,  1.8093e-02]],

         [[-2.9163e-03, -3.1156e-03, -2.1628e-02],
          [-1.7810e-02, -2.8956e-02,  5.9777e-03],
          [ 2.2888e-02,  2.8893e-02, -5.5449e-03]],

         [[-2.4546e-03, -1.8401e-02, -2.9031e-02],
          [ 2.6303e-02,  2.8316e-02,  2.5544e-02],
          [-2.3574e-02,  2.6853e-02, -6.7559e-03]],

         ...,

         [[ 2.3295e-02,  1.6322e-02, -8.1734e-03],
          [-2.1620e-03, -2.7986e-03, -2.5283e-03],
          [-1.2341e-02, -9.2204e-03, -4.4536e-03]],

         [[ 2.9002e-02, -1.9116e-02,  1.7475e-02],
          [-2.7852e-02, -4.5166e-03, -1.3319e-02],
          [-1.8262e-02, -9.8785e-03, -2.4634e-04]],

         [[-2.0000e-02,  1.7537e-02,  1.0101e-02],
          [-2.2507e-02, -1.6997e-02,  9.0973e-03],
          [-2.0857e-02, -1.2938e-02,  1.3765e-02]]]], device='cuda:0',
       requires_grad=True)
parameters of the network conv3.bias 
 torch.Size([64]) 
 True 
 tensor([-0.0224,  0.0085,  0.0199,  0.0009, -0.0177, -0.0078, -0.0145, -0.0169,
         0.0271, -0.0043, -0.0151,  0.0173, -0.0123, -0.0075, -0.0214,  0.0221,
        -0.0026, -0.0242, -0.0023, -0.0169, -0.0225, -0.0050,  0.0212,  0.0180,
        -0.0068,  0.0221,  0.0228, -0.0163, -0.0158,  0.0028, -0.0270,  0.0065,
        -0.0181, -0.0233, -0.0251, -0.0232, -0.0227,  0.0086,  0.0172,  0.0027,
        -0.0070,  0.0067, -0.0206,  0.0067,  0.0228,  0.0152, -0.0103,  0.0102,
         0.0088, -0.0054,  0.0259, -0.0237, -0.0083,  0.0161,  0.0057,  0.0219,
         0.0139, -0.0214,  0.0092,  0.0278, -0.0068, -0.0276, -0.0129, -0.0258],
       device='cuda:0') 
 Parameter containing:
tensor([-0.0224,  0.0085,  0.0199,  0.0009, -0.0177, -0.0078, -0.0145, -0.0169,
         0.0271, -0.0043, -0.0151,  0.0173, -0.0123, -0.0075, -0.0214,  0.0221,
        -0.0026, -0.0242, -0.0023, -0.0169, -0.0225, -0.0050,  0.0212,  0.0180,
        -0.0068,  0.0221,  0.0228, -0.0163, -0.0158,  0.0028, -0.0270,  0.0065,
        -0.0181, -0.0233, -0.0251, -0.0232, -0.0227,  0.0086,  0.0172,  0.0027,
        -0.0070,  0.0067, -0.0206,  0.0067,  0.0228,  0.0152, -0.0103,  0.0102,
         0.0088, -0.0054,  0.0259, -0.0237, -0.0083,  0.0161,  0.0057,  0.0219,
         0.0139, -0.0214,  0.0092,  0.0278, -0.0068, -0.0276, -0.0129, -0.0258],
       device='cuda:0', requires_grad=True)
parameters of the network fc1.weight 
 torch.Size([256, 667776]) 
 True 
 tensor([[ 2.8032e-04,  1.0784e-03, -6.3393e-04,  ..., -1.0200e-03,
          1.0070e-03, -2.9910e-04],
        [ 8.6239e-04, -2.7685e-04,  3.7065e-04,  ...,  9.9490e-04,
         -8.6082e-04, -5.3987e-04],
        [ 8.3273e-04, -2.5964e-04,  6.1954e-04,  ..., -1.1581e-03,
         -7.3856e-04, -1.7402e-04],
        ...,
        [-1.2103e-03, -6.6259e-04, -1.1449e-03,  ...,  1.0583e-03,
         -7.3967e-04, -2.4483e-05],
        [-1.5892e-04,  6.2499e-04, -2.6426e-04,  ...,  5.9162e-04,
         -1.7040e-04,  6.8763e-04],
        [ 1.1088e-03,  1.0437e-03,  1.2195e-03,  ..., -8.3914e-04,
         -3.2553e-04, -4.8352e-04]], device='cuda:0') 
 Parameter containing:
tensor([[ 2.8032e-04,  1.0784e-03, -6.3393e-04,  ..., -1.0200e-03,
          1.0070e-03, -2.9910e-04],
        [ 8.6239e-04, -2.7685e-04,  3.7065e-04,  ...,  9.9490e-04,
         -8.6082e-04, -5.3987e-04],
        [ 8.3273e-04, -2.5964e-04,  6.1954e-04,  ..., -1.1581e-03,
         -7.3856e-04, -1.7402e-04],
        ...,
        [-1.2103e-03, -6.6259e-04, -1.1449e-03,  ...,  1.0583e-03,
         -7.3967e-04, -2.4483e-05],
        [-1.5892e-04,  6.2499e-04, -2.6426e-04,  ...,  5.9162e-04,
         -1.7040e-04,  6.8763e-04],
        [ 1.1088e-03,  1.0437e-03,  1.2195e-03,  ..., -8.3914e-04,
         -3.2553e-04, -4.8352e-04]], device='cuda:0', requires_grad=True)
parameters of the network fc1.bias 
 torch.Size([256]) 
 True 
 tensor([ 6.6973e-05,  4.6693e-04, -2.7357e-04,  1.1452e-04, -1.0324e-03,
         7.7402e-04,  1.2188e-03,  9.4876e-04, -5.2867e-04,  1.0999e-04,
        -8.1617e-05, -2.9375e-04, -8.5190e-04, -4.9527e-04,  1.2206e-03,
        -7.6558e-04,  9.4898e-04, -6.3644e-04,  5.6616e-05, -8.9890e-04,
         5.3533e-04,  9.5692e-04,  1.1376e-04, -9.0054e-06,  9.2628e-04,
         4.0692e-04, -2.1544e-05,  3.2774e-04, -1.4205e-04,  7.4457e-04,
        -7.8966e-06, -2.8802e-04,  1.1639e-03, -9.8115e-04, -3.9177e-04,
         1.1942e-03,  2.7292e-04, -1.1512e-03,  8.6673e-04,  1.2614e-04,
        -1.2125e-03,  7.8848e-04, -9.5946e-04,  9.9896e-04,  1.2020e-04,
        -3.1401e-04, -5.4592e-04, -1.0056e-03,  8.6549e-04,  8.9544e-06,
         1.0207e-03, -6.9735e-06, -2.6154e-04, -4.0729e-04, -4.8072e-04,
        -4.4054e-04,  8.4918e-04,  1.2142e-03,  3.4886e-06,  5.9819e-04,
        -1.1443e-03, -8.3403e-04, -1.0560e-03,  5.4028e-05,  1.1966e-03,
        -4.5990e-04,  1.0400e-03, -8.6410e-04, -9.6900e-04, -3.1218e-04,
        -2.0073e-04,  3.3543e-04,  4.1958e-04, -5.2374e-04, -9.7151e-04,
        -3.0191e-05,  1.1465e-03, -3.5418e-04,  7.0632e-04,  1.0361e-03,
         1.1334e-03, -8.8955e-04,  5.4050e-04, -9.5625e-04,  7.4188e-04,
         7.9600e-05,  3.0896e-04, -5.0306e-04, -7.5064e-04,  8.6411e-04,
         7.0197e-04, -7.9635e-04, -5.4953e-04,  6.9307e-06, -1.0259e-04,
         8.0768e-04,  2.8728e-04, -3.7468e-04,  4.7193e-04,  5.4515e-04,
         9.0599e-05, -3.1333e-04, -3.6357e-04,  5.3538e-04,  3.5712e-05,
         8.2486e-04, -5.4853e-04,  8.7037e-04, -7.3463e-05,  1.1534e-03,
         5.3400e-04,  8.1197e-04,  1.0467e-03,  5.5137e-04,  1.0313e-03,
         1.2835e-04,  9.6099e-04, -3.6827e-04,  2.9332e-04,  1.9479e-04,
         2.9515e-05,  5.7586e-04,  5.3250e-04, -3.9302e-04, -1.1506e-03,
        -9.4570e-04,  6.0709e-04, -3.3004e-04,  7.8224e-04,  8.3934e-04,
        -9.9792e-04, -8.2540e-04,  4.8400e-04,  7.8253e-04,  2.6686e-04,
        -5.9205e-04, -9.1654e-04, -9.3215e-04,  4.1409e-04, -6.0197e-04,
         7.9812e-04, -4.2428e-04, -4.5110e-04,  6.4521e-04, -8.0174e-04,
         7.4400e-05,  8.8260e-04,  4.6275e-04,  7.3281e-04, -5.7783e-04,
        -3.1506e-04, -6.5977e-04,  2.4966e-04, -7.7649e-04, -9.5756e-04,
         6.3242e-04, -8.2851e-04, -1.1354e-03, -4.7895e-04, -1.5168e-04,
         1.0647e-03, -5.3536e-04,  5.5973e-04,  1.0657e-03,  1.1176e-04,
        -2.0626e-04, -6.3792e-04, -1.7760e-04,  9.6019e-04,  6.5053e-04,
         3.4359e-04, -1.3442e-04,  9.3482e-04,  8.5413e-05,  4.1391e-04,
         9.4667e-04, -9.9174e-04,  9.3563e-05,  5.1720e-04, -6.2693e-05,
        -6.8352e-04, -5.8984e-04, -1.0800e-03,  2.5449e-04,  3.2924e-04,
        -7.5535e-04, -7.3094e-04, -3.1030e-04, -1.0526e-03, -2.0545e-04,
         7.8843e-05, -1.9659e-04,  6.0437e-04, -6.6438e-04,  4.5785e-04,
        -5.4764e-04,  1.0425e-03,  5.2530e-04, -4.2658e-04, -1.1143e-03,
        -3.8543e-05, -3.5800e-04, -2.3700e-05, -2.7776e-04,  9.0417e-04,
        -7.1174e-05,  4.8789e-04,  8.0963e-04, -5.4923e-04,  9.4130e-04,
        -8.1146e-04,  1.0317e-03,  9.0462e-05, -9.7581e-04,  6.4210e-04,
        -1.6440e-04, -1.6967e-04, -6.1385e-04, -7.2263e-04,  2.0504e-04,
        -8.4558e-04, -6.8101e-04, -4.2134e-04,  1.3951e-04,  4.3565e-04,
         4.5278e-04, -3.5886e-04,  2.8289e-04,  1.0367e-03, -2.5979e-04,
        -4.1868e-04,  6.3426e-04, -1.0693e-03, -4.4825e-04, -3.4110e-04,
         2.4437e-04,  7.3160e-05,  7.4809e-04,  6.7645e-04,  3.9371e-04,
         1.3892e-04, -9.7978e-04,  8.1429e-04,  1.2131e-03,  3.4202e-04,
        -3.3530e-04, -1.1006e-03, -1.1284e-03,  1.3262e-04,  2.8894e-04,
         8.1723e-04, -8.5006e-04,  1.1031e-03,  8.9260e-04,  7.2139e-04,
        -7.1809e-04], device='cuda:0') 
 Parameter containing:
tensor([ 6.6973e-05,  4.6693e-04, -2.7357e-04,  1.1452e-04, -1.0324e-03,
         7.7402e-04,  1.2188e-03,  9.4876e-04, -5.2867e-04,  1.0999e-04,
        -8.1617e-05, -2.9375e-04, -8.5190e-04, -4.9527e-04,  1.2206e-03,
        -7.6558e-04,  9.4898e-04, -6.3644e-04,  5.6616e-05, -8.9890e-04,
         5.3533e-04,  9.5692e-04,  1.1376e-04, -9.0054e-06,  9.2628e-04,
         4.0692e-04, -2.1544e-05,  3.2774e-04, -1.4205e-04,  7.4457e-04,
        -7.8966e-06, -2.8802e-04,  1.1639e-03, -9.8115e-04, -3.9177e-04,
         1.1942e-03,  2.7292e-04, -1.1512e-03,  8.6673e-04,  1.2614e-04,
        -1.2125e-03,  7.8848e-04, -9.5946e-04,  9.9896e-04,  1.2020e-04,
        -3.1401e-04, -5.4592e-04, -1.0056e-03,  8.6549e-04,  8.9544e-06,
         1.0207e-03, -6.9735e-06, -2.6154e-04, -4.0729e-04, -4.8072e-04,
        -4.4054e-04,  8.4918e-04,  1.2142e-03,  3.4886e-06,  5.9819e-04,
        -1.1443e-03, -8.3403e-04, -1.0560e-03,  5.4028e-05,  1.1966e-03,
        -4.5990e-04,  1.0400e-03, -8.6410e-04, -9.6900e-04, -3.1218e-04,
        -2.0073e-04,  3.3543e-04,  4.1958e-04, -5.2374e-04, -9.7151e-04,
        -3.0191e-05,  1.1465e-03, -3.5418e-04,  7.0632e-04,  1.0361e-03,
         1.1334e-03, -8.8955e-04,  5.4050e-04, -9.5625e-04,  7.4188e-04,
         7.9600e-05,  3.0896e-04, -5.0306e-04, -7.5064e-04,  8.6411e-04,
         7.0197e-04, -7.9635e-04, -5.4953e-04,  6.9307e-06, -1.0259e-04,
         8.0768e-04,  2.8728e-04, -3.7468e-04,  4.7193e-04,  5.4515e-04,
         9.0599e-05, -3.1333e-04, -3.6357e-04,  5.3538e-04,  3.5712e-05,
         8.2486e-04, -5.4853e-04,  8.7037e-04, -7.3463e-05,  1.1534e-03,
         5.3400e-04,  8.1197e-04,  1.0467e-03,  5.5137e-04,  1.0313e-03,
         1.2835e-04,  9.6099e-04, -3.6827e-04,  2.9332e-04,  1.9479e-04,
         2.9515e-05,  5.7586e-04,  5.3250e-04, -3.9302e-04, -1.1506e-03,
        -9.4570e-04,  6.0709e-04, -3.3004e-04,  7.8224e-04,  8.3934e-04,
        -9.9792e-04, -8.2540e-04,  4.8400e-04,  7.8253e-04,  2.6686e-04,
        -5.9205e-04, -9.1654e-04, -9.3215e-04,  4.1409e-04, -6.0197e-04,
         7.9812e-04, -4.2428e-04, -4.5110e-04,  6.4521e-04, -8.0174e-04,
         7.4400e-05,  8.8260e-04,  4.6275e-04,  7.3281e-04, -5.7783e-04,
        -3.1506e-04, -6.5977e-04,  2.4966e-04, -7.7649e-04, -9.5756e-04,
         6.3242e-04, -8.2851e-04, -1.1354e-03, -4.7895e-04, -1.5168e-04,
         1.0647e-03, -5.3536e-04,  5.5973e-04,  1.0657e-03,  1.1176e-04,
        -2.0626e-04, -6.3792e-04, -1.7760e-04,  9.6019e-04,  6.5053e-04,
         3.4359e-04, -1.3442e-04,  9.3482e-04,  8.5413e-05,  4.1391e-04,
         9.4667e-04, -9.9174e-04,  9.3563e-05,  5.1720e-04, -6.2693e-05,
        -6.8352e-04, -5.8984e-04, -1.0800e-03,  2.5449e-04,  3.2924e-04,
        -7.5535e-04, -7.3094e-04, -3.1030e-04, -1.0526e-03, -2.0545e-04,
         7.8843e-05, -1.9659e-04,  6.0437e-04, -6.6438e-04,  4.5785e-04,
        -5.4764e-04,  1.0425e-03,  5.2530e-04, -4.2658e-04, -1.1143e-03,
        -3.8543e-05, -3.5800e-04, -2.3700e-05, -2.7776e-04,  9.0417e-04,
        -7.1174e-05,  4.8789e-04,  8.0963e-04, -5.4923e-04,  9.4130e-04,
        -8.1146e-04,  1.0317e-03,  9.0462e-05, -9.7581e-04,  6.4210e-04,
        -1.6440e-04, -1.6967e-04, -6.1385e-04, -7.2263e-04,  2.0504e-04,
        -8.4558e-04, -6.8101e-04, -4.2134e-04,  1.3951e-04,  4.3565e-04,
         4.5278e-04, -3.5886e-04,  2.8289e-04,  1.0367e-03, -2.5979e-04,
        -4.1868e-04,  6.3426e-04, -1.0693e-03, -4.4825e-04, -3.4110e-04,
         2.4437e-04,  7.3160e-05,  7.4809e-04,  6.7645e-04,  3.9371e-04,
         1.3892e-04, -9.7978e-04,  8.1429e-04,  1.2131e-03,  3.4202e-04,
        -3.3530e-04, -1.1006e-03, -1.1284e-03,  1.3262e-04,  2.8894e-04,
         8.1723e-04, -8.5006e-04,  1.1031e-03,  8.9260e-04,  7.2139e-04,
        -7.1809e-04], device='cuda:0', requires_grad=True)
parameters of the network fc2.weight 
 torch.Size([128, 256]) 
 True 
 tensor([[ 0.0071, -0.0620, -0.0595,  ...,  0.0514, -0.0586, -0.0300],
        [-0.0047,  0.0614,  0.0096,  ...,  0.0115,  0.0575,  0.0519],
        [ 0.0531,  0.0237,  0.0373,  ...,  0.0298, -0.0544,  0.0117],
        ...,
        [ 0.0259, -0.0180, -0.0560,  ..., -0.0385, -0.0043,  0.0606],
        [ 0.0573,  0.0447, -0.0047,  ..., -0.0500, -0.0238,  0.0309],
        [-0.0121,  0.0159, -0.0531,  ..., -0.0601,  0.0163, -0.0276]],
       device='cuda:0') 
 Parameter containing:
tensor([[ 0.0071, -0.0620, -0.0595,  ...,  0.0514, -0.0586, -0.0300],
        [-0.0047,  0.0614,  0.0096,  ...,  0.0115,  0.0575,  0.0519],
        [ 0.0531,  0.0237,  0.0373,  ...,  0.0298, -0.0544,  0.0117],
        ...,
        [ 0.0259, -0.0180, -0.0560,  ..., -0.0385, -0.0043,  0.0606],
        [ 0.0573,  0.0447, -0.0047,  ..., -0.0500, -0.0238,  0.0309],
        [-0.0121,  0.0159, -0.0531,  ..., -0.0601,  0.0163, -0.0276]],
       device='cuda:0', requires_grad=True)
parameters of the network fc2.bias 
 torch.Size([128]) 
 True 
 tensor([-0.0236, -0.0467, -0.0489, -0.0454, -0.0211, -0.0582,  0.0531, -0.0362,
         0.0575,  0.0170,  0.0296,  0.0118,  0.0178, -0.0189, -0.0571,  0.0342,
        -0.0112,  0.0025, -0.0310,  0.0181,  0.0568, -0.0499,  0.0381,  0.0621,
        -0.0032, -0.0315,  0.0619, -0.0362, -0.0309,  0.0195,  0.0368,  0.0004,
        -0.0350, -0.0385, -0.0365, -0.0275, -0.0493, -0.0442, -0.0436,  0.0492,
         0.0171,  0.0311, -0.0129,  0.0477, -0.0605,  0.0092,  0.0412, -0.0402,
        -0.0558,  0.0206,  0.0566, -0.0113,  0.0501,  0.0212,  0.0250, -0.0456,
         0.0374,  0.0161, -0.0461,  0.0515, -0.0197,  0.0370, -0.0250,  0.0618,
        -0.0447, -0.0457,  0.0290, -0.0380,  0.0232, -0.0561,  0.0260,  0.0014,
        -0.0337, -0.0062, -0.0288, -0.0624, -0.0060, -0.0496, -0.0100, -0.0386,
         0.0542, -0.0520,  0.0514,  0.0040,  0.0589,  0.0016,  0.0127, -0.0374,
        -0.0390, -0.0445, -0.0405,  0.0188, -0.0391, -0.0074,  0.0467,  0.0051,
        -0.0006, -0.0340,  0.0457,  0.0035, -0.0223,  0.0273,  0.0239, -0.0112,
         0.0083,  0.0353,  0.0413,  0.0172,  0.0474,  0.0563,  0.0344,  0.0438,
         0.0221,  0.0157, -0.0504,  0.0465, -0.0101,  0.0012,  0.0057, -0.0139,
        -0.0498,  0.0066,  0.0551, -0.0013,  0.0076,  0.0363, -0.0562,  0.0369],
       device='cuda:0') 
 Parameter containing:
tensor([-0.0236, -0.0467, -0.0489, -0.0454, -0.0211, -0.0582,  0.0531, -0.0362,
         0.0575,  0.0170,  0.0296,  0.0118,  0.0178, -0.0189, -0.0571,  0.0342,
        -0.0112,  0.0025, -0.0310,  0.0181,  0.0568, -0.0499,  0.0381,  0.0621,
        -0.0032, -0.0315,  0.0619, -0.0362, -0.0309,  0.0195,  0.0368,  0.0004,
        -0.0350, -0.0385, -0.0365, -0.0275, -0.0493, -0.0442, -0.0436,  0.0492,
         0.0171,  0.0311, -0.0129,  0.0477, -0.0605,  0.0092,  0.0412, -0.0402,
        -0.0558,  0.0206,  0.0566, -0.0113,  0.0501,  0.0212,  0.0250, -0.0456,
         0.0374,  0.0161, -0.0461,  0.0515, -0.0197,  0.0370, -0.0250,  0.0618,
        -0.0447, -0.0457,  0.0290, -0.0380,  0.0232, -0.0561,  0.0260,  0.0014,
        -0.0337, -0.0062, -0.0288, -0.0624, -0.0060, -0.0496, -0.0100, -0.0386,
         0.0542, -0.0520,  0.0514,  0.0040,  0.0589,  0.0016,  0.0127, -0.0374,
        -0.0390, -0.0445, -0.0405,  0.0188, -0.0391, -0.0074,  0.0467,  0.0051,
        -0.0006, -0.0340,  0.0457,  0.0035, -0.0223,  0.0273,  0.0239, -0.0112,
         0.0083,  0.0353,  0.0413,  0.0172,  0.0474,  0.0563,  0.0344,  0.0438,
         0.0221,  0.0157, -0.0504,  0.0465, -0.0101,  0.0012,  0.0057, -0.0139,
        -0.0498,  0.0066,  0.0551, -0.0013,  0.0076,  0.0363, -0.0562,  0.0369],
       device='cuda:0', requires_grad=True)
parameters of the network fc3.weight 
 torch.Size([64, 128]) 
 True 
 tensor([[ 0.0416, -0.0209, -0.0046,  ..., -0.0038,  0.0752,  0.0743],
        [-0.0373, -0.0660, -0.0097,  ..., -0.0197,  0.0743, -0.0570],
        [ 0.0079,  0.0440, -0.0543,  ..., -0.0740, -0.0008,  0.0581],
        ...,
        [-0.0849, -0.0632,  0.0006,  ..., -0.0874, -0.0550,  0.0168],
        [-0.0520, -0.0880, -0.0156,  ...,  0.0567, -0.0703, -0.0136],
        [-0.0049, -0.0611,  0.0705,  ...,  0.0596, -0.0319,  0.0430]],
       device='cuda:0') 
 Parameter containing:
tensor([[ 0.0416, -0.0209, -0.0046,  ..., -0.0038,  0.0752,  0.0743],
        [-0.0373, -0.0660, -0.0097,  ..., -0.0197,  0.0743, -0.0570],
        [ 0.0079,  0.0440, -0.0543,  ..., -0.0740, -0.0008,  0.0581],
        ...,
        [-0.0849, -0.0632,  0.0006,  ..., -0.0874, -0.0550,  0.0168],
        [-0.0520, -0.0880, -0.0156,  ...,  0.0567, -0.0703, -0.0136],
        [-0.0049, -0.0611,  0.0705,  ...,  0.0596, -0.0319,  0.0430]],
       device='cuda:0', requires_grad=True)
parameters of the network fc3.bias 
 torch.Size([64]) 
 True 
 tensor([-0.0442, -0.0722, -0.0791,  0.0541, -0.0829,  0.0015, -0.0503, -0.0498,
         0.0385, -0.0502,  0.0595,  0.0504,  0.0411, -0.0496,  0.0590, -0.0834,
        -0.0486,  0.0876, -0.0265, -0.0124,  0.0438, -0.0033,  0.0192, -0.0307,
         0.0051,  0.0113, -0.0563,  0.0732,  0.0676,  0.0383,  0.0552, -0.0294,
        -0.0424,  0.0121, -0.0152, -0.0445,  0.0553, -0.0521,  0.0404,  0.0067,
        -0.0859,  0.0467,  0.0399,  0.0434,  0.0485, -0.0859,  0.0399,  0.0412,
         0.0352, -0.0606,  0.0241,  0.0170, -0.0234,  0.0688, -0.0757, -0.0792,
        -0.0788,  0.0350,  0.0060,  0.0186, -0.0704,  0.0875,  0.0129, -0.0542],
       device='cuda:0') 
 Parameter containing:
tensor([-0.0442, -0.0722, -0.0791,  0.0541, -0.0829,  0.0015, -0.0503, -0.0498,
         0.0385, -0.0502,  0.0595,  0.0504,  0.0411, -0.0496,  0.0590, -0.0834,
        -0.0486,  0.0876, -0.0265, -0.0124,  0.0438, -0.0033,  0.0192, -0.0307,
         0.0051,  0.0113, -0.0563,  0.0732,  0.0676,  0.0383,  0.0552, -0.0294,
        -0.0424,  0.0121, -0.0152, -0.0445,  0.0553, -0.0521,  0.0404,  0.0067,
        -0.0859,  0.0467,  0.0399,  0.0434,  0.0485, -0.0859,  0.0399,  0.0412,
         0.0352, -0.0606,  0.0241,  0.0170, -0.0234,  0.0688, -0.0757, -0.0792,
        -0.0788,  0.0350,  0.0060,  0.0186, -0.0704,  0.0875,  0.0129, -0.0542],
       device='cuda:0', requires_grad=True)
parameters of the network fc4.weight 
 torch.Size([6796, 64]) 
 True 
 tensor([[-0.1208,  0.0974, -0.0885,  ..., -0.0700, -0.0557, -0.0606],
        [-0.0948, -0.0348,  0.0372,  ..., -0.1081, -0.0753, -0.0882],
        [-0.0758,  0.1234,  0.0868,  ..., -0.0032,  0.0445, -0.1137],
        ...,
        [ 0.1047,  0.1041,  0.0873,  ...,  0.0652,  0.0749, -0.0381],
        [-0.0070,  0.0699, -0.0254,  ...,  0.1182,  0.0008,  0.0914],
        [-0.1192, -0.0114, -0.0257,  ...,  0.0003,  0.0541, -0.0112]],
       device='cuda:0') 
 Parameter containing:
tensor([[-0.1208,  0.0974, -0.0885,  ..., -0.0700, -0.0557, -0.0606],
        [-0.0948, -0.0348,  0.0372,  ..., -0.1081, -0.0753, -0.0882],
        [-0.0758,  0.1234,  0.0868,  ..., -0.0032,  0.0445, -0.1137],
        ...,
        [ 0.1047,  0.1041,  0.0873,  ...,  0.0652,  0.0749, -0.0381],
        [-0.0070,  0.0699, -0.0254,  ...,  0.1182,  0.0008,  0.0914],
        [-0.1192, -0.0114, -0.0257,  ...,  0.0003,  0.0541, -0.0112]],
       device='cuda:0', requires_grad=True)
parameters of the network fc4.bias 
 torch.Size([6796]) 
 True 
 tensor([ 0.0427, -0.1174,  0.0265,  ...,  0.0979,  0.1046,  0.0913],
       device='cuda:0') 
 Parameter containing:
tensor([ 0.0427, -0.1174,  0.0265,  ...,  0.0979,  0.1046,  0.0913],
       device='cuda:0', requires_grad=True)

Passing event 1007 from the network before training input tensor([[0., 0., 0.,  ..., 0., 0., 0.],
        [0., 0., 0.,  ..., 0., 0., 0.],
        [0., 0., 0.,  ..., 0., 0., 0.],
        ...,
        [0., 0., 0.,  ..., 0., 0., 0.],
        [0., 0., 0.,  ..., 0., 0., 0.],
        [0., 0., 0.,  ..., 0., 0., 0.]]) 
result1: tensor([[0.5021, 0.4609, 0.5037,  ..., 0.5309, 0.5279, 0.5226],
        [0.5020, 0.4609, 0.5037,  ..., 0.5309, 0.5280, 0.5226],
        [0.5020, 0.4609, 0.5037,  ..., 0.5309, 0.5280, 0.5226],
        ...,
        [0.5020, 0.4609, 0.5037,  ..., 0.5309, 0.5280, 0.5226],
        [0.5020, 0.4609, 0.5037,  ..., 0.5309, 0.5280, 0.5226],
        [0.5020, 0.4610, 0.5037,  ..., 0.5309, 0.5280, 0.5226]],
       device='cuda:0', grad_fn=<SigmoidBackward0>) 
result1.shape: torch.Size([20, 6796])

Passing two random events from the network before training 
result1: tensor([[0.5021, 0.4609, 0.5037,  ..., 0.5309, 0.5279, 0.5226],
        [0.5020, 0.4609, 0.5037,  ..., 0.5309, 0.5280, 0.5226],
        [0.5020, 0.4609, 0.5037,  ..., 0.5309, 0.5280, 0.5226],
        ...,
        [0.5020, 0.4609, 0.5037,  ..., 0.5309, 0.5280, 0.5226],
        [0.5020, 0.4609, 0.5037,  ..., 0.5309, 0.5280, 0.5226],
        [0.5020, 0.4610, 0.5037,  ..., 0.5309, 0.5280, 0.5226]],
       device='cuda:0', grad_fn=<SigmoidBackward0>) 
result1.shape: torch.Size([20, 6796]) 
input: [[0. 0. 0. ... 0. 0. 0.]
 [0. 0. 0. ... 0. 0. 0.]
 [0. 0. 0. ... 0. 0. 0.]
 ...
 [0. 0. 0. ... 0. 0. 0.]
 [0. 0. 0. ... 0. 0. 0.]
 [0. 0. 0. ... 0. 0. 0.]]
=> loading checkpoint from /hpcfs/bes/mlgpu/hoseinkk/MLTracking/otherparticles/pppipi/pyt_pppipi_cnn_1/checkpoint_dir/1999840284saved_checkpoint.tar



load_model True 
TraEvN 19998 
BatchSize 30.0 
EpochNum 40 
LrVal 0.0001 
weight_decay 5e-05 
startmesh 284 
endmesh 285 



Traceback (most recent call last):
  File "/hpcfs/bes/mlgpu/hoseinkk/MLTracking/otherparticles/pppipi/pyt_pppipi_cnn_1/./Results.py", line 79, in <module>
    plotevent(sitonsquare(trvalcnnpppipi[EvBTr]), 8410, f'event number {EvBTr} without noise \n color indicates time')
  File "/hpcfs/bes/mlgpu/hoseinkk/MLTracking/otherparticles/pppipi/pyt_pppipi_cnn_1/./Results.py", line 43, in plotevent
    ax = fig.add_subplot(posit)
  File "/hpcfs/bes/mlgpu/hoseinkk/Miniconda3/envs/dgl1/lib/python3.9/site-packages/matplotlib/figure.py", line 784, in add_subplot
    ax = subplot_class_factory(projection_class)(self, *args, **pkw)
  File "/hpcfs/bes/mlgpu/hoseinkk/Miniconda3/envs/dgl1/lib/python3.9/site-packages/matplotlib/axes/_subplots.py", line 38, in __init__
    self.set_subplotspec(SubplotSpec._from_subplot_args(fig, args))
  File "/hpcfs/bes/mlgpu/hoseinkk/Miniconda3/envs/dgl1/lib/python3.9/site-packages/matplotlib/gridspec.py", line 632, in _from_subplot_args
    raise ValueError(
ValueError: Single argument to subplot must be a three-digit integer, not 8410

real	1m16.067s
user	1m4.100s
sys	0m10.279s
