0: cmsgpu001.ihep.ac.cn
GPU 0: NVIDIA A100-PCIE-40GB (UUID: GPU-83673d1f-01b2-490d-5bc6-a84aaf3ddc65)
Allocate GPU cards : 0

modinfo:
filename:       /lib/modules/3.10.0-1160.71.1.el7.x86_64/extra/nvidia.ko.xz
firmware:       nvidia/515.65.01/gsp.bin
alias:          char-major-195-*
version:        515.65.01
supported:      external
license:        NVIDIA
retpoline:      Y
rhelversion:    7.9
srcversion:     8049D44E2C1B08F41E1B8A6
alias:          pci:v000010DEd*sv*sd*bc06sc80i00*
alias:          pci:v000010DEd*sv*sd*bc03sc02i00*
alias:          pci:v000010DEd*sv*sd*bc03sc00i00*
depends:        drm
vermagic:       3.10.0-1160.71.1.el7.x86_64 SMP mod_unload modversions 
signer:         DKMS module signing key
sig_key:        9B:9E:55:A9:86:D9:50:0B:6D:2D:9F:BA:A7:E6:45:39:D4:DD:5F:C6
sig_hashalgo:   sha512
parm:           NvSwitchRegDwords:NvSwitch regkey (charp)
parm:           NvSwitchBlacklist:NvSwitchBlacklist=uuid[,uuid...] (charp)
parm:           NVreg_ResmanDebugLevel:int
parm:           NVreg_RmLogonRC:int
parm:           NVreg_ModifyDeviceFiles:int
parm:           NVreg_DeviceFileUID:int
parm:           NVreg_DeviceFileGID:int
parm:           NVreg_DeviceFileMode:int
parm:           NVreg_InitializeSystemMemoryAllocations:int
parm:           NVreg_UsePageAttributeTable:int
parm:           NVreg_EnablePCIeGen3:int
parm:           NVreg_EnableMSI:int
parm:           NVreg_TCEBypassMode:int
parm:           NVreg_EnableStreamMemOPs:int
parm:           NVreg_RestrictProfilingToAdminUsers:int
parm:           NVreg_PreserveVideoMemoryAllocations:int
parm:           NVreg_EnableS0ixPowerManagement:int
parm:           NVreg_S0ixPowerManagementVideoMemoryThreshold:int
parm:           NVreg_DynamicPowerManagement:int
parm:           NVreg_DynamicPowerManagementVideoMemoryThreshold:int
parm:           NVreg_EnableGpuFirmware:int
parm:           NVreg_EnableGpuFirmwareLogs:int
parm:           NVreg_OpenRmEnableUnsupportedGpus:int
parm:           NVreg_EnableUserNUMAManagement:int
parm:           NVreg_MemoryPoolSize:int
parm:           NVreg_KMallocHeapMaxSize:int
parm:           NVreg_VMallocHeapMaxSize:int
parm:           NVreg_IgnoreMMIOCheck:int
parm:           NVreg_NvLinkDisable:int
parm:           NVreg_EnablePCIERelaxedOrderingMode:int
parm:           NVreg_RegisterPCIDriver:int
parm:           NVreg_EnableDbgBreakpoint:int
parm:           NVreg_RegistryDwords:charp
parm:           NVreg_RegistryDwordsPerDevice:charp
parm:           NVreg_RmMsg:charp
parm:           NVreg_GpuBlacklist:charp
parm:           NVreg_TemporaryFilePath:charp
parm:           NVreg_ExcludedGpus:charp
parm:           NVreg_DmaRemapPeerMmio:int
parm:           rm_firmware_active:charp

nvidia-smi:
Mon Aug 29 15:29:12 2022       
+-----------------------------------------------------------------------------+
| NVIDIA-SMI 515.65.01    Driver Version: 515.65.01    CUDA Version: 11.7     |
|-------------------------------+----------------------+----------------------+
| GPU  Name        Persistence-M| Bus-Id        Disp.A | Volatile Uncorr. ECC |
| Fan  Temp  Perf  Pwr:Usage/Cap|         Memory-Usage | GPU-Util  Compute M. |
|                               |                      |               MIG M. |
|===============================+======================+======================|
|   0  NVIDIA A100-PCI...  On   | 00000000:3B:00.0 Off |                    0 |
| N/A   23C    P0    32W / 250W |      0MiB / 40960MiB |      0%      Default |
|                               |                      |             Disabled |
+-------------------------------+----------------------+----------------------+
                                                                               
+-----------------------------------------------------------------------------+
| Processes:                                                                  |
|  GPU   GI   CI        PID   Type   Process name                  GPU Memory |
|        ID   ID                                                   Usage      |
|=============================================================================|
|  No running processes found                                                 |
+-----------------------------------------------------------------------------+

nvcc --version:
nvcc: NVIDIA (R) Cuda compiler driver
Copyright (c) 2005-2021 NVIDIA Corporation
Built on Sun_Mar_21_19:15:46_PDT_2021
Cuda compilation tools, release 11.3, V11.3.58
Build cuda_11.3.r11.3/compiler.29745058_0

 torch version: 1.10.2

 cuda version: 11.3

 is cuda available: True

 CUDNN VERSION: 8200

 Number CUDA Devices: 1

 CUDA Device Name: NVIDIA A100-PCIE-40GB

 CUDA Device Total Memory [GB]: 42.358472704

 Device capability: (8, 0) 

 Cuda deviice: <torch.cuda.device object at 0x2ac32d21d8e0> 

 Is cuda initialized: True

 CUDA_HOME: /hpcfs/bes/mlgpu/hoseinkk/Miniconda3/envs/dgl1

real	0m5.211s
user	0m2.756s
sys	0m1.239s
/hpcfs/bes/mlgpu/hoseinkk/Miniconda3/envs/dgl1/lib/python3.9/site-packages/cupy/_environment.py:438: UserWarning: 
--------------------------------------------------------------------------------

  CuPy may not function correctly because multiple CuPy packages are installed
  in your environment:

    cupy, cupy-cuda110

  Follow these steps to resolve this issue:

    1. For all packages listed above, run the following command to remove all
       existing CuPy installations:

         $ pip uninstall <package_name>

      If you previously installed CuPy via conda, also run the following:

         $ conda uninstall cupy

    2. Install the appropriate CuPy package.
       Refer to the Installation Guide for detailed instructions.

         https://docs.cupy.dev/en/stable/install.html

--------------------------------------------------------------------------------

  warnings.warn(f'''
/hpcfs/bes/mlgpu/hoseinkk/Miniconda3/envs/dgl1/lib/python3.9/site-packages/torch/nn/functional.py:1806: UserWarning: nn.functional.sigmoid is deprecated. Use torch.sigmoid instead.
  warnings.warn("nn.functional.sigmoid is deprecated. Use torch.sigmoid instead.")




 Training ... 






 The Network ... 







 Loading data ... 



training set shape (20000, 43, 288) 
sum 5279207

target set shape (20000, 6796) 
sum 4575851
Net(
  (conv1): Conv2d(1, 256, kernel_size=(3, 3), stride=(1, 1))
  (conv2): Conv2d(256, 128, kernel_size=(3, 3), stride=(1, 1))
  (conv3): Conv2d(128, 64, kernel_size=(3, 3), stride=(1, 1))
  (fc1): Linear(in_features=667776, out_features=256, bias=True)
  (fc2): Linear(in_features=256, out_features=128, bias=True)
  (fc3): Linear(in_features=128, out_features=64, bias=True)
  (fc4): Linear(in_features=64, out_features=6796, bias=True)
)

number of the free parameters: 171805196
parameters of the network conv1.weight 
 torch.Size([256, 1, 3, 3]) 
 True 
 tensor([[[[ 0.3174, -0.1606,  0.2598],
          [-0.1328,  0.1694, -0.2201],
          [-0.2714, -0.3219,  0.2935]]],


        [[[ 0.2641, -0.0605, -0.1882],
          [-0.1270,  0.2320,  0.1293],
          [ 0.1375,  0.2392, -0.1285]]],


        [[[-0.1985, -0.3194,  0.3123],
          [ 0.1403, -0.0747, -0.0314],
          [-0.1240, -0.3048, -0.2662]]],


        ...,


        [[[ 0.2906, -0.3127,  0.0297],
          [-0.2460, -0.1404,  0.3088],
          [ 0.3015,  0.1975,  0.1532]]],


        [[[-0.1829,  0.2174, -0.2668],
          [-0.0610,  0.2175, -0.2953],
          [ 0.0354,  0.0135,  0.3122]]],


        [[[ 0.2214, -0.0074, -0.2989],
          [ 0.0892, -0.1495,  0.1117],
          [-0.2426,  0.2337,  0.2000]]]], device='cuda:0') 
 Parameter containing:
tensor([[[[ 0.3174, -0.1606,  0.2598],
          [-0.1328,  0.1694, -0.2201],
          [-0.2714, -0.3219,  0.2935]]],


        [[[ 0.2641, -0.0605, -0.1882],
          [-0.1270,  0.2320,  0.1293],
          [ 0.1375,  0.2392, -0.1285]]],


        [[[-0.1985, -0.3194,  0.3123],
          [ 0.1403, -0.0747, -0.0314],
          [-0.1240, -0.3048, -0.2662]]],


        ...,


        [[[ 0.2906, -0.3127,  0.0297],
          [-0.2460, -0.1404,  0.3088],
          [ 0.3015,  0.1975,  0.1532]]],


        [[[-0.1829,  0.2174, -0.2668],
          [-0.0610,  0.2175, -0.2953],
          [ 0.0354,  0.0135,  0.3122]]],


        [[[ 0.2214, -0.0074, -0.2989],
          [ 0.0892, -0.1495,  0.1117],
          [-0.2426,  0.2337,  0.2000]]]], device='cuda:0', requires_grad=True)
parameters of the network conv1.bias 
 torch.Size([256]) 
 True 
 tensor([-0.1399, -0.2101, -0.0295,  0.1029,  0.1606,  0.1380, -0.2123, -0.1825,
         0.2087, -0.1347,  0.1027, -0.0159, -0.2299,  0.0028, -0.2769, -0.0265,
         0.1912, -0.0827, -0.1075,  0.0796,  0.2761, -0.1661,  0.0242,  0.0626,
         0.2880,  0.0954, -0.0711, -0.1280,  0.0272, -0.2415,  0.0324,  0.1267,
         0.2325,  0.1515,  0.0679,  0.1542, -0.3256, -0.1001,  0.0818,  0.2291,
         0.2833,  0.3232, -0.0900,  0.0731, -0.2022, -0.0231,  0.2470,  0.3054,
        -0.0367,  0.3093, -0.3158,  0.3244,  0.1379, -0.1530, -0.1137,  0.0399,
        -0.0878, -0.2067, -0.0721, -0.0142, -0.2030,  0.2934,  0.0807, -0.2836,
         0.2592,  0.2094,  0.1098, -0.2551,  0.1216,  0.0702,  0.0259,  0.2021,
         0.1431,  0.1792,  0.2772, -0.2648, -0.0826,  0.1567, -0.1521,  0.1627,
        -0.3268, -0.1191, -0.3275,  0.0648,  0.2513,  0.2993, -0.2154, -0.3283,
         0.1246,  0.0304, -0.3247,  0.1428,  0.1713, -0.1575,  0.1233,  0.2201,
        -0.1438,  0.1730,  0.1211,  0.0324,  0.2240, -0.2752, -0.2582, -0.1049,
        -0.0198, -0.0204,  0.2664, -0.0818,  0.2165, -0.1700,  0.0700, -0.2155,
        -0.1847, -0.1758,  0.2654,  0.1509,  0.2154,  0.2322,  0.1304, -0.0472,
         0.3296,  0.2818, -0.0525,  0.1324,  0.0503,  0.1292,  0.0295, -0.0699,
        -0.1755, -0.1831, -0.2950, -0.3087, -0.0044, -0.0574, -0.0319,  0.1974,
        -0.3085,  0.0813, -0.1552,  0.0831,  0.0996,  0.1396, -0.1539, -0.1285,
         0.2550,  0.0973,  0.1557,  0.0642,  0.3073, -0.0010, -0.0236,  0.1378,
        -0.0468, -0.1471,  0.2800,  0.1046, -0.1349, -0.3032,  0.1498,  0.1434,
         0.1069, -0.0443, -0.1771,  0.2435,  0.2381,  0.0154,  0.2184, -0.1248,
         0.0076, -0.2857, -0.1448,  0.2002, -0.0411,  0.0703,  0.1317,  0.1428,
        -0.2979,  0.2838,  0.2232, -0.0764, -0.2061, -0.3293, -0.1688, -0.2632,
        -0.2236, -0.2381, -0.0317, -0.0493,  0.0985,  0.1922,  0.2933, -0.0421,
        -0.1371,  0.1148,  0.2059, -0.1288,  0.2895, -0.2524, -0.1811,  0.1129,
        -0.0449,  0.2909,  0.1402, -0.3244, -0.2928, -0.2601,  0.0493, -0.0934,
         0.0471, -0.0199, -0.0370, -0.1017,  0.2937,  0.2011, -0.2290, -0.2225,
         0.1033, -0.1669, -0.2816, -0.1468,  0.0145, -0.1955, -0.1404,  0.3050,
         0.1268, -0.0110, -0.0489,  0.3096, -0.1033,  0.1067, -0.2086,  0.1366,
         0.1748, -0.1112, -0.2040, -0.1821,  0.1270,  0.1127,  0.2879, -0.3140,
        -0.1196,  0.1039,  0.2842, -0.1887,  0.1045, -0.3065,  0.1306, -0.1703,
        -0.1523, -0.1619,  0.1842, -0.3188, -0.0289, -0.0954,  0.1897, -0.2553],
       device='cuda:0') 
 Parameter containing:
tensor([-0.1399, -0.2101, -0.0295,  0.1029,  0.1606,  0.1380, -0.2123, -0.1825,
         0.2087, -0.1347,  0.1027, -0.0159, -0.2299,  0.0028, -0.2769, -0.0265,
         0.1912, -0.0827, -0.1075,  0.0796,  0.2761, -0.1661,  0.0242,  0.0626,
         0.2880,  0.0954, -0.0711, -0.1280,  0.0272, -0.2415,  0.0324,  0.1267,
         0.2325,  0.1515,  0.0679,  0.1542, -0.3256, -0.1001,  0.0818,  0.2291,
         0.2833,  0.3232, -0.0900,  0.0731, -0.2022, -0.0231,  0.2470,  0.3054,
        -0.0367,  0.3093, -0.3158,  0.3244,  0.1379, -0.1530, -0.1137,  0.0399,
        -0.0878, -0.2067, -0.0721, -0.0142, -0.2030,  0.2934,  0.0807, -0.2836,
         0.2592,  0.2094,  0.1098, -0.2551,  0.1216,  0.0702,  0.0259,  0.2021,
         0.1431,  0.1792,  0.2772, -0.2648, -0.0826,  0.1567, -0.1521,  0.1627,
        -0.3268, -0.1191, -0.3275,  0.0648,  0.2513,  0.2993, -0.2154, -0.3283,
         0.1246,  0.0304, -0.3247,  0.1428,  0.1713, -0.1575,  0.1233,  0.2201,
        -0.1438,  0.1730,  0.1211,  0.0324,  0.2240, -0.2752, -0.2582, -0.1049,
        -0.0198, -0.0204,  0.2664, -0.0818,  0.2165, -0.1700,  0.0700, -0.2155,
        -0.1847, -0.1758,  0.2654,  0.1509,  0.2154,  0.2322,  0.1304, -0.0472,
         0.3296,  0.2818, -0.0525,  0.1324,  0.0503,  0.1292,  0.0295, -0.0699,
        -0.1755, -0.1831, -0.2950, -0.3087, -0.0044, -0.0574, -0.0319,  0.1974,
        -0.3085,  0.0813, -0.1552,  0.0831,  0.0996,  0.1396, -0.1539, -0.1285,
         0.2550,  0.0973,  0.1557,  0.0642,  0.3073, -0.0010, -0.0236,  0.1378,
        -0.0468, -0.1471,  0.2800,  0.1046, -0.1349, -0.3032,  0.1498,  0.1434,
         0.1069, -0.0443, -0.1771,  0.2435,  0.2381,  0.0154,  0.2184, -0.1248,
         0.0076, -0.2857, -0.1448,  0.2002, -0.0411,  0.0703,  0.1317,  0.1428,
        -0.2979,  0.2838,  0.2232, -0.0764, -0.2061, -0.3293, -0.1688, -0.2632,
        -0.2236, -0.2381, -0.0317, -0.0493,  0.0985,  0.1922,  0.2933, -0.0421,
        -0.1371,  0.1148,  0.2059, -0.1288,  0.2895, -0.2524, -0.1811,  0.1129,
        -0.0449,  0.2909,  0.1402, -0.3244, -0.2928, -0.2601,  0.0493, -0.0934,
         0.0471, -0.0199, -0.0370, -0.1017,  0.2937,  0.2011, -0.2290, -0.2225,
         0.1033, -0.1669, -0.2816, -0.1468,  0.0145, -0.1955, -0.1404,  0.3050,
         0.1268, -0.0110, -0.0489,  0.3096, -0.1033,  0.1067, -0.2086,  0.1366,
         0.1748, -0.1112, -0.2040, -0.1821,  0.1270,  0.1127,  0.2879, -0.3140,
        -0.1196,  0.1039,  0.2842, -0.1887,  0.1045, -0.3065,  0.1306, -0.1703,
        -0.1523, -0.1619,  0.1842, -0.3188, -0.0289, -0.0954,  0.1897, -0.2553],
       device='cuda:0', requires_grad=True)
parameters of the network conv2.weight 
 torch.Size([128, 256, 3, 3]) 
 True 
 tensor([[[[-1.3505e-02,  1.9468e-02,  1.1052e-02],
          [ 1.1521e-02, -6.4465e-03,  1.3581e-02],
          [-1.1476e-02, -1.2936e-02, -5.1766e-03]],

         [[-1.8550e-02,  1.1821e-02,  4.8235e-03],
          [ 1.1509e-02, -7.3077e-03, -8.2177e-03],
          [-1.8559e-02, -1.9362e-02, -1.6119e-02]],

         [[-1.5514e-02,  1.6999e-02,  1.8833e-03],
          [-1.4082e-02,  1.3627e-02,  1.9573e-02],
          [ 1.4675e-02,  1.6244e-02,  1.8052e-02]],

         ...,

         [[ 1.8635e-02, -1.6874e-02, -1.1073e-02],
          [ 8.6186e-03,  1.5852e-02,  1.1349e-02],
          [ 1.2624e-02,  6.9911e-03,  1.5918e-02]],

         [[-2.0815e-02, -1.9349e-02,  1.9342e-05],
          [-1.3656e-02,  2.9836e-03, -2.0150e-03],
          [ 1.9713e-02,  3.3182e-03,  5.6388e-03]],

         [[-1.3477e-02, -1.5201e-02,  2.9261e-03],
          [ 1.7979e-02, -1.3353e-02,  7.3516e-03],
          [-1.7349e-02,  1.2347e-03,  2.0242e-02]]],


        [[[-1.1327e-02,  7.5718e-03, -1.6439e-02],
          [ 3.2248e-03,  1.3194e-02,  8.5875e-03],
          [ 1.4777e-02, -2.4679e-03, -1.4499e-02]],

         [[ 2.0487e-02, -1.2854e-02, -1.9747e-02],
          [ 1.9813e-02,  7.2990e-03,  3.4420e-03],
          [ 1.1899e-02, -5.5005e-03,  1.7210e-02]],

         [[-1.0670e-02, -1.3303e-02, -1.8103e-02],
          [-1.6722e-02,  3.0328e-03,  1.1374e-02],
          [ 3.6416e-03, -1.7123e-03, -1.3435e-02]],

         ...,

         [[ 1.4345e-02, -1.9400e-02,  1.2645e-02],
          [-1.6299e-03,  3.4173e-03, -1.4501e-02],
          [-3.9474e-03,  4.5881e-05, -3.0444e-04]],

         [[-1.2317e-02, -7.2912e-03, -1.1714e-02],
          [-1.3281e-02, -1.1668e-02, -2.6333e-03],
          [-1.3072e-03,  1.9970e-02,  1.6841e-02]],

         [[-1.4449e-02,  2.0539e-02,  2.0267e-02],
          [ 4.2542e-03, -6.2369e-03,  1.2532e-02],
          [-1.8433e-02, -1.9471e-02, -1.4985e-02]]],


        [[[-1.0605e-03,  1.4913e-02, -1.3384e-02],
          [-9.8123e-03, -8.7962e-03, -1.1239e-02],
          [-3.7696e-03, -1.6373e-03,  1.3438e-02]],

         [[-2.6960e-03, -1.1423e-02, -1.8646e-02],
          [ 6.1622e-03,  1.5770e-02,  5.9333e-03],
          [ 1.3393e-02,  3.0510e-05, -2.0064e-02]],

         [[ 1.8020e-02, -1.8677e-03,  7.1314e-03],
          [-5.9527e-04, -1.2761e-02, -1.2085e-02],
          [ 1.8656e-02, -1.6503e-02,  1.9822e-02]],

         ...,

         [[ 1.9670e-02,  2.3979e-03,  9.3830e-03],
          [ 1.4141e-02,  1.0704e-02,  1.2405e-02],
          [-1.5781e-02, -1.1113e-02, -1.2376e-02]],

         [[-2.0194e-02,  1.0633e-02,  1.3353e-02],
          [ 1.3085e-03, -5.4071e-03,  1.3061e-03],
          [-1.4594e-02, -1.3764e-02, -3.7468e-03]],

         [[-2.3963e-03,  1.3025e-02,  1.3973e-02],
          [ 5.6121e-03,  1.9770e-02, -1.4200e-04],
          [-1.4472e-02, -1.0780e-02, -2.0453e-02]]],


        ...,


        [[[-8.0522e-03,  1.2618e-02, -1.0433e-02],
          [ 5.6513e-04, -1.4866e-02,  1.0504e-02],
          [ 5.1708e-03, -7.5541e-03,  9.2706e-03]],

         [[ 1.2300e-02, -1.5053e-02, -2.0360e-02],
          [ 1.5961e-02,  3.9814e-03, -7.9602e-03],
          [-5.6097e-04,  1.8398e-02,  1.7541e-02]],

         [[-5.4661e-03, -1.5801e-02, -1.8518e-02],
          [-3.7349e-03, -9.7982e-03,  9.7802e-03],
          [-5.4977e-03,  6.9795e-03,  1.6554e-02]],

         ...,

         [[-7.2933e-03, -5.6384e-03, -1.7644e-02],
          [ 1.4256e-02,  4.1380e-03, -4.4838e-03],
          [ 1.5275e-02,  1.9589e-03, -6.4577e-03]],

         [[ 1.5924e-02, -6.0831e-03, -1.2598e-02],
          [ 1.4503e-02,  3.1238e-03, -1.3418e-02],
          [ 4.1665e-03,  2.0757e-02, -7.4970e-03]],

         [[ 1.0906e-02,  1.6809e-02,  1.5372e-02],
          [ 1.6238e-03, -8.7464e-03, -1.8580e-02],
          [-9.5090e-03, -1.6020e-02,  1.2869e-02]]],


        [[[ 1.0337e-02, -8.7479e-03, -5.3509e-03],
          [-1.1814e-02, -1.2273e-02, -1.6682e-02],
          [ 1.0452e-02,  4.4842e-03,  6.3810e-03]],

         [[-7.3338e-04, -1.6862e-03, -1.8299e-02],
          [-8.4940e-03,  1.9610e-02, -1.3657e-03],
          [-8.4518e-04, -1.4771e-03,  9.6365e-03]],

         [[-9.9908e-03,  1.8755e-02,  1.2668e-02],
          [ 1.3827e-02,  1.3619e-02,  4.0196e-03],
          [-2.0269e-02,  1.6328e-02, -2.0335e-02]],

         ...,

         [[-1.9569e-02,  3.3791e-03,  3.5994e-03],
          [ 1.2332e-02, -1.8300e-02,  1.3271e-03],
          [ 1.3377e-02, -1.2903e-02,  1.1893e-02]],

         [[ 5.1566e-03, -1.6777e-02, -3.6047e-04],
          [-8.2693e-03,  1.7112e-02,  1.7380e-02],
          [ 3.9309e-03,  1.0825e-02,  1.7347e-02]],

         [[ 4.5605e-03,  3.5803e-03,  1.4996e-02],
          [ 1.6470e-02,  1.4854e-02, -1.8996e-02],
          [-6.8224e-03, -7.5175e-03, -1.1020e-02]]],


        [[[-1.2907e-02, -2.0354e-02, -1.9510e-02],
          [ 8.2258e-03, -6.9225e-03, -6.8443e-03],
          [ 2.5477e-03, -7.4431e-04,  5.7299e-03]],

         [[-1.2842e-02,  1.0662e-02,  8.5029e-03],
          [ 1.9222e-02,  1.2416e-02, -1.5132e-02],
          [ 1.4252e-02,  6.4789e-03, -6.2680e-03]],

         [[ 1.6606e-02,  1.0797e-02,  1.6924e-02],
          [ 7.0822e-03,  1.9279e-02,  1.5858e-02],
          [-1.0073e-03, -9.4730e-03,  2.0437e-02]],

         ...,

         [[-7.9759e-03,  1.0747e-03,  2.0953e-03],
          [ 9.3339e-03, -1.2871e-02,  3.3885e-03],
          [-1.9922e-02,  1.5067e-02,  4.6716e-03]],

         [[ 3.8088e-03,  1.0075e-02,  1.0897e-02],
          [-7.3332e-03,  1.7253e-02,  1.0640e-02],
          [ 1.9713e-02, -1.4769e-02,  4.2878e-03]],

         [[ 4.5616e-03,  4.4401e-03, -1.5468e-02],
          [-6.6926e-03, -1.2195e-02,  9.1447e-03],
          [ 2.2075e-03, -3.2548e-03, -6.6987e-03]]]], device='cuda:0') 
 Parameter containing:
tensor([[[[-1.3505e-02,  1.9468e-02,  1.1052e-02],
          [ 1.1521e-02, -6.4465e-03,  1.3581e-02],
          [-1.1476e-02, -1.2936e-02, -5.1766e-03]],

         [[-1.8550e-02,  1.1821e-02,  4.8235e-03],
          [ 1.1509e-02, -7.3077e-03, -8.2177e-03],
          [-1.8559e-02, -1.9362e-02, -1.6119e-02]],

         [[-1.5514e-02,  1.6999e-02,  1.8833e-03],
          [-1.4082e-02,  1.3627e-02,  1.9573e-02],
          [ 1.4675e-02,  1.6244e-02,  1.8052e-02]],

         ...,

         [[ 1.8635e-02, -1.6874e-02, -1.1073e-02],
          [ 8.6186e-03,  1.5852e-02,  1.1349e-02],
          [ 1.2624e-02,  6.9911e-03,  1.5918e-02]],

         [[-2.0815e-02, -1.9349e-02,  1.9342e-05],
          [-1.3656e-02,  2.9836e-03, -2.0150e-03],
          [ 1.9713e-02,  3.3182e-03,  5.6388e-03]],

         [[-1.3477e-02, -1.5201e-02,  2.9261e-03],
          [ 1.7979e-02, -1.3353e-02,  7.3516e-03],
          [-1.7349e-02,  1.2347e-03,  2.0242e-02]]],


        [[[-1.1327e-02,  7.5718e-03, -1.6439e-02],
          [ 3.2248e-03,  1.3194e-02,  8.5875e-03],
          [ 1.4777e-02, -2.4679e-03, -1.4499e-02]],

         [[ 2.0487e-02, -1.2854e-02, -1.9747e-02],
          [ 1.9813e-02,  7.2990e-03,  3.4420e-03],
          [ 1.1899e-02, -5.5005e-03,  1.7210e-02]],

         [[-1.0670e-02, -1.3303e-02, -1.8103e-02],
          [-1.6722e-02,  3.0328e-03,  1.1374e-02],
          [ 3.6416e-03, -1.7123e-03, -1.3435e-02]],

         ...,

         [[ 1.4345e-02, -1.9400e-02,  1.2645e-02],
          [-1.6299e-03,  3.4173e-03, -1.4501e-02],
          [-3.9474e-03,  4.5881e-05, -3.0444e-04]],

         [[-1.2317e-02, -7.2912e-03, -1.1714e-02],
          [-1.3281e-02, -1.1668e-02, -2.6333e-03],
          [-1.3072e-03,  1.9970e-02,  1.6841e-02]],

         [[-1.4449e-02,  2.0539e-02,  2.0267e-02],
          [ 4.2542e-03, -6.2369e-03,  1.2532e-02],
          [-1.8433e-02, -1.9471e-02, -1.4985e-02]]],


        [[[-1.0605e-03,  1.4913e-02, -1.3384e-02],
          [-9.8123e-03, -8.7962e-03, -1.1239e-02],
          [-3.7696e-03, -1.6373e-03,  1.3438e-02]],

         [[-2.6960e-03, -1.1423e-02, -1.8646e-02],
          [ 6.1622e-03,  1.5770e-02,  5.9333e-03],
          [ 1.3393e-02,  3.0510e-05, -2.0064e-02]],

         [[ 1.8020e-02, -1.8677e-03,  7.1314e-03],
          [-5.9527e-04, -1.2761e-02, -1.2085e-02],
          [ 1.8656e-02, -1.6503e-02,  1.9822e-02]],

         ...,

         [[ 1.9670e-02,  2.3979e-03,  9.3830e-03],
          [ 1.4141e-02,  1.0704e-02,  1.2405e-02],
          [-1.5781e-02, -1.1113e-02, -1.2376e-02]],

         [[-2.0194e-02,  1.0633e-02,  1.3353e-02],
          [ 1.3085e-03, -5.4071e-03,  1.3061e-03],
          [-1.4594e-02, -1.3764e-02, -3.7468e-03]],

         [[-2.3963e-03,  1.3025e-02,  1.3973e-02],
          [ 5.6121e-03,  1.9770e-02, -1.4200e-04],
          [-1.4472e-02, -1.0780e-02, -2.0453e-02]]],


        ...,


        [[[-8.0522e-03,  1.2618e-02, -1.0433e-02],
          [ 5.6513e-04, -1.4866e-02,  1.0504e-02],
          [ 5.1708e-03, -7.5541e-03,  9.2706e-03]],

         [[ 1.2300e-02, -1.5053e-02, -2.0360e-02],
          [ 1.5961e-02,  3.9814e-03, -7.9602e-03],
          [-5.6097e-04,  1.8398e-02,  1.7541e-02]],

         [[-5.4661e-03, -1.5801e-02, -1.8518e-02],
          [-3.7349e-03, -9.7982e-03,  9.7802e-03],
          [-5.4977e-03,  6.9795e-03,  1.6554e-02]],

         ...,

         [[-7.2933e-03, -5.6384e-03, -1.7644e-02],
          [ 1.4256e-02,  4.1380e-03, -4.4838e-03],
          [ 1.5275e-02,  1.9589e-03, -6.4577e-03]],

         [[ 1.5924e-02, -6.0831e-03, -1.2598e-02],
          [ 1.4503e-02,  3.1238e-03, -1.3418e-02],
          [ 4.1665e-03,  2.0757e-02, -7.4970e-03]],

         [[ 1.0906e-02,  1.6809e-02,  1.5372e-02],
          [ 1.6238e-03, -8.7464e-03, -1.8580e-02],
          [-9.5090e-03, -1.6020e-02,  1.2869e-02]]],


        [[[ 1.0337e-02, -8.7479e-03, -5.3509e-03],
          [-1.1814e-02, -1.2273e-02, -1.6682e-02],
          [ 1.0452e-02,  4.4842e-03,  6.3810e-03]],

         [[-7.3338e-04, -1.6862e-03, -1.8299e-02],
          [-8.4940e-03,  1.9610e-02, -1.3657e-03],
          [-8.4518e-04, -1.4771e-03,  9.6365e-03]],

         [[-9.9908e-03,  1.8755e-02,  1.2668e-02],
          [ 1.3827e-02,  1.3619e-02,  4.0196e-03],
          [-2.0269e-02,  1.6328e-02, -2.0335e-02]],

         ...,

         [[-1.9569e-02,  3.3791e-03,  3.5994e-03],
          [ 1.2332e-02, -1.8300e-02,  1.3271e-03],
          [ 1.3377e-02, -1.2903e-02,  1.1893e-02]],

         [[ 5.1566e-03, -1.6777e-02, -3.6047e-04],
          [-8.2693e-03,  1.7112e-02,  1.7380e-02],
          [ 3.9309e-03,  1.0825e-02,  1.7347e-02]],

         [[ 4.5605e-03,  3.5803e-03,  1.4996e-02],
          [ 1.6470e-02,  1.4854e-02, -1.8996e-02],
          [-6.8224e-03, -7.5175e-03, -1.1020e-02]]],


        [[[-1.2907e-02, -2.0354e-02, -1.9510e-02],
          [ 8.2258e-03, -6.9225e-03, -6.8443e-03],
          [ 2.5477e-03, -7.4431e-04,  5.7299e-03]],

         [[-1.2842e-02,  1.0662e-02,  8.5029e-03],
          [ 1.9222e-02,  1.2416e-02, -1.5132e-02],
          [ 1.4252e-02,  6.4789e-03, -6.2680e-03]],

         [[ 1.6606e-02,  1.0797e-02,  1.6924e-02],
          [ 7.0822e-03,  1.9279e-02,  1.5858e-02],
          [-1.0073e-03, -9.4730e-03,  2.0437e-02]],

         ...,

         [[-7.9759e-03,  1.0747e-03,  2.0953e-03],
          [ 9.3339e-03, -1.2871e-02,  3.3885e-03],
          [-1.9922e-02,  1.5067e-02,  4.6716e-03]],

         [[ 3.8088e-03,  1.0075e-02,  1.0897e-02],
          [-7.3332e-03,  1.7253e-02,  1.0640e-02],
          [ 1.9713e-02, -1.4769e-02,  4.2878e-03]],

         [[ 4.5616e-03,  4.4401e-03, -1.5468e-02],
          [-6.6926e-03, -1.2195e-02,  9.1447e-03],
          [ 2.2075e-03, -3.2548e-03, -6.6987e-03]]]], device='cuda:0',
       requires_grad=True)
parameters of the network conv2.bias 
 torch.Size([128]) 
 True 
 tensor([ 3.9934e-03, -3.6249e-03, -1.3983e-02, -1.1534e-02,  1.7819e-02,
         6.5916e-03, -1.1813e-02, -1.0047e-02,  7.0809e-03, -1.2469e-02,
         1.0676e-03, -1.7280e-02, -9.5241e-03,  1.1531e-02, -5.3323e-04,
         1.5506e-03, -2.0799e-02, -1.9152e-03, -1.4760e-02,  1.7048e-02,
        -1.5929e-02, -1.4808e-02, -1.5160e-02, -8.0770e-03, -2.0117e-02,
        -1.7493e-02,  1.7845e-02, -2.5467e-03, -2.8910e-03, -3.5843e-04,
         4.2920e-03, -1.4646e-02, -1.1106e-02,  1.9961e-03,  1.7154e-02,
        -9.7572e-03,  1.2900e-03, -1.4024e-02,  1.5991e-05,  1.4244e-02,
         1.1097e-02, -2.2745e-03, -3.1493e-03,  1.4787e-02, -4.8007e-04,
         1.0665e-02,  2.2059e-03,  1.1560e-02, -1.4786e-02,  5.4817e-03,
        -1.7508e-02,  3.8318e-03,  1.9060e-02, -5.7017e-03,  7.5122e-03,
         1.7984e-02, -1.5704e-02, -4.4490e-03,  9.6430e-03,  1.1988e-02,
        -1.7857e-02, -1.2343e-02, -6.9066e-03, -1.9892e-02,  1.4759e-02,
        -1.3156e-02,  1.0427e-02,  9.0774e-03, -7.5841e-03, -1.4742e-02,
         1.4379e-02,  2.2355e-03, -4.1696e-03,  1.0935e-02,  1.0875e-02,
         1.3016e-02, -1.0103e-02,  6.5528e-03,  1.4561e-02, -8.2560e-03,
         1.3883e-02, -1.3390e-02, -5.6764e-03, -8.1432e-03,  1.0085e-02,
        -1.1185e-02,  9.3078e-03, -1.5593e-02, -1.6412e-03,  4.2657e-03,
        -4.7045e-03,  3.0505e-03,  1.1943e-02,  8.4231e-03, -1.1559e-03,
        -3.2615e-03,  3.4110e-03, -6.1559e-03, -8.0111e-03,  1.9823e-02,
         7.6712e-03, -6.2360e-03, -8.1605e-03,  1.5740e-03,  1.2086e-02,
         1.6156e-04,  4.1946e-03,  4.8646e-03,  2.0555e-02, -1.1880e-02,
         1.5592e-02, -1.4339e-02,  6.4209e-03, -2.4144e-03, -5.4102e-03,
         2.2045e-03, -7.9108e-05, -1.2053e-02,  1.8991e-02,  1.9293e-02,
        -7.2734e-04, -1.5807e-02,  4.6410e-03, -1.8411e-03,  1.8747e-02,
        -6.2368e-03,  1.5766e-02,  1.5994e-02], device='cuda:0') 
 Parameter containing:
tensor([ 3.9934e-03, -3.6249e-03, -1.3983e-02, -1.1534e-02,  1.7819e-02,
         6.5916e-03, -1.1813e-02, -1.0047e-02,  7.0809e-03, -1.2469e-02,
         1.0676e-03, -1.7280e-02, -9.5241e-03,  1.1531e-02, -5.3323e-04,
         1.5506e-03, -2.0799e-02, -1.9152e-03, -1.4760e-02,  1.7048e-02,
        -1.5929e-02, -1.4808e-02, -1.5160e-02, -8.0770e-03, -2.0117e-02,
        -1.7493e-02,  1.7845e-02, -2.5467e-03, -2.8910e-03, -3.5843e-04,
         4.2920e-03, -1.4646e-02, -1.1106e-02,  1.9961e-03,  1.7154e-02,
        -9.7572e-03,  1.2900e-03, -1.4024e-02,  1.5991e-05,  1.4244e-02,
         1.1097e-02, -2.2745e-03, -3.1493e-03,  1.4787e-02, -4.8007e-04,
         1.0665e-02,  2.2059e-03,  1.1560e-02, -1.4786e-02,  5.4817e-03,
        -1.7508e-02,  3.8318e-03,  1.9060e-02, -5.7017e-03,  7.5122e-03,
         1.7984e-02, -1.5704e-02, -4.4490e-03,  9.6430e-03,  1.1988e-02,
        -1.7857e-02, -1.2343e-02, -6.9066e-03, -1.9892e-02,  1.4759e-02,
        -1.3156e-02,  1.0427e-02,  9.0774e-03, -7.5841e-03, -1.4742e-02,
         1.4379e-02,  2.2355e-03, -4.1696e-03,  1.0935e-02,  1.0875e-02,
         1.3016e-02, -1.0103e-02,  6.5528e-03,  1.4561e-02, -8.2560e-03,
         1.3883e-02, -1.3390e-02, -5.6764e-03, -8.1432e-03,  1.0085e-02,
        -1.1185e-02,  9.3078e-03, -1.5593e-02, -1.6412e-03,  4.2657e-03,
        -4.7045e-03,  3.0505e-03,  1.1943e-02,  8.4231e-03, -1.1559e-03,
        -3.2615e-03,  3.4110e-03, -6.1559e-03, -8.0111e-03,  1.9823e-02,
         7.6712e-03, -6.2360e-03, -8.1605e-03,  1.5740e-03,  1.2086e-02,
         1.6156e-04,  4.1946e-03,  4.8646e-03,  2.0555e-02, -1.1880e-02,
         1.5592e-02, -1.4339e-02,  6.4209e-03, -2.4144e-03, -5.4102e-03,
         2.2045e-03, -7.9108e-05, -1.2053e-02,  1.8991e-02,  1.9293e-02,
        -7.2734e-04, -1.5807e-02,  4.6410e-03, -1.8411e-03,  1.8747e-02,
        -6.2368e-03,  1.5766e-02,  1.5994e-02], device='cuda:0',
       requires_grad=True)
parameters of the network conv3.weight 
 torch.Size([64, 128, 3, 3]) 
 True 
 tensor([[[[-1.0182e-02, -2.6086e-02,  2.3261e-02],
          [-1.7091e-02,  1.9696e-02, -7.3597e-03],
          [-2.5194e-02, -4.1075e-04, -2.3567e-02]],

         [[ 4.1657e-03, -3.5878e-05, -1.8529e-02],
          [ 2.7810e-02,  1.2759e-02,  2.5141e-02],
          [ 2.3362e-02, -5.1140e-03, -1.2424e-02]],

         [[ 2.8692e-02,  2.0855e-02, -2.8688e-02],
          [-1.9572e-02,  2.6280e-02,  1.5694e-02],
          [ 1.4219e-02, -1.1455e-02,  2.5844e-02]],

         ...,

         [[ 2.1484e-02,  2.8651e-02,  6.5474e-03],
          [-2.4774e-02,  1.4872e-02,  2.0797e-03],
          [-2.5161e-02, -1.2525e-03, -1.0920e-02]],

         [[-8.8983e-03,  1.7741e-02, -3.2541e-03],
          [-9.2641e-04, -1.0885e-02, -2.8049e-02],
          [ 4.6797e-03,  2.5221e-02, -2.0919e-02]],

         [[ 2.2513e-02,  1.2149e-02,  1.6599e-02],
          [ 1.9985e-03, -1.6265e-02, -2.2468e-02],
          [ 1.6784e-02,  8.1510e-03, -1.3777e-02]]],


        [[[ 1.4722e-02, -6.8554e-03, -9.0698e-03],
          [ 2.2282e-02, -3.7014e-03, -3.9451e-03],
          [ 9.6464e-03, -6.6971e-03,  2.4857e-02]],

         [[ 1.2522e-02,  8.0461e-03, -2.9077e-02],
          [ 9.2331e-03, -8.5858e-03, -1.1099e-02],
          [-2.3498e-03, -1.2366e-03, -1.2016e-02]],

         [[-8.3810e-04,  1.6550e-02, -2.5815e-02],
          [ 2.4149e-02,  9.4860e-03,  1.0954e-02],
          [ 1.1229e-02, -2.4980e-02,  4.6843e-03]],

         ...,

         [[-2.6883e-02,  6.7047e-03, -2.6864e-03],
          [ 2.8528e-02,  1.6261e-02, -2.6394e-02],
          [ 1.8060e-02,  2.3010e-02, -2.3545e-02]],

         [[-9.8649e-03,  9.0246e-03, -2.3605e-03],
          [ 1.1013e-04, -3.1517e-03,  6.9952e-03],
          [-1.5170e-02, -2.3055e-02,  1.5989e-02]],

         [[ 1.7465e-02,  2.8394e-02,  1.9894e-02],
          [ 4.9544e-03, -2.3194e-02,  2.3426e-02],
          [-1.1942e-02,  3.1479e-03,  7.5011e-03]]],


        [[[-1.4178e-02, -2.0218e-02, -2.9018e-02],
          [-1.8353e-02,  1.4478e-02, -4.5128e-03],
          [-9.5095e-03,  2.5208e-02, -6.8411e-03]],

         [[ 9.0079e-03,  2.4892e-02,  2.2803e-03],
          [-2.8651e-02,  2.7060e-02,  2.2627e-02],
          [-2.0651e-02,  2.0980e-02,  1.9641e-02]],

         [[ 1.1590e-02,  7.9229e-03,  5.6273e-03],
          [ 4.5250e-03, -2.6317e-02,  3.9443e-03],
          [ 8.1812e-04, -1.7017e-02,  2.4387e-03]],

         ...,

         [[ 1.8180e-02, -2.1772e-02,  1.8965e-02],
          [ 1.5688e-02,  2.3435e-03,  1.3461e-02],
          [-8.9752e-04,  9.6270e-03,  1.5338e-02]],

         [[ 9.7814e-03, -1.1812e-02, -2.5743e-02],
          [ 1.9142e-02,  6.8324e-04,  1.1088e-02],
          [ 1.9130e-02, -5.4506e-03, -2.6343e-02]],

         [[-2.4638e-02,  1.5882e-02,  6.6881e-03],
          [ 2.3977e-02, -1.1830e-02,  8.6960e-03],
          [-7.7948e-03, -1.1092e-03, -8.7998e-03]]],


        ...,


        [[[ 5.4598e-03,  8.6004e-03, -1.9346e-02],
          [-1.5499e-02,  5.7637e-03, -4.0453e-03],
          [ 1.8993e-02, -1.2648e-02, -9.4335e-03]],

         [[ 2.5382e-02,  2.1652e-02,  8.1375e-03],
          [-1.1716e-02,  5.5658e-03, -2.6394e-02],
          [-2.4874e-02,  2.4719e-03,  1.5526e-02]],

         [[ 1.4164e-02,  6.4079e-03,  1.2462e-02],
          [ 1.4314e-02, -1.9050e-03, -2.1632e-03],
          [ 1.3670e-02,  2.3195e-02, -2.7162e-02]],

         ...,

         [[-1.5999e-02, -1.6566e-02, -1.0515e-02],
          [ 1.4796e-03, -2.8858e-02,  2.6703e-02],
          [ 1.0852e-02, -5.2160e-03, -2.7888e-02]],

         [[-2.2341e-02,  2.4119e-03,  1.8826e-02],
          [-2.7528e-02, -2.8636e-02, -1.7861e-02],
          [ 1.9408e-02, -1.3951e-02,  1.3596e-02]],

         [[-1.2020e-02,  9.6226e-03,  1.7925e-02],
          [ 1.2417e-03,  1.0543e-03,  2.9299e-02],
          [ 1.6447e-02,  2.3677e-02, -8.2452e-03]]],


        [[[ 7.9973e-03,  1.0579e-02, -1.6656e-02],
          [-1.1029e-02,  2.0741e-02,  2.8039e-02],
          [-1.7459e-02,  2.8140e-02, -1.0883e-02]],

         [[-2.2209e-03, -8.8198e-03, -1.5283e-02],
          [-2.7130e-02,  9.6636e-03,  3.9746e-03],
          [ 1.8514e-02, -2.3812e-02,  2.5634e-02]],

         [[ 1.8606e-02,  4.8530e-04,  1.4422e-02],
          [-6.3582e-03, -2.3702e-02,  8.6776e-03],
          [ 1.7668e-02, -1.4755e-02, -1.9956e-03]],

         ...,

         [[ 6.7052e-03,  7.3704e-03, -2.3814e-02],
          [ 1.4698e-02,  4.3485e-03, -2.2228e-02],
          [ 6.1507e-03,  2.5239e-02, -2.8743e-02]],

         [[-7.7271e-03, -1.6023e-02,  1.8471e-02],
          [-2.6724e-02, -5.0083e-03, -1.9631e-02],
          [ 1.4427e-02,  8.6457e-05, -2.5823e-02]],

         [[-3.0010e-03,  2.9380e-02, -2.4174e-02],
          [-1.7353e-03, -1.8188e-02,  7.6597e-03],
          [ 1.1705e-02,  3.3714e-03,  1.8585e-02]]],


        [[[ 2.6971e-02, -1.8815e-02, -1.7871e-03],
          [-2.4327e-02, -3.8005e-03, -8.6509e-03],
          [-2.0471e-02,  2.1512e-02, -5.5906e-03]],

         [[-2.0002e-02,  4.0885e-03, -2.6267e-02],
          [ 1.6032e-02, -3.7735e-03, -2.8826e-02],
          [ 1.8429e-02,  2.5612e-02,  2.3636e-02]],

         [[-1.1056e-02,  1.6416e-02,  3.3543e-03],
          [-2.4417e-02, -1.9766e-02, -2.4684e-02],
          [ 7.7802e-03, -1.3892e-02,  8.8796e-03]],

         ...,

         [[-2.5907e-04,  2.8461e-02,  1.3489e-02],
          [ 1.2788e-02,  2.1214e-02, -2.2866e-02],
          [-1.0001e-02,  2.3291e-02,  5.6745e-03]],

         [[ 2.4094e-02, -2.1300e-02, -1.3192e-02],
          [-7.6705e-03, -2.2933e-02,  1.2567e-02],
          [-2.2360e-02, -1.4261e-02, -2.6035e-02]],

         [[-1.2163e-02,  2.2231e-02, -2.6078e-02],
          [ 2.5614e-02,  5.8616e-04, -1.5106e-04],
          [-2.8599e-02, -1.2969e-02, -2.2131e-02]]]], device='cuda:0') 
 Parameter containing:
tensor([[[[-1.0182e-02, -2.6086e-02,  2.3261e-02],
          [-1.7091e-02,  1.9696e-02, -7.3597e-03],
          [-2.5194e-02, -4.1075e-04, -2.3567e-02]],

         [[ 4.1657e-03, -3.5878e-05, -1.8529e-02],
          [ 2.7810e-02,  1.2759e-02,  2.5141e-02],
          [ 2.3362e-02, -5.1140e-03, -1.2424e-02]],

         [[ 2.8692e-02,  2.0855e-02, -2.8688e-02],
          [-1.9572e-02,  2.6280e-02,  1.5694e-02],
          [ 1.4219e-02, -1.1455e-02,  2.5844e-02]],

         ...,

         [[ 2.1484e-02,  2.8651e-02,  6.5474e-03],
          [-2.4774e-02,  1.4872e-02,  2.0797e-03],
          [-2.5161e-02, -1.2525e-03, -1.0920e-02]],

         [[-8.8983e-03,  1.7741e-02, -3.2541e-03],
          [-9.2641e-04, -1.0885e-02, -2.8049e-02],
          [ 4.6797e-03,  2.5221e-02, -2.0919e-02]],

         [[ 2.2513e-02,  1.2149e-02,  1.6599e-02],
          [ 1.9985e-03, -1.6265e-02, -2.2468e-02],
          [ 1.6784e-02,  8.1510e-03, -1.3777e-02]]],


        [[[ 1.4722e-02, -6.8554e-03, -9.0698e-03],
          [ 2.2282e-02, -3.7014e-03, -3.9451e-03],
          [ 9.6464e-03, -6.6971e-03,  2.4857e-02]],

         [[ 1.2522e-02,  8.0461e-03, -2.9077e-02],
          [ 9.2331e-03, -8.5858e-03, -1.1099e-02],
          [-2.3498e-03, -1.2366e-03, -1.2016e-02]],

         [[-8.3810e-04,  1.6550e-02, -2.5815e-02],
          [ 2.4149e-02,  9.4860e-03,  1.0954e-02],
          [ 1.1229e-02, -2.4980e-02,  4.6843e-03]],

         ...,

         [[-2.6883e-02,  6.7047e-03, -2.6864e-03],
          [ 2.8528e-02,  1.6261e-02, -2.6394e-02],
          [ 1.8060e-02,  2.3010e-02, -2.3545e-02]],

         [[-9.8649e-03,  9.0246e-03, -2.3605e-03],
          [ 1.1013e-04, -3.1517e-03,  6.9952e-03],
          [-1.5170e-02, -2.3055e-02,  1.5989e-02]],

         [[ 1.7465e-02,  2.8394e-02,  1.9894e-02],
          [ 4.9544e-03, -2.3194e-02,  2.3426e-02],
          [-1.1942e-02,  3.1479e-03,  7.5011e-03]]],


        [[[-1.4178e-02, -2.0218e-02, -2.9018e-02],
          [-1.8353e-02,  1.4478e-02, -4.5128e-03],
          [-9.5095e-03,  2.5208e-02, -6.8411e-03]],

         [[ 9.0079e-03,  2.4892e-02,  2.2803e-03],
          [-2.8651e-02,  2.7060e-02,  2.2627e-02],
          [-2.0651e-02,  2.0980e-02,  1.9641e-02]],

         [[ 1.1590e-02,  7.9229e-03,  5.6273e-03],
          [ 4.5250e-03, -2.6317e-02,  3.9443e-03],
          [ 8.1812e-04, -1.7017e-02,  2.4387e-03]],

         ...,

         [[ 1.8180e-02, -2.1772e-02,  1.8965e-02],
          [ 1.5688e-02,  2.3435e-03,  1.3461e-02],
          [-8.9752e-04,  9.6270e-03,  1.5338e-02]],

         [[ 9.7814e-03, -1.1812e-02, -2.5743e-02],
          [ 1.9142e-02,  6.8324e-04,  1.1088e-02],
          [ 1.9130e-02, -5.4506e-03, -2.6343e-02]],

         [[-2.4638e-02,  1.5882e-02,  6.6881e-03],
          [ 2.3977e-02, -1.1830e-02,  8.6960e-03],
          [-7.7948e-03, -1.1092e-03, -8.7998e-03]]],


        ...,


        [[[ 5.4598e-03,  8.6004e-03, -1.9346e-02],
          [-1.5499e-02,  5.7637e-03, -4.0453e-03],
          [ 1.8993e-02, -1.2648e-02, -9.4335e-03]],

         [[ 2.5382e-02,  2.1652e-02,  8.1375e-03],
          [-1.1716e-02,  5.5658e-03, -2.6394e-02],
          [-2.4874e-02,  2.4719e-03,  1.5526e-02]],

         [[ 1.4164e-02,  6.4079e-03,  1.2462e-02],
          [ 1.4314e-02, -1.9050e-03, -2.1632e-03],
          [ 1.3670e-02,  2.3195e-02, -2.7162e-02]],

         ...,

         [[-1.5999e-02, -1.6566e-02, -1.0515e-02],
          [ 1.4796e-03, -2.8858e-02,  2.6703e-02],
          [ 1.0852e-02, -5.2160e-03, -2.7888e-02]],

         [[-2.2341e-02,  2.4119e-03,  1.8826e-02],
          [-2.7528e-02, -2.8636e-02, -1.7861e-02],
          [ 1.9408e-02, -1.3951e-02,  1.3596e-02]],

         [[-1.2020e-02,  9.6226e-03,  1.7925e-02],
          [ 1.2417e-03,  1.0543e-03,  2.9299e-02],
          [ 1.6447e-02,  2.3677e-02, -8.2452e-03]]],


        [[[ 7.9973e-03,  1.0579e-02, -1.6656e-02],
          [-1.1029e-02,  2.0741e-02,  2.8039e-02],
          [-1.7459e-02,  2.8140e-02, -1.0883e-02]],

         [[-2.2209e-03, -8.8198e-03, -1.5283e-02],
          [-2.7130e-02,  9.6636e-03,  3.9746e-03],
          [ 1.8514e-02, -2.3812e-02,  2.5634e-02]],

         [[ 1.8606e-02,  4.8530e-04,  1.4422e-02],
          [-6.3582e-03, -2.3702e-02,  8.6776e-03],
          [ 1.7668e-02, -1.4755e-02, -1.9956e-03]],

         ...,

         [[ 6.7052e-03,  7.3704e-03, -2.3814e-02],
          [ 1.4698e-02,  4.3485e-03, -2.2228e-02],
          [ 6.1507e-03,  2.5239e-02, -2.8743e-02]],

         [[-7.7271e-03, -1.6023e-02,  1.8471e-02],
          [-2.6724e-02, -5.0083e-03, -1.9631e-02],
          [ 1.4427e-02,  8.6457e-05, -2.5823e-02]],

         [[-3.0010e-03,  2.9380e-02, -2.4174e-02],
          [-1.7353e-03, -1.8188e-02,  7.6597e-03],
          [ 1.1705e-02,  3.3714e-03,  1.8585e-02]]],


        [[[ 2.6971e-02, -1.8815e-02, -1.7871e-03],
          [-2.4327e-02, -3.8005e-03, -8.6509e-03],
          [-2.0471e-02,  2.1512e-02, -5.5906e-03]],

         [[-2.0002e-02,  4.0885e-03, -2.6267e-02],
          [ 1.6032e-02, -3.7735e-03, -2.8826e-02],
          [ 1.8429e-02,  2.5612e-02,  2.3636e-02]],

         [[-1.1056e-02,  1.6416e-02,  3.3543e-03],
          [-2.4417e-02, -1.9766e-02, -2.4684e-02],
          [ 7.7802e-03, -1.3892e-02,  8.8796e-03]],

         ...,

         [[-2.5907e-04,  2.8461e-02,  1.3489e-02],
          [ 1.2788e-02,  2.1214e-02, -2.2866e-02],
          [-1.0001e-02,  2.3291e-02,  5.6745e-03]],

         [[ 2.4094e-02, -2.1300e-02, -1.3192e-02],
          [-7.6705e-03, -2.2933e-02,  1.2567e-02],
          [-2.2360e-02, -1.4261e-02, -2.6035e-02]],

         [[-1.2163e-02,  2.2231e-02, -2.6078e-02],
          [ 2.5614e-02,  5.8616e-04, -1.5106e-04],
          [-2.8599e-02, -1.2969e-02, -2.2131e-02]]]], device='cuda:0',
       requires_grad=True)
parameters of the network conv3.bias 
 torch.Size([64]) 
 True 
 tensor([ 0.0241, -0.0241, -0.0282, -0.0241, -0.0176, -0.0124, -0.0013, -0.0260,
         0.0292,  0.0010,  0.0278, -0.0163, -0.0029, -0.0074,  0.0279,  0.0009,
         0.0141, -0.0009, -0.0232, -0.0101, -0.0071,  0.0140, -0.0173,  0.0249,
         0.0252, -0.0123,  0.0116, -0.0165, -0.0018, -0.0189, -0.0054,  0.0260,
        -0.0146, -0.0106,  0.0286,  0.0093, -0.0148,  0.0098, -0.0081,  0.0226,
        -0.0164,  0.0117,  0.0245, -0.0141,  0.0274, -0.0074,  0.0190,  0.0098,
        -0.0058,  0.0185,  0.0066, -0.0028,  0.0131, -0.0143,  0.0146, -0.0108,
         0.0057, -0.0049, -0.0236,  0.0192,  0.0132,  0.0109, -0.0266,  0.0185],
       device='cuda:0') 
 Parameter containing:
tensor([ 0.0241, -0.0241, -0.0282, -0.0241, -0.0176, -0.0124, -0.0013, -0.0260,
         0.0292,  0.0010,  0.0278, -0.0163, -0.0029, -0.0074,  0.0279,  0.0009,
         0.0141, -0.0009, -0.0232, -0.0101, -0.0071,  0.0140, -0.0173,  0.0249,
         0.0252, -0.0123,  0.0116, -0.0165, -0.0018, -0.0189, -0.0054,  0.0260,
        -0.0146, -0.0106,  0.0286,  0.0093, -0.0148,  0.0098, -0.0081,  0.0226,
        -0.0164,  0.0117,  0.0245, -0.0141,  0.0274, -0.0074,  0.0190,  0.0098,
        -0.0058,  0.0185,  0.0066, -0.0028,  0.0131, -0.0143,  0.0146, -0.0108,
         0.0057, -0.0049, -0.0236,  0.0192,  0.0132,  0.0109, -0.0266,  0.0185],
       device='cuda:0', requires_grad=True)
parameters of the network fc1.weight 
 torch.Size([256, 667776]) 
 True 
 tensor([[ 3.5811e-04, -1.6541e-04,  7.1656e-04,  ...,  1.1955e-03,
          5.1714e-04,  6.9861e-04],
        [ 1.2011e-03,  5.2614e-04, -7.3748e-04,  ..., -3.1122e-04,
         -6.7357e-04, -4.9671e-05],
        [ 9.9448e-04, -2.1975e-05, -2.1919e-04,  ...,  6.2077e-04,
          5.5218e-04,  3.2489e-04],
        ...,
        [ 1.2234e-03, -9.1011e-04, -1.1513e-03,  ..., -7.4447e-04,
          1.1645e-04,  6.1702e-04],
        [-7.6618e-04,  1.2201e-03, -8.4540e-04,  ..., -6.3815e-04,
          7.6249e-04, -6.1987e-04],
        [ 6.9512e-04,  4.5516e-04, -4.8965e-04,  ..., -2.7864e-05,
          5.1228e-04,  6.7660e-04]], device='cuda:0') 
 Parameter containing:
tensor([[ 3.5811e-04, -1.6541e-04,  7.1656e-04,  ...,  1.1955e-03,
          5.1714e-04,  6.9861e-04],
        [ 1.2011e-03,  5.2614e-04, -7.3748e-04,  ..., -3.1122e-04,
         -6.7357e-04, -4.9671e-05],
        [ 9.9448e-04, -2.1975e-05, -2.1919e-04,  ...,  6.2077e-04,
          5.5218e-04,  3.2489e-04],
        ...,
        [ 1.2234e-03, -9.1011e-04, -1.1513e-03,  ..., -7.4447e-04,
          1.1645e-04,  6.1702e-04],
        [-7.6618e-04,  1.2201e-03, -8.4540e-04,  ..., -6.3815e-04,
          7.6249e-04, -6.1987e-04],
        [ 6.9512e-04,  4.5516e-04, -4.8965e-04,  ..., -2.7864e-05,
          5.1228e-04,  6.7660e-04]], device='cuda:0', requires_grad=True)
parameters of the network fc1.bias 
 torch.Size([256]) 
 True 
 tensor([-2.8806e-04,  8.1145e-04,  1.0080e-03, -1.3734e-05,  3.0097e-04,
        -1.0134e-03,  7.7427e-04,  1.0825e-03, -4.3404e-04, -1.0114e-03,
        -1.1834e-04, -1.1747e-03, -7.2456e-05, -1.1040e-03,  4.9085e-04,
        -3.2823e-04, -5.0061e-04,  6.3172e-04,  4.4525e-04,  7.4526e-04,
         1.1538e-03, -4.6205e-04,  9.4659e-04,  3.8532e-04,  5.0012e-04,
         8.2987e-04, -6.2622e-04, -7.1283e-04, -6.4110e-04,  6.0897e-04,
         1.8620e-04, -9.7900e-04, -4.5493e-04, -1.1584e-03, -4.2061e-04,
        -8.9751e-04, -3.9237e-04,  6.1630e-04, -4.3939e-04, -8.2334e-04,
        -7.5258e-04,  6.8833e-04, -7.9545e-04, -5.3242e-04, -4.4528e-04,
        -6.6708e-04,  1.5549e-04, -7.0538e-04, -9.3602e-04,  2.4875e-04,
        -6.3417e-04, -9.1475e-04, -3.9815e-04,  1.0515e-03,  3.4474e-04,
        -1.0637e-03, -9.5604e-04,  8.4331e-04,  3.7565e-04, -3.6047e-04,
        -2.6046e-04,  1.2037e-03,  6.2023e-04, -8.4872e-04, -3.0194e-04,
         8.8484e-04,  3.2280e-04, -1.1108e-03,  1.3173e-04,  1.0788e-03,
        -1.4205e-04, -9.1326e-04,  6.3485e-05,  1.9678e-04,  4.9564e-04,
         1.0828e-03,  1.0225e-03, -1.9497e-04, -8.2923e-04,  5.9585e-04,
         2.6077e-04, -7.9326e-04, -6.7072e-04, -5.1100e-04,  5.8968e-05,
        -1.1925e-03, -1.1168e-04, -7.5500e-06, -7.8574e-05, -8.6508e-04,
        -6.0210e-05,  2.0855e-04, -7.2141e-04, -1.2133e-03, -1.1947e-03,
        -5.3447e-04,  6.7958e-04, -1.1103e-03,  2.4282e-04, -5.2805e-04,
        -7.6267e-04, -2.4492e-04,  4.9109e-04,  7.9227e-06,  1.0560e-03,
         5.8445e-04, -6.9866e-04,  5.0851e-04, -2.2273e-04, -8.4724e-04,
         9.0646e-04,  8.9064e-04, -2.7415e-04, -5.5746e-04, -4.8561e-04,
         7.8051e-04,  7.9247e-04, -8.9481e-04, -4.4105e-04,  5.7033e-04,
         7.8255e-04, -7.5904e-05, -1.2074e-03, -4.6417e-04, -4.7445e-04,
        -5.4467e-04,  7.3653e-04, -8.8741e-04,  7.3124e-04,  2.7690e-04,
         6.3933e-04,  1.1011e-04, -9.0293e-04,  1.1573e-03,  8.3487e-04,
         9.1882e-04, -2.9676e-04, -5.0297e-04, -1.0098e-03, -1.0862e-03,
        -6.8631e-06, -9.3811e-04, -7.6297e-04,  1.0943e-03,  2.7141e-04,
         7.9188e-04,  4.1957e-04,  6.4340e-04,  9.9529e-05,  9.5259e-08,
         9.7790e-04,  6.6227e-04, -1.0738e-04,  7.5705e-04,  2.8041e-05,
         5.0413e-04, -5.2869e-05,  9.1895e-05,  1.0082e-03, -1.3189e-04,
         1.0086e-03, -8.7706e-04, -7.8096e-04,  1.9174e-06,  8.6710e-04,
         2.4758e-04, -1.7289e-04, -6.5446e-04,  5.5486e-04, -1.2959e-04,
         4.0026e-04, -3.4012e-04, -9.5829e-04, -5.2522e-04, -7.7480e-05,
         1.1041e-03, -8.0908e-04, -8.3991e-04,  2.7126e-04, -5.1493e-04,
        -1.2017e-03,  9.9800e-04, -1.0464e-03, -1.9869e-04,  9.4541e-04,
         8.8699e-05, -1.1226e-03, -1.9632e-05, -7.0983e-04,  1.0432e-03,
        -4.6900e-04,  2.6487e-04, -8.0107e-04,  9.5087e-04,  5.0416e-04,
        -6.6924e-05,  9.0915e-04,  1.1469e-03,  1.2101e-05, -5.8733e-04,
         1.8357e-04, -4.8968e-04, -4.5075e-05,  9.1900e-04,  4.9407e-04,
         8.3845e-04,  1.1839e-03,  4.4893e-04, -6.0732e-04,  1.0925e-03,
        -2.7038e-04, -1.1656e-04,  1.1397e-03, -2.1713e-04,  3.5046e-04,
        -4.7838e-04,  1.0530e-03, -4.5545e-04,  5.7432e-04, -3.8238e-04,
         5.1140e-04, -6.6945e-04, -1.1638e-03, -6.7287e-04, -1.0325e-03,
         1.4055e-04,  7.5922e-04, -5.4028e-04, -9.6271e-04, -2.8810e-04,
        -5.6734e-04,  1.0725e-03, -2.2590e-04, -6.8140e-04,  4.9479e-04,
        -6.7030e-04,  3.6753e-04,  8.0196e-04,  9.5053e-04,  7.7652e-04,
        -3.4327e-04,  1.4321e-04,  1.1903e-03,  5.2720e-04, -8.2606e-04,
        -9.8115e-04,  6.7520e-04, -5.7463e-05,  7.6409e-04,  5.5011e-04,
         1.1303e-03, -3.8516e-04,  3.9087e-04,  5.5194e-04,  8.0968e-04,
         7.7831e-04], device='cuda:0') 
 Parameter containing:
tensor([-2.8806e-04,  8.1145e-04,  1.0080e-03, -1.3734e-05,  3.0097e-04,
        -1.0134e-03,  7.7427e-04,  1.0825e-03, -4.3404e-04, -1.0114e-03,
        -1.1834e-04, -1.1747e-03, -7.2456e-05, -1.1040e-03,  4.9085e-04,
        -3.2823e-04, -5.0061e-04,  6.3172e-04,  4.4525e-04,  7.4526e-04,
         1.1538e-03, -4.6205e-04,  9.4659e-04,  3.8532e-04,  5.0012e-04,
         8.2987e-04, -6.2622e-04, -7.1283e-04, -6.4110e-04,  6.0897e-04,
         1.8620e-04, -9.7900e-04, -4.5493e-04, -1.1584e-03, -4.2061e-04,
        -8.9751e-04, -3.9237e-04,  6.1630e-04, -4.3939e-04, -8.2334e-04,
        -7.5258e-04,  6.8833e-04, -7.9545e-04, -5.3242e-04, -4.4528e-04,
        -6.6708e-04,  1.5549e-04, -7.0538e-04, -9.3602e-04,  2.4875e-04,
        -6.3417e-04, -9.1475e-04, -3.9815e-04,  1.0515e-03,  3.4474e-04,
        -1.0637e-03, -9.5604e-04,  8.4331e-04,  3.7565e-04, -3.6047e-04,
        -2.6046e-04,  1.2037e-03,  6.2023e-04, -8.4872e-04, -3.0194e-04,
         8.8484e-04,  3.2280e-04, -1.1108e-03,  1.3173e-04,  1.0788e-03,
        -1.4205e-04, -9.1326e-04,  6.3485e-05,  1.9678e-04,  4.9564e-04,
         1.0828e-03,  1.0225e-03, -1.9497e-04, -8.2923e-04,  5.9585e-04,
         2.6077e-04, -7.9326e-04, -6.7072e-04, -5.1100e-04,  5.8968e-05,
        -1.1925e-03, -1.1168e-04, -7.5500e-06, -7.8574e-05, -8.6508e-04,
        -6.0210e-05,  2.0855e-04, -7.2141e-04, -1.2133e-03, -1.1947e-03,
        -5.3447e-04,  6.7958e-04, -1.1103e-03,  2.4282e-04, -5.2805e-04,
        -7.6267e-04, -2.4492e-04,  4.9109e-04,  7.9227e-06,  1.0560e-03,
         5.8445e-04, -6.9866e-04,  5.0851e-04, -2.2273e-04, -8.4724e-04,
         9.0646e-04,  8.9064e-04, -2.7415e-04, -5.5746e-04, -4.8561e-04,
         7.8051e-04,  7.9247e-04, -8.9481e-04, -4.4105e-04,  5.7033e-04,
         7.8255e-04, -7.5904e-05, -1.2074e-03, -4.6417e-04, -4.7445e-04,
        -5.4467e-04,  7.3653e-04, -8.8741e-04,  7.3124e-04,  2.7690e-04,
         6.3933e-04,  1.1011e-04, -9.0293e-04,  1.1573e-03,  8.3487e-04,
         9.1882e-04, -2.9676e-04, -5.0297e-04, -1.0098e-03, -1.0862e-03,
        -6.8631e-06, -9.3811e-04, -7.6297e-04,  1.0943e-03,  2.7141e-04,
         7.9188e-04,  4.1957e-04,  6.4340e-04,  9.9529e-05,  9.5259e-08,
         9.7790e-04,  6.6227e-04, -1.0738e-04,  7.5705e-04,  2.8041e-05,
         5.0413e-04, -5.2869e-05,  9.1895e-05,  1.0082e-03, -1.3189e-04,
         1.0086e-03, -8.7706e-04, -7.8096e-04,  1.9174e-06,  8.6710e-04,
         2.4758e-04, -1.7289e-04, -6.5446e-04,  5.5486e-04, -1.2959e-04,
         4.0026e-04, -3.4012e-04, -9.5829e-04, -5.2522e-04, -7.7480e-05,
         1.1041e-03, -8.0908e-04, -8.3991e-04,  2.7126e-04, -5.1493e-04,
        -1.2017e-03,  9.9800e-04, -1.0464e-03, -1.9869e-04,  9.4541e-04,
         8.8699e-05, -1.1226e-03, -1.9632e-05, -7.0983e-04,  1.0432e-03,
        -4.6900e-04,  2.6487e-04, -8.0107e-04,  9.5087e-04,  5.0416e-04,
        -6.6924e-05,  9.0915e-04,  1.1469e-03,  1.2101e-05, -5.8733e-04,
         1.8357e-04, -4.8968e-04, -4.5075e-05,  9.1900e-04,  4.9407e-04,
         8.3845e-04,  1.1839e-03,  4.4893e-04, -6.0732e-04,  1.0925e-03,
        -2.7038e-04, -1.1656e-04,  1.1397e-03, -2.1713e-04,  3.5046e-04,
        -4.7838e-04,  1.0530e-03, -4.5545e-04,  5.7432e-04, -3.8238e-04,
         5.1140e-04, -6.6945e-04, -1.1638e-03, -6.7287e-04, -1.0325e-03,
         1.4055e-04,  7.5922e-04, -5.4028e-04, -9.6271e-04, -2.8810e-04,
        -5.6734e-04,  1.0725e-03, -2.2590e-04, -6.8140e-04,  4.9479e-04,
        -6.7030e-04,  3.6753e-04,  8.0196e-04,  9.5053e-04,  7.7652e-04,
        -3.4327e-04,  1.4321e-04,  1.1903e-03,  5.2720e-04, -8.2606e-04,
        -9.8115e-04,  6.7520e-04, -5.7463e-05,  7.6409e-04,  5.5011e-04,
         1.1303e-03, -3.8516e-04,  3.9087e-04,  5.5194e-04,  8.0968e-04,
         7.7831e-04], device='cuda:0', requires_grad=True)
parameters of the network fc2.weight 
 torch.Size([128, 256]) 
 True 
 tensor([[-9.5621e-03, -2.5390e-02, -5.5688e-02,  ..., -3.2471e-02,
          4.1400e-02, -5.0631e-02],
        [-1.7212e-02,  2.0370e-05,  3.7891e-02,  ...,  2.4249e-02,
         -5.6911e-02, -3.2748e-02],
        [ 3.9688e-02, -5.4851e-03, -4.8776e-02,  ..., -6.0850e-02,
          2.9992e-02, -1.8320e-03],
        ...,
        [ 1.6081e-02, -9.1510e-03,  5.0021e-02,  ..., -3.0682e-02,
          4.8265e-02, -3.1669e-02],
        [-2.4809e-02, -4.2269e-02,  4.7799e-02,  ..., -4.3738e-02,
         -3.3221e-02, -4.4540e-02],
        [ 2.7613e-02, -2.3710e-02,  6.0237e-02,  ...,  5.7703e-03,
         -2.6106e-02, -2.5706e-02]], device='cuda:0') 
 Parameter containing:
tensor([[-9.5621e-03, -2.5390e-02, -5.5688e-02,  ..., -3.2471e-02,
          4.1400e-02, -5.0631e-02],
        [-1.7212e-02,  2.0370e-05,  3.7891e-02,  ...,  2.4249e-02,
         -5.6911e-02, -3.2748e-02],
        [ 3.9688e-02, -5.4851e-03, -4.8776e-02,  ..., -6.0850e-02,
          2.9992e-02, -1.8320e-03],
        ...,
        [ 1.6081e-02, -9.1510e-03,  5.0021e-02,  ..., -3.0682e-02,
          4.8265e-02, -3.1669e-02],
        [-2.4809e-02, -4.2269e-02,  4.7799e-02,  ..., -4.3738e-02,
         -3.3221e-02, -4.4540e-02],
        [ 2.7613e-02, -2.3710e-02,  6.0237e-02,  ...,  5.7703e-03,
         -2.6106e-02, -2.5706e-02]], device='cuda:0', requires_grad=True)
parameters of the network fc2.bias 
 torch.Size([128]) 
 True 
 tensor([ 0.0249, -0.0349, -0.0616, -0.0481,  0.0274,  0.0303,  0.0344, -0.0581,
        -0.0565, -0.0463, -0.0595,  0.0062, -0.0437, -0.0333,  0.0535,  0.0143,
         0.0239, -0.0408,  0.0554, -0.0105,  0.0409,  0.0517, -0.0471,  0.0315,
         0.0601, -0.0617, -0.0200,  0.0548,  0.0095, -0.0553,  0.0587, -0.0572,
         0.0146,  0.0077, -0.0254,  0.0280,  0.0183, -0.0507,  0.0267, -0.0583,
        -0.0293, -0.0560, -0.0347,  0.0359,  0.0343, -0.0547,  0.0547, -0.0168,
        -0.0523,  0.0072,  0.0229, -0.0437, -0.0051,  0.0050, -0.0304, -0.0222,
        -0.0578, -0.0103, -0.0203, -0.0397,  0.0224,  0.0262,  0.0183, -0.0331,
        -0.0532,  0.0474, -0.0402, -0.0579,  0.0222, -0.0349, -0.0159, -0.0590,
        -0.0503,  0.0173, -0.0226,  0.0278,  0.0137, -0.0442,  0.0296,  0.0015,
         0.0491,  0.0178,  0.0294,  0.0590, -0.0175, -0.0172,  0.0085, -0.0481,
         0.0526,  0.0538,  0.0109, -0.0123, -0.0212,  0.0472, -0.0139,  0.0353,
         0.0248, -0.0024, -0.0223,  0.0048,  0.0220,  0.0590,  0.0107,  0.0069,
        -0.0253,  0.0455, -0.0381,  0.0361, -0.0252,  0.0147, -0.0375,  0.0277,
        -0.0026,  0.0014, -0.0420,  0.0236,  0.0617,  0.0381,  0.0361, -0.0257,
        -0.0527, -0.0549, -0.0054, -0.0279, -0.0502, -0.0262,  0.0229,  0.0587],
       device='cuda:0') 
 Parameter containing:
tensor([ 0.0249, -0.0349, -0.0616, -0.0481,  0.0274,  0.0303,  0.0344, -0.0581,
        -0.0565, -0.0463, -0.0595,  0.0062, -0.0437, -0.0333,  0.0535,  0.0143,
         0.0239, -0.0408,  0.0554, -0.0105,  0.0409,  0.0517, -0.0471,  0.0315,
         0.0601, -0.0617, -0.0200,  0.0548,  0.0095, -0.0553,  0.0587, -0.0572,
         0.0146,  0.0077, -0.0254,  0.0280,  0.0183, -0.0507,  0.0267, -0.0583,
        -0.0293, -0.0560, -0.0347,  0.0359,  0.0343, -0.0547,  0.0547, -0.0168,
        -0.0523,  0.0072,  0.0229, -0.0437, -0.0051,  0.0050, -0.0304, -0.0222,
        -0.0578, -0.0103, -0.0203, -0.0397,  0.0224,  0.0262,  0.0183, -0.0331,
        -0.0532,  0.0474, -0.0402, -0.0579,  0.0222, -0.0349, -0.0159, -0.0590,
        -0.0503,  0.0173, -0.0226,  0.0278,  0.0137, -0.0442,  0.0296,  0.0015,
         0.0491,  0.0178,  0.0294,  0.0590, -0.0175, -0.0172,  0.0085, -0.0481,
         0.0526,  0.0538,  0.0109, -0.0123, -0.0212,  0.0472, -0.0139,  0.0353,
         0.0248, -0.0024, -0.0223,  0.0048,  0.0220,  0.0590,  0.0107,  0.0069,
        -0.0253,  0.0455, -0.0381,  0.0361, -0.0252,  0.0147, -0.0375,  0.0277,
        -0.0026,  0.0014, -0.0420,  0.0236,  0.0617,  0.0381,  0.0361, -0.0257,
        -0.0527, -0.0549, -0.0054, -0.0279, -0.0502, -0.0262,  0.0229,  0.0587],
       device='cuda:0', requires_grad=True)
parameters of the network fc3.weight 
 torch.Size([64, 128]) 
 True 
 tensor([[ 0.0526,  0.0454, -0.0088,  ..., -0.0281,  0.0335, -0.0404],
        [ 0.0727, -0.0666,  0.0402,  ..., -0.0535,  0.0411,  0.0666],
        [ 0.0181,  0.0275, -0.0311,  ...,  0.0577, -0.0124,  0.0512],
        ...,
        [ 0.0200, -0.0357,  0.0298,  ..., -0.0835, -0.0459,  0.0550],
        [ 0.0589, -0.0507, -0.0482,  ..., -0.0318, -0.0150, -0.0671],
        [ 0.0181,  0.0147,  0.0267,  ...,  0.0530, -0.0052,  0.0573]],
       device='cuda:0') 
 Parameter containing:
tensor([[ 0.0526,  0.0454, -0.0088,  ..., -0.0281,  0.0335, -0.0404],
        [ 0.0727, -0.0666,  0.0402,  ..., -0.0535,  0.0411,  0.0666],
        [ 0.0181,  0.0275, -0.0311,  ...,  0.0577, -0.0124,  0.0512],
        ...,
        [ 0.0200, -0.0357,  0.0298,  ..., -0.0835, -0.0459,  0.0550],
        [ 0.0589, -0.0507, -0.0482,  ..., -0.0318, -0.0150, -0.0671],
        [ 0.0181,  0.0147,  0.0267,  ...,  0.0530, -0.0052,  0.0573]],
       device='cuda:0', requires_grad=True)
parameters of the network fc3.bias 
 torch.Size([64]) 
 True 
 tensor([-0.0089,  0.0147, -0.0157, -0.0218, -0.0779,  0.0471,  0.0310, -0.0853,
         0.0523,  0.0652, -0.0453, -0.0491, -0.0137,  0.0609, -0.0769, -0.0068,
         0.0742, -0.0189,  0.0053,  0.0609,  0.0134,  0.0506, -0.0514, -0.0314,
        -0.0438, -0.0014,  0.0224, -0.0163,  0.0594,  0.0746, -0.0640, -0.0762,
        -0.0820,  0.0132,  0.0053, -0.0181,  0.0287, -0.0281, -0.0421,  0.0752,
         0.0248,  0.0211, -0.0449,  0.0601, -0.0760, -0.0721,  0.0679, -0.0766,
        -0.0361,  0.0804,  0.0535, -0.0595,  0.0521,  0.0253, -0.0352,  0.0843,
         0.0247,  0.0752, -0.0619, -0.0875,  0.0045, -0.0248, -0.0651,  0.0605],
       device='cuda:0') 
 Parameter containing:
tensor([-0.0089,  0.0147, -0.0157, -0.0218, -0.0779,  0.0471,  0.0310, -0.0853,
         0.0523,  0.0652, -0.0453, -0.0491, -0.0137,  0.0609, -0.0769, -0.0068,
         0.0742, -0.0189,  0.0053,  0.0609,  0.0134,  0.0506, -0.0514, -0.0314,
        -0.0438, -0.0014,  0.0224, -0.0163,  0.0594,  0.0746, -0.0640, -0.0762,
        -0.0820,  0.0132,  0.0053, -0.0181,  0.0287, -0.0281, -0.0421,  0.0752,
         0.0248,  0.0211, -0.0449,  0.0601, -0.0760, -0.0721,  0.0679, -0.0766,
        -0.0361,  0.0804,  0.0535, -0.0595,  0.0521,  0.0253, -0.0352,  0.0843,
         0.0247,  0.0752, -0.0619, -0.0875,  0.0045, -0.0248, -0.0651,  0.0605],
       device='cuda:0', requires_grad=True)
parameters of the network fc4.weight 
 torch.Size([6796, 64]) 
 True 
 tensor([[-0.0572,  0.0643, -0.0125,  ..., -0.0450,  0.0927, -0.0510],
        [ 0.0765, -0.0448,  0.1194,  ..., -0.0691,  0.1221,  0.0280],
        [ 0.1003,  0.0868, -0.0168,  ...,  0.0395, -0.1242,  0.0949],
        ...,
        [ 0.0138, -0.0989,  0.0504,  ..., -0.0776,  0.1070,  0.1129],
        [ 0.1073, -0.1243,  0.0358,  ...,  0.1183, -0.0595,  0.0407],
        [-0.0278, -0.1196,  0.0102,  ..., -0.0482, -0.0928, -0.0177]],
       device='cuda:0') 
 Parameter containing:
tensor([[-0.0572,  0.0643, -0.0125,  ..., -0.0450,  0.0927, -0.0510],
        [ 0.0765, -0.0448,  0.1194,  ..., -0.0691,  0.1221,  0.0280],
        [ 0.1003,  0.0868, -0.0168,  ...,  0.0395, -0.1242,  0.0949],
        ...,
        [ 0.0138, -0.0989,  0.0504,  ..., -0.0776,  0.1070,  0.1129],
        [ 0.1073, -0.1243,  0.0358,  ...,  0.1183, -0.0595,  0.0407],
        [-0.0278, -0.1196,  0.0102,  ..., -0.0482, -0.0928, -0.0177]],
       device='cuda:0', requires_grad=True)
parameters of the network fc4.bias 
 torch.Size([6796]) 
 True 
 tensor([-0.1002,  0.0947,  0.1079,  ...,  0.0105,  0.0609,  0.0045],
       device='cuda:0') 
 Parameter containing:
tensor([-0.1002,  0.0947,  0.1079,  ...,  0.0105,  0.0609,  0.0045],
       device='cuda:0', requires_grad=True)

Passing event 1007 from the network before training input tensor([[0., 0., 0.,  ..., 0., 0., 0.],
        [0., 0., 0.,  ..., 0., 0., 0.],
        [0., 0., 0.,  ..., 0., 0., 0.],
        ...,
        [0., 0., 0.,  ..., 0., 0., 0.],
        [0., 0., 0.,  ..., 0., 0., 0.],
        [0., 0., 0.,  ..., 0., 0., 0.]]) 
result1: tensor([[0.4742, 0.5247, 0.5214,  ..., 0.5052, 0.5182, 0.5037],
        [0.4742, 0.5246, 0.5214,  ..., 0.5053, 0.5183, 0.5036],
        [0.4742, 0.5247, 0.5215,  ..., 0.5054, 0.5182, 0.5036],
        ...,
        [0.4742, 0.5247, 0.5214,  ..., 0.5054, 0.5182, 0.5036],
        [0.4743, 0.5246, 0.5214,  ..., 0.5054, 0.5182, 0.5036],
        [0.4742, 0.5247, 0.5214,  ..., 0.5054, 0.5182, 0.5036]],
       device='cuda:0', grad_fn=<SigmoidBackward0>) 
result1.shape: torch.Size([20, 6796])

Passing two random events from the network before training 
result1: tensor([[0.4742, 0.5247, 0.5214,  ..., 0.5052, 0.5182, 0.5037],
        [0.4742, 0.5246, 0.5214,  ..., 0.5053, 0.5183, 0.5036],
        [0.4742, 0.5247, 0.5215,  ..., 0.5054, 0.5182, 0.5036],
        ...,
        [0.4742, 0.5247, 0.5214,  ..., 0.5054, 0.5182, 0.5036],
        [0.4743, 0.5246, 0.5214,  ..., 0.5054, 0.5182, 0.5036],
        [0.4742, 0.5247, 0.5214,  ..., 0.5054, 0.5182, 0.5036]],
       device='cuda:0', grad_fn=<SigmoidBackward0>) 
result1.shape: torch.Size([20, 6796]) 
input: [[0. 0. 0. ... 0. 0. 0.]
 [0. 0. 0. ... 0. 0. 0.]
 [0. 0. 0. ... 0. 0. 0.]
 ...
 [0. 0. 0. ... 0. 0. 0.]
 [0. 0. 0. ... 0. 0. 0.]
 [0. 0. 0. ... 0. 0. 0.]]



load_model False 
TraEvN 19998 
BatchSize 30 
EpochNum 2 
epoch_save 5 
LrVal 0.0001 
weight_decay 5e-05 
startmesh 284 
endmesh 285 






optimizer.param_groups [{'params': [Parameter containing:
tensor([[[[ 0.3174, -0.1606,  0.2598],
          [-0.1328,  0.1694, -0.2201],
          [-0.2714, -0.3219,  0.2935]]],


        [[[ 0.2641, -0.0605, -0.1882],
          [-0.1270,  0.2320,  0.1293],
          [ 0.1375,  0.2392, -0.1285]]],


        [[[-0.1985, -0.3194,  0.3123],
          [ 0.1403, -0.0747, -0.0314],
          [-0.1240, -0.3048, -0.2662]]],


        ...,


        [[[ 0.2906, -0.3127,  0.0297],
          [-0.2460, -0.1404,  0.3088],
          [ 0.3015,  0.1975,  0.1532]]],


        [[[-0.1829,  0.2174, -0.2668],
          [-0.0610,  0.2175, -0.2953],
          [ 0.0354,  0.0135,  0.3122]]],


        [[[ 0.2214, -0.0074, -0.2989],
          [ 0.0892, -0.1495,  0.1117],
          [-0.2426,  0.2337,  0.2000]]]], device='cuda:0', requires_grad=True), Parameter containing:
tensor([-0.1399, -0.2101, -0.0295,  0.1029,  0.1606,  0.1380, -0.2123, -0.1825,
         0.2087, -0.1347,  0.1027, -0.0159, -0.2299,  0.0028, -0.2769, -0.0265,
         0.1912, -0.0827, -0.1075,  0.0796,  0.2761, -0.1661,  0.0242,  0.0626,
         0.2880,  0.0954, -0.0711, -0.1280,  0.0272, -0.2415,  0.0324,  0.1267,
         0.2325,  0.1515,  0.0679,  0.1542, -0.3256, -0.1001,  0.0818,  0.2291,
         0.2833,  0.3232, -0.0900,  0.0731, -0.2022, -0.0231,  0.2470,  0.3054,
        -0.0367,  0.3093, -0.3158,  0.3244,  0.1379, -0.1530, -0.1137,  0.0399,
        -0.0878, -0.2067, -0.0721, -0.0142, -0.2030,  0.2934,  0.0807, -0.2836,
         0.2592,  0.2094,  0.1098, -0.2551,  0.1216,  0.0702,  0.0259,  0.2021,
         0.1431,  0.1792,  0.2772, -0.2648, -0.0826,  0.1567, -0.1521,  0.1627,
        -0.3268, -0.1191, -0.3275,  0.0648,  0.2513,  0.2993, -0.2154, -0.3283,
         0.1246,  0.0304, -0.3247,  0.1428,  0.1713, -0.1575,  0.1233,  0.2201,
        -0.1438,  0.1730,  0.1211,  0.0324,  0.2240, -0.2752, -0.2582, -0.1049,
        -0.0198, -0.0204,  0.2664, -0.0818,  0.2165, -0.1700,  0.0700, -0.2155,
        -0.1847, -0.1758,  0.2654,  0.1509,  0.2154,  0.2322,  0.1304, -0.0472,
         0.3296,  0.2818, -0.0525,  0.1324,  0.0503,  0.1292,  0.0295, -0.0699,
        -0.1755, -0.1831, -0.2950, -0.3087, -0.0044, -0.0574, -0.0319,  0.1974,
        -0.3085,  0.0813, -0.1552,  0.0831,  0.0996,  0.1396, -0.1539, -0.1285,
         0.2550,  0.0973,  0.1557,  0.0642,  0.3073, -0.0010, -0.0236,  0.1378,
        -0.0468, -0.1471,  0.2800,  0.1046, -0.1349, -0.3032,  0.1498,  0.1434,
         0.1069, -0.0443, -0.1771,  0.2435,  0.2381,  0.0154,  0.2184, -0.1248,
         0.0076, -0.2857, -0.1448,  0.2002, -0.0411,  0.0703,  0.1317,  0.1428,
        -0.2979,  0.2838,  0.2232, -0.0764, -0.2061, -0.3293, -0.1688, -0.2632,
        -0.2236, -0.2381, -0.0317, -0.0493,  0.0985,  0.1922,  0.2933, -0.0421,
        -0.1371,  0.1148,  0.2059, -0.1288,  0.2895, -0.2524, -0.1811,  0.1129,
        -0.0449,  0.2909,  0.1402, -0.3244, -0.2928, -0.2601,  0.0493, -0.0934,
         0.0471, -0.0199, -0.0370, -0.1017,  0.2937,  0.2011, -0.2290, -0.2225,
         0.1033, -0.1669, -0.2816, -0.1468,  0.0145, -0.1955, -0.1404,  0.3050,
         0.1268, -0.0110, -0.0489,  0.3096, -0.1033,  0.1067, -0.2086,  0.1366,
         0.1748, -0.1112, -0.2040, -0.1821,  0.1270,  0.1127,  0.2879, -0.3140,
        -0.1196,  0.1039,  0.2842, -0.1887,  0.1045, -0.3065,  0.1306, -0.1703,
        -0.1523, -0.1619,  0.1842, -0.3188, -0.0289, -0.0954,  0.1897, -0.2553],
       device='cuda:0', requires_grad=True), Parameter containing:
tensor([[[[-1.3505e-02,  1.9468e-02,  1.1052e-02],
          [ 1.1521e-02, -6.4465e-03,  1.3581e-02],
          [-1.1476e-02, -1.2936e-02, -5.1766e-03]],

         [[-1.8550e-02,  1.1821e-02,  4.8235e-03],
          [ 1.1509e-02, -7.3077e-03, -8.2177e-03],
          [-1.8559e-02, -1.9362e-02, -1.6119e-02]],

         [[-1.5514e-02,  1.6999e-02,  1.8833e-03],
          [-1.4082e-02,  1.3627e-02,  1.9573e-02],
          [ 1.4675e-02,  1.6244e-02,  1.8052e-02]],

         ...,

         [[ 1.8635e-02, -1.6874e-02, -1.1073e-02],
          [ 8.6186e-03,  1.5852e-02,  1.1349e-02],
          [ 1.2624e-02,  6.9911e-03,  1.5918e-02]],

         [[-2.0815e-02, -1.9349e-02,  1.9342e-05],
          [-1.3656e-02,  2.9836e-03, -2.0150e-03],
          [ 1.9713e-02,  3.3182e-03,  5.6388e-03]],

         [[-1.3477e-02, -1.5201e-02,  2.9261e-03],
          [ 1.7979e-02, -1.3353e-02,  7.3516e-03],
          [-1.7349e-02,  1.2347e-03,  2.0242e-02]]],


        [[[-1.1327e-02,  7.5718e-03, -1.6439e-02],
          [ 3.2248e-03,  1.3194e-02,  8.5875e-03],
          [ 1.4777e-02, -2.4679e-03, -1.4499e-02]],

         [[ 2.0487e-02, -1.2854e-02, -1.9747e-02],
          [ 1.9813e-02,  7.2990e-03,  3.4420e-03],
          [ 1.1899e-02, -5.5005e-03,  1.7210e-02]],

         [[-1.0670e-02, -1.3303e-02, -1.8103e-02],
          [-1.6722e-02,  3.0328e-03,  1.1374e-02],
          [ 3.6416e-03, -1.7123e-03, -1.3435e-02]],

         ...,

         [[ 1.4345e-02, -1.9400e-02,  1.2645e-02],
          [-1.6299e-03,  3.4173e-03, -1.4501e-02],
          [-3.9474e-03,  4.5881e-05, -3.0444e-04]],

         [[-1.2317e-02, -7.2912e-03, -1.1714e-02],
          [-1.3281e-02, -1.1668e-02, -2.6333e-03],
          [-1.3072e-03,  1.9970e-02,  1.6841e-02]],

         [[-1.4449e-02,  2.0539e-02,  2.0267e-02],
          [ 4.2542e-03, -6.2369e-03,  1.2532e-02],
          [-1.8433e-02, -1.9471e-02, -1.4985e-02]]],


        [[[-1.0605e-03,  1.4913e-02, -1.3384e-02],
          [-9.8123e-03, -8.7962e-03, -1.1239e-02],
          [-3.7696e-03, -1.6373e-03,  1.3438e-02]],

         [[-2.6960e-03, -1.1423e-02, -1.8646e-02],
          [ 6.1622e-03,  1.5770e-02,  5.9333e-03],
          [ 1.3393e-02,  3.0510e-05, -2.0064e-02]],

         [[ 1.8020e-02, -1.8677e-03,  7.1314e-03],
          [-5.9527e-04, -1.2761e-02, -1.2085e-02],
          [ 1.8656e-02, -1.6503e-02,  1.9822e-02]],

         ...,

         [[ 1.9670e-02,  2.3979e-03,  9.3830e-03],
          [ 1.4141e-02,  1.0704e-02,  1.2405e-02],
          [-1.5781e-02, -1.1113e-02, -1.2376e-02]],

         [[-2.0194e-02,  1.0633e-02,  1.3353e-02],
          [ 1.3085e-03, -5.4071e-03,  1.3061e-03],
          [-1.4594e-02, -1.3764e-02, -3.7468e-03]],

         [[-2.3963e-03,  1.3025e-02,  1.3973e-02],
          [ 5.6121e-03,  1.9770e-02, -1.4200e-04],
          [-1.4472e-02, -1.0780e-02, -2.0453e-02]]],


        ...,


        [[[-8.0522e-03,  1.2618e-02, -1.0433e-02],
          [ 5.6513e-04, -1.4866e-02,  1.0504e-02],
          [ 5.1708e-03, -7.5541e-03,  9.2706e-03]],

         [[ 1.2300e-02, -1.5053e-02, -2.0360e-02],
          [ 1.5961e-02,  3.9814e-03, -7.9602e-03],
          [-5.6097e-04,  1.8398e-02,  1.7541e-02]],

         [[-5.4661e-03, -1.5801e-02, -1.8518e-02],
          [-3.7349e-03, -9.7982e-03,  9.7802e-03],
          [-5.4977e-03,  6.9795e-03,  1.6554e-02]],

         ...,

         [[-7.2933e-03, -5.6384e-03, -1.7644e-02],
          [ 1.4256e-02,  4.1380e-03, -4.4838e-03],
          [ 1.5275e-02,  1.9589e-03, -6.4577e-03]],

         [[ 1.5924e-02, -6.0831e-03, -1.2598e-02],
          [ 1.4503e-02,  3.1238e-03, -1.3418e-02],
          [ 4.1665e-03,  2.0757e-02, -7.4970e-03]],

         [[ 1.0906e-02,  1.6809e-02,  1.5372e-02],
          [ 1.6238e-03, -8.7464e-03, -1.8580e-02],
          [-9.5090e-03, -1.6020e-02,  1.2869e-02]]],


        [[[ 1.0337e-02, -8.7479e-03, -5.3509e-03],
          [-1.1814e-02, -1.2273e-02, -1.6682e-02],
          [ 1.0452e-02,  4.4842e-03,  6.3810e-03]],

         [[-7.3338e-04, -1.6862e-03, -1.8299e-02],
          [-8.4940e-03,  1.9610e-02, -1.3657e-03],
          [-8.4518e-04, -1.4771e-03,  9.6365e-03]],

         [[-9.9908e-03,  1.8755e-02,  1.2668e-02],
          [ 1.3827e-02,  1.3619e-02,  4.0196e-03],
          [-2.0269e-02,  1.6328e-02, -2.0335e-02]],

         ...,

         [[-1.9569e-02,  3.3791e-03,  3.5994e-03],
          [ 1.2332e-02, -1.8300e-02,  1.3271e-03],
          [ 1.3377e-02, -1.2903e-02,  1.1893e-02]],

         [[ 5.1566e-03, -1.6777e-02, -3.6047e-04],
          [-8.2693e-03,  1.7112e-02,  1.7380e-02],
          [ 3.9309e-03,  1.0825e-02,  1.7347e-02]],

         [[ 4.5605e-03,  3.5803e-03,  1.4996e-02],
          [ 1.6470e-02,  1.4854e-02, -1.8996e-02],
          [-6.8224e-03, -7.5175e-03, -1.1020e-02]]],


        [[[-1.2907e-02, -2.0354e-02, -1.9510e-02],
          [ 8.2258e-03, -6.9225e-03, -6.8443e-03],
          [ 2.5477e-03, -7.4431e-04,  5.7299e-03]],

         [[-1.2842e-02,  1.0662e-02,  8.5029e-03],
          [ 1.9222e-02,  1.2416e-02, -1.5132e-02],
          [ 1.4252e-02,  6.4789e-03, -6.2680e-03]],

         [[ 1.6606e-02,  1.0797e-02,  1.6924e-02],
          [ 7.0822e-03,  1.9279e-02,  1.5858e-02],
          [-1.0073e-03, -9.4730e-03,  2.0437e-02]],

         ...,

         [[-7.9759e-03,  1.0747e-03,  2.0953e-03],
          [ 9.3339e-03, -1.2871e-02,  3.3885e-03],
          [-1.9922e-02,  1.5067e-02,  4.6716e-03]],

         [[ 3.8088e-03,  1.0075e-02,  1.0897e-02],
          [-7.3332e-03,  1.7253e-02,  1.0640e-02],
          [ 1.9713e-02, -1.4769e-02,  4.2878e-03]],

         [[ 4.5616e-03,  4.4401e-03, -1.5468e-02],
          [-6.6926e-03, -1.2195e-02,  9.1447e-03],
          [ 2.2075e-03, -3.2548e-03, -6.6987e-03]]]], device='cuda:0',
       requires_grad=True), Parameter containing:
tensor([ 3.9934e-03, -3.6249e-03, -1.3983e-02, -1.1534e-02,  1.7819e-02,
         6.5916e-03, -1.1813e-02, -1.0047e-02,  7.0809e-03, -1.2469e-02,
         1.0676e-03, -1.7280e-02, -9.5241e-03,  1.1531e-02, -5.3323e-04,
         1.5506e-03, -2.0799e-02, -1.9152e-03, -1.4760e-02,  1.7048e-02,
        -1.5929e-02, -1.4808e-02, -1.5160e-02, -8.0770e-03, -2.0117e-02,
        -1.7493e-02,  1.7845e-02, -2.5467e-03, -2.8910e-03, -3.5843e-04,
         4.2920e-03, -1.4646e-02, -1.1106e-02,  1.9961e-03,  1.7154e-02,
        -9.7572e-03,  1.2900e-03, -1.4024e-02,  1.5991e-05,  1.4244e-02,
         1.1097e-02, -2.2745e-03, -3.1493e-03,  1.4787e-02, -4.8007e-04,
         1.0665e-02,  2.2059e-03,  1.1560e-02, -1.4786e-02,  5.4817e-03,
        -1.7508e-02,  3.8318e-03,  1.9060e-02, -5.7017e-03,  7.5122e-03,
         1.7984e-02, -1.5704e-02, -4.4490e-03,  9.6430e-03,  1.1988e-02,
        -1.7857e-02, -1.2343e-02, -6.9066e-03, -1.9892e-02,  1.4759e-02,
        -1.3156e-02,  1.0427e-02,  9.0774e-03, -7.5841e-03, -1.4742e-02,
         1.4379e-02,  2.2355e-03, -4.1696e-03,  1.0935e-02,  1.0875e-02,
         1.3016e-02, -1.0103e-02,  6.5528e-03,  1.4561e-02, -8.2560e-03,
         1.3883e-02, -1.3390e-02, -5.6764e-03, -8.1432e-03,  1.0085e-02,
        -1.1185e-02,  9.3078e-03, -1.5593e-02, -1.6412e-03,  4.2657e-03,
        -4.7045e-03,  3.0505e-03,  1.1943e-02,  8.4231e-03, -1.1559e-03,
        -3.2615e-03,  3.4110e-03, -6.1559e-03, -8.0111e-03,  1.9823e-02,
         7.6712e-03, -6.2360e-03, -8.1605e-03,  1.5740e-03,  1.2086e-02,
         1.6156e-04,  4.1946e-03,  4.8646e-03,  2.0555e-02, -1.1880e-02,
         1.5592e-02, -1.4339e-02,  6.4209e-03, -2.4144e-03, -5.4102e-03,
         2.2045e-03, -7.9108e-05, -1.2053e-02,  1.8991e-02,  1.9293e-02,
        -7.2734e-04, -1.5807e-02,  4.6410e-03, -1.8411e-03,  1.8747e-02,
        -6.2368e-03,  1.5766e-02,  1.5994e-02], device='cuda:0',
       requires_grad=True), Parameter containing:
tensor([[[[-1.0182e-02, -2.6086e-02,  2.3261e-02],
          [-1.7091e-02,  1.9696e-02, -7.3597e-03],
          [-2.5194e-02, -4.1075e-04, -2.3567e-02]],

         [[ 4.1657e-03, -3.5878e-05, -1.8529e-02],
          [ 2.7810e-02,  1.2759e-02,  2.5141e-02],
          [ 2.3362e-02, -5.1140e-03, -1.2424e-02]],

         [[ 2.8692e-02,  2.0855e-02, -2.8688e-02],
          [-1.9572e-02,  2.6280e-02,  1.5694e-02],
          [ 1.4219e-02, -1.1455e-02,  2.5844e-02]],

         ...,

         [[ 2.1484e-02,  2.8651e-02,  6.5474e-03],
          [-2.4774e-02,  1.4872e-02,  2.0797e-03],
          [-2.5161e-02, -1.2525e-03, -1.0920e-02]],

         [[-8.8983e-03,  1.7741e-02, -3.2541e-03],
          [-9.2641e-04, -1.0885e-02, -2.8049e-02],
          [ 4.6797e-03,  2.5221e-02, -2.0919e-02]],

         [[ 2.2513e-02,  1.2149e-02,  1.6599e-02],
          [ 1.9985e-03, -1.6265e-02, -2.2468e-02],
          [ 1.6784e-02,  8.1510e-03, -1.3777e-02]]],


        [[[ 1.4722e-02, -6.8554e-03, -9.0698e-03],
          [ 2.2282e-02, -3.7014e-03, -3.9451e-03],
          [ 9.6464e-03, -6.6971e-03,  2.4857e-02]],

         [[ 1.2522e-02,  8.0461e-03, -2.9077e-02],
          [ 9.2331e-03, -8.5858e-03, -1.1099e-02],
          [-2.3498e-03, -1.2366e-03, -1.2016e-02]],

         [[-8.3810e-04,  1.6550e-02, -2.5815e-02],
          [ 2.4149e-02,  9.4860e-03,  1.0954e-02],
          [ 1.1229e-02, -2.4980e-02,  4.6843e-03]],

         ...,

         [[-2.6883e-02,  6.7047e-03, -2.6864e-03],
          [ 2.8528e-02,  1.6261e-02, -2.6394e-02],
          [ 1.8060e-02,  2.3010e-02, -2.3545e-02]],

         [[-9.8649e-03,  9.0246e-03, -2.3605e-03],
          [ 1.1013e-04, -3.1517e-03,  6.9952e-03],
          [-1.5170e-02, -2.3055e-02,  1.5989e-02]],

         [[ 1.7465e-02,  2.8394e-02,  1.9894e-02],
          [ 4.9544e-03, -2.3194e-02,  2.3426e-02],
          [-1.1942e-02,  3.1479e-03,  7.5011e-03]]],


        [[[-1.4178e-02, -2.0218e-02, -2.9018e-02],
          [-1.8353e-02,  1.4478e-02, -4.5128e-03],
          [-9.5095e-03,  2.5208e-02, -6.8411e-03]],

         [[ 9.0079e-03,  2.4892e-02,  2.2803e-03],
          [-2.8651e-02,  2.7060e-02,  2.2627e-02],
          [-2.0651e-02,  2.0980e-02,  1.9641e-02]],

         [[ 1.1590e-02,  7.9229e-03,  5.6273e-03],
          [ 4.5250e-03, -2.6317e-02,  3.9443e-03],
          [ 8.1812e-04, -1.7017e-02,  2.4387e-03]],

         ...,

         [[ 1.8180e-02, -2.1772e-02,  1.8965e-02],
          [ 1.5688e-02,  2.3435e-03,  1.3461e-02],
          [-8.9752e-04,  9.6270e-03,  1.5338e-02]],

         [[ 9.7814e-03, -1.1812e-02, -2.5743e-02],
          [ 1.9142e-02,  6.8324e-04,  1.1088e-02],
          [ 1.9130e-02, -5.4506e-03, -2.6343e-02]],

         [[-2.4638e-02,  1.5882e-02,  6.6881e-03],
          [ 2.3977e-02, -1.1830e-02,  8.6960e-03],
          [-7.7948e-03, -1.1092e-03, -8.7998e-03]]],


        ...,


        [[[ 5.4598e-03,  8.6004e-03, -1.9346e-02],
          [-1.5499e-02,  5.7637e-03, -4.0453e-03],
          [ 1.8993e-02, -1.2648e-02, -9.4335e-03]],

         [[ 2.5382e-02,  2.1652e-02,  8.1375e-03],
          [-1.1716e-02,  5.5658e-03, -2.6394e-02],
          [-2.4874e-02,  2.4719e-03,  1.5526e-02]],

         [[ 1.4164e-02,  6.4079e-03,  1.2462e-02],
          [ 1.4314e-02, -1.9050e-03, -2.1632e-03],
          [ 1.3670e-02,  2.3195e-02, -2.7162e-02]],

         ...,

         [[-1.5999e-02, -1.6566e-02, -1.0515e-02],
          [ 1.4796e-03, -2.8858e-02,  2.6703e-02],
          [ 1.0852e-02, -5.2160e-03, -2.7888e-02]],

         [[-2.2341e-02,  2.4119e-03,  1.8826e-02],
          [-2.7528e-02, -2.8636e-02, -1.7861e-02],
          [ 1.9408e-02, -1.3951e-02,  1.3596e-02]],

         [[-1.2020e-02,  9.6226e-03,  1.7925e-02],
          [ 1.2417e-03,  1.0543e-03,  2.9299e-02],
          [ 1.6447e-02,  2.3677e-02, -8.2452e-03]]],


        [[[ 7.9973e-03,  1.0579e-02, -1.6656e-02],
          [-1.1029e-02,  2.0741e-02,  2.8039e-02],
          [-1.7459e-02,  2.8140e-02, -1.0883e-02]],

         [[-2.2209e-03, -8.8198e-03, -1.5283e-02],
          [-2.7130e-02,  9.6636e-03,  3.9746e-03],
          [ 1.8514e-02, -2.3812e-02,  2.5634e-02]],

         [[ 1.8606e-02,  4.8530e-04,  1.4422e-02],
          [-6.3582e-03, -2.3702e-02,  8.6776e-03],
          [ 1.7668e-02, -1.4755e-02, -1.9956e-03]],

         ...,

         [[ 6.7052e-03,  7.3704e-03, -2.3814e-02],
          [ 1.4698e-02,  4.3485e-03, -2.2228e-02],
          [ 6.1507e-03,  2.5239e-02, -2.8743e-02]],

         [[-7.7271e-03, -1.6023e-02,  1.8471e-02],
          [-2.6724e-02, -5.0083e-03, -1.9631e-02],
          [ 1.4427e-02,  8.6457e-05, -2.5823e-02]],

         [[-3.0010e-03,  2.9380e-02, -2.4174e-02],
          [-1.7353e-03, -1.8188e-02,  7.6597e-03],
          [ 1.1705e-02,  3.3714e-03,  1.8585e-02]]],


        [[[ 2.6971e-02, -1.8815e-02, -1.7871e-03],
          [-2.4327e-02, -3.8005e-03, -8.6509e-03],
          [-2.0471e-02,  2.1512e-02, -5.5906e-03]],

         [[-2.0002e-02,  4.0885e-03, -2.6267e-02],
          [ 1.6032e-02, -3.7735e-03, -2.8826e-02],
          [ 1.8429e-02,  2.5612e-02,  2.3636e-02]],

         [[-1.1056e-02,  1.6416e-02,  3.3543e-03],
          [-2.4417e-02, -1.9766e-02, -2.4684e-02],
          [ 7.7802e-03, -1.3892e-02,  8.8796e-03]],

         ...,

         [[-2.5907e-04,  2.8461e-02,  1.3489e-02],
          [ 1.2788e-02,  2.1214e-02, -2.2866e-02],
          [-1.0001e-02,  2.3291e-02,  5.6745e-03]],

         [[ 2.4094e-02, -2.1300e-02, -1.3192e-02],
          [-7.6705e-03, -2.2933e-02,  1.2567e-02],
          [-2.2360e-02, -1.4261e-02, -2.6035e-02]],

         [[-1.2163e-02,  2.2231e-02, -2.6078e-02],
          [ 2.5614e-02,  5.8616e-04, -1.5106e-04],
          [-2.8599e-02, -1.2969e-02, -2.2131e-02]]]], device='cuda:0',
       requires_grad=True), Parameter containing:
tensor([ 0.0241, -0.0241, -0.0282, -0.0241, -0.0176, -0.0124, -0.0013, -0.0260,
         0.0292,  0.0010,  0.0278, -0.0163, -0.0029, -0.0074,  0.0279,  0.0009,
         0.0141, -0.0009, -0.0232, -0.0101, -0.0071,  0.0140, -0.0173,  0.0249,
         0.0252, -0.0123,  0.0116, -0.0165, -0.0018, -0.0189, -0.0054,  0.0260,
        -0.0146, -0.0106,  0.0286,  0.0093, -0.0148,  0.0098, -0.0081,  0.0226,
        -0.0164,  0.0117,  0.0245, -0.0141,  0.0274, -0.0074,  0.0190,  0.0098,
        -0.0058,  0.0185,  0.0066, -0.0028,  0.0131, -0.0143,  0.0146, -0.0108,
         0.0057, -0.0049, -0.0236,  0.0192,  0.0132,  0.0109, -0.0266,  0.0185],
       device='cuda:0', requires_grad=True), Parameter containing:
tensor([[ 3.5811e-04, -1.6541e-04,  7.1656e-04,  ...,  1.1955e-03,
          5.1714e-04,  6.9861e-04],
        [ 1.2011e-03,  5.2614e-04, -7.3748e-04,  ..., -3.1122e-04,
         -6.7357e-04, -4.9671e-05],
        [ 9.9448e-04, -2.1975e-05, -2.1919e-04,  ...,  6.2077e-04,
          5.5218e-04,  3.2489e-04],
        ...,
        [ 1.2234e-03, -9.1011e-04, -1.1513e-03,  ..., -7.4447e-04,
          1.1645e-04,  6.1702e-04],
        [-7.6618e-04,  1.2201e-03, -8.4540e-04,  ..., -6.3815e-04,
          7.6249e-04, -6.1987e-04],
        [ 6.9512e-04,  4.5516e-04, -4.8965e-04,  ..., -2.7864e-05,
          5.1228e-04,  6.7660e-04]], device='cuda:0', requires_grad=True), Parameter containing:
tensor([-2.8806e-04,  8.1145e-04,  1.0080e-03, -1.3734e-05,  3.0097e-04,
        -1.0134e-03,  7.7427e-04,  1.0825e-03, -4.3404e-04, -1.0114e-03,
        -1.1834e-04, -1.1747e-03, -7.2456e-05, -1.1040e-03,  4.9085e-04,
        -3.2823e-04, -5.0061e-04,  6.3172e-04,  4.4525e-04,  7.4526e-04,
         1.1538e-03, -4.6205e-04,  9.4659e-04,  3.8532e-04,  5.0012e-04,
         8.2987e-04, -6.2622e-04, -7.1283e-04, -6.4110e-04,  6.0897e-04,
         1.8620e-04, -9.7900e-04, -4.5493e-04, -1.1584e-03, -4.2061e-04,
        -8.9751e-04, -3.9237e-04,  6.1630e-04, -4.3939e-04, -8.2334e-04,
        -7.5258e-04,  6.8833e-04, -7.9545e-04, -5.3242e-04, -4.4528e-04,
        -6.6708e-04,  1.5549e-04, -7.0538e-04, -9.3602e-04,  2.4875e-04,
        -6.3417e-04, -9.1475e-04, -3.9815e-04,  1.0515e-03,  3.4474e-04,
        -1.0637e-03, -9.5604e-04,  8.4331e-04,  3.7565e-04, -3.6047e-04,
        -2.6046e-04,  1.2037e-03,  6.2023e-04, -8.4872e-04, -3.0194e-04,
         8.8484e-04,  3.2280e-04, -1.1108e-03,  1.3173e-04,  1.0788e-03,
        -1.4205e-04, -9.1326e-04,  6.3485e-05,  1.9678e-04,  4.9564e-04,
         1.0828e-03,  1.0225e-03, -1.9497e-04, -8.2923e-04,  5.9585e-04,
         2.6077e-04, -7.9326e-04, -6.7072e-04, -5.1100e-04,  5.8968e-05,
        -1.1925e-03, -1.1168e-04, -7.5500e-06, -7.8574e-05, -8.6508e-04,
        -6.0210e-05,  2.0855e-04, -7.2141e-04, -1.2133e-03, -1.1947e-03,
        -5.3447e-04,  6.7958e-04, -1.1103e-03,  2.4282e-04, -5.2805e-04,
        -7.6267e-04, -2.4492e-04,  4.9109e-04,  7.9227e-06,  1.0560e-03,
         5.8445e-04, -6.9866e-04,  5.0851e-04, -2.2273e-04, -8.4724e-04,
         9.0646e-04,  8.9064e-04, -2.7415e-04, -5.5746e-04, -4.8561e-04,
         7.8051e-04,  7.9247e-04, -8.9481e-04, -4.4105e-04,  5.7033e-04,
         7.8255e-04, -7.5904e-05, -1.2074e-03, -4.6417e-04, -4.7445e-04,
        -5.4467e-04,  7.3653e-04, -8.8741e-04,  7.3124e-04,  2.7690e-04,
         6.3933e-04,  1.1011e-04, -9.0293e-04,  1.1573e-03,  8.3487e-04,
         9.1882e-04, -2.9676e-04, -5.0297e-04, -1.0098e-03, -1.0862e-03,
        -6.8631e-06, -9.3811e-04, -7.6297e-04,  1.0943e-03,  2.7141e-04,
         7.9188e-04,  4.1957e-04,  6.4340e-04,  9.9529e-05,  9.5259e-08,
         9.7790e-04,  6.6227e-04, -1.0738e-04,  7.5705e-04,  2.8041e-05,
         5.0413e-04, -5.2869e-05,  9.1895e-05,  1.0082e-03, -1.3189e-04,
         1.0086e-03, -8.7706e-04, -7.8096e-04,  1.9174e-06,  8.6710e-04,
         2.4758e-04, -1.7289e-04, -6.5446e-04,  5.5486e-04, -1.2959e-04,
         4.0026e-04, -3.4012e-04, -9.5829e-04, -5.2522e-04, -7.7480e-05,
         1.1041e-03, -8.0908e-04, -8.3991e-04,  2.7126e-04, -5.1493e-04,
        -1.2017e-03,  9.9800e-04, -1.0464e-03, -1.9869e-04,  9.4541e-04,
         8.8699e-05, -1.1226e-03, -1.9632e-05, -7.0983e-04,  1.0432e-03,
        -4.6900e-04,  2.6487e-04, -8.0107e-04,  9.5087e-04,  5.0416e-04,
        -6.6924e-05,  9.0915e-04,  1.1469e-03,  1.2101e-05, -5.8733e-04,
         1.8357e-04, -4.8968e-04, -4.5075e-05,  9.1900e-04,  4.9407e-04,
         8.3845e-04,  1.1839e-03,  4.4893e-04, -6.0732e-04,  1.0925e-03,
        -2.7038e-04, -1.1656e-04,  1.1397e-03, -2.1713e-04,  3.5046e-04,
        -4.7838e-04,  1.0530e-03, -4.5545e-04,  5.7432e-04, -3.8238e-04,
         5.1140e-04, -6.6945e-04, -1.1638e-03, -6.7287e-04, -1.0325e-03,
         1.4055e-04,  7.5922e-04, -5.4028e-04, -9.6271e-04, -2.8810e-04,
        -5.6734e-04,  1.0725e-03, -2.2590e-04, -6.8140e-04,  4.9479e-04,
        -6.7030e-04,  3.6753e-04,  8.0196e-04,  9.5053e-04,  7.7652e-04,
        -3.4327e-04,  1.4321e-04,  1.1903e-03,  5.2720e-04, -8.2606e-04,
        -9.8115e-04,  6.7520e-04, -5.7463e-05,  7.6409e-04,  5.5011e-04,
         1.1303e-03, -3.8516e-04,  3.9087e-04,  5.5194e-04,  8.0968e-04,
         7.7831e-04], device='cuda:0', requires_grad=True), Parameter containing:
tensor([[-9.5621e-03, -2.5390e-02, -5.5688e-02,  ..., -3.2471e-02,
          4.1400e-02, -5.0631e-02],
        [-1.7212e-02,  2.0370e-05,  3.7891e-02,  ...,  2.4249e-02,
         -5.6911e-02, -3.2748e-02],
        [ 3.9688e-02, -5.4851e-03, -4.8776e-02,  ..., -6.0850e-02,
          2.9992e-02, -1.8320e-03],
        ...,
        [ 1.6081e-02, -9.1510e-03,  5.0021e-02,  ..., -3.0682e-02,
          4.8265e-02, -3.1669e-02],
        [-2.4809e-02, -4.2269e-02,  4.7799e-02,  ..., -4.3738e-02,
         -3.3221e-02, -4.4540e-02],
        [ 2.7613e-02, -2.3710e-02,  6.0237e-02,  ...,  5.7703e-03,
         -2.6106e-02, -2.5706e-02]], device='cuda:0', requires_grad=True), Parameter containing:
tensor([ 0.0249, -0.0349, -0.0616, -0.0481,  0.0274,  0.0303,  0.0344, -0.0581,
        -0.0565, -0.0463, -0.0595,  0.0062, -0.0437, -0.0333,  0.0535,  0.0143,
         0.0239, -0.0408,  0.0554, -0.0105,  0.0409,  0.0517, -0.0471,  0.0315,
         0.0601, -0.0617, -0.0200,  0.0548,  0.0095, -0.0553,  0.0587, -0.0572,
         0.0146,  0.0077, -0.0254,  0.0280,  0.0183, -0.0507,  0.0267, -0.0583,
        -0.0293, -0.0560, -0.0347,  0.0359,  0.0343, -0.0547,  0.0547, -0.0168,
        -0.0523,  0.0072,  0.0229, -0.0437, -0.0051,  0.0050, -0.0304, -0.0222,
        -0.0578, -0.0103, -0.0203, -0.0397,  0.0224,  0.0262,  0.0183, -0.0331,
        -0.0532,  0.0474, -0.0402, -0.0579,  0.0222, -0.0349, -0.0159, -0.0590,
        -0.0503,  0.0173, -0.0226,  0.0278,  0.0137, -0.0442,  0.0296,  0.0015,
         0.0491,  0.0178,  0.0294,  0.0590, -0.0175, -0.0172,  0.0085, -0.0481,
         0.0526,  0.0538,  0.0109, -0.0123, -0.0212,  0.0472, -0.0139,  0.0353,
         0.0248, -0.0024, -0.0223,  0.0048,  0.0220,  0.0590,  0.0107,  0.0069,
        -0.0253,  0.0455, -0.0381,  0.0361, -0.0252,  0.0147, -0.0375,  0.0277,
        -0.0026,  0.0014, -0.0420,  0.0236,  0.0617,  0.0381,  0.0361, -0.0257,
        -0.0527, -0.0549, -0.0054, -0.0279, -0.0502, -0.0262,  0.0229,  0.0587],
       device='cuda:0', requires_grad=True), Parameter containing:
tensor([[ 0.0526,  0.0454, -0.0088,  ..., -0.0281,  0.0335, -0.0404],
        [ 0.0727, -0.0666,  0.0402,  ..., -0.0535,  0.0411,  0.0666],
        [ 0.0181,  0.0275, -0.0311,  ...,  0.0577, -0.0124,  0.0512],
        ...,
        [ 0.0200, -0.0357,  0.0298,  ..., -0.0835, -0.0459,  0.0550],
        [ 0.0589, -0.0507, -0.0482,  ..., -0.0318, -0.0150, -0.0671],
        [ 0.0181,  0.0147,  0.0267,  ...,  0.0530, -0.0052,  0.0573]],
       device='cuda:0', requires_grad=True), Parameter containing:
tensor([-0.0089,  0.0147, -0.0157, -0.0218, -0.0779,  0.0471,  0.0310, -0.0853,
         0.0523,  0.0652, -0.0453, -0.0491, -0.0137,  0.0609, -0.0769, -0.0068,
         0.0742, -0.0189,  0.0053,  0.0609,  0.0134,  0.0506, -0.0514, -0.0314,
        -0.0438, -0.0014,  0.0224, -0.0163,  0.0594,  0.0746, -0.0640, -0.0762,
        -0.0820,  0.0132,  0.0053, -0.0181,  0.0287, -0.0281, -0.0421,  0.0752,
         0.0248,  0.0211, -0.0449,  0.0601, -0.0760, -0.0721,  0.0679, -0.0766,
        -0.0361,  0.0804,  0.0535, -0.0595,  0.0521,  0.0253, -0.0352,  0.0843,
         0.0247,  0.0752, -0.0619, -0.0875,  0.0045, -0.0248, -0.0651,  0.0605],
       device='cuda:0', requires_grad=True), Parameter containing:
tensor([[-0.0572,  0.0643, -0.0125,  ..., -0.0450,  0.0927, -0.0510],
        [ 0.0765, -0.0448,  0.1194,  ..., -0.0691,  0.1221,  0.0280],
        [ 0.1003,  0.0868, -0.0168,  ...,  0.0395, -0.1242,  0.0949],
        ...,
        [ 0.0138, -0.0989,  0.0504,  ..., -0.0776,  0.1070,  0.1129],
        [ 0.1073, -0.1243,  0.0358,  ...,  0.1183, -0.0595,  0.0407],
        [-0.0278, -0.1196,  0.0102,  ..., -0.0482, -0.0928, -0.0177]],
       device='cuda:0', requires_grad=True), Parameter containing:
tensor([-0.1002,  0.0947,  0.1079,  ...,  0.0105,  0.0609,  0.0045],
       device='cuda:0', requires_grad=True)], 'lr': 0.0001, 'betas': (0.9, 0.999), 'eps': 1e-08, 'weight_decay': 5e-05, 'amsgrad': False}]
epoch: 0 batch 0.0 event: 0 loss: tensor(184.3711, device='cuda:0', grad_fn=<DivBackward0>)
epoch: 0 batch 10.0 event: 300 loss: tensor(2009.6846, device='cuda:0', grad_fn=<DivBackward0>)
epoch: 0 batch 20.0 event: 600 loss: tensor(1978.3754, device='cuda:0', grad_fn=<DivBackward0>)
epoch: 0 batch 30.0 event: 900 loss: tensor(2093.0964, device='cuda:0', grad_fn=<DivBackward0>)
epoch: 0 batch 40.0 event: 1200 loss: tensor(2013.8046, device='cuda:0', grad_fn=<DivBackward0>)
epoch: 0 batch 50.0 event: 1500 loss: tensor(1629.6447, device='cuda:0', grad_fn=<DivBackward0>)
epoch: 0 batch 70.0 event: 2100 loss: tensor(3615.8027, device='cuda:0', grad_fn=<DivBackward0>)
epoch: 0 batch 80.0 event: 2400 loss: tensor(1750.1223, device='cuda:0', grad_fn=<DivBackward0>)
epoch: 0 batch 90.0 event: 2700 loss: tensor(1658.8080, device='cuda:0', grad_fn=<DivBackward0>)
epoch: 0 batch 100.0 event: 3000 loss: tensor(1799.1321, device='cuda:0', grad_fn=<DivBackward0>)
epoch: 0 batch 110.0 event: 3300 loss: tensor(2059.9753, device='cuda:0', grad_fn=<DivBackward0>)
epoch: 0 batch 120.0 event: 3600 loss: tensor(1722.0322, device='cuda:0', grad_fn=<DivBackward0>)
epoch: 0 batch 130.0 event: 3900 loss: tensor(1550.1353, device='cuda:0', grad_fn=<DivBackward0>)
epoch: 0 batch 140.0 event: 4200 loss: tensor(1983.9436, device='cuda:0', grad_fn=<DivBackward0>)
epoch: 0 batch 150.0 event: 4500 loss: tensor(2021.3573, device='cuda:0', grad_fn=<DivBackward0>)
epoch: 0 batch 160.0 event: 4800 loss: tensor(1974.0094, device='cuda:0', grad_fn=<DivBackward0>)
epoch: 0 batch 170.0 event: 5100 loss: tensor(2005.9583, device='cuda:0', grad_fn=<DivBackward0>)
epoch: 0 batch 180.0 event: 5400 loss: tensor(1879.5059, device='cuda:0', grad_fn=<DivBackward0>)
epoch: 0 batch 190.0 event: 5700 loss: tensor(2027.9709, device='cuda:0', grad_fn=<DivBackward0>)
epoch: 0 batch 200.0 event: 6000 loss: tensor(1695.8928, device='cuda:0', grad_fn=<DivBackward0>)
epoch: 0 batch 210.0 event: 6300 loss: tensor(1944.2284, device='cuda:0', grad_fn=<DivBackward0>)
epoch: 0 batch 220.0 event: 6600 loss: tensor(1857.3114, device='cuda:0', grad_fn=<DivBackward0>)
epoch: 0 batch 240.0 event: 7200 loss: tensor(3731.9333, device='cuda:0', grad_fn=<DivBackward0>)
epoch: 0 batch 250.0 event: 7500 loss: tensor(2076.9087, device='cuda:0', grad_fn=<DivBackward0>)
epoch: 0 batch 260.0 event: 7800 loss: tensor(1788.5479, device='cuda:0', grad_fn=<DivBackward0>)
epoch: 0 batch 270.0 event: 8100 loss: tensor(1986.4369, device='cuda:0', grad_fn=<DivBackward0>)
epoch: 0 batch 280.0 event: 8400 loss: tensor(1631.2880, device='cuda:0', grad_fn=<DivBackward0>)
epoch: 0 batch 290.0 event: 8700 loss: tensor(1943.1799, device='cuda:0', grad_fn=<DivBackward0>)
epoch: 0 batch 300.0 event: 9000 loss: tensor(1843.2971, device='cuda:0', grad_fn=<DivBackward0>)
epoch: 0 batch 310.0 event: 9300 loss: tensor(1980.8519, device='cuda:0', grad_fn=<DivBackward0>)
epoch: 0 batch 320.0 event: 9600 loss: tensor(1932.1334, device='cuda:0', grad_fn=<DivBackward0>)
epoch: 0 batch 330.0 event: 9900 loss: tensor(1840.3502, device='cuda:0', grad_fn=<DivBackward0>)
epoch: 0 batch 340.0 event: 10200 loss: tensor(1782.5413, device='cuda:0', grad_fn=<DivBackward0>)
epoch: 0 batch 350.0 event: 10500 loss: tensor(1627.2460, device='cuda:0', grad_fn=<DivBackward0>)
epoch: 0 batch 360.0 event: 10800 loss: tensor(2009.3051, device='cuda:0', grad_fn=<DivBackward0>)
epoch: 0 batch 370.0 event: 11100 loss: tensor(1939.3092, device='cuda:0', grad_fn=<DivBackward0>)
epoch: 0 batch 380.0 event: 11400 loss: tensor(1952.2893, device='cuda:0', grad_fn=<DivBackward0>)
epoch: 0 batch 390.0 event: 11700 loss: tensor(1979.3516, device='cuda:0', grad_fn=<DivBackward0>)
epoch: 0 batch 400.0 event: 12000 loss: tensor(1973.8461, device='cuda:0', grad_fn=<DivBackward0>)
epoch: 0 batch 410.0 event: 12300 loss: tensor(2057.7954, device='cuda:0', grad_fn=<DivBackward0>)
epoch: 0 batch 420.0 event: 12600 loss: tensor(1842.4547, device='cuda:0', grad_fn=<DivBackward0>)
epoch: 0 batch 430.0 event: 12900 loss: tensor(1952.8734, device='cuda:0', grad_fn=<DivBackward0>)
epoch: 0 batch 440.0 event: 13200 loss: tensor(1988.9691, device='cuda:0', grad_fn=<DivBackward0>)
epoch: 0 batch 450.0 event: 13500 loss: tensor(2032.2432, device='cuda:0', grad_fn=<DivBackward0>)
epoch: 0 batch 460.0 event: 13800 loss: tensor(2065.3059, device='cuda:0', grad_fn=<DivBackward0>)
epoch: 0 batch 470.0 event: 14100 loss: tensor(1836.6116, device='cuda:0', grad_fn=<DivBackward0>)
epoch: 0 batch 480.0 event: 14400 loss: tensor(1778.8219, device='cuda:0', grad_fn=<DivBackward0>)
epoch: 0 batch 490.0 event: 14700 loss: tensor(1774.5062, device='cuda:0', grad_fn=<DivBackward0>)
epoch: 0 batch 500.0 event: 15000 loss: tensor(1968.8633, device='cuda:0', grad_fn=<DivBackward0>)
epoch: 0 batch 510.0 event: 15300 loss: tensor(1945.7461, device='cuda:0', grad_fn=<DivBackward0>)
epoch: 0 batch 520.0 event: 15600 loss: tensor(1765.8890, device='cuda:0', grad_fn=<DivBackward0>)
epoch: 0 batch 530.0 event: 15900 loss: tensor(2042.4342, device='cuda:0', grad_fn=<DivBackward0>)
epoch: 0 batch 540.0 event: 16200 loss: tensor(1517.3993, device='cuda:0', grad_fn=<DivBackward0>)
epoch: 0 batch 550.0 event: 16500 loss: tensor(1969.6595, device='cuda:0', grad_fn=<DivBackward0>)
epoch: 0 batch 560.0 event: 16800 loss: tensor(1969.6237, device='cuda:0', grad_fn=<DivBackward0>)
epoch: 0 batch 570.0 event: 17100 loss: tensor(1967.1067, device='cuda:0', grad_fn=<DivBackward0>)
epoch: 0 batch 580.0 event: 17400 loss: tensor(1801.6885, device='cuda:0', grad_fn=<DivBackward0>)
epoch: 0 batch 590.0 event: 17700 loss: tensor(1943.1342, device='cuda:0', grad_fn=<DivBackward0>)
epoch: 0 batch 600.0 event: 18000 loss: tensor(2015.9510, device='cuda:0', grad_fn=<DivBackward0>)
epoch: 0 batch 610.0 event: 18300 loss: tensor(1978.8379, device='cuda:0', grad_fn=<DivBackward0>)
epoch: 0 batch 620.0 event: 18600 loss: tensor(1958.2684, device='cuda:0', grad_fn=<DivBackward0>)
epoch: 0 batch 630.0 event: 18900 loss: tensor(1778.6490, device='cuda:0', grad_fn=<DivBackward0>)
epoch: 0 batch 640.0 event: 19200 loss: tensor(1773.1176, device='cuda:0', grad_fn=<DivBackward0>)
epoch: 0 batch 650.0 event: 19500 loss: tensor(2007.8226, device='cuda:0', grad_fn=<DivBackward0>)
epoch: 0 batch 660.0 event: 19800 loss: tensor(1918.8164, device='cuda:0', grad_fn=<DivBackward0>)
time passed so far:
 0:00:20.291478
evaluation loss: 1772.2244873046875
epoch: 0 mean loss: 1896.85400390625
=> saveing checkpoint at epoch 0
checkpoint is saved at: /hpcfs/bes/mlgpu/hoseinkk/MLTracking/otherparticles/pppipi/pyt_pppipi_cnn_1
epoch: 1 batch 0.0 event: 0 loss: tensor(180.7230, device='cuda:0', grad_fn=<DivBackward0>)
Traceback (most recent call last):
  File "/hpcfs/bes/mlgpu/hoseinkk/MLTracking/otherparticles/pppipi/pyt_pppipi_cnn_1/./Training.py", line 95, in <module>
    datnon = (sitonsquare(truevaluebatch) > 0).to('cpu')  #torch.Tensor.cpu(TrvTen[i].reshape(6796)).numpy() > 0
  File "/hpcfs/bes/mlgpu/hoseinkk/MLTracking/otherparticles/pppipi/pyt_pppipi_cnn_1/DataLoad.py", line 44, in sitonsquare
    sqevent[i, j + 144] = event[(wiresum[i]) + j + w]
ValueError: only one element tensors can be converted to Python scalars

real	0m52.772s
user	0m47.522s
sys	0m24.364s
