0: gpu016.ihep.ac.cn
GPU 0: Tesla V100-SXM2-32GB (UUID: GPU-adc0bb57-5f8a-ba9d-04e2-dbaa9f7c20f1)
Allocate GPU cards : 0

modinfo:
filename:       /lib/modules/3.10.0-1160.71.1.el7.x86_64/extra/nvidia.ko.xz
firmware:       nvidia/515.65.01/gsp.bin
alias:          char-major-195-*
version:        515.65.01
supported:      external
license:        NVIDIA
retpoline:      Y
rhelversion:    7.9
srcversion:     8049D44E2C1B08F41E1B8A6
alias:          pci:v000010DEd*sv*sd*bc06sc80i00*
alias:          pci:v000010DEd*sv*sd*bc03sc02i00*
alias:          pci:v000010DEd*sv*sd*bc03sc00i00*
depends:        drm
vermagic:       3.10.0-1160.71.1.el7.x86_64 SMP mod_unload modversions 
signer:         DKMS module signing key
sig_key:        A2:17:1D:79:E5:47:38:13:77:F2:EE:66:EA:5D:DB:A0:A1:CA:F4:E7
sig_hashalgo:   sha512
parm:           NvSwitchRegDwords:NvSwitch regkey (charp)
parm:           NvSwitchBlacklist:NvSwitchBlacklist=uuid[,uuid...] (charp)
parm:           NVreg_ResmanDebugLevel:int
parm:           NVreg_RmLogonRC:int
parm:           NVreg_ModifyDeviceFiles:int
parm:           NVreg_DeviceFileUID:int
parm:           NVreg_DeviceFileGID:int
parm:           NVreg_DeviceFileMode:int
parm:           NVreg_InitializeSystemMemoryAllocations:int
parm:           NVreg_UsePageAttributeTable:int
parm:           NVreg_EnablePCIeGen3:int
parm:           NVreg_EnableMSI:int
parm:           NVreg_TCEBypassMode:int
parm:           NVreg_EnableStreamMemOPs:int
parm:           NVreg_RestrictProfilingToAdminUsers:int
parm:           NVreg_PreserveVideoMemoryAllocations:int
parm:           NVreg_EnableS0ixPowerManagement:int
parm:           NVreg_S0ixPowerManagementVideoMemoryThreshold:int
parm:           NVreg_DynamicPowerManagement:int
parm:           NVreg_DynamicPowerManagementVideoMemoryThreshold:int
parm:           NVreg_EnableGpuFirmware:int
parm:           NVreg_EnableGpuFirmwareLogs:int
parm:           NVreg_OpenRmEnableUnsupportedGpus:int
parm:           NVreg_EnableUserNUMAManagement:int
parm:           NVreg_MemoryPoolSize:int
parm:           NVreg_KMallocHeapMaxSize:int
parm:           NVreg_VMallocHeapMaxSize:int
parm:           NVreg_IgnoreMMIOCheck:int
parm:           NVreg_NvLinkDisable:int
parm:           NVreg_EnablePCIERelaxedOrderingMode:int
parm:           NVreg_RegisterPCIDriver:int
parm:           NVreg_EnableDbgBreakpoint:int
parm:           NVreg_RegistryDwords:charp
parm:           NVreg_RegistryDwordsPerDevice:charp
parm:           NVreg_RmMsg:charp
parm:           NVreg_GpuBlacklist:charp
parm:           NVreg_TemporaryFilePath:charp
parm:           NVreg_ExcludedGpus:charp
parm:           NVreg_DmaRemapPeerMmio:int
parm:           rm_firmware_active:charp

nvidia-smi:
Mon Aug 29 17:32:07 2022       
+-----------------------------------------------------------------------------+
| NVIDIA-SMI 515.65.01    Driver Version: 515.65.01    CUDA Version: 11.7     |
|-------------------------------+----------------------+----------------------+
| GPU  Name        Persistence-M| Bus-Id        Disp.A | Volatile Uncorr. ECC |
| Fan  Temp  Perf  Pwr:Usage/Cap|         Memory-Usage | GPU-Util  Compute M. |
|                               |                      |               MIG M. |
|===============================+======================+======================|
|   0  Tesla V100-SXM2...  On   | 00000000:1D:00.0 Off |                    0 |
| N/A   30C    P0    42W / 300W |      0MiB / 32768MiB |      0%      Default |
|                               |                      |                  N/A |
+-------------------------------+----------------------+----------------------+
                                                                               
+-----------------------------------------------------------------------------+
| Processes:                                                                  |
|  GPU   GI   CI        PID   Type   Process name                  GPU Memory |
|        ID   ID                                                   Usage      |
|=============================================================================|
|  No running processes found                                                 |
+-----------------------------------------------------------------------------+

nvcc --version:
nvcc: NVIDIA (R) Cuda compiler driver
Copyright (c) 2005-2021 NVIDIA Corporation
Built on Sun_Mar_21_19:15:46_PDT_2021
Cuda compilation tools, release 11.3, V11.3.58
Build cuda_11.3.r11.3/compiler.29745058_0

 torch version: 1.10.2

 cuda version: 11.3

 is cuda available: True

 CUDNN VERSION: 8200

 Number CUDA Devices: 1

 CUDA Device Name: Tesla V100-SXM2-32GB

 CUDA Device Total Memory [GB]: 34.089926656

 Device capability: (7, 0) 

 Cuda deviice: <torch.cuda.device object at 0x2ba731f458e0> 

 Is cuda initialized: True

 CUDA_HOME: /hpcfs/bes/mlgpu/hoseinkk/Miniconda3/envs/dgl1

real	0m4.661s
user	0m2.643s
sys	0m0.806s
/hpcfs/bes/mlgpu/hoseinkk/Miniconda3/envs/dgl1/lib/python3.9/site-packages/cupy/_environment.py:438: UserWarning: 
--------------------------------------------------------------------------------

  CuPy may not function correctly because multiple CuPy packages are installed
  in your environment:

    cupy, cupy-cuda110

  Follow these steps to resolve this issue:

    1. For all packages listed above, run the following command to remove all
       existing CuPy installations:

         $ pip uninstall <package_name>

      If you previously installed CuPy via conda, also run the following:

         $ conda uninstall cupy

    2. Install the appropriate CuPy package.
       Refer to the Installation Guide for detailed instructions.

         https://docs.cupy.dev/en/stable/install.html

--------------------------------------------------------------------------------

  warnings.warn(f'''
/hpcfs/bes/mlgpu/hoseinkk/Miniconda3/envs/dgl1/lib/python3.9/site-packages/torch/nn/functional.py:1806: UserWarning: nn.functional.sigmoid is deprecated. Use torch.sigmoid instead.
  warnings.warn("nn.functional.sigmoid is deprecated. Use torch.sigmoid instead.")





 Loading data ... 



training set shape (20000, 43, 288) 
sum 5279207

target set shape (20000, 6796) 
sum 4575851




 The Network ... 


Net(
  (conv1): Conv2d(1, 256, kernel_size=(3, 3), stride=(1, 1))
  (conv2): Conv2d(256, 128, kernel_size=(3, 3), stride=(1, 1))
  (conv3): Conv2d(128, 64, kernel_size=(3, 3), stride=(1, 1))
  (fc1): Linear(in_features=667776, out_features=256, bias=True)
  (fc2): Linear(in_features=256, out_features=128, bias=True)
  (fc3): Linear(in_features=128, out_features=64, bias=True)
  (fc4): Linear(in_features=64, out_features=6796, bias=True)
)

number of the free parameters: 171805196
parameters of the network conv1.weight 
 torch.Size([256, 1, 3, 3]) 
 True 
 tensor([[[[-0.0200, -0.2468,  0.1126],
          [ 0.1859, -0.3277, -0.3140],
          [ 0.3146, -0.0471,  0.0489]]],


        [[[ 0.1234,  0.2758, -0.0128],
          [ 0.0890,  0.2915, -0.1154],
          [-0.0475,  0.3298, -0.0802]]],


        [[[ 0.0373, -0.1459, -0.2316],
          [-0.2083,  0.2239,  0.1492],
          [-0.2472,  0.3056,  0.1800]]],


        ...,


        [[[ 0.3159,  0.2142, -0.2737],
          [-0.1492,  0.2458, -0.2924],
          [ 0.0137,  0.1519,  0.1979]]],


        [[[-0.0950,  0.0911,  0.3308],
          [-0.2179, -0.3140,  0.1710],
          [ 0.0859, -0.2177, -0.0906]]],


        [[[ 0.1761,  0.0018, -0.0936],
          [ 0.1075, -0.0605, -0.2933],
          [ 0.2275,  0.2304,  0.2371]]]], device='cuda:0') 
 Parameter containing:
tensor([[[[-0.0200, -0.2468,  0.1126],
          [ 0.1859, -0.3277, -0.3140],
          [ 0.3146, -0.0471,  0.0489]]],


        [[[ 0.1234,  0.2758, -0.0128],
          [ 0.0890,  0.2915, -0.1154],
          [-0.0475,  0.3298, -0.0802]]],


        [[[ 0.0373, -0.1459, -0.2316],
          [-0.2083,  0.2239,  0.1492],
          [-0.2472,  0.3056,  0.1800]]],


        ...,


        [[[ 0.3159,  0.2142, -0.2737],
          [-0.1492,  0.2458, -0.2924],
          [ 0.0137,  0.1519,  0.1979]]],


        [[[-0.0950,  0.0911,  0.3308],
          [-0.2179, -0.3140,  0.1710],
          [ 0.0859, -0.2177, -0.0906]]],


        [[[ 0.1761,  0.0018, -0.0936],
          [ 0.1075, -0.0605, -0.2933],
          [ 0.2275,  0.2304,  0.2371]]]], device='cuda:0', requires_grad=True)
parameters of the network conv1.bias 
 torch.Size([256]) 
 True 
 tensor([-2.9841e-01, -2.7527e-01, -3.9652e-02, -2.8072e-01,  3.0195e-01,
         9.4768e-02,  2.9598e-01,  1.2030e-01, -1.5220e-01,  2.6363e-02,
        -1.3781e-01, -2.9496e-02,  2.3402e-01, -2.0290e-01,  1.1052e-02,
         1.1237e-01, -5.1312e-02,  2.8346e-01, -2.5959e-01,  2.6501e-01,
         4.0591e-02,  7.9459e-02, -1.7875e-01,  1.7545e-01, -8.3391e-02,
        -2.6519e-02, -3.0127e-01,  3.8799e-02, -1.5485e-01, -5.8620e-02,
         5.0156e-02,  3.0393e-01,  1.1574e-01, -2.1141e-01,  1.3108e-01,
        -2.8359e-02,  2.7371e-01,  7.0265e-03,  1.6577e-01,  2.5174e-01,
         2.6924e-01,  2.8295e-01,  2.7868e-01,  1.1985e-01,  1.8246e-01,
        -3.0900e-01,  2.9895e-01, -1.0462e-01, -2.7250e-01, -1.7280e-01,
        -9.3641e-02, -1.2406e-01, -1.5556e-01, -3.0451e-01, -1.4207e-01,
        -1.1710e-01, -9.0847e-02,  1.1072e-01, -6.2184e-02, -7.4863e-02,
         1.1559e-01, -3.0805e-01, -1.2008e-04,  3.0137e-01, -3.2450e-01,
        -2.2235e-01,  1.7852e-01,  2.6623e-02, -1.2456e-02, -1.1234e-01,
         3.0345e-01, -2.7201e-01,  5.8759e-02, -2.1222e-01, -5.6611e-02,
        -2.1364e-01,  1.5244e-01, -2.7101e-01, -3.1742e-01, -1.0256e-01,
         7.6079e-03, -1.7786e-01, -2.1251e-01, -3.5107e-02,  1.8339e-01,
         3.1424e-01, -1.8691e-02, -1.4555e-01,  2.7644e-01, -1.3730e-01,
        -1.9520e-01, -1.5761e-01,  7.4219e-02, -2.2156e-02, -2.7559e-01,
         2.0678e-01, -3.8454e-02,  1.0028e-01,  4.1892e-02,  1.1358e-01,
         2.1735e-01,  6.4234e-02,  1.5422e-01,  6.8262e-02, -6.7054e-02,
         3.7914e-02, -2.3378e-01, -4.9423e-02, -7.8209e-02,  1.3248e-01,
        -3.2153e-01, -1.0844e-01,  2.3155e-01, -2.5768e-02, -1.9239e-01,
         1.7979e-01, -2.7536e-01, -2.4345e-02,  1.7889e-02,  1.3197e-01,
        -2.2730e-01,  1.8222e-01, -1.0928e-01, -2.3361e-01,  5.4836e-02,
        -1.9287e-01, -3.3628e-03, -3.1012e-01,  2.7184e-01,  1.0332e-01,
        -7.6131e-04,  2.8988e-01,  7.2756e-03, -2.8485e-01,  2.7881e-01,
        -1.5261e-01, -1.7292e-01,  2.5982e-01, -3.5064e-02,  1.7245e-01,
        -2.0082e-01, -7.6921e-02,  2.7489e-01, -2.8216e-01, -2.0597e-01,
         3.1564e-02, -1.0979e-01, -2.3738e-01, -2.8302e-01,  3.1324e-01,
        -8.1119e-02, -2.0595e-01, -2.0616e-01,  7.9820e-02, -2.0711e-01,
         2.9990e-01, -5.4703e-02, -2.0969e-01, -2.7606e-01, -7.4589e-02,
        -2.4550e-01, -2.2211e-01, -1.2825e-01,  1.5818e-01, -2.5650e-01,
         2.7301e-01, -2.9337e-01,  2.6051e-01, -2.8149e-01,  2.9374e-01,
         1.9634e-01,  2.5392e-01, -8.2404e-02, -2.5830e-01, -1.1058e-01,
         1.2769e-01,  1.4747e-01,  1.1014e-01, -9.5442e-02,  2.1410e-01,
         1.9726e-01,  2.7999e-01, -3.2725e-01,  1.8415e-01, -2.5628e-01,
        -9.6800e-02, -1.6879e-02,  1.1102e-01,  1.0902e-01,  5.3609e-02,
         1.6825e-01,  2.0420e-03, -2.1024e-01, -4.9914e-02, -4.4023e-03,
        -7.0048e-02,  1.4697e-01,  1.5541e-02,  1.5682e-01,  1.6317e-01,
        -2.4067e-01, -3.1485e-01, -2.7283e-01, -2.3517e-01,  1.4275e-01,
        -1.8262e-02, -6.5101e-02,  1.2745e-01, -2.2813e-01,  3.1050e-01,
        -2.4461e-01,  2.8259e-01, -2.3449e-01,  2.7372e-02, -2.7375e-01,
        -2.8195e-01, -8.8047e-02, -3.2061e-01, -1.8727e-01, -3.7755e-02,
        -3.2318e-01,  2.4410e-02,  1.0557e-01,  7.0979e-02,  1.4165e-01,
         3.0418e-01, -2.6500e-02,  1.3584e-01,  2.8684e-01, -2.7133e-01,
        -2.4170e-01, -2.3169e-01,  2.1405e-01, -2.4761e-01,  2.6987e-01,
         5.7315e-02, -2.1555e-02, -2.0908e-01, -1.4874e-01, -6.5607e-02,
         2.9314e-03,  2.9592e-01,  1.2057e-01,  1.1671e-01, -1.6956e-02,
         2.9198e-01,  1.5363e-01,  2.0333e-01,  1.4495e-01, -2.7483e-01,
         2.5073e-01, -2.5949e-01,  6.9114e-02, -3.5542e-02, -7.5158e-02,
         6.8855e-02], device='cuda:0') 
 Parameter containing:
tensor([-2.9841e-01, -2.7527e-01, -3.9652e-02, -2.8072e-01,  3.0195e-01,
         9.4768e-02,  2.9598e-01,  1.2030e-01, -1.5220e-01,  2.6363e-02,
        -1.3781e-01, -2.9496e-02,  2.3402e-01, -2.0290e-01,  1.1052e-02,
         1.1237e-01, -5.1312e-02,  2.8346e-01, -2.5959e-01,  2.6501e-01,
         4.0591e-02,  7.9459e-02, -1.7875e-01,  1.7545e-01, -8.3391e-02,
        -2.6519e-02, -3.0127e-01,  3.8799e-02, -1.5485e-01, -5.8620e-02,
         5.0156e-02,  3.0393e-01,  1.1574e-01, -2.1141e-01,  1.3108e-01,
        -2.8359e-02,  2.7371e-01,  7.0265e-03,  1.6577e-01,  2.5174e-01,
         2.6924e-01,  2.8295e-01,  2.7868e-01,  1.1985e-01,  1.8246e-01,
        -3.0900e-01,  2.9895e-01, -1.0462e-01, -2.7250e-01, -1.7280e-01,
        -9.3641e-02, -1.2406e-01, -1.5556e-01, -3.0451e-01, -1.4207e-01,
        -1.1710e-01, -9.0847e-02,  1.1072e-01, -6.2184e-02, -7.4863e-02,
         1.1559e-01, -3.0805e-01, -1.2008e-04,  3.0137e-01, -3.2450e-01,
        -2.2235e-01,  1.7852e-01,  2.6623e-02, -1.2456e-02, -1.1234e-01,
         3.0345e-01, -2.7201e-01,  5.8759e-02, -2.1222e-01, -5.6611e-02,
        -2.1364e-01,  1.5244e-01, -2.7101e-01, -3.1742e-01, -1.0256e-01,
         7.6079e-03, -1.7786e-01, -2.1251e-01, -3.5107e-02,  1.8339e-01,
         3.1424e-01, -1.8691e-02, -1.4555e-01,  2.7644e-01, -1.3730e-01,
        -1.9520e-01, -1.5761e-01,  7.4219e-02, -2.2156e-02, -2.7559e-01,
         2.0678e-01, -3.8454e-02,  1.0028e-01,  4.1892e-02,  1.1358e-01,
         2.1735e-01,  6.4234e-02,  1.5422e-01,  6.8262e-02, -6.7054e-02,
         3.7914e-02, -2.3378e-01, -4.9423e-02, -7.8209e-02,  1.3248e-01,
        -3.2153e-01, -1.0844e-01,  2.3155e-01, -2.5768e-02, -1.9239e-01,
         1.7979e-01, -2.7536e-01, -2.4345e-02,  1.7889e-02,  1.3197e-01,
        -2.2730e-01,  1.8222e-01, -1.0928e-01, -2.3361e-01,  5.4836e-02,
        -1.9287e-01, -3.3628e-03, -3.1012e-01,  2.7184e-01,  1.0332e-01,
        -7.6131e-04,  2.8988e-01,  7.2756e-03, -2.8485e-01,  2.7881e-01,
        -1.5261e-01, -1.7292e-01,  2.5982e-01, -3.5064e-02,  1.7245e-01,
        -2.0082e-01, -7.6921e-02,  2.7489e-01, -2.8216e-01, -2.0597e-01,
         3.1564e-02, -1.0979e-01, -2.3738e-01, -2.8302e-01,  3.1324e-01,
        -8.1119e-02, -2.0595e-01, -2.0616e-01,  7.9820e-02, -2.0711e-01,
         2.9990e-01, -5.4703e-02, -2.0969e-01, -2.7606e-01, -7.4589e-02,
        -2.4550e-01, -2.2211e-01, -1.2825e-01,  1.5818e-01, -2.5650e-01,
         2.7301e-01, -2.9337e-01,  2.6051e-01, -2.8149e-01,  2.9374e-01,
         1.9634e-01,  2.5392e-01, -8.2404e-02, -2.5830e-01, -1.1058e-01,
         1.2769e-01,  1.4747e-01,  1.1014e-01, -9.5442e-02,  2.1410e-01,
         1.9726e-01,  2.7999e-01, -3.2725e-01,  1.8415e-01, -2.5628e-01,
        -9.6800e-02, -1.6879e-02,  1.1102e-01,  1.0902e-01,  5.3609e-02,
         1.6825e-01,  2.0420e-03, -2.1024e-01, -4.9914e-02, -4.4023e-03,
        -7.0048e-02,  1.4697e-01,  1.5541e-02,  1.5682e-01,  1.6317e-01,
        -2.4067e-01, -3.1485e-01, -2.7283e-01, -2.3517e-01,  1.4275e-01,
        -1.8262e-02, -6.5101e-02,  1.2745e-01, -2.2813e-01,  3.1050e-01,
        -2.4461e-01,  2.8259e-01, -2.3449e-01,  2.7372e-02, -2.7375e-01,
        -2.8195e-01, -8.8047e-02, -3.2061e-01, -1.8727e-01, -3.7755e-02,
        -3.2318e-01,  2.4410e-02,  1.0557e-01,  7.0979e-02,  1.4165e-01,
         3.0418e-01, -2.6500e-02,  1.3584e-01,  2.8684e-01, -2.7133e-01,
        -2.4170e-01, -2.3169e-01,  2.1405e-01, -2.4761e-01,  2.6987e-01,
         5.7315e-02, -2.1555e-02, -2.0908e-01, -1.4874e-01, -6.5607e-02,
         2.9314e-03,  2.9592e-01,  1.2057e-01,  1.1671e-01, -1.6956e-02,
         2.9198e-01,  1.5363e-01,  2.0333e-01,  1.4495e-01, -2.7483e-01,
         2.5073e-01, -2.5949e-01,  6.9114e-02, -3.5542e-02, -7.5158e-02,
         6.8855e-02], device='cuda:0', requires_grad=True)
parameters of the network conv2.weight 
 torch.Size([128, 256, 3, 3]) 
 True 
 tensor([[[[ 1.1383e-02, -1.7232e-02, -1.2971e-02],
          [ 1.1032e-02, -1.4336e-02, -1.7621e-02],
          [-4.7923e-03, -1.1881e-02,  6.1792e-03]],

         [[-2.0137e-02,  1.4352e-02,  5.8546e-03],
          [ 1.9114e-02,  1.3279e-02, -7.4159e-03],
          [-5.8010e-03, -7.3844e-03, -1.5438e-02]],

         [[-5.1062e-03,  6.3451e-03,  2.7455e-03],
          [ 1.1085e-02, -1.0043e-02,  1.3988e-02],
          [ 2.0082e-02,  1.7133e-02,  2.3719e-03]],

         ...,

         [[-2.0761e-02, -1.9447e-02, -1.1030e-02],
          [ 6.4119e-03, -6.8973e-03, -1.3039e-02],
          [ 9.4175e-03,  1.2470e-02,  1.6203e-02]],

         [[ 4.7260e-03, -2.7192e-03, -1.0101e-02],
          [ 3.0470e-03, -1.0187e-02, -2.2523e-03],
          [ 4.2365e-03, -2.0631e-02, -1.8710e-02]],

         [[ 1.6703e-02, -3.5773e-03, -1.3282e-02],
          [ 2.6406e-03,  6.1935e-03, -5.5810e-03],
          [-1.7600e-02, -1.4838e-03,  5.6465e-03]]],


        [[[ 1.3024e-02,  1.6207e-02,  1.6332e-03],
          [-2.7899e-03, -1.8345e-02, -1.6546e-02],
          [ 1.8313e-03,  1.2597e-02,  2.0009e-02]],

         [[ 1.9981e-02,  5.0347e-04, -1.2424e-02],
          [-1.8039e-02, -1.3675e-02,  1.5501e-03],
          [ 5.0969e-03, -2.0509e-02,  2.0642e-02]],

         [[-1.4653e-02,  9.6165e-03,  2.0485e-02],
          [ 1.3014e-03, -7.1971e-03,  4.5035e-03],
          [-1.5027e-02,  3.4631e-04,  1.2856e-03]],

         ...,

         [[ 1.4846e-02, -1.7382e-02,  1.4699e-02],
          [ 8.6776e-03, -3.5129e-04,  1.5151e-02],
          [ 7.6926e-03, -1.5891e-02,  4.7833e-03]],

         [[-2.0612e-02, -1.0442e-02,  1.5988e-02],
          [-7.6034e-03,  1.6009e-02,  2.0927e-04],
          [-1.1961e-02,  1.9232e-02,  1.3031e-02]],

         [[ 1.0956e-02, -8.7146e-04, -1.5049e-02],
          [ 8.2681e-03, -1.2448e-02, -2.5185e-03],
          [ 1.5676e-02, -1.4139e-02, -1.7178e-02]]],


        [[[-1.0855e-02, -1.9636e-02, -8.3149e-03],
          [ 1.6740e-02, -1.8877e-02, -1.1689e-02],
          [-7.7124e-04, -5.4402e-03, -1.8799e-02]],

         [[-8.1077e-03, -1.5651e-02, -1.3262e-03],
          [-1.0210e-03, -3.9506e-03, -2.3503e-04],
          [-1.8639e-02,  1.8018e-02, -1.2942e-02]],

         [[ 2.0065e-02,  1.8383e-02,  2.4039e-03],
          [ 6.8185e-05, -1.8227e-02,  3.6439e-03],
          [ 8.3374e-03, -7.8911e-03,  9.5881e-04]],

         ...,

         [[-1.4890e-02, -1.5332e-02,  1.6863e-02],
          [-1.1393e-02,  1.3277e-03, -1.0353e-02],
          [-1.2944e-02,  1.9256e-02, -1.1440e-03]],

         [[-2.3963e-03,  1.3816e-02,  4.1211e-03],
          [ 1.1152e-04,  7.2070e-03, -1.1900e-03],
          [-1.5693e-02,  1.6307e-02, -7.9955e-03]],

         [[-1.0174e-02, -2.8063e-03, -2.0758e-02],
          [ 8.2359e-03, -1.1248e-02,  9.7026e-04],
          [ 9.1352e-03, -1.7818e-02, -9.5900e-03]]],


        ...,


        [[[ 1.8786e-02,  8.8601e-03, -1.7142e-03],
          [ 6.0586e-04, -5.6735e-03,  5.7377e-03],
          [ 1.4395e-02, -9.8233e-03,  2.0064e-02]],

         [[-2.0615e-02, -1.8564e-02, -4.0945e-03],
          [ 6.3044e-03,  6.9807e-03,  1.2435e-02],
          [-6.5717e-03,  4.7315e-03,  9.4241e-03]],

         [[ 1.6848e-03,  2.6996e-03,  2.6992e-03],
          [-8.4066e-03, -4.1220e-03, -1.8853e-02],
          [-9.9112e-03, -1.1637e-02, -1.8223e-02]],

         ...,

         [[-1.3803e-02, -1.1983e-02,  4.5156e-04],
          [-1.1066e-02,  2.0700e-02,  3.9966e-03],
          [ 9.1641e-03,  4.5477e-03, -1.0431e-02]],

         [[ 1.8595e-02,  2.3999e-03, -1.5096e-02],
          [ 5.6908e-03,  1.2238e-02,  1.2131e-02],
          [-1.5441e-02,  1.5410e-02,  3.7465e-03]],

         [[ 8.5151e-03,  9.6611e-03, -1.1166e-03],
          [ 5.4894e-03, -3.4710e-03, -3.3274e-03],
          [ 2.0787e-02, -5.4450e-03,  6.9509e-03]]],


        [[[-7.5537e-03,  1.0801e-02, -1.8132e-02],
          [-1.1811e-02,  2.6600e-03,  3.0522e-03],
          [-1.6680e-02,  6.0917e-03, -4.7362e-03]],

         [[ 1.0734e-02, -1.8143e-02, -1.3074e-02],
          [ 1.6497e-02,  3.5878e-03,  1.9884e-02],
          [ 2.2141e-03,  1.5180e-02,  9.0298e-03]],

         [[ 5.9638e-03,  7.1332e-03,  1.1897e-02],
          [ 1.7650e-03, -8.0511e-03, -1.7099e-02],
          [-9.8432e-03,  6.1844e-03, -1.9335e-02]],

         ...,

         [[-1.8005e-02,  2.3693e-03,  1.0386e-02],
          [-3.6879e-04,  1.2029e-02, -1.1156e-02],
          [ 4.1866e-03,  5.4743e-04,  1.3379e-02]],

         [[-1.2570e-02, -9.7364e-03,  1.5536e-02],
          [-1.2084e-02, -1.4922e-03, -7.9821e-03],
          [-8.2002e-03, -4.7518e-03, -1.1378e-02]],

         [[-1.1353e-02,  1.2959e-02, -1.6380e-02],
          [-1.1272e-03,  1.4185e-02,  1.0466e-03],
          [ 1.2719e-02, -8.3767e-03, -3.0238e-03]]],


        [[[ 1.1693e-03, -9.4822e-03, -1.1223e-04],
          [-1.7876e-02,  3.6657e-03, -1.8612e-02],
          [-9.2996e-03,  7.5699e-03,  1.8540e-02]],

         [[ 1.2259e-02,  1.4838e-02,  3.0011e-03],
          [-1.7295e-02, -2.1887e-03,  1.9280e-02],
          [ 5.7492e-03,  1.6393e-02,  1.1014e-02]],

         [[-1.0730e-02, -4.3639e-03, -3.7854e-03],
          [ 1.1140e-03, -1.7463e-02,  1.2813e-02],
          [ 3.5757e-03,  1.1146e-02, -8.7188e-03]],

         ...,

         [[ 1.1845e-02, -1.5379e-02,  1.7955e-02],
          [-4.5792e-03, -1.9931e-02,  3.5740e-03],
          [-1.0012e-02,  6.7363e-03, -1.6453e-02]],

         [[-1.5092e-02, -4.9143e-03,  1.4772e-02],
          [ 1.2644e-02,  1.0677e-02, -1.2201e-03],
          [ 8.5920e-03, -2.8549e-03, -8.2266e-03]],

         [[-8.7974e-03,  1.9959e-02,  4.2794e-03],
          [-8.3488e-03,  1.9317e-02,  1.1525e-02],
          [-1.3589e-02,  1.3280e-02,  4.5707e-04]]]], device='cuda:0') 
 Parameter containing:
tensor([[[[ 1.1383e-02, -1.7232e-02, -1.2971e-02],
          [ 1.1032e-02, -1.4336e-02, -1.7621e-02],
          [-4.7923e-03, -1.1881e-02,  6.1792e-03]],

         [[-2.0137e-02,  1.4352e-02,  5.8546e-03],
          [ 1.9114e-02,  1.3279e-02, -7.4159e-03],
          [-5.8010e-03, -7.3844e-03, -1.5438e-02]],

         [[-5.1062e-03,  6.3451e-03,  2.7455e-03],
          [ 1.1085e-02, -1.0043e-02,  1.3988e-02],
          [ 2.0082e-02,  1.7133e-02,  2.3719e-03]],

         ...,

         [[-2.0761e-02, -1.9447e-02, -1.1030e-02],
          [ 6.4119e-03, -6.8973e-03, -1.3039e-02],
          [ 9.4175e-03,  1.2470e-02,  1.6203e-02]],

         [[ 4.7260e-03, -2.7192e-03, -1.0101e-02],
          [ 3.0470e-03, -1.0187e-02, -2.2523e-03],
          [ 4.2365e-03, -2.0631e-02, -1.8710e-02]],

         [[ 1.6703e-02, -3.5773e-03, -1.3282e-02],
          [ 2.6406e-03,  6.1935e-03, -5.5810e-03],
          [-1.7600e-02, -1.4838e-03,  5.6465e-03]]],


        [[[ 1.3024e-02,  1.6207e-02,  1.6332e-03],
          [-2.7899e-03, -1.8345e-02, -1.6546e-02],
          [ 1.8313e-03,  1.2597e-02,  2.0009e-02]],

         [[ 1.9981e-02,  5.0347e-04, -1.2424e-02],
          [-1.8039e-02, -1.3675e-02,  1.5501e-03],
          [ 5.0969e-03, -2.0509e-02,  2.0642e-02]],

         [[-1.4653e-02,  9.6165e-03,  2.0485e-02],
          [ 1.3014e-03, -7.1971e-03,  4.5035e-03],
          [-1.5027e-02,  3.4631e-04,  1.2856e-03]],

         ...,

         [[ 1.4846e-02, -1.7382e-02,  1.4699e-02],
          [ 8.6776e-03, -3.5129e-04,  1.5151e-02],
          [ 7.6926e-03, -1.5891e-02,  4.7833e-03]],

         [[-2.0612e-02, -1.0442e-02,  1.5988e-02],
          [-7.6034e-03,  1.6009e-02,  2.0927e-04],
          [-1.1961e-02,  1.9232e-02,  1.3031e-02]],

         [[ 1.0956e-02, -8.7146e-04, -1.5049e-02],
          [ 8.2681e-03, -1.2448e-02, -2.5185e-03],
          [ 1.5676e-02, -1.4139e-02, -1.7178e-02]]],


        [[[-1.0855e-02, -1.9636e-02, -8.3149e-03],
          [ 1.6740e-02, -1.8877e-02, -1.1689e-02],
          [-7.7124e-04, -5.4402e-03, -1.8799e-02]],

         [[-8.1077e-03, -1.5651e-02, -1.3262e-03],
          [-1.0210e-03, -3.9506e-03, -2.3503e-04],
          [-1.8639e-02,  1.8018e-02, -1.2942e-02]],

         [[ 2.0065e-02,  1.8383e-02,  2.4039e-03],
          [ 6.8185e-05, -1.8227e-02,  3.6439e-03],
          [ 8.3374e-03, -7.8911e-03,  9.5881e-04]],

         ...,

         [[-1.4890e-02, -1.5332e-02,  1.6863e-02],
          [-1.1393e-02,  1.3277e-03, -1.0353e-02],
          [-1.2944e-02,  1.9256e-02, -1.1440e-03]],

         [[-2.3963e-03,  1.3816e-02,  4.1211e-03],
          [ 1.1152e-04,  7.2070e-03, -1.1900e-03],
          [-1.5693e-02,  1.6307e-02, -7.9955e-03]],

         [[-1.0174e-02, -2.8063e-03, -2.0758e-02],
          [ 8.2359e-03, -1.1248e-02,  9.7026e-04],
          [ 9.1352e-03, -1.7818e-02, -9.5900e-03]]],


        ...,


        [[[ 1.8786e-02,  8.8601e-03, -1.7142e-03],
          [ 6.0586e-04, -5.6735e-03,  5.7377e-03],
          [ 1.4395e-02, -9.8233e-03,  2.0064e-02]],

         [[-2.0615e-02, -1.8564e-02, -4.0945e-03],
          [ 6.3044e-03,  6.9807e-03,  1.2435e-02],
          [-6.5717e-03,  4.7315e-03,  9.4241e-03]],

         [[ 1.6848e-03,  2.6996e-03,  2.6992e-03],
          [-8.4066e-03, -4.1220e-03, -1.8853e-02],
          [-9.9112e-03, -1.1637e-02, -1.8223e-02]],

         ...,

         [[-1.3803e-02, -1.1983e-02,  4.5156e-04],
          [-1.1066e-02,  2.0700e-02,  3.9966e-03],
          [ 9.1641e-03,  4.5477e-03, -1.0431e-02]],

         [[ 1.8595e-02,  2.3999e-03, -1.5096e-02],
          [ 5.6908e-03,  1.2238e-02,  1.2131e-02],
          [-1.5441e-02,  1.5410e-02,  3.7465e-03]],

         [[ 8.5151e-03,  9.6611e-03, -1.1166e-03],
          [ 5.4894e-03, -3.4710e-03, -3.3274e-03],
          [ 2.0787e-02, -5.4450e-03,  6.9509e-03]]],


        [[[-7.5537e-03,  1.0801e-02, -1.8132e-02],
          [-1.1811e-02,  2.6600e-03,  3.0522e-03],
          [-1.6680e-02,  6.0917e-03, -4.7362e-03]],

         [[ 1.0734e-02, -1.8143e-02, -1.3074e-02],
          [ 1.6497e-02,  3.5878e-03,  1.9884e-02],
          [ 2.2141e-03,  1.5180e-02,  9.0298e-03]],

         [[ 5.9638e-03,  7.1332e-03,  1.1897e-02],
          [ 1.7650e-03, -8.0511e-03, -1.7099e-02],
          [-9.8432e-03,  6.1844e-03, -1.9335e-02]],

         ...,

         [[-1.8005e-02,  2.3693e-03,  1.0386e-02],
          [-3.6879e-04,  1.2029e-02, -1.1156e-02],
          [ 4.1866e-03,  5.4743e-04,  1.3379e-02]],

         [[-1.2570e-02, -9.7364e-03,  1.5536e-02],
          [-1.2084e-02, -1.4922e-03, -7.9821e-03],
          [-8.2002e-03, -4.7518e-03, -1.1378e-02]],

         [[-1.1353e-02,  1.2959e-02, -1.6380e-02],
          [-1.1272e-03,  1.4185e-02,  1.0466e-03],
          [ 1.2719e-02, -8.3767e-03, -3.0238e-03]]],


        [[[ 1.1693e-03, -9.4822e-03, -1.1223e-04],
          [-1.7876e-02,  3.6657e-03, -1.8612e-02],
          [-9.2996e-03,  7.5699e-03,  1.8540e-02]],

         [[ 1.2259e-02,  1.4838e-02,  3.0011e-03],
          [-1.7295e-02, -2.1887e-03,  1.9280e-02],
          [ 5.7492e-03,  1.6393e-02,  1.1014e-02]],

         [[-1.0730e-02, -4.3639e-03, -3.7854e-03],
          [ 1.1140e-03, -1.7463e-02,  1.2813e-02],
          [ 3.5757e-03,  1.1146e-02, -8.7188e-03]],

         ...,

         [[ 1.1845e-02, -1.5379e-02,  1.7955e-02],
          [-4.5792e-03, -1.9931e-02,  3.5740e-03],
          [-1.0012e-02,  6.7363e-03, -1.6453e-02]],

         [[-1.5092e-02, -4.9143e-03,  1.4772e-02],
          [ 1.2644e-02,  1.0677e-02, -1.2201e-03],
          [ 8.5920e-03, -2.8549e-03, -8.2266e-03]],

         [[-8.7974e-03,  1.9959e-02,  4.2794e-03],
          [-8.3488e-03,  1.9317e-02,  1.1525e-02],
          [-1.3589e-02,  1.3280e-02,  4.5707e-04]]]], device='cuda:0',
       requires_grad=True)
parameters of the network conv2.bias 
 torch.Size([128]) 
 True 
 tensor([ 0.0018,  0.0109, -0.0082,  0.0013, -0.0093, -0.0193,  0.0062,  0.0045,
        -0.0178, -0.0206, -0.0125, -0.0171,  0.0061,  0.0194,  0.0011,  0.0141,
         0.0085, -0.0118, -0.0004, -0.0076,  0.0058, -0.0147,  0.0013, -0.0081,
         0.0095, -0.0106, -0.0174,  0.0207, -0.0158,  0.0185,  0.0161,  0.0147,
         0.0141, -0.0189, -0.0106,  0.0011, -0.0059, -0.0047, -0.0023,  0.0148,
         0.0160, -0.0021,  0.0087,  0.0187, -0.0162, -0.0205,  0.0091, -0.0150,
        -0.0007,  0.0013, -0.0044, -0.0113,  0.0065,  0.0024,  0.0063,  0.0073,
        -0.0148, -0.0079, -0.0017, -0.0163,  0.0008,  0.0037,  0.0106,  0.0072,
         0.0184,  0.0111,  0.0193, -0.0148, -0.0064,  0.0171, -0.0186,  0.0114,
        -0.0015, -0.0164,  0.0069,  0.0201,  0.0107, -0.0072,  0.0205, -0.0134,
        -0.0163,  0.0019, -0.0200,  0.0009, -0.0183,  0.0019,  0.0063, -0.0020,
         0.0075,  0.0157,  0.0111, -0.0002, -0.0044, -0.0201, -0.0126, -0.0117,
         0.0156, -0.0092, -0.0113, -0.0060, -0.0103,  0.0068, -0.0098,  0.0094,
         0.0137,  0.0052,  0.0112,  0.0134, -0.0103,  0.0138,  0.0084, -0.0164,
        -0.0096, -0.0005,  0.0174,  0.0052,  0.0140,  0.0044,  0.0144,  0.0165,
        -0.0114,  0.0051,  0.0133, -0.0185,  0.0147, -0.0153, -0.0208, -0.0144],
       device='cuda:0') 
 Parameter containing:
tensor([ 0.0018,  0.0109, -0.0082,  0.0013, -0.0093, -0.0193,  0.0062,  0.0045,
        -0.0178, -0.0206, -0.0125, -0.0171,  0.0061,  0.0194,  0.0011,  0.0141,
         0.0085, -0.0118, -0.0004, -0.0076,  0.0058, -0.0147,  0.0013, -0.0081,
         0.0095, -0.0106, -0.0174,  0.0207, -0.0158,  0.0185,  0.0161,  0.0147,
         0.0141, -0.0189, -0.0106,  0.0011, -0.0059, -0.0047, -0.0023,  0.0148,
         0.0160, -0.0021,  0.0087,  0.0187, -0.0162, -0.0205,  0.0091, -0.0150,
        -0.0007,  0.0013, -0.0044, -0.0113,  0.0065,  0.0024,  0.0063,  0.0073,
        -0.0148, -0.0079, -0.0017, -0.0163,  0.0008,  0.0037,  0.0106,  0.0072,
         0.0184,  0.0111,  0.0193, -0.0148, -0.0064,  0.0171, -0.0186,  0.0114,
        -0.0015, -0.0164,  0.0069,  0.0201,  0.0107, -0.0072,  0.0205, -0.0134,
        -0.0163,  0.0019, -0.0200,  0.0009, -0.0183,  0.0019,  0.0063, -0.0020,
         0.0075,  0.0157,  0.0111, -0.0002, -0.0044, -0.0201, -0.0126, -0.0117,
         0.0156, -0.0092, -0.0113, -0.0060, -0.0103,  0.0068, -0.0098,  0.0094,
         0.0137,  0.0052,  0.0112,  0.0134, -0.0103,  0.0138,  0.0084, -0.0164,
        -0.0096, -0.0005,  0.0174,  0.0052,  0.0140,  0.0044,  0.0144,  0.0165,
        -0.0114,  0.0051,  0.0133, -0.0185,  0.0147, -0.0153, -0.0208, -0.0144],
       device='cuda:0', requires_grad=True)
parameters of the network conv3.weight 
 torch.Size([64, 128, 3, 3]) 
 True 
 tensor([[[[-0.0229, -0.0158, -0.0016],
          [ 0.0126,  0.0176, -0.0138],
          [ 0.0163,  0.0290, -0.0156]],

         [[ 0.0216,  0.0111, -0.0074],
          [ 0.0120,  0.0282, -0.0100],
          [ 0.0216,  0.0182,  0.0044]],

         [[-0.0129,  0.0088,  0.0142],
          [-0.0003,  0.0232, -0.0032],
          [-0.0053,  0.0136, -0.0088]],

         ...,

         [[ 0.0138,  0.0004, -0.0106],
          [ 0.0048,  0.0056, -0.0016],
          [ 0.0065, -0.0053,  0.0272]],

         [[-0.0215, -0.0153, -0.0194],
          [ 0.0212,  0.0085, -0.0151],
          [-0.0049,  0.0107,  0.0018]],

         [[-0.0022,  0.0169,  0.0199],
          [ 0.0177,  0.0276,  0.0079],
          [ 0.0267, -0.0247, -0.0216]]],


        [[[ 0.0031,  0.0144, -0.0187],
          [ 0.0281, -0.0218, -0.0265],
          [ 0.0134, -0.0286,  0.0146]],

         [[-0.0033,  0.0157,  0.0228],
          [-0.0171, -0.0027,  0.0174],
          [-0.0223,  0.0005, -0.0131]],

         [[-0.0243, -0.0172, -0.0218],
          [-0.0076,  0.0269,  0.0193],
          [ 0.0197, -0.0233, -0.0043]],

         ...,

         [[ 0.0153,  0.0212, -0.0131],
          [ 0.0032,  0.0168,  0.0088],
          [ 0.0133,  0.0015, -0.0196]],

         [[-0.0281, -0.0223, -0.0259],
          [-0.0245, -0.0176, -0.0069],
          [ 0.0171, -0.0011,  0.0016]],

         [[ 0.0143, -0.0197, -0.0134],
          [-0.0212,  0.0061,  0.0014],
          [-0.0071,  0.0099, -0.0140]]],


        [[[ 0.0248,  0.0057, -0.0110],
          [ 0.0189, -0.0248, -0.0289],
          [-0.0226, -0.0004,  0.0170]],

         [[ 0.0102, -0.0061,  0.0175],
          [ 0.0274,  0.0170, -0.0195],
          [-0.0011,  0.0022,  0.0125]],

         [[ 0.0192, -0.0183, -0.0137],
          [-0.0246, -0.0053,  0.0185],
          [ 0.0018, -0.0026,  0.0169]],

         ...,

         [[ 0.0271, -0.0003,  0.0256],
          [ 0.0243, -0.0036,  0.0260],
          [-0.0246, -0.0046, -0.0167]],

         [[-0.0171, -0.0062, -0.0225],
          [ 0.0154, -0.0047, -0.0084],
          [ 0.0044,  0.0275,  0.0127]],

         [[-0.0022,  0.0046,  0.0256],
          [-0.0264, -0.0209,  0.0280],
          [-0.0273, -0.0292, -0.0240]]],


        ...,


        [[[-0.0027,  0.0247, -0.0104],
          [-0.0111, -0.0207,  0.0129],
          [-0.0169,  0.0088, -0.0108]],

         [[ 0.0158, -0.0081,  0.0219],
          [-0.0160, -0.0099,  0.0077],
          [ 0.0115,  0.0278, -0.0206]],

         [[ 0.0107, -0.0068,  0.0155],
          [-0.0064,  0.0286,  0.0269],
          [ 0.0246, -0.0018,  0.0003]],

         ...,

         [[-0.0176,  0.0165,  0.0202],
          [-0.0092,  0.0024, -0.0281],
          [-0.0034,  0.0275, -0.0260]],

         [[-0.0168,  0.0272,  0.0100],
          [-0.0077,  0.0047,  0.0234],
          [ 0.0089, -0.0186, -0.0230]],

         [[-0.0080,  0.0132, -0.0257],
          [ 0.0199,  0.0290,  0.0138],
          [ 0.0045,  0.0237, -0.0037]]],


        [[[ 0.0054, -0.0253,  0.0153],
          [-0.0103,  0.0128, -0.0223],
          [ 0.0148, -0.0262, -0.0128]],

         [[ 0.0201,  0.0040,  0.0067],
          [ 0.0160, -0.0097,  0.0283],
          [ 0.0140,  0.0153, -0.0169]],

         [[-0.0172,  0.0123, -0.0194],
          [ 0.0129, -0.0095, -0.0142],
          [-0.0177,  0.0173, -0.0081]],

         ...,

         [[ 0.0127, -0.0073, -0.0115],
          [ 0.0231,  0.0220,  0.0279],
          [-0.0256,  0.0265, -0.0235]],

         [[-0.0189, -0.0117,  0.0294],
          [-0.0137,  0.0039,  0.0080],
          [-0.0250,  0.0029,  0.0001]],

         [[-0.0032, -0.0030,  0.0281],
          [-0.0127,  0.0216,  0.0049],
          [ 0.0058, -0.0261,  0.0144]]],


        [[[ 0.0141,  0.0051, -0.0148],
          [ 0.0130,  0.0150, -0.0237],
          [ 0.0157,  0.0274,  0.0100]],

         [[-0.0115, -0.0094, -0.0207],
          [-0.0003,  0.0174,  0.0031],
          [-0.0285,  0.0165,  0.0045]],

         [[ 0.0262,  0.0031,  0.0093],
          [-0.0249, -0.0051,  0.0102],
          [-0.0158,  0.0287, -0.0006]],

         ...,

         [[-0.0165,  0.0281,  0.0195],
          [-0.0077,  0.0066, -0.0248],
          [-0.0193, -0.0125,  0.0227]],

         [[ 0.0028,  0.0089, -0.0043],
          [-0.0005, -0.0248, -0.0003],
          [ 0.0079,  0.0093,  0.0089]],

         [[ 0.0262, -0.0067,  0.0143],
          [-0.0107,  0.0209, -0.0035],
          [ 0.0070,  0.0151, -0.0288]]]], device='cuda:0') 
 Parameter containing:
tensor([[[[-0.0229, -0.0158, -0.0016],
          [ 0.0126,  0.0176, -0.0138],
          [ 0.0163,  0.0290, -0.0156]],

         [[ 0.0216,  0.0111, -0.0074],
          [ 0.0120,  0.0282, -0.0100],
          [ 0.0216,  0.0182,  0.0044]],

         [[-0.0129,  0.0088,  0.0142],
          [-0.0003,  0.0232, -0.0032],
          [-0.0053,  0.0136, -0.0088]],

         ...,

         [[ 0.0138,  0.0004, -0.0106],
          [ 0.0048,  0.0056, -0.0016],
          [ 0.0065, -0.0053,  0.0272]],

         [[-0.0215, -0.0153, -0.0194],
          [ 0.0212,  0.0085, -0.0151],
          [-0.0049,  0.0107,  0.0018]],

         [[-0.0022,  0.0169,  0.0199],
          [ 0.0177,  0.0276,  0.0079],
          [ 0.0267, -0.0247, -0.0216]]],


        [[[ 0.0031,  0.0144, -0.0187],
          [ 0.0281, -0.0218, -0.0265],
          [ 0.0134, -0.0286,  0.0146]],

         [[-0.0033,  0.0157,  0.0228],
          [-0.0171, -0.0027,  0.0174],
          [-0.0223,  0.0005, -0.0131]],

         [[-0.0243, -0.0172, -0.0218],
          [-0.0076,  0.0269,  0.0193],
          [ 0.0197, -0.0233, -0.0043]],

         ...,

         [[ 0.0153,  0.0212, -0.0131],
          [ 0.0032,  0.0168,  0.0088],
          [ 0.0133,  0.0015, -0.0196]],

         [[-0.0281, -0.0223, -0.0259],
          [-0.0245, -0.0176, -0.0069],
          [ 0.0171, -0.0011,  0.0016]],

         [[ 0.0143, -0.0197, -0.0134],
          [-0.0212,  0.0061,  0.0014],
          [-0.0071,  0.0099, -0.0140]]],


        [[[ 0.0248,  0.0057, -0.0110],
          [ 0.0189, -0.0248, -0.0289],
          [-0.0226, -0.0004,  0.0170]],

         [[ 0.0102, -0.0061,  0.0175],
          [ 0.0274,  0.0170, -0.0195],
          [-0.0011,  0.0022,  0.0125]],

         [[ 0.0192, -0.0183, -0.0137],
          [-0.0246, -0.0053,  0.0185],
          [ 0.0018, -0.0026,  0.0169]],

         ...,

         [[ 0.0271, -0.0003,  0.0256],
          [ 0.0243, -0.0036,  0.0260],
          [-0.0246, -0.0046, -0.0167]],

         [[-0.0171, -0.0062, -0.0225],
          [ 0.0154, -0.0047, -0.0084],
          [ 0.0044,  0.0275,  0.0127]],

         [[-0.0022,  0.0046,  0.0256],
          [-0.0264, -0.0209,  0.0280],
          [-0.0273, -0.0292, -0.0240]]],


        ...,


        [[[-0.0027,  0.0247, -0.0104],
          [-0.0111, -0.0207,  0.0129],
          [-0.0169,  0.0088, -0.0108]],

         [[ 0.0158, -0.0081,  0.0219],
          [-0.0160, -0.0099,  0.0077],
          [ 0.0115,  0.0278, -0.0206]],

         [[ 0.0107, -0.0068,  0.0155],
          [-0.0064,  0.0286,  0.0269],
          [ 0.0246, -0.0018,  0.0003]],

         ...,

         [[-0.0176,  0.0165,  0.0202],
          [-0.0092,  0.0024, -0.0281],
          [-0.0034,  0.0275, -0.0260]],

         [[-0.0168,  0.0272,  0.0100],
          [-0.0077,  0.0047,  0.0234],
          [ 0.0089, -0.0186, -0.0230]],

         [[-0.0080,  0.0132, -0.0257],
          [ 0.0199,  0.0290,  0.0138],
          [ 0.0045,  0.0237, -0.0037]]],


        [[[ 0.0054, -0.0253,  0.0153],
          [-0.0103,  0.0128, -0.0223],
          [ 0.0148, -0.0262, -0.0128]],

         [[ 0.0201,  0.0040,  0.0067],
          [ 0.0160, -0.0097,  0.0283],
          [ 0.0140,  0.0153, -0.0169]],

         [[-0.0172,  0.0123, -0.0194],
          [ 0.0129, -0.0095, -0.0142],
          [-0.0177,  0.0173, -0.0081]],

         ...,

         [[ 0.0127, -0.0073, -0.0115],
          [ 0.0231,  0.0220,  0.0279],
          [-0.0256,  0.0265, -0.0235]],

         [[-0.0189, -0.0117,  0.0294],
          [-0.0137,  0.0039,  0.0080],
          [-0.0250,  0.0029,  0.0001]],

         [[-0.0032, -0.0030,  0.0281],
          [-0.0127,  0.0216,  0.0049],
          [ 0.0058, -0.0261,  0.0144]]],


        [[[ 0.0141,  0.0051, -0.0148],
          [ 0.0130,  0.0150, -0.0237],
          [ 0.0157,  0.0274,  0.0100]],

         [[-0.0115, -0.0094, -0.0207],
          [-0.0003,  0.0174,  0.0031],
          [-0.0285,  0.0165,  0.0045]],

         [[ 0.0262,  0.0031,  0.0093],
          [-0.0249, -0.0051,  0.0102],
          [-0.0158,  0.0287, -0.0006]],

         ...,

         [[-0.0165,  0.0281,  0.0195],
          [-0.0077,  0.0066, -0.0248],
          [-0.0193, -0.0125,  0.0227]],

         [[ 0.0028,  0.0089, -0.0043],
          [-0.0005, -0.0248, -0.0003],
          [ 0.0079,  0.0093,  0.0089]],

         [[ 0.0262, -0.0067,  0.0143],
          [-0.0107,  0.0209, -0.0035],
          [ 0.0070,  0.0151, -0.0288]]]], device='cuda:0', requires_grad=True)
parameters of the network conv3.bias 
 torch.Size([64]) 
 True 
 tensor([-0.0093,  0.0211,  0.0273, -0.0150, -0.0019,  0.0248, -0.0173, -0.0119,
         0.0123, -0.0199,  0.0014,  0.0006, -0.0282, -0.0239,  0.0162,  0.0260,
        -0.0214,  0.0013,  0.0123, -0.0132,  0.0171,  0.0242,  0.0179, -0.0011,
        -0.0235,  0.0140, -0.0084,  0.0138, -0.0177,  0.0072,  0.0044,  0.0097,
        -0.0183, -0.0247, -0.0147, -0.0161, -0.0286, -0.0146, -0.0195, -0.0099,
        -0.0233, -0.0063,  0.0178, -0.0236,  0.0178, -0.0081,  0.0221, -0.0148,
        -0.0075,  0.0139,  0.0154,  0.0065, -0.0254, -0.0278,  0.0183, -0.0125,
        -0.0104, -0.0268, -0.0088, -0.0274,  0.0167,  0.0134, -0.0128,  0.0120],
       device='cuda:0') 
 Parameter containing:
tensor([-0.0093,  0.0211,  0.0273, -0.0150, -0.0019,  0.0248, -0.0173, -0.0119,
         0.0123, -0.0199,  0.0014,  0.0006, -0.0282, -0.0239,  0.0162,  0.0260,
        -0.0214,  0.0013,  0.0123, -0.0132,  0.0171,  0.0242,  0.0179, -0.0011,
        -0.0235,  0.0140, -0.0084,  0.0138, -0.0177,  0.0072,  0.0044,  0.0097,
        -0.0183, -0.0247, -0.0147, -0.0161, -0.0286, -0.0146, -0.0195, -0.0099,
        -0.0233, -0.0063,  0.0178, -0.0236,  0.0178, -0.0081,  0.0221, -0.0148,
        -0.0075,  0.0139,  0.0154,  0.0065, -0.0254, -0.0278,  0.0183, -0.0125,
        -0.0104, -0.0268, -0.0088, -0.0274,  0.0167,  0.0134, -0.0128,  0.0120],
       device='cuda:0', requires_grad=True)
parameters of the network fc1.weight 
 torch.Size([256, 667776]) 
 True 
 tensor([[ 1.0715e-03, -6.5648e-04, -3.1005e-04,  ...,  3.8723e-05,
         -1.8426e-06,  2.8533e-04],
        [-1.1010e-03, -1.1294e-04, -1.1556e-03,  ..., -8.1071e-04,
         -1.1591e-03, -5.4519e-04],
        [ 1.7613e-04, -9.8475e-04,  6.3342e-04,  ..., -6.6224e-04,
         -1.8982e-04, -5.9618e-04],
        ...,
        [-7.9395e-04, -9.2816e-04,  7.8592e-04,  ..., -5.6790e-04,
          1.8668e-04, -6.9934e-04],
        [ 9.1930e-04, -1.0883e-03,  6.2956e-04,  ..., -8.4882e-04,
         -1.0279e-03,  1.5791e-04],
        [ 1.0081e-03, -4.1867e-04, -1.0651e-03,  ...,  8.1274e-04,
          2.7960e-04, -3.5946e-06]], device='cuda:0') 
 Parameter containing:
tensor([[ 1.0715e-03, -6.5648e-04, -3.1005e-04,  ...,  3.8723e-05,
         -1.8426e-06,  2.8533e-04],
        [-1.1010e-03, -1.1294e-04, -1.1556e-03,  ..., -8.1071e-04,
         -1.1591e-03, -5.4519e-04],
        [ 1.7613e-04, -9.8475e-04,  6.3342e-04,  ..., -6.6224e-04,
         -1.8982e-04, -5.9618e-04],
        ...,
        [-7.9395e-04, -9.2816e-04,  7.8592e-04,  ..., -5.6790e-04,
          1.8668e-04, -6.9934e-04],
        [ 9.1930e-04, -1.0883e-03,  6.2956e-04,  ..., -8.4882e-04,
         -1.0279e-03,  1.5791e-04],
        [ 1.0081e-03, -4.1867e-04, -1.0651e-03,  ...,  8.1274e-04,
          2.7960e-04, -3.5946e-06]], device='cuda:0', requires_grad=True)
parameters of the network fc1.bias 
 torch.Size([256]) 
 True 
 tensor([ 1.0929e-03,  5.6233e-04, -8.7523e-04,  6.5140e-04,  9.3007e-04,
         7.1383e-04,  7.9109e-04, -4.2939e-04, -7.0377e-04,  8.3260e-04,
         1.0754e-03,  4.1442e-04,  7.9220e-04, -2.8893e-05,  1.0944e-04,
         6.7796e-04,  5.3873e-04,  1.3561e-04,  2.9751e-05, -4.6746e-04,
        -5.1629e-04, -4.3704e-04, -3.0625e-04, -9.2728e-04, -1.1966e-03,
        -4.9721e-04, -4.5022e-04, -1.2168e-03, -3.0288e-04, -5.5932e-04,
         4.2949e-05,  6.5342e-05,  6.4715e-05,  7.2303e-04,  5.2007e-04,
         7.8768e-04, -8.9388e-04,  4.4927e-04, -5.8449e-04, -9.0410e-04,
         6.2341e-05,  5.5651e-05,  1.0233e-04,  1.1972e-03,  5.1265e-04,
        -1.0020e-03, -3.4165e-04, -3.1837e-05, -4.5029e-04, -1.3388e-05,
         4.8800e-04,  8.7441e-04, -7.4147e-04, -1.0930e-03, -4.9343e-04,
        -3.8059e-05, -1.8847e-04,  7.4579e-04,  4.9681e-04,  8.0258e-04,
        -3.7017e-05, -8.9971e-04,  2.2199e-05,  5.6031e-04,  5.0490e-04,
        -1.1019e-03,  9.6998e-04,  1.9116e-04, -6.5232e-04, -1.9298e-04,
         5.7757e-04, -5.0856e-04, -8.7800e-04,  7.7714e-04,  6.4058e-04,
         5.0376e-04, -9.6155e-04, -1.0570e-03,  1.1582e-03,  3.3345e-04,
         6.8552e-04, -1.6458e-05,  2.1571e-04, -1.2785e-04,  5.1532e-04,
        -1.0198e-03, -6.1848e-04,  3.6665e-04,  1.1213e-03,  8.9316e-04,
         9.2265e-04, -7.7312e-05, -5.9723e-04, -1.2055e-03,  6.6941e-04,
         7.9358e-04, -7.0885e-04, -1.0373e-03, -5.1720e-04, -1.9852e-04,
         1.2165e-03,  6.3375e-04, -1.3036e-04,  4.1634e-04, -4.2788e-04,
         1.6121e-04, -9.8798e-04,  7.0984e-04, -6.5851e-04,  1.0209e-03,
         1.0086e-03,  7.1921e-04,  7.0924e-04,  7.7758e-04,  1.1834e-03,
        -3.1427e-04,  1.0398e-03,  6.9972e-04,  1.8370e-04,  1.2213e-04,
         6.6396e-04,  1.0609e-03,  6.8751e-05,  6.2221e-04, -6.9855e-04,
        -9.4868e-04,  1.1815e-03, -6.2169e-04, -8.6678e-04,  8.0367e-05,
         1.0963e-03,  1.1580e-03,  1.0333e-03,  9.4756e-04, -9.9934e-04,
         1.0002e-03, -9.3606e-04, -8.1652e-04,  4.2053e-04, -8.3179e-04,
         4.8256e-04,  1.6054e-04, -5.1756e-04, -9.2498e-04,  5.4385e-04,
        -4.0754e-04, -7.2879e-04, -3.5439e-04, -5.4356e-04, -4.5116e-04,
         6.3183e-04, -1.1416e-03,  9.9934e-04, -7.4490e-04,  2.9680e-04,
         3.1000e-04,  1.0239e-03, -4.9882e-04,  1.2955e-04,  1.0222e-03,
        -1.0262e-03, -1.0575e-03,  4.6724e-04, -6.4104e-04, -7.3362e-04,
        -8.6219e-04, -8.9473e-04,  3.1799e-05, -7.2073e-04, -8.2007e-04,
        -2.1979e-04,  2.5930e-04, -5.2940e-04, -1.0374e-03,  9.9140e-04,
         6.6589e-05,  7.9079e-04, -1.1477e-03,  1.3716e-04, -9.9655e-04,
         2.1929e-04,  8.3511e-05,  9.1297e-04,  9.0967e-04, -2.1112e-04,
        -9.6171e-04,  4.9666e-04,  7.0865e-04,  8.1618e-04, -7.1871e-04,
        -8.1676e-04,  7.8194e-04, -9.5220e-04,  2.6765e-04,  5.8211e-04,
        -1.0342e-03, -8.8955e-04,  9.9204e-04, -7.2088e-04,  1.3330e-04,
         7.6799e-04, -4.3869e-04, -5.8745e-04,  5.3871e-04,  2.3098e-05,
         6.3629e-04, -9.9926e-04,  2.6956e-04, -1.0292e-03,  5.7372e-04,
         2.5119e-04, -1.1087e-03, -2.9085e-06, -1.2407e-04,  8.0943e-04,
        -8.6205e-05, -7.7426e-04, -9.8364e-04, -6.1680e-04, -9.8617e-04,
         1.1981e-03,  1.0923e-03, -8.2371e-04,  8.9081e-04, -7.4430e-04,
         5.6058e-04,  7.4124e-04, -9.9931e-04,  2.0048e-05, -1.0610e-03,
        -1.0257e-03,  1.1561e-03, -2.4760e-04,  6.9252e-04, -5.3531e-04,
        -5.7038e-05,  5.3695e-04, -5.6769e-04,  4.4486e-04, -2.0997e-04,
        -9.7660e-04, -1.0163e-04, -4.2115e-04,  9.6376e-04, -1.1097e-03,
        -1.0142e-03, -1.1673e-03,  4.9843e-04, -5.1883e-04,  5.5058e-04,
        -7.0584e-04,  9.4190e-04, -1.0123e-03, -8.6158e-04, -5.7733e-04,
        -6.5157e-04], device='cuda:0') 
 Parameter containing:
tensor([ 1.0929e-03,  5.6233e-04, -8.7523e-04,  6.5140e-04,  9.3007e-04,
         7.1383e-04,  7.9109e-04, -4.2939e-04, -7.0377e-04,  8.3260e-04,
         1.0754e-03,  4.1442e-04,  7.9220e-04, -2.8893e-05,  1.0944e-04,
         6.7796e-04,  5.3873e-04,  1.3561e-04,  2.9751e-05, -4.6746e-04,
        -5.1629e-04, -4.3704e-04, -3.0625e-04, -9.2728e-04, -1.1966e-03,
        -4.9721e-04, -4.5022e-04, -1.2168e-03, -3.0288e-04, -5.5932e-04,
         4.2949e-05,  6.5342e-05,  6.4715e-05,  7.2303e-04,  5.2007e-04,
         7.8768e-04, -8.9388e-04,  4.4927e-04, -5.8449e-04, -9.0410e-04,
         6.2341e-05,  5.5651e-05,  1.0233e-04,  1.1972e-03,  5.1265e-04,
        -1.0020e-03, -3.4165e-04, -3.1837e-05, -4.5029e-04, -1.3388e-05,
         4.8800e-04,  8.7441e-04, -7.4147e-04, -1.0930e-03, -4.9343e-04,
        -3.8059e-05, -1.8847e-04,  7.4579e-04,  4.9681e-04,  8.0258e-04,
        -3.7017e-05, -8.9971e-04,  2.2199e-05,  5.6031e-04,  5.0490e-04,
        -1.1019e-03,  9.6998e-04,  1.9116e-04, -6.5232e-04, -1.9298e-04,
         5.7757e-04, -5.0856e-04, -8.7800e-04,  7.7714e-04,  6.4058e-04,
         5.0376e-04, -9.6155e-04, -1.0570e-03,  1.1582e-03,  3.3345e-04,
         6.8552e-04, -1.6458e-05,  2.1571e-04, -1.2785e-04,  5.1532e-04,
        -1.0198e-03, -6.1848e-04,  3.6665e-04,  1.1213e-03,  8.9316e-04,
         9.2265e-04, -7.7312e-05, -5.9723e-04, -1.2055e-03,  6.6941e-04,
         7.9358e-04, -7.0885e-04, -1.0373e-03, -5.1720e-04, -1.9852e-04,
         1.2165e-03,  6.3375e-04, -1.3036e-04,  4.1634e-04, -4.2788e-04,
         1.6121e-04, -9.8798e-04,  7.0984e-04, -6.5851e-04,  1.0209e-03,
         1.0086e-03,  7.1921e-04,  7.0924e-04,  7.7758e-04,  1.1834e-03,
        -3.1427e-04,  1.0398e-03,  6.9972e-04,  1.8370e-04,  1.2213e-04,
         6.6396e-04,  1.0609e-03,  6.8751e-05,  6.2221e-04, -6.9855e-04,
        -9.4868e-04,  1.1815e-03, -6.2169e-04, -8.6678e-04,  8.0367e-05,
         1.0963e-03,  1.1580e-03,  1.0333e-03,  9.4756e-04, -9.9934e-04,
         1.0002e-03, -9.3606e-04, -8.1652e-04,  4.2053e-04, -8.3179e-04,
         4.8256e-04,  1.6054e-04, -5.1756e-04, -9.2498e-04,  5.4385e-04,
        -4.0754e-04, -7.2879e-04, -3.5439e-04, -5.4356e-04, -4.5116e-04,
         6.3183e-04, -1.1416e-03,  9.9934e-04, -7.4490e-04,  2.9680e-04,
         3.1000e-04,  1.0239e-03, -4.9882e-04,  1.2955e-04,  1.0222e-03,
        -1.0262e-03, -1.0575e-03,  4.6724e-04, -6.4104e-04, -7.3362e-04,
        -8.6219e-04, -8.9473e-04,  3.1799e-05, -7.2073e-04, -8.2007e-04,
        -2.1979e-04,  2.5930e-04, -5.2940e-04, -1.0374e-03,  9.9140e-04,
         6.6589e-05,  7.9079e-04, -1.1477e-03,  1.3716e-04, -9.9655e-04,
         2.1929e-04,  8.3511e-05,  9.1297e-04,  9.0967e-04, -2.1112e-04,
        -9.6171e-04,  4.9666e-04,  7.0865e-04,  8.1618e-04, -7.1871e-04,
        -8.1676e-04,  7.8194e-04, -9.5220e-04,  2.6765e-04,  5.8211e-04,
        -1.0342e-03, -8.8955e-04,  9.9204e-04, -7.2088e-04,  1.3330e-04,
         7.6799e-04, -4.3869e-04, -5.8745e-04,  5.3871e-04,  2.3098e-05,
         6.3629e-04, -9.9926e-04,  2.6956e-04, -1.0292e-03,  5.7372e-04,
         2.5119e-04, -1.1087e-03, -2.9085e-06, -1.2407e-04,  8.0943e-04,
        -8.6205e-05, -7.7426e-04, -9.8364e-04, -6.1680e-04, -9.8617e-04,
         1.1981e-03,  1.0923e-03, -8.2371e-04,  8.9081e-04, -7.4430e-04,
         5.6058e-04,  7.4124e-04, -9.9931e-04,  2.0048e-05, -1.0610e-03,
        -1.0257e-03,  1.1561e-03, -2.4760e-04,  6.9252e-04, -5.3531e-04,
        -5.7038e-05,  5.3695e-04, -5.6769e-04,  4.4486e-04, -2.0997e-04,
        -9.7660e-04, -1.0163e-04, -4.2115e-04,  9.6376e-04, -1.1097e-03,
        -1.0142e-03, -1.1673e-03,  4.9843e-04, -5.1883e-04,  5.5058e-04,
        -7.0584e-04,  9.4190e-04, -1.0123e-03, -8.6158e-04, -5.7733e-04,
        -6.5157e-04], device='cuda:0', requires_grad=True)
parameters of the network fc2.weight 
 torch.Size([128, 256]) 
 True 
 tensor([[-0.0098,  0.0367, -0.0279,  ..., -0.0320, -0.0467,  0.0318],
        [-0.0480,  0.0506,  0.0520,  ..., -0.0569, -0.0122, -0.0161],
        [ 0.0371, -0.0490,  0.0065,  ..., -0.0301,  0.0561, -0.0178],
        ...,
        [ 0.0267,  0.0385,  0.0177,  ..., -0.0008,  0.0441,  0.0164],
        [ 0.0144, -0.0269,  0.0568,  ...,  0.0198, -0.0166,  0.0282],
        [-0.0287, -0.0598,  0.0262,  ..., -0.0561, -0.0316,  0.0271]],
       device='cuda:0') 
 Parameter containing:
tensor([[-0.0098,  0.0367, -0.0279,  ..., -0.0320, -0.0467,  0.0318],
        [-0.0480,  0.0506,  0.0520,  ..., -0.0569, -0.0122, -0.0161],
        [ 0.0371, -0.0490,  0.0065,  ..., -0.0301,  0.0561, -0.0178],
        ...,
        [ 0.0267,  0.0385,  0.0177,  ..., -0.0008,  0.0441,  0.0164],
        [ 0.0144, -0.0269,  0.0568,  ...,  0.0198, -0.0166,  0.0282],
        [-0.0287, -0.0598,  0.0262,  ..., -0.0561, -0.0316,  0.0271]],
       device='cuda:0', requires_grad=True)
parameters of the network fc2.bias 
 torch.Size([128]) 
 True 
 tensor([-1.3431e-02, -4.4643e-02,  5.0987e-02, -5.4466e-02, -6.1462e-02,
        -2.5856e-02, -4.1628e-02,  8.7627e-03,  2.9324e-03,  1.4775e-02,
         2.1562e-02, -3.6209e-02,  3.2913e-02, -8.7542e-03,  5.7075e-02,
        -3.0501e-02, -3.3822e-02, -1.1885e-02,  4.2959e-02,  6.1369e-02,
         1.4596e-02,  3.6463e-02, -3.1905e-03, -1.4738e-02, -1.3913e-02,
        -2.4039e-03,  2.2197e-02, -4.2846e-02,  3.0399e-02,  2.3641e-02,
        -1.9716e-02, -6.1825e-02,  1.2267e-02,  2.3657e-02,  4.2215e-02,
         2.2868e-02, -7.3794e-03,  1.6902e-02, -2.4615e-02,  2.4216e-02,
        -5.0096e-02,  3.2933e-02,  4.3740e-02, -1.6019e-02, -1.1410e-04,
        -5.3148e-02,  1.6367e-02,  2.5864e-02,  3.9723e-02,  5.5986e-02,
        -6.0801e-02, -2.0890e-02, -3.2839e-02,  4.2378e-02, -1.2240e-02,
         6.5804e-03, -3.2316e-02, -2.7008e-02,  4.0161e-02,  6.0408e-02,
         2.6484e-03,  1.3618e-02, -6.0712e-02, -1.9657e-02, -8.4774e-03,
        -4.5828e-02, -3.3549e-02, -5.4500e-02,  3.0971e-02,  5.0353e-02,
         4.4313e-03, -5.6329e-02, -3.2933e-02,  3.6381e-02, -2.5439e-02,
         4.9314e-02,  3.7327e-02,  1.0245e-02,  5.1642e-02,  6.6357e-03,
        -5.7996e-02, -3.3885e-02,  5.7290e-02, -5.1875e-02, -2.0125e-02,
        -1.3734e-02,  1.9659e-02, -4.3170e-03, -5.4121e-05, -5.8859e-02,
        -5.6687e-02,  3.1614e-02, -6.5391e-03,  5.3702e-02,  3.8402e-02,
         2.2915e-02, -1.3432e-02, -3.1702e-03,  2.7641e-02,  1.1362e-02,
         3.1656e-02,  1.3835e-02,  6.2455e-02,  3.8698e-02,  2.5512e-02,
        -1.0853e-02, -4.5916e-02, -3.1881e-02, -2.7159e-02, -6.2411e-02,
         3.3617e-03,  4.8745e-02, -3.4900e-02,  7.2622e-03, -1.2809e-02,
        -5.4247e-03,  3.5845e-02, -2.7068e-02, -5.1494e-02,  5.4550e-02,
         8.4899e-03,  2.4131e-04,  3.4016e-02,  2.2139e-02, -3.0602e-02,
        -2.3675e-02, -3.5951e-02, -2.7709e-02], device='cuda:0') 
 Parameter containing:
tensor([-1.3431e-02, -4.4643e-02,  5.0987e-02, -5.4466e-02, -6.1462e-02,
        -2.5856e-02, -4.1628e-02,  8.7627e-03,  2.9324e-03,  1.4775e-02,
         2.1562e-02, -3.6209e-02,  3.2913e-02, -8.7542e-03,  5.7075e-02,
        -3.0501e-02, -3.3822e-02, -1.1885e-02,  4.2959e-02,  6.1369e-02,
         1.4596e-02,  3.6463e-02, -3.1905e-03, -1.4738e-02, -1.3913e-02,
        -2.4039e-03,  2.2197e-02, -4.2846e-02,  3.0399e-02,  2.3641e-02,
        -1.9716e-02, -6.1825e-02,  1.2267e-02,  2.3657e-02,  4.2215e-02,
         2.2868e-02, -7.3794e-03,  1.6902e-02, -2.4615e-02,  2.4216e-02,
        -5.0096e-02,  3.2933e-02,  4.3740e-02, -1.6019e-02, -1.1410e-04,
        -5.3148e-02,  1.6367e-02,  2.5864e-02,  3.9723e-02,  5.5986e-02,
        -6.0801e-02, -2.0890e-02, -3.2839e-02,  4.2378e-02, -1.2240e-02,
         6.5804e-03, -3.2316e-02, -2.7008e-02,  4.0161e-02,  6.0408e-02,
         2.6484e-03,  1.3618e-02, -6.0712e-02, -1.9657e-02, -8.4774e-03,
        -4.5828e-02, -3.3549e-02, -5.4500e-02,  3.0971e-02,  5.0353e-02,
         4.4313e-03, -5.6329e-02, -3.2933e-02,  3.6381e-02, -2.5439e-02,
         4.9314e-02,  3.7327e-02,  1.0245e-02,  5.1642e-02,  6.6357e-03,
        -5.7996e-02, -3.3885e-02,  5.7290e-02, -5.1875e-02, -2.0125e-02,
        -1.3734e-02,  1.9659e-02, -4.3170e-03, -5.4121e-05, -5.8859e-02,
        -5.6687e-02,  3.1614e-02, -6.5391e-03,  5.3702e-02,  3.8402e-02,
         2.2915e-02, -1.3432e-02, -3.1702e-03,  2.7641e-02,  1.1362e-02,
         3.1656e-02,  1.3835e-02,  6.2455e-02,  3.8698e-02,  2.5512e-02,
        -1.0853e-02, -4.5916e-02, -3.1881e-02, -2.7159e-02, -6.2411e-02,
         3.3617e-03,  4.8745e-02, -3.4900e-02,  7.2622e-03, -1.2809e-02,
        -5.4247e-03,  3.5845e-02, -2.7068e-02, -5.1494e-02,  5.4550e-02,
         8.4899e-03,  2.4131e-04,  3.4016e-02,  2.2139e-02, -3.0602e-02,
        -2.3675e-02, -3.5951e-02, -2.7709e-02], device='cuda:0',
       requires_grad=True)
parameters of the network fc3.weight 
 torch.Size([64, 128]) 
 True 
 tensor([[ 0.0260, -0.0346,  0.0050,  ..., -0.0870, -0.0753, -0.0083],
        [-0.0691, -0.0178,  0.0372,  ...,  0.0161,  0.0876,  0.0190],
        [-0.0876,  0.0784, -0.0553,  ...,  0.0439,  0.0856,  0.0749],
        ...,
        [-0.0015, -0.0833, -0.0134,  ...,  0.0201, -0.0637,  0.0050],
        [ 0.0462,  0.0111,  0.0237,  ..., -0.0057, -0.0096, -0.0837],
        [ 0.0385,  0.0311,  0.0562,  ...,  0.0382, -0.0407, -0.0521]],
       device='cuda:0') 
 Parameter containing:
tensor([[ 0.0260, -0.0346,  0.0050,  ..., -0.0870, -0.0753, -0.0083],
        [-0.0691, -0.0178,  0.0372,  ...,  0.0161,  0.0876,  0.0190],
        [-0.0876,  0.0784, -0.0553,  ...,  0.0439,  0.0856,  0.0749],
        ...,
        [-0.0015, -0.0833, -0.0134,  ...,  0.0201, -0.0637,  0.0050],
        [ 0.0462,  0.0111,  0.0237,  ..., -0.0057, -0.0096, -0.0837],
        [ 0.0385,  0.0311,  0.0562,  ...,  0.0382, -0.0407, -0.0521]],
       device='cuda:0', requires_grad=True)
parameters of the network fc3.bias 
 torch.Size([64]) 
 True 
 tensor([-0.0089, -0.0133, -0.0282,  0.0452, -0.0050, -0.0685,  0.0742,  0.0410,
         0.0672, -0.0850, -0.0752,  0.0380, -0.0117, -0.0311, -0.0615, -0.0186,
        -0.0176,  0.0554, -0.0582,  0.0767,  0.0390, -0.0769,  0.0366, -0.0443,
        -0.0279, -0.0308, -0.0019,  0.0720, -0.0006, -0.0017,  0.0771,  0.0665,
        -0.0076, -0.0325, -0.0848, -0.0388,  0.0671,  0.0131,  0.0828,  0.0684,
        -0.0108,  0.0119, -0.0488, -0.0567, -0.0772, -0.0447, -0.0674, -0.0735,
         0.0643, -0.0290, -0.0600,  0.0395,  0.0141,  0.0414,  0.0762,  0.0642,
         0.0584,  0.0735,  0.0390,  0.0792, -0.0791,  0.0555,  0.0683,  0.0489],
       device='cuda:0') 
 Parameter containing:
tensor([-0.0089, -0.0133, -0.0282,  0.0452, -0.0050, -0.0685,  0.0742,  0.0410,
         0.0672, -0.0850, -0.0752,  0.0380, -0.0117, -0.0311, -0.0615, -0.0186,
        -0.0176,  0.0554, -0.0582,  0.0767,  0.0390, -0.0769,  0.0366, -0.0443,
        -0.0279, -0.0308, -0.0019,  0.0720, -0.0006, -0.0017,  0.0771,  0.0665,
        -0.0076, -0.0325, -0.0848, -0.0388,  0.0671,  0.0131,  0.0828,  0.0684,
        -0.0108,  0.0119, -0.0488, -0.0567, -0.0772, -0.0447, -0.0674, -0.0735,
         0.0643, -0.0290, -0.0600,  0.0395,  0.0141,  0.0414,  0.0762,  0.0642,
         0.0584,  0.0735,  0.0390,  0.0792, -0.0791,  0.0555,  0.0683,  0.0489],
       device='cuda:0', requires_grad=True)
parameters of the network fc4.weight 
 torch.Size([6796, 64]) 
 True 
 tensor([[-0.0365, -0.0023,  0.0870,  ..., -0.1011,  0.1044, -0.0960],
        [ 0.0889, -0.0724,  0.0552,  ..., -0.0460,  0.0235,  0.0585],
        [-0.0832,  0.0656, -0.0981,  ..., -0.0884,  0.0192, -0.0501],
        ...,
        [-0.1167, -0.0606, -0.1047,  ...,  0.1123,  0.0226, -0.0341],
        [ 0.0440,  0.0211, -0.0844,  ..., -0.0659,  0.0452, -0.1067],
        [ 0.0624,  0.0908, -0.0811,  ..., -0.0434, -0.0773, -0.0239]],
       device='cuda:0') 
 Parameter containing:
tensor([[-0.0365, -0.0023,  0.0870,  ..., -0.1011,  0.1044, -0.0960],
        [ 0.0889, -0.0724,  0.0552,  ..., -0.0460,  0.0235,  0.0585],
        [-0.0832,  0.0656, -0.0981,  ..., -0.0884,  0.0192, -0.0501],
        ...,
        [-0.1167, -0.0606, -0.1047,  ...,  0.1123,  0.0226, -0.0341],
        [ 0.0440,  0.0211, -0.0844,  ..., -0.0659,  0.0452, -0.1067],
        [ 0.0624,  0.0908, -0.0811,  ..., -0.0434, -0.0773, -0.0239]],
       device='cuda:0', requires_grad=True)
parameters of the network fc4.bias 
 torch.Size([6796]) 
 True 
 tensor([-0.0843, -0.0333, -0.0526,  ...,  0.0673, -0.0066, -0.0236],
       device='cuda:0') 
 Parameter containing:
tensor([-0.0843, -0.0333, -0.0526,  ...,  0.0673, -0.0066, -0.0236],
       device='cuda:0', requires_grad=True)

Passing event 1007 from the network before training input tensor([[0., 0., 0.,  ..., 0., 0., 0.],
        [0., 0., 0.,  ..., 0., 0., 0.],
        [0., 0., 0.,  ..., 0., 0., 0.],
        ...,
        [0., 0., 0.,  ..., 0., 0., 0.],
        [0., 0., 0.,  ..., 0., 0., 0.],
        [0., 0., 0.,  ..., 0., 0., 0.]]) 
result1: tensor([[0.4795, 0.4996, 0.4882,  ..., 0.5165, 0.5062, 0.4962],
        [0.4795, 0.4996, 0.4882,  ..., 0.5165, 0.5062, 0.4963],
        [0.4795, 0.4996, 0.4882,  ..., 0.5165, 0.5062, 0.4962],
        ...,
        [0.4795, 0.4996, 0.4882,  ..., 0.5166, 0.5062, 0.4962],
        [0.4795, 0.4996, 0.4882,  ..., 0.5166, 0.5062, 0.4963],
        [0.4795, 0.4997, 0.4882,  ..., 0.5166, 0.5062, 0.4962]],
       device='cuda:0', grad_fn=<SigmoidBackward0>) 
result1.shape: torch.Size([20, 6796])

Passing two random events from the network before training 
result1: tensor([[0.4795, 0.4996, 0.4882,  ..., 0.5165, 0.5062, 0.4962],
        [0.4795, 0.4996, 0.4882,  ..., 0.5165, 0.5062, 0.4963],
        [0.4795, 0.4996, 0.4882,  ..., 0.5165, 0.5062, 0.4962],
        ...,
        [0.4795, 0.4996, 0.4882,  ..., 0.5166, 0.5062, 0.4962],
        [0.4795, 0.4996, 0.4882,  ..., 0.5166, 0.5062, 0.4963],
        [0.4795, 0.4997, 0.4882,  ..., 0.5166, 0.5062, 0.4962]],
       device='cuda:0', grad_fn=<SigmoidBackward0>) 
result1.shape: torch.Size([20, 6796]) 
input: [[0. 0. 0. ... 0. 0. 0.]
 [0. 0. 0. ... 0. 0. 0.]
 [0. 0. 0. ... 0. 0. 0.]
 ...
 [0. 0. 0. ... 0. 0. 0.]
 [0. 0. 0. ... 0. 0. 0.]
 [0. 0. 0. ... 0. 0. 0.]]
=> loading checkpoint from /hpcfs/bes/mlgpu/hoseinkk/MLTracking/otherparticles/pppipi/pyt_pppipi_cnn_1/checkpoint_dir/1999840284saved_checkpoint.tar



load_model True 
TraEvN 19998 
BatchSize 30.0 
EpochNum 40 
LrVal 0.0001 
weight_decay 5e-05 
startmesh 284 
endmesh 285 




real	0m50.450s
user	1m3.737s
sys	0m7.092s
