0: cmsgpu001.ihep.ac.cn
GPU 0: NVIDIA A100-PCIE-40GB (UUID: GPU-83673d1f-01b2-490d-5bc6-a84aaf3ddc65)
Allocate GPU cards : 0

modinfo:
filename:       /lib/modules/3.10.0-1160.71.1.el7.x86_64/extra/nvidia.ko.xz
firmware:       nvidia/515.65.01/gsp.bin
alias:          char-major-195-*
version:        515.65.01
supported:      external
license:        NVIDIA
retpoline:      Y
rhelversion:    7.9
srcversion:     8049D44E2C1B08F41E1B8A6
alias:          pci:v000010DEd*sv*sd*bc06sc80i00*
alias:          pci:v000010DEd*sv*sd*bc03sc02i00*
alias:          pci:v000010DEd*sv*sd*bc03sc00i00*
depends:        drm
vermagic:       3.10.0-1160.71.1.el7.x86_64 SMP mod_unload modversions 
signer:         DKMS module signing key
sig_key:        9B:9E:55:A9:86:D9:50:0B:6D:2D:9F:BA:A7:E6:45:39:D4:DD:5F:C6
sig_hashalgo:   sha512
parm:           NvSwitchRegDwords:NvSwitch regkey (charp)
parm:           NvSwitchBlacklist:NvSwitchBlacklist=uuid[,uuid...] (charp)
parm:           NVreg_ResmanDebugLevel:int
parm:           NVreg_RmLogonRC:int
parm:           NVreg_ModifyDeviceFiles:int
parm:           NVreg_DeviceFileUID:int
parm:           NVreg_DeviceFileGID:int
parm:           NVreg_DeviceFileMode:int
parm:           NVreg_InitializeSystemMemoryAllocations:int
parm:           NVreg_UsePageAttributeTable:int
parm:           NVreg_EnablePCIeGen3:int
parm:           NVreg_EnableMSI:int
parm:           NVreg_TCEBypassMode:int
parm:           NVreg_EnableStreamMemOPs:int
parm:           NVreg_RestrictProfilingToAdminUsers:int
parm:           NVreg_PreserveVideoMemoryAllocations:int
parm:           NVreg_EnableS0ixPowerManagement:int
parm:           NVreg_S0ixPowerManagementVideoMemoryThreshold:int
parm:           NVreg_DynamicPowerManagement:int
parm:           NVreg_DynamicPowerManagementVideoMemoryThreshold:int
parm:           NVreg_EnableGpuFirmware:int
parm:           NVreg_EnableGpuFirmwareLogs:int
parm:           NVreg_OpenRmEnableUnsupportedGpus:int
parm:           NVreg_EnableUserNUMAManagement:int
parm:           NVreg_MemoryPoolSize:int
parm:           NVreg_KMallocHeapMaxSize:int
parm:           NVreg_VMallocHeapMaxSize:int
parm:           NVreg_IgnoreMMIOCheck:int
parm:           NVreg_NvLinkDisable:int
parm:           NVreg_EnablePCIERelaxedOrderingMode:int
parm:           NVreg_RegisterPCIDriver:int
parm:           NVreg_EnableDbgBreakpoint:int
parm:           NVreg_RegistryDwords:charp
parm:           NVreg_RegistryDwordsPerDevice:charp
parm:           NVreg_RmMsg:charp
parm:           NVreg_GpuBlacklist:charp
parm:           NVreg_TemporaryFilePath:charp
parm:           NVreg_ExcludedGpus:charp
parm:           NVreg_DmaRemapPeerMmio:int
parm:           rm_firmware_active:charp

nvidia-smi:
Mon Aug 29 14:40:43 2022       
+-----------------------------------------------------------------------------+
| NVIDIA-SMI 515.65.01    Driver Version: 515.65.01    CUDA Version: 11.7     |
|-------------------------------+----------------------+----------------------+
| GPU  Name        Persistence-M| Bus-Id        Disp.A | Volatile Uncorr. ECC |
| Fan  Temp  Perf  Pwr:Usage/Cap|         Memory-Usage | GPU-Util  Compute M. |
|                               |                      |               MIG M. |
|===============================+======================+======================|
|   0  NVIDIA A100-PCI...  On   | 00000000:3B:00.0 Off |                    0 |
| N/A   23C    P0    32W / 250W |      0MiB / 40960MiB |      0%      Default |
|                               |                      |             Disabled |
+-------------------------------+----------------------+----------------------+
                                                                               
+-----------------------------------------------------------------------------+
| Processes:                                                                  |
|  GPU   GI   CI        PID   Type   Process name                  GPU Memory |
|        ID   ID                                                   Usage      |
|=============================================================================|
|  No running processes found                                                 |
+-----------------------------------------------------------------------------+

nvcc --version:
nvcc: NVIDIA (R) Cuda compiler driver
Copyright (c) 2005-2021 NVIDIA Corporation
Built on Sun_Mar_21_19:15:46_PDT_2021
Cuda compilation tools, release 11.3, V11.3.58
Build cuda_11.3.r11.3/compiler.29745058_0

 torch version: 1.10.2

 cuda version: 11.3

 is cuda available: True

 CUDNN VERSION: 8200

 Number CUDA Devices: 1

 CUDA Device Name: NVIDIA A100-PCIE-40GB

 CUDA Device Total Memory [GB]: 42.358472704

 Device capability: (8, 0) 

 Cuda deviice: <torch.cuda.device object at 0x2b6d481b68e0> 

 Is cuda initialized: True

 CUDA_HOME: /hpcfs/bes/mlgpu/hoseinkk/Miniconda3/envs/dgl1

real	0m5.049s
user	0m2.632s
sys	0m1.161s
/hpcfs/bes/mlgpu/hoseinkk/Miniconda3/envs/dgl1/lib/python3.9/site-packages/cupy/_environment.py:438: UserWarning: 
--------------------------------------------------------------------------------

  CuPy may not function correctly because multiple CuPy packages are installed
  in your environment:

    cupy, cupy-cuda110

  Follow these steps to resolve this issue:

    1. For all packages listed above, run the following command to remove all
       existing CuPy installations:

         $ pip uninstall <package_name>

      If you previously installed CuPy via conda, also run the following:

         $ conda uninstall cupy

    2. Install the appropriate CuPy package.
       Refer to the Installation Guide for detailed instructions.

         https://docs.cupy.dev/en/stable/install.html

--------------------------------------------------------------------------------

  warnings.warn(f'''
/hpcfs/bes/mlgpu/hoseinkk/Miniconda3/envs/dgl1/lib/python3.9/site-packages/torch/nn/functional.py:1806: UserWarning: nn.functional.sigmoid is deprecated. Use torch.sigmoid instead.
  warnings.warn("nn.functional.sigmoid is deprecated. Use torch.sigmoid instead.")




 The Network ... 







 Loading data ... 



training set shape (20000, 43, 288) 
sum 5279207

target set shape (20000, 6796) 
sum 4575851
Net(
  (conv1): Conv2d(1, 256, kernel_size=(3, 3), stride=(1, 1))
  (conv2): Conv2d(256, 128, kernel_size=(3, 3), stride=(1, 1))
  (conv3): Conv2d(128, 64, kernel_size=(3, 3), stride=(1, 1))
  (fc1): Linear(in_features=667776, out_features=256, bias=True)
  (fc2): Linear(in_features=256, out_features=128, bias=True)
  (fc3): Linear(in_features=128, out_features=64, bias=True)
  (fc4): Linear(in_features=64, out_features=6796, bias=True)
)

number of the free parameters: 171805196
parameters of the network conv1.weight 
 torch.Size([256, 1, 3, 3]) 
 True 
 tensor([[[[-0.0082,  0.1529,  0.1729],
          [ 0.0991,  0.0821,  0.2843],
          [-0.0577,  0.1424, -0.0952]]],


        [[[-0.0886, -0.2866,  0.3324],
          [-0.2590,  0.1699, -0.2320],
          [-0.2927,  0.1393,  0.0898]]],


        [[[-0.3002, -0.1799, -0.0630],
          [-0.1629, -0.2710, -0.1890],
          [ 0.1760,  0.2358,  0.1020]]],


        ...,


        [[[ 0.0069,  0.0910,  0.2686],
          [ 0.0818, -0.3039, -0.2407],
          [ 0.1900, -0.2130, -0.0442]]],


        [[[-0.3054, -0.3198,  0.0823],
          [ 0.2388,  0.2635, -0.2241],
          [ 0.3213,  0.2775, -0.3283]]],


        [[[ 0.0010,  0.2989,  0.1106],
          [-0.0893,  0.1704,  0.2587],
          [-0.1512,  0.0356, -0.2146]]]], device='cuda:0') 
 Parameter containing:
tensor([[[[-0.0082,  0.1529,  0.1729],
          [ 0.0991,  0.0821,  0.2843],
          [-0.0577,  0.1424, -0.0952]]],


        [[[-0.0886, -0.2866,  0.3324],
          [-0.2590,  0.1699, -0.2320],
          [-0.2927,  0.1393,  0.0898]]],


        [[[-0.3002, -0.1799, -0.0630],
          [-0.1629, -0.2710, -0.1890],
          [ 0.1760,  0.2358,  0.1020]]],


        ...,


        [[[ 0.0069,  0.0910,  0.2686],
          [ 0.0818, -0.3039, -0.2407],
          [ 0.1900, -0.2130, -0.0442]]],


        [[[-0.3054, -0.3198,  0.0823],
          [ 0.2388,  0.2635, -0.2241],
          [ 0.3213,  0.2775, -0.3283]]],


        [[[ 0.0010,  0.2989,  0.1106],
          [-0.0893,  0.1704,  0.2587],
          [-0.1512,  0.0356, -0.2146]]]], device='cuda:0', requires_grad=True)
parameters of the network conv1.bias 
 torch.Size([256]) 
 True 
 tensor([-0.0007,  0.0586, -0.1498,  0.0617, -0.2145, -0.0495,  0.3093,  0.1692,
         0.1965,  0.1293, -0.2110,  0.2785, -0.1132,  0.2478,  0.2062, -0.2900,
         0.2823, -0.2448,  0.0060,  0.0801,  0.0653,  0.2295, -0.1466,  0.2175,
         0.2007,  0.0966,  0.2039, -0.1676,  0.3149, -0.1831, -0.2677, -0.3119,
         0.1259,  0.0345,  0.0847,  0.1400,  0.1158, -0.1806, -0.1955, -0.0067,
        -0.3100,  0.0719, -0.1496, -0.2412, -0.0784, -0.1343, -0.2113,  0.0515,
        -0.2981, -0.1283, -0.1578, -0.3259, -0.1433,  0.1875, -0.1633,  0.1186,
         0.1175, -0.2653,  0.1217, -0.1810,  0.2238, -0.3267, -0.3333, -0.0295,
         0.2040, -0.2961,  0.2340, -0.0092, -0.3107,  0.1948,  0.0049, -0.0671,
         0.0575, -0.0810,  0.0783,  0.3302, -0.2453, -0.2352,  0.0256, -0.2607,
         0.2254, -0.1026, -0.0152,  0.1822,  0.2256, -0.1408, -0.3329,  0.2901,
        -0.1201,  0.2632,  0.1479,  0.2284, -0.2366, -0.1024,  0.1056, -0.0923,
         0.0011, -0.3092,  0.1864, -0.1237, -0.1043,  0.1312, -0.2415,  0.0627,
        -0.3122,  0.0753, -0.0581, -0.2371, -0.2431, -0.0625,  0.1824, -0.2757,
         0.0619, -0.0177, -0.2638, -0.1257,  0.0019, -0.3290, -0.1060, -0.0111,
        -0.2705,  0.2648,  0.0850, -0.0862,  0.1565,  0.1292, -0.0724,  0.0491,
        -0.1251, -0.0525,  0.1144,  0.0513,  0.2430,  0.1475, -0.0145, -0.0208,
         0.2616,  0.3002,  0.2956,  0.3315,  0.0359, -0.0063,  0.0253,  0.1722,
         0.1120, -0.0118, -0.2925, -0.1075,  0.1036,  0.2287, -0.1382,  0.0045,
         0.2156, -0.0801, -0.0852,  0.1720,  0.2197, -0.0463, -0.2013,  0.1025,
         0.1751, -0.1720, -0.2075,  0.0584,  0.2993,  0.2464, -0.1375, -0.0693,
        -0.1504, -0.3006,  0.0892, -0.2883,  0.3207, -0.0258, -0.0251,  0.1799,
        -0.2990,  0.0485, -0.1031, -0.0134, -0.1422, -0.1489, -0.1400,  0.2044,
         0.3206, -0.3267,  0.1092, -0.2133, -0.0064,  0.2852, -0.3036,  0.1082,
         0.0623, -0.3144, -0.2386,  0.0362,  0.0731,  0.2212,  0.0894,  0.2050,
        -0.1308,  0.1800,  0.2525,  0.3121, -0.0474,  0.2415,  0.1093,  0.0005,
        -0.3120, -0.2155, -0.1019, -0.2015, -0.0366,  0.0954, -0.3282,  0.3325,
         0.2489,  0.0657,  0.2054,  0.2448, -0.3224,  0.2809, -0.2672, -0.1560,
         0.2378, -0.2203, -0.2656, -0.1542,  0.0205, -0.1841,  0.2321,  0.1842,
         0.1055, -0.0350, -0.3116,  0.2448,  0.2514, -0.3013,  0.1674, -0.2119,
        -0.1567,  0.0632,  0.3238, -0.0537,  0.2625,  0.0239,  0.2436, -0.1121,
        -0.0498, -0.0565,  0.1420, -0.2853, -0.1362, -0.3301, -0.3268, -0.2642],
       device='cuda:0') 
 Parameter containing:
tensor([-0.0007,  0.0586, -0.1498,  0.0617, -0.2145, -0.0495,  0.3093,  0.1692,
         0.1965,  0.1293, -0.2110,  0.2785, -0.1132,  0.2478,  0.2062, -0.2900,
         0.2823, -0.2448,  0.0060,  0.0801,  0.0653,  0.2295, -0.1466,  0.2175,
         0.2007,  0.0966,  0.2039, -0.1676,  0.3149, -0.1831, -0.2677, -0.3119,
         0.1259,  0.0345,  0.0847,  0.1400,  0.1158, -0.1806, -0.1955, -0.0067,
        -0.3100,  0.0719, -0.1496, -0.2412, -0.0784, -0.1343, -0.2113,  0.0515,
        -0.2981, -0.1283, -0.1578, -0.3259, -0.1433,  0.1875, -0.1633,  0.1186,
         0.1175, -0.2653,  0.1217, -0.1810,  0.2238, -0.3267, -0.3333, -0.0295,
         0.2040, -0.2961,  0.2340, -0.0092, -0.3107,  0.1948,  0.0049, -0.0671,
         0.0575, -0.0810,  0.0783,  0.3302, -0.2453, -0.2352,  0.0256, -0.2607,
         0.2254, -0.1026, -0.0152,  0.1822,  0.2256, -0.1408, -0.3329,  0.2901,
        -0.1201,  0.2632,  0.1479,  0.2284, -0.2366, -0.1024,  0.1056, -0.0923,
         0.0011, -0.3092,  0.1864, -0.1237, -0.1043,  0.1312, -0.2415,  0.0627,
        -0.3122,  0.0753, -0.0581, -0.2371, -0.2431, -0.0625,  0.1824, -0.2757,
         0.0619, -0.0177, -0.2638, -0.1257,  0.0019, -0.3290, -0.1060, -0.0111,
        -0.2705,  0.2648,  0.0850, -0.0862,  0.1565,  0.1292, -0.0724,  0.0491,
        -0.1251, -0.0525,  0.1144,  0.0513,  0.2430,  0.1475, -0.0145, -0.0208,
         0.2616,  0.3002,  0.2956,  0.3315,  0.0359, -0.0063,  0.0253,  0.1722,
         0.1120, -0.0118, -0.2925, -0.1075,  0.1036,  0.2287, -0.1382,  0.0045,
         0.2156, -0.0801, -0.0852,  0.1720,  0.2197, -0.0463, -0.2013,  0.1025,
         0.1751, -0.1720, -0.2075,  0.0584,  0.2993,  0.2464, -0.1375, -0.0693,
        -0.1504, -0.3006,  0.0892, -0.2883,  0.3207, -0.0258, -0.0251,  0.1799,
        -0.2990,  0.0485, -0.1031, -0.0134, -0.1422, -0.1489, -0.1400,  0.2044,
         0.3206, -0.3267,  0.1092, -0.2133, -0.0064,  0.2852, -0.3036,  0.1082,
         0.0623, -0.3144, -0.2386,  0.0362,  0.0731,  0.2212,  0.0894,  0.2050,
        -0.1308,  0.1800,  0.2525,  0.3121, -0.0474,  0.2415,  0.1093,  0.0005,
        -0.3120, -0.2155, -0.1019, -0.2015, -0.0366,  0.0954, -0.3282,  0.3325,
         0.2489,  0.0657,  0.2054,  0.2448, -0.3224,  0.2809, -0.2672, -0.1560,
         0.2378, -0.2203, -0.2656, -0.1542,  0.0205, -0.1841,  0.2321,  0.1842,
         0.1055, -0.0350, -0.3116,  0.2448,  0.2514, -0.3013,  0.1674, -0.2119,
        -0.1567,  0.0632,  0.3238, -0.0537,  0.2625,  0.0239,  0.2436, -0.1121,
        -0.0498, -0.0565,  0.1420, -0.2853, -0.1362, -0.3301, -0.3268, -0.2642],
       device='cuda:0', requires_grad=True)
parameters of the network conv2.weight 
 torch.Size([128, 256, 3, 3]) 
 True 
 tensor([[[[-1.5226e-02, -1.9682e-02,  8.0188e-03],
          [ 1.0848e-02, -5.6859e-03, -1.2254e-03],
          [ 6.5079e-03,  1.0094e-02,  1.6076e-02]],

         [[-1.9560e-02, -1.9093e-02, -9.7395e-03],
          [-1.6463e-04,  3.3327e-04,  3.0462e-03],
          [-7.5678e-03,  1.9676e-02,  1.1471e-02]],

         [[ 7.8534e-03, -1.5548e-02, -3.1456e-03],
          [ 1.2109e-02,  7.0084e-03, -5.5650e-03],
          [-1.5530e-02,  2.9452e-03, -1.1000e-02]],

         ...,

         [[ 2.0280e-02, -1.6707e-02,  1.8940e-02],
          [ 2.0539e-02,  1.5452e-04,  1.8284e-03],
          [ 1.8601e-02, -2.0241e-02, -1.4912e-02]],

         [[ 1.8108e-02, -1.0396e-02, -1.8720e-03],
          [ 3.3953e-03,  1.4145e-02, -7.8490e-03],
          [-1.1452e-03,  1.0319e-02, -1.2073e-02]],

         [[-1.0348e-02, -9.3144e-03, -1.9747e-02],
          [ 1.1701e-02,  1.1697e-02,  1.9524e-02],
          [-6.0876e-03,  4.9186e-03, -6.9259e-03]]],


        [[[ 4.8453e-03, -1.2871e-02, -3.9203e-03],
          [ 1.0225e-02,  6.4927e-03,  1.4931e-02],
          [ 1.5038e-03, -1.0821e-02,  1.9492e-02]],

         [[ 8.2480e-03, -2.7125e-03,  4.1117e-03],
          [-2.0754e-02, -4.6549e-03, -5.5504e-03],
          [ 1.4993e-02, -1.4123e-02,  9.0570e-03]],

         [[-6.9001e-03, -1.2868e-02, -7.5373e-03],
          [-1.3315e-02, -2.0402e-02,  2.0415e-02],
          [ 1.7611e-02, -1.4345e-02, -1.5241e-02]],

         ...,

         [[ 2.0706e-03, -1.0985e-02,  1.0613e-02],
          [-6.8554e-03,  1.5113e-02, -1.8612e-02],
          [-3.2024e-03,  9.1488e-03,  2.0052e-02]],

         [[-7.0564e-03, -3.3656e-03, -7.1489e-03],
          [-1.5639e-02,  1.1832e-02,  1.0070e-02],
          [ 1.2494e-02, -5.6384e-03,  6.9627e-03]],

         [[-4.4367e-03, -2.2632e-03,  6.5627e-04],
          [-1.6436e-02, -2.5552e-03, -1.0564e-03],
          [-1.2211e-02, -7.1205e-03, -3.5552e-03]]],


        [[[-8.8373e-03,  3.4988e-03,  1.6000e-02],
          [ 7.1604e-03, -2.2309e-03,  6.6920e-03],
          [-2.9369e-03,  1.5108e-02,  4.6277e-04]],

         [[-1.7669e-02,  1.7011e-02, -3.7973e-03],
          [-5.9946e-03,  1.6146e-02,  6.0547e-03],
          [-1.4051e-02, -2.0414e-02, -1.9853e-03]],

         [[-1.3038e-02, -2.0620e-02, -1.2336e-02],
          [-3.0361e-03, -6.1707e-03,  3.2339e-03],
          [ 1.2427e-02, -4.9254e-04,  1.9463e-02]],

         ...,

         [[ 4.7923e-03, -1.4618e-03, -1.3788e-02],
          [ 5.0020e-03,  1.0085e-02,  8.8941e-03],
          [-1.6339e-03, -1.5059e-02,  1.7283e-02]],

         [[ 1.1416e-02,  1.3253e-02,  1.8301e-02],
          [ 1.6034e-02, -1.7970e-02, -1.3739e-02],
          [-1.1309e-02,  1.9444e-02,  9.3574e-03]],

         [[-3.8703e-03, -1.5874e-02, -1.0685e-02],
          [-1.1590e-02,  6.1498e-03, -1.3881e-04],
          [-1.7505e-02, -9.1631e-03, -1.9422e-02]]],


        ...,


        [[[ 1.8767e-02,  1.6005e-02, -6.6238e-03],
          [-6.3928e-03, -5.5810e-03,  1.9785e-02],
          [ 2.8432e-03,  4.4928e-03, -1.4393e-02]],

         [[-1.0861e-02, -9.2004e-03, -1.3580e-02],
          [-1.5993e-02, -7.8311e-03,  5.1620e-03],
          [ 4.0707e-03, -9.7113e-03,  7.3168e-03]],

         [[ 1.0395e-02,  1.2140e-02,  2.5376e-03],
          [-1.7024e-02,  2.0143e-02, -1.5859e-02],
          [-1.5420e-02, -5.6468e-03, -5.6921e-03]],

         ...,

         [[-1.8847e-02, -1.8940e-02, -1.5614e-02],
          [ 1.9088e-02, -7.7927e-03, -1.2238e-02],
          [ 2.0712e-02, -2.0081e-02, -6.6453e-03]],

         [[-1.5651e-02, -1.4244e-02,  1.6937e-02],
          [ 4.5598e-04,  1.6569e-02, -1.8522e-02],
          [ 5.8582e-03,  1.5821e-02,  1.3726e-02]],

         [[ 1.3714e-02,  4.2812e-03, -9.8030e-03],
          [ 1.8228e-02,  7.1658e-03,  5.3229e-03],
          [-1.5948e-02,  2.0410e-02, -1.6334e-02]]],


        [[[ 1.0379e-02, -8.3172e-04,  4.3575e-03],
          [-1.9117e-02, -1.7471e-02, -1.0956e-02],
          [ 1.6513e-02,  3.8439e-03, -1.6790e-03]],

         [[ 1.9437e-02, -1.1153e-02, -1.7214e-03],
          [ 9.0406e-03, -2.0009e-02, -4.2976e-03],
          [-3.4406e-03,  1.0630e-02,  6.5202e-04]],

         [[ 4.8166e-03, -2.0129e-02,  4.8243e-03],
          [-4.5963e-03, -1.9432e-02, -1.9504e-02],
          [-1.9554e-02, -1.3599e-02,  7.9043e-05]],

         ...,

         [[ 1.7648e-02,  4.5927e-03,  5.9436e-03],
          [ 7.6524e-03,  1.3190e-02,  2.0665e-02],
          [ 1.9876e-03, -2.4913e-03, -2.0723e-03]],

         [[ 1.4923e-02, -1.8327e-02, -8.9178e-03],
          [ 5.1768e-03,  3.0276e-03, -8.3309e-03],
          [-2.3790e-03, -1.8812e-02,  3.5184e-03]],

         [[ 3.3205e-03,  8.0494e-03, -1.8178e-02],
          [-3.2652e-03, -5.7776e-03,  1.1678e-02],
          [ 1.6659e-02,  2.6651e-03,  1.3606e-02]]],


        [[[-2.0491e-02,  9.1804e-03, -3.9103e-03],
          [ 1.9969e-02, -1.0109e-02, -1.2550e-02],
          [ 1.5497e-02, -4.4389e-03, -1.9018e-02]],

         [[-7.6294e-03,  9.3190e-03, -8.3077e-04],
          [-7.5419e-03,  1.3297e-04, -8.4639e-03],
          [-8.0038e-03,  8.5378e-03,  2.7361e-05]],

         [[-8.4265e-03, -3.0266e-03, -9.3840e-03],
          [-8.9178e-03, -6.5588e-03, -1.7642e-02],
          [ 8.7230e-03, -1.4603e-02,  1.7840e-02]],

         ...,

         [[-1.5301e-02, -4.6696e-03,  1.1349e-02],
          [-7.1985e-03,  8.3950e-03, -1.1182e-02],
          [ 7.1294e-03, -4.2462e-03, -7.8605e-03]],

         [[ 1.8090e-02,  1.1269e-02, -2.0610e-02],
          [ 1.1700e-03,  6.2403e-03, -1.9813e-02],
          [ 5.5420e-04, -4.7699e-03, -1.0085e-02]],

         [[ 1.0487e-02, -8.6005e-03, -1.8282e-02],
          [-1.0251e-02, -2.0484e-02,  1.7658e-02],
          [ 9.4755e-03,  4.3403e-03,  2.0651e-02]]]], device='cuda:0') 
 Parameter containing:
tensor([[[[-1.5226e-02, -1.9682e-02,  8.0188e-03],
          [ 1.0848e-02, -5.6859e-03, -1.2254e-03],
          [ 6.5079e-03,  1.0094e-02,  1.6076e-02]],

         [[-1.9560e-02, -1.9093e-02, -9.7395e-03],
          [-1.6463e-04,  3.3327e-04,  3.0462e-03],
          [-7.5678e-03,  1.9676e-02,  1.1471e-02]],

         [[ 7.8534e-03, -1.5548e-02, -3.1456e-03],
          [ 1.2109e-02,  7.0084e-03, -5.5650e-03],
          [-1.5530e-02,  2.9452e-03, -1.1000e-02]],

         ...,

         [[ 2.0280e-02, -1.6707e-02,  1.8940e-02],
          [ 2.0539e-02,  1.5452e-04,  1.8284e-03],
          [ 1.8601e-02, -2.0241e-02, -1.4912e-02]],

         [[ 1.8108e-02, -1.0396e-02, -1.8720e-03],
          [ 3.3953e-03,  1.4145e-02, -7.8490e-03],
          [-1.1452e-03,  1.0319e-02, -1.2073e-02]],

         [[-1.0348e-02, -9.3144e-03, -1.9747e-02],
          [ 1.1701e-02,  1.1697e-02,  1.9524e-02],
          [-6.0876e-03,  4.9186e-03, -6.9259e-03]]],


        [[[ 4.8453e-03, -1.2871e-02, -3.9203e-03],
          [ 1.0225e-02,  6.4927e-03,  1.4931e-02],
          [ 1.5038e-03, -1.0821e-02,  1.9492e-02]],

         [[ 8.2480e-03, -2.7125e-03,  4.1117e-03],
          [-2.0754e-02, -4.6549e-03, -5.5504e-03],
          [ 1.4993e-02, -1.4123e-02,  9.0570e-03]],

         [[-6.9001e-03, -1.2868e-02, -7.5373e-03],
          [-1.3315e-02, -2.0402e-02,  2.0415e-02],
          [ 1.7611e-02, -1.4345e-02, -1.5241e-02]],

         ...,

         [[ 2.0706e-03, -1.0985e-02,  1.0613e-02],
          [-6.8554e-03,  1.5113e-02, -1.8612e-02],
          [-3.2024e-03,  9.1488e-03,  2.0052e-02]],

         [[-7.0564e-03, -3.3656e-03, -7.1489e-03],
          [-1.5639e-02,  1.1832e-02,  1.0070e-02],
          [ 1.2494e-02, -5.6384e-03,  6.9627e-03]],

         [[-4.4367e-03, -2.2632e-03,  6.5627e-04],
          [-1.6436e-02, -2.5552e-03, -1.0564e-03],
          [-1.2211e-02, -7.1205e-03, -3.5552e-03]]],


        [[[-8.8373e-03,  3.4988e-03,  1.6000e-02],
          [ 7.1604e-03, -2.2309e-03,  6.6920e-03],
          [-2.9369e-03,  1.5108e-02,  4.6277e-04]],

         [[-1.7669e-02,  1.7011e-02, -3.7973e-03],
          [-5.9946e-03,  1.6146e-02,  6.0547e-03],
          [-1.4051e-02, -2.0414e-02, -1.9853e-03]],

         [[-1.3038e-02, -2.0620e-02, -1.2336e-02],
          [-3.0361e-03, -6.1707e-03,  3.2339e-03],
          [ 1.2427e-02, -4.9254e-04,  1.9463e-02]],

         ...,

         [[ 4.7923e-03, -1.4618e-03, -1.3788e-02],
          [ 5.0020e-03,  1.0085e-02,  8.8941e-03],
          [-1.6339e-03, -1.5059e-02,  1.7283e-02]],

         [[ 1.1416e-02,  1.3253e-02,  1.8301e-02],
          [ 1.6034e-02, -1.7970e-02, -1.3739e-02],
          [-1.1309e-02,  1.9444e-02,  9.3574e-03]],

         [[-3.8703e-03, -1.5874e-02, -1.0685e-02],
          [-1.1590e-02,  6.1498e-03, -1.3881e-04],
          [-1.7505e-02, -9.1631e-03, -1.9422e-02]]],


        ...,


        [[[ 1.8767e-02,  1.6005e-02, -6.6238e-03],
          [-6.3928e-03, -5.5810e-03,  1.9785e-02],
          [ 2.8432e-03,  4.4928e-03, -1.4393e-02]],

         [[-1.0861e-02, -9.2004e-03, -1.3580e-02],
          [-1.5993e-02, -7.8311e-03,  5.1620e-03],
          [ 4.0707e-03, -9.7113e-03,  7.3168e-03]],

         [[ 1.0395e-02,  1.2140e-02,  2.5376e-03],
          [-1.7024e-02,  2.0143e-02, -1.5859e-02],
          [-1.5420e-02, -5.6468e-03, -5.6921e-03]],

         ...,

         [[-1.8847e-02, -1.8940e-02, -1.5614e-02],
          [ 1.9088e-02, -7.7927e-03, -1.2238e-02],
          [ 2.0712e-02, -2.0081e-02, -6.6453e-03]],

         [[-1.5651e-02, -1.4244e-02,  1.6937e-02],
          [ 4.5598e-04,  1.6569e-02, -1.8522e-02],
          [ 5.8582e-03,  1.5821e-02,  1.3726e-02]],

         [[ 1.3714e-02,  4.2812e-03, -9.8030e-03],
          [ 1.8228e-02,  7.1658e-03,  5.3229e-03],
          [-1.5948e-02,  2.0410e-02, -1.6334e-02]]],


        [[[ 1.0379e-02, -8.3172e-04,  4.3575e-03],
          [-1.9117e-02, -1.7471e-02, -1.0956e-02],
          [ 1.6513e-02,  3.8439e-03, -1.6790e-03]],

         [[ 1.9437e-02, -1.1153e-02, -1.7214e-03],
          [ 9.0406e-03, -2.0009e-02, -4.2976e-03],
          [-3.4406e-03,  1.0630e-02,  6.5202e-04]],

         [[ 4.8166e-03, -2.0129e-02,  4.8243e-03],
          [-4.5963e-03, -1.9432e-02, -1.9504e-02],
          [-1.9554e-02, -1.3599e-02,  7.9043e-05]],

         ...,

         [[ 1.7648e-02,  4.5927e-03,  5.9436e-03],
          [ 7.6524e-03,  1.3190e-02,  2.0665e-02],
          [ 1.9876e-03, -2.4913e-03, -2.0723e-03]],

         [[ 1.4923e-02, -1.8327e-02, -8.9178e-03],
          [ 5.1768e-03,  3.0276e-03, -8.3309e-03],
          [-2.3790e-03, -1.8812e-02,  3.5184e-03]],

         [[ 3.3205e-03,  8.0494e-03, -1.8178e-02],
          [-3.2652e-03, -5.7776e-03,  1.1678e-02],
          [ 1.6659e-02,  2.6651e-03,  1.3606e-02]]],


        [[[-2.0491e-02,  9.1804e-03, -3.9103e-03],
          [ 1.9969e-02, -1.0109e-02, -1.2550e-02],
          [ 1.5497e-02, -4.4389e-03, -1.9018e-02]],

         [[-7.6294e-03,  9.3190e-03, -8.3077e-04],
          [-7.5419e-03,  1.3297e-04, -8.4639e-03],
          [-8.0038e-03,  8.5378e-03,  2.7361e-05]],

         [[-8.4265e-03, -3.0266e-03, -9.3840e-03],
          [-8.9178e-03, -6.5588e-03, -1.7642e-02],
          [ 8.7230e-03, -1.4603e-02,  1.7840e-02]],

         ...,

         [[-1.5301e-02, -4.6696e-03,  1.1349e-02],
          [-7.1985e-03,  8.3950e-03, -1.1182e-02],
          [ 7.1294e-03, -4.2462e-03, -7.8605e-03]],

         [[ 1.8090e-02,  1.1269e-02, -2.0610e-02],
          [ 1.1700e-03,  6.2403e-03, -1.9813e-02],
          [ 5.5420e-04, -4.7699e-03, -1.0085e-02]],

         [[ 1.0487e-02, -8.6005e-03, -1.8282e-02],
          [-1.0251e-02, -2.0484e-02,  1.7658e-02],
          [ 9.4755e-03,  4.3403e-03,  2.0651e-02]]]], device='cuda:0',
       requires_grad=True)
parameters of the network conv2.bias 
 torch.Size([128]) 
 True 
 tensor([-1.0144e-02, -1.9083e-03,  3.6752e-03,  1.8005e-02, -5.0286e-03,
         3.8725e-03,  4.6919e-03, -1.5080e-02,  2.0101e-02, -1.8783e-02,
         1.7846e-02, -1.5513e-02, -1.0942e-02, -1.3669e-02, -1.7149e-02,
        -7.1717e-03, -1.7510e-02,  7.3986e-03,  2.4061e-03, -1.1855e-03,
        -1.0554e-02, -1.9935e-02,  1.9830e-02, -2.9966e-03,  1.2117e-02,
         1.2410e-02,  1.2223e-03,  1.8984e-02,  1.7840e-02, -4.1156e-04,
        -9.0111e-03,  1.3790e-03,  1.4733e-02,  1.4013e-03, -6.8524e-03,
         1.0602e-02, -6.2230e-03, -1.9444e-02, -1.3865e-02, -1.1059e-03,
        -1.4529e-02, -1.2064e-02,  8.2041e-03,  1.8808e-03,  2.0742e-03,
         1.6689e-02,  1.9653e-02, -6.3577e-03, -1.4931e-02,  1.2652e-02,
        -1.4790e-02,  1.4054e-02, -1.2772e-02,  7.8138e-04, -1.5962e-02,
         2.7603e-03,  1.3260e-03, -9.4728e-03,  1.5601e-02,  6.8696e-03,
        -1.8326e-02,  1.7674e-02, -1.3571e-02,  1.6627e-02,  3.2748e-03,
        -1.5593e-02, -1.0200e-02, -1.6057e-03,  1.8332e-02,  7.6225e-04,
        -2.0833e-02, -7.4171e-03,  9.4226e-03,  1.4988e-02,  1.7830e-02,
         1.3204e-03,  2.1517e-03,  1.5306e-02, -1.6203e-02,  1.4996e-02,
         1.9330e-02,  3.9367e-03,  7.6464e-03, -1.0730e-02, -3.4249e-03,
         1.4799e-02, -5.1550e-03, -1.8227e-02,  1.9005e-02, -1.2032e-02,
         3.1744e-03,  3.9520e-03, -1.9193e-02,  1.7675e-02,  1.6624e-02,
        -1.9994e-02, -9.0842e-03, -1.6916e-02,  1.6044e-02, -5.8038e-03,
         1.5484e-02, -1.7701e-02, -1.7926e-02, -1.1758e-02,  1.5028e-02,
        -1.8717e-02,  5.8168e-03, -3.2189e-03,  5.7173e-03,  7.0277e-04,
        -2.0142e-02, -4.6981e-03, -1.1688e-02, -1.9740e-02, -3.2567e-03,
         1.2062e-02, -1.0695e-03,  2.0400e-02,  7.2782e-03,  6.4635e-03,
        -7.3104e-03, -1.8268e-02, -6.3489e-05,  1.5435e-02,  1.2978e-02,
        -2.5612e-03, -1.9423e-02,  7.9712e-03], device='cuda:0') 
 Parameter containing:
tensor([-1.0144e-02, -1.9083e-03,  3.6752e-03,  1.8005e-02, -5.0286e-03,
         3.8725e-03,  4.6919e-03, -1.5080e-02,  2.0101e-02, -1.8783e-02,
         1.7846e-02, -1.5513e-02, -1.0942e-02, -1.3669e-02, -1.7149e-02,
        -7.1717e-03, -1.7510e-02,  7.3986e-03,  2.4061e-03, -1.1855e-03,
        -1.0554e-02, -1.9935e-02,  1.9830e-02, -2.9966e-03,  1.2117e-02,
         1.2410e-02,  1.2223e-03,  1.8984e-02,  1.7840e-02, -4.1156e-04,
        -9.0111e-03,  1.3790e-03,  1.4733e-02,  1.4013e-03, -6.8524e-03,
         1.0602e-02, -6.2230e-03, -1.9444e-02, -1.3865e-02, -1.1059e-03,
        -1.4529e-02, -1.2064e-02,  8.2041e-03,  1.8808e-03,  2.0742e-03,
         1.6689e-02,  1.9653e-02, -6.3577e-03, -1.4931e-02,  1.2652e-02,
        -1.4790e-02,  1.4054e-02, -1.2772e-02,  7.8138e-04, -1.5962e-02,
         2.7603e-03,  1.3260e-03, -9.4728e-03,  1.5601e-02,  6.8696e-03,
        -1.8326e-02,  1.7674e-02, -1.3571e-02,  1.6627e-02,  3.2748e-03,
        -1.5593e-02, -1.0200e-02, -1.6057e-03,  1.8332e-02,  7.6225e-04,
        -2.0833e-02, -7.4171e-03,  9.4226e-03,  1.4988e-02,  1.7830e-02,
         1.3204e-03,  2.1517e-03,  1.5306e-02, -1.6203e-02,  1.4996e-02,
         1.9330e-02,  3.9367e-03,  7.6464e-03, -1.0730e-02, -3.4249e-03,
         1.4799e-02, -5.1550e-03, -1.8227e-02,  1.9005e-02, -1.2032e-02,
         3.1744e-03,  3.9520e-03, -1.9193e-02,  1.7675e-02,  1.6624e-02,
        -1.9994e-02, -9.0842e-03, -1.6916e-02,  1.6044e-02, -5.8038e-03,
         1.5484e-02, -1.7701e-02, -1.7926e-02, -1.1758e-02,  1.5028e-02,
        -1.8717e-02,  5.8168e-03, -3.2189e-03,  5.7173e-03,  7.0277e-04,
        -2.0142e-02, -4.6981e-03, -1.1688e-02, -1.9740e-02, -3.2567e-03,
         1.2062e-02, -1.0695e-03,  2.0400e-02,  7.2782e-03,  6.4635e-03,
        -7.3104e-03, -1.8268e-02, -6.3489e-05,  1.5435e-02,  1.2978e-02,
        -2.5612e-03, -1.9423e-02,  7.9712e-03], device='cuda:0',
       requires_grad=True)
parameters of the network conv3.weight 
 torch.Size([64, 128, 3, 3]) 
 True 
 tensor([[[[ 0.0086, -0.0058,  0.0015],
          [ 0.0086,  0.0259,  0.0167],
          [ 0.0019, -0.0124, -0.0105]],

         [[ 0.0138,  0.0081, -0.0091],
          [-0.0017, -0.0069, -0.0257],
          [ 0.0110, -0.0284,  0.0137]],

         [[ 0.0049, -0.0253,  0.0293],
          [-0.0180,  0.0254, -0.0116],
          [-0.0031,  0.0178,  0.0084]],

         ...,

         [[-0.0254,  0.0233,  0.0158],
          [-0.0176, -0.0271,  0.0219],
          [-0.0037,  0.0083,  0.0292]],

         [[ 0.0234, -0.0040, -0.0021],
          [-0.0051, -0.0087, -0.0150],
          [-0.0285,  0.0009, -0.0165]],

         [[ 0.0264,  0.0122, -0.0211],
          [-0.0254,  0.0250,  0.0263],
          [-0.0079,  0.0009, -0.0109]]],


        [[[-0.0209, -0.0293,  0.0176],
          [ 0.0111,  0.0195,  0.0012],
          [-0.0080, -0.0212, -0.0245]],

         [[-0.0013,  0.0018, -0.0149],
          [-0.0242,  0.0070,  0.0248],
          [-0.0050,  0.0158, -0.0026]],

         [[-0.0206, -0.0062, -0.0023],
          [-0.0025, -0.0007,  0.0138],
          [-0.0234,  0.0271, -0.0027]],

         ...,

         [[ 0.0280, -0.0051,  0.0072],
          [ 0.0203, -0.0235,  0.0150],
          [ 0.0234, -0.0184, -0.0059]],

         [[-0.0078,  0.0114,  0.0002],
          [ 0.0247, -0.0241,  0.0038],
          [ 0.0096, -0.0145, -0.0234]],

         [[-0.0292, -0.0164,  0.0266],
          [-0.0218,  0.0141,  0.0238],
          [-0.0279, -0.0129, -0.0252]]],


        [[[ 0.0103, -0.0146,  0.0159],
          [ 0.0271, -0.0177, -0.0202],
          [-0.0003, -0.0220,  0.0228]],

         [[-0.0222,  0.0182,  0.0199],
          [-0.0084,  0.0087,  0.0096],
          [ 0.0238,  0.0189, -0.0096]],

         [[ 0.0171, -0.0025,  0.0184],
          [-0.0066, -0.0180,  0.0148],
          [-0.0032,  0.0277, -0.0098]],

         ...,

         [[-0.0030, -0.0167,  0.0017],
          [ 0.0259, -0.0041,  0.0226],
          [ 0.0115, -0.0143,  0.0287]],

         [[-0.0188,  0.0089,  0.0009],
          [ 0.0120,  0.0066,  0.0080],
          [ 0.0017,  0.0201,  0.0011]],

         [[-0.0006, -0.0085,  0.0198],
          [ 0.0117, -0.0080,  0.0102],
          [ 0.0086,  0.0157, -0.0274]]],


        ...,


        [[[ 0.0085,  0.0063,  0.0289],
          [-0.0188, -0.0141,  0.0097],
          [ 0.0242,  0.0247, -0.0100]],

         [[ 0.0243, -0.0187,  0.0107],
          [ 0.0022,  0.0289, -0.0253],
          [ 0.0189,  0.0195,  0.0174]],

         [[ 0.0131, -0.0013,  0.0269],
          [-0.0184, -0.0277,  0.0044],
          [ 0.0085,  0.0177,  0.0154]],

         ...,

         [[-0.0057,  0.0278,  0.0027],
          [-0.0202,  0.0184, -0.0026],
          [ 0.0203,  0.0275,  0.0265]],

         [[-0.0294, -0.0220, -0.0096],
          [-0.0010, -0.0202,  0.0010],
          [ 0.0261,  0.0131,  0.0168]],

         [[ 0.0254, -0.0129,  0.0203],
          [ 0.0288, -0.0266, -0.0157],
          [-0.0048,  0.0185,  0.0200]]],


        [[[ 0.0230, -0.0193,  0.0120],
          [-0.0101, -0.0026, -0.0132],
          [-0.0085, -0.0225,  0.0089]],

         [[ 0.0097,  0.0080,  0.0215],
          [ 0.0193, -0.0103,  0.0051],
          [-0.0029,  0.0022,  0.0293]],

         [[ 0.0008,  0.0140, -0.0281],
          [ 0.0062, -0.0017, -0.0115],
          [-0.0107, -0.0010,  0.0168]],

         ...,

         [[ 0.0104, -0.0066, -0.0002],
          [ 0.0280,  0.0079,  0.0055],
          [-0.0193,  0.0224,  0.0159]],

         [[ 0.0115,  0.0107, -0.0195],
          [-0.0294, -0.0053,  0.0109],
          [-0.0288, -0.0231,  0.0226]],

         [[-0.0111,  0.0227, -0.0163],
          [ 0.0051, -0.0238,  0.0272],
          [ 0.0225, -0.0169,  0.0201]]],


        [[[-0.0145, -0.0264, -0.0268],
          [-0.0257,  0.0292,  0.0212],
          [ 0.0141,  0.0223, -0.0222]],

         [[ 0.0064, -0.0179, -0.0067],
          [-0.0234, -0.0083, -0.0168],
          [ 0.0139, -0.0002, -0.0018]],

         [[ 0.0010,  0.0092,  0.0083],
          [-0.0294, -0.0013,  0.0039],
          [ 0.0231, -0.0162,  0.0019]],

         ...,

         [[ 0.0104, -0.0063,  0.0184],
          [ 0.0281,  0.0113,  0.0058],
          [ 0.0095, -0.0175,  0.0084]],

         [[-0.0150, -0.0185,  0.0228],
          [ 0.0217,  0.0290, -0.0094],
          [ 0.0045,  0.0014, -0.0291]],

         [[-0.0137, -0.0273,  0.0207],
          [-0.0199,  0.0284,  0.0219],
          [-0.0113,  0.0207,  0.0211]]]], device='cuda:0') 
 Parameter containing:
tensor([[[[ 0.0086, -0.0058,  0.0015],
          [ 0.0086,  0.0259,  0.0167],
          [ 0.0019, -0.0124, -0.0105]],

         [[ 0.0138,  0.0081, -0.0091],
          [-0.0017, -0.0069, -0.0257],
          [ 0.0110, -0.0284,  0.0137]],

         [[ 0.0049, -0.0253,  0.0293],
          [-0.0180,  0.0254, -0.0116],
          [-0.0031,  0.0178,  0.0084]],

         ...,

         [[-0.0254,  0.0233,  0.0158],
          [-0.0176, -0.0271,  0.0219],
          [-0.0037,  0.0083,  0.0292]],

         [[ 0.0234, -0.0040, -0.0021],
          [-0.0051, -0.0087, -0.0150],
          [-0.0285,  0.0009, -0.0165]],

         [[ 0.0264,  0.0122, -0.0211],
          [-0.0254,  0.0250,  0.0263],
          [-0.0079,  0.0009, -0.0109]]],


        [[[-0.0209, -0.0293,  0.0176],
          [ 0.0111,  0.0195,  0.0012],
          [-0.0080, -0.0212, -0.0245]],

         [[-0.0013,  0.0018, -0.0149],
          [-0.0242,  0.0070,  0.0248],
          [-0.0050,  0.0158, -0.0026]],

         [[-0.0206, -0.0062, -0.0023],
          [-0.0025, -0.0007,  0.0138],
          [-0.0234,  0.0271, -0.0027]],

         ...,

         [[ 0.0280, -0.0051,  0.0072],
          [ 0.0203, -0.0235,  0.0150],
          [ 0.0234, -0.0184, -0.0059]],

         [[-0.0078,  0.0114,  0.0002],
          [ 0.0247, -0.0241,  0.0038],
          [ 0.0096, -0.0145, -0.0234]],

         [[-0.0292, -0.0164,  0.0266],
          [-0.0218,  0.0141,  0.0238],
          [-0.0279, -0.0129, -0.0252]]],


        [[[ 0.0103, -0.0146,  0.0159],
          [ 0.0271, -0.0177, -0.0202],
          [-0.0003, -0.0220,  0.0228]],

         [[-0.0222,  0.0182,  0.0199],
          [-0.0084,  0.0087,  0.0096],
          [ 0.0238,  0.0189, -0.0096]],

         [[ 0.0171, -0.0025,  0.0184],
          [-0.0066, -0.0180,  0.0148],
          [-0.0032,  0.0277, -0.0098]],

         ...,

         [[-0.0030, -0.0167,  0.0017],
          [ 0.0259, -0.0041,  0.0226],
          [ 0.0115, -0.0143,  0.0287]],

         [[-0.0188,  0.0089,  0.0009],
          [ 0.0120,  0.0066,  0.0080],
          [ 0.0017,  0.0201,  0.0011]],

         [[-0.0006, -0.0085,  0.0198],
          [ 0.0117, -0.0080,  0.0102],
          [ 0.0086,  0.0157, -0.0274]]],


        ...,


        [[[ 0.0085,  0.0063,  0.0289],
          [-0.0188, -0.0141,  0.0097],
          [ 0.0242,  0.0247, -0.0100]],

         [[ 0.0243, -0.0187,  0.0107],
          [ 0.0022,  0.0289, -0.0253],
          [ 0.0189,  0.0195,  0.0174]],

         [[ 0.0131, -0.0013,  0.0269],
          [-0.0184, -0.0277,  0.0044],
          [ 0.0085,  0.0177,  0.0154]],

         ...,

         [[-0.0057,  0.0278,  0.0027],
          [-0.0202,  0.0184, -0.0026],
          [ 0.0203,  0.0275,  0.0265]],

         [[-0.0294, -0.0220, -0.0096],
          [-0.0010, -0.0202,  0.0010],
          [ 0.0261,  0.0131,  0.0168]],

         [[ 0.0254, -0.0129,  0.0203],
          [ 0.0288, -0.0266, -0.0157],
          [-0.0048,  0.0185,  0.0200]]],


        [[[ 0.0230, -0.0193,  0.0120],
          [-0.0101, -0.0026, -0.0132],
          [-0.0085, -0.0225,  0.0089]],

         [[ 0.0097,  0.0080,  0.0215],
          [ 0.0193, -0.0103,  0.0051],
          [-0.0029,  0.0022,  0.0293]],

         [[ 0.0008,  0.0140, -0.0281],
          [ 0.0062, -0.0017, -0.0115],
          [-0.0107, -0.0010,  0.0168]],

         ...,

         [[ 0.0104, -0.0066, -0.0002],
          [ 0.0280,  0.0079,  0.0055],
          [-0.0193,  0.0224,  0.0159]],

         [[ 0.0115,  0.0107, -0.0195],
          [-0.0294, -0.0053,  0.0109],
          [-0.0288, -0.0231,  0.0226]],

         [[-0.0111,  0.0227, -0.0163],
          [ 0.0051, -0.0238,  0.0272],
          [ 0.0225, -0.0169,  0.0201]]],


        [[[-0.0145, -0.0264, -0.0268],
          [-0.0257,  0.0292,  0.0212],
          [ 0.0141,  0.0223, -0.0222]],

         [[ 0.0064, -0.0179, -0.0067],
          [-0.0234, -0.0083, -0.0168],
          [ 0.0139, -0.0002, -0.0018]],

         [[ 0.0010,  0.0092,  0.0083],
          [-0.0294, -0.0013,  0.0039],
          [ 0.0231, -0.0162,  0.0019]],

         ...,

         [[ 0.0104, -0.0063,  0.0184],
          [ 0.0281,  0.0113,  0.0058],
          [ 0.0095, -0.0175,  0.0084]],

         [[-0.0150, -0.0185,  0.0228],
          [ 0.0217,  0.0290, -0.0094],
          [ 0.0045,  0.0014, -0.0291]],

         [[-0.0137, -0.0273,  0.0207],
          [-0.0199,  0.0284,  0.0219],
          [-0.0113,  0.0207,  0.0211]]]], device='cuda:0', requires_grad=True)
parameters of the network conv3.bias 
 torch.Size([64]) 
 True 
 tensor([ 0.0109,  0.0020, -0.0180,  0.0226, -0.0179,  0.0218, -0.0208, -0.0093,
        -0.0173, -0.0207,  0.0152,  0.0126,  0.0157, -0.0134,  0.0287, -0.0259,
        -0.0059,  0.0169,  0.0157, -0.0155, -0.0057,  0.0011, -0.0114, -0.0107,
        -0.0107, -0.0251, -0.0255,  0.0151, -0.0064, -0.0076,  0.0167,  0.0144,
        -0.0225,  0.0122,  0.0275, -0.0021, -0.0168, -0.0023, -0.0087, -0.0191,
        -0.0237,  0.0281,  0.0155, -0.0064,  0.0009,  0.0266, -0.0188, -0.0254,
        -0.0123, -0.0236,  0.0261,  0.0257,  0.0069, -0.0228, -0.0129, -0.0117,
        -0.0139, -0.0135, -0.0007, -0.0269,  0.0211,  0.0180, -0.0113,  0.0201],
       device='cuda:0') 
 Parameter containing:
tensor([ 0.0109,  0.0020, -0.0180,  0.0226, -0.0179,  0.0218, -0.0208, -0.0093,
        -0.0173, -0.0207,  0.0152,  0.0126,  0.0157, -0.0134,  0.0287, -0.0259,
        -0.0059,  0.0169,  0.0157, -0.0155, -0.0057,  0.0011, -0.0114, -0.0107,
        -0.0107, -0.0251, -0.0255,  0.0151, -0.0064, -0.0076,  0.0167,  0.0144,
        -0.0225,  0.0122,  0.0275, -0.0021, -0.0168, -0.0023, -0.0087, -0.0191,
        -0.0237,  0.0281,  0.0155, -0.0064,  0.0009,  0.0266, -0.0188, -0.0254,
        -0.0123, -0.0236,  0.0261,  0.0257,  0.0069, -0.0228, -0.0129, -0.0117,
        -0.0139, -0.0135, -0.0007, -0.0269,  0.0211,  0.0180, -0.0113,  0.0201],
       device='cuda:0', requires_grad=True)
parameters of the network fc1.weight 
 torch.Size([256, 667776]) 
 True 
 tensor([[ 7.9121e-04, -9.1247e-04,  2.1654e-05,  ..., -5.1811e-04,
          7.9703e-04, -1.2410e-04],
        [ 9.7516e-05, -9.9564e-04,  9.6027e-04,  ..., -7.2045e-04,
         -4.2799e-04, -1.2111e-04],
        [-7.0883e-04, -9.9064e-04, -1.0522e-03,  ..., -6.1793e-04,
         -8.5706e-04, -1.6249e-04],
        ...,
        [-2.5628e-04,  1.0704e-04,  7.1311e-04,  ...,  6.4565e-04,
         -3.0068e-05, -7.3789e-04],
        [-5.2047e-04, -4.1362e-04, -6.6057e-04,  ...,  6.9589e-04,
          5.4718e-04,  1.9899e-06],
        [ 1.0199e-03, -9.3951e-04, -8.6857e-04,  ...,  1.1818e-03,
          7.1766e-04,  6.7468e-05]], device='cuda:0') 
 Parameter containing:
tensor([[ 7.9121e-04, -9.1247e-04,  2.1654e-05,  ..., -5.1811e-04,
          7.9703e-04, -1.2410e-04],
        [ 9.7516e-05, -9.9564e-04,  9.6027e-04,  ..., -7.2045e-04,
         -4.2799e-04, -1.2111e-04],
        [-7.0883e-04, -9.9064e-04, -1.0522e-03,  ..., -6.1793e-04,
         -8.5706e-04, -1.6249e-04],
        ...,
        [-2.5628e-04,  1.0704e-04,  7.1311e-04,  ...,  6.4565e-04,
         -3.0068e-05, -7.3789e-04],
        [-5.2047e-04, -4.1362e-04, -6.6057e-04,  ...,  6.9589e-04,
          5.4718e-04,  1.9899e-06],
        [ 1.0199e-03, -9.3951e-04, -8.6857e-04,  ...,  1.1818e-03,
          7.1766e-04,  6.7468e-05]], device='cuda:0', requires_grad=True)
parameters of the network fc1.bias 
 torch.Size([256]) 
 True 
 tensor([ 2.8042e-04, -3.6441e-05,  9.8260e-04,  2.6185e-05, -6.8421e-04,
        -4.0407e-05, -5.2082e-04, -1.1382e-03,  7.6490e-04, -7.8519e-04,
        -1.0618e-03, -1.0416e-03, -1.0113e-03,  1.3457e-04,  2.9693e-04,
         7.1388e-04, -5.0069e-04,  4.3062e-04, -1.0599e-03,  4.5670e-04,
        -1.1352e-03, -7.0994e-04,  2.4534e-04,  4.1612e-04,  6.7543e-04,
         1.1555e-03, -8.2058e-04, -3.8099e-04, -1.8621e-04,  9.9396e-04,
         3.4192e-04,  1.8395e-04, -6.2700e-04, -6.5262e-04, -4.1406e-04,
        -1.5088e-04,  2.9400e-04,  8.3810e-05,  3.8853e-04,  8.1972e-04,
        -9.5204e-04, -3.9167e-04,  3.1292e-04,  8.9902e-04, -1.1188e-03,
        -7.3699e-04, -1.0748e-03,  2.4911e-04, -3.3959e-04,  2.5532e-04,
         5.2112e-04, -1.0180e-03,  5.7711e-04, -5.0409e-04, -2.4147e-04,
        -1.1745e-03, -2.5370e-04,  4.7154e-05,  5.4557e-04,  1.0018e-03,
         6.9036e-04, -3.1843e-04,  1.7064e-04, -3.9113e-04, -4.5318e-04,
         7.3249e-04,  8.3613e-04, -8.0661e-04, -7.8910e-04, -1.1135e-03,
        -7.9757e-04,  1.0118e-03, -3.4067e-04, -8.0048e-04, -9.1687e-04,
         3.1264e-04,  1.1873e-03,  4.6064e-04, -5.8389e-04,  5.4038e-04,
         1.1887e-03,  8.0365e-04,  1.1609e-03, -1.2132e-03, -5.2832e-04,
         6.7355e-04,  8.2790e-04, -6.3368e-05,  8.5325e-04,  8.7842e-04,
         9.7152e-04, -9.6308e-04, -3.7536e-05, -1.8937e-04, -4.1492e-04,
         5.3641e-04,  6.7100e-04,  3.0637e-04,  1.1439e-04, -2.8704e-04,
         9.6777e-04,  1.2023e-04,  7.2179e-04, -3.0912e-04,  8.7874e-04,
         6.3505e-04,  1.0917e-03,  8.3715e-04,  4.8014e-04, -9.4856e-05,
         7.3245e-04,  6.6386e-04, -1.1640e-03, -7.2089e-04,  1.0853e-04,
         1.1137e-03, -4.7018e-04, -7.8347e-04,  1.1234e-05, -1.0299e-03,
        -1.1117e-03, -1.0246e-03, -5.6983e-04, -5.2120e-04,  1.3784e-04,
        -9.1914e-04,  7.3681e-04,  7.4025e-04, -1.3215e-04, -1.9236e-04,
        -5.4951e-04, -4.8917e-04,  1.0524e-03, -9.7553e-05,  3.0633e-04,
        -3.3641e-05,  1.0977e-03,  1.5541e-04, -1.0833e-03,  7.6721e-04,
         8.3975e-04,  8.1997e-04, -6.8815e-04, -4.9909e-04,  5.5495e-04,
         1.1989e-03, -1.7460e-04, -1.6665e-04, -8.2556e-04, -1.0480e-03,
         9.3962e-04,  8.1950e-05, -3.4795e-04, -2.1143e-04,  3.0385e-06,
        -1.1030e-04, -4.8893e-04,  4.7432e-04,  1.1782e-03,  1.1267e-03,
         1.1722e-03, -1.0965e-03,  1.7602e-05,  8.4884e-04, -5.8735e-04,
        -7.6201e-04,  1.1523e-03,  9.1776e-04,  2.4914e-04, -8.3948e-04,
        -1.0990e-03, -6.8548e-05,  3.4115e-04, -7.8195e-04, -9.3094e-04,
        -8.2945e-04, -1.1403e-03,  1.7729e-04,  5.1358e-04, -3.7455e-04,
         1.4912e-04,  2.4996e-04, -6.6635e-05,  4.1717e-04,  1.0550e-03,
        -3.6514e-04, -2.4553e-04, -5.0506e-05, -8.6595e-04, -5.6873e-04,
        -1.2082e-03, -1.0246e-03,  3.3599e-04,  7.1347e-04,  1.1925e-03,
         5.1764e-04, -3.8774e-04, -1.8368e-04, -3.1500e-04, -1.1163e-03,
         1.6061e-04,  2.6874e-04, -8.5402e-04,  5.9806e-04, -1.3998e-04,
         5.5096e-05,  2.7875e-04, -6.2736e-05, -1.1594e-04, -5.0254e-04,
         3.8908e-04, -1.2063e-03,  2.5717e-04, -5.5247e-04, -6.9193e-04,
         2.4738e-04, -1.1570e-03, -1.0056e-03, -7.5459e-04,  1.8092e-04,
        -7.9627e-04, -1.5720e-04, -1.4490e-04,  3.9594e-04,  5.3395e-04,
        -1.9888e-04, -1.0616e-03, -4.2070e-04, -4.2624e-04, -3.6506e-05,
         9.6103e-04,  1.2405e-04,  7.0239e-05, -6.1328e-04,  1.0102e-03,
        -8.6687e-04,  1.0968e-03, -6.6946e-04,  5.4753e-04,  3.6473e-04,
        -3.9244e-04,  6.6508e-04,  5.1042e-04,  4.2198e-05, -1.1036e-03,
        -1.1323e-03,  5.5251e-04,  1.1765e-03, -2.8552e-05, -1.6906e-04,
         3.2127e-04,  5.5708e-04, -9.4596e-04, -3.4245e-04, -2.0943e-04,
         2.6609e-04], device='cuda:0') 
 Parameter containing:
tensor([ 2.8042e-04, -3.6441e-05,  9.8260e-04,  2.6185e-05, -6.8421e-04,
        -4.0407e-05, -5.2082e-04, -1.1382e-03,  7.6490e-04, -7.8519e-04,
        -1.0618e-03, -1.0416e-03, -1.0113e-03,  1.3457e-04,  2.9693e-04,
         7.1388e-04, -5.0069e-04,  4.3062e-04, -1.0599e-03,  4.5670e-04,
        -1.1352e-03, -7.0994e-04,  2.4534e-04,  4.1612e-04,  6.7543e-04,
         1.1555e-03, -8.2058e-04, -3.8099e-04, -1.8621e-04,  9.9396e-04,
         3.4192e-04,  1.8395e-04, -6.2700e-04, -6.5262e-04, -4.1406e-04,
        -1.5088e-04,  2.9400e-04,  8.3810e-05,  3.8853e-04,  8.1972e-04,
        -9.5204e-04, -3.9167e-04,  3.1292e-04,  8.9902e-04, -1.1188e-03,
        -7.3699e-04, -1.0748e-03,  2.4911e-04, -3.3959e-04,  2.5532e-04,
         5.2112e-04, -1.0180e-03,  5.7711e-04, -5.0409e-04, -2.4147e-04,
        -1.1745e-03, -2.5370e-04,  4.7154e-05,  5.4557e-04,  1.0018e-03,
         6.9036e-04, -3.1843e-04,  1.7064e-04, -3.9113e-04, -4.5318e-04,
         7.3249e-04,  8.3613e-04, -8.0661e-04, -7.8910e-04, -1.1135e-03,
        -7.9757e-04,  1.0118e-03, -3.4067e-04, -8.0048e-04, -9.1687e-04,
         3.1264e-04,  1.1873e-03,  4.6064e-04, -5.8389e-04,  5.4038e-04,
         1.1887e-03,  8.0365e-04,  1.1609e-03, -1.2132e-03, -5.2832e-04,
         6.7355e-04,  8.2790e-04, -6.3368e-05,  8.5325e-04,  8.7842e-04,
         9.7152e-04, -9.6308e-04, -3.7536e-05, -1.8937e-04, -4.1492e-04,
         5.3641e-04,  6.7100e-04,  3.0637e-04,  1.1439e-04, -2.8704e-04,
         9.6777e-04,  1.2023e-04,  7.2179e-04, -3.0912e-04,  8.7874e-04,
         6.3505e-04,  1.0917e-03,  8.3715e-04,  4.8014e-04, -9.4856e-05,
         7.3245e-04,  6.6386e-04, -1.1640e-03, -7.2089e-04,  1.0853e-04,
         1.1137e-03, -4.7018e-04, -7.8347e-04,  1.1234e-05, -1.0299e-03,
        -1.1117e-03, -1.0246e-03, -5.6983e-04, -5.2120e-04,  1.3784e-04,
        -9.1914e-04,  7.3681e-04,  7.4025e-04, -1.3215e-04, -1.9236e-04,
        -5.4951e-04, -4.8917e-04,  1.0524e-03, -9.7553e-05,  3.0633e-04,
        -3.3641e-05,  1.0977e-03,  1.5541e-04, -1.0833e-03,  7.6721e-04,
         8.3975e-04,  8.1997e-04, -6.8815e-04, -4.9909e-04,  5.5495e-04,
         1.1989e-03, -1.7460e-04, -1.6665e-04, -8.2556e-04, -1.0480e-03,
         9.3962e-04,  8.1950e-05, -3.4795e-04, -2.1143e-04,  3.0385e-06,
        -1.1030e-04, -4.8893e-04,  4.7432e-04,  1.1782e-03,  1.1267e-03,
         1.1722e-03, -1.0965e-03,  1.7602e-05,  8.4884e-04, -5.8735e-04,
        -7.6201e-04,  1.1523e-03,  9.1776e-04,  2.4914e-04, -8.3948e-04,
        -1.0990e-03, -6.8548e-05,  3.4115e-04, -7.8195e-04, -9.3094e-04,
        -8.2945e-04, -1.1403e-03,  1.7729e-04,  5.1358e-04, -3.7455e-04,
         1.4912e-04,  2.4996e-04, -6.6635e-05,  4.1717e-04,  1.0550e-03,
        -3.6514e-04, -2.4553e-04, -5.0506e-05, -8.6595e-04, -5.6873e-04,
        -1.2082e-03, -1.0246e-03,  3.3599e-04,  7.1347e-04,  1.1925e-03,
         5.1764e-04, -3.8774e-04, -1.8368e-04, -3.1500e-04, -1.1163e-03,
         1.6061e-04,  2.6874e-04, -8.5402e-04,  5.9806e-04, -1.3998e-04,
         5.5096e-05,  2.7875e-04, -6.2736e-05, -1.1594e-04, -5.0254e-04,
         3.8908e-04, -1.2063e-03,  2.5717e-04, -5.5247e-04, -6.9193e-04,
         2.4738e-04, -1.1570e-03, -1.0056e-03, -7.5459e-04,  1.8092e-04,
        -7.9627e-04, -1.5720e-04, -1.4490e-04,  3.9594e-04,  5.3395e-04,
        -1.9888e-04, -1.0616e-03, -4.2070e-04, -4.2624e-04, -3.6506e-05,
         9.6103e-04,  1.2405e-04,  7.0239e-05, -6.1328e-04,  1.0102e-03,
        -8.6687e-04,  1.0968e-03, -6.6946e-04,  5.4753e-04,  3.6473e-04,
        -3.9244e-04,  6.6508e-04,  5.1042e-04,  4.2198e-05, -1.1036e-03,
        -1.1323e-03,  5.5251e-04,  1.1765e-03, -2.8552e-05, -1.6906e-04,
         3.2127e-04,  5.5708e-04, -9.4596e-04, -3.4245e-04, -2.0943e-04,
         2.6609e-04], device='cuda:0', requires_grad=True)
parameters of the network fc2.weight 
 torch.Size([128, 256]) 
 True 
 tensor([[-0.0191,  0.0554,  0.0188,  ..., -0.0146, -0.0089, -0.0550],
        [ 0.0504, -0.0460, -0.0126,  ..., -0.0445,  0.0428,  0.0211],
        [ 0.0384, -0.0127, -0.0520,  ..., -0.0419,  0.0442, -0.0602],
        ...,
        [-0.0093, -0.0219,  0.0540,  ..., -0.0297, -0.0600, -0.0253],
        [-0.0177, -0.0431, -0.0452,  ...,  0.0303,  0.0308,  0.0310],
        [ 0.0455, -0.0296,  0.0019,  ...,  0.0396,  0.0434,  0.0009]],
       device='cuda:0') 
 Parameter containing:
tensor([[-0.0191,  0.0554,  0.0188,  ..., -0.0146, -0.0089, -0.0550],
        [ 0.0504, -0.0460, -0.0126,  ..., -0.0445,  0.0428,  0.0211],
        [ 0.0384, -0.0127, -0.0520,  ..., -0.0419,  0.0442, -0.0602],
        ...,
        [-0.0093, -0.0219,  0.0540,  ..., -0.0297, -0.0600, -0.0253],
        [-0.0177, -0.0431, -0.0452,  ...,  0.0303,  0.0308,  0.0310],
        [ 0.0455, -0.0296,  0.0019,  ...,  0.0396,  0.0434,  0.0009]],
       device='cuda:0', requires_grad=True)
parameters of the network fc2.bias 
 torch.Size([128]) 
 True 
 tensor([-0.0526,  0.0466,  0.0136,  0.0600, -0.0385,  0.0546,  0.0077, -0.0110,
         0.0209, -0.0197,  0.0231,  0.0466, -0.0236, -0.0318,  0.0512, -0.0569,
         0.0624,  0.0181,  0.0167, -0.0119,  0.0598,  0.0067,  0.0597, -0.0320,
         0.0513, -0.0618, -0.0099, -0.0374, -0.0038,  0.0395,  0.0109, -0.0192,
        -0.0488,  0.0127, -0.0367, -0.0335,  0.0441,  0.0031, -0.0082, -0.0044,
        -0.0085,  0.0502, -0.0204,  0.0387,  0.0095,  0.0055, -0.0468, -0.0591,
         0.0550, -0.0290, -0.0119,  0.0247,  0.0340, -0.0372,  0.0599, -0.0610,
         0.0043,  0.0137,  0.0020, -0.0435, -0.0124, -0.0573, -0.0432,  0.0619,
        -0.0056, -0.0558,  0.0246,  0.0129, -0.0242, -0.0150, -0.0286, -0.0145,
        -0.0469,  0.0205, -0.0509,  0.0057,  0.0114, -0.0208, -0.0071, -0.0262,
         0.0521,  0.0017, -0.0170, -0.0428,  0.0065, -0.0141,  0.0153,  0.0302,
        -0.0190,  0.0464,  0.0150, -0.0077, -0.0340, -0.0407,  0.0220, -0.0113,
         0.0287,  0.0563, -0.0460,  0.0183,  0.0409, -0.0406, -0.0428, -0.0548,
         0.0272,  0.0001, -0.0414, -0.0521, -0.0166,  0.0146, -0.0467,  0.0280,
         0.0418, -0.0160, -0.0553, -0.0022,  0.0267,  0.0119,  0.0146, -0.0226,
         0.0318,  0.0202,  0.0258, -0.0311,  0.0187, -0.0567, -0.0244, -0.0444],
       device='cuda:0') 
 Parameter containing:
tensor([-0.0526,  0.0466,  0.0136,  0.0600, -0.0385,  0.0546,  0.0077, -0.0110,
         0.0209, -0.0197,  0.0231,  0.0466, -0.0236, -0.0318,  0.0512, -0.0569,
         0.0624,  0.0181,  0.0167, -0.0119,  0.0598,  0.0067,  0.0597, -0.0320,
         0.0513, -0.0618, -0.0099, -0.0374, -0.0038,  0.0395,  0.0109, -0.0192,
        -0.0488,  0.0127, -0.0367, -0.0335,  0.0441,  0.0031, -0.0082, -0.0044,
        -0.0085,  0.0502, -0.0204,  0.0387,  0.0095,  0.0055, -0.0468, -0.0591,
         0.0550, -0.0290, -0.0119,  0.0247,  0.0340, -0.0372,  0.0599, -0.0610,
         0.0043,  0.0137,  0.0020, -0.0435, -0.0124, -0.0573, -0.0432,  0.0619,
        -0.0056, -0.0558,  0.0246,  0.0129, -0.0242, -0.0150, -0.0286, -0.0145,
        -0.0469,  0.0205, -0.0509,  0.0057,  0.0114, -0.0208, -0.0071, -0.0262,
         0.0521,  0.0017, -0.0170, -0.0428,  0.0065, -0.0141,  0.0153,  0.0302,
        -0.0190,  0.0464,  0.0150, -0.0077, -0.0340, -0.0407,  0.0220, -0.0113,
         0.0287,  0.0563, -0.0460,  0.0183,  0.0409, -0.0406, -0.0428, -0.0548,
         0.0272,  0.0001, -0.0414, -0.0521, -0.0166,  0.0146, -0.0467,  0.0280,
         0.0418, -0.0160, -0.0553, -0.0022,  0.0267,  0.0119,  0.0146, -0.0226,
         0.0318,  0.0202,  0.0258, -0.0311,  0.0187, -0.0567, -0.0244, -0.0444],
       device='cuda:0', requires_grad=True)
parameters of the network fc3.weight 
 torch.Size([64, 128]) 
 True 
 tensor([[-0.0032, -0.0013,  0.0025,  ..., -0.0658,  0.0387, -0.0736],
        [-0.0547, -0.0304, -0.0414,  ...,  0.0313,  0.0630,  0.0109],
        [-0.0691, -0.0532,  0.0483,  ..., -0.0828,  0.0442,  0.0173],
        ...,
        [-0.0746, -0.0600,  0.0039,  ...,  0.0194, -0.0709, -0.0446],
        [ 0.0666,  0.0274, -0.0432,  ..., -0.0378, -0.0725, -0.0444],
        [-0.0685, -0.0400,  0.0676,  ..., -0.0455, -0.0121,  0.0486]],
       device='cuda:0') 
 Parameter containing:
tensor([[-0.0032, -0.0013,  0.0025,  ..., -0.0658,  0.0387, -0.0736],
        [-0.0547, -0.0304, -0.0414,  ...,  0.0313,  0.0630,  0.0109],
        [-0.0691, -0.0532,  0.0483,  ..., -0.0828,  0.0442,  0.0173],
        ...,
        [-0.0746, -0.0600,  0.0039,  ...,  0.0194, -0.0709, -0.0446],
        [ 0.0666,  0.0274, -0.0432,  ..., -0.0378, -0.0725, -0.0444],
        [-0.0685, -0.0400,  0.0676,  ..., -0.0455, -0.0121,  0.0486]],
       device='cuda:0', requires_grad=True)
parameters of the network fc3.bias 
 torch.Size([64]) 
 True 
 tensor([-0.0605,  0.0319, -0.0640, -0.0881, -0.0847, -0.0642,  0.0650,  0.0050,
        -0.0081, -0.0416,  0.0381,  0.0793, -0.0196,  0.0231, -0.0010,  0.0340,
        -0.0596, -0.0326, -0.0308,  0.0063,  0.0672, -0.0155, -0.0685,  0.0371,
         0.0316, -0.0804,  0.0780,  0.0133,  0.0714,  0.0843, -0.0343, -0.0434,
        -0.0135,  0.0415, -0.0582,  0.0274, -0.0701,  0.0488, -0.0453, -0.0076,
         0.0545, -0.0386,  0.0563,  0.0127, -0.0472, -0.0461,  0.0247, -0.0859,
         0.0127, -0.0083, -0.0239, -0.0743, -0.0734, -0.0220, -0.0446,  0.0296,
        -0.0296,  0.0815,  0.0633,  0.0661,  0.0463,  0.0558,  0.0113, -0.0691],
       device='cuda:0') 
 Parameter containing:
tensor([-0.0605,  0.0319, -0.0640, -0.0881, -0.0847, -0.0642,  0.0650,  0.0050,
        -0.0081, -0.0416,  0.0381,  0.0793, -0.0196,  0.0231, -0.0010,  0.0340,
        -0.0596, -0.0326, -0.0308,  0.0063,  0.0672, -0.0155, -0.0685,  0.0371,
         0.0316, -0.0804,  0.0780,  0.0133,  0.0714,  0.0843, -0.0343, -0.0434,
        -0.0135,  0.0415, -0.0582,  0.0274, -0.0701,  0.0488, -0.0453, -0.0076,
         0.0545, -0.0386,  0.0563,  0.0127, -0.0472, -0.0461,  0.0247, -0.0859,
         0.0127, -0.0083, -0.0239, -0.0743, -0.0734, -0.0220, -0.0446,  0.0296,
        -0.0296,  0.0815,  0.0633,  0.0661,  0.0463,  0.0558,  0.0113, -0.0691],
       device='cuda:0', requires_grad=True)
parameters of the network fc4.weight 
 torch.Size([6796, 64]) 
 True 
 tensor([[ 0.1157,  0.1208, -0.1079,  ..., -0.1231,  0.0954, -0.0377],
        [ 0.0102,  0.1052,  0.0083,  ..., -0.1106,  0.0257, -0.0503],
        [ 0.0099, -0.1018, -0.1169,  ..., -0.0859,  0.0207,  0.0674],
        ...,
        [ 0.0406,  0.0337, -0.0093,  ...,  0.1011,  0.1061, -0.0005],
        [-0.0204, -0.0907,  0.1105,  ...,  0.0870,  0.1194,  0.0034],
        [-0.0503, -0.1076,  0.1089,  ..., -0.0718, -0.0822, -0.0401]],
       device='cuda:0') 
 Parameter containing:
tensor([[ 0.1157,  0.1208, -0.1079,  ..., -0.1231,  0.0954, -0.0377],
        [ 0.0102,  0.1052,  0.0083,  ..., -0.1106,  0.0257, -0.0503],
        [ 0.0099, -0.1018, -0.1169,  ..., -0.0859,  0.0207,  0.0674],
        ...,
        [ 0.0406,  0.0337, -0.0093,  ...,  0.1011,  0.1061, -0.0005],
        [-0.0204, -0.0907,  0.1105,  ...,  0.0870,  0.1194,  0.0034],
        [-0.0503, -0.1076,  0.1089,  ..., -0.0718, -0.0822, -0.0401]],
       device='cuda:0', requires_grad=True)
parameters of the network fc4.bias 
 torch.Size([6796]) 
 True 
 tensor([ 0.0006,  0.0197,  0.0926,  ..., -0.1160,  0.0954,  0.0795],
       device='cuda:0') 
 Parameter containing:
tensor([ 0.0006,  0.0197,  0.0926,  ..., -0.1160,  0.0954,  0.0795],
       device='cuda:0', requires_grad=True)
Traceback (most recent call last):
  File "/hpcfs/bes/mlgpu/hoseinkk/MLTracking/otherparticles/pppipi/pyt_pppipi_cnn_1/./Model.py", line 106, in <module>
    fig.colorbar(ax3.matshow(sitonsquare(result1[EvBTr]), aspect=2, extent=[0, 288, 0, 43], origin='lower')\
IndexError: index 1007 is out of bounds for dimension 0 with size 20

real	0m15.175s
user	0m9.486s
sys	0m3.941s
