0: cmsgpu001.ihep.ac.cn
GPU 0: NVIDIA A100-PCIE-40GB (UUID: GPU-83673d1f-01b2-490d-5bc6-a84aaf3ddc65)
Allocate GPU cards : 0

modinfo:
filename:       /lib/modules/3.10.0-1160.71.1.el7.x86_64/extra/nvidia.ko.xz
firmware:       nvidia/515.65.01/gsp.bin
alias:          char-major-195-*
version:        515.65.01
supported:      external
license:        NVIDIA
retpoline:      Y
rhelversion:    7.9
srcversion:     8049D44E2C1B08F41E1B8A6
alias:          pci:v000010DEd*sv*sd*bc06sc80i00*
alias:          pci:v000010DEd*sv*sd*bc03sc02i00*
alias:          pci:v000010DEd*sv*sd*bc03sc00i00*
depends:        drm
vermagic:       3.10.0-1160.71.1.el7.x86_64 SMP mod_unload modversions 
signer:         DKMS module signing key
sig_key:        9B:9E:55:A9:86:D9:50:0B:6D:2D:9F:BA:A7:E6:45:39:D4:DD:5F:C6
sig_hashalgo:   sha512
parm:           NvSwitchRegDwords:NvSwitch regkey (charp)
parm:           NvSwitchBlacklist:NvSwitchBlacklist=uuid[,uuid...] (charp)
parm:           NVreg_ResmanDebugLevel:int
parm:           NVreg_RmLogonRC:int
parm:           NVreg_ModifyDeviceFiles:int
parm:           NVreg_DeviceFileUID:int
parm:           NVreg_DeviceFileGID:int
parm:           NVreg_DeviceFileMode:int
parm:           NVreg_InitializeSystemMemoryAllocations:int
parm:           NVreg_UsePageAttributeTable:int
parm:           NVreg_EnablePCIeGen3:int
parm:           NVreg_EnableMSI:int
parm:           NVreg_TCEBypassMode:int
parm:           NVreg_EnableStreamMemOPs:int
parm:           NVreg_RestrictProfilingToAdminUsers:int
parm:           NVreg_PreserveVideoMemoryAllocations:int
parm:           NVreg_EnableS0ixPowerManagement:int
parm:           NVreg_S0ixPowerManagementVideoMemoryThreshold:int
parm:           NVreg_DynamicPowerManagement:int
parm:           NVreg_DynamicPowerManagementVideoMemoryThreshold:int
parm:           NVreg_EnableGpuFirmware:int
parm:           NVreg_EnableGpuFirmwareLogs:int
parm:           NVreg_OpenRmEnableUnsupportedGpus:int
parm:           NVreg_EnableUserNUMAManagement:int
parm:           NVreg_MemoryPoolSize:int
parm:           NVreg_KMallocHeapMaxSize:int
parm:           NVreg_VMallocHeapMaxSize:int
parm:           NVreg_IgnoreMMIOCheck:int
parm:           NVreg_NvLinkDisable:int
parm:           NVreg_EnablePCIERelaxedOrderingMode:int
parm:           NVreg_RegisterPCIDriver:int
parm:           NVreg_EnableDbgBreakpoint:int
parm:           NVreg_RegistryDwords:charp
parm:           NVreg_RegistryDwordsPerDevice:charp
parm:           NVreg_RmMsg:charp
parm:           NVreg_GpuBlacklist:charp
parm:           NVreg_TemporaryFilePath:charp
parm:           NVreg_ExcludedGpus:charp
parm:           NVreg_DmaRemapPeerMmio:int
parm:           rm_firmware_active:charp

nvidia-smi:
Mon Aug 29 14:36:51 2022       
+-----------------------------------------------------------------------------+
| NVIDIA-SMI 515.65.01    Driver Version: 515.65.01    CUDA Version: 11.7     |
|-------------------------------+----------------------+----------------------+
| GPU  Name        Persistence-M| Bus-Id        Disp.A | Volatile Uncorr. ECC |
| Fan  Temp  Perf  Pwr:Usage/Cap|         Memory-Usage | GPU-Util  Compute M. |
|                               |                      |               MIG M. |
|===============================+======================+======================|
|   0  NVIDIA A100-PCI...  On   | 00000000:3B:00.0 Off |                    0 |
| N/A   22C    P0    32W / 250W |      0MiB / 40960MiB |      0%      Default |
|                               |                      |             Disabled |
+-------------------------------+----------------------+----------------------+
                                                                               
+-----------------------------------------------------------------------------+
| Processes:                                                                  |
|  GPU   GI   CI        PID   Type   Process name                  GPU Memory |
|        ID   ID                                                   Usage      |
|=============================================================================|
|  No running processes found                                                 |
+-----------------------------------------------------------------------------+

nvcc --version:
nvcc: NVIDIA (R) Cuda compiler driver
Copyright (c) 2005-2021 NVIDIA Corporation
Built on Sun_Mar_21_19:15:46_PDT_2021
Cuda compilation tools, release 11.3, V11.3.58
Build cuda_11.3.r11.3/compiler.29745058_0

 torch version: 1.10.2

 cuda version: 11.3

 is cuda available: True

 CUDNN VERSION: 8200

 Number CUDA Devices: 1

 CUDA Device Name: NVIDIA A100-PCIE-40GB

 CUDA Device Total Memory [GB]: 42.358472704

 Device capability: (8, 0) 

 Cuda deviice: <torch.cuda.device object at 0x2b2084a138e0> 

 Is cuda initialized: True

 CUDA_HOME: /hpcfs/bes/mlgpu/hoseinkk/Miniconda3/envs/dgl1

real	0m5.111s
user	0m2.683s
sys	0m1.182s
/hpcfs/bes/mlgpu/hoseinkk/Miniconda3/envs/dgl1/lib/python3.9/site-packages/cupy/_environment.py:438: UserWarning: 
--------------------------------------------------------------------------------

  CuPy may not function correctly because multiple CuPy packages are installed
  in your environment:

    cupy, cupy-cuda110

  Follow these steps to resolve this issue:

    1. For all packages listed above, run the following command to remove all
       existing CuPy installations:

         $ pip uninstall <package_name>

      If you previously installed CuPy via conda, also run the following:

         $ conda uninstall cupy

    2. Install the appropriate CuPy package.
       Refer to the Installation Guide for detailed instructions.

         https://docs.cupy.dev/en/stable/install.html

--------------------------------------------------------------------------------

  warnings.warn(f'''
/hpcfs/bes/mlgpu/hoseinkk/Miniconda3/envs/dgl1/lib/python3.9/site-packages/torch/nn/functional.py:1806: UserWarning: nn.functional.sigmoid is deprecated. Use torch.sigmoid instead.
  warnings.warn("nn.functional.sigmoid is deprecated. Use torch.sigmoid instead.")




 The Network ... 







 Loading data ... 



training set shape (20000, 43, 288) 
sum 5279207

target set shape (20000, 6796) 
sum 4575851
Net(
  (conv1): Conv2d(1, 256, kernel_size=(3, 3), stride=(1, 1))
  (conv2): Conv2d(256, 128, kernel_size=(3, 3), stride=(1, 1))
  (conv3): Conv2d(128, 64, kernel_size=(3, 3), stride=(1, 1))
  (fc1): Linear(in_features=667776, out_features=256, bias=True)
  (fc2): Linear(in_features=256, out_features=128, bias=True)
  (fc3): Linear(in_features=128, out_features=64, bias=True)
  (fc4): Linear(in_features=64, out_features=6796, bias=True)
)

number of the free parameters: 171805196
parameters of the network conv1.weight 
 torch.Size([256, 1, 3, 3]) 
 True 
 tensor([[[[ 0.0672, -0.2178,  0.2796],
          [ 0.3235,  0.2370,  0.2672],
          [ 0.2507, -0.0265,  0.1877]]],


        [[[-0.0329, -0.2475,  0.1101],
          [ 0.0516, -0.1610, -0.1532],
          [ 0.0405, -0.2478, -0.2046]]],


        [[[-0.1349, -0.1619,  0.3180],
          [ 0.2578,  0.0595,  0.2704],
          [ 0.0172,  0.0640,  0.3333]]],


        ...,


        [[[-0.1255,  0.0519, -0.3163],
          [-0.2864,  0.3323, -0.2232],
          [-0.2561, -0.1262,  0.1176]]],


        [[[-0.0343,  0.2303, -0.0595],
          [-0.2342,  0.1353,  0.0665],
          [ 0.3158, -0.2196, -0.3161]]],


        [[[ 0.1263,  0.1557, -0.0046],
          [-0.1645, -0.3023, -0.1411],
          [ 0.3101,  0.2522, -0.2754]]]], device='cuda:0') 
 Parameter containing:
tensor([[[[ 0.0672, -0.2178,  0.2796],
          [ 0.3235,  0.2370,  0.2672],
          [ 0.2507, -0.0265,  0.1877]]],


        [[[-0.0329, -0.2475,  0.1101],
          [ 0.0516, -0.1610, -0.1532],
          [ 0.0405, -0.2478, -0.2046]]],


        [[[-0.1349, -0.1619,  0.3180],
          [ 0.2578,  0.0595,  0.2704],
          [ 0.0172,  0.0640,  0.3333]]],


        ...,


        [[[-0.1255,  0.0519, -0.3163],
          [-0.2864,  0.3323, -0.2232],
          [-0.2561, -0.1262,  0.1176]]],


        [[[-0.0343,  0.2303, -0.0595],
          [-0.2342,  0.1353,  0.0665],
          [ 0.3158, -0.2196, -0.3161]]],


        [[[ 0.1263,  0.1557, -0.0046],
          [-0.1645, -0.3023, -0.1411],
          [ 0.3101,  0.2522, -0.2754]]]], device='cuda:0', requires_grad=True)
parameters of the network conv1.bias 
 torch.Size([256]) 
 True 
 tensor([-0.2380,  0.2819, -0.2072, -0.2450, -0.0975, -0.3061, -0.2379, -0.1217,
         0.1801, -0.2417, -0.0658,  0.0270,  0.0348,  0.0571, -0.1177,  0.1615,
         0.1113, -0.2572, -0.0974,  0.0736,  0.2213,  0.1219,  0.0332,  0.1267,
         0.2357, -0.1181, -0.0914, -0.2303, -0.1510,  0.1644,  0.2051, -0.1407,
        -0.1722, -0.2436, -0.2132, -0.3285,  0.1277,  0.0098,  0.2567,  0.2481,
         0.2631, -0.0325, -0.1361,  0.1851, -0.3135,  0.2701,  0.0221, -0.2135,
         0.1044, -0.2590,  0.0467,  0.3077,  0.0376,  0.1271,  0.1755, -0.1980,
        -0.2985, -0.1749,  0.2033,  0.1806, -0.1292, -0.1648,  0.2397,  0.1995,
         0.2163, -0.2655, -0.2086, -0.0524, -0.1308,  0.2305,  0.2479,  0.1471,
         0.0531, -0.0215,  0.0203,  0.1420,  0.2104, -0.3222, -0.1506,  0.1222,
         0.0264, -0.1861,  0.0570,  0.1267, -0.3141,  0.0620, -0.2858, -0.0283,
        -0.0247,  0.1508, -0.0486, -0.2915,  0.3012,  0.0335,  0.1620, -0.0364,
        -0.0630,  0.3268, -0.2452, -0.2331,  0.1568, -0.3214,  0.0309, -0.2150,
         0.1786, -0.0244, -0.2189,  0.0914, -0.2054,  0.2161,  0.3290, -0.1572,
        -0.1719, -0.0821, -0.0430,  0.0902,  0.0632, -0.2506,  0.1190, -0.1615,
        -0.1118, -0.2629,  0.2411,  0.2419, -0.1309, -0.0283, -0.1067,  0.1401,
        -0.0359, -0.1256, -0.0799,  0.0843, -0.0988,  0.1916,  0.2540, -0.3020,
        -0.2757,  0.1716,  0.1105, -0.1220,  0.0999,  0.0686, -0.2601, -0.1605,
        -0.2781,  0.2061, -0.2147,  0.0816,  0.0798,  0.1334, -0.0250,  0.0278,
         0.2514, -0.2430,  0.1124,  0.1409,  0.2996, -0.0856, -0.0008,  0.2782,
         0.0153, -0.1737,  0.3205,  0.1566,  0.2810,  0.0040, -0.2395, -0.0775,
         0.0571, -0.1186, -0.2424, -0.0645, -0.0362, -0.2116, -0.2070, -0.3331,
         0.2917, -0.0712, -0.0670,  0.0483, -0.1544,  0.2680,  0.1780, -0.0881,
         0.2421,  0.1572,  0.2524,  0.3139, -0.0495,  0.0557,  0.1649,  0.2365,
         0.2840, -0.1909,  0.3317, -0.2766, -0.0529,  0.0307, -0.3220, -0.0240,
         0.0268, -0.1794,  0.0934, -0.0621,  0.3176,  0.3331,  0.3153, -0.1831,
         0.0049, -0.3065, -0.0159, -0.2188,  0.2538,  0.1145,  0.0912, -0.2058,
         0.0755, -0.2632,  0.1940,  0.3054,  0.2881,  0.0186,  0.1936,  0.0222,
         0.1464,  0.0360, -0.1506,  0.0567, -0.2364, -0.2787,  0.2591,  0.2120,
        -0.3218,  0.1375, -0.0336, -0.2282, -0.0829, -0.1263, -0.0553,  0.1738,
         0.1384,  0.0123,  0.0580, -0.0654,  0.3194,  0.3231, -0.2953, -0.1112,
         0.1405, -0.0334,  0.1235, -0.1501,  0.2636,  0.0284,  0.1440,  0.2998],
       device='cuda:0') 
 Parameter containing:
tensor([-0.2380,  0.2819, -0.2072, -0.2450, -0.0975, -0.3061, -0.2379, -0.1217,
         0.1801, -0.2417, -0.0658,  0.0270,  0.0348,  0.0571, -0.1177,  0.1615,
         0.1113, -0.2572, -0.0974,  0.0736,  0.2213,  0.1219,  0.0332,  0.1267,
         0.2357, -0.1181, -0.0914, -0.2303, -0.1510,  0.1644,  0.2051, -0.1407,
        -0.1722, -0.2436, -0.2132, -0.3285,  0.1277,  0.0098,  0.2567,  0.2481,
         0.2631, -0.0325, -0.1361,  0.1851, -0.3135,  0.2701,  0.0221, -0.2135,
         0.1044, -0.2590,  0.0467,  0.3077,  0.0376,  0.1271,  0.1755, -0.1980,
        -0.2985, -0.1749,  0.2033,  0.1806, -0.1292, -0.1648,  0.2397,  0.1995,
         0.2163, -0.2655, -0.2086, -0.0524, -0.1308,  0.2305,  0.2479,  0.1471,
         0.0531, -0.0215,  0.0203,  0.1420,  0.2104, -0.3222, -0.1506,  0.1222,
         0.0264, -0.1861,  0.0570,  0.1267, -0.3141,  0.0620, -0.2858, -0.0283,
        -0.0247,  0.1508, -0.0486, -0.2915,  0.3012,  0.0335,  0.1620, -0.0364,
        -0.0630,  0.3268, -0.2452, -0.2331,  0.1568, -0.3214,  0.0309, -0.2150,
         0.1786, -0.0244, -0.2189,  0.0914, -0.2054,  0.2161,  0.3290, -0.1572,
        -0.1719, -0.0821, -0.0430,  0.0902,  0.0632, -0.2506,  0.1190, -0.1615,
        -0.1118, -0.2629,  0.2411,  0.2419, -0.1309, -0.0283, -0.1067,  0.1401,
        -0.0359, -0.1256, -0.0799,  0.0843, -0.0988,  0.1916,  0.2540, -0.3020,
        -0.2757,  0.1716,  0.1105, -0.1220,  0.0999,  0.0686, -0.2601, -0.1605,
        -0.2781,  0.2061, -0.2147,  0.0816,  0.0798,  0.1334, -0.0250,  0.0278,
         0.2514, -0.2430,  0.1124,  0.1409,  0.2996, -0.0856, -0.0008,  0.2782,
         0.0153, -0.1737,  0.3205,  0.1566,  0.2810,  0.0040, -0.2395, -0.0775,
         0.0571, -0.1186, -0.2424, -0.0645, -0.0362, -0.2116, -0.2070, -0.3331,
         0.2917, -0.0712, -0.0670,  0.0483, -0.1544,  0.2680,  0.1780, -0.0881,
         0.2421,  0.1572,  0.2524,  0.3139, -0.0495,  0.0557,  0.1649,  0.2365,
         0.2840, -0.1909,  0.3317, -0.2766, -0.0529,  0.0307, -0.3220, -0.0240,
         0.0268, -0.1794,  0.0934, -0.0621,  0.3176,  0.3331,  0.3153, -0.1831,
         0.0049, -0.3065, -0.0159, -0.2188,  0.2538,  0.1145,  0.0912, -0.2058,
         0.0755, -0.2632,  0.1940,  0.3054,  0.2881,  0.0186,  0.1936,  0.0222,
         0.1464,  0.0360, -0.1506,  0.0567, -0.2364, -0.2787,  0.2591,  0.2120,
        -0.3218,  0.1375, -0.0336, -0.2282, -0.0829, -0.1263, -0.0553,  0.1738,
         0.1384,  0.0123,  0.0580, -0.0654,  0.3194,  0.3231, -0.2953, -0.1112,
         0.1405, -0.0334,  0.1235, -0.1501,  0.2636,  0.0284,  0.1440,  0.2998],
       device='cuda:0', requires_grad=True)
parameters of the network conv2.weight 
 torch.Size([128, 256, 3, 3]) 
 True 
 tensor([[[[ 9.2222e-04,  1.2289e-02, -7.3302e-03],
          [ 6.3247e-03, -1.9129e-02, -6.1281e-03],
          [-1.1875e-02, -4.0559e-03, -1.3530e-02]],

         [[ 1.8117e-02, -1.9806e-02,  1.5300e-02],
          [ 1.3746e-02, -2.5851e-03,  9.9264e-03],
          [ 1.7479e-03,  9.0972e-03,  4.3979e-03]],

         [[ 9.7921e-04,  1.0702e-03,  4.7621e-03],
          [ 1.6771e-02,  1.4916e-02,  1.1343e-02],
          [-8.8783e-03,  1.1472e-02, -1.1555e-02]],

         ...,

         [[-1.0812e-02, -1.8913e-02, -6.6612e-03],
          [ 5.4730e-03,  6.4732e-03, -8.6558e-05],
          [-1.1899e-02, -8.0282e-03, -6.6074e-03]],

         [[-1.7266e-02, -6.9234e-03, -1.9134e-02],
          [ 1.7602e-02,  1.9700e-02, -4.6384e-03],
          [-1.1195e-03,  4.8948e-03,  7.7113e-03]],

         [[ 1.4929e-02, -2.0493e-02,  3.9975e-03],
          [-1.5014e-02,  1.4525e-03,  3.2416e-03],
          [-1.5650e-02,  3.2773e-03,  6.4630e-03]]],


        [[[-1.1663e-02,  6.1006e-03,  2.0637e-02],
          [ 1.9738e-02, -1.9975e-02, -1.3953e-02],
          [ 7.1196e-03,  6.7922e-03, -4.6009e-03]],

         [[ 1.5199e-02, -8.8149e-03, -5.2297e-03],
          [ 1.7724e-02,  1.5135e-02,  1.8098e-03],
          [-1.1409e-02, -8.0056e-03, -1.3067e-02]],

         [[ 1.7782e-02,  1.5648e-02,  1.2921e-02],
          [ 1.5963e-02, -6.8039e-03,  1.9104e-02],
          [-3.1091e-03,  1.0555e-02, -8.3145e-03]],

         ...,

         [[ 2.4550e-03, -5.6623e-04, -8.0278e-03],
          [ 1.7153e-02, -1.6465e-02,  1.0180e-02],
          [ 1.0536e-02, -6.7683e-03, -7.4847e-03]],

         [[-1.2773e-02,  8.1927e-03, -1.0842e-02],
          [ 3.2273e-03, -1.3484e-02, -1.6559e-02],
          [ 1.0552e-02, -9.4013e-03, -7.2109e-03]],

         [[-2.9330e-03,  1.2015e-02,  8.9447e-03],
          [-1.3082e-02, -1.6745e-02,  1.5328e-02],
          [ 1.2844e-02,  1.9975e-02,  9.4099e-03]]],


        [[[ 1.5132e-03,  1.7260e-02, -7.7169e-03],
          [-1.5370e-02,  1.8881e-02, -2.0776e-02],
          [-2.0548e-02, -1.2266e-02,  1.8830e-02]],

         [[-1.0937e-02, -1.5286e-02,  3.1548e-03],
          [-3.4012e-03, -1.6588e-02, -8.8969e-03],
          [-1.9220e-02,  1.7028e-02,  1.7453e-02]],

         [[ 1.4436e-02,  1.1410e-02,  1.6923e-02],
          [ 1.1106e-02, -5.9171e-03, -1.3135e-02],
          [ 1.6064e-02, -5.0237e-03, -1.4899e-02]],

         ...,

         [[-7.8611e-04, -1.4920e-02, -4.3105e-03],
          [ 4.2956e-03,  6.5101e-03,  9.8547e-03],
          [ 2.8619e-03, -7.1022e-04, -1.1919e-03]],

         [[-1.5665e-02,  9.1768e-03,  1.1975e-02],
          [-1.4988e-02,  1.6685e-02,  1.0832e-02],
          [ 1.2995e-02, -1.1152e-02,  2.9646e-03]],

         [[-1.6948e-02, -1.0416e-02,  2.0466e-02],
          [ 1.0910e-02, -1.2607e-02, -3.7222e-03],
          [-8.1537e-03, -8.9577e-04, -1.8386e-03]]],


        ...,


        [[[-2.7571e-03, -1.0343e-02, -4.2486e-03],
          [-1.1642e-03, -1.7773e-02,  3.4148e-03],
          [ 1.2036e-02,  8.7562e-03,  4.4356e-03]],

         [[-2.8644e-03, -4.9222e-03,  1.5711e-02],
          [ 1.2780e-02, -1.6728e-02,  1.0584e-02],
          [ 1.6785e-02,  6.5221e-03, -6.4764e-03]],

         [[-1.2741e-02,  2.0291e-03, -1.8410e-02],
          [-2.0098e-02, -1.8234e-02, -1.3925e-02],
          [-1.9045e-02,  4.3481e-03, -1.4649e-02]],

         ...,

         [[ 9.9316e-03,  6.5263e-03,  4.9450e-03],
          [ 2.1190e-03, -6.2349e-03,  8.1430e-03],
          [ 3.5309e-03,  5.0003e-03,  8.0529e-03]],

         [[ 6.9777e-03, -5.3533e-03, -1.7115e-02],
          [-3.1940e-03,  6.3774e-03,  1.6573e-02],
          [-1.1577e-02,  1.6022e-02, -5.2220e-03]],

         [[ 1.2173e-02,  1.4086e-02,  1.3140e-02],
          [ 1.6559e-02, -1.4531e-03,  6.1990e-03],
          [-1.5979e-02,  1.2362e-02,  1.0497e-02]]],


        [[[-1.6915e-02, -1.2867e-02, -2.9186e-03],
          [ 1.3212e-02, -7.1539e-03,  1.6034e-02],
          [ 1.1140e-02,  1.3457e-02,  8.3307e-03]],

         [[ 1.8917e-02,  1.4598e-02,  8.0169e-03],
          [ 1.0450e-03,  1.2413e-02,  1.1344e-02],
          [ 8.7173e-03,  2.8710e-03, -1.1552e-02]],

         [[-7.5258e-03, -2.2815e-03,  1.9940e-02],
          [-3.0846e-03,  1.5228e-02,  2.0092e-02],
          [-1.6371e-03, -1.4350e-02,  1.2201e-02]],

         ...,

         [[-1.1265e-02,  1.6777e-02,  7.9502e-03],
          [ 3.7471e-03, -9.0712e-03, -1.6194e-02],
          [ 1.7122e-02, -1.1001e-02, -9.4444e-03]],

         [[ 5.3253e-03,  8.2723e-03,  1.1586e-02],
          [-2.2880e-03, -2.0064e-04,  1.0674e-02],
          [ 2.5612e-04, -8.0457e-03,  1.6128e-02]],

         [[ 1.0507e-03,  2.1596e-03, -3.9121e-03],
          [ 1.8377e-02,  4.0839e-03,  1.3085e-02],
          [-1.4538e-02, -9.1972e-03, -9.5015e-03]]],


        [[[-1.0529e-02,  1.9904e-02,  1.0020e-02],
          [-7.8219e-04,  6.6856e-03,  1.3288e-02],
          [-2.4580e-03,  6.8276e-03,  1.3939e-02]],

         [[-1.3574e-02,  1.5497e-02, -1.1456e-02],
          [ 1.1798e-02, -2.6785e-03, -1.9462e-02],
          [ 3.3022e-03,  1.5401e-02, -2.4162e-03]],

         [[-1.7061e-03, -4.2027e-03, -7.5205e-03],
          [ 5.9430e-03, -6.6132e-03,  4.8987e-03],
          [-1.1193e-02,  1.7619e-02,  1.4433e-02]],

         ...,

         [[ 1.0225e-02, -1.9383e-02, -9.6556e-04],
          [ 1.6318e-03,  2.7291e-03, -4.7745e-03],
          [ 1.3103e-02,  1.1518e-03,  3.2948e-03]],

         [[ 7.1978e-03,  5.7403e-03,  7.0935e-03],
          [-1.5871e-02, -6.2482e-03, -1.7273e-03],
          [ 5.1665e-03, -3.1161e-03, -1.9042e-02]],

         [[-8.4153e-03, -3.4101e-03,  4.4561e-03],
          [ 8.2785e-03,  1.0853e-02, -3.9679e-03],
          [ 1.7103e-02, -1.7427e-02,  1.8456e-02]]]], device='cuda:0') 
 Parameter containing:
tensor([[[[ 9.2222e-04,  1.2289e-02, -7.3302e-03],
          [ 6.3247e-03, -1.9129e-02, -6.1281e-03],
          [-1.1875e-02, -4.0559e-03, -1.3530e-02]],

         [[ 1.8117e-02, -1.9806e-02,  1.5300e-02],
          [ 1.3746e-02, -2.5851e-03,  9.9264e-03],
          [ 1.7479e-03,  9.0972e-03,  4.3979e-03]],

         [[ 9.7921e-04,  1.0702e-03,  4.7621e-03],
          [ 1.6771e-02,  1.4916e-02,  1.1343e-02],
          [-8.8783e-03,  1.1472e-02, -1.1555e-02]],

         ...,

         [[-1.0812e-02, -1.8913e-02, -6.6612e-03],
          [ 5.4730e-03,  6.4732e-03, -8.6558e-05],
          [-1.1899e-02, -8.0282e-03, -6.6074e-03]],

         [[-1.7266e-02, -6.9234e-03, -1.9134e-02],
          [ 1.7602e-02,  1.9700e-02, -4.6384e-03],
          [-1.1195e-03,  4.8948e-03,  7.7113e-03]],

         [[ 1.4929e-02, -2.0493e-02,  3.9975e-03],
          [-1.5014e-02,  1.4525e-03,  3.2416e-03],
          [-1.5650e-02,  3.2773e-03,  6.4630e-03]]],


        [[[-1.1663e-02,  6.1006e-03,  2.0637e-02],
          [ 1.9738e-02, -1.9975e-02, -1.3953e-02],
          [ 7.1196e-03,  6.7922e-03, -4.6009e-03]],

         [[ 1.5199e-02, -8.8149e-03, -5.2297e-03],
          [ 1.7724e-02,  1.5135e-02,  1.8098e-03],
          [-1.1409e-02, -8.0056e-03, -1.3067e-02]],

         [[ 1.7782e-02,  1.5648e-02,  1.2921e-02],
          [ 1.5963e-02, -6.8039e-03,  1.9104e-02],
          [-3.1091e-03,  1.0555e-02, -8.3145e-03]],

         ...,

         [[ 2.4550e-03, -5.6623e-04, -8.0278e-03],
          [ 1.7153e-02, -1.6465e-02,  1.0180e-02],
          [ 1.0536e-02, -6.7683e-03, -7.4847e-03]],

         [[-1.2773e-02,  8.1927e-03, -1.0842e-02],
          [ 3.2273e-03, -1.3484e-02, -1.6559e-02],
          [ 1.0552e-02, -9.4013e-03, -7.2109e-03]],

         [[-2.9330e-03,  1.2015e-02,  8.9447e-03],
          [-1.3082e-02, -1.6745e-02,  1.5328e-02],
          [ 1.2844e-02,  1.9975e-02,  9.4099e-03]]],


        [[[ 1.5132e-03,  1.7260e-02, -7.7169e-03],
          [-1.5370e-02,  1.8881e-02, -2.0776e-02],
          [-2.0548e-02, -1.2266e-02,  1.8830e-02]],

         [[-1.0937e-02, -1.5286e-02,  3.1548e-03],
          [-3.4012e-03, -1.6588e-02, -8.8969e-03],
          [-1.9220e-02,  1.7028e-02,  1.7453e-02]],

         [[ 1.4436e-02,  1.1410e-02,  1.6923e-02],
          [ 1.1106e-02, -5.9171e-03, -1.3135e-02],
          [ 1.6064e-02, -5.0237e-03, -1.4899e-02]],

         ...,

         [[-7.8611e-04, -1.4920e-02, -4.3105e-03],
          [ 4.2956e-03,  6.5101e-03,  9.8547e-03],
          [ 2.8619e-03, -7.1022e-04, -1.1919e-03]],

         [[-1.5665e-02,  9.1768e-03,  1.1975e-02],
          [-1.4988e-02,  1.6685e-02,  1.0832e-02],
          [ 1.2995e-02, -1.1152e-02,  2.9646e-03]],

         [[-1.6948e-02, -1.0416e-02,  2.0466e-02],
          [ 1.0910e-02, -1.2607e-02, -3.7222e-03],
          [-8.1537e-03, -8.9577e-04, -1.8386e-03]]],


        ...,


        [[[-2.7571e-03, -1.0343e-02, -4.2486e-03],
          [-1.1642e-03, -1.7773e-02,  3.4148e-03],
          [ 1.2036e-02,  8.7562e-03,  4.4356e-03]],

         [[-2.8644e-03, -4.9222e-03,  1.5711e-02],
          [ 1.2780e-02, -1.6728e-02,  1.0584e-02],
          [ 1.6785e-02,  6.5221e-03, -6.4764e-03]],

         [[-1.2741e-02,  2.0291e-03, -1.8410e-02],
          [-2.0098e-02, -1.8234e-02, -1.3925e-02],
          [-1.9045e-02,  4.3481e-03, -1.4649e-02]],

         ...,

         [[ 9.9316e-03,  6.5263e-03,  4.9450e-03],
          [ 2.1190e-03, -6.2349e-03,  8.1430e-03],
          [ 3.5309e-03,  5.0003e-03,  8.0529e-03]],

         [[ 6.9777e-03, -5.3533e-03, -1.7115e-02],
          [-3.1940e-03,  6.3774e-03,  1.6573e-02],
          [-1.1577e-02,  1.6022e-02, -5.2220e-03]],

         [[ 1.2173e-02,  1.4086e-02,  1.3140e-02],
          [ 1.6559e-02, -1.4531e-03,  6.1990e-03],
          [-1.5979e-02,  1.2362e-02,  1.0497e-02]]],


        [[[-1.6915e-02, -1.2867e-02, -2.9186e-03],
          [ 1.3212e-02, -7.1539e-03,  1.6034e-02],
          [ 1.1140e-02,  1.3457e-02,  8.3307e-03]],

         [[ 1.8917e-02,  1.4598e-02,  8.0169e-03],
          [ 1.0450e-03,  1.2413e-02,  1.1344e-02],
          [ 8.7173e-03,  2.8710e-03, -1.1552e-02]],

         [[-7.5258e-03, -2.2815e-03,  1.9940e-02],
          [-3.0846e-03,  1.5228e-02,  2.0092e-02],
          [-1.6371e-03, -1.4350e-02,  1.2201e-02]],

         ...,

         [[-1.1265e-02,  1.6777e-02,  7.9502e-03],
          [ 3.7471e-03, -9.0712e-03, -1.6194e-02],
          [ 1.7122e-02, -1.1001e-02, -9.4444e-03]],

         [[ 5.3253e-03,  8.2723e-03,  1.1586e-02],
          [-2.2880e-03, -2.0064e-04,  1.0674e-02],
          [ 2.5612e-04, -8.0457e-03,  1.6128e-02]],

         [[ 1.0507e-03,  2.1596e-03, -3.9121e-03],
          [ 1.8377e-02,  4.0839e-03,  1.3085e-02],
          [-1.4538e-02, -9.1972e-03, -9.5015e-03]]],


        [[[-1.0529e-02,  1.9904e-02,  1.0020e-02],
          [-7.8219e-04,  6.6856e-03,  1.3288e-02],
          [-2.4580e-03,  6.8276e-03,  1.3939e-02]],

         [[-1.3574e-02,  1.5497e-02, -1.1456e-02],
          [ 1.1798e-02, -2.6785e-03, -1.9462e-02],
          [ 3.3022e-03,  1.5401e-02, -2.4162e-03]],

         [[-1.7061e-03, -4.2027e-03, -7.5205e-03],
          [ 5.9430e-03, -6.6132e-03,  4.8987e-03],
          [-1.1193e-02,  1.7619e-02,  1.4433e-02]],

         ...,

         [[ 1.0225e-02, -1.9383e-02, -9.6556e-04],
          [ 1.6318e-03,  2.7291e-03, -4.7745e-03],
          [ 1.3103e-02,  1.1518e-03,  3.2948e-03]],

         [[ 7.1978e-03,  5.7403e-03,  7.0935e-03],
          [-1.5871e-02, -6.2482e-03, -1.7273e-03],
          [ 5.1665e-03, -3.1161e-03, -1.9042e-02]],

         [[-8.4153e-03, -3.4101e-03,  4.4561e-03],
          [ 8.2785e-03,  1.0853e-02, -3.9679e-03],
          [ 1.7103e-02, -1.7427e-02,  1.8456e-02]]]], device='cuda:0',
       requires_grad=True)
parameters of the network conv2.bias 
 torch.Size([128]) 
 True 
 tensor([ 1.7399e-02, -1.5173e-02,  6.6549e-03, -2.0210e-02,  1.5489e-02,
        -1.6207e-02,  6.3222e-04,  1.3666e-02,  1.2167e-03, -1.1412e-03,
        -1.3148e-02,  1.9359e-02,  5.6204e-03, -2.0022e-02, -1.4196e-02,
         2.0340e-02,  1.4308e-02, -7.8961e-03,  6.7947e-05, -1.8349e-02,
        -1.8563e-02,  2.0811e-02,  8.2191e-03, -1.2156e-02, -8.5990e-03,
        -1.7450e-02,  1.7326e-02, -1.0416e-02, -5.8548e-03, -1.1439e-02,
        -1.4066e-02,  1.2244e-02,  1.1061e-02,  1.7375e-03,  1.7166e-02,
        -8.8162e-03,  1.8971e-02, -8.7043e-03,  1.5039e-02,  2.9511e-03,
        -7.3171e-03,  1.9709e-02, -1.0394e-02, -3.5413e-03,  1.5919e-02,
        -3.5459e-04, -2.7997e-03, -4.2037e-03, -1.8130e-02, -1.3983e-03,
         2.7699e-03, -1.9678e-02,  1.4224e-02,  1.0134e-02, -1.3918e-02,
         1.7705e-02, -6.0548e-03, -1.0103e-02,  5.6732e-03, -1.0654e-02,
         6.1064e-03, -8.0475e-03,  1.3021e-02, -1.0257e-02, -1.1440e-02,
         3.7373e-03, -1.3323e-02,  4.9653e-03,  5.6886e-03,  2.0016e-02,
         1.2909e-02,  1.3089e-02,  2.7181e-03, -1.3077e-02,  1.0127e-02,
        -9.7763e-03,  1.3688e-02,  1.6598e-02,  1.7055e-03, -1.0150e-02,
         6.7282e-03, -9.3753e-04, -4.2092e-04,  1.8143e-02,  2.8586e-03,
         3.4606e-03,  6.4094e-03, -8.9605e-03, -1.4518e-02,  1.7433e-02,
        -1.0421e-02,  5.9583e-03,  1.8445e-02,  5.4959e-03, -1.4838e-02,
        -6.1786e-03,  4.6416e-03,  1.6840e-02, -7.3715e-03, -1.2245e-02,
         2.0074e-02,  3.2645e-03, -7.5861e-04,  5.9160e-03, -3.8760e-03,
         2.2537e-03,  4.3626e-03, -1.9931e-02, -1.3302e-02, -1.4981e-02,
        -4.5276e-03,  1.0429e-02,  2.0405e-02, -1.2850e-02, -6.6082e-03,
        -1.7903e-03,  9.1087e-03, -1.4966e-02,  1.6519e-02,  2.0162e-02,
         1.6125e-02,  2.8468e-03, -1.2740e-02, -7.6997e-03, -1.4474e-02,
         3.1315e-03,  1.5809e-02, -1.9833e-03], device='cuda:0') 
 Parameter containing:
tensor([ 1.7399e-02, -1.5173e-02,  6.6549e-03, -2.0210e-02,  1.5489e-02,
        -1.6207e-02,  6.3222e-04,  1.3666e-02,  1.2167e-03, -1.1412e-03,
        -1.3148e-02,  1.9359e-02,  5.6204e-03, -2.0022e-02, -1.4196e-02,
         2.0340e-02,  1.4308e-02, -7.8961e-03,  6.7947e-05, -1.8349e-02,
        -1.8563e-02,  2.0811e-02,  8.2191e-03, -1.2156e-02, -8.5990e-03,
        -1.7450e-02,  1.7326e-02, -1.0416e-02, -5.8548e-03, -1.1439e-02,
        -1.4066e-02,  1.2244e-02,  1.1061e-02,  1.7375e-03,  1.7166e-02,
        -8.8162e-03,  1.8971e-02, -8.7043e-03,  1.5039e-02,  2.9511e-03,
        -7.3171e-03,  1.9709e-02, -1.0394e-02, -3.5413e-03,  1.5919e-02,
        -3.5459e-04, -2.7997e-03, -4.2037e-03, -1.8130e-02, -1.3983e-03,
         2.7699e-03, -1.9678e-02,  1.4224e-02,  1.0134e-02, -1.3918e-02,
         1.7705e-02, -6.0548e-03, -1.0103e-02,  5.6732e-03, -1.0654e-02,
         6.1064e-03, -8.0475e-03,  1.3021e-02, -1.0257e-02, -1.1440e-02,
         3.7373e-03, -1.3323e-02,  4.9653e-03,  5.6886e-03,  2.0016e-02,
         1.2909e-02,  1.3089e-02,  2.7181e-03, -1.3077e-02,  1.0127e-02,
        -9.7763e-03,  1.3688e-02,  1.6598e-02,  1.7055e-03, -1.0150e-02,
         6.7282e-03, -9.3753e-04, -4.2092e-04,  1.8143e-02,  2.8586e-03,
         3.4606e-03,  6.4094e-03, -8.9605e-03, -1.4518e-02,  1.7433e-02,
        -1.0421e-02,  5.9583e-03,  1.8445e-02,  5.4959e-03, -1.4838e-02,
        -6.1786e-03,  4.6416e-03,  1.6840e-02, -7.3715e-03, -1.2245e-02,
         2.0074e-02,  3.2645e-03, -7.5861e-04,  5.9160e-03, -3.8760e-03,
         2.2537e-03,  4.3626e-03, -1.9931e-02, -1.3302e-02, -1.4981e-02,
        -4.5276e-03,  1.0429e-02,  2.0405e-02, -1.2850e-02, -6.6082e-03,
        -1.7903e-03,  9.1087e-03, -1.4966e-02,  1.6519e-02,  2.0162e-02,
         1.6125e-02,  2.8468e-03, -1.2740e-02, -7.6997e-03, -1.4474e-02,
         3.1315e-03,  1.5809e-02, -1.9833e-03], device='cuda:0',
       requires_grad=True)
parameters of the network conv3.weight 
 torch.Size([64, 128, 3, 3]) 
 True 
 tensor([[[[ 2.3006e-02, -2.5754e-02, -1.3939e-02],
          [ 2.5271e-02, -7.2611e-03,  6.0130e-03],
          [ 2.1282e-02, -2.5766e-02,  2.4934e-02]],

         [[ 2.2112e-02, -1.8358e-02,  9.8691e-04],
          [-6.8453e-03,  6.4199e-03, -1.6475e-02],
          [ 1.9531e-02,  3.1976e-03,  9.1213e-03]],

         [[-2.0749e-02,  2.2930e-02,  6.6298e-03],
          [ 1.9166e-02,  1.6890e-02,  2.3259e-02],
          [ 4.0900e-03,  1.9064e-02,  1.3481e-02]],

         ...,

         [[-3.2950e-03,  1.8689e-02,  2.9263e-02],
          [ 1.4023e-02, -1.2835e-02,  8.7126e-03],
          [-2.5315e-02,  2.6616e-02, -1.7122e-02]],

         [[-1.9900e-02, -1.2070e-02, -2.6012e-02],
          [ 2.7346e-02, -2.7106e-02,  1.3204e-02],
          [-7.2785e-03,  1.8290e-02,  1.6594e-02]],

         [[ 1.9670e-02,  1.0258e-02,  1.6111e-02],
          [-1.1165e-02, -2.6510e-02,  1.3255e-02],
          [-1.8297e-02,  1.1395e-02,  2.2725e-02]]],


        [[[-1.8438e-02, -2.8735e-02,  3.0241e-03],
          [ 2.2249e-02, -2.5692e-02,  2.5509e-02],
          [-1.8784e-02, -1.5284e-03, -6.0612e-03]],

         [[-2.4117e-02,  1.5584e-02, -2.7359e-02],
          [-7.1435e-03,  1.9881e-02,  2.8965e-02],
          [-1.0437e-02,  2.1766e-02, -9.5541e-03]],

         [[ 1.7344e-02, -1.2066e-02,  1.3421e-02],
          [-7.1108e-03, -4.2943e-03, -2.1968e-02],
          [-1.6645e-02, -9.5177e-03, -7.1801e-03]],

         ...,

         [[ 9.1704e-03, -1.3292e-02,  2.2727e-02],
          [-8.1675e-03,  1.9788e-02, -2.1728e-02],
          [-1.1188e-02,  1.5367e-02,  2.2911e-02]],

         [[ 2.3750e-02, -1.2067e-02,  2.5897e-02],
          [-5.1115e-03, -2.5793e-02,  3.7961e-03],
          [ 2.8624e-02, -1.1547e-02,  1.2110e-02]],

         [[-2.4864e-02, -7.6627e-04,  1.7934e-02],
          [-1.4546e-03,  2.6907e-02, -2.3460e-02],
          [-2.5074e-02, -2.7796e-02, -9.6920e-03]]],


        [[[ 2.9316e-02,  4.1371e-03,  2.0173e-02],
          [ 9.8521e-03,  1.0081e-02, -1.7271e-02],
          [ 1.7303e-02, -7.7803e-03, -8.9335e-03]],

         [[-2.0953e-02, -2.6368e-02, -2.7926e-02],
          [-8.1082e-03,  6.0173e-03, -5.0889e-04],
          [-1.6775e-02, -2.5737e-03,  2.7281e-02]],

         [[-2.9324e-02,  1.5657e-02, -4.3738e-03],
          [-2.2969e-02, -2.1331e-02, -1.7872e-02],
          [-1.2465e-02,  2.6139e-02,  9.6721e-03]],

         ...,

         [[-2.4938e-03,  2.8289e-02, -2.3177e-02],
          [ 2.6660e-04, -2.2486e-02,  2.8352e-02],
          [-1.7731e-02,  2.0474e-02, -3.7398e-03]],

         [[ 6.2491e-03, -1.4131e-02,  2.8416e-02],
          [-3.8825e-03, -1.6888e-02,  2.0935e-02],
          [ 1.8441e-02,  6.2495e-03, -2.6691e-02]],

         [[ 1.4731e-02, -2.3190e-02,  1.2937e-02],
          [-1.3878e-02,  2.1246e-02,  2.3261e-02],
          [ 2.1291e-02,  1.8526e-03,  1.2994e-02]]],


        ...,


        [[[-1.5394e-02,  1.3926e-03, -9.4522e-03],
          [-1.4803e-02,  5.3092e-03, -1.1912e-02],
          [ 1.6847e-02,  1.6593e-03, -1.9905e-02]],

         [[-1.2510e-02, -5.6281e-03, -9.5913e-03],
          [-2.7445e-03,  9.3802e-03, -8.9593e-03],
          [ 1.6580e-02, -2.8419e-02,  2.9006e-02]],

         [[-2.2037e-02,  2.6777e-02,  2.1583e-02],
          [-1.1157e-02,  5.1469e-03, -2.2138e-02],
          [-1.7310e-02, -1.9773e-02,  1.4654e-02]],

         ...,

         [[ 9.8802e-03,  1.0205e-02, -2.1284e-02],
          [ 2.0242e-02,  2.2328e-02, -1.3641e-02],
          [-1.5321e-02, -2.1347e-02, -2.6415e-02]],

         [[ 2.8177e-02,  8.4442e-03,  1.9397e-02],
          [-2.5329e-02,  4.6837e-03,  2.1278e-02],
          [-2.5519e-02, -9.6589e-03,  9.3158e-04]],

         [[ 2.3868e-02,  1.8177e-02, -2.2637e-02],
          [-3.1971e-03, -1.6984e-02,  1.7841e-02],
          [ 8.4841e-03, -2.9186e-02, -1.8468e-02]]],


        [[[ 9.8440e-03,  1.0199e-02, -1.2706e-02],
          [-1.0471e-02, -2.0100e-02,  2.5052e-02],
          [ 7.8790e-03,  1.3303e-02,  1.9282e-02]],

         [[-4.9070e-03,  1.6921e-02,  2.5143e-03],
          [ 9.0610e-03, -2.1345e-02,  1.3751e-02],
          [-2.8469e-02, -2.8187e-02, -1.2341e-02]],

         [[ 2.7561e-02, -1.0736e-03,  1.2587e-02],
          [-1.2248e-03, -1.6777e-03, -1.3918e-03],
          [-1.6483e-02, -2.8385e-02, -1.7610e-02]],

         ...,

         [[-1.0745e-02,  1.6291e-03,  2.4057e-02],
          [-1.2544e-02,  3.6625e-03,  7.5253e-03],
          [ 2.4168e-02,  4.2308e-05, -1.9278e-02]],

         [[-1.6345e-02, -1.0080e-02,  3.6171e-03],
          [ 2.1468e-02,  1.1033e-02, -1.6992e-02],
          [ 2.6032e-02, -2.4424e-02, -8.6886e-03]],

         [[-2.1375e-02, -2.0458e-02,  1.7081e-02],
          [-1.8006e-02, -7.4464e-04,  2.3616e-02],
          [-3.5191e-03,  5.7126e-03, -2.2562e-02]]],


        [[[ 2.4053e-02,  1.6942e-02,  2.1202e-02],
          [ 1.9898e-02,  2.5220e-02,  3.3342e-03],
          [ 7.3780e-03, -2.1589e-02,  3.8155e-03]],

         [[-1.8823e-03,  2.5887e-02,  5.7110e-03],
          [ 9.3378e-03, -2.5882e-02,  2.6936e-02],
          [-2.2418e-02, -6.9401e-03,  2.3116e-02]],

         [[ 5.1828e-03,  1.1588e-02,  1.5643e-02],
          [ 4.6551e-03,  1.8887e-02, -6.2063e-03],
          [ 1.2298e-02, -2.8331e-02, -1.9518e-02]],

         ...,

         [[-2.1136e-03,  7.6035e-03,  6.9588e-03],
          [ 7.3042e-03,  1.5384e-02, -2.7690e-02],
          [ 8.8453e-03, -1.1983e-02,  7.3461e-03]],

         [[-2.6813e-02,  7.1417e-03,  1.4961e-02],
          [ 3.6395e-03,  1.1161e-02,  2.1120e-02],
          [ 9.1303e-03, -2.6295e-02, -1.7994e-02]],

         [[ 1.1278e-02, -5.6399e-03, -1.0917e-02],
          [-2.3577e-02, -2.9025e-02, -1.7506e-02],
          [ 2.6372e-02,  2.8077e-02,  1.1352e-02]]]], device='cuda:0') 
 Parameter containing:
tensor([[[[ 2.3006e-02, -2.5754e-02, -1.3939e-02],
          [ 2.5271e-02, -7.2611e-03,  6.0130e-03],
          [ 2.1282e-02, -2.5766e-02,  2.4934e-02]],

         [[ 2.2112e-02, -1.8358e-02,  9.8691e-04],
          [-6.8453e-03,  6.4199e-03, -1.6475e-02],
          [ 1.9531e-02,  3.1976e-03,  9.1213e-03]],

         [[-2.0749e-02,  2.2930e-02,  6.6298e-03],
          [ 1.9166e-02,  1.6890e-02,  2.3259e-02],
          [ 4.0900e-03,  1.9064e-02,  1.3481e-02]],

         ...,

         [[-3.2950e-03,  1.8689e-02,  2.9263e-02],
          [ 1.4023e-02, -1.2835e-02,  8.7126e-03],
          [-2.5315e-02,  2.6616e-02, -1.7122e-02]],

         [[-1.9900e-02, -1.2070e-02, -2.6012e-02],
          [ 2.7346e-02, -2.7106e-02,  1.3204e-02],
          [-7.2785e-03,  1.8290e-02,  1.6594e-02]],

         [[ 1.9670e-02,  1.0258e-02,  1.6111e-02],
          [-1.1165e-02, -2.6510e-02,  1.3255e-02],
          [-1.8297e-02,  1.1395e-02,  2.2725e-02]]],


        [[[-1.8438e-02, -2.8735e-02,  3.0241e-03],
          [ 2.2249e-02, -2.5692e-02,  2.5509e-02],
          [-1.8784e-02, -1.5284e-03, -6.0612e-03]],

         [[-2.4117e-02,  1.5584e-02, -2.7359e-02],
          [-7.1435e-03,  1.9881e-02,  2.8965e-02],
          [-1.0437e-02,  2.1766e-02, -9.5541e-03]],

         [[ 1.7344e-02, -1.2066e-02,  1.3421e-02],
          [-7.1108e-03, -4.2943e-03, -2.1968e-02],
          [-1.6645e-02, -9.5177e-03, -7.1801e-03]],

         ...,

         [[ 9.1704e-03, -1.3292e-02,  2.2727e-02],
          [-8.1675e-03,  1.9788e-02, -2.1728e-02],
          [-1.1188e-02,  1.5367e-02,  2.2911e-02]],

         [[ 2.3750e-02, -1.2067e-02,  2.5897e-02],
          [-5.1115e-03, -2.5793e-02,  3.7961e-03],
          [ 2.8624e-02, -1.1547e-02,  1.2110e-02]],

         [[-2.4864e-02, -7.6627e-04,  1.7934e-02],
          [-1.4546e-03,  2.6907e-02, -2.3460e-02],
          [-2.5074e-02, -2.7796e-02, -9.6920e-03]]],


        [[[ 2.9316e-02,  4.1371e-03,  2.0173e-02],
          [ 9.8521e-03,  1.0081e-02, -1.7271e-02],
          [ 1.7303e-02, -7.7803e-03, -8.9335e-03]],

         [[-2.0953e-02, -2.6368e-02, -2.7926e-02],
          [-8.1082e-03,  6.0173e-03, -5.0889e-04],
          [-1.6775e-02, -2.5737e-03,  2.7281e-02]],

         [[-2.9324e-02,  1.5657e-02, -4.3738e-03],
          [-2.2969e-02, -2.1331e-02, -1.7872e-02],
          [-1.2465e-02,  2.6139e-02,  9.6721e-03]],

         ...,

         [[-2.4938e-03,  2.8289e-02, -2.3177e-02],
          [ 2.6660e-04, -2.2486e-02,  2.8352e-02],
          [-1.7731e-02,  2.0474e-02, -3.7398e-03]],

         [[ 6.2491e-03, -1.4131e-02,  2.8416e-02],
          [-3.8825e-03, -1.6888e-02,  2.0935e-02],
          [ 1.8441e-02,  6.2495e-03, -2.6691e-02]],

         [[ 1.4731e-02, -2.3190e-02,  1.2937e-02],
          [-1.3878e-02,  2.1246e-02,  2.3261e-02],
          [ 2.1291e-02,  1.8526e-03,  1.2994e-02]]],


        ...,


        [[[-1.5394e-02,  1.3926e-03, -9.4522e-03],
          [-1.4803e-02,  5.3092e-03, -1.1912e-02],
          [ 1.6847e-02,  1.6593e-03, -1.9905e-02]],

         [[-1.2510e-02, -5.6281e-03, -9.5913e-03],
          [-2.7445e-03,  9.3802e-03, -8.9593e-03],
          [ 1.6580e-02, -2.8419e-02,  2.9006e-02]],

         [[-2.2037e-02,  2.6777e-02,  2.1583e-02],
          [-1.1157e-02,  5.1469e-03, -2.2138e-02],
          [-1.7310e-02, -1.9773e-02,  1.4654e-02]],

         ...,

         [[ 9.8802e-03,  1.0205e-02, -2.1284e-02],
          [ 2.0242e-02,  2.2328e-02, -1.3641e-02],
          [-1.5321e-02, -2.1347e-02, -2.6415e-02]],

         [[ 2.8177e-02,  8.4442e-03,  1.9397e-02],
          [-2.5329e-02,  4.6837e-03,  2.1278e-02],
          [-2.5519e-02, -9.6589e-03,  9.3158e-04]],

         [[ 2.3868e-02,  1.8177e-02, -2.2637e-02],
          [-3.1971e-03, -1.6984e-02,  1.7841e-02],
          [ 8.4841e-03, -2.9186e-02, -1.8468e-02]]],


        [[[ 9.8440e-03,  1.0199e-02, -1.2706e-02],
          [-1.0471e-02, -2.0100e-02,  2.5052e-02],
          [ 7.8790e-03,  1.3303e-02,  1.9282e-02]],

         [[-4.9070e-03,  1.6921e-02,  2.5143e-03],
          [ 9.0610e-03, -2.1345e-02,  1.3751e-02],
          [-2.8469e-02, -2.8187e-02, -1.2341e-02]],

         [[ 2.7561e-02, -1.0736e-03,  1.2587e-02],
          [-1.2248e-03, -1.6777e-03, -1.3918e-03],
          [-1.6483e-02, -2.8385e-02, -1.7610e-02]],

         ...,

         [[-1.0745e-02,  1.6291e-03,  2.4057e-02],
          [-1.2544e-02,  3.6625e-03,  7.5253e-03],
          [ 2.4168e-02,  4.2308e-05, -1.9278e-02]],

         [[-1.6345e-02, -1.0080e-02,  3.6171e-03],
          [ 2.1468e-02,  1.1033e-02, -1.6992e-02],
          [ 2.6032e-02, -2.4424e-02, -8.6886e-03]],

         [[-2.1375e-02, -2.0458e-02,  1.7081e-02],
          [-1.8006e-02, -7.4464e-04,  2.3616e-02],
          [-3.5191e-03,  5.7126e-03, -2.2562e-02]]],


        [[[ 2.4053e-02,  1.6942e-02,  2.1202e-02],
          [ 1.9898e-02,  2.5220e-02,  3.3342e-03],
          [ 7.3780e-03, -2.1589e-02,  3.8155e-03]],

         [[-1.8823e-03,  2.5887e-02,  5.7110e-03],
          [ 9.3378e-03, -2.5882e-02,  2.6936e-02],
          [-2.2418e-02, -6.9401e-03,  2.3116e-02]],

         [[ 5.1828e-03,  1.1588e-02,  1.5643e-02],
          [ 4.6551e-03,  1.8887e-02, -6.2063e-03],
          [ 1.2298e-02, -2.8331e-02, -1.9518e-02]],

         ...,

         [[-2.1136e-03,  7.6035e-03,  6.9588e-03],
          [ 7.3042e-03,  1.5384e-02, -2.7690e-02],
          [ 8.8453e-03, -1.1983e-02,  7.3461e-03]],

         [[-2.6813e-02,  7.1417e-03,  1.4961e-02],
          [ 3.6395e-03,  1.1161e-02,  2.1120e-02],
          [ 9.1303e-03, -2.6295e-02, -1.7994e-02]],

         [[ 1.1278e-02, -5.6399e-03, -1.0917e-02],
          [-2.3577e-02, -2.9025e-02, -1.7506e-02],
          [ 2.6372e-02,  2.8077e-02,  1.1352e-02]]]], device='cuda:0',
       requires_grad=True)
parameters of the network conv3.bias 
 torch.Size([64]) 
 True 
 tensor([-0.0170,  0.0023,  0.0062,  0.0275,  0.0181,  0.0116, -0.0209, -0.0231,
        -0.0189,  0.0127,  0.0250, -0.0217, -0.0098,  0.0126,  0.0165,  0.0169,
         0.0199,  0.0213, -0.0272,  0.0127, -0.0141, -0.0103, -0.0009, -0.0199,
         0.0027,  0.0122, -0.0261, -0.0179, -0.0246, -0.0043, -0.0269, -0.0016,
        -0.0059, -0.0116, -0.0044, -0.0104, -0.0257, -0.0238, -0.0236, -0.0162,
        -0.0127, -0.0251, -0.0099, -0.0088, -0.0226,  0.0114,  0.0096, -0.0031,
        -0.0053,  0.0003, -0.0082,  0.0232,  0.0010,  0.0271, -0.0180,  0.0093,
         0.0082,  0.0058, -0.0005, -0.0086,  0.0142, -0.0102, -0.0014,  0.0007],
       device='cuda:0') 
 Parameter containing:
tensor([-0.0170,  0.0023,  0.0062,  0.0275,  0.0181,  0.0116, -0.0209, -0.0231,
        -0.0189,  0.0127,  0.0250, -0.0217, -0.0098,  0.0126,  0.0165,  0.0169,
         0.0199,  0.0213, -0.0272,  0.0127, -0.0141, -0.0103, -0.0009, -0.0199,
         0.0027,  0.0122, -0.0261, -0.0179, -0.0246, -0.0043, -0.0269, -0.0016,
        -0.0059, -0.0116, -0.0044, -0.0104, -0.0257, -0.0238, -0.0236, -0.0162,
        -0.0127, -0.0251, -0.0099, -0.0088, -0.0226,  0.0114,  0.0096, -0.0031,
        -0.0053,  0.0003, -0.0082,  0.0232,  0.0010,  0.0271, -0.0180,  0.0093,
         0.0082,  0.0058, -0.0005, -0.0086,  0.0142, -0.0102, -0.0014,  0.0007],
       device='cuda:0', requires_grad=True)
parameters of the network fc1.weight 
 torch.Size([256, 667776]) 
 True 
 tensor([[ 4.9886e-04,  8.1010e-04, -2.9640e-04,  ...,  9.7854e-04,
         -9.2572e-05, -8.3409e-05],
        [ 1.0517e-03, -5.6379e-04, -9.9755e-04,  ..., -7.2870e-04,
         -9.2678e-04,  8.4683e-04],
        [-3.6626e-04, -2.6608e-04,  1.1155e-03,  ...,  1.2099e-03,
         -9.6502e-05, -3.8110e-04],
        ...,
        [-2.2129e-04,  9.1839e-04,  5.9731e-04,  ..., -5.1230e-04,
         -1.8548e-04, -2.2322e-04],
        [-8.3087e-04, -6.1995e-04, -4.0900e-04,  ..., -2.3350e-04,
          5.9397e-04,  8.7788e-04],
        [ 3.0533e-04,  2.4827e-04,  8.8454e-04,  ...,  4.2492e-04,
         -3.6799e-04,  7.4557e-04]], device='cuda:0') 
 Parameter containing:
tensor([[ 4.9886e-04,  8.1010e-04, -2.9640e-04,  ...,  9.7854e-04,
         -9.2572e-05, -8.3409e-05],
        [ 1.0517e-03, -5.6379e-04, -9.9755e-04,  ..., -7.2870e-04,
         -9.2678e-04,  8.4683e-04],
        [-3.6626e-04, -2.6608e-04,  1.1155e-03,  ...,  1.2099e-03,
         -9.6502e-05, -3.8110e-04],
        ...,
        [-2.2129e-04,  9.1839e-04,  5.9731e-04,  ..., -5.1230e-04,
         -1.8548e-04, -2.2322e-04],
        [-8.3087e-04, -6.1995e-04, -4.0900e-04,  ..., -2.3350e-04,
          5.9397e-04,  8.7788e-04],
        [ 3.0533e-04,  2.4827e-04,  8.8454e-04,  ...,  4.2492e-04,
         -3.6799e-04,  7.4557e-04]], device='cuda:0', requires_grad=True)
parameters of the network fc1.bias 
 torch.Size([256]) 
 True 
 tensor([ 7.3069e-04,  6.3008e-05,  3.0792e-04, -9.5779e-04,  1.1351e-03,
        -1.0011e-03,  9.1246e-05,  9.6126e-04,  3.6246e-04, -1.0399e-04,
        -1.0187e-03, -9.8721e-04,  8.7909e-04, -8.6121e-04,  4.6260e-04,
        -7.2246e-04,  2.8092e-04, -7.9835e-04, -6.7844e-04,  8.6324e-05,
         1.4635e-04, -3.3601e-04,  7.2058e-04,  1.1836e-03,  9.6120e-04,
        -2.2165e-04,  4.3781e-04, -3.9915e-04,  7.1532e-04,  8.1970e-04,
         7.4841e-04,  1.1920e-03,  8.5105e-04, -9.8320e-05, -3.2975e-04,
         2.6406e-04, -7.1266e-04,  3.5617e-04, -8.3116e-04, -5.9383e-04,
         8.7648e-04, -2.9145e-04,  1.1585e-03, -1.0964e-03,  4.1806e-04,
         5.3390e-04, -8.6942e-04, -4.6360e-04,  5.0260e-04,  5.6383e-05,
         4.9012e-05,  6.5712e-04, -2.0535e-04,  1.0763e-03, -4.8669e-05,
        -1.1221e-03,  9.4756e-04,  7.9315e-04,  2.6612e-04,  3.3518e-04,
        -2.2465e-04, -5.2984e-04, -2.4281e-04,  5.0191e-04,  6.8576e-04,
        -5.1508e-04,  1.7310e-04, -7.0486e-04, -1.0998e-03, -4.6597e-04,
        -1.7722e-04,  2.2540e-04,  9.6866e-04, -1.0441e-03,  4.3539e-04,
         1.1312e-03,  3.0082e-04, -1.2236e-03, -1.1062e-03, -2.7823e-04,
        -9.5977e-04,  2.7893e-04, -1.1372e-03,  1.0198e-03,  2.3660e-04,
         1.0521e-03,  2.8510e-04, -8.3949e-04, -8.0675e-04, -8.4774e-04,
         1.1386e-03,  7.4788e-04,  5.8846e-05,  8.5146e-04, -2.6697e-04,
         9.0462e-04, -1.5250e-04, -3.9637e-04, -3.7366e-04, -6.3758e-04,
        -8.3250e-04, -3.8330e-04, -1.0167e-03, -5.1243e-04, -6.7879e-04,
         1.5075e-04, -3.9277e-04,  1.5133e-04,  4.2306e-04,  8.4110e-04,
        -7.7139e-04, -3.3847e-04,  9.1021e-04, -1.0407e-03, -6.6480e-04,
         9.3031e-04, -1.1150e-03,  1.8291e-04, -5.6265e-05, -8.6292e-04,
        -1.2056e-03, -3.7007e-04, -2.7608e-04,  5.4320e-04, -9.0062e-04,
         1.0402e-03,  1.0066e-03, -4.6874e-04,  2.4761e-04, -8.4212e-04,
         7.2846e-04, -1.1727e-03, -2.5048e-04, -6.4583e-04, -6.1156e-04,
        -8.9386e-04, -4.0317e-04, -8.1604e-04, -4.9406e-04,  8.0116e-04,
         1.1099e-03, -1.2184e-04,  1.1794e-03, -1.7807e-04,  6.8187e-04,
         1.1526e-03,  1.0665e-03,  3.9865e-04,  9.8336e-04, -5.5534e-04,
         1.1031e-03, -4.2629e-04, -1.3398e-04, -8.6338e-04,  7.4145e-04,
         2.9527e-04,  2.6561e-05,  8.7520e-04,  1.0698e-03,  6.2862e-04,
        -1.1798e-03, -1.0429e-04,  3.8705e-04,  1.2206e-03,  2.3942e-05,
         1.2229e-03,  1.8908e-04, -4.3949e-04,  4.3903e-04, -9.1888e-04,
         1.1550e-03, -1.0194e-03,  3.1818e-04, -4.6896e-04,  2.1011e-04,
        -4.4921e-04, -9.5386e-04,  9.8796e-04,  2.6263e-04,  4.4490e-04,
         7.7978e-04,  3.8407e-04, -7.4764e-04, -1.1406e-03, -1.2337e-04,
         8.0557e-04, -6.0158e-04,  5.6179e-04,  9.3742e-04,  3.1860e-04,
         6.2195e-04,  1.8632e-04, -1.0542e-03,  5.5300e-04, -9.2152e-04,
        -1.9652e-05,  8.6001e-04, -5.3939e-04, -6.0181e-04,  4.3719e-04,
         1.1825e-03,  2.3304e-05,  8.1440e-04, -1.0566e-03, -6.0367e-04,
         6.3812e-05,  2.9462e-05, -4.4072e-04,  4.0822e-04, -7.7754e-04,
        -6.5604e-04,  1.0920e-03, -9.7665e-04, -6.5248e-04, -1.1538e-03,
        -4.8492e-04, -9.3184e-04, -5.9186e-04, -9.0554e-04,  1.2285e-04,
         1.3314e-04,  1.0860e-03, -3.5157e-04,  7.2803e-05, -2.5466e-04,
         6.3671e-04,  6.2153e-04,  7.5716e-04,  9.9181e-04, -9.5565e-04,
         6.3959e-04,  9.5985e-04,  4.3517e-04, -1.1722e-03, -7.5428e-04,
         5.3090e-04, -2.9771e-04, -7.7346e-05, -7.4014e-04,  8.9984e-04,
        -8.5305e-05, -5.1203e-04,  2.3899e-04,  2.0005e-04, -3.1729e-04,
         7.2269e-04, -1.1487e-03,  7.6397e-04, -6.2689e-04,  1.2064e-03,
         6.7570e-04, -8.5348e-04,  4.8369e-04, -6.1010e-04, -1.0718e-03,
        -3.5474e-04], device='cuda:0') 
 Parameter containing:
tensor([ 7.3069e-04,  6.3008e-05,  3.0792e-04, -9.5779e-04,  1.1351e-03,
        -1.0011e-03,  9.1246e-05,  9.6126e-04,  3.6246e-04, -1.0399e-04,
        -1.0187e-03, -9.8721e-04,  8.7909e-04, -8.6121e-04,  4.6260e-04,
        -7.2246e-04,  2.8092e-04, -7.9835e-04, -6.7844e-04,  8.6324e-05,
         1.4635e-04, -3.3601e-04,  7.2058e-04,  1.1836e-03,  9.6120e-04,
        -2.2165e-04,  4.3781e-04, -3.9915e-04,  7.1532e-04,  8.1970e-04,
         7.4841e-04,  1.1920e-03,  8.5105e-04, -9.8320e-05, -3.2975e-04,
         2.6406e-04, -7.1266e-04,  3.5617e-04, -8.3116e-04, -5.9383e-04,
         8.7648e-04, -2.9145e-04,  1.1585e-03, -1.0964e-03,  4.1806e-04,
         5.3390e-04, -8.6942e-04, -4.6360e-04,  5.0260e-04,  5.6383e-05,
         4.9012e-05,  6.5712e-04, -2.0535e-04,  1.0763e-03, -4.8669e-05,
        -1.1221e-03,  9.4756e-04,  7.9315e-04,  2.6612e-04,  3.3518e-04,
        -2.2465e-04, -5.2984e-04, -2.4281e-04,  5.0191e-04,  6.8576e-04,
        -5.1508e-04,  1.7310e-04, -7.0486e-04, -1.0998e-03, -4.6597e-04,
        -1.7722e-04,  2.2540e-04,  9.6866e-04, -1.0441e-03,  4.3539e-04,
         1.1312e-03,  3.0082e-04, -1.2236e-03, -1.1062e-03, -2.7823e-04,
        -9.5977e-04,  2.7893e-04, -1.1372e-03,  1.0198e-03,  2.3660e-04,
         1.0521e-03,  2.8510e-04, -8.3949e-04, -8.0675e-04, -8.4774e-04,
         1.1386e-03,  7.4788e-04,  5.8846e-05,  8.5146e-04, -2.6697e-04,
         9.0462e-04, -1.5250e-04, -3.9637e-04, -3.7366e-04, -6.3758e-04,
        -8.3250e-04, -3.8330e-04, -1.0167e-03, -5.1243e-04, -6.7879e-04,
         1.5075e-04, -3.9277e-04,  1.5133e-04,  4.2306e-04,  8.4110e-04,
        -7.7139e-04, -3.3847e-04,  9.1021e-04, -1.0407e-03, -6.6480e-04,
         9.3031e-04, -1.1150e-03,  1.8291e-04, -5.6265e-05, -8.6292e-04,
        -1.2056e-03, -3.7007e-04, -2.7608e-04,  5.4320e-04, -9.0062e-04,
         1.0402e-03,  1.0066e-03, -4.6874e-04,  2.4761e-04, -8.4212e-04,
         7.2846e-04, -1.1727e-03, -2.5048e-04, -6.4583e-04, -6.1156e-04,
        -8.9386e-04, -4.0317e-04, -8.1604e-04, -4.9406e-04,  8.0116e-04,
         1.1099e-03, -1.2184e-04,  1.1794e-03, -1.7807e-04,  6.8187e-04,
         1.1526e-03,  1.0665e-03,  3.9865e-04,  9.8336e-04, -5.5534e-04,
         1.1031e-03, -4.2629e-04, -1.3398e-04, -8.6338e-04,  7.4145e-04,
         2.9527e-04,  2.6561e-05,  8.7520e-04,  1.0698e-03,  6.2862e-04,
        -1.1798e-03, -1.0429e-04,  3.8705e-04,  1.2206e-03,  2.3942e-05,
         1.2229e-03,  1.8908e-04, -4.3949e-04,  4.3903e-04, -9.1888e-04,
         1.1550e-03, -1.0194e-03,  3.1818e-04, -4.6896e-04,  2.1011e-04,
        -4.4921e-04, -9.5386e-04,  9.8796e-04,  2.6263e-04,  4.4490e-04,
         7.7978e-04,  3.8407e-04, -7.4764e-04, -1.1406e-03, -1.2337e-04,
         8.0557e-04, -6.0158e-04,  5.6179e-04,  9.3742e-04,  3.1860e-04,
         6.2195e-04,  1.8632e-04, -1.0542e-03,  5.5300e-04, -9.2152e-04,
        -1.9652e-05,  8.6001e-04, -5.3939e-04, -6.0181e-04,  4.3719e-04,
         1.1825e-03,  2.3304e-05,  8.1440e-04, -1.0566e-03, -6.0367e-04,
         6.3812e-05,  2.9462e-05, -4.4072e-04,  4.0822e-04, -7.7754e-04,
        -6.5604e-04,  1.0920e-03, -9.7665e-04, -6.5248e-04, -1.1538e-03,
        -4.8492e-04, -9.3184e-04, -5.9186e-04, -9.0554e-04,  1.2285e-04,
         1.3314e-04,  1.0860e-03, -3.5157e-04,  7.2803e-05, -2.5466e-04,
         6.3671e-04,  6.2153e-04,  7.5716e-04,  9.9181e-04, -9.5565e-04,
         6.3959e-04,  9.5985e-04,  4.3517e-04, -1.1722e-03, -7.5428e-04,
         5.3090e-04, -2.9771e-04, -7.7346e-05, -7.4014e-04,  8.9984e-04,
        -8.5305e-05, -5.1203e-04,  2.3899e-04,  2.0005e-04, -3.1729e-04,
         7.2269e-04, -1.1487e-03,  7.6397e-04, -6.2689e-04,  1.2064e-03,
         6.7570e-04, -8.5348e-04,  4.8369e-04, -6.1010e-04, -1.0718e-03,
        -3.5474e-04], device='cuda:0', requires_grad=True)
parameters of the network fc2.weight 
 torch.Size([128, 256]) 
 True 
 tensor([[ 0.0348, -0.0285, -0.0063,  ...,  0.0015, -0.0442, -0.0521],
        [-0.0023,  0.0452,  0.0163,  ..., -0.0418,  0.0137,  0.0613],
        [ 0.0420, -0.0016,  0.0619,  ...,  0.0179, -0.0531,  0.0420],
        ...,
        [ 0.0335, -0.0052, -0.0448,  ...,  0.0088, -0.0299,  0.0302],
        [-0.0592, -0.0469,  0.0485,  ..., -0.0052,  0.0454,  0.0257],
        [ 0.0286, -0.0375,  0.0164,  ..., -0.0396, -0.0310,  0.0427]],
       device='cuda:0') 
 Parameter containing:
tensor([[ 0.0348, -0.0285, -0.0063,  ...,  0.0015, -0.0442, -0.0521],
        [-0.0023,  0.0452,  0.0163,  ..., -0.0418,  0.0137,  0.0613],
        [ 0.0420, -0.0016,  0.0619,  ...,  0.0179, -0.0531,  0.0420],
        ...,
        [ 0.0335, -0.0052, -0.0448,  ...,  0.0088, -0.0299,  0.0302],
        [-0.0592, -0.0469,  0.0485,  ..., -0.0052,  0.0454,  0.0257],
        [ 0.0286, -0.0375,  0.0164,  ..., -0.0396, -0.0310,  0.0427]],
       device='cuda:0', requires_grad=True)
parameters of the network fc2.bias 
 torch.Size([128]) 
 True 
 tensor([-3.1929e-02, -3.8789e-02,  1.0868e-02, -3.0079e-02, -3.7765e-02,
        -5.4612e-02, -7.9233e-03,  5.8473e-02,  2.9179e-02,  6.2088e-02,
        -6.0247e-02,  7.2893e-03, -4.0921e-02,  1.3193e-02, -3.3681e-02,
         4.4906e-02,  2.3938e-02,  3.4446e-02, -3.8254e-02,  2.1670e-02,
        -2.2041e-02,  3.5231e-02, -3.5120e-02, -2.6293e-03, -3.0975e-02,
         3.5153e-02,  3.5592e-02,  8.3820e-03, -2.9512e-02, -2.8958e-02,
         1.5214e-02, -1.5047e-02,  2.6607e-02, -2.1424e-02,  1.8955e-02,
         5.0577e-02, -5.0554e-02, -1.2549e-02, -2.2662e-02,  5.3038e-02,
         5.8619e-02, -4.5236e-02,  3.6244e-02,  5.3779e-02,  1.8829e-02,
        -1.5504e-02,  6.1716e-02,  5.2411e-02,  2.7246e-02,  3.0581e-02,
        -4.3345e-02,  4.9024e-02,  1.8361e-02,  6.0067e-02,  7.4609e-03,
        -3.7548e-03, -9.7344e-03, -5.7905e-02, -1.1781e-02,  4.6511e-02,
         2.6469e-02,  2.3561e-02, -5.4181e-02,  9.5191e-03,  4.3170e-02,
        -9.0645e-03, -1.6011e-02,  2.0318e-02,  2.6927e-02, -1.9955e-02,
         2.8225e-02, -1.6957e-02,  2.9473e-02, -4.5702e-02,  4.8450e-02,
         1.1167e-02, -3.7807e-02,  4.3408e-02, -3.5561e-02,  3.7428e-02,
         2.1405e-02,  5.9061e-05, -2.6019e-02,  3.9338e-02, -3.3186e-02,
        -6.2211e-02, -3.2305e-02, -3.9396e-02, -3.1588e-02,  5.1662e-02,
         3.4795e-02, -5.7767e-02,  3.6257e-02, -1.9405e-02,  9.9314e-03,
         1.1927e-02,  2.1816e-02,  7.5193e-04, -2.0135e-02, -3.9284e-02,
         3.9038e-02, -5.3945e-02,  2.9162e-02, -1.0054e-02, -3.0371e-02,
         1.5559e-02,  6.2112e-02,  3.0123e-02,  1.9215e-02,  3.3804e-02,
         5.2370e-02, -1.2768e-02, -5.3780e-02, -2.8801e-02, -3.5931e-02,
         6.0968e-02,  1.3208e-02,  2.7270e-02, -4.1330e-02, -1.6277e-02,
        -2.1392e-02, -5.5655e-02,  3.5074e-02,  1.8715e-02, -3.8467e-02,
        -1.9433e-02, -2.7297e-02, -2.7145e-02], device='cuda:0') 
 Parameter containing:
tensor([-3.1929e-02, -3.8789e-02,  1.0868e-02, -3.0079e-02, -3.7765e-02,
        -5.4612e-02, -7.9233e-03,  5.8473e-02,  2.9179e-02,  6.2088e-02,
        -6.0247e-02,  7.2893e-03, -4.0921e-02,  1.3193e-02, -3.3681e-02,
         4.4906e-02,  2.3938e-02,  3.4446e-02, -3.8254e-02,  2.1670e-02,
        -2.2041e-02,  3.5231e-02, -3.5120e-02, -2.6293e-03, -3.0975e-02,
         3.5153e-02,  3.5592e-02,  8.3820e-03, -2.9512e-02, -2.8958e-02,
         1.5214e-02, -1.5047e-02,  2.6607e-02, -2.1424e-02,  1.8955e-02,
         5.0577e-02, -5.0554e-02, -1.2549e-02, -2.2662e-02,  5.3038e-02,
         5.8619e-02, -4.5236e-02,  3.6244e-02,  5.3779e-02,  1.8829e-02,
        -1.5504e-02,  6.1716e-02,  5.2411e-02,  2.7246e-02,  3.0581e-02,
        -4.3345e-02,  4.9024e-02,  1.8361e-02,  6.0067e-02,  7.4609e-03,
        -3.7548e-03, -9.7344e-03, -5.7905e-02, -1.1781e-02,  4.6511e-02,
         2.6469e-02,  2.3561e-02, -5.4181e-02,  9.5191e-03,  4.3170e-02,
        -9.0645e-03, -1.6011e-02,  2.0318e-02,  2.6927e-02, -1.9955e-02,
         2.8225e-02, -1.6957e-02,  2.9473e-02, -4.5702e-02,  4.8450e-02,
         1.1167e-02, -3.7807e-02,  4.3408e-02, -3.5561e-02,  3.7428e-02,
         2.1405e-02,  5.9061e-05, -2.6019e-02,  3.9338e-02, -3.3186e-02,
        -6.2211e-02, -3.2305e-02, -3.9396e-02, -3.1588e-02,  5.1662e-02,
         3.4795e-02, -5.7767e-02,  3.6257e-02, -1.9405e-02,  9.9314e-03,
         1.1927e-02,  2.1816e-02,  7.5193e-04, -2.0135e-02, -3.9284e-02,
         3.9038e-02, -5.3945e-02,  2.9162e-02, -1.0054e-02, -3.0371e-02,
         1.5559e-02,  6.2112e-02,  3.0123e-02,  1.9215e-02,  3.3804e-02,
         5.2370e-02, -1.2768e-02, -5.3780e-02, -2.8801e-02, -3.5931e-02,
         6.0968e-02,  1.3208e-02,  2.7270e-02, -4.1330e-02, -1.6277e-02,
        -2.1392e-02, -5.5655e-02,  3.5074e-02,  1.8715e-02, -3.8467e-02,
        -1.9433e-02, -2.7297e-02, -2.7145e-02], device='cuda:0',
       requires_grad=True)
parameters of the network fc3.weight 
 torch.Size([64, 128]) 
 True 
 tensor([[-0.0405, -0.0635,  0.0313,  ..., -0.0205, -0.0018,  0.0798],
        [-0.0502, -0.0321,  0.0217,  ...,  0.0266,  0.0016, -0.0031],
        [-0.0796,  0.0034, -0.0045,  ..., -0.0119,  0.0430, -0.0038],
        ...,
        [ 0.0322, -0.0719,  0.0732,  ...,  0.0696,  0.0619,  0.0013],
        [ 0.0032,  0.0291,  0.0221,  ...,  0.0879, -0.0480,  0.0205],
        [ 0.0489,  0.0686, -0.0744,  ...,  0.0867,  0.0114, -0.0068]],
       device='cuda:0') 
 Parameter containing:
tensor([[-0.0405, -0.0635,  0.0313,  ..., -0.0205, -0.0018,  0.0798],
        [-0.0502, -0.0321,  0.0217,  ...,  0.0266,  0.0016, -0.0031],
        [-0.0796,  0.0034, -0.0045,  ..., -0.0119,  0.0430, -0.0038],
        ...,
        [ 0.0322, -0.0719,  0.0732,  ...,  0.0696,  0.0619,  0.0013],
        [ 0.0032,  0.0291,  0.0221,  ...,  0.0879, -0.0480,  0.0205],
        [ 0.0489,  0.0686, -0.0744,  ...,  0.0867,  0.0114, -0.0068]],
       device='cuda:0', requires_grad=True)
parameters of the network fc3.bias 
 torch.Size([64]) 
 True 
 tensor([ 0.0736, -0.0418,  0.0814,  0.0475,  0.0725,  0.0152,  0.0138, -0.0389,
        -0.0622,  0.0751,  0.0571, -0.0196, -0.0182, -0.0401,  0.0554,  0.0451,
         0.0792,  0.0545,  0.0420,  0.0512, -0.0189, -0.0050, -0.0109,  0.0757,
         0.0514, -0.0017, -0.0577,  0.0256, -0.0790, -0.0014,  0.0010,  0.0332,
        -0.0707,  0.0383, -0.0131, -0.0437,  0.0369, -0.0468,  0.0446,  0.0749,
         0.0242,  0.0551, -0.0667, -0.0398, -0.0064,  0.0583,  0.0669, -0.0051,
        -0.0468, -0.0740,  0.0366, -0.0462, -0.0570,  0.0029, -0.0190, -0.0667,
        -0.0809, -0.0080,  0.0466, -0.0664, -0.0197, -0.0445,  0.0727, -0.0719],
       device='cuda:0') 
 Parameter containing:
tensor([ 0.0736, -0.0418,  0.0814,  0.0475,  0.0725,  0.0152,  0.0138, -0.0389,
        -0.0622,  0.0751,  0.0571, -0.0196, -0.0182, -0.0401,  0.0554,  0.0451,
         0.0792,  0.0545,  0.0420,  0.0512, -0.0189, -0.0050, -0.0109,  0.0757,
         0.0514, -0.0017, -0.0577,  0.0256, -0.0790, -0.0014,  0.0010,  0.0332,
        -0.0707,  0.0383, -0.0131, -0.0437,  0.0369, -0.0468,  0.0446,  0.0749,
         0.0242,  0.0551, -0.0667, -0.0398, -0.0064,  0.0583,  0.0669, -0.0051,
        -0.0468, -0.0740,  0.0366, -0.0462, -0.0570,  0.0029, -0.0190, -0.0667,
        -0.0809, -0.0080,  0.0466, -0.0664, -0.0197, -0.0445,  0.0727, -0.0719],
       device='cuda:0', requires_grad=True)
parameters of the network fc4.weight 
 torch.Size([6796, 64]) 
 True 
 tensor([[-0.0328,  0.1125,  0.0122,  ...,  0.0453,  0.0762, -0.0706],
        [ 0.0736, -0.0336,  0.0680,  ..., -0.0892,  0.0506,  0.0890],
        [ 0.0681, -0.0269,  0.1075,  ...,  0.0181,  0.0497, -0.0848],
        ...,
        [ 0.0150,  0.0278, -0.0660,  ...,  0.0548,  0.1105,  0.0980],
        [ 0.0436, -0.1061,  0.0470,  ...,  0.0917, -0.0208, -0.0616],
        [ 0.1071, -0.0618, -0.0016,  ..., -0.0498,  0.0304,  0.0496]],
       device='cuda:0') 
 Parameter containing:
tensor([[-0.0328,  0.1125,  0.0122,  ...,  0.0453,  0.0762, -0.0706],
        [ 0.0736, -0.0336,  0.0680,  ..., -0.0892,  0.0506,  0.0890],
        [ 0.0681, -0.0269,  0.1075,  ...,  0.0181,  0.0497, -0.0848],
        ...,
        [ 0.0150,  0.0278, -0.0660,  ...,  0.0548,  0.1105,  0.0980],
        [ 0.0436, -0.1061,  0.0470,  ...,  0.0917, -0.0208, -0.0616],
        [ 0.1071, -0.0618, -0.0016,  ..., -0.0498,  0.0304,  0.0496]],
       device='cuda:0', requires_grad=True)
parameters of the network fc4.bias 
 torch.Size([6796]) 
 True 
 tensor([-0.0666, -0.0837, -0.1159,  ..., -0.0869,  0.1024,  0.0077],
       device='cuda:0') 
 Parameter containing:
tensor([-0.0666, -0.0837, -0.1159,  ..., -0.0869,  0.1024,  0.0077],
       device='cuda:0', requires_grad=True)

Passing event 10 from the network before training input tensor([[0., 0., 0.,  ..., 0., 0., 0.],
        [0., 0., 0.,  ..., 0., 0., 0.],
        [0., 0., 0.,  ..., 0., 0., 0.],
        ...,
        [0., 0., 0.,  ..., 0., 0., 0.],
        [0., 0., 0.,  ..., 0., 0., 0.],
        [0., 0., 0.,  ..., 0., 0., 0.]]) 
result1: tensor([[0.4871, 0.4827, 0.4799,  ..., 0.4807, 0.5144, 0.5081],
        [0.4871, 0.4827, 0.4799,  ..., 0.4807, 0.5144, 0.5080],
        [0.4872, 0.4827, 0.4799,  ..., 0.4807, 0.5143, 0.5080],
        ...,
        [0.4872, 0.4828, 0.4799,  ..., 0.4807, 0.5143, 0.5080],
        [0.4872, 0.4827, 0.4800,  ..., 0.4807, 0.5144, 0.5080],
        [0.4872, 0.4827, 0.4800,  ..., 0.4807, 0.5144, 0.5080]],
       device='cuda:0', grad_fn=<SigmoidBackward0>) 
result1.shape: torch.Size([20, 6796])

Passing two random events from the network before training 
result1: tensor([[0.4871, 0.4827, 0.4799,  ..., 0.4807, 0.5144, 0.5081],
        [0.4871, 0.4827, 0.4799,  ..., 0.4807, 0.5144, 0.5080],
        [0.4872, 0.4827, 0.4799,  ..., 0.4807, 0.5143, 0.5080],
        ...,
        [0.4872, 0.4828, 0.4799,  ..., 0.4807, 0.5143, 0.5080],
        [0.4872, 0.4827, 0.4800,  ..., 0.4807, 0.5144, 0.5080],
        [0.4872, 0.4827, 0.4800,  ..., 0.4807, 0.5144, 0.5080]],
       device='cuda:0', grad_fn=<SigmoidBackward0>) 
result1.shape: torch.Size([20, 6796]) 
input: [[0. 0. 0. ... 0. 0. 0.]
 [0. 0. 0. ... 0. 0. 0.]
 [0. 0. 0. ... 0. 0. 0.]
 ...
 [0. 0. 0. ... 0. 0. 0.]
 [0. 0. 0. ... 0. 0. 0.]
 [0. 0. 0. ... 0. 0. 0.]]

real	0m17.107s
user	0m11.097s
sys	0m3.947s
