0: gpu020.ihep.ac.cn
GPU 0: Tesla V100-SXM2-32GB (UUID: GPU-d25e6ff8-90aa-dcb5-7ab2-062621029fae)
Allocate GPU cards : 0

modinfo:
filename:       /lib/modules/3.10.0-1160.71.1.el7.x86_64/extra/nvidia.ko.xz
firmware:       nvidia/515.65.01/gsp.bin
alias:          char-major-195-*
version:        515.65.01
supported:      external
license:        NVIDIA
retpoline:      Y
rhelversion:    7.9
srcversion:     8049D44E2C1B08F41E1B8A6
alias:          pci:v000010DEd*sv*sd*bc06sc80i00*
alias:          pci:v000010DEd*sv*sd*bc03sc02i00*
alias:          pci:v000010DEd*sv*sd*bc03sc00i00*
depends:        drm
vermagic:       3.10.0-1160.71.1.el7.x86_64 SMP mod_unload modversions 
signer:         DKMS module signing key
sig_key:        5D:EA:F4:F9:6B:E7:60:EC:37:91:76:30:82:9F:92:2E:89:FC:B5:0C
sig_hashalgo:   sha512
parm:           NvSwitchRegDwords:NvSwitch regkey (charp)
parm:           NvSwitchBlacklist:NvSwitchBlacklist=uuid[,uuid...] (charp)
parm:           NVreg_ResmanDebugLevel:int
parm:           NVreg_RmLogonRC:int
parm:           NVreg_ModifyDeviceFiles:int
parm:           NVreg_DeviceFileUID:int
parm:           NVreg_DeviceFileGID:int
parm:           NVreg_DeviceFileMode:int
parm:           NVreg_InitializeSystemMemoryAllocations:int
parm:           NVreg_UsePageAttributeTable:int
parm:           NVreg_EnablePCIeGen3:int
parm:           NVreg_EnableMSI:int
parm:           NVreg_TCEBypassMode:int
parm:           NVreg_EnableStreamMemOPs:int
parm:           NVreg_RestrictProfilingToAdminUsers:int
parm:           NVreg_PreserveVideoMemoryAllocations:int
parm:           NVreg_EnableS0ixPowerManagement:int
parm:           NVreg_S0ixPowerManagementVideoMemoryThreshold:int
parm:           NVreg_DynamicPowerManagement:int
parm:           NVreg_DynamicPowerManagementVideoMemoryThreshold:int
parm:           NVreg_EnableGpuFirmware:int
parm:           NVreg_EnableGpuFirmwareLogs:int
parm:           NVreg_OpenRmEnableUnsupportedGpus:int
parm:           NVreg_EnableUserNUMAManagement:int
parm:           NVreg_MemoryPoolSize:int
parm:           NVreg_KMallocHeapMaxSize:int
parm:           NVreg_VMallocHeapMaxSize:int
parm:           NVreg_IgnoreMMIOCheck:int
parm:           NVreg_NvLinkDisable:int
parm:           NVreg_EnablePCIERelaxedOrderingMode:int
parm:           NVreg_RegisterPCIDriver:int
parm:           NVreg_EnableDbgBreakpoint:int
parm:           NVreg_RegistryDwords:charp
parm:           NVreg_RegistryDwordsPerDevice:charp
parm:           NVreg_RmMsg:charp
parm:           NVreg_GpuBlacklist:charp
parm:           NVreg_TemporaryFilePath:charp
parm:           NVreg_ExcludedGpus:charp
parm:           NVreg_DmaRemapPeerMmio:int
parm:           rm_firmware_active:charp

nvidia-smi:
Mon Aug 29 16:59:42 2022       
+-----------------------------------------------------------------------------+
| NVIDIA-SMI 515.65.01    Driver Version: 515.65.01    CUDA Version: 11.7     |
|-------------------------------+----------------------+----------------------+
| GPU  Name        Persistence-M| Bus-Id        Disp.A | Volatile Uncorr. ECC |
| Fan  Temp  Perf  Pwr:Usage/Cap|         Memory-Usage | GPU-Util  Compute M. |
|                               |                      |               MIG M. |
|===============================+======================+======================|
|   0  Tesla V100-SXM2...  On   | 00000000:1C:00.0 Off |                    0 |
| N/A   31C    P0    41W / 300W |      0MiB / 32768MiB |      0%      Default |
|                               |                      |                  N/A |
+-------------------------------+----------------------+----------------------+
                                                                               
+-----------------------------------------------------------------------------+
| Processes:                                                                  |
|  GPU   GI   CI        PID   Type   Process name                  GPU Memory |
|        ID   ID                                                   Usage      |
|=============================================================================|
|  No running processes found                                                 |
+-----------------------------------------------------------------------------+

nvcc --version:
nvcc: NVIDIA (R) Cuda compiler driver
Copyright (c) 2005-2021 NVIDIA Corporation
Built on Sun_Mar_21_19:15:46_PDT_2021
Cuda compilation tools, release 11.3, V11.3.58
Build cuda_11.3.r11.3/compiler.29745058_0

 torch version: 1.10.2

 cuda version: 11.3

 is cuda available: True

 CUDNN VERSION: 8200

 Number CUDA Devices: 1

 CUDA Device Name: Tesla V100-SXM2-32GB

 CUDA Device Total Memory [GB]: 34.089926656

 Device capability: (7, 0) 

 Cuda deviice: <torch.cuda.device object at 0x2b7a4cd8e8e0> 

 Is cuda initialized: True

 CUDA_HOME: /hpcfs/bes/mlgpu/hoseinkk/Miniconda3/envs/dgl1

real	0m11.939s
user	0m3.060s
sys	0m1.114s
/hpcfs/bes/mlgpu/hoseinkk/Miniconda3/envs/dgl1/lib/python3.9/site-packages/cupy/_environment.py:438: UserWarning: 
--------------------------------------------------------------------------------

  CuPy may not function correctly because multiple CuPy packages are installed
  in your environment:

    cupy, cupy-cuda110

  Follow these steps to resolve this issue:

    1. For all packages listed above, run the following command to remove all
       existing CuPy installations:

         $ pip uninstall <package_name>

      If you previously installed CuPy via conda, also run the following:

         $ conda uninstall cupy

    2. Install the appropriate CuPy package.
       Refer to the Installation Guide for detailed instructions.

         https://docs.cupy.dev/en/stable/install.html

--------------------------------------------------------------------------------

  warnings.warn(f'''
/hpcfs/bes/mlgpu/hoseinkk/Miniconda3/envs/dgl1/lib/python3.9/site-packages/torch/nn/functional.py:1806: UserWarning: nn.functional.sigmoid is deprecated. Use torch.sigmoid instead.
  warnings.warn("nn.functional.sigmoid is deprecated. Use torch.sigmoid instead.")





 Loading data ... 



training set shape (20000, 43, 288) 
sum 5279207

target set shape (20000, 6796) 
sum 4575851




 The Network ... 


Net(
  (conv1): Conv2d(1, 256, kernel_size=(3, 3), stride=(1, 1))
  (conv2): Conv2d(256, 128, kernel_size=(3, 3), stride=(1, 1))
  (conv3): Conv2d(128, 64, kernel_size=(3, 3), stride=(1, 1))
  (fc1): Linear(in_features=667776, out_features=256, bias=True)
  (fc2): Linear(in_features=256, out_features=128, bias=True)
  (fc3): Linear(in_features=128, out_features=64, bias=True)
  (fc4): Linear(in_features=64, out_features=6796, bias=True)
)

number of the free parameters: 171805196
parameters of the network conv1.weight 
 torch.Size([256, 1, 3, 3]) 
 True 
 tensor([[[[ 0.1255,  0.2550, -0.1243],
          [-0.2432, -0.1670, -0.1188],
          [ 0.0729,  0.1787, -0.2332]]],


        [[[-0.2164,  0.2619, -0.1566],
          [-0.2210, -0.3133, -0.0541],
          [ 0.0556,  0.2504, -0.0353]]],


        [[[-0.2533, -0.3204, -0.0112],
          [-0.0229, -0.2956, -0.2924],
          [ 0.2547, -0.0539, -0.1950]]],


        ...,


        [[[ 0.0817, -0.1111, -0.1912],
          [-0.1778,  0.1234,  0.2523],
          [-0.2738, -0.1134, -0.1893]]],


        [[[ 0.1655, -0.0129, -0.2692],
          [-0.1678, -0.1099, -0.0408],
          [-0.2097, -0.1113,  0.0888]]],


        [[[ 0.1779,  0.0604,  0.1213],
          [ 0.2482, -0.0923, -0.0105],
          [ 0.0390,  0.1810, -0.0344]]]], device='cuda:0') 
 Parameter containing:
tensor([[[[ 0.1255,  0.2550, -0.1243],
          [-0.2432, -0.1670, -0.1188],
          [ 0.0729,  0.1787, -0.2332]]],


        [[[-0.2164,  0.2619, -0.1566],
          [-0.2210, -0.3133, -0.0541],
          [ 0.0556,  0.2504, -0.0353]]],


        [[[-0.2533, -0.3204, -0.0112],
          [-0.0229, -0.2956, -0.2924],
          [ 0.2547, -0.0539, -0.1950]]],


        ...,


        [[[ 0.0817, -0.1111, -0.1912],
          [-0.1778,  0.1234,  0.2523],
          [-0.2738, -0.1134, -0.1893]]],


        [[[ 0.1655, -0.0129, -0.2692],
          [-0.1678, -0.1099, -0.0408],
          [-0.2097, -0.1113,  0.0888]]],


        [[[ 0.1779,  0.0604,  0.1213],
          [ 0.2482, -0.0923, -0.0105],
          [ 0.0390,  0.1810, -0.0344]]]], device='cuda:0', requires_grad=True)
parameters of the network conv1.bias 
 torch.Size([256]) 
 True 
 tensor([-0.0265,  0.2913,  0.3002,  0.0840, -0.2202, -0.2491, -0.2613,  0.2990,
        -0.2663,  0.1901,  0.1880, -0.3224,  0.2725,  0.1169, -0.0527,  0.2533,
        -0.1543,  0.3063,  0.0883,  0.3303, -0.1029, -0.1645, -0.1263,  0.0752,
         0.2617,  0.3279, -0.3077, -0.3286, -0.0048, -0.2724, -0.3252, -0.1404,
         0.0572,  0.3067,  0.1159, -0.1727,  0.0420, -0.0005,  0.3298, -0.1797,
        -0.2420,  0.0797, -0.2357,  0.2124, -0.2614,  0.1279,  0.0450,  0.0819,
         0.1555, -0.0228,  0.3202,  0.0619, -0.0980,  0.1019, -0.0659,  0.0090,
        -0.1779,  0.1262, -0.1890, -0.2049,  0.0226, -0.2320, -0.3245,  0.2926,
         0.2281,  0.1831, -0.2430,  0.1742, -0.0194, -0.1673,  0.0880,  0.3259,
         0.1399, -0.2029, -0.2125,  0.0600,  0.0307,  0.3041,  0.2868, -0.2442,
         0.2405,  0.2502, -0.2472, -0.0779,  0.2503, -0.2269,  0.1734,  0.1663,
        -0.0293, -0.2615,  0.1749, -0.1159,  0.2643, -0.2255,  0.1170, -0.2050,
        -0.3326, -0.2359,  0.3054,  0.2079,  0.0899,  0.0322,  0.0896, -0.2677,
         0.1374, -0.1627,  0.2667, -0.0739,  0.2276,  0.0921,  0.3117, -0.3016,
         0.2730, -0.1838,  0.0724, -0.2938,  0.1551, -0.0616, -0.0255, -0.0834,
         0.2267, -0.1826, -0.2975,  0.3099,  0.0592,  0.2250,  0.3238, -0.2881,
         0.2300, -0.1418,  0.2752, -0.2165, -0.1250, -0.0748,  0.1069, -0.0637,
         0.0374,  0.2795,  0.0621,  0.2298,  0.2838,  0.2085,  0.0895,  0.1084,
        -0.1744,  0.1412,  0.1550,  0.0296, -0.2487,  0.2028, -0.1689, -0.1554,
         0.2601, -0.3079,  0.1638,  0.1029, -0.2809,  0.0067,  0.0597,  0.0430,
         0.1866,  0.2900,  0.3027,  0.1987, -0.0504,  0.1386,  0.1619,  0.2013,
        -0.0311,  0.2067,  0.0367, -0.2519, -0.0122,  0.1440, -0.1416,  0.1921,
         0.1218,  0.2127, -0.2599, -0.0062, -0.1473,  0.1735, -0.2515,  0.2364,
        -0.0633, -0.1114, -0.0933, -0.0430,  0.0637, -0.0306,  0.0894,  0.2856,
        -0.0559, -0.1183, -0.1749, -0.1308,  0.1457,  0.2895,  0.1159,  0.0241,
        -0.1219, -0.1724,  0.1027,  0.1651, -0.1497,  0.2451, -0.1504, -0.1143,
         0.2408,  0.2262,  0.0806, -0.0276, -0.2753, -0.3005, -0.1205,  0.2573,
        -0.2830, -0.2048, -0.2891, -0.2778,  0.0085, -0.3114, -0.2580,  0.3094,
         0.1614,  0.2557, -0.2535, -0.1124, -0.1588, -0.0496, -0.1926,  0.2582,
         0.2313, -0.2396,  0.2554, -0.2604, -0.0476,  0.0706,  0.3150, -0.1935,
         0.3114, -0.3134, -0.0481, -0.0189,  0.0860, -0.2505, -0.2040,  0.1773,
        -0.0713,  0.0517, -0.2484, -0.2507,  0.0691, -0.1387,  0.0226,  0.2205],
       device='cuda:0') 
 Parameter containing:
tensor([-0.0265,  0.2913,  0.3002,  0.0840, -0.2202, -0.2491, -0.2613,  0.2990,
        -0.2663,  0.1901,  0.1880, -0.3224,  0.2725,  0.1169, -0.0527,  0.2533,
        -0.1543,  0.3063,  0.0883,  0.3303, -0.1029, -0.1645, -0.1263,  0.0752,
         0.2617,  0.3279, -0.3077, -0.3286, -0.0048, -0.2724, -0.3252, -0.1404,
         0.0572,  0.3067,  0.1159, -0.1727,  0.0420, -0.0005,  0.3298, -0.1797,
        -0.2420,  0.0797, -0.2357,  0.2124, -0.2614,  0.1279,  0.0450,  0.0819,
         0.1555, -0.0228,  0.3202,  0.0619, -0.0980,  0.1019, -0.0659,  0.0090,
        -0.1779,  0.1262, -0.1890, -0.2049,  0.0226, -0.2320, -0.3245,  0.2926,
         0.2281,  0.1831, -0.2430,  0.1742, -0.0194, -0.1673,  0.0880,  0.3259,
         0.1399, -0.2029, -0.2125,  0.0600,  0.0307,  0.3041,  0.2868, -0.2442,
         0.2405,  0.2502, -0.2472, -0.0779,  0.2503, -0.2269,  0.1734,  0.1663,
        -0.0293, -0.2615,  0.1749, -0.1159,  0.2643, -0.2255,  0.1170, -0.2050,
        -0.3326, -0.2359,  0.3054,  0.2079,  0.0899,  0.0322,  0.0896, -0.2677,
         0.1374, -0.1627,  0.2667, -0.0739,  0.2276,  0.0921,  0.3117, -0.3016,
         0.2730, -0.1838,  0.0724, -0.2938,  0.1551, -0.0616, -0.0255, -0.0834,
         0.2267, -0.1826, -0.2975,  0.3099,  0.0592,  0.2250,  0.3238, -0.2881,
         0.2300, -0.1418,  0.2752, -0.2165, -0.1250, -0.0748,  0.1069, -0.0637,
         0.0374,  0.2795,  0.0621,  0.2298,  0.2838,  0.2085,  0.0895,  0.1084,
        -0.1744,  0.1412,  0.1550,  0.0296, -0.2487,  0.2028, -0.1689, -0.1554,
         0.2601, -0.3079,  0.1638,  0.1029, -0.2809,  0.0067,  0.0597,  0.0430,
         0.1866,  0.2900,  0.3027,  0.1987, -0.0504,  0.1386,  0.1619,  0.2013,
        -0.0311,  0.2067,  0.0367, -0.2519, -0.0122,  0.1440, -0.1416,  0.1921,
         0.1218,  0.2127, -0.2599, -0.0062, -0.1473,  0.1735, -0.2515,  0.2364,
        -0.0633, -0.1114, -0.0933, -0.0430,  0.0637, -0.0306,  0.0894,  0.2856,
        -0.0559, -0.1183, -0.1749, -0.1308,  0.1457,  0.2895,  0.1159,  0.0241,
        -0.1219, -0.1724,  0.1027,  0.1651, -0.1497,  0.2451, -0.1504, -0.1143,
         0.2408,  0.2262,  0.0806, -0.0276, -0.2753, -0.3005, -0.1205,  0.2573,
        -0.2830, -0.2048, -0.2891, -0.2778,  0.0085, -0.3114, -0.2580,  0.3094,
         0.1614,  0.2557, -0.2535, -0.1124, -0.1588, -0.0496, -0.1926,  0.2582,
         0.2313, -0.2396,  0.2554, -0.2604, -0.0476,  0.0706,  0.3150, -0.1935,
         0.3114, -0.3134, -0.0481, -0.0189,  0.0860, -0.2505, -0.2040,  0.1773,
        -0.0713,  0.0517, -0.2484, -0.2507,  0.0691, -0.1387,  0.0226,  0.2205],
       device='cuda:0', requires_grad=True)
parameters of the network conv2.weight 
 torch.Size([128, 256, 3, 3]) 
 True 
 tensor([[[[ 7.7411e-03,  5.2302e-03, -1.8876e-03],
          [ 1.1466e-02,  1.1318e-02, -1.4552e-02],
          [ 8.9849e-03,  1.0433e-02,  6.0552e-03]],

         [[ 1.1624e-02,  7.1286e-04, -6.6678e-03],
          [ 2.2755e-04,  1.8536e-02,  1.7578e-02],
          [-1.3415e-02, -1.6267e-02, -6.6652e-03]],

         [[ 2.0020e-02, -1.8511e-02, -1.4823e-02],
          [ 2.8338e-03,  5.9318e-04,  1.6260e-02],
          [ 1.7450e-02, -1.0868e-02,  1.1280e-02]],

         ...,

         [[ 2.8340e-03,  3.5503e-03,  1.9686e-02],
          [ 3.0987e-03, -5.8503e-03,  2.2232e-03],
          [-5.7522e-03,  1.3053e-02,  1.4688e-02]],

         [[-6.2225e-03, -7.7049e-03,  3.7552e-03],
          [ 1.9757e-02, -1.3992e-02,  1.4461e-02],
          [ 1.3546e-02,  2.8542e-03,  2.0871e-03]],

         [[ 1.8160e-02, -1.5409e-02, -1.5865e-02],
          [-5.6599e-03,  1.7303e-02, -6.9242e-03],
          [-1.5259e-03, -1.4509e-02,  1.5514e-02]]],


        [[[-7.8552e-03,  1.5122e-02, -8.9231e-03],
          [-8.0367e-06,  1.7054e-02,  1.8907e-02],
          [ 9.8152e-03, -1.2385e-02,  1.1293e-02]],

         [[-5.3608e-04,  1.6137e-02, -1.3916e-03],
          [ 1.9871e-02, -1.4585e-02,  1.6222e-02],
          [-2.5044e-03,  1.5767e-02, -1.3879e-02]],

         [[ 1.1035e-02,  2.1937e-03,  9.6615e-03],
          [ 2.7034e-03,  1.4913e-02, -1.3889e-02],
          [ 1.0827e-02, -1.9605e-02,  1.2895e-02]],

         ...,

         [[ 4.9627e-04,  8.7621e-03, -1.7828e-02],
          [-9.9351e-03, -4.0123e-03, -2.0579e-02],
          [ 1.9852e-02,  1.3942e-03,  1.9296e-02]],

         [[-4.3609e-03,  6.8082e-03, -1.9930e-02],
          [ 1.0840e-02,  1.7030e-02, -1.5945e-02],
          [ 1.1143e-02,  7.6199e-03,  1.8731e-02]],

         [[ 1.4835e-02,  7.6925e-04,  1.1615e-02],
          [ 1.3820e-02, -9.7906e-03,  1.4780e-02],
          [-1.8465e-02,  6.4232e-03, -1.3600e-02]]],


        [[[ 1.5892e-02,  9.0977e-03, -1.4864e-02],
          [ 3.5016e-03, -7.3073e-03,  1.0420e-02],
          [-1.4571e-02,  1.9649e-02, -6.1347e-03]],

         [[ 8.7699e-03, -1.4609e-02,  6.6117e-03],
          [ 1.0706e-02, -1.6814e-02, -8.2119e-04],
          [ 2.5773e-03,  1.6579e-02, -2.5964e-03]],

         [[-3.7721e-03,  5.6133e-03, -7.5661e-03],
          [-5.4359e-03,  1.0727e-02, -1.2821e-02],
          [-8.9499e-03, -1.1499e-02, -8.3055e-03]],

         ...,

         [[-1.5778e-02,  1.7184e-02,  7.8488e-03],
          [ 1.4263e-02,  1.3462e-02,  6.0084e-03],
          [ 1.5661e-02, -6.7763e-03, -8.6405e-03]],

         [[ 1.6081e-02, -1.1586e-02,  1.5493e-02],
          [-1.5562e-02,  4.5235e-03,  5.9283e-03],
          [-8.1913e-03, -2.0516e-02,  3.5887e-03]],

         [[-1.8046e-03,  1.2577e-03,  2.0103e-02],
          [ 1.6578e-02,  8.1497e-03,  1.8084e-02],
          [-7.6833e-03, -1.1192e-02,  3.1494e-03]]],


        ...,


        [[[ 3.8596e-03,  1.8743e-02, -9.2426e-03],
          [-1.0196e-02,  2.0716e-02, -3.5926e-03],
          [ 8.3622e-04, -7.6807e-03,  4.9472e-04]],

         [[ 1.2506e-02,  8.8920e-03,  8.4780e-03],
          [ 2.3473e-03, -1.9229e-02, -1.0489e-02],
          [-1.3630e-02,  7.1890e-03,  9.7137e-03]],

         [[-1.9508e-02,  2.2834e-03, -1.2632e-02],
          [-1.0315e-03,  1.5730e-02, -3.4869e-06],
          [ 1.0313e-02, -7.9342e-03,  1.4652e-02]],

         ...,

         [[-1.2362e-02,  1.3045e-03,  4.6037e-03],
          [ 1.6357e-02,  1.6507e-02,  1.4544e-02],
          [ 1.3678e-02, -2.0978e-03, -8.8965e-03]],

         [[-1.8429e-02,  1.1444e-02,  1.9484e-02],
          [-1.7997e-02, -2.0015e-02, -7.1087e-03],
          [ 7.6982e-03, -1.9019e-03, -2.5551e-03]],

         [[-9.7776e-03,  7.2420e-03,  7.2263e-03],
          [-1.5810e-02, -7.1580e-03,  1.5582e-03],
          [-1.5103e-02, -8.3721e-03, -1.2959e-02]]],


        [[[ 3.9122e-03,  1.2246e-02, -2.2847e-03],
          [ 3.0257e-03,  1.4245e-02,  8.6933e-05],
          [-4.0573e-04,  1.0199e-02, -9.0591e-03]],

         [[ 1.4442e-02,  1.2658e-02,  6.1869e-03],
          [-2.8210e-03, -9.0274e-03, -1.0700e-02],
          [ 1.7535e-02, -1.5991e-02, -7.9729e-03]],

         [[-1.7970e-02, -9.1851e-03, -5.4093e-03],
          [ 2.0794e-02, -9.7168e-03,  1.1338e-02],
          [-2.8657e-03,  1.0087e-02, -6.6498e-03]],

         ...,

         [[ 1.8905e-02,  8.0469e-03, -1.2381e-02],
          [ 1.6284e-02,  1.4523e-02,  4.2666e-03],
          [-2.9391e-03, -1.2030e-02, -6.6614e-03]],

         [[ 4.5364e-03, -1.8867e-02,  6.7928e-03],
          [-3.4242e-04,  1.4339e-02,  9.4431e-03],
          [-1.3811e-02, -8.2352e-03,  1.0265e-02]],

         [[-1.0323e-03,  1.8668e-02,  1.0583e-03],
          [ 1.4626e-02, -2.8056e-03, -1.1954e-02],
          [ 1.6189e-02, -2.0420e-02,  1.4702e-02]]],


        [[[-8.2787e-03,  8.0408e-03,  1.3872e-02],
          [-9.7859e-04, -1.9035e-02, -1.4525e-02],
          [ 8.0480e-04,  1.0747e-02,  7.4446e-04]],

         [[ 1.7542e-02,  1.6871e-02,  1.8515e-03],
          [ 5.6535e-03,  1.9076e-02,  1.0135e-02],
          [ 1.6549e-02,  1.0488e-03,  9.4862e-03]],

         [[-3.1634e-04,  1.7591e-02, -1.6992e-02],
          [-1.3252e-02, -1.8277e-02, -1.6144e-02],
          [-2.6427e-03, -1.2904e-02,  1.9156e-02]],

         ...,

         [[-4.7872e-03,  7.5844e-03,  1.3474e-02],
          [-1.0888e-02,  1.9341e-02, -1.9189e-02],
          [-1.3118e-02, -1.4028e-02, -7.1757e-03]],

         [[ 1.2381e-02, -2.9732e-03, -1.6751e-02],
          [-1.9296e-02, -1.9666e-02,  1.3662e-02],
          [-7.8574e-03, -1.6788e-02, -1.1289e-02]],

         [[ 1.0317e-02,  1.5584e-02,  1.3899e-03],
          [ 2.6456e-03,  1.2836e-02, -7.3627e-03],
          [-1.6514e-02,  1.9333e-02, -1.4354e-02]]]], device='cuda:0') 
 Parameter containing:
tensor([[[[ 7.7411e-03,  5.2302e-03, -1.8876e-03],
          [ 1.1466e-02,  1.1318e-02, -1.4552e-02],
          [ 8.9849e-03,  1.0433e-02,  6.0552e-03]],

         [[ 1.1624e-02,  7.1286e-04, -6.6678e-03],
          [ 2.2755e-04,  1.8536e-02,  1.7578e-02],
          [-1.3415e-02, -1.6267e-02, -6.6652e-03]],

         [[ 2.0020e-02, -1.8511e-02, -1.4823e-02],
          [ 2.8338e-03,  5.9318e-04,  1.6260e-02],
          [ 1.7450e-02, -1.0868e-02,  1.1280e-02]],

         ...,

         [[ 2.8340e-03,  3.5503e-03,  1.9686e-02],
          [ 3.0987e-03, -5.8503e-03,  2.2232e-03],
          [-5.7522e-03,  1.3053e-02,  1.4688e-02]],

         [[-6.2225e-03, -7.7049e-03,  3.7552e-03],
          [ 1.9757e-02, -1.3992e-02,  1.4461e-02],
          [ 1.3546e-02,  2.8542e-03,  2.0871e-03]],

         [[ 1.8160e-02, -1.5409e-02, -1.5865e-02],
          [-5.6599e-03,  1.7303e-02, -6.9242e-03],
          [-1.5259e-03, -1.4509e-02,  1.5514e-02]]],


        [[[-7.8552e-03,  1.5122e-02, -8.9231e-03],
          [-8.0367e-06,  1.7054e-02,  1.8907e-02],
          [ 9.8152e-03, -1.2385e-02,  1.1293e-02]],

         [[-5.3608e-04,  1.6137e-02, -1.3916e-03],
          [ 1.9871e-02, -1.4585e-02,  1.6222e-02],
          [-2.5044e-03,  1.5767e-02, -1.3879e-02]],

         [[ 1.1035e-02,  2.1937e-03,  9.6615e-03],
          [ 2.7034e-03,  1.4913e-02, -1.3889e-02],
          [ 1.0827e-02, -1.9605e-02,  1.2895e-02]],

         ...,

         [[ 4.9627e-04,  8.7621e-03, -1.7828e-02],
          [-9.9351e-03, -4.0123e-03, -2.0579e-02],
          [ 1.9852e-02,  1.3942e-03,  1.9296e-02]],

         [[-4.3609e-03,  6.8082e-03, -1.9930e-02],
          [ 1.0840e-02,  1.7030e-02, -1.5945e-02],
          [ 1.1143e-02,  7.6199e-03,  1.8731e-02]],

         [[ 1.4835e-02,  7.6925e-04,  1.1615e-02],
          [ 1.3820e-02, -9.7906e-03,  1.4780e-02],
          [-1.8465e-02,  6.4232e-03, -1.3600e-02]]],


        [[[ 1.5892e-02,  9.0977e-03, -1.4864e-02],
          [ 3.5016e-03, -7.3073e-03,  1.0420e-02],
          [-1.4571e-02,  1.9649e-02, -6.1347e-03]],

         [[ 8.7699e-03, -1.4609e-02,  6.6117e-03],
          [ 1.0706e-02, -1.6814e-02, -8.2119e-04],
          [ 2.5773e-03,  1.6579e-02, -2.5964e-03]],

         [[-3.7721e-03,  5.6133e-03, -7.5661e-03],
          [-5.4359e-03,  1.0727e-02, -1.2821e-02],
          [-8.9499e-03, -1.1499e-02, -8.3055e-03]],

         ...,

         [[-1.5778e-02,  1.7184e-02,  7.8488e-03],
          [ 1.4263e-02,  1.3462e-02,  6.0084e-03],
          [ 1.5661e-02, -6.7763e-03, -8.6405e-03]],

         [[ 1.6081e-02, -1.1586e-02,  1.5493e-02],
          [-1.5562e-02,  4.5235e-03,  5.9283e-03],
          [-8.1913e-03, -2.0516e-02,  3.5887e-03]],

         [[-1.8046e-03,  1.2577e-03,  2.0103e-02],
          [ 1.6578e-02,  8.1497e-03,  1.8084e-02],
          [-7.6833e-03, -1.1192e-02,  3.1494e-03]]],


        ...,


        [[[ 3.8596e-03,  1.8743e-02, -9.2426e-03],
          [-1.0196e-02,  2.0716e-02, -3.5926e-03],
          [ 8.3622e-04, -7.6807e-03,  4.9472e-04]],

         [[ 1.2506e-02,  8.8920e-03,  8.4780e-03],
          [ 2.3473e-03, -1.9229e-02, -1.0489e-02],
          [-1.3630e-02,  7.1890e-03,  9.7137e-03]],

         [[-1.9508e-02,  2.2834e-03, -1.2632e-02],
          [-1.0315e-03,  1.5730e-02, -3.4869e-06],
          [ 1.0313e-02, -7.9342e-03,  1.4652e-02]],

         ...,

         [[-1.2362e-02,  1.3045e-03,  4.6037e-03],
          [ 1.6357e-02,  1.6507e-02,  1.4544e-02],
          [ 1.3678e-02, -2.0978e-03, -8.8965e-03]],

         [[-1.8429e-02,  1.1444e-02,  1.9484e-02],
          [-1.7997e-02, -2.0015e-02, -7.1087e-03],
          [ 7.6982e-03, -1.9019e-03, -2.5551e-03]],

         [[-9.7776e-03,  7.2420e-03,  7.2263e-03],
          [-1.5810e-02, -7.1580e-03,  1.5582e-03],
          [-1.5103e-02, -8.3721e-03, -1.2959e-02]]],


        [[[ 3.9122e-03,  1.2246e-02, -2.2847e-03],
          [ 3.0257e-03,  1.4245e-02,  8.6933e-05],
          [-4.0573e-04,  1.0199e-02, -9.0591e-03]],

         [[ 1.4442e-02,  1.2658e-02,  6.1869e-03],
          [-2.8210e-03, -9.0274e-03, -1.0700e-02],
          [ 1.7535e-02, -1.5991e-02, -7.9729e-03]],

         [[-1.7970e-02, -9.1851e-03, -5.4093e-03],
          [ 2.0794e-02, -9.7168e-03,  1.1338e-02],
          [-2.8657e-03,  1.0087e-02, -6.6498e-03]],

         ...,

         [[ 1.8905e-02,  8.0469e-03, -1.2381e-02],
          [ 1.6284e-02,  1.4523e-02,  4.2666e-03],
          [-2.9391e-03, -1.2030e-02, -6.6614e-03]],

         [[ 4.5364e-03, -1.8867e-02,  6.7928e-03],
          [-3.4242e-04,  1.4339e-02,  9.4431e-03],
          [-1.3811e-02, -8.2352e-03,  1.0265e-02]],

         [[-1.0323e-03,  1.8668e-02,  1.0583e-03],
          [ 1.4626e-02, -2.8056e-03, -1.1954e-02],
          [ 1.6189e-02, -2.0420e-02,  1.4702e-02]]],


        [[[-8.2787e-03,  8.0408e-03,  1.3872e-02],
          [-9.7859e-04, -1.9035e-02, -1.4525e-02],
          [ 8.0480e-04,  1.0747e-02,  7.4446e-04]],

         [[ 1.7542e-02,  1.6871e-02,  1.8515e-03],
          [ 5.6535e-03,  1.9076e-02,  1.0135e-02],
          [ 1.6549e-02,  1.0488e-03,  9.4862e-03]],

         [[-3.1634e-04,  1.7591e-02, -1.6992e-02],
          [-1.3252e-02, -1.8277e-02, -1.6144e-02],
          [-2.6427e-03, -1.2904e-02,  1.9156e-02]],

         ...,

         [[-4.7872e-03,  7.5844e-03,  1.3474e-02],
          [-1.0888e-02,  1.9341e-02, -1.9189e-02],
          [-1.3118e-02, -1.4028e-02, -7.1757e-03]],

         [[ 1.2381e-02, -2.9732e-03, -1.6751e-02],
          [-1.9296e-02, -1.9666e-02,  1.3662e-02],
          [-7.8574e-03, -1.6788e-02, -1.1289e-02]],

         [[ 1.0317e-02,  1.5584e-02,  1.3899e-03],
          [ 2.6456e-03,  1.2836e-02, -7.3627e-03],
          [-1.6514e-02,  1.9333e-02, -1.4354e-02]]]], device='cuda:0',
       requires_grad=True)
parameters of the network conv2.bias 
 torch.Size([128]) 
 True 
 tensor([-7.2343e-04,  7.9851e-03, -8.3663e-03,  1.9616e-02, -1.1361e-02,
         4.4720e-03, -1.0332e-02, -1.2105e-02,  3.2752e-03,  1.1334e-02,
         1.9396e-03,  7.3642e-03, -1.7367e-02, -5.3176e-03, -1.1996e-02,
         1.6223e-02, -2.6258e-03,  8.5172e-04,  1.1068e-02, -4.0931e-03,
        -4.6031e-03, -1.7964e-02, -5.0049e-03,  1.2936e-02, -1.2379e-03,
         1.0078e-03, -2.5779e-03,  1.1162e-02,  1.3156e-02, -8.5545e-03,
         8.1978e-03, -4.7082e-03,  1.5189e-03, -2.0064e-03,  1.5943e-02,
        -3.7722e-03,  1.0621e-02,  1.4513e-03, -5.4331e-03, -1.2066e-02,
        -2.1255e-03, -9.3627e-03, -9.7915e-03, -7.2240e-03,  1.5531e-02,
        -8.9201e-03, -1.9332e-02, -5.1449e-03, -1.1846e-02,  2.9602e-04,
         9.8216e-04,  8.3126e-03,  1.7613e-02,  1.6302e-02, -3.9141e-03,
         3.1225e-03,  4.6607e-03,  1.3592e-02,  1.2962e-02, -2.0758e-02,
         8.2763e-03, -1.6798e-02,  1.4838e-02, -8.9552e-03, -1.2054e-02,
        -1.7763e-02, -2.0543e-03,  1.0586e-02, -4.6444e-03,  6.2166e-03,
         2.0038e-02, -1.1292e-02,  6.6001e-03,  1.9789e-02, -1.3970e-02,
        -1.1953e-02,  1.2175e-02,  5.1120e-03, -1.7004e-02,  7.3045e-03,
        -5.3617e-05, -1.4027e-02, -1.8497e-02,  7.5523e-04,  9.6898e-03,
         1.8200e-02, -2.9334e-03, -3.8201e-03,  2.2962e-03, -1.2549e-02,
        -1.0006e-02, -2.2635e-03,  1.4923e-02,  1.4966e-02,  9.3145e-04,
         1.7973e-04, -4.9658e-04,  4.5495e-03,  1.4769e-02,  1.5283e-02,
         9.7555e-03,  1.8074e-02, -6.6187e-03,  4.7816e-03, -6.9838e-03,
         1.3110e-02,  1.8147e-02, -3.3841e-03, -1.9185e-02, -3.7475e-03,
        -1.8736e-02, -1.2768e-02, -7.7858e-03,  1.7111e-02,  3.5859e-04,
         1.0787e-03, -5.4414e-03,  3.1987e-03,  4.9015e-03,  1.9861e-02,
        -5.8647e-03, -3.0391e-03,  7.5121e-03, -6.2924e-03,  3.6828e-03,
        -1.3762e-02, -9.6133e-03,  1.3663e-02], device='cuda:0') 
 Parameter containing:
tensor([-7.2343e-04,  7.9851e-03, -8.3663e-03,  1.9616e-02, -1.1361e-02,
         4.4720e-03, -1.0332e-02, -1.2105e-02,  3.2752e-03,  1.1334e-02,
         1.9396e-03,  7.3642e-03, -1.7367e-02, -5.3176e-03, -1.1996e-02,
         1.6223e-02, -2.6258e-03,  8.5172e-04,  1.1068e-02, -4.0931e-03,
        -4.6031e-03, -1.7964e-02, -5.0049e-03,  1.2936e-02, -1.2379e-03,
         1.0078e-03, -2.5779e-03,  1.1162e-02,  1.3156e-02, -8.5545e-03,
         8.1978e-03, -4.7082e-03,  1.5189e-03, -2.0064e-03,  1.5943e-02,
        -3.7722e-03,  1.0621e-02,  1.4513e-03, -5.4331e-03, -1.2066e-02,
        -2.1255e-03, -9.3627e-03, -9.7915e-03, -7.2240e-03,  1.5531e-02,
        -8.9201e-03, -1.9332e-02, -5.1449e-03, -1.1846e-02,  2.9602e-04,
         9.8216e-04,  8.3126e-03,  1.7613e-02,  1.6302e-02, -3.9141e-03,
         3.1225e-03,  4.6607e-03,  1.3592e-02,  1.2962e-02, -2.0758e-02,
         8.2763e-03, -1.6798e-02,  1.4838e-02, -8.9552e-03, -1.2054e-02,
        -1.7763e-02, -2.0543e-03,  1.0586e-02, -4.6444e-03,  6.2166e-03,
         2.0038e-02, -1.1292e-02,  6.6001e-03,  1.9789e-02, -1.3970e-02,
        -1.1953e-02,  1.2175e-02,  5.1120e-03, -1.7004e-02,  7.3045e-03,
        -5.3617e-05, -1.4027e-02, -1.8497e-02,  7.5523e-04,  9.6898e-03,
         1.8200e-02, -2.9334e-03, -3.8201e-03,  2.2962e-03, -1.2549e-02,
        -1.0006e-02, -2.2635e-03,  1.4923e-02,  1.4966e-02,  9.3145e-04,
         1.7973e-04, -4.9658e-04,  4.5495e-03,  1.4769e-02,  1.5283e-02,
         9.7555e-03,  1.8074e-02, -6.6187e-03,  4.7816e-03, -6.9838e-03,
         1.3110e-02,  1.8147e-02, -3.3841e-03, -1.9185e-02, -3.7475e-03,
        -1.8736e-02, -1.2768e-02, -7.7858e-03,  1.7111e-02,  3.5859e-04,
         1.0787e-03, -5.4414e-03,  3.1987e-03,  4.9015e-03,  1.9861e-02,
        -5.8647e-03, -3.0391e-03,  7.5121e-03, -6.2924e-03,  3.6828e-03,
        -1.3762e-02, -9.6133e-03,  1.3663e-02], device='cuda:0',
       requires_grad=True)
parameters of the network conv3.weight 
 torch.Size([64, 128, 3, 3]) 
 True 
 tensor([[[[ 1.3528e-02,  2.3406e-02, -1.8674e-02],
          [ 1.7059e-02, -1.2953e-02,  2.0192e-02],
          [-6.7900e-03, -2.5731e-02, -1.8932e-02]],

         [[-1.1213e-02, -1.7499e-02, -2.8317e-02],
          [-2.3828e-02,  6.2377e-03,  7.0723e-03],
          [-2.0461e-02,  1.9675e-02,  2.9239e-02]],

         [[ 7.9756e-03, -2.2020e-02,  2.1585e-02],
          [-2.5580e-02,  6.1010e-03,  2.8291e-02],
          [ 2.9148e-02, -1.9244e-02,  1.6564e-02]],

         ...,

         [[ 1.1610e-02,  2.7948e-02,  2.7122e-02],
          [ 3.6949e-03, -1.8639e-02, -9.9241e-03],
          [-2.5631e-02,  1.2363e-02, -7.7257e-03]],

         [[-1.2364e-02, -1.9856e-02,  7.9380e-03],
          [-2.5570e-02, -2.8425e-02, -1.3426e-02],
          [ 6.7886e-03, -2.3711e-02, -1.9662e-02]],

         [[ 1.7589e-02, -1.5002e-03, -8.6871e-03],
          [ 1.3148e-02,  8.6785e-03, -7.0837e-03],
          [-1.2317e-02, -9.4976e-03, -3.4021e-03]]],


        [[[-2.1387e-02, -2.3386e-02, -3.8451e-03],
          [ 1.1141e-02, -3.4800e-03,  2.1404e-02],
          [ 5.4457e-04,  5.5540e-03, -2.7360e-02]],

         [[ 2.7353e-02, -9.6148e-03,  1.0278e-02],
          [-1.9706e-02,  2.4743e-02,  1.8447e-02],
          [ 1.1307e-02,  2.2009e-02,  1.3519e-02]],

         [[ 1.7793e-02, -6.9068e-03,  1.6713e-02],
          [ 4.2093e-03,  6.7803e-03, -2.7879e-02],
          [-2.5306e-02, -2.5766e-02, -2.1058e-02]],

         ...,

         [[ 1.3816e-03, -2.7733e-02, -7.4240e-03],
          [ 8.9970e-03,  1.1573e-02,  5.3706e-04],
          [-6.1843e-03, -1.8482e-02, -3.9112e-03]],

         [[ 7.4303e-03, -1.9501e-02,  1.1529e-02],
          [-5.6142e-03, -1.5555e-02, -2.0974e-03],
          [ 2.1314e-02,  3.0733e-03,  1.0235e-02]],

         [[ 2.0468e-03, -1.3521e-02,  1.4458e-02],
          [-2.6651e-04,  1.8538e-02,  1.5201e-02],
          [-1.1762e-02, -6.3841e-04, -8.9562e-07]]],


        [[[-5.8487e-03, -2.3090e-02, -2.7268e-02],
          [-2.2496e-02,  5.6110e-03, -2.7599e-02],
          [ 8.9803e-03,  1.2534e-02, -1.6382e-02]],

         [[-2.4401e-02,  1.1409e-02,  2.2035e-03],
          [-1.2538e-02,  8.0910e-03, -2.1874e-02],
          [-9.6524e-03, -2.8158e-02,  7.8725e-03]],

         [[ 8.5725e-03,  1.0511e-03, -1.2179e-02],
          [ 9.7457e-03, -1.8266e-02,  9.5275e-03],
          [-1.6680e-03, -2.0389e-02,  1.5056e-02]],

         ...,

         [[-5.6388e-03,  2.8621e-02,  6.9189e-04],
          [ 5.6726e-03,  3.8255e-03, -2.5905e-02],
          [-7.0532e-03,  2.3041e-04, -9.6000e-03]],

         [[-1.4387e-02, -3.9479e-03, -6.5021e-03],
          [ 1.0502e-02, -2.4664e-02, -2.0602e-02],
          [-1.7843e-03,  2.4396e-02, -2.1522e-02]],

         [[ 1.3742e-02, -6.7593e-03, -2.3353e-02],
          [ 2.1808e-03, -1.2068e-02, -2.0585e-02],
          [ 1.9678e-02, -1.5906e-02,  7.8914e-03]]],


        ...,


        [[[-1.8801e-02, -1.9511e-02, -1.2178e-02],
          [ 7.1918e-03, -2.8946e-02,  3.6581e-03],
          [-5.7873e-03,  3.5629e-04, -5.8140e-04]],

         [[ 9.1964e-03,  8.0728e-04,  2.6734e-02],
          [-2.0919e-02,  1.6024e-03,  9.2840e-03],
          [-1.1014e-02,  2.2748e-02,  1.4325e-02]],

         [[-7.1626e-03,  1.8592e-03, -2.3606e-02],
          [-9.7257e-03, -1.6291e-02,  9.5917e-03],
          [ 2.8444e-02, -1.9832e-02, -2.8202e-02]],

         ...,

         [[ 7.2279e-04,  1.5909e-02,  1.6039e-02],
          [-1.1171e-02, -1.3574e-03,  1.8630e-02],
          [ 7.5885e-03, -1.8253e-02, -7.6323e-03]],

         [[ 1.3147e-02, -1.7513e-02, -2.9345e-02],
          [-2.2136e-02,  1.4526e-02,  2.3599e-02],
          [-2.7403e-02,  2.4998e-03,  5.6352e-03]],

         [[-2.1683e-02,  1.0981e-02, -3.9701e-03],
          [-1.1464e-02,  2.7560e-02,  4.3047e-03],
          [ 2.7395e-02,  9.8471e-03, -2.5237e-02]]],


        [[[-1.4328e-02, -2.4556e-02, -1.3402e-02],
          [-8.9851e-03,  2.4249e-02, -1.7225e-02],
          [ 1.5054e-02, -1.0872e-02,  1.8627e-02]],

         [[-2.1853e-02, -2.4156e-02, -2.0988e-02],
          [-1.9718e-03,  1.8846e-03, -2.8914e-02],
          [ 4.5330e-03,  1.9308e-02,  1.7400e-03]],

         [[ 1.6161e-02, -2.6684e-02, -2.6216e-03],
          [ 2.0159e-04, -8.4638e-03, -1.5418e-02],
          [ 2.3937e-02, -8.5791e-03,  6.7249e-03]],

         ...,

         [[-1.1570e-02, -1.2262e-02,  1.7024e-02],
          [ 1.1325e-03,  2.3774e-02,  2.2095e-02],
          [ 6.0190e-04,  1.6087e-02, -4.3656e-03]],

         [[ 2.4090e-02,  2.7970e-02, -3.1017e-03],
          [-1.5940e-02,  4.2988e-03, -1.2345e-03],
          [ 2.7229e-02, -1.8712e-02, -1.0504e-02]],

         [[-1.6017e-02,  2.2461e-02,  4.6995e-03],
          [ 1.8231e-02, -7.1409e-03,  1.7734e-02],
          [ 1.7640e-02, -1.2206e-02, -2.6622e-02]]],


        [[[-2.4548e-02,  1.2787e-03, -1.0314e-02],
          [ 2.7207e-02, -5.0566e-03, -2.0444e-02],
          [ 1.5732e-02,  1.2645e-02,  1.5258e-02]],

         [[-8.2525e-03, -3.9683e-04, -1.8142e-02],
          [ 4.2553e-03, -2.5316e-02, -9.8661e-03],
          [-1.9058e-02,  2.6789e-02, -2.0655e-02]],

         [[ 8.6907e-03,  1.4649e-02,  2.7482e-02],
          [ 1.0870e-02,  2.0495e-02, -1.1335e-02],
          [ 5.0788e-03,  1.7246e-02, -9.9505e-03]],

         ...,

         [[-1.7576e-02,  1.6258e-02, -7.7154e-03],
          [-1.1545e-02,  1.2714e-02,  2.8762e-02],
          [-2.4883e-02,  2.3396e-02,  3.5385e-03]],

         [[ 1.8556e-02,  2.3563e-02,  2.7830e-02],
          [ 2.4251e-02, -1.1283e-03, -2.4860e-02],
          [-3.7114e-03,  2.5415e-02,  2.7555e-02]],

         [[-6.9778e-03,  6.0747e-03, -2.3477e-02],
          [ 2.4202e-02, -2.0097e-02,  3.9241e-03],
          [-2.5393e-02,  1.4044e-02, -1.3112e-02]]]], device='cuda:0') 
 Parameter containing:
tensor([[[[ 1.3528e-02,  2.3406e-02, -1.8674e-02],
          [ 1.7059e-02, -1.2953e-02,  2.0192e-02],
          [-6.7900e-03, -2.5731e-02, -1.8932e-02]],

         [[-1.1213e-02, -1.7499e-02, -2.8317e-02],
          [-2.3828e-02,  6.2377e-03,  7.0723e-03],
          [-2.0461e-02,  1.9675e-02,  2.9239e-02]],

         [[ 7.9756e-03, -2.2020e-02,  2.1585e-02],
          [-2.5580e-02,  6.1010e-03,  2.8291e-02],
          [ 2.9148e-02, -1.9244e-02,  1.6564e-02]],

         ...,

         [[ 1.1610e-02,  2.7948e-02,  2.7122e-02],
          [ 3.6949e-03, -1.8639e-02, -9.9241e-03],
          [-2.5631e-02,  1.2363e-02, -7.7257e-03]],

         [[-1.2364e-02, -1.9856e-02,  7.9380e-03],
          [-2.5570e-02, -2.8425e-02, -1.3426e-02],
          [ 6.7886e-03, -2.3711e-02, -1.9662e-02]],

         [[ 1.7589e-02, -1.5002e-03, -8.6871e-03],
          [ 1.3148e-02,  8.6785e-03, -7.0837e-03],
          [-1.2317e-02, -9.4976e-03, -3.4021e-03]]],


        [[[-2.1387e-02, -2.3386e-02, -3.8451e-03],
          [ 1.1141e-02, -3.4800e-03,  2.1404e-02],
          [ 5.4457e-04,  5.5540e-03, -2.7360e-02]],

         [[ 2.7353e-02, -9.6148e-03,  1.0278e-02],
          [-1.9706e-02,  2.4743e-02,  1.8447e-02],
          [ 1.1307e-02,  2.2009e-02,  1.3519e-02]],

         [[ 1.7793e-02, -6.9068e-03,  1.6713e-02],
          [ 4.2093e-03,  6.7803e-03, -2.7879e-02],
          [-2.5306e-02, -2.5766e-02, -2.1058e-02]],

         ...,

         [[ 1.3816e-03, -2.7733e-02, -7.4240e-03],
          [ 8.9970e-03,  1.1573e-02,  5.3706e-04],
          [-6.1843e-03, -1.8482e-02, -3.9112e-03]],

         [[ 7.4303e-03, -1.9501e-02,  1.1529e-02],
          [-5.6142e-03, -1.5555e-02, -2.0974e-03],
          [ 2.1314e-02,  3.0733e-03,  1.0235e-02]],

         [[ 2.0468e-03, -1.3521e-02,  1.4458e-02],
          [-2.6651e-04,  1.8538e-02,  1.5201e-02],
          [-1.1762e-02, -6.3841e-04, -8.9562e-07]]],


        [[[-5.8487e-03, -2.3090e-02, -2.7268e-02],
          [-2.2496e-02,  5.6110e-03, -2.7599e-02],
          [ 8.9803e-03,  1.2534e-02, -1.6382e-02]],

         [[-2.4401e-02,  1.1409e-02,  2.2035e-03],
          [-1.2538e-02,  8.0910e-03, -2.1874e-02],
          [-9.6524e-03, -2.8158e-02,  7.8725e-03]],

         [[ 8.5725e-03,  1.0511e-03, -1.2179e-02],
          [ 9.7457e-03, -1.8266e-02,  9.5275e-03],
          [-1.6680e-03, -2.0389e-02,  1.5056e-02]],

         ...,

         [[-5.6388e-03,  2.8621e-02,  6.9189e-04],
          [ 5.6726e-03,  3.8255e-03, -2.5905e-02],
          [-7.0532e-03,  2.3041e-04, -9.6000e-03]],

         [[-1.4387e-02, -3.9479e-03, -6.5021e-03],
          [ 1.0502e-02, -2.4664e-02, -2.0602e-02],
          [-1.7843e-03,  2.4396e-02, -2.1522e-02]],

         [[ 1.3742e-02, -6.7593e-03, -2.3353e-02],
          [ 2.1808e-03, -1.2068e-02, -2.0585e-02],
          [ 1.9678e-02, -1.5906e-02,  7.8914e-03]]],


        ...,


        [[[-1.8801e-02, -1.9511e-02, -1.2178e-02],
          [ 7.1918e-03, -2.8946e-02,  3.6581e-03],
          [-5.7873e-03,  3.5629e-04, -5.8140e-04]],

         [[ 9.1964e-03,  8.0728e-04,  2.6734e-02],
          [-2.0919e-02,  1.6024e-03,  9.2840e-03],
          [-1.1014e-02,  2.2748e-02,  1.4325e-02]],

         [[-7.1626e-03,  1.8592e-03, -2.3606e-02],
          [-9.7257e-03, -1.6291e-02,  9.5917e-03],
          [ 2.8444e-02, -1.9832e-02, -2.8202e-02]],

         ...,

         [[ 7.2279e-04,  1.5909e-02,  1.6039e-02],
          [-1.1171e-02, -1.3574e-03,  1.8630e-02],
          [ 7.5885e-03, -1.8253e-02, -7.6323e-03]],

         [[ 1.3147e-02, -1.7513e-02, -2.9345e-02],
          [-2.2136e-02,  1.4526e-02,  2.3599e-02],
          [-2.7403e-02,  2.4998e-03,  5.6352e-03]],

         [[-2.1683e-02,  1.0981e-02, -3.9701e-03],
          [-1.1464e-02,  2.7560e-02,  4.3047e-03],
          [ 2.7395e-02,  9.8471e-03, -2.5237e-02]]],


        [[[-1.4328e-02, -2.4556e-02, -1.3402e-02],
          [-8.9851e-03,  2.4249e-02, -1.7225e-02],
          [ 1.5054e-02, -1.0872e-02,  1.8627e-02]],

         [[-2.1853e-02, -2.4156e-02, -2.0988e-02],
          [-1.9718e-03,  1.8846e-03, -2.8914e-02],
          [ 4.5330e-03,  1.9308e-02,  1.7400e-03]],

         [[ 1.6161e-02, -2.6684e-02, -2.6216e-03],
          [ 2.0159e-04, -8.4638e-03, -1.5418e-02],
          [ 2.3937e-02, -8.5791e-03,  6.7249e-03]],

         ...,

         [[-1.1570e-02, -1.2262e-02,  1.7024e-02],
          [ 1.1325e-03,  2.3774e-02,  2.2095e-02],
          [ 6.0190e-04,  1.6087e-02, -4.3656e-03]],

         [[ 2.4090e-02,  2.7970e-02, -3.1017e-03],
          [-1.5940e-02,  4.2988e-03, -1.2345e-03],
          [ 2.7229e-02, -1.8712e-02, -1.0504e-02]],

         [[-1.6017e-02,  2.2461e-02,  4.6995e-03],
          [ 1.8231e-02, -7.1409e-03,  1.7734e-02],
          [ 1.7640e-02, -1.2206e-02, -2.6622e-02]]],


        [[[-2.4548e-02,  1.2787e-03, -1.0314e-02],
          [ 2.7207e-02, -5.0566e-03, -2.0444e-02],
          [ 1.5732e-02,  1.2645e-02,  1.5258e-02]],

         [[-8.2525e-03, -3.9683e-04, -1.8142e-02],
          [ 4.2553e-03, -2.5316e-02, -9.8661e-03],
          [-1.9058e-02,  2.6789e-02, -2.0655e-02]],

         [[ 8.6907e-03,  1.4649e-02,  2.7482e-02],
          [ 1.0870e-02,  2.0495e-02, -1.1335e-02],
          [ 5.0788e-03,  1.7246e-02, -9.9505e-03]],

         ...,

         [[-1.7576e-02,  1.6258e-02, -7.7154e-03],
          [-1.1545e-02,  1.2714e-02,  2.8762e-02],
          [-2.4883e-02,  2.3396e-02,  3.5385e-03]],

         [[ 1.8556e-02,  2.3563e-02,  2.7830e-02],
          [ 2.4251e-02, -1.1283e-03, -2.4860e-02],
          [-3.7114e-03,  2.5415e-02,  2.7555e-02]],

         [[-6.9778e-03,  6.0747e-03, -2.3477e-02],
          [ 2.4202e-02, -2.0097e-02,  3.9241e-03],
          [-2.5393e-02,  1.4044e-02, -1.3112e-02]]]], device='cuda:0',
       requires_grad=True)
parameters of the network conv3.bias 
 torch.Size([64]) 
 True 
 tensor([ 0.0235,  0.0161, -0.0261,  0.0184,  0.0290, -0.0155,  0.0191, -0.0223,
        -0.0292,  0.0187,  0.0035, -0.0066,  0.0126,  0.0282,  0.0270,  0.0129,
        -0.0181, -0.0253,  0.0015, -0.0164, -0.0219,  0.0277, -0.0162, -0.0223,
        -0.0117,  0.0068,  0.0202,  0.0034,  0.0046,  0.0193, -0.0217, -0.0219,
         0.0198,  0.0221, -0.0077, -0.0258, -0.0198,  0.0015, -0.0094, -0.0113,
        -0.0130,  0.0018,  0.0009, -0.0123,  0.0172,  0.0270,  0.0246, -0.0181,
         0.0177,  0.0233, -0.0197,  0.0194,  0.0241,  0.0123,  0.0101,  0.0043,
         0.0080, -0.0148,  0.0188, -0.0147, -0.0017, -0.0033,  0.0106, -0.0245],
       device='cuda:0') 
 Parameter containing:
tensor([ 0.0235,  0.0161, -0.0261,  0.0184,  0.0290, -0.0155,  0.0191, -0.0223,
        -0.0292,  0.0187,  0.0035, -0.0066,  0.0126,  0.0282,  0.0270,  0.0129,
        -0.0181, -0.0253,  0.0015, -0.0164, -0.0219,  0.0277, -0.0162, -0.0223,
        -0.0117,  0.0068,  0.0202,  0.0034,  0.0046,  0.0193, -0.0217, -0.0219,
         0.0198,  0.0221, -0.0077, -0.0258, -0.0198,  0.0015, -0.0094, -0.0113,
        -0.0130,  0.0018,  0.0009, -0.0123,  0.0172,  0.0270,  0.0246, -0.0181,
         0.0177,  0.0233, -0.0197,  0.0194,  0.0241,  0.0123,  0.0101,  0.0043,
         0.0080, -0.0148,  0.0188, -0.0147, -0.0017, -0.0033,  0.0106, -0.0245],
       device='cuda:0', requires_grad=True)
parameters of the network fc1.weight 
 torch.Size([256, 667776]) 
 True 
 tensor([[ 1.2190e-03, -1.0401e-03, -9.1228e-04,  ...,  4.8101e-04,
          1.0867e-05,  1.0232e-03],
        [ 1.1970e-03, -6.5642e-04, -5.2401e-04,  ...,  4.2308e-05,
          1.2111e-03, -2.6197e-04],
        [-2.9712e-05, -6.8835e-04, -6.9288e-04,  ..., -6.9183e-04,
         -4.4158e-04,  8.6069e-04],
        ...,
        [ 1.4167e-04, -1.4781e-04, -7.5987e-04,  ...,  5.0433e-04,
          1.1460e-03,  1.1320e-03],
        [ 1.1873e-03, -9.7584e-04,  6.0231e-04,  ..., -7.7243e-04,
         -9.2834e-04, -3.4074e-04],
        [ 4.0270e-05, -1.0297e-03, -8.3244e-04,  ..., -1.0130e-03,
          4.9362e-04, -7.4275e-04]], device='cuda:0') 
 Parameter containing:
tensor([[ 1.2190e-03, -1.0401e-03, -9.1228e-04,  ...,  4.8101e-04,
          1.0867e-05,  1.0232e-03],
        [ 1.1970e-03, -6.5642e-04, -5.2401e-04,  ...,  4.2308e-05,
          1.2111e-03, -2.6197e-04],
        [-2.9712e-05, -6.8835e-04, -6.9288e-04,  ..., -6.9183e-04,
         -4.4158e-04,  8.6069e-04],
        ...,
        [ 1.4167e-04, -1.4781e-04, -7.5987e-04,  ...,  5.0433e-04,
          1.1460e-03,  1.1320e-03],
        [ 1.1873e-03, -9.7584e-04,  6.0231e-04,  ..., -7.7243e-04,
         -9.2834e-04, -3.4074e-04],
        [ 4.0270e-05, -1.0297e-03, -8.3244e-04,  ..., -1.0130e-03,
          4.9362e-04, -7.4275e-04]], device='cuda:0', requires_grad=True)
parameters of the network fc1.bias 
 torch.Size([256]) 
 True 
 tensor([-1.0642e-03,  7.8407e-04, -5.3867e-04,  1.6835e-04,  4.7459e-04,
        -1.0597e-03, -9.1514e-04,  7.1350e-04, -7.5058e-04,  4.4573e-04,
         4.0065e-04,  9.2840e-04, -1.0743e-03, -4.3884e-04, -8.5271e-04,
         4.4840e-04,  5.9114e-04,  5.3166e-04,  7.3568e-05,  3.7833e-04,
        -1.4092e-04,  2.3694e-04, -8.6043e-04,  3.6552e-04,  1.1300e-03,
         1.1047e-03, -2.7755e-04,  1.0170e-03,  1.9800e-04, -7.8448e-04,
         5.7237e-04, -3.1361e-04, -4.0776e-05, -8.1775e-05, -9.6183e-05,
         1.2168e-03, -6.1707e-04, -9.4792e-04,  6.6587e-05,  4.4090e-04,
        -1.0225e-03,  5.1590e-04,  1.0321e-03, -5.8627e-04, -8.6589e-04,
        -7.2858e-04,  6.0538e-04,  2.3525e-04,  8.9733e-04,  1.1788e-03,
         2.7090e-04,  1.0718e-03,  9.6890e-04,  7.0803e-04, -8.5536e-05,
         4.4423e-05,  3.9273e-04, -8.4544e-04,  3.0400e-04, -2.7386e-04,
         8.3365e-05, -7.3242e-04, -6.5391e-04, -8.2370e-04,  1.0400e-03,
         7.9154e-04,  7.8784e-04,  6.7169e-04, -8.4461e-04,  6.0112e-04,
        -3.4443e-04,  8.3377e-04, -7.6978e-04, -1.1410e-03, -1.2154e-03,
         6.7316e-04,  4.0195e-05, -8.3342e-04, -8.3764e-04,  7.1588e-04,
        -1.0405e-03, -9.0553e-04, -3.0176e-04,  1.6780e-05,  9.6579e-04,
        -1.1489e-04, -1.1069e-03,  4.1776e-04,  5.8777e-04,  7.8406e-04,
         8.6008e-04, -1.4295e-04,  1.1096e-03, -3.9768e-04, -1.0760e-03,
        -5.6585e-04,  2.9470e-04, -2.5374e-04, -6.4338e-04, -9.4647e-05,
         7.4357e-04,  2.3677e-04,  8.2254e-04,  1.3453e-04,  6.0910e-04,
         1.0978e-03, -8.5797e-04,  7.6266e-04, -5.5788e-04,  5.1809e-05,
         4.2308e-04, -1.1252e-03, -8.2712e-04, -5.1032e-04, -1.1808e-03,
         9.3963e-04,  1.0796e-04,  1.0456e-03,  3.7756e-04,  1.2027e-03,
        -4.9156e-04,  2.1140e-04, -1.2045e-03,  7.8631e-05,  1.5593e-04,
         7.7902e-04, -3.3066e-04, -9.4087e-04,  9.1282e-05, -8.9290e-04,
         1.5831e-04,  9.8557e-05, -1.1467e-03, -4.0536e-04,  2.9023e-04,
        -2.6079e-04, -2.0583e-04, -9.6709e-04, -5.0390e-04,  4.8368e-04,
         1.2075e-03,  8.7921e-04, -4.9133e-04,  1.7017e-04,  1.5839e-05,
        -7.9636e-04, -9.2277e-04, -1.2058e-03, -1.6249e-05, -1.0266e-03,
        -1.1411e-03,  4.7207e-04,  1.1148e-03,  4.8075e-04, -5.8600e-04,
         8.7466e-04, -1.1700e-03, -6.7368e-04, -6.8492e-04, -4.3370e-04,
        -9.6472e-04, -8.3747e-04, -2.1219e-04,  9.7128e-04,  3.9347e-04,
        -4.8334e-05, -2.5832e-04,  6.4462e-05, -4.6994e-04,  4.9933e-04,
         4.8245e-05, -5.9296e-04,  6.5679e-04, -7.0593e-04, -2.4244e-04,
        -8.7110e-04,  5.5550e-04,  5.9115e-04, -6.8936e-04, -5.0660e-04,
        -9.9443e-04,  1.1339e-03, -1.0923e-03,  5.8430e-04,  1.2005e-03,
         4.6407e-04,  8.1173e-04, -3.3002e-05, -9.3224e-04,  1.1993e-03,
        -5.6672e-04, -8.4118e-04, -2.8924e-04, -7.3739e-04,  8.6082e-04,
        -5.7413e-04,  2.7295e-04, -8.1484e-04, -6.5162e-04, -3.0977e-04,
         2.0376e-04,  1.0439e-03,  2.3244e-05, -2.2308e-04, -7.2074e-04,
        -3.8375e-04, -5.1725e-04,  9.9488e-04,  3.7037e-04, -1.0285e-04,
         6.1610e-04,  3.1064e-04,  7.4012e-04,  7.4984e-04, -4.4573e-04,
         6.2986e-04, -4.4421e-04, -1.3249e-04, -5.7003e-04,  1.6191e-04,
         8.3780e-04, -6.4244e-04, -8.9933e-04, -4.2959e-04, -1.3475e-04,
        -5.1186e-04, -8.5766e-04, -8.7601e-04,  7.5534e-04, -4.3952e-04,
        -1.1811e-03, -1.0325e-05,  1.0429e-03,  1.8788e-04, -6.4680e-04,
        -5.8820e-04, -3.4843e-04,  1.0486e-04, -9.7214e-04,  7.9793e-04,
        -9.2029e-04,  3.1562e-04,  7.4149e-04,  4.4318e-04,  3.4845e-04,
        -8.2372e-04, -5.8264e-04, -8.0205e-04, -1.0216e-03,  1.1904e-03,
         1.1470e-03, -2.2131e-04,  4.8452e-04,  9.6624e-04,  5.4543e-04,
         6.0828e-04], device='cuda:0') 
 Parameter containing:
tensor([-1.0642e-03,  7.8407e-04, -5.3867e-04,  1.6835e-04,  4.7459e-04,
        -1.0597e-03, -9.1514e-04,  7.1350e-04, -7.5058e-04,  4.4573e-04,
         4.0065e-04,  9.2840e-04, -1.0743e-03, -4.3884e-04, -8.5271e-04,
         4.4840e-04,  5.9114e-04,  5.3166e-04,  7.3568e-05,  3.7833e-04,
        -1.4092e-04,  2.3694e-04, -8.6043e-04,  3.6552e-04,  1.1300e-03,
         1.1047e-03, -2.7755e-04,  1.0170e-03,  1.9800e-04, -7.8448e-04,
         5.7237e-04, -3.1361e-04, -4.0776e-05, -8.1775e-05, -9.6183e-05,
         1.2168e-03, -6.1707e-04, -9.4792e-04,  6.6587e-05,  4.4090e-04,
        -1.0225e-03,  5.1590e-04,  1.0321e-03, -5.8627e-04, -8.6589e-04,
        -7.2858e-04,  6.0538e-04,  2.3525e-04,  8.9733e-04,  1.1788e-03,
         2.7090e-04,  1.0718e-03,  9.6890e-04,  7.0803e-04, -8.5536e-05,
         4.4423e-05,  3.9273e-04, -8.4544e-04,  3.0400e-04, -2.7386e-04,
         8.3365e-05, -7.3242e-04, -6.5391e-04, -8.2370e-04,  1.0400e-03,
         7.9154e-04,  7.8784e-04,  6.7169e-04, -8.4461e-04,  6.0112e-04,
        -3.4443e-04,  8.3377e-04, -7.6978e-04, -1.1410e-03, -1.2154e-03,
         6.7316e-04,  4.0195e-05, -8.3342e-04, -8.3764e-04,  7.1588e-04,
        -1.0405e-03, -9.0553e-04, -3.0176e-04,  1.6780e-05,  9.6579e-04,
        -1.1489e-04, -1.1069e-03,  4.1776e-04,  5.8777e-04,  7.8406e-04,
         8.6008e-04, -1.4295e-04,  1.1096e-03, -3.9768e-04, -1.0760e-03,
        -5.6585e-04,  2.9470e-04, -2.5374e-04, -6.4338e-04, -9.4647e-05,
         7.4357e-04,  2.3677e-04,  8.2254e-04,  1.3453e-04,  6.0910e-04,
         1.0978e-03, -8.5797e-04,  7.6266e-04, -5.5788e-04,  5.1809e-05,
         4.2308e-04, -1.1252e-03, -8.2712e-04, -5.1032e-04, -1.1808e-03,
         9.3963e-04,  1.0796e-04,  1.0456e-03,  3.7756e-04,  1.2027e-03,
        -4.9156e-04,  2.1140e-04, -1.2045e-03,  7.8631e-05,  1.5593e-04,
         7.7902e-04, -3.3066e-04, -9.4087e-04,  9.1282e-05, -8.9290e-04,
         1.5831e-04,  9.8557e-05, -1.1467e-03, -4.0536e-04,  2.9023e-04,
        -2.6079e-04, -2.0583e-04, -9.6709e-04, -5.0390e-04,  4.8368e-04,
         1.2075e-03,  8.7921e-04, -4.9133e-04,  1.7017e-04,  1.5839e-05,
        -7.9636e-04, -9.2277e-04, -1.2058e-03, -1.6249e-05, -1.0266e-03,
        -1.1411e-03,  4.7207e-04,  1.1148e-03,  4.8075e-04, -5.8600e-04,
         8.7466e-04, -1.1700e-03, -6.7368e-04, -6.8492e-04, -4.3370e-04,
        -9.6472e-04, -8.3747e-04, -2.1219e-04,  9.7128e-04,  3.9347e-04,
        -4.8334e-05, -2.5832e-04,  6.4462e-05, -4.6994e-04,  4.9933e-04,
         4.8245e-05, -5.9296e-04,  6.5679e-04, -7.0593e-04, -2.4244e-04,
        -8.7110e-04,  5.5550e-04,  5.9115e-04, -6.8936e-04, -5.0660e-04,
        -9.9443e-04,  1.1339e-03, -1.0923e-03,  5.8430e-04,  1.2005e-03,
         4.6407e-04,  8.1173e-04, -3.3002e-05, -9.3224e-04,  1.1993e-03,
        -5.6672e-04, -8.4118e-04, -2.8924e-04, -7.3739e-04,  8.6082e-04,
        -5.7413e-04,  2.7295e-04, -8.1484e-04, -6.5162e-04, -3.0977e-04,
         2.0376e-04,  1.0439e-03,  2.3244e-05, -2.2308e-04, -7.2074e-04,
        -3.8375e-04, -5.1725e-04,  9.9488e-04,  3.7037e-04, -1.0285e-04,
         6.1610e-04,  3.1064e-04,  7.4012e-04,  7.4984e-04, -4.4573e-04,
         6.2986e-04, -4.4421e-04, -1.3249e-04, -5.7003e-04,  1.6191e-04,
         8.3780e-04, -6.4244e-04, -8.9933e-04, -4.2959e-04, -1.3475e-04,
        -5.1186e-04, -8.5766e-04, -8.7601e-04,  7.5534e-04, -4.3952e-04,
        -1.1811e-03, -1.0325e-05,  1.0429e-03,  1.8788e-04, -6.4680e-04,
        -5.8820e-04, -3.4843e-04,  1.0486e-04, -9.7214e-04,  7.9793e-04,
        -9.2029e-04,  3.1562e-04,  7.4149e-04,  4.4318e-04,  3.4845e-04,
        -8.2372e-04, -5.8264e-04, -8.0205e-04, -1.0216e-03,  1.1904e-03,
         1.1470e-03, -2.2131e-04,  4.8452e-04,  9.6624e-04,  5.4543e-04,
         6.0828e-04], device='cuda:0', requires_grad=True)
parameters of the network fc2.weight 
 torch.Size([128, 256]) 
 True 
 tensor([[ 0.0146,  0.0406,  0.0594,  ...,  0.0121, -0.0467,  0.0465],
        [ 0.0598,  0.0056, -0.0491,  ...,  0.0019, -0.0439,  0.0256],
        [-0.0234,  0.0358,  0.0408,  ..., -0.0499, -0.0582, -0.0088],
        ...,
        [-0.0351,  0.0255, -0.0351,  ..., -0.0353, -0.0039,  0.0324],
        [-0.0242,  0.0567, -0.0284,  ...,  0.0095,  0.0125, -0.0492],
        [ 0.0315, -0.0520, -0.0544,  ..., -0.0177,  0.0163, -0.0190]],
       device='cuda:0') 
 Parameter containing:
tensor([[ 0.0146,  0.0406,  0.0594,  ...,  0.0121, -0.0467,  0.0465],
        [ 0.0598,  0.0056, -0.0491,  ...,  0.0019, -0.0439,  0.0256],
        [-0.0234,  0.0358,  0.0408,  ..., -0.0499, -0.0582, -0.0088],
        ...,
        [-0.0351,  0.0255, -0.0351,  ..., -0.0353, -0.0039,  0.0324],
        [-0.0242,  0.0567, -0.0284,  ...,  0.0095,  0.0125, -0.0492],
        [ 0.0315, -0.0520, -0.0544,  ..., -0.0177,  0.0163, -0.0190]],
       device='cuda:0', requires_grad=True)
parameters of the network fc2.bias 
 torch.Size([128]) 
 True 
 tensor([ 0.0134,  0.0387,  0.0216, -0.0309, -0.0275,  0.0530, -0.0516,  0.0099,
         0.0607,  0.0325,  0.0111,  0.0239, -0.0099,  0.0470,  0.0378, -0.0340,
        -0.0243, -0.0421,  0.0213, -0.0562, -0.0369, -0.0606,  0.0037,  0.0178,
        -0.0263,  0.0353, -0.0514, -0.0393, -0.0406, -0.0467,  0.0268,  0.0500,
        -0.0145,  0.0532,  0.0503, -0.0067, -0.0341,  0.0316, -0.0512,  0.0389,
        -0.0315,  0.0483, -0.0153,  0.0561, -0.0025, -0.0022,  0.0375, -0.0536,
         0.0318, -0.0497,  0.0538,  0.0090, -0.0460,  0.0188,  0.0250, -0.0540,
        -0.0309, -0.0061,  0.0343, -0.0254, -0.0622, -0.0382,  0.0221,  0.0468,
        -0.0407, -0.0024, -0.0532, -0.0145,  0.0505,  0.0411, -0.0242, -0.0617,
         0.0135, -0.0370,  0.0342, -0.0046,  0.0119, -0.0498,  0.0516,  0.0064,
         0.0603,  0.0467,  0.0580,  0.0050, -0.0390,  0.0586, -0.0401,  0.0077,
        -0.0241, -0.0452,  0.0049,  0.0468,  0.0508,  0.0551,  0.0476, -0.0081,
        -0.0162, -0.0606,  0.0179,  0.0535,  0.0212, -0.0574, -0.0397, -0.0071,
        -0.0504, -0.0220,  0.0456,  0.0035, -0.0016, -0.0076, -0.0016, -0.0515,
         0.0403, -0.0028,  0.0544,  0.0397,  0.0062,  0.0502,  0.0120,  0.0182,
        -0.0546,  0.0593,  0.0424, -0.0238,  0.0407,  0.0022, -0.0376, -0.0361],
       device='cuda:0') 
 Parameter containing:
tensor([ 0.0134,  0.0387,  0.0216, -0.0309, -0.0275,  0.0530, -0.0516,  0.0099,
         0.0607,  0.0325,  0.0111,  0.0239, -0.0099,  0.0470,  0.0378, -0.0340,
        -0.0243, -0.0421,  0.0213, -0.0562, -0.0369, -0.0606,  0.0037,  0.0178,
        -0.0263,  0.0353, -0.0514, -0.0393, -0.0406, -0.0467,  0.0268,  0.0500,
        -0.0145,  0.0532,  0.0503, -0.0067, -0.0341,  0.0316, -0.0512,  0.0389,
        -0.0315,  0.0483, -0.0153,  0.0561, -0.0025, -0.0022,  0.0375, -0.0536,
         0.0318, -0.0497,  0.0538,  0.0090, -0.0460,  0.0188,  0.0250, -0.0540,
        -0.0309, -0.0061,  0.0343, -0.0254, -0.0622, -0.0382,  0.0221,  0.0468,
        -0.0407, -0.0024, -0.0532, -0.0145,  0.0505,  0.0411, -0.0242, -0.0617,
         0.0135, -0.0370,  0.0342, -0.0046,  0.0119, -0.0498,  0.0516,  0.0064,
         0.0603,  0.0467,  0.0580,  0.0050, -0.0390,  0.0586, -0.0401,  0.0077,
        -0.0241, -0.0452,  0.0049,  0.0468,  0.0508,  0.0551,  0.0476, -0.0081,
        -0.0162, -0.0606,  0.0179,  0.0535,  0.0212, -0.0574, -0.0397, -0.0071,
        -0.0504, -0.0220,  0.0456,  0.0035, -0.0016, -0.0076, -0.0016, -0.0515,
         0.0403, -0.0028,  0.0544,  0.0397,  0.0062,  0.0502,  0.0120,  0.0182,
        -0.0546,  0.0593,  0.0424, -0.0238,  0.0407,  0.0022, -0.0376, -0.0361],
       device='cuda:0', requires_grad=True)
parameters of the network fc3.weight 
 torch.Size([64, 128]) 
 True 
 tensor([[ 0.0571, -0.0489, -0.0694,  ..., -0.0156, -0.0185,  0.0879],
        [-0.0325,  0.0168, -0.0071,  ...,  0.0283, -0.0863, -0.0869],
        [-0.0882, -0.0819, -0.0673,  ..., -0.0185,  0.0001,  0.0115],
        ...,
        [ 0.0876,  0.0754, -0.0002,  ..., -0.0820,  0.0710,  0.0697],
        [ 0.0102,  0.0290,  0.0067,  ..., -0.0696, -0.0525, -0.0333],
        [-0.0550, -0.0030,  0.0633,  ...,  0.0381, -0.0764,  0.0841]],
       device='cuda:0') 
 Parameter containing:
tensor([[ 0.0571, -0.0489, -0.0694,  ..., -0.0156, -0.0185,  0.0879],
        [-0.0325,  0.0168, -0.0071,  ...,  0.0283, -0.0863, -0.0869],
        [-0.0882, -0.0819, -0.0673,  ..., -0.0185,  0.0001,  0.0115],
        ...,
        [ 0.0876,  0.0754, -0.0002,  ..., -0.0820,  0.0710,  0.0697],
        [ 0.0102,  0.0290,  0.0067,  ..., -0.0696, -0.0525, -0.0333],
        [-0.0550, -0.0030,  0.0633,  ...,  0.0381, -0.0764,  0.0841]],
       device='cuda:0', requires_grad=True)
parameters of the network fc3.bias 
 torch.Size([64]) 
 True 
 tensor([-0.0619,  0.0700,  0.0493, -0.0640, -0.0329,  0.0747, -0.0701,  0.0533,
         0.0346,  0.0240,  0.0822,  0.0546, -0.0220,  0.0585, -0.0179, -0.0604,
        -0.0594, -0.0450,  0.0437,  0.0125,  0.0329, -0.0554, -0.0628, -0.0684,
         0.0822, -0.0846,  0.0165,  0.0112,  0.0160,  0.0731,  0.0292,  0.0753,
         0.0259, -0.0419,  0.0071, -0.0559, -0.0289,  0.0740,  0.0883,  0.0379,
         0.0135, -0.0782,  0.0098,  0.0300, -0.0463,  0.0402,  0.0464, -0.0762,
         0.0593, -0.0559, -0.0692, -0.0275, -0.0379, -0.0736, -0.0598, -0.0552,
         0.0724, -0.0099, -0.0195,  0.0211, -0.0572,  0.0711,  0.0614, -0.0844],
       device='cuda:0') 
 Parameter containing:
tensor([-0.0619,  0.0700,  0.0493, -0.0640, -0.0329,  0.0747, -0.0701,  0.0533,
         0.0346,  0.0240,  0.0822,  0.0546, -0.0220,  0.0585, -0.0179, -0.0604,
        -0.0594, -0.0450,  0.0437,  0.0125,  0.0329, -0.0554, -0.0628, -0.0684,
         0.0822, -0.0846,  0.0165,  0.0112,  0.0160,  0.0731,  0.0292,  0.0753,
         0.0259, -0.0419,  0.0071, -0.0559, -0.0289,  0.0740,  0.0883,  0.0379,
         0.0135, -0.0782,  0.0098,  0.0300, -0.0463,  0.0402,  0.0464, -0.0762,
         0.0593, -0.0559, -0.0692, -0.0275, -0.0379, -0.0736, -0.0598, -0.0552,
         0.0724, -0.0099, -0.0195,  0.0211, -0.0572,  0.0711,  0.0614, -0.0844],
       device='cuda:0', requires_grad=True)
parameters of the network fc4.weight 
 torch.Size([6796, 64]) 
 True 
 tensor([[-0.1088, -0.0192, -0.0517,  ...,  0.0518,  0.0067,  0.0628],
        [-0.0304,  0.0486, -0.0316,  ..., -0.0780, -0.0511, -0.1097],
        [-0.0002, -0.0724,  0.0551,  ...,  0.0734,  0.1078,  0.0054],
        ...,
        [ 0.0819,  0.0200,  0.1237,  ..., -0.0690, -0.0681, -0.0920],
        [-0.1107,  0.1050,  0.1075,  ..., -0.0623,  0.0430, -0.0168],
        [ 0.0170,  0.0482,  0.1090,  ..., -0.1002,  0.0257,  0.0931]],
       device='cuda:0') 
 Parameter containing:
tensor([[-0.1088, -0.0192, -0.0517,  ...,  0.0518,  0.0067,  0.0628],
        [-0.0304,  0.0486, -0.0316,  ..., -0.0780, -0.0511, -0.1097],
        [-0.0002, -0.0724,  0.0551,  ...,  0.0734,  0.1078,  0.0054],
        ...,
        [ 0.0819,  0.0200,  0.1237,  ..., -0.0690, -0.0681, -0.0920],
        [-0.1107,  0.1050,  0.1075,  ..., -0.0623,  0.0430, -0.0168],
        [ 0.0170,  0.0482,  0.1090,  ..., -0.1002,  0.0257,  0.0931]],
       device='cuda:0', requires_grad=True)
parameters of the network fc4.bias 
 torch.Size([6796]) 
 True 
 tensor([-0.0165,  0.0666, -0.0196,  ..., -0.0401,  0.0364, -0.0410],
       device='cuda:0') 
 Parameter containing:
tensor([-0.0165,  0.0666, -0.0196,  ..., -0.0401,  0.0364, -0.0410],
       device='cuda:0', requires_grad=True)

Passing event 1007 from the network before training input tensor([[0., 0., 0.,  ..., 0., 0., 0.],
        [0., 0., 0.,  ..., 0., 0., 0.],
        [0., 0., 0.,  ..., 0., 0., 0.],
        ...,
        [0., 0., 0.,  ..., 0., 0., 0.],
        [0., 0., 0.,  ..., 0., 0., 0.],
        [0., 0., 0.,  ..., 0., 0., 0.]]) 
result1: tensor([[0.4963, 0.5062, 0.4994,  ..., 0.4949, 0.5077, 0.4968],
        [0.4964, 0.5063, 0.4994,  ..., 0.4948, 0.5076, 0.4967],
        [0.4964, 0.5062, 0.4994,  ..., 0.4949, 0.5076, 0.4968],
        ...,
        [0.4963, 0.5062, 0.4994,  ..., 0.4948, 0.5076, 0.4967],
        [0.4963, 0.5062, 0.4994,  ..., 0.4948, 0.5076, 0.4967],
        [0.4963, 0.5062, 0.4994,  ..., 0.4949, 0.5076, 0.4967]],
       device='cuda:0', grad_fn=<SigmoidBackward0>) 
result1.shape: torch.Size([20, 6796])

Passing two random events from the network before training 
result1: tensor([[0.4963, 0.5062, 0.4994,  ..., 0.4949, 0.5077, 0.4968],
        [0.4964, 0.5063, 0.4994,  ..., 0.4948, 0.5076, 0.4967],
        [0.4964, 0.5062, 0.4994,  ..., 0.4949, 0.5076, 0.4968],
        ...,
        [0.4963, 0.5062, 0.4994,  ..., 0.4948, 0.5076, 0.4967],
        [0.4963, 0.5062, 0.4994,  ..., 0.4948, 0.5076, 0.4967],
        [0.4963, 0.5062, 0.4994,  ..., 0.4949, 0.5076, 0.4967]],
       device='cuda:0', grad_fn=<SigmoidBackward0>) 
result1.shape: torch.Size([20, 6796]) 
input: [[0. 0. 0. ... 0. 0. 0.]
 [0. 0. 0. ... 0. 0. 0.]
 [0. 0. 0. ... 0. 0. 0.]
 ...
 [0. 0. 0. ... 0. 0. 0.]
 [0. 0. 0. ... 0. 0. 0.]
 [0. 0. 0. ... 0. 0. 0.]]
=> loading checkpoint from /hpcfs/bes/mlgpu/hoseinkk/MLTracking/otherparticles/pppipi/pyt_pppipi_cnn_1/checkpoint_dir/1999840284saved_checkpoint.tar



load_model True 
TraEvN 19998 
BatchSize 30.0 
EpochNum 40 
LrVal 0.0001 
weight_decay 5e-05 
startmesh 284 
endmesh 285 



Traceback (most recent call last):
  File "/hpcfs/bes/mlgpu/hoseinkk/MLTracking/otherparticles/pppipi/pyt_pppipi_cnn_1/./Results.py", line 39, in <module>
    result1 = net(TraTen.reshape(-1,1,43,288)[10000:10010].to(device))
  File "/hpcfs/bes/mlgpu/hoseinkk/Miniconda3/envs/dgl1/lib/python3.9/site-packages/torch/nn/modules/module.py", line 1102, in _call_impl
    return forward_call(*input, **kwargs)
  File "/hpcfs/bes/mlgpu/hoseinkk/MLTracking/otherparticles/pppipi/pyt_pppipi_cnn_1/Model.py", line 27, in forward
    x = F.relu(self.conv1(x))
  File "/hpcfs/bes/mlgpu/hoseinkk/Miniconda3/envs/dgl1/lib/python3.9/site-packages/torch/nn/modules/module.py", line 1102, in _call_impl
    return forward_call(*input, **kwargs)
  File "/hpcfs/bes/mlgpu/hoseinkk/Miniconda3/envs/dgl1/lib/python3.9/site-packages/torch/nn/modules/conv.py", line 446, in forward
    return self._conv_forward(input, self.weight, self.bias)
  File "/hpcfs/bes/mlgpu/hoseinkk/Miniconda3/envs/dgl1/lib/python3.9/site-packages/torch/nn/modules/conv.py", line 442, in _conv_forward
    return F.conv2d(input, weight, bias, self.stride,
RuntimeError: Input type (torch.cuda.FloatTensor) and weight type (torch.FloatTensor) should be the same

real	0m33.902s
user	0m15.204s
sys	0m7.670s
