0: gpu016.ihep.ac.cn
GPU 0: Tesla V100-SXM2-32GB (UUID: GPU-adc0bb57-5f8a-ba9d-04e2-dbaa9f7c20f1)
Allocate GPU cards : 0

modinfo:
filename:       /lib/modules/3.10.0-1160.71.1.el7.x86_64/extra/nvidia.ko.xz
firmware:       nvidia/515.65.01/gsp.bin
alias:          char-major-195-*
version:        515.65.01
supported:      external
license:        NVIDIA
retpoline:      Y
rhelversion:    7.9
srcversion:     8049D44E2C1B08F41E1B8A6
alias:          pci:v000010DEd*sv*sd*bc06sc80i00*
alias:          pci:v000010DEd*sv*sd*bc03sc02i00*
alias:          pci:v000010DEd*sv*sd*bc03sc00i00*
depends:        drm
vermagic:       3.10.0-1160.71.1.el7.x86_64 SMP mod_unload modversions 
signer:         DKMS module signing key
sig_key:        A2:17:1D:79:E5:47:38:13:77:F2:EE:66:EA:5D:DB:A0:A1:CA:F4:E7
sig_hashalgo:   sha512
parm:           NvSwitchRegDwords:NvSwitch regkey (charp)
parm:           NvSwitchBlacklist:NvSwitchBlacklist=uuid[,uuid...] (charp)
parm:           NVreg_ResmanDebugLevel:int
parm:           NVreg_RmLogonRC:int
parm:           NVreg_ModifyDeviceFiles:int
parm:           NVreg_DeviceFileUID:int
parm:           NVreg_DeviceFileGID:int
parm:           NVreg_DeviceFileMode:int
parm:           NVreg_InitializeSystemMemoryAllocations:int
parm:           NVreg_UsePageAttributeTable:int
parm:           NVreg_EnablePCIeGen3:int
parm:           NVreg_EnableMSI:int
parm:           NVreg_TCEBypassMode:int
parm:           NVreg_EnableStreamMemOPs:int
parm:           NVreg_RestrictProfilingToAdminUsers:int
parm:           NVreg_PreserveVideoMemoryAllocations:int
parm:           NVreg_EnableS0ixPowerManagement:int
parm:           NVreg_S0ixPowerManagementVideoMemoryThreshold:int
parm:           NVreg_DynamicPowerManagement:int
parm:           NVreg_DynamicPowerManagementVideoMemoryThreshold:int
parm:           NVreg_EnableGpuFirmware:int
parm:           NVreg_EnableGpuFirmwareLogs:int
parm:           NVreg_OpenRmEnableUnsupportedGpus:int
parm:           NVreg_EnableUserNUMAManagement:int
parm:           NVreg_MemoryPoolSize:int
parm:           NVreg_KMallocHeapMaxSize:int
parm:           NVreg_VMallocHeapMaxSize:int
parm:           NVreg_IgnoreMMIOCheck:int
parm:           NVreg_NvLinkDisable:int
parm:           NVreg_EnablePCIERelaxedOrderingMode:int
parm:           NVreg_RegisterPCIDriver:int
parm:           NVreg_EnableDbgBreakpoint:int
parm:           NVreg_RegistryDwords:charp
parm:           NVreg_RegistryDwordsPerDevice:charp
parm:           NVreg_RmMsg:charp
parm:           NVreg_GpuBlacklist:charp
parm:           NVreg_TemporaryFilePath:charp
parm:           NVreg_ExcludedGpus:charp
parm:           NVreg_DmaRemapPeerMmio:int
parm:           rm_firmware_active:charp

nvidia-smi:
Mon Aug 29 17:23:01 2022       
+-----------------------------------------------------------------------------+
| NVIDIA-SMI 515.65.01    Driver Version: 515.65.01    CUDA Version: 11.7     |
|-------------------------------+----------------------+----------------------+
| GPU  Name        Persistence-M| Bus-Id        Disp.A | Volatile Uncorr. ECC |
| Fan  Temp  Perf  Pwr:Usage/Cap|         Memory-Usage | GPU-Util  Compute M. |
|                               |                      |               MIG M. |
|===============================+======================+======================|
|   0  Tesla V100-SXM2...  On   | 00000000:1D:00.0 Off |                    0 |
| N/A   29C    P0    42W / 300W |      0MiB / 32768MiB |      0%      Default |
|                               |                      |                  N/A |
+-------------------------------+----------------------+----------------------+
                                                                               
+-----------------------------------------------------------------------------+
| Processes:                                                                  |
|  GPU   GI   CI        PID   Type   Process name                  GPU Memory |
|        ID   ID                                                   Usage      |
|=============================================================================|
|  No running processes found                                                 |
+-----------------------------------------------------------------------------+

nvcc --version:
nvcc: NVIDIA (R) Cuda compiler driver
Copyright (c) 2005-2021 NVIDIA Corporation
Built on Sun_Mar_21_19:15:46_PDT_2021
Cuda compilation tools, release 11.3, V11.3.58
Build cuda_11.3.r11.3/compiler.29745058_0

 torch version: 1.10.2

 cuda version: 11.3

 is cuda available: True

 CUDNN VERSION: 8200

 Number CUDA Devices: 1

 CUDA Device Name: Tesla V100-SXM2-32GB

 CUDA Device Total Memory [GB]: 34.089926656

 Device capability: (7, 0) 

 Cuda deviice: <torch.cuda.device object at 0x2b11a25758e0> 

 Is cuda initialized: True

 CUDA_HOME: /hpcfs/bes/mlgpu/hoseinkk/Miniconda3/envs/dgl1

real	0m5.565s
user	0m2.795s
sys	0m0.779s
/hpcfs/bes/mlgpu/hoseinkk/Miniconda3/envs/dgl1/lib/python3.9/site-packages/cupy/_environment.py:438: UserWarning: 
--------------------------------------------------------------------------------

  CuPy may not function correctly because multiple CuPy packages are installed
  in your environment:

    cupy, cupy-cuda110

  Follow these steps to resolve this issue:

    1. For all packages listed above, run the following command to remove all
       existing CuPy installations:

         $ pip uninstall <package_name>

      If you previously installed CuPy via conda, also run the following:

         $ conda uninstall cupy

    2. Install the appropriate CuPy package.
       Refer to the Installation Guide for detailed instructions.

         https://docs.cupy.dev/en/stable/install.html

--------------------------------------------------------------------------------

  warnings.warn(f'''
/hpcfs/bes/mlgpu/hoseinkk/Miniconda3/envs/dgl1/lib/python3.9/site-packages/torch/nn/functional.py:1806: UserWarning: nn.functional.sigmoid is deprecated. Use torch.sigmoid instead.
  warnings.warn("nn.functional.sigmoid is deprecated. Use torch.sigmoid instead.")





 Loading data ... 



training set shape (20000, 43, 288) 
sum 5279207

target set shape (20000, 6796) 
sum 4575851




 The Network ... 


Net(
  (conv1): Conv2d(1, 256, kernel_size=(3, 3), stride=(1, 1))
  (conv2): Conv2d(256, 128, kernel_size=(3, 3), stride=(1, 1))
  (conv3): Conv2d(128, 64, kernel_size=(3, 3), stride=(1, 1))
  (fc1): Linear(in_features=667776, out_features=256, bias=True)
  (fc2): Linear(in_features=256, out_features=128, bias=True)
  (fc3): Linear(in_features=128, out_features=64, bias=True)
  (fc4): Linear(in_features=64, out_features=6796, bias=True)
)

number of the free parameters: 171805196
parameters of the network conv1.weight 
 torch.Size([256, 1, 3, 3]) 
 True 
 tensor([[[[-0.2132, -0.1061, -0.1591],
          [ 0.3089, -0.1073, -0.1300],
          [-0.0961,  0.0556,  0.1929]]],


        [[[-0.3072, -0.0153,  0.2259],
          [-0.3019, -0.3109,  0.1088],
          [ 0.0969, -0.1834,  0.1559]]],


        [[[ 0.2360, -0.0251,  0.0421],
          [-0.1728, -0.1988,  0.2792],
          [-0.2543,  0.3270,  0.1001]]],


        ...,


        [[[ 0.2580, -0.3015,  0.2191],
          [ 0.3037, -0.2253,  0.1660],
          [ 0.1032, -0.0339,  0.2514]]],


        [[[ 0.1278, -0.0604, -0.2806],
          [-0.0884, -0.0954,  0.2182],
          [-0.1132,  0.1752,  0.0383]]],


        [[[ 0.2656,  0.2883, -0.2641],
          [-0.0276,  0.1534, -0.1503],
          [ 0.2912,  0.0144, -0.1638]]]], device='cuda:0') 
 Parameter containing:
tensor([[[[-0.2132, -0.1061, -0.1591],
          [ 0.3089, -0.1073, -0.1300],
          [-0.0961,  0.0556,  0.1929]]],


        [[[-0.3072, -0.0153,  0.2259],
          [-0.3019, -0.3109,  0.1088],
          [ 0.0969, -0.1834,  0.1559]]],


        [[[ 0.2360, -0.0251,  0.0421],
          [-0.1728, -0.1988,  0.2792],
          [-0.2543,  0.3270,  0.1001]]],


        ...,


        [[[ 0.2580, -0.3015,  0.2191],
          [ 0.3037, -0.2253,  0.1660],
          [ 0.1032, -0.0339,  0.2514]]],


        [[[ 0.1278, -0.0604, -0.2806],
          [-0.0884, -0.0954,  0.2182],
          [-0.1132,  0.1752,  0.0383]]],


        [[[ 0.2656,  0.2883, -0.2641],
          [-0.0276,  0.1534, -0.1503],
          [ 0.2912,  0.0144, -0.1638]]]], device='cuda:0', requires_grad=True)
parameters of the network conv1.bias 
 torch.Size([256]) 
 True 
 tensor([-2.7336e-01,  3.2260e-01,  2.2200e-01, -1.3620e-01,  4.4790e-02,
         2.5447e-01,  2.9965e-01, -3.1647e-01,  2.3517e-01, -2.2570e-01,
         2.8852e-01, -3.0232e-01,  2.8793e-01, -8.9655e-02, -9.2041e-02,
        -2.4543e-01, -9.9313e-02, -1.4324e-01,  2.0869e-01,  1.4847e-01,
        -2.2801e-02, -2.2382e-01,  1.0066e-01, -5.0652e-02, -3.2317e-01,
         8.4490e-02,  6.0346e-02, -2.9484e-01, -1.5416e-01,  7.8048e-02,
        -1.2169e-01,  1.2885e-01,  3.3220e-01,  2.1209e-03,  2.9587e-01,
         1.5332e-01,  1.4326e-01,  3.0132e-01,  1.1698e-01,  4.1962e-05,
        -1.3220e-01, -2.9764e-01, -3.0371e-01,  1.6534e-02,  3.1872e-01,
        -2.8587e-01, -2.7059e-01, -2.8651e-01,  2.1995e-01,  1.6711e-01,
        -9.9308e-02, -2.5355e-02,  3.0962e-01, -2.6937e-01,  2.9919e-01,
         8.7068e-02, -1.5896e-01,  1.2106e-01,  3.2614e-01, -6.6780e-02,
        -2.7095e-01,  3.2730e-01,  1.8847e-01,  4.6799e-02,  3.1473e-01,
        -4.0275e-02, -4.6155e-02, -8.1124e-03, -1.8312e-01, -2.5470e-01,
        -7.2167e-02,  3.3074e-01, -2.2382e-01, -1.9774e-02,  1.4354e-01,
        -2.6808e-01, -2.5454e-01, -1.3444e-01, -9.9176e-02, -2.3061e-02,
         1.8544e-01,  1.6456e-01, -1.3764e-01,  8.9447e-04, -2.1902e-01,
        -7.6531e-02, -7.9334e-02, -3.2858e-01, -2.6170e-01,  1.4699e-01,
         2.7378e-01,  2.7981e-01,  2.2151e-01, -3.0187e-01,  1.4753e-01,
        -2.0264e-01, -2.9195e-01, -1.2997e-01, -2.6926e-01,  1.8555e-02,
         2.0774e-01, -2.5335e-02, -2.4099e-01,  1.4793e-01,  2.4892e-01,
        -2.6676e-01, -2.9916e-01, -1.0873e-01,  5.8067e-02,  1.5582e-01,
         1.6455e-01,  1.5802e-01, -3.2046e-01, -1.1360e-01,  2.7524e-01,
         1.8342e-02, -1.6151e-02,  2.4820e-01,  2.5134e-01, -2.5331e-01,
        -2.6591e-01,  2.6104e-01,  2.5136e-01, -2.3685e-01, -4.8580e-02,
         2.3553e-01, -2.3017e-01, -2.3798e-01,  1.9977e-01, -9.8621e-02,
         3.1550e-01,  2.0458e-01,  9.3388e-02, -3.1930e-01, -2.3469e-01,
         2.7042e-01, -2.3612e-01, -1.8199e-01,  1.2883e-01,  2.7955e-01,
         1.4599e-01, -1.8393e-01,  2.7483e-01,  3.6273e-02, -1.1708e-01,
         7.6871e-02,  3.0516e-01, -1.6042e-01, -2.0422e-01,  1.3835e-01,
        -2.2922e-01, -2.7677e-01,  2.1652e-01,  2.1884e-02, -8.3058e-02,
        -3.0866e-01,  2.9778e-01, -2.9646e-01, -3.2232e-01,  3.0540e-01,
        -6.1239e-03,  3.1534e-01,  3.1059e-01,  2.7604e-02, -1.7272e-01,
        -2.9802e-01, -9.2130e-02,  5.6752e-04, -1.1017e-01,  2.5085e-01,
         1.2906e-01,  2.5421e-01, -1.9511e-01, -2.4031e-01,  2.1525e-01,
        -2.6700e-01,  9.1949e-02, -1.3321e-01, -3.1513e-01, -9.1306e-02,
         1.0999e-01, -2.2374e-01, -2.2817e-01, -1.2725e-01, -5.3084e-02,
        -2.1151e-01, -1.6652e-01, -6.6032e-03, -3.2602e-01,  3.2512e-01,
        -1.0921e-01,  8.5845e-02, -6.3806e-02, -3.0060e-02, -1.7595e-01,
        -2.2644e-01, -2.0378e-01,  3.2658e-01, -1.5570e-01, -8.2239e-02,
         2.3214e-01,  1.5200e-01, -2.7280e-01,  3.4944e-02, -2.9732e-01,
        -1.4946e-01,  9.4428e-02, -2.5872e-01, -3.3185e-01,  5.6176e-02,
         1.1912e-01,  2.4011e-01,  5.9172e-02, -1.0888e-01, -2.6803e-02,
         2.8703e-01, -8.7199e-02,  3.2982e-01, -3.1984e-01,  6.4377e-02,
        -4.8564e-02,  3.0032e-01, -1.9365e-01, -2.8282e-01,  1.7038e-01,
        -2.3839e-01, -2.6328e-01, -9.7906e-02, -6.9953e-02,  2.7109e-01,
         3.1373e-01,  1.6886e-01,  6.8189e-02, -8.7213e-02,  1.0100e-01,
         1.0702e-01, -2.7366e-02, -2.3068e-01, -1.0394e-01,  2.2109e-02,
         2.3601e-01,  2.1731e-01,  2.3821e-01,  2.3439e-01, -2.0281e-01,
        -7.0599e-02,  1.8209e-01, -9.4895e-02,  7.3160e-02,  8.6287e-02,
        -2.9800e-01,  4.8587e-02,  9.1149e-02, -9.7923e-03, -3.0014e-01,
        -1.8802e-01], device='cuda:0') 
 Parameter containing:
tensor([-2.7336e-01,  3.2260e-01,  2.2200e-01, -1.3620e-01,  4.4790e-02,
         2.5447e-01,  2.9965e-01, -3.1647e-01,  2.3517e-01, -2.2570e-01,
         2.8852e-01, -3.0232e-01,  2.8793e-01, -8.9655e-02, -9.2041e-02,
        -2.4543e-01, -9.9313e-02, -1.4324e-01,  2.0869e-01,  1.4847e-01,
        -2.2801e-02, -2.2382e-01,  1.0066e-01, -5.0652e-02, -3.2317e-01,
         8.4490e-02,  6.0346e-02, -2.9484e-01, -1.5416e-01,  7.8048e-02,
        -1.2169e-01,  1.2885e-01,  3.3220e-01,  2.1209e-03,  2.9587e-01,
         1.5332e-01,  1.4326e-01,  3.0132e-01,  1.1698e-01,  4.1962e-05,
        -1.3220e-01, -2.9764e-01, -3.0371e-01,  1.6534e-02,  3.1872e-01,
        -2.8587e-01, -2.7059e-01, -2.8651e-01,  2.1995e-01,  1.6711e-01,
        -9.9308e-02, -2.5355e-02,  3.0962e-01, -2.6937e-01,  2.9919e-01,
         8.7068e-02, -1.5896e-01,  1.2106e-01,  3.2614e-01, -6.6780e-02,
        -2.7095e-01,  3.2730e-01,  1.8847e-01,  4.6799e-02,  3.1473e-01,
        -4.0275e-02, -4.6155e-02, -8.1124e-03, -1.8312e-01, -2.5470e-01,
        -7.2167e-02,  3.3074e-01, -2.2382e-01, -1.9774e-02,  1.4354e-01,
        -2.6808e-01, -2.5454e-01, -1.3444e-01, -9.9176e-02, -2.3061e-02,
         1.8544e-01,  1.6456e-01, -1.3764e-01,  8.9447e-04, -2.1902e-01,
        -7.6531e-02, -7.9334e-02, -3.2858e-01, -2.6170e-01,  1.4699e-01,
         2.7378e-01,  2.7981e-01,  2.2151e-01, -3.0187e-01,  1.4753e-01,
        -2.0264e-01, -2.9195e-01, -1.2997e-01, -2.6926e-01,  1.8555e-02,
         2.0774e-01, -2.5335e-02, -2.4099e-01,  1.4793e-01,  2.4892e-01,
        -2.6676e-01, -2.9916e-01, -1.0873e-01,  5.8067e-02,  1.5582e-01,
         1.6455e-01,  1.5802e-01, -3.2046e-01, -1.1360e-01,  2.7524e-01,
         1.8342e-02, -1.6151e-02,  2.4820e-01,  2.5134e-01, -2.5331e-01,
        -2.6591e-01,  2.6104e-01,  2.5136e-01, -2.3685e-01, -4.8580e-02,
         2.3553e-01, -2.3017e-01, -2.3798e-01,  1.9977e-01, -9.8621e-02,
         3.1550e-01,  2.0458e-01,  9.3388e-02, -3.1930e-01, -2.3469e-01,
         2.7042e-01, -2.3612e-01, -1.8199e-01,  1.2883e-01,  2.7955e-01,
         1.4599e-01, -1.8393e-01,  2.7483e-01,  3.6273e-02, -1.1708e-01,
         7.6871e-02,  3.0516e-01, -1.6042e-01, -2.0422e-01,  1.3835e-01,
        -2.2922e-01, -2.7677e-01,  2.1652e-01,  2.1884e-02, -8.3058e-02,
        -3.0866e-01,  2.9778e-01, -2.9646e-01, -3.2232e-01,  3.0540e-01,
        -6.1239e-03,  3.1534e-01,  3.1059e-01,  2.7604e-02, -1.7272e-01,
        -2.9802e-01, -9.2130e-02,  5.6752e-04, -1.1017e-01,  2.5085e-01,
         1.2906e-01,  2.5421e-01, -1.9511e-01, -2.4031e-01,  2.1525e-01,
        -2.6700e-01,  9.1949e-02, -1.3321e-01, -3.1513e-01, -9.1306e-02,
         1.0999e-01, -2.2374e-01, -2.2817e-01, -1.2725e-01, -5.3084e-02,
        -2.1151e-01, -1.6652e-01, -6.6032e-03, -3.2602e-01,  3.2512e-01,
        -1.0921e-01,  8.5845e-02, -6.3806e-02, -3.0060e-02, -1.7595e-01,
        -2.2644e-01, -2.0378e-01,  3.2658e-01, -1.5570e-01, -8.2239e-02,
         2.3214e-01,  1.5200e-01, -2.7280e-01,  3.4944e-02, -2.9732e-01,
        -1.4946e-01,  9.4428e-02, -2.5872e-01, -3.3185e-01,  5.6176e-02,
         1.1912e-01,  2.4011e-01,  5.9172e-02, -1.0888e-01, -2.6803e-02,
         2.8703e-01, -8.7199e-02,  3.2982e-01, -3.1984e-01,  6.4377e-02,
        -4.8564e-02,  3.0032e-01, -1.9365e-01, -2.8282e-01,  1.7038e-01,
        -2.3839e-01, -2.6328e-01, -9.7906e-02, -6.9953e-02,  2.7109e-01,
         3.1373e-01,  1.6886e-01,  6.8189e-02, -8.7213e-02,  1.0100e-01,
         1.0702e-01, -2.7366e-02, -2.3068e-01, -1.0394e-01,  2.2109e-02,
         2.3601e-01,  2.1731e-01,  2.3821e-01,  2.3439e-01, -2.0281e-01,
        -7.0599e-02,  1.8209e-01, -9.4895e-02,  7.3160e-02,  8.6287e-02,
        -2.9800e-01,  4.8587e-02,  9.1149e-02, -9.7923e-03, -3.0014e-01,
        -1.8802e-01], device='cuda:0', requires_grad=True)
parameters of the network conv2.weight 
 torch.Size([128, 256, 3, 3]) 
 True 
 tensor([[[[-0.0090,  0.0206, -0.0056],
          [-0.0011,  0.0105,  0.0057],
          [ 0.0034, -0.0112,  0.0012]],

         [[ 0.0012, -0.0108,  0.0123],
          [-0.0176,  0.0022,  0.0070],
          [ 0.0039,  0.0088,  0.0090]],

         [[-0.0086,  0.0205,  0.0184],
          [-0.0056, -0.0025,  0.0059],
          [ 0.0019,  0.0188,  0.0114]],

         ...,

         [[ 0.0012, -0.0018,  0.0206],
          [ 0.0148,  0.0162,  0.0076],
          [-0.0009, -0.0178,  0.0206]],

         [[-0.0082, -0.0161,  0.0146],
          [-0.0142, -0.0194,  0.0112],
          [-0.0022, -0.0106, -0.0067]],

         [[-0.0110, -0.0045,  0.0107],
          [ 0.0019,  0.0162, -0.0176],
          [-0.0058, -0.0071, -0.0104]]],


        [[[-0.0129,  0.0065, -0.0096],
          [ 0.0158, -0.0046, -0.0047],
          [ 0.0080,  0.0185,  0.0042]],

         [[-0.0036,  0.0004, -0.0130],
          [-0.0172, -0.0201,  0.0023],
          [-0.0077, -0.0052, -0.0103]],

         [[-0.0131,  0.0005,  0.0190],
          [ 0.0017, -0.0107, -0.0151],
          [-0.0186, -0.0169,  0.0038]],

         ...,

         [[ 0.0135,  0.0171,  0.0069],
          [ 0.0159,  0.0033,  0.0094],
          [-0.0053,  0.0053,  0.0176]],

         [[ 0.0138, -0.0181, -0.0026],
          [-0.0019, -0.0011, -0.0055],
          [ 0.0149,  0.0177,  0.0122]],

         [[-0.0189,  0.0108, -0.0171],
          [ 0.0003,  0.0138,  0.0104],
          [-0.0200, -0.0023, -0.0111]]],


        [[[-0.0196, -0.0044, -0.0009],
          [ 0.0013,  0.0106,  0.0009],
          [ 0.0154, -0.0074,  0.0192]],

         [[ 0.0041, -0.0118,  0.0157],
          [ 0.0136,  0.0146, -0.0098],
          [-0.0087, -0.0025, -0.0011]],

         [[-0.0154, -0.0018,  0.0110],
          [-0.0131, -0.0167,  0.0086],
          [-0.0083,  0.0108,  0.0087]],

         ...,

         [[-0.0081, -0.0102,  0.0183],
          [ 0.0188, -0.0086,  0.0110],
          [-0.0091,  0.0006,  0.0207]],

         [[ 0.0050, -0.0183, -0.0024],
          [ 0.0156, -0.0184, -0.0202],
          [-0.0093,  0.0180,  0.0183]],

         [[-0.0204, -0.0208, -0.0203],
          [-0.0125, -0.0201,  0.0170],
          [ 0.0105,  0.0174, -0.0111]]],


        ...,


        [[[-0.0111,  0.0146,  0.0103],
          [-0.0145,  0.0049,  0.0082],
          [ 0.0200,  0.0175, -0.0087]],

         [[-0.0202,  0.0031, -0.0018],
          [-0.0079,  0.0163, -0.0089],
          [-0.0035,  0.0119,  0.0009]],

         [[ 0.0022,  0.0102, -0.0165],
          [ 0.0092,  0.0057, -0.0043],
          [ 0.0017, -0.0120, -0.0104]],

         ...,

         [[ 0.0124, -0.0075,  0.0186],
          [-0.0077,  0.0135, -0.0131],
          [-0.0047, -0.0086, -0.0155]],

         [[-0.0157,  0.0036,  0.0130],
          [ 0.0044, -0.0118,  0.0172],
          [ 0.0061,  0.0203, -0.0156]],

         [[ 0.0089, -0.0127, -0.0178],
          [-0.0180, -0.0014,  0.0050],
          [ 0.0065,  0.0119, -0.0110]]],


        [[[ 0.0091,  0.0144, -0.0183],
          [ 0.0144,  0.0160,  0.0062],
          [-0.0060, -0.0091,  0.0021]],

         [[-0.0147,  0.0172,  0.0053],
          [-0.0060, -0.0065, -0.0035],
          [-0.0126, -0.0185,  0.0140]],

         [[ 0.0172, -0.0070, -0.0070],
          [ 0.0069, -0.0158, -0.0151],
          [ 0.0105,  0.0093,  0.0185]],

         ...,

         [[-0.0036, -0.0206,  0.0116],
          [-0.0201,  0.0196, -0.0036],
          [ 0.0039,  0.0039,  0.0075]],

         [[ 0.0089,  0.0084, -0.0035],
          [ 0.0097, -0.0180,  0.0171],
          [ 0.0159, -0.0094,  0.0139]],

         [[-0.0106,  0.0090,  0.0105],
          [ 0.0147,  0.0061, -0.0024],
          [-0.0055,  0.0127, -0.0197]]],


        [[[ 0.0037, -0.0124, -0.0162],
          [ 0.0180,  0.0040, -0.0032],
          [-0.0142, -0.0087,  0.0201]],

         [[ 0.0027,  0.0014, -0.0105],
          [-0.0174,  0.0069, -0.0174],
          [ 0.0169, -0.0103,  0.0131]],

         [[-0.0084, -0.0051,  0.0188],
          [ 0.0142,  0.0091, -0.0131],
          [-0.0197, -0.0171, -0.0203]],

         ...,

         [[ 0.0180,  0.0078, -0.0180],
          [-0.0025,  0.0022, -0.0204],
          [ 0.0188, -0.0017,  0.0161]],

         [[ 0.0075,  0.0070,  0.0169],
          [ 0.0028, -0.0106,  0.0116],
          [ 0.0021,  0.0132, -0.0103]],

         [[-0.0109,  0.0151,  0.0098],
          [ 0.0148,  0.0048, -0.0079],
          [-0.0202,  0.0024,  0.0202]]]], device='cuda:0') 
 Parameter containing:
tensor([[[[-0.0090,  0.0206, -0.0056],
          [-0.0011,  0.0105,  0.0057],
          [ 0.0034, -0.0112,  0.0012]],

         [[ 0.0012, -0.0108,  0.0123],
          [-0.0176,  0.0022,  0.0070],
          [ 0.0039,  0.0088,  0.0090]],

         [[-0.0086,  0.0205,  0.0184],
          [-0.0056, -0.0025,  0.0059],
          [ 0.0019,  0.0188,  0.0114]],

         ...,

         [[ 0.0012, -0.0018,  0.0206],
          [ 0.0148,  0.0162,  0.0076],
          [-0.0009, -0.0178,  0.0206]],

         [[-0.0082, -0.0161,  0.0146],
          [-0.0142, -0.0194,  0.0112],
          [-0.0022, -0.0106, -0.0067]],

         [[-0.0110, -0.0045,  0.0107],
          [ 0.0019,  0.0162, -0.0176],
          [-0.0058, -0.0071, -0.0104]]],


        [[[-0.0129,  0.0065, -0.0096],
          [ 0.0158, -0.0046, -0.0047],
          [ 0.0080,  0.0185,  0.0042]],

         [[-0.0036,  0.0004, -0.0130],
          [-0.0172, -0.0201,  0.0023],
          [-0.0077, -0.0052, -0.0103]],

         [[-0.0131,  0.0005,  0.0190],
          [ 0.0017, -0.0107, -0.0151],
          [-0.0186, -0.0169,  0.0038]],

         ...,

         [[ 0.0135,  0.0171,  0.0069],
          [ 0.0159,  0.0033,  0.0094],
          [-0.0053,  0.0053,  0.0176]],

         [[ 0.0138, -0.0181, -0.0026],
          [-0.0019, -0.0011, -0.0055],
          [ 0.0149,  0.0177,  0.0122]],

         [[-0.0189,  0.0108, -0.0171],
          [ 0.0003,  0.0138,  0.0104],
          [-0.0200, -0.0023, -0.0111]]],


        [[[-0.0196, -0.0044, -0.0009],
          [ 0.0013,  0.0106,  0.0009],
          [ 0.0154, -0.0074,  0.0192]],

         [[ 0.0041, -0.0118,  0.0157],
          [ 0.0136,  0.0146, -0.0098],
          [-0.0087, -0.0025, -0.0011]],

         [[-0.0154, -0.0018,  0.0110],
          [-0.0131, -0.0167,  0.0086],
          [-0.0083,  0.0108,  0.0087]],

         ...,

         [[-0.0081, -0.0102,  0.0183],
          [ 0.0188, -0.0086,  0.0110],
          [-0.0091,  0.0006,  0.0207]],

         [[ 0.0050, -0.0183, -0.0024],
          [ 0.0156, -0.0184, -0.0202],
          [-0.0093,  0.0180,  0.0183]],

         [[-0.0204, -0.0208, -0.0203],
          [-0.0125, -0.0201,  0.0170],
          [ 0.0105,  0.0174, -0.0111]]],


        ...,


        [[[-0.0111,  0.0146,  0.0103],
          [-0.0145,  0.0049,  0.0082],
          [ 0.0200,  0.0175, -0.0087]],

         [[-0.0202,  0.0031, -0.0018],
          [-0.0079,  0.0163, -0.0089],
          [-0.0035,  0.0119,  0.0009]],

         [[ 0.0022,  0.0102, -0.0165],
          [ 0.0092,  0.0057, -0.0043],
          [ 0.0017, -0.0120, -0.0104]],

         ...,

         [[ 0.0124, -0.0075,  0.0186],
          [-0.0077,  0.0135, -0.0131],
          [-0.0047, -0.0086, -0.0155]],

         [[-0.0157,  0.0036,  0.0130],
          [ 0.0044, -0.0118,  0.0172],
          [ 0.0061,  0.0203, -0.0156]],

         [[ 0.0089, -0.0127, -0.0178],
          [-0.0180, -0.0014,  0.0050],
          [ 0.0065,  0.0119, -0.0110]]],


        [[[ 0.0091,  0.0144, -0.0183],
          [ 0.0144,  0.0160,  0.0062],
          [-0.0060, -0.0091,  0.0021]],

         [[-0.0147,  0.0172,  0.0053],
          [-0.0060, -0.0065, -0.0035],
          [-0.0126, -0.0185,  0.0140]],

         [[ 0.0172, -0.0070, -0.0070],
          [ 0.0069, -0.0158, -0.0151],
          [ 0.0105,  0.0093,  0.0185]],

         ...,

         [[-0.0036, -0.0206,  0.0116],
          [-0.0201,  0.0196, -0.0036],
          [ 0.0039,  0.0039,  0.0075]],

         [[ 0.0089,  0.0084, -0.0035],
          [ 0.0097, -0.0180,  0.0171],
          [ 0.0159, -0.0094,  0.0139]],

         [[-0.0106,  0.0090,  0.0105],
          [ 0.0147,  0.0061, -0.0024],
          [-0.0055,  0.0127, -0.0197]]],


        [[[ 0.0037, -0.0124, -0.0162],
          [ 0.0180,  0.0040, -0.0032],
          [-0.0142, -0.0087,  0.0201]],

         [[ 0.0027,  0.0014, -0.0105],
          [-0.0174,  0.0069, -0.0174],
          [ 0.0169, -0.0103,  0.0131]],

         [[-0.0084, -0.0051,  0.0188],
          [ 0.0142,  0.0091, -0.0131],
          [-0.0197, -0.0171, -0.0203]],

         ...,

         [[ 0.0180,  0.0078, -0.0180],
          [-0.0025,  0.0022, -0.0204],
          [ 0.0188, -0.0017,  0.0161]],

         [[ 0.0075,  0.0070,  0.0169],
          [ 0.0028, -0.0106,  0.0116],
          [ 0.0021,  0.0132, -0.0103]],

         [[-0.0109,  0.0151,  0.0098],
          [ 0.0148,  0.0048, -0.0079],
          [-0.0202,  0.0024,  0.0202]]]], device='cuda:0', requires_grad=True)
parameters of the network conv2.bias 
 torch.Size([128]) 
 True 
 tensor([ 5.4531e-03,  1.6205e-02,  7.7684e-03,  2.0500e-03,  6.1235e-03,
         1.8319e-02, -1.1977e-02, -6.3135e-03,  8.6249e-03,  9.7027e-03,
         8.9868e-03, -6.0472e-03,  1.9416e-02,  1.1139e-02, -1.1486e-02,
         1.3181e-02, -2.0543e-02, -3.9407e-03,  4.6908e-04,  1.9665e-03,
         1.2392e-02, -1.1246e-02, -4.4356e-04, -1.9966e-02, -3.1349e-04,
        -1.7943e-02, -8.9062e-03, -1.4655e-02,  1.1687e-03, -1.4815e-03,
         1.7272e-03,  1.5814e-02,  1.0341e-02,  6.6638e-03, -1.4443e-03,
        -1.2836e-03,  5.8880e-03, -8.4636e-03, -4.8812e-03,  8.1861e-03,
        -1.5544e-03,  1.2464e-02, -2.1981e-03, -4.8251e-04, -2.0811e-02,
         5.8286e-03, -1.6777e-02, -5.1298e-03,  1.5467e-02, -1.1774e-02,
        -5.1041e-03, -1.2728e-02, -1.6758e-03, -2.2148e-03,  1.5236e-02,
        -1.1386e-02,  1.9256e-02, -1.5821e-02,  6.0373e-03, -7.2875e-04,
         7.4288e-03,  2.9462e-03, -1.8399e-02,  8.2596e-03, -4.0239e-03,
         8.2604e-03,  8.4549e-03, -1.7113e-02, -1.0607e-02,  3.5368e-03,
        -1.7788e-02, -1.5357e-02,  1.7717e-02,  9.1105e-03, -3.3056e-03,
        -1.7871e-02,  1.6175e-02, -1.9324e-02,  1.4457e-02, -1.0654e-02,
        -7.2824e-03, -1.3990e-03,  7.4778e-03, -6.2432e-03,  2.0053e-02,
         1.4037e-05,  5.1292e-04, -2.5034e-03, -1.5529e-02,  1.7596e-02,
        -9.3254e-03,  7.4778e-03,  1.7621e-02,  1.9999e-02,  1.0026e-02,
        -1.1421e-03, -7.7119e-03,  1.8964e-02,  4.6608e-03, -1.1750e-02,
        -1.4543e-02, -1.0421e-02,  1.8952e-02,  1.9097e-02, -1.2739e-02,
        -2.9902e-03,  4.4994e-03,  1.1105e-02,  2.6944e-03, -1.2031e-02,
         7.7330e-03, -2.0166e-02,  1.3769e-03, -2.0589e-02,  4.5542e-03,
        -1.6775e-02,  1.9752e-02, -9.5666e-03, -1.4088e-02, -1.1470e-02,
        -9.6750e-04, -9.2467e-03, -1.8837e-02,  1.1126e-02,  4.3561e-03,
        -1.9956e-03, -1.6386e-02,  1.7249e-02], device='cuda:0') 
 Parameter containing:
tensor([ 5.4531e-03,  1.6205e-02,  7.7684e-03,  2.0500e-03,  6.1235e-03,
         1.8319e-02, -1.1977e-02, -6.3135e-03,  8.6249e-03,  9.7027e-03,
         8.9868e-03, -6.0472e-03,  1.9416e-02,  1.1139e-02, -1.1486e-02,
         1.3181e-02, -2.0543e-02, -3.9407e-03,  4.6908e-04,  1.9665e-03,
         1.2392e-02, -1.1246e-02, -4.4356e-04, -1.9966e-02, -3.1349e-04,
        -1.7943e-02, -8.9062e-03, -1.4655e-02,  1.1687e-03, -1.4815e-03,
         1.7272e-03,  1.5814e-02,  1.0341e-02,  6.6638e-03, -1.4443e-03,
        -1.2836e-03,  5.8880e-03, -8.4636e-03, -4.8812e-03,  8.1861e-03,
        -1.5544e-03,  1.2464e-02, -2.1981e-03, -4.8251e-04, -2.0811e-02,
         5.8286e-03, -1.6777e-02, -5.1298e-03,  1.5467e-02, -1.1774e-02,
        -5.1041e-03, -1.2728e-02, -1.6758e-03, -2.2148e-03,  1.5236e-02,
        -1.1386e-02,  1.9256e-02, -1.5821e-02,  6.0373e-03, -7.2875e-04,
         7.4288e-03,  2.9462e-03, -1.8399e-02,  8.2596e-03, -4.0239e-03,
         8.2604e-03,  8.4549e-03, -1.7113e-02, -1.0607e-02,  3.5368e-03,
        -1.7788e-02, -1.5357e-02,  1.7717e-02,  9.1105e-03, -3.3056e-03,
        -1.7871e-02,  1.6175e-02, -1.9324e-02,  1.4457e-02, -1.0654e-02,
        -7.2824e-03, -1.3990e-03,  7.4778e-03, -6.2432e-03,  2.0053e-02,
         1.4037e-05,  5.1292e-04, -2.5034e-03, -1.5529e-02,  1.7596e-02,
        -9.3254e-03,  7.4778e-03,  1.7621e-02,  1.9999e-02,  1.0026e-02,
        -1.1421e-03, -7.7119e-03,  1.8964e-02,  4.6608e-03, -1.1750e-02,
        -1.4543e-02, -1.0421e-02,  1.8952e-02,  1.9097e-02, -1.2739e-02,
        -2.9902e-03,  4.4994e-03,  1.1105e-02,  2.6944e-03, -1.2031e-02,
         7.7330e-03, -2.0166e-02,  1.3769e-03, -2.0589e-02,  4.5542e-03,
        -1.6775e-02,  1.9752e-02, -9.5666e-03, -1.4088e-02, -1.1470e-02,
        -9.6750e-04, -9.2467e-03, -1.8837e-02,  1.1126e-02,  4.3561e-03,
        -1.9956e-03, -1.6386e-02,  1.7249e-02], device='cuda:0',
       requires_grad=True)
parameters of the network conv3.weight 
 torch.Size([64, 128, 3, 3]) 
 True 
 tensor([[[[ 7.3547e-03, -2.1066e-02,  2.6937e-02],
          [-1.0120e-02,  3.2204e-03,  2.2305e-03],
          [-2.3308e-02, -2.0577e-02, -2.2917e-02]],

         [[-2.7366e-02,  1.8593e-02, -1.2136e-02],
          [ 1.3530e-02, -2.1660e-02,  2.4409e-02],
          [ 1.2858e-04, -1.9406e-02, -7.7409e-03]],

         [[ 2.7407e-02, -2.5369e-02,  2.1590e-02],
          [ 2.4716e-02,  6.1861e-03, -2.0352e-02],
          [-1.2531e-02,  9.5375e-03, -2.3795e-02]],

         ...,

         [[ 2.3317e-02,  2.8739e-02,  2.1059e-02],
          [ 3.7623e-03, -1.5967e-02,  6.2756e-03],
          [ 6.7726e-03,  1.0974e-02,  7.8011e-03]],

         [[ 7.0435e-03,  2.0581e-02,  2.3981e-02],
          [-2.7085e-02,  2.9322e-03, -1.5258e-02],
          [-1.0918e-02, -1.9965e-02,  1.0995e-02]],

         [[-1.1300e-02,  2.4431e-02,  2.7357e-02],
          [-8.3098e-03,  8.3216e-03, -1.4387e-02],
          [ 1.3707e-03,  5.7070e-03,  2.1049e-02]]],


        [[[-5.0330e-03, -1.3237e-02, -2.8902e-02],
          [-1.8599e-02, -1.3396e-02,  1.9360e-02],
          [-2.5802e-03, -2.6731e-02,  2.5058e-02]],

         [[-1.6339e-02,  1.3651e-02,  9.5743e-03],
          [ 2.3825e-02, -2.2047e-02, -3.2118e-03],
          [ 8.2191e-03, -1.9035e-02, -2.2813e-02]],

         [[ 1.1545e-02, -1.0477e-02, -1.3247e-02],
          [ 1.1289e-02,  1.4688e-02,  2.5160e-02],
          [ 2.6137e-02,  2.1162e-02,  2.2662e-02]],

         ...,

         [[-2.3478e-02, -1.5005e-02,  2.1479e-02],
          [-2.9346e-02,  8.9553e-03,  2.1074e-02],
          [-4.8156e-03, -2.2343e-02, -2.6554e-02]],

         [[ 2.7218e-02, -1.3522e-03,  1.7108e-02],
          [ 2.1860e-02, -2.3549e-02,  1.1563e-02],
          [ 9.2710e-03,  2.2143e-02,  2.1621e-02]],

         [[-7.5914e-03, -2.3459e-02, -2.6853e-02],
          [-6.6900e-03,  1.8643e-02,  9.7663e-03],
          [-2.8943e-02, -2.5616e-02,  2.4395e-02]]],


        [[[-7.0291e-03, -1.4066e-02, -8.2232e-03],
          [-2.3670e-02, -6.0218e-03, -2.4896e-02],
          [-8.9486e-03, -8.4788e-03,  8.2294e-03]],

         [[ 4.6038e-03,  2.3829e-02, -2.4155e-02],
          [-2.2466e-02, -2.2152e-02, -2.3340e-02],
          [ 2.4448e-02,  1.4187e-02,  2.6052e-02]],

         [[-9.4045e-03,  2.7864e-02, -2.1719e-02],
          [ 9.1643e-03,  1.7929e-02,  4.9669e-03],
          [-1.7871e-03,  1.2648e-02, -1.2157e-03]],

         ...,

         [[-2.1143e-02,  9.8137e-03, -1.0414e-02],
          [-2.8622e-02,  2.2710e-02,  2.9170e-02],
          [-2.6009e-02, -2.1642e-02,  3.9590e-03]],

         [[ 1.0096e-02,  5.8259e-04,  2.3319e-02],
          [ 1.4587e-03, -1.0325e-02,  1.1590e-03],
          [ 1.3739e-02, -2.7240e-02,  1.2917e-02]],

         [[ 1.2074e-02,  8.9482e-04,  2.0154e-02],
          [ 2.3414e-02, -1.0418e-02, -7.8602e-04],
          [ 1.5867e-03,  2.3867e-02,  1.6435e-02]]],


        ...,


        [[[ 5.9794e-03,  2.1914e-02, -2.5476e-03],
          [-2.3897e-02, -2.2045e-02, -1.2619e-02],
          [-9.0141e-03,  1.0340e-02, -7.8793e-03]],

         [[ 1.9276e-02,  3.2655e-03, -1.9246e-02],
          [-3.3375e-03, -1.0656e-02, -7.2311e-03],
          [-9.4791e-03, -2.0718e-02,  5.3936e-03]],

         [[-2.3091e-02, -1.0088e-02,  2.3717e-02],
          [-1.9855e-02,  2.3513e-02,  7.3179e-03],
          [ 2.4002e-02,  1.5440e-02, -2.7797e-02]],

         ...,

         [[-7.8928e-03,  7.9103e-03, -3.5423e-03],
          [ 2.2955e-02,  1.0468e-02,  1.9872e-02],
          [ 1.0297e-03,  1.6567e-02, -2.6871e-02]],

         [[-1.6952e-03, -2.5594e-02, -6.7215e-03],
          [-1.5729e-02, -1.8511e-02,  1.4756e-02],
          [ 1.0298e-02,  4.4026e-03, -2.2175e-03]],

         [[ 2.8955e-02, -4.9710e-03,  1.5975e-02],
          [ 2.6672e-03,  2.8460e-02, -2.0457e-02],
          [ 2.6133e-02, -2.5106e-02, -1.6423e-02]]],


        [[[ 8.5508e-03, -1.1186e-02,  1.4219e-02],
          [ 2.4250e-02,  2.4260e-02,  2.8095e-02],
          [-6.6024e-03, -2.2210e-02,  2.6234e-02]],

         [[ 2.4892e-02, -3.6356e-04, -2.3515e-02],
          [ 1.4354e-02, -2.8377e-02,  6.2499e-03],
          [ 2.3874e-02, -7.0648e-03,  9.2284e-05]],

         [[ 2.9289e-02,  1.6843e-02,  6.7073e-03],
          [-1.6221e-02, -2.2103e-02, -1.8924e-02],
          [ 2.0140e-02, -1.7961e-02, -2.4490e-03]],

         ...,

         [[-1.4269e-02, -1.4215e-02, -1.3251e-02],
          [-2.3578e-02, -2.5090e-02, -2.1447e-03],
          [-7.5103e-03, -1.1479e-02, -6.2598e-03]],

         [[ 4.2669e-03, -1.2630e-02,  2.6009e-02],
          [ 1.7471e-02, -8.2433e-04, -2.2823e-02],
          [-1.8560e-02, -1.8830e-02, -1.2911e-02]],

         [[-1.1193e-04,  1.4671e-02, -4.1614e-03],
          [-1.0123e-02, -2.7217e-02,  2.0106e-02],
          [ 2.0906e-02, -9.4189e-03, -1.4211e-02]]],


        [[[-5.6958e-03,  1.6827e-02,  2.7164e-02],
          [-2.0312e-02,  8.1759e-04,  4.5877e-03],
          [-1.5657e-02, -2.9395e-02,  1.3024e-02]],

         [[-2.3030e-02, -5.3801e-03, -1.4979e-02],
          [-2.8988e-02, -3.1722e-03,  2.2492e-02],
          [-2.5155e-02, -2.2039e-02,  1.9281e-02]],

         [[-4.7896e-04, -2.8389e-02,  2.2399e-03],
          [-9.5204e-03, -1.5673e-02,  1.8816e-02],
          [ 1.2700e-02, -9.6282e-03,  6.9917e-03]],

         ...,

         [[ 1.2503e-02, -1.5963e-02, -1.9996e-02],
          [ 1.5379e-02, -1.3781e-02, -2.6353e-02],
          [ 9.7563e-03,  8.0036e-03,  1.4196e-03]],

         [[-1.1816e-02, -2.5148e-02, -2.5075e-02],
          [ 4.9911e-04, -4.4706e-03,  1.5633e-02],
          [ 8.1183e-03, -2.5347e-02, -2.9301e-02]],

         [[ 2.2796e-02,  3.4891e-03,  2.0918e-02],
          [-1.9180e-02, -8.5049e-03,  2.5056e-02],
          [ 1.0175e-02,  2.3335e-02, -7.1961e-04]]]], device='cuda:0') 
 Parameter containing:
tensor([[[[ 7.3547e-03, -2.1066e-02,  2.6937e-02],
          [-1.0120e-02,  3.2204e-03,  2.2305e-03],
          [-2.3308e-02, -2.0577e-02, -2.2917e-02]],

         [[-2.7366e-02,  1.8593e-02, -1.2136e-02],
          [ 1.3530e-02, -2.1660e-02,  2.4409e-02],
          [ 1.2858e-04, -1.9406e-02, -7.7409e-03]],

         [[ 2.7407e-02, -2.5369e-02,  2.1590e-02],
          [ 2.4716e-02,  6.1861e-03, -2.0352e-02],
          [-1.2531e-02,  9.5375e-03, -2.3795e-02]],

         ...,

         [[ 2.3317e-02,  2.8739e-02,  2.1059e-02],
          [ 3.7623e-03, -1.5967e-02,  6.2756e-03],
          [ 6.7726e-03,  1.0974e-02,  7.8011e-03]],

         [[ 7.0435e-03,  2.0581e-02,  2.3981e-02],
          [-2.7085e-02,  2.9322e-03, -1.5258e-02],
          [-1.0918e-02, -1.9965e-02,  1.0995e-02]],

         [[-1.1300e-02,  2.4431e-02,  2.7357e-02],
          [-8.3098e-03,  8.3216e-03, -1.4387e-02],
          [ 1.3707e-03,  5.7070e-03,  2.1049e-02]]],


        [[[-5.0330e-03, -1.3237e-02, -2.8902e-02],
          [-1.8599e-02, -1.3396e-02,  1.9360e-02],
          [-2.5802e-03, -2.6731e-02,  2.5058e-02]],

         [[-1.6339e-02,  1.3651e-02,  9.5743e-03],
          [ 2.3825e-02, -2.2047e-02, -3.2118e-03],
          [ 8.2191e-03, -1.9035e-02, -2.2813e-02]],

         [[ 1.1545e-02, -1.0477e-02, -1.3247e-02],
          [ 1.1289e-02,  1.4688e-02,  2.5160e-02],
          [ 2.6137e-02,  2.1162e-02,  2.2662e-02]],

         ...,

         [[-2.3478e-02, -1.5005e-02,  2.1479e-02],
          [-2.9346e-02,  8.9553e-03,  2.1074e-02],
          [-4.8156e-03, -2.2343e-02, -2.6554e-02]],

         [[ 2.7218e-02, -1.3522e-03,  1.7108e-02],
          [ 2.1860e-02, -2.3549e-02,  1.1563e-02],
          [ 9.2710e-03,  2.2143e-02,  2.1621e-02]],

         [[-7.5914e-03, -2.3459e-02, -2.6853e-02],
          [-6.6900e-03,  1.8643e-02,  9.7663e-03],
          [-2.8943e-02, -2.5616e-02,  2.4395e-02]]],


        [[[-7.0291e-03, -1.4066e-02, -8.2232e-03],
          [-2.3670e-02, -6.0218e-03, -2.4896e-02],
          [-8.9486e-03, -8.4788e-03,  8.2294e-03]],

         [[ 4.6038e-03,  2.3829e-02, -2.4155e-02],
          [-2.2466e-02, -2.2152e-02, -2.3340e-02],
          [ 2.4448e-02,  1.4187e-02,  2.6052e-02]],

         [[-9.4045e-03,  2.7864e-02, -2.1719e-02],
          [ 9.1643e-03,  1.7929e-02,  4.9669e-03],
          [-1.7871e-03,  1.2648e-02, -1.2157e-03]],

         ...,

         [[-2.1143e-02,  9.8137e-03, -1.0414e-02],
          [-2.8622e-02,  2.2710e-02,  2.9170e-02],
          [-2.6009e-02, -2.1642e-02,  3.9590e-03]],

         [[ 1.0096e-02,  5.8259e-04,  2.3319e-02],
          [ 1.4587e-03, -1.0325e-02,  1.1590e-03],
          [ 1.3739e-02, -2.7240e-02,  1.2917e-02]],

         [[ 1.2074e-02,  8.9482e-04,  2.0154e-02],
          [ 2.3414e-02, -1.0418e-02, -7.8602e-04],
          [ 1.5867e-03,  2.3867e-02,  1.6435e-02]]],


        ...,


        [[[ 5.9794e-03,  2.1914e-02, -2.5476e-03],
          [-2.3897e-02, -2.2045e-02, -1.2619e-02],
          [-9.0141e-03,  1.0340e-02, -7.8793e-03]],

         [[ 1.9276e-02,  3.2655e-03, -1.9246e-02],
          [-3.3375e-03, -1.0656e-02, -7.2311e-03],
          [-9.4791e-03, -2.0718e-02,  5.3936e-03]],

         [[-2.3091e-02, -1.0088e-02,  2.3717e-02],
          [-1.9855e-02,  2.3513e-02,  7.3179e-03],
          [ 2.4002e-02,  1.5440e-02, -2.7797e-02]],

         ...,

         [[-7.8928e-03,  7.9103e-03, -3.5423e-03],
          [ 2.2955e-02,  1.0468e-02,  1.9872e-02],
          [ 1.0297e-03,  1.6567e-02, -2.6871e-02]],

         [[-1.6952e-03, -2.5594e-02, -6.7215e-03],
          [-1.5729e-02, -1.8511e-02,  1.4756e-02],
          [ 1.0298e-02,  4.4026e-03, -2.2175e-03]],

         [[ 2.8955e-02, -4.9710e-03,  1.5975e-02],
          [ 2.6672e-03,  2.8460e-02, -2.0457e-02],
          [ 2.6133e-02, -2.5106e-02, -1.6423e-02]]],


        [[[ 8.5508e-03, -1.1186e-02,  1.4219e-02],
          [ 2.4250e-02,  2.4260e-02,  2.8095e-02],
          [-6.6024e-03, -2.2210e-02,  2.6234e-02]],

         [[ 2.4892e-02, -3.6356e-04, -2.3515e-02],
          [ 1.4354e-02, -2.8377e-02,  6.2499e-03],
          [ 2.3874e-02, -7.0648e-03,  9.2284e-05]],

         [[ 2.9289e-02,  1.6843e-02,  6.7073e-03],
          [-1.6221e-02, -2.2103e-02, -1.8924e-02],
          [ 2.0140e-02, -1.7961e-02, -2.4490e-03]],

         ...,

         [[-1.4269e-02, -1.4215e-02, -1.3251e-02],
          [-2.3578e-02, -2.5090e-02, -2.1447e-03],
          [-7.5103e-03, -1.1479e-02, -6.2598e-03]],

         [[ 4.2669e-03, -1.2630e-02,  2.6009e-02],
          [ 1.7471e-02, -8.2433e-04, -2.2823e-02],
          [-1.8560e-02, -1.8830e-02, -1.2911e-02]],

         [[-1.1193e-04,  1.4671e-02, -4.1614e-03],
          [-1.0123e-02, -2.7217e-02,  2.0106e-02],
          [ 2.0906e-02, -9.4189e-03, -1.4211e-02]]],


        [[[-5.6958e-03,  1.6827e-02,  2.7164e-02],
          [-2.0312e-02,  8.1759e-04,  4.5877e-03],
          [-1.5657e-02, -2.9395e-02,  1.3024e-02]],

         [[-2.3030e-02, -5.3801e-03, -1.4979e-02],
          [-2.8988e-02, -3.1722e-03,  2.2492e-02],
          [-2.5155e-02, -2.2039e-02,  1.9281e-02]],

         [[-4.7896e-04, -2.8389e-02,  2.2399e-03],
          [-9.5204e-03, -1.5673e-02,  1.8816e-02],
          [ 1.2700e-02, -9.6282e-03,  6.9917e-03]],

         ...,

         [[ 1.2503e-02, -1.5963e-02, -1.9996e-02],
          [ 1.5379e-02, -1.3781e-02, -2.6353e-02],
          [ 9.7563e-03,  8.0036e-03,  1.4196e-03]],

         [[-1.1816e-02, -2.5148e-02, -2.5075e-02],
          [ 4.9911e-04, -4.4706e-03,  1.5633e-02],
          [ 8.1183e-03, -2.5347e-02, -2.9301e-02]],

         [[ 2.2796e-02,  3.4891e-03,  2.0918e-02],
          [-1.9180e-02, -8.5049e-03,  2.5056e-02],
          [ 1.0175e-02,  2.3335e-02, -7.1961e-04]]]], device='cuda:0',
       requires_grad=True)
parameters of the network conv3.bias 
 torch.Size([64]) 
 True 
 tensor([-0.0207,  0.0084,  0.0203, -0.0272,  0.0291,  0.0252,  0.0132,  0.0038,
        -0.0178,  0.0196, -0.0098,  0.0046,  0.0164,  0.0205,  0.0127,  0.0109,
        -0.0105,  0.0272, -0.0168,  0.0130,  0.0006,  0.0039, -0.0114,  0.0205,
        -0.0110,  0.0012,  0.0031, -0.0068, -0.0128, -0.0165, -0.0266, -0.0041,
        -0.0045,  0.0015,  0.0084, -0.0214, -0.0197,  0.0015,  0.0045,  0.0268,
         0.0267,  0.0089,  0.0234, -0.0173, -0.0217, -0.0196, -0.0234,  0.0015,
        -0.0108,  0.0041,  0.0174,  0.0284, -0.0006, -0.0217, -0.0180,  0.0245,
        -0.0288,  0.0247,  0.0209, -0.0267, -0.0068, -0.0192,  0.0265, -0.0050],
       device='cuda:0') 
 Parameter containing:
tensor([-0.0207,  0.0084,  0.0203, -0.0272,  0.0291,  0.0252,  0.0132,  0.0038,
        -0.0178,  0.0196, -0.0098,  0.0046,  0.0164,  0.0205,  0.0127,  0.0109,
        -0.0105,  0.0272, -0.0168,  0.0130,  0.0006,  0.0039, -0.0114,  0.0205,
        -0.0110,  0.0012,  0.0031, -0.0068, -0.0128, -0.0165, -0.0266, -0.0041,
        -0.0045,  0.0015,  0.0084, -0.0214, -0.0197,  0.0015,  0.0045,  0.0268,
         0.0267,  0.0089,  0.0234, -0.0173, -0.0217, -0.0196, -0.0234,  0.0015,
        -0.0108,  0.0041,  0.0174,  0.0284, -0.0006, -0.0217, -0.0180,  0.0245,
        -0.0288,  0.0247,  0.0209, -0.0267, -0.0068, -0.0192,  0.0265, -0.0050],
       device='cuda:0', requires_grad=True)
parameters of the network fc1.weight 
 torch.Size([256, 667776]) 
 True 
 tensor([[-4.8070e-04,  5.6143e-04, -5.6065e-04,  ..., -1.0561e-03,
          4.0060e-04,  1.1011e-03],
        [-8.4833e-04, -3.1625e-04, -9.1165e-04,  ..., -5.9512e-04,
          1.1010e-04, -5.3782e-04],
        [ 1.2079e-03,  1.1464e-03, -9.9241e-04,  ..., -5.6789e-04,
         -5.2156e-04,  6.4810e-04],
        ...,
        [-1.0018e-03,  1.8850e-04, -3.9432e-05,  ...,  3.2822e-04,
          7.5416e-04, -2.3774e-05],
        [-1.0630e-03, -1.1895e-03,  7.5997e-04,  ..., -1.1444e-03,
          1.1796e-03,  6.8947e-04],
        [ 5.3193e-04,  1.0943e-03, -9.6231e-04,  ...,  5.4255e-04,
          1.9788e-05, -1.1830e-03]], device='cuda:0') 
 Parameter containing:
tensor([[-4.8070e-04,  5.6143e-04, -5.6065e-04,  ..., -1.0561e-03,
          4.0060e-04,  1.1011e-03],
        [-8.4833e-04, -3.1625e-04, -9.1165e-04,  ..., -5.9512e-04,
          1.1010e-04, -5.3782e-04],
        [ 1.2079e-03,  1.1464e-03, -9.9241e-04,  ..., -5.6789e-04,
         -5.2156e-04,  6.4810e-04],
        ...,
        [-1.0018e-03,  1.8850e-04, -3.9432e-05,  ...,  3.2822e-04,
          7.5416e-04, -2.3774e-05],
        [-1.0630e-03, -1.1895e-03,  7.5997e-04,  ..., -1.1444e-03,
          1.1796e-03,  6.8947e-04],
        [ 5.3193e-04,  1.0943e-03, -9.6231e-04,  ...,  5.4255e-04,
          1.9788e-05, -1.1830e-03]], device='cuda:0', requires_grad=True)
parameters of the network fc1.bias 
 torch.Size([256]) 
 True 
 tensor([ 1.0702e-03,  7.6920e-04,  4.7449e-04,  5.5744e-04, -1.2682e-04,
         6.3550e-04,  6.5126e-04, -1.1032e-03, -3.2530e-04, -3.3051e-04,
        -8.7042e-04,  8.6475e-04,  9.4317e-04, -3.7701e-04, -2.2691e-05,
         1.1163e-03,  8.0485e-04, -5.5742e-04,  5.3493e-04, -5.7153e-04,
         7.8711e-04,  4.4560e-04,  9.0270e-04,  1.9067e-04,  5.5604e-04,
        -9.0537e-05, -8.1487e-04, -7.0008e-04,  8.3659e-04,  6.2736e-05,
        -7.3352e-04, -7.4840e-04, -5.2618e-04, -3.6073e-04, -3.9454e-04,
        -8.5840e-04, -1.5708e-04,  9.2336e-04, -1.8003e-04, -1.9735e-04,
        -1.1007e-03,  1.1569e-03, -7.7446e-04, -6.8060e-04, -3.2827e-04,
         3.1285e-04, -1.1763e-03,  6.0589e-04, -8.3872e-04, -8.9219e-04,
        -6.5967e-04,  8.1240e-05,  2.6475e-05, -1.1699e-03, -1.2206e-03,
        -1.0413e-03,  1.1975e-03,  6.4517e-04, -8.1306e-04, -7.5961e-05,
         9.8003e-04,  8.5831e-04,  4.3446e-06, -1.4852e-04,  9.8999e-04,
        -9.3821e-04,  9.5375e-04, -3.6875e-04,  3.8102e-04,  5.9620e-04,
         1.1696e-03, -6.9973e-04, -9.6144e-04, -6.7498e-04,  1.5603e-04,
         1.0951e-03, -7.7628e-04, -8.8765e-04, -6.5833e-04,  1.1276e-04,
        -1.1611e-03, -1.0408e-03,  5.3501e-05,  1.0749e-03,  4.1804e-04,
         1.0129e-03,  1.4064e-04,  1.1846e-03,  5.0086e-04, -4.8323e-04,
        -4.4080e-04, -8.7132e-04, -8.4999e-04,  1.3872e-04, -5.6373e-04,
        -6.4849e-05,  1.1114e-03,  9.9296e-05,  9.1723e-05,  5.4433e-04,
        -1.0967e-04, -8.7324e-05, -1.2114e-03, -1.1809e-04, -7.4938e-04,
         1.4246e-04, -1.0691e-03,  9.0206e-04,  8.5781e-04, -9.2807e-04,
        -1.0567e-03,  1.0829e-03,  4.5978e-04,  4.5217e-04, -3.1826e-04,
         9.9493e-04, -1.1388e-04,  3.2343e-04,  6.3407e-04, -8.4182e-04,
         2.9117e-04,  7.3600e-04,  1.1053e-03, -8.0828e-04,  4.7423e-04,
        -5.5177e-04, -9.3575e-04, -1.0992e-03, -9.4385e-04, -9.7457e-04,
         1.0524e-03, -1.0380e-03,  2.0284e-05,  3.8413e-04, -2.9451e-04,
         8.6820e-04, -8.1196e-04, -1.0464e-04,  6.1059e-04, -2.1530e-04,
         7.1733e-04,  9.5892e-04,  3.3098e-04,  7.2361e-04, -1.5833e-04,
        -1.0756e-03,  7.5704e-04,  1.1068e-03,  4.0478e-04, -9.1346e-04,
        -8.8873e-04,  7.7327e-04, -8.2882e-04, -1.2201e-03,  1.0812e-03,
         4.2684e-04,  1.1917e-03, -1.2105e-03,  4.8222e-04,  4.7555e-04,
        -1.4611e-05,  6.2667e-04,  1.0095e-03, -7.0236e-04,  1.1534e-03,
         4.6479e-04,  6.0734e-04, -1.2139e-03, -4.1376e-04,  1.2123e-03,
        -5.2693e-04,  7.0305e-04, -1.2021e-04, -2.8327e-04, -3.7508e-04,
         5.0552e-04, -2.6313e-04,  2.8900e-04,  3.7610e-04, -5.3110e-04,
        -4.0172e-05, -4.3664e-04,  9.5416e-04,  5.7074e-04,  1.1438e-03,
        -8.6302e-04, -1.1014e-03,  8.9675e-04,  3.7282e-04, -3.4510e-04,
        -1.1904e-03,  2.5338e-04,  6.0664e-04,  1.0309e-03, -1.6092e-04,
         6.7180e-04,  1.0146e-03, -5.5925e-04,  3.0255e-04,  5.0230e-04,
         4.1607e-05, -3.7775e-04,  4.2413e-05,  5.6977e-04, -2.7323e-04,
        -1.5864e-04, -1.9457e-04, -3.4740e-04,  7.4182e-04,  1.0220e-03,
         3.0251e-04,  7.5473e-04,  5.3816e-04,  1.1006e-03, -1.0728e-04,
        -5.7336e-04,  8.3057e-04,  2.5288e-04, -2.9280e-04,  9.4746e-04,
        -9.4237e-04,  5.8069e-04,  3.4939e-04,  1.7132e-04, -3.0507e-04,
        -4.5691e-04, -4.3679e-04, -3.2642e-04, -2.6170e-04, -6.1864e-05,
        -1.2966e-04, -7.9150e-04, -2.1902e-05,  1.0506e-03,  2.6252e-04,
        -6.6089e-04, -4.4368e-04, -1.3361e-04, -8.1748e-04,  1.1311e-03,
         2.0296e-04,  1.6478e-04,  8.9812e-06,  9.3107e-04, -8.5844e-04,
        -1.1061e-03, -7.6569e-04,  5.1894e-04,  5.8165e-06, -4.6176e-04,
         2.3762e-05,  1.1519e-03, -9.6058e-05,  5.8824e-04, -1.4130e-04,
        -1.1932e-03], device='cuda:0') 
 Parameter containing:
tensor([ 1.0702e-03,  7.6920e-04,  4.7449e-04,  5.5744e-04, -1.2682e-04,
         6.3550e-04,  6.5126e-04, -1.1032e-03, -3.2530e-04, -3.3051e-04,
        -8.7042e-04,  8.6475e-04,  9.4317e-04, -3.7701e-04, -2.2691e-05,
         1.1163e-03,  8.0485e-04, -5.5742e-04,  5.3493e-04, -5.7153e-04,
         7.8711e-04,  4.4560e-04,  9.0270e-04,  1.9067e-04,  5.5604e-04,
        -9.0537e-05, -8.1487e-04, -7.0008e-04,  8.3659e-04,  6.2736e-05,
        -7.3352e-04, -7.4840e-04, -5.2618e-04, -3.6073e-04, -3.9454e-04,
        -8.5840e-04, -1.5708e-04,  9.2336e-04, -1.8003e-04, -1.9735e-04,
        -1.1007e-03,  1.1569e-03, -7.7446e-04, -6.8060e-04, -3.2827e-04,
         3.1285e-04, -1.1763e-03,  6.0589e-04, -8.3872e-04, -8.9219e-04,
        -6.5967e-04,  8.1240e-05,  2.6475e-05, -1.1699e-03, -1.2206e-03,
        -1.0413e-03,  1.1975e-03,  6.4517e-04, -8.1306e-04, -7.5961e-05,
         9.8003e-04,  8.5831e-04,  4.3446e-06, -1.4852e-04,  9.8999e-04,
        -9.3821e-04,  9.5375e-04, -3.6875e-04,  3.8102e-04,  5.9620e-04,
         1.1696e-03, -6.9973e-04, -9.6144e-04, -6.7498e-04,  1.5603e-04,
         1.0951e-03, -7.7628e-04, -8.8765e-04, -6.5833e-04,  1.1276e-04,
        -1.1611e-03, -1.0408e-03,  5.3501e-05,  1.0749e-03,  4.1804e-04,
         1.0129e-03,  1.4064e-04,  1.1846e-03,  5.0086e-04, -4.8323e-04,
        -4.4080e-04, -8.7132e-04, -8.4999e-04,  1.3872e-04, -5.6373e-04,
        -6.4849e-05,  1.1114e-03,  9.9296e-05,  9.1723e-05,  5.4433e-04,
        -1.0967e-04, -8.7324e-05, -1.2114e-03, -1.1809e-04, -7.4938e-04,
         1.4246e-04, -1.0691e-03,  9.0206e-04,  8.5781e-04, -9.2807e-04,
        -1.0567e-03,  1.0829e-03,  4.5978e-04,  4.5217e-04, -3.1826e-04,
         9.9493e-04, -1.1388e-04,  3.2343e-04,  6.3407e-04, -8.4182e-04,
         2.9117e-04,  7.3600e-04,  1.1053e-03, -8.0828e-04,  4.7423e-04,
        -5.5177e-04, -9.3575e-04, -1.0992e-03, -9.4385e-04, -9.7457e-04,
         1.0524e-03, -1.0380e-03,  2.0284e-05,  3.8413e-04, -2.9451e-04,
         8.6820e-04, -8.1196e-04, -1.0464e-04,  6.1059e-04, -2.1530e-04,
         7.1733e-04,  9.5892e-04,  3.3098e-04,  7.2361e-04, -1.5833e-04,
        -1.0756e-03,  7.5704e-04,  1.1068e-03,  4.0478e-04, -9.1346e-04,
        -8.8873e-04,  7.7327e-04, -8.2882e-04, -1.2201e-03,  1.0812e-03,
         4.2684e-04,  1.1917e-03, -1.2105e-03,  4.8222e-04,  4.7555e-04,
        -1.4611e-05,  6.2667e-04,  1.0095e-03, -7.0236e-04,  1.1534e-03,
         4.6479e-04,  6.0734e-04, -1.2139e-03, -4.1376e-04,  1.2123e-03,
        -5.2693e-04,  7.0305e-04, -1.2021e-04, -2.8327e-04, -3.7508e-04,
         5.0552e-04, -2.6313e-04,  2.8900e-04,  3.7610e-04, -5.3110e-04,
        -4.0172e-05, -4.3664e-04,  9.5416e-04,  5.7074e-04,  1.1438e-03,
        -8.6302e-04, -1.1014e-03,  8.9675e-04,  3.7282e-04, -3.4510e-04,
        -1.1904e-03,  2.5338e-04,  6.0664e-04,  1.0309e-03, -1.6092e-04,
         6.7180e-04,  1.0146e-03, -5.5925e-04,  3.0255e-04,  5.0230e-04,
         4.1607e-05, -3.7775e-04,  4.2413e-05,  5.6977e-04, -2.7323e-04,
        -1.5864e-04, -1.9457e-04, -3.4740e-04,  7.4182e-04,  1.0220e-03,
         3.0251e-04,  7.5473e-04,  5.3816e-04,  1.1006e-03, -1.0728e-04,
        -5.7336e-04,  8.3057e-04,  2.5288e-04, -2.9280e-04,  9.4746e-04,
        -9.4237e-04,  5.8069e-04,  3.4939e-04,  1.7132e-04, -3.0507e-04,
        -4.5691e-04, -4.3679e-04, -3.2642e-04, -2.6170e-04, -6.1864e-05,
        -1.2966e-04, -7.9150e-04, -2.1902e-05,  1.0506e-03,  2.6252e-04,
        -6.6089e-04, -4.4368e-04, -1.3361e-04, -8.1748e-04,  1.1311e-03,
         2.0296e-04,  1.6478e-04,  8.9812e-06,  9.3107e-04, -8.5844e-04,
        -1.1061e-03, -7.6569e-04,  5.1894e-04,  5.8165e-06, -4.6176e-04,
         2.3762e-05,  1.1519e-03, -9.6058e-05,  5.8824e-04, -1.4130e-04,
        -1.1932e-03], device='cuda:0', requires_grad=True)
parameters of the network fc2.weight 
 torch.Size([128, 256]) 
 True 
 tensor([[-0.0235, -0.0024, -0.0396,  ..., -0.0228, -0.0582, -0.0590],
        [ 0.0249,  0.0272,  0.0323,  ..., -0.0300,  0.0369,  0.0243],
        [ 0.0046, -0.0321, -0.0473,  ...,  0.0610, -0.0271, -0.0563],
        ...,
        [-0.0174,  0.0622,  0.0485,  ...,  0.0062,  0.0479,  0.0275],
        [-0.0292, -0.0151, -0.0567,  ...,  0.0389,  0.0491,  0.0120],
        [-0.0320,  0.0126,  0.0048,  ..., -0.0501, -0.0583,  0.0283]],
       device='cuda:0') 
 Parameter containing:
tensor([[-0.0235, -0.0024, -0.0396,  ..., -0.0228, -0.0582, -0.0590],
        [ 0.0249,  0.0272,  0.0323,  ..., -0.0300,  0.0369,  0.0243],
        [ 0.0046, -0.0321, -0.0473,  ...,  0.0610, -0.0271, -0.0563],
        ...,
        [-0.0174,  0.0622,  0.0485,  ...,  0.0062,  0.0479,  0.0275],
        [-0.0292, -0.0151, -0.0567,  ...,  0.0389,  0.0491,  0.0120],
        [-0.0320,  0.0126,  0.0048,  ..., -0.0501, -0.0583,  0.0283]],
       device='cuda:0', requires_grad=True)
parameters of the network fc2.bias 
 torch.Size([128]) 
 True 
 tensor([-0.0108, -0.0620,  0.0559, -0.0159, -0.0188,  0.0312,  0.0206, -0.0275,
        -0.0202, -0.0145,  0.0031,  0.0422,  0.0370, -0.0162,  0.0200,  0.0546,
         0.0407, -0.0446, -0.0527,  0.0196, -0.0213, -0.0117, -0.0278,  0.0350,
        -0.0567, -0.0289, -0.0003, -0.0260,  0.0083, -0.0541,  0.0005, -0.0455,
         0.0030,  0.0238,  0.0210,  0.0210, -0.0014,  0.0409, -0.0350, -0.0116,
        -0.0359,  0.0125,  0.0393,  0.0595, -0.0058, -0.0299,  0.0542,  0.0197,
        -0.0295,  0.0605,  0.0318, -0.0151,  0.0261,  0.0343, -0.0574, -0.0611,
        -0.0328, -0.0094, -0.0581,  0.0199,  0.0243, -0.0069, -0.0575,  0.0262,
        -0.0573,  0.0471, -0.0460,  0.0379,  0.0374, -0.0209, -0.0515, -0.0174,
        -0.0257,  0.0217, -0.0323, -0.0191,  0.0094, -0.0325,  0.0233,  0.0526,
         0.0368,  0.0033, -0.0119,  0.0271, -0.0079, -0.0270, -0.0355, -0.0351,
         0.0032, -0.0430, -0.0169, -0.0257, -0.0320,  0.0247, -0.0465,  0.0425,
         0.0501,  0.0212, -0.0009,  0.0472,  0.0382, -0.0578,  0.0387, -0.0619,
        -0.0409,  0.0256,  0.0141, -0.0274,  0.0214, -0.0253, -0.0281, -0.0224,
         0.0472, -0.0493, -0.0373,  0.0302,  0.0059, -0.0021,  0.0366,  0.0350,
        -0.0297,  0.0439, -0.0514, -0.0325,  0.0576, -0.0467,  0.0394, -0.0095],
       device='cuda:0') 
 Parameter containing:
tensor([-0.0108, -0.0620,  0.0559, -0.0159, -0.0188,  0.0312,  0.0206, -0.0275,
        -0.0202, -0.0145,  0.0031,  0.0422,  0.0370, -0.0162,  0.0200,  0.0546,
         0.0407, -0.0446, -0.0527,  0.0196, -0.0213, -0.0117, -0.0278,  0.0350,
        -0.0567, -0.0289, -0.0003, -0.0260,  0.0083, -0.0541,  0.0005, -0.0455,
         0.0030,  0.0238,  0.0210,  0.0210, -0.0014,  0.0409, -0.0350, -0.0116,
        -0.0359,  0.0125,  0.0393,  0.0595, -0.0058, -0.0299,  0.0542,  0.0197,
        -0.0295,  0.0605,  0.0318, -0.0151,  0.0261,  0.0343, -0.0574, -0.0611,
        -0.0328, -0.0094, -0.0581,  0.0199,  0.0243, -0.0069, -0.0575,  0.0262,
        -0.0573,  0.0471, -0.0460,  0.0379,  0.0374, -0.0209, -0.0515, -0.0174,
        -0.0257,  0.0217, -0.0323, -0.0191,  0.0094, -0.0325,  0.0233,  0.0526,
         0.0368,  0.0033, -0.0119,  0.0271, -0.0079, -0.0270, -0.0355, -0.0351,
         0.0032, -0.0430, -0.0169, -0.0257, -0.0320,  0.0247, -0.0465,  0.0425,
         0.0501,  0.0212, -0.0009,  0.0472,  0.0382, -0.0578,  0.0387, -0.0619,
        -0.0409,  0.0256,  0.0141, -0.0274,  0.0214, -0.0253, -0.0281, -0.0224,
         0.0472, -0.0493, -0.0373,  0.0302,  0.0059, -0.0021,  0.0366,  0.0350,
        -0.0297,  0.0439, -0.0514, -0.0325,  0.0576, -0.0467,  0.0394, -0.0095],
       device='cuda:0', requires_grad=True)
parameters of the network fc3.weight 
 torch.Size([64, 128]) 
 True 
 tensor([[-0.0415, -0.0847,  0.0351,  ...,  0.0026,  0.0040, -0.0175],
        [-0.0261,  0.0747,  0.0767,  ...,  0.0187, -0.0628,  0.0635],
        [-0.0032,  0.0826, -0.0060,  ...,  0.0228,  0.0196,  0.0378],
        ...,
        [ 0.0415, -0.0112, -0.0244,  ..., -0.0878,  0.0327,  0.0269],
        [ 0.0568, -0.0315,  0.0587,  ..., -0.0714, -0.0050,  0.0790],
        [-0.0863,  0.0521, -0.0134,  ..., -0.0014,  0.0286,  0.0309]],
       device='cuda:0') 
 Parameter containing:
tensor([[-0.0415, -0.0847,  0.0351,  ...,  0.0026,  0.0040, -0.0175],
        [-0.0261,  0.0747,  0.0767,  ...,  0.0187, -0.0628,  0.0635],
        [-0.0032,  0.0826, -0.0060,  ...,  0.0228,  0.0196,  0.0378],
        ...,
        [ 0.0415, -0.0112, -0.0244,  ..., -0.0878,  0.0327,  0.0269],
        [ 0.0568, -0.0315,  0.0587,  ..., -0.0714, -0.0050,  0.0790],
        [-0.0863,  0.0521, -0.0134,  ..., -0.0014,  0.0286,  0.0309]],
       device='cuda:0', requires_grad=True)
parameters of the network fc3.bias 
 torch.Size([64]) 
 True 
 tensor([-0.0428, -0.0732,  0.0489,  0.0051,  0.0798, -0.0343, -0.0203,  0.0779,
        -0.0354, -0.0324, -0.0671,  0.0655, -0.0541, -0.0281,  0.0731,  0.0723,
         0.0561,  0.0360,  0.0342, -0.0527,  0.0690,  0.0557,  0.0750,  0.0435,
         0.0008,  0.0181,  0.0104,  0.0762, -0.0740, -0.0850, -0.0311,  0.0489,
        -0.0862, -0.0547, -0.0419,  0.0870, -0.0317, -0.0397,  0.0857,  0.0327,
         0.0389, -0.0500, -0.0880,  0.0069, -0.0478,  0.0335,  0.0412, -0.0024,
         0.0045, -0.0230, -0.0544,  0.0389,  0.0479, -0.0803,  0.0872,  0.0091,
         0.0662, -0.0377, -0.0705,  0.0060,  0.0623,  0.0296,  0.0605, -0.0120],
       device='cuda:0') 
 Parameter containing:
tensor([-0.0428, -0.0732,  0.0489,  0.0051,  0.0798, -0.0343, -0.0203,  0.0779,
        -0.0354, -0.0324, -0.0671,  0.0655, -0.0541, -0.0281,  0.0731,  0.0723,
         0.0561,  0.0360,  0.0342, -0.0527,  0.0690,  0.0557,  0.0750,  0.0435,
         0.0008,  0.0181,  0.0104,  0.0762, -0.0740, -0.0850, -0.0311,  0.0489,
        -0.0862, -0.0547, -0.0419,  0.0870, -0.0317, -0.0397,  0.0857,  0.0327,
         0.0389, -0.0500, -0.0880,  0.0069, -0.0478,  0.0335,  0.0412, -0.0024,
         0.0045, -0.0230, -0.0544,  0.0389,  0.0479, -0.0803,  0.0872,  0.0091,
         0.0662, -0.0377, -0.0705,  0.0060,  0.0623,  0.0296,  0.0605, -0.0120],
       device='cuda:0', requires_grad=True)
parameters of the network fc4.weight 
 torch.Size([6796, 64]) 
 True 
 tensor([[ 0.0909,  0.0833, -0.1092,  ...,  0.0592, -0.0182, -0.1134],
        [-0.0268,  0.0966, -0.0921,  ..., -0.0659, -0.1186, -0.0554],
        [-0.0898,  0.1141, -0.0855,  ...,  0.0261, -0.1071,  0.0255],
        ...,
        [ 0.0676, -0.0669, -0.0612,  ...,  0.0431, -0.1055, -0.0666],
        [-0.1192,  0.1072, -0.0626,  ...,  0.0561,  0.0688, -0.0282],
        [-0.0861,  0.0767,  0.0472,  ...,  0.0426,  0.0996,  0.0344]],
       device='cuda:0') 
 Parameter containing:
tensor([[ 0.0909,  0.0833, -0.1092,  ...,  0.0592, -0.0182, -0.1134],
        [-0.0268,  0.0966, -0.0921,  ..., -0.0659, -0.1186, -0.0554],
        [-0.0898,  0.1141, -0.0855,  ...,  0.0261, -0.1071,  0.0255],
        ...,
        [ 0.0676, -0.0669, -0.0612,  ...,  0.0431, -0.1055, -0.0666],
        [-0.1192,  0.1072, -0.0626,  ...,  0.0561,  0.0688, -0.0282],
        [-0.0861,  0.0767,  0.0472,  ...,  0.0426,  0.0996,  0.0344]],
       device='cuda:0', requires_grad=True)
parameters of the network fc4.bias 
 torch.Size([6796]) 
 True 
 tensor([ 0.0439, -0.0570,  0.1126,  ..., -0.0273,  0.1187,  0.0302],
       device='cuda:0') 
 Parameter containing:
tensor([ 0.0439, -0.0570,  0.1126,  ..., -0.0273,  0.1187,  0.0302],
       device='cuda:0', requires_grad=True)

Passing event 1007 from the network before training input tensor([[0., 0., 0.,  ..., 0., 0., 0.],
        [0., 0., 0.,  ..., 0., 0., 0.],
        [0., 0., 0.,  ..., 0., 0., 0.],
        ...,
        [0., 0., 0.,  ..., 0., 0., 0.],
        [0., 0., 0.,  ..., 0., 0., 0.],
        [0., 0., 0.,  ..., 0., 0., 0.]]) 
result1: tensor([[0.5188, 0.4849, 0.5270,  ..., 0.4871, 0.5363, 0.5081],
        [0.5188, 0.4849, 0.5270,  ..., 0.4870, 0.5362, 0.5080],
        [0.5188, 0.4848, 0.5270,  ..., 0.4870, 0.5363, 0.5081],
        ...,
        [0.5188, 0.4847, 0.5270,  ..., 0.4869, 0.5364, 0.5081],
        [0.5187, 0.4848, 0.5269,  ..., 0.4870, 0.5363, 0.5081],
        [0.5188, 0.4848, 0.5270,  ..., 0.4870, 0.5363, 0.5081]],
       device='cuda:0', grad_fn=<SigmoidBackward0>) 
result1.shape: torch.Size([20, 6796])

Passing two random events from the network before training 
result1: tensor([[0.5188, 0.4849, 0.5270,  ..., 0.4871, 0.5363, 0.5081],
        [0.5188, 0.4849, 0.5270,  ..., 0.4870, 0.5362, 0.5080],
        [0.5188, 0.4848, 0.5270,  ..., 0.4870, 0.5363, 0.5081],
        ...,
        [0.5188, 0.4847, 0.5270,  ..., 0.4869, 0.5364, 0.5081],
        [0.5187, 0.4848, 0.5269,  ..., 0.4870, 0.5363, 0.5081],
        [0.5188, 0.4848, 0.5270,  ..., 0.4870, 0.5363, 0.5081]],
       device='cuda:0', grad_fn=<SigmoidBackward0>) 
result1.shape: torch.Size([20, 6796]) 
input: [[0. 0. 0. ... 0. 0. 0.]
 [0. 0. 0. ... 0. 0. 0.]
 [0. 0. 0. ... 0. 0. 0.]
 ...
 [0. 0. 0. ... 0. 0. 0.]
 [0. 0. 0. ... 0. 0. 0.]
 [0. 0. 0. ... 0. 0. 0.]]
=> loading checkpoint from /hpcfs/bes/mlgpu/hoseinkk/MLTracking/otherparticles/pppipi/pyt_pppipi_cnn_1/checkpoint_dir/1999840284saved_checkpoint.tar



load_model True 
TraEvN 19998 
BatchSize 30.0 
EpochNum 40 
LrVal 0.0001 
weight_decay 5e-05 
startmesh 284 
endmesh 285 




real	0m54.260s
user	1m3.296s
sys	0m6.550s
