0: cmsgpu001.ihep.ac.cn
GPU 0: NVIDIA A100-PCIE-40GB (UUID: GPU-83673d1f-01b2-490d-5bc6-a84aaf3ddc65)
Allocate GPU cards : 0

modinfo:
filename:       /lib/modules/3.10.0-1160.71.1.el7.x86_64/extra/nvidia.ko.xz
firmware:       nvidia/515.65.01/gsp.bin
alias:          char-major-195-*
version:        515.65.01
supported:      external
license:        NVIDIA
retpoline:      Y
rhelversion:    7.9
srcversion:     8049D44E2C1B08F41E1B8A6
alias:          pci:v000010DEd*sv*sd*bc06sc80i00*
alias:          pci:v000010DEd*sv*sd*bc03sc02i00*
alias:          pci:v000010DEd*sv*sd*bc03sc00i00*
depends:        drm
vermagic:       3.10.0-1160.71.1.el7.x86_64 SMP mod_unload modversions 
signer:         DKMS module signing key
sig_key:        9B:9E:55:A9:86:D9:50:0B:6D:2D:9F:BA:A7:E6:45:39:D4:DD:5F:C6
sig_hashalgo:   sha512
parm:           NvSwitchRegDwords:NvSwitch regkey (charp)
parm:           NvSwitchBlacklist:NvSwitchBlacklist=uuid[,uuid...] (charp)
parm:           NVreg_ResmanDebugLevel:int
parm:           NVreg_RmLogonRC:int
parm:           NVreg_ModifyDeviceFiles:int
parm:           NVreg_DeviceFileUID:int
parm:           NVreg_DeviceFileGID:int
parm:           NVreg_DeviceFileMode:int
parm:           NVreg_InitializeSystemMemoryAllocations:int
parm:           NVreg_UsePageAttributeTable:int
parm:           NVreg_EnablePCIeGen3:int
parm:           NVreg_EnableMSI:int
parm:           NVreg_TCEBypassMode:int
parm:           NVreg_EnableStreamMemOPs:int
parm:           NVreg_RestrictProfilingToAdminUsers:int
parm:           NVreg_PreserveVideoMemoryAllocations:int
parm:           NVreg_EnableS0ixPowerManagement:int
parm:           NVreg_S0ixPowerManagementVideoMemoryThreshold:int
parm:           NVreg_DynamicPowerManagement:int
parm:           NVreg_DynamicPowerManagementVideoMemoryThreshold:int
parm:           NVreg_EnableGpuFirmware:int
parm:           NVreg_EnableGpuFirmwareLogs:int
parm:           NVreg_OpenRmEnableUnsupportedGpus:int
parm:           NVreg_EnableUserNUMAManagement:int
parm:           NVreg_MemoryPoolSize:int
parm:           NVreg_KMallocHeapMaxSize:int
parm:           NVreg_VMallocHeapMaxSize:int
parm:           NVreg_IgnoreMMIOCheck:int
parm:           NVreg_NvLinkDisable:int
parm:           NVreg_EnablePCIERelaxedOrderingMode:int
parm:           NVreg_RegisterPCIDriver:int
parm:           NVreg_EnableDbgBreakpoint:int
parm:           NVreg_RegistryDwords:charp
parm:           NVreg_RegistryDwordsPerDevice:charp
parm:           NVreg_RmMsg:charp
parm:           NVreg_GpuBlacklist:charp
parm:           NVreg_TemporaryFilePath:charp
parm:           NVreg_ExcludedGpus:charp
parm:           NVreg_DmaRemapPeerMmio:int
parm:           rm_firmware_active:charp

nvidia-smi:
Mon Aug 29 14:32:00 2022       
+-----------------------------------------------------------------------------+
| NVIDIA-SMI 515.65.01    Driver Version: 515.65.01    CUDA Version: 11.7     |
|-------------------------------+----------------------+----------------------+
| GPU  Name        Persistence-M| Bus-Id        Disp.A | Volatile Uncorr. ECC |
| Fan  Temp  Perf  Pwr:Usage/Cap|         Memory-Usage | GPU-Util  Compute M. |
|                               |                      |               MIG M. |
|===============================+======================+======================|
|   0  NVIDIA A100-PCI...  On   | 00000000:3B:00.0 Off |                    0 |
| N/A   25C    P0    33W / 250W |      0MiB / 40960MiB |      0%      Default |
|                               |                      |             Disabled |
+-------------------------------+----------------------+----------------------+
                                                                               
+-----------------------------------------------------------------------------+
| Processes:                                                                  |
|  GPU   GI   CI        PID   Type   Process name                  GPU Memory |
|        ID   ID                                                   Usage      |
|=============================================================================|
|  No running processes found                                                 |
+-----------------------------------------------------------------------------+

nvcc --version:
nvcc: NVIDIA (R) Cuda compiler driver
Copyright (c) 2005-2021 NVIDIA Corporation
Built on Sun_Mar_21_19:15:46_PDT_2021
Cuda compilation tools, release 11.3, V11.3.58
Build cuda_11.3.r11.3/compiler.29745058_0

 torch version: 1.10.2

 cuda version: 11.3

 is cuda available: True

 CUDNN VERSION: 8200

 Number CUDA Devices: 1

 CUDA Device Name: NVIDIA A100-PCIE-40GB

 CUDA Device Total Memory [GB]: 42.358472704

 Device capability: (8, 0) 

 Cuda deviice: <torch.cuda.device object at 0x2af26c77e8e0> 

 Is cuda initialized: True

 CUDA_HOME: /hpcfs/bes/mlgpu/hoseinkk/Miniconda3/envs/dgl1

real	0m4.198s
user	0m2.270s
sys	0m1.012s
/hpcfs/bes/mlgpu/hoseinkk/Miniconda3/envs/dgl1/lib/python3.9/site-packages/cupy/_environment.py:438: UserWarning: 
--------------------------------------------------------------------------------

  CuPy may not function correctly because multiple CuPy packages are installed
  in your environment:

    cupy, cupy-cuda110

  Follow these steps to resolve this issue:

    1. For all packages listed above, run the following command to remove all
       existing CuPy installations:

         $ pip uninstall <package_name>

      If you previously installed CuPy via conda, also run the following:

         $ conda uninstall cupy

    2. Install the appropriate CuPy package.
       Refer to the Installation Guide for detailed instructions.

         https://docs.cupy.dev/en/stable/install.html

--------------------------------------------------------------------------------

  warnings.warn(f'''
/hpcfs/bes/mlgpu/hoseinkk/Miniconda3/envs/dgl1/lib/python3.9/site-packages/torch/nn/functional.py:1806: UserWarning: nn.functional.sigmoid is deprecated. Use torch.sigmoid instead.
  warnings.warn("nn.functional.sigmoid is deprecated. Use torch.sigmoid instead.")




 The Network ... 







 Loading data ... 



training set shape (20000, 43, 288) 
sum 5279207

target set shape (20000, 6796) 
sum 4575851
Net(
  (conv1): Conv2d(1, 256, kernel_size=(3, 3), stride=(1, 1))
  (conv2): Conv2d(256, 128, kernel_size=(3, 3), stride=(1, 1))
  (conv3): Conv2d(128, 64, kernel_size=(3, 3), stride=(1, 1))
  (fc1): Linear(in_features=667776, out_features=256, bias=True)
  (fc2): Linear(in_features=256, out_features=128, bias=True)
  (fc3): Linear(in_features=128, out_features=64, bias=True)
  (fc4): Linear(in_features=64, out_features=6796, bias=True)
)

number of the free parameters: 171805196
parameters of the network conv1.weight 
 torch.Size([256, 1, 3, 3]) 
 True 
 tensor([[[[-0.2020,  0.2520, -0.2175],
          [ 0.1429,  0.0566,  0.0016],
          [ 0.0458, -0.2201, -0.3055]]],


        [[[-0.1045,  0.1254, -0.0195],
          [ 0.1593,  0.0769, -0.0199],
          [-0.3325, -0.3052, -0.3202]]],


        [[[ 0.0972,  0.0939,  0.0548],
          [ 0.2698, -0.0382,  0.2485],
          [ 0.0556,  0.1612, -0.2113]]],


        ...,


        [[[ 0.0653,  0.2300, -0.1537],
          [ 0.0566, -0.1577,  0.1121],
          [ 0.0857, -0.0359,  0.2191]]],


        [[[-0.1681, -0.0558,  0.2597],
          [-0.1174,  0.0705,  0.0155],
          [-0.1001,  0.1410, -0.3316]]],


        [[[ 0.2067,  0.0423, -0.0902],
          [-0.3190,  0.0951,  0.0698],
          [-0.0268, -0.0578, -0.1825]]]], device='cuda:0') 
 Parameter containing:
tensor([[[[-0.2020,  0.2520, -0.2175],
          [ 0.1429,  0.0566,  0.0016],
          [ 0.0458, -0.2201, -0.3055]]],


        [[[-0.1045,  0.1254, -0.0195],
          [ 0.1593,  0.0769, -0.0199],
          [-0.3325, -0.3052, -0.3202]]],


        [[[ 0.0972,  0.0939,  0.0548],
          [ 0.2698, -0.0382,  0.2485],
          [ 0.0556,  0.1612, -0.2113]]],


        ...,


        [[[ 0.0653,  0.2300, -0.1537],
          [ 0.0566, -0.1577,  0.1121],
          [ 0.0857, -0.0359,  0.2191]]],


        [[[-0.1681, -0.0558,  0.2597],
          [-0.1174,  0.0705,  0.0155],
          [-0.1001,  0.1410, -0.3316]]],


        [[[ 0.2067,  0.0423, -0.0902],
          [-0.3190,  0.0951,  0.0698],
          [-0.0268, -0.0578, -0.1825]]]], device='cuda:0', requires_grad=True)
parameters of the network conv1.bias 
 torch.Size([256]) 
 True 
 tensor([-0.0723, -0.1451, -0.3203,  0.1649,  0.0874,  0.0315, -0.2219,  0.1039,
         0.0308,  0.2348, -0.2542,  0.2281,  0.2096,  0.1073,  0.3029, -0.2166,
        -0.2041,  0.2905, -0.2162,  0.0462, -0.0175,  0.3059, -0.0156, -0.1650,
        -0.0553,  0.2658,  0.0789, -0.3243, -0.0841,  0.0199,  0.1182, -0.2844,
         0.2305, -0.1689,  0.0274,  0.0951,  0.0775,  0.2391,  0.2944,  0.2479,
         0.1243,  0.1952,  0.2836,  0.0486,  0.0163,  0.0952, -0.0353, -0.0780,
        -0.0807, -0.0602, -0.1818, -0.2863, -0.0436,  0.0769, -0.2137,  0.0883,
        -0.0339,  0.2510, -0.2751, -0.3279, -0.0683,  0.1651, -0.1414, -0.3312,
         0.3307,  0.0414,  0.2018, -0.0395, -0.2260, -0.0345,  0.0122, -0.1184,
        -0.3180, -0.1510,  0.1764, -0.0251, -0.2862,  0.2897, -0.1411, -0.2814,
         0.2253, -0.3140,  0.0355, -0.2719,  0.0108,  0.3220,  0.0958,  0.1671,
        -0.1865,  0.0910, -0.0005,  0.0140, -0.1485,  0.2537,  0.0967, -0.0533,
         0.0553, -0.1264,  0.0926, -0.1792, -0.0152,  0.0040,  0.0566,  0.0784,
        -0.0793, -0.3137,  0.0269,  0.3082, -0.0850,  0.1610, -0.1481,  0.1256,
         0.2068, -0.0512, -0.1621,  0.2997,  0.0226, -0.0716, -0.2109,  0.1518,
         0.0932,  0.0373, -0.2107, -0.2465,  0.0997,  0.1904, -0.3324,  0.1316,
        -0.2698,  0.2663,  0.2272, -0.1046,  0.1956, -0.2040,  0.0565,  0.2127,
         0.3163, -0.1805,  0.2634,  0.0656, -0.1433, -0.1373, -0.2356,  0.2822,
         0.1183,  0.1200, -0.2768,  0.2842,  0.0234,  0.2966, -0.2752, -0.3112,
         0.1016, -0.2296, -0.3111, -0.2331,  0.2481,  0.1756,  0.2470,  0.1421,
        -0.1224,  0.0938,  0.1652,  0.0404, -0.1433,  0.1543, -0.0873,  0.1837,
         0.2992, -0.1628, -0.0956, -0.2482,  0.2703, -0.0357,  0.0160,  0.2841,
        -0.0945, -0.1000, -0.2226, -0.1265, -0.2598, -0.2120,  0.2251, -0.1743,
        -0.1761, -0.0698,  0.0736, -0.2948, -0.2017, -0.2196, -0.2555,  0.2663,
        -0.0932, -0.2528,  0.2368, -0.2469,  0.0865,  0.3013,  0.1841, -0.1179,
        -0.2259, -0.0464,  0.2773, -0.1267, -0.3291,  0.1397, -0.1594, -0.1877,
         0.1062, -0.0983, -0.2280,  0.1715,  0.2294,  0.2902,  0.3218,  0.2641,
        -0.0495,  0.2365, -0.0666, -0.0498,  0.1762,  0.1795, -0.2602, -0.1032,
        -0.0288,  0.0066, -0.0732,  0.1621, -0.0631,  0.2041, -0.1875,  0.1656,
         0.1311, -0.0226, -0.0508,  0.2865, -0.0778, -0.2407,  0.2152, -0.1371,
        -0.3164,  0.0823, -0.1518,  0.2165,  0.0268,  0.1567, -0.2677,  0.0213,
        -0.0828, -0.2776,  0.0115, -0.3141,  0.2339, -0.2348, -0.3167, -0.0563],
       device='cuda:0') 
 Parameter containing:
tensor([-0.0723, -0.1451, -0.3203,  0.1649,  0.0874,  0.0315, -0.2219,  0.1039,
         0.0308,  0.2348, -0.2542,  0.2281,  0.2096,  0.1073,  0.3029, -0.2166,
        -0.2041,  0.2905, -0.2162,  0.0462, -0.0175,  0.3059, -0.0156, -0.1650,
        -0.0553,  0.2658,  0.0789, -0.3243, -0.0841,  0.0199,  0.1182, -0.2844,
         0.2305, -0.1689,  0.0274,  0.0951,  0.0775,  0.2391,  0.2944,  0.2479,
         0.1243,  0.1952,  0.2836,  0.0486,  0.0163,  0.0952, -0.0353, -0.0780,
        -0.0807, -0.0602, -0.1818, -0.2863, -0.0436,  0.0769, -0.2137,  0.0883,
        -0.0339,  0.2510, -0.2751, -0.3279, -0.0683,  0.1651, -0.1414, -0.3312,
         0.3307,  0.0414,  0.2018, -0.0395, -0.2260, -0.0345,  0.0122, -0.1184,
        -0.3180, -0.1510,  0.1764, -0.0251, -0.2862,  0.2897, -0.1411, -0.2814,
         0.2253, -0.3140,  0.0355, -0.2719,  0.0108,  0.3220,  0.0958,  0.1671,
        -0.1865,  0.0910, -0.0005,  0.0140, -0.1485,  0.2537,  0.0967, -0.0533,
         0.0553, -0.1264,  0.0926, -0.1792, -0.0152,  0.0040,  0.0566,  0.0784,
        -0.0793, -0.3137,  0.0269,  0.3082, -0.0850,  0.1610, -0.1481,  0.1256,
         0.2068, -0.0512, -0.1621,  0.2997,  0.0226, -0.0716, -0.2109,  0.1518,
         0.0932,  0.0373, -0.2107, -0.2465,  0.0997,  0.1904, -0.3324,  0.1316,
        -0.2698,  0.2663,  0.2272, -0.1046,  0.1956, -0.2040,  0.0565,  0.2127,
         0.3163, -0.1805,  0.2634,  0.0656, -0.1433, -0.1373, -0.2356,  0.2822,
         0.1183,  0.1200, -0.2768,  0.2842,  0.0234,  0.2966, -0.2752, -0.3112,
         0.1016, -0.2296, -0.3111, -0.2331,  0.2481,  0.1756,  0.2470,  0.1421,
        -0.1224,  0.0938,  0.1652,  0.0404, -0.1433,  0.1543, -0.0873,  0.1837,
         0.2992, -0.1628, -0.0956, -0.2482,  0.2703, -0.0357,  0.0160,  0.2841,
        -0.0945, -0.1000, -0.2226, -0.1265, -0.2598, -0.2120,  0.2251, -0.1743,
        -0.1761, -0.0698,  0.0736, -0.2948, -0.2017, -0.2196, -0.2555,  0.2663,
        -0.0932, -0.2528,  0.2368, -0.2469,  0.0865,  0.3013,  0.1841, -0.1179,
        -0.2259, -0.0464,  0.2773, -0.1267, -0.3291,  0.1397, -0.1594, -0.1877,
         0.1062, -0.0983, -0.2280,  0.1715,  0.2294,  0.2902,  0.3218,  0.2641,
        -0.0495,  0.2365, -0.0666, -0.0498,  0.1762,  0.1795, -0.2602, -0.1032,
        -0.0288,  0.0066, -0.0732,  0.1621, -0.0631,  0.2041, -0.1875,  0.1656,
         0.1311, -0.0226, -0.0508,  0.2865, -0.0778, -0.2407,  0.2152, -0.1371,
        -0.3164,  0.0823, -0.1518,  0.2165,  0.0268,  0.1567, -0.2677,  0.0213,
        -0.0828, -0.2776,  0.0115, -0.3141,  0.2339, -0.2348, -0.3167, -0.0563],
       device='cuda:0', requires_grad=True)
parameters of the network conv2.weight 
 torch.Size([128, 256, 3, 3]) 
 True 
 tensor([[[[ 1.1214e-02, -1.7673e-03,  1.3896e-02],
          [ 5.1094e-03,  1.4099e-02,  1.2917e-02],
          [-4.1510e-04, -7.5607e-03,  1.9869e-02]],

         [[-5.2626e-03, -1.5609e-02,  2.7272e-03],
          [ 1.3368e-02,  1.8107e-02, -1.6136e-02],
          [-1.7498e-03,  1.4569e-02, -2.4508e-04]],

         [[-3.1607e-03,  1.6899e-02, -1.5839e-02],
          [ 7.9144e-03,  1.2385e-02, -1.6474e-02],
          [-7.6126e-03, -1.8055e-02, -2.0170e-02]],

         ...,

         [[ 5.2207e-03, -1.0846e-02,  1.1369e-02],
          [ 4.5467e-03, -1.4992e-03, -8.1794e-03],
          [ 4.3580e-03,  1.2432e-02, -1.0624e-02]],

         [[ 1.8406e-03, -1.0728e-02, -8.1546e-03],
          [ 1.5479e-02, -5.5076e-03, -9.9605e-03],
          [-1.4630e-02, -4.3643e-03, -9.7997e-03]],

         [[ 1.6201e-02, -8.0034e-03,  1.5583e-02],
          [ 4.3984e-03,  6.0368e-03, -1.3643e-02],
          [-1.3672e-02,  8.7965e-03,  1.5277e-02]]],


        [[[ 1.3976e-02, -4.3111e-03, -1.1972e-02],
          [-1.2426e-03, -1.4556e-02,  1.6700e-02],
          [-1.8724e-02,  5.3701e-03,  1.4490e-02]],

         [[-7.4544e-03,  2.0320e-02, -1.5056e-03],
          [ 1.8980e-02,  1.6622e-02, -1.8047e-03],
          [-6.4194e-03,  1.2875e-02,  1.8553e-02]],

         [[-7.7857e-03,  9.9480e-03,  5.4350e-03],
          [-1.2173e-02,  8.5768e-03,  3.4889e-03],
          [-1.6356e-02,  1.7497e-02, -1.1309e-02]],

         ...,

         [[ 1.6860e-02, -5.5732e-03,  1.6345e-02],
          [-1.9826e-02, -7.9182e-04, -1.7427e-02],
          [ 1.1966e-02, -9.7809e-03, -7.3903e-03]],

         [[-6.2533e-03, -1.2003e-02, -1.0268e-02],
          [-1.6587e-02, -1.6389e-02, -2.1272e-03],
          [ 2.7975e-03,  9.4569e-03, -4.5266e-03]],

         [[ 8.4925e-03, -4.0427e-03,  2.0294e-02],
          [ 1.5453e-02, -1.7247e-02,  1.3958e-02],
          [-7.5543e-03, -3.1991e-03, -1.9539e-02]]],


        [[[ 1.5864e-02, -5.2467e-03,  1.2279e-02],
          [ 9.8712e-03, -2.3478e-03,  2.0330e-02],
          [ 1.6265e-02,  5.9919e-03, -5.0418e-03]],

         [[ 8.6358e-03,  2.4919e-03, -1.6423e-02],
          [-4.9988e-03,  8.1991e-04,  1.9715e-02],
          [ 8.9057e-03, -1.5016e-02,  6.3589e-03]],

         [[ 1.7531e-02,  5.3826e-03,  9.5313e-03],
          [-6.0025e-03,  2.0039e-02,  1.0742e-03],
          [ 4.3815e-03,  7.1947e-03,  3.3256e-03]],

         ...,

         [[-4.5746e-04,  1.0442e-03,  1.7324e-02],
          [ 3.9076e-03,  1.6463e-02,  3.5193e-03],
          [ 6.5360e-03, -8.1146e-03, -5.4071e-04]],

         [[-2.5466e-03, -2.0503e-02, -1.6492e-02],
          [ 1.1191e-02, -2.0380e-02,  9.5676e-03],
          [ 6.3116e-03, -8.9446e-03, -1.2992e-02]],

         [[-8.3562e-03, -1.7949e-02, -3.8723e-03],
          [ 1.1344e-02, -9.5941e-03,  3.1751e-03],
          [-7.6709e-03,  1.6013e-02, -4.7532e-03]]],


        ...,


        [[[ 1.5130e-02, -1.0708e-02, -9.5711e-03],
          [ 1.1378e-02,  3.2019e-03,  1.1427e-02],
          [ 1.2801e-02,  6.4255e-03, -1.5966e-02]],

         [[ 1.8554e-03,  3.5059e-03,  1.8504e-02],
          [-1.7263e-02,  1.4423e-02, -1.5155e-02],
          [-1.7977e-02, -2.0830e-02,  1.8418e-03]],

         [[-5.3116e-03,  1.5575e-02,  1.1009e-02],
          [-5.1340e-03,  3.2527e-03,  6.7028e-03],
          [ 1.5256e-02,  3.2414e-03, -1.0771e-02]],

         ...,

         [[ 2.0544e-02, -7.8514e-03,  6.8794e-03],
          [-1.5711e-02,  1.7135e-02,  2.0298e-03],
          [-1.2287e-02,  6.7339e-03, -1.4150e-02]],

         [[ 5.7267e-03,  1.9056e-02,  9.3684e-03],
          [-2.0271e-02, -1.4304e-02,  6.7934e-03],
          [ 1.4691e-02,  1.4244e-02, -1.2387e-02]],

         [[-7.2169e-03,  3.4166e-03,  1.5103e-02],
          [-9.4480e-03,  1.7805e-03, -1.9297e-02],
          [-2.0007e-02,  1.9003e-02,  1.7966e-02]]],


        [[[-8.2759e-03,  1.5546e-02,  2.5652e-03],
          [ 3.5243e-03,  7.6123e-03,  6.4967e-03],
          [-1.1356e-02,  8.0784e-03, -5.6718e-03]],

         [[-8.5925e-05,  1.9144e-02,  1.4695e-02],
          [ 1.5092e-02,  4.5447e-03,  1.6577e-02],
          [ 2.8256e-03,  3.8908e-03, -6.4936e-03]],

         [[ 9.9778e-03, -7.6692e-03, -4.7673e-03],
          [ 1.3430e-03,  3.0354e-03, -2.1492e-03],
          [ 7.4580e-03,  1.6558e-02, -8.0451e-03]],

         ...,

         [[ 1.8012e-02, -1.3836e-02,  1.9351e-02],
          [ 1.4057e-02,  2.5355e-03, -1.9336e-03],
          [ 1.2867e-02, -5.1613e-04,  2.6769e-04]],

         [[-1.4217e-02,  6.2145e-03, -1.9398e-02],
          [ 9.7158e-03, -1.7884e-02, -1.4305e-02],
          [ 8.1754e-03, -1.4320e-02,  1.0704e-02]],

         [[-2.0244e-02,  1.7003e-02, -7.8198e-03],
          [-2.0679e-02, -7.6667e-03, -1.1716e-02],
          [-2.0496e-02,  9.7115e-03, -7.3921e-03]]],


        [[[ 1.4483e-02, -1.0080e-02,  1.5610e-02],
          [-1.3214e-02,  2.9708e-03,  1.9021e-02],
          [-1.5684e-02, -1.0936e-02, -1.3921e-02]],

         [[ 1.0526e-02, -4.1175e-03, -6.2427e-03],
          [ 6.8982e-03, -1.6616e-02, -1.2636e-02],
          [-6.9626e-03,  1.4458e-02,  1.7160e-02]],

         [[-2.0535e-03, -6.6236e-03, -1.6492e-02],
          [ 1.8260e-02,  1.0464e-02, -6.1305e-03],
          [ 1.5455e-03,  7.8727e-03, -5.0161e-03]],

         ...,

         [[ 3.2499e-03, -1.7051e-02, -2.0617e-02],
          [-1.4872e-02, -1.9431e-03, -7.6128e-04],
          [ 2.6163e-03,  5.1960e-03,  1.0583e-02]],

         [[-3.7382e-03,  3.4038e-03, -4.4242e-03],
          [ 1.4949e-02,  9.1664e-03,  1.0665e-02],
          [-3.3800e-03, -1.7275e-02, -7.0495e-03]],

         [[-8.1580e-03,  4.2476e-03, -9.6077e-04],
          [ 2.1376e-03,  4.4112e-03, -1.3482e-03],
          [ 6.2149e-03, -1.6124e-02,  9.4984e-03]]]], device='cuda:0') 
 Parameter containing:
tensor([[[[ 1.1214e-02, -1.7673e-03,  1.3896e-02],
          [ 5.1094e-03,  1.4099e-02,  1.2917e-02],
          [-4.1510e-04, -7.5607e-03,  1.9869e-02]],

         [[-5.2626e-03, -1.5609e-02,  2.7272e-03],
          [ 1.3368e-02,  1.8107e-02, -1.6136e-02],
          [-1.7498e-03,  1.4569e-02, -2.4508e-04]],

         [[-3.1607e-03,  1.6899e-02, -1.5839e-02],
          [ 7.9144e-03,  1.2385e-02, -1.6474e-02],
          [-7.6126e-03, -1.8055e-02, -2.0170e-02]],

         ...,

         [[ 5.2207e-03, -1.0846e-02,  1.1369e-02],
          [ 4.5467e-03, -1.4992e-03, -8.1794e-03],
          [ 4.3580e-03,  1.2432e-02, -1.0624e-02]],

         [[ 1.8406e-03, -1.0728e-02, -8.1546e-03],
          [ 1.5479e-02, -5.5076e-03, -9.9605e-03],
          [-1.4630e-02, -4.3643e-03, -9.7997e-03]],

         [[ 1.6201e-02, -8.0034e-03,  1.5583e-02],
          [ 4.3984e-03,  6.0368e-03, -1.3643e-02],
          [-1.3672e-02,  8.7965e-03,  1.5277e-02]]],


        [[[ 1.3976e-02, -4.3111e-03, -1.1972e-02],
          [-1.2426e-03, -1.4556e-02,  1.6700e-02],
          [-1.8724e-02,  5.3701e-03,  1.4490e-02]],

         [[-7.4544e-03,  2.0320e-02, -1.5056e-03],
          [ 1.8980e-02,  1.6622e-02, -1.8047e-03],
          [-6.4194e-03,  1.2875e-02,  1.8553e-02]],

         [[-7.7857e-03,  9.9480e-03,  5.4350e-03],
          [-1.2173e-02,  8.5768e-03,  3.4889e-03],
          [-1.6356e-02,  1.7497e-02, -1.1309e-02]],

         ...,

         [[ 1.6860e-02, -5.5732e-03,  1.6345e-02],
          [-1.9826e-02, -7.9182e-04, -1.7427e-02],
          [ 1.1966e-02, -9.7809e-03, -7.3903e-03]],

         [[-6.2533e-03, -1.2003e-02, -1.0268e-02],
          [-1.6587e-02, -1.6389e-02, -2.1272e-03],
          [ 2.7975e-03,  9.4569e-03, -4.5266e-03]],

         [[ 8.4925e-03, -4.0427e-03,  2.0294e-02],
          [ 1.5453e-02, -1.7247e-02,  1.3958e-02],
          [-7.5543e-03, -3.1991e-03, -1.9539e-02]]],


        [[[ 1.5864e-02, -5.2467e-03,  1.2279e-02],
          [ 9.8712e-03, -2.3478e-03,  2.0330e-02],
          [ 1.6265e-02,  5.9919e-03, -5.0418e-03]],

         [[ 8.6358e-03,  2.4919e-03, -1.6423e-02],
          [-4.9988e-03,  8.1991e-04,  1.9715e-02],
          [ 8.9057e-03, -1.5016e-02,  6.3589e-03]],

         [[ 1.7531e-02,  5.3826e-03,  9.5313e-03],
          [-6.0025e-03,  2.0039e-02,  1.0742e-03],
          [ 4.3815e-03,  7.1947e-03,  3.3256e-03]],

         ...,

         [[-4.5746e-04,  1.0442e-03,  1.7324e-02],
          [ 3.9076e-03,  1.6463e-02,  3.5193e-03],
          [ 6.5360e-03, -8.1146e-03, -5.4071e-04]],

         [[-2.5466e-03, -2.0503e-02, -1.6492e-02],
          [ 1.1191e-02, -2.0380e-02,  9.5676e-03],
          [ 6.3116e-03, -8.9446e-03, -1.2992e-02]],

         [[-8.3562e-03, -1.7949e-02, -3.8723e-03],
          [ 1.1344e-02, -9.5941e-03,  3.1751e-03],
          [-7.6709e-03,  1.6013e-02, -4.7532e-03]]],


        ...,


        [[[ 1.5130e-02, -1.0708e-02, -9.5711e-03],
          [ 1.1378e-02,  3.2019e-03,  1.1427e-02],
          [ 1.2801e-02,  6.4255e-03, -1.5966e-02]],

         [[ 1.8554e-03,  3.5059e-03,  1.8504e-02],
          [-1.7263e-02,  1.4423e-02, -1.5155e-02],
          [-1.7977e-02, -2.0830e-02,  1.8418e-03]],

         [[-5.3116e-03,  1.5575e-02,  1.1009e-02],
          [-5.1340e-03,  3.2527e-03,  6.7028e-03],
          [ 1.5256e-02,  3.2414e-03, -1.0771e-02]],

         ...,

         [[ 2.0544e-02, -7.8514e-03,  6.8794e-03],
          [-1.5711e-02,  1.7135e-02,  2.0298e-03],
          [-1.2287e-02,  6.7339e-03, -1.4150e-02]],

         [[ 5.7267e-03,  1.9056e-02,  9.3684e-03],
          [-2.0271e-02, -1.4304e-02,  6.7934e-03],
          [ 1.4691e-02,  1.4244e-02, -1.2387e-02]],

         [[-7.2169e-03,  3.4166e-03,  1.5103e-02],
          [-9.4480e-03,  1.7805e-03, -1.9297e-02],
          [-2.0007e-02,  1.9003e-02,  1.7966e-02]]],


        [[[-8.2759e-03,  1.5546e-02,  2.5652e-03],
          [ 3.5243e-03,  7.6123e-03,  6.4967e-03],
          [-1.1356e-02,  8.0784e-03, -5.6718e-03]],

         [[-8.5925e-05,  1.9144e-02,  1.4695e-02],
          [ 1.5092e-02,  4.5447e-03,  1.6577e-02],
          [ 2.8256e-03,  3.8908e-03, -6.4936e-03]],

         [[ 9.9778e-03, -7.6692e-03, -4.7673e-03],
          [ 1.3430e-03,  3.0354e-03, -2.1492e-03],
          [ 7.4580e-03,  1.6558e-02, -8.0451e-03]],

         ...,

         [[ 1.8012e-02, -1.3836e-02,  1.9351e-02],
          [ 1.4057e-02,  2.5355e-03, -1.9336e-03],
          [ 1.2867e-02, -5.1613e-04,  2.6769e-04]],

         [[-1.4217e-02,  6.2145e-03, -1.9398e-02],
          [ 9.7158e-03, -1.7884e-02, -1.4305e-02],
          [ 8.1754e-03, -1.4320e-02,  1.0704e-02]],

         [[-2.0244e-02,  1.7003e-02, -7.8198e-03],
          [-2.0679e-02, -7.6667e-03, -1.1716e-02],
          [-2.0496e-02,  9.7115e-03, -7.3921e-03]]],


        [[[ 1.4483e-02, -1.0080e-02,  1.5610e-02],
          [-1.3214e-02,  2.9708e-03,  1.9021e-02],
          [-1.5684e-02, -1.0936e-02, -1.3921e-02]],

         [[ 1.0526e-02, -4.1175e-03, -6.2427e-03],
          [ 6.8982e-03, -1.6616e-02, -1.2636e-02],
          [-6.9626e-03,  1.4458e-02,  1.7160e-02]],

         [[-2.0535e-03, -6.6236e-03, -1.6492e-02],
          [ 1.8260e-02,  1.0464e-02, -6.1305e-03],
          [ 1.5455e-03,  7.8727e-03, -5.0161e-03]],

         ...,

         [[ 3.2499e-03, -1.7051e-02, -2.0617e-02],
          [-1.4872e-02, -1.9431e-03, -7.6128e-04],
          [ 2.6163e-03,  5.1960e-03,  1.0583e-02]],

         [[-3.7382e-03,  3.4038e-03, -4.4242e-03],
          [ 1.4949e-02,  9.1664e-03,  1.0665e-02],
          [-3.3800e-03, -1.7275e-02, -7.0495e-03]],

         [[-8.1580e-03,  4.2476e-03, -9.6077e-04],
          [ 2.1376e-03,  4.4112e-03, -1.3482e-03],
          [ 6.2149e-03, -1.6124e-02,  9.4984e-03]]]], device='cuda:0',
       requires_grad=True)
parameters of the network conv2.bias 
 torch.Size([128]) 
 True 
 tensor([ 1.8134e-02, -7.1652e-03, -1.7380e-02,  1.2139e-02,  2.0017e-02,
         5.2893e-03,  5.1749e-03, -1.3283e-02, -4.4214e-03,  1.6570e-02,
         1.4647e-02, -1.4679e-02, -8.7674e-03,  1.2529e-02, -2.7433e-03,
        -8.1659e-03, -1.5914e-02,  1.3307e-02, -5.6800e-03, -8.8114e-03,
        -1.0431e-02, -1.0647e-02,  6.8969e-04, -1.8377e-02, -1.4203e-02,
         2.0470e-03,  4.8429e-03, -8.9024e-03, -1.0539e-02,  1.1586e-02,
        -5.5324e-03, -1.5261e-02, -1.3422e-02, -1.5051e-02, -5.0228e-03,
         2.0219e-02,  6.8898e-03, -7.7087e-03, -5.8863e-03, -4.4128e-03,
        -1.8719e-02,  1.0935e-02, -1.5139e-02,  1.1031e-02,  1.0232e-02,
         7.7609e-03,  1.0012e-02, -1.3524e-02, -3.2409e-03, -1.4693e-02,
         2.5131e-03,  2.0767e-02, -2.1860e-03,  2.0800e-02,  2.6973e-03,
        -9.9524e-03,  1.6565e-03, -6.5389e-03, -1.4011e-02, -5.2803e-03,
        -8.3211e-03,  6.1732e-03, -1.6117e-02, -1.5516e-02, -8.7724e-03,
        -1.8668e-02, -4.4010e-03, -1.6198e-03,  2.0432e-02, -1.6899e-02,
        -9.6377e-03, -6.3402e-03, -1.5003e-02,  1.4323e-02,  2.4348e-03,
         1.6979e-02, -1.2111e-02, -1.7332e-02, -3.9575e-03, -2.0417e-02,
        -7.9062e-03,  1.2336e-02,  1.4502e-02, -4.7343e-03,  8.6045e-03,
        -1.4969e-02, -2.4199e-05, -1.8000e-02, -1.6313e-02, -1.9776e-02,
         1.3194e-02, -8.4707e-03, -1.4265e-03,  2.0577e-02, -4.7976e-03,
         2.7298e-03,  8.8179e-03, -1.9164e-02, -9.3304e-03, -1.3174e-02,
        -8.7062e-03,  5.0368e-04,  2.0052e-02, -4.8645e-03,  1.5194e-02,
        -5.9837e-03, -1.9781e-02, -2.0135e-02, -9.6893e-03, -3.6262e-03,
         2.1708e-03,  1.2200e-02,  1.1296e-02,  8.3307e-04,  1.9161e-02,
         1.4603e-02,  6.4259e-03, -2.0707e-02, -1.3917e-02, -4.1086e-03,
         2.0004e-02, -6.8024e-03, -5.1583e-03,  1.2754e-03,  8.0539e-03,
         1.2212e-02,  8.0786e-03, -1.5812e-02], device='cuda:0') 
 Parameter containing:
tensor([ 1.8134e-02, -7.1652e-03, -1.7380e-02,  1.2139e-02,  2.0017e-02,
         5.2893e-03,  5.1749e-03, -1.3283e-02, -4.4214e-03,  1.6570e-02,
         1.4647e-02, -1.4679e-02, -8.7674e-03,  1.2529e-02, -2.7433e-03,
        -8.1659e-03, -1.5914e-02,  1.3307e-02, -5.6800e-03, -8.8114e-03,
        -1.0431e-02, -1.0647e-02,  6.8969e-04, -1.8377e-02, -1.4203e-02,
         2.0470e-03,  4.8429e-03, -8.9024e-03, -1.0539e-02,  1.1586e-02,
        -5.5324e-03, -1.5261e-02, -1.3422e-02, -1.5051e-02, -5.0228e-03,
         2.0219e-02,  6.8898e-03, -7.7087e-03, -5.8863e-03, -4.4128e-03,
        -1.8719e-02,  1.0935e-02, -1.5139e-02,  1.1031e-02,  1.0232e-02,
         7.7609e-03,  1.0012e-02, -1.3524e-02, -3.2409e-03, -1.4693e-02,
         2.5131e-03,  2.0767e-02, -2.1860e-03,  2.0800e-02,  2.6973e-03,
        -9.9524e-03,  1.6565e-03, -6.5389e-03, -1.4011e-02, -5.2803e-03,
        -8.3211e-03,  6.1732e-03, -1.6117e-02, -1.5516e-02, -8.7724e-03,
        -1.8668e-02, -4.4010e-03, -1.6198e-03,  2.0432e-02, -1.6899e-02,
        -9.6377e-03, -6.3402e-03, -1.5003e-02,  1.4323e-02,  2.4348e-03,
         1.6979e-02, -1.2111e-02, -1.7332e-02, -3.9575e-03, -2.0417e-02,
        -7.9062e-03,  1.2336e-02,  1.4502e-02, -4.7343e-03,  8.6045e-03,
        -1.4969e-02, -2.4199e-05, -1.8000e-02, -1.6313e-02, -1.9776e-02,
         1.3194e-02, -8.4707e-03, -1.4265e-03,  2.0577e-02, -4.7976e-03,
         2.7298e-03,  8.8179e-03, -1.9164e-02, -9.3304e-03, -1.3174e-02,
        -8.7062e-03,  5.0368e-04,  2.0052e-02, -4.8645e-03,  1.5194e-02,
        -5.9837e-03, -1.9781e-02, -2.0135e-02, -9.6893e-03, -3.6262e-03,
         2.1708e-03,  1.2200e-02,  1.1296e-02,  8.3307e-04,  1.9161e-02,
         1.4603e-02,  6.4259e-03, -2.0707e-02, -1.3917e-02, -4.1086e-03,
         2.0004e-02, -6.8024e-03, -5.1583e-03,  1.2754e-03,  8.0539e-03,
         1.2212e-02,  8.0786e-03, -1.5812e-02], device='cuda:0',
       requires_grad=True)
parameters of the network conv3.weight 
 torch.Size([64, 128, 3, 3]) 
 True 
 tensor([[[[ 3.8972e-03, -2.1777e-02, -9.0253e-03],
          [-1.9947e-02, -1.6399e-02,  8.3720e-03],
          [ 2.8136e-02, -1.8481e-02,  5.0888e-03]],

         [[-1.3618e-02, -2.8573e-03, -1.1715e-02],
          [-1.2823e-02, -3.5089e-03, -1.6865e-02],
          [ 4.3878e-03, -1.7311e-03, -2.1872e-02]],

         [[-9.1297e-04, -6.2736e-03, -7.9479e-03],
          [ 3.7026e-03,  1.5578e-02,  1.3221e-02],
          [-1.6468e-02, -7.2360e-03,  1.0187e-02]],

         ...,

         [[ 1.5779e-02,  2.0569e-02, -1.4346e-02],
          [ 1.2516e-02, -1.7398e-02,  2.5098e-02],
          [-5.2176e-04, -9.2621e-03,  2.5314e-02]],

         [[ 2.8910e-02, -1.3345e-02,  8.7861e-03],
          [ 4.9245e-03,  8.5107e-03, -1.4530e-02],
          [-1.8966e-02, -3.7929e-03,  2.5602e-02]],

         [[ 6.6963e-03, -6.3989e-03,  1.8967e-02],
          [ 3.6413e-03, -6.1193e-03, -1.8392e-02],
          [-2.6760e-02,  3.9297e-04, -1.8532e-02]]],


        [[[-3.8265e-03, -1.6854e-03, -2.8386e-02],
          [ 7.9582e-03, -1.2749e-02,  9.1057e-03],
          [-9.6593e-03, -1.0960e-02, -8.3140e-03]],

         [[-1.5734e-03,  2.8234e-02, -7.6046e-03],
          [ 6.0875e-03,  3.3339e-03, -1.5993e-02],
          [-2.8054e-02, -9.1194e-03, -1.7441e-02]],

         [[ 2.4851e-02,  1.9087e-02, -6.2579e-04],
          [ 2.3906e-03, -2.4181e-02, -2.3618e-03],
          [-5.7182e-03,  3.8628e-03, -9.9403e-04]],

         ...,

         [[-4.3227e-03,  6.3691e-03, -1.1683e-02],
          [ 2.8769e-02,  1.2611e-02, -2.6178e-02],
          [ 1.2261e-02, -9.2205e-03, -2.8073e-03]],

         [[-1.2401e-02,  2.6110e-02,  6.3495e-03],
          [-1.3179e-02,  7.5880e-03, -4.7553e-03],
          [ 2.1275e-02,  2.2329e-02, -1.7683e-02]],

         [[-6.2541e-03, -2.0384e-02,  2.4051e-02],
          [ 1.3664e-02,  1.9482e-02, -2.1242e-02],
          [-2.6266e-02,  2.6745e-02, -2.0458e-02]]],


        [[[ 1.0184e-03,  1.0449e-04, -2.1150e-02],
          [-1.5378e-02,  1.8906e-02, -1.9328e-02],
          [ 1.5215e-02, -1.3857e-02, -7.2308e-03]],

         [[-3.2827e-03, -8.0572e-03,  1.4948e-02],
          [-1.3198e-03, -1.3102e-03,  1.5135e-02],
          [-5.7164e-03,  2.4242e-02, -2.5458e-02]],

         [[ 2.3413e-02, -1.2556e-02,  4.4505e-03],
          [ 2.4938e-02, -1.5028e-03,  1.6482e-02],
          [ 1.8672e-02, -1.0897e-03,  2.1363e-02]],

         ...,

         [[ 9.8124e-03, -1.1259e-02, -8.3207e-03],
          [ 1.0338e-02,  2.2469e-03, -2.3303e-02],
          [ 2.8562e-02,  1.4618e-02,  1.6501e-02]],

         [[ 2.5430e-02, -3.4126e-03, -1.1542e-03],
          [-1.5181e-04, -9.9995e-04, -4.4200e-03],
          [ 9.5084e-03, -1.4932e-02, -2.7907e-02]],

         [[-2.0314e-03,  2.1577e-02, -1.6975e-02],
          [ 6.9965e-03, -1.9082e-02, -2.6623e-02],
          [-5.9230e-05, -1.7764e-02,  9.4894e-04]]],


        ...,


        [[[-1.0453e-02, -1.0554e-02,  2.3074e-02],
          [-9.4874e-03,  2.1740e-02,  2.0460e-02],
          [-3.0320e-03, -2.8660e-02,  9.6819e-03]],

         [[-2.1695e-02, -2.2450e-02,  1.5394e-02],
          [-2.5296e-02, -2.0250e-02,  1.8434e-02],
          [ 2.1460e-02,  1.2831e-02,  2.6598e-02]],

         [[ 2.0374e-03,  1.9538e-02, -2.8931e-02],
          [ 2.0877e-02,  8.5910e-03,  1.1226e-02],
          [ 8.5506e-03, -1.3446e-02,  2.1021e-02]],

         ...,

         [[-1.5600e-03,  2.7623e-02, -1.2684e-02],
          [-1.6141e-02, -2.3448e-02, -6.8071e-03],
          [-3.9561e-04,  9.9308e-03,  2.2824e-02]],

         [[-2.0855e-03,  2.3258e-02, -1.9542e-02],
          [ 1.7065e-02, -2.6223e-02,  1.4672e-02],
          [-5.1484e-03, -7.5480e-03, -2.1135e-02]],

         [[ 1.8519e-02,  9.2343e-03,  2.6219e-02],
          [-1.5403e-02, -2.4648e-02, -1.9333e-03],
          [-2.7094e-02,  3.8986e-03,  1.9475e-02]]],


        [[[ 3.5857e-03,  8.3196e-03,  2.6806e-02],
          [ 2.8004e-02,  3.5846e-03,  2.3938e-02],
          [ 2.0268e-02,  1.0328e-02, -1.3890e-02]],

         [[ 2.3210e-02, -1.2399e-02,  1.0269e-02],
          [-2.7989e-02,  5.7894e-03,  7.9528e-03],
          [ 1.0885e-02,  1.8499e-02,  4.5666e-03]],

         [[ 2.4857e-02,  2.1999e-02,  4.7465e-03],
          [ 2.8125e-02,  1.6445e-02, -2.8564e-02],
          [-2.8584e-02,  8.1209e-03,  1.5298e-03]],

         ...,

         [[-1.7706e-02,  1.2089e-02,  2.7507e-02],
          [ 1.4015e-02,  1.4913e-02, -1.2205e-02],
          [-2.5617e-02,  1.3475e-02,  6.5804e-03]],

         [[-6.5179e-04,  2.8527e-02,  2.4230e-02],
          [-8.0380e-03, -8.3356e-03,  1.5751e-02],
          [-1.7753e-02, -6.2625e-03,  1.3855e-02]],

         [[ 8.8020e-03, -2.4746e-02, -2.3879e-02],
          [ 1.3805e-02,  1.3253e-02, -2.6319e-02],
          [ 2.7953e-02,  2.1693e-02,  2.4662e-02]]],


        [[[-7.9558e-03, -1.6428e-02, -6.1867e-03],
          [ 1.3069e-02,  1.6833e-02, -6.7412e-03],
          [ 1.0647e-02,  1.3248e-02, -2.5519e-02]],

         [[-1.6942e-02, -1.6619e-02,  2.1676e-02],
          [ 2.2692e-03,  8.9613e-03,  1.1012e-02],
          [ 1.2434e-02,  9.8746e-03, -3.9373e-03]],

         [[ 2.8121e-02,  1.1132e-02,  8.1572e-03],
          [-2.2197e-02,  8.9858e-03,  1.6877e-02],
          [ 2.9054e-02,  1.1210e-02,  5.1621e-03]],

         ...,

         [[ 2.0186e-02, -5.4398e-03, -2.1887e-02],
          [-1.9014e-02,  2.8948e-02,  2.6815e-02],
          [-1.2703e-02,  1.1803e-02, -2.6129e-02]],

         [[-2.1995e-02,  2.7424e-02, -1.8211e-03],
          [-1.7891e-02,  2.5018e-02, -1.5190e-02],
          [-2.9612e-03, -2.9182e-02,  2.6413e-02]],

         [[-1.1360e-02, -1.0663e-02, -1.7733e-02],
          [-2.3198e-02, -2.9172e-02,  4.2462e-03],
          [ 2.8584e-02,  2.4772e-02,  2.4519e-02]]]], device='cuda:0') 
 Parameter containing:
tensor([[[[ 3.8972e-03, -2.1777e-02, -9.0253e-03],
          [-1.9947e-02, -1.6399e-02,  8.3720e-03],
          [ 2.8136e-02, -1.8481e-02,  5.0888e-03]],

         [[-1.3618e-02, -2.8573e-03, -1.1715e-02],
          [-1.2823e-02, -3.5089e-03, -1.6865e-02],
          [ 4.3878e-03, -1.7311e-03, -2.1872e-02]],

         [[-9.1297e-04, -6.2736e-03, -7.9479e-03],
          [ 3.7026e-03,  1.5578e-02,  1.3221e-02],
          [-1.6468e-02, -7.2360e-03,  1.0187e-02]],

         ...,

         [[ 1.5779e-02,  2.0569e-02, -1.4346e-02],
          [ 1.2516e-02, -1.7398e-02,  2.5098e-02],
          [-5.2176e-04, -9.2621e-03,  2.5314e-02]],

         [[ 2.8910e-02, -1.3345e-02,  8.7861e-03],
          [ 4.9245e-03,  8.5107e-03, -1.4530e-02],
          [-1.8966e-02, -3.7929e-03,  2.5602e-02]],

         [[ 6.6963e-03, -6.3989e-03,  1.8967e-02],
          [ 3.6413e-03, -6.1193e-03, -1.8392e-02],
          [-2.6760e-02,  3.9297e-04, -1.8532e-02]]],


        [[[-3.8265e-03, -1.6854e-03, -2.8386e-02],
          [ 7.9582e-03, -1.2749e-02,  9.1057e-03],
          [-9.6593e-03, -1.0960e-02, -8.3140e-03]],

         [[-1.5734e-03,  2.8234e-02, -7.6046e-03],
          [ 6.0875e-03,  3.3339e-03, -1.5993e-02],
          [-2.8054e-02, -9.1194e-03, -1.7441e-02]],

         [[ 2.4851e-02,  1.9087e-02, -6.2579e-04],
          [ 2.3906e-03, -2.4181e-02, -2.3618e-03],
          [-5.7182e-03,  3.8628e-03, -9.9403e-04]],

         ...,

         [[-4.3227e-03,  6.3691e-03, -1.1683e-02],
          [ 2.8769e-02,  1.2611e-02, -2.6178e-02],
          [ 1.2261e-02, -9.2205e-03, -2.8073e-03]],

         [[-1.2401e-02,  2.6110e-02,  6.3495e-03],
          [-1.3179e-02,  7.5880e-03, -4.7553e-03],
          [ 2.1275e-02,  2.2329e-02, -1.7683e-02]],

         [[-6.2541e-03, -2.0384e-02,  2.4051e-02],
          [ 1.3664e-02,  1.9482e-02, -2.1242e-02],
          [-2.6266e-02,  2.6745e-02, -2.0458e-02]]],


        [[[ 1.0184e-03,  1.0449e-04, -2.1150e-02],
          [-1.5378e-02,  1.8906e-02, -1.9328e-02],
          [ 1.5215e-02, -1.3857e-02, -7.2308e-03]],

         [[-3.2827e-03, -8.0572e-03,  1.4948e-02],
          [-1.3198e-03, -1.3102e-03,  1.5135e-02],
          [-5.7164e-03,  2.4242e-02, -2.5458e-02]],

         [[ 2.3413e-02, -1.2556e-02,  4.4505e-03],
          [ 2.4938e-02, -1.5028e-03,  1.6482e-02],
          [ 1.8672e-02, -1.0897e-03,  2.1363e-02]],

         ...,

         [[ 9.8124e-03, -1.1259e-02, -8.3207e-03],
          [ 1.0338e-02,  2.2469e-03, -2.3303e-02],
          [ 2.8562e-02,  1.4618e-02,  1.6501e-02]],

         [[ 2.5430e-02, -3.4126e-03, -1.1542e-03],
          [-1.5181e-04, -9.9995e-04, -4.4200e-03],
          [ 9.5084e-03, -1.4932e-02, -2.7907e-02]],

         [[-2.0314e-03,  2.1577e-02, -1.6975e-02],
          [ 6.9965e-03, -1.9082e-02, -2.6623e-02],
          [-5.9230e-05, -1.7764e-02,  9.4894e-04]]],


        ...,


        [[[-1.0453e-02, -1.0554e-02,  2.3074e-02],
          [-9.4874e-03,  2.1740e-02,  2.0460e-02],
          [-3.0320e-03, -2.8660e-02,  9.6819e-03]],

         [[-2.1695e-02, -2.2450e-02,  1.5394e-02],
          [-2.5296e-02, -2.0250e-02,  1.8434e-02],
          [ 2.1460e-02,  1.2831e-02,  2.6598e-02]],

         [[ 2.0374e-03,  1.9538e-02, -2.8931e-02],
          [ 2.0877e-02,  8.5910e-03,  1.1226e-02],
          [ 8.5506e-03, -1.3446e-02,  2.1021e-02]],

         ...,

         [[-1.5600e-03,  2.7623e-02, -1.2684e-02],
          [-1.6141e-02, -2.3448e-02, -6.8071e-03],
          [-3.9561e-04,  9.9308e-03,  2.2824e-02]],

         [[-2.0855e-03,  2.3258e-02, -1.9542e-02],
          [ 1.7065e-02, -2.6223e-02,  1.4672e-02],
          [-5.1484e-03, -7.5480e-03, -2.1135e-02]],

         [[ 1.8519e-02,  9.2343e-03,  2.6219e-02],
          [-1.5403e-02, -2.4648e-02, -1.9333e-03],
          [-2.7094e-02,  3.8986e-03,  1.9475e-02]]],


        [[[ 3.5857e-03,  8.3196e-03,  2.6806e-02],
          [ 2.8004e-02,  3.5846e-03,  2.3938e-02],
          [ 2.0268e-02,  1.0328e-02, -1.3890e-02]],

         [[ 2.3210e-02, -1.2399e-02,  1.0269e-02],
          [-2.7989e-02,  5.7894e-03,  7.9528e-03],
          [ 1.0885e-02,  1.8499e-02,  4.5666e-03]],

         [[ 2.4857e-02,  2.1999e-02,  4.7465e-03],
          [ 2.8125e-02,  1.6445e-02, -2.8564e-02],
          [-2.8584e-02,  8.1209e-03,  1.5298e-03]],

         ...,

         [[-1.7706e-02,  1.2089e-02,  2.7507e-02],
          [ 1.4015e-02,  1.4913e-02, -1.2205e-02],
          [-2.5617e-02,  1.3475e-02,  6.5804e-03]],

         [[-6.5179e-04,  2.8527e-02,  2.4230e-02],
          [-8.0380e-03, -8.3356e-03,  1.5751e-02],
          [-1.7753e-02, -6.2625e-03,  1.3855e-02]],

         [[ 8.8020e-03, -2.4746e-02, -2.3879e-02],
          [ 1.3805e-02,  1.3253e-02, -2.6319e-02],
          [ 2.7953e-02,  2.1693e-02,  2.4662e-02]]],


        [[[-7.9558e-03, -1.6428e-02, -6.1867e-03],
          [ 1.3069e-02,  1.6833e-02, -6.7412e-03],
          [ 1.0647e-02,  1.3248e-02, -2.5519e-02]],

         [[-1.6942e-02, -1.6619e-02,  2.1676e-02],
          [ 2.2692e-03,  8.9613e-03,  1.1012e-02],
          [ 1.2434e-02,  9.8746e-03, -3.9373e-03]],

         [[ 2.8121e-02,  1.1132e-02,  8.1572e-03],
          [-2.2197e-02,  8.9858e-03,  1.6877e-02],
          [ 2.9054e-02,  1.1210e-02,  5.1621e-03]],

         ...,

         [[ 2.0186e-02, -5.4398e-03, -2.1887e-02],
          [-1.9014e-02,  2.8948e-02,  2.6815e-02],
          [-1.2703e-02,  1.1803e-02, -2.6129e-02]],

         [[-2.1995e-02,  2.7424e-02, -1.8211e-03],
          [-1.7891e-02,  2.5018e-02, -1.5190e-02],
          [-2.9612e-03, -2.9182e-02,  2.6413e-02]],

         [[-1.1360e-02, -1.0663e-02, -1.7733e-02],
          [-2.3198e-02, -2.9172e-02,  4.2462e-03],
          [ 2.8584e-02,  2.4772e-02,  2.4519e-02]]]], device='cuda:0',
       requires_grad=True)
parameters of the network conv3.bias 
 torch.Size([64]) 
 True 
 tensor([ 0.0188, -0.0277, -0.0178,  0.0091,  0.0043, -0.0083, -0.0116,  0.0154,
         0.0146, -0.0175,  0.0158, -0.0261, -0.0263,  0.0292,  0.0209,  0.0280,
        -0.0251,  0.0105,  0.0080,  0.0223, -0.0188, -0.0030,  0.0264,  0.0038,
        -0.0241, -0.0066, -0.0255, -0.0194, -0.0164,  0.0211,  0.0294, -0.0019,
        -0.0286, -0.0180,  0.0154, -0.0293, -0.0051,  0.0117,  0.0055, -0.0119,
        -0.0272, -0.0003, -0.0045,  0.0104, -0.0127,  0.0159, -0.0088,  0.0024,
         0.0162,  0.0253, -0.0034,  0.0129,  0.0185, -0.0147, -0.0010, -0.0006,
        -0.0008, -0.0111, -0.0033,  0.0087, -0.0213, -0.0276,  0.0198,  0.0003],
       device='cuda:0') 
 Parameter containing:
tensor([ 0.0188, -0.0277, -0.0178,  0.0091,  0.0043, -0.0083, -0.0116,  0.0154,
         0.0146, -0.0175,  0.0158, -0.0261, -0.0263,  0.0292,  0.0209,  0.0280,
        -0.0251,  0.0105,  0.0080,  0.0223, -0.0188, -0.0030,  0.0264,  0.0038,
        -0.0241, -0.0066, -0.0255, -0.0194, -0.0164,  0.0211,  0.0294, -0.0019,
        -0.0286, -0.0180,  0.0154, -0.0293, -0.0051,  0.0117,  0.0055, -0.0119,
        -0.0272, -0.0003, -0.0045,  0.0104, -0.0127,  0.0159, -0.0088,  0.0024,
         0.0162,  0.0253, -0.0034,  0.0129,  0.0185, -0.0147, -0.0010, -0.0006,
        -0.0008, -0.0111, -0.0033,  0.0087, -0.0213, -0.0276,  0.0198,  0.0003],
       device='cuda:0', requires_grad=True)
parameters of the network fc1.weight 
 torch.Size([256, 667776]) 
 True 
 tensor([[ 8.2863e-04, -1.2012e-03, -1.0227e-03,  ...,  3.3756e-04,
         -1.1590e-03,  5.4144e-04],
        [ 2.5270e-04,  5.4452e-04, -7.0821e-05,  ...,  9.8118e-04,
         -2.0331e-04,  2.9213e-04],
        [-3.0770e-04, -7.7732e-04, -1.8290e-04,  ..., -3.5218e-04,
         -1.9319e-04,  6.1591e-04],
        ...,
        [ 5.3152e-04, -3.7892e-04, -3.4902e-05,  ..., -3.6193e-04,
         -6.6056e-04,  3.1552e-04],
        [ 7.0779e-04, -1.2565e-04,  4.6926e-04,  ...,  9.2214e-04,
          2.8487e-04, -8.8332e-04],
        [-7.0500e-04, -8.3689e-05, -7.2237e-04,  ...,  6.0260e-04,
          1.1808e-03, -3.8122e-04]], device='cuda:0') 
 Parameter containing:
tensor([[ 8.2863e-04, -1.2012e-03, -1.0227e-03,  ...,  3.3756e-04,
         -1.1590e-03,  5.4144e-04],
        [ 2.5270e-04,  5.4452e-04, -7.0821e-05,  ...,  9.8118e-04,
         -2.0331e-04,  2.9213e-04],
        [-3.0770e-04, -7.7732e-04, -1.8290e-04,  ..., -3.5218e-04,
         -1.9319e-04,  6.1591e-04],
        ...,
        [ 5.3152e-04, -3.7892e-04, -3.4902e-05,  ..., -3.6193e-04,
         -6.6056e-04,  3.1552e-04],
        [ 7.0779e-04, -1.2565e-04,  4.6926e-04,  ...,  9.2214e-04,
          2.8487e-04, -8.8332e-04],
        [-7.0500e-04, -8.3689e-05, -7.2237e-04,  ...,  6.0260e-04,
          1.1808e-03, -3.8122e-04]], device='cuda:0', requires_grad=True)
parameters of the network fc1.bias 
 torch.Size([256]) 
 True 
 tensor([ 1.1792e-03,  1.0556e-05,  8.7142e-04, -9.2243e-04, -9.0226e-04,
        -1.1912e-03, -5.7135e-04, -1.0126e-03,  6.9676e-04, -3.0102e-04,
        -6.4349e-04, -1.5922e-04, -8.2839e-04, -1.0333e-03, -8.6358e-05,
        -2.9827e-04,  4.4377e-04, -9.1893e-04,  2.8557e-04, -5.7483e-04,
         1.0562e-03, -2.0676e-04, -2.7277e-04,  6.1069e-04,  4.0440e-04,
        -1.8234e-04, -3.9223e-04,  1.2135e-03,  7.2797e-04, -8.9359e-05,
        -1.6692e-04, -2.8041e-05, -1.1955e-03, -9.9941e-04,  1.7910e-04,
        -5.3415e-04,  8.3620e-04, -8.5048e-04, -1.2180e-03,  6.6113e-04,
         3.1522e-04, -7.8322e-04,  5.8163e-04, -3.4555e-04,  4.1862e-04,
        -1.1787e-03,  9.0052e-04,  5.2565e-04,  2.2946e-04, -5.2967e-04,
         5.0679e-04,  4.4357e-04,  6.3681e-04, -2.0420e-04,  4.4802e-04,
        -6.9765e-04,  2.8121e-04,  2.4808e-05, -8.2238e-04, -5.7240e-04,
        -3.0172e-04,  1.0655e-05, -8.7140e-04,  7.7880e-04, -6.8261e-04,
        -1.0847e-03, -2.9989e-04,  5.4159e-04,  7.8141e-04, -1.3023e-04,
        -8.5324e-04,  5.0027e-04, -5.0527e-04,  3.7573e-04,  1.9700e-04,
        -1.2075e-03,  4.3074e-04, -2.8635e-04, -4.4211e-04, -4.2636e-04,
         8.2357e-04,  8.9399e-04, -3.0100e-04, -6.5861e-04, -4.4164e-04,
        -7.9985e-04, -7.0141e-04, -4.6574e-04,  1.2124e-03,  1.1477e-03,
        -4.9949e-04, -6.5335e-04,  2.4346e-05,  1.1594e-03,  4.7787e-04,
         8.4227e-04,  8.3081e-04,  8.7409e-04,  1.0889e-03,  8.2787e-04,
        -1.1538e-03,  5.0119e-04, -1.0667e-03, -3.6259e-04,  5.7728e-04,
        -2.5510e-04, -1.0902e-03,  2.1283e-04, -6.3423e-04, -6.4728e-04,
         2.7401e-04,  2.0924e-06, -1.0899e-03,  5.6111e-04,  4.1847e-05,
        -2.4641e-04,  1.1573e-03,  2.9790e-04,  1.4080e-04, -5.1056e-04,
         3.0711e-05, -1.9016e-04, -4.9158e-04,  7.9175e-04, -2.3665e-05,
        -8.3215e-05,  9.7924e-04, -5.9355e-04,  6.1244e-04, -3.7113e-05,
         1.2790e-04, -5.2476e-04,  3.0332e-04, -4.1070e-04,  9.5935e-06,
         4.6235e-04, -1.7063e-04, -2.8231e-04, -7.7152e-04,  2.3816e-04,
        -2.5807e-04, -3.8517e-04,  6.5062e-04,  4.9298e-05,  2.9255e-05,
        -2.3849e-04,  9.6685e-04, -7.6218e-04,  9.1475e-04, -3.1952e-04,
         5.4942e-04,  3.4877e-05,  1.1351e-03, -7.0407e-05, -1.0929e-03,
         7.9552e-04,  9.0357e-04,  1.1659e-03, -6.8182e-04,  9.3502e-04,
         2.4342e-04, -3.7401e-04,  1.1583e-03,  4.8476e-05,  6.9624e-04,
        -8.7415e-04,  6.0886e-04, -6.6573e-04,  8.6128e-04, -1.1078e-03,
         8.4351e-04, -6.9015e-04, -2.1481e-04,  4.4515e-04, -8.3655e-04,
        -5.7923e-04, -2.8016e-04,  6.2232e-04,  3.0550e-04,  5.5514e-04,
        -8.3516e-04, -7.5296e-04, -1.0304e-03,  6.1828e-04,  7.0214e-04,
         1.0471e-04,  1.0394e-03,  9.9665e-04, -1.0091e-03, -3.7858e-04,
        -6.4621e-04, -8.7932e-04,  9.4651e-04, -1.0774e-03, -9.2751e-04,
         8.9426e-04,  9.5866e-04,  6.0735e-04, -5.9094e-04, -6.6795e-04,
        -1.2280e-04,  9.0648e-04, -1.0792e-03, -8.3216e-04,  9.3888e-04,
        -9.2107e-05, -6.2702e-04,  1.1723e-03,  7.7402e-04,  9.6930e-06,
         4.2368e-04, -1.1992e-03,  1.0329e-03, -1.1076e-03, -1.8243e-04,
        -5.2728e-04, -6.6960e-05, -9.0437e-04, -6.5240e-04,  3.6794e-04,
         4.8169e-04, -1.1850e-03, -7.2348e-04, -1.6492e-04, -5.3871e-04,
         7.8808e-04, -4.5602e-04,  2.8783e-04,  3.4907e-04,  1.0753e-03,
         1.0689e-03,  9.0584e-04, -6.4998e-04, -7.3533e-04, -3.2920e-04,
         5.8360e-04,  2.9044e-04, -2.7393e-04,  1.1858e-03,  4.8845e-04,
        -8.4466e-04,  1.2591e-04, -1.2056e-03,  4.1859e-05,  4.1297e-04,
         1.1786e-03,  7.0001e-04,  1.1403e-04,  3.5703e-04, -5.7540e-04,
         7.0200e-04,  5.0820e-04, -4.8068e-04,  4.0152e-04,  1.4959e-04,
         2.0346e-04], device='cuda:0') 
 Parameter containing:
tensor([ 1.1792e-03,  1.0556e-05,  8.7142e-04, -9.2243e-04, -9.0226e-04,
        -1.1912e-03, -5.7135e-04, -1.0126e-03,  6.9676e-04, -3.0102e-04,
        -6.4349e-04, -1.5922e-04, -8.2839e-04, -1.0333e-03, -8.6358e-05,
        -2.9827e-04,  4.4377e-04, -9.1893e-04,  2.8557e-04, -5.7483e-04,
         1.0562e-03, -2.0676e-04, -2.7277e-04,  6.1069e-04,  4.0440e-04,
        -1.8234e-04, -3.9223e-04,  1.2135e-03,  7.2797e-04, -8.9359e-05,
        -1.6692e-04, -2.8041e-05, -1.1955e-03, -9.9941e-04,  1.7910e-04,
        -5.3415e-04,  8.3620e-04, -8.5048e-04, -1.2180e-03,  6.6113e-04,
         3.1522e-04, -7.8322e-04,  5.8163e-04, -3.4555e-04,  4.1862e-04,
        -1.1787e-03,  9.0052e-04,  5.2565e-04,  2.2946e-04, -5.2967e-04,
         5.0679e-04,  4.4357e-04,  6.3681e-04, -2.0420e-04,  4.4802e-04,
        -6.9765e-04,  2.8121e-04,  2.4808e-05, -8.2238e-04, -5.7240e-04,
        -3.0172e-04,  1.0655e-05, -8.7140e-04,  7.7880e-04, -6.8261e-04,
        -1.0847e-03, -2.9989e-04,  5.4159e-04,  7.8141e-04, -1.3023e-04,
        -8.5324e-04,  5.0027e-04, -5.0527e-04,  3.7573e-04,  1.9700e-04,
        -1.2075e-03,  4.3074e-04, -2.8635e-04, -4.4211e-04, -4.2636e-04,
         8.2357e-04,  8.9399e-04, -3.0100e-04, -6.5861e-04, -4.4164e-04,
        -7.9985e-04, -7.0141e-04, -4.6574e-04,  1.2124e-03,  1.1477e-03,
        -4.9949e-04, -6.5335e-04,  2.4346e-05,  1.1594e-03,  4.7787e-04,
         8.4227e-04,  8.3081e-04,  8.7409e-04,  1.0889e-03,  8.2787e-04,
        -1.1538e-03,  5.0119e-04, -1.0667e-03, -3.6259e-04,  5.7728e-04,
        -2.5510e-04, -1.0902e-03,  2.1283e-04, -6.3423e-04, -6.4728e-04,
         2.7401e-04,  2.0924e-06, -1.0899e-03,  5.6111e-04,  4.1847e-05,
        -2.4641e-04,  1.1573e-03,  2.9790e-04,  1.4080e-04, -5.1056e-04,
         3.0711e-05, -1.9016e-04, -4.9158e-04,  7.9175e-04, -2.3665e-05,
        -8.3215e-05,  9.7924e-04, -5.9355e-04,  6.1244e-04, -3.7113e-05,
         1.2790e-04, -5.2476e-04,  3.0332e-04, -4.1070e-04,  9.5935e-06,
         4.6235e-04, -1.7063e-04, -2.8231e-04, -7.7152e-04,  2.3816e-04,
        -2.5807e-04, -3.8517e-04,  6.5062e-04,  4.9298e-05,  2.9255e-05,
        -2.3849e-04,  9.6685e-04, -7.6218e-04,  9.1475e-04, -3.1952e-04,
         5.4942e-04,  3.4877e-05,  1.1351e-03, -7.0407e-05, -1.0929e-03,
         7.9552e-04,  9.0357e-04,  1.1659e-03, -6.8182e-04,  9.3502e-04,
         2.4342e-04, -3.7401e-04,  1.1583e-03,  4.8476e-05,  6.9624e-04,
        -8.7415e-04,  6.0886e-04, -6.6573e-04,  8.6128e-04, -1.1078e-03,
         8.4351e-04, -6.9015e-04, -2.1481e-04,  4.4515e-04, -8.3655e-04,
        -5.7923e-04, -2.8016e-04,  6.2232e-04,  3.0550e-04,  5.5514e-04,
        -8.3516e-04, -7.5296e-04, -1.0304e-03,  6.1828e-04,  7.0214e-04,
         1.0471e-04,  1.0394e-03,  9.9665e-04, -1.0091e-03, -3.7858e-04,
        -6.4621e-04, -8.7932e-04,  9.4651e-04, -1.0774e-03, -9.2751e-04,
         8.9426e-04,  9.5866e-04,  6.0735e-04, -5.9094e-04, -6.6795e-04,
        -1.2280e-04,  9.0648e-04, -1.0792e-03, -8.3216e-04,  9.3888e-04,
        -9.2107e-05, -6.2702e-04,  1.1723e-03,  7.7402e-04,  9.6930e-06,
         4.2368e-04, -1.1992e-03,  1.0329e-03, -1.1076e-03, -1.8243e-04,
        -5.2728e-04, -6.6960e-05, -9.0437e-04, -6.5240e-04,  3.6794e-04,
         4.8169e-04, -1.1850e-03, -7.2348e-04, -1.6492e-04, -5.3871e-04,
         7.8808e-04, -4.5602e-04,  2.8783e-04,  3.4907e-04,  1.0753e-03,
         1.0689e-03,  9.0584e-04, -6.4998e-04, -7.3533e-04, -3.2920e-04,
         5.8360e-04,  2.9044e-04, -2.7393e-04,  1.1858e-03,  4.8845e-04,
        -8.4466e-04,  1.2591e-04, -1.2056e-03,  4.1859e-05,  4.1297e-04,
         1.1786e-03,  7.0001e-04,  1.1403e-04,  3.5703e-04, -5.7540e-04,
         7.0200e-04,  5.0820e-04, -4.8068e-04,  4.0152e-04,  1.4959e-04,
         2.0346e-04], device='cuda:0', requires_grad=True)
parameters of the network fc2.weight 
 torch.Size([128, 256]) 
 True 
 tensor([[-0.0485, -0.0441,  0.0095,  ..., -0.0465,  0.0537, -0.0056],
        [ 0.0083,  0.0546, -0.0427,  ..., -0.0138,  0.0419, -0.0139],
        [-0.0450,  0.0623, -0.0289,  ...,  0.0550,  0.0563,  0.0089],
        ...,
        [-0.0401,  0.0510,  0.0269,  ...,  0.0145,  0.0117, -0.0485],
        [ 0.0010, -0.0290,  0.0359,  ..., -0.0517, -0.0210,  0.0157],
        [-0.0026,  0.0221,  0.0057,  ...,  0.0268,  0.0437, -0.0276]],
       device='cuda:0') 
 Parameter containing:
tensor([[-0.0485, -0.0441,  0.0095,  ..., -0.0465,  0.0537, -0.0056],
        [ 0.0083,  0.0546, -0.0427,  ..., -0.0138,  0.0419, -0.0139],
        [-0.0450,  0.0623, -0.0289,  ...,  0.0550,  0.0563,  0.0089],
        ...,
        [-0.0401,  0.0510,  0.0269,  ...,  0.0145,  0.0117, -0.0485],
        [ 0.0010, -0.0290,  0.0359,  ..., -0.0517, -0.0210,  0.0157],
        [-0.0026,  0.0221,  0.0057,  ...,  0.0268,  0.0437, -0.0276]],
       device='cuda:0', requires_grad=True)
parameters of the network fc2.bias 
 torch.Size([128]) 
 True 
 tensor([ 0.0436,  0.0434, -0.0024, -0.0154, -0.0451, -0.0001,  0.0419, -0.0491,
         0.0189,  0.0076,  0.0624,  0.0550,  0.0415,  0.0510,  0.0503, -0.0265,
         0.0126, -0.0134,  0.0423,  0.0583,  0.0261,  0.0060,  0.0118, -0.0178,
         0.0061,  0.0391,  0.0339, -0.0066, -0.0496,  0.0515, -0.0318, -0.0564,
         0.0456,  0.0482,  0.0332, -0.0558,  0.0548,  0.0464, -0.0108, -0.0331,
        -0.0062, -0.0288, -0.0602,  0.0083,  0.0296, -0.0359,  0.0335, -0.0429,
        -0.0563,  0.0260, -0.0022,  0.0016,  0.0528,  0.0500, -0.0045,  0.0473,
         0.0011, -0.0277, -0.0508, -0.0101,  0.0222, -0.0247, -0.0326,  0.0123,
        -0.0249, -0.0569, -0.0579, -0.0599,  0.0147, -0.0122,  0.0418, -0.0288,
        -0.0240, -0.0372,  0.0466,  0.0332, -0.0152,  0.0265, -0.0317,  0.0178,
        -0.0592, -0.0327,  0.0556,  0.0074,  0.0370,  0.0317,  0.0612, -0.0426,
         0.0481, -0.0316, -0.0173, -0.0331,  0.0026, -0.0560, -0.0152, -0.0311,
        -0.0444,  0.0112, -0.0614,  0.0508, -0.0180,  0.0346,  0.0372, -0.0219,
        -0.0075,  0.0404, -0.0357, -0.0257, -0.0344, -0.0562,  0.0144,  0.0121,
         0.0066, -0.0376,  0.0484,  0.0619,  0.0100,  0.0157,  0.0198, -0.0605,
        -0.0620, -0.0167,  0.0430, -0.0037, -0.0268,  0.0192, -0.0054, -0.0415],
       device='cuda:0') 
 Parameter containing:
tensor([ 0.0436,  0.0434, -0.0024, -0.0154, -0.0451, -0.0001,  0.0419, -0.0491,
         0.0189,  0.0076,  0.0624,  0.0550,  0.0415,  0.0510,  0.0503, -0.0265,
         0.0126, -0.0134,  0.0423,  0.0583,  0.0261,  0.0060,  0.0118, -0.0178,
         0.0061,  0.0391,  0.0339, -0.0066, -0.0496,  0.0515, -0.0318, -0.0564,
         0.0456,  0.0482,  0.0332, -0.0558,  0.0548,  0.0464, -0.0108, -0.0331,
        -0.0062, -0.0288, -0.0602,  0.0083,  0.0296, -0.0359,  0.0335, -0.0429,
        -0.0563,  0.0260, -0.0022,  0.0016,  0.0528,  0.0500, -0.0045,  0.0473,
         0.0011, -0.0277, -0.0508, -0.0101,  0.0222, -0.0247, -0.0326,  0.0123,
        -0.0249, -0.0569, -0.0579, -0.0599,  0.0147, -0.0122,  0.0418, -0.0288,
        -0.0240, -0.0372,  0.0466,  0.0332, -0.0152,  0.0265, -0.0317,  0.0178,
        -0.0592, -0.0327,  0.0556,  0.0074,  0.0370,  0.0317,  0.0612, -0.0426,
         0.0481, -0.0316, -0.0173, -0.0331,  0.0026, -0.0560, -0.0152, -0.0311,
        -0.0444,  0.0112, -0.0614,  0.0508, -0.0180,  0.0346,  0.0372, -0.0219,
        -0.0075,  0.0404, -0.0357, -0.0257, -0.0344, -0.0562,  0.0144,  0.0121,
         0.0066, -0.0376,  0.0484,  0.0619,  0.0100,  0.0157,  0.0198, -0.0605,
        -0.0620, -0.0167,  0.0430, -0.0037, -0.0268,  0.0192, -0.0054, -0.0415],
       device='cuda:0', requires_grad=True)
parameters of the network fc3.weight 
 torch.Size([64, 128]) 
 True 
 tensor([[ 0.0873,  0.0393,  0.0333,  ..., -0.0080,  0.0813, -0.0502],
        [-0.0640,  0.0827, -0.0056,  ...,  0.0797, -0.0015, -0.0197],
        [ 0.0777, -0.0297, -0.0414,  ...,  0.0139,  0.0827,  0.0352],
        ...,
        [-0.0755,  0.0598,  0.0097,  ..., -0.0231, -0.0299, -0.0581],
        [ 0.0352,  0.0631,  0.0779,  ..., -0.0878,  0.0769,  0.0377],
        [-0.0265, -0.0483,  0.0351,  ...,  0.0630,  0.0425,  0.0615]],
       device='cuda:0') 
 Parameter containing:
tensor([[ 0.0873,  0.0393,  0.0333,  ..., -0.0080,  0.0813, -0.0502],
        [-0.0640,  0.0827, -0.0056,  ...,  0.0797, -0.0015, -0.0197],
        [ 0.0777, -0.0297, -0.0414,  ...,  0.0139,  0.0827,  0.0352],
        ...,
        [-0.0755,  0.0598,  0.0097,  ..., -0.0231, -0.0299, -0.0581],
        [ 0.0352,  0.0631,  0.0779,  ..., -0.0878,  0.0769,  0.0377],
        [-0.0265, -0.0483,  0.0351,  ...,  0.0630,  0.0425,  0.0615]],
       device='cuda:0', requires_grad=True)
parameters of the network fc3.bias 
 torch.Size([64]) 
 True 
 tensor([ 0.0047,  0.0851, -0.0380,  0.0611, -0.0670,  0.0177, -0.0261, -0.0049,
        -0.0657,  0.0072, -0.0725,  0.0233,  0.0062, -0.0882,  0.0622,  0.0696,
         0.0749,  0.0290, -0.0438,  0.0171,  0.0595,  0.0674,  0.0744, -0.0224,
         0.0067,  0.0796, -0.0708,  0.0177, -0.0650, -0.0392,  0.0634, -0.0389,
        -0.0100, -0.0801,  0.0026,  0.0091, -0.0870, -0.0003,  0.0397,  0.0305,
         0.0793, -0.0859,  0.0737, -0.0431, -0.0702, -0.0823,  0.0653, -0.0629,
        -0.0010, -0.0475,  0.0322,  0.0281,  0.0586, -0.0755, -0.0866, -0.0593,
         0.0081,  0.0532,  0.0534, -0.0666,  0.0273, -0.0062,  0.0338, -0.0389],
       device='cuda:0') 
 Parameter containing:
tensor([ 0.0047,  0.0851, -0.0380,  0.0611, -0.0670,  0.0177, -0.0261, -0.0049,
        -0.0657,  0.0072, -0.0725,  0.0233,  0.0062, -0.0882,  0.0622,  0.0696,
         0.0749,  0.0290, -0.0438,  0.0171,  0.0595,  0.0674,  0.0744, -0.0224,
         0.0067,  0.0796, -0.0708,  0.0177, -0.0650, -0.0392,  0.0634, -0.0389,
        -0.0100, -0.0801,  0.0026,  0.0091, -0.0870, -0.0003,  0.0397,  0.0305,
         0.0793, -0.0859,  0.0737, -0.0431, -0.0702, -0.0823,  0.0653, -0.0629,
        -0.0010, -0.0475,  0.0322,  0.0281,  0.0586, -0.0755, -0.0866, -0.0593,
         0.0081,  0.0532,  0.0534, -0.0666,  0.0273, -0.0062,  0.0338, -0.0389],
       device='cuda:0', requires_grad=True)
parameters of the network fc4.weight 
 torch.Size([6796, 64]) 
 True 
 tensor([[ 0.0035,  0.0198,  0.1115,  ...,  0.0053,  0.1102,  0.1194],
        [-0.0960, -0.0233,  0.0303,  ..., -0.0729,  0.0539,  0.0387],
        [-0.0432, -0.0761,  0.0545,  ..., -0.0097, -0.0418,  0.0767],
        ...,
        [ 0.0100,  0.0262, -0.0011,  ..., -0.0759,  0.0392, -0.0081],
        [-0.1110,  0.0543,  0.0599,  ..., -0.0597, -0.0093,  0.0935],
        [ 0.1114,  0.0244, -0.0899,  ..., -0.1131,  0.1247, -0.1219]],
       device='cuda:0') 
 Parameter containing:
tensor([[ 0.0035,  0.0198,  0.1115,  ...,  0.0053,  0.1102,  0.1194],
        [-0.0960, -0.0233,  0.0303,  ..., -0.0729,  0.0539,  0.0387],
        [-0.0432, -0.0761,  0.0545,  ..., -0.0097, -0.0418,  0.0767],
        ...,
        [ 0.0100,  0.0262, -0.0011,  ..., -0.0759,  0.0392, -0.0081],
        [-0.1110,  0.0543,  0.0599,  ..., -0.0597, -0.0093,  0.0935],
        [ 0.1114,  0.0244, -0.0899,  ..., -0.1131,  0.1247, -0.1219]],
       device='cuda:0', requires_grad=True)
parameters of the network fc4.bias 
 torch.Size([6796]) 
 True 
 tensor([-0.0115,  0.0265,  0.0522,  ...,  0.0621,  0.1217,  0.0919],
       device='cuda:0') 
 Parameter containing:
tensor([-0.0115,  0.0265,  0.0522,  ...,  0.0621,  0.1217,  0.0919],
       device='cuda:0', requires_grad=True)

Passing event 10 from the network before training input tensor([[0., 0., 0.,  ..., 0., 0., 0.],
        [0., 0., 0.,  ..., 0., 0., 0.],
        [0., 0., 0.,  ..., 0., 0., 0.],
        ...,
        [0., 0., 0.,  ..., 0., 0., 0.],
        [0., 0., 0.,  ..., 0., 0., 0.],
        [0., 0., 0.,  ..., 0., 0., 0.]]) 
result1: tensor([[0.4996, 0.5015, 0.5132,  ..., 0.5125, 0.5296, 0.5301],
        [0.4995, 0.5015, 0.5132,  ..., 0.5125, 0.5297, 0.5302],
        [0.4996, 0.5015, 0.5132,  ..., 0.5125, 0.5297, 0.5301],
        ...,
        [0.4995, 0.5015, 0.5132,  ..., 0.5125, 0.5297, 0.5301],
        [0.4996, 0.5015, 0.5132,  ..., 0.5125, 0.5296, 0.5302],
        [0.4995, 0.5016, 0.5132,  ..., 0.5125, 0.5297, 0.5302]],
       device='cuda:0', grad_fn=<SigmoidBackward0>) 
result1.shape: torch.Size([20, 6796])
Traceback (most recent call last):
  File "/hpcfs/bes/mlgpu/hoseinkk/MLTracking/otherparticles/pppipi/pyt_pppipi_cnn_1/./Model.py", line 124, in <module>
    result2 = net(batten)
  File "/hpcfs/bes/mlgpu/hoseinkk/Miniconda3/envs/dgl1/lib/python3.9/site-packages/torch/nn/modules/module.py", line 1102, in _call_impl
    return forward_call(*input, **kwargs)
  File "/hpcfs/bes/mlgpu/hoseinkk/MLTracking/otherparticles/pppipi/pyt_pppipi_cnn_1/./Model.py", line 27, in forward
    x = F.relu(self.conv1(x))
  File "/hpcfs/bes/mlgpu/hoseinkk/Miniconda3/envs/dgl1/lib/python3.9/site-packages/torch/nn/modules/module.py", line 1102, in _call_impl
    return forward_call(*input, **kwargs)
  File "/hpcfs/bes/mlgpu/hoseinkk/Miniconda3/envs/dgl1/lib/python3.9/site-packages/torch/nn/modules/conv.py", line 446, in forward
    return self._conv_forward(input, self.weight, self.bias)
  File "/hpcfs/bes/mlgpu/hoseinkk/Miniconda3/envs/dgl1/lib/python3.9/site-packages/torch/nn/modules/conv.py", line 442, in _conv_forward
    return F.conv2d(input, weight, bias, self.stride,
RuntimeError: Input type (torch.FloatTensor) and weight type (torch.cuda.FloatTensor) should be the same or input should be a MKLDNN tensor and weight is a dense tensor

real	0m24.284s
user	0m10.562s
sys	0m6.283s
