0: gpu016.ihep.ac.cn
GPU 0: Tesla V100-SXM2-32GB (UUID: GPU-adc0bb57-5f8a-ba9d-04e2-dbaa9f7c20f1)
Allocate GPU cards : 0

modinfo:
filename:       /lib/modules/3.10.0-1160.71.1.el7.x86_64/extra/nvidia.ko.xz
firmware:       nvidia/515.65.01/gsp.bin
alias:          char-major-195-*
version:        515.65.01
supported:      external
license:        NVIDIA
retpoline:      Y
rhelversion:    7.9
srcversion:     8049D44E2C1B08F41E1B8A6
alias:          pci:v000010DEd*sv*sd*bc06sc80i00*
alias:          pci:v000010DEd*sv*sd*bc03sc02i00*
alias:          pci:v000010DEd*sv*sd*bc03sc00i00*
depends:        drm
vermagic:       3.10.0-1160.71.1.el7.x86_64 SMP mod_unload modversions 
signer:         DKMS module signing key
sig_key:        A2:17:1D:79:E5:47:38:13:77:F2:EE:66:EA:5D:DB:A0:A1:CA:F4:E7
sig_hashalgo:   sha512
parm:           NvSwitchRegDwords:NvSwitch regkey (charp)
parm:           NvSwitchBlacklist:NvSwitchBlacklist=uuid[,uuid...] (charp)
parm:           NVreg_ResmanDebugLevel:int
parm:           NVreg_RmLogonRC:int
parm:           NVreg_ModifyDeviceFiles:int
parm:           NVreg_DeviceFileUID:int
parm:           NVreg_DeviceFileGID:int
parm:           NVreg_DeviceFileMode:int
parm:           NVreg_InitializeSystemMemoryAllocations:int
parm:           NVreg_UsePageAttributeTable:int
parm:           NVreg_EnablePCIeGen3:int
parm:           NVreg_EnableMSI:int
parm:           NVreg_TCEBypassMode:int
parm:           NVreg_EnableStreamMemOPs:int
parm:           NVreg_RestrictProfilingToAdminUsers:int
parm:           NVreg_PreserveVideoMemoryAllocations:int
parm:           NVreg_EnableS0ixPowerManagement:int
parm:           NVreg_S0ixPowerManagementVideoMemoryThreshold:int
parm:           NVreg_DynamicPowerManagement:int
parm:           NVreg_DynamicPowerManagementVideoMemoryThreshold:int
parm:           NVreg_EnableGpuFirmware:int
parm:           NVreg_EnableGpuFirmwareLogs:int
parm:           NVreg_OpenRmEnableUnsupportedGpus:int
parm:           NVreg_EnableUserNUMAManagement:int
parm:           NVreg_MemoryPoolSize:int
parm:           NVreg_KMallocHeapMaxSize:int
parm:           NVreg_VMallocHeapMaxSize:int
parm:           NVreg_IgnoreMMIOCheck:int
parm:           NVreg_NvLinkDisable:int
parm:           NVreg_EnablePCIERelaxedOrderingMode:int
parm:           NVreg_RegisterPCIDriver:int
parm:           NVreg_EnableDbgBreakpoint:int
parm:           NVreg_RegistryDwords:charp
parm:           NVreg_RegistryDwordsPerDevice:charp
parm:           NVreg_RmMsg:charp
parm:           NVreg_GpuBlacklist:charp
parm:           NVreg_TemporaryFilePath:charp
parm:           NVreg_ExcludedGpus:charp
parm:           NVreg_DmaRemapPeerMmio:int
parm:           rm_firmware_active:charp

nvidia-smi:
Mon Aug 29 17:42:49 2022       
+-----------------------------------------------------------------------------+
| NVIDIA-SMI 515.65.01    Driver Version: 515.65.01    CUDA Version: 11.7     |
|-------------------------------+----------------------+----------------------+
| GPU  Name        Persistence-M| Bus-Id        Disp.A | Volatile Uncorr. ECC |
| Fan  Temp  Perf  Pwr:Usage/Cap|         Memory-Usage | GPU-Util  Compute M. |
|                               |                      |               MIG M. |
|===============================+======================+======================|
|   0  Tesla V100-SXM2...  On   | 00000000:1D:00.0 Off |                    0 |
| N/A   30C    P0    42W / 300W |      0MiB / 32768MiB |      0%      Default |
|                               |                      |                  N/A |
+-------------------------------+----------------------+----------------------+
                                                                               
+-----------------------------------------------------------------------------+
| Processes:                                                                  |
|  GPU   GI   CI        PID   Type   Process name                  GPU Memory |
|        ID   ID                                                   Usage      |
|=============================================================================|
|  No running processes found                                                 |
+-----------------------------------------------------------------------------+

nvcc --version:
nvcc: NVIDIA (R) Cuda compiler driver
Copyright (c) 2005-2021 NVIDIA Corporation
Built on Sun_Mar_21_19:15:46_PDT_2021
Cuda compilation tools, release 11.3, V11.3.58
Build cuda_11.3.r11.3/compiler.29745058_0

 torch version: 1.10.2

 cuda version: 11.3

 is cuda available: True

 CUDNN VERSION: 8200

 Number CUDA Devices: 1

 CUDA Device Name: Tesla V100-SXM2-32GB

 CUDA Device Total Memory [GB]: 34.089926656

 Device capability: (7, 0) 

 Cuda deviice: <torch.cuda.device object at 0x2afd3fde48e0> 

 Is cuda initialized: True

 CUDA_HOME: /hpcfs/bes/mlgpu/hoseinkk/Miniconda3/envs/dgl1

real	0m3.865s
user	0m2.457s
sys	0m0.676s
/hpcfs/bes/mlgpu/hoseinkk/Miniconda3/envs/dgl1/lib/python3.9/site-packages/cupy/_environment.py:438: UserWarning: 
--------------------------------------------------------------------------------

  CuPy may not function correctly because multiple CuPy packages are installed
  in your environment:

    cupy, cupy-cuda110

  Follow these steps to resolve this issue:

    1. For all packages listed above, run the following command to remove all
       existing CuPy installations:

         $ pip uninstall <package_name>

      If you previously installed CuPy via conda, also run the following:

         $ conda uninstall cupy

    2. Install the appropriate CuPy package.
       Refer to the Installation Guide for detailed instructions.

         https://docs.cupy.dev/en/stable/install.html

--------------------------------------------------------------------------------

  warnings.warn(f'''
/hpcfs/bes/mlgpu/hoseinkk/Miniconda3/envs/dgl1/lib/python3.9/site-packages/torch/nn/functional.py:1806: UserWarning: nn.functional.sigmoid is deprecated. Use torch.sigmoid instead.
  warnings.warn("nn.functional.sigmoid is deprecated. Use torch.sigmoid instead.")





 Loading data ... 



training set shape (20000, 43, 288) 
sum 5279207

target set shape (20000, 6796) 
sum 4575851




 The Network ... 


Net(
  (conv1): Conv2d(1, 256, kernel_size=(3, 3), stride=(1, 1))
  (conv2): Conv2d(256, 128, kernel_size=(3, 3), stride=(1, 1))
  (conv3): Conv2d(128, 64, kernel_size=(3, 3), stride=(1, 1))
  (fc1): Linear(in_features=667776, out_features=256, bias=True)
  (fc2): Linear(in_features=256, out_features=128, bias=True)
  (fc3): Linear(in_features=128, out_features=64, bias=True)
  (fc4): Linear(in_features=64, out_features=6796, bias=True)
)

number of the free parameters: 171805196
parameters of the network conv1.weight 
 torch.Size([256, 1, 3, 3]) 
 True 
 tensor([[[[ 1.1205e-02, -8.5835e-02,  3.2451e-01],
          [-4.0575e-02, -1.2112e-01,  2.1800e-01],
          [-2.6226e-04, -4.2684e-02,  3.2429e-01]]],


        [[[ 1.3198e-01, -6.8102e-02, -2.7717e-01],
          [ 1.0481e-01, -3.2742e-01,  2.7881e-01],
          [-2.5788e-01, -2.2028e-01, -3.0380e-01]]],


        [[[-1.6203e-01, -9.2577e-02,  2.3203e-01],
          [ 7.9458e-02, -1.1471e-01, -1.8543e-02],
          [ 7.6901e-02, -1.5101e-01, -1.8443e-01]]],


        ...,


        [[[-2.2719e-01, -5.2514e-02, -6.7147e-02],
          [ 2.0841e-01, -1.4916e-02,  2.8009e-01],
          [ 3.0921e-01, -1.2423e-01, -3.0219e-01]]],


        [[[-6.7830e-03,  2.0830e-01, -2.0552e-01],
          [-2.7645e-01, -8.2014e-02, -4.0578e-02],
          [ 3.0007e-01,  5.0896e-03,  4.5768e-02]]],


        [[[ 2.5205e-01, -6.3341e-02,  3.3129e-02],
          [ 3.2085e-01,  2.8243e-02, -1.2114e-02],
          [ 1.1342e-01,  6.7446e-02, -7.1786e-03]]]], device='cuda:0') 
 Parameter containing:
tensor([[[[ 1.1205e-02, -8.5835e-02,  3.2451e-01],
          [-4.0575e-02, -1.2112e-01,  2.1800e-01],
          [-2.6226e-04, -4.2684e-02,  3.2429e-01]]],


        [[[ 1.3198e-01, -6.8102e-02, -2.7717e-01],
          [ 1.0481e-01, -3.2742e-01,  2.7881e-01],
          [-2.5788e-01, -2.2028e-01, -3.0380e-01]]],


        [[[-1.6203e-01, -9.2577e-02,  2.3203e-01],
          [ 7.9458e-02, -1.1471e-01, -1.8543e-02],
          [ 7.6901e-02, -1.5101e-01, -1.8443e-01]]],


        ...,


        [[[-2.2719e-01, -5.2514e-02, -6.7147e-02],
          [ 2.0841e-01, -1.4916e-02,  2.8009e-01],
          [ 3.0921e-01, -1.2423e-01, -3.0219e-01]]],


        [[[-6.7830e-03,  2.0830e-01, -2.0552e-01],
          [-2.7645e-01, -8.2014e-02, -4.0578e-02],
          [ 3.0007e-01,  5.0896e-03,  4.5768e-02]]],


        [[[ 2.5205e-01, -6.3341e-02,  3.3129e-02],
          [ 3.2085e-01,  2.8243e-02, -1.2114e-02],
          [ 1.1342e-01,  6.7446e-02, -7.1786e-03]]]], device='cuda:0',
       requires_grad=True)
parameters of the network conv1.bias 
 torch.Size([256]) 
 True 
 tensor([ 0.3020, -0.1350, -0.0341, -0.2692, -0.1696,  0.2200, -0.0707, -0.2799,
         0.1338,  0.1468,  0.2668, -0.0445,  0.1291, -0.2695, -0.1856, -0.1861,
        -0.1923,  0.0108,  0.2997, -0.0984,  0.1727,  0.2123, -0.2017,  0.1394,
        -0.1576,  0.1977, -0.1982,  0.1669,  0.1607,  0.2033,  0.1807, -0.0334,
         0.1263, -0.1995, -0.0747, -0.0691, -0.1261, -0.0280, -0.1040,  0.2662,
         0.0493,  0.2316, -0.1779, -0.0097,  0.0692,  0.2300,  0.2790,  0.0976,
         0.2347, -0.1762, -0.1277,  0.2728,  0.1337,  0.2596, -0.0838, -0.1099,
         0.2115,  0.3187,  0.1279,  0.0375,  0.2065,  0.1581, -0.0522, -0.2686,
        -0.1318, -0.1364, -0.0920, -0.0968,  0.0242,  0.1391, -0.2639, -0.2555,
        -0.1461,  0.1654,  0.3112, -0.0014, -0.2299,  0.1590,  0.2991, -0.3302,
        -0.3277, -0.0901, -0.1445,  0.2675,  0.2024,  0.0710,  0.2379, -0.2045,
         0.2811, -0.0500,  0.2837, -0.1735, -0.1063, -0.1090, -0.2887,  0.1558,
        -0.3310,  0.0447,  0.0882, -0.1471,  0.0772, -0.2582, -0.0251, -0.0085,
         0.1238, -0.1556,  0.2394,  0.1330, -0.2311,  0.1861, -0.3007, -0.0343,
        -0.2029,  0.3213,  0.1032, -0.1001, -0.1519,  0.0234,  0.0718, -0.1879,
         0.2901, -0.2103,  0.3275, -0.0999,  0.2573,  0.2282,  0.1263,  0.0757,
         0.2888, -0.2603,  0.3175,  0.0658,  0.2586,  0.1463,  0.1314, -0.0428,
        -0.1244, -0.3016,  0.3096,  0.1650,  0.2189, -0.0057, -0.1782,  0.1102,
         0.3075, -0.2959,  0.2822,  0.0068, -0.1215,  0.0230, -0.2801,  0.1820,
         0.2598, -0.1300,  0.2553, -0.1720, -0.0724,  0.1177,  0.1018, -0.0613,
         0.3062,  0.1420, -0.3061, -0.0845,  0.3175,  0.1505, -0.0857,  0.2293,
         0.0399, -0.2951,  0.2471, -0.1737, -0.3050, -0.3160,  0.0424,  0.0621,
         0.1290,  0.1319,  0.0272, -0.2237,  0.0710, -0.0286, -0.3265,  0.3254,
         0.2010,  0.0734, -0.1159, -0.3212, -0.1859, -0.1539,  0.2737,  0.2656,
         0.0210,  0.0039, -0.0071,  0.1533, -0.2477,  0.1693,  0.0231,  0.1544,
         0.1336, -0.1781, -0.1783,  0.2931, -0.3103, -0.1490,  0.1580,  0.1457,
         0.1215,  0.2700, -0.0601,  0.2583, -0.0647,  0.2421,  0.1872,  0.2373,
         0.2295,  0.2589,  0.2784,  0.1068, -0.1520, -0.3045, -0.3270,  0.1399,
         0.2365, -0.2179,  0.2153,  0.3121,  0.1810,  0.3250, -0.2905, -0.0274,
         0.0710, -0.3077,  0.1792, -0.2139, -0.0802, -0.1909,  0.0112,  0.2800,
        -0.3056, -0.2652,  0.1079,  0.2837, -0.3295,  0.1729,  0.3030,  0.1849,
         0.3071, -0.1546,  0.1147, -0.1272, -0.0867,  0.2603, -0.2379,  0.0689],
       device='cuda:0') 
 Parameter containing:
tensor([ 0.3020, -0.1350, -0.0341, -0.2692, -0.1696,  0.2200, -0.0707, -0.2799,
         0.1338,  0.1468,  0.2668, -0.0445,  0.1291, -0.2695, -0.1856, -0.1861,
        -0.1923,  0.0108,  0.2997, -0.0984,  0.1727,  0.2123, -0.2017,  0.1394,
        -0.1576,  0.1977, -0.1982,  0.1669,  0.1607,  0.2033,  0.1807, -0.0334,
         0.1263, -0.1995, -0.0747, -0.0691, -0.1261, -0.0280, -0.1040,  0.2662,
         0.0493,  0.2316, -0.1779, -0.0097,  0.0692,  0.2300,  0.2790,  0.0976,
         0.2347, -0.1762, -0.1277,  0.2728,  0.1337,  0.2596, -0.0838, -0.1099,
         0.2115,  0.3187,  0.1279,  0.0375,  0.2065,  0.1581, -0.0522, -0.2686,
        -0.1318, -0.1364, -0.0920, -0.0968,  0.0242,  0.1391, -0.2639, -0.2555,
        -0.1461,  0.1654,  0.3112, -0.0014, -0.2299,  0.1590,  0.2991, -0.3302,
        -0.3277, -0.0901, -0.1445,  0.2675,  0.2024,  0.0710,  0.2379, -0.2045,
         0.2811, -0.0500,  0.2837, -0.1735, -0.1063, -0.1090, -0.2887,  0.1558,
        -0.3310,  0.0447,  0.0882, -0.1471,  0.0772, -0.2582, -0.0251, -0.0085,
         0.1238, -0.1556,  0.2394,  0.1330, -0.2311,  0.1861, -0.3007, -0.0343,
        -0.2029,  0.3213,  0.1032, -0.1001, -0.1519,  0.0234,  0.0718, -0.1879,
         0.2901, -0.2103,  0.3275, -0.0999,  0.2573,  0.2282,  0.1263,  0.0757,
         0.2888, -0.2603,  0.3175,  0.0658,  0.2586,  0.1463,  0.1314, -0.0428,
        -0.1244, -0.3016,  0.3096,  0.1650,  0.2189, -0.0057, -0.1782,  0.1102,
         0.3075, -0.2959,  0.2822,  0.0068, -0.1215,  0.0230, -0.2801,  0.1820,
         0.2598, -0.1300,  0.2553, -0.1720, -0.0724,  0.1177,  0.1018, -0.0613,
         0.3062,  0.1420, -0.3061, -0.0845,  0.3175,  0.1505, -0.0857,  0.2293,
         0.0399, -0.2951,  0.2471, -0.1737, -0.3050, -0.3160,  0.0424,  0.0621,
         0.1290,  0.1319,  0.0272, -0.2237,  0.0710, -0.0286, -0.3265,  0.3254,
         0.2010,  0.0734, -0.1159, -0.3212, -0.1859, -0.1539,  0.2737,  0.2656,
         0.0210,  0.0039, -0.0071,  0.1533, -0.2477,  0.1693,  0.0231,  0.1544,
         0.1336, -0.1781, -0.1783,  0.2931, -0.3103, -0.1490,  0.1580,  0.1457,
         0.1215,  0.2700, -0.0601,  0.2583, -0.0647,  0.2421,  0.1872,  0.2373,
         0.2295,  0.2589,  0.2784,  0.1068, -0.1520, -0.3045, -0.3270,  0.1399,
         0.2365, -0.2179,  0.2153,  0.3121,  0.1810,  0.3250, -0.2905, -0.0274,
         0.0710, -0.3077,  0.1792, -0.2139, -0.0802, -0.1909,  0.0112,  0.2800,
        -0.3056, -0.2652,  0.1079,  0.2837, -0.3295,  0.1729,  0.3030,  0.1849,
         0.3071, -0.1546,  0.1147, -0.1272, -0.0867,  0.2603, -0.2379,  0.0689],
       device='cuda:0', requires_grad=True)
parameters of the network conv2.weight 
 torch.Size([128, 256, 3, 3]) 
 True 
 tensor([[[[ 1.8179e-02,  5.9824e-04, -1.4301e-02],
          [-7.8257e-04, -9.5739e-03, -7.7583e-03],
          [-1.9220e-02, -3.8809e-03, -1.1644e-02]],

         [[ 6.0235e-03, -2.0246e-02,  1.7153e-02],
          [ 7.4727e-03,  1.8146e-02,  2.6300e-03],
          [ 1.4512e-02, -4.6108e-04, -1.1244e-02]],

         [[ 9.4823e-03, -1.9116e-02, -1.1161e-03],
          [-1.0746e-02, -7.1772e-03,  6.5543e-03],
          [-1.3231e-02, -1.1220e-02, -9.3593e-03]],

         ...,

         [[-1.9571e-04, -1.8337e-02, -1.6892e-02],
          [-1.1719e-02, -1.1185e-03,  2.2551e-03],
          [ 9.3474e-03, -2.3929e-04, -5.5478e-03]],

         [[ 3.8861e-03,  1.7145e-02,  1.7117e-02],
          [ 1.9744e-02, -2.0632e-02, -1.1385e-02],
          [ 4.7830e-04,  1.0895e-03,  9.4644e-03]],

         [[-6.4541e-03, -1.7625e-02, -4.8203e-03],
          [ 1.5236e-02, -1.1907e-02, -1.9862e-02],
          [ 4.6375e-04, -1.8335e-02,  1.2818e-02]]],


        [[[ 1.0140e-02,  5.9832e-03,  2.0616e-02],
          [ 1.0913e-02, -2.8229e-03,  8.5537e-03],
          [-1.4940e-02,  5.5264e-03, -1.7708e-03]],

         [[ 8.4605e-03,  6.6423e-03,  2.0446e-02],
          [ 1.8990e-02,  3.1422e-03,  5.5797e-03],
          [ 2.0595e-02, -1.7143e-02, -1.7540e-02]],

         [[ 1.0826e-02,  9.6202e-05, -1.6007e-03],
          [ 1.9537e-03,  3.7680e-03,  6.6537e-03],
          [-2.2879e-03, -5.9537e-03,  8.7255e-03]],

         ...,

         [[ 1.6157e-02, -4.6055e-03,  1.4258e-02],
          [-4.5755e-03,  1.6729e-02, -1.9430e-02],
          [-8.5995e-03,  2.0071e-02, -1.6700e-02]],

         [[ 1.6376e-02, -1.5483e-02,  1.0575e-03],
          [-7.3201e-03,  4.3501e-03, -1.6846e-02],
          [ 2.0187e-02,  1.1133e-02,  1.3212e-05]],

         [[ 7.8584e-03,  1.3812e-02,  8.8057e-03],
          [-6.1466e-03,  4.4594e-03,  1.0538e-02],
          [-1.9742e-02,  2.0815e-02, -1.5412e-02]]],


        [[[-1.1835e-02, -5.5409e-03, -5.6183e-03],
          [-8.8850e-03, -1.7474e-02, -6.3600e-03],
          [-1.0626e-02,  1.3942e-02, -1.0866e-02]],

         [[ 1.4805e-02, -3.5743e-03, -8.6019e-03],
          [ 1.9829e-02,  3.5208e-03,  1.4155e-02],
          [ 1.6394e-02,  3.2311e-03, -1.6081e-02]],

         [[ 9.2213e-03,  1.2656e-02, -1.1942e-02],
          [ 1.5488e-02,  1.1147e-02,  1.6103e-02],
          [ 1.4831e-03,  4.5464e-03, -1.3405e-02]],

         ...,

         [[ 3.1018e-03, -1.9617e-02, -1.2728e-02],
          [-1.0464e-02,  1.1242e-02,  3.3358e-03],
          [ 1.0261e-02, -1.1370e-02,  2.5635e-03]],

         [[-1.4265e-02, -4.4292e-04,  1.8917e-02],
          [-9.3777e-03, -3.8342e-04, -6.0769e-03],
          [-1.4175e-02, -1.1847e-02, -1.9216e-02]],

         [[-9.9204e-03,  1.0607e-02,  7.7175e-03],
          [-1.2164e-02, -1.7851e-02, -1.3862e-02],
          [-1.7597e-02,  1.4974e-03,  2.0535e-02]]],


        ...,


        [[[-5.2522e-03,  4.1784e-03, -1.1929e-02],
          [-1.7703e-02, -1.6803e-02, -2.0689e-02],
          [ 1.9614e-02, -4.2056e-03,  1.5966e-02]],

         [[-3.9420e-03,  6.1070e-04, -1.5652e-02],
          [ 1.7241e-02,  4.9546e-06, -1.2558e-02],
          [-1.3339e-02,  1.2429e-02, -1.7289e-02]],

         [[ 1.3785e-02,  3.9351e-03,  6.4306e-04],
          [-1.1788e-02,  2.4215e-03, -1.6048e-03],
          [ 1.8023e-02,  1.1089e-02,  1.3957e-02]],

         ...,

         [[ 1.6549e-02, -4.9392e-03,  2.7404e-03],
          [ 1.0981e-02, -1.7180e-02,  7.8669e-04],
          [-6.3168e-03,  7.5585e-03,  1.1807e-02]],

         [[-1.0371e-02, -1.0181e-03, -4.6352e-03],
          [-7.2033e-03,  3.4872e-03, -9.7123e-03],
          [-9.4040e-03,  7.6896e-03, -1.1267e-02]],

         [[-1.1092e-02, -1.4345e-02, -5.5392e-03],
          [ 9.3840e-03,  1.4974e-02,  1.5230e-02],
          [-1.1045e-03, -1.9574e-02, -2.0676e-02]]],


        [[[-1.5504e-02, -8.5054e-03, -1.5611e-02],
          [ 7.9681e-03,  1.5267e-02, -1.3087e-02],
          [-1.2046e-02, -6.3840e-03, -1.6928e-02]],

         [[ 1.8387e-02,  9.0326e-03,  8.8219e-03],
          [-4.8159e-04,  4.6143e-03,  1.6541e-02],
          [-4.9602e-03, -7.5850e-04,  1.1155e-02]],

         [[ 8.9440e-03,  2.5748e-03,  8.7010e-03],
          [-1.6806e-03, -4.2642e-03, -1.3822e-02],
          [-1.3191e-02,  2.9088e-03, -2.0499e-02]],

         ...,

         [[-2.6417e-03,  1.4870e-02, -1.2265e-02],
          [-7.7938e-03, -1.9795e-02,  1.3123e-04],
          [-1.6999e-02,  6.3684e-04, -3.9838e-03]],

         [[ 9.0572e-03,  1.7834e-02, -1.0663e-02],
          [ 1.1979e-02, -2.2591e-03,  8.0826e-03],
          [-1.8027e-02,  4.5749e-03, -7.9563e-03]],

         [[-1.0640e-03, -1.2693e-02,  1.0040e-03],
          [ 1.1108e-02,  4.1897e-03, -1.5619e-02],
          [ 6.6240e-03, -1.0552e-02,  1.9530e-02]]],


        [[[-6.7223e-03, -1.3816e-02,  1.4555e-03],
          [ 1.8613e-02,  4.1869e-03, -1.7757e-02],
          [ 1.4427e-02, -2.7299e-03,  8.9683e-03]],

         [[ 1.2026e-02,  1.7375e-02,  1.2418e-02],
          [-1.2588e-02,  1.0884e-02,  1.3492e-02],
          [-2.0103e-03,  1.7065e-02, -1.5862e-02]],

         [[ 1.7312e-02,  2.9808e-03, -1.8652e-02],
          [-2.0618e-02,  1.4686e-02,  8.6854e-03],
          [ 4.4807e-03, -1.1875e-02, -1.6634e-02]],

         ...,

         [[ 1.0374e-02, -3.3848e-03,  1.0291e-02],
          [-1.8384e-02,  3.0836e-03, -1.1173e-02],
          [ 3.3095e-03,  1.0689e-02,  1.6183e-02]],

         [[-1.1135e-02, -1.0250e-03,  1.6630e-03],
          [-3.1552e-03, -2.6854e-03, -2.2458e-03],
          [ 1.5022e-02, -9.9000e-03, -6.8657e-03]],

         [[-1.3009e-02, -2.1770e-03, -1.6664e-02],
          [-1.8852e-02,  8.0184e-03,  7.7094e-03],
          [ 1.2942e-02,  4.0814e-03,  1.4219e-02]]]], device='cuda:0') 
 Parameter containing:
tensor([[[[ 1.8179e-02,  5.9824e-04, -1.4301e-02],
          [-7.8257e-04, -9.5739e-03, -7.7583e-03],
          [-1.9220e-02, -3.8809e-03, -1.1644e-02]],

         [[ 6.0235e-03, -2.0246e-02,  1.7153e-02],
          [ 7.4727e-03,  1.8146e-02,  2.6300e-03],
          [ 1.4512e-02, -4.6108e-04, -1.1244e-02]],

         [[ 9.4823e-03, -1.9116e-02, -1.1161e-03],
          [-1.0746e-02, -7.1772e-03,  6.5543e-03],
          [-1.3231e-02, -1.1220e-02, -9.3593e-03]],

         ...,

         [[-1.9571e-04, -1.8337e-02, -1.6892e-02],
          [-1.1719e-02, -1.1185e-03,  2.2551e-03],
          [ 9.3474e-03, -2.3929e-04, -5.5478e-03]],

         [[ 3.8861e-03,  1.7145e-02,  1.7117e-02],
          [ 1.9744e-02, -2.0632e-02, -1.1385e-02],
          [ 4.7830e-04,  1.0895e-03,  9.4644e-03]],

         [[-6.4541e-03, -1.7625e-02, -4.8203e-03],
          [ 1.5236e-02, -1.1907e-02, -1.9862e-02],
          [ 4.6375e-04, -1.8335e-02,  1.2818e-02]]],


        [[[ 1.0140e-02,  5.9832e-03,  2.0616e-02],
          [ 1.0913e-02, -2.8229e-03,  8.5537e-03],
          [-1.4940e-02,  5.5264e-03, -1.7708e-03]],

         [[ 8.4605e-03,  6.6423e-03,  2.0446e-02],
          [ 1.8990e-02,  3.1422e-03,  5.5797e-03],
          [ 2.0595e-02, -1.7143e-02, -1.7540e-02]],

         [[ 1.0826e-02,  9.6202e-05, -1.6007e-03],
          [ 1.9537e-03,  3.7680e-03,  6.6537e-03],
          [-2.2879e-03, -5.9537e-03,  8.7255e-03]],

         ...,

         [[ 1.6157e-02, -4.6055e-03,  1.4258e-02],
          [-4.5755e-03,  1.6729e-02, -1.9430e-02],
          [-8.5995e-03,  2.0071e-02, -1.6700e-02]],

         [[ 1.6376e-02, -1.5483e-02,  1.0575e-03],
          [-7.3201e-03,  4.3501e-03, -1.6846e-02],
          [ 2.0187e-02,  1.1133e-02,  1.3212e-05]],

         [[ 7.8584e-03,  1.3812e-02,  8.8057e-03],
          [-6.1466e-03,  4.4594e-03,  1.0538e-02],
          [-1.9742e-02,  2.0815e-02, -1.5412e-02]]],


        [[[-1.1835e-02, -5.5409e-03, -5.6183e-03],
          [-8.8850e-03, -1.7474e-02, -6.3600e-03],
          [-1.0626e-02,  1.3942e-02, -1.0866e-02]],

         [[ 1.4805e-02, -3.5743e-03, -8.6019e-03],
          [ 1.9829e-02,  3.5208e-03,  1.4155e-02],
          [ 1.6394e-02,  3.2311e-03, -1.6081e-02]],

         [[ 9.2213e-03,  1.2656e-02, -1.1942e-02],
          [ 1.5488e-02,  1.1147e-02,  1.6103e-02],
          [ 1.4831e-03,  4.5464e-03, -1.3405e-02]],

         ...,

         [[ 3.1018e-03, -1.9617e-02, -1.2728e-02],
          [-1.0464e-02,  1.1242e-02,  3.3358e-03],
          [ 1.0261e-02, -1.1370e-02,  2.5635e-03]],

         [[-1.4265e-02, -4.4292e-04,  1.8917e-02],
          [-9.3777e-03, -3.8342e-04, -6.0769e-03],
          [-1.4175e-02, -1.1847e-02, -1.9216e-02]],

         [[-9.9204e-03,  1.0607e-02,  7.7175e-03],
          [-1.2164e-02, -1.7851e-02, -1.3862e-02],
          [-1.7597e-02,  1.4974e-03,  2.0535e-02]]],


        ...,


        [[[-5.2522e-03,  4.1784e-03, -1.1929e-02],
          [-1.7703e-02, -1.6803e-02, -2.0689e-02],
          [ 1.9614e-02, -4.2056e-03,  1.5966e-02]],

         [[-3.9420e-03,  6.1070e-04, -1.5652e-02],
          [ 1.7241e-02,  4.9546e-06, -1.2558e-02],
          [-1.3339e-02,  1.2429e-02, -1.7289e-02]],

         [[ 1.3785e-02,  3.9351e-03,  6.4306e-04],
          [-1.1788e-02,  2.4215e-03, -1.6048e-03],
          [ 1.8023e-02,  1.1089e-02,  1.3957e-02]],

         ...,

         [[ 1.6549e-02, -4.9392e-03,  2.7404e-03],
          [ 1.0981e-02, -1.7180e-02,  7.8669e-04],
          [-6.3168e-03,  7.5585e-03,  1.1807e-02]],

         [[-1.0371e-02, -1.0181e-03, -4.6352e-03],
          [-7.2033e-03,  3.4872e-03, -9.7123e-03],
          [-9.4040e-03,  7.6896e-03, -1.1267e-02]],

         [[-1.1092e-02, -1.4345e-02, -5.5392e-03],
          [ 9.3840e-03,  1.4974e-02,  1.5230e-02],
          [-1.1045e-03, -1.9574e-02, -2.0676e-02]]],


        [[[-1.5504e-02, -8.5054e-03, -1.5611e-02],
          [ 7.9681e-03,  1.5267e-02, -1.3087e-02],
          [-1.2046e-02, -6.3840e-03, -1.6928e-02]],

         [[ 1.8387e-02,  9.0326e-03,  8.8219e-03],
          [-4.8159e-04,  4.6143e-03,  1.6541e-02],
          [-4.9602e-03, -7.5850e-04,  1.1155e-02]],

         [[ 8.9440e-03,  2.5748e-03,  8.7010e-03],
          [-1.6806e-03, -4.2642e-03, -1.3822e-02],
          [-1.3191e-02,  2.9088e-03, -2.0499e-02]],

         ...,

         [[-2.6417e-03,  1.4870e-02, -1.2265e-02],
          [-7.7938e-03, -1.9795e-02,  1.3123e-04],
          [-1.6999e-02,  6.3684e-04, -3.9838e-03]],

         [[ 9.0572e-03,  1.7834e-02, -1.0663e-02],
          [ 1.1979e-02, -2.2591e-03,  8.0826e-03],
          [-1.8027e-02,  4.5749e-03, -7.9563e-03]],

         [[-1.0640e-03, -1.2693e-02,  1.0040e-03],
          [ 1.1108e-02,  4.1897e-03, -1.5619e-02],
          [ 6.6240e-03, -1.0552e-02,  1.9530e-02]]],


        [[[-6.7223e-03, -1.3816e-02,  1.4555e-03],
          [ 1.8613e-02,  4.1869e-03, -1.7757e-02],
          [ 1.4427e-02, -2.7299e-03,  8.9683e-03]],

         [[ 1.2026e-02,  1.7375e-02,  1.2418e-02],
          [-1.2588e-02,  1.0884e-02,  1.3492e-02],
          [-2.0103e-03,  1.7065e-02, -1.5862e-02]],

         [[ 1.7312e-02,  2.9808e-03, -1.8652e-02],
          [-2.0618e-02,  1.4686e-02,  8.6854e-03],
          [ 4.4807e-03, -1.1875e-02, -1.6634e-02]],

         ...,

         [[ 1.0374e-02, -3.3848e-03,  1.0291e-02],
          [-1.8384e-02,  3.0836e-03, -1.1173e-02],
          [ 3.3095e-03,  1.0689e-02,  1.6183e-02]],

         [[-1.1135e-02, -1.0250e-03,  1.6630e-03],
          [-3.1552e-03, -2.6854e-03, -2.2458e-03],
          [ 1.5022e-02, -9.9000e-03, -6.8657e-03]],

         [[-1.3009e-02, -2.1770e-03, -1.6664e-02],
          [-1.8852e-02,  8.0184e-03,  7.7094e-03],
          [ 1.2942e-02,  4.0814e-03,  1.4219e-02]]]], device='cuda:0',
       requires_grad=True)
parameters of the network conv2.bias 
 torch.Size([128]) 
 True 
 tensor([ 0.0018, -0.0153,  0.0175, -0.0026,  0.0186, -0.0009,  0.0014, -0.0151,
         0.0042,  0.0124,  0.0108,  0.0064, -0.0067,  0.0160,  0.0091, -0.0050,
        -0.0164,  0.0174, -0.0064, -0.0132,  0.0138,  0.0124, -0.0074, -0.0120,
        -0.0004,  0.0199,  0.0179, -0.0052,  0.0031, -0.0087, -0.0033, -0.0048,
        -0.0155,  0.0073, -0.0012,  0.0039, -0.0065, -0.0107, -0.0147,  0.0119,
        -0.0141, -0.0048, -0.0101, -0.0033, -0.0005,  0.0127, -0.0205, -0.0136,
         0.0031,  0.0188,  0.0139, -0.0052, -0.0129, -0.0098, -0.0120,  0.0093,
        -0.0122, -0.0193, -0.0150,  0.0033,  0.0008,  0.0183,  0.0153,  0.0099,
         0.0165,  0.0076,  0.0045, -0.0119, -0.0021, -0.0067, -0.0208, -0.0128,
         0.0195, -0.0036,  0.0110,  0.0166, -0.0033, -0.0055,  0.0123, -0.0056,
        -0.0035,  0.0030,  0.0082, -0.0198,  0.0173, -0.0151, -0.0081,  0.0020,
         0.0153,  0.0134, -0.0011,  0.0076, -0.0093, -0.0099,  0.0102, -0.0190,
         0.0113,  0.0034, -0.0175,  0.0144, -0.0189,  0.0048, -0.0093, -0.0205,
         0.0105, -0.0118,  0.0074,  0.0082, -0.0206, -0.0058, -0.0101,  0.0034,
         0.0131, -0.0141, -0.0204, -0.0063, -0.0009, -0.0100, -0.0096, -0.0027,
         0.0186, -0.0105, -0.0034, -0.0123,  0.0069, -0.0019, -0.0185, -0.0108],
       device='cuda:0') 
 Parameter containing:
tensor([ 0.0018, -0.0153,  0.0175, -0.0026,  0.0186, -0.0009,  0.0014, -0.0151,
         0.0042,  0.0124,  0.0108,  0.0064, -0.0067,  0.0160,  0.0091, -0.0050,
        -0.0164,  0.0174, -0.0064, -0.0132,  0.0138,  0.0124, -0.0074, -0.0120,
        -0.0004,  0.0199,  0.0179, -0.0052,  0.0031, -0.0087, -0.0033, -0.0048,
        -0.0155,  0.0073, -0.0012,  0.0039, -0.0065, -0.0107, -0.0147,  0.0119,
        -0.0141, -0.0048, -0.0101, -0.0033, -0.0005,  0.0127, -0.0205, -0.0136,
         0.0031,  0.0188,  0.0139, -0.0052, -0.0129, -0.0098, -0.0120,  0.0093,
        -0.0122, -0.0193, -0.0150,  0.0033,  0.0008,  0.0183,  0.0153,  0.0099,
         0.0165,  0.0076,  0.0045, -0.0119, -0.0021, -0.0067, -0.0208, -0.0128,
         0.0195, -0.0036,  0.0110,  0.0166, -0.0033, -0.0055,  0.0123, -0.0056,
        -0.0035,  0.0030,  0.0082, -0.0198,  0.0173, -0.0151, -0.0081,  0.0020,
         0.0153,  0.0134, -0.0011,  0.0076, -0.0093, -0.0099,  0.0102, -0.0190,
         0.0113,  0.0034, -0.0175,  0.0144, -0.0189,  0.0048, -0.0093, -0.0205,
         0.0105, -0.0118,  0.0074,  0.0082, -0.0206, -0.0058, -0.0101,  0.0034,
         0.0131, -0.0141, -0.0204, -0.0063, -0.0009, -0.0100, -0.0096, -0.0027,
         0.0186, -0.0105, -0.0034, -0.0123,  0.0069, -0.0019, -0.0185, -0.0108],
       device='cuda:0', requires_grad=True)
parameters of the network conv3.weight 
 torch.Size([64, 128, 3, 3]) 
 True 
 tensor([[[[ 2.1466e-02, -2.1312e-02, -4.8544e-03],
          [ 4.6079e-03, -1.1157e-02, -8.1525e-03],
          [ 2.2253e-02,  2.0376e-02,  2.3594e-02]],

         [[ 2.3658e-02,  1.9970e-02, -2.6279e-02],
          [ 1.8626e-02,  2.6586e-02,  2.8658e-02],
          [-2.9312e-02,  1.5023e-02,  1.1725e-02]],

         [[ 3.4263e-03, -6.6898e-03, -1.4607e-02],
          [-5.5247e-03, -1.2009e-02,  4.2968e-03],
          [ 2.5040e-02, -6.4693e-03, -5.5106e-04]],

         ...,

         [[ 1.1604e-02, -6.9288e-03,  1.7320e-02],
          [ 2.3824e-02,  2.2665e-02, -2.4727e-02],
          [-2.3194e-02,  2.0865e-02, -4.2361e-04]],

         [[ 2.3906e-02, -2.8733e-02,  6.2414e-03],
          [ 9.6550e-03, -8.2505e-03,  2.9462e-02],
          [-2.4714e-02,  2.9018e-02, -2.5648e-02]],

         [[ 1.0504e-02, -1.2781e-02,  1.9901e-02],
          [-2.0252e-02, -6.2141e-03,  1.7586e-02],
          [ 1.2689e-02, -1.2926e-02,  5.5912e-03]]],


        [[[-2.7770e-02, -1.0499e-03, -1.8688e-02],
          [-1.9762e-03,  2.7884e-02,  2.8873e-02],
          [ 2.7473e-02, -3.3195e-03,  1.2189e-02]],

         [[ 1.9871e-02, -2.1976e-02, -2.3637e-02],
          [-6.4248e-03,  1.4613e-02,  6.5231e-03],
          [ 1.2517e-02,  2.4546e-02,  1.4883e-02]],

         [[ 1.2675e-03,  3.8867e-03,  2.6010e-02],
          [ 4.0094e-03, -1.6647e-02,  4.9851e-03],
          [-1.7768e-02, -2.5570e-03, -1.5906e-02]],

         ...,

         [[-1.6347e-02, -2.6776e-02, -9.0221e-03],
          [ 8.9126e-03, -1.0064e-02,  2.1818e-02],
          [ 2.7097e-02,  1.0009e-02, -1.1061e-04]],

         [[-1.4419e-03, -2.5414e-02, -1.9694e-02],
          [ 1.2419e-02, -9.6056e-04, -1.1525e-03],
          [ 1.4460e-02,  1.6973e-02,  2.3190e-02]],

         [[-9.4754e-03, -2.7235e-02, -7.3763e-03],
          [ 2.7235e-02, -1.2247e-02,  2.0328e-02],
          [ 9.8314e-03,  2.4668e-03,  2.4920e-02]]],


        [[[ 1.2604e-02, -5.6748e-03, -1.4654e-02],
          [ 1.1094e-02,  5.4477e-03,  1.8780e-02],
          [-1.3067e-02,  2.2228e-02,  2.6351e-02]],

         [[-5.0315e-03,  2.5727e-02, -1.5966e-02],
          [-2.3020e-02,  2.5266e-02,  1.2357e-02],
          [ 2.9184e-02,  1.3218e-02,  2.6869e-02]],

         [[-8.5194e-03, -2.3365e-02,  2.3140e-02],
          [-1.4056e-02,  2.6052e-02, -2.1237e-03],
          [-2.1689e-02,  1.7808e-02, -5.3453e-05]],

         ...,

         [[-1.6256e-02, -2.0262e-02, -2.3780e-03],
          [ 5.2888e-03,  4.3393e-03, -5.3820e-03],
          [-9.0132e-03, -2.0922e-02,  4.7621e-03]],

         [[-1.7010e-02, -2.2784e-02,  2.5050e-02],
          [-8.4726e-03,  1.6363e-02, -2.5484e-02],
          [ 1.6741e-02,  2.3743e-03, -1.4942e-02]],

         [[ 1.1936e-02, -1.3487e-02, -2.4270e-02],
          [-1.6938e-02,  1.7246e-02, -2.2056e-02],
          [-2.6378e-02, -2.0431e-02, -2.3119e-02]]],


        ...,


        [[[ 8.3080e-03, -5.7190e-03, -1.4695e-02],
          [ 5.6456e-03, -2.0656e-02, -1.5502e-02],
          [ 2.6792e-02,  2.2503e-02, -1.3161e-02]],

         [[ 2.8943e-02, -1.9866e-02,  2.3546e-02],
          [ 1.5450e-02,  9.3715e-03, -3.3889e-03],
          [-1.4643e-02, -5.3090e-03,  1.0314e-02]],

         [[ 2.0506e-02, -1.1509e-02, -1.1743e-02],
          [-1.4388e-02, -1.9307e-02, -5.0082e-03],
          [ 1.7670e-02,  2.4802e-02,  2.8592e-02]],

         ...,

         [[-2.3199e-02, -1.7977e-02,  1.1404e-02],
          [ 6.9315e-03,  1.3822e-02, -2.2280e-02],
          [-1.5450e-02,  7.1470e-03, -2.1386e-02]],

         [[ 1.0679e-02, -1.7904e-02,  1.3301e-02],
          [-2.7554e-02,  2.1704e-02, -2.4573e-02],
          [-3.3202e-03,  2.1270e-02,  5.9602e-03]],

         [[ 1.5430e-02,  6.4043e-03,  6.2212e-03],
          [ 2.5923e-02, -1.0423e-02,  1.3061e-02],
          [-2.0251e-02, -6.7953e-03, -1.5875e-02]]],


        [[[ 4.3722e-03,  2.6647e-02,  4.6514e-03],
          [-2.4647e-02,  2.5707e-02, -9.2489e-03],
          [ 5.2398e-03,  1.9875e-02,  1.2853e-02]],

         [[-3.3292e-03, -1.8923e-02, -4.7589e-03],
          [-1.7076e-02,  2.0052e-02,  1.9218e-02],
          [-2.7470e-02,  2.2134e-02,  8.4122e-03]],

         [[ 1.3938e-02, -1.5825e-02,  7.0692e-03],
          [-1.3912e-02, -1.3838e-02,  1.9670e-02],
          [ 8.5493e-03,  4.4582e-03,  2.5681e-02]],

         ...,

         [[ 2.1756e-02, -3.0573e-03, -2.5124e-02],
          [-1.8140e-02, -1.3590e-03, -2.6723e-02],
          [ 2.4625e-02,  2.6734e-02,  8.9032e-03]],

         [[-5.1945e-03, -1.4718e-02, -2.4678e-03],
          [ 1.7571e-02, -4.9759e-03,  1.7790e-03],
          [ 4.0208e-03,  8.0830e-03, -1.1673e-02]],

         [[-2.6873e-02, -1.6329e-02,  4.6845e-03],
          [ 8.5197e-03, -3.1055e-03, -2.7488e-02],
          [-1.9685e-02, -1.1652e-02,  1.6107e-02]]],


        [[[-7.3290e-03, -4.0017e-03,  1.2164e-03],
          [-2.3950e-02,  2.4236e-02, -1.5415e-02],
          [-3.2717e-04,  1.6290e-02,  1.7473e-02]],

         [[-2.2488e-02,  1.1833e-02,  1.4429e-02],
          [-1.1594e-02, -7.0903e-03, -1.8027e-04],
          [ 1.2859e-04, -1.4154e-02, -2.1613e-02]],

         [[-1.7776e-02, -1.2479e-02,  4.4354e-03],
          [-5.0643e-04, -2.2610e-02, -1.6006e-02],
          [-1.2190e-03, -3.6697e-03, -2.0170e-02]],

         ...,

         [[-7.9331e-03, -2.3348e-02,  2.6373e-02],
          [-2.7217e-02, -4.7523e-03,  2.1150e-02],
          [ 2.0559e-03,  1.3122e-02,  8.9635e-03]],

         [[-4.8703e-03, -5.9352e-03, -1.5095e-03],
          [-1.5425e-02,  1.2406e-02, -3.7996e-04],
          [-1.9711e-03,  2.3817e-02,  3.1407e-04]],

         [[-2.5734e-02,  9.4645e-03,  1.2778e-02],
          [ 5.2837e-03,  8.1031e-03, -2.9284e-02],
          [ 1.7823e-02, -2.3070e-02, -2.5673e-02]]]], device='cuda:0') 
 Parameter containing:
tensor([[[[ 2.1466e-02, -2.1312e-02, -4.8544e-03],
          [ 4.6079e-03, -1.1157e-02, -8.1525e-03],
          [ 2.2253e-02,  2.0376e-02,  2.3594e-02]],

         [[ 2.3658e-02,  1.9970e-02, -2.6279e-02],
          [ 1.8626e-02,  2.6586e-02,  2.8658e-02],
          [-2.9312e-02,  1.5023e-02,  1.1725e-02]],

         [[ 3.4263e-03, -6.6898e-03, -1.4607e-02],
          [-5.5247e-03, -1.2009e-02,  4.2968e-03],
          [ 2.5040e-02, -6.4693e-03, -5.5106e-04]],

         ...,

         [[ 1.1604e-02, -6.9288e-03,  1.7320e-02],
          [ 2.3824e-02,  2.2665e-02, -2.4727e-02],
          [-2.3194e-02,  2.0865e-02, -4.2361e-04]],

         [[ 2.3906e-02, -2.8733e-02,  6.2414e-03],
          [ 9.6550e-03, -8.2505e-03,  2.9462e-02],
          [-2.4714e-02,  2.9018e-02, -2.5648e-02]],

         [[ 1.0504e-02, -1.2781e-02,  1.9901e-02],
          [-2.0252e-02, -6.2141e-03,  1.7586e-02],
          [ 1.2689e-02, -1.2926e-02,  5.5912e-03]]],


        [[[-2.7770e-02, -1.0499e-03, -1.8688e-02],
          [-1.9762e-03,  2.7884e-02,  2.8873e-02],
          [ 2.7473e-02, -3.3195e-03,  1.2189e-02]],

         [[ 1.9871e-02, -2.1976e-02, -2.3637e-02],
          [-6.4248e-03,  1.4613e-02,  6.5231e-03],
          [ 1.2517e-02,  2.4546e-02,  1.4883e-02]],

         [[ 1.2675e-03,  3.8867e-03,  2.6010e-02],
          [ 4.0094e-03, -1.6647e-02,  4.9851e-03],
          [-1.7768e-02, -2.5570e-03, -1.5906e-02]],

         ...,

         [[-1.6347e-02, -2.6776e-02, -9.0221e-03],
          [ 8.9126e-03, -1.0064e-02,  2.1818e-02],
          [ 2.7097e-02,  1.0009e-02, -1.1061e-04]],

         [[-1.4419e-03, -2.5414e-02, -1.9694e-02],
          [ 1.2419e-02, -9.6056e-04, -1.1525e-03],
          [ 1.4460e-02,  1.6973e-02,  2.3190e-02]],

         [[-9.4754e-03, -2.7235e-02, -7.3763e-03],
          [ 2.7235e-02, -1.2247e-02,  2.0328e-02],
          [ 9.8314e-03,  2.4668e-03,  2.4920e-02]]],


        [[[ 1.2604e-02, -5.6748e-03, -1.4654e-02],
          [ 1.1094e-02,  5.4477e-03,  1.8780e-02],
          [-1.3067e-02,  2.2228e-02,  2.6351e-02]],

         [[-5.0315e-03,  2.5727e-02, -1.5966e-02],
          [-2.3020e-02,  2.5266e-02,  1.2357e-02],
          [ 2.9184e-02,  1.3218e-02,  2.6869e-02]],

         [[-8.5194e-03, -2.3365e-02,  2.3140e-02],
          [-1.4056e-02,  2.6052e-02, -2.1237e-03],
          [-2.1689e-02,  1.7808e-02, -5.3453e-05]],

         ...,

         [[-1.6256e-02, -2.0262e-02, -2.3780e-03],
          [ 5.2888e-03,  4.3393e-03, -5.3820e-03],
          [-9.0132e-03, -2.0922e-02,  4.7621e-03]],

         [[-1.7010e-02, -2.2784e-02,  2.5050e-02],
          [-8.4726e-03,  1.6363e-02, -2.5484e-02],
          [ 1.6741e-02,  2.3743e-03, -1.4942e-02]],

         [[ 1.1936e-02, -1.3487e-02, -2.4270e-02],
          [-1.6938e-02,  1.7246e-02, -2.2056e-02],
          [-2.6378e-02, -2.0431e-02, -2.3119e-02]]],


        ...,


        [[[ 8.3080e-03, -5.7190e-03, -1.4695e-02],
          [ 5.6456e-03, -2.0656e-02, -1.5502e-02],
          [ 2.6792e-02,  2.2503e-02, -1.3161e-02]],

         [[ 2.8943e-02, -1.9866e-02,  2.3546e-02],
          [ 1.5450e-02,  9.3715e-03, -3.3889e-03],
          [-1.4643e-02, -5.3090e-03,  1.0314e-02]],

         [[ 2.0506e-02, -1.1509e-02, -1.1743e-02],
          [-1.4388e-02, -1.9307e-02, -5.0082e-03],
          [ 1.7670e-02,  2.4802e-02,  2.8592e-02]],

         ...,

         [[-2.3199e-02, -1.7977e-02,  1.1404e-02],
          [ 6.9315e-03,  1.3822e-02, -2.2280e-02],
          [-1.5450e-02,  7.1470e-03, -2.1386e-02]],

         [[ 1.0679e-02, -1.7904e-02,  1.3301e-02],
          [-2.7554e-02,  2.1704e-02, -2.4573e-02],
          [-3.3202e-03,  2.1270e-02,  5.9602e-03]],

         [[ 1.5430e-02,  6.4043e-03,  6.2212e-03],
          [ 2.5923e-02, -1.0423e-02,  1.3061e-02],
          [-2.0251e-02, -6.7953e-03, -1.5875e-02]]],


        [[[ 4.3722e-03,  2.6647e-02,  4.6514e-03],
          [-2.4647e-02,  2.5707e-02, -9.2489e-03],
          [ 5.2398e-03,  1.9875e-02,  1.2853e-02]],

         [[-3.3292e-03, -1.8923e-02, -4.7589e-03],
          [-1.7076e-02,  2.0052e-02,  1.9218e-02],
          [-2.7470e-02,  2.2134e-02,  8.4122e-03]],

         [[ 1.3938e-02, -1.5825e-02,  7.0692e-03],
          [-1.3912e-02, -1.3838e-02,  1.9670e-02],
          [ 8.5493e-03,  4.4582e-03,  2.5681e-02]],

         ...,

         [[ 2.1756e-02, -3.0573e-03, -2.5124e-02],
          [-1.8140e-02, -1.3590e-03, -2.6723e-02],
          [ 2.4625e-02,  2.6734e-02,  8.9032e-03]],

         [[-5.1945e-03, -1.4718e-02, -2.4678e-03],
          [ 1.7571e-02, -4.9759e-03,  1.7790e-03],
          [ 4.0208e-03,  8.0830e-03, -1.1673e-02]],

         [[-2.6873e-02, -1.6329e-02,  4.6845e-03],
          [ 8.5197e-03, -3.1055e-03, -2.7488e-02],
          [-1.9685e-02, -1.1652e-02,  1.6107e-02]]],


        [[[-7.3290e-03, -4.0017e-03,  1.2164e-03],
          [-2.3950e-02,  2.4236e-02, -1.5415e-02],
          [-3.2717e-04,  1.6290e-02,  1.7473e-02]],

         [[-2.2488e-02,  1.1833e-02,  1.4429e-02],
          [-1.1594e-02, -7.0903e-03, -1.8027e-04],
          [ 1.2859e-04, -1.4154e-02, -2.1613e-02]],

         [[-1.7776e-02, -1.2479e-02,  4.4354e-03],
          [-5.0643e-04, -2.2610e-02, -1.6006e-02],
          [-1.2190e-03, -3.6697e-03, -2.0170e-02]],

         ...,

         [[-7.9331e-03, -2.3348e-02,  2.6373e-02],
          [-2.7217e-02, -4.7523e-03,  2.1150e-02],
          [ 2.0559e-03,  1.3122e-02,  8.9635e-03]],

         [[-4.8703e-03, -5.9352e-03, -1.5095e-03],
          [-1.5425e-02,  1.2406e-02, -3.7996e-04],
          [-1.9711e-03,  2.3817e-02,  3.1407e-04]],

         [[-2.5734e-02,  9.4645e-03,  1.2778e-02],
          [ 5.2837e-03,  8.1031e-03, -2.9284e-02],
          [ 1.7823e-02, -2.3070e-02, -2.5673e-02]]]], device='cuda:0',
       requires_grad=True)
parameters of the network conv3.bias 
 torch.Size([64]) 
 True 
 tensor([-0.0049,  0.0143, -0.0052, -0.0287,  0.0291,  0.0014,  0.0134, -0.0070,
         0.0028, -0.0022, -0.0152, -0.0213,  0.0217, -0.0244, -0.0215, -0.0170,
         0.0233, -0.0086, -0.0021,  0.0081, -0.0170,  0.0059, -0.0028,  0.0210,
        -0.0147,  0.0198, -0.0072,  0.0049, -0.0099, -0.0127,  0.0250, -0.0269,
        -0.0287, -0.0069,  0.0199,  0.0206, -0.0279, -0.0148, -0.0019,  0.0043,
        -0.0061, -0.0160, -0.0294,  0.0209,  0.0199, -0.0103,  0.0176,  0.0221,
        -0.0056,  0.0130, -0.0287,  0.0217, -0.0098, -0.0202,  0.0273,  0.0212,
        -0.0009,  0.0089,  0.0259, -0.0145,  0.0233,  0.0129, -0.0214, -0.0255],
       device='cuda:0') 
 Parameter containing:
tensor([-0.0049,  0.0143, -0.0052, -0.0287,  0.0291,  0.0014,  0.0134, -0.0070,
         0.0028, -0.0022, -0.0152, -0.0213,  0.0217, -0.0244, -0.0215, -0.0170,
         0.0233, -0.0086, -0.0021,  0.0081, -0.0170,  0.0059, -0.0028,  0.0210,
        -0.0147,  0.0198, -0.0072,  0.0049, -0.0099, -0.0127,  0.0250, -0.0269,
        -0.0287, -0.0069,  0.0199,  0.0206, -0.0279, -0.0148, -0.0019,  0.0043,
        -0.0061, -0.0160, -0.0294,  0.0209,  0.0199, -0.0103,  0.0176,  0.0221,
        -0.0056,  0.0130, -0.0287,  0.0217, -0.0098, -0.0202,  0.0273,  0.0212,
        -0.0009,  0.0089,  0.0259, -0.0145,  0.0233,  0.0129, -0.0214, -0.0255],
       device='cuda:0', requires_grad=True)
parameters of the network fc1.weight 
 torch.Size([256, 667776]) 
 True 
 tensor([[ 2.5430e-04,  8.7068e-04,  7.8587e-04,  ...,  6.0976e-05,
         -9.7290e-04,  7.0015e-04],
        [ 4.7739e-04,  6.3570e-04, -3.6444e-04,  ...,  8.2789e-04,
         -1.0817e-03,  5.2006e-05],
        [-9.0568e-04, -6.3526e-04,  9.9919e-04,  ...,  3.6510e-04,
          5.2141e-04,  2.2374e-04],
        ...,
        [ 3.6096e-04, -1.6796e-04, -3.9185e-04,  ..., -6.7434e-04,
         -9.3149e-04,  1.5555e-06],
        [-6.0321e-04, -1.2124e-03,  7.3468e-04,  ..., -3.2654e-04,
         -1.4234e-04,  4.0097e-04],
        [-2.8439e-04, -6.6710e-04, -9.0358e-04,  ..., -1.1927e-03,
          6.2885e-04,  4.9191e-04]], device='cuda:0') 
 Parameter containing:
tensor([[ 2.5430e-04,  8.7068e-04,  7.8587e-04,  ...,  6.0976e-05,
         -9.7290e-04,  7.0015e-04],
        [ 4.7739e-04,  6.3570e-04, -3.6444e-04,  ...,  8.2789e-04,
         -1.0817e-03,  5.2006e-05],
        [-9.0568e-04, -6.3526e-04,  9.9919e-04,  ...,  3.6510e-04,
          5.2141e-04,  2.2374e-04],
        ...,
        [ 3.6096e-04, -1.6796e-04, -3.9185e-04,  ..., -6.7434e-04,
         -9.3149e-04,  1.5555e-06],
        [-6.0321e-04, -1.2124e-03,  7.3468e-04,  ..., -3.2654e-04,
         -1.4234e-04,  4.0097e-04],
        [-2.8439e-04, -6.6710e-04, -9.0358e-04,  ..., -1.1927e-03,
          6.2885e-04,  4.9191e-04]], device='cuda:0', requires_grad=True)
parameters of the network fc1.bias 
 torch.Size([256]) 
 True 
 tensor([ 1.1174e-03, -1.0631e-03,  6.4083e-04, -8.2148e-04,  3.3720e-04,
         1.1268e-03,  3.9684e-04,  1.0243e-04, -3.5824e-04, -2.6590e-04,
        -3.2353e-04,  5.7536e-04,  4.5992e-04, -2.6700e-04, -4.3164e-04,
         6.2765e-04, -2.9154e-04, -7.3611e-04,  1.9838e-04,  1.0105e-03,
         2.4105e-04,  5.7952e-04, -4.3490e-04, -7.7423e-04, -4.0857e-04,
        -1.1505e-03,  8.9205e-05,  5.7626e-04, -7.5544e-04,  9.1599e-04,
         1.0701e-03,  5.9872e-04,  8.8904e-05,  7.1959e-04, -9.7929e-04,
        -1.0040e-03, -2.8530e-04, -6.5491e-04,  1.1798e-03,  1.0342e-03,
        -6.3970e-04,  6.1405e-04,  9.7596e-04,  8.5000e-04, -3.6640e-04,
        -9.9637e-04, -1.0655e-03,  9.0663e-04, -3.1945e-04,  7.3143e-05,
        -1.1364e-03,  4.6981e-04, -1.8318e-04,  8.4265e-04,  6.9919e-05,
        -7.6074e-04,  8.6241e-06,  6.2096e-04, -1.0982e-03,  8.5882e-04,
         1.6820e-04, -1.0150e-03, -1.0523e-03,  5.3685e-04, -4.3364e-05,
        -6.2586e-04, -3.7178e-04, -1.1332e-03,  1.9848e-04, -5.1566e-04,
        -6.5223e-04, -6.4231e-04, -6.9792e-04, -8.9244e-04,  5.8509e-04,
         7.2173e-04,  1.1119e-03,  2.3756e-04, -9.7023e-04,  6.9771e-04,
         6.9825e-04,  3.8941e-04,  9.0677e-04,  1.5037e-05, -1.1710e-03,
         9.1489e-04,  5.0643e-04, -5.5760e-04,  1.0808e-03,  2.4829e-04,
        -1.1547e-03,  6.9898e-05,  3.2898e-05, -8.3950e-04, -5.6852e-04,
         2.9724e-04,  8.4132e-04,  9.9125e-04,  5.4694e-04, -4.6161e-04,
         3.1767e-04, -1.1889e-03,  1.0818e-03, -8.8030e-04,  7.3634e-04,
         3.5720e-04,  2.2249e-04, -1.2118e-04,  6.5549e-04,  3.3913e-04,
         4.7935e-04,  1.7814e-04,  1.0433e-03, -8.2650e-04,  3.0268e-05,
        -1.0048e-03,  4.3846e-04, -6.7333e-04, -8.3098e-04,  4.9838e-04,
         4.3896e-04,  6.6307e-04, -8.3160e-04,  7.1951e-04,  6.8531e-04,
        -1.1181e-03,  7.6298e-04,  1.1523e-03, -3.3750e-04, -3.4713e-04,
         1.2054e-03, -6.6527e-04,  3.8403e-04,  8.2713e-04, -3.3227e-04,
         6.0344e-04, -1.1649e-04, -3.9857e-04,  7.8765e-04,  8.4514e-04,
        -8.7675e-04, -8.1301e-05,  1.1644e-03, -6.4416e-05,  2.5440e-05,
         1.1096e-03,  1.0271e-03,  8.3924e-04,  1.1243e-03,  7.0330e-04,
        -3.8546e-04, -7.1642e-04, -9.7041e-04,  1.6150e-04,  1.1173e-04,
        -6.8620e-05, -1.7795e-04, -7.4262e-04,  4.1669e-04,  2.8471e-04,
        -2.2486e-04, -1.1503e-04,  9.7745e-04, -1.6877e-04,  4.3768e-04,
        -5.1348e-04,  4.9228e-04,  8.6966e-04,  8.0348e-04, -8.0118e-04,
         1.5953e-04,  1.0778e-03,  1.4772e-04,  1.0436e-03,  2.9258e-04,
        -4.8156e-04,  8.5286e-04,  2.1951e-04, -1.0203e-03,  8.5232e-04,
         1.2064e-04,  1.9940e-04, -5.5906e-04,  2.8834e-05, -9.9450e-04,
         5.2156e-04, -5.7925e-04,  6.2119e-04,  4.2261e-04, -1.0807e-03,
         7.4589e-04,  3.6985e-04,  4.0188e-04, -3.4146e-04,  4.3567e-04,
        -1.1413e-03, -8.5924e-04, -1.2050e-03,  9.8091e-04, -3.5287e-04,
         9.0332e-04, -6.3178e-04,  9.5656e-04,  1.1774e-03,  6.6159e-04,
        -1.4371e-04,  7.8542e-05, -1.1004e-03,  5.4280e-04,  1.1625e-03,
         9.6042e-04, -1.2215e-04,  1.0099e-03,  2.1320e-04,  5.9754e-04,
        -5.5956e-04,  7.1586e-04, -1.8432e-04,  1.9906e-04, -4.1848e-04,
         1.0964e-04,  9.8083e-04, -1.6621e-04,  1.7989e-04,  9.3492e-04,
         9.2727e-04, -4.8145e-04, -6.4626e-04, -1.0610e-03,  7.3421e-04,
        -2.2999e-04,  1.0092e-04,  2.0415e-04, -6.9821e-04,  7.7724e-04,
         5.5259e-04, -5.8017e-04,  8.2785e-04, -1.1334e-05, -3.3278e-04,
         7.5999e-04, -5.2037e-04, -3.4351e-04,  9.6369e-04, -1.8092e-04,
        -9.4500e-04, -5.2925e-04,  4.6835e-04, -6.1393e-04,  3.3257e-05,
         2.7387e-04,  7.6921e-05,  7.3301e-05, -7.3889e-04,  3.2440e-05,
         6.2212e-04], device='cuda:0') 
 Parameter containing:
tensor([ 1.1174e-03, -1.0631e-03,  6.4083e-04, -8.2148e-04,  3.3720e-04,
         1.1268e-03,  3.9684e-04,  1.0243e-04, -3.5824e-04, -2.6590e-04,
        -3.2353e-04,  5.7536e-04,  4.5992e-04, -2.6700e-04, -4.3164e-04,
         6.2765e-04, -2.9154e-04, -7.3611e-04,  1.9838e-04,  1.0105e-03,
         2.4105e-04,  5.7952e-04, -4.3490e-04, -7.7423e-04, -4.0857e-04,
        -1.1505e-03,  8.9205e-05,  5.7626e-04, -7.5544e-04,  9.1599e-04,
         1.0701e-03,  5.9872e-04,  8.8904e-05,  7.1959e-04, -9.7929e-04,
        -1.0040e-03, -2.8530e-04, -6.5491e-04,  1.1798e-03,  1.0342e-03,
        -6.3970e-04,  6.1405e-04,  9.7596e-04,  8.5000e-04, -3.6640e-04,
        -9.9637e-04, -1.0655e-03,  9.0663e-04, -3.1945e-04,  7.3143e-05,
        -1.1364e-03,  4.6981e-04, -1.8318e-04,  8.4265e-04,  6.9919e-05,
        -7.6074e-04,  8.6241e-06,  6.2096e-04, -1.0982e-03,  8.5882e-04,
         1.6820e-04, -1.0150e-03, -1.0523e-03,  5.3685e-04, -4.3364e-05,
        -6.2586e-04, -3.7178e-04, -1.1332e-03,  1.9848e-04, -5.1566e-04,
        -6.5223e-04, -6.4231e-04, -6.9792e-04, -8.9244e-04,  5.8509e-04,
         7.2173e-04,  1.1119e-03,  2.3756e-04, -9.7023e-04,  6.9771e-04,
         6.9825e-04,  3.8941e-04,  9.0677e-04,  1.5037e-05, -1.1710e-03,
         9.1489e-04,  5.0643e-04, -5.5760e-04,  1.0808e-03,  2.4829e-04,
        -1.1547e-03,  6.9898e-05,  3.2898e-05, -8.3950e-04, -5.6852e-04,
         2.9724e-04,  8.4132e-04,  9.9125e-04,  5.4694e-04, -4.6161e-04,
         3.1767e-04, -1.1889e-03,  1.0818e-03, -8.8030e-04,  7.3634e-04,
         3.5720e-04,  2.2249e-04, -1.2118e-04,  6.5549e-04,  3.3913e-04,
         4.7935e-04,  1.7814e-04,  1.0433e-03, -8.2650e-04,  3.0268e-05,
        -1.0048e-03,  4.3846e-04, -6.7333e-04, -8.3098e-04,  4.9838e-04,
         4.3896e-04,  6.6307e-04, -8.3160e-04,  7.1951e-04,  6.8531e-04,
        -1.1181e-03,  7.6298e-04,  1.1523e-03, -3.3750e-04, -3.4713e-04,
         1.2054e-03, -6.6527e-04,  3.8403e-04,  8.2713e-04, -3.3227e-04,
         6.0344e-04, -1.1649e-04, -3.9857e-04,  7.8765e-04,  8.4514e-04,
        -8.7675e-04, -8.1301e-05,  1.1644e-03, -6.4416e-05,  2.5440e-05,
         1.1096e-03,  1.0271e-03,  8.3924e-04,  1.1243e-03,  7.0330e-04,
        -3.8546e-04, -7.1642e-04, -9.7041e-04,  1.6150e-04,  1.1173e-04,
        -6.8620e-05, -1.7795e-04, -7.4262e-04,  4.1669e-04,  2.8471e-04,
        -2.2486e-04, -1.1503e-04,  9.7745e-04, -1.6877e-04,  4.3768e-04,
        -5.1348e-04,  4.9228e-04,  8.6966e-04,  8.0348e-04, -8.0118e-04,
         1.5953e-04,  1.0778e-03,  1.4772e-04,  1.0436e-03,  2.9258e-04,
        -4.8156e-04,  8.5286e-04,  2.1951e-04, -1.0203e-03,  8.5232e-04,
         1.2064e-04,  1.9940e-04, -5.5906e-04,  2.8834e-05, -9.9450e-04,
         5.2156e-04, -5.7925e-04,  6.2119e-04,  4.2261e-04, -1.0807e-03,
         7.4589e-04,  3.6985e-04,  4.0188e-04, -3.4146e-04,  4.3567e-04,
        -1.1413e-03, -8.5924e-04, -1.2050e-03,  9.8091e-04, -3.5287e-04,
         9.0332e-04, -6.3178e-04,  9.5656e-04,  1.1774e-03,  6.6159e-04,
        -1.4371e-04,  7.8542e-05, -1.1004e-03,  5.4280e-04,  1.1625e-03,
         9.6042e-04, -1.2215e-04,  1.0099e-03,  2.1320e-04,  5.9754e-04,
        -5.5956e-04,  7.1586e-04, -1.8432e-04,  1.9906e-04, -4.1848e-04,
         1.0964e-04,  9.8083e-04, -1.6621e-04,  1.7989e-04,  9.3492e-04,
         9.2727e-04, -4.8145e-04, -6.4626e-04, -1.0610e-03,  7.3421e-04,
        -2.2999e-04,  1.0092e-04,  2.0415e-04, -6.9821e-04,  7.7724e-04,
         5.5259e-04, -5.8017e-04,  8.2785e-04, -1.1334e-05, -3.3278e-04,
         7.5999e-04, -5.2037e-04, -3.4351e-04,  9.6369e-04, -1.8092e-04,
        -9.4500e-04, -5.2925e-04,  4.6835e-04, -6.1393e-04,  3.3257e-05,
         2.7387e-04,  7.6921e-05,  7.3301e-05, -7.3889e-04,  3.2440e-05,
         6.2212e-04], device='cuda:0', requires_grad=True)
parameters of the network fc2.weight 
 torch.Size([128, 256]) 
 True 
 tensor([[-0.0455, -0.0519,  0.0473,  ...,  0.0414,  0.0159, -0.0155],
        [-0.0015, -0.0301, -0.0359,  ...,  0.0350,  0.0276, -0.0589],
        [ 0.0133, -0.0582,  0.0261,  ..., -0.0061,  0.0527,  0.0395],
        ...,
        [ 0.0233, -0.0467, -0.0224,  ..., -0.0386,  0.0271, -0.0071],
        [ 0.0127,  0.0264,  0.0098,  ..., -0.0509, -0.0012,  0.0139],
        [ 0.0360, -0.0624,  0.0202,  ..., -0.0202,  0.0024, -0.0162]],
       device='cuda:0') 
 Parameter containing:
tensor([[-0.0455, -0.0519,  0.0473,  ...,  0.0414,  0.0159, -0.0155],
        [-0.0015, -0.0301, -0.0359,  ...,  0.0350,  0.0276, -0.0589],
        [ 0.0133, -0.0582,  0.0261,  ..., -0.0061,  0.0527,  0.0395],
        ...,
        [ 0.0233, -0.0467, -0.0224,  ..., -0.0386,  0.0271, -0.0071],
        [ 0.0127,  0.0264,  0.0098,  ..., -0.0509, -0.0012,  0.0139],
        [ 0.0360, -0.0624,  0.0202,  ..., -0.0202,  0.0024, -0.0162]],
       device='cuda:0', requires_grad=True)
parameters of the network fc2.bias 
 torch.Size([128]) 
 True 
 tensor([ 0.0115, -0.0510, -0.0137, -0.0169, -0.0544, -0.0275, -0.0179,  0.0233,
         0.0407, -0.0357,  0.0256, -0.0532, -0.0412,  0.0041,  0.0049, -0.0418,
         0.0521,  0.0331,  0.0212,  0.0302, -0.0002, -0.0126,  0.0168, -0.0249,
         0.0355,  0.0334,  0.0388,  0.0151, -0.0155,  0.0321,  0.0092, -0.0301,
        -0.0387,  0.0268,  0.0507, -0.0486,  0.0279, -0.0367, -0.0065,  0.0463,
        -0.0116,  0.0212,  0.0278, -0.0157, -0.0344,  0.0384,  0.0171, -0.0093,
        -0.0387, -0.0511, -0.0370,  0.0012, -0.0515,  0.0521,  0.0224,  0.0061,
         0.0102,  0.0588, -0.0587, -0.0419,  0.0499,  0.0612,  0.0089,  0.0577,
         0.0083,  0.0153, -0.0406,  0.0469, -0.0379,  0.0121, -0.0513, -0.0011,
         0.0258, -0.0468, -0.0098, -0.0382, -0.0361,  0.0117,  0.0568, -0.0005,
         0.0584, -0.0514,  0.0402, -0.0039,  0.0116,  0.0065, -0.0055, -0.0303,
        -0.0346,  0.0170,  0.0194,  0.0041,  0.0041,  0.0541, -0.0374,  0.0466,
        -0.0371, -0.0446,  0.0152, -0.0157,  0.0108,  0.0593, -0.0108,  0.0452,
        -0.0312, -0.0265,  0.0150, -0.0133,  0.0254,  0.0019,  0.0101, -0.0592,
         0.0078, -0.0518, -0.0262, -0.0100, -0.0015,  0.0107, -0.0188,  0.0196,
        -0.0149, -0.0608,  0.0108, -0.0167, -0.0605,  0.0501,  0.0611,  0.0166],
       device='cuda:0') 
 Parameter containing:
tensor([ 0.0115, -0.0510, -0.0137, -0.0169, -0.0544, -0.0275, -0.0179,  0.0233,
         0.0407, -0.0357,  0.0256, -0.0532, -0.0412,  0.0041,  0.0049, -0.0418,
         0.0521,  0.0331,  0.0212,  0.0302, -0.0002, -0.0126,  0.0168, -0.0249,
         0.0355,  0.0334,  0.0388,  0.0151, -0.0155,  0.0321,  0.0092, -0.0301,
        -0.0387,  0.0268,  0.0507, -0.0486,  0.0279, -0.0367, -0.0065,  0.0463,
        -0.0116,  0.0212,  0.0278, -0.0157, -0.0344,  0.0384,  0.0171, -0.0093,
        -0.0387, -0.0511, -0.0370,  0.0012, -0.0515,  0.0521,  0.0224,  0.0061,
         0.0102,  0.0588, -0.0587, -0.0419,  0.0499,  0.0612,  0.0089,  0.0577,
         0.0083,  0.0153, -0.0406,  0.0469, -0.0379,  0.0121, -0.0513, -0.0011,
         0.0258, -0.0468, -0.0098, -0.0382, -0.0361,  0.0117,  0.0568, -0.0005,
         0.0584, -0.0514,  0.0402, -0.0039,  0.0116,  0.0065, -0.0055, -0.0303,
        -0.0346,  0.0170,  0.0194,  0.0041,  0.0041,  0.0541, -0.0374,  0.0466,
        -0.0371, -0.0446,  0.0152, -0.0157,  0.0108,  0.0593, -0.0108,  0.0452,
        -0.0312, -0.0265,  0.0150, -0.0133,  0.0254,  0.0019,  0.0101, -0.0592,
         0.0078, -0.0518, -0.0262, -0.0100, -0.0015,  0.0107, -0.0188,  0.0196,
        -0.0149, -0.0608,  0.0108, -0.0167, -0.0605,  0.0501,  0.0611,  0.0166],
       device='cuda:0', requires_grad=True)
parameters of the network fc3.weight 
 torch.Size([64, 128]) 
 True 
 tensor([[-0.0129, -0.0857,  0.0624,  ...,  0.0311, -0.0114,  0.0320],
        [ 0.0335,  0.0759, -0.0522,  ...,  0.0010, -0.0521,  0.0106],
        [-0.0686, -0.0814, -0.0212,  ..., -0.0480,  0.0583,  0.0490],
        ...,
        [ 0.0413,  0.0770,  0.0407,  ...,  0.0300,  0.0058,  0.0167],
        [ 0.0240, -0.0634, -0.0579,  ...,  0.0879,  0.0099, -0.0541],
        [ 0.0112, -0.0506, -0.0537,  ..., -0.0370,  0.0501,  0.0037]],
       device='cuda:0') 
 Parameter containing:
tensor([[-0.0129, -0.0857,  0.0624,  ...,  0.0311, -0.0114,  0.0320],
        [ 0.0335,  0.0759, -0.0522,  ...,  0.0010, -0.0521,  0.0106],
        [-0.0686, -0.0814, -0.0212,  ..., -0.0480,  0.0583,  0.0490],
        ...,
        [ 0.0413,  0.0770,  0.0407,  ...,  0.0300,  0.0058,  0.0167],
        [ 0.0240, -0.0634, -0.0579,  ...,  0.0879,  0.0099, -0.0541],
        [ 0.0112, -0.0506, -0.0537,  ..., -0.0370,  0.0501,  0.0037]],
       device='cuda:0', requires_grad=True)
parameters of the network fc3.bias 
 torch.Size([64]) 
 True 
 tensor([ 6.1608e-05, -4.6178e-02, -7.6085e-02,  4.0074e-02, -4.4928e-02,
        -5.9333e-02, -3.6154e-02, -7.2595e-02, -2.0368e-02, -1.4158e-02,
         8.3223e-02,  4.2632e-02, -4.7547e-02, -1.6387e-02,  8.4597e-03,
         2.2977e-02, -4.9857e-02,  8.5463e-02, -2.1688e-02,  4.8518e-02,
         4.0690e-02, -4.4552e-02,  3.8037e-02,  8.2163e-03,  3.4355e-02,
        -2.5246e-02,  7.2515e-03, -5.7956e-02, -2.7251e-02,  7.0946e-02,
        -1.2476e-02,  1.5685e-03,  6.0675e-03,  5.2945e-02,  8.1486e-02,
         1.7923e-02,  5.7449e-02,  6.4119e-02,  4.8017e-02, -7.7629e-02,
         5.0907e-02, -1.1100e-02, -1.0281e-02,  8.4977e-02, -3.4973e-02,
        -6.2880e-02,  3.3593e-03,  2.0377e-02,  2.0599e-02, -4.2980e-02,
        -2.4215e-03, -5.1583e-02,  7.2173e-02,  4.6532e-02, -1.9215e-02,
        -5.8198e-02, -5.4342e-02,  1.9260e-02, -4.5018e-02,  5.6501e-02,
        -2.8297e-02, -5.2484e-02,  6.9539e-02, -2.3966e-02], device='cuda:0') 
 Parameter containing:
tensor([ 6.1608e-05, -4.6178e-02, -7.6085e-02,  4.0074e-02, -4.4928e-02,
        -5.9333e-02, -3.6154e-02, -7.2595e-02, -2.0368e-02, -1.4158e-02,
         8.3223e-02,  4.2632e-02, -4.7547e-02, -1.6387e-02,  8.4597e-03,
         2.2977e-02, -4.9857e-02,  8.5463e-02, -2.1688e-02,  4.8518e-02,
         4.0690e-02, -4.4552e-02,  3.8037e-02,  8.2163e-03,  3.4355e-02,
        -2.5246e-02,  7.2515e-03, -5.7956e-02, -2.7251e-02,  7.0946e-02,
        -1.2476e-02,  1.5685e-03,  6.0675e-03,  5.2945e-02,  8.1486e-02,
         1.7923e-02,  5.7449e-02,  6.4119e-02,  4.8017e-02, -7.7629e-02,
         5.0907e-02, -1.1100e-02, -1.0281e-02,  8.4977e-02, -3.4973e-02,
        -6.2880e-02,  3.3593e-03,  2.0377e-02,  2.0599e-02, -4.2980e-02,
        -2.4215e-03, -5.1583e-02,  7.2173e-02,  4.6532e-02, -1.9215e-02,
        -5.8198e-02, -5.4342e-02,  1.9260e-02, -4.5018e-02,  5.6501e-02,
        -2.8297e-02, -5.2484e-02,  6.9539e-02, -2.3966e-02], device='cuda:0',
       requires_grad=True)
parameters of the network fc4.weight 
 torch.Size([6796, 64]) 
 True 
 tensor([[-0.0823, -0.0340,  0.0762,  ...,  0.1156, -0.0801,  0.0137],
        [-0.0551,  0.0982,  0.0659,  ...,  0.0006,  0.0849,  0.0332],
        [-0.1137, -0.0444, -0.0359,  ..., -0.0804,  0.0176, -0.0203],
        ...,
        [ 0.0773, -0.0422, -0.0207,  ..., -0.0826, -0.0718,  0.0681],
        [-0.0774, -0.0018,  0.1240,  ..., -0.1232,  0.0450, -0.0772],
        [ 0.0977, -0.0664, -0.0102,  ...,  0.0233, -0.0287,  0.0768]],
       device='cuda:0') 
 Parameter containing:
tensor([[-0.0823, -0.0340,  0.0762,  ...,  0.1156, -0.0801,  0.0137],
        [-0.0551,  0.0982,  0.0659,  ...,  0.0006,  0.0849,  0.0332],
        [-0.1137, -0.0444, -0.0359,  ..., -0.0804,  0.0176, -0.0203],
        ...,
        [ 0.0773, -0.0422, -0.0207,  ..., -0.0826, -0.0718,  0.0681],
        [-0.0774, -0.0018,  0.1240,  ..., -0.1232,  0.0450, -0.0772],
        [ 0.0977, -0.0664, -0.0102,  ...,  0.0233, -0.0287,  0.0768]],
       device='cuda:0', requires_grad=True)
parameters of the network fc4.bias 
 torch.Size([6796]) 
 True 
 tensor([ 0.0576,  0.0311, -0.1145,  ...,  0.0075, -0.0102,  0.0914],
       device='cuda:0') 
 Parameter containing:
tensor([ 0.0576,  0.0311, -0.1145,  ...,  0.0075, -0.0102,  0.0914],
       device='cuda:0', requires_grad=True)

Passing event 1007 from the network before training input tensor([[0., 0., 0.,  ..., 0., 0., 0.],
        [0., 0., 0.,  ..., 0., 0., 0.],
        [0., 0., 0.,  ..., 0., 0., 0.],
        ...,
        [0., 0., 0.,  ..., 0., 0., 0.],
        [0., 0., 0.,  ..., 0., 0., 0.],
        [0., 0., 0.,  ..., 0., 0., 0.]]) 
result1: tensor([[0.5234, 0.5104, 0.4692,  ..., 0.5023, 0.4952, 0.5237],
        [0.5235, 0.5103, 0.4693,  ..., 0.5022, 0.4952, 0.5236],
        [0.5235, 0.5103, 0.4693,  ..., 0.5023, 0.4953, 0.5236],
        ...,
        [0.5234, 0.5104, 0.4693,  ..., 0.5022, 0.4953, 0.5236],
        [0.5235, 0.5104, 0.4693,  ..., 0.5022, 0.4952, 0.5236],
        [0.5233, 0.5104, 0.4693,  ..., 0.5022, 0.4953, 0.5236]],
       device='cuda:0', grad_fn=<SigmoidBackward0>) 
result1.shape: torch.Size([20, 6796])

Passing two random events from the network before training 
result1: tensor([[0.5234, 0.5104, 0.4692,  ..., 0.5023, 0.4952, 0.5237],
        [0.5235, 0.5103, 0.4693,  ..., 0.5022, 0.4952, 0.5236],
        [0.5235, 0.5103, 0.4693,  ..., 0.5023, 0.4953, 0.5236],
        ...,
        [0.5234, 0.5104, 0.4693,  ..., 0.5022, 0.4953, 0.5236],
        [0.5235, 0.5104, 0.4693,  ..., 0.5022, 0.4952, 0.5236],
        [0.5233, 0.5104, 0.4693,  ..., 0.5022, 0.4953, 0.5236]],
       device='cuda:0', grad_fn=<SigmoidBackward0>) 
result1.shape: torch.Size([20, 6796]) 
input: [[0. 0. 0. ... 0. 0. 0.]
 [0. 0. 0. ... 0. 0. 0.]
 [0. 0. 0. ... 0. 0. 0.]
 ...
 [0. 0. 0. ... 0. 0. 0.]
 [0. 0. 0. ... 0. 0. 0.]
 [0. 0. 0. ... 0. 0. 0.]]
=> loading checkpoint from /hpcfs/bes/mlgpu/hoseinkk/MLTracking/otherparticles/pppipi/pyt_pppipi_cnn_1/checkpoint_dir/1999840284saved_checkpoint.tar



load_model True 
TraEvN 19998 
BatchSize 30.0 
EpochNum 40 
LrVal 0.0001 
weight_decay 5e-05 
startmesh 284 
endmesh 285 



Traceback (most recent call last):
  File "/hpcfs/bes/mlgpu/hoseinkk/MLTracking/otherparticles/pppipi/pyt_pppipi_cnn_1/./Results.py", line 60, in <module>
    plotevent(trvalcnnpppipi[EvBTr], 842, f'event number {EvBTr} without noise \n color indicates time')
  File "/hpcfs/bes/mlgpu/hoseinkk/MLTracking/otherparticles/pppipi/pyt_pppipi_cnn_1/./Results.py", line 45, in plotevent
    fig.colorbar(ax.matshow(event, aspect=2, vmin=0, vmax=1, extent=[0, 288, 0, 43], origin='lower')\
  File "/hpcfs/bes/mlgpu/hoseinkk/Miniconda3/envs/dgl1/lib/python3.9/site-packages/matplotlib/axes/_axes.py", line 7931, in matshow
    im = self.imshow(Z, **kw)
  File "/hpcfs/bes/mlgpu/hoseinkk/Miniconda3/envs/dgl1/lib/python3.9/site-packages/matplotlib/__init__.py", line 1361, in inner
    return func(ax, *map(sanitize_sequence, args), **kwargs)
  File "/hpcfs/bes/mlgpu/hoseinkk/Miniconda3/envs/dgl1/lib/python3.9/site-packages/matplotlib/axes/_axes.py", line 5609, in imshow
    im.set_data(X)
  File "/hpcfs/bes/mlgpu/hoseinkk/Miniconda3/envs/dgl1/lib/python3.9/site-packages/matplotlib/image.py", line 709, in set_data
    raise TypeError("Invalid shape {} for image data"
TypeError: Invalid shape (6796,) for image data

real	0m45.014s
user	1m3.023s
sys	0m4.925s
