0: cmsgpu001.ihep.ac.cn
GPU 0: NVIDIA A100-PCIE-40GB (UUID: GPU-83673d1f-01b2-490d-5bc6-a84aaf3ddc65)
Allocate GPU cards : 0

modinfo:
filename:       /lib/modules/3.10.0-1160.71.1.el7.x86_64/extra/nvidia.ko.xz
firmware:       nvidia/515.65.01/gsp.bin
alias:          char-major-195-*
version:        515.65.01
supported:      external
license:        NVIDIA
retpoline:      Y
rhelversion:    7.9
srcversion:     8049D44E2C1B08F41E1B8A6
alias:          pci:v000010DEd*sv*sd*bc06sc80i00*
alias:          pci:v000010DEd*sv*sd*bc03sc02i00*
alias:          pci:v000010DEd*sv*sd*bc03sc00i00*
depends:        drm
vermagic:       3.10.0-1160.71.1.el7.x86_64 SMP mod_unload modversions 
signer:         DKMS module signing key
sig_key:        9B:9E:55:A9:86:D9:50:0B:6D:2D:9F:BA:A7:E6:45:39:D4:DD:5F:C6
sig_hashalgo:   sha512
parm:           NvSwitchRegDwords:NvSwitch regkey (charp)
parm:           NvSwitchBlacklist:NvSwitchBlacklist=uuid[,uuid...] (charp)
parm:           NVreg_ResmanDebugLevel:int
parm:           NVreg_RmLogonRC:int
parm:           NVreg_ModifyDeviceFiles:int
parm:           NVreg_DeviceFileUID:int
parm:           NVreg_DeviceFileGID:int
parm:           NVreg_DeviceFileMode:int
parm:           NVreg_InitializeSystemMemoryAllocations:int
parm:           NVreg_UsePageAttributeTable:int
parm:           NVreg_EnablePCIeGen3:int
parm:           NVreg_EnableMSI:int
parm:           NVreg_TCEBypassMode:int
parm:           NVreg_EnableStreamMemOPs:int
parm:           NVreg_RestrictProfilingToAdminUsers:int
parm:           NVreg_PreserveVideoMemoryAllocations:int
parm:           NVreg_EnableS0ixPowerManagement:int
parm:           NVreg_S0ixPowerManagementVideoMemoryThreshold:int
parm:           NVreg_DynamicPowerManagement:int
parm:           NVreg_DynamicPowerManagementVideoMemoryThreshold:int
parm:           NVreg_EnableGpuFirmware:int
parm:           NVreg_EnableGpuFirmwareLogs:int
parm:           NVreg_OpenRmEnableUnsupportedGpus:int
parm:           NVreg_EnableUserNUMAManagement:int
parm:           NVreg_MemoryPoolSize:int
parm:           NVreg_KMallocHeapMaxSize:int
parm:           NVreg_VMallocHeapMaxSize:int
parm:           NVreg_IgnoreMMIOCheck:int
parm:           NVreg_NvLinkDisable:int
parm:           NVreg_EnablePCIERelaxedOrderingMode:int
parm:           NVreg_RegisterPCIDriver:int
parm:           NVreg_EnableDbgBreakpoint:int
parm:           NVreg_RegistryDwords:charp
parm:           NVreg_RegistryDwordsPerDevice:charp
parm:           NVreg_RmMsg:charp
parm:           NVreg_GpuBlacklist:charp
parm:           NVreg_TemporaryFilePath:charp
parm:           NVreg_ExcludedGpus:charp
parm:           NVreg_DmaRemapPeerMmio:int
parm:           rm_firmware_active:charp

nvidia-smi:
Mon Aug 29 14:13:53 2022       
+-----------------------------------------------------------------------------+
| NVIDIA-SMI 515.65.01    Driver Version: 515.65.01    CUDA Version: 11.7     |
|-------------------------------+----------------------+----------------------+
| GPU  Name        Persistence-M| Bus-Id        Disp.A | Volatile Uncorr. ECC |
| Fan  Temp  Perf  Pwr:Usage/Cap|         Memory-Usage | GPU-Util  Compute M. |
|                               |                      |               MIG M. |
|===============================+======================+======================|
|   0  NVIDIA A100-PCI...  On   | 00000000:3B:00.0 Off |                    0 |
| N/A   25C    P0    33W / 250W |      0MiB / 40960MiB |      0%      Default |
|                               |                      |             Disabled |
+-------------------------------+----------------------+----------------------+
                                                                               
+-----------------------------------------------------------------------------+
| Processes:                                                                  |
|  GPU   GI   CI        PID   Type   Process name                  GPU Memory |
|        ID   ID                                                   Usage      |
|=============================================================================|
|  No running processes found                                                 |
+-----------------------------------------------------------------------------+

nvcc --version:
nvcc: NVIDIA (R) Cuda compiler driver
Copyright (c) 2005-2021 NVIDIA Corporation
Built on Sun_Mar_21_19:15:46_PDT_2021
Cuda compilation tools, release 11.3, V11.3.58
Build cuda_11.3.r11.3/compiler.29745058_0

 torch version: 1.10.2

 cuda version: 11.3

 is cuda available: True

 CUDNN VERSION: 8200

 Number CUDA Devices: 1

 CUDA Device Name: NVIDIA A100-PCIE-40GB

 CUDA Device Total Memory [GB]: 42.358472704

 Device capability: (8, 0) 

 Cuda deviice: <torch.cuda.device object at 0x2b3fa34b98e0> 

 Is cuda initialized: True

 CUDA_HOME: /hpcfs/bes/mlgpu/hoseinkk/Miniconda3/envs/dgl1

real	0m5.035s
user	0m2.681s
sys	0m1.146s
/hpcfs/bes/mlgpu/hoseinkk/Miniconda3/envs/dgl1/lib/python3.9/site-packages/cupy/_environment.py:438: UserWarning: 
--------------------------------------------------------------------------------

  CuPy may not function correctly because multiple CuPy packages are installed
  in your environment:

    cupy, cupy-cuda110

  Follow these steps to resolve this issue:

    1. For all packages listed above, run the following command to remove all
       existing CuPy installations:

         $ pip uninstall <package_name>

      If you previously installed CuPy via conda, also run the following:

         $ conda uninstall cupy

    2. Install the appropriate CuPy package.
       Refer to the Installation Guide for detailed instructions.

         https://docs.cupy.dev/en/stable/install.html

--------------------------------------------------------------------------------

  warnings.warn(f'''




 The Network ... 







 Loading data ... 



training set shape (20000, 43, 288) 
sum 5279207

target set shape (20000, 6796) 
sum 4575851
Net(
  (conv1): Conv2d(1, 256, kernel_size=(3, 3), stride=(1, 1))
  (conv2): Conv2d(256, 128, kernel_size=(3, 3), stride=(1, 1))
  (conv3): Conv2d(128, 64, kernel_size=(3, 3), stride=(1, 1))
  (fc1): Linear(in_features=667776, out_features=256, bias=True)
  (fc2): Linear(in_features=256, out_features=128, bias=True)
  (fc3): Linear(in_features=128, out_features=64, bias=True)
  (fc4): Linear(in_features=64, out_features=6796, bias=True)
)

number of the free parameters: 171805196
parameters of the network conv1.weight 
 torch.Size([256, 1, 3, 3]) 
 True 
 tensor([[[[-0.0222, -0.3135,  0.2509],
          [ 0.1185,  0.1879, -0.1314],
          [ 0.2168,  0.1712,  0.2058]]],


        [[[ 0.3173,  0.0628, -0.0748],
          [ 0.2916,  0.1793, -0.2662],
          [ 0.0980, -0.0764,  0.2966]]],


        [[[-0.2252, -0.2269,  0.1072],
          [-0.1069, -0.1199,  0.2140],
          [-0.0678, -0.2187,  0.2083]]],


        ...,


        [[[ 0.2583, -0.2100, -0.1236],
          [-0.1788,  0.2292, -0.3288],
          [-0.1558,  0.2690,  0.1740]]],


        [[[-0.3027,  0.3225,  0.2099],
          [-0.3183,  0.2885,  0.0444],
          [-0.0760,  0.1286,  0.2502]]],


        [[[ 0.1786,  0.1570, -0.0407],
          [ 0.2221, -0.2992, -0.1792],
          [-0.0543, -0.2324,  0.2857]]]], device='cuda:0') 
 Parameter containing:
tensor([[[[-0.0222, -0.3135,  0.2509],
          [ 0.1185,  0.1879, -0.1314],
          [ 0.2168,  0.1712,  0.2058]]],


        [[[ 0.3173,  0.0628, -0.0748],
          [ 0.2916,  0.1793, -0.2662],
          [ 0.0980, -0.0764,  0.2966]]],


        [[[-0.2252, -0.2269,  0.1072],
          [-0.1069, -0.1199,  0.2140],
          [-0.0678, -0.2187,  0.2083]]],


        ...,


        [[[ 0.2583, -0.2100, -0.1236],
          [-0.1788,  0.2292, -0.3288],
          [-0.1558,  0.2690,  0.1740]]],


        [[[-0.3027,  0.3225,  0.2099],
          [-0.3183,  0.2885,  0.0444],
          [-0.0760,  0.1286,  0.2502]]],


        [[[ 0.1786,  0.1570, -0.0407],
          [ 0.2221, -0.2992, -0.1792],
          [-0.0543, -0.2324,  0.2857]]]], device='cuda:0', requires_grad=True)
parameters of the network conv1.bias 
 torch.Size([256]) 
 True 
 tensor([ 0.1769,  0.0025, -0.1797,  0.1960,  0.0912,  0.0375, -0.3235, -0.2587,
        -0.1151,  0.1945, -0.3181,  0.2118,  0.3132,  0.3236, -0.3331, -0.1235,
         0.1924,  0.1900,  0.1958, -0.0017, -0.0886, -0.2143,  0.1114,  0.2670,
        -0.0753,  0.0637,  0.1906, -0.1411, -0.2467,  0.2099,  0.2401, -0.1582,
         0.0639, -0.1563, -0.0284,  0.2656, -0.1451, -0.0017, -0.1652, -0.3057,
        -0.1148,  0.1022,  0.0251,  0.0163,  0.2656,  0.1855, -0.2579, -0.0297,
         0.3320,  0.1615, -0.1484,  0.2595,  0.0751,  0.0539, -0.2413,  0.3323,
        -0.1327, -0.1625, -0.1183,  0.1638, -0.1835,  0.2425,  0.2072,  0.0194,
        -0.2816, -0.1657, -0.2892, -0.2474, -0.0182,  0.1342,  0.1716,  0.0792,
         0.2969,  0.1611,  0.2157, -0.3308, -0.0942, -0.2605,  0.2519, -0.1472,
        -0.2428, -0.0342,  0.0141,  0.2079, -0.3043,  0.0867,  0.1097, -0.1600,
         0.1642,  0.1314,  0.0823,  0.1653, -0.1783,  0.1561, -0.2265, -0.1465,
         0.1139,  0.0581,  0.1193, -0.0619, -0.0498,  0.3067,  0.0075,  0.0740,
         0.2528,  0.0524,  0.0288,  0.2675,  0.2911,  0.3179, -0.0410, -0.2829,
         0.0441, -0.2337, -0.1159, -0.0651,  0.2733,  0.1597,  0.0226,  0.2259,
        -0.2535, -0.0113,  0.0543,  0.2252, -0.1412,  0.1760, -0.1025, -0.2270,
        -0.1432,  0.3039,  0.0417,  0.2446,  0.1953, -0.0381,  0.2083,  0.0409,
        -0.1267, -0.1010, -0.1952,  0.1480,  0.2493, -0.3270,  0.1342, -0.2365,
         0.0491, -0.3202, -0.0167, -0.2391, -0.0179, -0.1917, -0.0363, -0.1314,
        -0.0089, -0.0584, -0.1448, -0.1451, -0.1541, -0.1729, -0.3034, -0.2806,
        -0.2449,  0.1723, -0.2378,  0.2293, -0.3203, -0.2662, -0.1230,  0.0980,
         0.1790, -0.0797, -0.3137,  0.1821,  0.0338, -0.2694,  0.1714, -0.2199,
        -0.0747, -0.2917,  0.1922,  0.0098, -0.2759, -0.1603, -0.1742, -0.0444,
         0.0119,  0.1312,  0.0050, -0.2298,  0.2636, -0.0239,  0.3126, -0.0225,
        -0.1765, -0.2261,  0.1691,  0.0848, -0.2565,  0.2877, -0.2348, -0.0176,
        -0.3300, -0.0417, -0.1270,  0.2329, -0.2858, -0.1594, -0.2001,  0.2643,
        -0.0963,  0.2685,  0.1057,  0.2702,  0.3120, -0.2797, -0.2824, -0.2318,
         0.0519,  0.2519, -0.0990, -0.0657, -0.1587,  0.3155,  0.0122, -0.0322,
         0.2204, -0.1261, -0.2396,  0.0810,  0.1062,  0.3250,  0.0545,  0.0440,
         0.1617,  0.2965, -0.2673,  0.2349,  0.1013, -0.3206,  0.0306, -0.3239,
         0.1134,  0.0654, -0.1342,  0.0196,  0.2953, -0.1608, -0.0035,  0.0780,
         0.1779, -0.1348,  0.3289,  0.3025,  0.0059, -0.0015,  0.0539,  0.2892],
       device='cuda:0') 
 Parameter containing:
tensor([ 0.1769,  0.0025, -0.1797,  0.1960,  0.0912,  0.0375, -0.3235, -0.2587,
        -0.1151,  0.1945, -0.3181,  0.2118,  0.3132,  0.3236, -0.3331, -0.1235,
         0.1924,  0.1900,  0.1958, -0.0017, -0.0886, -0.2143,  0.1114,  0.2670,
        -0.0753,  0.0637,  0.1906, -0.1411, -0.2467,  0.2099,  0.2401, -0.1582,
         0.0639, -0.1563, -0.0284,  0.2656, -0.1451, -0.0017, -0.1652, -0.3057,
        -0.1148,  0.1022,  0.0251,  0.0163,  0.2656,  0.1855, -0.2579, -0.0297,
         0.3320,  0.1615, -0.1484,  0.2595,  0.0751,  0.0539, -0.2413,  0.3323,
        -0.1327, -0.1625, -0.1183,  0.1638, -0.1835,  0.2425,  0.2072,  0.0194,
        -0.2816, -0.1657, -0.2892, -0.2474, -0.0182,  0.1342,  0.1716,  0.0792,
         0.2969,  0.1611,  0.2157, -0.3308, -0.0942, -0.2605,  0.2519, -0.1472,
        -0.2428, -0.0342,  0.0141,  0.2079, -0.3043,  0.0867,  0.1097, -0.1600,
         0.1642,  0.1314,  0.0823,  0.1653, -0.1783,  0.1561, -0.2265, -0.1465,
         0.1139,  0.0581,  0.1193, -0.0619, -0.0498,  0.3067,  0.0075,  0.0740,
         0.2528,  0.0524,  0.0288,  0.2675,  0.2911,  0.3179, -0.0410, -0.2829,
         0.0441, -0.2337, -0.1159, -0.0651,  0.2733,  0.1597,  0.0226,  0.2259,
        -0.2535, -0.0113,  0.0543,  0.2252, -0.1412,  0.1760, -0.1025, -0.2270,
        -0.1432,  0.3039,  0.0417,  0.2446,  0.1953, -0.0381,  0.2083,  0.0409,
        -0.1267, -0.1010, -0.1952,  0.1480,  0.2493, -0.3270,  0.1342, -0.2365,
         0.0491, -0.3202, -0.0167, -0.2391, -0.0179, -0.1917, -0.0363, -0.1314,
        -0.0089, -0.0584, -0.1448, -0.1451, -0.1541, -0.1729, -0.3034, -0.2806,
        -0.2449,  0.1723, -0.2378,  0.2293, -0.3203, -0.2662, -0.1230,  0.0980,
         0.1790, -0.0797, -0.3137,  0.1821,  0.0338, -0.2694,  0.1714, -0.2199,
        -0.0747, -0.2917,  0.1922,  0.0098, -0.2759, -0.1603, -0.1742, -0.0444,
         0.0119,  0.1312,  0.0050, -0.2298,  0.2636, -0.0239,  0.3126, -0.0225,
        -0.1765, -0.2261,  0.1691,  0.0848, -0.2565,  0.2877, -0.2348, -0.0176,
        -0.3300, -0.0417, -0.1270,  0.2329, -0.2858, -0.1594, -0.2001,  0.2643,
        -0.0963,  0.2685,  0.1057,  0.2702,  0.3120, -0.2797, -0.2824, -0.2318,
         0.0519,  0.2519, -0.0990, -0.0657, -0.1587,  0.3155,  0.0122, -0.0322,
         0.2204, -0.1261, -0.2396,  0.0810,  0.1062,  0.3250,  0.0545,  0.0440,
         0.1617,  0.2965, -0.2673,  0.2349,  0.1013, -0.3206,  0.0306, -0.3239,
         0.1134,  0.0654, -0.1342,  0.0196,  0.2953, -0.1608, -0.0035,  0.0780,
         0.1779, -0.1348,  0.3289,  0.3025,  0.0059, -0.0015,  0.0539,  0.2892],
       device='cuda:0', requires_grad=True)
parameters of the network conv2.weight 
 torch.Size([128, 256, 3, 3]) 
 True 
 tensor([[[[ 0.0062, -0.0195,  0.0082],
          [ 0.0032, -0.0178,  0.0151],
          [ 0.0185,  0.0080,  0.0117]],

         [[-0.0001,  0.0167, -0.0031],
          [-0.0117, -0.0088,  0.0019],
          [ 0.0006,  0.0162,  0.0136]],

         [[-0.0182,  0.0020,  0.0095],
          [ 0.0106,  0.0048,  0.0183],
          [ 0.0010,  0.0079,  0.0153]],

         ...,

         [[ 0.0089,  0.0087,  0.0166],
          [-0.0090, -0.0099,  0.0150],
          [-0.0081,  0.0158, -0.0115]],

         [[ 0.0152, -0.0021,  0.0207],
          [ 0.0016,  0.0105,  0.0176],
          [ 0.0162, -0.0079,  0.0053]],

         [[-0.0183, -0.0064, -0.0158],
          [-0.0136, -0.0193, -0.0058],
          [-0.0135, -0.0181, -0.0054]]],


        [[[ 0.0102, -0.0045, -0.0016],
          [ 0.0204,  0.0053,  0.0150],
          [-0.0094,  0.0104, -0.0169]],

         [[-0.0195,  0.0141,  0.0204],
          [ 0.0160, -0.0108,  0.0120],
          [ 0.0030, -0.0055,  0.0057]],

         [[ 0.0105,  0.0078,  0.0064],
          [ 0.0011,  0.0054,  0.0027],
          [ 0.0033,  0.0174,  0.0107]],

         ...,

         [[-0.0203, -0.0054,  0.0138],
          [-0.0153, -0.0184,  0.0073],
          [ 0.0171,  0.0026,  0.0063]],

         [[-0.0022,  0.0052,  0.0049],
          [-0.0017,  0.0068, -0.0052],
          [ 0.0096, -0.0075,  0.0146]],

         [[ 0.0024, -0.0035,  0.0163],
          [-0.0189, -0.0022, -0.0001],
          [ 0.0190,  0.0048, -0.0199]]],


        [[[-0.0054,  0.0136, -0.0103],
          [-0.0096,  0.0061, -0.0208],
          [ 0.0122,  0.0052, -0.0009]],

         [[ 0.0146,  0.0076,  0.0053],
          [ 0.0037,  0.0129, -0.0144],
          [-0.0063, -0.0022, -0.0057]],

         [[ 0.0108,  0.0022, -0.0136],
          [-0.0137,  0.0055,  0.0129],
          [-0.0042, -0.0161, -0.0080]],

         ...,

         [[ 0.0096,  0.0007, -0.0124],
          [-0.0073, -0.0071, -0.0192],
          [ 0.0044, -0.0042,  0.0048]],

         [[-0.0009,  0.0001, -0.0091],
          [ 0.0054,  0.0043,  0.0100],
          [ 0.0116, -0.0145, -0.0068]],

         [[-0.0105,  0.0096,  0.0190],
          [ 0.0065,  0.0013, -0.0033],
          [ 0.0153, -0.0074,  0.0202]]],


        ...,


        [[[ 0.0018, -0.0151,  0.0036],
          [-0.0132, -0.0060, -0.0049],
          [ 0.0170, -0.0074, -0.0132]],

         [[-0.0063, -0.0121,  0.0202],
          [-0.0186,  0.0206, -0.0048],
          [ 0.0066,  0.0091, -0.0079]],

         [[ 0.0120, -0.0128, -0.0155],
          [-0.0116, -0.0102,  0.0002],
          [ 0.0201,  0.0155, -0.0080]],

         ...,

         [[-0.0107,  0.0039,  0.0024],
          [ 0.0150,  0.0106,  0.0131],
          [ 0.0089,  0.0080,  0.0128]],

         [[-0.0167,  0.0035, -0.0168],
          [ 0.0122, -0.0160, -0.0113],
          [ 0.0017, -0.0164, -0.0015]],

         [[ 0.0172, -0.0075, -0.0028],
          [ 0.0184, -0.0011,  0.0149],
          [-0.0179, -0.0114, -0.0141]]],


        [[[ 0.0047, -0.0106,  0.0043],
          [-0.0064, -0.0038, -0.0202],
          [-0.0193,  0.0064, -0.0205]],

         [[ 0.0163,  0.0165,  0.0197],
          [-0.0189,  0.0186,  0.0133],
          [ 0.0161, -0.0018, -0.0133]],

         [[ 0.0004, -0.0018, -0.0032],
          [-0.0144, -0.0057,  0.0007],
          [-0.0087,  0.0180,  0.0053]],

         ...,

         [[ 0.0047,  0.0098,  0.0068],
          [ 0.0075, -0.0041,  0.0050],
          [ 0.0047,  0.0132,  0.0090]],

         [[ 0.0196,  0.0093, -0.0186],
          [-0.0103, -0.0038,  0.0087],
          [ 0.0184,  0.0110,  0.0135]],

         [[ 0.0155, -0.0073,  0.0127],
          [ 0.0143, -0.0125, -0.0181],
          [-0.0009, -0.0096, -0.0190]]],


        [[[-0.0172, -0.0181, -0.0024],
          [ 0.0064, -0.0071, -0.0039],
          [ 0.0186, -0.0099, -0.0057]],

         [[ 0.0142, -0.0134, -0.0198],
          [ 0.0151, -0.0159,  0.0159],
          [ 0.0073,  0.0148, -0.0063]],

         [[ 0.0143,  0.0062, -0.0177],
          [ 0.0106,  0.0053, -0.0171],
          [-0.0090, -0.0164,  0.0172]],

         ...,

         [[ 0.0042, -0.0042, -0.0153],
          [-0.0047,  0.0127,  0.0053],
          [ 0.0164,  0.0090,  0.0203]],

         [[ 0.0048,  0.0127,  0.0195],
          [ 0.0077, -0.0200,  0.0084],
          [-0.0106, -0.0020,  0.0137]],

         [[-0.0035, -0.0089,  0.0006],
          [-0.0031,  0.0004, -0.0202],
          [ 0.0157,  0.0006, -0.0041]]]], device='cuda:0') 
 Parameter containing:
tensor([[[[ 0.0062, -0.0195,  0.0082],
          [ 0.0032, -0.0178,  0.0151],
          [ 0.0185,  0.0080,  0.0117]],

         [[-0.0001,  0.0167, -0.0031],
          [-0.0117, -0.0088,  0.0019],
          [ 0.0006,  0.0162,  0.0136]],

         [[-0.0182,  0.0020,  0.0095],
          [ 0.0106,  0.0048,  0.0183],
          [ 0.0010,  0.0079,  0.0153]],

         ...,

         [[ 0.0089,  0.0087,  0.0166],
          [-0.0090, -0.0099,  0.0150],
          [-0.0081,  0.0158, -0.0115]],

         [[ 0.0152, -0.0021,  0.0207],
          [ 0.0016,  0.0105,  0.0176],
          [ 0.0162, -0.0079,  0.0053]],

         [[-0.0183, -0.0064, -0.0158],
          [-0.0136, -0.0193, -0.0058],
          [-0.0135, -0.0181, -0.0054]]],


        [[[ 0.0102, -0.0045, -0.0016],
          [ 0.0204,  0.0053,  0.0150],
          [-0.0094,  0.0104, -0.0169]],

         [[-0.0195,  0.0141,  0.0204],
          [ 0.0160, -0.0108,  0.0120],
          [ 0.0030, -0.0055,  0.0057]],

         [[ 0.0105,  0.0078,  0.0064],
          [ 0.0011,  0.0054,  0.0027],
          [ 0.0033,  0.0174,  0.0107]],

         ...,

         [[-0.0203, -0.0054,  0.0138],
          [-0.0153, -0.0184,  0.0073],
          [ 0.0171,  0.0026,  0.0063]],

         [[-0.0022,  0.0052,  0.0049],
          [-0.0017,  0.0068, -0.0052],
          [ 0.0096, -0.0075,  0.0146]],

         [[ 0.0024, -0.0035,  0.0163],
          [-0.0189, -0.0022, -0.0001],
          [ 0.0190,  0.0048, -0.0199]]],


        [[[-0.0054,  0.0136, -0.0103],
          [-0.0096,  0.0061, -0.0208],
          [ 0.0122,  0.0052, -0.0009]],

         [[ 0.0146,  0.0076,  0.0053],
          [ 0.0037,  0.0129, -0.0144],
          [-0.0063, -0.0022, -0.0057]],

         [[ 0.0108,  0.0022, -0.0136],
          [-0.0137,  0.0055,  0.0129],
          [-0.0042, -0.0161, -0.0080]],

         ...,

         [[ 0.0096,  0.0007, -0.0124],
          [-0.0073, -0.0071, -0.0192],
          [ 0.0044, -0.0042,  0.0048]],

         [[-0.0009,  0.0001, -0.0091],
          [ 0.0054,  0.0043,  0.0100],
          [ 0.0116, -0.0145, -0.0068]],

         [[-0.0105,  0.0096,  0.0190],
          [ 0.0065,  0.0013, -0.0033],
          [ 0.0153, -0.0074,  0.0202]]],


        ...,


        [[[ 0.0018, -0.0151,  0.0036],
          [-0.0132, -0.0060, -0.0049],
          [ 0.0170, -0.0074, -0.0132]],

         [[-0.0063, -0.0121,  0.0202],
          [-0.0186,  0.0206, -0.0048],
          [ 0.0066,  0.0091, -0.0079]],

         [[ 0.0120, -0.0128, -0.0155],
          [-0.0116, -0.0102,  0.0002],
          [ 0.0201,  0.0155, -0.0080]],

         ...,

         [[-0.0107,  0.0039,  0.0024],
          [ 0.0150,  0.0106,  0.0131],
          [ 0.0089,  0.0080,  0.0128]],

         [[-0.0167,  0.0035, -0.0168],
          [ 0.0122, -0.0160, -0.0113],
          [ 0.0017, -0.0164, -0.0015]],

         [[ 0.0172, -0.0075, -0.0028],
          [ 0.0184, -0.0011,  0.0149],
          [-0.0179, -0.0114, -0.0141]]],


        [[[ 0.0047, -0.0106,  0.0043],
          [-0.0064, -0.0038, -0.0202],
          [-0.0193,  0.0064, -0.0205]],

         [[ 0.0163,  0.0165,  0.0197],
          [-0.0189,  0.0186,  0.0133],
          [ 0.0161, -0.0018, -0.0133]],

         [[ 0.0004, -0.0018, -0.0032],
          [-0.0144, -0.0057,  0.0007],
          [-0.0087,  0.0180,  0.0053]],

         ...,

         [[ 0.0047,  0.0098,  0.0068],
          [ 0.0075, -0.0041,  0.0050],
          [ 0.0047,  0.0132,  0.0090]],

         [[ 0.0196,  0.0093, -0.0186],
          [-0.0103, -0.0038,  0.0087],
          [ 0.0184,  0.0110,  0.0135]],

         [[ 0.0155, -0.0073,  0.0127],
          [ 0.0143, -0.0125, -0.0181],
          [-0.0009, -0.0096, -0.0190]]],


        [[[-0.0172, -0.0181, -0.0024],
          [ 0.0064, -0.0071, -0.0039],
          [ 0.0186, -0.0099, -0.0057]],

         [[ 0.0142, -0.0134, -0.0198],
          [ 0.0151, -0.0159,  0.0159],
          [ 0.0073,  0.0148, -0.0063]],

         [[ 0.0143,  0.0062, -0.0177],
          [ 0.0106,  0.0053, -0.0171],
          [-0.0090, -0.0164,  0.0172]],

         ...,

         [[ 0.0042, -0.0042, -0.0153],
          [-0.0047,  0.0127,  0.0053],
          [ 0.0164,  0.0090,  0.0203]],

         [[ 0.0048,  0.0127,  0.0195],
          [ 0.0077, -0.0200,  0.0084],
          [-0.0106, -0.0020,  0.0137]],

         [[-0.0035, -0.0089,  0.0006],
          [-0.0031,  0.0004, -0.0202],
          [ 0.0157,  0.0006, -0.0041]]]], device='cuda:0', requires_grad=True)
parameters of the network conv2.bias 
 torch.Size([128]) 
 True 
 tensor([-1.6363e-03, -2.0223e-02, -1.6028e-02, -4.7701e-03,  4.6426e-03,
         1.8398e-02,  2.6092e-03,  1.4391e-02,  3.1533e-03, -9.9288e-03,
        -5.4706e-03,  6.1444e-03,  1.6849e-02, -4.3869e-03,  1.2470e-02,
         1.7271e-02, -1.5353e-02,  7.2133e-03,  1.2482e-02,  6.7235e-03,
        -1.0731e-02, -1.5576e-03, -4.4558e-03, -1.3566e-02, -8.6379e-03,
         1.5229e-03, -1.6237e-02, -1.5146e-02, -1.6990e-02, -1.6411e-02,
         3.3336e-03,  8.3336e-03, -1.6639e-02, -1.1825e-02,  1.5599e-02,
        -1.2062e-02,  8.3284e-04,  1.6944e-02,  7.5296e-03, -1.1158e-02,
         6.4097e-05,  1.6127e-02,  1.2146e-02,  1.9874e-02, -1.2192e-02,
        -7.7498e-03,  8.8698e-03,  7.8999e-03, -1.3704e-02,  1.3262e-02,
        -1.3148e-02, -4.3095e-03, -8.6330e-03,  9.0304e-03, -1.2833e-02,
         4.7171e-04, -2.0731e-03, -2.6228e-03,  1.7974e-02, -1.5884e-02,
         2.0131e-02,  1.4752e-02, -8.8481e-03, -1.9851e-02,  8.5441e-03,
         1.8900e-02, -1.5127e-02,  4.6174e-04,  7.8923e-03, -1.0174e-02,
        -7.7890e-03,  1.8495e-02, -1.8410e-02,  4.6943e-03,  1.1580e-02,
        -1.6331e-02,  1.8808e-02, -1.8176e-02, -1.7271e-02, -4.5507e-03,
         1.7113e-03,  1.9483e-02,  4.2020e-03, -2.2718e-03,  1.0108e-02,
         1.1865e-02, -1.5685e-02, -5.0920e-03,  9.4045e-03, -6.3234e-03,
        -1.0764e-02, -5.6715e-03,  9.8267e-03,  4.7406e-03, -1.7678e-02,
         5.7985e-03, -7.0733e-03, -3.0863e-03, -1.0508e-02,  1.9248e-03,
        -1.3867e-02, -1.7036e-02,  1.0031e-02,  1.5414e-02,  1.9210e-02,
        -1.7836e-02,  9.1320e-03,  1.5161e-02, -1.7307e-02, -2.0809e-02,
        -1.3965e-02,  1.9135e-02,  7.3474e-03, -1.6772e-02, -6.3446e-04,
        -3.0506e-03, -1.6342e-02,  1.2547e-02, -6.6587e-03, -1.3438e-02,
         8.4427e-03,  1.3377e-03, -3.7487e-03, -3.4211e-03, -5.3248e-03,
        -3.9785e-03,  5.3845e-03,  1.3852e-02], device='cuda:0') 
 Parameter containing:
tensor([-1.6363e-03, -2.0223e-02, -1.6028e-02, -4.7701e-03,  4.6426e-03,
         1.8398e-02,  2.6092e-03,  1.4391e-02,  3.1533e-03, -9.9288e-03,
        -5.4706e-03,  6.1444e-03,  1.6849e-02, -4.3869e-03,  1.2470e-02,
         1.7271e-02, -1.5353e-02,  7.2133e-03,  1.2482e-02,  6.7235e-03,
        -1.0731e-02, -1.5576e-03, -4.4558e-03, -1.3566e-02, -8.6379e-03,
         1.5229e-03, -1.6237e-02, -1.5146e-02, -1.6990e-02, -1.6411e-02,
         3.3336e-03,  8.3336e-03, -1.6639e-02, -1.1825e-02,  1.5599e-02,
        -1.2062e-02,  8.3284e-04,  1.6944e-02,  7.5296e-03, -1.1158e-02,
         6.4097e-05,  1.6127e-02,  1.2146e-02,  1.9874e-02, -1.2192e-02,
        -7.7498e-03,  8.8698e-03,  7.8999e-03, -1.3704e-02,  1.3262e-02,
        -1.3148e-02, -4.3095e-03, -8.6330e-03,  9.0304e-03, -1.2833e-02,
         4.7171e-04, -2.0731e-03, -2.6228e-03,  1.7974e-02, -1.5884e-02,
         2.0131e-02,  1.4752e-02, -8.8481e-03, -1.9851e-02,  8.5441e-03,
         1.8900e-02, -1.5127e-02,  4.6174e-04,  7.8923e-03, -1.0174e-02,
        -7.7890e-03,  1.8495e-02, -1.8410e-02,  4.6943e-03,  1.1580e-02,
        -1.6331e-02,  1.8808e-02, -1.8176e-02, -1.7271e-02, -4.5507e-03,
         1.7113e-03,  1.9483e-02,  4.2020e-03, -2.2718e-03,  1.0108e-02,
         1.1865e-02, -1.5685e-02, -5.0920e-03,  9.4045e-03, -6.3234e-03,
        -1.0764e-02, -5.6715e-03,  9.8267e-03,  4.7406e-03, -1.7678e-02,
         5.7985e-03, -7.0733e-03, -3.0863e-03, -1.0508e-02,  1.9248e-03,
        -1.3867e-02, -1.7036e-02,  1.0031e-02,  1.5414e-02,  1.9210e-02,
        -1.7836e-02,  9.1320e-03,  1.5161e-02, -1.7307e-02, -2.0809e-02,
        -1.3965e-02,  1.9135e-02,  7.3474e-03, -1.6772e-02, -6.3446e-04,
        -3.0506e-03, -1.6342e-02,  1.2547e-02, -6.6587e-03, -1.3438e-02,
         8.4427e-03,  1.3377e-03, -3.7487e-03, -3.4211e-03, -5.3248e-03,
        -3.9785e-03,  5.3845e-03,  1.3852e-02], device='cuda:0',
       requires_grad=True)
parameters of the network conv3.weight 
 torch.Size([64, 128, 3, 3]) 
 True 
 tensor([[[[-1.7145e-02,  1.5099e-02,  6.4013e-03],
          [-1.8762e-02, -1.0141e-02, -2.7219e-02],
          [ 2.1853e-02, -2.2237e-02, -1.0573e-02]],

         [[-2.0318e-02,  1.5605e-02,  2.0343e-02],
          [-9.0184e-03,  2.2171e-02,  1.7326e-02],
          [-1.2794e-02, -5.7305e-03, -1.1042e-02]],

         [[ 2.5412e-02,  2.4349e-02,  1.8071e-02],
          [ 2.3134e-02, -6.5137e-03, -4.6334e-03],
          [ 7.1076e-03, -2.4553e-02, -9.9566e-03]],

         ...,

         [[ 2.7912e-02, -2.3035e-02,  1.3306e-02],
          [ 2.5169e-02,  9.3510e-03, -2.9082e-02],
          [-1.2806e-02,  5.3288e-03,  1.3898e-02]],

         [[-1.3656e-02, -2.2717e-02, -2.8514e-02],
          [ 2.9413e-02,  2.2193e-02, -1.8379e-02],
          [ 1.4751e-02,  2.8374e-03,  1.7058e-03]],

         [[ 2.6340e-02,  7.6981e-03, -1.7178e-03],
          [ 2.5887e-02, -2.1430e-02, -2.7836e-02],
          [-2.3901e-02, -2.7215e-02,  2.1104e-02]]],


        [[[ 1.8041e-02,  8.0593e-03, -1.1919e-02],
          [ 2.4747e-02,  2.4297e-02, -4.5727e-04],
          [-2.6683e-02, -1.3322e-02,  4.5158e-04]],

         [[ 2.5990e-02,  2.4239e-02, -6.9951e-03],
          [ 1.1923e-02,  1.7461e-02, -1.5421e-02],
          [ 6.8985e-03,  1.4006e-03,  2.0003e-02]],

         [[-4.9675e-03,  2.6290e-02, -2.0804e-02],
          [-2.2927e-02,  1.8773e-02,  2.6833e-02],
          [ 2.3779e-02,  2.3881e-02,  2.7718e-02]],

         ...,

         [[ 1.0804e-02,  9.1876e-03,  9.6526e-04],
          [-2.6411e-02,  9.5797e-03, -1.4295e-02],
          [-2.0344e-02, -4.0022e-03,  2.1834e-02]],

         [[ 4.6735e-03, -2.7208e-02,  5.9118e-04],
          [ 2.9615e-03, -2.7209e-02, -1.0485e-02],
          [ 4.1450e-03, -2.0370e-02,  3.6692e-03]],

         [[-4.9355e-03,  1.4887e-02, -1.7476e-02],
          [-2.2740e-02,  2.5759e-02,  1.0783e-02],
          [-2.1420e-02, -5.4310e-03, -2.0335e-03]]],


        [[[-3.6713e-03, -9.4991e-03, -2.6286e-02],
          [ 1.2616e-02,  1.4380e-02, -1.4311e-03],
          [-1.2053e-02, -2.5635e-02, -2.5533e-03]],

         [[ 7.4325e-03,  2.7450e-02, -2.7721e-02],
          [-2.3482e-02,  8.7024e-03, -2.0082e-02],
          [ 2.7744e-02, -3.2796e-03,  1.0220e-02]],

         [[-5.7406e-03, -1.1462e-02, -2.3306e-02],
          [ 2.3077e-02,  5.1807e-03, -9.6932e-03],
          [-4.3041e-03,  9.6687e-04, -1.6096e-02]],

         ...,

         [[ 1.3745e-02, -1.2132e-02, -2.5075e-02],
          [ 1.2105e-02, -1.6230e-02,  5.4637e-03],
          [-1.3463e-02, -5.8775e-03,  3.7683e-04]],

         [[ 1.4087e-02,  1.1940e-02, -1.6319e-02],
          [ 2.4965e-02,  5.7756e-03, -3.9084e-03],
          [-1.7187e-02,  1.0743e-02, -2.4588e-02]],

         [[-2.6366e-02,  1.9545e-03, -2.8743e-02],
          [-2.1705e-02, -5.1038e-03,  2.0874e-02],
          [ 4.0711e-04, -2.2085e-02, -2.6535e-02]]],


        ...,


        [[[ 2.4100e-02, -1.5748e-02, -2.5325e-02],
          [-2.7553e-02, -1.1504e-02, -1.9463e-02],
          [ 2.3675e-02, -2.0571e-02,  1.2330e-02]],

         [[ 1.5761e-02,  4.0553e-03, -1.3480e-02],
          [ 1.0580e-02, -1.6479e-03,  1.3179e-02],
          [ 7.0927e-03,  2.8529e-02,  4.7919e-03]],

         [[-1.6166e-02,  1.3656e-02, -4.8107e-03],
          [-2.2389e-02,  5.5205e-03,  1.6242e-02],
          [-3.9360e-03,  2.8090e-02, -1.0354e-03]],

         ...,

         [[ 3.4746e-03,  2.5145e-02,  9.0858e-03],
          [-3.2090e-03, -2.6789e-02, -5.6473e-03],
          [-2.5644e-02,  1.0358e-03,  2.3356e-02]],

         [[-1.1467e-02, -2.2789e-02, -1.5425e-02],
          [ 9.1031e-03,  2.2277e-02, -2.0722e-02],
          [-1.5780e-02, -2.9120e-02, -7.0280e-04]],

         [[-2.0425e-02, -1.4122e-02,  6.1989e-04],
          [-4.6816e-04,  8.8117e-03, -2.5713e-03],
          [-8.3030e-03, -2.9399e-02,  2.0639e-02]]],


        [[[ 2.6719e-02,  3.0165e-03,  2.0924e-02],
          [ 1.3048e-02, -2.8634e-02,  1.4722e-02],
          [ 2.0806e-02,  2.7326e-02, -1.4695e-02]],

         [[-1.5489e-02, -2.6181e-02,  2.8892e-02],
          [ 2.3611e-02, -1.8694e-02, -2.0489e-02],
          [ 1.6869e-02, -2.0115e-02, -7.7354e-03]],

         [[-1.6293e-03, -2.3505e-02,  2.6603e-02],
          [-1.5141e-02,  1.4336e-02,  1.9327e-02],
          [-1.3092e-02,  8.4905e-05, -1.6437e-02]],

         ...,

         [[ 2.4230e-02,  2.3212e-02, -9.3572e-03],
          [ 1.2440e-02, -1.2730e-02,  4.9387e-03],
          [-1.2707e-02, -2.6328e-03, -2.8440e-02]],

         [[ 1.8817e-02, -1.6942e-03,  1.4263e-02],
          [ 5.9439e-03,  3.0689e-03, -2.1509e-02],
          [-2.5877e-02, -5.1206e-03,  2.5604e-02]],

         [[ 1.1791e-02, -2.1336e-02,  1.8999e-02],
          [-2.3789e-02, -2.5731e-02, -5.7973e-04],
          [-1.8093e-02,  2.0046e-02,  1.4949e-04]]],


        [[[ 5.1034e-04, -2.0862e-02, -1.6782e-02],
          [ 2.2357e-02,  1.3764e-02,  2.6146e-02],
          [-5.5444e-03, -9.2596e-03, -1.5553e-02]],

         [[-2.0861e-02, -1.9828e-02, -2.0723e-02],
          [-1.7508e-03, -2.5704e-02, -4.5582e-03],
          [ 1.9524e-02,  2.7337e-02, -7.5567e-03]],

         [[ 2.7167e-03,  2.7563e-02,  1.4874e-02],
          [ 2.8831e-02, -1.8834e-02,  1.5755e-02],
          [-1.1499e-02, -7.3707e-03,  1.1581e-03]],

         ...,

         [[ 6.0552e-03,  2.5980e-03,  3.5686e-03],
          [ 1.4380e-04, -1.6425e-03, -1.0502e-02],
          [-9.5546e-04,  1.7967e-02, -1.9623e-02]],

         [[ 1.4083e-02, -1.2481e-02,  1.7356e-02],
          [-5.7888e-03,  5.8139e-03, -2.1924e-02],
          [-1.3787e-03, -2.4819e-02, -3.3817e-03]],

         [[-9.7104e-03, -2.5786e-02,  8.3460e-03],
          [-1.5572e-02, -2.9088e-02, -1.2074e-02],
          [ 1.8484e-02,  1.2314e-02, -9.4733e-04]]]], device='cuda:0') 
 Parameter containing:
tensor([[[[-1.7145e-02,  1.5099e-02,  6.4013e-03],
          [-1.8762e-02, -1.0141e-02, -2.7219e-02],
          [ 2.1853e-02, -2.2237e-02, -1.0573e-02]],

         [[-2.0318e-02,  1.5605e-02,  2.0343e-02],
          [-9.0184e-03,  2.2171e-02,  1.7326e-02],
          [-1.2794e-02, -5.7305e-03, -1.1042e-02]],

         [[ 2.5412e-02,  2.4349e-02,  1.8071e-02],
          [ 2.3134e-02, -6.5137e-03, -4.6334e-03],
          [ 7.1076e-03, -2.4553e-02, -9.9566e-03]],

         ...,

         [[ 2.7912e-02, -2.3035e-02,  1.3306e-02],
          [ 2.5169e-02,  9.3510e-03, -2.9082e-02],
          [-1.2806e-02,  5.3288e-03,  1.3898e-02]],

         [[-1.3656e-02, -2.2717e-02, -2.8514e-02],
          [ 2.9413e-02,  2.2193e-02, -1.8379e-02],
          [ 1.4751e-02,  2.8374e-03,  1.7058e-03]],

         [[ 2.6340e-02,  7.6981e-03, -1.7178e-03],
          [ 2.5887e-02, -2.1430e-02, -2.7836e-02],
          [-2.3901e-02, -2.7215e-02,  2.1104e-02]]],


        [[[ 1.8041e-02,  8.0593e-03, -1.1919e-02],
          [ 2.4747e-02,  2.4297e-02, -4.5727e-04],
          [-2.6683e-02, -1.3322e-02,  4.5158e-04]],

         [[ 2.5990e-02,  2.4239e-02, -6.9951e-03],
          [ 1.1923e-02,  1.7461e-02, -1.5421e-02],
          [ 6.8985e-03,  1.4006e-03,  2.0003e-02]],

         [[-4.9675e-03,  2.6290e-02, -2.0804e-02],
          [-2.2927e-02,  1.8773e-02,  2.6833e-02],
          [ 2.3779e-02,  2.3881e-02,  2.7718e-02]],

         ...,

         [[ 1.0804e-02,  9.1876e-03,  9.6526e-04],
          [-2.6411e-02,  9.5797e-03, -1.4295e-02],
          [-2.0344e-02, -4.0022e-03,  2.1834e-02]],

         [[ 4.6735e-03, -2.7208e-02,  5.9118e-04],
          [ 2.9615e-03, -2.7209e-02, -1.0485e-02],
          [ 4.1450e-03, -2.0370e-02,  3.6692e-03]],

         [[-4.9355e-03,  1.4887e-02, -1.7476e-02],
          [-2.2740e-02,  2.5759e-02,  1.0783e-02],
          [-2.1420e-02, -5.4310e-03, -2.0335e-03]]],


        [[[-3.6713e-03, -9.4991e-03, -2.6286e-02],
          [ 1.2616e-02,  1.4380e-02, -1.4311e-03],
          [-1.2053e-02, -2.5635e-02, -2.5533e-03]],

         [[ 7.4325e-03,  2.7450e-02, -2.7721e-02],
          [-2.3482e-02,  8.7024e-03, -2.0082e-02],
          [ 2.7744e-02, -3.2796e-03,  1.0220e-02]],

         [[-5.7406e-03, -1.1462e-02, -2.3306e-02],
          [ 2.3077e-02,  5.1807e-03, -9.6932e-03],
          [-4.3041e-03,  9.6687e-04, -1.6096e-02]],

         ...,

         [[ 1.3745e-02, -1.2132e-02, -2.5075e-02],
          [ 1.2105e-02, -1.6230e-02,  5.4637e-03],
          [-1.3463e-02, -5.8775e-03,  3.7683e-04]],

         [[ 1.4087e-02,  1.1940e-02, -1.6319e-02],
          [ 2.4965e-02,  5.7756e-03, -3.9084e-03],
          [-1.7187e-02,  1.0743e-02, -2.4588e-02]],

         [[-2.6366e-02,  1.9545e-03, -2.8743e-02],
          [-2.1705e-02, -5.1038e-03,  2.0874e-02],
          [ 4.0711e-04, -2.2085e-02, -2.6535e-02]]],


        ...,


        [[[ 2.4100e-02, -1.5748e-02, -2.5325e-02],
          [-2.7553e-02, -1.1504e-02, -1.9463e-02],
          [ 2.3675e-02, -2.0571e-02,  1.2330e-02]],

         [[ 1.5761e-02,  4.0553e-03, -1.3480e-02],
          [ 1.0580e-02, -1.6479e-03,  1.3179e-02],
          [ 7.0927e-03,  2.8529e-02,  4.7919e-03]],

         [[-1.6166e-02,  1.3656e-02, -4.8107e-03],
          [-2.2389e-02,  5.5205e-03,  1.6242e-02],
          [-3.9360e-03,  2.8090e-02, -1.0354e-03]],

         ...,

         [[ 3.4746e-03,  2.5145e-02,  9.0858e-03],
          [-3.2090e-03, -2.6789e-02, -5.6473e-03],
          [-2.5644e-02,  1.0358e-03,  2.3356e-02]],

         [[-1.1467e-02, -2.2789e-02, -1.5425e-02],
          [ 9.1031e-03,  2.2277e-02, -2.0722e-02],
          [-1.5780e-02, -2.9120e-02, -7.0280e-04]],

         [[-2.0425e-02, -1.4122e-02,  6.1989e-04],
          [-4.6816e-04,  8.8117e-03, -2.5713e-03],
          [-8.3030e-03, -2.9399e-02,  2.0639e-02]]],


        [[[ 2.6719e-02,  3.0165e-03,  2.0924e-02],
          [ 1.3048e-02, -2.8634e-02,  1.4722e-02],
          [ 2.0806e-02,  2.7326e-02, -1.4695e-02]],

         [[-1.5489e-02, -2.6181e-02,  2.8892e-02],
          [ 2.3611e-02, -1.8694e-02, -2.0489e-02],
          [ 1.6869e-02, -2.0115e-02, -7.7354e-03]],

         [[-1.6293e-03, -2.3505e-02,  2.6603e-02],
          [-1.5141e-02,  1.4336e-02,  1.9327e-02],
          [-1.3092e-02,  8.4905e-05, -1.6437e-02]],

         ...,

         [[ 2.4230e-02,  2.3212e-02, -9.3572e-03],
          [ 1.2440e-02, -1.2730e-02,  4.9387e-03],
          [-1.2707e-02, -2.6328e-03, -2.8440e-02]],

         [[ 1.8817e-02, -1.6942e-03,  1.4263e-02],
          [ 5.9439e-03,  3.0689e-03, -2.1509e-02],
          [-2.5877e-02, -5.1206e-03,  2.5604e-02]],

         [[ 1.1791e-02, -2.1336e-02,  1.8999e-02],
          [-2.3789e-02, -2.5731e-02, -5.7973e-04],
          [-1.8093e-02,  2.0046e-02,  1.4949e-04]]],


        [[[ 5.1034e-04, -2.0862e-02, -1.6782e-02],
          [ 2.2357e-02,  1.3764e-02,  2.6146e-02],
          [-5.5444e-03, -9.2596e-03, -1.5553e-02]],

         [[-2.0861e-02, -1.9828e-02, -2.0723e-02],
          [-1.7508e-03, -2.5704e-02, -4.5582e-03],
          [ 1.9524e-02,  2.7337e-02, -7.5567e-03]],

         [[ 2.7167e-03,  2.7563e-02,  1.4874e-02],
          [ 2.8831e-02, -1.8834e-02,  1.5755e-02],
          [-1.1499e-02, -7.3707e-03,  1.1581e-03]],

         ...,

         [[ 6.0552e-03,  2.5980e-03,  3.5686e-03],
          [ 1.4380e-04, -1.6425e-03, -1.0502e-02],
          [-9.5546e-04,  1.7967e-02, -1.9623e-02]],

         [[ 1.4083e-02, -1.2481e-02,  1.7356e-02],
          [-5.7888e-03,  5.8139e-03, -2.1924e-02],
          [-1.3787e-03, -2.4819e-02, -3.3817e-03]],

         [[-9.7104e-03, -2.5786e-02,  8.3460e-03],
          [-1.5572e-02, -2.9088e-02, -1.2074e-02],
          [ 1.8484e-02,  1.2314e-02, -9.4733e-04]]]], device='cuda:0',
       requires_grad=True)
parameters of the network conv3.bias 
 torch.Size([64]) 
 True 
 tensor([-0.0103, -0.0257, -0.0250, -0.0174,  0.0033,  0.0225,  0.0084, -0.0281,
        -0.0026, -0.0116, -0.0017,  0.0175,  0.0221, -0.0206,  0.0265, -0.0182,
         0.0058,  0.0141,  0.0116, -0.0243, -0.0168, -0.0023,  0.0102,  0.0219,
        -0.0208, -0.0269, -0.0065,  0.0238,  0.0015,  0.0229,  0.0150, -0.0012,
         0.0162,  0.0112,  0.0205,  0.0166, -0.0149, -0.0013,  0.0108,  0.0254,
        -0.0237,  0.0142,  0.0258, -0.0039,  0.0011, -0.0164, -0.0061,  0.0074,
         0.0116, -0.0227, -0.0043,  0.0011, -0.0124,  0.0265,  0.0287,  0.0010,
        -0.0277,  0.0120, -0.0121, -0.0031,  0.0209,  0.0279,  0.0183, -0.0134],
       device='cuda:0') 
 Parameter containing:
tensor([-0.0103, -0.0257, -0.0250, -0.0174,  0.0033,  0.0225,  0.0084, -0.0281,
        -0.0026, -0.0116, -0.0017,  0.0175,  0.0221, -0.0206,  0.0265, -0.0182,
         0.0058,  0.0141,  0.0116, -0.0243, -0.0168, -0.0023,  0.0102,  0.0219,
        -0.0208, -0.0269, -0.0065,  0.0238,  0.0015,  0.0229,  0.0150, -0.0012,
         0.0162,  0.0112,  0.0205,  0.0166, -0.0149, -0.0013,  0.0108,  0.0254,
        -0.0237,  0.0142,  0.0258, -0.0039,  0.0011, -0.0164, -0.0061,  0.0074,
         0.0116, -0.0227, -0.0043,  0.0011, -0.0124,  0.0265,  0.0287,  0.0010,
        -0.0277,  0.0120, -0.0121, -0.0031,  0.0209,  0.0279,  0.0183, -0.0134],
       device='cuda:0', requires_grad=True)
parameters of the network fc1.weight 
 torch.Size([256, 667776]) 
 True 
 tensor([[ 1.1634e-03,  1.5206e-04, -6.7810e-04,  ...,  9.4792e-04,
          6.7575e-05, -3.3942e-04],
        [-5.9228e-04,  5.9419e-04,  6.6800e-04,  ..., -2.8311e-04,
          1.1107e-03, -5.0466e-04],
        [ 1.0628e-03, -8.2331e-05, -2.0076e-05,  ...,  7.6212e-04,
          1.8561e-04,  4.3390e-04],
        ...,
        [-5.7221e-04, -1.0111e-03, -8.0609e-04,  ...,  3.2257e-04,
          8.0142e-04, -3.9550e-04],
        [-8.0461e-04,  4.7299e-04,  2.0209e-04,  ...,  6.9583e-04,
         -8.5600e-04, -7.5509e-04],
        [-3.5698e-04, -9.4973e-04, -9.1032e-04,  ...,  1.2955e-05,
         -1.0816e-03,  4.2960e-04]], device='cuda:0') 
 Parameter containing:
tensor([[ 1.1634e-03,  1.5206e-04, -6.7810e-04,  ...,  9.4792e-04,
          6.7575e-05, -3.3942e-04],
        [-5.9228e-04,  5.9419e-04,  6.6800e-04,  ..., -2.8311e-04,
          1.1107e-03, -5.0466e-04],
        [ 1.0628e-03, -8.2331e-05, -2.0076e-05,  ...,  7.6212e-04,
          1.8561e-04,  4.3390e-04],
        ...,
        [-5.7221e-04, -1.0111e-03, -8.0609e-04,  ...,  3.2257e-04,
          8.0142e-04, -3.9550e-04],
        [-8.0461e-04,  4.7299e-04,  2.0209e-04,  ...,  6.9583e-04,
         -8.5600e-04, -7.5509e-04],
        [-3.5698e-04, -9.4973e-04, -9.1032e-04,  ...,  1.2955e-05,
         -1.0816e-03,  4.2960e-04]], device='cuda:0', requires_grad=True)
parameters of the network fc1.bias 
 torch.Size([256]) 
 True 
 tensor([ 3.3307e-04, -4.7245e-04, -4.7508e-05,  3.0103e-04,  7.4674e-04,
         1.2189e-03,  4.0952e-04,  4.8241e-04, -7.7230e-04,  9.2375e-04,
        -3.7301e-04,  6.6032e-04, -4.2448e-04, -2.9474e-04,  7.5618e-04,
        -1.2067e-03, -8.5300e-04,  2.8678e-04, -7.2405e-04, -5.8584e-04,
         7.8994e-04,  1.2142e-04, -2.5610e-04,  9.3177e-04,  1.2063e-03,
        -3.7349e-04,  3.1313e-04,  7.2775e-04, -4.0333e-04,  9.2736e-04,
        -4.6521e-04, -4.8744e-04,  5.4909e-04,  6.2719e-04,  8.3693e-04,
         5.2381e-05, -7.2046e-04,  8.2448e-04,  1.1129e-03, -1.1436e-03,
         1.1557e-03, -9.1046e-04, -8.0589e-04, -5.8653e-04,  7.8717e-04,
        -4.6049e-04, -8.6895e-04, -7.5408e-04,  7.1151e-04, -4.4861e-04,
         9.5408e-04, -4.3394e-04,  1.1514e-03,  1.1469e-03, -7.4668e-05,
        -3.6592e-05, -5.5590e-05, -9.8719e-04,  1.6725e-04,  1.8624e-04,
         4.1577e-04, -5.6725e-04,  5.6738e-04,  7.0184e-04, -9.6950e-04,
         1.1493e-03,  6.1763e-04,  9.8255e-04,  7.0890e-04, -9.4518e-04,
         5.0896e-05,  8.0388e-04, -8.8574e-04, -3.1363e-04, -6.5128e-04,
        -4.2393e-04, -6.8292e-04, -2.9213e-04,  5.2429e-04,  1.8642e-04,
         8.1881e-04,  4.4960e-04,  1.0264e-03,  6.6725e-04,  1.1042e-03,
         7.3233e-05,  5.4044e-04, -4.9651e-04,  2.4545e-04, -2.3157e-04,
         6.8579e-04,  1.0806e-03, -1.2187e-03,  1.0442e-04, -4.8737e-04,
        -1.4960e-04,  9.6884e-04,  4.4776e-04, -3.0640e-04,  1.0327e-03,
         1.9958e-04, -9.3934e-04, -7.2495e-04, -1.4310e-04,  6.8111e-04,
         6.1485e-04, -6.9675e-04,  6.4648e-04, -1.0989e-03,  2.4122e-04,
        -9.8856e-04,  6.1511e-04, -3.8156e-04, -1.0999e-03,  8.1132e-05,
         8.6114e-04, -1.1960e-03, -6.4789e-04, -1.3658e-04, -2.0531e-04,
        -3.2788e-04,  7.0388e-04, -7.9783e-05,  7.0151e-04,  6.9845e-04,
         3.2857e-04, -8.2098e-04, -9.4634e-04,  4.0100e-04,  4.4526e-04,
        -3.7130e-04,  3.0174e-04, -8.3136e-04,  5.4217e-04,  1.0578e-03,
        -5.3470e-04,  8.0518e-04,  8.9971e-04, -1.8627e-04, -1.0760e-03,
        -9.0655e-04, -4.6005e-04,  3.8223e-04, -2.8872e-04,  2.1274e-04,
        -9.9685e-04, -8.6172e-04,  6.4160e-04,  1.7991e-05, -1.0473e-03,
         3.9768e-04,  1.9614e-04,  7.7976e-04,  7.1478e-04,  2.7132e-04,
        -7.8415e-04, -9.1953e-04, -4.9140e-04, -6.6844e-04, -7.2561e-04,
         9.8513e-04, -3.5239e-04, -1.0930e-05,  9.6924e-05, -2.6491e-04,
        -9.7399e-04, -8.1890e-04, -1.9007e-04, -5.2035e-04, -5.2725e-04,
        -3.0589e-04, -5.4707e-04, -8.7391e-04,  3.4139e-04,  5.6642e-04,
         3.6467e-04, -5.9556e-04, -4.1764e-04,  3.9674e-04, -1.1733e-03,
         1.1148e-04, -8.5257e-04, -5.7482e-04,  1.8084e-04,  8.0541e-04,
         7.0128e-04,  1.0108e-03, -6.8403e-04,  4.6699e-04,  1.2155e-04,
         8.4672e-04,  9.2297e-05, -2.7772e-04, -7.5381e-05,  1.0856e-03,
        -2.7240e-04, -3.2613e-04, -2.6151e-04, -3.8389e-04, -1.1635e-03,
        -5.6980e-04, -8.5152e-04,  5.4626e-04, -8.9422e-04, -1.1291e-03,
        -1.1981e-04,  1.1946e-03,  7.8714e-04, -1.1285e-03, -9.7430e-04,
        -7.0044e-04, -1.1345e-03,  1.0815e-03, -1.0994e-03, -9.3812e-04,
         1.7071e-04, -8.3652e-04, -7.3062e-04,  8.9271e-04,  3.2257e-04,
        -4.3604e-04, -7.4813e-06,  5.0861e-04,  5.6754e-04, -1.0712e-03,
         7.3100e-04, -6.1837e-05,  3.8661e-04, -1.2097e-03,  7.8536e-04,
        -5.4683e-05, -6.4925e-04,  5.9505e-04, -6.1679e-04,  1.2019e-04,
         5.5712e-04,  1.1167e-03,  6.6606e-05, -8.6878e-05, -7.1462e-04,
        -1.1948e-03, -8.3119e-04,  1.2031e-03,  3.8547e-04, -3.8015e-04,
         7.3241e-04,  9.6223e-04,  1.8466e-04, -7.1737e-04,  8.4051e-04,
        -1.0665e-03, -8.8221e-04,  9.0148e-05, -5.5001e-04, -6.4552e-04,
        -2.3648e-04], device='cuda:0') 
 Parameter containing:
tensor([ 3.3307e-04, -4.7245e-04, -4.7508e-05,  3.0103e-04,  7.4674e-04,
         1.2189e-03,  4.0952e-04,  4.8241e-04, -7.7230e-04,  9.2375e-04,
        -3.7301e-04,  6.6032e-04, -4.2448e-04, -2.9474e-04,  7.5618e-04,
        -1.2067e-03, -8.5300e-04,  2.8678e-04, -7.2405e-04, -5.8584e-04,
         7.8994e-04,  1.2142e-04, -2.5610e-04,  9.3177e-04,  1.2063e-03,
        -3.7349e-04,  3.1313e-04,  7.2775e-04, -4.0333e-04,  9.2736e-04,
        -4.6521e-04, -4.8744e-04,  5.4909e-04,  6.2719e-04,  8.3693e-04,
         5.2381e-05, -7.2046e-04,  8.2448e-04,  1.1129e-03, -1.1436e-03,
         1.1557e-03, -9.1046e-04, -8.0589e-04, -5.8653e-04,  7.8717e-04,
        -4.6049e-04, -8.6895e-04, -7.5408e-04,  7.1151e-04, -4.4861e-04,
         9.5408e-04, -4.3394e-04,  1.1514e-03,  1.1469e-03, -7.4668e-05,
        -3.6592e-05, -5.5590e-05, -9.8719e-04,  1.6725e-04,  1.8624e-04,
         4.1577e-04, -5.6725e-04,  5.6738e-04,  7.0184e-04, -9.6950e-04,
         1.1493e-03,  6.1763e-04,  9.8255e-04,  7.0890e-04, -9.4518e-04,
         5.0896e-05,  8.0388e-04, -8.8574e-04, -3.1363e-04, -6.5128e-04,
        -4.2393e-04, -6.8292e-04, -2.9213e-04,  5.2429e-04,  1.8642e-04,
         8.1881e-04,  4.4960e-04,  1.0264e-03,  6.6725e-04,  1.1042e-03,
         7.3233e-05,  5.4044e-04, -4.9651e-04,  2.4545e-04, -2.3157e-04,
         6.8579e-04,  1.0806e-03, -1.2187e-03,  1.0442e-04, -4.8737e-04,
        -1.4960e-04,  9.6884e-04,  4.4776e-04, -3.0640e-04,  1.0327e-03,
         1.9958e-04, -9.3934e-04, -7.2495e-04, -1.4310e-04,  6.8111e-04,
         6.1485e-04, -6.9675e-04,  6.4648e-04, -1.0989e-03,  2.4122e-04,
        -9.8856e-04,  6.1511e-04, -3.8156e-04, -1.0999e-03,  8.1132e-05,
         8.6114e-04, -1.1960e-03, -6.4789e-04, -1.3658e-04, -2.0531e-04,
        -3.2788e-04,  7.0388e-04, -7.9783e-05,  7.0151e-04,  6.9845e-04,
         3.2857e-04, -8.2098e-04, -9.4634e-04,  4.0100e-04,  4.4526e-04,
        -3.7130e-04,  3.0174e-04, -8.3136e-04,  5.4217e-04,  1.0578e-03,
        -5.3470e-04,  8.0518e-04,  8.9971e-04, -1.8627e-04, -1.0760e-03,
        -9.0655e-04, -4.6005e-04,  3.8223e-04, -2.8872e-04,  2.1274e-04,
        -9.9685e-04, -8.6172e-04,  6.4160e-04,  1.7991e-05, -1.0473e-03,
         3.9768e-04,  1.9614e-04,  7.7976e-04,  7.1478e-04,  2.7132e-04,
        -7.8415e-04, -9.1953e-04, -4.9140e-04, -6.6844e-04, -7.2561e-04,
         9.8513e-04, -3.5239e-04, -1.0930e-05,  9.6924e-05, -2.6491e-04,
        -9.7399e-04, -8.1890e-04, -1.9007e-04, -5.2035e-04, -5.2725e-04,
        -3.0589e-04, -5.4707e-04, -8.7391e-04,  3.4139e-04,  5.6642e-04,
         3.6467e-04, -5.9556e-04, -4.1764e-04,  3.9674e-04, -1.1733e-03,
         1.1148e-04, -8.5257e-04, -5.7482e-04,  1.8084e-04,  8.0541e-04,
         7.0128e-04,  1.0108e-03, -6.8403e-04,  4.6699e-04,  1.2155e-04,
         8.4672e-04,  9.2297e-05, -2.7772e-04, -7.5381e-05,  1.0856e-03,
        -2.7240e-04, -3.2613e-04, -2.6151e-04, -3.8389e-04, -1.1635e-03,
        -5.6980e-04, -8.5152e-04,  5.4626e-04, -8.9422e-04, -1.1291e-03,
        -1.1981e-04,  1.1946e-03,  7.8714e-04, -1.1285e-03, -9.7430e-04,
        -7.0044e-04, -1.1345e-03,  1.0815e-03, -1.0994e-03, -9.3812e-04,
         1.7071e-04, -8.3652e-04, -7.3062e-04,  8.9271e-04,  3.2257e-04,
        -4.3604e-04, -7.4813e-06,  5.0861e-04,  5.6754e-04, -1.0712e-03,
         7.3100e-04, -6.1837e-05,  3.8661e-04, -1.2097e-03,  7.8536e-04,
        -5.4683e-05, -6.4925e-04,  5.9505e-04, -6.1679e-04,  1.2019e-04,
         5.5712e-04,  1.1167e-03,  6.6606e-05, -8.6878e-05, -7.1462e-04,
        -1.1948e-03, -8.3119e-04,  1.2031e-03,  3.8547e-04, -3.8015e-04,
         7.3241e-04,  9.6223e-04,  1.8466e-04, -7.1737e-04,  8.4051e-04,
        -1.0665e-03, -8.8221e-04,  9.0148e-05, -5.5001e-04, -6.4552e-04,
        -2.3648e-04], device='cuda:0', requires_grad=True)
parameters of the network fc2.weight 
 torch.Size([128, 256]) 
 True 
 tensor([[-0.0151, -0.0120, -0.0614,  ...,  0.0452,  0.0384, -0.0125],
        [ 0.0353,  0.0080,  0.0089,  ..., -0.0036, -0.0316,  0.0499],
        [ 0.0419,  0.0615,  0.0386,  ..., -0.0418, -0.0190, -0.0402],
        ...,
        [ 0.0544, -0.0452, -0.0176,  ..., -0.0271,  0.0040,  0.0356],
        [-0.0547, -0.0211,  0.0084,  ..., -0.0504,  0.0133,  0.0342],
        [ 0.0215,  0.0472, -0.0479,  ..., -0.0539, -0.0415, -0.0137]],
       device='cuda:0') 
 Parameter containing:
tensor([[-0.0151, -0.0120, -0.0614,  ...,  0.0452,  0.0384, -0.0125],
        [ 0.0353,  0.0080,  0.0089,  ..., -0.0036, -0.0316,  0.0499],
        [ 0.0419,  0.0615,  0.0386,  ..., -0.0418, -0.0190, -0.0402],
        ...,
        [ 0.0544, -0.0452, -0.0176,  ..., -0.0271,  0.0040,  0.0356],
        [-0.0547, -0.0211,  0.0084,  ..., -0.0504,  0.0133,  0.0342],
        [ 0.0215,  0.0472, -0.0479,  ..., -0.0539, -0.0415, -0.0137]],
       device='cuda:0', requires_grad=True)
parameters of the network fc2.bias 
 torch.Size([128]) 
 True 
 tensor([-0.0126, -0.0397,  0.0034, -0.0192, -0.0161,  0.0013, -0.0560,  0.0127,
         0.0056,  0.0086, -0.0444, -0.0245,  0.0005, -0.0122,  0.0351,  0.0153,
        -0.0021, -0.0512,  0.0117,  0.0148, -0.0378, -0.0208,  0.0576, -0.0596,
         0.0150,  0.0536,  0.0215,  0.0515,  0.0356,  0.0589, -0.0086, -0.0006,
         0.0202, -0.0306,  0.0149, -0.0210, -0.0614, -0.0113,  0.0090, -0.0256,
         0.0016,  0.0430,  0.0501,  0.0097,  0.0597, -0.0064, -0.0130,  0.0111,
        -0.0285,  0.0596,  0.0435,  0.0172, -0.0025,  0.0236, -0.0108, -0.0366,
         0.0086, -0.0129, -0.0131,  0.0383, -0.0574, -0.0423, -0.0325,  0.0092,
        -0.0373, -0.0340,  0.0326,  0.0624, -0.0585,  0.0188, -0.0457,  0.0489,
         0.0576,  0.0142,  0.0250, -0.0330, -0.0052, -0.0183, -0.0520, -0.0439,
         0.0439, -0.0506,  0.0262,  0.0444,  0.0483,  0.0563,  0.0365, -0.0315,
         0.0389, -0.0498, -0.0482,  0.0103, -0.0295, -0.0114, -0.0308, -0.0611,
        -0.0534, -0.0067, -0.0182,  0.0333, -0.0190, -0.0171,  0.0553,  0.0114,
        -0.0281,  0.0530, -0.0228,  0.0026,  0.0010,  0.0394,  0.0213, -0.0182,
        -0.0609, -0.0043,  0.0289,  0.0032,  0.0453, -0.0114, -0.0174, -0.0390,
        -0.0338,  0.0380, -0.0230, -0.0491,  0.0395, -0.0247, -0.0268,  0.0114],
       device='cuda:0') 
 Parameter containing:
tensor([-0.0126, -0.0397,  0.0034, -0.0192, -0.0161,  0.0013, -0.0560,  0.0127,
         0.0056,  0.0086, -0.0444, -0.0245,  0.0005, -0.0122,  0.0351,  0.0153,
        -0.0021, -0.0512,  0.0117,  0.0148, -0.0378, -0.0208,  0.0576, -0.0596,
         0.0150,  0.0536,  0.0215,  0.0515,  0.0356,  0.0589, -0.0086, -0.0006,
         0.0202, -0.0306,  0.0149, -0.0210, -0.0614, -0.0113,  0.0090, -0.0256,
         0.0016,  0.0430,  0.0501,  0.0097,  0.0597, -0.0064, -0.0130,  0.0111,
        -0.0285,  0.0596,  0.0435,  0.0172, -0.0025,  0.0236, -0.0108, -0.0366,
         0.0086, -0.0129, -0.0131,  0.0383, -0.0574, -0.0423, -0.0325,  0.0092,
        -0.0373, -0.0340,  0.0326,  0.0624, -0.0585,  0.0188, -0.0457,  0.0489,
         0.0576,  0.0142,  0.0250, -0.0330, -0.0052, -0.0183, -0.0520, -0.0439,
         0.0439, -0.0506,  0.0262,  0.0444,  0.0483,  0.0563,  0.0365, -0.0315,
         0.0389, -0.0498, -0.0482,  0.0103, -0.0295, -0.0114, -0.0308, -0.0611,
        -0.0534, -0.0067, -0.0182,  0.0333, -0.0190, -0.0171,  0.0553,  0.0114,
        -0.0281,  0.0530, -0.0228,  0.0026,  0.0010,  0.0394,  0.0213, -0.0182,
        -0.0609, -0.0043,  0.0289,  0.0032,  0.0453, -0.0114, -0.0174, -0.0390,
        -0.0338,  0.0380, -0.0230, -0.0491,  0.0395, -0.0247, -0.0268,  0.0114],
       device='cuda:0', requires_grad=True)
parameters of the network fc3.weight 
 torch.Size([64, 128]) 
 True 
 tensor([[-4.8734e-02,  1.4783e-02,  7.7121e-02,  ...,  7.0877e-02,
         -7.1516e-02, -3.0046e-02],
        [ 5.4836e-02, -8.4505e-02,  6.4007e-02,  ...,  1.0236e-02,
         -1.7262e-02,  2.2026e-03],
        [-4.9965e-02, -1.8611e-02, -5.3339e-03,  ..., -3.7414e-02,
         -7.6106e-03, -2.1152e-02],
        ...,
        [ 7.2483e-02, -7.8252e-03, -2.4191e-02,  ..., -2.0170e-02,
          5.4844e-02, -7.2741e-02],
        [ 4.3849e-02,  6.4495e-02, -3.9430e-02,  ...,  1.5076e-02,
         -5.9437e-02,  2.0577e-02],
        [ 6.3357e-02, -2.8324e-02,  8.6276e-02,  ...,  8.0342e-05,
         -5.8842e-02, -8.4666e-02]], device='cuda:0') 
 Parameter containing:
tensor([[-4.8734e-02,  1.4783e-02,  7.7121e-02,  ...,  7.0877e-02,
         -7.1516e-02, -3.0046e-02],
        [ 5.4836e-02, -8.4505e-02,  6.4007e-02,  ...,  1.0236e-02,
         -1.7262e-02,  2.2026e-03],
        [-4.9965e-02, -1.8611e-02, -5.3339e-03,  ..., -3.7414e-02,
         -7.6106e-03, -2.1152e-02],
        ...,
        [ 7.2483e-02, -7.8252e-03, -2.4191e-02,  ..., -2.0170e-02,
          5.4844e-02, -7.2741e-02],
        [ 4.3849e-02,  6.4495e-02, -3.9430e-02,  ...,  1.5076e-02,
         -5.9437e-02,  2.0577e-02],
        [ 6.3357e-02, -2.8324e-02,  8.6276e-02,  ...,  8.0342e-05,
         -5.8842e-02, -8.4666e-02]], device='cuda:0', requires_grad=True)
parameters of the network fc3.bias 
 torch.Size([64]) 
 True 
 tensor([ 0.0257,  0.0643, -0.0883, -0.0884,  0.0289,  0.0143, -0.0443, -0.0323,
        -0.0452,  0.0432, -0.0288, -0.0737,  0.0743,  0.0019, -0.0092,  0.0807,
         0.0341,  0.0726,  0.0404,  0.0438, -0.0130, -0.0136,  0.0494,  0.0717,
        -0.0531,  0.0509,  0.0597, -0.0743,  0.0604, -0.0531, -0.0475, -0.0297,
        -0.0208, -0.0205, -0.0239, -0.0357,  0.0388,  0.0226, -0.0001, -0.0047,
        -0.0163,  0.0567,  0.0224,  0.0180,  0.0696, -0.0689,  0.0680,  0.0822,
         0.0565, -0.0120, -0.0223,  0.0707,  0.0542,  0.0218, -0.0782, -0.0773,
        -0.0810,  0.0152, -0.0656,  0.0692,  0.0669, -0.0158,  0.0758, -0.0343],
       device='cuda:0') 
 Parameter containing:
tensor([ 0.0257,  0.0643, -0.0883, -0.0884,  0.0289,  0.0143, -0.0443, -0.0323,
        -0.0452,  0.0432, -0.0288, -0.0737,  0.0743,  0.0019, -0.0092,  0.0807,
         0.0341,  0.0726,  0.0404,  0.0438, -0.0130, -0.0136,  0.0494,  0.0717,
        -0.0531,  0.0509,  0.0597, -0.0743,  0.0604, -0.0531, -0.0475, -0.0297,
        -0.0208, -0.0205, -0.0239, -0.0357,  0.0388,  0.0226, -0.0001, -0.0047,
        -0.0163,  0.0567,  0.0224,  0.0180,  0.0696, -0.0689,  0.0680,  0.0822,
         0.0565, -0.0120, -0.0223,  0.0707,  0.0542,  0.0218, -0.0782, -0.0773,
        -0.0810,  0.0152, -0.0656,  0.0692,  0.0669, -0.0158,  0.0758, -0.0343],
       device='cuda:0', requires_grad=True)
parameters of the network fc4.weight 
 torch.Size([6796, 64]) 
 True 
 tensor([[-0.0041, -0.0754,  0.0299,  ..., -0.0897, -0.0168,  0.1228],
        [ 0.0111,  0.0402, -0.0542,  ...,  0.0974, -0.0271,  0.0957],
        [-0.0465,  0.0558,  0.0488,  ...,  0.1041,  0.0846,  0.0604],
        ...,
        [-0.1033, -0.0866, -0.0735,  ...,  0.0139, -0.0427,  0.1121],
        [-0.1161,  0.0571, -0.1044,  ..., -0.0600,  0.0181, -0.0525],
        [ 0.0392,  0.1029,  0.1168,  ...,  0.0351,  0.0346, -0.0563]],
       device='cuda:0') 
 Parameter containing:
tensor([[-0.0041, -0.0754,  0.0299,  ..., -0.0897, -0.0168,  0.1228],
        [ 0.0111,  0.0402, -0.0542,  ...,  0.0974, -0.0271,  0.0957],
        [-0.0465,  0.0558,  0.0488,  ...,  0.1041,  0.0846,  0.0604],
        ...,
        [-0.1033, -0.0866, -0.0735,  ...,  0.0139, -0.0427,  0.1121],
        [-0.1161,  0.0571, -0.1044,  ..., -0.0600,  0.0181, -0.0525],
        [ 0.0392,  0.1029,  0.1168,  ...,  0.0351,  0.0346, -0.0563]],
       device='cuda:0', requires_grad=True)
parameters of the network fc4.bias 
 torch.Size([6796]) 
 True 
 tensor([-0.0497,  0.0895,  0.1132,  ...,  0.1167, -0.0318,  0.0540],
       device='cuda:0') 
 Parameter containing:
tensor([-0.0497,  0.0895,  0.1132,  ...,  0.1167, -0.0318,  0.0540],
       device='cuda:0', requires_grad=True)
Traceback (most recent call last):
  File "/hpcfs/bes/mlgpu/hoseinkk/MLTracking/otherparticles/pppipi/pyt_pppipi_cnn_1/./Model.py", line 105, in <module>
    result1 = net(TraTen.view(-1,1,43,288)[EvBTr])
  File "/hpcfs/bes/mlgpu/hoseinkk/Miniconda3/envs/dgl1/lib/python3.9/site-packages/torch/nn/modules/module.py", line 1102, in _call_impl
    return forward_call(*input, **kwargs)
  File "/hpcfs/bes/mlgpu/hoseinkk/MLTracking/otherparticles/pppipi/pyt_pppipi_cnn_1/./Model.py", line 27, in forward
    x = F.relu(self.conv1(x))
  File "/hpcfs/bes/mlgpu/hoseinkk/Miniconda3/envs/dgl1/lib/python3.9/site-packages/torch/nn/modules/module.py", line 1102, in _call_impl
    return forward_call(*input, **kwargs)
  File "/hpcfs/bes/mlgpu/hoseinkk/Miniconda3/envs/dgl1/lib/python3.9/site-packages/torch/nn/modules/conv.py", line 446, in forward
    return self._conv_forward(input, self.weight, self.bias)
  File "/hpcfs/bes/mlgpu/hoseinkk/Miniconda3/envs/dgl1/lib/python3.9/site-packages/torch/nn/modules/conv.py", line 442, in _conv_forward
    return F.conv2d(input, weight, bias, self.stride,
RuntimeError: Expected 4-dimensional input for 4-dimensional weight [256, 1, 3, 3], but got 3-dimensional input of size [1, 43, 288] instead

real	0m14.329s
user	0m8.992s
sys	0m3.632s
