0: gpu016.ihep.ac.cn
GPU 0: Tesla V100-SXM2-32GB (UUID: GPU-d9a59e1e-438e-5d0e-d726-afe9140917f2)
Allocate GPU cards : 0

modinfo:
filename:       /lib/modules/3.10.0-1160.71.1.el7.x86_64/extra/nvidia.ko.xz
firmware:       nvidia/515.65.01/gsp.bin
alias:          char-major-195-*
version:        515.65.01
supported:      external
license:        NVIDIA
retpoline:      Y
rhelversion:    7.9
srcversion:     8049D44E2C1B08F41E1B8A6
alias:          pci:v000010DEd*sv*sd*bc06sc80i00*
alias:          pci:v000010DEd*sv*sd*bc03sc02i00*
alias:          pci:v000010DEd*sv*sd*bc03sc00i00*
depends:        drm
vermagic:       3.10.0-1160.71.1.el7.x86_64 SMP mod_unload modversions 
signer:         DKMS module signing key
sig_key:        A2:17:1D:79:E5:47:38:13:77:F2:EE:66:EA:5D:DB:A0:A1:CA:F4:E7
sig_hashalgo:   sha512
parm:           NvSwitchRegDwords:NvSwitch regkey (charp)
parm:           NvSwitchBlacklist:NvSwitchBlacklist=uuid[,uuid...] (charp)
parm:           NVreg_ResmanDebugLevel:int
parm:           NVreg_RmLogonRC:int
parm:           NVreg_ModifyDeviceFiles:int
parm:           NVreg_DeviceFileUID:int
parm:           NVreg_DeviceFileGID:int
parm:           NVreg_DeviceFileMode:int
parm:           NVreg_InitializeSystemMemoryAllocations:int
parm:           NVreg_UsePageAttributeTable:int
parm:           NVreg_EnablePCIeGen3:int
parm:           NVreg_EnableMSI:int
parm:           NVreg_TCEBypassMode:int
parm:           NVreg_EnableStreamMemOPs:int
parm:           NVreg_RestrictProfilingToAdminUsers:int
parm:           NVreg_PreserveVideoMemoryAllocations:int
parm:           NVreg_EnableS0ixPowerManagement:int
parm:           NVreg_S0ixPowerManagementVideoMemoryThreshold:int
parm:           NVreg_DynamicPowerManagement:int
parm:           NVreg_DynamicPowerManagementVideoMemoryThreshold:int
parm:           NVreg_EnableGpuFirmware:int
parm:           NVreg_EnableGpuFirmwareLogs:int
parm:           NVreg_OpenRmEnableUnsupportedGpus:int
parm:           NVreg_EnableUserNUMAManagement:int
parm:           NVreg_MemoryPoolSize:int
parm:           NVreg_KMallocHeapMaxSize:int
parm:           NVreg_VMallocHeapMaxSize:int
parm:           NVreg_IgnoreMMIOCheck:int
parm:           NVreg_NvLinkDisable:int
parm:           NVreg_EnablePCIERelaxedOrderingMode:int
parm:           NVreg_RegisterPCIDriver:int
parm:           NVreg_EnableDbgBreakpoint:int
parm:           NVreg_RegistryDwords:charp
parm:           NVreg_RegistryDwordsPerDevice:charp
parm:           NVreg_RmMsg:charp
parm:           NVreg_GpuBlacklist:charp
parm:           NVreg_TemporaryFilePath:charp
parm:           NVreg_ExcludedGpus:charp
parm:           NVreg_DmaRemapPeerMmio:int
parm:           rm_firmware_active:charp

nvidia-smi:
Mon Aug 29 19:42:16 2022       
+-----------------------------------------------------------------------------+
| NVIDIA-SMI 515.65.01    Driver Version: 515.65.01    CUDA Version: 11.7     |
|-------------------------------+----------------------+----------------------+
| GPU  Name        Persistence-M| Bus-Id        Disp.A | Volatile Uncorr. ECC |
| Fan  Temp  Perf  Pwr:Usage/Cap|         Memory-Usage | GPU-Util  Compute M. |
|                               |                      |               MIG M. |
|===============================+======================+======================|
|   0  Tesla V100-SXM2...  On   | 00000000:1F:00.0 Off |                    0 |
| N/A   39C    P0    45W / 300W |      0MiB / 32768MiB |      0%      Default |
|                               |                      |                  N/A |
+-------------------------------+----------------------+----------------------+
                                                                               
+-----------------------------------------------------------------------------+
| Processes:                                                                  |
|  GPU   GI   CI        PID   Type   Process name                  GPU Memory |
|        ID   ID                                                   Usage      |
|=============================================================================|
|  No running processes found                                                 |
+-----------------------------------------------------------------------------+

nvcc --version:
nvcc: NVIDIA (R) Cuda compiler driver
Copyright (c) 2005-2021 NVIDIA Corporation
Built on Sun_Mar_21_19:15:46_PDT_2021
Cuda compilation tools, release 11.3, V11.3.58
Build cuda_11.3.r11.3/compiler.29745058_0

 torch version: 1.10.2

 cuda version: 11.3

 is cuda available: True

 CUDNN VERSION: 8200

 Number CUDA Devices: 1

 CUDA Device Name: Tesla V100-SXM2-32GB

 CUDA Device Total Memory [GB]: 34.089926656

 Device capability: (7, 0) 

 Cuda deviice: <torch.cuda.device object at 0x2ad6bc7068e0> 

 Is cuda initialized: True

 CUDA_HOME: /hpcfs/bes/mlgpu/hoseinkk/Miniconda3/envs/dgl1

real	0m3.997s
user	0m2.489s
sys	0m0.717s
/hpcfs/bes/mlgpu/hoseinkk/Miniconda3/envs/dgl1/lib/python3.9/site-packages/cupy/_environment.py:438: UserWarning: 
--------------------------------------------------------------------------------

  CuPy may not function correctly because multiple CuPy packages are installed
  in your environment:

    cupy, cupy-cuda110

  Follow these steps to resolve this issue:

    1. For all packages listed above, run the following command to remove all
       existing CuPy installations:

         $ pip uninstall <package_name>

      If you previously installed CuPy via conda, also run the following:

         $ conda uninstall cupy

    2. Install the appropriate CuPy package.
       Refer to the Installation Guide for detailed instructions.

         https://docs.cupy.dev/en/stable/install.html

--------------------------------------------------------------------------------

  warnings.warn(f'''
/hpcfs/bes/mlgpu/hoseinkk/Miniconda3/envs/dgl1/lib/python3.9/site-packages/torch/nn/functional.py:1806: UserWarning: nn.functional.sigmoid is deprecated. Use torch.sigmoid instead.
  warnings.warn("nn.functional.sigmoid is deprecated. Use torch.sigmoid instead.")





 Loading data ... 



training set shape (20000, 43, 288) 
sum 5279207

target set shape (20000, 6796) 
sum 4575851




 The Network ... 


Net(
  (conv1): Conv2d(1, 256, kernel_size=(3, 3), stride=(1, 1))
  (conv2): Conv2d(256, 128, kernel_size=(3, 3), stride=(1, 1))
  (conv3): Conv2d(128, 64, kernel_size=(3, 3), stride=(1, 1))
  (fc1): Linear(in_features=667776, out_features=256, bias=True)
  (fc2): Linear(in_features=256, out_features=128, bias=True)
  (fc3): Linear(in_features=128, out_features=64, bias=True)
  (fc4): Linear(in_features=64, out_features=6796, bias=True)
)

number of the free parameters: 171805196
parameters of the network conv1.weight 
 torch.Size([256, 1, 3, 3]) 
 True 
 tensor([[[[ 0.2301,  0.2223, -0.1868],
          [-0.3166,  0.2044,  0.3185],
          [-0.1132, -0.1431,  0.2897]]],


        [[[-0.2610,  0.2380,  0.2553],
          [-0.2545, -0.1054,  0.1611],
          [ 0.1601,  0.0759, -0.0859]]],


        [[[ 0.0252,  0.2911,  0.0078],
          [-0.3283, -0.0307,  0.2547],
          [ 0.1898,  0.3175, -0.1865]]],


        ...,


        [[[-0.0674, -0.2926, -0.0127],
          [ 0.0639,  0.1917, -0.2952],
          [ 0.2681, -0.1576,  0.2768]]],


        [[[ 0.3289, -0.2325,  0.1361],
          [-0.0664,  0.2372,  0.3010],
          [ 0.1116,  0.0080,  0.2160]]],


        [[[ 0.2519,  0.1293,  0.0945],
          [ 0.0097,  0.0271, -0.1931],
          [-0.2670,  0.3281, -0.1069]]]], device='cuda:0') 
 Parameter containing:
tensor([[[[ 0.2301,  0.2223, -0.1868],
          [-0.3166,  0.2044,  0.3185],
          [-0.1132, -0.1431,  0.2897]]],


        [[[-0.2610,  0.2380,  0.2553],
          [-0.2545, -0.1054,  0.1611],
          [ 0.1601,  0.0759, -0.0859]]],


        [[[ 0.0252,  0.2911,  0.0078],
          [-0.3283, -0.0307,  0.2547],
          [ 0.1898,  0.3175, -0.1865]]],


        ...,


        [[[-0.0674, -0.2926, -0.0127],
          [ 0.0639,  0.1917, -0.2952],
          [ 0.2681, -0.1576,  0.2768]]],


        [[[ 0.3289, -0.2325,  0.1361],
          [-0.0664,  0.2372,  0.3010],
          [ 0.1116,  0.0080,  0.2160]]],


        [[[ 0.2519,  0.1293,  0.0945],
          [ 0.0097,  0.0271, -0.1931],
          [-0.2670,  0.3281, -0.1069]]]], device='cuda:0', requires_grad=True)
parameters of the network conv1.bias 
 torch.Size([256]) 
 True 
 tensor([ 0.2167, -0.2533,  0.1350, -0.2444, -0.1445,  0.1792, -0.1897, -0.2834,
        -0.0884, -0.1969, -0.0059, -0.2349, -0.1982, -0.1775,  0.2502,  0.0246,
         0.1066, -0.2853, -0.0830,  0.1849, -0.0551, -0.1002, -0.0831,  0.2825,
         0.1408, -0.2627,  0.1182, -0.1567, -0.2808, -0.0379,  0.3185,  0.0395,
        -0.0984,  0.1204,  0.1524,  0.1529,  0.1349, -0.0039, -0.0365,  0.2115,
        -0.0697, -0.3224,  0.0963,  0.0511, -0.0170,  0.0552, -0.1391, -0.1690,
         0.0269,  0.2421, -0.2250, -0.0121,  0.1700,  0.0577, -0.0184, -0.0649,
        -0.3114,  0.0712, -0.1700, -0.2765,  0.2436,  0.2797,  0.2988,  0.2323,
        -0.0850,  0.0396, -0.1816,  0.1877, -0.0594, -0.1537, -0.1820, -0.3098,
         0.3302,  0.1725,  0.2399,  0.0510,  0.1342, -0.2994, -0.0562, -0.0986,
         0.0162,  0.1088, -0.3105, -0.2070, -0.0048, -0.2894, -0.0980,  0.2547,
         0.0384,  0.2101,  0.2601,  0.2809, -0.0397,  0.1972,  0.2231, -0.1580,
         0.1644,  0.1555, -0.0963,  0.0181,  0.1032, -0.1768, -0.0264, -0.1339,
        -0.1980,  0.0407,  0.0437, -0.1987, -0.1898,  0.1939, -0.2455,  0.0079,
         0.1952,  0.0679, -0.2511, -0.0324,  0.0121,  0.2756,  0.1037, -0.1530,
         0.0451, -0.0237,  0.2079, -0.0883, -0.0164, -0.1593,  0.1189,  0.1682,
        -0.1142,  0.1387,  0.0347, -0.0576,  0.1153, -0.1530,  0.1465,  0.1593,
         0.0182,  0.1475,  0.0438, -0.3022,  0.1429,  0.0690,  0.1734, -0.1607,
        -0.0673, -0.2003, -0.3285,  0.1446, -0.2782, -0.2007,  0.2524, -0.2481,
        -0.2979, -0.2191, -0.1933,  0.0764, -0.1847,  0.1484,  0.3021,  0.2087,
         0.0323,  0.1810, -0.2244,  0.1166,  0.2148,  0.1049,  0.1503, -0.1317,
        -0.0918,  0.1558, -0.2572,  0.2672,  0.3093, -0.2246,  0.0694,  0.3238,
        -0.2347, -0.2560, -0.0763,  0.3212,  0.0834,  0.1657, -0.2281,  0.0635,
        -0.1597,  0.2155,  0.3169, -0.2878,  0.1948,  0.0473,  0.2068,  0.0680,
        -0.1683, -0.0144, -0.1574,  0.0639, -0.1564,  0.1419,  0.0348, -0.2802,
        -0.3260, -0.3190, -0.0003,  0.2133, -0.3324, -0.1658,  0.1544, -0.0928,
        -0.1594, -0.1554, -0.1400,  0.2375, -0.1541, -0.0920,  0.1142, -0.1649,
         0.2854,  0.0041, -0.3107,  0.0642, -0.1910,  0.1371, -0.1020, -0.1063,
        -0.0389,  0.0692, -0.3004, -0.2213,  0.1824, -0.1244, -0.1890, -0.2574,
        -0.0539,  0.0415, -0.1301,  0.0126,  0.1788, -0.2785, -0.2111,  0.2733,
        -0.3165,  0.1217,  0.1844, -0.1944, -0.0608,  0.3234,  0.0824,  0.1011,
        -0.1209,  0.3223, -0.0163, -0.2433, -0.0013, -0.1061,  0.1328,  0.1281],
       device='cuda:0') 
 Parameter containing:
tensor([ 0.2167, -0.2533,  0.1350, -0.2444, -0.1445,  0.1792, -0.1897, -0.2834,
        -0.0884, -0.1969, -0.0059, -0.2349, -0.1982, -0.1775,  0.2502,  0.0246,
         0.1066, -0.2853, -0.0830,  0.1849, -0.0551, -0.1002, -0.0831,  0.2825,
         0.1408, -0.2627,  0.1182, -0.1567, -0.2808, -0.0379,  0.3185,  0.0395,
        -0.0984,  0.1204,  0.1524,  0.1529,  0.1349, -0.0039, -0.0365,  0.2115,
        -0.0697, -0.3224,  0.0963,  0.0511, -0.0170,  0.0552, -0.1391, -0.1690,
         0.0269,  0.2421, -0.2250, -0.0121,  0.1700,  0.0577, -0.0184, -0.0649,
        -0.3114,  0.0712, -0.1700, -0.2765,  0.2436,  0.2797,  0.2988,  0.2323,
        -0.0850,  0.0396, -0.1816,  0.1877, -0.0594, -0.1537, -0.1820, -0.3098,
         0.3302,  0.1725,  0.2399,  0.0510,  0.1342, -0.2994, -0.0562, -0.0986,
         0.0162,  0.1088, -0.3105, -0.2070, -0.0048, -0.2894, -0.0980,  0.2547,
         0.0384,  0.2101,  0.2601,  0.2809, -0.0397,  0.1972,  0.2231, -0.1580,
         0.1644,  0.1555, -0.0963,  0.0181,  0.1032, -0.1768, -0.0264, -0.1339,
        -0.1980,  0.0407,  0.0437, -0.1987, -0.1898,  0.1939, -0.2455,  0.0079,
         0.1952,  0.0679, -0.2511, -0.0324,  0.0121,  0.2756,  0.1037, -0.1530,
         0.0451, -0.0237,  0.2079, -0.0883, -0.0164, -0.1593,  0.1189,  0.1682,
        -0.1142,  0.1387,  0.0347, -0.0576,  0.1153, -0.1530,  0.1465,  0.1593,
         0.0182,  0.1475,  0.0438, -0.3022,  0.1429,  0.0690,  0.1734, -0.1607,
        -0.0673, -0.2003, -0.3285,  0.1446, -0.2782, -0.2007,  0.2524, -0.2481,
        -0.2979, -0.2191, -0.1933,  0.0764, -0.1847,  0.1484,  0.3021,  0.2087,
         0.0323,  0.1810, -0.2244,  0.1166,  0.2148,  0.1049,  0.1503, -0.1317,
        -0.0918,  0.1558, -0.2572,  0.2672,  0.3093, -0.2246,  0.0694,  0.3238,
        -0.2347, -0.2560, -0.0763,  0.3212,  0.0834,  0.1657, -0.2281,  0.0635,
        -0.1597,  0.2155,  0.3169, -0.2878,  0.1948,  0.0473,  0.2068,  0.0680,
        -0.1683, -0.0144, -0.1574,  0.0639, -0.1564,  0.1419,  0.0348, -0.2802,
        -0.3260, -0.3190, -0.0003,  0.2133, -0.3324, -0.1658,  0.1544, -0.0928,
        -0.1594, -0.1554, -0.1400,  0.2375, -0.1541, -0.0920,  0.1142, -0.1649,
         0.2854,  0.0041, -0.3107,  0.0642, -0.1910,  0.1371, -0.1020, -0.1063,
        -0.0389,  0.0692, -0.3004, -0.2213,  0.1824, -0.1244, -0.1890, -0.2574,
        -0.0539,  0.0415, -0.1301,  0.0126,  0.1788, -0.2785, -0.2111,  0.2733,
        -0.3165,  0.1217,  0.1844, -0.1944, -0.0608,  0.3234,  0.0824,  0.1011,
        -0.1209,  0.3223, -0.0163, -0.2433, -0.0013, -0.1061,  0.1328,  0.1281],
       device='cuda:0', requires_grad=True)
parameters of the network conv2.weight 
 torch.Size([128, 256, 3, 3]) 
 True 
 tensor([[[[-1.0401e-02,  1.0497e-02,  1.8153e-02],
          [ 5.0419e-03, -1.4097e-02, -3.5418e-03],
          [-1.6163e-02,  4.4765e-03, -2.4660e-03]],

         [[ 4.4929e-03,  1.7291e-02,  1.8899e-02],
          [ 1.6074e-02,  6.3367e-03, -6.0593e-03],
          [-7.7505e-03, -1.4364e-03, -1.5230e-02]],

         [[ 1.6628e-02, -1.5380e-02,  2.8310e-03],
          [ 8.2282e-03,  6.0825e-03, -1.5774e-02],
          [-3.9972e-03,  1.0815e-02,  9.4942e-03]],

         ...,

         [[ 4.9215e-03,  1.7019e-02, -4.6946e-05],
          [ 1.3667e-02, -1.8981e-02,  1.3728e-02],
          [ 7.8537e-03,  7.7076e-03,  1.9649e-03]],

         [[ 4.0797e-03, -2.0315e-02,  9.8145e-04],
          [ 5.8287e-03,  5.7338e-03,  7.0834e-03],
          [-6.4179e-03, -2.4495e-03,  6.0064e-03]],

         [[-7.3286e-03,  5.9958e-03,  1.8683e-02],
          [ 1.1568e-04, -9.9063e-03, -2.0242e-02],
          [-2.3035e-03,  1.1182e-02,  8.5040e-03]]],


        [[[-1.1539e-02,  6.6447e-03,  1.4042e-02],
          [-6.3448e-03, -2.0314e-02, -1.1290e-02],
          [-2.1687e-03, -1.5876e-02,  5.7020e-03]],

         [[ 7.8341e-03, -8.5996e-04, -1.6513e-02],
          [ 9.8760e-03, -7.0409e-03,  1.8583e-02],
          [-1.0471e-02, -3.2570e-03,  1.1600e-02]],

         [[ 3.9814e-03,  1.8624e-02,  6.1615e-03],
          [-7.9711e-03,  1.1055e-02, -1.0312e-02],
          [ 1.7811e-02,  1.0360e-02, -3.7175e-03]],

         ...,

         [[ 1.5872e-02, -1.9885e-02, -1.0480e-03],
          [-9.6800e-03, -9.0226e-03, -8.8822e-04],
          [-8.8539e-03, -2.9378e-03,  2.0727e-02]],

         [[ 3.7638e-03,  8.0006e-04,  4.4633e-03],
          [-4.7233e-03,  6.2567e-03, -4.1642e-03],
          [ 1.5228e-02, -1.4635e-02, -5.8390e-03]],

         [[-1.4235e-02,  2.9590e-04,  9.9204e-03],
          [ 8.5462e-04,  4.3711e-03, -8.1535e-04],
          [ 1.1931e-02,  1.1612e-02, -2.0395e-02]]],


        [[[ 3.0270e-03,  1.8252e-02,  1.3715e-02],
          [-6.7863e-03,  1.9390e-02,  1.7285e-02],
          [-5.9906e-03, -3.0130e-03, -2.6693e-03]],

         [[-6.1847e-03, -1.1498e-02, -2.0463e-03],
          [-1.1982e-02, -1.1465e-02,  8.1195e-03],
          [ 2.0693e-02, -1.1383e-02, -1.3913e-02]],

         [[ 1.4932e-02, -1.0933e-02, -1.8331e-02],
          [-1.2362e-02,  1.6184e-02, -4.8011e-03],
          [ 5.9044e-03, -3.6159e-03, -1.5568e-02]],

         ...,

         [[ 1.8609e-02, -1.6642e-02,  2.0631e-02],
          [ 1.9304e-02,  1.4405e-03,  1.0519e-02],
          [ 1.4871e-02,  4.0932e-03, -9.0682e-03]],

         [[ 1.6889e-02,  1.7573e-03,  1.8290e-02],
          [-1.4851e-02,  1.9977e-02,  6.5573e-03],
          [-2.0158e-02,  1.3387e-02, -1.6883e-02]],

         [[ 1.7104e-03,  5.5467e-03,  1.1869e-03],
          [-1.7407e-02, -9.7065e-03,  9.8437e-03],
          [ 1.3869e-02, -1.3765e-03, -1.9560e-02]]],


        ...,


        [[[-1.2770e-02, -2.0190e-02,  4.2110e-03],
          [ 1.9840e-02,  1.4810e-02,  8.3003e-03],
          [ 3.2331e-03, -9.4511e-03,  8.9041e-03]],

         [[-1.1778e-02, -8.2363e-04,  1.1793e-02],
          [-1.1797e-02, -1.7200e-02,  8.8400e-03],
          [ 1.8446e-02, -1.6370e-02,  1.3462e-02]],

         [[-1.7180e-04,  2.0267e-02,  4.3705e-03],
          [ 2.4317e-03,  2.8641e-03,  1.5417e-02],
          [-1.4139e-02, -1.0160e-02,  1.5485e-02]],

         ...,

         [[ 1.1314e-02, -1.2017e-02, -1.2094e-02],
          [ 9.7289e-03, -1.7229e-02, -7.0792e-03],
          [ 4.5413e-03,  1.5976e-02, -1.1171e-03]],

         [[ 9.1549e-03, -3.0832e-03, -1.7114e-02],
          [-2.0631e-02,  3.3817e-03, -4.0448e-03],
          [ 1.2832e-02,  1.8927e-03, -8.5540e-03]],

         [[ 8.5404e-03,  1.4361e-02, -1.5259e-02],
          [ 1.2143e-02,  6.7964e-03, -9.7942e-03],
          [-1.5566e-02, -1.8915e-03, -2.0590e-03]]],


        [[[-2.0160e-02,  1.4090e-02, -8.1935e-03],
          [ 1.6739e-02, -6.3208e-03, -1.6435e-03],
          [-1.8585e-02,  1.0460e-02,  1.5740e-02]],

         [[ 1.9881e-02,  5.4168e-03, -3.3310e-03],
          [-1.6747e-02,  1.2743e-03,  7.2819e-04],
          [-5.4275e-03,  8.7413e-03,  8.1712e-04]],

         [[ 8.5054e-03, -1.8673e-02, -7.7560e-03],
          [ 1.3590e-02,  2.7105e-03, -1.2905e-02],
          [ 1.6031e-02, -1.1274e-02,  1.9297e-02]],

         ...,

         [[ 4.4923e-03,  4.3073e-03,  1.5671e-03],
          [-1.7496e-02, -1.8382e-02, -7.7343e-03],
          [ 1.4585e-02,  1.3393e-03, -3.5630e-03]],

         [[-1.2814e-02, -1.3195e-05, -2.8155e-03],
          [-2.7363e-03,  8.1033e-04, -1.8972e-02],
          [-1.6547e-02, -1.3848e-02, -1.8131e-02]],

         [[ 8.6736e-03,  3.7498e-03, -1.9720e-02],
          [ 6.8324e-03, -1.7476e-02,  7.7624e-03],
          [-9.2889e-05,  7.4873e-03, -1.2882e-02]]],


        [[[-4.1164e-03, -2.5283e-03, -1.0018e-02],
          [-4.3380e-03, -1.9781e-04,  1.0094e-02],
          [-4.6243e-03, -7.1640e-03,  3.1249e-03]],

         [[ 1.2192e-02, -6.6795e-03,  1.7737e-02],
          [-7.5301e-05, -3.3314e-03,  6.2717e-03],
          [ 1.0249e-02,  1.4266e-02,  3.1769e-03]],

         [[-1.7267e-02, -1.7761e-02, -1.6048e-03],
          [ 1.1797e-02, -4.0741e-03,  3.9400e-03],
          [ 1.1793e-02, -1.1118e-02, -9.8530e-03]],

         ...,

         [[ 1.1764e-02,  1.3923e-02,  1.4032e-02],
          [ 1.0229e-03,  1.7872e-02,  2.0080e-02],
          [ 4.5516e-03,  1.1535e-02, -1.9157e-02]],

         [[ 8.3187e-03,  1.3252e-02,  1.1372e-02],
          [-2.0070e-02,  2.4964e-03, -1.5795e-02],
          [ 1.2024e-02,  8.0193e-03,  1.3605e-02]],

         [[-1.6144e-02, -6.6735e-03,  1.5150e-02],
          [-1.8591e-02, -1.7697e-02, -4.1677e-03],
          [ 2.4754e-03, -1.9814e-02,  1.9401e-03]]]], device='cuda:0') 
 Parameter containing:
tensor([[[[-1.0401e-02,  1.0497e-02,  1.8153e-02],
          [ 5.0419e-03, -1.4097e-02, -3.5418e-03],
          [-1.6163e-02,  4.4765e-03, -2.4660e-03]],

         [[ 4.4929e-03,  1.7291e-02,  1.8899e-02],
          [ 1.6074e-02,  6.3367e-03, -6.0593e-03],
          [-7.7505e-03, -1.4364e-03, -1.5230e-02]],

         [[ 1.6628e-02, -1.5380e-02,  2.8310e-03],
          [ 8.2282e-03,  6.0825e-03, -1.5774e-02],
          [-3.9972e-03,  1.0815e-02,  9.4942e-03]],

         ...,

         [[ 4.9215e-03,  1.7019e-02, -4.6946e-05],
          [ 1.3667e-02, -1.8981e-02,  1.3728e-02],
          [ 7.8537e-03,  7.7076e-03,  1.9649e-03]],

         [[ 4.0797e-03, -2.0315e-02,  9.8145e-04],
          [ 5.8287e-03,  5.7338e-03,  7.0834e-03],
          [-6.4179e-03, -2.4495e-03,  6.0064e-03]],

         [[-7.3286e-03,  5.9958e-03,  1.8683e-02],
          [ 1.1568e-04, -9.9063e-03, -2.0242e-02],
          [-2.3035e-03,  1.1182e-02,  8.5040e-03]]],


        [[[-1.1539e-02,  6.6447e-03,  1.4042e-02],
          [-6.3448e-03, -2.0314e-02, -1.1290e-02],
          [-2.1687e-03, -1.5876e-02,  5.7020e-03]],

         [[ 7.8341e-03, -8.5996e-04, -1.6513e-02],
          [ 9.8760e-03, -7.0409e-03,  1.8583e-02],
          [-1.0471e-02, -3.2570e-03,  1.1600e-02]],

         [[ 3.9814e-03,  1.8624e-02,  6.1615e-03],
          [-7.9711e-03,  1.1055e-02, -1.0312e-02],
          [ 1.7811e-02,  1.0360e-02, -3.7175e-03]],

         ...,

         [[ 1.5872e-02, -1.9885e-02, -1.0480e-03],
          [-9.6800e-03, -9.0226e-03, -8.8822e-04],
          [-8.8539e-03, -2.9378e-03,  2.0727e-02]],

         [[ 3.7638e-03,  8.0006e-04,  4.4633e-03],
          [-4.7233e-03,  6.2567e-03, -4.1642e-03],
          [ 1.5228e-02, -1.4635e-02, -5.8390e-03]],

         [[-1.4235e-02,  2.9590e-04,  9.9204e-03],
          [ 8.5462e-04,  4.3711e-03, -8.1535e-04],
          [ 1.1931e-02,  1.1612e-02, -2.0395e-02]]],


        [[[ 3.0270e-03,  1.8252e-02,  1.3715e-02],
          [-6.7863e-03,  1.9390e-02,  1.7285e-02],
          [-5.9906e-03, -3.0130e-03, -2.6693e-03]],

         [[-6.1847e-03, -1.1498e-02, -2.0463e-03],
          [-1.1982e-02, -1.1465e-02,  8.1195e-03],
          [ 2.0693e-02, -1.1383e-02, -1.3913e-02]],

         [[ 1.4932e-02, -1.0933e-02, -1.8331e-02],
          [-1.2362e-02,  1.6184e-02, -4.8011e-03],
          [ 5.9044e-03, -3.6159e-03, -1.5568e-02]],

         ...,

         [[ 1.8609e-02, -1.6642e-02,  2.0631e-02],
          [ 1.9304e-02,  1.4405e-03,  1.0519e-02],
          [ 1.4871e-02,  4.0932e-03, -9.0682e-03]],

         [[ 1.6889e-02,  1.7573e-03,  1.8290e-02],
          [-1.4851e-02,  1.9977e-02,  6.5573e-03],
          [-2.0158e-02,  1.3387e-02, -1.6883e-02]],

         [[ 1.7104e-03,  5.5467e-03,  1.1869e-03],
          [-1.7407e-02, -9.7065e-03,  9.8437e-03],
          [ 1.3869e-02, -1.3765e-03, -1.9560e-02]]],


        ...,


        [[[-1.2770e-02, -2.0190e-02,  4.2110e-03],
          [ 1.9840e-02,  1.4810e-02,  8.3003e-03],
          [ 3.2331e-03, -9.4511e-03,  8.9041e-03]],

         [[-1.1778e-02, -8.2363e-04,  1.1793e-02],
          [-1.1797e-02, -1.7200e-02,  8.8400e-03],
          [ 1.8446e-02, -1.6370e-02,  1.3462e-02]],

         [[-1.7180e-04,  2.0267e-02,  4.3705e-03],
          [ 2.4317e-03,  2.8641e-03,  1.5417e-02],
          [-1.4139e-02, -1.0160e-02,  1.5485e-02]],

         ...,

         [[ 1.1314e-02, -1.2017e-02, -1.2094e-02],
          [ 9.7289e-03, -1.7229e-02, -7.0792e-03],
          [ 4.5413e-03,  1.5976e-02, -1.1171e-03]],

         [[ 9.1549e-03, -3.0832e-03, -1.7114e-02],
          [-2.0631e-02,  3.3817e-03, -4.0448e-03],
          [ 1.2832e-02,  1.8927e-03, -8.5540e-03]],

         [[ 8.5404e-03,  1.4361e-02, -1.5259e-02],
          [ 1.2143e-02,  6.7964e-03, -9.7942e-03],
          [-1.5566e-02, -1.8915e-03, -2.0590e-03]]],


        [[[-2.0160e-02,  1.4090e-02, -8.1935e-03],
          [ 1.6739e-02, -6.3208e-03, -1.6435e-03],
          [-1.8585e-02,  1.0460e-02,  1.5740e-02]],

         [[ 1.9881e-02,  5.4168e-03, -3.3310e-03],
          [-1.6747e-02,  1.2743e-03,  7.2819e-04],
          [-5.4275e-03,  8.7413e-03,  8.1712e-04]],

         [[ 8.5054e-03, -1.8673e-02, -7.7560e-03],
          [ 1.3590e-02,  2.7105e-03, -1.2905e-02],
          [ 1.6031e-02, -1.1274e-02,  1.9297e-02]],

         ...,

         [[ 4.4923e-03,  4.3073e-03,  1.5671e-03],
          [-1.7496e-02, -1.8382e-02, -7.7343e-03],
          [ 1.4585e-02,  1.3393e-03, -3.5630e-03]],

         [[-1.2814e-02, -1.3195e-05, -2.8155e-03],
          [-2.7363e-03,  8.1033e-04, -1.8972e-02],
          [-1.6547e-02, -1.3848e-02, -1.8131e-02]],

         [[ 8.6736e-03,  3.7498e-03, -1.9720e-02],
          [ 6.8324e-03, -1.7476e-02,  7.7624e-03],
          [-9.2889e-05,  7.4873e-03, -1.2882e-02]]],


        [[[-4.1164e-03, -2.5283e-03, -1.0018e-02],
          [-4.3380e-03, -1.9781e-04,  1.0094e-02],
          [-4.6243e-03, -7.1640e-03,  3.1249e-03]],

         [[ 1.2192e-02, -6.6795e-03,  1.7737e-02],
          [-7.5301e-05, -3.3314e-03,  6.2717e-03],
          [ 1.0249e-02,  1.4266e-02,  3.1769e-03]],

         [[-1.7267e-02, -1.7761e-02, -1.6048e-03],
          [ 1.1797e-02, -4.0741e-03,  3.9400e-03],
          [ 1.1793e-02, -1.1118e-02, -9.8530e-03]],

         ...,

         [[ 1.1764e-02,  1.3923e-02,  1.4032e-02],
          [ 1.0229e-03,  1.7872e-02,  2.0080e-02],
          [ 4.5516e-03,  1.1535e-02, -1.9157e-02]],

         [[ 8.3187e-03,  1.3252e-02,  1.1372e-02],
          [-2.0070e-02,  2.4964e-03, -1.5795e-02],
          [ 1.2024e-02,  8.0193e-03,  1.3605e-02]],

         [[-1.6144e-02, -6.6735e-03,  1.5150e-02],
          [-1.8591e-02, -1.7697e-02, -4.1677e-03],
          [ 2.4754e-03, -1.9814e-02,  1.9401e-03]]]], device='cuda:0',
       requires_grad=True)
parameters of the network conv2.bias 
 torch.Size([128]) 
 True 
 tensor([-1.0614e-02,  7.8707e-03, -1.6875e-02, -1.9184e-02,  2.7074e-03,
        -1.3383e-02, -1.2157e-02, -1.5318e-02, -6.8273e-03,  2.3229e-03,
        -1.9623e-02,  1.1991e-02, -1.6898e-02,  6.5853e-03,  1.6456e-02,
         6.2216e-03,  1.9230e-02, -2.0431e-02,  4.5093e-03, -1.9260e-02,
         1.6034e-02,  6.4600e-03,  7.5001e-03,  9.2223e-03, -1.9610e-02,
        -2.5128e-03,  1.7804e-02,  1.0462e-02,  1.9051e-02,  8.8679e-03,
        -2.0331e-02, -1.2815e-02,  1.4323e-02,  2.3080e-03, -9.0918e-03,
         6.8764e-03,  3.3094e-03, -1.2269e-02, -1.6574e-02,  4.7547e-03,
         1.1093e-02,  5.7175e-03, -7.2026e-03, -1.2621e-02, -1.0434e-02,
        -1.8197e-02, -1.9641e-02, -1.2212e-02, -1.4533e-03,  2.5055e-03,
        -5.4954e-03,  7.0750e-03,  4.9067e-05, -1.4728e-02,  5.9528e-03,
        -1.2286e-02,  3.1648e-03,  3.5566e-03, -5.2348e-03, -1.2191e-02,
         1.7074e-02,  1.6644e-02, -1.0541e-02, -9.7504e-03,  1.0363e-02,
        -1.1569e-02,  1.4154e-02, -1.2907e-02, -3.2881e-03,  5.3620e-03,
         7.9930e-03, -2.3439e-03,  3.4218e-03,  1.0957e-02,  1.1898e-02,
         1.7554e-02,  7.1860e-03, -2.6598e-03,  1.9278e-02,  8.4190e-03,
        -1.8098e-02,  1.9033e-02,  1.7110e-02,  1.8698e-02,  1.1559e-02,
         4.1270e-03,  4.7360e-03, -1.4509e-02,  1.7184e-03, -1.9934e-02,
        -5.3808e-03,  1.1874e-02,  6.6096e-03, -6.6298e-03,  6.8525e-04,
        -8.6359e-03, -1.3708e-03, -2.0644e-02,  5.3801e-03, -1.4851e-02,
         2.3552e-03, -1.6767e-02,  1.9171e-02,  5.4895e-04, -8.8317e-03,
         8.9459e-03,  1.5601e-02,  6.1028e-03, -1.7118e-02,  6.0593e-03,
         1.6862e-02, -2.4753e-03,  5.7332e-03,  6.5561e-03, -7.4922e-03,
        -1.4974e-02, -9.9604e-03,  5.6232e-03,  2.0593e-02,  1.7838e-02,
         4.6192e-03,  4.8234e-03,  1.7788e-02,  1.8733e-03, -6.4200e-03,
        -1.9376e-02, -1.1091e-02, -4.0038e-03], device='cuda:0') 
 Parameter containing:
tensor([-1.0614e-02,  7.8707e-03, -1.6875e-02, -1.9184e-02,  2.7074e-03,
        -1.3383e-02, -1.2157e-02, -1.5318e-02, -6.8273e-03,  2.3229e-03,
        -1.9623e-02,  1.1991e-02, -1.6898e-02,  6.5853e-03,  1.6456e-02,
         6.2216e-03,  1.9230e-02, -2.0431e-02,  4.5093e-03, -1.9260e-02,
         1.6034e-02,  6.4600e-03,  7.5001e-03,  9.2223e-03, -1.9610e-02,
        -2.5128e-03,  1.7804e-02,  1.0462e-02,  1.9051e-02,  8.8679e-03,
        -2.0331e-02, -1.2815e-02,  1.4323e-02,  2.3080e-03, -9.0918e-03,
         6.8764e-03,  3.3094e-03, -1.2269e-02, -1.6574e-02,  4.7547e-03,
         1.1093e-02,  5.7175e-03, -7.2026e-03, -1.2621e-02, -1.0434e-02,
        -1.8197e-02, -1.9641e-02, -1.2212e-02, -1.4533e-03,  2.5055e-03,
        -5.4954e-03,  7.0750e-03,  4.9067e-05, -1.4728e-02,  5.9528e-03,
        -1.2286e-02,  3.1648e-03,  3.5566e-03, -5.2348e-03, -1.2191e-02,
         1.7074e-02,  1.6644e-02, -1.0541e-02, -9.7504e-03,  1.0363e-02,
        -1.1569e-02,  1.4154e-02, -1.2907e-02, -3.2881e-03,  5.3620e-03,
         7.9930e-03, -2.3439e-03,  3.4218e-03,  1.0957e-02,  1.1898e-02,
         1.7554e-02,  7.1860e-03, -2.6598e-03,  1.9278e-02,  8.4190e-03,
        -1.8098e-02,  1.9033e-02,  1.7110e-02,  1.8698e-02,  1.1559e-02,
         4.1270e-03,  4.7360e-03, -1.4509e-02,  1.7184e-03, -1.9934e-02,
        -5.3808e-03,  1.1874e-02,  6.6096e-03, -6.6298e-03,  6.8525e-04,
        -8.6359e-03, -1.3708e-03, -2.0644e-02,  5.3801e-03, -1.4851e-02,
         2.3552e-03, -1.6767e-02,  1.9171e-02,  5.4895e-04, -8.8317e-03,
         8.9459e-03,  1.5601e-02,  6.1028e-03, -1.7118e-02,  6.0593e-03,
         1.6862e-02, -2.4753e-03,  5.7332e-03,  6.5561e-03, -7.4922e-03,
        -1.4974e-02, -9.9604e-03,  5.6232e-03,  2.0593e-02,  1.7838e-02,
         4.6192e-03,  4.8234e-03,  1.7788e-02,  1.8733e-03, -6.4200e-03,
        -1.9376e-02, -1.1091e-02, -4.0038e-03], device='cuda:0',
       requires_grad=True)
parameters of the network conv3.weight 
 torch.Size([64, 128, 3, 3]) 
 True 
 tensor([[[[-4.9808e-03, -1.1997e-02,  7.4591e-03],
          [ 1.3653e-02,  2.3536e-02,  1.2794e-04],
          [-4.9149e-03,  6.2728e-03,  4.9072e-03]],

         [[-1.2504e-02,  2.1293e-02,  1.1944e-02],
          [-1.0399e-03, -1.8231e-02,  9.4303e-03],
          [ 2.0230e-02, -2.1742e-02,  1.4869e-02]],

         [[-1.3368e-02,  1.1701e-02,  8.6713e-03],
          [ 7.0831e-03,  2.7963e-02, -1.6459e-02],
          [-2.4073e-02, -2.2964e-02, -1.6712e-02]],

         ...,

         [[-2.5676e-02,  6.7654e-03, -8.3790e-03],
          [ 2.1073e-02,  2.7691e-02, -2.8046e-02],
          [-2.0807e-02,  1.4555e-02, -1.8582e-02]],

         [[ 2.7369e-03, -2.4578e-02, -2.0088e-02],
          [ 4.3781e-03,  1.4811e-03,  1.7340e-02],
          [ 1.5494e-02, -2.2749e-02, -3.9202e-03]],

         [[-1.4497e-02,  1.3912e-02, -1.6489e-02],
          [ 1.5707e-02,  1.8940e-03,  4.0776e-03],
          [ 2.3769e-03, -1.5056e-02,  8.9442e-03]]],


        [[[ 2.6117e-02,  2.6731e-02,  2.8177e-02],
          [ 2.7624e-02,  1.9103e-02, -1.3076e-02],
          [-2.4841e-02, -2.3269e-02, -2.6021e-02]],

         [[-1.4866e-02, -9.9576e-04, -2.6541e-02],
          [ 2.6050e-02, -4.9024e-05, -3.0355e-03],
          [ 1.7843e-02,  2.5427e-02, -6.5072e-03]],

         [[ 2.9134e-02, -1.0639e-02,  1.8436e-02],
          [ 2.3514e-02, -2.5732e-03,  1.9055e-02],
          [-2.8287e-02,  2.4896e-02,  5.0330e-03]],

         ...,

         [[ 2.0380e-02,  2.6075e-03, -9.7238e-03],
          [-1.6469e-02, -2.2524e-02, -2.2841e-02],
          [ 2.6675e-02,  2.6667e-02, -4.6270e-03]],

         [[ 1.3910e-02,  5.5358e-03,  1.0411e-02],
          [-5.3514e-03, -1.8835e-03, -2.2377e-02],
          [ 2.3648e-03,  2.5444e-02, -4.8648e-03]],

         [[-2.8543e-02, -1.2960e-03, -1.0849e-02],
          [ 1.9728e-02, -1.4164e-02, -6.3521e-03],
          [ 2.1120e-02,  7.9547e-03,  7.9722e-03]]],


        [[[-3.6776e-03,  1.7127e-02, -5.7891e-03],
          [-4.6092e-03, -2.4348e-03,  1.6136e-02],
          [-9.7447e-03,  6.6123e-03, -1.6095e-02]],

         [[ 4.0109e-03,  2.4829e-03, -1.6714e-02],
          [ 1.2027e-02,  1.4457e-02,  5.1034e-03],
          [ 3.7864e-03, -2.9394e-02,  2.2411e-03]],

         [[ 1.0399e-02,  1.7649e-03, -9.9168e-04],
          [-6.0967e-03, -4.5987e-03,  2.1045e-04],
          [ 6.9261e-03,  2.1464e-02,  2.2131e-02]],

         ...,

         [[-1.5828e-02, -2.2936e-02, -1.3776e-02],
          [ 2.2959e-02, -1.3569e-02,  5.4905e-03],
          [ 1.5054e-02,  1.2361e-02, -1.7224e-03]],

         [[-1.0808e-02, -1.6574e-02,  2.7833e-02],
          [-2.6661e-02, -1.2363e-02,  9.2852e-03],
          [ 1.6600e-02, -2.4052e-02,  1.4553e-02]],

         [[-2.1516e-02,  9.2715e-03,  2.6395e-03],
          [-1.5895e-02,  8.6463e-03,  1.9873e-02],
          [ 1.5113e-02, -2.3806e-03,  1.5614e-02]]],


        ...,


        [[[ 8.1513e-04, -1.8472e-02,  1.9404e-02],
          [ 9.0935e-03,  1.1743e-02, -5.3280e-03],
          [-5.6934e-03,  2.2747e-02,  2.2494e-02]],

         [[-2.6322e-02, -2.6955e-02,  1.5876e-02],
          [-1.5947e-02, -4.6435e-03, -2.6301e-02],
          [-1.7374e-02, -7.6088e-03,  1.0999e-02]],

         [[ 1.4657e-02, -7.5261e-03, -1.8202e-02],
          [ 2.8549e-02, -1.4505e-02,  7.2586e-03],
          [ 1.3716e-02, -5.6824e-03,  1.8604e-02]],

         ...,

         [[-2.6883e-02,  2.1371e-02,  1.4313e-02],
          [ 2.2007e-02,  2.8933e-02, -8.2229e-03],
          [ 2.3046e-02, -2.1226e-03,  6.1661e-03]],

         [[ 2.7057e-02,  2.5501e-03,  1.7096e-02],
          [ 1.4862e-02, -1.7408e-02, -2.8185e-02],
          [-2.3356e-02,  1.3823e-02,  3.6325e-03]],

         [[-8.5828e-03, -7.7518e-03, -1.2021e-02],
          [-1.9986e-02, -2.4992e-02, -7.1715e-03],
          [ 1.1126e-02, -3.5675e-03, -2.5618e-02]]],


        [[[ 1.7318e-02, -5.5174e-03,  1.9985e-02],
          [-1.2992e-02, -6.8085e-03, -2.8365e-02],
          [ 1.5116e-02, -2.5249e-02, -8.6702e-03]],

         [[ 2.2745e-02, -1.2931e-02, -1.0733e-02],
          [-9.7311e-03,  1.0993e-02, -1.9799e-02],
          [ 2.5000e-02,  2.2608e-02, -2.5714e-02]],

         [[-4.3337e-03, -3.6421e-03, -2.8912e-02],
          [-2.5246e-02, -1.0858e-03, -2.0095e-02],
          [ 1.0747e-02,  2.0826e-02, -1.9035e-02]],

         ...,

         [[ 2.5312e-03, -4.0036e-03,  2.1015e-02],
          [-2.8691e-02,  1.0110e-02,  1.3483e-02],
          [-1.8400e-02,  1.4149e-03,  2.2159e-02]],

         [[-1.9865e-03, -2.7597e-03, -6.5625e-03],
          [-2.1922e-02, -2.4674e-02, -2.3156e-02],
          [ 1.6772e-02,  6.6693e-03,  1.1608e-03]],

         [[-2.2602e-02,  2.6279e-02,  1.5379e-02],
          [ 2.8536e-02,  1.5182e-02,  1.6497e-02],
          [ 1.3634e-02, -6.3394e-03,  4.4766e-03]]],


        [[[ 1.0430e-03, -2.3410e-02,  3.1757e-03],
          [ 1.7870e-02,  2.5253e-02, -4.5650e-03],
          [-2.4964e-02, -5.5009e-03, -2.7946e-02]],

         [[-2.5882e-02,  8.9179e-03, -1.4068e-03],
          [-2.9392e-02, -2.8305e-02,  2.2196e-02],
          [-2.2128e-02,  6.8642e-03,  3.2402e-04]],

         [[-1.5757e-02,  2.9113e-02,  8.7998e-03],
          [ 1.6150e-02,  5.2109e-03,  6.2099e-03],
          [ 1.0320e-02,  7.0610e-04,  9.0983e-03]],

         ...,

         [[ 8.5743e-03, -2.3421e-02,  2.8911e-02],
          [ 8.3107e-03,  1.8906e-02, -1.3164e-02],
          [-2.3432e-03, -2.0158e-02, -1.3946e-02]],

         [[ 2.9293e-02, -4.8619e-03,  1.4820e-02],
          [-2.8998e-02,  2.7839e-02,  1.4397e-02],
          [-2.2029e-02,  6.0346e-03,  1.5940e-02]],

         [[-2.0097e-02,  1.1584e-02, -9.2008e-03],
          [-1.9966e-02,  2.8008e-03, -2.8550e-03],
          [-2.7488e-02,  2.7224e-02,  1.8070e-02]]]], device='cuda:0') 
 Parameter containing:
tensor([[[[-4.9808e-03, -1.1997e-02,  7.4591e-03],
          [ 1.3653e-02,  2.3536e-02,  1.2794e-04],
          [-4.9149e-03,  6.2728e-03,  4.9072e-03]],

         [[-1.2504e-02,  2.1293e-02,  1.1944e-02],
          [-1.0399e-03, -1.8231e-02,  9.4303e-03],
          [ 2.0230e-02, -2.1742e-02,  1.4869e-02]],

         [[-1.3368e-02,  1.1701e-02,  8.6713e-03],
          [ 7.0831e-03,  2.7963e-02, -1.6459e-02],
          [-2.4073e-02, -2.2964e-02, -1.6712e-02]],

         ...,

         [[-2.5676e-02,  6.7654e-03, -8.3790e-03],
          [ 2.1073e-02,  2.7691e-02, -2.8046e-02],
          [-2.0807e-02,  1.4555e-02, -1.8582e-02]],

         [[ 2.7369e-03, -2.4578e-02, -2.0088e-02],
          [ 4.3781e-03,  1.4811e-03,  1.7340e-02],
          [ 1.5494e-02, -2.2749e-02, -3.9202e-03]],

         [[-1.4497e-02,  1.3912e-02, -1.6489e-02],
          [ 1.5707e-02,  1.8940e-03,  4.0776e-03],
          [ 2.3769e-03, -1.5056e-02,  8.9442e-03]]],


        [[[ 2.6117e-02,  2.6731e-02,  2.8177e-02],
          [ 2.7624e-02,  1.9103e-02, -1.3076e-02],
          [-2.4841e-02, -2.3269e-02, -2.6021e-02]],

         [[-1.4866e-02, -9.9576e-04, -2.6541e-02],
          [ 2.6050e-02, -4.9024e-05, -3.0355e-03],
          [ 1.7843e-02,  2.5427e-02, -6.5072e-03]],

         [[ 2.9134e-02, -1.0639e-02,  1.8436e-02],
          [ 2.3514e-02, -2.5732e-03,  1.9055e-02],
          [-2.8287e-02,  2.4896e-02,  5.0330e-03]],

         ...,

         [[ 2.0380e-02,  2.6075e-03, -9.7238e-03],
          [-1.6469e-02, -2.2524e-02, -2.2841e-02],
          [ 2.6675e-02,  2.6667e-02, -4.6270e-03]],

         [[ 1.3910e-02,  5.5358e-03,  1.0411e-02],
          [-5.3514e-03, -1.8835e-03, -2.2377e-02],
          [ 2.3648e-03,  2.5444e-02, -4.8648e-03]],

         [[-2.8543e-02, -1.2960e-03, -1.0849e-02],
          [ 1.9728e-02, -1.4164e-02, -6.3521e-03],
          [ 2.1120e-02,  7.9547e-03,  7.9722e-03]]],


        [[[-3.6776e-03,  1.7127e-02, -5.7891e-03],
          [-4.6092e-03, -2.4348e-03,  1.6136e-02],
          [-9.7447e-03,  6.6123e-03, -1.6095e-02]],

         [[ 4.0109e-03,  2.4829e-03, -1.6714e-02],
          [ 1.2027e-02,  1.4457e-02,  5.1034e-03],
          [ 3.7864e-03, -2.9394e-02,  2.2411e-03]],

         [[ 1.0399e-02,  1.7649e-03, -9.9168e-04],
          [-6.0967e-03, -4.5987e-03,  2.1045e-04],
          [ 6.9261e-03,  2.1464e-02,  2.2131e-02]],

         ...,

         [[-1.5828e-02, -2.2936e-02, -1.3776e-02],
          [ 2.2959e-02, -1.3569e-02,  5.4905e-03],
          [ 1.5054e-02,  1.2361e-02, -1.7224e-03]],

         [[-1.0808e-02, -1.6574e-02,  2.7833e-02],
          [-2.6661e-02, -1.2363e-02,  9.2852e-03],
          [ 1.6600e-02, -2.4052e-02,  1.4553e-02]],

         [[-2.1516e-02,  9.2715e-03,  2.6395e-03],
          [-1.5895e-02,  8.6463e-03,  1.9873e-02],
          [ 1.5113e-02, -2.3806e-03,  1.5614e-02]]],


        ...,


        [[[ 8.1513e-04, -1.8472e-02,  1.9404e-02],
          [ 9.0935e-03,  1.1743e-02, -5.3280e-03],
          [-5.6934e-03,  2.2747e-02,  2.2494e-02]],

         [[-2.6322e-02, -2.6955e-02,  1.5876e-02],
          [-1.5947e-02, -4.6435e-03, -2.6301e-02],
          [-1.7374e-02, -7.6088e-03,  1.0999e-02]],

         [[ 1.4657e-02, -7.5261e-03, -1.8202e-02],
          [ 2.8549e-02, -1.4505e-02,  7.2586e-03],
          [ 1.3716e-02, -5.6824e-03,  1.8604e-02]],

         ...,

         [[-2.6883e-02,  2.1371e-02,  1.4313e-02],
          [ 2.2007e-02,  2.8933e-02, -8.2229e-03],
          [ 2.3046e-02, -2.1226e-03,  6.1661e-03]],

         [[ 2.7057e-02,  2.5501e-03,  1.7096e-02],
          [ 1.4862e-02, -1.7408e-02, -2.8185e-02],
          [-2.3356e-02,  1.3823e-02,  3.6325e-03]],

         [[-8.5828e-03, -7.7518e-03, -1.2021e-02],
          [-1.9986e-02, -2.4992e-02, -7.1715e-03],
          [ 1.1126e-02, -3.5675e-03, -2.5618e-02]]],


        [[[ 1.7318e-02, -5.5174e-03,  1.9985e-02],
          [-1.2992e-02, -6.8085e-03, -2.8365e-02],
          [ 1.5116e-02, -2.5249e-02, -8.6702e-03]],

         [[ 2.2745e-02, -1.2931e-02, -1.0733e-02],
          [-9.7311e-03,  1.0993e-02, -1.9799e-02],
          [ 2.5000e-02,  2.2608e-02, -2.5714e-02]],

         [[-4.3337e-03, -3.6421e-03, -2.8912e-02],
          [-2.5246e-02, -1.0858e-03, -2.0095e-02],
          [ 1.0747e-02,  2.0826e-02, -1.9035e-02]],

         ...,

         [[ 2.5312e-03, -4.0036e-03,  2.1015e-02],
          [-2.8691e-02,  1.0110e-02,  1.3483e-02],
          [-1.8400e-02,  1.4149e-03,  2.2159e-02]],

         [[-1.9865e-03, -2.7597e-03, -6.5625e-03],
          [-2.1922e-02, -2.4674e-02, -2.3156e-02],
          [ 1.6772e-02,  6.6693e-03,  1.1608e-03]],

         [[-2.2602e-02,  2.6279e-02,  1.5379e-02],
          [ 2.8536e-02,  1.5182e-02,  1.6497e-02],
          [ 1.3634e-02, -6.3394e-03,  4.4766e-03]]],


        [[[ 1.0430e-03, -2.3410e-02,  3.1757e-03],
          [ 1.7870e-02,  2.5253e-02, -4.5650e-03],
          [-2.4964e-02, -5.5009e-03, -2.7946e-02]],

         [[-2.5882e-02,  8.9179e-03, -1.4068e-03],
          [-2.9392e-02, -2.8305e-02,  2.2196e-02],
          [-2.2128e-02,  6.8642e-03,  3.2402e-04]],

         [[-1.5757e-02,  2.9113e-02,  8.7998e-03],
          [ 1.6150e-02,  5.2109e-03,  6.2099e-03],
          [ 1.0320e-02,  7.0610e-04,  9.0983e-03]],

         ...,

         [[ 8.5743e-03, -2.3421e-02,  2.8911e-02],
          [ 8.3107e-03,  1.8906e-02, -1.3164e-02],
          [-2.3432e-03, -2.0158e-02, -1.3946e-02]],

         [[ 2.9293e-02, -4.8619e-03,  1.4820e-02],
          [-2.8998e-02,  2.7839e-02,  1.4397e-02],
          [-2.2029e-02,  6.0346e-03,  1.5940e-02]],

         [[-2.0097e-02,  1.1584e-02, -9.2008e-03],
          [-1.9966e-02,  2.8008e-03, -2.8550e-03],
          [-2.7488e-02,  2.7224e-02,  1.8070e-02]]]], device='cuda:0',
       requires_grad=True)
parameters of the network conv3.bias 
 torch.Size([64]) 
 True 
 tensor([ 0.0280, -0.0021, -0.0150,  0.0094,  0.0096, -0.0281,  0.0074,  0.0165,
         0.0227, -0.0094,  0.0212, -0.0137, -0.0226, -0.0044,  0.0222,  0.0123,
        -0.0264,  0.0099, -0.0286, -0.0219,  0.0242, -0.0126, -0.0135,  0.0170,
        -0.0066,  0.0012,  0.0194, -0.0119, -0.0260,  0.0292,  0.0011,  0.0053,
         0.0016, -0.0238, -0.0180,  0.0032, -0.0042, -0.0287,  0.0291,  0.0247,
         0.0184, -0.0089, -0.0088, -0.0125,  0.0019, -0.0183,  0.0173, -0.0061,
        -0.0241,  0.0203,  0.0187, -0.0021, -0.0038,  0.0220, -0.0123,  0.0215,
        -0.0152,  0.0084,  0.0057,  0.0090,  0.0222, -0.0233, -0.0119,  0.0218],
       device='cuda:0') 
 Parameter containing:
tensor([ 0.0280, -0.0021, -0.0150,  0.0094,  0.0096, -0.0281,  0.0074,  0.0165,
         0.0227, -0.0094,  0.0212, -0.0137, -0.0226, -0.0044,  0.0222,  0.0123,
        -0.0264,  0.0099, -0.0286, -0.0219,  0.0242, -0.0126, -0.0135,  0.0170,
        -0.0066,  0.0012,  0.0194, -0.0119, -0.0260,  0.0292,  0.0011,  0.0053,
         0.0016, -0.0238, -0.0180,  0.0032, -0.0042, -0.0287,  0.0291,  0.0247,
         0.0184, -0.0089, -0.0088, -0.0125,  0.0019, -0.0183,  0.0173, -0.0061,
        -0.0241,  0.0203,  0.0187, -0.0021, -0.0038,  0.0220, -0.0123,  0.0215,
        -0.0152,  0.0084,  0.0057,  0.0090,  0.0222, -0.0233, -0.0119,  0.0218],
       device='cuda:0', requires_grad=True)
parameters of the network fc1.weight 
 torch.Size([256, 667776]) 
 True 
 tensor([[ 1.2017e-03,  3.7553e-04,  8.7831e-04,  ...,  1.0973e-03,
          6.2741e-04, -4.4041e-04],
        [-1.2052e-03, -9.5887e-04,  5.0825e-04,  ..., -1.1272e-03,
         -7.6560e-04,  8.5327e-04],
        [ 6.5105e-04,  5.7844e-05,  4.1464e-04,  ..., -1.1806e-03,
          3.4463e-04, -6.1100e-04],
        ...,
        [-3.7814e-04,  7.7017e-04,  7.2682e-04,  ..., -1.2038e-03,
         -3.0182e-04, -2.7314e-04],
        [ 7.2930e-04,  9.5940e-04,  6.2243e-04,  ..., -5.7307e-04,
          7.8426e-04, -8.7056e-04],
        [-4.5069e-04,  2.0887e-04,  4.2181e-04,  ...,  1.1224e-03,
         -4.9529e-04, -6.3962e-04]], device='cuda:0') 
 Parameter containing:
tensor([[ 1.2017e-03,  3.7553e-04,  8.7831e-04,  ...,  1.0973e-03,
          6.2741e-04, -4.4041e-04],
        [-1.2052e-03, -9.5887e-04,  5.0825e-04,  ..., -1.1272e-03,
         -7.6560e-04,  8.5327e-04],
        [ 6.5105e-04,  5.7844e-05,  4.1464e-04,  ..., -1.1806e-03,
          3.4463e-04, -6.1100e-04],
        ...,
        [-3.7814e-04,  7.7017e-04,  7.2682e-04,  ..., -1.2038e-03,
         -3.0182e-04, -2.7314e-04],
        [ 7.2930e-04,  9.5940e-04,  6.2243e-04,  ..., -5.7307e-04,
          7.8426e-04, -8.7056e-04],
        [-4.5069e-04,  2.0887e-04,  4.2181e-04,  ...,  1.1224e-03,
         -4.9529e-04, -6.3962e-04]], device='cuda:0', requires_grad=True)
parameters of the network fc1.bias 
 torch.Size([256]) 
 True 
 tensor([ 4.5078e-04, -2.5684e-04,  8.7431e-04, -2.0542e-04,  6.8103e-04,
        -1.4165e-04, -7.3253e-04,  3.6534e-04,  5.2296e-04,  1.4079e-06,
         1.2232e-03,  9.9972e-04, -8.3603e-04, -2.0021e-04,  3.9825e-04,
        -6.0525e-05, -4.8052e-04,  6.8467e-04,  7.4279e-04, -6.4872e-04,
         9.6182e-04, -4.8678e-04, -7.7645e-04,  6.4193e-04,  1.1256e-03,
        -9.8430e-04,  9.0620e-04, -8.2597e-04,  2.5246e-04, -1.7345e-04,
         2.9094e-04,  7.3001e-04,  8.5115e-04, -3.7912e-04,  1.9970e-04,
         8.5347e-04,  6.4536e-04, -5.6562e-04,  5.0784e-04, -1.4128e-05,
        -9.0605e-04, -8.3698e-04,  8.4377e-04, -3.2411e-04,  5.4605e-04,
        -4.7626e-04,  9.9950e-04, -1.0975e-03,  1.0041e-03, -4.3960e-04,
         1.1820e-03, -8.2233e-04, -9.7816e-04, -2.1472e-04, -2.6453e-05,
        -7.4357e-04,  1.1987e-03, -1.0488e-03,  3.7091e-04,  9.0219e-04,
         3.8924e-05, -2.1163e-04,  5.4181e-05, -8.0452e-04,  2.3247e-04,
        -4.2640e-04,  8.6338e-04, -8.5364e-04,  6.8599e-04,  1.0386e-03,
         1.1282e-04,  8.9420e-04,  5.9388e-04,  5.3151e-04, -2.1247e-04,
        -2.5359e-04,  9.2451e-04, -6.6108e-04,  9.2300e-04, -7.5711e-04,
        -8.9915e-04, -6.7178e-05, -6.5247e-04,  4.3436e-04,  2.1788e-04,
        -7.2923e-04,  2.6500e-04,  1.7283e-04, -1.5162e-05, -8.4481e-04,
         4.2109e-04,  1.3407e-04, -1.4897e-04,  1.1891e-03,  1.0564e-04,
         1.4094e-04,  5.9358e-04, -4.4315e-04,  5.4977e-04, -4.4380e-05,
         6.6095e-04, -7.9426e-04, -9.6061e-04,  2.2569e-05, -9.7054e-04,
        -1.1713e-04,  2.9636e-04, -4.1214e-04,  1.1312e-03, -5.5525e-05,
         6.0738e-04,  2.5320e-04, -6.7526e-04, -9.6846e-04, -7.7039e-04,
         1.0804e-04, -1.1389e-03, -1.0117e-03, -1.0734e-04,  6.6919e-04,
        -1.0504e-03,  5.9609e-04,  1.9215e-04, -1.0801e-03, -6.9742e-04,
        -9.8663e-04, -7.5305e-04, -2.3693e-04, -5.5451e-04, -2.1365e-04,
        -9.6586e-04, -6.1424e-04, -6.5763e-04,  1.7531e-04,  3.5237e-04,
        -2.0324e-04,  1.2180e-03, -3.0569e-04,  2.3499e-04,  6.2386e-04,
         1.1132e-03,  3.3591e-05, -6.4594e-04, -4.1133e-04, -6.8504e-04,
         1.0061e-03, -3.4405e-04, -4.7527e-04,  6.0213e-04,  9.8136e-04,
         6.4689e-04, -1.0318e-04,  1.0257e-03,  9.2735e-04, -6.1748e-04,
         6.1263e-04, -1.1308e-04, -2.3325e-04, -8.6234e-04,  4.2047e-04,
        -9.7203e-04,  1.1827e-03,  7.0471e-04, -6.4884e-04,  1.3088e-04,
         4.4087e-04,  1.0844e-03, -2.9480e-04,  1.9958e-04,  1.7174e-04,
        -3.3518e-04, -6.0199e-04, -5.6931e-04, -6.8852e-04,  3.2360e-04,
        -5.7924e-04, -1.1491e-03, -6.5862e-04, -3.5120e-04,  4.6643e-04,
         1.7421e-04,  6.4119e-04, -1.3019e-04, -1.5725e-04, -6.6676e-05,
        -1.1583e-03,  1.3538e-04, -1.2077e-03,  2.7681e-04, -5.5887e-04,
         6.7752e-04,  5.9471e-04, -8.7198e-04,  9.8526e-04, -3.4238e-04,
        -3.2141e-04, -9.4840e-04, -5.8508e-04,  1.1345e-03,  1.2031e-03,
        -7.1140e-04, -8.9087e-04, -8.4521e-04, -6.6264e-04,  3.6321e-04,
         9.3290e-04, -8.3201e-04,  6.4747e-04,  8.0413e-04, -5.9234e-04,
        -1.0526e-03, -1.1965e-04, -1.1736e-03,  7.7170e-04, -1.0464e-03,
        -2.5775e-04, -7.9348e-04, -8.8019e-04, -1.2116e-03, -6.5774e-04,
         9.9699e-04,  1.1512e-03,  7.1713e-04,  2.3488e-05, -1.3867e-04,
        -5.3157e-04,  1.1323e-03,  2.8887e-04, -5.4328e-04,  1.4476e-04,
         5.8069e-04,  8.4703e-04,  1.3346e-04,  9.1105e-04,  1.1167e-03,
         4.2781e-04, -4.1929e-06, -6.0693e-04, -1.8252e-04,  6.1613e-04,
        -1.7277e-04,  1.0207e-03, -2.8996e-04,  3.4791e-04,  6.3972e-04,
        -4.0452e-04, -4.6232e-04,  6.4359e-04, -1.1129e-03, -1.1584e-03,
         6.2659e-04, -2.5868e-04, -9.0513e-04, -8.1859e-04, -7.3274e-04,
         9.9767e-04], device='cuda:0') 
 Parameter containing:
tensor([ 4.5078e-04, -2.5684e-04,  8.7431e-04, -2.0542e-04,  6.8103e-04,
        -1.4165e-04, -7.3253e-04,  3.6534e-04,  5.2296e-04,  1.4079e-06,
         1.2232e-03,  9.9972e-04, -8.3603e-04, -2.0021e-04,  3.9825e-04,
        -6.0525e-05, -4.8052e-04,  6.8467e-04,  7.4279e-04, -6.4872e-04,
         9.6182e-04, -4.8678e-04, -7.7645e-04,  6.4193e-04,  1.1256e-03,
        -9.8430e-04,  9.0620e-04, -8.2597e-04,  2.5246e-04, -1.7345e-04,
         2.9094e-04,  7.3001e-04,  8.5115e-04, -3.7912e-04,  1.9970e-04,
         8.5347e-04,  6.4536e-04, -5.6562e-04,  5.0784e-04, -1.4128e-05,
        -9.0605e-04, -8.3698e-04,  8.4377e-04, -3.2411e-04,  5.4605e-04,
        -4.7626e-04,  9.9950e-04, -1.0975e-03,  1.0041e-03, -4.3960e-04,
         1.1820e-03, -8.2233e-04, -9.7816e-04, -2.1472e-04, -2.6453e-05,
        -7.4357e-04,  1.1987e-03, -1.0488e-03,  3.7091e-04,  9.0219e-04,
         3.8924e-05, -2.1163e-04,  5.4181e-05, -8.0452e-04,  2.3247e-04,
        -4.2640e-04,  8.6338e-04, -8.5364e-04,  6.8599e-04,  1.0386e-03,
         1.1282e-04,  8.9420e-04,  5.9388e-04,  5.3151e-04, -2.1247e-04,
        -2.5359e-04,  9.2451e-04, -6.6108e-04,  9.2300e-04, -7.5711e-04,
        -8.9915e-04, -6.7178e-05, -6.5247e-04,  4.3436e-04,  2.1788e-04,
        -7.2923e-04,  2.6500e-04,  1.7283e-04, -1.5162e-05, -8.4481e-04,
         4.2109e-04,  1.3407e-04, -1.4897e-04,  1.1891e-03,  1.0564e-04,
         1.4094e-04,  5.9358e-04, -4.4315e-04,  5.4977e-04, -4.4380e-05,
         6.6095e-04, -7.9426e-04, -9.6061e-04,  2.2569e-05, -9.7054e-04,
        -1.1713e-04,  2.9636e-04, -4.1214e-04,  1.1312e-03, -5.5525e-05,
         6.0738e-04,  2.5320e-04, -6.7526e-04, -9.6846e-04, -7.7039e-04,
         1.0804e-04, -1.1389e-03, -1.0117e-03, -1.0734e-04,  6.6919e-04,
        -1.0504e-03,  5.9609e-04,  1.9215e-04, -1.0801e-03, -6.9742e-04,
        -9.8663e-04, -7.5305e-04, -2.3693e-04, -5.5451e-04, -2.1365e-04,
        -9.6586e-04, -6.1424e-04, -6.5763e-04,  1.7531e-04,  3.5237e-04,
        -2.0324e-04,  1.2180e-03, -3.0569e-04,  2.3499e-04,  6.2386e-04,
         1.1132e-03,  3.3591e-05, -6.4594e-04, -4.1133e-04, -6.8504e-04,
         1.0061e-03, -3.4405e-04, -4.7527e-04,  6.0213e-04,  9.8136e-04,
         6.4689e-04, -1.0318e-04,  1.0257e-03,  9.2735e-04, -6.1748e-04,
         6.1263e-04, -1.1308e-04, -2.3325e-04, -8.6234e-04,  4.2047e-04,
        -9.7203e-04,  1.1827e-03,  7.0471e-04, -6.4884e-04,  1.3088e-04,
         4.4087e-04,  1.0844e-03, -2.9480e-04,  1.9958e-04,  1.7174e-04,
        -3.3518e-04, -6.0199e-04, -5.6931e-04, -6.8852e-04,  3.2360e-04,
        -5.7924e-04, -1.1491e-03, -6.5862e-04, -3.5120e-04,  4.6643e-04,
         1.7421e-04,  6.4119e-04, -1.3019e-04, -1.5725e-04, -6.6676e-05,
        -1.1583e-03,  1.3538e-04, -1.2077e-03,  2.7681e-04, -5.5887e-04,
         6.7752e-04,  5.9471e-04, -8.7198e-04,  9.8526e-04, -3.4238e-04,
        -3.2141e-04, -9.4840e-04, -5.8508e-04,  1.1345e-03,  1.2031e-03,
        -7.1140e-04, -8.9087e-04, -8.4521e-04, -6.6264e-04,  3.6321e-04,
         9.3290e-04, -8.3201e-04,  6.4747e-04,  8.0413e-04, -5.9234e-04,
        -1.0526e-03, -1.1965e-04, -1.1736e-03,  7.7170e-04, -1.0464e-03,
        -2.5775e-04, -7.9348e-04, -8.8019e-04, -1.2116e-03, -6.5774e-04,
         9.9699e-04,  1.1512e-03,  7.1713e-04,  2.3488e-05, -1.3867e-04,
        -5.3157e-04,  1.1323e-03,  2.8887e-04, -5.4328e-04,  1.4476e-04,
         5.8069e-04,  8.4703e-04,  1.3346e-04,  9.1105e-04,  1.1167e-03,
         4.2781e-04, -4.1929e-06, -6.0693e-04, -1.8252e-04,  6.1613e-04,
        -1.7277e-04,  1.0207e-03, -2.8996e-04,  3.4791e-04,  6.3972e-04,
        -4.0452e-04, -4.6232e-04,  6.4359e-04, -1.1129e-03, -1.1584e-03,
         6.2659e-04, -2.5868e-04, -9.0513e-04, -8.1859e-04, -7.3274e-04,
         9.9767e-04], device='cuda:0', requires_grad=True)
parameters of the network fc2.weight 
 torch.Size([128, 256]) 
 True 
 tensor([[ 0.0148,  0.0326,  0.0056,  ...,  0.0318,  0.0032,  0.0397],
        [ 0.0574, -0.0251, -0.0181,  ..., -0.0200, -0.0476,  0.0543],
        [-0.0486, -0.0420, -0.0135,  ..., -0.0308,  0.0395,  0.0246],
        ...,
        [ 0.0514, -0.0536, -0.0277,  ...,  0.0024,  0.0605,  0.0149],
        [ 0.0529,  0.0470, -0.0035,  ...,  0.0265,  0.0040,  0.0005],
        [ 0.0557,  0.0142,  0.0538,  ..., -0.0486,  0.0559,  0.0553]],
       device='cuda:0') 
 Parameter containing:
tensor([[ 0.0148,  0.0326,  0.0056,  ...,  0.0318,  0.0032,  0.0397],
        [ 0.0574, -0.0251, -0.0181,  ..., -0.0200, -0.0476,  0.0543],
        [-0.0486, -0.0420, -0.0135,  ..., -0.0308,  0.0395,  0.0246],
        ...,
        [ 0.0514, -0.0536, -0.0277,  ...,  0.0024,  0.0605,  0.0149],
        [ 0.0529,  0.0470, -0.0035,  ...,  0.0265,  0.0040,  0.0005],
        [ 0.0557,  0.0142,  0.0538,  ..., -0.0486,  0.0559,  0.0553]],
       device='cuda:0', requires_grad=True)
parameters of the network fc2.bias 
 torch.Size([128]) 
 True 
 tensor([-6.0547e-02, -4.7916e-02,  3.6994e-02, -4.8962e-03, -1.9971e-02,
        -4.4832e-02, -1.8692e-02, -3.8034e-02,  5.7076e-02,  3.4854e-02,
        -3.5190e-02,  3.1835e-03,  3.5564e-02, -1.6960e-02,  2.0397e-02,
         2.3994e-02,  6.5109e-03,  2.2116e-02, -3.9419e-02, -2.2547e-02,
        -2.0635e-02,  3.6414e-02, -5.2130e-02, -4.6639e-02, -7.9961e-03,
         5.4119e-02, -5.4429e-02,  5.8747e-02,  3.9468e-02, -1.9619e-02,
        -4.9778e-02, -1.7526e-02,  4.0095e-02,  2.7356e-02,  5.7933e-02,
        -1.2362e-02, -3.9218e-02,  9.8837e-03, -1.2651e-02, -9.5409e-03,
        -5.6308e-02, -3.8104e-02,  5.2403e-02,  3.8080e-03,  5.9106e-02,
        -4.7848e-02, -2.7513e-02, -5.6364e-02,  4.9462e-02,  1.3919e-02,
         3.9232e-02, -3.7332e-03, -5.0291e-02,  1.5922e-04,  5.6118e-02,
         1.0977e-02,  3.9100e-02,  5.4709e-02,  1.6535e-02,  5.9523e-02,
        -4.8123e-02,  5.7930e-02,  4.3991e-02, -4.6411e-02,  5.0697e-02,
        -7.8365e-05,  5.1611e-02,  6.0334e-02, -4.6449e-02, -4.1250e-02,
        -5.5655e-02, -4.0800e-03,  4.2075e-02, -1.1687e-02, -6.3505e-03,
        -4.9975e-02,  2.5966e-02, -2.3990e-02, -2.0111e-02,  1.2033e-02,
        -4.3297e-02,  4.9359e-03, -4.4126e-02,  7.0097e-03,  4.2280e-02,
        -6.2260e-02, -3.7815e-03,  5.1585e-02, -4.6202e-02,  3.4372e-02,
         6.8863e-04, -1.3092e-02,  2.6185e-02,  1.4757e-02,  3.5909e-02,
        -1.4751e-03, -1.0725e-02,  5.6594e-02,  5.0251e-02, -3.8770e-03,
        -6.3221e-03,  4.7298e-02, -5.3342e-02, -5.9756e-02,  6.0628e-02,
         2.2201e-02, -1.8320e-02, -3.4967e-02, -1.8254e-02, -2.9782e-02,
        -2.1320e-02, -1.9410e-02,  2.9185e-02,  5.9918e-02, -4.9477e-03,
         7.3819e-03,  5.5482e-02,  5.6521e-02, -4.8665e-02,  1.7713e-02,
         3.5301e-02, -1.5851e-02, -2.3074e-02,  1.1925e-02, -2.2497e-02,
         2.9236e-02,  3.0018e-02, -1.4577e-02], device='cuda:0') 
 Parameter containing:
tensor([-6.0547e-02, -4.7916e-02,  3.6994e-02, -4.8962e-03, -1.9971e-02,
        -4.4832e-02, -1.8692e-02, -3.8034e-02,  5.7076e-02,  3.4854e-02,
        -3.5190e-02,  3.1835e-03,  3.5564e-02, -1.6960e-02,  2.0397e-02,
         2.3994e-02,  6.5109e-03,  2.2116e-02, -3.9419e-02, -2.2547e-02,
        -2.0635e-02,  3.6414e-02, -5.2130e-02, -4.6639e-02, -7.9961e-03,
         5.4119e-02, -5.4429e-02,  5.8747e-02,  3.9468e-02, -1.9619e-02,
        -4.9778e-02, -1.7526e-02,  4.0095e-02,  2.7356e-02,  5.7933e-02,
        -1.2362e-02, -3.9218e-02,  9.8837e-03, -1.2651e-02, -9.5409e-03,
        -5.6308e-02, -3.8104e-02,  5.2403e-02,  3.8080e-03,  5.9106e-02,
        -4.7848e-02, -2.7513e-02, -5.6364e-02,  4.9462e-02,  1.3919e-02,
         3.9232e-02, -3.7332e-03, -5.0291e-02,  1.5922e-04,  5.6118e-02,
         1.0977e-02,  3.9100e-02,  5.4709e-02,  1.6535e-02,  5.9523e-02,
        -4.8123e-02,  5.7930e-02,  4.3991e-02, -4.6411e-02,  5.0697e-02,
        -7.8365e-05,  5.1611e-02,  6.0334e-02, -4.6449e-02, -4.1250e-02,
        -5.5655e-02, -4.0800e-03,  4.2075e-02, -1.1687e-02, -6.3505e-03,
        -4.9975e-02,  2.5966e-02, -2.3990e-02, -2.0111e-02,  1.2033e-02,
        -4.3297e-02,  4.9359e-03, -4.4126e-02,  7.0097e-03,  4.2280e-02,
        -6.2260e-02, -3.7815e-03,  5.1585e-02, -4.6202e-02,  3.4372e-02,
         6.8863e-04, -1.3092e-02,  2.6185e-02,  1.4757e-02,  3.5909e-02,
        -1.4751e-03, -1.0725e-02,  5.6594e-02,  5.0251e-02, -3.8770e-03,
        -6.3221e-03,  4.7298e-02, -5.3342e-02, -5.9756e-02,  6.0628e-02,
         2.2201e-02, -1.8320e-02, -3.4967e-02, -1.8254e-02, -2.9782e-02,
        -2.1320e-02, -1.9410e-02,  2.9185e-02,  5.9918e-02, -4.9477e-03,
         7.3819e-03,  5.5482e-02,  5.6521e-02, -4.8665e-02,  1.7713e-02,
         3.5301e-02, -1.5851e-02, -2.3074e-02,  1.1925e-02, -2.2497e-02,
         2.9236e-02,  3.0018e-02, -1.4577e-02], device='cuda:0',
       requires_grad=True)
parameters of the network fc3.weight 
 torch.Size([64, 128]) 
 True 
 tensor([[-0.0001,  0.0468, -0.0655,  ...,  0.0754, -0.0465, -0.0481],
        [ 0.0474, -0.0099,  0.0300,  ..., -0.0853, -0.0017, -0.0346],
        [ 0.0186,  0.0070,  0.0455,  ..., -0.0880, -0.0432,  0.0854],
        ...,
        [ 0.0511,  0.0055, -0.0860,  ...,  0.0785,  0.0482,  0.0170],
        [-0.0316,  0.0670,  0.0814,  ...,  0.0716,  0.0692, -0.0135],
        [ 0.0428, -0.0709,  0.0160,  ...,  0.0343,  0.0794,  0.0735]],
       device='cuda:0') 
 Parameter containing:
tensor([[-0.0001,  0.0468, -0.0655,  ...,  0.0754, -0.0465, -0.0481],
        [ 0.0474, -0.0099,  0.0300,  ..., -0.0853, -0.0017, -0.0346],
        [ 0.0186,  0.0070,  0.0455,  ..., -0.0880, -0.0432,  0.0854],
        ...,
        [ 0.0511,  0.0055, -0.0860,  ...,  0.0785,  0.0482,  0.0170],
        [-0.0316,  0.0670,  0.0814,  ...,  0.0716,  0.0692, -0.0135],
        [ 0.0428, -0.0709,  0.0160,  ...,  0.0343,  0.0794,  0.0735]],
       device='cuda:0', requires_grad=True)
parameters of the network fc3.bias 
 torch.Size([64]) 
 True 
 tensor([-0.0548,  0.0668,  0.0767, -0.0400,  0.0248, -0.0272,  0.0338, -0.0620,
         0.0178,  0.0224, -0.0496, -0.0024,  0.0526, -0.0033, -0.0839,  0.0763,
         0.0639,  0.0144, -0.0058,  0.0729,  0.0193, -0.0789,  0.0224, -0.0052,
         0.0779, -0.0174, -0.0674,  0.0237, -0.0706, -0.0477,  0.0168, -0.0210,
         0.0472,  0.0117,  0.0808, -0.0163, -0.0588,  0.0426, -0.0793,  0.0867,
        -0.0224,  0.0372, -0.0594,  0.0393, -0.0465,  0.0133,  0.0284,  0.0093,
        -0.0516,  0.0572,  0.0715, -0.0147,  0.0582,  0.0380,  0.0768,  0.0399,
         0.0165,  0.0366,  0.0471,  0.0505, -0.0607,  0.0611,  0.0756,  0.0576],
       device='cuda:0') 
 Parameter containing:
tensor([-0.0548,  0.0668,  0.0767, -0.0400,  0.0248, -0.0272,  0.0338, -0.0620,
         0.0178,  0.0224, -0.0496, -0.0024,  0.0526, -0.0033, -0.0839,  0.0763,
         0.0639,  0.0144, -0.0058,  0.0729,  0.0193, -0.0789,  0.0224, -0.0052,
         0.0779, -0.0174, -0.0674,  0.0237, -0.0706, -0.0477,  0.0168, -0.0210,
         0.0472,  0.0117,  0.0808, -0.0163, -0.0588,  0.0426, -0.0793,  0.0867,
        -0.0224,  0.0372, -0.0594,  0.0393, -0.0465,  0.0133,  0.0284,  0.0093,
        -0.0516,  0.0572,  0.0715, -0.0147,  0.0582,  0.0380,  0.0768,  0.0399,
         0.0165,  0.0366,  0.0471,  0.0505, -0.0607,  0.0611,  0.0756,  0.0576],
       device='cuda:0', requires_grad=True)
parameters of the network fc4.weight 
 torch.Size([6796, 64]) 
 True 
 tensor([[ 0.0357,  0.1158,  0.1192,  ..., -0.0473, -0.0817, -0.0234],
        [-0.0660,  0.0289, -0.0922,  ..., -0.0526,  0.0252, -0.0636],
        [-0.0319,  0.0230, -0.0860,  ..., -0.1065, -0.0836, -0.1028],
        ...,
        [ 0.1119,  0.0405,  0.0181,  ..., -0.0757, -0.0906,  0.0584],
        [ 0.0793,  0.0935,  0.0627,  ...,  0.0302, -0.1157, -0.0214],
        [-0.0235,  0.0943, -0.0010,  ...,  0.0073, -0.0146,  0.1000]],
       device='cuda:0') 
 Parameter containing:
tensor([[ 0.0357,  0.1158,  0.1192,  ..., -0.0473, -0.0817, -0.0234],
        [-0.0660,  0.0289, -0.0922,  ..., -0.0526,  0.0252, -0.0636],
        [-0.0319,  0.0230, -0.0860,  ..., -0.1065, -0.0836, -0.1028],
        ...,
        [ 0.1119,  0.0405,  0.0181,  ..., -0.0757, -0.0906,  0.0584],
        [ 0.0793,  0.0935,  0.0627,  ...,  0.0302, -0.1157, -0.0214],
        [-0.0235,  0.0943, -0.0010,  ...,  0.0073, -0.0146,  0.1000]],
       device='cuda:0', requires_grad=True)
parameters of the network fc4.bias 
 torch.Size([6796]) 
 True 
 tensor([-0.1126, -0.0083,  0.0263,  ..., -0.0947,  0.0563,  0.0595],
       device='cuda:0') 
 Parameter containing:
tensor([-0.1126, -0.0083,  0.0263,  ..., -0.0947,  0.0563,  0.0595],
       device='cuda:0', requires_grad=True)

Passing event 1007 from the network before training input tensor([[0., 0., 0.,  ..., 0., 0., 0.],
        [0., 0., 0.,  ..., 0., 0., 0.],
        [0., 0., 0.,  ..., 0., 0., 0.],
        ...,
        [0., 0., 0.,  ..., 0., 0., 0.],
        [0., 0., 0.,  ..., 0., 0., 0.],
        [0., 0., 0.,  ..., 0., 0., 0.]]) 
result1: tensor([[0.4697, 0.5089, 0.4970,  ..., 0.4745, 0.5113, 0.5144],
        [0.4698, 0.5090, 0.4970,  ..., 0.4746, 0.5114, 0.5144],
        [0.4698, 0.5090, 0.4970,  ..., 0.4746, 0.5113, 0.5144],
        ...,
        [0.4698, 0.5090, 0.4970,  ..., 0.4745, 0.5113, 0.5144],
        [0.4698, 0.5090, 0.4970,  ..., 0.4746, 0.5113, 0.5144],
        [0.4697, 0.5091, 0.4970,  ..., 0.4746, 0.5113, 0.5144]],
       device='cuda:0', grad_fn=<SigmoidBackward0>) 
result1.shape: torch.Size([20, 6796])

Passing two random events from the network before training 
result1: tensor([[0.4697, 0.5089, 0.4970,  ..., 0.4745, 0.5113, 0.5144],
        [0.4698, 0.5090, 0.4970,  ..., 0.4746, 0.5114, 0.5144],
        [0.4698, 0.5090, 0.4970,  ..., 0.4746, 0.5113, 0.5144],
        ...,
        [0.4698, 0.5090, 0.4970,  ..., 0.4745, 0.5113, 0.5144],
        [0.4698, 0.5090, 0.4970,  ..., 0.4746, 0.5113, 0.5144],
        [0.4697, 0.5091, 0.4970,  ..., 0.4746, 0.5113, 0.5144]],
       device='cuda:0', grad_fn=<SigmoidBackward0>) 
result1.shape: torch.Size([20, 6796]) 
input: [[0. 0. 0. ... 0. 0. 0.]
 [0. 0. 0. ... 0. 0. 0.]
 [0. 0. 0. ... 0. 0. 0.]
 ...
 [0. 0. 0. ... 0. 0. 0.]
 [0. 0. 0. ... 0. 0. 0.]
 [0. 0. 0. ... 0. 0. 0.]]
=> loading checkpoint from /hpcfs/bes/mlgpu/hoseinkk/MLTracking/otherparticles/pppipi/pyt_pppipi_cnn_1/checkpoint_dir/1999840284saved_checkpoint.tar



load_model True 
TraEvN 19998 
BatchSize 30.0 
EpochNum 40 
LrVal 0.0001 
weight_decay 5e-05 
startmesh 284 
endmesh 285 



Traceback (most recent call last):
  File "/hpcfs/bes/mlgpu/hoseinkk/MLTracking/otherparticles/pppipi/pyt_pppipi_cnn_1/./Results.py", line 66, in <module>
    plotevent(sitonsquare((result1[EvBTr - 10000] > thr[0]) & (sitonsquare(trvalcnnpppipi[EvBTr]) > 0)), 845, f'event number {EvBTr} passed through network after training \n threshold is {thr[0]}')
ValueError: operands could not be broadcast together with shapes (6796,) (43,288) 

real	0m45.106s
user	1m3.165s
sys	0m4.937s
