0: gpu016.ihep.ac.cn
GPU 0: Tesla V100-SXM2-32GB (UUID: GPU-d9a59e1e-438e-5d0e-d726-afe9140917f2)
Allocate GPU cards : 0

modinfo:
filename:       /lib/modules/3.10.0-1160.71.1.el7.x86_64/extra/nvidia.ko.xz
firmware:       nvidia/515.65.01/gsp.bin
alias:          char-major-195-*
version:        515.65.01
supported:      external
license:        NVIDIA
retpoline:      Y
rhelversion:    7.9
srcversion:     8049D44E2C1B08F41E1B8A6
alias:          pci:v000010DEd*sv*sd*bc06sc80i00*
alias:          pci:v000010DEd*sv*sd*bc03sc02i00*
alias:          pci:v000010DEd*sv*sd*bc03sc00i00*
depends:        drm
vermagic:       3.10.0-1160.71.1.el7.x86_64 SMP mod_unload modversions 
signer:         DKMS module signing key
sig_key:        A2:17:1D:79:E5:47:38:13:77:F2:EE:66:EA:5D:DB:A0:A1:CA:F4:E7
sig_hashalgo:   sha512
parm:           NvSwitchRegDwords:NvSwitch regkey (charp)
parm:           NvSwitchBlacklist:NvSwitchBlacklist=uuid[,uuid...] (charp)
parm:           NVreg_ResmanDebugLevel:int
parm:           NVreg_RmLogonRC:int
parm:           NVreg_ModifyDeviceFiles:int
parm:           NVreg_DeviceFileUID:int
parm:           NVreg_DeviceFileGID:int
parm:           NVreg_DeviceFileMode:int
parm:           NVreg_InitializeSystemMemoryAllocations:int
parm:           NVreg_UsePageAttributeTable:int
parm:           NVreg_EnablePCIeGen3:int
parm:           NVreg_EnableMSI:int
parm:           NVreg_TCEBypassMode:int
parm:           NVreg_EnableStreamMemOPs:int
parm:           NVreg_RestrictProfilingToAdminUsers:int
parm:           NVreg_PreserveVideoMemoryAllocations:int
parm:           NVreg_EnableS0ixPowerManagement:int
parm:           NVreg_S0ixPowerManagementVideoMemoryThreshold:int
parm:           NVreg_DynamicPowerManagement:int
parm:           NVreg_DynamicPowerManagementVideoMemoryThreshold:int
parm:           NVreg_EnableGpuFirmware:int
parm:           NVreg_EnableGpuFirmwareLogs:int
parm:           NVreg_OpenRmEnableUnsupportedGpus:int
parm:           NVreg_EnableUserNUMAManagement:int
parm:           NVreg_MemoryPoolSize:int
parm:           NVreg_KMallocHeapMaxSize:int
parm:           NVreg_VMallocHeapMaxSize:int
parm:           NVreg_IgnoreMMIOCheck:int
parm:           NVreg_NvLinkDisable:int
parm:           NVreg_EnablePCIERelaxedOrderingMode:int
parm:           NVreg_RegisterPCIDriver:int
parm:           NVreg_EnableDbgBreakpoint:int
parm:           NVreg_RegistryDwords:charp
parm:           NVreg_RegistryDwordsPerDevice:charp
parm:           NVreg_RmMsg:charp
parm:           NVreg_GpuBlacklist:charp
parm:           NVreg_TemporaryFilePath:charp
parm:           NVreg_ExcludedGpus:charp
parm:           NVreg_DmaRemapPeerMmio:int
parm:           rm_firmware_active:charp

nvidia-smi:
Mon Aug 29 19:37:31 2022       
+-----------------------------------------------------------------------------+
| NVIDIA-SMI 515.65.01    Driver Version: 515.65.01    CUDA Version: 11.7     |
|-------------------------------+----------------------+----------------------+
| GPU  Name        Persistence-M| Bus-Id        Disp.A | Volatile Uncorr. ECC |
| Fan  Temp  Perf  Pwr:Usage/Cap|         Memory-Usage | GPU-Util  Compute M. |
|                               |                      |               MIG M. |
|===============================+======================+======================|
|   0  Tesla V100-SXM2...  On   | 00000000:1F:00.0 Off |                    0 |
| N/A   34C    P0    44W / 300W |      0MiB / 32768MiB |      0%      Default |
|                               |                      |                  N/A |
+-------------------------------+----------------------+----------------------+
                                                                               
+-----------------------------------------------------------------------------+
| Processes:                                                                  |
|  GPU   GI   CI        PID   Type   Process name                  GPU Memory |
|        ID   ID                                                   Usage      |
|=============================================================================|
|  No running processes found                                                 |
+-----------------------------------------------------------------------------+

nvcc --version:
nvcc: NVIDIA (R) Cuda compiler driver
Copyright (c) 2005-2021 NVIDIA Corporation
Built on Sun_Mar_21_19:15:46_PDT_2021
Cuda compilation tools, release 11.3, V11.3.58
Build cuda_11.3.r11.3/compiler.29745058_0

 torch version: 1.10.2

 cuda version: 11.3

 is cuda available: True

 CUDNN VERSION: 8200

 Number CUDA Devices: 1

 CUDA Device Name: Tesla V100-SXM2-32GB

 CUDA Device Total Memory [GB]: 34.089926656

 Device capability: (7, 0) 

 Cuda deviice: <torch.cuda.device object at 0x2b086912c8e0> 

 Is cuda initialized: True

 CUDA_HOME: /hpcfs/bes/mlgpu/hoseinkk/Miniconda3/envs/dgl1

real	0m9.794s
user	0m3.119s
sys	0m1.203s
/hpcfs/bes/mlgpu/hoseinkk/Miniconda3/envs/dgl1/lib/python3.9/site-packages/cupy/_environment.py:438: UserWarning: 
--------------------------------------------------------------------------------

  CuPy may not function correctly because multiple CuPy packages are installed
  in your environment:

    cupy, cupy-cuda110

  Follow these steps to resolve this issue:

    1. For all packages listed above, run the following command to remove all
       existing CuPy installations:

         $ pip uninstall <package_name>

      If you previously installed CuPy via conda, also run the following:

         $ conda uninstall cupy

    2. Install the appropriate CuPy package.
       Refer to the Installation Guide for detailed instructions.

         https://docs.cupy.dev/en/stable/install.html

--------------------------------------------------------------------------------

  warnings.warn(f'''
/hpcfs/bes/mlgpu/hoseinkk/Miniconda3/envs/dgl1/lib/python3.9/site-packages/torch/nn/functional.py:1806: UserWarning: nn.functional.sigmoid is deprecated. Use torch.sigmoid instead.
  warnings.warn("nn.functional.sigmoid is deprecated. Use torch.sigmoid instead.")





 Loading data ... 



training set shape (20000, 43, 288) 
sum 5279207

target set shape (20000, 6796) 
sum 4575851




 The Network ... 


Net(
  (conv1): Conv2d(1, 256, kernel_size=(3, 3), stride=(1, 1))
  (conv2): Conv2d(256, 128, kernel_size=(3, 3), stride=(1, 1))
  (conv3): Conv2d(128, 64, kernel_size=(3, 3), stride=(1, 1))
  (fc1): Linear(in_features=667776, out_features=256, bias=True)
  (fc2): Linear(in_features=256, out_features=128, bias=True)
  (fc3): Linear(in_features=128, out_features=64, bias=True)
  (fc4): Linear(in_features=64, out_features=6796, bias=True)
)

number of the free parameters: 171805196
parameters of the network conv1.weight 
 torch.Size([256, 1, 3, 3]) 
 True 
 tensor([[[[-0.1425, -0.1480, -0.2823],
          [-0.2170, -0.0361,  0.3135],
          [ 0.1262, -0.0346,  0.0946]]],


        [[[ 0.1111, -0.2505,  0.1781],
          [ 0.1230,  0.0838, -0.2033],
          [-0.1706, -0.3195, -0.2172]]],


        [[[-0.2824, -0.3186, -0.3188],
          [ 0.2955,  0.0307, -0.0977],
          [-0.0162,  0.2672,  0.0165]]],


        ...,


        [[[ 0.2345, -0.0992, -0.3052],
          [ 0.2315, -0.3120,  0.1943],
          [ 0.2837, -0.0045, -0.3009]]],


        [[[-0.2695, -0.2080, -0.1233],
          [-0.0277,  0.0010, -0.1106],
          [ 0.2988,  0.1121,  0.2701]]],


        [[[ 0.1809,  0.1679,  0.2771],
          [ 0.0230, -0.3192,  0.2414],
          [ 0.0289,  0.1355,  0.1485]]]], device='cuda:0') 
 Parameter containing:
tensor([[[[-0.1425, -0.1480, -0.2823],
          [-0.2170, -0.0361,  0.3135],
          [ 0.1262, -0.0346,  0.0946]]],


        [[[ 0.1111, -0.2505,  0.1781],
          [ 0.1230,  0.0838, -0.2033],
          [-0.1706, -0.3195, -0.2172]]],


        [[[-0.2824, -0.3186, -0.3188],
          [ 0.2955,  0.0307, -0.0977],
          [-0.0162,  0.2672,  0.0165]]],


        ...,


        [[[ 0.2345, -0.0992, -0.3052],
          [ 0.2315, -0.3120,  0.1943],
          [ 0.2837, -0.0045, -0.3009]]],


        [[[-0.2695, -0.2080, -0.1233],
          [-0.0277,  0.0010, -0.1106],
          [ 0.2988,  0.1121,  0.2701]]],


        [[[ 0.1809,  0.1679,  0.2771],
          [ 0.0230, -0.3192,  0.2414],
          [ 0.0289,  0.1355,  0.1485]]]], device='cuda:0', requires_grad=True)
parameters of the network conv1.bias 
 torch.Size([256]) 
 True 
 tensor([ 0.2067,  0.1967,  0.2403,  0.2156, -0.1750,  0.1654, -0.1227, -0.0546,
         0.3140, -0.2951,  0.1894,  0.1687,  0.0305, -0.3192, -0.0661, -0.0932,
         0.1821,  0.1203,  0.0029, -0.3326,  0.0563, -0.1599, -0.2072, -0.1017,
        -0.2254,  0.1597,  0.0045,  0.2243,  0.1405,  0.1141,  0.1910, -0.3287,
        -0.2522, -0.2730,  0.0645, -0.0851, -0.1811, -0.2705, -0.3152,  0.0337,
        -0.0610,  0.3201, -0.2549, -0.2515,  0.3247, -0.2202, -0.3179, -0.1058,
         0.0286,  0.1812, -0.0793,  0.3218, -0.2441,  0.1172, -0.0677,  0.2352,
        -0.3139, -0.1373, -0.1942,  0.2414,  0.1444,  0.1861,  0.0162,  0.0839,
        -0.2396, -0.1793,  0.0336,  0.2939, -0.3119,  0.1184, -0.2512,  0.2773,
        -0.3283, -0.1667, -0.1310, -0.0444, -0.3026, -0.2841,  0.0175, -0.2410,
        -0.1889, -0.0747,  0.2726,  0.3057,  0.0040, -0.3169, -0.1335, -0.1307,
        -0.0768, -0.1902, -0.2144, -0.2813, -0.0480,  0.2264, -0.0332, -0.0484,
         0.1859, -0.2867, -0.2270, -0.0748,  0.1230, -0.1616, -0.0123,  0.2843,
        -0.1064,  0.2033, -0.1212, -0.2435, -0.1348, -0.1391,  0.1342, -0.2999,
        -0.0379,  0.3120, -0.0823, -0.1306, -0.0522,  0.0860,  0.3160, -0.1132,
        -0.2336, -0.3190,  0.0912, -0.2463,  0.2967, -0.1809,  0.1346,  0.3077,
         0.0617,  0.0238,  0.1311,  0.2793, -0.1948, -0.0892,  0.2479,  0.0875,
         0.0598,  0.1502, -0.0113,  0.1135, -0.3112, -0.2167,  0.1520, -0.2692,
        -0.2473,  0.2237,  0.2264,  0.2922,  0.2952,  0.2762, -0.2391, -0.0691,
        -0.1707, -0.2590, -0.3195,  0.1511,  0.1370,  0.1651,  0.1048, -0.1286,
        -0.3167,  0.0680,  0.0345,  0.0548,  0.0496,  0.0953,  0.0188, -0.0081,
        -0.0630,  0.2275,  0.1483, -0.2704, -0.0445, -0.0995,  0.0483, -0.1327,
        -0.1345,  0.2398,  0.0084, -0.3332, -0.1650, -0.2996,  0.2620,  0.2298,
        -0.1674,  0.2584,  0.3128, -0.0129,  0.1322,  0.2616,  0.0100,  0.3110,
         0.0543,  0.1248,  0.0577, -0.1372,  0.0386,  0.2549, -0.2228, -0.3017,
         0.0799,  0.2898, -0.0894, -0.2317,  0.1555,  0.0220, -0.2909, -0.0433,
         0.0598,  0.1824,  0.2217,  0.2139, -0.1192, -0.2298,  0.1553,  0.1191,
        -0.0483, -0.3045,  0.2873, -0.1684, -0.2080, -0.2610, -0.2364,  0.3032,
        -0.0393,  0.0013,  0.1576, -0.2596,  0.2737,  0.2491,  0.2634, -0.0249,
        -0.0428,  0.1254,  0.2503, -0.3105, -0.1400, -0.3150,  0.2470,  0.0144,
         0.2671, -0.1678,  0.2113, -0.2907,  0.1203,  0.1044, -0.1719, -0.0685,
        -0.0170, -0.1764,  0.0221, -0.2780,  0.3025,  0.2873, -0.1434,  0.1783],
       device='cuda:0') 
 Parameter containing:
tensor([ 0.2067,  0.1967,  0.2403,  0.2156, -0.1750,  0.1654, -0.1227, -0.0546,
         0.3140, -0.2951,  0.1894,  0.1687,  0.0305, -0.3192, -0.0661, -0.0932,
         0.1821,  0.1203,  0.0029, -0.3326,  0.0563, -0.1599, -0.2072, -0.1017,
        -0.2254,  0.1597,  0.0045,  0.2243,  0.1405,  0.1141,  0.1910, -0.3287,
        -0.2522, -0.2730,  0.0645, -0.0851, -0.1811, -0.2705, -0.3152,  0.0337,
        -0.0610,  0.3201, -0.2549, -0.2515,  0.3247, -0.2202, -0.3179, -0.1058,
         0.0286,  0.1812, -0.0793,  0.3218, -0.2441,  0.1172, -0.0677,  0.2352,
        -0.3139, -0.1373, -0.1942,  0.2414,  0.1444,  0.1861,  0.0162,  0.0839,
        -0.2396, -0.1793,  0.0336,  0.2939, -0.3119,  0.1184, -0.2512,  0.2773,
        -0.3283, -0.1667, -0.1310, -0.0444, -0.3026, -0.2841,  0.0175, -0.2410,
        -0.1889, -0.0747,  0.2726,  0.3057,  0.0040, -0.3169, -0.1335, -0.1307,
        -0.0768, -0.1902, -0.2144, -0.2813, -0.0480,  0.2264, -0.0332, -0.0484,
         0.1859, -0.2867, -0.2270, -0.0748,  0.1230, -0.1616, -0.0123,  0.2843,
        -0.1064,  0.2033, -0.1212, -0.2435, -0.1348, -0.1391,  0.1342, -0.2999,
        -0.0379,  0.3120, -0.0823, -0.1306, -0.0522,  0.0860,  0.3160, -0.1132,
        -0.2336, -0.3190,  0.0912, -0.2463,  0.2967, -0.1809,  0.1346,  0.3077,
         0.0617,  0.0238,  0.1311,  0.2793, -0.1948, -0.0892,  0.2479,  0.0875,
         0.0598,  0.1502, -0.0113,  0.1135, -0.3112, -0.2167,  0.1520, -0.2692,
        -0.2473,  0.2237,  0.2264,  0.2922,  0.2952,  0.2762, -0.2391, -0.0691,
        -0.1707, -0.2590, -0.3195,  0.1511,  0.1370,  0.1651,  0.1048, -0.1286,
        -0.3167,  0.0680,  0.0345,  0.0548,  0.0496,  0.0953,  0.0188, -0.0081,
        -0.0630,  0.2275,  0.1483, -0.2704, -0.0445, -0.0995,  0.0483, -0.1327,
        -0.1345,  0.2398,  0.0084, -0.3332, -0.1650, -0.2996,  0.2620,  0.2298,
        -0.1674,  0.2584,  0.3128, -0.0129,  0.1322,  0.2616,  0.0100,  0.3110,
         0.0543,  0.1248,  0.0577, -0.1372,  0.0386,  0.2549, -0.2228, -0.3017,
         0.0799,  0.2898, -0.0894, -0.2317,  0.1555,  0.0220, -0.2909, -0.0433,
         0.0598,  0.1824,  0.2217,  0.2139, -0.1192, -0.2298,  0.1553,  0.1191,
        -0.0483, -0.3045,  0.2873, -0.1684, -0.2080, -0.2610, -0.2364,  0.3032,
        -0.0393,  0.0013,  0.1576, -0.2596,  0.2737,  0.2491,  0.2634, -0.0249,
        -0.0428,  0.1254,  0.2503, -0.3105, -0.1400, -0.3150,  0.2470,  0.0144,
         0.2671, -0.1678,  0.2113, -0.2907,  0.1203,  0.1044, -0.1719, -0.0685,
        -0.0170, -0.1764,  0.0221, -0.2780,  0.3025,  0.2873, -0.1434,  0.1783],
       device='cuda:0', requires_grad=True)
parameters of the network conv2.weight 
 torch.Size([128, 256, 3, 3]) 
 True 
 tensor([[[[ 1.2568e-02, -6.1631e-05, -1.8298e-03],
          [-1.4260e-02, -1.4747e-02,  5.3776e-03],
          [-1.9043e-02,  1.7197e-02, -1.6871e-03]],

         [[-1.6596e-02, -4.0417e-03, -1.8935e-02],
          [ 1.7869e-02,  9.0087e-03,  9.8585e-03],
          [-7.9526e-03, -1.5196e-02, -1.7484e-02]],

         [[ 5.5045e-03, -2.5656e-03,  1.2165e-02],
          [-1.2723e-02,  5.0062e-03, -1.2856e-02],
          [ 1.5674e-02,  4.1234e-03,  6.2371e-03]],

         ...,

         [[ 1.9375e-02,  1.9386e-02,  7.8088e-03],
          [ 1.8710e-02, -2.3769e-04, -8.3377e-03],
          [ 6.6212e-03,  6.1183e-03, -9.8181e-03]],

         [[-8.7920e-03,  2.0355e-02,  1.8153e-02],
          [-1.8153e-02,  1.8048e-02,  1.5143e-02],
          [-1.5168e-02, -1.4509e-02,  1.0274e-02]],

         [[ 1.7785e-02, -1.4803e-03,  5.0321e-03],
          [ 1.7629e-02, -1.5722e-02, -2.6632e-03],
          [-1.7178e-02,  2.0471e-02,  1.5965e-02]]],


        [[[ 1.2626e-02,  1.5747e-02,  5.2925e-03],
          [ 2.0323e-02, -6.6360e-03, -1.7091e-02],
          [-1.7960e-02,  3.2410e-03, -1.6977e-02]],

         [[ 1.3841e-02, -8.4645e-03,  1.1407e-02],
          [ 2.0670e-02,  1.5386e-02,  3.0578e-03],
          [ 1.0150e-02,  8.1682e-03,  6.7464e-03]],

         [[ 1.3233e-02, -6.7403e-04,  2.7481e-03],
          [ 1.5163e-02,  1.5205e-02, -9.0165e-03],
          [-1.5872e-02, -1.9562e-02,  1.6519e-02]],

         ...,

         [[ 8.1980e-04, -1.1390e-02,  5.6640e-03],
          [-7.9448e-03, -1.5830e-02,  3.5410e-03],
          [-2.0658e-02, -1.8543e-02,  9.2540e-03]],

         [[-2.5785e-03, -1.6721e-02, -1.1858e-02],
          [-1.2190e-02,  1.3496e-03, -1.4267e-03],
          [ 1.8030e-02,  1.4180e-03,  5.4305e-04]],

         [[ 8.8783e-03,  1.5293e-02,  1.2411e-02],
          [ 1.7454e-02, -7.6428e-03, -1.2104e-02],
          [ 3.0416e-03,  5.8060e-03, -1.1855e-02]]],


        [[[-1.6859e-02,  5.3496e-03, -3.6474e-03],
          [-8.8966e-03,  1.8581e-02, -7.8262e-03],
          [-1.8881e-03, -3.0210e-03, -1.7327e-02]],

         [[-2.7745e-03,  3.0025e-03, -8.7936e-03],
          [-1.1022e-02, -1.7546e-02, -9.0855e-04],
          [ 8.0892e-03, -1.2634e-02, -1.4461e-02]],

         [[-1.9783e-02, -1.1411e-02,  4.6583e-03],
          [ 4.0281e-03, -1.7997e-03, -3.5377e-03],
          [ 5.9466e-03,  1.5455e-02, -1.7429e-02]],

         ...,

         [[-8.0954e-04,  5.7145e-03,  1.8763e-02],
          [ 1.6018e-02,  2.3068e-03, -1.3654e-02],
          [ 1.3388e-02, -5.2659e-03,  4.3663e-04]],

         [[ 1.4016e-02, -1.7953e-02, -1.3983e-02],
          [-8.0500e-03, -6.9892e-03, -1.2640e-03],
          [-1.9549e-02,  4.9991e-03,  1.7069e-02]],

         [[ 9.2960e-03,  1.4657e-02, -1.0585e-02],
          [ 1.5785e-02,  2.3604e-03, -5.6273e-03],
          [ 3.7926e-04, -7.5727e-04,  7.2665e-03]]],


        ...,


        [[[-1.7756e-02,  9.3081e-03,  9.7954e-03],
          [-1.1005e-02,  2.5619e-03,  1.3429e-02],
          [ 1.5590e-02, -1.1630e-02, -1.3502e-02]],

         [[-1.8083e-02,  3.9938e-03, -1.3104e-02],
          [ 3.7029e-03, -1.7779e-02, -5.2189e-04],
          [ 1.4918e-02, -1.7671e-03,  1.4597e-03]],

         [[-1.5595e-02,  4.8819e-03, -1.2291e-02],
          [-3.9859e-04,  1.1424e-02,  1.0456e-02],
          [ 4.7078e-03, -1.7917e-03, -1.9372e-02]],

         ...,

         [[ 2.0281e-02, -1.0880e-02, -7.4764e-03],
          [-1.0874e-02, -4.3753e-03, -9.1359e-03],
          [-1.1875e-02, -1.4556e-02, -4.3280e-03]],

         [[-2.5460e-04,  3.0985e-03, -1.0024e-03],
          [ 1.7835e-02, -1.9331e-02, -1.0916e-02],
          [-1.7897e-02,  1.5909e-02,  1.9648e-02]],

         [[-1.5423e-02,  8.2030e-03, -1.7821e-02],
          [-2.0514e-03, -4.1313e-03, -1.9456e-02],
          [ 7.1969e-03,  2.0571e-02,  6.8149e-04]]],


        [[[ 1.8896e-02,  1.4070e-02, -1.2284e-02],
          [-2.7020e-03, -1.0760e-02, -3.2310e-03],
          [ 1.1861e-02, -1.6526e-02,  6.2137e-03]],

         [[ 1.9349e-02,  4.2546e-03,  1.1952e-02],
          [ 1.2830e-02,  5.0755e-03,  5.5165e-03],
          [ 2.0782e-02,  6.5858e-03, -9.5112e-03]],

         [[-2.3278e-03,  1.4268e-02, -1.0440e-02],
          [ 1.6259e-02,  1.7804e-02, -1.3013e-02],
          [-8.3341e-03,  2.0110e-02, -8.5305e-03]],

         ...,

         [[-2.6016e-03,  1.2812e-02,  1.0556e-02],
          [-1.6682e-02,  1.0867e-02, -1.9024e-02],
          [-9.5044e-03,  3.9881e-03, -5.5315e-03]],

         [[ 1.3155e-02, -1.4660e-02, -1.6231e-02],
          [-3.1461e-03, -1.8374e-02, -5.3932e-03],
          [ 1.8896e-02, -2.2482e-03,  8.4975e-03]],

         [[-6.1001e-03, -5.4781e-03, -1.5841e-02],
          [ 1.7724e-02, -1.3544e-02, -2.5002e-03],
          [-1.4414e-02, -4.8692e-03,  1.8459e-03]]],


        [[[ 1.1945e-02, -1.3849e-02, -1.7850e-03],
          [ 2.2488e-03, -9.8642e-04,  7.2359e-03],
          [ 6.9822e-03,  1.9938e-02, -1.7661e-02]],

         [[-5.4267e-03, -1.5536e-02,  9.4065e-04],
          [ 9.1156e-03,  1.7855e-02, -9.5544e-03],
          [-1.4930e-02,  1.4099e-02,  2.0532e-02]],

         [[ 1.3772e-03, -1.7422e-02, -5.9625e-03],
          [ 1.8372e-02, -1.7060e-02,  1.7380e-02],
          [-2.9595e-03,  9.1381e-03, -9.0801e-03]],

         ...,

         [[-1.6897e-02,  1.0251e-03, -1.2617e-02],
          [ 1.8039e-02, -1.1454e-02, -5.3470e-03],
          [-7.0261e-03, -5.7851e-03,  5.2715e-03]],

         [[-2.0633e-02,  2.0754e-02,  6.7681e-03],
          [-2.9156e-03,  7.2106e-03, -1.7396e-02],
          [-3.5808e-04, -1.6273e-02,  1.0976e-02]],

         [[ 1.5955e-02, -7.0012e-03,  3.4913e-03],
          [ 4.4234e-03,  7.1211e-03,  1.9811e-02],
          [ 1.2439e-02,  4.3702e-04,  8.5155e-03]]]], device='cuda:0') 
 Parameter containing:
tensor([[[[ 1.2568e-02, -6.1631e-05, -1.8298e-03],
          [-1.4260e-02, -1.4747e-02,  5.3776e-03],
          [-1.9043e-02,  1.7197e-02, -1.6871e-03]],

         [[-1.6596e-02, -4.0417e-03, -1.8935e-02],
          [ 1.7869e-02,  9.0087e-03,  9.8585e-03],
          [-7.9526e-03, -1.5196e-02, -1.7484e-02]],

         [[ 5.5045e-03, -2.5656e-03,  1.2165e-02],
          [-1.2723e-02,  5.0062e-03, -1.2856e-02],
          [ 1.5674e-02,  4.1234e-03,  6.2371e-03]],

         ...,

         [[ 1.9375e-02,  1.9386e-02,  7.8088e-03],
          [ 1.8710e-02, -2.3769e-04, -8.3377e-03],
          [ 6.6212e-03,  6.1183e-03, -9.8181e-03]],

         [[-8.7920e-03,  2.0355e-02,  1.8153e-02],
          [-1.8153e-02,  1.8048e-02,  1.5143e-02],
          [-1.5168e-02, -1.4509e-02,  1.0274e-02]],

         [[ 1.7785e-02, -1.4803e-03,  5.0321e-03],
          [ 1.7629e-02, -1.5722e-02, -2.6632e-03],
          [-1.7178e-02,  2.0471e-02,  1.5965e-02]]],


        [[[ 1.2626e-02,  1.5747e-02,  5.2925e-03],
          [ 2.0323e-02, -6.6360e-03, -1.7091e-02],
          [-1.7960e-02,  3.2410e-03, -1.6977e-02]],

         [[ 1.3841e-02, -8.4645e-03,  1.1407e-02],
          [ 2.0670e-02,  1.5386e-02,  3.0578e-03],
          [ 1.0150e-02,  8.1682e-03,  6.7464e-03]],

         [[ 1.3233e-02, -6.7403e-04,  2.7481e-03],
          [ 1.5163e-02,  1.5205e-02, -9.0165e-03],
          [-1.5872e-02, -1.9562e-02,  1.6519e-02]],

         ...,

         [[ 8.1980e-04, -1.1390e-02,  5.6640e-03],
          [-7.9448e-03, -1.5830e-02,  3.5410e-03],
          [-2.0658e-02, -1.8543e-02,  9.2540e-03]],

         [[-2.5785e-03, -1.6721e-02, -1.1858e-02],
          [-1.2190e-02,  1.3496e-03, -1.4267e-03],
          [ 1.8030e-02,  1.4180e-03,  5.4305e-04]],

         [[ 8.8783e-03,  1.5293e-02,  1.2411e-02],
          [ 1.7454e-02, -7.6428e-03, -1.2104e-02],
          [ 3.0416e-03,  5.8060e-03, -1.1855e-02]]],


        [[[-1.6859e-02,  5.3496e-03, -3.6474e-03],
          [-8.8966e-03,  1.8581e-02, -7.8262e-03],
          [-1.8881e-03, -3.0210e-03, -1.7327e-02]],

         [[-2.7745e-03,  3.0025e-03, -8.7936e-03],
          [-1.1022e-02, -1.7546e-02, -9.0855e-04],
          [ 8.0892e-03, -1.2634e-02, -1.4461e-02]],

         [[-1.9783e-02, -1.1411e-02,  4.6583e-03],
          [ 4.0281e-03, -1.7997e-03, -3.5377e-03],
          [ 5.9466e-03,  1.5455e-02, -1.7429e-02]],

         ...,

         [[-8.0954e-04,  5.7145e-03,  1.8763e-02],
          [ 1.6018e-02,  2.3068e-03, -1.3654e-02],
          [ 1.3388e-02, -5.2659e-03,  4.3663e-04]],

         [[ 1.4016e-02, -1.7953e-02, -1.3983e-02],
          [-8.0500e-03, -6.9892e-03, -1.2640e-03],
          [-1.9549e-02,  4.9991e-03,  1.7069e-02]],

         [[ 9.2960e-03,  1.4657e-02, -1.0585e-02],
          [ 1.5785e-02,  2.3604e-03, -5.6273e-03],
          [ 3.7926e-04, -7.5727e-04,  7.2665e-03]]],


        ...,


        [[[-1.7756e-02,  9.3081e-03,  9.7954e-03],
          [-1.1005e-02,  2.5619e-03,  1.3429e-02],
          [ 1.5590e-02, -1.1630e-02, -1.3502e-02]],

         [[-1.8083e-02,  3.9938e-03, -1.3104e-02],
          [ 3.7029e-03, -1.7779e-02, -5.2189e-04],
          [ 1.4918e-02, -1.7671e-03,  1.4597e-03]],

         [[-1.5595e-02,  4.8819e-03, -1.2291e-02],
          [-3.9859e-04,  1.1424e-02,  1.0456e-02],
          [ 4.7078e-03, -1.7917e-03, -1.9372e-02]],

         ...,

         [[ 2.0281e-02, -1.0880e-02, -7.4764e-03],
          [-1.0874e-02, -4.3753e-03, -9.1359e-03],
          [-1.1875e-02, -1.4556e-02, -4.3280e-03]],

         [[-2.5460e-04,  3.0985e-03, -1.0024e-03],
          [ 1.7835e-02, -1.9331e-02, -1.0916e-02],
          [-1.7897e-02,  1.5909e-02,  1.9648e-02]],

         [[-1.5423e-02,  8.2030e-03, -1.7821e-02],
          [-2.0514e-03, -4.1313e-03, -1.9456e-02],
          [ 7.1969e-03,  2.0571e-02,  6.8149e-04]]],


        [[[ 1.8896e-02,  1.4070e-02, -1.2284e-02],
          [-2.7020e-03, -1.0760e-02, -3.2310e-03],
          [ 1.1861e-02, -1.6526e-02,  6.2137e-03]],

         [[ 1.9349e-02,  4.2546e-03,  1.1952e-02],
          [ 1.2830e-02,  5.0755e-03,  5.5165e-03],
          [ 2.0782e-02,  6.5858e-03, -9.5112e-03]],

         [[-2.3278e-03,  1.4268e-02, -1.0440e-02],
          [ 1.6259e-02,  1.7804e-02, -1.3013e-02],
          [-8.3341e-03,  2.0110e-02, -8.5305e-03]],

         ...,

         [[-2.6016e-03,  1.2812e-02,  1.0556e-02],
          [-1.6682e-02,  1.0867e-02, -1.9024e-02],
          [-9.5044e-03,  3.9881e-03, -5.5315e-03]],

         [[ 1.3155e-02, -1.4660e-02, -1.6231e-02],
          [-3.1461e-03, -1.8374e-02, -5.3932e-03],
          [ 1.8896e-02, -2.2482e-03,  8.4975e-03]],

         [[-6.1001e-03, -5.4781e-03, -1.5841e-02],
          [ 1.7724e-02, -1.3544e-02, -2.5002e-03],
          [-1.4414e-02, -4.8692e-03,  1.8459e-03]]],


        [[[ 1.1945e-02, -1.3849e-02, -1.7850e-03],
          [ 2.2488e-03, -9.8642e-04,  7.2359e-03],
          [ 6.9822e-03,  1.9938e-02, -1.7661e-02]],

         [[-5.4267e-03, -1.5536e-02,  9.4065e-04],
          [ 9.1156e-03,  1.7855e-02, -9.5544e-03],
          [-1.4930e-02,  1.4099e-02,  2.0532e-02]],

         [[ 1.3772e-03, -1.7422e-02, -5.9625e-03],
          [ 1.8372e-02, -1.7060e-02,  1.7380e-02],
          [-2.9595e-03,  9.1381e-03, -9.0801e-03]],

         ...,

         [[-1.6897e-02,  1.0251e-03, -1.2617e-02],
          [ 1.8039e-02, -1.1454e-02, -5.3470e-03],
          [-7.0261e-03, -5.7851e-03,  5.2715e-03]],

         [[-2.0633e-02,  2.0754e-02,  6.7681e-03],
          [-2.9156e-03,  7.2106e-03, -1.7396e-02],
          [-3.5808e-04, -1.6273e-02,  1.0976e-02]],

         [[ 1.5955e-02, -7.0012e-03,  3.4913e-03],
          [ 4.4234e-03,  7.1211e-03,  1.9811e-02],
          [ 1.2439e-02,  4.3702e-04,  8.5155e-03]]]], device='cuda:0',
       requires_grad=True)
parameters of the network conv2.bias 
 torch.Size([128]) 
 True 
 tensor([ 1.9566e-02,  7.7782e-03, -2.2010e-04,  4.3833e-03,  7.6589e-05,
         4.8512e-03,  1.1916e-02,  1.1393e-02, -6.0500e-03,  1.0760e-02,
         1.9266e-02,  1.8956e-02, -9.1772e-03,  1.9510e-02,  1.4441e-02,
        -2.9168e-03, -6.4971e-03, -6.2273e-03,  2.0691e-03, -7.8005e-03,
        -1.0259e-02, -5.4907e-03,  7.3674e-03, -1.9843e-02,  2.8493e-03,
        -3.3427e-03, -5.7593e-03, -5.8065e-03,  6.1376e-03,  4.1228e-03,
        -1.4262e-02, -7.8254e-03, -1.9028e-02,  1.7913e-02,  2.3471e-03,
        -1.6740e-02,  7.3154e-03, -1.3647e-02, -1.0055e-02,  8.2615e-03,
        -1.1417e-02,  1.8866e-02, -1.5164e-03,  1.3331e-02,  7.9196e-03,
        -1.6916e-02,  1.2308e-02,  1.9368e-02, -5.3711e-03,  2.8250e-03,
         1.7252e-02,  1.2146e-02,  1.8609e-02,  1.2092e-02,  3.5545e-03,
         3.0666e-03,  1.6681e-02,  1.8959e-02,  1.9068e-03, -1.2623e-02,
        -1.3293e-02, -2.0509e-02, -7.0414e-03,  1.1949e-02, -1.9470e-02,
        -2.1093e-03, -1.4794e-02,  1.1328e-02, -1.9396e-02, -7.0694e-05,
         1.2605e-02,  1.6859e-02, -5.0666e-03,  7.9257e-03,  1.7355e-02,
         1.2552e-02, -3.6556e-03,  2.0811e-02, -1.0240e-02, -6.6199e-03,
         3.1886e-03, -8.5148e-03, -1.8069e-02,  4.1741e-03, -1.6332e-02,
         1.2267e-02,  2.0533e-02,  8.5123e-03, -2.9272e-03,  3.1884e-03,
         1.7182e-02,  1.8158e-02,  1.9896e-02,  1.5377e-02,  1.8446e-02,
        -1.9817e-02, -8.1272e-03, -4.6256e-03,  1.7894e-02, -5.1866e-03,
        -2.3900e-03, -1.3091e-02, -5.9874e-03,  2.4454e-03, -4.6079e-03,
         1.1866e-02, -1.4851e-02,  1.4865e-02, -1.9562e-02, -8.8931e-03,
         5.5784e-03, -8.3987e-03,  1.2048e-03,  1.5339e-02,  1.4926e-02,
        -9.9134e-03,  1.0981e-02,  1.6447e-02, -3.0811e-03, -1.3496e-03,
        -5.9698e-03,  1.4501e-02,  1.3165e-02,  1.9445e-02,  1.8059e-02,
        -1.4951e-02,  1.8308e-02, -5.5512e-04], device='cuda:0') 
 Parameter containing:
tensor([ 1.9566e-02,  7.7782e-03, -2.2010e-04,  4.3833e-03,  7.6589e-05,
         4.8512e-03,  1.1916e-02,  1.1393e-02, -6.0500e-03,  1.0760e-02,
         1.9266e-02,  1.8956e-02, -9.1772e-03,  1.9510e-02,  1.4441e-02,
        -2.9168e-03, -6.4971e-03, -6.2273e-03,  2.0691e-03, -7.8005e-03,
        -1.0259e-02, -5.4907e-03,  7.3674e-03, -1.9843e-02,  2.8493e-03,
        -3.3427e-03, -5.7593e-03, -5.8065e-03,  6.1376e-03,  4.1228e-03,
        -1.4262e-02, -7.8254e-03, -1.9028e-02,  1.7913e-02,  2.3471e-03,
        -1.6740e-02,  7.3154e-03, -1.3647e-02, -1.0055e-02,  8.2615e-03,
        -1.1417e-02,  1.8866e-02, -1.5164e-03,  1.3331e-02,  7.9196e-03,
        -1.6916e-02,  1.2308e-02,  1.9368e-02, -5.3711e-03,  2.8250e-03,
         1.7252e-02,  1.2146e-02,  1.8609e-02,  1.2092e-02,  3.5545e-03,
         3.0666e-03,  1.6681e-02,  1.8959e-02,  1.9068e-03, -1.2623e-02,
        -1.3293e-02, -2.0509e-02, -7.0414e-03,  1.1949e-02, -1.9470e-02,
        -2.1093e-03, -1.4794e-02,  1.1328e-02, -1.9396e-02, -7.0694e-05,
         1.2605e-02,  1.6859e-02, -5.0666e-03,  7.9257e-03,  1.7355e-02,
         1.2552e-02, -3.6556e-03,  2.0811e-02, -1.0240e-02, -6.6199e-03,
         3.1886e-03, -8.5148e-03, -1.8069e-02,  4.1741e-03, -1.6332e-02,
         1.2267e-02,  2.0533e-02,  8.5123e-03, -2.9272e-03,  3.1884e-03,
         1.7182e-02,  1.8158e-02,  1.9896e-02,  1.5377e-02,  1.8446e-02,
        -1.9817e-02, -8.1272e-03, -4.6256e-03,  1.7894e-02, -5.1866e-03,
        -2.3900e-03, -1.3091e-02, -5.9874e-03,  2.4454e-03, -4.6079e-03,
         1.1866e-02, -1.4851e-02,  1.4865e-02, -1.9562e-02, -8.8931e-03,
         5.5784e-03, -8.3987e-03,  1.2048e-03,  1.5339e-02,  1.4926e-02,
        -9.9134e-03,  1.0981e-02,  1.6447e-02, -3.0811e-03, -1.3496e-03,
        -5.9698e-03,  1.4501e-02,  1.3165e-02,  1.9445e-02,  1.8059e-02,
        -1.4951e-02,  1.8308e-02, -5.5512e-04], device='cuda:0',
       requires_grad=True)
parameters of the network conv3.weight 
 torch.Size([64, 128, 3, 3]) 
 True 
 tensor([[[[ 0.0247, -0.0134, -0.0153],
          [ 0.0102, -0.0176, -0.0249],
          [-0.0051, -0.0067,  0.0195]],

         [[-0.0260,  0.0231, -0.0170],
          [ 0.0088,  0.0070, -0.0202],
          [-0.0049,  0.0182,  0.0250]],

         [[ 0.0030,  0.0161, -0.0147],
          [ 0.0126,  0.0023, -0.0144],
          [-0.0034,  0.0225, -0.0025]],

         ...,

         [[-0.0274,  0.0148, -0.0177],
          [-0.0100, -0.0055,  0.0059],
          [-0.0051,  0.0228, -0.0130]],

         [[ 0.0211, -0.0244,  0.0242],
          [ 0.0281,  0.0004,  0.0003],
          [ 0.0166,  0.0273,  0.0268]],

         [[-0.0150,  0.0099, -0.0040],
          [-0.0104, -0.0236,  0.0050],
          [ 0.0196,  0.0027, -0.0021]]],


        [[[ 0.0077,  0.0225, -0.0259],
          [ 0.0070, -0.0039,  0.0144],
          [-0.0145,  0.0163, -0.0071]],

         [[-0.0097, -0.0231,  0.0210],
          [-0.0042, -0.0228, -0.0157],
          [-0.0066, -0.0032,  0.0168]],

         [[-0.0265, -0.0280, -0.0115],
          [-0.0175,  0.0182, -0.0217],
          [-0.0270, -0.0144, -0.0210]],

         ...,

         [[-0.0255, -0.0011,  0.0160],
          [ 0.0206,  0.0214, -0.0285],
          [-0.0090,  0.0176, -0.0102]],

         [[ 0.0168, -0.0241, -0.0234],
          [-0.0105, -0.0073,  0.0276],
          [-0.0037, -0.0049, -0.0058]],

         [[ 0.0277,  0.0096,  0.0064],
          [ 0.0248, -0.0093,  0.0120],
          [-0.0218, -0.0106, -0.0033]]],


        [[[-0.0108, -0.0120, -0.0158],
          [ 0.0272, -0.0006,  0.0122],
          [ 0.0257, -0.0158,  0.0259]],

         [[-0.0292,  0.0071, -0.0243],
          [ 0.0199, -0.0009,  0.0055],
          [ 0.0062,  0.0189,  0.0128]],

         [[-0.0250,  0.0193, -0.0106],
          [ 0.0144, -0.0083,  0.0064],
          [ 0.0232,  0.0129,  0.0214]],

         ...,

         [[-0.0080,  0.0220,  0.0255],
          [-0.0055, -0.0031,  0.0150],
          [ 0.0021, -0.0124, -0.0228]],

         [[-0.0055,  0.0102,  0.0134],
          [ 0.0235,  0.0026, -0.0191],
          [-0.0267,  0.0072, -0.0260]],

         [[-0.0156,  0.0136,  0.0022],
          [-0.0066, -0.0005,  0.0039],
          [-0.0285, -0.0131, -0.0204]]],


        ...,


        [[[ 0.0174,  0.0238,  0.0278],
          [ 0.0072,  0.0140, -0.0049],
          [-0.0151,  0.0146,  0.0124]],

         [[ 0.0070, -0.0004,  0.0034],
          [ 0.0113, -0.0034,  0.0267],
          [ 0.0257,  0.0170,  0.0220]],

         [[ 0.0095, -0.0080, -0.0003],
          [-0.0116,  0.0266, -0.0220],
          [-0.0257, -0.0005,  0.0187]],

         ...,

         [[-0.0284,  0.0267,  0.0046],
          [-0.0203, -0.0205, -0.0167],
          [-0.0020,  0.0270,  0.0197]],

         [[ 0.0123,  0.0167,  0.0171],
          [ 0.0241,  0.0206, -0.0060],
          [-0.0270,  0.0104, -0.0118]],

         [[ 0.0225, -0.0148, -0.0147],
          [-0.0074, -0.0100,  0.0190],
          [-0.0206, -0.0237, -0.0187]]],


        [[[ 0.0290,  0.0117, -0.0286],
          [ 0.0065, -0.0043, -0.0034],
          [ 0.0049,  0.0006,  0.0080]],

         [[-0.0230,  0.0119, -0.0083],
          [ 0.0149, -0.0154, -0.0136],
          [ 0.0012, -0.0163, -0.0276]],

         [[-0.0165, -0.0032, -0.0287],
          [ 0.0015, -0.0179, -0.0030],
          [ 0.0118,  0.0124, -0.0104]],

         ...,

         [[-0.0190, -0.0246, -0.0101],
          [ 0.0078,  0.0002, -0.0118],
          [-0.0005,  0.0061,  0.0009]],

         [[-0.0182,  0.0022, -0.0258],
          [ 0.0262, -0.0272, -0.0012],
          [-0.0127,  0.0205, -0.0198]],

         [[ 0.0066, -0.0164, -0.0056],
          [-0.0256,  0.0235, -0.0269],
          [ 0.0134,  0.0136,  0.0136]]],


        [[[-0.0231,  0.0167, -0.0088],
          [-0.0056,  0.0081, -0.0220],
          [-0.0211,  0.0152, -0.0029]],

         [[-0.0179,  0.0003, -0.0163],
          [ 0.0035,  0.0017, -0.0153],
          [-0.0215, -0.0009, -0.0236]],

         [[-0.0033,  0.0072, -0.0239],
          [-0.0131, -0.0270,  0.0206],
          [-0.0294, -0.0062, -0.0136]],

         ...,

         [[ 0.0130,  0.0292,  0.0073],
          [ 0.0202,  0.0244,  0.0001],
          [-0.0119,  0.0125,  0.0165]],

         [[-0.0275,  0.0063,  0.0210],
          [ 0.0045,  0.0288,  0.0151],
          [ 0.0010,  0.0010, -0.0119]],

         [[-0.0139,  0.0122,  0.0153],
          [ 0.0106,  0.0150,  0.0146],
          [-0.0016, -0.0049,  0.0286]]]], device='cuda:0') 
 Parameter containing:
tensor([[[[ 0.0247, -0.0134, -0.0153],
          [ 0.0102, -0.0176, -0.0249],
          [-0.0051, -0.0067,  0.0195]],

         [[-0.0260,  0.0231, -0.0170],
          [ 0.0088,  0.0070, -0.0202],
          [-0.0049,  0.0182,  0.0250]],

         [[ 0.0030,  0.0161, -0.0147],
          [ 0.0126,  0.0023, -0.0144],
          [-0.0034,  0.0225, -0.0025]],

         ...,

         [[-0.0274,  0.0148, -0.0177],
          [-0.0100, -0.0055,  0.0059],
          [-0.0051,  0.0228, -0.0130]],

         [[ 0.0211, -0.0244,  0.0242],
          [ 0.0281,  0.0004,  0.0003],
          [ 0.0166,  0.0273,  0.0268]],

         [[-0.0150,  0.0099, -0.0040],
          [-0.0104, -0.0236,  0.0050],
          [ 0.0196,  0.0027, -0.0021]]],


        [[[ 0.0077,  0.0225, -0.0259],
          [ 0.0070, -0.0039,  0.0144],
          [-0.0145,  0.0163, -0.0071]],

         [[-0.0097, -0.0231,  0.0210],
          [-0.0042, -0.0228, -0.0157],
          [-0.0066, -0.0032,  0.0168]],

         [[-0.0265, -0.0280, -0.0115],
          [-0.0175,  0.0182, -0.0217],
          [-0.0270, -0.0144, -0.0210]],

         ...,

         [[-0.0255, -0.0011,  0.0160],
          [ 0.0206,  0.0214, -0.0285],
          [-0.0090,  0.0176, -0.0102]],

         [[ 0.0168, -0.0241, -0.0234],
          [-0.0105, -0.0073,  0.0276],
          [-0.0037, -0.0049, -0.0058]],

         [[ 0.0277,  0.0096,  0.0064],
          [ 0.0248, -0.0093,  0.0120],
          [-0.0218, -0.0106, -0.0033]]],


        [[[-0.0108, -0.0120, -0.0158],
          [ 0.0272, -0.0006,  0.0122],
          [ 0.0257, -0.0158,  0.0259]],

         [[-0.0292,  0.0071, -0.0243],
          [ 0.0199, -0.0009,  0.0055],
          [ 0.0062,  0.0189,  0.0128]],

         [[-0.0250,  0.0193, -0.0106],
          [ 0.0144, -0.0083,  0.0064],
          [ 0.0232,  0.0129,  0.0214]],

         ...,

         [[-0.0080,  0.0220,  0.0255],
          [-0.0055, -0.0031,  0.0150],
          [ 0.0021, -0.0124, -0.0228]],

         [[-0.0055,  0.0102,  0.0134],
          [ 0.0235,  0.0026, -0.0191],
          [-0.0267,  0.0072, -0.0260]],

         [[-0.0156,  0.0136,  0.0022],
          [-0.0066, -0.0005,  0.0039],
          [-0.0285, -0.0131, -0.0204]]],


        ...,


        [[[ 0.0174,  0.0238,  0.0278],
          [ 0.0072,  0.0140, -0.0049],
          [-0.0151,  0.0146,  0.0124]],

         [[ 0.0070, -0.0004,  0.0034],
          [ 0.0113, -0.0034,  0.0267],
          [ 0.0257,  0.0170,  0.0220]],

         [[ 0.0095, -0.0080, -0.0003],
          [-0.0116,  0.0266, -0.0220],
          [-0.0257, -0.0005,  0.0187]],

         ...,

         [[-0.0284,  0.0267,  0.0046],
          [-0.0203, -0.0205, -0.0167],
          [-0.0020,  0.0270,  0.0197]],

         [[ 0.0123,  0.0167,  0.0171],
          [ 0.0241,  0.0206, -0.0060],
          [-0.0270,  0.0104, -0.0118]],

         [[ 0.0225, -0.0148, -0.0147],
          [-0.0074, -0.0100,  0.0190],
          [-0.0206, -0.0237, -0.0187]]],


        [[[ 0.0290,  0.0117, -0.0286],
          [ 0.0065, -0.0043, -0.0034],
          [ 0.0049,  0.0006,  0.0080]],

         [[-0.0230,  0.0119, -0.0083],
          [ 0.0149, -0.0154, -0.0136],
          [ 0.0012, -0.0163, -0.0276]],

         [[-0.0165, -0.0032, -0.0287],
          [ 0.0015, -0.0179, -0.0030],
          [ 0.0118,  0.0124, -0.0104]],

         ...,

         [[-0.0190, -0.0246, -0.0101],
          [ 0.0078,  0.0002, -0.0118],
          [-0.0005,  0.0061,  0.0009]],

         [[-0.0182,  0.0022, -0.0258],
          [ 0.0262, -0.0272, -0.0012],
          [-0.0127,  0.0205, -0.0198]],

         [[ 0.0066, -0.0164, -0.0056],
          [-0.0256,  0.0235, -0.0269],
          [ 0.0134,  0.0136,  0.0136]]],


        [[[-0.0231,  0.0167, -0.0088],
          [-0.0056,  0.0081, -0.0220],
          [-0.0211,  0.0152, -0.0029]],

         [[-0.0179,  0.0003, -0.0163],
          [ 0.0035,  0.0017, -0.0153],
          [-0.0215, -0.0009, -0.0236]],

         [[-0.0033,  0.0072, -0.0239],
          [-0.0131, -0.0270,  0.0206],
          [-0.0294, -0.0062, -0.0136]],

         ...,

         [[ 0.0130,  0.0292,  0.0073],
          [ 0.0202,  0.0244,  0.0001],
          [-0.0119,  0.0125,  0.0165]],

         [[-0.0275,  0.0063,  0.0210],
          [ 0.0045,  0.0288,  0.0151],
          [ 0.0010,  0.0010, -0.0119]],

         [[-0.0139,  0.0122,  0.0153],
          [ 0.0106,  0.0150,  0.0146],
          [-0.0016, -0.0049,  0.0286]]]], device='cuda:0', requires_grad=True)
parameters of the network conv3.bias 
 torch.Size([64]) 
 True 
 tensor([ 0.0240, -0.0289, -0.0016, -0.0005, -0.0013, -0.0093, -0.0016, -0.0252,
         0.0257,  0.0223, -0.0227,  0.0082,  0.0115, -0.0291, -0.0158, -0.0231,
         0.0018,  0.0041, -0.0062, -0.0271,  0.0207,  0.0189,  0.0164,  0.0153,
         0.0176, -0.0169,  0.0020,  0.0121, -0.0195,  0.0219, -0.0268, -0.0174,
         0.0106, -0.0127, -0.0202,  0.0152,  0.0028, -0.0057,  0.0133, -0.0267,
         0.0115, -0.0175,  0.0023, -0.0255, -0.0193, -0.0076,  0.0041,  0.0217,
         0.0286,  0.0259, -0.0098, -0.0186,  0.0134, -0.0012, -0.0162,  0.0224,
        -0.0060, -0.0155, -0.0251, -0.0282,  0.0120,  0.0251,  0.0016,  0.0256],
       device='cuda:0') 
 Parameter containing:
tensor([ 0.0240, -0.0289, -0.0016, -0.0005, -0.0013, -0.0093, -0.0016, -0.0252,
         0.0257,  0.0223, -0.0227,  0.0082,  0.0115, -0.0291, -0.0158, -0.0231,
         0.0018,  0.0041, -0.0062, -0.0271,  0.0207,  0.0189,  0.0164,  0.0153,
         0.0176, -0.0169,  0.0020,  0.0121, -0.0195,  0.0219, -0.0268, -0.0174,
         0.0106, -0.0127, -0.0202,  0.0152,  0.0028, -0.0057,  0.0133, -0.0267,
         0.0115, -0.0175,  0.0023, -0.0255, -0.0193, -0.0076,  0.0041,  0.0217,
         0.0286,  0.0259, -0.0098, -0.0186,  0.0134, -0.0012, -0.0162,  0.0224,
        -0.0060, -0.0155, -0.0251, -0.0282,  0.0120,  0.0251,  0.0016,  0.0256],
       device='cuda:0', requires_grad=True)
parameters of the network fc1.weight 
 torch.Size([256, 667776]) 
 True 
 tensor([[-9.2501e-04,  4.3943e-04,  3.6879e-04,  ..., -4.8812e-04,
         -9.9979e-04, -1.1685e-03],
        [-5.2109e-04, -1.2075e-03, -1.2177e-03,  ..., -2.2511e-04,
          1.4988e-05, -8.8340e-05],
        [-1.1068e-03,  1.0210e-03,  1.0575e-03,  ...,  4.0047e-05,
          7.5570e-04, -9.1550e-04],
        ...,
        [ 3.5082e-04,  5.1449e-04,  7.9734e-04,  ...,  2.1617e-04,
         -9.2117e-04,  8.5125e-05],
        [-1.1723e-03,  2.5474e-04, -3.8927e-04,  ..., -9.1427e-04,
         -6.6019e-04, -9.4872e-04],
        [-8.1247e-04,  1.0545e-03,  3.7083e-04,  ..., -7.5024e-04,
          1.1896e-03,  4.8894e-04]], device='cuda:0') 
 Parameter containing:
tensor([[-9.2501e-04,  4.3943e-04,  3.6879e-04,  ..., -4.8812e-04,
         -9.9979e-04, -1.1685e-03],
        [-5.2109e-04, -1.2075e-03, -1.2177e-03,  ..., -2.2511e-04,
          1.4988e-05, -8.8340e-05],
        [-1.1068e-03,  1.0210e-03,  1.0575e-03,  ...,  4.0047e-05,
          7.5570e-04, -9.1550e-04],
        ...,
        [ 3.5082e-04,  5.1449e-04,  7.9734e-04,  ...,  2.1617e-04,
         -9.2117e-04,  8.5125e-05],
        [-1.1723e-03,  2.5474e-04, -3.8927e-04,  ..., -9.1427e-04,
         -6.6019e-04, -9.4872e-04],
        [-8.1247e-04,  1.0545e-03,  3.7083e-04,  ..., -7.5024e-04,
          1.1896e-03,  4.8894e-04]], device='cuda:0', requires_grad=True)
parameters of the network fc1.bias 
 torch.Size([256]) 
 True 
 tensor([ 1.1661e-03, -8.0579e-04, -1.0221e-03, -1.3969e-04, -3.9996e-04,
         1.2202e-03,  1.2065e-03,  9.5719e-04,  9.5181e-04, -9.7912e-04,
         1.1110e-03, -7.1198e-04, -4.2647e-04,  3.9515e-04,  6.8762e-05,
        -3.5402e-04, -6.5669e-04,  1.0984e-03, -8.7071e-04,  6.0427e-05,
        -3.2286e-04,  1.3456e-04,  7.0673e-04,  1.2338e-04,  4.7375e-04,
        -9.5801e-04, -1.2108e-03, -5.3641e-04, -1.0963e-04, -1.1058e-03,
        -6.8122e-04,  2.0064e-04,  4.6850e-04, -1.5978e-04,  6.4745e-04,
         4.2059e-04,  2.7553e-04,  1.0642e-03, -4.0075e-04,  4.3025e-04,
         9.9195e-04, -9.1595e-04,  9.7288e-04, -4.3027e-04, -4.9706e-05,
         2.6074e-04, -1.0108e-03,  9.4240e-04, -2.1156e-04, -7.3667e-04,
        -9.2989e-04,  1.2050e-03, -1.1806e-03,  2.3215e-04, -1.0872e-03,
         8.2789e-04,  2.8246e-04, -9.8698e-04, -5.0430e-04, -5.7884e-04,
         3.2916e-04, -1.1652e-03, -9.0410e-04, -9.0947e-04,  2.3492e-04,
         7.8081e-04,  2.9450e-04,  3.7233e-06, -9.7133e-04,  6.7896e-04,
        -8.1269e-05, -7.4032e-04, -1.0664e-04, -6.6212e-04,  5.3542e-04,
        -1.7674e-05,  7.0188e-04,  7.5652e-05, -3.5131e-04, -8.0578e-04,
        -3.2746e-04,  5.7245e-04,  7.9384e-04, -1.5897e-04,  3.1807e-04,
        -3.5568e-04,  5.0179e-04, -4.5837e-04, -1.1831e-03,  6.4199e-04,
        -9.8677e-04, -1.0791e-03, -3.5205e-04,  4.5555e-04, -1.1363e-03,
        -9.8498e-05, -6.5595e-04, -1.1862e-03,  1.2518e-04,  2.2006e-05,
        -1.0440e-03, -5.7356e-04, -5.1294e-04, -9.3647e-04, -3.3177e-04,
        -1.0635e-04, -9.4815e-04, -2.2744e-05, -1.0587e-03, -1.0645e-03,
        -8.0446e-04,  6.5060e-04,  5.6722e-04, -6.7162e-04, -1.0864e-03,
        -1.1006e-03,  2.0210e-04, -1.0439e-03,  4.3689e-04, -1.0247e-03,
         6.0323e-04,  4.6706e-04,  4.9138e-04, -8.1104e-05,  6.1353e-04,
        -6.7801e-04, -7.8082e-04, -9.9028e-04, -6.2536e-04, -4.4986e-04,
         9.4942e-04,  7.3740e-04, -1.7735e-04, -4.9826e-04,  1.2105e-03,
        -1.4354e-04,  8.7401e-04,  9.1397e-04,  2.7446e-04, -6.6383e-04,
         2.4997e-05, -3.1178e-04, -4.8250e-04,  1.0801e-03, -4.3536e-04,
         7.6360e-04, -1.1935e-03, -8.6873e-04,  5.2249e-04,  3.1890e-04,
         4.8770e-04, -2.7746e-05,  1.2229e-04, -6.2018e-04,  1.0074e-04,
        -3.8916e-04, -3.7648e-04, -1.1129e-03, -1.1564e-03, -9.0298e-04,
         9.6958e-04, -1.1567e-03, -1.0688e-03, -4.5159e-05,  1.2221e-03,
         3.0246e-04,  1.1142e-04,  1.1370e-03,  6.2558e-05,  1.1259e-04,
         6.3313e-04,  9.5770e-04, -3.7061e-04,  8.2348e-04,  2.8268e-04,
         2.3592e-04,  1.2067e-03, -9.2323e-04,  1.4279e-04,  7.8172e-04,
        -2.2864e-04, -8.4735e-04,  1.1030e-03,  2.3426e-04,  7.8943e-05,
         1.2163e-03, -6.3837e-07,  9.8327e-04,  3.2336e-04, -3.6092e-04,
         8.3353e-04, -1.1770e-03,  7.5758e-04, -9.4457e-04, -9.8001e-04,
         5.2811e-04, -4.7610e-04,  1.0369e-03, -1.0698e-03, -8.2496e-06,
         6.5036e-04,  7.0352e-04,  5.0891e-04,  1.0415e-03,  5.3930e-04,
         5.5026e-04,  4.9348e-05, -1.0784e-03,  5.1117e-04,  5.0998e-04,
        -8.3815e-04, -1.5585e-05, -1.1429e-03, -2.6846e-04,  9.5477e-04,
        -1.1783e-03, -3.2988e-04,  6.1476e-04, -3.5654e-04,  4.5092e-04,
         7.3970e-04, -9.5675e-04,  5.4503e-04,  8.3019e-05,  1.2583e-04,
         5.9344e-05,  2.8634e-04,  7.7969e-04, -7.5288e-04, -8.6080e-04,
        -2.4184e-04, -4.4045e-04, -1.1787e-03, -1.0106e-03, -6.1837e-05,
        -5.6477e-04, -6.6941e-04, -7.6421e-04, -2.8493e-04, -4.4662e-05,
         1.1511e-03,  1.1991e-03,  1.0041e-03, -3.2940e-04,  3.4590e-04,
        -5.0224e-04, -1.1890e-03, -1.2003e-03,  2.8831e-04,  9.1819e-04,
         4.1236e-04, -2.8005e-04, -4.7055e-04, -9.3558e-04,  3.8791e-04,
         1.0924e-03], device='cuda:0') 
 Parameter containing:
tensor([ 1.1661e-03, -8.0579e-04, -1.0221e-03, -1.3969e-04, -3.9996e-04,
         1.2202e-03,  1.2065e-03,  9.5719e-04,  9.5181e-04, -9.7912e-04,
         1.1110e-03, -7.1198e-04, -4.2647e-04,  3.9515e-04,  6.8762e-05,
        -3.5402e-04, -6.5669e-04,  1.0984e-03, -8.7071e-04,  6.0427e-05,
        -3.2286e-04,  1.3456e-04,  7.0673e-04,  1.2338e-04,  4.7375e-04,
        -9.5801e-04, -1.2108e-03, -5.3641e-04, -1.0963e-04, -1.1058e-03,
        -6.8122e-04,  2.0064e-04,  4.6850e-04, -1.5978e-04,  6.4745e-04,
         4.2059e-04,  2.7553e-04,  1.0642e-03, -4.0075e-04,  4.3025e-04,
         9.9195e-04, -9.1595e-04,  9.7288e-04, -4.3027e-04, -4.9706e-05,
         2.6074e-04, -1.0108e-03,  9.4240e-04, -2.1156e-04, -7.3667e-04,
        -9.2989e-04,  1.2050e-03, -1.1806e-03,  2.3215e-04, -1.0872e-03,
         8.2789e-04,  2.8246e-04, -9.8698e-04, -5.0430e-04, -5.7884e-04,
         3.2916e-04, -1.1652e-03, -9.0410e-04, -9.0947e-04,  2.3492e-04,
         7.8081e-04,  2.9450e-04,  3.7233e-06, -9.7133e-04,  6.7896e-04,
        -8.1269e-05, -7.4032e-04, -1.0664e-04, -6.6212e-04,  5.3542e-04,
        -1.7674e-05,  7.0188e-04,  7.5652e-05, -3.5131e-04, -8.0578e-04,
        -3.2746e-04,  5.7245e-04,  7.9384e-04, -1.5897e-04,  3.1807e-04,
        -3.5568e-04,  5.0179e-04, -4.5837e-04, -1.1831e-03,  6.4199e-04,
        -9.8677e-04, -1.0791e-03, -3.5205e-04,  4.5555e-04, -1.1363e-03,
        -9.8498e-05, -6.5595e-04, -1.1862e-03,  1.2518e-04,  2.2006e-05,
        -1.0440e-03, -5.7356e-04, -5.1294e-04, -9.3647e-04, -3.3177e-04,
        -1.0635e-04, -9.4815e-04, -2.2744e-05, -1.0587e-03, -1.0645e-03,
        -8.0446e-04,  6.5060e-04,  5.6722e-04, -6.7162e-04, -1.0864e-03,
        -1.1006e-03,  2.0210e-04, -1.0439e-03,  4.3689e-04, -1.0247e-03,
         6.0323e-04,  4.6706e-04,  4.9138e-04, -8.1104e-05,  6.1353e-04,
        -6.7801e-04, -7.8082e-04, -9.9028e-04, -6.2536e-04, -4.4986e-04,
         9.4942e-04,  7.3740e-04, -1.7735e-04, -4.9826e-04,  1.2105e-03,
        -1.4354e-04,  8.7401e-04,  9.1397e-04,  2.7446e-04, -6.6383e-04,
         2.4997e-05, -3.1178e-04, -4.8250e-04,  1.0801e-03, -4.3536e-04,
         7.6360e-04, -1.1935e-03, -8.6873e-04,  5.2249e-04,  3.1890e-04,
         4.8770e-04, -2.7746e-05,  1.2229e-04, -6.2018e-04,  1.0074e-04,
        -3.8916e-04, -3.7648e-04, -1.1129e-03, -1.1564e-03, -9.0298e-04,
         9.6958e-04, -1.1567e-03, -1.0688e-03, -4.5159e-05,  1.2221e-03,
         3.0246e-04,  1.1142e-04,  1.1370e-03,  6.2558e-05,  1.1259e-04,
         6.3313e-04,  9.5770e-04, -3.7061e-04,  8.2348e-04,  2.8268e-04,
         2.3592e-04,  1.2067e-03, -9.2323e-04,  1.4279e-04,  7.8172e-04,
        -2.2864e-04, -8.4735e-04,  1.1030e-03,  2.3426e-04,  7.8943e-05,
         1.2163e-03, -6.3837e-07,  9.8327e-04,  3.2336e-04, -3.6092e-04,
         8.3353e-04, -1.1770e-03,  7.5758e-04, -9.4457e-04, -9.8001e-04,
         5.2811e-04, -4.7610e-04,  1.0369e-03, -1.0698e-03, -8.2496e-06,
         6.5036e-04,  7.0352e-04,  5.0891e-04,  1.0415e-03,  5.3930e-04,
         5.5026e-04,  4.9348e-05, -1.0784e-03,  5.1117e-04,  5.0998e-04,
        -8.3815e-04, -1.5585e-05, -1.1429e-03, -2.6846e-04,  9.5477e-04,
        -1.1783e-03, -3.2988e-04,  6.1476e-04, -3.5654e-04,  4.5092e-04,
         7.3970e-04, -9.5675e-04,  5.4503e-04,  8.3019e-05,  1.2583e-04,
         5.9344e-05,  2.8634e-04,  7.7969e-04, -7.5288e-04, -8.6080e-04,
        -2.4184e-04, -4.4045e-04, -1.1787e-03, -1.0106e-03, -6.1837e-05,
        -5.6477e-04, -6.6941e-04, -7.6421e-04, -2.8493e-04, -4.4662e-05,
         1.1511e-03,  1.1991e-03,  1.0041e-03, -3.2940e-04,  3.4590e-04,
        -5.0224e-04, -1.1890e-03, -1.2003e-03,  2.8831e-04,  9.1819e-04,
         4.1236e-04, -2.8005e-04, -4.7055e-04, -9.3558e-04,  3.8791e-04,
         1.0924e-03], device='cuda:0', requires_grad=True)
parameters of the network fc2.weight 
 torch.Size([128, 256]) 
 True 
 tensor([[ 0.0346,  0.0301,  0.0063,  ..., -0.0460, -0.0518,  0.0342],
        [-0.0075,  0.0586, -0.0493,  ..., -0.0610,  0.0196,  0.0611],
        [ 0.0450,  0.0008,  0.0136,  ..., -0.0137,  0.0143, -0.0434],
        ...,
        [ 0.0120,  0.0469,  0.0002,  ..., -0.0559,  0.0383, -0.0351],
        [ 0.0038,  0.0110, -0.0547,  ...,  0.0396,  0.0305,  0.0596],
        [ 0.0024,  0.0048, -0.0431,  ..., -0.0165,  0.0304,  0.0390]],
       device='cuda:0') 
 Parameter containing:
tensor([[ 0.0346,  0.0301,  0.0063,  ..., -0.0460, -0.0518,  0.0342],
        [-0.0075,  0.0586, -0.0493,  ..., -0.0610,  0.0196,  0.0611],
        [ 0.0450,  0.0008,  0.0136,  ..., -0.0137,  0.0143, -0.0434],
        ...,
        [ 0.0120,  0.0469,  0.0002,  ..., -0.0559,  0.0383, -0.0351],
        [ 0.0038,  0.0110, -0.0547,  ...,  0.0396,  0.0305,  0.0596],
        [ 0.0024,  0.0048, -0.0431,  ..., -0.0165,  0.0304,  0.0390]],
       device='cuda:0', requires_grad=True)
parameters of the network fc2.bias 
 torch.Size([128]) 
 True 
 tensor([-0.0309, -0.0581,  0.0614, -0.0380, -0.0066, -0.0555,  0.0494,  0.0221,
        -0.0540, -0.0070, -0.0059, -0.0377, -0.0147,  0.0624,  0.0012,  0.0384,
        -0.0169,  0.0485,  0.0306,  0.0230,  0.0056, -0.0394, -0.0485,  0.0587,
         0.0558, -0.0576,  0.0250,  0.0565,  0.0132,  0.0134,  0.0494,  0.0380,
        -0.0237,  0.0575, -0.0059, -0.0107, -0.0361, -0.0504,  0.0343, -0.0622,
         0.0055,  0.0209, -0.0340,  0.0511,  0.0218, -0.0522, -0.0362,  0.0440,
        -0.0043, -0.0323,  0.0542,  0.0483,  0.0528, -0.0569, -0.0472,  0.0174,
        -0.0010, -0.0060, -0.0468,  0.0345,  0.0070,  0.0402,  0.0045,  0.0040,
        -0.0590, -0.0490, -0.0012,  0.0181,  0.0004, -0.0131,  0.0557,  0.0418,
        -0.0274,  0.0412, -0.0386, -0.0556, -0.0415,  0.0232,  0.0091,  0.0237,
        -0.0528,  0.0137, -0.0595, -0.0356,  0.0445, -0.0508, -0.0125, -0.0387,
        -0.0360,  0.0189, -0.0125, -0.0367,  0.0194, -0.0140, -0.0022, -0.0297,
         0.0055,  0.0415, -0.0142, -0.0340, -0.0501,  0.0550,  0.0351, -0.0314,
         0.0119,  0.0315, -0.0072,  0.0211,  0.0044,  0.0612,  0.0351,  0.0586,
        -0.0099, -0.0542, -0.0498,  0.0620, -0.0403,  0.0368,  0.0518, -0.0450,
        -0.0604, -0.0215,  0.0295, -0.0494, -0.0338, -0.0554,  0.0397, -0.0492],
       device='cuda:0') 
 Parameter containing:
tensor([-0.0309, -0.0581,  0.0614, -0.0380, -0.0066, -0.0555,  0.0494,  0.0221,
        -0.0540, -0.0070, -0.0059, -0.0377, -0.0147,  0.0624,  0.0012,  0.0384,
        -0.0169,  0.0485,  0.0306,  0.0230,  0.0056, -0.0394, -0.0485,  0.0587,
         0.0558, -0.0576,  0.0250,  0.0565,  0.0132,  0.0134,  0.0494,  0.0380,
        -0.0237,  0.0575, -0.0059, -0.0107, -0.0361, -0.0504,  0.0343, -0.0622,
         0.0055,  0.0209, -0.0340,  0.0511,  0.0218, -0.0522, -0.0362,  0.0440,
        -0.0043, -0.0323,  0.0542,  0.0483,  0.0528, -0.0569, -0.0472,  0.0174,
        -0.0010, -0.0060, -0.0468,  0.0345,  0.0070,  0.0402,  0.0045,  0.0040,
        -0.0590, -0.0490, -0.0012,  0.0181,  0.0004, -0.0131,  0.0557,  0.0418,
        -0.0274,  0.0412, -0.0386, -0.0556, -0.0415,  0.0232,  0.0091,  0.0237,
        -0.0528,  0.0137, -0.0595, -0.0356,  0.0445, -0.0508, -0.0125, -0.0387,
        -0.0360,  0.0189, -0.0125, -0.0367,  0.0194, -0.0140, -0.0022, -0.0297,
         0.0055,  0.0415, -0.0142, -0.0340, -0.0501,  0.0550,  0.0351, -0.0314,
         0.0119,  0.0315, -0.0072,  0.0211,  0.0044,  0.0612,  0.0351,  0.0586,
        -0.0099, -0.0542, -0.0498,  0.0620, -0.0403,  0.0368,  0.0518, -0.0450,
        -0.0604, -0.0215,  0.0295, -0.0494, -0.0338, -0.0554,  0.0397, -0.0492],
       device='cuda:0', requires_grad=True)
parameters of the network fc3.weight 
 torch.Size([64, 128]) 
 True 
 tensor([[-0.0216,  0.0059,  0.0562,  ..., -0.0553, -0.0418, -0.0706],
        [-0.0472, -0.0657, -0.0473,  ..., -0.0335, -0.0540, -0.0722],
        [-0.0837,  0.0107,  0.0706,  ..., -0.0765, -0.0736,  0.0454],
        ...,
        [ 0.0877, -0.0873,  0.0567,  ...,  0.0774,  0.0669,  0.0558],
        [ 0.0804,  0.0315, -0.0395,  ..., -0.0204,  0.0088, -0.0287],
        [ 0.0308, -0.0617, -0.0148,  ...,  0.0254, -0.0241,  0.0131]],
       device='cuda:0') 
 Parameter containing:
tensor([[-0.0216,  0.0059,  0.0562,  ..., -0.0553, -0.0418, -0.0706],
        [-0.0472, -0.0657, -0.0473,  ..., -0.0335, -0.0540, -0.0722],
        [-0.0837,  0.0107,  0.0706,  ..., -0.0765, -0.0736,  0.0454],
        ...,
        [ 0.0877, -0.0873,  0.0567,  ...,  0.0774,  0.0669,  0.0558],
        [ 0.0804,  0.0315, -0.0395,  ..., -0.0204,  0.0088, -0.0287],
        [ 0.0308, -0.0617, -0.0148,  ...,  0.0254, -0.0241,  0.0131]],
       device='cuda:0', requires_grad=True)
parameters of the network fc3.bias 
 torch.Size([64]) 
 True 
 tensor([ 0.0230, -0.0481,  0.0557,  0.0018, -0.0113,  0.0780, -0.0010, -0.0272,
         0.0439, -0.0012,  0.0257,  0.0460, -0.0123,  0.0726, -0.0753,  0.0260,
         0.0691, -0.0620,  0.0428, -0.0091,  0.0160,  0.0860,  0.0538, -0.0880,
        -0.0398,  0.0561, -0.0629, -0.0584, -0.0751,  0.0307, -0.0397, -0.0123,
        -0.0438,  0.0588, -0.0586, -0.0402, -0.0734,  0.0020, -0.0659, -0.0749,
         0.0822,  0.0745,  0.0170, -0.0582, -0.0504,  0.0227, -0.0733, -0.0771,
        -0.0361,  0.0281, -0.0636,  0.0053,  0.0768, -0.0814,  0.0417,  0.0693,
         0.0252,  0.0697,  0.0792,  0.0528,  0.0281,  0.0035,  0.0235, -0.0127],
       device='cuda:0') 
 Parameter containing:
tensor([ 0.0230, -0.0481,  0.0557,  0.0018, -0.0113,  0.0780, -0.0010, -0.0272,
         0.0439, -0.0012,  0.0257,  0.0460, -0.0123,  0.0726, -0.0753,  0.0260,
         0.0691, -0.0620,  0.0428, -0.0091,  0.0160,  0.0860,  0.0538, -0.0880,
        -0.0398,  0.0561, -0.0629, -0.0584, -0.0751,  0.0307, -0.0397, -0.0123,
        -0.0438,  0.0588, -0.0586, -0.0402, -0.0734,  0.0020, -0.0659, -0.0749,
         0.0822,  0.0745,  0.0170, -0.0582, -0.0504,  0.0227, -0.0733, -0.0771,
        -0.0361,  0.0281, -0.0636,  0.0053,  0.0768, -0.0814,  0.0417,  0.0693,
         0.0252,  0.0697,  0.0792,  0.0528,  0.0281,  0.0035,  0.0235, -0.0127],
       device='cuda:0', requires_grad=True)
parameters of the network fc4.weight 
 torch.Size([6796, 64]) 
 True 
 tensor([[ 0.0583,  0.0336,  0.0656,  ...,  0.0537,  0.1092, -0.1115],
        [-0.0515,  0.0171, -0.1119,  ..., -0.0805,  0.0646, -0.0987],
        [ 0.0127,  0.0657, -0.0719,  ...,  0.0262, -0.1091,  0.0861],
        ...,
        [ 0.0186,  0.0511, -0.0662,  ...,  0.0102,  0.0912,  0.1059],
        [-0.0433,  0.1142, -0.0028,  ..., -0.1194,  0.0307,  0.1012],
        [-0.1181, -0.0718, -0.0921,  ...,  0.0637,  0.0507,  0.0894]],
       device='cuda:0') 
 Parameter containing:
tensor([[ 0.0583,  0.0336,  0.0656,  ...,  0.0537,  0.1092, -0.1115],
        [-0.0515,  0.0171, -0.1119,  ..., -0.0805,  0.0646, -0.0987],
        [ 0.0127,  0.0657, -0.0719,  ...,  0.0262, -0.1091,  0.0861],
        ...,
        [ 0.0186,  0.0511, -0.0662,  ...,  0.0102,  0.0912,  0.1059],
        [-0.0433,  0.1142, -0.0028,  ..., -0.1194,  0.0307,  0.1012],
        [-0.1181, -0.0718, -0.0921,  ...,  0.0637,  0.0507,  0.0894]],
       device='cuda:0', requires_grad=True)
parameters of the network fc4.bias 
 torch.Size([6796]) 
 True 
 tensor([ 0.0331,  0.1148, -0.1145,  ...,  0.0323, -0.0967, -0.1023],
       device='cuda:0') 
 Parameter containing:
tensor([ 0.0331,  0.1148, -0.1145,  ...,  0.0323, -0.0967, -0.1023],
       device='cuda:0', requires_grad=True)

Passing event 1007 from the network before training input tensor([[0., 0., 0.,  ..., 0., 0., 0.],
        [0., 0., 0.,  ..., 0., 0., 0.],
        [0., 0., 0.,  ..., 0., 0., 0.],
        ...,
        [0., 0., 0.,  ..., 0., 0., 0.],
        [0., 0., 0.,  ..., 0., 0., 0.],
        [0., 0., 0.,  ..., 0., 0., 0.]]) 
result1: tensor([[0.5081, 0.5317, 0.4698,  ..., 0.5007, 0.4686, 0.4740],
        [0.5081, 0.5317, 0.4698,  ..., 0.5006, 0.4686, 0.4739],
        [0.5082, 0.5317, 0.4698,  ..., 0.5007, 0.4686, 0.4740],
        ...,
        [0.5081, 0.5317, 0.4697,  ..., 0.5006, 0.4686, 0.4740],
        [0.5082, 0.5318, 0.4698,  ..., 0.5007, 0.4685, 0.4741],
        [0.5082, 0.5317, 0.4699,  ..., 0.5006, 0.4686, 0.4740]],
       device='cuda:0', grad_fn=<SigmoidBackward0>) 
result1.shape: torch.Size([20, 6796])

Passing two random events from the network before training 
result1: tensor([[0.5081, 0.5317, 0.4698,  ..., 0.5007, 0.4686, 0.4740],
        [0.5081, 0.5317, 0.4698,  ..., 0.5006, 0.4686, 0.4739],
        [0.5082, 0.5317, 0.4698,  ..., 0.5007, 0.4686, 0.4740],
        ...,
        [0.5081, 0.5317, 0.4697,  ..., 0.5006, 0.4686, 0.4740],
        [0.5082, 0.5318, 0.4698,  ..., 0.5007, 0.4685, 0.4741],
        [0.5082, 0.5317, 0.4699,  ..., 0.5006, 0.4686, 0.4740]],
       device='cuda:0', grad_fn=<SigmoidBackward0>) 
result1.shape: torch.Size([20, 6796]) 
input: [[0. 0. 0. ... 0. 0. 0.]
 [0. 0. 0. ... 0. 0. 0.]
 [0. 0. 0. ... 0. 0. 0.]
 ...
 [0. 0. 0. ... 0. 0. 0.]
 [0. 0. 0. ... 0. 0. 0.]
 [0. 0. 0. ... 0. 0. 0.]]
=> loading checkpoint from /hpcfs/bes/mlgpu/hoseinkk/MLTracking/otherparticles/pppipi/pyt_pppipi_cnn_1/checkpoint_dir/1999840284saved_checkpoint.tar



load_model True 
TraEvN 19998 
BatchSize 30.0 
EpochNum 40 
LrVal 0.0001 
weight_decay 5e-05 
startmesh 284 
endmesh 285 



Traceback (most recent call last):
  File "/hpcfs/bes/mlgpu/hoseinkk/MLTracking/otherparticles/pppipi/pyt_pppipi_cnn_1/./Results.py", line 66, in <module>
    plotevent((sitonsquare(result1[EvBTr - 10000] > thr[0])) & (sitonsquare(trvalcnnpppipi[EvBTr]) > 0), 845, f'event number {EvBTr} passed through network after training \n threshold is {thr[0]}')
TypeError: ufunc 'bitwise_and' not supported for the input types, and the inputs could not be safely coerced to any supported types according to the casting rule ''safe''

real	0m55.020s
user	1m3.730s
sys	0m7.907s
