0: gpu021.ihep.ac.cn
GPU 0: Tesla V100-SXM2-32GB (UUID: GPU-d070abdc-2a34-a2f1-fcf5-3bd4a3b59895)
Allocate GPU cards : 0

modinfo:
filename:       /lib/modules/3.10.0-1160.71.1.el7.x86_64/extra/nvidia.ko.xz
firmware:       nvidia/515.65.01/gsp.bin
alias:          char-major-195-*
version:        515.65.01
supported:      external
license:        NVIDIA
retpoline:      Y
rhelversion:    7.9
srcversion:     8049D44E2C1B08F41E1B8A6
alias:          pci:v000010DEd*sv*sd*bc06sc80i00*
alias:          pci:v000010DEd*sv*sd*bc03sc02i00*
alias:          pci:v000010DEd*sv*sd*bc03sc00i00*
depends:        drm
vermagic:       3.10.0-1160.71.1.el7.x86_64 SMP mod_unload modversions 
signer:         DKMS module signing key
sig_key:        C2:44:16:3E:F4:B2:32:61:B4:43:86:F6:64:80:CC:44:95:DA:BA:12
sig_hashalgo:   sha512
parm:           NvSwitchRegDwords:NvSwitch regkey (charp)
parm:           NvSwitchBlacklist:NvSwitchBlacklist=uuid[,uuid...] (charp)
parm:           NVreg_ResmanDebugLevel:int
parm:           NVreg_RmLogonRC:int
parm:           NVreg_ModifyDeviceFiles:int
parm:           NVreg_DeviceFileUID:int
parm:           NVreg_DeviceFileGID:int
parm:           NVreg_DeviceFileMode:int
parm:           NVreg_InitializeSystemMemoryAllocations:int
parm:           NVreg_UsePageAttributeTable:int
parm:           NVreg_EnablePCIeGen3:int
parm:           NVreg_EnableMSI:int
parm:           NVreg_TCEBypassMode:int
parm:           NVreg_EnableStreamMemOPs:int
parm:           NVreg_RestrictProfilingToAdminUsers:int
parm:           NVreg_PreserveVideoMemoryAllocations:int
parm:           NVreg_EnableS0ixPowerManagement:int
parm:           NVreg_S0ixPowerManagementVideoMemoryThreshold:int
parm:           NVreg_DynamicPowerManagement:int
parm:           NVreg_DynamicPowerManagementVideoMemoryThreshold:int
parm:           NVreg_EnableGpuFirmware:int
parm:           NVreg_EnableGpuFirmwareLogs:int
parm:           NVreg_OpenRmEnableUnsupportedGpus:int
parm:           NVreg_EnableUserNUMAManagement:int
parm:           NVreg_MemoryPoolSize:int
parm:           NVreg_KMallocHeapMaxSize:int
parm:           NVreg_VMallocHeapMaxSize:int
parm:           NVreg_IgnoreMMIOCheck:int
parm:           NVreg_NvLinkDisable:int
parm:           NVreg_EnablePCIERelaxedOrderingMode:int
parm:           NVreg_RegisterPCIDriver:int
parm:           NVreg_EnableDbgBreakpoint:int
parm:           NVreg_RegistryDwords:charp
parm:           NVreg_RegistryDwordsPerDevice:charp
parm:           NVreg_RmMsg:charp
parm:           NVreg_GpuBlacklist:charp
parm:           NVreg_TemporaryFilePath:charp
parm:           NVreg_ExcludedGpus:charp
parm:           NVreg_DmaRemapPeerMmio:int
parm:           rm_firmware_active:charp

nvidia-smi:
Tue Aug 30 06:41:34 2022       
+-----------------------------------------------------------------------------+
| NVIDIA-SMI 515.65.01    Driver Version: 515.65.01    CUDA Version: 11.7     |
|-------------------------------+----------------------+----------------------+
| GPU  Name        Persistence-M| Bus-Id        Disp.A | Volatile Uncorr. ECC |
| Fan  Temp  Perf  Pwr:Usage/Cap|         Memory-Usage | GPU-Util  Compute M. |
|                               |                      |               MIG M. |
|===============================+======================+======================|
|   0  Tesla V100-SXM2...  On   | 00000000:1F:00.0 Off |                    0 |
| N/A   36C    P0    38W / 300W |      0MiB / 32768MiB |      0%      Default |
|                               |                      |                  N/A |
+-------------------------------+----------------------+----------------------+
                                                                               
+-----------------------------------------------------------------------------+
| Processes:                                                                  |
|  GPU   GI   CI        PID   Type   Process name                  GPU Memory |
|        ID   ID                                                   Usage      |
|=============================================================================|
|  No running processes found                                                 |
+-----------------------------------------------------------------------------+

nvcc --version:
nvcc: NVIDIA (R) Cuda compiler driver
Copyright (c) 2005-2021 NVIDIA Corporation
Built on Sun_Mar_21_19:15:46_PDT_2021
Cuda compilation tools, release 11.3, V11.3.58
Build cuda_11.3.r11.3/compiler.29745058_0

 torch version: 1.10.2

 cuda version: 11.3

 is cuda available: True

 CUDNN VERSION: 8200

 Number CUDA Devices: 1

 CUDA Device Name: Tesla V100-SXM2-32GB

 CUDA Device Total Memory [GB]: 34.089926656

 Device capability: (7, 0) 

 Cuda deviice: <torch.cuda.device object at 0x2ad61d4b18e0> 

 Is cuda initialized: True

 CUDA_HOME: /hpcfs/bes/mlgpu/hoseinkk/Miniconda3/envs/dgl1

real	0m4.460s
user	0m2.659s
sys	0m0.694s
/hpcfs/bes/mlgpu/hoseinkk/Miniconda3/envs/dgl1/lib/python3.9/site-packages/cupy/_environment.py:438: UserWarning: 
--------------------------------------------------------------------------------

  CuPy may not function correctly because multiple CuPy packages are installed
  in your environment:

    cupy, cupy-cuda110

  Follow these steps to resolve this issue:

    1. For all packages listed above, run the following command to remove all
       existing CuPy installations:

         $ pip uninstall <package_name>

      If you previously installed CuPy via conda, also run the following:

         $ conda uninstall cupy

    2. Install the appropriate CuPy package.
       Refer to the Installation Guide for detailed instructions.

         https://docs.cupy.dev/en/stable/install.html

--------------------------------------------------------------------------------

  warnings.warn(f'''
/hpcfs/bes/mlgpu/hoseinkk/Miniconda3/envs/dgl1/lib/python3.9/site-packages/torch/nn/functional.py:1806: UserWarning: nn.functional.sigmoid is deprecated. Use torch.sigmoid instead.
  warnings.warn("nn.functional.sigmoid is deprecated. Use torch.sigmoid instead.")





 Loading data ... 



training set shape (20000, 43, 288) 
sum 5279207

target set shape (20000, 6796) 
sum 4575851




 The Network ... 


Net(
  (conv1): Conv2d(1, 256, kernel_size=(3, 3), stride=(1, 1))
  (conv2): Conv2d(256, 128, kernel_size=(3, 3), stride=(1, 1))
  (conv3): Conv2d(128, 64, kernel_size=(3, 3), stride=(1, 1))
  (fc1): Linear(in_features=667776, out_features=256, bias=True)
  (fc2): Linear(in_features=256, out_features=128, bias=True)
  (fc3): Linear(in_features=128, out_features=64, bias=True)
  (fc4): Linear(in_features=64, out_features=6796, bias=True)
)

number of the free parameters: 171805196
parameters of the network conv1.weight 
 torch.Size([256, 1, 3, 3]) 
 True 
 tensor([[[[-0.2044,  0.1765, -0.1853],
          [ 0.2380,  0.3266,  0.1565],
          [-0.3034,  0.2365,  0.1938]]],


        [[[ 0.0873, -0.1034,  0.0084],
          [ 0.1242, -0.0898, -0.2881],
          [-0.0435, -0.1408, -0.2643]]],


        [[[-0.2016,  0.3020, -0.0234],
          [-0.0282,  0.0501,  0.1033],
          [ 0.1107, -0.3019,  0.2051]]],


        ...,


        [[[-0.2115,  0.2306, -0.1135],
          [ 0.3132, -0.2941, -0.1569],
          [-0.1524, -0.0037, -0.1146]]],


        [[[ 0.1093,  0.2193,  0.0990],
          [ 0.3271,  0.2113, -0.0122],
          [-0.1027,  0.2223, -0.2251]]],


        [[[-0.2095,  0.2531,  0.1699],
          [-0.2061,  0.3018,  0.2003],
          [-0.2283,  0.2796,  0.1899]]]], device='cuda:0') 
 Parameter containing:
tensor([[[[-0.2044,  0.1765, -0.1853],
          [ 0.2380,  0.3266,  0.1565],
          [-0.3034,  0.2365,  0.1938]]],


        [[[ 0.0873, -0.1034,  0.0084],
          [ 0.1242, -0.0898, -0.2881],
          [-0.0435, -0.1408, -0.2643]]],


        [[[-0.2016,  0.3020, -0.0234],
          [-0.0282,  0.0501,  0.1033],
          [ 0.1107, -0.3019,  0.2051]]],


        ...,


        [[[-0.2115,  0.2306, -0.1135],
          [ 0.3132, -0.2941, -0.1569],
          [-0.1524, -0.0037, -0.1146]]],


        [[[ 0.1093,  0.2193,  0.0990],
          [ 0.3271,  0.2113, -0.0122],
          [-0.1027,  0.2223, -0.2251]]],


        [[[-0.2095,  0.2531,  0.1699],
          [-0.2061,  0.3018,  0.2003],
          [-0.2283,  0.2796,  0.1899]]]], device='cuda:0', requires_grad=True)
parameters of the network conv1.bias 
 torch.Size([256]) 
 True 
 tensor([ 0.2228,  0.0502, -0.2193, -0.2162,  0.1671,  0.0626, -0.1522, -0.2244,
         0.0857,  0.2347, -0.3246,  0.2214, -0.3281,  0.1425,  0.2886, -0.2350,
         0.1582, -0.1227, -0.1647,  0.1814,  0.2910,  0.0200, -0.1234, -0.1346,
        -0.1453,  0.0458, -0.1037,  0.3170, -0.1073, -0.0621,  0.1729, -0.0314,
         0.1809,  0.2806,  0.3238, -0.0828, -0.2946, -0.0244, -0.1637,  0.0631,
        -0.1782, -0.2299,  0.0825,  0.1748,  0.2792, -0.2849,  0.1918, -0.3257,
         0.3245, -0.2825, -0.3075,  0.1712,  0.3025, -0.3038,  0.2291, -0.2806,
        -0.2792, -0.2760,  0.1697, -0.2587,  0.2906,  0.2031, -0.1371, -0.2581,
        -0.0687, -0.0313, -0.2192,  0.1321, -0.2274,  0.2822, -0.2613, -0.1100,
         0.3236, -0.0763,  0.3151, -0.1957,  0.0299, -0.2461, -0.3127, -0.1741,
         0.2638,  0.3271, -0.3259, -0.2339,  0.1195, -0.3245,  0.1716,  0.2238,
         0.0369,  0.0299,  0.2621, -0.3231, -0.2108, -0.1423, -0.3062,  0.2620,
         0.2793, -0.0519,  0.1925, -0.2074, -0.0230, -0.2271, -0.0580,  0.1427,
        -0.0466, -0.2853, -0.1844,  0.0275, -0.0845,  0.0681, -0.2831, -0.2753,
         0.1522, -0.0539, -0.0159, -0.1256,  0.0777,  0.0924, -0.0679, -0.0244,
         0.0328,  0.2781,  0.1074,  0.1616, -0.1723, -0.1987, -0.3233,  0.0376,
         0.2239,  0.0210, -0.3317,  0.1297,  0.1517,  0.2559, -0.1465,  0.1262,
         0.2771,  0.1677, -0.1606,  0.2599, -0.3016,  0.0427, -0.1801, -0.0253,
         0.2369, -0.1735,  0.3297,  0.3213, -0.1281, -0.0303,  0.3049, -0.3220,
        -0.0277,  0.1881,  0.3208,  0.1378, -0.2178, -0.1276, -0.0887, -0.2398,
         0.0442, -0.3319,  0.1538,  0.1677, -0.0519,  0.0218,  0.2224,  0.1036,
         0.2843,  0.3117, -0.2629, -0.1512,  0.2492,  0.1281, -0.1472,  0.1422,
         0.2583, -0.0716, -0.0649, -0.0213,  0.2036,  0.1848,  0.1948, -0.0421,
        -0.0502, -0.1434,  0.2106, -0.0283, -0.0269,  0.2763,  0.0676, -0.1232,
        -0.0350,  0.1220,  0.0512,  0.1374,  0.1584, -0.1085,  0.2805,  0.2464,
        -0.1673,  0.1111,  0.1667, -0.1057,  0.1901,  0.2649,  0.1420, -0.1269,
        -0.0109, -0.0706, -0.0731, -0.1298,  0.0509, -0.0629, -0.0610, -0.3293,
        -0.0013,  0.2151,  0.0611,  0.3271, -0.1498, -0.2379, -0.0461,  0.1973,
         0.3095, -0.2224, -0.1210, -0.0898,  0.1731, -0.2446, -0.1920,  0.2637,
        -0.0364, -0.1683, -0.2045, -0.2501,  0.0868, -0.0020, -0.3106, -0.0511,
         0.3247,  0.3160,  0.0311, -0.0094,  0.2791,  0.1821,  0.2051, -0.1885,
         0.0742,  0.2762, -0.3301,  0.2353, -0.2616, -0.2392, -0.0262, -0.2318],
       device='cuda:0') 
 Parameter containing:
tensor([ 0.2228,  0.0502, -0.2193, -0.2162,  0.1671,  0.0626, -0.1522, -0.2244,
         0.0857,  0.2347, -0.3246,  0.2214, -0.3281,  0.1425,  0.2886, -0.2350,
         0.1582, -0.1227, -0.1647,  0.1814,  0.2910,  0.0200, -0.1234, -0.1346,
        -0.1453,  0.0458, -0.1037,  0.3170, -0.1073, -0.0621,  0.1729, -0.0314,
         0.1809,  0.2806,  0.3238, -0.0828, -0.2946, -0.0244, -0.1637,  0.0631,
        -0.1782, -0.2299,  0.0825,  0.1748,  0.2792, -0.2849,  0.1918, -0.3257,
         0.3245, -0.2825, -0.3075,  0.1712,  0.3025, -0.3038,  0.2291, -0.2806,
        -0.2792, -0.2760,  0.1697, -0.2587,  0.2906,  0.2031, -0.1371, -0.2581,
        -0.0687, -0.0313, -0.2192,  0.1321, -0.2274,  0.2822, -0.2613, -0.1100,
         0.3236, -0.0763,  0.3151, -0.1957,  0.0299, -0.2461, -0.3127, -0.1741,
         0.2638,  0.3271, -0.3259, -0.2339,  0.1195, -0.3245,  0.1716,  0.2238,
         0.0369,  0.0299,  0.2621, -0.3231, -0.2108, -0.1423, -0.3062,  0.2620,
         0.2793, -0.0519,  0.1925, -0.2074, -0.0230, -0.2271, -0.0580,  0.1427,
        -0.0466, -0.2853, -0.1844,  0.0275, -0.0845,  0.0681, -0.2831, -0.2753,
         0.1522, -0.0539, -0.0159, -0.1256,  0.0777,  0.0924, -0.0679, -0.0244,
         0.0328,  0.2781,  0.1074,  0.1616, -0.1723, -0.1987, -0.3233,  0.0376,
         0.2239,  0.0210, -0.3317,  0.1297,  0.1517,  0.2559, -0.1465,  0.1262,
         0.2771,  0.1677, -0.1606,  0.2599, -0.3016,  0.0427, -0.1801, -0.0253,
         0.2369, -0.1735,  0.3297,  0.3213, -0.1281, -0.0303,  0.3049, -0.3220,
        -0.0277,  0.1881,  0.3208,  0.1378, -0.2178, -0.1276, -0.0887, -0.2398,
         0.0442, -0.3319,  0.1538,  0.1677, -0.0519,  0.0218,  0.2224,  0.1036,
         0.2843,  0.3117, -0.2629, -0.1512,  0.2492,  0.1281, -0.1472,  0.1422,
         0.2583, -0.0716, -0.0649, -0.0213,  0.2036,  0.1848,  0.1948, -0.0421,
        -0.0502, -0.1434,  0.2106, -0.0283, -0.0269,  0.2763,  0.0676, -0.1232,
        -0.0350,  0.1220,  0.0512,  0.1374,  0.1584, -0.1085,  0.2805,  0.2464,
        -0.1673,  0.1111,  0.1667, -0.1057,  0.1901,  0.2649,  0.1420, -0.1269,
        -0.0109, -0.0706, -0.0731, -0.1298,  0.0509, -0.0629, -0.0610, -0.3293,
        -0.0013,  0.2151,  0.0611,  0.3271, -0.1498, -0.2379, -0.0461,  0.1973,
         0.3095, -0.2224, -0.1210, -0.0898,  0.1731, -0.2446, -0.1920,  0.2637,
        -0.0364, -0.1683, -0.2045, -0.2501,  0.0868, -0.0020, -0.3106, -0.0511,
         0.3247,  0.3160,  0.0311, -0.0094,  0.2791,  0.1821,  0.2051, -0.1885,
         0.0742,  0.2762, -0.3301,  0.2353, -0.2616, -0.2392, -0.0262, -0.2318],
       device='cuda:0', requires_grad=True)
parameters of the network conv2.weight 
 torch.Size([128, 256, 3, 3]) 
 True 
 tensor([[[[ 2.3601e-03,  1.3166e-02,  1.3370e-02],
          [ 2.0134e-02,  1.1619e-02,  2.1193e-03],
          [ 5.9617e-03, -6.1311e-03, -1.2846e-02]],

         [[-1.0116e-02, -1.8894e-02,  1.3527e-02],
          [-5.0224e-04,  7.5063e-03, -1.9628e-02],
          [-1.7806e-02, -1.7993e-02,  1.0661e-02]],

         [[ 2.0245e-02, -7.1908e-04, -2.3513e-03],
          [ 1.9458e-02, -1.0833e-02, -4.5497e-03],
          [ 1.7845e-02,  1.2906e-02,  1.4003e-02]],

         ...,

         [[-2.4358e-03, -5.1936e-03, -8.7734e-03],
          [-2.3379e-03,  1.0253e-02,  9.2619e-03],
          [ 8.5120e-03, -9.7034e-03,  2.0283e-02]],

         [[-4.5482e-03,  2.0458e-02,  1.3628e-02],
          [-5.4091e-03, -1.6223e-04,  1.0758e-02],
          [-1.2566e-02, -9.3406e-03,  1.8660e-02]],

         [[ 1.8189e-02,  6.2418e-04,  1.4256e-02],
          [-1.1606e-02,  1.4438e-02, -1.6724e-02],
          [ 2.8815e-03, -3.6381e-03, -1.4341e-03]]],


        [[[ 5.7845e-03, -2.8946e-03,  1.1245e-02],
          [ 1.0691e-02, -3.5209e-03, -3.2917e-03],
          [ 1.2439e-02, -2.0356e-02, -1.9314e-02]],

         [[-2.0807e-02,  8.9507e-03, -8.2497e-03],
          [ 1.9635e-02, -1.4256e-02,  2.0227e-02],
          [-6.6434e-03,  2.1763e-03,  1.3995e-02]],

         [[ 1.6123e-02,  1.0992e-02,  2.0834e-03],
          [ 1.1324e-03,  1.1261e-02, -1.5838e-02],
          [ 7.0793e-03, -1.3087e-03,  6.7926e-03]],

         ...,

         [[-3.4849e-03, -2.6227e-03,  1.3714e-02],
          [ 4.4075e-03, -1.4906e-02,  2.0639e-02],
          [-1.2385e-02,  1.5973e-02, -1.7838e-02]],

         [[-2.2579e-03,  7.7736e-03, -8.1557e-03],
          [-6.0654e-03, -1.9079e-02, -6.3773e-03],
          [-2.0816e-02,  2.0691e-02, -2.0039e-02]],

         [[-1.1786e-02, -1.7640e-02,  1.2016e-04],
          [-1.1831e-02,  6.3086e-03,  1.6207e-02],
          [ 1.2448e-02,  7.0309e-03,  1.2471e-02]]],


        [[[ 7.7317e-03,  4.8225e-03,  4.5307e-03],
          [-6.9394e-03,  3.8876e-03,  1.8060e-02],
          [ 1.7422e-02,  5.3270e-03,  1.3731e-02]],

         [[-1.3623e-02,  5.5245e-03,  1.2609e-02],
          [ 1.6348e-03, -8.3081e-03, -3.8123e-03],
          [ 4.2277e-03,  7.3328e-03, -1.8291e-02]],

         [[-1.0630e-02, -1.1242e-02, -8.5222e-03],
          [-6.4506e-03,  1.1782e-02, -1.2932e-02],
          [ 6.3156e-03, -1.8115e-02,  1.4677e-02]],

         ...,

         [[ 3.5516e-03, -5.0738e-04, -2.0155e-02],
          [-1.9463e-02, -1.3754e-02, -1.9657e-03],
          [-4.7508e-03, -1.2731e-02, -1.2750e-02]],

         [[-1.4959e-02,  2.3906e-03,  1.6212e-02],
          [ 1.0389e-02, -1.7466e-02,  1.6397e-02],
          [ 7.9047e-03,  1.6221e-02,  8.5687e-03]],

         [[-1.7214e-02, -1.9734e-02,  1.5729e-02],
          [-1.8632e-02,  1.3650e-02,  1.9351e-02],
          [-1.2137e-02, -3.6614e-03,  8.4172e-03]]],


        ...,


        [[[ 9.4262e-03, -8.7805e-03, -6.8665e-03],
          [-3.1571e-03,  4.2995e-03,  1.7179e-02],
          [ 5.4458e-03,  2.0395e-02,  1.1292e-04]],

         [[ 4.9674e-03,  5.2002e-03, -2.0398e-03],
          [-9.6036e-03, -6.6824e-03, -1.9010e-02],
          [ 1.4645e-02,  2.1539e-03,  3.7432e-05]],

         [[-1.7876e-02,  8.6163e-03,  1.6901e-02],
          [ 1.3025e-02,  8.3765e-03,  4.0426e-03],
          [-1.4148e-02, -6.2358e-03, -3.8896e-03]],

         ...,

         [[ 1.8931e-02,  1.6123e-02, -1.9957e-02],
          [-2.0317e-02, -1.7792e-03,  1.3297e-02],
          [ 1.4207e-02,  9.6419e-03, -4.4116e-03]],

         [[-1.4707e-02, -1.0916e-02,  1.8465e-02],
          [ 1.6796e-02,  4.4047e-03, -1.3162e-02],
          [-7.4905e-03,  4.6772e-04,  8.2085e-03]],

         [[-3.4496e-03,  1.9953e-02,  9.4848e-03],
          [ 1.3535e-02, -4.4258e-03,  2.0789e-02],
          [-6.7365e-03, -2.6911e-03, -1.4662e-02]]],


        [[[-1.7150e-02,  8.4201e-03,  1.1328e-02],
          [-5.3961e-04,  1.2501e-02, -1.6200e-02],
          [-1.4973e-02, -7.2303e-04,  6.9524e-04]],

         [[-4.2236e-03, -1.7954e-02,  5.9398e-04],
          [ 1.3662e-02, -6.0137e-03, -1.8145e-02],
          [ 1.1012e-02, -1.2274e-02, -1.1809e-02]],

         [[ 1.0825e-02,  1.7830e-02,  2.0524e-02],
          [ 1.0456e-02,  1.8454e-02,  1.7083e-02],
          [-3.1108e-03, -1.4512e-02, -1.3440e-02]],

         ...,

         [[ 1.5035e-02, -2.4897e-03,  1.2876e-02],
          [ 1.3572e-02,  5.1872e-03, -1.6256e-02],
          [ 4.2207e-03, -1.4349e-02,  5.2536e-03]],

         [[-9.3560e-03, -1.5669e-02, -1.8905e-02],
          [-9.7493e-03,  1.4578e-02,  1.1059e-02],
          [-1.1107e-02, -1.1322e-02,  6.2395e-03]],

         [[ 6.9006e-03, -1.4344e-02,  7.1442e-03],
          [-2.9695e-03, -1.4597e-03,  1.9473e-02],
          [-1.6225e-02,  1.3357e-03,  1.6077e-02]]],


        [[[ 1.6918e-02,  8.3223e-03, -1.5637e-02],
          [-1.1785e-02,  9.6080e-03, -5.6231e-03],
          [ 1.8305e-02, -1.4992e-02, -1.3090e-02]],

         [[-3.1022e-03, -1.7995e-02, -1.7546e-02],
          [ 7.1289e-03, -5.3461e-03,  5.2172e-03],
          [-2.0125e-02, -1.7547e-02,  1.8114e-02]],

         [[ 1.5935e-02, -1.4214e-02, -1.2974e-02],
          [-1.5929e-02, -6.9386e-03,  1.3622e-02],
          [-9.0740e-03, -1.9588e-02,  1.6401e-02]],

         ...,

         [[-4.7708e-03, -1.1431e-02, -1.1869e-02],
          [ 9.8292e-03, -1.1059e-02, -2.0704e-02],
          [ 9.7905e-03, -1.2531e-02, -2.7939e-03]],

         [[ 3.8823e-03, -1.6870e-02,  1.9227e-02],
          [-5.8973e-04, -2.8966e-03, -8.3926e-03],
          [-6.5902e-03,  1.6469e-02,  5.9982e-04]],

         [[-2.0344e-02, -1.2612e-02, -1.4553e-02],
          [-1.1358e-02,  1.2977e-02, -1.6286e-02],
          [-1.5026e-02, -2.0628e-02, -1.4724e-02]]]], device='cuda:0') 
 Parameter containing:
tensor([[[[ 2.3601e-03,  1.3166e-02,  1.3370e-02],
          [ 2.0134e-02,  1.1619e-02,  2.1193e-03],
          [ 5.9617e-03, -6.1311e-03, -1.2846e-02]],

         [[-1.0116e-02, -1.8894e-02,  1.3527e-02],
          [-5.0224e-04,  7.5063e-03, -1.9628e-02],
          [-1.7806e-02, -1.7993e-02,  1.0661e-02]],

         [[ 2.0245e-02, -7.1908e-04, -2.3513e-03],
          [ 1.9458e-02, -1.0833e-02, -4.5497e-03],
          [ 1.7845e-02,  1.2906e-02,  1.4003e-02]],

         ...,

         [[-2.4358e-03, -5.1936e-03, -8.7734e-03],
          [-2.3379e-03,  1.0253e-02,  9.2619e-03],
          [ 8.5120e-03, -9.7034e-03,  2.0283e-02]],

         [[-4.5482e-03,  2.0458e-02,  1.3628e-02],
          [-5.4091e-03, -1.6223e-04,  1.0758e-02],
          [-1.2566e-02, -9.3406e-03,  1.8660e-02]],

         [[ 1.8189e-02,  6.2418e-04,  1.4256e-02],
          [-1.1606e-02,  1.4438e-02, -1.6724e-02],
          [ 2.8815e-03, -3.6381e-03, -1.4341e-03]]],


        [[[ 5.7845e-03, -2.8946e-03,  1.1245e-02],
          [ 1.0691e-02, -3.5209e-03, -3.2917e-03],
          [ 1.2439e-02, -2.0356e-02, -1.9314e-02]],

         [[-2.0807e-02,  8.9507e-03, -8.2497e-03],
          [ 1.9635e-02, -1.4256e-02,  2.0227e-02],
          [-6.6434e-03,  2.1763e-03,  1.3995e-02]],

         [[ 1.6123e-02,  1.0992e-02,  2.0834e-03],
          [ 1.1324e-03,  1.1261e-02, -1.5838e-02],
          [ 7.0793e-03, -1.3087e-03,  6.7926e-03]],

         ...,

         [[-3.4849e-03, -2.6227e-03,  1.3714e-02],
          [ 4.4075e-03, -1.4906e-02,  2.0639e-02],
          [-1.2385e-02,  1.5973e-02, -1.7838e-02]],

         [[-2.2579e-03,  7.7736e-03, -8.1557e-03],
          [-6.0654e-03, -1.9079e-02, -6.3773e-03],
          [-2.0816e-02,  2.0691e-02, -2.0039e-02]],

         [[-1.1786e-02, -1.7640e-02,  1.2016e-04],
          [-1.1831e-02,  6.3086e-03,  1.6207e-02],
          [ 1.2448e-02,  7.0309e-03,  1.2471e-02]]],


        [[[ 7.7317e-03,  4.8225e-03,  4.5307e-03],
          [-6.9394e-03,  3.8876e-03,  1.8060e-02],
          [ 1.7422e-02,  5.3270e-03,  1.3731e-02]],

         [[-1.3623e-02,  5.5245e-03,  1.2609e-02],
          [ 1.6348e-03, -8.3081e-03, -3.8123e-03],
          [ 4.2277e-03,  7.3328e-03, -1.8291e-02]],

         [[-1.0630e-02, -1.1242e-02, -8.5222e-03],
          [-6.4506e-03,  1.1782e-02, -1.2932e-02],
          [ 6.3156e-03, -1.8115e-02,  1.4677e-02]],

         ...,

         [[ 3.5516e-03, -5.0738e-04, -2.0155e-02],
          [-1.9463e-02, -1.3754e-02, -1.9657e-03],
          [-4.7508e-03, -1.2731e-02, -1.2750e-02]],

         [[-1.4959e-02,  2.3906e-03,  1.6212e-02],
          [ 1.0389e-02, -1.7466e-02,  1.6397e-02],
          [ 7.9047e-03,  1.6221e-02,  8.5687e-03]],

         [[-1.7214e-02, -1.9734e-02,  1.5729e-02],
          [-1.8632e-02,  1.3650e-02,  1.9351e-02],
          [-1.2137e-02, -3.6614e-03,  8.4172e-03]]],


        ...,


        [[[ 9.4262e-03, -8.7805e-03, -6.8665e-03],
          [-3.1571e-03,  4.2995e-03,  1.7179e-02],
          [ 5.4458e-03,  2.0395e-02,  1.1292e-04]],

         [[ 4.9674e-03,  5.2002e-03, -2.0398e-03],
          [-9.6036e-03, -6.6824e-03, -1.9010e-02],
          [ 1.4645e-02,  2.1539e-03,  3.7432e-05]],

         [[-1.7876e-02,  8.6163e-03,  1.6901e-02],
          [ 1.3025e-02,  8.3765e-03,  4.0426e-03],
          [-1.4148e-02, -6.2358e-03, -3.8896e-03]],

         ...,

         [[ 1.8931e-02,  1.6123e-02, -1.9957e-02],
          [-2.0317e-02, -1.7792e-03,  1.3297e-02],
          [ 1.4207e-02,  9.6419e-03, -4.4116e-03]],

         [[-1.4707e-02, -1.0916e-02,  1.8465e-02],
          [ 1.6796e-02,  4.4047e-03, -1.3162e-02],
          [-7.4905e-03,  4.6772e-04,  8.2085e-03]],

         [[-3.4496e-03,  1.9953e-02,  9.4848e-03],
          [ 1.3535e-02, -4.4258e-03,  2.0789e-02],
          [-6.7365e-03, -2.6911e-03, -1.4662e-02]]],


        [[[-1.7150e-02,  8.4201e-03,  1.1328e-02],
          [-5.3961e-04,  1.2501e-02, -1.6200e-02],
          [-1.4973e-02, -7.2303e-04,  6.9524e-04]],

         [[-4.2236e-03, -1.7954e-02,  5.9398e-04],
          [ 1.3662e-02, -6.0137e-03, -1.8145e-02],
          [ 1.1012e-02, -1.2274e-02, -1.1809e-02]],

         [[ 1.0825e-02,  1.7830e-02,  2.0524e-02],
          [ 1.0456e-02,  1.8454e-02,  1.7083e-02],
          [-3.1108e-03, -1.4512e-02, -1.3440e-02]],

         ...,

         [[ 1.5035e-02, -2.4897e-03,  1.2876e-02],
          [ 1.3572e-02,  5.1872e-03, -1.6256e-02],
          [ 4.2207e-03, -1.4349e-02,  5.2536e-03]],

         [[-9.3560e-03, -1.5669e-02, -1.8905e-02],
          [-9.7493e-03,  1.4578e-02,  1.1059e-02],
          [-1.1107e-02, -1.1322e-02,  6.2395e-03]],

         [[ 6.9006e-03, -1.4344e-02,  7.1442e-03],
          [-2.9695e-03, -1.4597e-03,  1.9473e-02],
          [-1.6225e-02,  1.3357e-03,  1.6077e-02]]],


        [[[ 1.6918e-02,  8.3223e-03, -1.5637e-02],
          [-1.1785e-02,  9.6080e-03, -5.6231e-03],
          [ 1.8305e-02, -1.4992e-02, -1.3090e-02]],

         [[-3.1022e-03, -1.7995e-02, -1.7546e-02],
          [ 7.1289e-03, -5.3461e-03,  5.2172e-03],
          [-2.0125e-02, -1.7547e-02,  1.8114e-02]],

         [[ 1.5935e-02, -1.4214e-02, -1.2974e-02],
          [-1.5929e-02, -6.9386e-03,  1.3622e-02],
          [-9.0740e-03, -1.9588e-02,  1.6401e-02]],

         ...,

         [[-4.7708e-03, -1.1431e-02, -1.1869e-02],
          [ 9.8292e-03, -1.1059e-02, -2.0704e-02],
          [ 9.7905e-03, -1.2531e-02, -2.7939e-03]],

         [[ 3.8823e-03, -1.6870e-02,  1.9227e-02],
          [-5.8973e-04, -2.8966e-03, -8.3926e-03],
          [-6.5902e-03,  1.6469e-02,  5.9982e-04]],

         [[-2.0344e-02, -1.2612e-02, -1.4553e-02],
          [-1.1358e-02,  1.2977e-02, -1.6286e-02],
          [-1.5026e-02, -2.0628e-02, -1.4724e-02]]]], device='cuda:0',
       requires_grad=True)
parameters of the network conv2.bias 
 torch.Size([128]) 
 True 
 tensor([-3.5627e-03, -7.2024e-03, -1.0155e-02, -1.2637e-02,  1.6129e-02,
        -1.4958e-02,  1.7768e-03, -7.8005e-03,  1.5498e-03, -1.4890e-03,
        -1.6967e-02,  8.4261e-03, -1.1391e-02, -5.7161e-03, -6.5521e-03,
        -1.7550e-02,  1.8641e-02,  8.9430e-03, -8.3922e-03, -1.4437e-02,
         5.3155e-03, -7.0077e-04,  4.0481e-03, -3.7977e-03,  1.6301e-02,
        -8.3072e-03, -9.9165e-03,  1.9996e-03, -8.4978e-03, -1.1649e-02,
         1.0087e-02,  1.2117e-02, -2.0450e-02,  4.6765e-03,  2.0660e-02,
         1.5184e-02, -1.5384e-02, -1.0421e-02, -7.9842e-03, -2.3760e-03,
        -1.6825e-02,  7.3602e-03,  2.3775e-03, -1.4795e-02,  9.5266e-03,
         1.9728e-03, -1.0026e-02, -1.9784e-02,  1.8533e-02, -6.4672e-03,
         1.5162e-02, -2.3492e-03, -1.0541e-02,  1.5220e-02,  2.8014e-03,
        -1.2511e-02,  6.8160e-03,  1.9074e-02, -4.1451e-04, -1.0064e-02,
         1.1204e-02,  4.9088e-03, -9.2042e-03, -4.7675e-03, -1.4185e-02,
         1.7250e-02, -1.0399e-02, -1.0388e-02, -1.2465e-02,  1.4895e-02,
         1.6464e-02, -1.3842e-02,  4.5920e-03, -1.8669e-02,  1.4634e-02,
        -3.3751e-03,  1.4098e-02,  2.3979e-03,  1.0327e-02,  1.6563e-03,
        -1.7603e-03,  9.5069e-03, -2.0090e-03, -1.0272e-02, -7.2923e-03,
         9.5330e-03, -8.1560e-03, -6.7476e-03,  1.6886e-02, -1.0257e-02,
         1.1859e-02,  1.0737e-02,  6.0890e-03, -2.0037e-02,  1.4407e-02,
        -8.8384e-03,  1.7509e-02,  1.3481e-02, -2.0519e-02,  1.6858e-02,
         1.0414e-02,  1.0042e-02, -5.6286e-03, -4.0585e-03, -2.0654e-02,
         7.7028e-03,  1.5491e-02, -1.0308e-02,  2.8409e-03, -1.4643e-02,
        -1.8140e-02,  1.2942e-02, -2.3686e-03,  2.0588e-02, -3.5907e-04,
        -1.9618e-02,  8.0590e-03,  1.9082e-02,  2.4021e-03,  1.7392e-02,
         8.7045e-05, -1.4805e-02,  1.2184e-02, -2.0431e-02, -1.0991e-03,
        -7.5567e-03,  1.5355e-02, -8.7912e-03], device='cuda:0') 
 Parameter containing:
tensor([-3.5627e-03, -7.2024e-03, -1.0155e-02, -1.2637e-02,  1.6129e-02,
        -1.4958e-02,  1.7768e-03, -7.8005e-03,  1.5498e-03, -1.4890e-03,
        -1.6967e-02,  8.4261e-03, -1.1391e-02, -5.7161e-03, -6.5521e-03,
        -1.7550e-02,  1.8641e-02,  8.9430e-03, -8.3922e-03, -1.4437e-02,
         5.3155e-03, -7.0077e-04,  4.0481e-03, -3.7977e-03,  1.6301e-02,
        -8.3072e-03, -9.9165e-03,  1.9996e-03, -8.4978e-03, -1.1649e-02,
         1.0087e-02,  1.2117e-02, -2.0450e-02,  4.6765e-03,  2.0660e-02,
         1.5184e-02, -1.5384e-02, -1.0421e-02, -7.9842e-03, -2.3760e-03,
        -1.6825e-02,  7.3602e-03,  2.3775e-03, -1.4795e-02,  9.5266e-03,
         1.9728e-03, -1.0026e-02, -1.9784e-02,  1.8533e-02, -6.4672e-03,
         1.5162e-02, -2.3492e-03, -1.0541e-02,  1.5220e-02,  2.8014e-03,
        -1.2511e-02,  6.8160e-03,  1.9074e-02, -4.1451e-04, -1.0064e-02,
         1.1204e-02,  4.9088e-03, -9.2042e-03, -4.7675e-03, -1.4185e-02,
         1.7250e-02, -1.0399e-02, -1.0388e-02, -1.2465e-02,  1.4895e-02,
         1.6464e-02, -1.3842e-02,  4.5920e-03, -1.8669e-02,  1.4634e-02,
        -3.3751e-03,  1.4098e-02,  2.3979e-03,  1.0327e-02,  1.6563e-03,
        -1.7603e-03,  9.5069e-03, -2.0090e-03, -1.0272e-02, -7.2923e-03,
         9.5330e-03, -8.1560e-03, -6.7476e-03,  1.6886e-02, -1.0257e-02,
         1.1859e-02,  1.0737e-02,  6.0890e-03, -2.0037e-02,  1.4407e-02,
        -8.8384e-03,  1.7509e-02,  1.3481e-02, -2.0519e-02,  1.6858e-02,
         1.0414e-02,  1.0042e-02, -5.6286e-03, -4.0585e-03, -2.0654e-02,
         7.7028e-03,  1.5491e-02, -1.0308e-02,  2.8409e-03, -1.4643e-02,
        -1.8140e-02,  1.2942e-02, -2.3686e-03,  2.0588e-02, -3.5907e-04,
        -1.9618e-02,  8.0590e-03,  1.9082e-02,  2.4021e-03,  1.7392e-02,
         8.7045e-05, -1.4805e-02,  1.2184e-02, -2.0431e-02, -1.0991e-03,
        -7.5567e-03,  1.5355e-02, -8.7912e-03], device='cuda:0',
       requires_grad=True)
parameters of the network conv3.weight 
 torch.Size([64, 128, 3, 3]) 
 True 
 tensor([[[[-2.4768e-02, -2.1892e-02, -2.9221e-02],
          [-2.1368e-02,  2.8428e-05, -8.5111e-03],
          [-1.2463e-02, -6.1779e-03, -2.0180e-02]],

         [[ 1.9092e-02, -1.9296e-02,  8.5637e-03],
          [ 2.2742e-02,  2.3565e-03,  5.0734e-03],
          [ 2.7328e-02, -1.4611e-02,  1.1589e-02]],

         [[ 2.2021e-02, -4.0898e-03, -2.3709e-02],
          [-1.1666e-02,  2.1328e-02,  1.1546e-02],
          [ 8.9346e-04,  6.5144e-03,  2.9003e-02]],

         ...,

         [[ 9.8936e-03,  2.9151e-02, -2.7104e-02],
          [ 2.1476e-02, -2.8164e-02,  1.4290e-02],
          [ 1.3845e-03,  1.2279e-02,  8.8028e-03]],

         [[ 2.3983e-02, -1.2287e-02,  1.3082e-02],
          [-2.5599e-02, -2.0821e-02,  2.5319e-02],
          [-1.7186e-02,  1.2852e-02, -3.3899e-03]],

         [[-2.6150e-02,  2.7045e-02, -1.5349e-02],
          [-4.0208e-03, -9.1319e-03, -9.6297e-03],
          [ 2.2152e-02,  5.5756e-03,  1.2567e-02]]],


        [[[ 2.8332e-02, -8.2453e-03, -1.0501e-03],
          [ 1.0649e-02,  7.1361e-03, -1.2427e-02],
          [-1.8463e-02,  1.8839e-02, -7.7971e-03]],

         [[ 1.6323e-02, -2.2457e-02,  1.7908e-02],
          [ 7.9044e-03, -1.2201e-02, -2.2153e-02],
          [ 2.2278e-02, -9.6981e-03,  2.3827e-02]],

         [[-8.9941e-03, -4.3432e-03,  2.7841e-03],
          [ 9.6831e-03, -1.3788e-02, -2.1949e-02],
          [ 1.0935e-03, -1.4438e-02,  5.8210e-03]],

         ...,

         [[ 2.1378e-02, -2.8684e-02, -4.8144e-03],
          [ 5.2741e-03,  2.7522e-02, -9.2058e-03],
          [-1.6385e-02,  8.7769e-03,  1.2932e-02]],

         [[-1.7490e-02,  1.0773e-02,  2.8849e-02],
          [-2.9435e-02, -1.2515e-02,  1.2412e-02],
          [-1.9994e-03, -1.0743e-02,  2.8623e-02]],

         [[ 9.6243e-03, -2.4915e-02, -2.2161e-02],
          [-1.2356e-02, -2.5726e-02, -7.8886e-03],
          [-2.2313e-04,  2.2967e-02,  7.2469e-03]]],


        [[[ 2.1349e-03,  8.0904e-03, -9.3587e-03],
          [-2.4755e-02, -9.5969e-03, -2.5388e-02],
          [ 1.7431e-02, -3.0580e-03,  2.4885e-03]],

         [[-9.4586e-03,  5.9480e-03,  2.8185e-02],
          [ 1.6422e-02,  2.8394e-02,  1.5165e-02],
          [-4.9282e-03, -2.3420e-02, -2.2756e-02]],

         [[-1.5173e-02,  1.4749e-02, -2.2130e-02],
          [-2.0077e-03,  3.3649e-03, -1.5950e-02],
          [-2.0806e-03, -1.1650e-02,  2.3955e-03]],

         ...,

         [[ 2.2183e-03, -2.6060e-02,  1.5532e-02],
          [-1.8660e-02, -2.7507e-03, -5.5268e-03],
          [ 1.8995e-02,  8.6504e-04, -6.9198e-03]],

         [[-2.2640e-03,  9.3743e-03, -7.2023e-03],
          [-2.7056e-02, -2.2045e-03, -1.2657e-03],
          [-2.9032e-02, -1.3467e-02,  1.0346e-02]],

         [[ 2.0167e-05, -7.9023e-03, -2.1519e-02],
          [-3.5946e-03,  1.5155e-02,  1.4557e-02],
          [-1.8104e-02,  2.2868e-02, -2.7669e-03]]],


        ...,


        [[[ 2.2128e-02,  4.5216e-03, -1.0467e-02],
          [ 1.9459e-02, -2.1567e-02,  2.8036e-02],
          [-2.8593e-02,  1.9047e-02,  1.3787e-02]],

         [[ 5.9453e-03, -2.3239e-02, -1.7618e-02],
          [-2.7973e-02, -1.6751e-02,  3.6967e-03],
          [-2.3908e-02,  2.7203e-02,  1.8694e-03]],

         [[-2.5089e-02,  9.2286e-03,  6.3579e-03],
          [-2.2535e-02,  1.0130e-02, -2.3156e-02],
          [-1.1475e-02,  3.6419e-03,  2.7125e-03]],

         ...,

         [[-1.1925e-02,  9.7618e-03,  1.3590e-02],
          [ 8.7902e-03,  2.1554e-02,  9.1755e-03],
          [ 1.1281e-02, -2.5492e-02, -1.3284e-03]],

         [[ 8.7196e-03, -5.4228e-03, -8.2479e-03],
          [-2.1464e-02,  9.7565e-03, -2.2592e-02],
          [-2.1422e-02, -1.3447e-02,  1.4656e-02]],

         [[ 2.8491e-02, -7.9670e-03, -2.5247e-03],
          [-1.1419e-02,  9.5987e-03, -2.8474e-02],
          [-1.1112e-02,  1.0290e-02, -2.5380e-02]]],


        [[[-1.5548e-02, -1.4649e-02, -3.1414e-03],
          [-1.1325e-02, -2.3936e-02,  2.7052e-03],
          [-1.9766e-02, -2.8523e-03,  9.5773e-03]],

         [[-2.0343e-02,  7.8427e-04, -1.5768e-02],
          [-2.8049e-03, -1.1037e-02,  1.9873e-02],
          [-6.2075e-03,  3.4417e-03,  8.6937e-03]],

         [[-2.0736e-02, -1.2599e-02,  1.3307e-03],
          [ 2.0149e-02, -2.4211e-02,  1.3620e-02],
          [ 1.4082e-02, -1.4762e-02, -1.7499e-02]],

         ...,

         [[ 2.9071e-02,  2.1586e-02,  6.2370e-03],
          [-1.2078e-02,  6.6672e-03,  2.0162e-02],
          [-1.6221e-02,  2.6335e-02,  2.1466e-03]],

         [[ 9.0768e-03,  2.5142e-02, -1.4422e-02],
          [-2.7947e-02,  5.3035e-03, -2.1686e-02],
          [ 3.2023e-03,  2.7711e-02, -1.2840e-04]],

         [[ 1.2766e-02,  1.2618e-03, -1.6813e-02],
          [ 4.0612e-03,  5.4064e-03, -9.0443e-03],
          [ 2.8672e-02, -2.3646e-02, -1.2486e-02]]],


        [[[-1.6719e-02, -2.3047e-02,  1.3447e-02],
          [ 8.5760e-03,  4.9749e-03, -1.9039e-02],
          [-8.6172e-03, -2.9345e-02, -1.0285e-02]],

         [[-1.6698e-02,  1.0449e-02, -8.4597e-03],
          [-2.7561e-02, -2.6070e-02, -2.8381e-02],
          [-3.0878e-03, -2.2527e-02,  1.8850e-02]],

         [[ 1.5875e-02, -1.2696e-02,  5.0086e-03],
          [-8.8563e-03, -9.0328e-04, -1.5142e-02],
          [ 1.8831e-02,  3.9832e-03, -2.2059e-02]],

         ...,

         [[ 2.1130e-02,  1.7774e-02, -1.0013e-02],
          [-2.2441e-03,  2.1228e-02,  2.3227e-02],
          [ 2.0706e-02,  2.8914e-02,  1.6726e-02]],

         [[-2.0837e-02,  2.3497e-02, -6.1950e-03],
          [ 2.6220e-02, -2.2947e-02,  6.3256e-03],
          [-4.9257e-04,  3.9893e-03,  2.7965e-02]],

         [[ 4.1556e-03, -1.1464e-02, -7.4655e-03],
          [-9.7337e-03, -7.7017e-03,  2.6788e-02],
          [ 1.0507e-02, -1.1018e-02, -2.3265e-02]]]], device='cuda:0') 
 Parameter containing:
tensor([[[[-2.4768e-02, -2.1892e-02, -2.9221e-02],
          [-2.1368e-02,  2.8428e-05, -8.5111e-03],
          [-1.2463e-02, -6.1779e-03, -2.0180e-02]],

         [[ 1.9092e-02, -1.9296e-02,  8.5637e-03],
          [ 2.2742e-02,  2.3565e-03,  5.0734e-03],
          [ 2.7328e-02, -1.4611e-02,  1.1589e-02]],

         [[ 2.2021e-02, -4.0898e-03, -2.3709e-02],
          [-1.1666e-02,  2.1328e-02,  1.1546e-02],
          [ 8.9346e-04,  6.5144e-03,  2.9003e-02]],

         ...,

         [[ 9.8936e-03,  2.9151e-02, -2.7104e-02],
          [ 2.1476e-02, -2.8164e-02,  1.4290e-02],
          [ 1.3845e-03,  1.2279e-02,  8.8028e-03]],

         [[ 2.3983e-02, -1.2287e-02,  1.3082e-02],
          [-2.5599e-02, -2.0821e-02,  2.5319e-02],
          [-1.7186e-02,  1.2852e-02, -3.3899e-03]],

         [[-2.6150e-02,  2.7045e-02, -1.5349e-02],
          [-4.0208e-03, -9.1319e-03, -9.6297e-03],
          [ 2.2152e-02,  5.5756e-03,  1.2567e-02]]],


        [[[ 2.8332e-02, -8.2453e-03, -1.0501e-03],
          [ 1.0649e-02,  7.1361e-03, -1.2427e-02],
          [-1.8463e-02,  1.8839e-02, -7.7971e-03]],

         [[ 1.6323e-02, -2.2457e-02,  1.7908e-02],
          [ 7.9044e-03, -1.2201e-02, -2.2153e-02],
          [ 2.2278e-02, -9.6981e-03,  2.3827e-02]],

         [[-8.9941e-03, -4.3432e-03,  2.7841e-03],
          [ 9.6831e-03, -1.3788e-02, -2.1949e-02],
          [ 1.0935e-03, -1.4438e-02,  5.8210e-03]],

         ...,

         [[ 2.1378e-02, -2.8684e-02, -4.8144e-03],
          [ 5.2741e-03,  2.7522e-02, -9.2058e-03],
          [-1.6385e-02,  8.7769e-03,  1.2932e-02]],

         [[-1.7490e-02,  1.0773e-02,  2.8849e-02],
          [-2.9435e-02, -1.2515e-02,  1.2412e-02],
          [-1.9994e-03, -1.0743e-02,  2.8623e-02]],

         [[ 9.6243e-03, -2.4915e-02, -2.2161e-02],
          [-1.2356e-02, -2.5726e-02, -7.8886e-03],
          [-2.2313e-04,  2.2967e-02,  7.2469e-03]]],


        [[[ 2.1349e-03,  8.0904e-03, -9.3587e-03],
          [-2.4755e-02, -9.5969e-03, -2.5388e-02],
          [ 1.7431e-02, -3.0580e-03,  2.4885e-03]],

         [[-9.4586e-03,  5.9480e-03,  2.8185e-02],
          [ 1.6422e-02,  2.8394e-02,  1.5165e-02],
          [-4.9282e-03, -2.3420e-02, -2.2756e-02]],

         [[-1.5173e-02,  1.4749e-02, -2.2130e-02],
          [-2.0077e-03,  3.3649e-03, -1.5950e-02],
          [-2.0806e-03, -1.1650e-02,  2.3955e-03]],

         ...,

         [[ 2.2183e-03, -2.6060e-02,  1.5532e-02],
          [-1.8660e-02, -2.7507e-03, -5.5268e-03],
          [ 1.8995e-02,  8.6504e-04, -6.9198e-03]],

         [[-2.2640e-03,  9.3743e-03, -7.2023e-03],
          [-2.7056e-02, -2.2045e-03, -1.2657e-03],
          [-2.9032e-02, -1.3467e-02,  1.0346e-02]],

         [[ 2.0167e-05, -7.9023e-03, -2.1519e-02],
          [-3.5946e-03,  1.5155e-02,  1.4557e-02],
          [-1.8104e-02,  2.2868e-02, -2.7669e-03]]],


        ...,


        [[[ 2.2128e-02,  4.5216e-03, -1.0467e-02],
          [ 1.9459e-02, -2.1567e-02,  2.8036e-02],
          [-2.8593e-02,  1.9047e-02,  1.3787e-02]],

         [[ 5.9453e-03, -2.3239e-02, -1.7618e-02],
          [-2.7973e-02, -1.6751e-02,  3.6967e-03],
          [-2.3908e-02,  2.7203e-02,  1.8694e-03]],

         [[-2.5089e-02,  9.2286e-03,  6.3579e-03],
          [-2.2535e-02,  1.0130e-02, -2.3156e-02],
          [-1.1475e-02,  3.6419e-03,  2.7125e-03]],

         ...,

         [[-1.1925e-02,  9.7618e-03,  1.3590e-02],
          [ 8.7902e-03,  2.1554e-02,  9.1755e-03],
          [ 1.1281e-02, -2.5492e-02, -1.3284e-03]],

         [[ 8.7196e-03, -5.4228e-03, -8.2479e-03],
          [-2.1464e-02,  9.7565e-03, -2.2592e-02],
          [-2.1422e-02, -1.3447e-02,  1.4656e-02]],

         [[ 2.8491e-02, -7.9670e-03, -2.5247e-03],
          [-1.1419e-02,  9.5987e-03, -2.8474e-02],
          [-1.1112e-02,  1.0290e-02, -2.5380e-02]]],


        [[[-1.5548e-02, -1.4649e-02, -3.1414e-03],
          [-1.1325e-02, -2.3936e-02,  2.7052e-03],
          [-1.9766e-02, -2.8523e-03,  9.5773e-03]],

         [[-2.0343e-02,  7.8427e-04, -1.5768e-02],
          [-2.8049e-03, -1.1037e-02,  1.9873e-02],
          [-6.2075e-03,  3.4417e-03,  8.6937e-03]],

         [[-2.0736e-02, -1.2599e-02,  1.3307e-03],
          [ 2.0149e-02, -2.4211e-02,  1.3620e-02],
          [ 1.4082e-02, -1.4762e-02, -1.7499e-02]],

         ...,

         [[ 2.9071e-02,  2.1586e-02,  6.2370e-03],
          [-1.2078e-02,  6.6672e-03,  2.0162e-02],
          [-1.6221e-02,  2.6335e-02,  2.1466e-03]],

         [[ 9.0768e-03,  2.5142e-02, -1.4422e-02],
          [-2.7947e-02,  5.3035e-03, -2.1686e-02],
          [ 3.2023e-03,  2.7711e-02, -1.2840e-04]],

         [[ 1.2766e-02,  1.2618e-03, -1.6813e-02],
          [ 4.0612e-03,  5.4064e-03, -9.0443e-03],
          [ 2.8672e-02, -2.3646e-02, -1.2486e-02]]],


        [[[-1.6719e-02, -2.3047e-02,  1.3447e-02],
          [ 8.5760e-03,  4.9749e-03, -1.9039e-02],
          [-8.6172e-03, -2.9345e-02, -1.0285e-02]],

         [[-1.6698e-02,  1.0449e-02, -8.4597e-03],
          [-2.7561e-02, -2.6070e-02, -2.8381e-02],
          [-3.0878e-03, -2.2527e-02,  1.8850e-02]],

         [[ 1.5875e-02, -1.2696e-02,  5.0086e-03],
          [-8.8563e-03, -9.0328e-04, -1.5142e-02],
          [ 1.8831e-02,  3.9832e-03, -2.2059e-02]],

         ...,

         [[ 2.1130e-02,  1.7774e-02, -1.0013e-02],
          [-2.2441e-03,  2.1228e-02,  2.3227e-02],
          [ 2.0706e-02,  2.8914e-02,  1.6726e-02]],

         [[-2.0837e-02,  2.3497e-02, -6.1950e-03],
          [ 2.6220e-02, -2.2947e-02,  6.3256e-03],
          [-4.9257e-04,  3.9893e-03,  2.7965e-02]],

         [[ 4.1556e-03, -1.1464e-02, -7.4655e-03],
          [-9.7337e-03, -7.7017e-03,  2.6788e-02],
          [ 1.0507e-02, -1.1018e-02, -2.3265e-02]]]], device='cuda:0',
       requires_grad=True)
parameters of the network conv3.bias 
 torch.Size([64]) 
 True 
 tensor([ 0.0029,  0.0040, -0.0094, -0.0236, -0.0257, -0.0287,  0.0022,  0.0138,
         0.0052, -0.0155, -0.0215,  0.0228,  0.0130,  0.0156, -0.0197, -0.0212,
        -0.0227, -0.0233,  0.0187,  0.0032, -0.0110,  0.0126, -0.0181,  0.0160,
        -0.0169,  0.0264,  0.0237, -0.0257,  0.0288, -0.0182,  0.0143,  0.0191,
         0.0119, -0.0044,  0.0192, -0.0153,  0.0008,  0.0163, -0.0245,  0.0236,
        -0.0123, -0.0027, -0.0202, -0.0129, -0.0031, -0.0114, -0.0098, -0.0066,
        -0.0213, -0.0180,  0.0285, -0.0251,  0.0126,  0.0043,  0.0107, -0.0188,
        -0.0281, -0.0064, -0.0103, -0.0078,  0.0032,  0.0294,  0.0061, -0.0003],
       device='cuda:0') 
 Parameter containing:
tensor([ 0.0029,  0.0040, -0.0094, -0.0236, -0.0257, -0.0287,  0.0022,  0.0138,
         0.0052, -0.0155, -0.0215,  0.0228,  0.0130,  0.0156, -0.0197, -0.0212,
        -0.0227, -0.0233,  0.0187,  0.0032, -0.0110,  0.0126, -0.0181,  0.0160,
        -0.0169,  0.0264,  0.0237, -0.0257,  0.0288, -0.0182,  0.0143,  0.0191,
         0.0119, -0.0044,  0.0192, -0.0153,  0.0008,  0.0163, -0.0245,  0.0236,
        -0.0123, -0.0027, -0.0202, -0.0129, -0.0031, -0.0114, -0.0098, -0.0066,
        -0.0213, -0.0180,  0.0285, -0.0251,  0.0126,  0.0043,  0.0107, -0.0188,
        -0.0281, -0.0064, -0.0103, -0.0078,  0.0032,  0.0294,  0.0061, -0.0003],
       device='cuda:0', requires_grad=True)
parameters of the network fc1.weight 
 torch.Size([256, 667776]) 
 True 
 tensor([[-4.2870e-04, -8.2146e-04, -1.1732e-03,  ...,  8.7608e-04,
         -3.3181e-04,  2.7393e-04],
        [ 4.6526e-04,  6.0628e-04,  1.1119e-03,  ...,  6.7398e-04,
          3.8197e-04,  9.3966e-04],
        [-5.4291e-04, -2.6093e-04, -3.5342e-04,  ...,  1.1762e-03,
         -1.4672e-04,  2.0353e-04],
        ...,
        [-1.0487e-04,  5.1610e-04, -1.0342e-03,  ...,  1.0420e-03,
          1.0103e-03,  7.3516e-04],
        [ 7.9841e-04, -1.2759e-04,  2.6508e-04,  ..., -6.3883e-04,
          4.9971e-04, -7.3306e-05],
        [ 5.5542e-04, -1.0770e-03,  1.0312e-03,  ...,  8.6237e-04,
         -4.9568e-04,  5.3068e-04]], device='cuda:0') 
 Parameter containing:
tensor([[-4.2870e-04, -8.2146e-04, -1.1732e-03,  ...,  8.7608e-04,
         -3.3181e-04,  2.7393e-04],
        [ 4.6526e-04,  6.0628e-04,  1.1119e-03,  ...,  6.7398e-04,
          3.8197e-04,  9.3966e-04],
        [-5.4291e-04, -2.6093e-04, -3.5342e-04,  ...,  1.1762e-03,
         -1.4672e-04,  2.0353e-04],
        ...,
        [-1.0487e-04,  5.1610e-04, -1.0342e-03,  ...,  1.0420e-03,
          1.0103e-03,  7.3516e-04],
        [ 7.9841e-04, -1.2759e-04,  2.6508e-04,  ..., -6.3883e-04,
          4.9971e-04, -7.3306e-05],
        [ 5.5542e-04, -1.0770e-03,  1.0312e-03,  ...,  8.6237e-04,
         -4.9568e-04,  5.3068e-04]], device='cuda:0', requires_grad=True)
parameters of the network fc1.bias 
 torch.Size([256]) 
 True 
 tensor([ 1.4878e-04, -2.5163e-04, -7.0725e-04,  1.1161e-03,  7.7290e-04,
        -9.5705e-04,  1.1349e-03, -7.0128e-04, -1.2122e-03,  1.1753e-04,
         3.1551e-04,  7.2445e-04, -7.2663e-04, -6.8539e-04, -7.5721e-05,
        -7.1414e-04,  1.0399e-03,  4.9696e-04, -5.7801e-04,  1.1109e-03,
        -5.8563e-04,  6.2011e-04,  1.0390e-03, -1.0991e-03, -6.9082e-04,
         7.3114e-04,  6.8162e-04,  4.4423e-04,  1.0610e-03,  5.3404e-05,
        -1.1701e-03,  6.2608e-04,  1.1883e-03,  4.2789e-04,  2.5098e-04,
        -4.2773e-04,  5.8828e-04, -5.6928e-04, -1.1448e-03, -9.7997e-05,
        -1.3588e-04,  1.0843e-03,  1.1679e-03,  1.1114e-03,  1.1413e-03,
        -4.4185e-04,  1.1265e-03, -7.6912e-04, -2.4517e-04, -7.2812e-04,
        -2.8841e-05, -1.2156e-03, -1.0099e-03, -7.1004e-04, -3.9357e-05,
         5.4073e-04,  5.1547e-04,  1.0187e-03,  4.1560e-04, -4.7841e-04,
         7.0246e-04, -1.0070e-03,  3.3758e-05,  3.6033e-04, -3.0194e-04,
         1.1830e-03, -5.2433e-04, -5.8682e-04, -1.2048e-03,  1.1950e-03,
         8.8063e-04,  3.2896e-04,  7.1846e-04,  1.0790e-03,  1.1273e-03,
         8.2254e-05, -9.0661e-04,  2.3060e-04, -6.1121e-04, -2.9666e-04,
         1.3214e-04, -7.6771e-04,  1.8463e-04,  4.4652e-04, -7.3450e-04,
        -5.2985e-04, -5.2041e-04, -1.1875e-03,  1.1117e-03,  1.4110e-04,
         7.9489e-04,  9.1494e-04,  6.7322e-04,  2.2839e-04, -8.0639e-04,
        -4.6640e-04, -7.7210e-04, -1.0332e-05,  1.2157e-03, -7.3202e-04,
        -6.2168e-04,  3.1500e-04, -4.2192e-04, -1.0137e-03, -1.0729e-03,
        -7.8243e-04,  2.8250e-04,  2.7445e-04, -2.6212e-04,  6.5860e-04,
        -1.1305e-03,  6.7396e-04,  9.8584e-04, -1.0580e-03, -1.0490e-03,
        -2.2194e-04, -6.6717e-04,  8.2096e-04, -2.1169e-04,  2.0974e-04,
         8.7521e-04, -1.4236e-04, -5.2882e-04,  1.1846e-03, -5.2248e-04,
        -3.5133e-04,  1.1087e-03, -1.2210e-03, -7.5870e-04, -1.0016e-03,
         5.5593e-04, -6.6605e-04,  8.7831e-04,  1.0836e-03, -4.6427e-04,
        -4.2864e-04,  7.2360e-04,  7.8120e-05, -1.0392e-03,  9.9655e-04,
         8.3754e-04, -1.0252e-03,  6.1030e-04, -1.1010e-03, -4.3677e-04,
        -5.4907e-04, -9.5081e-04,  9.7586e-04, -1.0463e-03,  9.7781e-04,
        -9.0426e-04,  1.2130e-03,  7.4581e-04, -9.6683e-04,  9.0144e-04,
        -1.3243e-04,  1.1292e-03,  6.0788e-04, -8.8136e-04,  9.3840e-04,
         1.1713e-03,  4.5229e-04, -9.1225e-04, -1.0978e-03, -7.3677e-04,
         7.2910e-04,  7.8313e-05,  5.2626e-04, -8.1038e-04, -3.7447e-04,
        -2.8545e-04,  8.4724e-04, -8.4840e-05,  6.5335e-04,  9.6543e-04,
         2.3255e-04,  8.9935e-04, -7.6626e-04, -4.2402e-04,  2.5385e-05,
         7.1289e-04,  6.2869e-04, -4.3097e-05,  3.7335e-04, -7.7716e-04,
         1.1633e-03,  4.0197e-04, -2.3824e-05,  4.8507e-04,  4.5946e-04,
        -1.1668e-03, -4.4759e-05, -3.3437e-04, -4.8801e-04,  1.1264e-03,
        -2.9528e-04, -5.3903e-04, -1.5709e-04, -5.6248e-04,  5.2612e-04,
        -1.2098e-03, -5.6515e-04, -8.4015e-04, -2.2562e-04,  3.3637e-04,
         8.2545e-04, -3.5809e-04, -9.2922e-05, -8.5264e-04, -5.5751e-04,
         9.1901e-04,  3.7178e-04, -1.0151e-03,  9.6411e-04, -1.0665e-04,
         2.1747e-04,  9.7270e-04, -1.1035e-03, -4.6626e-04, -3.8987e-04,
        -8.3968e-04,  6.9340e-05, -3.1299e-04, -6.8985e-04, -7.6834e-04,
         1.9993e-04,  2.5546e-04,  7.2149e-04, -1.0124e-03,  8.8267e-04,
        -5.0450e-04, -8.3665e-04,  4.6782e-04, -2.8557e-04, -7.9399e-04,
        -2.0915e-04,  1.0896e-03, -8.2275e-04,  8.8301e-04, -1.1125e-04,
        -4.1439e-04,  5.7435e-04,  8.5594e-04,  6.1540e-04,  1.1736e-03,
        -9.5289e-04, -1.1392e-04, -1.1743e-03, -1.0782e-03, -4.0443e-04,
        -8.2527e-04,  1.2096e-03,  1.5282e-04,  3.0870e-04, -3.9046e-04,
        -1.6589e-04], device='cuda:0') 
 Parameter containing:
tensor([ 1.4878e-04, -2.5163e-04, -7.0725e-04,  1.1161e-03,  7.7290e-04,
        -9.5705e-04,  1.1349e-03, -7.0128e-04, -1.2122e-03,  1.1753e-04,
         3.1551e-04,  7.2445e-04, -7.2663e-04, -6.8539e-04, -7.5721e-05,
        -7.1414e-04,  1.0399e-03,  4.9696e-04, -5.7801e-04,  1.1109e-03,
        -5.8563e-04,  6.2011e-04,  1.0390e-03, -1.0991e-03, -6.9082e-04,
         7.3114e-04,  6.8162e-04,  4.4423e-04,  1.0610e-03,  5.3404e-05,
        -1.1701e-03,  6.2608e-04,  1.1883e-03,  4.2789e-04,  2.5098e-04,
        -4.2773e-04,  5.8828e-04, -5.6928e-04, -1.1448e-03, -9.7997e-05,
        -1.3588e-04,  1.0843e-03,  1.1679e-03,  1.1114e-03,  1.1413e-03,
        -4.4185e-04,  1.1265e-03, -7.6912e-04, -2.4517e-04, -7.2812e-04,
        -2.8841e-05, -1.2156e-03, -1.0099e-03, -7.1004e-04, -3.9357e-05,
         5.4073e-04,  5.1547e-04,  1.0187e-03,  4.1560e-04, -4.7841e-04,
         7.0246e-04, -1.0070e-03,  3.3758e-05,  3.6033e-04, -3.0194e-04,
         1.1830e-03, -5.2433e-04, -5.8682e-04, -1.2048e-03,  1.1950e-03,
         8.8063e-04,  3.2896e-04,  7.1846e-04,  1.0790e-03,  1.1273e-03,
         8.2254e-05, -9.0661e-04,  2.3060e-04, -6.1121e-04, -2.9666e-04,
         1.3214e-04, -7.6771e-04,  1.8463e-04,  4.4652e-04, -7.3450e-04,
        -5.2985e-04, -5.2041e-04, -1.1875e-03,  1.1117e-03,  1.4110e-04,
         7.9489e-04,  9.1494e-04,  6.7322e-04,  2.2839e-04, -8.0639e-04,
        -4.6640e-04, -7.7210e-04, -1.0332e-05,  1.2157e-03, -7.3202e-04,
        -6.2168e-04,  3.1500e-04, -4.2192e-04, -1.0137e-03, -1.0729e-03,
        -7.8243e-04,  2.8250e-04,  2.7445e-04, -2.6212e-04,  6.5860e-04,
        -1.1305e-03,  6.7396e-04,  9.8584e-04, -1.0580e-03, -1.0490e-03,
        -2.2194e-04, -6.6717e-04,  8.2096e-04, -2.1169e-04,  2.0974e-04,
         8.7521e-04, -1.4236e-04, -5.2882e-04,  1.1846e-03, -5.2248e-04,
        -3.5133e-04,  1.1087e-03, -1.2210e-03, -7.5870e-04, -1.0016e-03,
         5.5593e-04, -6.6605e-04,  8.7831e-04,  1.0836e-03, -4.6427e-04,
        -4.2864e-04,  7.2360e-04,  7.8120e-05, -1.0392e-03,  9.9655e-04,
         8.3754e-04, -1.0252e-03,  6.1030e-04, -1.1010e-03, -4.3677e-04,
        -5.4907e-04, -9.5081e-04,  9.7586e-04, -1.0463e-03,  9.7781e-04,
        -9.0426e-04,  1.2130e-03,  7.4581e-04, -9.6683e-04,  9.0144e-04,
        -1.3243e-04,  1.1292e-03,  6.0788e-04, -8.8136e-04,  9.3840e-04,
         1.1713e-03,  4.5229e-04, -9.1225e-04, -1.0978e-03, -7.3677e-04,
         7.2910e-04,  7.8313e-05,  5.2626e-04, -8.1038e-04, -3.7447e-04,
        -2.8545e-04,  8.4724e-04, -8.4840e-05,  6.5335e-04,  9.6543e-04,
         2.3255e-04,  8.9935e-04, -7.6626e-04, -4.2402e-04,  2.5385e-05,
         7.1289e-04,  6.2869e-04, -4.3097e-05,  3.7335e-04, -7.7716e-04,
         1.1633e-03,  4.0197e-04, -2.3824e-05,  4.8507e-04,  4.5946e-04,
        -1.1668e-03, -4.4759e-05, -3.3437e-04, -4.8801e-04,  1.1264e-03,
        -2.9528e-04, -5.3903e-04, -1.5709e-04, -5.6248e-04,  5.2612e-04,
        -1.2098e-03, -5.6515e-04, -8.4015e-04, -2.2562e-04,  3.3637e-04,
         8.2545e-04, -3.5809e-04, -9.2922e-05, -8.5264e-04, -5.5751e-04,
         9.1901e-04,  3.7178e-04, -1.0151e-03,  9.6411e-04, -1.0665e-04,
         2.1747e-04,  9.7270e-04, -1.1035e-03, -4.6626e-04, -3.8987e-04,
        -8.3968e-04,  6.9340e-05, -3.1299e-04, -6.8985e-04, -7.6834e-04,
         1.9993e-04,  2.5546e-04,  7.2149e-04, -1.0124e-03,  8.8267e-04,
        -5.0450e-04, -8.3665e-04,  4.6782e-04, -2.8557e-04, -7.9399e-04,
        -2.0915e-04,  1.0896e-03, -8.2275e-04,  8.8301e-04, -1.1125e-04,
        -4.1439e-04,  5.7435e-04,  8.5594e-04,  6.1540e-04,  1.1736e-03,
        -9.5289e-04, -1.1392e-04, -1.1743e-03, -1.0782e-03, -4.0443e-04,
        -8.2527e-04,  1.2096e-03,  1.5282e-04,  3.0870e-04, -3.9046e-04,
        -1.6589e-04], device='cuda:0', requires_grad=True)
parameters of the network fc2.weight 
 torch.Size([128, 256]) 
 True 
 tensor([[ 0.0590,  0.0432,  0.0321,  ..., -0.0605,  0.0243,  0.0032],
        [ 0.0355,  0.0191, -0.0179,  ..., -0.0304, -0.0223, -0.0123],
        [-0.0128, -0.0188,  0.0187,  ...,  0.0559,  0.0340,  0.0100],
        ...,
        [-0.0324,  0.0546,  0.0491,  ...,  0.0495, -0.0563,  0.0003],
        [-0.0432,  0.0442,  0.0019,  ...,  0.0194,  0.0027,  0.0541],
        [-0.0482, -0.0374, -0.0234,  ..., -0.0098,  0.0189,  0.0539]],
       device='cuda:0') 
 Parameter containing:
tensor([[ 0.0590,  0.0432,  0.0321,  ..., -0.0605,  0.0243,  0.0032],
        [ 0.0355,  0.0191, -0.0179,  ..., -0.0304, -0.0223, -0.0123],
        [-0.0128, -0.0188,  0.0187,  ...,  0.0559,  0.0340,  0.0100],
        ...,
        [-0.0324,  0.0546,  0.0491,  ...,  0.0495, -0.0563,  0.0003],
        [-0.0432,  0.0442,  0.0019,  ...,  0.0194,  0.0027,  0.0541],
        [-0.0482, -0.0374, -0.0234,  ..., -0.0098,  0.0189,  0.0539]],
       device='cuda:0', requires_grad=True)
parameters of the network fc2.bias 
 torch.Size([128]) 
 True 
 tensor([-0.0334, -0.0419, -0.0480, -0.0027, -0.0127,  0.0495,  0.0054,  0.0179,
        -0.0198,  0.0059, -0.0080,  0.0420, -0.0307,  0.0620,  0.0386,  0.0076,
         0.0416,  0.0472, -0.0455, -0.0156,  0.0284, -0.0458,  0.0543,  0.0080,
         0.0194, -0.0558, -0.0215,  0.0509,  0.0254,  0.0354, -0.0487,  0.0008,
        -0.0495, -0.0096, -0.0350, -0.0324, -0.0151, -0.0540, -0.0321, -0.0018,
        -0.0599,  0.0037,  0.0470, -0.0497, -0.0440, -0.0538, -0.0584,  0.0584,
         0.0527, -0.0285,  0.0254,  0.0549,  0.0227, -0.0583, -0.0181, -0.0079,
        -0.0249,  0.0504,  0.0307, -0.0480,  0.0114, -0.0228, -0.0111, -0.0492,
         0.0205,  0.0281,  0.0284,  0.0063,  0.0336,  0.0090, -0.0177, -0.0151,
         0.0422, -0.0177,  0.0221, -0.0318,  0.0115, -0.0198,  0.0377,  0.0479,
        -0.0335, -0.0094, -0.0571,  0.0230,  0.0490, -0.0018,  0.0099,  0.0282,
        -0.0490,  0.0153, -0.0371,  0.0582,  0.0392, -0.0434, -0.0194, -0.0444,
         0.0290,  0.0273, -0.0489, -0.0611, -0.0519, -0.0491,  0.0235, -0.0505,
         0.0390, -0.0300,  0.0333,  0.0012,  0.0385, -0.0177,  0.0199, -0.0155,
         0.0057, -0.0156, -0.0252,  0.0452,  0.0306, -0.0252, -0.0028, -0.0600,
        -0.0405, -0.0143,  0.0151, -0.0529,  0.0164,  0.0428, -0.0331, -0.0523],
       device='cuda:0') 
 Parameter containing:
tensor([-0.0334, -0.0419, -0.0480, -0.0027, -0.0127,  0.0495,  0.0054,  0.0179,
        -0.0198,  0.0059, -0.0080,  0.0420, -0.0307,  0.0620,  0.0386,  0.0076,
         0.0416,  0.0472, -0.0455, -0.0156,  0.0284, -0.0458,  0.0543,  0.0080,
         0.0194, -0.0558, -0.0215,  0.0509,  0.0254,  0.0354, -0.0487,  0.0008,
        -0.0495, -0.0096, -0.0350, -0.0324, -0.0151, -0.0540, -0.0321, -0.0018,
        -0.0599,  0.0037,  0.0470, -0.0497, -0.0440, -0.0538, -0.0584,  0.0584,
         0.0527, -0.0285,  0.0254,  0.0549,  0.0227, -0.0583, -0.0181, -0.0079,
        -0.0249,  0.0504,  0.0307, -0.0480,  0.0114, -0.0228, -0.0111, -0.0492,
         0.0205,  0.0281,  0.0284,  0.0063,  0.0336,  0.0090, -0.0177, -0.0151,
         0.0422, -0.0177,  0.0221, -0.0318,  0.0115, -0.0198,  0.0377,  0.0479,
        -0.0335, -0.0094, -0.0571,  0.0230,  0.0490, -0.0018,  0.0099,  0.0282,
        -0.0490,  0.0153, -0.0371,  0.0582,  0.0392, -0.0434, -0.0194, -0.0444,
         0.0290,  0.0273, -0.0489, -0.0611, -0.0519, -0.0491,  0.0235, -0.0505,
         0.0390, -0.0300,  0.0333,  0.0012,  0.0385, -0.0177,  0.0199, -0.0155,
         0.0057, -0.0156, -0.0252,  0.0452,  0.0306, -0.0252, -0.0028, -0.0600,
        -0.0405, -0.0143,  0.0151, -0.0529,  0.0164,  0.0428, -0.0331, -0.0523],
       device='cuda:0', requires_grad=True)
parameters of the network fc3.weight 
 torch.Size([64, 128]) 
 True 
 tensor([[-0.0751, -0.0487,  0.0243,  ...,  0.0308,  0.0753,  0.0856],
        [-0.0059,  0.0035, -0.0069,  ..., -0.0401,  0.0612,  0.0354],
        [-0.0784, -0.0708,  0.0003,  ..., -0.0313, -0.0478, -0.0142],
        ...,
        [-0.0365,  0.0214,  0.0399,  ..., -0.0511, -0.0852,  0.0600],
        [ 0.0352,  0.0443,  0.0677,  ...,  0.0761,  0.0250,  0.0379],
        [ 0.0706,  0.0425, -0.0052,  ..., -0.0684, -0.0269, -0.0416]],
       device='cuda:0') 
 Parameter containing:
tensor([[-0.0751, -0.0487,  0.0243,  ...,  0.0308,  0.0753,  0.0856],
        [-0.0059,  0.0035, -0.0069,  ..., -0.0401,  0.0612,  0.0354],
        [-0.0784, -0.0708,  0.0003,  ..., -0.0313, -0.0478, -0.0142],
        ...,
        [-0.0365,  0.0214,  0.0399,  ..., -0.0511, -0.0852,  0.0600],
        [ 0.0352,  0.0443,  0.0677,  ...,  0.0761,  0.0250,  0.0379],
        [ 0.0706,  0.0425, -0.0052,  ..., -0.0684, -0.0269, -0.0416]],
       device='cuda:0', requires_grad=True)
parameters of the network fc3.bias 
 torch.Size([64]) 
 True 
 tensor([ 0.0622, -0.0314,  0.0772,  0.0866,  0.0239,  0.0697,  0.0486, -0.0320,
         0.0341,  0.0326,  0.0708, -0.0158, -0.0796,  0.0563, -0.0172, -0.0529,
         0.0010,  0.0410,  0.0800,  0.0619,  0.0248, -0.0355, -0.0357, -0.0695,
        -0.0556,  0.0497, -0.0815, -0.0400,  0.0488,  0.0182, -0.0047, -0.0695,
        -0.0110,  0.0032,  0.0293, -0.0847,  0.0198, -0.0619,  0.0415, -0.0710,
        -0.0813, -0.0006,  0.0537,  0.0241, -0.0582, -0.0596, -0.0325,  0.0666,
         0.0555, -0.0193, -0.0818, -0.0253,  0.0440, -0.0187, -0.0589,  0.0136,
        -0.0011, -0.0863, -0.0107, -0.0145, -0.0209, -0.0068, -0.0615,  0.0638],
       device='cuda:0') 
 Parameter containing:
tensor([ 0.0622, -0.0314,  0.0772,  0.0866,  0.0239,  0.0697,  0.0486, -0.0320,
         0.0341,  0.0326,  0.0708, -0.0158, -0.0796,  0.0563, -0.0172, -0.0529,
         0.0010,  0.0410,  0.0800,  0.0619,  0.0248, -0.0355, -0.0357, -0.0695,
        -0.0556,  0.0497, -0.0815, -0.0400,  0.0488,  0.0182, -0.0047, -0.0695,
        -0.0110,  0.0032,  0.0293, -0.0847,  0.0198, -0.0619,  0.0415, -0.0710,
        -0.0813, -0.0006,  0.0537,  0.0241, -0.0582, -0.0596, -0.0325,  0.0666,
         0.0555, -0.0193, -0.0818, -0.0253,  0.0440, -0.0187, -0.0589,  0.0136,
        -0.0011, -0.0863, -0.0107, -0.0145, -0.0209, -0.0068, -0.0615,  0.0638],
       device='cuda:0', requires_grad=True)
parameters of the network fc4.weight 
 torch.Size([6796, 64]) 
 True 
 tensor([[ 0.0198,  0.0370, -0.1168,  ...,  0.1028, -0.1058, -0.0768],
        [ 0.0142,  0.0877, -0.1223,  ...,  0.0872, -0.0841, -0.1035],
        [-0.0730, -0.1233,  0.0313,  ..., -0.0020,  0.1216, -0.1125],
        ...,
        [-0.0639, -0.0164,  0.0799,  ..., -0.0422, -0.0191, -0.0933],
        [-0.0931,  0.0875, -0.1235,  ..., -0.0773, -0.1041,  0.0291],
        [-0.0481, -0.0174, -0.0879,  ..., -0.0498,  0.1191, -0.0770]],
       device='cuda:0') 
 Parameter containing:
tensor([[ 0.0198,  0.0370, -0.1168,  ...,  0.1028, -0.1058, -0.0768],
        [ 0.0142,  0.0877, -0.1223,  ...,  0.0872, -0.0841, -0.1035],
        [-0.0730, -0.1233,  0.0313,  ..., -0.0020,  0.1216, -0.1125],
        ...,
        [-0.0639, -0.0164,  0.0799,  ..., -0.0422, -0.0191, -0.0933],
        [-0.0931,  0.0875, -0.1235,  ..., -0.0773, -0.1041,  0.0291],
        [-0.0481, -0.0174, -0.0879,  ..., -0.0498,  0.1191, -0.0770]],
       device='cuda:0', requires_grad=True)
parameters of the network fc4.bias 
 torch.Size([6796]) 
 True 
 tensor([ 0.0499,  0.0511, -0.1061,  ...,  0.0673,  0.0497,  0.0881],
       device='cuda:0') 
 Parameter containing:
tensor([ 0.0499,  0.0511, -0.1061,  ...,  0.0673,  0.0497,  0.0881],
       device='cuda:0', requires_grad=True)

Passing event 1007 from the network before training input tensor([[0., 0., 0.,  ..., 0., 0., 0.],
        [0., 0., 0.,  ..., 0., 0., 0.],
        [0., 0., 0.,  ..., 0., 0., 0.],
        ...,
        [0., 0., 0.,  ..., 0., 0., 0.],
        [0., 0., 0.,  ..., 0., 0., 0.],
        [0., 0., 0.,  ..., 0., 0., 0.]]) 
result1: tensor([[0.4951, 0.5049, 0.4674,  ..., 0.5166, 0.5121, 0.5225],
        [0.4951, 0.5049, 0.4674,  ..., 0.5166, 0.5122, 0.5225],
        [0.4951, 0.5049, 0.4675,  ..., 0.5166, 0.5121, 0.5225],
        ...,
        [0.4951, 0.5049, 0.4673,  ..., 0.5166, 0.5121, 0.5224],
        [0.4952, 0.5050, 0.4674,  ..., 0.5165, 0.5122, 0.5224],
        [0.4951, 0.5049, 0.4674,  ..., 0.5167, 0.5122, 0.5225]],
       device='cuda:0', grad_fn=<SigmoidBackward0>) 
result1.shape: torch.Size([20, 6796])

Passing two random events from the network before training 
result1: tensor([[0.4951, 0.5049, 0.4674,  ..., 0.5166, 0.5121, 0.5225],
        [0.4951, 0.5049, 0.4674,  ..., 0.5166, 0.5122, 0.5225],
        [0.4951, 0.5049, 0.4675,  ..., 0.5166, 0.5121, 0.5225],
        ...,
        [0.4951, 0.5049, 0.4673,  ..., 0.5166, 0.5121, 0.5224],
        [0.4952, 0.5050, 0.4674,  ..., 0.5165, 0.5122, 0.5224],
        [0.4951, 0.5049, 0.4674,  ..., 0.5167, 0.5122, 0.5225]],
       device='cuda:0', grad_fn=<SigmoidBackward0>) 
result1.shape: torch.Size([20, 6796]) 
input: [[0. 0. 0. ... 0. 0. 0.]
 [0. 0. 0. ... 0. 0. 0.]
 [0. 0. 0. ... 0. 0. 0.]
 ...
 [0. 0. 0. ... 0. 0. 0.]
 [0. 0. 0. ... 0. 0. 0.]
 [0. 0. 0. ... 0. 0. 0.]]
=> loading checkpoint from /hpcfs/bes/mlgpu/hoseinkk/MLTracking/otherparticles/pppipi/pyt_pppipi_cnn_1/checkpoint_dir/1999840284saved_checkpoint.tar



load_model True 
TraEvN 19998 
BatchSize 30.0 
EpochNum 40 
LrVal 0.0001 
weight_decay 5e-05 
startmesh 284 
endmesh 285 




Passing event 10007 from the network before training input tensor([[0., 0., 0.,  ..., 0., 0., 0.],
        [0., 0., 0.,  ..., 0., 0., 0.],
        [0., 0., 0.,  ..., 0., 0., 0.],
        ...,
        [0., 0., 0.,  ..., 0., 0., 0.],
        [0., 0., 0.,  ..., 0., 0., 0.],
        [0., 0., 0.,  ..., 0., 0., 0.]]) 
result1: tensor([9.9937e-01, 1.0000e+00, 1.0000e+00,  ..., 6.0482e-33, 8.2983e-38,
        5.9066e-13], grad_fn=<SelectBackward0>) 
result1.shape: torch.Size([6796])

Passing event 10007 from the network after training input tensor([[0., 0., 0.,  ..., 0., 0., 0.],
        [0., 0., 0.,  ..., 0., 0., 0.],
        [0., 0., 0.,  ..., 0., 0., 0.],
        ...,
        [0., 0., 0.,  ..., 0., 0., 0.],
        [0., 0., 0.,  ..., 0., 0., 0.],
        [0., 0., 0.,  ..., 0., 0., 0.]]) 
result1: tensor([0.5166, 0.4935, 0.5126,  ..., 0.4688, 0.4816, 0.5087],
       grad_fn=<SelectBackward0>) 
result1.shape: torch.Size([6796])

real	0m54.522s
user	1m10.771s
sys	0m4.954s
