0: gpu021.ihep.ac.cn
GPU 0: Tesla V100-SXM2-32GB (UUID: GPU-d070abdc-2a34-a2f1-fcf5-3bd4a3b59895)
Allocate GPU cards : 0

modinfo:
filename:       /lib/modules/3.10.0-1160.71.1.el7.x86_64/extra/nvidia.ko.xz
firmware:       nvidia/515.65.01/gsp.bin
alias:          char-major-195-*
version:        515.65.01
supported:      external
license:        NVIDIA
retpoline:      Y
rhelversion:    7.9
srcversion:     8049D44E2C1B08F41E1B8A6
alias:          pci:v000010DEd*sv*sd*bc06sc80i00*
alias:          pci:v000010DEd*sv*sd*bc03sc02i00*
alias:          pci:v000010DEd*sv*sd*bc03sc00i00*
depends:        drm
vermagic:       3.10.0-1160.71.1.el7.x86_64 SMP mod_unload modversions 
signer:         DKMS module signing key
sig_key:        C2:44:16:3E:F4:B2:32:61:B4:43:86:F6:64:80:CC:44:95:DA:BA:12
sig_hashalgo:   sha512
parm:           NvSwitchRegDwords:NvSwitch regkey (charp)
parm:           NvSwitchBlacklist:NvSwitchBlacklist=uuid[,uuid...] (charp)
parm:           NVreg_ResmanDebugLevel:int
parm:           NVreg_RmLogonRC:int
parm:           NVreg_ModifyDeviceFiles:int
parm:           NVreg_DeviceFileUID:int
parm:           NVreg_DeviceFileGID:int
parm:           NVreg_DeviceFileMode:int
parm:           NVreg_InitializeSystemMemoryAllocations:int
parm:           NVreg_UsePageAttributeTable:int
parm:           NVreg_EnablePCIeGen3:int
parm:           NVreg_EnableMSI:int
parm:           NVreg_TCEBypassMode:int
parm:           NVreg_EnableStreamMemOPs:int
parm:           NVreg_RestrictProfilingToAdminUsers:int
parm:           NVreg_PreserveVideoMemoryAllocations:int
parm:           NVreg_EnableS0ixPowerManagement:int
parm:           NVreg_S0ixPowerManagementVideoMemoryThreshold:int
parm:           NVreg_DynamicPowerManagement:int
parm:           NVreg_DynamicPowerManagementVideoMemoryThreshold:int
parm:           NVreg_EnableGpuFirmware:int
parm:           NVreg_EnableGpuFirmwareLogs:int
parm:           NVreg_OpenRmEnableUnsupportedGpus:int
parm:           NVreg_EnableUserNUMAManagement:int
parm:           NVreg_MemoryPoolSize:int
parm:           NVreg_KMallocHeapMaxSize:int
parm:           NVreg_VMallocHeapMaxSize:int
parm:           NVreg_IgnoreMMIOCheck:int
parm:           NVreg_NvLinkDisable:int
parm:           NVreg_EnablePCIERelaxedOrderingMode:int
parm:           NVreg_RegisterPCIDriver:int
parm:           NVreg_EnableDbgBreakpoint:int
parm:           NVreg_RegistryDwords:charp
parm:           NVreg_RegistryDwordsPerDevice:charp
parm:           NVreg_RmMsg:charp
parm:           NVreg_GpuBlacklist:charp
parm:           NVreg_TemporaryFilePath:charp
parm:           NVreg_ExcludedGpus:charp
parm:           NVreg_DmaRemapPeerMmio:int
parm:           rm_firmware_active:charp

nvidia-smi:
Tue Aug 30 06:37:58 2022       
+-----------------------------------------------------------------------------+
| NVIDIA-SMI 515.65.01    Driver Version: 515.65.01    CUDA Version: 11.7     |
|-------------------------------+----------------------+----------------------+
| GPU  Name        Persistence-M| Bus-Id        Disp.A | Volatile Uncorr. ECC |
| Fan  Temp  Perf  Pwr:Usage/Cap|         Memory-Usage | GPU-Util  Compute M. |
|                               |                      |               MIG M. |
|===============================+======================+======================|
|   0  Tesla V100-SXM2...  On   | 00000000:1F:00.0 Off |                    0 |
| N/A   37C    P0    39W / 300W |      0MiB / 32768MiB |      0%      Default |
|                               |                      |                  N/A |
+-------------------------------+----------------------+----------------------+
                                                                               
+-----------------------------------------------------------------------------+
| Processes:                                                                  |
|  GPU   GI   CI        PID   Type   Process name                  GPU Memory |
|        ID   ID                                                   Usage      |
|=============================================================================|
|  No running processes found                                                 |
+-----------------------------------------------------------------------------+

nvcc --version:
nvcc: NVIDIA (R) Cuda compiler driver
Copyright (c) 2005-2021 NVIDIA Corporation
Built on Sun_Mar_21_19:15:46_PDT_2021
Cuda compilation tools, release 11.3, V11.3.58
Build cuda_11.3.r11.3/compiler.29745058_0

 torch version: 1.10.2

 cuda version: 11.3

 is cuda available: True

 CUDNN VERSION: 8200

 Number CUDA Devices: 1

 CUDA Device Name: Tesla V100-SXM2-32GB

 CUDA Device Total Memory [GB]: 34.089926656

 Device capability: (7, 0) 

 Cuda deviice: <torch.cuda.device object at 0x2b1ca9b928e0> 

 Is cuda initialized: True

 CUDA_HOME: /hpcfs/bes/mlgpu/hoseinkk/Miniconda3/envs/dgl1

real	0m4.607s
user	0m2.749s
sys	0m0.710s
/hpcfs/bes/mlgpu/hoseinkk/Miniconda3/envs/dgl1/lib/python3.9/site-packages/cupy/_environment.py:438: UserWarning: 
--------------------------------------------------------------------------------

  CuPy may not function correctly because multiple CuPy packages are installed
  in your environment:

    cupy, cupy-cuda110

  Follow these steps to resolve this issue:

    1. For all packages listed above, run the following command to remove all
       existing CuPy installations:

         $ pip uninstall <package_name>

      If you previously installed CuPy via conda, also run the following:

         $ conda uninstall cupy

    2. Install the appropriate CuPy package.
       Refer to the Installation Guide for detailed instructions.

         https://docs.cupy.dev/en/stable/install.html

--------------------------------------------------------------------------------

  warnings.warn(f'''
/hpcfs/bes/mlgpu/hoseinkk/Miniconda3/envs/dgl1/lib/python3.9/site-packages/torch/nn/functional.py:1806: UserWarning: nn.functional.sigmoid is deprecated. Use torch.sigmoid instead.
  warnings.warn("nn.functional.sigmoid is deprecated. Use torch.sigmoid instead.")





 Loading data ... 



training set shape (20000, 43, 288) 
sum 5279207

target set shape (20000, 6796) 
sum 4575851




 The Network ... 


Net(
  (conv1): Conv2d(1, 256, kernel_size=(3, 3), stride=(1, 1))
  (conv2): Conv2d(256, 128, kernel_size=(3, 3), stride=(1, 1))
  (conv3): Conv2d(128, 64, kernel_size=(3, 3), stride=(1, 1))
  (fc1): Linear(in_features=667776, out_features=256, bias=True)
  (fc2): Linear(in_features=256, out_features=128, bias=True)
  (fc3): Linear(in_features=128, out_features=64, bias=True)
  (fc4): Linear(in_features=64, out_features=6796, bias=True)
)

number of the free parameters: 171805196
parameters of the network conv1.weight 
 torch.Size([256, 1, 3, 3]) 
 True 
 tensor([[[[-1.4506e-01, -1.4370e-01,  2.4598e-01],
          [-3.0819e-01,  5.1506e-03, -1.9187e-01],
          [ 8.4670e-02,  1.4296e-01, -1.0446e-01]]],


        [[[-1.2403e-01, -2.7525e-01, -1.1519e-01],
          [ 3.1963e-02,  1.2852e-01, -8.2125e-02],
          [-3.0199e-01,  2.9586e-01,  1.6017e-01]]],


        [[[-3.8339e-02,  1.8176e-01, -3.0759e-01],
          [-3.2958e-01, -1.3513e-01, -3.2396e-01],
          [ 2.7045e-01,  5.7632e-02, -1.9652e-01]]],


        ...,


        [[[-1.1465e-02,  1.1448e-01, -2.1371e-02],
          [ 2.4992e-01,  1.6884e-02,  2.0584e-01],
          [ 2.1485e-01,  1.3209e-01, -1.3279e-01]]],


        [[[ 1.7765e-01, -1.8827e-01,  4.2869e-02],
          [-4.5626e-03, -2.4454e-01, -2.4130e-01],
          [ 2.7158e-01, -2.7369e-01, -3.1500e-01]]],


        [[[ 2.0977e-04, -8.6946e-03,  1.7439e-01],
          [ 1.2309e-01, -1.4350e-01,  2.1537e-01],
          [ 2.5818e-01, -1.7126e-02, -3.3536e-02]]]], device='cuda:0') 
 Parameter containing:
tensor([[[[-1.4506e-01, -1.4370e-01,  2.4598e-01],
          [-3.0819e-01,  5.1506e-03, -1.9187e-01],
          [ 8.4670e-02,  1.4296e-01, -1.0446e-01]]],


        [[[-1.2403e-01, -2.7525e-01, -1.1519e-01],
          [ 3.1963e-02,  1.2852e-01, -8.2125e-02],
          [-3.0199e-01,  2.9586e-01,  1.6017e-01]]],


        [[[-3.8339e-02,  1.8176e-01, -3.0759e-01],
          [-3.2958e-01, -1.3513e-01, -3.2396e-01],
          [ 2.7045e-01,  5.7632e-02, -1.9652e-01]]],


        ...,


        [[[-1.1465e-02,  1.1448e-01, -2.1371e-02],
          [ 2.4992e-01,  1.6884e-02,  2.0584e-01],
          [ 2.1485e-01,  1.3209e-01, -1.3279e-01]]],


        [[[ 1.7765e-01, -1.8827e-01,  4.2869e-02],
          [-4.5626e-03, -2.4454e-01, -2.4130e-01],
          [ 2.7158e-01, -2.7369e-01, -3.1500e-01]]],


        [[[ 2.0977e-04, -8.6946e-03,  1.7439e-01],
          [ 1.2309e-01, -1.4350e-01,  2.1537e-01],
          [ 2.5818e-01, -1.7126e-02, -3.3536e-02]]]], device='cuda:0',
       requires_grad=True)
parameters of the network conv1.bias 
 torch.Size([256]) 
 True 
 tensor([ 0.3088,  0.1912,  0.0532, -0.1567,  0.2440, -0.2587,  0.2632,  0.2511,
         0.2135, -0.2282, -0.2819, -0.2579, -0.1039, -0.1551, -0.0150,  0.2518,
        -0.1381,  0.0141,  0.1607,  0.2489, -0.2017,  0.2969,  0.0896,  0.2661,
        -0.0797,  0.0970, -0.2601,  0.0610, -0.2535,  0.0519,  0.1127,  0.2976,
         0.0902,  0.3064,  0.0378,  0.1506,  0.0406,  0.2625,  0.1731,  0.1491,
        -0.0658, -0.3015, -0.1255,  0.3145,  0.2952,  0.2651, -0.1614, -0.1663,
         0.1587,  0.0560, -0.2527,  0.0870,  0.0940, -0.2429, -0.2735,  0.0494,
        -0.2332, -0.2263,  0.3094,  0.1773,  0.1618,  0.1815,  0.1380,  0.2264,
        -0.0074, -0.0940,  0.2603, -0.0193, -0.2899, -0.1422, -0.0361,  0.2227,
         0.1990,  0.0936,  0.2287,  0.1551,  0.0039, -0.2259,  0.2755, -0.2928,
        -0.1643, -0.1896,  0.0285,  0.0351, -0.3157,  0.2224, -0.2481, -0.2185,
        -0.1308, -0.2016, -0.1367, -0.2671,  0.2000,  0.2441,  0.2385,  0.3266,
         0.1981, -0.3171, -0.0079,  0.2783,  0.2597, -0.3044, -0.1850, -0.2494,
        -0.1936,  0.3235, -0.1708,  0.0793,  0.3193,  0.1794, -0.0053, -0.1198,
        -0.0274, -0.3167, -0.2606, -0.1824, -0.2315, -0.2090,  0.0153, -0.2892,
        -0.0405, -0.1224, -0.1774,  0.2779,  0.0513, -0.3030,  0.3195, -0.1453,
        -0.2237,  0.0732, -0.2052, -0.2245,  0.1945, -0.2896,  0.0281,  0.0732,
         0.2759,  0.3262, -0.2329, -0.2019,  0.1190, -0.2729, -0.2740,  0.2795,
         0.1258, -0.3210, -0.3251, -0.0065,  0.0197, -0.2551, -0.2769, -0.2537,
         0.0732, -0.2568, -0.1343, -0.2608,  0.0980, -0.0772,  0.0304, -0.1683,
         0.1537,  0.3138,  0.0461,  0.0343,  0.2319, -0.0787,  0.1558, -0.1569,
         0.3018, -0.2214, -0.1919,  0.2286,  0.1176, -0.2053, -0.2960, -0.2767,
         0.1294, -0.1827, -0.1802,  0.0174,  0.3256,  0.2336, -0.1089, -0.0342,
        -0.1972, -0.0654,  0.1496, -0.1829,  0.2007, -0.0321,  0.2056, -0.1377,
         0.1144,  0.0390, -0.2547,  0.0913,  0.1379, -0.2825, -0.3177,  0.2212,
         0.1029,  0.3225, -0.2201, -0.0457, -0.0640, -0.0165, -0.1055, -0.2142,
         0.0796, -0.2201,  0.3264,  0.0677,  0.1001, -0.1640, -0.2646,  0.2418,
        -0.1859,  0.3160,  0.1082, -0.0214,  0.2961,  0.1566,  0.1569, -0.1514,
         0.0899, -0.0622,  0.0828,  0.0356, -0.0886,  0.0466,  0.0980,  0.2617,
         0.3325,  0.1820, -0.2314, -0.1428, -0.2697, -0.1424, -0.1816,  0.1768,
        -0.2787,  0.1059, -0.1040, -0.0672, -0.2405,  0.0008,  0.0311,  0.3015,
         0.0550, -0.0868, -0.1401,  0.3292,  0.2646,  0.2205, -0.1098,  0.0940],
       device='cuda:0') 
 Parameter containing:
tensor([ 0.3088,  0.1912,  0.0532, -0.1567,  0.2440, -0.2587,  0.2632,  0.2511,
         0.2135, -0.2282, -0.2819, -0.2579, -0.1039, -0.1551, -0.0150,  0.2518,
        -0.1381,  0.0141,  0.1607,  0.2489, -0.2017,  0.2969,  0.0896,  0.2661,
        -0.0797,  0.0970, -0.2601,  0.0610, -0.2535,  0.0519,  0.1127,  0.2976,
         0.0902,  0.3064,  0.0378,  0.1506,  0.0406,  0.2625,  0.1731,  0.1491,
        -0.0658, -0.3015, -0.1255,  0.3145,  0.2952,  0.2651, -0.1614, -0.1663,
         0.1587,  0.0560, -0.2527,  0.0870,  0.0940, -0.2429, -0.2735,  0.0494,
        -0.2332, -0.2263,  0.3094,  0.1773,  0.1618,  0.1815,  0.1380,  0.2264,
        -0.0074, -0.0940,  0.2603, -0.0193, -0.2899, -0.1422, -0.0361,  0.2227,
         0.1990,  0.0936,  0.2287,  0.1551,  0.0039, -0.2259,  0.2755, -0.2928,
        -0.1643, -0.1896,  0.0285,  0.0351, -0.3157,  0.2224, -0.2481, -0.2185,
        -0.1308, -0.2016, -0.1367, -0.2671,  0.2000,  0.2441,  0.2385,  0.3266,
         0.1981, -0.3171, -0.0079,  0.2783,  0.2597, -0.3044, -0.1850, -0.2494,
        -0.1936,  0.3235, -0.1708,  0.0793,  0.3193,  0.1794, -0.0053, -0.1198,
        -0.0274, -0.3167, -0.2606, -0.1824, -0.2315, -0.2090,  0.0153, -0.2892,
        -0.0405, -0.1224, -0.1774,  0.2779,  0.0513, -0.3030,  0.3195, -0.1453,
        -0.2237,  0.0732, -0.2052, -0.2245,  0.1945, -0.2896,  0.0281,  0.0732,
         0.2759,  0.3262, -0.2329, -0.2019,  0.1190, -0.2729, -0.2740,  0.2795,
         0.1258, -0.3210, -0.3251, -0.0065,  0.0197, -0.2551, -0.2769, -0.2537,
         0.0732, -0.2568, -0.1343, -0.2608,  0.0980, -0.0772,  0.0304, -0.1683,
         0.1537,  0.3138,  0.0461,  0.0343,  0.2319, -0.0787,  0.1558, -0.1569,
         0.3018, -0.2214, -0.1919,  0.2286,  0.1176, -0.2053, -0.2960, -0.2767,
         0.1294, -0.1827, -0.1802,  0.0174,  0.3256,  0.2336, -0.1089, -0.0342,
        -0.1972, -0.0654,  0.1496, -0.1829,  0.2007, -0.0321,  0.2056, -0.1377,
         0.1144,  0.0390, -0.2547,  0.0913,  0.1379, -0.2825, -0.3177,  0.2212,
         0.1029,  0.3225, -0.2201, -0.0457, -0.0640, -0.0165, -0.1055, -0.2142,
         0.0796, -0.2201,  0.3264,  0.0677,  0.1001, -0.1640, -0.2646,  0.2418,
        -0.1859,  0.3160,  0.1082, -0.0214,  0.2961,  0.1566,  0.1569, -0.1514,
         0.0899, -0.0622,  0.0828,  0.0356, -0.0886,  0.0466,  0.0980,  0.2617,
         0.3325,  0.1820, -0.2314, -0.1428, -0.2697, -0.1424, -0.1816,  0.1768,
        -0.2787,  0.1059, -0.1040, -0.0672, -0.2405,  0.0008,  0.0311,  0.3015,
         0.0550, -0.0868, -0.1401,  0.3292,  0.2646,  0.2205, -0.1098,  0.0940],
       device='cuda:0', requires_grad=True)
parameters of the network conv2.weight 
 torch.Size([128, 256, 3, 3]) 
 True 
 tensor([[[[ 5.2475e-03,  9.0515e-03,  2.0521e-02],
          [-4.4296e-03,  7.3096e-04, -1.7011e-03],
          [ 7.2165e-03,  2.8570e-03, -4.0027e-03]],

         [[ 4.4471e-03,  1.6655e-02,  9.2659e-03],
          [ 1.0146e-02, -9.2238e-03, -6.7808e-03],
          [-1.7994e-02, -2.8326e-03, -5.4022e-05]],

         [[-1.3927e-02, -1.5819e-02,  4.6973e-03],
          [ 1.0261e-02, -6.3783e-03,  8.5732e-04],
          [-1.2221e-03,  1.0244e-02,  1.7864e-02]],

         ...,

         [[-8.1587e-03,  8.4965e-03,  1.0837e-02],
          [ 1.6166e-02, -6.1457e-03, -1.1755e-02],
          [ 1.7154e-02,  8.7310e-03, -1.3417e-02]],

         [[ 8.0337e-03,  1.7941e-02, -1.2317e-02],
          [-6.3228e-03,  7.9223e-03,  2.5958e-03],
          [-1.2949e-04,  7.3526e-03, -1.6843e-02]],

         [[ 1.8753e-02,  1.0127e-02, -1.7511e-02],
          [-2.5943e-03,  1.9343e-02,  1.8218e-02],
          [-1.8900e-03,  5.5096e-03, -8.9051e-03]]],


        [[[ 3.5328e-03,  1.9313e-02,  2.0255e-02],
          [-1.4920e-02,  1.7156e-02, -6.8230e-05],
          [-6.6625e-03, -5.3465e-03,  9.1982e-05]],

         [[ 9.5902e-03,  1.3401e-02,  1.3481e-02],
          [ 7.6791e-03,  6.7494e-03,  1.5316e-02],
          [-4.4910e-03, -5.9960e-03, -2.0660e-02]],

         [[-1.0194e-02,  7.0636e-05, -1.0662e-02],
          [ 1.7945e-02, -1.0715e-02, -7.4245e-03],
          [ 2.4462e-03, -1.8597e-02, -1.9608e-02]],

         ...,

         [[-7.4808e-03,  1.8523e-02, -1.4630e-02],
          [-1.0332e-02, -1.8911e-02, -3.2563e-03],
          [-4.2698e-03,  1.5080e-02, -1.7442e-02]],

         [[ 2.6094e-03,  4.5447e-03,  1.2819e-02],
          [ 1.0712e-02, -1.8482e-02,  9.8011e-03],
          [ 7.5566e-03, -1.6475e-02,  7.1478e-03]],

         [[ 9.7009e-03, -3.1769e-03,  1.5568e-02],
          [ 1.2964e-02,  1.6947e-03, -1.9800e-02],
          [ 1.9115e-02,  1.3586e-02, -6.7161e-03]]],


        [[[-2.9995e-03, -9.3592e-03,  1.3583e-02],
          [ 3.1094e-03, -1.3785e-02, -9.8139e-03],
          [ 9.0153e-03,  1.2306e-02,  1.1281e-02]],

         [[-1.5046e-02, -2.2736e-03,  3.6448e-03],
          [ 1.7148e-02, -6.6984e-03,  9.7015e-03],
          [-1.3466e-02,  8.4407e-03,  6.1215e-03]],

         [[ 1.3841e-02, -8.3019e-05, -8.4381e-03],
          [-1.3944e-02,  1.2684e-02, -2.0211e-02],
          [-1.0053e-02, -6.3067e-04, -3.7136e-04]],

         ...,

         [[ 1.4430e-02, -1.4740e-02, -9.2326e-04],
          [-5.9182e-03,  1.4833e-02,  1.2357e-02],
          [-8.4235e-03,  9.1488e-03, -3.2999e-03]],

         [[-1.3471e-02,  4.8073e-03, -1.5171e-02],
          [-2.2227e-03, -1.5935e-02, -1.7294e-03],
          [ 1.5329e-02, -7.2300e-03, -1.3863e-02]],

         [[ 1.7586e-02,  1.5343e-02,  4.2697e-03],
          [ 1.1049e-02,  1.1075e-03,  9.0544e-04],
          [-1.0644e-02, -1.8550e-02, -1.1680e-03]]],


        ...,


        [[[ 1.6726e-02,  8.2961e-04, -1.0049e-02],
          [ 1.7791e-02,  5.0394e-03, -1.8874e-02],
          [-4.8678e-03,  1.2275e-02, -1.4567e-02]],

         [[-1.8715e-02, -2.6631e-03, -4.4246e-03],
          [ 8.6568e-03, -1.5684e-02,  1.3370e-02],
          [ 7.2921e-03,  9.1156e-04,  8.9236e-03]],

         [[ 1.2366e-02,  1.8297e-02, -1.9411e-02],
          [ 9.7323e-03,  1.3127e-03,  1.8072e-02],
          [ 8.3472e-03, -1.1725e-02,  3.3271e-03]],

         ...,

         [[ 2.5978e-03, -9.2071e-03, -1.7646e-02],
          [ 1.6788e-02, -3.1843e-03,  2.0105e-02],
          [ 1.8766e-02,  1.1176e-02, -1.7886e-02]],

         [[-7.8526e-04,  9.9287e-03, -8.1827e-03],
          [ 1.8851e-02, -1.8660e-02, -1.1150e-03],
          [-1.4427e-02,  1.3347e-02,  7.8830e-03]],

         [[-5.4142e-03,  7.5163e-03,  6.1858e-03],
          [ 5.5370e-03, -1.9727e-02,  3.7284e-03],
          [ 1.9744e-02,  5.4476e-03, -1.0651e-02]]],


        [[[ 1.0858e-02,  1.3468e-03,  8.0071e-03],
          [ 5.2793e-03,  1.1524e-02,  1.0663e-02],
          [ 1.3118e-02, -7.7761e-03,  1.9931e-02]],

         [[-3.9667e-04,  1.1179e-02,  4.5759e-03],
          [-1.8794e-02,  6.0106e-03,  5.2978e-03],
          [ 1.0187e-02, -1.5801e-03, -3.4431e-03]],

         [[-1.6072e-03,  1.6528e-02,  9.1115e-03],
          [-1.8724e-02, -9.2784e-04, -6.4900e-04],
          [ 1.6210e-02, -8.8479e-03, -1.5651e-03]],

         ...,

         [[-1.6338e-02, -9.4978e-03, -1.6234e-02],
          [ 1.2067e-02,  1.8744e-02, -5.5029e-03],
          [ 1.6975e-02,  5.9906e-03,  1.2343e-06]],

         [[ 4.7589e-03, -4.4527e-03,  1.5460e-03],
          [ 1.5908e-02, -1.8984e-02, -6.4745e-03],
          [-1.0512e-03, -1.4640e-02,  9.7180e-03]],

         [[-7.1706e-03,  1.5545e-02,  9.0938e-03],
          [-7.5676e-03,  1.0479e-02, -1.9196e-02],
          [-1.7953e-02, -1.4124e-02, -1.3939e-02]]],


        [[[ 6.1248e-03, -1.8726e-02, -3.0312e-03],
          [-1.0288e-02, -1.9090e-03,  6.1161e-03],
          [ 7.9675e-04,  1.8360e-02, -1.3001e-02]],

         [[-1.6943e-02, -2.0374e-02, -2.5965e-04],
          [-4.8047e-03, -1.1503e-03, -2.1948e-03],
          [-1.9013e-02, -1.3678e-02,  1.7003e-02]],

         [[-3.7932e-03, -8.5432e-03,  1.7139e-02],
          [-1.3301e-02,  8.9546e-03, -3.3222e-03],
          [-4.2228e-04, -3.2333e-03,  1.1219e-02]],

         ...,

         [[ 1.9828e-02,  3.6914e-03,  1.7235e-02],
          [ 1.4477e-03, -6.4994e-03,  4.2207e-03],
          [-7.3044e-03,  1.7927e-02,  6.8409e-03]],

         [[-4.3992e-03, -2.0972e-03,  7.7124e-03],
          [-6.5794e-03, -8.1867e-03, -3.7750e-03],
          [-2.5145e-03,  1.0265e-02,  1.6235e-02]],

         [[ 1.2521e-02,  1.1173e-02, -1.3669e-02],
          [ 9.0057e-03, -8.9844e-03,  1.7367e-02],
          [-1.8884e-02,  6.6091e-03,  6.4760e-05]]]], device='cuda:0') 
 Parameter containing:
tensor([[[[ 5.2475e-03,  9.0515e-03,  2.0521e-02],
          [-4.4296e-03,  7.3096e-04, -1.7011e-03],
          [ 7.2165e-03,  2.8570e-03, -4.0027e-03]],

         [[ 4.4471e-03,  1.6655e-02,  9.2659e-03],
          [ 1.0146e-02, -9.2238e-03, -6.7808e-03],
          [-1.7994e-02, -2.8326e-03, -5.4022e-05]],

         [[-1.3927e-02, -1.5819e-02,  4.6973e-03],
          [ 1.0261e-02, -6.3783e-03,  8.5732e-04],
          [-1.2221e-03,  1.0244e-02,  1.7864e-02]],

         ...,

         [[-8.1587e-03,  8.4965e-03,  1.0837e-02],
          [ 1.6166e-02, -6.1457e-03, -1.1755e-02],
          [ 1.7154e-02,  8.7310e-03, -1.3417e-02]],

         [[ 8.0337e-03,  1.7941e-02, -1.2317e-02],
          [-6.3228e-03,  7.9223e-03,  2.5958e-03],
          [-1.2949e-04,  7.3526e-03, -1.6843e-02]],

         [[ 1.8753e-02,  1.0127e-02, -1.7511e-02],
          [-2.5943e-03,  1.9343e-02,  1.8218e-02],
          [-1.8900e-03,  5.5096e-03, -8.9051e-03]]],


        [[[ 3.5328e-03,  1.9313e-02,  2.0255e-02],
          [-1.4920e-02,  1.7156e-02, -6.8230e-05],
          [-6.6625e-03, -5.3465e-03,  9.1982e-05]],

         [[ 9.5902e-03,  1.3401e-02,  1.3481e-02],
          [ 7.6791e-03,  6.7494e-03,  1.5316e-02],
          [-4.4910e-03, -5.9960e-03, -2.0660e-02]],

         [[-1.0194e-02,  7.0636e-05, -1.0662e-02],
          [ 1.7945e-02, -1.0715e-02, -7.4245e-03],
          [ 2.4462e-03, -1.8597e-02, -1.9608e-02]],

         ...,

         [[-7.4808e-03,  1.8523e-02, -1.4630e-02],
          [-1.0332e-02, -1.8911e-02, -3.2563e-03],
          [-4.2698e-03,  1.5080e-02, -1.7442e-02]],

         [[ 2.6094e-03,  4.5447e-03,  1.2819e-02],
          [ 1.0712e-02, -1.8482e-02,  9.8011e-03],
          [ 7.5566e-03, -1.6475e-02,  7.1478e-03]],

         [[ 9.7009e-03, -3.1769e-03,  1.5568e-02],
          [ 1.2964e-02,  1.6947e-03, -1.9800e-02],
          [ 1.9115e-02,  1.3586e-02, -6.7161e-03]]],


        [[[-2.9995e-03, -9.3592e-03,  1.3583e-02],
          [ 3.1094e-03, -1.3785e-02, -9.8139e-03],
          [ 9.0153e-03,  1.2306e-02,  1.1281e-02]],

         [[-1.5046e-02, -2.2736e-03,  3.6448e-03],
          [ 1.7148e-02, -6.6984e-03,  9.7015e-03],
          [-1.3466e-02,  8.4407e-03,  6.1215e-03]],

         [[ 1.3841e-02, -8.3019e-05, -8.4381e-03],
          [-1.3944e-02,  1.2684e-02, -2.0211e-02],
          [-1.0053e-02, -6.3067e-04, -3.7136e-04]],

         ...,

         [[ 1.4430e-02, -1.4740e-02, -9.2326e-04],
          [-5.9182e-03,  1.4833e-02,  1.2357e-02],
          [-8.4235e-03,  9.1488e-03, -3.2999e-03]],

         [[-1.3471e-02,  4.8073e-03, -1.5171e-02],
          [-2.2227e-03, -1.5935e-02, -1.7294e-03],
          [ 1.5329e-02, -7.2300e-03, -1.3863e-02]],

         [[ 1.7586e-02,  1.5343e-02,  4.2697e-03],
          [ 1.1049e-02,  1.1075e-03,  9.0544e-04],
          [-1.0644e-02, -1.8550e-02, -1.1680e-03]]],


        ...,


        [[[ 1.6726e-02,  8.2961e-04, -1.0049e-02],
          [ 1.7791e-02,  5.0394e-03, -1.8874e-02],
          [-4.8678e-03,  1.2275e-02, -1.4567e-02]],

         [[-1.8715e-02, -2.6631e-03, -4.4246e-03],
          [ 8.6568e-03, -1.5684e-02,  1.3370e-02],
          [ 7.2921e-03,  9.1156e-04,  8.9236e-03]],

         [[ 1.2366e-02,  1.8297e-02, -1.9411e-02],
          [ 9.7323e-03,  1.3127e-03,  1.8072e-02],
          [ 8.3472e-03, -1.1725e-02,  3.3271e-03]],

         ...,

         [[ 2.5978e-03, -9.2071e-03, -1.7646e-02],
          [ 1.6788e-02, -3.1843e-03,  2.0105e-02],
          [ 1.8766e-02,  1.1176e-02, -1.7886e-02]],

         [[-7.8526e-04,  9.9287e-03, -8.1827e-03],
          [ 1.8851e-02, -1.8660e-02, -1.1150e-03],
          [-1.4427e-02,  1.3347e-02,  7.8830e-03]],

         [[-5.4142e-03,  7.5163e-03,  6.1858e-03],
          [ 5.5370e-03, -1.9727e-02,  3.7284e-03],
          [ 1.9744e-02,  5.4476e-03, -1.0651e-02]]],


        [[[ 1.0858e-02,  1.3468e-03,  8.0071e-03],
          [ 5.2793e-03,  1.1524e-02,  1.0663e-02],
          [ 1.3118e-02, -7.7761e-03,  1.9931e-02]],

         [[-3.9667e-04,  1.1179e-02,  4.5759e-03],
          [-1.8794e-02,  6.0106e-03,  5.2978e-03],
          [ 1.0187e-02, -1.5801e-03, -3.4431e-03]],

         [[-1.6072e-03,  1.6528e-02,  9.1115e-03],
          [-1.8724e-02, -9.2784e-04, -6.4900e-04],
          [ 1.6210e-02, -8.8479e-03, -1.5651e-03]],

         ...,

         [[-1.6338e-02, -9.4978e-03, -1.6234e-02],
          [ 1.2067e-02,  1.8744e-02, -5.5029e-03],
          [ 1.6975e-02,  5.9906e-03,  1.2343e-06]],

         [[ 4.7589e-03, -4.4527e-03,  1.5460e-03],
          [ 1.5908e-02, -1.8984e-02, -6.4745e-03],
          [-1.0512e-03, -1.4640e-02,  9.7180e-03]],

         [[-7.1706e-03,  1.5545e-02,  9.0938e-03],
          [-7.5676e-03,  1.0479e-02, -1.9196e-02],
          [-1.7953e-02, -1.4124e-02, -1.3939e-02]]],


        [[[ 6.1248e-03, -1.8726e-02, -3.0312e-03],
          [-1.0288e-02, -1.9090e-03,  6.1161e-03],
          [ 7.9675e-04,  1.8360e-02, -1.3001e-02]],

         [[-1.6943e-02, -2.0374e-02, -2.5965e-04],
          [-4.8047e-03, -1.1503e-03, -2.1948e-03],
          [-1.9013e-02, -1.3678e-02,  1.7003e-02]],

         [[-3.7932e-03, -8.5432e-03,  1.7139e-02],
          [-1.3301e-02,  8.9546e-03, -3.3222e-03],
          [-4.2228e-04, -3.2333e-03,  1.1219e-02]],

         ...,

         [[ 1.9828e-02,  3.6914e-03,  1.7235e-02],
          [ 1.4477e-03, -6.4994e-03,  4.2207e-03],
          [-7.3044e-03,  1.7927e-02,  6.8409e-03]],

         [[-4.3992e-03, -2.0972e-03,  7.7124e-03],
          [-6.5794e-03, -8.1867e-03, -3.7750e-03],
          [-2.5145e-03,  1.0265e-02,  1.6235e-02]],

         [[ 1.2521e-02,  1.1173e-02, -1.3669e-02],
          [ 9.0057e-03, -8.9844e-03,  1.7367e-02],
          [-1.8884e-02,  6.6091e-03,  6.4760e-05]]]], device='cuda:0',
       requires_grad=True)
parameters of the network conv2.bias 
 torch.Size([128]) 
 True 
 tensor([ 0.0180, -0.0133,  0.0102, -0.0096,  0.0133,  0.0200, -0.0197,  0.0167,
         0.0082,  0.0103,  0.0149, -0.0087, -0.0123, -0.0051,  0.0043, -0.0013,
         0.0180,  0.0078, -0.0202,  0.0137, -0.0002, -0.0180,  0.0145, -0.0007,
        -0.0115,  0.0111,  0.0098, -0.0070,  0.0083, -0.0082,  0.0128, -0.0100,
        -0.0048,  0.0022, -0.0207,  0.0054,  0.0110, -0.0094, -0.0011, -0.0113,
        -0.0087, -0.0039, -0.0050,  0.0129,  0.0105, -0.0066, -0.0023,  0.0203,
         0.0103,  0.0012, -0.0195, -0.0171, -0.0042, -0.0131, -0.0122,  0.0058,
         0.0111,  0.0130,  0.0197,  0.0165, -0.0196, -0.0070, -0.0119, -0.0060,
         0.0195,  0.0095, -0.0148,  0.0130, -0.0074,  0.0097, -0.0101,  0.0162,
         0.0173,  0.0184, -0.0181,  0.0060,  0.0086,  0.0124, -0.0168,  0.0067,
        -0.0167,  0.0197, -0.0126,  0.0007,  0.0121, -0.0128, -0.0136, -0.0052,
         0.0020, -0.0057,  0.0069,  0.0203, -0.0191, -0.0059, -0.0204, -0.0011,
        -0.0196,  0.0123, -0.0181, -0.0202,  0.0059,  0.0159, -0.0156,  0.0124,
        -0.0078,  0.0200,  0.0164,  0.0171,  0.0187, -0.0051,  0.0143, -0.0200,
        -0.0020,  0.0111,  0.0093, -0.0039, -0.0149,  0.0026,  0.0102, -0.0131,
         0.0182,  0.0045, -0.0207,  0.0169, -0.0009,  0.0185, -0.0176,  0.0183],
       device='cuda:0') 
 Parameter containing:
tensor([ 0.0180, -0.0133,  0.0102, -0.0096,  0.0133,  0.0200, -0.0197,  0.0167,
         0.0082,  0.0103,  0.0149, -0.0087, -0.0123, -0.0051,  0.0043, -0.0013,
         0.0180,  0.0078, -0.0202,  0.0137, -0.0002, -0.0180,  0.0145, -0.0007,
        -0.0115,  0.0111,  0.0098, -0.0070,  0.0083, -0.0082,  0.0128, -0.0100,
        -0.0048,  0.0022, -0.0207,  0.0054,  0.0110, -0.0094, -0.0011, -0.0113,
        -0.0087, -0.0039, -0.0050,  0.0129,  0.0105, -0.0066, -0.0023,  0.0203,
         0.0103,  0.0012, -0.0195, -0.0171, -0.0042, -0.0131, -0.0122,  0.0058,
         0.0111,  0.0130,  0.0197,  0.0165, -0.0196, -0.0070, -0.0119, -0.0060,
         0.0195,  0.0095, -0.0148,  0.0130, -0.0074,  0.0097, -0.0101,  0.0162,
         0.0173,  0.0184, -0.0181,  0.0060,  0.0086,  0.0124, -0.0168,  0.0067,
        -0.0167,  0.0197, -0.0126,  0.0007,  0.0121, -0.0128, -0.0136, -0.0052,
         0.0020, -0.0057,  0.0069,  0.0203, -0.0191, -0.0059, -0.0204, -0.0011,
        -0.0196,  0.0123, -0.0181, -0.0202,  0.0059,  0.0159, -0.0156,  0.0124,
        -0.0078,  0.0200,  0.0164,  0.0171,  0.0187, -0.0051,  0.0143, -0.0200,
        -0.0020,  0.0111,  0.0093, -0.0039, -0.0149,  0.0026,  0.0102, -0.0131,
         0.0182,  0.0045, -0.0207,  0.0169, -0.0009,  0.0185, -0.0176,  0.0183],
       device='cuda:0', requires_grad=True)
parameters of the network conv3.weight 
 torch.Size([64, 128, 3, 3]) 
 True 
 tensor([[[[-0.0227,  0.0285,  0.0276],
          [ 0.0143, -0.0169, -0.0233],
          [-0.0099,  0.0187, -0.0155]],

         [[-0.0183,  0.0078, -0.0037],
          [-0.0129,  0.0083, -0.0282],
          [ 0.0128,  0.0085, -0.0193]],

         [[-0.0116,  0.0265,  0.0289],
          [ 0.0223,  0.0083,  0.0036],
          [ 0.0191,  0.0064, -0.0038]],

         ...,

         [[-0.0144,  0.0072, -0.0199],
          [ 0.0183,  0.0089, -0.0149],
          [ 0.0025, -0.0294,  0.0287]],

         [[-0.0275,  0.0190, -0.0063],
          [ 0.0184,  0.0138, -0.0148],
          [ 0.0185,  0.0192, -0.0282]],

         [[-0.0216,  0.0130, -0.0146],
          [ 0.0065, -0.0279,  0.0274],
          [ 0.0178, -0.0212,  0.0260]]],


        [[[ 0.0134,  0.0112, -0.0028],
          [ 0.0109, -0.0112, -0.0213],
          [ 0.0165,  0.0284,  0.0260]],

         [[ 0.0105, -0.0228, -0.0039],
          [-0.0197, -0.0094,  0.0058],
          [ 0.0180,  0.0282,  0.0144]],

         [[ 0.0270, -0.0049, -0.0009],
          [ 0.0004, -0.0257,  0.0189],
          [ 0.0227, -0.0211,  0.0008]],

         ...,

         [[ 0.0023,  0.0109, -0.0192],
          [ 0.0191,  0.0261,  0.0215],
          [ 0.0155, -0.0279, -0.0040]],

         [[-0.0171,  0.0045,  0.0224],
          [-0.0002, -0.0156, -0.0091],
          [-0.0199, -0.0180,  0.0146]],

         [[-0.0095, -0.0108,  0.0064],
          [-0.0175, -0.0002, -0.0017],
          [ 0.0084,  0.0207, -0.0157]]],


        [[[ 0.0176, -0.0081,  0.0025],
          [ 0.0018,  0.0197,  0.0039],
          [-0.0002, -0.0060, -0.0263]],

         [[ 0.0135,  0.0078,  0.0089],
          [ 0.0136, -0.0132, -0.0251],
          [-0.0134,  0.0280, -0.0279]],

         [[-0.0121, -0.0055,  0.0012],
          [ 0.0130,  0.0080,  0.0092],
          [-0.0115,  0.0283, -0.0049]],

         ...,

         [[ 0.0108, -0.0101,  0.0100],
          [-0.0145,  0.0200,  0.0219],
          [ 0.0023, -0.0287,  0.0216]],

         [[-0.0117,  0.0232, -0.0130],
          [ 0.0203, -0.0005,  0.0030],
          [-0.0197, -0.0288, -0.0147]],

         [[-0.0142,  0.0089, -0.0020],
          [-0.0111, -0.0113,  0.0284],
          [-0.0288,  0.0088,  0.0217]]],


        ...,


        [[[-0.0078,  0.0053, -0.0155],
          [-0.0293,  0.0201, -0.0265],
          [-0.0172, -0.0037,  0.0184]],

         [[-0.0219,  0.0211,  0.0056],
          [ 0.0162,  0.0188, -0.0027],
          [-0.0021,  0.0063, -0.0184]],

         [[ 0.0136, -0.0067, -0.0038],
          [-0.0011,  0.0105,  0.0200],
          [ 0.0133,  0.0277, -0.0017]],

         ...,

         [[-0.0111, -0.0014,  0.0128],
          [ 0.0014,  0.0221, -0.0164],
          [-0.0057, -0.0089, -0.0028]],

         [[-0.0248, -0.0201, -0.0100],
          [-0.0234, -0.0278, -0.0063],
          [-0.0224, -0.0121,  0.0286]],

         [[ 0.0102, -0.0051, -0.0058],
          [-0.0234, -0.0229,  0.0027],
          [ 0.0008,  0.0002,  0.0195]]],


        [[[ 0.0204,  0.0065, -0.0215],
          [-0.0077, -0.0018, -0.0074],
          [ 0.0291, -0.0108,  0.0210]],

         [[ 0.0283,  0.0234,  0.0228],
          [ 0.0204,  0.0121,  0.0092],
          [ 0.0157, -0.0088,  0.0171]],

         [[ 0.0202, -0.0291, -0.0039],
          [-0.0200,  0.0206,  0.0248],
          [ 0.0079,  0.0184,  0.0272]],

         ...,

         [[-0.0275,  0.0065,  0.0018],
          [-0.0058,  0.0002, -0.0244],
          [-0.0265,  0.0170,  0.0065]],

         [[-0.0197,  0.0095, -0.0017],
          [-0.0145,  0.0214,  0.0139],
          [-0.0015, -0.0213, -0.0177]],

         [[ 0.0046,  0.0167,  0.0235],
          [-0.0034,  0.0023,  0.0211],
          [ 0.0171,  0.0250, -0.0238]]],


        [[[ 0.0171, -0.0203, -0.0270],
          [-0.0043, -0.0017,  0.0217],
          [-0.0078,  0.0039, -0.0161]],

         [[-0.0141, -0.0037,  0.0023],
          [ 0.0169,  0.0135, -0.0216],
          [-0.0180, -0.0084, -0.0100]],

         [[-0.0170,  0.0148, -0.0190],
          [ 0.0161,  0.0124, -0.0201],
          [ 0.0033, -0.0081,  0.0020]],

         ...,

         [[-0.0259, -0.0212,  0.0266],
          [ 0.0100, -0.0021, -0.0082],
          [ 0.0179,  0.0258, -0.0246]],

         [[-0.0162,  0.0102, -0.0266],
          [-0.0192,  0.0099, -0.0029],
          [ 0.0181,  0.0163,  0.0076]],

         [[ 0.0070, -0.0006,  0.0275],
          [ 0.0240, -0.0011,  0.0270],
          [-0.0250,  0.0075,  0.0283]]]], device='cuda:0') 
 Parameter containing:
tensor([[[[-0.0227,  0.0285,  0.0276],
          [ 0.0143, -0.0169, -0.0233],
          [-0.0099,  0.0187, -0.0155]],

         [[-0.0183,  0.0078, -0.0037],
          [-0.0129,  0.0083, -0.0282],
          [ 0.0128,  0.0085, -0.0193]],

         [[-0.0116,  0.0265,  0.0289],
          [ 0.0223,  0.0083,  0.0036],
          [ 0.0191,  0.0064, -0.0038]],

         ...,

         [[-0.0144,  0.0072, -0.0199],
          [ 0.0183,  0.0089, -0.0149],
          [ 0.0025, -0.0294,  0.0287]],

         [[-0.0275,  0.0190, -0.0063],
          [ 0.0184,  0.0138, -0.0148],
          [ 0.0185,  0.0192, -0.0282]],

         [[-0.0216,  0.0130, -0.0146],
          [ 0.0065, -0.0279,  0.0274],
          [ 0.0178, -0.0212,  0.0260]]],


        [[[ 0.0134,  0.0112, -0.0028],
          [ 0.0109, -0.0112, -0.0213],
          [ 0.0165,  0.0284,  0.0260]],

         [[ 0.0105, -0.0228, -0.0039],
          [-0.0197, -0.0094,  0.0058],
          [ 0.0180,  0.0282,  0.0144]],

         [[ 0.0270, -0.0049, -0.0009],
          [ 0.0004, -0.0257,  0.0189],
          [ 0.0227, -0.0211,  0.0008]],

         ...,

         [[ 0.0023,  0.0109, -0.0192],
          [ 0.0191,  0.0261,  0.0215],
          [ 0.0155, -0.0279, -0.0040]],

         [[-0.0171,  0.0045,  0.0224],
          [-0.0002, -0.0156, -0.0091],
          [-0.0199, -0.0180,  0.0146]],

         [[-0.0095, -0.0108,  0.0064],
          [-0.0175, -0.0002, -0.0017],
          [ 0.0084,  0.0207, -0.0157]]],


        [[[ 0.0176, -0.0081,  0.0025],
          [ 0.0018,  0.0197,  0.0039],
          [-0.0002, -0.0060, -0.0263]],

         [[ 0.0135,  0.0078,  0.0089],
          [ 0.0136, -0.0132, -0.0251],
          [-0.0134,  0.0280, -0.0279]],

         [[-0.0121, -0.0055,  0.0012],
          [ 0.0130,  0.0080,  0.0092],
          [-0.0115,  0.0283, -0.0049]],

         ...,

         [[ 0.0108, -0.0101,  0.0100],
          [-0.0145,  0.0200,  0.0219],
          [ 0.0023, -0.0287,  0.0216]],

         [[-0.0117,  0.0232, -0.0130],
          [ 0.0203, -0.0005,  0.0030],
          [-0.0197, -0.0288, -0.0147]],

         [[-0.0142,  0.0089, -0.0020],
          [-0.0111, -0.0113,  0.0284],
          [-0.0288,  0.0088,  0.0217]]],


        ...,


        [[[-0.0078,  0.0053, -0.0155],
          [-0.0293,  0.0201, -0.0265],
          [-0.0172, -0.0037,  0.0184]],

         [[-0.0219,  0.0211,  0.0056],
          [ 0.0162,  0.0188, -0.0027],
          [-0.0021,  0.0063, -0.0184]],

         [[ 0.0136, -0.0067, -0.0038],
          [-0.0011,  0.0105,  0.0200],
          [ 0.0133,  0.0277, -0.0017]],

         ...,

         [[-0.0111, -0.0014,  0.0128],
          [ 0.0014,  0.0221, -0.0164],
          [-0.0057, -0.0089, -0.0028]],

         [[-0.0248, -0.0201, -0.0100],
          [-0.0234, -0.0278, -0.0063],
          [-0.0224, -0.0121,  0.0286]],

         [[ 0.0102, -0.0051, -0.0058],
          [-0.0234, -0.0229,  0.0027],
          [ 0.0008,  0.0002,  0.0195]]],


        [[[ 0.0204,  0.0065, -0.0215],
          [-0.0077, -0.0018, -0.0074],
          [ 0.0291, -0.0108,  0.0210]],

         [[ 0.0283,  0.0234,  0.0228],
          [ 0.0204,  0.0121,  0.0092],
          [ 0.0157, -0.0088,  0.0171]],

         [[ 0.0202, -0.0291, -0.0039],
          [-0.0200,  0.0206,  0.0248],
          [ 0.0079,  0.0184,  0.0272]],

         ...,

         [[-0.0275,  0.0065,  0.0018],
          [-0.0058,  0.0002, -0.0244],
          [-0.0265,  0.0170,  0.0065]],

         [[-0.0197,  0.0095, -0.0017],
          [-0.0145,  0.0214,  0.0139],
          [-0.0015, -0.0213, -0.0177]],

         [[ 0.0046,  0.0167,  0.0235],
          [-0.0034,  0.0023,  0.0211],
          [ 0.0171,  0.0250, -0.0238]]],


        [[[ 0.0171, -0.0203, -0.0270],
          [-0.0043, -0.0017,  0.0217],
          [-0.0078,  0.0039, -0.0161]],

         [[-0.0141, -0.0037,  0.0023],
          [ 0.0169,  0.0135, -0.0216],
          [-0.0180, -0.0084, -0.0100]],

         [[-0.0170,  0.0148, -0.0190],
          [ 0.0161,  0.0124, -0.0201],
          [ 0.0033, -0.0081,  0.0020]],

         ...,

         [[-0.0259, -0.0212,  0.0266],
          [ 0.0100, -0.0021, -0.0082],
          [ 0.0179,  0.0258, -0.0246]],

         [[-0.0162,  0.0102, -0.0266],
          [-0.0192,  0.0099, -0.0029],
          [ 0.0181,  0.0163,  0.0076]],

         [[ 0.0070, -0.0006,  0.0275],
          [ 0.0240, -0.0011,  0.0270],
          [-0.0250,  0.0075,  0.0283]]]], device='cuda:0', requires_grad=True)
parameters of the network conv3.bias 
 torch.Size([64]) 
 True 
 tensor([ 0.0013,  0.0127, -0.0258, -0.0210, -0.0121, -0.0027, -0.0216,  0.0260,
        -0.0028,  0.0016, -0.0227, -0.0046, -0.0290,  0.0011, -0.0259, -0.0280,
         0.0230, -0.0239,  0.0262, -0.0138, -0.0010,  0.0239,  0.0125,  0.0177,
         0.0215,  0.0216,  0.0231, -0.0115, -0.0136,  0.0242, -0.0267, -0.0045,
        -0.0273,  0.0048,  0.0019,  0.0059,  0.0116, -0.0109,  0.0268,  0.0126,
        -0.0105, -0.0019,  0.0245, -0.0221,  0.0091,  0.0116,  0.0252,  0.0026,
        -0.0290, -0.0154, -0.0145,  0.0100,  0.0113, -0.0241,  0.0292, -0.0257,
         0.0157,  0.0216,  0.0192,  0.0202, -0.0066,  0.0224,  0.0288,  0.0116],
       device='cuda:0') 
 Parameter containing:
tensor([ 0.0013,  0.0127, -0.0258, -0.0210, -0.0121, -0.0027, -0.0216,  0.0260,
        -0.0028,  0.0016, -0.0227, -0.0046, -0.0290,  0.0011, -0.0259, -0.0280,
         0.0230, -0.0239,  0.0262, -0.0138, -0.0010,  0.0239,  0.0125,  0.0177,
         0.0215,  0.0216,  0.0231, -0.0115, -0.0136,  0.0242, -0.0267, -0.0045,
        -0.0273,  0.0048,  0.0019,  0.0059,  0.0116, -0.0109,  0.0268,  0.0126,
        -0.0105, -0.0019,  0.0245, -0.0221,  0.0091,  0.0116,  0.0252,  0.0026,
        -0.0290, -0.0154, -0.0145,  0.0100,  0.0113, -0.0241,  0.0292, -0.0257,
         0.0157,  0.0216,  0.0192,  0.0202, -0.0066,  0.0224,  0.0288,  0.0116],
       device='cuda:0', requires_grad=True)
parameters of the network fc1.weight 
 torch.Size([256, 667776]) 
 True 
 tensor([[ 8.0509e-04,  1.1579e-03,  4.4933e-04,  ...,  9.0046e-04,
          7.5785e-04,  7.5038e-04],
        [ 7.6132e-04,  5.2694e-04, -6.6295e-04,  ...,  9.9680e-04,
         -4.3718e-04,  1.0097e-03],
        [ 8.0036e-04, -2.1072e-04,  9.2026e-04,  ..., -1.0119e-03,
          1.6184e-04, -9.8484e-04],
        ...,
        [-1.4548e-04, -1.1401e-03, -2.9811e-04,  ...,  3.4745e-04,
          9.1844e-04,  6.3403e-04],
        [ 3.8143e-05,  3.8763e-04,  8.6648e-05,  ..., -4.4437e-04,
          6.9721e-04, -7.8061e-04],
        [-1.1254e-03, -1.0405e-03, -4.0345e-04,  ...,  8.3752e-04,
         -1.3345e-04, -9.7445e-05]], device='cuda:0') 
 Parameter containing:
tensor([[ 8.0509e-04,  1.1579e-03,  4.4933e-04,  ...,  9.0046e-04,
          7.5785e-04,  7.5038e-04],
        [ 7.6132e-04,  5.2694e-04, -6.6295e-04,  ...,  9.9680e-04,
         -4.3718e-04,  1.0097e-03],
        [ 8.0036e-04, -2.1072e-04,  9.2026e-04,  ..., -1.0119e-03,
          1.6184e-04, -9.8484e-04],
        ...,
        [-1.4548e-04, -1.1401e-03, -2.9811e-04,  ...,  3.4745e-04,
          9.1844e-04,  6.3403e-04],
        [ 3.8143e-05,  3.8763e-04,  8.6648e-05,  ..., -4.4437e-04,
          6.9721e-04, -7.8061e-04],
        [-1.1254e-03, -1.0405e-03, -4.0345e-04,  ...,  8.3752e-04,
         -1.3345e-04, -9.7445e-05]], device='cuda:0', requires_grad=True)
parameters of the network fc1.bias 
 torch.Size([256]) 
 True 
 tensor([ 1.2180e-03,  6.5199e-05, -3.0153e-04, -3.9971e-04, -5.4005e-04,
         6.1452e-05,  7.0143e-04,  2.3317e-04, -1.4498e-04, -6.0460e-04,
         1.1218e-03,  8.1652e-04, -7.2239e-04,  9.9505e-04, -4.4639e-04,
        -7.7288e-04,  6.8769e-04, -2.9140e-05, -1.5482e-05, -1.1652e-03,
        -7.1400e-04, -1.0047e-04, -1.0199e-03,  2.8351e-04,  4.8952e-04,
        -5.5161e-04, -3.4855e-05, -7.2027e-04,  5.4643e-04, -2.4314e-04,
        -1.7499e-04, -8.6124e-04,  2.6165e-04, -8.2750e-04,  1.0837e-03,
         4.6571e-04,  1.1900e-04,  8.0519e-04, -5.2692e-04, -7.9048e-04,
        -3.3265e-04, -6.1189e-04, -7.9217e-04,  2.2405e-04, -2.3091e-04,
        -2.2058e-04,  1.7364e-04, -3.5137e-04, -8.7071e-05,  5.2932e-04,
         1.5171e-04,  1.0265e-03, -7.3038e-04,  5.2137e-04, -5.0625e-04,
         1.0182e-03, -6.8673e-04, -1.0092e-04,  6.3112e-04,  1.6092e-04,
        -1.1417e-03, -7.1976e-04,  5.5220e-04, -8.2814e-04, -2.8889e-04,
        -3.2949e-04,  1.2210e-03, -6.4228e-04,  3.6377e-04,  6.2038e-04,
        -2.6438e-05, -6.1300e-04, -5.7138e-04, -4.1249e-04,  3.1352e-05,
         9.9686e-05, -2.8574e-04, -9.2443e-04, -1.9555e-04,  1.0926e-03,
        -1.9868e-04, -1.1896e-03, -5.8601e-04, -1.0500e-03, -3.5447e-04,
         1.3261e-04,  3.7181e-04, -5.4593e-04, -4.8984e-04,  1.7316e-04,
        -1.0970e-03, -5.9395e-05,  7.6222e-04, -9.1593e-04,  6.6176e-04,
        -1.4295e-04, -9.2390e-04, -7.0183e-04,  2.0456e-04,  7.4738e-05,
         1.0035e-03,  4.0255e-06,  1.0772e-03, -5.0687e-04, -1.2602e-04,
         2.7294e-04,  1.5125e-05,  4.3341e-04, -6.4124e-04, -9.3419e-05,
         8.9896e-04, -9.8263e-04, -1.9152e-04, -1.1797e-03, -1.0120e-03,
         3.3580e-04, -2.3287e-04,  1.0802e-03,  9.5870e-04, -9.5111e-04,
         8.3472e-04,  1.1752e-03, -9.3304e-04, -1.0639e-03, -4.9397e-05,
        -1.1294e-03, -7.8092e-04, -7.1462e-04,  7.3120e-04, -1.2090e-03,
         4.3062e-04, -1.0602e-03, -6.4438e-04,  8.5573e-04, -9.1047e-04,
         1.8568e-04, -3.8040e-04, -9.5600e-04,  4.3012e-04,  4.3864e-04,
         4.7119e-05,  3.3301e-04, -4.3028e-05, -9.0985e-04,  3.4123e-04,
        -7.9305e-04,  5.4455e-04, -5.0842e-04, -4.8765e-04,  9.6311e-04,
        -3.6548e-04,  5.7578e-04,  8.0002e-04,  6.6655e-04, -3.8515e-04,
        -9.6588e-04, -1.2186e-03, -1.0994e-04, -4.4622e-06,  7.1960e-04,
         4.6893e-04, -1.2077e-03,  5.6916e-04,  1.7288e-04,  1.1308e-03,
         1.8447e-04,  7.0871e-04,  3.1510e-05, -1.2061e-05,  2.6214e-04,
        -7.6326e-04, -1.2222e-04, -7.2455e-04,  7.0179e-04,  1.1543e-03,
         5.7885e-04,  7.5595e-04,  4.0738e-04, -4.9971e-05,  5.1637e-04,
         1.0213e-03,  3.8010e-04,  9.6357e-04, -5.4604e-04,  6.3440e-04,
         9.4455e-04,  1.0904e-03,  1.0762e-03,  5.2955e-04, -1.2161e-03,
         3.1034e-04,  1.1245e-03, -1.4997e-04,  2.5757e-06,  6.6089e-05,
        -9.3023e-04, -2.4756e-04,  5.9952e-04, -1.7124e-04, -3.5773e-04,
        -1.2129e-03, -6.7244e-04,  2.4096e-04, -1.0287e-03, -1.6330e-04,
         2.0601e-06,  1.0830e-03, -6.0911e-04, -5.7968e-04, -1.0479e-03,
        -1.0606e-03,  1.1547e-03, -1.5849e-04, -9.6317e-04, -1.1371e-03,
        -1.0690e-03,  2.4124e-04, -1.1100e-04,  8.6855e-04, -9.1237e-04,
        -6.4053e-04,  1.1601e-03, -7.8785e-04,  4.0186e-04,  8.9962e-04,
        -4.6526e-04,  7.0960e-04, -5.9077e-04, -1.1106e-03, -1.2135e-03,
         5.6436e-04,  8.4683e-04,  3.6841e-04, -8.5543e-04, -3.7014e-04,
         2.8589e-04, -5.9746e-04,  9.4164e-04,  6.4398e-04,  5.5593e-04,
        -1.0614e-03, -2.5817e-04, -7.1908e-04,  4.7661e-04,  6.3857e-04,
         6.2607e-04,  7.4119e-05, -1.7394e-04, -8.9443e-04,  2.2141e-04,
        -3.6161e-04,  1.0188e-03,  6.5256e-04,  1.0500e-03,  4.0619e-04,
         1.0926e-03], device='cuda:0') 
 Parameter containing:
tensor([ 1.2180e-03,  6.5199e-05, -3.0153e-04, -3.9971e-04, -5.4005e-04,
         6.1452e-05,  7.0143e-04,  2.3317e-04, -1.4498e-04, -6.0460e-04,
         1.1218e-03,  8.1652e-04, -7.2239e-04,  9.9505e-04, -4.4639e-04,
        -7.7288e-04,  6.8769e-04, -2.9140e-05, -1.5482e-05, -1.1652e-03,
        -7.1400e-04, -1.0047e-04, -1.0199e-03,  2.8351e-04,  4.8952e-04,
        -5.5161e-04, -3.4855e-05, -7.2027e-04,  5.4643e-04, -2.4314e-04,
        -1.7499e-04, -8.6124e-04,  2.6165e-04, -8.2750e-04,  1.0837e-03,
         4.6571e-04,  1.1900e-04,  8.0519e-04, -5.2692e-04, -7.9048e-04,
        -3.3265e-04, -6.1189e-04, -7.9217e-04,  2.2405e-04, -2.3091e-04,
        -2.2058e-04,  1.7364e-04, -3.5137e-04, -8.7071e-05,  5.2932e-04,
         1.5171e-04,  1.0265e-03, -7.3038e-04,  5.2137e-04, -5.0625e-04,
         1.0182e-03, -6.8673e-04, -1.0092e-04,  6.3112e-04,  1.6092e-04,
        -1.1417e-03, -7.1976e-04,  5.5220e-04, -8.2814e-04, -2.8889e-04,
        -3.2949e-04,  1.2210e-03, -6.4228e-04,  3.6377e-04,  6.2038e-04,
        -2.6438e-05, -6.1300e-04, -5.7138e-04, -4.1249e-04,  3.1352e-05,
         9.9686e-05, -2.8574e-04, -9.2443e-04, -1.9555e-04,  1.0926e-03,
        -1.9868e-04, -1.1896e-03, -5.8601e-04, -1.0500e-03, -3.5447e-04,
         1.3261e-04,  3.7181e-04, -5.4593e-04, -4.8984e-04,  1.7316e-04,
        -1.0970e-03, -5.9395e-05,  7.6222e-04, -9.1593e-04,  6.6176e-04,
        -1.4295e-04, -9.2390e-04, -7.0183e-04,  2.0456e-04,  7.4738e-05,
         1.0035e-03,  4.0255e-06,  1.0772e-03, -5.0687e-04, -1.2602e-04,
         2.7294e-04,  1.5125e-05,  4.3341e-04, -6.4124e-04, -9.3419e-05,
         8.9896e-04, -9.8263e-04, -1.9152e-04, -1.1797e-03, -1.0120e-03,
         3.3580e-04, -2.3287e-04,  1.0802e-03,  9.5870e-04, -9.5111e-04,
         8.3472e-04,  1.1752e-03, -9.3304e-04, -1.0639e-03, -4.9397e-05,
        -1.1294e-03, -7.8092e-04, -7.1462e-04,  7.3120e-04, -1.2090e-03,
         4.3062e-04, -1.0602e-03, -6.4438e-04,  8.5573e-04, -9.1047e-04,
         1.8568e-04, -3.8040e-04, -9.5600e-04,  4.3012e-04,  4.3864e-04,
         4.7119e-05,  3.3301e-04, -4.3028e-05, -9.0985e-04,  3.4123e-04,
        -7.9305e-04,  5.4455e-04, -5.0842e-04, -4.8765e-04,  9.6311e-04,
        -3.6548e-04,  5.7578e-04,  8.0002e-04,  6.6655e-04, -3.8515e-04,
        -9.6588e-04, -1.2186e-03, -1.0994e-04, -4.4622e-06,  7.1960e-04,
         4.6893e-04, -1.2077e-03,  5.6916e-04,  1.7288e-04,  1.1308e-03,
         1.8447e-04,  7.0871e-04,  3.1510e-05, -1.2061e-05,  2.6214e-04,
        -7.6326e-04, -1.2222e-04, -7.2455e-04,  7.0179e-04,  1.1543e-03,
         5.7885e-04,  7.5595e-04,  4.0738e-04, -4.9971e-05,  5.1637e-04,
         1.0213e-03,  3.8010e-04,  9.6357e-04, -5.4604e-04,  6.3440e-04,
         9.4455e-04,  1.0904e-03,  1.0762e-03,  5.2955e-04, -1.2161e-03,
         3.1034e-04,  1.1245e-03, -1.4997e-04,  2.5757e-06,  6.6089e-05,
        -9.3023e-04, -2.4756e-04,  5.9952e-04, -1.7124e-04, -3.5773e-04,
        -1.2129e-03, -6.7244e-04,  2.4096e-04, -1.0287e-03, -1.6330e-04,
         2.0601e-06,  1.0830e-03, -6.0911e-04, -5.7968e-04, -1.0479e-03,
        -1.0606e-03,  1.1547e-03, -1.5849e-04, -9.6317e-04, -1.1371e-03,
        -1.0690e-03,  2.4124e-04, -1.1100e-04,  8.6855e-04, -9.1237e-04,
        -6.4053e-04,  1.1601e-03, -7.8785e-04,  4.0186e-04,  8.9962e-04,
        -4.6526e-04,  7.0960e-04, -5.9077e-04, -1.1106e-03, -1.2135e-03,
         5.6436e-04,  8.4683e-04,  3.6841e-04, -8.5543e-04, -3.7014e-04,
         2.8589e-04, -5.9746e-04,  9.4164e-04,  6.4398e-04,  5.5593e-04,
        -1.0614e-03, -2.5817e-04, -7.1908e-04,  4.7661e-04,  6.3857e-04,
         6.2607e-04,  7.4119e-05, -1.7394e-04, -8.9443e-04,  2.2141e-04,
        -3.6161e-04,  1.0188e-03,  6.5256e-04,  1.0500e-03,  4.0619e-04,
         1.0926e-03], device='cuda:0', requires_grad=True)
parameters of the network fc2.weight 
 torch.Size([128, 256]) 
 True 
 tensor([[ 0.0038, -0.0364, -0.0580,  ..., -0.0124,  0.0125,  0.0424],
        [ 0.0571,  0.0154,  0.0251,  ..., -0.0057, -0.0453,  0.0203],
        [ 0.0586, -0.0590,  0.0348,  ..., -0.0265,  0.0522, -0.0270],
        ...,
        [-0.0042, -0.0207, -0.0096,  ..., -0.0624,  0.0145,  0.0477],
        [ 0.0465,  0.0038, -0.0527,  ..., -0.0515,  0.0383, -0.0613],
        [ 0.0083,  0.0445, -0.0427,  ..., -0.0544,  0.0439,  0.0077]],
       device='cuda:0') 
 Parameter containing:
tensor([[ 0.0038, -0.0364, -0.0580,  ..., -0.0124,  0.0125,  0.0424],
        [ 0.0571,  0.0154,  0.0251,  ..., -0.0057, -0.0453,  0.0203],
        [ 0.0586, -0.0590,  0.0348,  ..., -0.0265,  0.0522, -0.0270],
        ...,
        [-0.0042, -0.0207, -0.0096,  ..., -0.0624,  0.0145,  0.0477],
        [ 0.0465,  0.0038, -0.0527,  ..., -0.0515,  0.0383, -0.0613],
        [ 0.0083,  0.0445, -0.0427,  ..., -0.0544,  0.0439,  0.0077]],
       device='cuda:0', requires_grad=True)
parameters of the network fc2.bias 
 torch.Size([128]) 
 True 
 tensor([ 0.0181, -0.0307,  0.0214, -0.0117, -0.0452,  0.0202, -0.0104, -0.0434,
        -0.0484, -0.0553, -0.0586, -0.0614,  0.0299,  0.0060, -0.0270, -0.0557,
        -0.0445,  0.0071,  0.0551,  0.0550, -0.0148,  0.0389, -0.0153,  0.0014,
        -0.0216,  0.0231, -0.0217, -0.0619, -0.0388,  0.0231, -0.0463,  0.0508,
         0.0228, -0.0027, -0.0007,  0.0223, -0.0050,  0.0302, -0.0028, -0.0248,
         0.0041, -0.0252, -0.0617,  0.0504, -0.0615, -0.0072,  0.0436,  0.0356,
         0.0555, -0.0016,  0.0116,  0.0463, -0.0398, -0.0491,  0.0214,  0.0145,
        -0.0179, -0.0440, -0.0532, -0.0381,  0.0476, -0.0592, -0.0155,  0.0447,
         0.0122,  0.0132, -0.0400, -0.0513,  0.0200,  0.0343, -0.0146, -0.0381,
         0.0597,  0.0457,  0.0442,  0.0328, -0.0349,  0.0196, -0.0158,  0.0409,
         0.0484,  0.0611,  0.0211,  0.0126, -0.0100,  0.0394, -0.0192,  0.0301,
         0.0308,  0.0044,  0.0162, -0.0365, -0.0376,  0.0310, -0.0115, -0.0343,
        -0.0418, -0.0395, -0.0432,  0.0399, -0.0592, -0.0088, -0.0028, -0.0575,
        -0.0110,  0.0397, -0.0170, -0.0324, -0.0495, -0.0582,  0.0045,  0.0371,
         0.0458,  0.0441, -0.0200,  0.0535, -0.0325, -0.0618, -0.0479,  0.0152,
         0.0126, -0.0614,  0.0544,  0.0022,  0.0148,  0.0605, -0.0205, -0.0422],
       device='cuda:0') 
 Parameter containing:
tensor([ 0.0181, -0.0307,  0.0214, -0.0117, -0.0452,  0.0202, -0.0104, -0.0434,
        -0.0484, -0.0553, -0.0586, -0.0614,  0.0299,  0.0060, -0.0270, -0.0557,
        -0.0445,  0.0071,  0.0551,  0.0550, -0.0148,  0.0389, -0.0153,  0.0014,
        -0.0216,  0.0231, -0.0217, -0.0619, -0.0388,  0.0231, -0.0463,  0.0508,
         0.0228, -0.0027, -0.0007,  0.0223, -0.0050,  0.0302, -0.0028, -0.0248,
         0.0041, -0.0252, -0.0617,  0.0504, -0.0615, -0.0072,  0.0436,  0.0356,
         0.0555, -0.0016,  0.0116,  0.0463, -0.0398, -0.0491,  0.0214,  0.0145,
        -0.0179, -0.0440, -0.0532, -0.0381,  0.0476, -0.0592, -0.0155,  0.0447,
         0.0122,  0.0132, -0.0400, -0.0513,  0.0200,  0.0343, -0.0146, -0.0381,
         0.0597,  0.0457,  0.0442,  0.0328, -0.0349,  0.0196, -0.0158,  0.0409,
         0.0484,  0.0611,  0.0211,  0.0126, -0.0100,  0.0394, -0.0192,  0.0301,
         0.0308,  0.0044,  0.0162, -0.0365, -0.0376,  0.0310, -0.0115, -0.0343,
        -0.0418, -0.0395, -0.0432,  0.0399, -0.0592, -0.0088, -0.0028, -0.0575,
        -0.0110,  0.0397, -0.0170, -0.0324, -0.0495, -0.0582,  0.0045,  0.0371,
         0.0458,  0.0441, -0.0200,  0.0535, -0.0325, -0.0618, -0.0479,  0.0152,
         0.0126, -0.0614,  0.0544,  0.0022,  0.0148,  0.0605, -0.0205, -0.0422],
       device='cuda:0', requires_grad=True)
parameters of the network fc3.weight 
 torch.Size([64, 128]) 
 True 
 tensor([[ 3.5234e-02, -6.9655e-03, -9.3124e-03,  ..., -4.2930e-02,
         -3.3769e-02,  2.0194e-03],
        [-6.2052e-02,  7.7782e-02, -2.3792e-02,  ...,  7.9644e-02,
         -1.9530e-02,  3.4468e-02],
        [-5.6292e-02,  4.3594e-02,  7.1247e-02,  ..., -7.1325e-02,
         -3.1312e-02, -8.6189e-02],
        ...,
        [ 3.1972e-02, -1.6592e-02, -8.6649e-02,  ...,  4.6467e-02,
          5.2976e-02,  3.5295e-02],
        [-5.6463e-02, -1.8406e-02,  4.6276e-02,  ...,  5.3030e-02,
         -1.8741e-02, -1.9598e-06],
        [ 3.9386e-02, -6.0090e-02, -5.5561e-02,  ..., -7.7018e-02,
         -6.4351e-02,  6.3828e-02]], device='cuda:0') 
 Parameter containing:
tensor([[ 3.5234e-02, -6.9655e-03, -9.3124e-03,  ..., -4.2930e-02,
         -3.3769e-02,  2.0194e-03],
        [-6.2052e-02,  7.7782e-02, -2.3792e-02,  ...,  7.9644e-02,
         -1.9530e-02,  3.4468e-02],
        [-5.6292e-02,  4.3594e-02,  7.1247e-02,  ..., -7.1325e-02,
         -3.1312e-02, -8.6189e-02],
        ...,
        [ 3.1972e-02, -1.6592e-02, -8.6649e-02,  ...,  4.6467e-02,
          5.2976e-02,  3.5295e-02],
        [-5.6463e-02, -1.8406e-02,  4.6276e-02,  ...,  5.3030e-02,
         -1.8741e-02, -1.9598e-06],
        [ 3.9386e-02, -6.0090e-02, -5.5561e-02,  ..., -7.7018e-02,
         -6.4351e-02,  6.3828e-02]], device='cuda:0', requires_grad=True)
parameters of the network fc3.bias 
 torch.Size([64]) 
 True 
 tensor([-0.0254, -0.0236, -0.0081,  0.0320, -0.0041,  0.0047, -0.0692, -0.0014,
         0.0297, -0.0399, -0.0250, -0.0473,  0.0513,  0.0875,  0.0742, -0.0219,
        -0.0560,  0.0866, -0.0827,  0.0526,  0.0228, -0.0850, -0.0031, -0.0861,
         0.0169, -0.0069,  0.0306, -0.0395,  0.0586, -0.0160, -0.0240, -0.0691,
        -0.0815,  0.0407, -0.0352,  0.0509, -0.0265, -0.0454, -0.0220,  0.0686,
        -0.0858, -0.0482,  0.0226,  0.0002, -0.0570,  0.0744,  0.0232,  0.0701,
         0.0421, -0.0042,  0.0721,  0.0830, -0.0868, -0.0836, -0.0496,  0.0521,
        -0.0500, -0.0141, -0.0675,  0.0548,  0.0446,  0.0655, -0.0626, -0.0648],
       device='cuda:0') 
 Parameter containing:
tensor([-0.0254, -0.0236, -0.0081,  0.0320, -0.0041,  0.0047, -0.0692, -0.0014,
         0.0297, -0.0399, -0.0250, -0.0473,  0.0513,  0.0875,  0.0742, -0.0219,
        -0.0560,  0.0866, -0.0827,  0.0526,  0.0228, -0.0850, -0.0031, -0.0861,
         0.0169, -0.0069,  0.0306, -0.0395,  0.0586, -0.0160, -0.0240, -0.0691,
        -0.0815,  0.0407, -0.0352,  0.0509, -0.0265, -0.0454, -0.0220,  0.0686,
        -0.0858, -0.0482,  0.0226,  0.0002, -0.0570,  0.0744,  0.0232,  0.0701,
         0.0421, -0.0042,  0.0721,  0.0830, -0.0868, -0.0836, -0.0496,  0.0521,
        -0.0500, -0.0141, -0.0675,  0.0548,  0.0446,  0.0655, -0.0626, -0.0648],
       device='cuda:0', requires_grad=True)
parameters of the network fc4.weight 
 torch.Size([6796, 64]) 
 True 
 tensor([[-7.3463e-05,  9.6425e-02, -5.6693e-02,  ..., -1.0822e-01,
         -5.9988e-02,  1.8883e-02],
        [ 3.4410e-02,  1.2336e-01,  2.3416e-02,  ..., -5.8082e-02,
         -1.2687e-02, -4.2119e-02],
        [-1.1176e-02,  6.0174e-02,  3.1678e-02,  ..., -5.9432e-02,
          9.7218e-02,  5.7564e-02],
        ...,
        [-8.3336e-02, -4.7386e-02, -8.6411e-02,  ...,  2.9000e-02,
          7.0465e-03, -1.6021e-02],
        [-9.2650e-02, -3.5344e-02,  1.1797e-01,  ...,  6.3418e-04,
         -3.7115e-02, -2.6039e-03],
        [-1.2467e-01, -1.1589e-01, -1.1186e-01,  ..., -2.4054e-03,
         -4.2620e-02,  3.1617e-02]], device='cuda:0') 
 Parameter containing:
tensor([[-7.3463e-05,  9.6425e-02, -5.6693e-02,  ..., -1.0822e-01,
         -5.9988e-02,  1.8883e-02],
        [ 3.4410e-02,  1.2336e-01,  2.3416e-02,  ..., -5.8082e-02,
         -1.2687e-02, -4.2119e-02],
        [-1.1176e-02,  6.0174e-02,  3.1678e-02,  ..., -5.9432e-02,
          9.7218e-02,  5.7564e-02],
        ...,
        [-8.3336e-02, -4.7386e-02, -8.6411e-02,  ...,  2.9000e-02,
          7.0465e-03, -1.6021e-02],
        [-9.2650e-02, -3.5344e-02,  1.1797e-01,  ...,  6.3418e-04,
         -3.7115e-02, -2.6039e-03],
        [-1.2467e-01, -1.1589e-01, -1.1186e-01,  ..., -2.4054e-03,
         -4.2620e-02,  3.1617e-02]], device='cuda:0', requires_grad=True)
parameters of the network fc4.bias 
 torch.Size([6796]) 
 True 
 tensor([-0.0045,  0.0881,  0.1096,  ...,  0.0938,  0.0153,  0.0989],
       device='cuda:0') 
 Parameter containing:
tensor([-0.0045,  0.0881,  0.1096,  ...,  0.0938,  0.0153,  0.0989],
       device='cuda:0', requires_grad=True)

Passing event 1007 from the network before training input tensor([[0., 0., 0.,  ..., 0., 0., 0.],
        [0., 0., 0.,  ..., 0., 0., 0.],
        [0., 0., 0.,  ..., 0., 0., 0.],
        ...,
        [0., 0., 0.,  ..., 0., 0., 0.],
        [0., 0., 0.,  ..., 0., 0., 0.],
        [0., 0., 0.,  ..., 0., 0., 0.]]) 
result1: tensor([[0.4983, 0.5181, 0.5237,  ..., 0.5238, 0.5074, 0.5253],
        [0.4982, 0.5181, 0.5238,  ..., 0.5239, 0.5074, 0.5254],
        [0.4983, 0.5181, 0.5236,  ..., 0.5239, 0.5074, 0.5253],
        ...,
        [0.4982, 0.5181, 0.5237,  ..., 0.5239, 0.5074, 0.5253],
        [0.4983, 0.5181, 0.5237,  ..., 0.5238, 0.5074, 0.5253],
        [0.4983, 0.5181, 0.5236,  ..., 0.5239, 0.5074, 0.5253]],
       device='cuda:0', grad_fn=<SigmoidBackward0>) 
result1.shape: torch.Size([20, 6796])

Passing two random events from the network before training 
result1: tensor([[0.4983, 0.5181, 0.5237,  ..., 0.5238, 0.5074, 0.5253],
        [0.4982, 0.5181, 0.5238,  ..., 0.5239, 0.5074, 0.5254],
        [0.4983, 0.5181, 0.5236,  ..., 0.5239, 0.5074, 0.5253],
        ...,
        [0.4982, 0.5181, 0.5237,  ..., 0.5239, 0.5074, 0.5253],
        [0.4983, 0.5181, 0.5237,  ..., 0.5238, 0.5074, 0.5253],
        [0.4983, 0.5181, 0.5236,  ..., 0.5239, 0.5074, 0.5253]],
       device='cuda:0', grad_fn=<SigmoidBackward0>) 
result1.shape: torch.Size([20, 6796]) 
input: [[0. 0. 0. ... 0. 0. 0.]
 [0. 0. 0. ... 0. 0. 0.]
 [0. 0. 0. ... 0. 0. 0.]
 ...
 [0. 0. 0. ... 0. 0. 0.]
 [0. 0. 0. ... 0. 0. 0.]
 [0. 0. 0. ... 0. 0. 0.]]
=> loading checkpoint from /hpcfs/bes/mlgpu/hoseinkk/MLTracking/otherparticles/pppipi/pyt_pppipi_cnn_1/checkpoint_dir/1999840284saved_checkpoint.tar



load_model True 
TraEvN 19998 
BatchSize 30.0 
EpochNum 40 
LrVal 0.0001 
weight_decay 5e-05 
startmesh 284 
endmesh 285 




Passing event 10007 from the network before training input tensor([[0., 0., 0.,  ..., 0., 0., 0.],
        [0., 0., 0.,  ..., 0., 0., 0.],
        [0., 0., 0.,  ..., 0., 0., 0.],
        ...,
        [0., 0., 0.,  ..., 0., 0., 0.],
        [0., 0., 0.,  ..., 0., 0., 0.],
        [0., 0., 0.,  ..., 0., 0., 0.]]) 
result1: tensor([9.9937e-01, 1.0000e+00, 1.0000e+00,  ..., 6.0482e-33, 8.2983e-38,
        5.9066e-13], grad_fn=<SelectBackward0>) 
result1.shape: torch.Size([6796])

Passing event 10007 from the network after training input tensor([[0., 0., 0.,  ..., 0., 0., 0.],
        [0., 0., 0.,  ..., 0., 0., 0.],
        [0., 0., 0.,  ..., 0., 0., 0.],
        ...,
        [0., 0., 0.,  ..., 0., 0., 0.],
        [0., 0., 0.,  ..., 0., 0., 0.],
        [0., 0., 0.,  ..., 0., 0., 0.]]) 
result1: tensor([0.5126, 0.4981, 0.4882,  ..., 0.5053, 0.4748, 0.4881],
       grad_fn=<SelectBackward0>) 
result1.shape: torch.Size([6796])

real	0m55.108s
user	1m11.447s
sys	0m5.081s
