0: gpu019.ihep.ac.cn
GPU 0: Tesla V100-SXM2-32GB (UUID: GPU-69b817fd-44f4-09f0-151a-848e9aa01c8f)
Allocate GPU cards : 0

modinfo:
filename:       /lib/modules/3.10.0-1160.71.1.el7.x86_64/extra/nvidia.ko.xz
firmware:       nvidia/515.65.01/gsp.bin
alias:          char-major-195-*
version:        515.65.01
supported:      external
license:        NVIDIA
retpoline:      Y
rhelversion:    7.9
srcversion:     8049D44E2C1B08F41E1B8A6
alias:          pci:v000010DEd*sv*sd*bc06sc80i00*
alias:          pci:v000010DEd*sv*sd*bc03sc02i00*
alias:          pci:v000010DEd*sv*sd*bc03sc00i00*
depends:        drm
vermagic:       3.10.0-1160.71.1.el7.x86_64 SMP mod_unload modversions 
signer:         DKMS module signing key
sig_key:        1B:D5:D4:27:0C:FC:8F:CB:7B:77:C3:F6:34:AB:2D:E7:27:30:23:6A
sig_hashalgo:   sha512
parm:           NvSwitchRegDwords:NvSwitch regkey (charp)
parm:           NvSwitchBlacklist:NvSwitchBlacklist=uuid[,uuid...] (charp)
parm:           NVreg_ResmanDebugLevel:int
parm:           NVreg_RmLogonRC:int
parm:           NVreg_ModifyDeviceFiles:int
parm:           NVreg_DeviceFileUID:int
parm:           NVreg_DeviceFileGID:int
parm:           NVreg_DeviceFileMode:int
parm:           NVreg_InitializeSystemMemoryAllocations:int
parm:           NVreg_UsePageAttributeTable:int
parm:           NVreg_EnablePCIeGen3:int
parm:           NVreg_EnableMSI:int
parm:           NVreg_TCEBypassMode:int
parm:           NVreg_EnableStreamMemOPs:int
parm:           NVreg_RestrictProfilingToAdminUsers:int
parm:           NVreg_PreserveVideoMemoryAllocations:int
parm:           NVreg_EnableS0ixPowerManagement:int
parm:           NVreg_S0ixPowerManagementVideoMemoryThreshold:int
parm:           NVreg_DynamicPowerManagement:int
parm:           NVreg_DynamicPowerManagementVideoMemoryThreshold:int
parm:           NVreg_EnableGpuFirmware:int
parm:           NVreg_EnableGpuFirmwareLogs:int
parm:           NVreg_OpenRmEnableUnsupportedGpus:int
parm:           NVreg_EnableUserNUMAManagement:int
parm:           NVreg_MemoryPoolSize:int
parm:           NVreg_KMallocHeapMaxSize:int
parm:           NVreg_VMallocHeapMaxSize:int
parm:           NVreg_IgnoreMMIOCheck:int
parm:           NVreg_NvLinkDisable:int
parm:           NVreg_EnablePCIERelaxedOrderingMode:int
parm:           NVreg_RegisterPCIDriver:int
parm:           NVreg_EnableDbgBreakpoint:int
parm:           NVreg_RegistryDwords:charp
parm:           NVreg_RegistryDwordsPerDevice:charp
parm:           NVreg_RmMsg:charp
parm:           NVreg_GpuBlacklist:charp
parm:           NVreg_TemporaryFilePath:charp
parm:           NVreg_ExcludedGpus:charp
parm:           NVreg_DmaRemapPeerMmio:int
parm:           rm_firmware_active:charp

nvidia-smi:
Mon Aug 29 19:50:50 2022       
+-----------------------------------------------------------------------------+
| NVIDIA-SMI 515.65.01    Driver Version: 515.65.01    CUDA Version: 11.7     |
|-------------------------------+----------------------+----------------------+
| GPU  Name        Persistence-M| Bus-Id        Disp.A | Volatile Uncorr. ECC |
| Fan  Temp  Perf  Pwr:Usage/Cap|         Memory-Usage | GPU-Util  Compute M. |
|                               |                      |               MIG M. |
|===============================+======================+======================|
|   0  Tesla V100-SXM2...  On   | 00000000:1F:00.0 Off |                    0 |
| N/A   43C    P0    46W / 300W |      0MiB / 32768MiB |      0%      Default |
|                               |                      |                  N/A |
+-------------------------------+----------------------+----------------------+
                                                                               
+-----------------------------------------------------------------------------+
| Processes:                                                                  |
|  GPU   GI   CI        PID   Type   Process name                  GPU Memory |
|        ID   ID                                                   Usage      |
|=============================================================================|
|  No running processes found                                                 |
+-----------------------------------------------------------------------------+

nvcc --version:
nvcc: NVIDIA (R) Cuda compiler driver
Copyright (c) 2005-2021 NVIDIA Corporation
Built on Sun_Mar_21_19:15:46_PDT_2021
Cuda compilation tools, release 11.3, V11.3.58
Build cuda_11.3.r11.3/compiler.29745058_0

 torch version: 1.10.2

 cuda version: 11.3

 is cuda available: True

 CUDNN VERSION: 8200

 Number CUDA Devices: 1

 CUDA Device Name: Tesla V100-SXM2-32GB

 CUDA Device Total Memory [GB]: 34.089926656

 Device capability: (7, 0) 

 Cuda deviice: <torch.cuda.device object at 0x2b71c9cf48e0> 

 Is cuda initialized: True

 CUDA_HOME: /hpcfs/bes/mlgpu/hoseinkk/Miniconda3/envs/dgl1

real	0m3.895s
user	0m2.458s
sys	0m0.703s
/hpcfs/bes/mlgpu/hoseinkk/Miniconda3/envs/dgl1/lib/python3.9/site-packages/cupy/_environment.py:438: UserWarning: 
--------------------------------------------------------------------------------

  CuPy may not function correctly because multiple CuPy packages are installed
  in your environment:

    cupy, cupy-cuda110

  Follow these steps to resolve this issue:

    1. For all packages listed above, run the following command to remove all
       existing CuPy installations:

         $ pip uninstall <package_name>

      If you previously installed CuPy via conda, also run the following:

         $ conda uninstall cupy

    2. Install the appropriate CuPy package.
       Refer to the Installation Guide for detailed instructions.

         https://docs.cupy.dev/en/stable/install.html

--------------------------------------------------------------------------------

  warnings.warn(f'''
/hpcfs/bes/mlgpu/hoseinkk/Miniconda3/envs/dgl1/lib/python3.9/site-packages/torch/nn/functional.py:1806: UserWarning: nn.functional.sigmoid is deprecated. Use torch.sigmoid instead.
  warnings.warn("nn.functional.sigmoid is deprecated. Use torch.sigmoid instead.")





 Loading data ... 



training set shape (20000, 43, 288) 
sum 5279207

target set shape (20000, 6796) 
sum 4575851




 The Network ... 


Net(
  (conv1): Conv2d(1, 256, kernel_size=(3, 3), stride=(1, 1))
  (conv2): Conv2d(256, 128, kernel_size=(3, 3), stride=(1, 1))
  (conv3): Conv2d(128, 64, kernel_size=(3, 3), stride=(1, 1))
  (fc1): Linear(in_features=667776, out_features=256, bias=True)
  (fc2): Linear(in_features=256, out_features=128, bias=True)
  (fc3): Linear(in_features=128, out_features=64, bias=True)
  (fc4): Linear(in_features=64, out_features=6796, bias=True)
)

number of the free parameters: 171805196
parameters of the network conv1.weight 
 torch.Size([256, 1, 3, 3]) 
 True 
 tensor([[[[-0.1090, -0.0791,  0.0513],
          [-0.0659, -0.3173,  0.2346],
          [-0.2115, -0.2290,  0.1881]]],


        [[[ 0.1344,  0.0157,  0.2351],
          [ 0.2455,  0.2358,  0.1922],
          [-0.2210,  0.0390, -0.1510]]],


        [[[-0.0012,  0.0349,  0.1067],
          [ 0.3144, -0.0788,  0.1012],
          [ 0.3313,  0.2106, -0.0932]]],


        ...,


        [[[ 0.2600, -0.0529, -0.0988],
          [-0.3324,  0.0079,  0.2056],
          [-0.0331, -0.1151,  0.0160]]],


        [[[-0.0617,  0.2396,  0.0221],
          [ 0.0087, -0.1438,  0.2062],
          [ 0.0473, -0.0815,  0.0132]]],


        [[[ 0.2243, -0.2638,  0.0068],
          [ 0.0268,  0.1828,  0.3027],
          [ 0.1122,  0.3227, -0.1490]]]], device='cuda:0') 
 Parameter containing:
tensor([[[[-0.1090, -0.0791,  0.0513],
          [-0.0659, -0.3173,  0.2346],
          [-0.2115, -0.2290,  0.1881]]],


        [[[ 0.1344,  0.0157,  0.2351],
          [ 0.2455,  0.2358,  0.1922],
          [-0.2210,  0.0390, -0.1510]]],


        [[[-0.0012,  0.0349,  0.1067],
          [ 0.3144, -0.0788,  0.1012],
          [ 0.3313,  0.2106, -0.0932]]],


        ...,


        [[[ 0.2600, -0.0529, -0.0988],
          [-0.3324,  0.0079,  0.2056],
          [-0.0331, -0.1151,  0.0160]]],


        [[[-0.0617,  0.2396,  0.0221],
          [ 0.0087, -0.1438,  0.2062],
          [ 0.0473, -0.0815,  0.0132]]],


        [[[ 0.2243, -0.2638,  0.0068],
          [ 0.0268,  0.1828,  0.3027],
          [ 0.1122,  0.3227, -0.1490]]]], device='cuda:0', requires_grad=True)
parameters of the network conv1.bias 
 torch.Size([256]) 
 True 
 tensor([ 0.1802, -0.0414, -0.1176,  0.0248,  0.2346,  0.1508,  0.0917, -0.0155,
        -0.0830, -0.2186,  0.2786, -0.2599, -0.2706, -0.2736,  0.2998, -0.1883,
        -0.0210, -0.2177,  0.1141, -0.2384, -0.1894,  0.0653,  0.1135,  0.0671,
        -0.0875, -0.0442, -0.1091,  0.2162,  0.3126, -0.1960,  0.1988, -0.2021,
         0.3273, -0.2114, -0.2436, -0.0915, -0.0910,  0.0806,  0.0755,  0.0304,
        -0.0839, -0.1069, -0.3086, -0.0639, -0.0593,  0.2796, -0.0042,  0.2538,
        -0.2611,  0.1302,  0.1903,  0.2585,  0.1160,  0.1748, -0.3035, -0.0172,
        -0.0696, -0.0813,  0.0489,  0.3126,  0.0566,  0.0395,  0.3267, -0.0313,
         0.1034, -0.2513,  0.2590,  0.0314, -0.0304,  0.1563,  0.0863, -0.2252,
        -0.2933, -0.0755, -0.0705,  0.0479,  0.2728, -0.1932,  0.2843,  0.1420,
         0.0765, -0.0857,  0.1464, -0.0818,  0.1799, -0.1210, -0.1644, -0.0381,
         0.3140, -0.1468,  0.1027, -0.2260, -0.0884, -0.0159, -0.3242, -0.2397,
         0.2211,  0.0529, -0.1122,  0.1261,  0.3249,  0.2811, -0.3260, -0.2553,
        -0.2590,  0.2283, -0.2840,  0.0389, -0.1036, -0.2921,  0.1722, -0.1452,
         0.0517, -0.2719,  0.2668,  0.0752, -0.1328,  0.2672,  0.1262,  0.2680,
         0.3015, -0.0188, -0.1306,  0.1698, -0.0544,  0.2375,  0.1853,  0.0184,
        -0.1208,  0.0927, -0.3198, -0.0895,  0.0800, -0.0390, -0.0705, -0.0864,
        -0.0592, -0.2601, -0.3249,  0.2053, -0.0983, -0.0993,  0.2559,  0.2913,
        -0.2816, -0.1908,  0.1995,  0.2643,  0.2228,  0.2972,  0.1827, -0.0858,
         0.2594, -0.0125,  0.0250, -0.2045, -0.0787,  0.2164,  0.2197,  0.2654,
        -0.1523,  0.3260, -0.1927,  0.2455, -0.1344,  0.2402,  0.1195,  0.0122,
         0.3229, -0.0917, -0.0425,  0.2897,  0.1626, -0.2862,  0.1830,  0.0439,
         0.2273, -0.0444,  0.2023, -0.1183, -0.1030,  0.2030,  0.0317, -0.1056,
        -0.0898, -0.0350,  0.1442, -0.2949,  0.2626,  0.0401,  0.2934,  0.0218,
        -0.2153, -0.0293,  0.1022, -0.1264,  0.2264, -0.1392,  0.0086,  0.2394,
         0.1134, -0.2723, -0.3254, -0.0240, -0.1675, -0.3122, -0.0443,  0.0798,
        -0.0100, -0.0496,  0.2900,  0.1971,  0.1660,  0.0697,  0.1647,  0.3288,
         0.3266,  0.1287, -0.2808, -0.1291, -0.0951, -0.3253, -0.1408, -0.1193,
        -0.1583, -0.2300, -0.0246, -0.0840,  0.0675, -0.1834, -0.0491, -0.0077,
        -0.0956,  0.1754,  0.1927, -0.0834,  0.3296,  0.2832,  0.1509, -0.1652,
        -0.1941,  0.1654, -0.1531, -0.2777,  0.2756, -0.3039, -0.0232, -0.2337,
        -0.2959, -0.0457,  0.2711, -0.1325, -0.1755, -0.0811, -0.0067, -0.2203],
       device='cuda:0') 
 Parameter containing:
tensor([ 0.1802, -0.0414, -0.1176,  0.0248,  0.2346,  0.1508,  0.0917, -0.0155,
        -0.0830, -0.2186,  0.2786, -0.2599, -0.2706, -0.2736,  0.2998, -0.1883,
        -0.0210, -0.2177,  0.1141, -0.2384, -0.1894,  0.0653,  0.1135,  0.0671,
        -0.0875, -0.0442, -0.1091,  0.2162,  0.3126, -0.1960,  0.1988, -0.2021,
         0.3273, -0.2114, -0.2436, -0.0915, -0.0910,  0.0806,  0.0755,  0.0304,
        -0.0839, -0.1069, -0.3086, -0.0639, -0.0593,  0.2796, -0.0042,  0.2538,
        -0.2611,  0.1302,  0.1903,  0.2585,  0.1160,  0.1748, -0.3035, -0.0172,
        -0.0696, -0.0813,  0.0489,  0.3126,  0.0566,  0.0395,  0.3267, -0.0313,
         0.1034, -0.2513,  0.2590,  0.0314, -0.0304,  0.1563,  0.0863, -0.2252,
        -0.2933, -0.0755, -0.0705,  0.0479,  0.2728, -0.1932,  0.2843,  0.1420,
         0.0765, -0.0857,  0.1464, -0.0818,  0.1799, -0.1210, -0.1644, -0.0381,
         0.3140, -0.1468,  0.1027, -0.2260, -0.0884, -0.0159, -0.3242, -0.2397,
         0.2211,  0.0529, -0.1122,  0.1261,  0.3249,  0.2811, -0.3260, -0.2553,
        -0.2590,  0.2283, -0.2840,  0.0389, -0.1036, -0.2921,  0.1722, -0.1452,
         0.0517, -0.2719,  0.2668,  0.0752, -0.1328,  0.2672,  0.1262,  0.2680,
         0.3015, -0.0188, -0.1306,  0.1698, -0.0544,  0.2375,  0.1853,  0.0184,
        -0.1208,  0.0927, -0.3198, -0.0895,  0.0800, -0.0390, -0.0705, -0.0864,
        -0.0592, -0.2601, -0.3249,  0.2053, -0.0983, -0.0993,  0.2559,  0.2913,
        -0.2816, -0.1908,  0.1995,  0.2643,  0.2228,  0.2972,  0.1827, -0.0858,
         0.2594, -0.0125,  0.0250, -0.2045, -0.0787,  0.2164,  0.2197,  0.2654,
        -0.1523,  0.3260, -0.1927,  0.2455, -0.1344,  0.2402,  0.1195,  0.0122,
         0.3229, -0.0917, -0.0425,  0.2897,  0.1626, -0.2862,  0.1830,  0.0439,
         0.2273, -0.0444,  0.2023, -0.1183, -0.1030,  0.2030,  0.0317, -0.1056,
        -0.0898, -0.0350,  0.1442, -0.2949,  0.2626,  0.0401,  0.2934,  0.0218,
        -0.2153, -0.0293,  0.1022, -0.1264,  0.2264, -0.1392,  0.0086,  0.2394,
         0.1134, -0.2723, -0.3254, -0.0240, -0.1675, -0.3122, -0.0443,  0.0798,
        -0.0100, -0.0496,  0.2900,  0.1971,  0.1660,  0.0697,  0.1647,  0.3288,
         0.3266,  0.1287, -0.2808, -0.1291, -0.0951, -0.3253, -0.1408, -0.1193,
        -0.1583, -0.2300, -0.0246, -0.0840,  0.0675, -0.1834, -0.0491, -0.0077,
        -0.0956,  0.1754,  0.1927, -0.0834,  0.3296,  0.2832,  0.1509, -0.1652,
        -0.1941,  0.1654, -0.1531, -0.2777,  0.2756, -0.3039, -0.0232, -0.2337,
        -0.2959, -0.0457,  0.2711, -0.1325, -0.1755, -0.0811, -0.0067, -0.2203],
       device='cuda:0', requires_grad=True)
parameters of the network conv2.weight 
 torch.Size([128, 256, 3, 3]) 
 True 
 tensor([[[[ 1.3357e-02,  1.6206e-02, -1.9985e-02],
          [ 2.0008e-02, -5.0526e-03,  9.2817e-05],
          [-7.1962e-03,  1.8319e-02,  1.0477e-02]],

         [[ 5.2301e-04,  7.0633e-03, -1.3943e-02],
          [ 1.4911e-02,  1.3350e-02,  1.5772e-03],
          [-1.9668e-02, -8.9058e-03,  1.3757e-02]],

         [[ 1.6542e-02,  1.2234e-02,  1.9309e-02],
          [-1.5948e-02, -1.9609e-02, -1.6653e-02],
          [-4.7397e-03,  1.4804e-02,  1.8585e-02]],

         ...,

         [[ 1.3317e-03,  1.2124e-02, -1.8463e-02],
          [-1.7327e-02, -1.9905e-02, -1.7955e-02],
          [-9.8122e-03, -1.1119e-02,  1.3938e-02]],

         [[-1.9902e-02,  1.4474e-02,  6.5046e-03],
          [ 1.6782e-02, -1.2775e-02,  1.8410e-02],
          [ 5.4435e-04,  8.0115e-03,  9.1950e-03]],

         [[-9.1726e-03, -1.4657e-02, -1.2840e-02],
          [-5.1231e-03, -1.5751e-02, -2.2498e-03],
          [ 3.4307e-03,  1.3248e-02, -4.4500e-03]]],


        [[[ 7.5296e-03,  3.7293e-03,  7.1245e-03],
          [ 9.1651e-03,  1.8613e-02,  2.0416e-02],
          [ 1.2311e-02,  9.1743e-03,  1.8442e-02]],

         [[-5.7955e-03, -1.7360e-02,  4.1554e-03],
          [-2.7112e-03, -6.0628e-03,  1.5250e-02],
          [ 1.1380e-02, -1.7963e-02,  8.9520e-03]],

         [[-1.8719e-02,  1.4494e-02, -2.0107e-04],
          [-3.3310e-03,  1.6212e-02,  1.8742e-02],
          [-8.5077e-03,  1.1234e-02, -1.7709e-02]],

         ...,

         [[-3.9391e-03,  1.5974e-02,  7.0796e-03],
          [-1.5800e-02, -1.3507e-02, -4.5154e-03],
          [-1.1345e-03,  1.5372e-02,  3.7759e-03]],

         [[ 6.0424e-03,  6.8092e-03,  3.0590e-03],
          [-7.3846e-03, -6.8490e-03, -6.5647e-03],
          [ 1.7875e-02, -1.8722e-02,  9.8607e-03]],

         [[ 1.0136e-02,  1.1996e-02,  5.0460e-03],
          [ 1.8236e-02,  5.4122e-03, -1.0364e-02],
          [ 4.5269e-03, -1.1320e-02,  1.8525e-02]]],


        [[[-1.0510e-02, -1.5878e-02,  1.5701e-02],
          [-9.7198e-03,  9.2879e-03,  1.6293e-02],
          [-1.3601e-02,  1.5716e-04,  2.5249e-03]],

         [[-1.7295e-02,  9.0176e-03,  1.6515e-02],
          [ 1.4952e-02, -1.7657e-02,  1.7479e-02],
          [ 1.3012e-02, -1.6696e-02, -1.7750e-02]],

         [[-1.2865e-02,  5.2008e-03, -7.2370e-03],
          [-1.2675e-03,  1.1122e-03, -1.1905e-02],
          [-1.4146e-02,  1.5032e-02, -1.9732e-02]],

         ...,

         [[ 1.0048e-02,  1.8130e-02, -9.0499e-03],
          [-2.5610e-03,  5.8757e-03,  1.7110e-02],
          [ 9.2605e-03, -9.0511e-03, -1.8571e-02]],

         [[-9.2385e-03, -7.2990e-03,  1.9515e-02],
          [ 1.5025e-02, -1.0462e-02,  1.6260e-03],
          [-6.9759e-03,  4.1462e-03, -9.1286e-03]],

         [[ 1.7761e-02, -2.4415e-03, -3.8136e-03],
          [ 1.2840e-02, -3.1265e-03, -1.6163e-02],
          [ 2.0013e-02, -1.3187e-02,  1.8621e-02]]],


        ...,


        [[[ 2.7578e-03, -1.7919e-03, -7.6742e-03],
          [-2.9702e-03, -4.8624e-03, -1.1418e-02],
          [-1.0059e-02, -4.8726e-03,  2.7558e-03]],

         [[-1.2732e-02,  1.2280e-02,  4.8117e-03],
          [-8.0811e-03, -1.3529e-02,  7.6758e-03],
          [-1.9337e-02,  4.5242e-03,  1.1706e-02]],

         [[ 1.9670e-02, -2.0183e-02,  6.8204e-03],
          [ 1.3510e-02,  3.7800e-03, -2.0061e-02],
          [ 7.2306e-03, -1.5871e-02, -2.6437e-03]],

         ...,

         [[ 5.2494e-03, -1.9879e-02,  4.6059e-03],
          [-1.3944e-02,  1.6167e-03, -7.8696e-05],
          [ 8.5543e-03, -1.3289e-02,  1.5793e-02]],

         [[-1.4433e-02, -5.3622e-03, -9.7993e-03],
          [-1.7196e-02,  5.9223e-03, -1.8858e-02],
          [ 9.9811e-03, -1.6933e-02,  2.5005e-03]],

         [[-8.3606e-03, -1.9422e-02,  1.1069e-02],
          [-1.1822e-02,  6.7409e-03,  1.1261e-02],
          [-1.0297e-02,  1.2361e-02,  1.4404e-03]]],


        [[[-1.8200e-02,  1.6380e-02, -8.1554e-04],
          [ 1.2696e-02,  1.5927e-02,  1.0405e-02],
          [-1.4423e-02, -1.7720e-02,  2.4994e-03]],

         [[ 1.4272e-02, -2.0023e-03,  1.0598e-02],
          [ 1.5219e-02,  9.9338e-03, -1.2723e-02],
          [ 1.6605e-02,  1.5446e-02, -1.7469e-02]],

         [[ 8.0607e-03,  1.1530e-02, -6.5431e-04],
          [-5.9867e-03,  1.8143e-02, -1.8535e-02],
          [ 1.8588e-02, -1.9646e-02,  1.2672e-02]],

         ...,

         [[-1.5877e-02, -1.3947e-02, -1.8170e-02],
          [ 1.9772e-02, -6.7179e-03, -2.0518e-02],
          [-1.4494e-02, -1.5606e-02, -7.8770e-03]],

         [[ 1.2710e-02, -1.1735e-03, -4.2235e-04],
          [ 1.6711e-02, -1.7336e-02, -8.0060e-03],
          [-1.8888e-03, -3.2765e-03,  2.2578e-03]],

         [[ 1.5972e-02,  2.0180e-02, -1.9560e-02],
          [-7.6475e-03, -1.1074e-02, -2.7516e-03],
          [-2.0748e-02,  1.3439e-02, -2.1359e-04]]],


        [[[ 1.6002e-02,  6.6632e-03, -2.3179e-03],
          [ 1.5033e-02,  1.6052e-02, -1.0207e-04],
          [ 2.0728e-02, -8.9873e-03, -1.0788e-02]],

         [[-2.0474e-02, -2.0132e-02, -1.1784e-03],
          [ 1.0787e-04,  2.4818e-03, -8.6850e-03],
          [ 1.8811e-02,  9.9904e-03,  3.0210e-03]],

         [[-2.0130e-03, -2.5887e-03,  9.0464e-03],
          [-3.3856e-03, -5.2412e-03,  1.6514e-02],
          [ 4.5367e-03,  1.6414e-02, -7.9707e-03]],

         ...,

         [[ 1.0245e-02, -1.9238e-02,  1.1603e-02],
          [ 1.1604e-02, -2.2659e-03, -7.5573e-03],
          [ 2.0729e-02, -1.9211e-02, -9.3439e-03]],

         [[-1.7026e-02, -1.2778e-02,  1.9726e-02],
          [-1.8225e-02, -3.9026e-03, -2.0720e-02],
          [ 1.1729e-03, -1.0541e-02, -1.7141e-02]],

         [[ 1.2568e-02, -1.3598e-02,  1.4811e-02],
          [-5.0577e-03,  4.2683e-03, -9.5868e-04],
          [ 8.0091e-03, -9.5970e-03,  1.6196e-02]]]], device='cuda:0') 
 Parameter containing:
tensor([[[[ 1.3357e-02,  1.6206e-02, -1.9985e-02],
          [ 2.0008e-02, -5.0526e-03,  9.2817e-05],
          [-7.1962e-03,  1.8319e-02,  1.0477e-02]],

         [[ 5.2301e-04,  7.0633e-03, -1.3943e-02],
          [ 1.4911e-02,  1.3350e-02,  1.5772e-03],
          [-1.9668e-02, -8.9058e-03,  1.3757e-02]],

         [[ 1.6542e-02,  1.2234e-02,  1.9309e-02],
          [-1.5948e-02, -1.9609e-02, -1.6653e-02],
          [-4.7397e-03,  1.4804e-02,  1.8585e-02]],

         ...,

         [[ 1.3317e-03,  1.2124e-02, -1.8463e-02],
          [-1.7327e-02, -1.9905e-02, -1.7955e-02],
          [-9.8122e-03, -1.1119e-02,  1.3938e-02]],

         [[-1.9902e-02,  1.4474e-02,  6.5046e-03],
          [ 1.6782e-02, -1.2775e-02,  1.8410e-02],
          [ 5.4435e-04,  8.0115e-03,  9.1950e-03]],

         [[-9.1726e-03, -1.4657e-02, -1.2840e-02],
          [-5.1231e-03, -1.5751e-02, -2.2498e-03],
          [ 3.4307e-03,  1.3248e-02, -4.4500e-03]]],


        [[[ 7.5296e-03,  3.7293e-03,  7.1245e-03],
          [ 9.1651e-03,  1.8613e-02,  2.0416e-02],
          [ 1.2311e-02,  9.1743e-03,  1.8442e-02]],

         [[-5.7955e-03, -1.7360e-02,  4.1554e-03],
          [-2.7112e-03, -6.0628e-03,  1.5250e-02],
          [ 1.1380e-02, -1.7963e-02,  8.9520e-03]],

         [[-1.8719e-02,  1.4494e-02, -2.0107e-04],
          [-3.3310e-03,  1.6212e-02,  1.8742e-02],
          [-8.5077e-03,  1.1234e-02, -1.7709e-02]],

         ...,

         [[-3.9391e-03,  1.5974e-02,  7.0796e-03],
          [-1.5800e-02, -1.3507e-02, -4.5154e-03],
          [-1.1345e-03,  1.5372e-02,  3.7759e-03]],

         [[ 6.0424e-03,  6.8092e-03,  3.0590e-03],
          [-7.3846e-03, -6.8490e-03, -6.5647e-03],
          [ 1.7875e-02, -1.8722e-02,  9.8607e-03]],

         [[ 1.0136e-02,  1.1996e-02,  5.0460e-03],
          [ 1.8236e-02,  5.4122e-03, -1.0364e-02],
          [ 4.5269e-03, -1.1320e-02,  1.8525e-02]]],


        [[[-1.0510e-02, -1.5878e-02,  1.5701e-02],
          [-9.7198e-03,  9.2879e-03,  1.6293e-02],
          [-1.3601e-02,  1.5716e-04,  2.5249e-03]],

         [[-1.7295e-02,  9.0176e-03,  1.6515e-02],
          [ 1.4952e-02, -1.7657e-02,  1.7479e-02],
          [ 1.3012e-02, -1.6696e-02, -1.7750e-02]],

         [[-1.2865e-02,  5.2008e-03, -7.2370e-03],
          [-1.2675e-03,  1.1122e-03, -1.1905e-02],
          [-1.4146e-02,  1.5032e-02, -1.9732e-02]],

         ...,

         [[ 1.0048e-02,  1.8130e-02, -9.0499e-03],
          [-2.5610e-03,  5.8757e-03,  1.7110e-02],
          [ 9.2605e-03, -9.0511e-03, -1.8571e-02]],

         [[-9.2385e-03, -7.2990e-03,  1.9515e-02],
          [ 1.5025e-02, -1.0462e-02,  1.6260e-03],
          [-6.9759e-03,  4.1462e-03, -9.1286e-03]],

         [[ 1.7761e-02, -2.4415e-03, -3.8136e-03],
          [ 1.2840e-02, -3.1265e-03, -1.6163e-02],
          [ 2.0013e-02, -1.3187e-02,  1.8621e-02]]],


        ...,


        [[[ 2.7578e-03, -1.7919e-03, -7.6742e-03],
          [-2.9702e-03, -4.8624e-03, -1.1418e-02],
          [-1.0059e-02, -4.8726e-03,  2.7558e-03]],

         [[-1.2732e-02,  1.2280e-02,  4.8117e-03],
          [-8.0811e-03, -1.3529e-02,  7.6758e-03],
          [-1.9337e-02,  4.5242e-03,  1.1706e-02]],

         [[ 1.9670e-02, -2.0183e-02,  6.8204e-03],
          [ 1.3510e-02,  3.7800e-03, -2.0061e-02],
          [ 7.2306e-03, -1.5871e-02, -2.6437e-03]],

         ...,

         [[ 5.2494e-03, -1.9879e-02,  4.6059e-03],
          [-1.3944e-02,  1.6167e-03, -7.8696e-05],
          [ 8.5543e-03, -1.3289e-02,  1.5793e-02]],

         [[-1.4433e-02, -5.3622e-03, -9.7993e-03],
          [-1.7196e-02,  5.9223e-03, -1.8858e-02],
          [ 9.9811e-03, -1.6933e-02,  2.5005e-03]],

         [[-8.3606e-03, -1.9422e-02,  1.1069e-02],
          [-1.1822e-02,  6.7409e-03,  1.1261e-02],
          [-1.0297e-02,  1.2361e-02,  1.4404e-03]]],


        [[[-1.8200e-02,  1.6380e-02, -8.1554e-04],
          [ 1.2696e-02,  1.5927e-02,  1.0405e-02],
          [-1.4423e-02, -1.7720e-02,  2.4994e-03]],

         [[ 1.4272e-02, -2.0023e-03,  1.0598e-02],
          [ 1.5219e-02,  9.9338e-03, -1.2723e-02],
          [ 1.6605e-02,  1.5446e-02, -1.7469e-02]],

         [[ 8.0607e-03,  1.1530e-02, -6.5431e-04],
          [-5.9867e-03,  1.8143e-02, -1.8535e-02],
          [ 1.8588e-02, -1.9646e-02,  1.2672e-02]],

         ...,

         [[-1.5877e-02, -1.3947e-02, -1.8170e-02],
          [ 1.9772e-02, -6.7179e-03, -2.0518e-02],
          [-1.4494e-02, -1.5606e-02, -7.8770e-03]],

         [[ 1.2710e-02, -1.1735e-03, -4.2235e-04],
          [ 1.6711e-02, -1.7336e-02, -8.0060e-03],
          [-1.8888e-03, -3.2765e-03,  2.2578e-03]],

         [[ 1.5972e-02,  2.0180e-02, -1.9560e-02],
          [-7.6475e-03, -1.1074e-02, -2.7516e-03],
          [-2.0748e-02,  1.3439e-02, -2.1359e-04]]],


        [[[ 1.6002e-02,  6.6632e-03, -2.3179e-03],
          [ 1.5033e-02,  1.6052e-02, -1.0207e-04],
          [ 2.0728e-02, -8.9873e-03, -1.0788e-02]],

         [[-2.0474e-02, -2.0132e-02, -1.1784e-03],
          [ 1.0787e-04,  2.4818e-03, -8.6850e-03],
          [ 1.8811e-02,  9.9904e-03,  3.0210e-03]],

         [[-2.0130e-03, -2.5887e-03,  9.0464e-03],
          [-3.3856e-03, -5.2412e-03,  1.6514e-02],
          [ 4.5367e-03,  1.6414e-02, -7.9707e-03]],

         ...,

         [[ 1.0245e-02, -1.9238e-02,  1.1603e-02],
          [ 1.1604e-02, -2.2659e-03, -7.5573e-03],
          [ 2.0729e-02, -1.9211e-02, -9.3439e-03]],

         [[-1.7026e-02, -1.2778e-02,  1.9726e-02],
          [-1.8225e-02, -3.9026e-03, -2.0720e-02],
          [ 1.1729e-03, -1.0541e-02, -1.7141e-02]],

         [[ 1.2568e-02, -1.3598e-02,  1.4811e-02],
          [-5.0577e-03,  4.2683e-03, -9.5868e-04],
          [ 8.0091e-03, -9.5970e-03,  1.6196e-02]]]], device='cuda:0',
       requires_grad=True)
parameters of the network conv2.bias 
 torch.Size([128]) 
 True 
 tensor([-1.7585e-02, -5.1693e-04, -1.4180e-02, -2.0162e-02, -2.9384e-03,
         1.9320e-02,  1.6957e-02, -1.7297e-03, -1.1472e-02, -1.6082e-03,
        -3.0047e-03,  5.3509e-03, -8.5206e-03, -5.7779e-03,  1.8503e-02,
         5.9637e-03,  1.4260e-03, -1.8201e-02,  2.8674e-03,  1.2943e-03,
         2.0232e-02,  8.9079e-04, -2.0587e-02, -8.3107e-03, -1.7007e-03,
        -1.3195e-02, -8.5776e-03, -1.0827e-02,  6.2019e-03,  5.1650e-03,
        -3.6747e-03, -1.2394e-04,  1.2837e-03,  6.3258e-03, -7.1661e-03,
         4.7300e-03, -7.5272e-03,  1.9650e-03,  5.5590e-04, -8.2649e-03,
         1.7621e-02,  9.1216e-03,  1.2041e-02,  5.6655e-03, -1.0729e-02,
         9.0703e-03,  9.2905e-03,  5.1030e-03, -8.9940e-03,  4.3050e-03,
        -5.1457e-03,  1.2237e-03, -5.9403e-03,  1.4740e-03,  2.0624e-02,
        -3.0320e-03, -1.1242e-02,  7.8799e-04,  1.5770e-02,  1.8619e-04,
        -1.0541e-02,  5.1745e-03, -1.1145e-02,  8.3683e-03, -1.2636e-02,
         1.7844e-02,  2.0385e-02, -8.3180e-04,  1.9764e-03, -6.6572e-03,
         3.4025e-03, -9.9176e-03,  1.2297e-02, -6.4300e-03, -1.4307e-02,
        -5.9698e-03, -6.9341e-03,  8.0925e-03, -1.1427e-02,  9.6603e-03,
        -1.5210e-03,  8.9982e-03, -1.3969e-02,  3.3706e-03, -6.2042e-03,
         7.5208e-03,  6.0745e-04,  1.3982e-02,  4.8469e-03, -1.1643e-02,
        -6.3186e-04, -2.0036e-02, -8.2943e-03, -1.4974e-02, -1.5110e-02,
         4.3639e-03, -1.4949e-02,  7.4066e-03, -7.9676e-04,  1.7804e-02,
         5.7723e-03,  1.2374e-02, -1.0911e-02, -2.0492e-02,  5.6582e-05,
        -6.1316e-03,  3.0332e-03, -1.2896e-02, -7.5512e-03,  1.6586e-03,
        -1.1838e-02, -7.3263e-03,  1.3175e-02,  7.3043e-03, -7.1849e-03,
         2.4347e-03,  7.9150e-03,  1.9989e-02,  1.8737e-02,  3.2084e-03,
         4.4746e-03,  1.5190e-02,  9.8881e-03, -7.0486e-03,  1.7734e-02,
        -1.1102e-02, -7.2463e-03,  7.8562e-03], device='cuda:0') 
 Parameter containing:
tensor([-1.7585e-02, -5.1693e-04, -1.4180e-02, -2.0162e-02, -2.9384e-03,
         1.9320e-02,  1.6957e-02, -1.7297e-03, -1.1472e-02, -1.6082e-03,
        -3.0047e-03,  5.3509e-03, -8.5206e-03, -5.7779e-03,  1.8503e-02,
         5.9637e-03,  1.4260e-03, -1.8201e-02,  2.8674e-03,  1.2943e-03,
         2.0232e-02,  8.9079e-04, -2.0587e-02, -8.3107e-03, -1.7007e-03,
        -1.3195e-02, -8.5776e-03, -1.0827e-02,  6.2019e-03,  5.1650e-03,
        -3.6747e-03, -1.2394e-04,  1.2837e-03,  6.3258e-03, -7.1661e-03,
         4.7300e-03, -7.5272e-03,  1.9650e-03,  5.5590e-04, -8.2649e-03,
         1.7621e-02,  9.1216e-03,  1.2041e-02,  5.6655e-03, -1.0729e-02,
         9.0703e-03,  9.2905e-03,  5.1030e-03, -8.9940e-03,  4.3050e-03,
        -5.1457e-03,  1.2237e-03, -5.9403e-03,  1.4740e-03,  2.0624e-02,
        -3.0320e-03, -1.1242e-02,  7.8799e-04,  1.5770e-02,  1.8619e-04,
        -1.0541e-02,  5.1745e-03, -1.1145e-02,  8.3683e-03, -1.2636e-02,
         1.7844e-02,  2.0385e-02, -8.3180e-04,  1.9764e-03, -6.6572e-03,
         3.4025e-03, -9.9176e-03,  1.2297e-02, -6.4300e-03, -1.4307e-02,
        -5.9698e-03, -6.9341e-03,  8.0925e-03, -1.1427e-02,  9.6603e-03,
        -1.5210e-03,  8.9982e-03, -1.3969e-02,  3.3706e-03, -6.2042e-03,
         7.5208e-03,  6.0745e-04,  1.3982e-02,  4.8469e-03, -1.1643e-02,
        -6.3186e-04, -2.0036e-02, -8.2943e-03, -1.4974e-02, -1.5110e-02,
         4.3639e-03, -1.4949e-02,  7.4066e-03, -7.9676e-04,  1.7804e-02,
         5.7723e-03,  1.2374e-02, -1.0911e-02, -2.0492e-02,  5.6582e-05,
        -6.1316e-03,  3.0332e-03, -1.2896e-02, -7.5512e-03,  1.6586e-03,
        -1.1838e-02, -7.3263e-03,  1.3175e-02,  7.3043e-03, -7.1849e-03,
         2.4347e-03,  7.9150e-03,  1.9989e-02,  1.8737e-02,  3.2084e-03,
         4.4746e-03,  1.5190e-02,  9.8881e-03, -7.0486e-03,  1.7734e-02,
        -1.1102e-02, -7.2463e-03,  7.8562e-03], device='cuda:0',
       requires_grad=True)
parameters of the network conv3.weight 
 torch.Size([64, 128, 3, 3]) 
 True 
 tensor([[[[-0.0093, -0.0116,  0.0045],
          [ 0.0180, -0.0003,  0.0282],
          [-0.0134,  0.0272, -0.0207]],

         [[-0.0231,  0.0114,  0.0284],
          [ 0.0244,  0.0182,  0.0259],
          [ 0.0101, -0.0158, -0.0146]],

         [[-0.0180, -0.0206, -0.0246],
          [-0.0248, -0.0141,  0.0078],
          [ 0.0066, -0.0220,  0.0200]],

         ...,

         [[-0.0141,  0.0199, -0.0246],
          [ 0.0002,  0.0191, -0.0039],
          [-0.0206, -0.0008, -0.0112]],

         [[-0.0286, -0.0225, -0.0102],
          [ 0.0152, -0.0180, -0.0187],
          [-0.0037,  0.0014, -0.0204]],

         [[-0.0115,  0.0215,  0.0177],
          [-0.0157, -0.0015,  0.0205],
          [ 0.0005, -0.0041, -0.0146]]],


        [[[ 0.0170, -0.0271,  0.0244],
          [-0.0048,  0.0168,  0.0263],
          [-0.0096, -0.0041, -0.0185]],

         [[-0.0104,  0.0253, -0.0141],
          [-0.0223,  0.0067,  0.0001],
          [ 0.0188,  0.0249, -0.0202]],

         [[-0.0163,  0.0263,  0.0194],
          [ 0.0065,  0.0075,  0.0102],
          [ 0.0160, -0.0189, -0.0271]],

         ...,

         [[ 0.0037, -0.0280,  0.0257],
          [ 0.0014, -0.0284,  0.0088],
          [ 0.0218,  0.0287, -0.0180]],

         [[-0.0016,  0.0082, -0.0167],
          [ 0.0126,  0.0292, -0.0039],
          [-0.0168,  0.0276,  0.0216]],

         [[ 0.0209, -0.0040, -0.0071],
          [ 0.0182, -0.0209, -0.0275],
          [ 0.0101, -0.0148, -0.0146]]],


        [[[ 0.0206,  0.0212, -0.0071],
          [ 0.0251, -0.0243, -0.0037],
          [-0.0184, -0.0030, -0.0221]],

         [[-0.0275, -0.0181,  0.0017],
          [ 0.0032, -0.0277,  0.0192],
          [-0.0132,  0.0185, -0.0034]],

         [[ 0.0011, -0.0293, -0.0064],
          [ 0.0037,  0.0143, -0.0055],
          [ 0.0172, -0.0254,  0.0186]],

         ...,

         [[-0.0193, -0.0043, -0.0110],
          [-0.0057,  0.0240,  0.0147],
          [ 0.0240,  0.0272,  0.0178]],

         [[-0.0222, -0.0235, -0.0023],
          [ 0.0117, -0.0218,  0.0017],
          [ 0.0246, -0.0101, -0.0192]],

         [[-0.0224,  0.0221,  0.0070],
          [-0.0223,  0.0186,  0.0226],
          [ 0.0190,  0.0250,  0.0244]]],


        ...,


        [[[-0.0095, -0.0114, -0.0140],
          [-0.0166, -0.0181,  0.0222],
          [ 0.0166, -0.0138, -0.0086]],

         [[-0.0121,  0.0252,  0.0117],
          [-0.0215, -0.0185, -0.0037],
          [ 0.0066, -0.0096, -0.0192]],

         [[ 0.0103,  0.0254,  0.0254],
          [-0.0176,  0.0166, -0.0068],
          [-0.0125,  0.0137,  0.0284]],

         ...,

         [[ 0.0241,  0.0285, -0.0098],
          [-0.0269,  0.0017, -0.0094],
          [-0.0061, -0.0060,  0.0263]],

         [[-0.0290, -0.0192,  0.0042],
          [ 0.0216,  0.0023,  0.0227],
          [ 0.0194,  0.0176,  0.0193]],

         [[ 0.0218,  0.0234, -0.0280],
          [-0.0260,  0.0194,  0.0230],
          [-0.0144, -0.0145,  0.0164]]],


        [[[-0.0220,  0.0266, -0.0181],
          [-0.0268, -0.0119, -0.0240],
          [ 0.0010, -0.0208, -0.0294]],

         [[-0.0232,  0.0209,  0.0016],
          [-0.0020,  0.0178, -0.0212],
          [ 0.0009, -0.0051,  0.0028]],

         [[-0.0275, -0.0077,  0.0082],
          [ 0.0135, -0.0058, -0.0215],
          [-0.0126,  0.0111,  0.0267]],

         ...,

         [[-0.0157,  0.0205, -0.0198],
          [ 0.0052,  0.0010,  0.0261],
          [-0.0010,  0.0246,  0.0107]],

         [[-0.0272, -0.0241, -0.0105],
          [ 0.0285, -0.0097, -0.0282],
          [ 0.0174,  0.0155, -0.0251]],

         [[ 0.0250,  0.0259,  0.0005],
          [ 0.0275,  0.0248, -0.0292],
          [ 0.0226,  0.0287, -0.0059]]],


        [[[-0.0014, -0.0233,  0.0033],
          [-0.0276,  0.0052, -0.0282],
          [ 0.0283, -0.0171,  0.0197]],

         [[ 0.0255, -0.0106,  0.0138],
          [ 0.0087, -0.0185, -0.0031],
          [-0.0014, -0.0255,  0.0079]],

         [[ 0.0147,  0.0029, -0.0273],
          [-0.0076, -0.0206, -0.0273],
          [-0.0023, -0.0261,  0.0279]],

         ...,

         [[ 0.0088, -0.0201,  0.0273],
          [-0.0103, -0.0161,  0.0081],
          [-0.0281,  0.0249,  0.0067]],

         [[ 0.0095,  0.0119, -0.0121],
          [-0.0121, -0.0043, -0.0194],
          [ 0.0178, -0.0107,  0.0044]],

         [[-0.0217,  0.0138, -0.0022],
          [ 0.0092, -0.0067,  0.0040],
          [ 0.0010,  0.0065,  0.0199]]]], device='cuda:0') 
 Parameter containing:
tensor([[[[-0.0093, -0.0116,  0.0045],
          [ 0.0180, -0.0003,  0.0282],
          [-0.0134,  0.0272, -0.0207]],

         [[-0.0231,  0.0114,  0.0284],
          [ 0.0244,  0.0182,  0.0259],
          [ 0.0101, -0.0158, -0.0146]],

         [[-0.0180, -0.0206, -0.0246],
          [-0.0248, -0.0141,  0.0078],
          [ 0.0066, -0.0220,  0.0200]],

         ...,

         [[-0.0141,  0.0199, -0.0246],
          [ 0.0002,  0.0191, -0.0039],
          [-0.0206, -0.0008, -0.0112]],

         [[-0.0286, -0.0225, -0.0102],
          [ 0.0152, -0.0180, -0.0187],
          [-0.0037,  0.0014, -0.0204]],

         [[-0.0115,  0.0215,  0.0177],
          [-0.0157, -0.0015,  0.0205],
          [ 0.0005, -0.0041, -0.0146]]],


        [[[ 0.0170, -0.0271,  0.0244],
          [-0.0048,  0.0168,  0.0263],
          [-0.0096, -0.0041, -0.0185]],

         [[-0.0104,  0.0253, -0.0141],
          [-0.0223,  0.0067,  0.0001],
          [ 0.0188,  0.0249, -0.0202]],

         [[-0.0163,  0.0263,  0.0194],
          [ 0.0065,  0.0075,  0.0102],
          [ 0.0160, -0.0189, -0.0271]],

         ...,

         [[ 0.0037, -0.0280,  0.0257],
          [ 0.0014, -0.0284,  0.0088],
          [ 0.0218,  0.0287, -0.0180]],

         [[-0.0016,  0.0082, -0.0167],
          [ 0.0126,  0.0292, -0.0039],
          [-0.0168,  0.0276,  0.0216]],

         [[ 0.0209, -0.0040, -0.0071],
          [ 0.0182, -0.0209, -0.0275],
          [ 0.0101, -0.0148, -0.0146]]],


        [[[ 0.0206,  0.0212, -0.0071],
          [ 0.0251, -0.0243, -0.0037],
          [-0.0184, -0.0030, -0.0221]],

         [[-0.0275, -0.0181,  0.0017],
          [ 0.0032, -0.0277,  0.0192],
          [-0.0132,  0.0185, -0.0034]],

         [[ 0.0011, -0.0293, -0.0064],
          [ 0.0037,  0.0143, -0.0055],
          [ 0.0172, -0.0254,  0.0186]],

         ...,

         [[-0.0193, -0.0043, -0.0110],
          [-0.0057,  0.0240,  0.0147],
          [ 0.0240,  0.0272,  0.0178]],

         [[-0.0222, -0.0235, -0.0023],
          [ 0.0117, -0.0218,  0.0017],
          [ 0.0246, -0.0101, -0.0192]],

         [[-0.0224,  0.0221,  0.0070],
          [-0.0223,  0.0186,  0.0226],
          [ 0.0190,  0.0250,  0.0244]]],


        ...,


        [[[-0.0095, -0.0114, -0.0140],
          [-0.0166, -0.0181,  0.0222],
          [ 0.0166, -0.0138, -0.0086]],

         [[-0.0121,  0.0252,  0.0117],
          [-0.0215, -0.0185, -0.0037],
          [ 0.0066, -0.0096, -0.0192]],

         [[ 0.0103,  0.0254,  0.0254],
          [-0.0176,  0.0166, -0.0068],
          [-0.0125,  0.0137,  0.0284]],

         ...,

         [[ 0.0241,  0.0285, -0.0098],
          [-0.0269,  0.0017, -0.0094],
          [-0.0061, -0.0060,  0.0263]],

         [[-0.0290, -0.0192,  0.0042],
          [ 0.0216,  0.0023,  0.0227],
          [ 0.0194,  0.0176,  0.0193]],

         [[ 0.0218,  0.0234, -0.0280],
          [-0.0260,  0.0194,  0.0230],
          [-0.0144, -0.0145,  0.0164]]],


        [[[-0.0220,  0.0266, -0.0181],
          [-0.0268, -0.0119, -0.0240],
          [ 0.0010, -0.0208, -0.0294]],

         [[-0.0232,  0.0209,  0.0016],
          [-0.0020,  0.0178, -0.0212],
          [ 0.0009, -0.0051,  0.0028]],

         [[-0.0275, -0.0077,  0.0082],
          [ 0.0135, -0.0058, -0.0215],
          [-0.0126,  0.0111,  0.0267]],

         ...,

         [[-0.0157,  0.0205, -0.0198],
          [ 0.0052,  0.0010,  0.0261],
          [-0.0010,  0.0246,  0.0107]],

         [[-0.0272, -0.0241, -0.0105],
          [ 0.0285, -0.0097, -0.0282],
          [ 0.0174,  0.0155, -0.0251]],

         [[ 0.0250,  0.0259,  0.0005],
          [ 0.0275,  0.0248, -0.0292],
          [ 0.0226,  0.0287, -0.0059]]],


        [[[-0.0014, -0.0233,  0.0033],
          [-0.0276,  0.0052, -0.0282],
          [ 0.0283, -0.0171,  0.0197]],

         [[ 0.0255, -0.0106,  0.0138],
          [ 0.0087, -0.0185, -0.0031],
          [-0.0014, -0.0255,  0.0079]],

         [[ 0.0147,  0.0029, -0.0273],
          [-0.0076, -0.0206, -0.0273],
          [-0.0023, -0.0261,  0.0279]],

         ...,

         [[ 0.0088, -0.0201,  0.0273],
          [-0.0103, -0.0161,  0.0081],
          [-0.0281,  0.0249,  0.0067]],

         [[ 0.0095,  0.0119, -0.0121],
          [-0.0121, -0.0043, -0.0194],
          [ 0.0178, -0.0107,  0.0044]],

         [[-0.0217,  0.0138, -0.0022],
          [ 0.0092, -0.0067,  0.0040],
          [ 0.0010,  0.0065,  0.0199]]]], device='cuda:0', requires_grad=True)
parameters of the network conv3.bias 
 torch.Size([64]) 
 True 
 tensor([ 0.0154,  0.0215, -0.0268, -0.0210,  0.0149,  0.0045,  0.0268, -0.0093,
         0.0093, -0.0227,  0.0001,  0.0029, -0.0093, -0.0177,  0.0104,  0.0279,
         0.0035, -0.0213,  0.0062,  0.0191,  0.0244,  0.0171,  0.0048,  0.0272,
        -0.0112,  0.0206,  0.0010,  0.0062, -0.0013, -0.0278,  0.0148, -0.0049,
        -0.0045,  0.0199, -0.0208, -0.0032,  0.0023, -0.0118, -0.0121, -0.0288,
         0.0130,  0.0004,  0.0062, -0.0146,  0.0093, -0.0044,  0.0257, -0.0087,
         0.0183, -0.0288,  0.0224, -0.0118,  0.0246, -0.0006, -0.0245, -0.0285,
        -0.0027, -0.0089, -0.0266, -0.0157,  0.0139, -0.0199, -0.0089,  0.0140],
       device='cuda:0') 
 Parameter containing:
tensor([ 0.0154,  0.0215, -0.0268, -0.0210,  0.0149,  0.0045,  0.0268, -0.0093,
         0.0093, -0.0227,  0.0001,  0.0029, -0.0093, -0.0177,  0.0104,  0.0279,
         0.0035, -0.0213,  0.0062,  0.0191,  0.0244,  0.0171,  0.0048,  0.0272,
        -0.0112,  0.0206,  0.0010,  0.0062, -0.0013, -0.0278,  0.0148, -0.0049,
        -0.0045,  0.0199, -0.0208, -0.0032,  0.0023, -0.0118, -0.0121, -0.0288,
         0.0130,  0.0004,  0.0062, -0.0146,  0.0093, -0.0044,  0.0257, -0.0087,
         0.0183, -0.0288,  0.0224, -0.0118,  0.0246, -0.0006, -0.0245, -0.0285,
        -0.0027, -0.0089, -0.0266, -0.0157,  0.0139, -0.0199, -0.0089,  0.0140],
       device='cuda:0', requires_grad=True)
parameters of the network fc1.weight 
 torch.Size([256, 667776]) 
 True 
 tensor([[-2.5550e-04, -1.5315e-04,  1.2194e-04,  ...,  7.1718e-04,
          8.5757e-04,  6.0386e-04],
        [-5.9363e-04, -7.3023e-04, -8.1723e-04,  ..., -6.4021e-04,
          1.0869e-03, -5.0053e-05],
        [ 6.0988e-04,  5.5181e-04,  3.7563e-04,  ...,  6.4254e-04,
         -6.1765e-04,  3.5374e-04],
        ...,
        [-4.6651e-04, -1.0982e-03, -5.3884e-04,  ..., -6.1077e-04,
          4.3767e-04,  9.4295e-04],
        [ 1.1175e-03, -1.0590e-03, -1.0338e-03,  ...,  8.5628e-04,
         -7.3154e-04, -8.3051e-04],
        [-7.4595e-04,  2.3648e-04, -9.8501e-04,  ...,  1.1940e-04,
         -7.6753e-04, -1.1230e-03]], device='cuda:0') 
 Parameter containing:
tensor([[-2.5550e-04, -1.5315e-04,  1.2194e-04,  ...,  7.1718e-04,
          8.5757e-04,  6.0386e-04],
        [-5.9363e-04, -7.3023e-04, -8.1723e-04,  ..., -6.4021e-04,
          1.0869e-03, -5.0053e-05],
        [ 6.0988e-04,  5.5181e-04,  3.7563e-04,  ...,  6.4254e-04,
         -6.1765e-04,  3.5374e-04],
        ...,
        [-4.6651e-04, -1.0982e-03, -5.3884e-04,  ..., -6.1077e-04,
          4.3767e-04,  9.4295e-04],
        [ 1.1175e-03, -1.0590e-03, -1.0338e-03,  ...,  8.5628e-04,
         -7.3154e-04, -8.3051e-04],
        [-7.4595e-04,  2.3648e-04, -9.8501e-04,  ...,  1.1940e-04,
         -7.6753e-04, -1.1230e-03]], device='cuda:0', requires_grad=True)
parameters of the network fc1.bias 
 torch.Size([256]) 
 True 
 tensor([-4.1907e-04, -4.3979e-04,  7.3484e-04, -9.4810e-04, -2.3784e-05,
        -6.4755e-04, -7.9017e-04, -5.4661e-04, -1.1225e-03,  7.8210e-04,
         1.0881e-03, -6.1776e-04,  1.0585e-03,  4.4493e-04, -1.0282e-03,
        -9.7778e-04,  3.4787e-05,  7.9127e-05, -4.5097e-04,  9.3708e-04,
         8.9637e-04,  3.4758e-05,  9.5906e-05, -1.2170e-03, -4.9357e-05,
         4.2650e-04,  4.7434e-04,  7.6560e-04,  4.3605e-04,  5.0117e-04,
         8.4323e-04, -1.2653e-05, -7.0815e-04, -7.1635e-04,  6.3701e-05,
        -3.7994e-04, -3.0115e-04,  4.8180e-04,  5.8747e-05,  2.2830e-04,
        -1.8862e-04, -9.1390e-04,  9.5267e-04, -9.1307e-04, -8.6538e-04,
        -1.1401e-03, -1.1978e-03,  1.1714e-04, -4.3669e-04, -7.3148e-04,
        -6.5333e-04, -1.1699e-03,  2.4039e-04, -1.1020e-03,  7.9315e-04,
        -5.0674e-04, -1.0595e-03,  8.8401e-04, -9.7601e-04,  7.0951e-04,
         2.2023e-04, -2.7634e-04, -6.6869e-04, -1.3847e-04,  5.3339e-04,
        -4.3950e-04, -4.6091e-04, -2.0007e-04, -6.5136e-04, -6.1185e-04,
        -4.0294e-04,  5.8783e-04,  5.8410e-04, -1.0504e-03,  1.1745e-03,
        -3.9545e-04, -5.9333e-05,  1.2153e-03,  6.4629e-04, -8.4235e-04,
        -9.1816e-04,  3.5871e-04, -1.4327e-04, -1.0584e-04, -3.0905e-04,
        -8.2912e-04,  2.5780e-05,  3.5407e-04, -6.7748e-04,  7.9054e-04,
         5.5431e-04,  4.0386e-04, -4.0640e-05,  7.5997e-05,  9.7406e-04,
         1.1016e-03, -1.1431e-03, -1.2786e-04, -1.1651e-03,  8.8224e-04,
         4.5556e-04, -2.2227e-04,  2.0633e-04,  6.3459e-04, -3.7176e-05,
        -1.0017e-03,  1.0374e-03, -5.3983e-06, -1.0876e-03,  4.0075e-04,
         1.0161e-03,  2.3385e-04,  8.1120e-04,  3.5934e-04,  2.1318e-05,
        -7.8090e-04, -2.2613e-04,  8.6549e-04,  1.0709e-03,  6.5678e-05,
        -8.0628e-04, -8.3152e-04, -4.6432e-04,  9.2943e-04,  3.6573e-04,
         4.0341e-04,  3.9390e-04,  1.2011e-03, -1.4205e-04,  3.6584e-04,
         3.5145e-04, -5.7041e-04, -2.4487e-04, -1.0594e-03, -7.2357e-04,
         4.0752e-04,  5.9585e-04, -9.5960e-04, -2.3772e-04, -1.2072e-03,
        -8.8004e-04, -3.6112e-04, -1.0987e-03, -9.1080e-04,  1.1709e-03,
         5.4759e-04, -1.1512e-03, -5.5885e-04, -9.0299e-04, -1.2196e-03,
         6.2946e-04,  3.5993e-04,  1.1617e-03,  5.6818e-04, -5.8368e-04,
         1.0085e-03, -7.0575e-04,  8.7894e-04, -4.9852e-04, -9.6925e-04,
        -7.1389e-04,  1.2662e-04, -1.5398e-04, -1.1082e-04,  2.6088e-04,
        -8.0294e-04, -4.7732e-04,  7.7363e-04,  1.1098e-03,  1.8371e-04,
        -1.1555e-04,  5.5088e-04,  9.7310e-04, -1.2108e-03,  3.3878e-04,
        -1.5018e-04, -7.4108e-04, -1.1298e-03, -2.4633e-04,  8.6273e-04,
         5.2929e-04, -2.7157e-04, -9.8368e-05,  9.8145e-04,  1.0172e-03,
         1.1393e-03,  6.3679e-04,  1.2035e-03,  9.2132e-04, -6.0538e-04,
        -6.2185e-05, -3.5919e-04, -9.8170e-04, -5.2162e-04, -6.3732e-04,
         3.1757e-04, -8.4799e-04, -1.1715e-03,  1.0626e-03, -5.2937e-04,
         7.8560e-04,  8.3012e-04,  5.3902e-04, -3.2693e-04,  1.1988e-03,
         6.8585e-04,  1.7626e-04,  4.8212e-04,  8.6911e-04, -3.1646e-04,
        -6.2644e-04, -3.1468e-04, -1.0913e-03, -3.4153e-04,  8.8611e-04,
         5.4240e-04, -3.4996e-04,  9.2833e-04,  4.0477e-04,  1.0720e-04,
        -6.3510e-04, -1.1653e-03,  6.4543e-04, -1.1114e-03, -1.1982e-03,
        -2.8020e-05, -7.5938e-04,  1.5804e-04,  4.2496e-04, -3.3698e-04,
        -1.4141e-04,  8.8151e-04, -3.6687e-05,  9.9975e-04,  5.0951e-04,
         7.5473e-05,  1.1098e-03,  1.1491e-03,  1.6418e-04,  3.3412e-04,
         3.4717e-04, -8.1176e-04, -9.3139e-04, -8.9446e-04,  9.2722e-04,
        -4.8858e-05, -1.4602e-04,  1.8149e-04,  1.5157e-04,  6.7421e-04,
        -8.9770e-04,  6.7003e-04, -4.6145e-04,  1.4372e-04, -1.0395e-03,
         6.0886e-04], device='cuda:0') 
 Parameter containing:
tensor([-4.1907e-04, -4.3979e-04,  7.3484e-04, -9.4810e-04, -2.3784e-05,
        -6.4755e-04, -7.9017e-04, -5.4661e-04, -1.1225e-03,  7.8210e-04,
         1.0881e-03, -6.1776e-04,  1.0585e-03,  4.4493e-04, -1.0282e-03,
        -9.7778e-04,  3.4787e-05,  7.9127e-05, -4.5097e-04,  9.3708e-04,
         8.9637e-04,  3.4758e-05,  9.5906e-05, -1.2170e-03, -4.9357e-05,
         4.2650e-04,  4.7434e-04,  7.6560e-04,  4.3605e-04,  5.0117e-04,
         8.4323e-04, -1.2653e-05, -7.0815e-04, -7.1635e-04,  6.3701e-05,
        -3.7994e-04, -3.0115e-04,  4.8180e-04,  5.8747e-05,  2.2830e-04,
        -1.8862e-04, -9.1390e-04,  9.5267e-04, -9.1307e-04, -8.6538e-04,
        -1.1401e-03, -1.1978e-03,  1.1714e-04, -4.3669e-04, -7.3148e-04,
        -6.5333e-04, -1.1699e-03,  2.4039e-04, -1.1020e-03,  7.9315e-04,
        -5.0674e-04, -1.0595e-03,  8.8401e-04, -9.7601e-04,  7.0951e-04,
         2.2023e-04, -2.7634e-04, -6.6869e-04, -1.3847e-04,  5.3339e-04,
        -4.3950e-04, -4.6091e-04, -2.0007e-04, -6.5136e-04, -6.1185e-04,
        -4.0294e-04,  5.8783e-04,  5.8410e-04, -1.0504e-03,  1.1745e-03,
        -3.9545e-04, -5.9333e-05,  1.2153e-03,  6.4629e-04, -8.4235e-04,
        -9.1816e-04,  3.5871e-04, -1.4327e-04, -1.0584e-04, -3.0905e-04,
        -8.2912e-04,  2.5780e-05,  3.5407e-04, -6.7748e-04,  7.9054e-04,
         5.5431e-04,  4.0386e-04, -4.0640e-05,  7.5997e-05,  9.7406e-04,
         1.1016e-03, -1.1431e-03, -1.2786e-04, -1.1651e-03,  8.8224e-04,
         4.5556e-04, -2.2227e-04,  2.0633e-04,  6.3459e-04, -3.7176e-05,
        -1.0017e-03,  1.0374e-03, -5.3983e-06, -1.0876e-03,  4.0075e-04,
         1.0161e-03,  2.3385e-04,  8.1120e-04,  3.5934e-04,  2.1318e-05,
        -7.8090e-04, -2.2613e-04,  8.6549e-04,  1.0709e-03,  6.5678e-05,
        -8.0628e-04, -8.3152e-04, -4.6432e-04,  9.2943e-04,  3.6573e-04,
         4.0341e-04,  3.9390e-04,  1.2011e-03, -1.4205e-04,  3.6584e-04,
         3.5145e-04, -5.7041e-04, -2.4487e-04, -1.0594e-03, -7.2357e-04,
         4.0752e-04,  5.9585e-04, -9.5960e-04, -2.3772e-04, -1.2072e-03,
        -8.8004e-04, -3.6112e-04, -1.0987e-03, -9.1080e-04,  1.1709e-03,
         5.4759e-04, -1.1512e-03, -5.5885e-04, -9.0299e-04, -1.2196e-03,
         6.2946e-04,  3.5993e-04,  1.1617e-03,  5.6818e-04, -5.8368e-04,
         1.0085e-03, -7.0575e-04,  8.7894e-04, -4.9852e-04, -9.6925e-04,
        -7.1389e-04,  1.2662e-04, -1.5398e-04, -1.1082e-04,  2.6088e-04,
        -8.0294e-04, -4.7732e-04,  7.7363e-04,  1.1098e-03,  1.8371e-04,
        -1.1555e-04,  5.5088e-04,  9.7310e-04, -1.2108e-03,  3.3878e-04,
        -1.5018e-04, -7.4108e-04, -1.1298e-03, -2.4633e-04,  8.6273e-04,
         5.2929e-04, -2.7157e-04, -9.8368e-05,  9.8145e-04,  1.0172e-03,
         1.1393e-03,  6.3679e-04,  1.2035e-03,  9.2132e-04, -6.0538e-04,
        -6.2185e-05, -3.5919e-04, -9.8170e-04, -5.2162e-04, -6.3732e-04,
         3.1757e-04, -8.4799e-04, -1.1715e-03,  1.0626e-03, -5.2937e-04,
         7.8560e-04,  8.3012e-04,  5.3902e-04, -3.2693e-04,  1.1988e-03,
         6.8585e-04,  1.7626e-04,  4.8212e-04,  8.6911e-04, -3.1646e-04,
        -6.2644e-04, -3.1468e-04, -1.0913e-03, -3.4153e-04,  8.8611e-04,
         5.4240e-04, -3.4996e-04,  9.2833e-04,  4.0477e-04,  1.0720e-04,
        -6.3510e-04, -1.1653e-03,  6.4543e-04, -1.1114e-03, -1.1982e-03,
        -2.8020e-05, -7.5938e-04,  1.5804e-04,  4.2496e-04, -3.3698e-04,
        -1.4141e-04,  8.8151e-04, -3.6687e-05,  9.9975e-04,  5.0951e-04,
         7.5473e-05,  1.1098e-03,  1.1491e-03,  1.6418e-04,  3.3412e-04,
         3.4717e-04, -8.1176e-04, -9.3139e-04, -8.9446e-04,  9.2722e-04,
        -4.8858e-05, -1.4602e-04,  1.8149e-04,  1.5157e-04,  6.7421e-04,
        -8.9770e-04,  6.7003e-04, -4.6145e-04,  1.4372e-04, -1.0395e-03,
         6.0886e-04], device='cuda:0', requires_grad=True)
parameters of the network fc2.weight 
 torch.Size([128, 256]) 
 True 
 tensor([[ 0.0195,  0.0098,  0.0535,  ...,  0.0136,  0.0450, -0.0343],
        [ 0.0429, -0.0474, -0.0059,  ...,  0.0275,  0.0233, -0.0003],
        [-0.0229,  0.0416, -0.0192,  ..., -0.0133,  0.0384,  0.0378],
        ...,
        [-0.0081, -0.0365, -0.0561,  ..., -0.0089,  0.0288, -0.0517],
        [-0.0368,  0.0089, -0.0599,  ..., -0.0622, -0.0449, -0.0597],
        [-0.0299,  0.0007,  0.0020,  ..., -0.0438,  0.0298, -0.0237]],
       device='cuda:0') 
 Parameter containing:
tensor([[ 0.0195,  0.0098,  0.0535,  ...,  0.0136,  0.0450, -0.0343],
        [ 0.0429, -0.0474, -0.0059,  ...,  0.0275,  0.0233, -0.0003],
        [-0.0229,  0.0416, -0.0192,  ..., -0.0133,  0.0384,  0.0378],
        ...,
        [-0.0081, -0.0365, -0.0561,  ..., -0.0089,  0.0288, -0.0517],
        [-0.0368,  0.0089, -0.0599,  ..., -0.0622, -0.0449, -0.0597],
        [-0.0299,  0.0007,  0.0020,  ..., -0.0438,  0.0298, -0.0237]],
       device='cuda:0', requires_grad=True)
parameters of the network fc2.bias 
 torch.Size([128]) 
 True 
 tensor([ 5.9700e-02,  4.4894e-02, -2.1400e-02,  1.4011e-02, -1.8780e-02,
         6.0796e-02, -1.7332e-02,  1.1442e-02,  2.8271e-02,  5.5368e-02,
        -3.8753e-02, -4.8270e-02,  1.2536e-02, -3.5379e-02,  2.3154e-02,
         5.8793e-02,  2.1029e-02, -5.1962e-02, -1.0740e-02, -5.9465e-02,
        -1.4067e-02, -2.9271e-02,  7.9475e-03, -6.6896e-03,  1.6829e-02,
         8.3840e-03,  3.3783e-04, -2.4249e-02,  5.1578e-02, -5.7411e-02,
        -3.7298e-02,  5.6498e-02,  4.1177e-02, -5.5563e-02, -5.1349e-02,
         4.4908e-02, -4.7321e-02, -4.0100e-02, -5.8690e-02, -2.2208e-02,
         2.4698e-02,  3.7309e-02, -4.2283e-02,  4.6608e-02, -6.0217e-02,
         4.9123e-02,  1.4654e-02,  1.5549e-02,  4.1835e-02, -2.1587e-02,
         2.1649e-02, -2.9107e-03, -4.2875e-02,  2.3158e-02, -5.8269e-03,
        -2.9879e-02, -2.0113e-02,  3.6643e-02,  3.1018e-02,  4.7529e-02,
         2.5522e-02, -1.5973e-02, -6.0033e-02,  2.3448e-02,  5.6812e-02,
         3.4238e-03,  1.6317e-02, -6.0524e-02, -1.5093e-02,  1.6628e-02,
        -4.3352e-02, -1.4557e-02,  2.8041e-02, -9.0651e-05, -1.2378e-02,
        -3.9279e-02,  1.3801e-02, -2.3044e-02, -1.9516e-02,  4.6550e-02,
         1.5333e-03,  4.5155e-02,  4.5187e-02, -4.5976e-02,  8.0790e-03,
         9.1297e-03,  5.8335e-02, -1.0771e-02,  2.0534e-02,  3.4866e-02,
         5.3076e-03,  5.4351e-02,  2.5930e-02, -4.7789e-02, -4.8935e-02,
         2.3235e-02, -4.1291e-02,  4.0628e-02,  4.7030e-02, -3.2729e-02,
         5.6077e-02,  2.7493e-02, -4.9077e-02, -3.7938e-02,  1.7556e-02,
        -5.8994e-03, -3.4203e-03, -3.3882e-02, -1.6279e-02, -5.0143e-02,
        -2.5236e-03,  5.5072e-03, -3.8031e-02,  3.4917e-02, -4.1085e-02,
         4.3335e-02,  2.6459e-02, -5.5076e-02,  1.6430e-02,  7.2344e-03,
        -2.0856e-02,  1.4358e-02, -5.9076e-02,  2.0430e-02,  4.4361e-02,
         4.6077e-03,  5.2042e-02, -6.1380e-02], device='cuda:0') 
 Parameter containing:
tensor([ 5.9700e-02,  4.4894e-02, -2.1400e-02,  1.4011e-02, -1.8780e-02,
         6.0796e-02, -1.7332e-02,  1.1442e-02,  2.8271e-02,  5.5368e-02,
        -3.8753e-02, -4.8270e-02,  1.2536e-02, -3.5379e-02,  2.3154e-02,
         5.8793e-02,  2.1029e-02, -5.1962e-02, -1.0740e-02, -5.9465e-02,
        -1.4067e-02, -2.9271e-02,  7.9475e-03, -6.6896e-03,  1.6829e-02,
         8.3840e-03,  3.3783e-04, -2.4249e-02,  5.1578e-02, -5.7411e-02,
        -3.7298e-02,  5.6498e-02,  4.1177e-02, -5.5563e-02, -5.1349e-02,
         4.4908e-02, -4.7321e-02, -4.0100e-02, -5.8690e-02, -2.2208e-02,
         2.4698e-02,  3.7309e-02, -4.2283e-02,  4.6608e-02, -6.0217e-02,
         4.9123e-02,  1.4654e-02,  1.5549e-02,  4.1835e-02, -2.1587e-02,
         2.1649e-02, -2.9107e-03, -4.2875e-02,  2.3158e-02, -5.8269e-03,
        -2.9879e-02, -2.0113e-02,  3.6643e-02,  3.1018e-02,  4.7529e-02,
         2.5522e-02, -1.5973e-02, -6.0033e-02,  2.3448e-02,  5.6812e-02,
         3.4238e-03,  1.6317e-02, -6.0524e-02, -1.5093e-02,  1.6628e-02,
        -4.3352e-02, -1.4557e-02,  2.8041e-02, -9.0651e-05, -1.2378e-02,
        -3.9279e-02,  1.3801e-02, -2.3044e-02, -1.9516e-02,  4.6550e-02,
         1.5333e-03,  4.5155e-02,  4.5187e-02, -4.5976e-02,  8.0790e-03,
         9.1297e-03,  5.8335e-02, -1.0771e-02,  2.0534e-02,  3.4866e-02,
         5.3076e-03,  5.4351e-02,  2.5930e-02, -4.7789e-02, -4.8935e-02,
         2.3235e-02, -4.1291e-02,  4.0628e-02,  4.7030e-02, -3.2729e-02,
         5.6077e-02,  2.7493e-02, -4.9077e-02, -3.7938e-02,  1.7556e-02,
        -5.8994e-03, -3.4203e-03, -3.3882e-02, -1.6279e-02, -5.0143e-02,
        -2.5236e-03,  5.5072e-03, -3.8031e-02,  3.4917e-02, -4.1085e-02,
         4.3335e-02,  2.6459e-02, -5.5076e-02,  1.6430e-02,  7.2344e-03,
        -2.0856e-02,  1.4358e-02, -5.9076e-02,  2.0430e-02,  4.4361e-02,
         4.6077e-03,  5.2042e-02, -6.1380e-02], device='cuda:0',
       requires_grad=True)
parameters of the network fc3.weight 
 torch.Size([64, 128]) 
 True 
 tensor([[-0.0696,  0.0652,  0.0766,  ..., -0.0163, -0.0562, -0.0294],
        [ 0.0427, -0.0599, -0.0575,  ..., -0.0833, -0.0354, -0.0592],
        [-0.0498, -0.0584, -0.0827,  ..., -0.0123, -0.0591,  0.0176],
        ...,
        [-0.0729, -0.0230,  0.0460,  ..., -0.0269,  0.0064, -0.0331],
        [-0.0878, -0.0431, -0.0829,  ..., -0.0202, -0.0661,  0.0720],
        [-0.0171,  0.0146, -0.0727,  ..., -0.0214,  0.0015, -0.0475]],
       device='cuda:0') 
 Parameter containing:
tensor([[-0.0696,  0.0652,  0.0766,  ..., -0.0163, -0.0562, -0.0294],
        [ 0.0427, -0.0599, -0.0575,  ..., -0.0833, -0.0354, -0.0592],
        [-0.0498, -0.0584, -0.0827,  ..., -0.0123, -0.0591,  0.0176],
        ...,
        [-0.0729, -0.0230,  0.0460,  ..., -0.0269,  0.0064, -0.0331],
        [-0.0878, -0.0431, -0.0829,  ..., -0.0202, -0.0661,  0.0720],
        [-0.0171,  0.0146, -0.0727,  ..., -0.0214,  0.0015, -0.0475]],
       device='cuda:0', requires_grad=True)
parameters of the network fc3.bias 
 torch.Size([64]) 
 True 
 tensor([-0.0428,  0.0152, -0.0475,  0.0787,  0.0143,  0.0256,  0.0296,  0.0703,
         0.0221, -0.0825, -0.0657,  0.0369, -0.0546,  0.0566,  0.0548,  0.0155,
        -0.0576,  0.0119,  0.0537, -0.0198, -0.0486,  0.0787,  0.0876, -0.0439,
         0.0117,  0.0540,  0.0444,  0.0150,  0.0108,  0.0303, -0.0669,  0.0563,
        -0.0300,  0.0765,  0.0457, -0.0422,  0.0750,  0.0099, -0.0494,  0.0486,
        -0.0229,  0.0552, -0.0190,  0.0037,  0.0209, -0.0702,  0.0432, -0.0390,
        -0.0262,  0.0410,  0.0484, -0.0090, -0.0849,  0.0447, -0.0507,  0.0478,
        -0.0293,  0.0779, -0.0295,  0.0411,  0.0277, -0.0238, -0.0252,  0.0712],
       device='cuda:0') 
 Parameter containing:
tensor([-0.0428,  0.0152, -0.0475,  0.0787,  0.0143,  0.0256,  0.0296,  0.0703,
         0.0221, -0.0825, -0.0657,  0.0369, -0.0546,  0.0566,  0.0548,  0.0155,
        -0.0576,  0.0119,  0.0537, -0.0198, -0.0486,  0.0787,  0.0876, -0.0439,
         0.0117,  0.0540,  0.0444,  0.0150,  0.0108,  0.0303, -0.0669,  0.0563,
        -0.0300,  0.0765,  0.0457, -0.0422,  0.0750,  0.0099, -0.0494,  0.0486,
        -0.0229,  0.0552, -0.0190,  0.0037,  0.0209, -0.0702,  0.0432, -0.0390,
        -0.0262,  0.0410,  0.0484, -0.0090, -0.0849,  0.0447, -0.0507,  0.0478,
        -0.0293,  0.0779, -0.0295,  0.0411,  0.0277, -0.0238, -0.0252,  0.0712],
       device='cuda:0', requires_grad=True)
parameters of the network fc4.weight 
 torch.Size([6796, 64]) 
 True 
 tensor([[ 0.0449, -0.0708,  0.0332,  ...,  0.0500,  0.0767, -0.0879],
        [-0.0528, -0.0961,  0.0930,  ..., -0.0866,  0.1061,  0.0430],
        [ 0.0949,  0.0130, -0.0229,  ...,  0.0651,  0.0433, -0.0328],
        ...,
        [ 0.0037,  0.0763, -0.0466,  ...,  0.0839,  0.0795,  0.0633],
        [ 0.0032, -0.0406,  0.1084,  ...,  0.0077, -0.1045,  0.1002],
        [-0.1020, -0.0845, -0.0933,  ...,  0.0925, -0.1063, -0.0717]],
       device='cuda:0') 
 Parameter containing:
tensor([[ 0.0449, -0.0708,  0.0332,  ...,  0.0500,  0.0767, -0.0879],
        [-0.0528, -0.0961,  0.0930,  ..., -0.0866,  0.1061,  0.0430],
        [ 0.0949,  0.0130, -0.0229,  ...,  0.0651,  0.0433, -0.0328],
        ...,
        [ 0.0037,  0.0763, -0.0466,  ...,  0.0839,  0.0795,  0.0633],
        [ 0.0032, -0.0406,  0.1084,  ...,  0.0077, -0.1045,  0.1002],
        [-0.1020, -0.0845, -0.0933,  ...,  0.0925, -0.1063, -0.0717]],
       device='cuda:0', requires_grad=True)
parameters of the network fc4.bias 
 torch.Size([6796]) 
 True 
 tensor([-0.0275,  0.0755,  0.0473,  ..., -0.0736,  0.1190,  0.0252],
       device='cuda:0') 
 Parameter containing:
tensor([-0.0275,  0.0755,  0.0473,  ..., -0.0736,  0.1190,  0.0252],
       device='cuda:0', requires_grad=True)

Passing event 1007 from the network before training input tensor([[0., 0., 0.,  ..., 0., 0., 0.],
        [0., 0., 0.,  ..., 0., 0., 0.],
        [0., 0., 0.,  ..., 0., 0., 0.],
        ...,
        [0., 0., 0.,  ..., 0., 0., 0.],
        [0., 0., 0.,  ..., 0., 0., 0.],
        [0., 0., 0.,  ..., 0., 0., 0.]]) 
result1: tensor([[0.4875, 0.5136, 0.5119,  ..., 0.4840, 0.5342, 0.5081],
        [0.4874, 0.5136, 0.5119,  ..., 0.4841, 0.5342, 0.5081],
        [0.4875, 0.5136, 0.5119,  ..., 0.4840, 0.5342, 0.5082],
        ...,
        [0.4874, 0.5136, 0.5119,  ..., 0.4841, 0.5342, 0.5082],
        [0.4874, 0.5136, 0.5119,  ..., 0.4841, 0.5341, 0.5081],
        [0.4873, 0.5136, 0.5120,  ..., 0.4841, 0.5341, 0.5081]],
       device='cuda:0', grad_fn=<SigmoidBackward0>) 
result1.shape: torch.Size([20, 6796])

Passing two random events from the network before training 
result1: tensor([[0.4875, 0.5136, 0.5119,  ..., 0.4840, 0.5342, 0.5081],
        [0.4874, 0.5136, 0.5119,  ..., 0.4841, 0.5342, 0.5081],
        [0.4875, 0.5136, 0.5119,  ..., 0.4840, 0.5342, 0.5082],
        ...,
        [0.4874, 0.5136, 0.5119,  ..., 0.4841, 0.5342, 0.5082],
        [0.4874, 0.5136, 0.5119,  ..., 0.4841, 0.5341, 0.5081],
        [0.4873, 0.5136, 0.5120,  ..., 0.4841, 0.5341, 0.5081]],
       device='cuda:0', grad_fn=<SigmoidBackward0>) 
result1.shape: torch.Size([20, 6796]) 
input: [[0. 0. 0. ... 0. 0. 0.]
 [0. 0. 0. ... 0. 0. 0.]
 [0. 0. 0. ... 0. 0. 0.]
 ...
 [0. 0. 0. ... 0. 0. 0.]
 [0. 0. 0. ... 0. 0. 0.]
 [0. 0. 0. ... 0. 0. 0.]]
=> loading checkpoint from /hpcfs/bes/mlgpu/hoseinkk/MLTracking/otherparticles/pppipi/pyt_pppipi_cnn_1/checkpoint_dir/1999840284saved_checkpoint.tar



load_model True 
TraEvN 19998 
BatchSize 30.0 
EpochNum 40 
LrVal 0.0001 
weight_decay 5e-05 
startmesh 284 
endmesh 285 




Passing event 10007 from the network before training input tensor([[0., 0., 0.,  ..., 0., 0., 0.],
        [0., 0., 0.,  ..., 0., 0., 0.],
        [0., 0., 0.,  ..., 0., 0., 0.],
        ...,
        [0., 0., 0.,  ..., 0., 0., 0.],
        [0., 0., 0.,  ..., 0., 0., 0.],
        [0., 0., 0.,  ..., 0., 0., 0.]]) 
result1: tensor([9.9937e-01, 1.0000e+00, 1.0000e+00,  ..., 6.0482e-33, 8.2983e-38,
        5.9066e-13], grad_fn=<SelectBackward0>) 
result1.shape: torch.Size([6796])

Passing event 10007 from the network after training input tensor([[0., 0., 0.,  ..., 0., 0., 0.],
        [0., 0., 0.,  ..., 0., 0., 0.],
        [0., 0., 0.,  ..., 0., 0., 0.],
        ...,
        [0., 0., 0.,  ..., 0., 0., 0.],
        [0., 0., 0.,  ..., 0., 0., 0.],
        [0., 0., 0.,  ..., 0., 0., 0.]]) 
result1: tensor([0.5086, 0.5112, 0.5319,  ..., 0.5187, 0.4737, 0.5003],
       grad_fn=<SelectBackward0>) 
result1.shape: torch.Size([6796])

real	0m52.260s
user	1m10.407s
sys	0m5.071s
