0: cmsgpu001.ihep.ac.cn
GPU 0: NVIDIA A100-PCIE-40GB (UUID: GPU-83673d1f-01b2-490d-5bc6-a84aaf3ddc65)
Allocate GPU cards : 0

modinfo:
filename:       /lib/modules/3.10.0-1160.71.1.el7.x86_64/extra/nvidia.ko.xz
firmware:       nvidia/515.65.01/gsp.bin
alias:          char-major-195-*
version:        515.65.01
supported:      external
license:        NVIDIA
retpoline:      Y
rhelversion:    7.9
srcversion:     8049D44E2C1B08F41E1B8A6
alias:          pci:v000010DEd*sv*sd*bc06sc80i00*
alias:          pci:v000010DEd*sv*sd*bc03sc02i00*
alias:          pci:v000010DEd*sv*sd*bc03sc00i00*
depends:        drm
vermagic:       3.10.0-1160.71.1.el7.x86_64 SMP mod_unload modversions 
signer:         DKMS module signing key
sig_key:        9B:9E:55:A9:86:D9:50:0B:6D:2D:9F:BA:A7:E6:45:39:D4:DD:5F:C6
sig_hashalgo:   sha512
parm:           NvSwitchRegDwords:NvSwitch regkey (charp)
parm:           NvSwitchBlacklist:NvSwitchBlacklist=uuid[,uuid...] (charp)
parm:           NVreg_ResmanDebugLevel:int
parm:           NVreg_RmLogonRC:int
parm:           NVreg_ModifyDeviceFiles:int
parm:           NVreg_DeviceFileUID:int
parm:           NVreg_DeviceFileGID:int
parm:           NVreg_DeviceFileMode:int
parm:           NVreg_InitializeSystemMemoryAllocations:int
parm:           NVreg_UsePageAttributeTable:int
parm:           NVreg_EnablePCIeGen3:int
parm:           NVreg_EnableMSI:int
parm:           NVreg_TCEBypassMode:int
parm:           NVreg_EnableStreamMemOPs:int
parm:           NVreg_RestrictProfilingToAdminUsers:int
parm:           NVreg_PreserveVideoMemoryAllocations:int
parm:           NVreg_EnableS0ixPowerManagement:int
parm:           NVreg_S0ixPowerManagementVideoMemoryThreshold:int
parm:           NVreg_DynamicPowerManagement:int
parm:           NVreg_DynamicPowerManagementVideoMemoryThreshold:int
parm:           NVreg_EnableGpuFirmware:int
parm:           NVreg_EnableGpuFirmwareLogs:int
parm:           NVreg_OpenRmEnableUnsupportedGpus:int
parm:           NVreg_EnableUserNUMAManagement:int
parm:           NVreg_MemoryPoolSize:int
parm:           NVreg_KMallocHeapMaxSize:int
parm:           NVreg_VMallocHeapMaxSize:int
parm:           NVreg_IgnoreMMIOCheck:int
parm:           NVreg_NvLinkDisable:int
parm:           NVreg_EnablePCIERelaxedOrderingMode:int
parm:           NVreg_RegisterPCIDriver:int
parm:           NVreg_EnableDbgBreakpoint:int
parm:           NVreg_RegistryDwords:charp
parm:           NVreg_RegistryDwordsPerDevice:charp
parm:           NVreg_RmMsg:charp
parm:           NVreg_GpuBlacklist:charp
parm:           NVreg_TemporaryFilePath:charp
parm:           NVreg_ExcludedGpus:charp
parm:           NVreg_DmaRemapPeerMmio:int
parm:           rm_firmware_active:charp

nvidia-smi:
Mon Aug 29 19:45:20 2022       
+-----------------------------------------------------------------------------+
| NVIDIA-SMI 515.65.01    Driver Version: 515.65.01    CUDA Version: 11.7     |
|-------------------------------+----------------------+----------------------+
| GPU  Name        Persistence-M| Bus-Id        Disp.A | Volatile Uncorr. ECC |
| Fan  Temp  Perf  Pwr:Usage/Cap|         Memory-Usage | GPU-Util  Compute M. |
|                               |                      |               MIG M. |
|===============================+======================+======================|
|   0  NVIDIA A100-PCI...  On   | 00000000:3B:00.0 Off |                    0 |
| N/A   23C    P0    32W / 250W |      0MiB / 40960MiB |      0%      Default |
|                               |                      |             Disabled |
+-------------------------------+----------------------+----------------------+
                                                                               
+-----------------------------------------------------------------------------+
| Processes:                                                                  |
|  GPU   GI   CI        PID   Type   Process name                  GPU Memory |
|        ID   ID                                                   Usage      |
|=============================================================================|
|  No running processes found                                                 |
+-----------------------------------------------------------------------------+

nvcc --version:
nvcc: NVIDIA (R) Cuda compiler driver
Copyright (c) 2005-2021 NVIDIA Corporation
Built on Sun_Mar_21_19:15:46_PDT_2021
Cuda compilation tools, release 11.3, V11.3.58
Build cuda_11.3.r11.3/compiler.29745058_0

 torch version: 1.10.2

 cuda version: 11.3

 is cuda available: True

 CUDNN VERSION: 8200

 Number CUDA Devices: 1

 CUDA Device Name: NVIDIA A100-PCIE-40GB

 CUDA Device Total Memory [GB]: 42.358472704

 Device capability: (8, 0) 

 Cuda deviice: <torch.cuda.device object at 0x2ac5c165e8e0> 

 Is cuda initialized: True

 CUDA_HOME: /hpcfs/bes/mlgpu/hoseinkk/Miniconda3/envs/dgl1

real	0m18.159s
user	0m3.537s
sys	0m3.045s
/hpcfs/bes/mlgpu/hoseinkk/Miniconda3/envs/dgl1/lib/python3.9/site-packages/cupy/_environment.py:438: UserWarning: 
--------------------------------------------------------------------------------

  CuPy may not function correctly because multiple CuPy packages are installed
  in your environment:

    cupy, cupy-cuda110

  Follow these steps to resolve this issue:

    1. For all packages listed above, run the following command to remove all
       existing CuPy installations:

         $ pip uninstall <package_name>

      If you previously installed CuPy via conda, also run the following:

         $ conda uninstall cupy

    2. Install the appropriate CuPy package.
       Refer to the Installation Guide for detailed instructions.

         https://docs.cupy.dev/en/stable/install.html

--------------------------------------------------------------------------------

  warnings.warn(f'''
/hpcfs/bes/mlgpu/hoseinkk/Miniconda3/envs/dgl1/lib/python3.9/site-packages/torch/nn/functional.py:1806: UserWarning: nn.functional.sigmoid is deprecated. Use torch.sigmoid instead.
  warnings.warn("nn.functional.sigmoid is deprecated. Use torch.sigmoid instead.")





 Loading data ... 



training set shape (20000, 43, 288) 
sum 5279207

target set shape (20000, 6796) 
sum 4575851




 The Network ... 


Net(
  (conv1): Conv2d(1, 256, kernel_size=(3, 3), stride=(1, 1))
  (conv2): Conv2d(256, 128, kernel_size=(3, 3), stride=(1, 1))
  (conv3): Conv2d(128, 64, kernel_size=(3, 3), stride=(1, 1))
  (fc1): Linear(in_features=667776, out_features=256, bias=True)
  (fc2): Linear(in_features=256, out_features=128, bias=True)
  (fc3): Linear(in_features=128, out_features=64, bias=True)
  (fc4): Linear(in_features=64, out_features=6796, bias=True)
)

number of the free parameters: 171805196
parameters of the network conv1.weight 
 torch.Size([256, 1, 3, 3]) 
 True 
 tensor([[[[-0.0542,  0.2026, -0.0131],
          [ 0.2177, -0.1657, -0.0951],
          [ 0.3216,  0.1699, -0.3020]]],


        [[[-0.1194,  0.3228,  0.0748],
          [ 0.2260, -0.0049,  0.1626],
          [-0.1050,  0.1127,  0.2910]]],


        [[[-0.2270,  0.2159, -0.1440],
          [ 0.0303, -0.1604, -0.0128],
          [-0.2062, -0.1740, -0.2747]]],


        ...,


        [[[ 0.0053,  0.1618,  0.1938],
          [ 0.0017,  0.2434, -0.2886],
          [ 0.1010, -0.2907,  0.0665]]],


        [[[ 0.2796, -0.0355, -0.2744],
          [-0.0981, -0.0695, -0.0040],
          [ 0.2448, -0.0348,  0.0943]]],


        [[[-0.2550, -0.0492, -0.0759],
          [ 0.0013,  0.2505, -0.1259],
          [-0.0148, -0.2737,  0.2140]]]], device='cuda:0') 
 Parameter containing:
tensor([[[[-0.0542,  0.2026, -0.0131],
          [ 0.2177, -0.1657, -0.0951],
          [ 0.3216,  0.1699, -0.3020]]],


        [[[-0.1194,  0.3228,  0.0748],
          [ 0.2260, -0.0049,  0.1626],
          [-0.1050,  0.1127,  0.2910]]],


        [[[-0.2270,  0.2159, -0.1440],
          [ 0.0303, -0.1604, -0.0128],
          [-0.2062, -0.1740, -0.2747]]],


        ...,


        [[[ 0.0053,  0.1618,  0.1938],
          [ 0.0017,  0.2434, -0.2886],
          [ 0.1010, -0.2907,  0.0665]]],


        [[[ 0.2796, -0.0355, -0.2744],
          [-0.0981, -0.0695, -0.0040],
          [ 0.2448, -0.0348,  0.0943]]],


        [[[-0.2550, -0.0492, -0.0759],
          [ 0.0013,  0.2505, -0.1259],
          [-0.0148, -0.2737,  0.2140]]]], device='cuda:0', requires_grad=True)
parameters of the network conv1.bias 
 torch.Size([256]) 
 True 
 tensor([ 0.0938,  0.0999, -0.2931, -0.0392, -0.1075,  0.3316,  0.0867,  0.2602,
         0.0293, -0.0453, -0.2312, -0.1871,  0.2983, -0.1518,  0.1143, -0.0691,
         0.2706,  0.0171,  0.2065,  0.1194,  0.1504, -0.1516,  0.3254,  0.1316,
         0.0249, -0.0494,  0.2401,  0.1216, -0.0254, -0.0079,  0.2643, -0.2169,
         0.0353, -0.2273, -0.2927,  0.1646, -0.1060,  0.2536,  0.0839,  0.2258,
        -0.1201, -0.3042,  0.0920,  0.1236, -0.2779,  0.2194, -0.1431,  0.1281,
         0.3170, -0.0668, -0.1548,  0.1310, -0.2841,  0.1681,  0.1171, -0.2183,
         0.0667,  0.0813,  0.1652,  0.1583,  0.2197, -0.1841,  0.1798, -0.1349,
        -0.1494,  0.0583,  0.3042, -0.2523,  0.0655,  0.1276, -0.0425,  0.1594,
         0.2057,  0.1899, -0.1086,  0.3323,  0.0577, -0.1714, -0.2887, -0.2411,
        -0.0518,  0.0763,  0.0292, -0.2478,  0.1182, -0.0788,  0.0823,  0.0028,
        -0.2719,  0.3096, -0.2487, -0.2816, -0.1337, -0.2331,  0.2367,  0.3172,
        -0.0615, -0.2889, -0.2774,  0.3203, -0.0963, -0.0081,  0.1328, -0.3040,
         0.2786, -0.3003, -0.0071,  0.1910, -0.0373,  0.0431, -0.0160,  0.0014,
        -0.3155,  0.1105,  0.2528, -0.0237,  0.0831,  0.3270,  0.1728, -0.1565,
         0.0860, -0.1924, -0.0165, -0.0634, -0.1537,  0.0401,  0.0580, -0.1237,
        -0.2439, -0.1645, -0.1155,  0.2190,  0.2303, -0.0207, -0.0077,  0.1001,
        -0.2779,  0.0263,  0.1324,  0.1189, -0.2951, -0.2863, -0.0426,  0.1374,
        -0.2182, -0.3286, -0.2446, -0.0115, -0.2597,  0.1188,  0.1110,  0.0266,
         0.2830,  0.0240, -0.0052, -0.0341,  0.2009, -0.2475, -0.2157,  0.1428,
        -0.1288, -0.0371, -0.2070,  0.2881,  0.1499,  0.0447, -0.1223,  0.0274,
         0.2170,  0.2242, -0.2830, -0.1461, -0.0419, -0.1920,  0.3055,  0.3084,
         0.1591,  0.0840,  0.0428, -0.1211,  0.2419,  0.1524,  0.0335, -0.1399,
        -0.2044, -0.0672,  0.3186,  0.2060, -0.1097, -0.0788,  0.1422,  0.0161,
         0.1550, -0.3307,  0.1928, -0.0894, -0.0056,  0.0349,  0.0670,  0.1859,
        -0.1919, -0.2890,  0.3261,  0.0088, -0.2935,  0.3234,  0.1926,  0.3106,
         0.0477,  0.2683,  0.1681,  0.2792, -0.2266, -0.1683, -0.2898,  0.2057,
        -0.3004, -0.2218,  0.3233,  0.0493, -0.0105,  0.2231, -0.1066, -0.1185,
        -0.1566, -0.0130, -0.0479, -0.2636,  0.2235, -0.0799,  0.0573,  0.0088,
         0.1911,  0.2050,  0.1473,  0.1696, -0.2312,  0.1462, -0.3157, -0.0485,
         0.0220,  0.2312,  0.0768, -0.1327,  0.2428, -0.0815, -0.0617, -0.1893,
         0.0661,  0.1863, -0.1383,  0.1662,  0.2972,  0.2332, -0.1733,  0.2815],
       device='cuda:0') 
 Parameter containing:
tensor([ 0.0938,  0.0999, -0.2931, -0.0392, -0.1075,  0.3316,  0.0867,  0.2602,
         0.0293, -0.0453, -0.2312, -0.1871,  0.2983, -0.1518,  0.1143, -0.0691,
         0.2706,  0.0171,  0.2065,  0.1194,  0.1504, -0.1516,  0.3254,  0.1316,
         0.0249, -0.0494,  0.2401,  0.1216, -0.0254, -0.0079,  0.2643, -0.2169,
         0.0353, -0.2273, -0.2927,  0.1646, -0.1060,  0.2536,  0.0839,  0.2258,
        -0.1201, -0.3042,  0.0920,  0.1236, -0.2779,  0.2194, -0.1431,  0.1281,
         0.3170, -0.0668, -0.1548,  0.1310, -0.2841,  0.1681,  0.1171, -0.2183,
         0.0667,  0.0813,  0.1652,  0.1583,  0.2197, -0.1841,  0.1798, -0.1349,
        -0.1494,  0.0583,  0.3042, -0.2523,  0.0655,  0.1276, -0.0425,  0.1594,
         0.2057,  0.1899, -0.1086,  0.3323,  0.0577, -0.1714, -0.2887, -0.2411,
        -0.0518,  0.0763,  0.0292, -0.2478,  0.1182, -0.0788,  0.0823,  0.0028,
        -0.2719,  0.3096, -0.2487, -0.2816, -0.1337, -0.2331,  0.2367,  0.3172,
        -0.0615, -0.2889, -0.2774,  0.3203, -0.0963, -0.0081,  0.1328, -0.3040,
         0.2786, -0.3003, -0.0071,  0.1910, -0.0373,  0.0431, -0.0160,  0.0014,
        -0.3155,  0.1105,  0.2528, -0.0237,  0.0831,  0.3270,  0.1728, -0.1565,
         0.0860, -0.1924, -0.0165, -0.0634, -0.1537,  0.0401,  0.0580, -0.1237,
        -0.2439, -0.1645, -0.1155,  0.2190,  0.2303, -0.0207, -0.0077,  0.1001,
        -0.2779,  0.0263,  0.1324,  0.1189, -0.2951, -0.2863, -0.0426,  0.1374,
        -0.2182, -0.3286, -0.2446, -0.0115, -0.2597,  0.1188,  0.1110,  0.0266,
         0.2830,  0.0240, -0.0052, -0.0341,  0.2009, -0.2475, -0.2157,  0.1428,
        -0.1288, -0.0371, -0.2070,  0.2881,  0.1499,  0.0447, -0.1223,  0.0274,
         0.2170,  0.2242, -0.2830, -0.1461, -0.0419, -0.1920,  0.3055,  0.3084,
         0.1591,  0.0840,  0.0428, -0.1211,  0.2419,  0.1524,  0.0335, -0.1399,
        -0.2044, -0.0672,  0.3186,  0.2060, -0.1097, -0.0788,  0.1422,  0.0161,
         0.1550, -0.3307,  0.1928, -0.0894, -0.0056,  0.0349,  0.0670,  0.1859,
        -0.1919, -0.2890,  0.3261,  0.0088, -0.2935,  0.3234,  0.1926,  0.3106,
         0.0477,  0.2683,  0.1681,  0.2792, -0.2266, -0.1683, -0.2898,  0.2057,
        -0.3004, -0.2218,  0.3233,  0.0493, -0.0105,  0.2231, -0.1066, -0.1185,
        -0.1566, -0.0130, -0.0479, -0.2636,  0.2235, -0.0799,  0.0573,  0.0088,
         0.1911,  0.2050,  0.1473,  0.1696, -0.2312,  0.1462, -0.3157, -0.0485,
         0.0220,  0.2312,  0.0768, -0.1327,  0.2428, -0.0815, -0.0617, -0.1893,
         0.0661,  0.1863, -0.1383,  0.1662,  0.2972,  0.2332, -0.1733,  0.2815],
       device='cuda:0', requires_grad=True)
parameters of the network conv2.weight 
 torch.Size([128, 256, 3, 3]) 
 True 
 tensor([[[[ 1.6163e-02, -1.9629e-03, -2.0233e-03],
          [-1.2640e-02, -1.7985e-02, -1.1479e-02],
          [-1.5310e-02,  4.8464e-03, -1.3567e-02]],

         [[-1.9554e-02,  1.6108e-02, -6.5791e-03],
          [-1.9481e-02, -1.2671e-02,  1.5786e-02],
          [-1.9642e-03,  1.5379e-02, -1.5540e-03]],

         [[-6.4599e-03, -1.1272e-02, -1.2484e-02],
          [ 7.5187e-03,  1.1438e-02,  1.0399e-02],
          [-7.3053e-03, -2.0736e-02,  2.2236e-03]],

         ...,

         [[ 9.0582e-04, -1.7340e-02, -1.5636e-02],
          [-3.5405e-03, -1.2114e-02,  2.3197e-04],
          [ 1.5070e-02, -1.7154e-02, -1.8391e-02]],

         [[-8.0280e-03, -6.0094e-03,  1.9112e-02],
          [ 2.0490e-02, -6.0476e-04,  6.2439e-03],
          [ 1.6107e-02, -1.6758e-02, -3.6145e-03]],

         [[ 5.5183e-03, -9.4854e-03,  9.8341e-03],
          [-5.1638e-03, -1.2940e-02,  2.8995e-03],
          [ 1.0247e-02, -5.0307e-03,  6.4519e-03]]],


        [[[ 1.0437e-02, -9.3694e-03, -1.8196e-02],
          [ 7.6777e-03,  8.7031e-03,  1.9207e-03],
          [-9.5433e-03,  9.2472e-03, -1.4278e-02]],

         [[-1.4970e-02,  1.9584e-04, -3.9274e-03],
          [ 1.2685e-02, -4.8111e-03,  3.2950e-03],
          [ 2.0069e-02,  1.8499e-02,  4.8461e-04]],

         [[ 1.9444e-02,  1.3177e-02, -1.8165e-02],
          [-5.4814e-03, -9.1823e-03, -1.7240e-02],
          [-1.5686e-02,  1.6504e-02, -4.7749e-04]],

         ...,

         [[-8.0796e-03,  2.0467e-02, -8.7334e-03],
          [ 6.7868e-03,  9.1163e-03, -3.4821e-03],
          [ 8.9464e-03,  1.8387e-02,  1.0296e-02]],

         [[-1.2793e-02,  1.9656e-02, -3.5851e-03],
          [ 1.7643e-02, -8.7097e-03, -1.3370e-02],
          [-2.0061e-02,  2.8241e-03,  1.6556e-02]],

         [[ 1.2367e-02, -1.8871e-02,  7.7002e-05],
          [ 1.9567e-02, -1.2883e-02,  9.8319e-03],
          [ 1.5296e-02,  1.6874e-03, -5.0215e-03]]],


        [[[-1.9778e-02, -4.4847e-03, -1.0387e-03],
          [-1.8178e-02, -7.3492e-03,  5.5340e-03],
          [ 1.1417e-02, -2.9749e-04, -1.6953e-02]],

         [[-1.4864e-03, -4.5993e-03, -2.0043e-02],
          [-1.9484e-03,  1.9284e-02, -1.4391e-02],
          [-9.0019e-03, -4.7497e-03, -4.5687e-03]],

         [[ 1.6184e-02,  1.4048e-02,  1.4765e-03],
          [-3.5954e-03,  3.8760e-03, -5.8395e-03],
          [ 1.0538e-02,  1.5183e-02,  1.7872e-02]],

         ...,

         [[ 6.6741e-03, -1.1903e-02, -1.8581e-02],
          [-4.8600e-03,  1.6755e-02, -1.5373e-02],
          [ 1.5421e-02,  1.6030e-02,  5.2359e-03]],

         [[-1.5797e-02, -1.6353e-02,  1.1379e-02],
          [-1.4595e-02,  1.0254e-02,  3.3526e-03],
          [ 3.6190e-03,  2.0768e-02, -8.7814e-03]],

         [[ 7.9218e-03, -9.4018e-03, -1.4329e-02],
          [ 8.4001e-03, -1.8540e-02,  4.4716e-03],
          [-3.6857e-04,  2.0317e-02,  1.8266e-02]]],


        ...,


        [[[-1.9475e-03,  5.3194e-04,  1.5478e-02],
          [-1.1043e-02, -5.0463e-03,  3.6773e-04],
          [ 1.7388e-02, -4.1843e-03, -1.6873e-02]],

         [[-5.7055e-03, -4.5227e-03,  1.5388e-02],
          [ 1.4552e-02, -1.2146e-03,  2.0641e-02],
          [ 3.4490e-03,  1.6113e-02, -1.3330e-02]],

         [[-1.3791e-02, -6.6852e-03, -1.4655e-02],
          [-6.8665e-03, -1.6413e-02, -4.3921e-03],
          [-1.9726e-02, -1.2878e-02, -2.0802e-02]],

         ...,

         [[ 8.7164e-03,  7.9293e-03,  3.4956e-03],
          [ 1.1255e-02,  3.1553e-03,  3.3186e-03],
          [ 7.5563e-03, -9.8430e-03, -1.8426e-02]],

         [[ 8.2004e-03, -1.8543e-02, -1.8585e-03],
          [-3.9094e-03, -9.6707e-03,  1.2509e-02],
          [-3.6294e-03,  1.9520e-02, -9.8366e-04]],

         [[-6.1954e-04,  7.4254e-03,  1.3190e-04],
          [ 9.6700e-03,  1.2113e-02,  1.7048e-02],
          [ 8.6976e-03,  9.7549e-03,  7.3029e-03]]],


        [[[-3.0154e-03, -5.0113e-03,  1.8305e-02],
          [-3.4389e-03,  2.7021e-03,  1.4249e-02],
          [ 2.0417e-02, -8.0585e-03, -1.4548e-02]],

         [[-9.9043e-03,  1.3078e-03, -8.6493e-03],
          [-1.6171e-02, -6.5943e-03, -4.3101e-03],
          [-1.3224e-02,  1.8218e-02, -4.8413e-04]],

         [[ 1.8983e-02,  1.7137e-02,  1.8894e-02],
          [-8.1804e-03,  7.4823e-03, -5.1760e-03],
          [ 2.0466e-03,  1.1509e-02, -8.0990e-03]],

         ...,

         [[ 8.4935e-03, -1.3627e-02, -1.0142e-02],
          [-1.0479e-02, -8.0937e-03, -1.6286e-02],
          [-1.3718e-02,  2.7001e-03,  6.6899e-03]],

         [[ 1.4339e-02,  1.6835e-02,  6.5287e-03],
          [-1.2498e-02, -5.4068e-03, -1.3971e-02],
          [-7.3657e-03,  1.3942e-02,  2.1285e-03]],

         [[-1.9412e-02,  2.0294e-02, -2.9809e-03],
          [ 4.6105e-03, -9.6183e-03, -3.3037e-04],
          [ 5.4539e-03,  1.0494e-02,  7.0346e-03]]],


        [[[-1.9430e-02, -2.0471e-03, -6.4882e-03],
          [ 1.3142e-02,  6.1521e-03,  1.9988e-02],
          [ 9.9817e-04,  1.8047e-02, -6.4926e-03]],

         [[-1.3281e-03, -1.6147e-02, -1.9808e-02],
          [-1.0817e-02, -2.2864e-03,  1.3629e-02],
          [-7.7340e-03, -1.0437e-02,  1.4777e-02]],

         [[ 3.1354e-03, -6.6319e-03,  4.1513e-03],
          [-1.6308e-04,  1.8178e-02, -4.0539e-04],
          [-7.8382e-03, -6.8217e-03, -1.7168e-02]],

         ...,

         [[-1.6818e-02,  5.2394e-03, -5.9165e-04],
          [-1.9293e-02,  1.7148e-02,  1.7591e-02],
          [ 3.3332e-03, -1.3832e-02,  1.3580e-02]],

         [[ 1.4190e-02,  5.1029e-03,  1.2745e-02],
          [ 1.8089e-02, -8.5466e-04,  1.3397e-02],
          [ 1.9467e-02, -1.2375e-02, -1.8595e-02]],

         [[ 7.5121e-03,  2.0011e-02, -1.9194e-02],
          [ 2.6559e-03, -1.6729e-02,  2.0540e-02],
          [-9.0605e-03,  7.4537e-03, -3.8044e-03]]]], device='cuda:0') 
 Parameter containing:
tensor([[[[ 1.6163e-02, -1.9629e-03, -2.0233e-03],
          [-1.2640e-02, -1.7985e-02, -1.1479e-02],
          [-1.5310e-02,  4.8464e-03, -1.3567e-02]],

         [[-1.9554e-02,  1.6108e-02, -6.5791e-03],
          [-1.9481e-02, -1.2671e-02,  1.5786e-02],
          [-1.9642e-03,  1.5379e-02, -1.5540e-03]],

         [[-6.4599e-03, -1.1272e-02, -1.2484e-02],
          [ 7.5187e-03,  1.1438e-02,  1.0399e-02],
          [-7.3053e-03, -2.0736e-02,  2.2236e-03]],

         ...,

         [[ 9.0582e-04, -1.7340e-02, -1.5636e-02],
          [-3.5405e-03, -1.2114e-02,  2.3197e-04],
          [ 1.5070e-02, -1.7154e-02, -1.8391e-02]],

         [[-8.0280e-03, -6.0094e-03,  1.9112e-02],
          [ 2.0490e-02, -6.0476e-04,  6.2439e-03],
          [ 1.6107e-02, -1.6758e-02, -3.6145e-03]],

         [[ 5.5183e-03, -9.4854e-03,  9.8341e-03],
          [-5.1638e-03, -1.2940e-02,  2.8995e-03],
          [ 1.0247e-02, -5.0307e-03,  6.4519e-03]]],


        [[[ 1.0437e-02, -9.3694e-03, -1.8196e-02],
          [ 7.6777e-03,  8.7031e-03,  1.9207e-03],
          [-9.5433e-03,  9.2472e-03, -1.4278e-02]],

         [[-1.4970e-02,  1.9584e-04, -3.9274e-03],
          [ 1.2685e-02, -4.8111e-03,  3.2950e-03],
          [ 2.0069e-02,  1.8499e-02,  4.8461e-04]],

         [[ 1.9444e-02,  1.3177e-02, -1.8165e-02],
          [-5.4814e-03, -9.1823e-03, -1.7240e-02],
          [-1.5686e-02,  1.6504e-02, -4.7749e-04]],

         ...,

         [[-8.0796e-03,  2.0467e-02, -8.7334e-03],
          [ 6.7868e-03,  9.1163e-03, -3.4821e-03],
          [ 8.9464e-03,  1.8387e-02,  1.0296e-02]],

         [[-1.2793e-02,  1.9656e-02, -3.5851e-03],
          [ 1.7643e-02, -8.7097e-03, -1.3370e-02],
          [-2.0061e-02,  2.8241e-03,  1.6556e-02]],

         [[ 1.2367e-02, -1.8871e-02,  7.7002e-05],
          [ 1.9567e-02, -1.2883e-02,  9.8319e-03],
          [ 1.5296e-02,  1.6874e-03, -5.0215e-03]]],


        [[[-1.9778e-02, -4.4847e-03, -1.0387e-03],
          [-1.8178e-02, -7.3492e-03,  5.5340e-03],
          [ 1.1417e-02, -2.9749e-04, -1.6953e-02]],

         [[-1.4864e-03, -4.5993e-03, -2.0043e-02],
          [-1.9484e-03,  1.9284e-02, -1.4391e-02],
          [-9.0019e-03, -4.7497e-03, -4.5687e-03]],

         [[ 1.6184e-02,  1.4048e-02,  1.4765e-03],
          [-3.5954e-03,  3.8760e-03, -5.8395e-03],
          [ 1.0538e-02,  1.5183e-02,  1.7872e-02]],

         ...,

         [[ 6.6741e-03, -1.1903e-02, -1.8581e-02],
          [-4.8600e-03,  1.6755e-02, -1.5373e-02],
          [ 1.5421e-02,  1.6030e-02,  5.2359e-03]],

         [[-1.5797e-02, -1.6353e-02,  1.1379e-02],
          [-1.4595e-02,  1.0254e-02,  3.3526e-03],
          [ 3.6190e-03,  2.0768e-02, -8.7814e-03]],

         [[ 7.9218e-03, -9.4018e-03, -1.4329e-02],
          [ 8.4001e-03, -1.8540e-02,  4.4716e-03],
          [-3.6857e-04,  2.0317e-02,  1.8266e-02]]],


        ...,


        [[[-1.9475e-03,  5.3194e-04,  1.5478e-02],
          [-1.1043e-02, -5.0463e-03,  3.6773e-04],
          [ 1.7388e-02, -4.1843e-03, -1.6873e-02]],

         [[-5.7055e-03, -4.5227e-03,  1.5388e-02],
          [ 1.4552e-02, -1.2146e-03,  2.0641e-02],
          [ 3.4490e-03,  1.6113e-02, -1.3330e-02]],

         [[-1.3791e-02, -6.6852e-03, -1.4655e-02],
          [-6.8665e-03, -1.6413e-02, -4.3921e-03],
          [-1.9726e-02, -1.2878e-02, -2.0802e-02]],

         ...,

         [[ 8.7164e-03,  7.9293e-03,  3.4956e-03],
          [ 1.1255e-02,  3.1553e-03,  3.3186e-03],
          [ 7.5563e-03, -9.8430e-03, -1.8426e-02]],

         [[ 8.2004e-03, -1.8543e-02, -1.8585e-03],
          [-3.9094e-03, -9.6707e-03,  1.2509e-02],
          [-3.6294e-03,  1.9520e-02, -9.8366e-04]],

         [[-6.1954e-04,  7.4254e-03,  1.3190e-04],
          [ 9.6700e-03,  1.2113e-02,  1.7048e-02],
          [ 8.6976e-03,  9.7549e-03,  7.3029e-03]]],


        [[[-3.0154e-03, -5.0113e-03,  1.8305e-02],
          [-3.4389e-03,  2.7021e-03,  1.4249e-02],
          [ 2.0417e-02, -8.0585e-03, -1.4548e-02]],

         [[-9.9043e-03,  1.3078e-03, -8.6493e-03],
          [-1.6171e-02, -6.5943e-03, -4.3101e-03],
          [-1.3224e-02,  1.8218e-02, -4.8413e-04]],

         [[ 1.8983e-02,  1.7137e-02,  1.8894e-02],
          [-8.1804e-03,  7.4823e-03, -5.1760e-03],
          [ 2.0466e-03,  1.1509e-02, -8.0990e-03]],

         ...,

         [[ 8.4935e-03, -1.3627e-02, -1.0142e-02],
          [-1.0479e-02, -8.0937e-03, -1.6286e-02],
          [-1.3718e-02,  2.7001e-03,  6.6899e-03]],

         [[ 1.4339e-02,  1.6835e-02,  6.5287e-03],
          [-1.2498e-02, -5.4068e-03, -1.3971e-02],
          [-7.3657e-03,  1.3942e-02,  2.1285e-03]],

         [[-1.9412e-02,  2.0294e-02, -2.9809e-03],
          [ 4.6105e-03, -9.6183e-03, -3.3037e-04],
          [ 5.4539e-03,  1.0494e-02,  7.0346e-03]]],


        [[[-1.9430e-02, -2.0471e-03, -6.4882e-03],
          [ 1.3142e-02,  6.1521e-03,  1.9988e-02],
          [ 9.9817e-04,  1.8047e-02, -6.4926e-03]],

         [[-1.3281e-03, -1.6147e-02, -1.9808e-02],
          [-1.0817e-02, -2.2864e-03,  1.3629e-02],
          [-7.7340e-03, -1.0437e-02,  1.4777e-02]],

         [[ 3.1354e-03, -6.6319e-03,  4.1513e-03],
          [-1.6308e-04,  1.8178e-02, -4.0539e-04],
          [-7.8382e-03, -6.8217e-03, -1.7168e-02]],

         ...,

         [[-1.6818e-02,  5.2394e-03, -5.9165e-04],
          [-1.9293e-02,  1.7148e-02,  1.7591e-02],
          [ 3.3332e-03, -1.3832e-02,  1.3580e-02]],

         [[ 1.4190e-02,  5.1029e-03,  1.2745e-02],
          [ 1.8089e-02, -8.5466e-04,  1.3397e-02],
          [ 1.9467e-02, -1.2375e-02, -1.8595e-02]],

         [[ 7.5121e-03,  2.0011e-02, -1.9194e-02],
          [ 2.6559e-03, -1.6729e-02,  2.0540e-02],
          [-9.0605e-03,  7.4537e-03, -3.8044e-03]]]], device='cuda:0',
       requires_grad=True)
parameters of the network conv2.bias 
 torch.Size([128]) 
 True 
 tensor([-0.0203, -0.0131, -0.0100,  0.0143, -0.0154, -0.0180,  0.0006, -0.0031,
         0.0190,  0.0166, -0.0189,  0.0116, -0.0030, -0.0049, -0.0056,  0.0055,
        -0.0142,  0.0108,  0.0019,  0.0197, -0.0125,  0.0121,  0.0103, -0.0059,
        -0.0019, -0.0161,  0.0058, -0.0106,  0.0059,  0.0126,  0.0187, -0.0004,
        -0.0018, -0.0169,  0.0033,  0.0021, -0.0176,  0.0018, -0.0126,  0.0043,
         0.0108, -0.0147, -0.0162, -0.0012, -0.0104,  0.0162,  0.0002,  0.0078,
         0.0078,  0.0009, -0.0059,  0.0013, -0.0162,  0.0107, -0.0020, -0.0058,
        -0.0163, -0.0141,  0.0011, -0.0112,  0.0082,  0.0029, -0.0006, -0.0050,
         0.0206, -0.0173,  0.0145, -0.0180,  0.0109, -0.0126,  0.0100, -0.0154,
         0.0183, -0.0096, -0.0097,  0.0020,  0.0081,  0.0186, -0.0132,  0.0037,
        -0.0026,  0.0025, -0.0134, -0.0151,  0.0015, -0.0115,  0.0148, -0.0054,
        -0.0186, -0.0192, -0.0035,  0.0153, -0.0111, -0.0056, -0.0186,  0.0151,
        -0.0057, -0.0035, -0.0002,  0.0097, -0.0052,  0.0065,  0.0084, -0.0157,
        -0.0008,  0.0109, -0.0050,  0.0192,  0.0163, -0.0012, -0.0102,  0.0021,
         0.0031, -0.0040, -0.0091,  0.0138, -0.0049, -0.0178, -0.0099,  0.0106,
        -0.0186, -0.0132,  0.0126,  0.0058,  0.0204, -0.0193, -0.0035,  0.0112],
       device='cuda:0') 
 Parameter containing:
tensor([-0.0203, -0.0131, -0.0100,  0.0143, -0.0154, -0.0180,  0.0006, -0.0031,
         0.0190,  0.0166, -0.0189,  0.0116, -0.0030, -0.0049, -0.0056,  0.0055,
        -0.0142,  0.0108,  0.0019,  0.0197, -0.0125,  0.0121,  0.0103, -0.0059,
        -0.0019, -0.0161,  0.0058, -0.0106,  0.0059,  0.0126,  0.0187, -0.0004,
        -0.0018, -0.0169,  0.0033,  0.0021, -0.0176,  0.0018, -0.0126,  0.0043,
         0.0108, -0.0147, -0.0162, -0.0012, -0.0104,  0.0162,  0.0002,  0.0078,
         0.0078,  0.0009, -0.0059,  0.0013, -0.0162,  0.0107, -0.0020, -0.0058,
        -0.0163, -0.0141,  0.0011, -0.0112,  0.0082,  0.0029, -0.0006, -0.0050,
         0.0206, -0.0173,  0.0145, -0.0180,  0.0109, -0.0126,  0.0100, -0.0154,
         0.0183, -0.0096, -0.0097,  0.0020,  0.0081,  0.0186, -0.0132,  0.0037,
        -0.0026,  0.0025, -0.0134, -0.0151,  0.0015, -0.0115,  0.0148, -0.0054,
        -0.0186, -0.0192, -0.0035,  0.0153, -0.0111, -0.0056, -0.0186,  0.0151,
        -0.0057, -0.0035, -0.0002,  0.0097, -0.0052,  0.0065,  0.0084, -0.0157,
        -0.0008,  0.0109, -0.0050,  0.0192,  0.0163, -0.0012, -0.0102,  0.0021,
         0.0031, -0.0040, -0.0091,  0.0138, -0.0049, -0.0178, -0.0099,  0.0106,
        -0.0186, -0.0132,  0.0126,  0.0058,  0.0204, -0.0193, -0.0035,  0.0112],
       device='cuda:0', requires_grad=True)
parameters of the network conv3.weight 
 torch.Size([64, 128, 3, 3]) 
 True 
 tensor([[[[-2.3752e-02,  2.8590e-02,  1.8510e-02],
          [-6.7453e-03, -1.0475e-02, -7.7974e-03],
          [ 8.1412e-03,  1.3306e-02,  3.2862e-03]],

         [[ 2.6314e-02, -1.8494e-02, -9.4995e-03],
          [ 4.5063e-03,  3.8692e-03,  1.2747e-02],
          [-5.5896e-04,  1.1580e-02,  2.0523e-02]],

         [[-1.4197e-02,  2.1623e-02,  2.6409e-04],
          [ 6.5353e-03,  9.2371e-03,  9.4150e-03],
          [ 7.7051e-03,  2.8670e-02,  1.8811e-02]],

         ...,

         [[-2.6160e-02, -2.0062e-02, -2.7952e-02],
          [ 2.4152e-02,  1.0198e-02, -5.8211e-03],
          [-5.9386e-03,  2.8912e-02,  7.1399e-03]],

         [[ 2.2519e-02,  1.8640e-02, -1.2897e-03],
          [ 2.1109e-02, -1.5049e-02,  9.6879e-03],
          [ 1.5927e-02,  4.9310e-03,  1.6537e-02]],

         [[ 2.9384e-02, -2.7287e-02, -2.7360e-02],
          [-2.0037e-02,  2.7087e-02, -2.5066e-02],
          [-1.4613e-02, -8.7258e-05, -6.3416e-03]]],


        [[[-1.7675e-02, -1.2654e-02, -1.9393e-02],
          [ 2.0700e-03, -2.2356e-02, -1.3885e-02],
          [ 2.6952e-02, -1.6262e-02,  2.0944e-02]],

         [[-1.7139e-02,  1.0371e-02, -1.1365e-02],
          [ 6.6161e-03,  5.3931e-03,  2.5091e-02],
          [ 1.9979e-02, -2.1274e-02,  1.4377e-02]],

         [[-1.6547e-02,  7.4326e-03, -2.1559e-02],
          [-6.1566e-03,  9.5334e-03,  1.4117e-02],
          [-6.6796e-03, -5.1262e-03, -2.1317e-02]],

         ...,

         [[-1.8120e-02,  5.8071e-03, -7.2317e-03],
          [ 2.3968e-02,  1.0378e-02,  7.3430e-04],
          [-9.9628e-03,  9.5577e-03, -1.4319e-02]],

         [[-2.0768e-02, -1.0617e-02, -1.2298e-02],
          [-4.1269e-04, -4.0251e-03, -9.3105e-03],
          [ 2.2427e-02, -4.7823e-03, -1.7265e-02]],

         [[-1.2740e-02, -1.5984e-02, -2.2210e-02],
          [ 2.2671e-02,  6.1389e-03,  1.7514e-02],
          [ 2.5584e-02,  3.9397e-03,  1.7905e-02]]],


        [[[ 2.4921e-02, -1.9483e-02,  5.6935e-03],
          [-7.4477e-05, -1.6579e-02,  7.1944e-03],
          [ 8.7095e-03,  4.9196e-04,  1.9016e-02]],

         [[-1.5447e-03, -2.6840e-02,  2.8294e-02],
          [-2.6804e-03, -5.5029e-03,  1.4288e-02],
          [ 2.4066e-02,  8.9854e-03,  1.7400e-02]],

         [[-8.4709e-03, -1.4783e-02,  2.4783e-02],
          [-4.3299e-03, -2.6189e-03, -1.4883e-02],
          [-2.6703e-02, -2.5466e-02, -1.5466e-02]],

         ...,

         [[-4.8220e-03, -1.9956e-02, -1.2073e-02],
          [ 3.8003e-03,  1.4506e-02,  1.9779e-02],
          [ 2.1159e-02, -7.2608e-03, -2.7698e-02]],

         [[-1.3120e-02, -3.6997e-04, -4.6986e-03],
          [-9.4072e-03, -2.3335e-02,  9.8230e-05],
          [ 1.2457e-02,  1.9528e-05,  2.3125e-02]],

         [[ 2.1820e-02, -2.0095e-02,  1.0425e-02],
          [-2.3310e-02, -2.1702e-02, -2.2321e-02],
          [ 7.3178e-03,  1.3912e-02, -2.7718e-02]]],


        ...,


        [[[ 2.1539e-02,  2.1572e-02,  8.4650e-03],
          [ 1.3790e-02,  1.5828e-02, -7.0851e-03],
          [-2.9406e-02, -2.8478e-02,  1.8476e-02]],

         [[-1.2494e-02,  1.3448e-03, -2.4234e-02],
          [ 2.8364e-02,  1.5784e-02,  8.2367e-03],
          [ 3.1845e-03, -1.6568e-03, -1.3607e-02]],

         [[-1.2893e-02,  1.3668e-02, -1.8806e-02],
          [ 1.9542e-02, -1.9738e-02,  2.7642e-02],
          [-2.5175e-02, -2.1022e-02,  1.4974e-02]],

         ...,

         [[-2.6007e-02,  1.0093e-02, -2.7914e-02],
          [ 2.4445e-02,  1.4997e-02,  2.9791e-03],
          [ 1.8457e-02,  9.8025e-04, -4.7523e-03]],

         [[ 2.2130e-02, -2.2352e-02, -9.5696e-03],
          [ 1.2458e-02,  1.8863e-02,  1.0609e-03],
          [ 2.9036e-02,  1.3765e-02, -1.0741e-03]],

         [[ 1.6278e-02,  2.1726e-02,  1.8729e-02],
          [-2.2649e-02, -7.9203e-04,  1.3497e-02],
          [-2.0284e-02, -1.0043e-02,  1.3131e-02]]],


        [[[-9.9232e-03,  8.4899e-03, -2.4787e-02],
          [ 1.0900e-02,  1.0163e-02,  1.6188e-02],
          [-4.6329e-03,  8.5807e-04,  2.3464e-02]],

         [[ 2.7698e-02, -2.7170e-02,  6.6352e-03],
          [-6.9311e-03,  1.1321e-03, -7.7536e-03],
          [-1.4208e-02, -1.6137e-03,  2.2283e-03]],

         [[-9.1659e-03,  1.2504e-02, -4.0046e-03],
          [ 1.7053e-02, -1.1701e-02,  3.7713e-03],
          [-2.7242e-02, -1.9778e-02, -1.0128e-02]],

         ...,

         [[ 9.9375e-04, -4.1705e-03,  1.5844e-02],
          [ 1.2922e-02,  1.4452e-02, -2.9314e-02],
          [ 6.4881e-03,  9.5855e-03, -2.7860e-02]],

         [[-4.8004e-03,  2.7901e-02, -1.0844e-02],
          [ 2.5160e-02,  4.0522e-03, -1.6228e-02],
          [-2.5929e-03,  1.7960e-02, -2.9236e-02]],

         [[ 2.5652e-02,  9.5353e-03, -8.2459e-03],
          [-4.0182e-03, -1.2815e-02, -2.3562e-02],
          [ 7.2354e-03, -1.3528e-02,  1.8009e-02]]],


        [[[-2.7085e-02,  2.1283e-02,  3.3951e-03],
          [-2.4895e-02, -2.7042e-02, -2.9224e-02],
          [ 2.2457e-04, -8.4088e-03,  1.9487e-02]],

         [[ 8.0294e-04,  1.8578e-02, -1.9016e-02],
          [ 6.4924e-03,  1.5971e-02, -2.6356e-02],
          [ 1.0174e-02,  2.6632e-02, -5.9453e-03]],

         [[ 1.1384e-02, -6.4667e-03,  9.1590e-03],
          [ 1.7068e-02,  3.8067e-03,  1.8073e-02],
          [-7.9610e-03,  2.4212e-03,  1.9203e-02]],

         ...,

         [[ 2.7692e-02, -2.4174e-02,  1.5958e-02],
          [-2.1926e-02, -1.7729e-02, -1.4235e-03],
          [-1.0103e-02,  2.3469e-03,  1.0165e-02]],

         [[ 2.1465e-02, -3.4038e-03,  1.9322e-02],
          [ 1.3100e-02, -7.3829e-03,  4.1486e-03],
          [ 2.7982e-03, -6.5700e-04,  8.0194e-03]],

         [[-1.5722e-02, -2.4838e-02,  1.3220e-02],
          [-5.1501e-03,  1.4616e-02,  2.4290e-02],
          [ 5.9557e-03,  1.1986e-02, -5.7262e-03]]]], device='cuda:0') 
 Parameter containing:
tensor([[[[-2.3752e-02,  2.8590e-02,  1.8510e-02],
          [-6.7453e-03, -1.0475e-02, -7.7974e-03],
          [ 8.1412e-03,  1.3306e-02,  3.2862e-03]],

         [[ 2.6314e-02, -1.8494e-02, -9.4995e-03],
          [ 4.5063e-03,  3.8692e-03,  1.2747e-02],
          [-5.5896e-04,  1.1580e-02,  2.0523e-02]],

         [[-1.4197e-02,  2.1623e-02,  2.6409e-04],
          [ 6.5353e-03,  9.2371e-03,  9.4150e-03],
          [ 7.7051e-03,  2.8670e-02,  1.8811e-02]],

         ...,

         [[-2.6160e-02, -2.0062e-02, -2.7952e-02],
          [ 2.4152e-02,  1.0198e-02, -5.8211e-03],
          [-5.9386e-03,  2.8912e-02,  7.1399e-03]],

         [[ 2.2519e-02,  1.8640e-02, -1.2897e-03],
          [ 2.1109e-02, -1.5049e-02,  9.6879e-03],
          [ 1.5927e-02,  4.9310e-03,  1.6537e-02]],

         [[ 2.9384e-02, -2.7287e-02, -2.7360e-02],
          [-2.0037e-02,  2.7087e-02, -2.5066e-02],
          [-1.4613e-02, -8.7258e-05, -6.3416e-03]]],


        [[[-1.7675e-02, -1.2654e-02, -1.9393e-02],
          [ 2.0700e-03, -2.2356e-02, -1.3885e-02],
          [ 2.6952e-02, -1.6262e-02,  2.0944e-02]],

         [[-1.7139e-02,  1.0371e-02, -1.1365e-02],
          [ 6.6161e-03,  5.3931e-03,  2.5091e-02],
          [ 1.9979e-02, -2.1274e-02,  1.4377e-02]],

         [[-1.6547e-02,  7.4326e-03, -2.1559e-02],
          [-6.1566e-03,  9.5334e-03,  1.4117e-02],
          [-6.6796e-03, -5.1262e-03, -2.1317e-02]],

         ...,

         [[-1.8120e-02,  5.8071e-03, -7.2317e-03],
          [ 2.3968e-02,  1.0378e-02,  7.3430e-04],
          [-9.9628e-03,  9.5577e-03, -1.4319e-02]],

         [[-2.0768e-02, -1.0617e-02, -1.2298e-02],
          [-4.1269e-04, -4.0251e-03, -9.3105e-03],
          [ 2.2427e-02, -4.7823e-03, -1.7265e-02]],

         [[-1.2740e-02, -1.5984e-02, -2.2210e-02],
          [ 2.2671e-02,  6.1389e-03,  1.7514e-02],
          [ 2.5584e-02,  3.9397e-03,  1.7905e-02]]],


        [[[ 2.4921e-02, -1.9483e-02,  5.6935e-03],
          [-7.4477e-05, -1.6579e-02,  7.1944e-03],
          [ 8.7095e-03,  4.9196e-04,  1.9016e-02]],

         [[-1.5447e-03, -2.6840e-02,  2.8294e-02],
          [-2.6804e-03, -5.5029e-03,  1.4288e-02],
          [ 2.4066e-02,  8.9854e-03,  1.7400e-02]],

         [[-8.4709e-03, -1.4783e-02,  2.4783e-02],
          [-4.3299e-03, -2.6189e-03, -1.4883e-02],
          [-2.6703e-02, -2.5466e-02, -1.5466e-02]],

         ...,

         [[-4.8220e-03, -1.9956e-02, -1.2073e-02],
          [ 3.8003e-03,  1.4506e-02,  1.9779e-02],
          [ 2.1159e-02, -7.2608e-03, -2.7698e-02]],

         [[-1.3120e-02, -3.6997e-04, -4.6986e-03],
          [-9.4072e-03, -2.3335e-02,  9.8230e-05],
          [ 1.2457e-02,  1.9528e-05,  2.3125e-02]],

         [[ 2.1820e-02, -2.0095e-02,  1.0425e-02],
          [-2.3310e-02, -2.1702e-02, -2.2321e-02],
          [ 7.3178e-03,  1.3912e-02, -2.7718e-02]]],


        ...,


        [[[ 2.1539e-02,  2.1572e-02,  8.4650e-03],
          [ 1.3790e-02,  1.5828e-02, -7.0851e-03],
          [-2.9406e-02, -2.8478e-02,  1.8476e-02]],

         [[-1.2494e-02,  1.3448e-03, -2.4234e-02],
          [ 2.8364e-02,  1.5784e-02,  8.2367e-03],
          [ 3.1845e-03, -1.6568e-03, -1.3607e-02]],

         [[-1.2893e-02,  1.3668e-02, -1.8806e-02],
          [ 1.9542e-02, -1.9738e-02,  2.7642e-02],
          [-2.5175e-02, -2.1022e-02,  1.4974e-02]],

         ...,

         [[-2.6007e-02,  1.0093e-02, -2.7914e-02],
          [ 2.4445e-02,  1.4997e-02,  2.9791e-03],
          [ 1.8457e-02,  9.8025e-04, -4.7523e-03]],

         [[ 2.2130e-02, -2.2352e-02, -9.5696e-03],
          [ 1.2458e-02,  1.8863e-02,  1.0609e-03],
          [ 2.9036e-02,  1.3765e-02, -1.0741e-03]],

         [[ 1.6278e-02,  2.1726e-02,  1.8729e-02],
          [-2.2649e-02, -7.9203e-04,  1.3497e-02],
          [-2.0284e-02, -1.0043e-02,  1.3131e-02]]],


        [[[-9.9232e-03,  8.4899e-03, -2.4787e-02],
          [ 1.0900e-02,  1.0163e-02,  1.6188e-02],
          [-4.6329e-03,  8.5807e-04,  2.3464e-02]],

         [[ 2.7698e-02, -2.7170e-02,  6.6352e-03],
          [-6.9311e-03,  1.1321e-03, -7.7536e-03],
          [-1.4208e-02, -1.6137e-03,  2.2283e-03]],

         [[-9.1659e-03,  1.2504e-02, -4.0046e-03],
          [ 1.7053e-02, -1.1701e-02,  3.7713e-03],
          [-2.7242e-02, -1.9778e-02, -1.0128e-02]],

         ...,

         [[ 9.9375e-04, -4.1705e-03,  1.5844e-02],
          [ 1.2922e-02,  1.4452e-02, -2.9314e-02],
          [ 6.4881e-03,  9.5855e-03, -2.7860e-02]],

         [[-4.8004e-03,  2.7901e-02, -1.0844e-02],
          [ 2.5160e-02,  4.0522e-03, -1.6228e-02],
          [-2.5929e-03,  1.7960e-02, -2.9236e-02]],

         [[ 2.5652e-02,  9.5353e-03, -8.2459e-03],
          [-4.0182e-03, -1.2815e-02, -2.3562e-02],
          [ 7.2354e-03, -1.3528e-02,  1.8009e-02]]],


        [[[-2.7085e-02,  2.1283e-02,  3.3951e-03],
          [-2.4895e-02, -2.7042e-02, -2.9224e-02],
          [ 2.2457e-04, -8.4088e-03,  1.9487e-02]],

         [[ 8.0294e-04,  1.8578e-02, -1.9016e-02],
          [ 6.4924e-03,  1.5971e-02, -2.6356e-02],
          [ 1.0174e-02,  2.6632e-02, -5.9453e-03]],

         [[ 1.1384e-02, -6.4667e-03,  9.1590e-03],
          [ 1.7068e-02,  3.8067e-03,  1.8073e-02],
          [-7.9610e-03,  2.4212e-03,  1.9203e-02]],

         ...,

         [[ 2.7692e-02, -2.4174e-02,  1.5958e-02],
          [-2.1926e-02, -1.7729e-02, -1.4235e-03],
          [-1.0103e-02,  2.3469e-03,  1.0165e-02]],

         [[ 2.1465e-02, -3.4038e-03,  1.9322e-02],
          [ 1.3100e-02, -7.3829e-03,  4.1486e-03],
          [ 2.7982e-03, -6.5700e-04,  8.0194e-03]],

         [[-1.5722e-02, -2.4838e-02,  1.3220e-02],
          [-5.1501e-03,  1.4616e-02,  2.4290e-02],
          [ 5.9557e-03,  1.1986e-02, -5.7262e-03]]]], device='cuda:0',
       requires_grad=True)
parameters of the network conv3.bias 
 torch.Size([64]) 
 True 
 tensor([ 0.0004,  0.0013, -0.0257, -0.0191,  0.0275, -0.0093, -0.0007, -0.0157,
         0.0042,  0.0007, -0.0186,  0.0204,  0.0222, -0.0187, -0.0031,  0.0091,
        -0.0074, -0.0259,  0.0239,  0.0032, -0.0071, -0.0218,  0.0117,  0.0122,
        -0.0223,  0.0164, -0.0236,  0.0106,  0.0085,  0.0264, -0.0226,  0.0211,
         0.0189,  0.0193, -0.0076, -0.0192,  0.0211,  0.0177, -0.0260,  0.0038,
         0.0016,  0.0138, -0.0241, -0.0009,  0.0061, -0.0133, -0.0280, -0.0097,
        -0.0021, -0.0129, -0.0006,  0.0212,  0.0200,  0.0177, -0.0138,  0.0238,
        -0.0007,  0.0206, -0.0274,  0.0079, -0.0162,  0.0288, -0.0280, -0.0250],
       device='cuda:0') 
 Parameter containing:
tensor([ 0.0004,  0.0013, -0.0257, -0.0191,  0.0275, -0.0093, -0.0007, -0.0157,
         0.0042,  0.0007, -0.0186,  0.0204,  0.0222, -0.0187, -0.0031,  0.0091,
        -0.0074, -0.0259,  0.0239,  0.0032, -0.0071, -0.0218,  0.0117,  0.0122,
        -0.0223,  0.0164, -0.0236,  0.0106,  0.0085,  0.0264, -0.0226,  0.0211,
         0.0189,  0.0193, -0.0076, -0.0192,  0.0211,  0.0177, -0.0260,  0.0038,
         0.0016,  0.0138, -0.0241, -0.0009,  0.0061, -0.0133, -0.0280, -0.0097,
        -0.0021, -0.0129, -0.0006,  0.0212,  0.0200,  0.0177, -0.0138,  0.0238,
        -0.0007,  0.0206, -0.0274,  0.0079, -0.0162,  0.0288, -0.0280, -0.0250],
       device='cuda:0', requires_grad=True)
parameters of the network fc1.weight 
 torch.Size([256, 667776]) 
 True 
 tensor([[ 2.7780e-04, -9.2702e-04, -9.6573e-04,  ...,  7.0620e-04,
         -1.1132e-03,  2.2536e-04],
        [-2.9531e-04,  1.1950e-03, -3.9788e-04,  ..., -5.6380e-04,
         -2.1353e-04,  6.9475e-04],
        [-6.5002e-04, -1.1383e-04, -1.0790e-03,  ...,  9.9083e-04,
         -5.0044e-04,  8.4669e-04],
        ...,
        [ 2.1257e-04,  8.9733e-04, -1.1151e-03,  ...,  7.7708e-04,
          1.0889e-03,  5.3591e-05],
        [ 6.2250e-04, -9.9693e-04, -1.0854e-04,  ...,  1.6915e-04,
          7.9438e-04, -6.6349e-04],
        [ 1.0738e-03,  9.2048e-04,  8.2238e-04,  ..., -6.8131e-04,
         -8.4964e-04, -8.2081e-04]], device='cuda:0') 
 Parameter containing:
tensor([[ 2.7780e-04, -9.2702e-04, -9.6573e-04,  ...,  7.0620e-04,
         -1.1132e-03,  2.2536e-04],
        [-2.9531e-04,  1.1950e-03, -3.9788e-04,  ..., -5.6380e-04,
         -2.1353e-04,  6.9475e-04],
        [-6.5002e-04, -1.1383e-04, -1.0790e-03,  ...,  9.9083e-04,
         -5.0044e-04,  8.4669e-04],
        ...,
        [ 2.1257e-04,  8.9733e-04, -1.1151e-03,  ...,  7.7708e-04,
          1.0889e-03,  5.3591e-05],
        [ 6.2250e-04, -9.9693e-04, -1.0854e-04,  ...,  1.6915e-04,
          7.9438e-04, -6.6349e-04],
        [ 1.0738e-03,  9.2048e-04,  8.2238e-04,  ..., -6.8131e-04,
         -8.4964e-04, -8.2081e-04]], device='cuda:0', requires_grad=True)
parameters of the network fc1.bias 
 torch.Size([256]) 
 True 
 tensor([ 7.0466e-04,  9.7712e-04, -1.1673e-03,  3.1969e-04, -8.1115e-04,
        -8.8969e-04,  1.6253e-04,  1.6979e-04, -3.6812e-04,  1.2042e-03,
         5.5642e-04, -1.1668e-03, -1.2148e-03,  3.6017e-04,  4.7651e-04,
         6.8769e-04,  9.0357e-05,  8.5318e-04,  9.6857e-04,  5.0968e-04,
         9.8137e-04, -5.6735e-04, -6.9032e-04,  4.5228e-04, -5.3406e-04,
        -9.7603e-04, -7.5876e-06, -4.4351e-04, -1.6709e-04, -1.0273e-03,
         4.2176e-04, -4.9982e-04,  5.4409e-05, -4.1680e-04,  1.2628e-04,
         6.4313e-04,  9.1159e-04,  8.2127e-04, -4.8693e-04, -8.4199e-04,
        -1.1825e-03, -2.7366e-04,  7.0966e-04, -7.0948e-04,  9.2256e-04,
        -3.8669e-04, -3.5114e-04,  9.5460e-04,  1.1172e-03,  6.5076e-04,
        -5.0046e-04,  1.6981e-04,  1.0570e-04, -6.9768e-04, -3.2573e-04,
         9.0563e-04,  1.0502e-03,  6.7392e-05, -4.4042e-05, -2.4516e-04,
        -3.1532e-04, -3.1125e-04,  3.0202e-04,  1.1602e-04, -9.8066e-04,
         6.5978e-04, -6.5909e-04, -6.0784e-04,  8.2158e-04,  7.8966e-04,
        -1.2748e-04, -8.4968e-04, -2.0736e-04, -7.4819e-04, -7.5875e-04,
        -1.7285e-04,  4.3922e-04, -6.0697e-04, -3.9140e-05, -7.7832e-04,
        -8.9963e-04, -1.2212e-03,  1.1044e-03, -3.0844e-04, -1.0896e-03,
        -3.4031e-04,  3.1528e-04, -3.5681e-04, -5.1060e-04,  1.1924e-03,
         2.3253e-04,  5.1167e-04, -3.5319e-04, -2.5708e-04, -3.0725e-04,
         3.5505e-04, -6.3641e-04, -4.3063e-05, -8.2807e-04,  9.3715e-04,
        -4.4502e-04, -5.5096e-04,  1.0035e-03, -2.5565e-05,  7.2779e-04,
         4.6513e-04,  3.8622e-04,  7.8244e-04, -1.1940e-03, -9.9828e-04,
        -3.7868e-04,  1.0337e-03, -1.1944e-03,  6.4272e-04,  9.0056e-04,
         1.1696e-03, -2.7171e-04, -5.0921e-05,  7.5732e-04,  5.4188e-04,
        -4.1956e-04,  4.9413e-04,  1.0031e-03, -4.8529e-04, -1.1176e-03,
         5.3679e-04,  1.1749e-03,  5.5726e-04, -4.7570e-04, -5.8647e-04,
         5.8913e-05,  1.1169e-03,  7.3573e-04,  1.0763e-03,  6.1108e-05,
         5.2319e-04,  4.9130e-04,  8.8104e-04,  1.1177e-03,  1.0960e-03,
        -1.1166e-03,  1.0061e-03,  3.2651e-05, -3.0833e-04, -3.1427e-05,
        -9.9852e-04, -9.4247e-04, -5.7193e-04,  1.1451e-03, -1.1166e-03,
         7.3132e-04,  9.9378e-04, -4.6639e-04,  7.3139e-04, -8.7525e-04,
         3.7484e-04,  2.6343e-04,  6.0402e-04, -1.1071e-03,  3.6864e-07,
         1.0681e-05,  3.0282e-05, -7.1163e-04, -9.1100e-04, -3.3654e-04,
         4.6988e-04, -2.9770e-06,  1.4318e-05,  2.6630e-05, -5.1648e-04,
        -1.0062e-03, -4.8059e-04, -1.1487e-03, -1.6652e-04,  3.8383e-04,
        -9.3415e-04, -8.9536e-04, -6.8214e-04, -3.5898e-04, -1.0988e-03,
        -1.1442e-03,  1.2094e-03, -1.1971e-03,  6.1449e-04, -7.5823e-04,
         3.7810e-04, -9.5272e-04,  6.5939e-05,  6.5052e-04, -3.8606e-04,
        -8.4891e-04, -8.1239e-04,  6.9928e-05, -4.3333e-04, -2.7851e-05,
        -7.8210e-04,  1.0028e-03,  1.8723e-04,  1.1699e-04,  8.0913e-05,
        -2.2194e-04, -5.3494e-04, -1.0227e-03, -2.3663e-04, -1.5609e-04,
        -1.2136e-03, -5.2201e-04, -7.0434e-04, -5.3841e-04, -4.8020e-04,
        -1.1031e-03,  5.7448e-04, -8.1471e-04,  4.1040e-04,  5.5246e-04,
        -6.2720e-04,  1.2365e-04,  3.1366e-04, -2.4474e-04,  2.6647e-04,
        -1.3385e-04,  4.2436e-04,  1.7019e-04,  1.0619e-03,  7.5598e-05,
        -7.7908e-04,  8.6817e-04,  4.5334e-04, -1.0917e-03,  1.0694e-03,
         1.8254e-04,  7.3315e-04,  1.1780e-03, -6.4365e-04,  9.1927e-04,
        -2.7785e-04, -5.8113e-05,  2.0370e-04,  1.3329e-04, -8.0786e-04,
        -6.5101e-04, -6.9481e-04, -4.0822e-04, -1.0958e-03,  1.2153e-03,
        -8.4168e-04, -5.5139e-04,  1.1519e-03, -5.2835e-04,  9.1876e-04,
        -3.2233e-04, -1.1012e-03, -1.0401e-03,  6.2859e-04, -2.6217e-04,
         4.8614e-04], device='cuda:0') 
 Parameter containing:
tensor([ 7.0466e-04,  9.7712e-04, -1.1673e-03,  3.1969e-04, -8.1115e-04,
        -8.8969e-04,  1.6253e-04,  1.6979e-04, -3.6812e-04,  1.2042e-03,
         5.5642e-04, -1.1668e-03, -1.2148e-03,  3.6017e-04,  4.7651e-04,
         6.8769e-04,  9.0357e-05,  8.5318e-04,  9.6857e-04,  5.0968e-04,
         9.8137e-04, -5.6735e-04, -6.9032e-04,  4.5228e-04, -5.3406e-04,
        -9.7603e-04, -7.5876e-06, -4.4351e-04, -1.6709e-04, -1.0273e-03,
         4.2176e-04, -4.9982e-04,  5.4409e-05, -4.1680e-04,  1.2628e-04,
         6.4313e-04,  9.1159e-04,  8.2127e-04, -4.8693e-04, -8.4199e-04,
        -1.1825e-03, -2.7366e-04,  7.0966e-04, -7.0948e-04,  9.2256e-04,
        -3.8669e-04, -3.5114e-04,  9.5460e-04,  1.1172e-03,  6.5076e-04,
        -5.0046e-04,  1.6981e-04,  1.0570e-04, -6.9768e-04, -3.2573e-04,
         9.0563e-04,  1.0502e-03,  6.7392e-05, -4.4042e-05, -2.4516e-04,
        -3.1532e-04, -3.1125e-04,  3.0202e-04,  1.1602e-04, -9.8066e-04,
         6.5978e-04, -6.5909e-04, -6.0784e-04,  8.2158e-04,  7.8966e-04,
        -1.2748e-04, -8.4968e-04, -2.0736e-04, -7.4819e-04, -7.5875e-04,
        -1.7285e-04,  4.3922e-04, -6.0697e-04, -3.9140e-05, -7.7832e-04,
        -8.9963e-04, -1.2212e-03,  1.1044e-03, -3.0844e-04, -1.0896e-03,
        -3.4031e-04,  3.1528e-04, -3.5681e-04, -5.1060e-04,  1.1924e-03,
         2.3253e-04,  5.1167e-04, -3.5319e-04, -2.5708e-04, -3.0725e-04,
         3.5505e-04, -6.3641e-04, -4.3063e-05, -8.2807e-04,  9.3715e-04,
        -4.4502e-04, -5.5096e-04,  1.0035e-03, -2.5565e-05,  7.2779e-04,
         4.6513e-04,  3.8622e-04,  7.8244e-04, -1.1940e-03, -9.9828e-04,
        -3.7868e-04,  1.0337e-03, -1.1944e-03,  6.4272e-04,  9.0056e-04,
         1.1696e-03, -2.7171e-04, -5.0921e-05,  7.5732e-04,  5.4188e-04,
        -4.1956e-04,  4.9413e-04,  1.0031e-03, -4.8529e-04, -1.1176e-03,
         5.3679e-04,  1.1749e-03,  5.5726e-04, -4.7570e-04, -5.8647e-04,
         5.8913e-05,  1.1169e-03,  7.3573e-04,  1.0763e-03,  6.1108e-05,
         5.2319e-04,  4.9130e-04,  8.8104e-04,  1.1177e-03,  1.0960e-03,
        -1.1166e-03,  1.0061e-03,  3.2651e-05, -3.0833e-04, -3.1427e-05,
        -9.9852e-04, -9.4247e-04, -5.7193e-04,  1.1451e-03, -1.1166e-03,
         7.3132e-04,  9.9378e-04, -4.6639e-04,  7.3139e-04, -8.7525e-04,
         3.7484e-04,  2.6343e-04,  6.0402e-04, -1.1071e-03,  3.6864e-07,
         1.0681e-05,  3.0282e-05, -7.1163e-04, -9.1100e-04, -3.3654e-04,
         4.6988e-04, -2.9770e-06,  1.4318e-05,  2.6630e-05, -5.1648e-04,
        -1.0062e-03, -4.8059e-04, -1.1487e-03, -1.6652e-04,  3.8383e-04,
        -9.3415e-04, -8.9536e-04, -6.8214e-04, -3.5898e-04, -1.0988e-03,
        -1.1442e-03,  1.2094e-03, -1.1971e-03,  6.1449e-04, -7.5823e-04,
         3.7810e-04, -9.5272e-04,  6.5939e-05,  6.5052e-04, -3.8606e-04,
        -8.4891e-04, -8.1239e-04,  6.9928e-05, -4.3333e-04, -2.7851e-05,
        -7.8210e-04,  1.0028e-03,  1.8723e-04,  1.1699e-04,  8.0913e-05,
        -2.2194e-04, -5.3494e-04, -1.0227e-03, -2.3663e-04, -1.5609e-04,
        -1.2136e-03, -5.2201e-04, -7.0434e-04, -5.3841e-04, -4.8020e-04,
        -1.1031e-03,  5.7448e-04, -8.1471e-04,  4.1040e-04,  5.5246e-04,
        -6.2720e-04,  1.2365e-04,  3.1366e-04, -2.4474e-04,  2.6647e-04,
        -1.3385e-04,  4.2436e-04,  1.7019e-04,  1.0619e-03,  7.5598e-05,
        -7.7908e-04,  8.6817e-04,  4.5334e-04, -1.0917e-03,  1.0694e-03,
         1.8254e-04,  7.3315e-04,  1.1780e-03, -6.4365e-04,  9.1927e-04,
        -2.7785e-04, -5.8113e-05,  2.0370e-04,  1.3329e-04, -8.0786e-04,
        -6.5101e-04, -6.9481e-04, -4.0822e-04, -1.0958e-03,  1.2153e-03,
        -8.4168e-04, -5.5139e-04,  1.1519e-03, -5.2835e-04,  9.1876e-04,
        -3.2233e-04, -1.1012e-03, -1.0401e-03,  6.2859e-04, -2.6217e-04,
         4.8614e-04], device='cuda:0', requires_grad=True)
parameters of the network fc2.weight 
 torch.Size([128, 256]) 
 True 
 tensor([[ 4.9820e-02, -3.0685e-02,  3.7034e-02,  ..., -1.8496e-02,
          1.1059e-02,  2.5414e-02],
        [-5.9745e-02,  2.0131e-05, -3.7673e-02,  ...,  5.7257e-02,
         -1.4548e-02,  4.3553e-03],
        [-6.0666e-02,  8.5906e-03,  2.1019e-03,  ...,  2.3679e-02,
          6.4133e-03,  4.3365e-02],
        ...,
        [-3.2059e-02, -4.5519e-02, -2.7863e-02,  ...,  5.1428e-03,
         -2.8527e-03, -1.1644e-02],
        [-4.6841e-02, -1.9726e-02, -1.2991e-02,  ...,  4.1088e-02,
          2.9622e-02,  5.5964e-02],
        [-3.8204e-02,  5.4072e-02,  3.9406e-02,  ..., -6.2453e-02,
         -1.9263e-03, -4.7963e-02]], device='cuda:0') 
 Parameter containing:
tensor([[ 4.9820e-02, -3.0685e-02,  3.7034e-02,  ..., -1.8496e-02,
          1.1059e-02,  2.5414e-02],
        [-5.9745e-02,  2.0131e-05, -3.7673e-02,  ...,  5.7257e-02,
         -1.4548e-02,  4.3553e-03],
        [-6.0666e-02,  8.5906e-03,  2.1019e-03,  ...,  2.3679e-02,
          6.4133e-03,  4.3365e-02],
        ...,
        [-3.2059e-02, -4.5519e-02, -2.7863e-02,  ...,  5.1428e-03,
         -2.8527e-03, -1.1644e-02],
        [-4.6841e-02, -1.9726e-02, -1.2991e-02,  ...,  4.1088e-02,
          2.9622e-02,  5.5964e-02],
        [-3.8204e-02,  5.4072e-02,  3.9406e-02,  ..., -6.2453e-02,
         -1.9263e-03, -4.7963e-02]], device='cuda:0', requires_grad=True)
parameters of the network fc2.bias 
 torch.Size([128]) 
 True 
 tensor([ 0.0516,  0.0423, -0.0257, -0.0270, -0.0567,  0.0103,  0.0606, -0.0477,
        -0.0008, -0.0254, -0.0369, -0.0170,  0.0012, -0.0337,  0.0021,  0.0159,
         0.0294, -0.0282, -0.0349, -0.0488,  0.0422,  0.0149, -0.0397, -0.0555,
        -0.0356,  0.0527, -0.0140, -0.0304, -0.0018, -0.0525,  0.0001, -0.0476,
         0.0210,  0.0210,  0.0447, -0.0149, -0.0247,  0.0557,  0.0101, -0.0522,
        -0.0429,  0.0602,  0.0388, -0.0413,  0.0325, -0.0217,  0.0511,  0.0177,
         0.0071, -0.0320, -0.0347,  0.0182, -0.0611, -0.0237, -0.0331, -0.0172,
         0.0405, -0.0609, -0.0578, -0.0050, -0.0482,  0.0065,  0.0338,  0.0239,
         0.0088,  0.0360,  0.0125, -0.0075, -0.0347, -0.0237,  0.0158,  0.0096,
         0.0104,  0.0436, -0.0298, -0.0388, -0.0093,  0.0190, -0.0376, -0.0383,
        -0.0271,  0.0059, -0.0587, -0.0597, -0.0041,  0.0176, -0.0129, -0.0008,
        -0.0224,  0.0284,  0.0520, -0.0152,  0.0391, -0.0048, -0.0433, -0.0242,
        -0.0138, -0.0425, -0.0249,  0.0073, -0.0190, -0.0484, -0.0182, -0.0514,
         0.0544,  0.0610, -0.0136,  0.0247, -0.0268,  0.0264,  0.0404,  0.0254,
        -0.0376, -0.0051, -0.0492,  0.0368, -0.0184,  0.0316,  0.0611, -0.0483,
        -0.0131, -0.0555, -0.0160, -0.0579,  0.0214, -0.0166,  0.0141, -0.0009],
       device='cuda:0') 
 Parameter containing:
tensor([ 0.0516,  0.0423, -0.0257, -0.0270, -0.0567,  0.0103,  0.0606, -0.0477,
        -0.0008, -0.0254, -0.0369, -0.0170,  0.0012, -0.0337,  0.0021,  0.0159,
         0.0294, -0.0282, -0.0349, -0.0488,  0.0422,  0.0149, -0.0397, -0.0555,
        -0.0356,  0.0527, -0.0140, -0.0304, -0.0018, -0.0525,  0.0001, -0.0476,
         0.0210,  0.0210,  0.0447, -0.0149, -0.0247,  0.0557,  0.0101, -0.0522,
        -0.0429,  0.0602,  0.0388, -0.0413,  0.0325, -0.0217,  0.0511,  0.0177,
         0.0071, -0.0320, -0.0347,  0.0182, -0.0611, -0.0237, -0.0331, -0.0172,
         0.0405, -0.0609, -0.0578, -0.0050, -0.0482,  0.0065,  0.0338,  0.0239,
         0.0088,  0.0360,  0.0125, -0.0075, -0.0347, -0.0237,  0.0158,  0.0096,
         0.0104,  0.0436, -0.0298, -0.0388, -0.0093,  0.0190, -0.0376, -0.0383,
        -0.0271,  0.0059, -0.0587, -0.0597, -0.0041,  0.0176, -0.0129, -0.0008,
        -0.0224,  0.0284,  0.0520, -0.0152,  0.0391, -0.0048, -0.0433, -0.0242,
        -0.0138, -0.0425, -0.0249,  0.0073, -0.0190, -0.0484, -0.0182, -0.0514,
         0.0544,  0.0610, -0.0136,  0.0247, -0.0268,  0.0264,  0.0404,  0.0254,
        -0.0376, -0.0051, -0.0492,  0.0368, -0.0184,  0.0316,  0.0611, -0.0483,
        -0.0131, -0.0555, -0.0160, -0.0579,  0.0214, -0.0166,  0.0141, -0.0009],
       device='cuda:0', requires_grad=True)
parameters of the network fc3.weight 
 torch.Size([64, 128]) 
 True 
 tensor([[-0.0043, -0.0325,  0.0796,  ...,  0.0630,  0.0595,  0.0411],
        [ 0.0304, -0.0653,  0.0070,  ..., -0.0188,  0.0067,  0.0491],
        [-0.0800,  0.0711,  0.0714,  ..., -0.0258,  0.0625, -0.0637],
        ...,
        [-0.0868,  0.0469,  0.0496,  ..., -0.0145,  0.0418, -0.0274],
        [ 0.0092,  0.0024,  0.0880,  ..., -0.0322,  0.0857, -0.0249],
        [-0.0854,  0.0330,  0.0478,  ...,  0.0487, -0.0847,  0.0620]],
       device='cuda:0') 
 Parameter containing:
tensor([[-0.0043, -0.0325,  0.0796,  ...,  0.0630,  0.0595,  0.0411],
        [ 0.0304, -0.0653,  0.0070,  ..., -0.0188,  0.0067,  0.0491],
        [-0.0800,  0.0711,  0.0714,  ..., -0.0258,  0.0625, -0.0637],
        ...,
        [-0.0868,  0.0469,  0.0496,  ..., -0.0145,  0.0418, -0.0274],
        [ 0.0092,  0.0024,  0.0880,  ..., -0.0322,  0.0857, -0.0249],
        [-0.0854,  0.0330,  0.0478,  ...,  0.0487, -0.0847,  0.0620]],
       device='cuda:0', requires_grad=True)
parameters of the network fc3.bias 
 torch.Size([64]) 
 True 
 tensor([-0.0186, -0.0531,  0.0755,  0.0536, -0.0758,  0.0797,  0.0699,  0.0068,
         0.0796, -0.0875, -0.0744,  0.0809,  0.0122, -0.0017,  0.0739, -0.0665,
         0.0475, -0.0760, -0.0027,  0.0759,  0.0731,  0.0352,  0.0867, -0.0340,
        -0.0032,  0.0322, -0.0318,  0.0511, -0.0854, -0.0225,  0.0050, -0.0582,
         0.0880, -0.0228,  0.0754, -0.0300,  0.0798,  0.0435, -0.0275,  0.0306,
        -0.0815, -0.0501,  0.0170,  0.0348, -0.0616, -0.0815, -0.0500,  0.0764,
         0.0097, -0.0347,  0.0371, -0.0523, -0.0283,  0.0003, -0.0024, -0.0780,
        -0.0759, -0.0861,  0.0759, -0.0042, -0.0447,  0.0003, -0.0180,  0.0402],
       device='cuda:0') 
 Parameter containing:
tensor([-0.0186, -0.0531,  0.0755,  0.0536, -0.0758,  0.0797,  0.0699,  0.0068,
         0.0796, -0.0875, -0.0744,  0.0809,  0.0122, -0.0017,  0.0739, -0.0665,
         0.0475, -0.0760, -0.0027,  0.0759,  0.0731,  0.0352,  0.0867, -0.0340,
        -0.0032,  0.0322, -0.0318,  0.0511, -0.0854, -0.0225,  0.0050, -0.0582,
         0.0880, -0.0228,  0.0754, -0.0300,  0.0798,  0.0435, -0.0275,  0.0306,
        -0.0815, -0.0501,  0.0170,  0.0348, -0.0616, -0.0815, -0.0500,  0.0764,
         0.0097, -0.0347,  0.0371, -0.0523, -0.0283,  0.0003, -0.0024, -0.0780,
        -0.0759, -0.0861,  0.0759, -0.0042, -0.0447,  0.0003, -0.0180,  0.0402],
       device='cuda:0', requires_grad=True)
parameters of the network fc4.weight 
 torch.Size([6796, 64]) 
 True 
 tensor([[ 0.1055,  0.0061,  0.1169,  ...,  0.0096,  0.0906, -0.0565],
        [ 0.1091,  0.0718, -0.0967,  ...,  0.0947,  0.0310,  0.0224],
        [ 0.0003, -0.0210,  0.0952,  ..., -0.0971,  0.1156,  0.1017],
        ...,
        [ 0.0250,  0.0981,  0.0983,  ...,  0.0632, -0.0474,  0.0508],
        [ 0.0214,  0.0439, -0.1089,  ..., -0.0467,  0.0334, -0.0798],
        [-0.1206,  0.0245, -0.0462,  ..., -0.0276,  0.0254,  0.0153]],
       device='cuda:0') 
 Parameter containing:
tensor([[ 0.1055,  0.0061,  0.1169,  ...,  0.0096,  0.0906, -0.0565],
        [ 0.1091,  0.0718, -0.0967,  ...,  0.0947,  0.0310,  0.0224],
        [ 0.0003, -0.0210,  0.0952,  ..., -0.0971,  0.1156,  0.1017],
        ...,
        [ 0.0250,  0.0981,  0.0983,  ...,  0.0632, -0.0474,  0.0508],
        [ 0.0214,  0.0439, -0.1089,  ..., -0.0467,  0.0334, -0.0798],
        [-0.1206,  0.0245, -0.0462,  ..., -0.0276,  0.0254,  0.0153]],
       device='cuda:0', requires_grad=True)
parameters of the network fc4.bias 
 torch.Size([6796]) 
 True 
 tensor([-0.0921, -0.0755, -0.0745,  ...,  0.0969,  0.0360,  0.0855],
       device='cuda:0') 
 Parameter containing:
tensor([-0.0921, -0.0755, -0.0745,  ...,  0.0969,  0.0360,  0.0855],
       device='cuda:0', requires_grad=True)

Passing event 1007 from the network before training input tensor([[0., 0., 0.,  ..., 0., 0., 0.],
        [0., 0., 0.,  ..., 0., 0., 0.],
        [0., 0., 0.,  ..., 0., 0., 0.],
        ...,
        [0., 0., 0.,  ..., 0., 0., 0.],
        [0., 0., 0.,  ..., 0., 0., 0.],
        [0., 0., 0.,  ..., 0., 0., 0.]]) 
result1: tensor([[0.4784, 0.4764, 0.4834,  ..., 0.5243, 0.4894, 0.5248],
        [0.4784, 0.4764, 0.4834,  ..., 0.5243, 0.4894, 0.5248],
        [0.4784, 0.4764, 0.4833,  ..., 0.5243, 0.4894, 0.5248],
        ...,
        [0.4784, 0.4764, 0.4833,  ..., 0.5243, 0.4894, 0.5248],
        [0.4784, 0.4764, 0.4834,  ..., 0.5243, 0.4894, 0.5249],
        [0.4784, 0.4764, 0.4833,  ..., 0.5243, 0.4894, 0.5248]],
       device='cuda:0', grad_fn=<SigmoidBackward0>) 
result1.shape: torch.Size([20, 6796])

Passing two random events from the network before training 
result1: tensor([[0.4784, 0.4764, 0.4834,  ..., 0.5243, 0.4894, 0.5248],
        [0.4784, 0.4764, 0.4834,  ..., 0.5243, 0.4894, 0.5248],
        [0.4784, 0.4764, 0.4833,  ..., 0.5243, 0.4894, 0.5248],
        ...,
        [0.4784, 0.4764, 0.4833,  ..., 0.5243, 0.4894, 0.5248],
        [0.4784, 0.4764, 0.4834,  ..., 0.5243, 0.4894, 0.5249],
        [0.4784, 0.4764, 0.4833,  ..., 0.5243, 0.4894, 0.5248]],
       device='cuda:0', grad_fn=<SigmoidBackward0>) 
result1.shape: torch.Size([20, 6796]) 
input: [[0. 0. 0. ... 0. 0. 0.]
 [0. 0. 0. ... 0. 0. 0.]
 [0. 0. 0. ... 0. 0. 0.]
 ...
 [0. 0. 0. ... 0. 0. 0.]
 [0. 0. 0. ... 0. 0. 0.]
 [0. 0. 0. ... 0. 0. 0.]]
=> loading checkpoint from /hpcfs/bes/mlgpu/hoseinkk/MLTracking/otherparticles/pppipi/pyt_pppipi_cnn_1/checkpoint_dir/1999840284saved_checkpoint.tar



load_model True 
TraEvN 19998 
BatchSize 30.0 
EpochNum 40 
LrVal 0.0001 
weight_decay 5e-05 
startmesh 284 
endmesh 285 



Traceback (most recent call last):
  File "/hpcfs/bes/mlgpu/hoseinkk/MLTracking/otherparticles/pppipi/pyt_pppipi_cnn_1/./Results.py", line 114, in <module>
    plotevent((sitonsquare(result1[EvBTr - 10000] > thr[0])) & (sitonsquare(trvalcnnpppipi[EvBTr]) > 0), 245, f'event number {EvBTr} passed through network after training \n threshold is {thr[0]}')
TypeError: ufunc 'bitwise_and' not supported for the input types, and the inputs could not be safely coerced to any supported types according to the casting rule ''safe''

real	0m53.563s
user	0m46.435s
sys	0m10.688s
