0: gpu021.ihep.ac.cn
GPU 0: Tesla V100-SXM2-32GB (UUID: GPU-d070abdc-2a34-a2f1-fcf5-3bd4a3b59895)
Allocate GPU cards : 0

modinfo:
filename:       /lib/modules/3.10.0-1160.71.1.el7.x86_64/extra/nvidia.ko.xz
firmware:       nvidia/515.65.01/gsp.bin
alias:          char-major-195-*
version:        515.65.01
supported:      external
license:        NVIDIA
retpoline:      Y
rhelversion:    7.9
srcversion:     8049D44E2C1B08F41E1B8A6
alias:          pci:v000010DEd*sv*sd*bc06sc80i00*
alias:          pci:v000010DEd*sv*sd*bc03sc02i00*
alias:          pci:v000010DEd*sv*sd*bc03sc00i00*
depends:        drm
vermagic:       3.10.0-1160.71.1.el7.x86_64 SMP mod_unload modversions 
signer:         DKMS module signing key
sig_key:        C2:44:16:3E:F4:B2:32:61:B4:43:86:F6:64:80:CC:44:95:DA:BA:12
sig_hashalgo:   sha512
parm:           NvSwitchRegDwords:NvSwitch regkey (charp)
parm:           NvSwitchBlacklist:NvSwitchBlacklist=uuid[,uuid...] (charp)
parm:           NVreg_ResmanDebugLevel:int
parm:           NVreg_RmLogonRC:int
parm:           NVreg_ModifyDeviceFiles:int
parm:           NVreg_DeviceFileUID:int
parm:           NVreg_DeviceFileGID:int
parm:           NVreg_DeviceFileMode:int
parm:           NVreg_InitializeSystemMemoryAllocations:int
parm:           NVreg_UsePageAttributeTable:int
parm:           NVreg_EnablePCIeGen3:int
parm:           NVreg_EnableMSI:int
parm:           NVreg_TCEBypassMode:int
parm:           NVreg_EnableStreamMemOPs:int
parm:           NVreg_RestrictProfilingToAdminUsers:int
parm:           NVreg_PreserveVideoMemoryAllocations:int
parm:           NVreg_EnableS0ixPowerManagement:int
parm:           NVreg_S0ixPowerManagementVideoMemoryThreshold:int
parm:           NVreg_DynamicPowerManagement:int
parm:           NVreg_DynamicPowerManagementVideoMemoryThreshold:int
parm:           NVreg_EnableGpuFirmware:int
parm:           NVreg_EnableGpuFirmwareLogs:int
parm:           NVreg_OpenRmEnableUnsupportedGpus:int
parm:           NVreg_EnableUserNUMAManagement:int
parm:           NVreg_MemoryPoolSize:int
parm:           NVreg_KMallocHeapMaxSize:int
parm:           NVreg_VMallocHeapMaxSize:int
parm:           NVreg_IgnoreMMIOCheck:int
parm:           NVreg_NvLinkDisable:int
parm:           NVreg_EnablePCIERelaxedOrderingMode:int
parm:           NVreg_RegisterPCIDriver:int
parm:           NVreg_EnableDbgBreakpoint:int
parm:           NVreg_RegistryDwords:charp
parm:           NVreg_RegistryDwordsPerDevice:charp
parm:           NVreg_RmMsg:charp
parm:           NVreg_GpuBlacklist:charp
parm:           NVreg_TemporaryFilePath:charp
parm:           NVreg_ExcludedGpus:charp
parm:           NVreg_DmaRemapPeerMmio:int
parm:           rm_firmware_active:charp

nvidia-smi:
Tue Aug 30 06:44:00 2022       
+-----------------------------------------------------------------------------+
| NVIDIA-SMI 515.65.01    Driver Version: 515.65.01    CUDA Version: 11.7     |
|-------------------------------+----------------------+----------------------+
| GPU  Name        Persistence-M| Bus-Id        Disp.A | Volatile Uncorr. ECC |
| Fan  Temp  Perf  Pwr:Usage/Cap|         Memory-Usage | GPU-Util  Compute M. |
|                               |                      |               MIG M. |
|===============================+======================+======================|
|   0  Tesla V100-SXM2...  On   | 00000000:1F:00.0 Off |                    0 |
| N/A   37C    P0    38W / 300W |      0MiB / 32768MiB |      0%      Default |
|                               |                      |                  N/A |
+-------------------------------+----------------------+----------------------+
                                                                               
+-----------------------------------------------------------------------------+
| Processes:                                                                  |
|  GPU   GI   CI        PID   Type   Process name                  GPU Memory |
|        ID   ID                                                   Usage      |
|=============================================================================|
|  No running processes found                                                 |
+-----------------------------------------------------------------------------+

nvcc --version:
nvcc: NVIDIA (R) Cuda compiler driver
Copyright (c) 2005-2021 NVIDIA Corporation
Built on Sun_Mar_21_19:15:46_PDT_2021
Cuda compilation tools, release 11.3, V11.3.58
Build cuda_11.3.r11.3/compiler.29745058_0

 torch version: 1.10.2

 cuda version: 11.3

 is cuda available: True

 CUDNN VERSION: 8200

 Number CUDA Devices: 1

 CUDA Device Name: Tesla V100-SXM2-32GB

 CUDA Device Total Memory [GB]: 34.089926656

 Device capability: (7, 0) 

 Cuda deviice: <torch.cuda.device object at 0x2b019c6758e0> 

 Is cuda initialized: True

 CUDA_HOME: /hpcfs/bes/mlgpu/hoseinkk/Miniconda3/envs/dgl1

real	0m4.530s
user	0m2.719s
sys	0m0.668s
/hpcfs/bes/mlgpu/hoseinkk/Miniconda3/envs/dgl1/lib/python3.9/site-packages/cupy/_environment.py:438: UserWarning: 
--------------------------------------------------------------------------------

  CuPy may not function correctly because multiple CuPy packages are installed
  in your environment:

    cupy, cupy-cuda110

  Follow these steps to resolve this issue:

    1. For all packages listed above, run the following command to remove all
       existing CuPy installations:

         $ pip uninstall <package_name>

      If you previously installed CuPy via conda, also run the following:

         $ conda uninstall cupy

    2. Install the appropriate CuPy package.
       Refer to the Installation Guide for detailed instructions.

         https://docs.cupy.dev/en/stable/install.html

--------------------------------------------------------------------------------

  warnings.warn(f'''
/hpcfs/bes/mlgpu/hoseinkk/Miniconda3/envs/dgl1/lib/python3.9/site-packages/torch/nn/functional.py:1806: UserWarning: nn.functional.sigmoid is deprecated. Use torch.sigmoid instead.
  warnings.warn("nn.functional.sigmoid is deprecated. Use torch.sigmoid instead.")





 Loading data ... 



training set shape (20000, 43, 288) 
sum 5279207

target set shape (20000, 6796) 
sum 4575851




 The Network ... 


Net(
  (conv1): Conv2d(1, 256, kernel_size=(3, 3), stride=(1, 1))
  (conv2): Conv2d(256, 128, kernel_size=(3, 3), stride=(1, 1))
  (conv3): Conv2d(128, 64, kernel_size=(3, 3), stride=(1, 1))
  (fc1): Linear(in_features=667776, out_features=256, bias=True)
  (fc2): Linear(in_features=256, out_features=128, bias=True)
  (fc3): Linear(in_features=128, out_features=64, bias=True)
  (fc4): Linear(in_features=64, out_features=6796, bias=True)
)

number of the free parameters: 171805196
parameters of the network conv1.weight 
 torch.Size([256, 1, 3, 3]) 
 True 
 tensor([[[[ 0.3207,  0.1213,  0.2737],
          [-0.2847, -0.3137,  0.3147],
          [ 0.3042,  0.0286, -0.0443]]],


        [[[-0.2469,  0.0914, -0.2985],
          [-0.0844,  0.1316, -0.2969],
          [ 0.0889, -0.2699,  0.2127]]],


        [[[-0.2065, -0.2356, -0.2056],
          [ 0.1698,  0.2925,  0.2238],
          [-0.1598, -0.1792,  0.2515]]],


        ...,


        [[[-0.2001,  0.1213,  0.3026],
          [ 0.2471,  0.2479,  0.0626],
          [ 0.1973,  0.2215,  0.1782]]],


        [[[ 0.2463,  0.2542, -0.0481],
          [ 0.1970, -0.1250,  0.2723],
          [ 0.2367, -0.1698,  0.0073]]],


        [[[-0.2123,  0.3270, -0.1862],
          [-0.0941,  0.2426,  0.1650],
          [-0.0212,  0.1274, -0.1465]]]], device='cuda:0') 
 Parameter containing:
tensor([[[[ 0.3207,  0.1213,  0.2737],
          [-0.2847, -0.3137,  0.3147],
          [ 0.3042,  0.0286, -0.0443]]],


        [[[-0.2469,  0.0914, -0.2985],
          [-0.0844,  0.1316, -0.2969],
          [ 0.0889, -0.2699,  0.2127]]],


        [[[-0.2065, -0.2356, -0.2056],
          [ 0.1698,  0.2925,  0.2238],
          [-0.1598, -0.1792,  0.2515]]],


        ...,


        [[[-0.2001,  0.1213,  0.3026],
          [ 0.2471,  0.2479,  0.0626],
          [ 0.1973,  0.2215,  0.1782]]],


        [[[ 0.2463,  0.2542, -0.0481],
          [ 0.1970, -0.1250,  0.2723],
          [ 0.2367, -0.1698,  0.0073]]],


        [[[-0.2123,  0.3270, -0.1862],
          [-0.0941,  0.2426,  0.1650],
          [-0.0212,  0.1274, -0.1465]]]], device='cuda:0', requires_grad=True)
parameters of the network conv1.bias 
 torch.Size([256]) 
 True 
 tensor([ 0.2439, -0.1942,  0.0934,  0.0445, -0.2872, -0.1457, -0.2681,  0.2240,
         0.1107, -0.0349,  0.1596,  0.2553,  0.1971, -0.3030, -0.0999,  0.3258,
        -0.2778, -0.0743, -0.0539,  0.2038, -0.0581,  0.1284,  0.1250,  0.1341,
         0.0636, -0.0740, -0.0840, -0.0523, -0.2148,  0.0404, -0.1383, -0.2553,
        -0.1633, -0.1621, -0.0090, -0.1420,  0.2248, -0.1017,  0.0635,  0.1913,
        -0.2010,  0.2165, -0.1067, -0.2669, -0.0801, -0.0143,  0.2113, -0.0433,
         0.2460, -0.0532, -0.0120, -0.0848, -0.3188,  0.2740,  0.0400,  0.2742,
        -0.0558, -0.2518,  0.1599, -0.0369,  0.0549,  0.0800,  0.1882, -0.0961,
         0.0675, -0.0391,  0.2555, -0.0182,  0.1788,  0.2643, -0.1088,  0.0748,
        -0.2085, -0.2833,  0.0814,  0.1666, -0.1402,  0.0443,  0.0784,  0.2482,
        -0.3133, -0.0959, -0.1016, -0.1725,  0.2516, -0.2791,  0.1544, -0.3173,
         0.0191,  0.3066,  0.1308,  0.2988, -0.2136,  0.1741,  0.1255,  0.1727,
         0.3202, -0.1069, -0.0186,  0.0495, -0.1331,  0.0639,  0.0331, -0.1468,
         0.3250, -0.2393,  0.1949, -0.1425, -0.0551,  0.0758,  0.3331, -0.2952,
        -0.2379, -0.2136, -0.1627,  0.1679, -0.1822,  0.1982,  0.0009,  0.0036,
         0.0550, -0.1464, -0.2303,  0.2182, -0.2748, -0.0147,  0.3303,  0.2167,
        -0.0592,  0.3264, -0.2849, -0.1077,  0.2752, -0.0086,  0.0912,  0.0653,
         0.1509,  0.1814,  0.1136, -0.1480,  0.2603,  0.2323,  0.2533, -0.1719,
        -0.1338, -0.1894, -0.3217,  0.1948, -0.0507,  0.3209, -0.0219, -0.2433,
         0.2768,  0.2843, -0.0923, -0.0711, -0.0154,  0.2977, -0.1182, -0.0545,
        -0.0370,  0.0981, -0.1455, -0.0023,  0.3031, -0.0317,  0.2184, -0.0655,
         0.1845,  0.3238,  0.2071,  0.3285, -0.0346, -0.2941, -0.0096,  0.1174,
        -0.0937, -0.3138,  0.1084,  0.1823,  0.1161,  0.1097, -0.0043, -0.3013,
        -0.0038, -0.0898,  0.1151, -0.0137, -0.1687,  0.2768, -0.0539,  0.1269,
        -0.1499, -0.0865, -0.1678,  0.0064,  0.2547, -0.1070, -0.1687,  0.2594,
         0.0692,  0.0518, -0.0427,  0.0390, -0.1814,  0.0417, -0.0280,  0.1363,
        -0.2031,  0.2238,  0.0362, -0.2379, -0.2868, -0.2037,  0.1732, -0.3306,
         0.1716,  0.1750, -0.1399, -0.2509,  0.1042, -0.2104,  0.1141, -0.2632,
        -0.0168, -0.2255, -0.0129, -0.1134,  0.0158, -0.2419, -0.0467,  0.1320,
         0.3147,  0.3170, -0.1495,  0.0088,  0.0050,  0.1228,  0.0388,  0.2052,
         0.0621, -0.1240,  0.0651,  0.2376,  0.0968, -0.2379,  0.2051, -0.1927,
        -0.3252,  0.1591, -0.1741, -0.2222,  0.1771, -0.1522, -0.1548,  0.2205],
       device='cuda:0') 
 Parameter containing:
tensor([ 0.2439, -0.1942,  0.0934,  0.0445, -0.2872, -0.1457, -0.2681,  0.2240,
         0.1107, -0.0349,  0.1596,  0.2553,  0.1971, -0.3030, -0.0999,  0.3258,
        -0.2778, -0.0743, -0.0539,  0.2038, -0.0581,  0.1284,  0.1250,  0.1341,
         0.0636, -0.0740, -0.0840, -0.0523, -0.2148,  0.0404, -0.1383, -0.2553,
        -0.1633, -0.1621, -0.0090, -0.1420,  0.2248, -0.1017,  0.0635,  0.1913,
        -0.2010,  0.2165, -0.1067, -0.2669, -0.0801, -0.0143,  0.2113, -0.0433,
         0.2460, -0.0532, -0.0120, -0.0848, -0.3188,  0.2740,  0.0400,  0.2742,
        -0.0558, -0.2518,  0.1599, -0.0369,  0.0549,  0.0800,  0.1882, -0.0961,
         0.0675, -0.0391,  0.2555, -0.0182,  0.1788,  0.2643, -0.1088,  0.0748,
        -0.2085, -0.2833,  0.0814,  0.1666, -0.1402,  0.0443,  0.0784,  0.2482,
        -0.3133, -0.0959, -0.1016, -0.1725,  0.2516, -0.2791,  0.1544, -0.3173,
         0.0191,  0.3066,  0.1308,  0.2988, -0.2136,  0.1741,  0.1255,  0.1727,
         0.3202, -0.1069, -0.0186,  0.0495, -0.1331,  0.0639,  0.0331, -0.1468,
         0.3250, -0.2393,  0.1949, -0.1425, -0.0551,  0.0758,  0.3331, -0.2952,
        -0.2379, -0.2136, -0.1627,  0.1679, -0.1822,  0.1982,  0.0009,  0.0036,
         0.0550, -0.1464, -0.2303,  0.2182, -0.2748, -0.0147,  0.3303,  0.2167,
        -0.0592,  0.3264, -0.2849, -0.1077,  0.2752, -0.0086,  0.0912,  0.0653,
         0.1509,  0.1814,  0.1136, -0.1480,  0.2603,  0.2323,  0.2533, -0.1719,
        -0.1338, -0.1894, -0.3217,  0.1948, -0.0507,  0.3209, -0.0219, -0.2433,
         0.2768,  0.2843, -0.0923, -0.0711, -0.0154,  0.2977, -0.1182, -0.0545,
        -0.0370,  0.0981, -0.1455, -0.0023,  0.3031, -0.0317,  0.2184, -0.0655,
         0.1845,  0.3238,  0.2071,  0.3285, -0.0346, -0.2941, -0.0096,  0.1174,
        -0.0937, -0.3138,  0.1084,  0.1823,  0.1161,  0.1097, -0.0043, -0.3013,
        -0.0038, -0.0898,  0.1151, -0.0137, -0.1687,  0.2768, -0.0539,  0.1269,
        -0.1499, -0.0865, -0.1678,  0.0064,  0.2547, -0.1070, -0.1687,  0.2594,
         0.0692,  0.0518, -0.0427,  0.0390, -0.1814,  0.0417, -0.0280,  0.1363,
        -0.2031,  0.2238,  0.0362, -0.2379, -0.2868, -0.2037,  0.1732, -0.3306,
         0.1716,  0.1750, -0.1399, -0.2509,  0.1042, -0.2104,  0.1141, -0.2632,
        -0.0168, -0.2255, -0.0129, -0.1134,  0.0158, -0.2419, -0.0467,  0.1320,
         0.3147,  0.3170, -0.1495,  0.0088,  0.0050,  0.1228,  0.0388,  0.2052,
         0.0621, -0.1240,  0.0651,  0.2376,  0.0968, -0.2379,  0.2051, -0.1927,
        -0.3252,  0.1591, -0.1741, -0.2222,  0.1771, -0.1522, -0.1548,  0.2205],
       device='cuda:0', requires_grad=True)
parameters of the network conv2.weight 
 torch.Size([128, 256, 3, 3]) 
 True 
 tensor([[[[-1.8059e-02,  2.9081e-03,  5.0934e-04],
          [ 9.6249e-03,  1.6524e-02, -1.0757e-02],
          [-5.4390e-03, -8.8259e-03, -1.7316e-02]],

         [[ 1.6315e-02,  1.1890e-02, -1.9227e-03],
          [ 5.2221e-03, -1.1661e-02,  1.9876e-02],
          [-1.5820e-02, -2.2652e-03,  1.3012e-02]],

         [[-2.0180e-02, -4.6227e-03, -4.6447e-03],
          [ 3.4217e-03,  5.4435e-03, -3.4929e-03],
          [ 1.3901e-02,  1.0226e-02, -1.8665e-02]],

         ...,

         [[ 6.3357e-04, -1.4199e-02,  3.0144e-03],
          [ 2.0810e-02,  1.5908e-03, -1.1033e-03],
          [-1.4685e-02,  4.5855e-03,  1.8911e-02]],

         [[-5.9871e-03,  6.8574e-03,  1.2979e-02],
          [-3.1152e-04,  1.6367e-03,  8.8274e-03],
          [ 1.1853e-02, -3.7750e-03, -7.9253e-04]],

         [[-1.0852e-02, -2.1528e-03, -9.6262e-03],
          [ 3.8939e-05, -6.9363e-03,  5.4401e-04],
          [-8.1031e-03,  1.5835e-02,  1.0043e-03]]],


        [[[-1.6642e-02, -1.7540e-02, -6.7409e-03],
          [-1.1524e-02,  5.6877e-03, -1.6715e-02],
          [-1.3208e-02, -1.5598e-02,  1.6660e-02]],

         [[ 1.9356e-03, -1.3035e-02, -1.3790e-02],
          [-7.0692e-03,  1.7877e-02,  7.0984e-03],
          [-7.9411e-05, -1.4447e-03, -1.9291e-02]],

         [[-2.6891e-03, -2.0795e-02, -7.9271e-03],
          [-1.8592e-03, -7.6969e-03, -1.3682e-02],
          [-3.1309e-03,  7.9934e-03,  9.2181e-03]],

         ...,

         [[-1.9792e-02,  3.6468e-03,  5.3760e-03],
          [-5.5172e-05, -8.8743e-04,  1.3823e-02],
          [-9.6125e-03, -1.6289e-02,  3.7651e-03]],

         [[-1.3663e-02,  1.6449e-02, -1.7183e-02],
          [-1.4576e-02, -9.7071e-03, -1.2520e-02],
          [ 1.9709e-02, -1.1662e-02, -4.2763e-03]],

         [[-7.3199e-03,  6.5611e-04,  1.6481e-02],
          [ 9.3376e-03, -6.2251e-03, -2.0822e-02],
          [-1.9847e-02,  1.2489e-02, -1.9584e-02]]],


        [[[-2.0799e-02, -1.4505e-02, -1.8003e-02],
          [ 4.0419e-03, -1.5491e-02,  7.6919e-03],
          [-1.8382e-02,  1.2804e-02, -1.9569e-02]],

         [[-1.8331e-02,  1.8992e-02,  1.0849e-02],
          [-1.0937e-02,  1.0537e-02,  3.0435e-03],
          [-1.6145e-02,  1.8993e-02, -1.0036e-02]],

         [[-1.1964e-02,  1.9549e-02,  1.6397e-02],
          [-1.4026e-02,  1.9592e-02, -1.8821e-02],
          [-1.0603e-02, -1.7240e-02,  1.0017e-02]],

         ...,

         [[-1.8704e-02, -1.7331e-02, -1.1018e-02],
          [-1.2607e-02, -1.2935e-02,  1.3575e-02],
          [ 1.0520e-02,  1.1531e-02,  1.5384e-02]],

         [[-4.5984e-03, -6.2148e-03,  1.9671e-02],
          [ 4.9859e-03, -1.1047e-02, -6.7724e-03],
          [-4.8441e-03, -1.1547e-02,  1.7621e-02]],

         [[ 4.6091e-03,  1.0415e-02,  3.0256e-03],
          [-1.2580e-02,  1.8949e-02,  1.1811e-02],
          [-3.7903e-03,  1.0184e-02, -1.6831e-02]]],


        ...,


        [[[-6.3203e-03, -1.2514e-02, -1.5507e-02],
          [ 1.2853e-03,  3.1129e-03, -7.0988e-03],
          [-6.5136e-03,  1.2839e-02, -1.7044e-02]],

         [[-1.0994e-02,  1.7699e-02,  2.2936e-03],
          [-5.4906e-03, -1.0089e-02,  2.7691e-03],
          [-2.0801e-02, -8.4313e-03,  1.0151e-02]],

         [[-1.7617e-04,  9.6483e-04,  1.8533e-03],
          [ 1.8575e-02, -8.8271e-03,  1.1646e-02],
          [-4.4359e-03, -2.1218e-03,  1.9428e-02]],

         ...,

         [[ 9.5366e-03,  5.6320e-03,  1.9521e-02],
          [ 1.2277e-02, -2.8810e-03, -5.5260e-03],
          [-3.9703e-03,  9.3236e-03,  4.4316e-03]],

         [[-1.3937e-02,  1.6041e-02, -7.9949e-03],
          [ 1.3035e-02,  1.9822e-02,  7.0614e-03],
          [-7.9231e-04, -2.2472e-03, -1.5384e-02]],

         [[-1.3445e-02,  6.2655e-03, -2.5163e-03],
          [-1.7493e-02, -1.8497e-02, -1.8323e-02],
          [ 1.0602e-02, -5.0519e-03,  7.8068e-03]]],


        [[[ 4.1139e-03,  3.6775e-03, -3.5976e-03],
          [-9.9390e-03, -5.7469e-03,  1.7754e-02],
          [ 1.7682e-02, -1.5930e-02, -4.4795e-03]],

         [[-1.3889e-02,  1.0097e-02, -5.8075e-04],
          [-3.9993e-04,  1.2301e-02, -1.9118e-02],
          [-1.2834e-03,  1.0323e-02,  1.7868e-02]],

         [[-1.7607e-02,  5.1497e-04,  7.2654e-03],
          [ 9.3949e-03, -4.7382e-03, -8.1015e-03],
          [-9.4680e-04, -9.8202e-03, -1.3451e-02]],

         ...,

         [[ 1.8266e-02,  1.5486e-02, -2.0772e-02],
          [ 9.1191e-03,  1.1724e-02, -1.7350e-02],
          [-1.3217e-02,  8.7374e-03,  1.7570e-02]],

         [[ 1.0382e-02, -1.6160e-02, -5.0939e-03],
          [-4.9805e-03, -1.3146e-02, -3.5400e-03],
          [-1.0344e-02, -1.1784e-03, -1.5877e-02]],

         [[-1.7725e-02, -1.6843e-02, -1.5023e-02],
          [ 2.0118e-02,  1.0891e-02, -8.0005e-03],
          [-1.0119e-02, -6.0733e-03,  4.5846e-03]]],


        [[[-8.5433e-03, -8.6440e-03,  5.7331e-03],
          [-7.4331e-03, -1.2791e-02, -1.6565e-02],
          [-1.5246e-02,  7.2555e-03, -5.2662e-03]],

         [[-9.1432e-03,  1.7508e-02, -1.8576e-02],
          [-2.3357e-03,  1.7830e-02,  1.3840e-02],
          [-7.6819e-03, -1.2720e-02,  1.2552e-03]],

         [[-1.1479e-02, -1.8141e-02, -1.9717e-02],
          [-5.7065e-03, -1.2674e-02,  3.4126e-03],
          [-7.5981e-03, -1.5012e-02,  1.4487e-02]],

         ...,

         [[-1.0227e-02, -1.8613e-03,  8.9689e-03],
          [-1.1953e-02, -1.6960e-02,  2.6672e-03],
          [-1.7046e-02,  6.2145e-03, -1.4684e-02]],

         [[ 1.3846e-02, -2.0552e-02, -4.9721e-03],
          [ 1.2350e-02, -1.5446e-02,  3.2680e-03],
          [-5.3604e-03,  1.2948e-02,  1.4269e-02]],

         [[-2.0624e-02,  6.2916e-03,  7.3301e-03],
          [ 1.6355e-02,  5.7895e-03,  1.4843e-02],
          [ 4.4161e-03, -1.2144e-02, -2.1294e-03]]]], device='cuda:0') 
 Parameter containing:
tensor([[[[-1.8059e-02,  2.9081e-03,  5.0934e-04],
          [ 9.6249e-03,  1.6524e-02, -1.0757e-02],
          [-5.4390e-03, -8.8259e-03, -1.7316e-02]],

         [[ 1.6315e-02,  1.1890e-02, -1.9227e-03],
          [ 5.2221e-03, -1.1661e-02,  1.9876e-02],
          [-1.5820e-02, -2.2652e-03,  1.3012e-02]],

         [[-2.0180e-02, -4.6227e-03, -4.6447e-03],
          [ 3.4217e-03,  5.4435e-03, -3.4929e-03],
          [ 1.3901e-02,  1.0226e-02, -1.8665e-02]],

         ...,

         [[ 6.3357e-04, -1.4199e-02,  3.0144e-03],
          [ 2.0810e-02,  1.5908e-03, -1.1033e-03],
          [-1.4685e-02,  4.5855e-03,  1.8911e-02]],

         [[-5.9871e-03,  6.8574e-03,  1.2979e-02],
          [-3.1152e-04,  1.6367e-03,  8.8274e-03],
          [ 1.1853e-02, -3.7750e-03, -7.9253e-04]],

         [[-1.0852e-02, -2.1528e-03, -9.6262e-03],
          [ 3.8939e-05, -6.9363e-03,  5.4401e-04],
          [-8.1031e-03,  1.5835e-02,  1.0043e-03]]],


        [[[-1.6642e-02, -1.7540e-02, -6.7409e-03],
          [-1.1524e-02,  5.6877e-03, -1.6715e-02],
          [-1.3208e-02, -1.5598e-02,  1.6660e-02]],

         [[ 1.9356e-03, -1.3035e-02, -1.3790e-02],
          [-7.0692e-03,  1.7877e-02,  7.0984e-03],
          [-7.9411e-05, -1.4447e-03, -1.9291e-02]],

         [[-2.6891e-03, -2.0795e-02, -7.9271e-03],
          [-1.8592e-03, -7.6969e-03, -1.3682e-02],
          [-3.1309e-03,  7.9934e-03,  9.2181e-03]],

         ...,

         [[-1.9792e-02,  3.6468e-03,  5.3760e-03],
          [-5.5172e-05, -8.8743e-04,  1.3823e-02],
          [-9.6125e-03, -1.6289e-02,  3.7651e-03]],

         [[-1.3663e-02,  1.6449e-02, -1.7183e-02],
          [-1.4576e-02, -9.7071e-03, -1.2520e-02],
          [ 1.9709e-02, -1.1662e-02, -4.2763e-03]],

         [[-7.3199e-03,  6.5611e-04,  1.6481e-02],
          [ 9.3376e-03, -6.2251e-03, -2.0822e-02],
          [-1.9847e-02,  1.2489e-02, -1.9584e-02]]],


        [[[-2.0799e-02, -1.4505e-02, -1.8003e-02],
          [ 4.0419e-03, -1.5491e-02,  7.6919e-03],
          [-1.8382e-02,  1.2804e-02, -1.9569e-02]],

         [[-1.8331e-02,  1.8992e-02,  1.0849e-02],
          [-1.0937e-02,  1.0537e-02,  3.0435e-03],
          [-1.6145e-02,  1.8993e-02, -1.0036e-02]],

         [[-1.1964e-02,  1.9549e-02,  1.6397e-02],
          [-1.4026e-02,  1.9592e-02, -1.8821e-02],
          [-1.0603e-02, -1.7240e-02,  1.0017e-02]],

         ...,

         [[-1.8704e-02, -1.7331e-02, -1.1018e-02],
          [-1.2607e-02, -1.2935e-02,  1.3575e-02],
          [ 1.0520e-02,  1.1531e-02,  1.5384e-02]],

         [[-4.5984e-03, -6.2148e-03,  1.9671e-02],
          [ 4.9859e-03, -1.1047e-02, -6.7724e-03],
          [-4.8441e-03, -1.1547e-02,  1.7621e-02]],

         [[ 4.6091e-03,  1.0415e-02,  3.0256e-03],
          [-1.2580e-02,  1.8949e-02,  1.1811e-02],
          [-3.7903e-03,  1.0184e-02, -1.6831e-02]]],


        ...,


        [[[-6.3203e-03, -1.2514e-02, -1.5507e-02],
          [ 1.2853e-03,  3.1129e-03, -7.0988e-03],
          [-6.5136e-03,  1.2839e-02, -1.7044e-02]],

         [[-1.0994e-02,  1.7699e-02,  2.2936e-03],
          [-5.4906e-03, -1.0089e-02,  2.7691e-03],
          [-2.0801e-02, -8.4313e-03,  1.0151e-02]],

         [[-1.7617e-04,  9.6483e-04,  1.8533e-03],
          [ 1.8575e-02, -8.8271e-03,  1.1646e-02],
          [-4.4359e-03, -2.1218e-03,  1.9428e-02]],

         ...,

         [[ 9.5366e-03,  5.6320e-03,  1.9521e-02],
          [ 1.2277e-02, -2.8810e-03, -5.5260e-03],
          [-3.9703e-03,  9.3236e-03,  4.4316e-03]],

         [[-1.3937e-02,  1.6041e-02, -7.9949e-03],
          [ 1.3035e-02,  1.9822e-02,  7.0614e-03],
          [-7.9231e-04, -2.2472e-03, -1.5384e-02]],

         [[-1.3445e-02,  6.2655e-03, -2.5163e-03],
          [-1.7493e-02, -1.8497e-02, -1.8323e-02],
          [ 1.0602e-02, -5.0519e-03,  7.8068e-03]]],


        [[[ 4.1139e-03,  3.6775e-03, -3.5976e-03],
          [-9.9390e-03, -5.7469e-03,  1.7754e-02],
          [ 1.7682e-02, -1.5930e-02, -4.4795e-03]],

         [[-1.3889e-02,  1.0097e-02, -5.8075e-04],
          [-3.9993e-04,  1.2301e-02, -1.9118e-02],
          [-1.2834e-03,  1.0323e-02,  1.7868e-02]],

         [[-1.7607e-02,  5.1497e-04,  7.2654e-03],
          [ 9.3949e-03, -4.7382e-03, -8.1015e-03],
          [-9.4680e-04, -9.8202e-03, -1.3451e-02]],

         ...,

         [[ 1.8266e-02,  1.5486e-02, -2.0772e-02],
          [ 9.1191e-03,  1.1724e-02, -1.7350e-02],
          [-1.3217e-02,  8.7374e-03,  1.7570e-02]],

         [[ 1.0382e-02, -1.6160e-02, -5.0939e-03],
          [-4.9805e-03, -1.3146e-02, -3.5400e-03],
          [-1.0344e-02, -1.1784e-03, -1.5877e-02]],

         [[-1.7725e-02, -1.6843e-02, -1.5023e-02],
          [ 2.0118e-02,  1.0891e-02, -8.0005e-03],
          [-1.0119e-02, -6.0733e-03,  4.5846e-03]]],


        [[[-8.5433e-03, -8.6440e-03,  5.7331e-03],
          [-7.4331e-03, -1.2791e-02, -1.6565e-02],
          [-1.5246e-02,  7.2555e-03, -5.2662e-03]],

         [[-9.1432e-03,  1.7508e-02, -1.8576e-02],
          [-2.3357e-03,  1.7830e-02,  1.3840e-02],
          [-7.6819e-03, -1.2720e-02,  1.2552e-03]],

         [[-1.1479e-02, -1.8141e-02, -1.9717e-02],
          [-5.7065e-03, -1.2674e-02,  3.4126e-03],
          [-7.5981e-03, -1.5012e-02,  1.4487e-02]],

         ...,

         [[-1.0227e-02, -1.8613e-03,  8.9689e-03],
          [-1.1953e-02, -1.6960e-02,  2.6672e-03],
          [-1.7046e-02,  6.2145e-03, -1.4684e-02]],

         [[ 1.3846e-02, -2.0552e-02, -4.9721e-03],
          [ 1.2350e-02, -1.5446e-02,  3.2680e-03],
          [-5.3604e-03,  1.2948e-02,  1.4269e-02]],

         [[-2.0624e-02,  6.2916e-03,  7.3301e-03],
          [ 1.6355e-02,  5.7895e-03,  1.4843e-02],
          [ 4.4161e-03, -1.2144e-02, -2.1294e-03]]]], device='cuda:0',
       requires_grad=True)
parameters of the network conv2.bias 
 torch.Size([128]) 
 True 
 tensor([ 0.0192, -0.0206, -0.0007,  0.0115, -0.0065,  0.0079,  0.0174, -0.0031,
        -0.0166,  0.0010, -0.0016, -0.0091,  0.0031,  0.0037,  0.0065,  0.0030,
         0.0125, -0.0161, -0.0098,  0.0070,  0.0106, -0.0182,  0.0203,  0.0002,
        -0.0003,  0.0013,  0.0017, -0.0169, -0.0116, -0.0090,  0.0173,  0.0153,
         0.0107, -0.0117,  0.0149,  0.0184,  0.0179,  0.0023,  0.0109,  0.0133,
         0.0096,  0.0139,  0.0182, -0.0149, -0.0061, -0.0075,  0.0125,  0.0204,
         0.0168,  0.0167,  0.0100,  0.0160, -0.0051,  0.0051, -0.0205,  0.0191,
        -0.0107, -0.0136, -0.0202, -0.0118,  0.0082, -0.0133, -0.0096,  0.0064,
        -0.0168, -0.0164, -0.0075,  0.0145,  0.0058,  0.0023, -0.0169, -0.0055,
        -0.0080,  0.0019,  0.0087,  0.0044,  0.0130, -0.0064, -0.0028, -0.0105,
         0.0090, -0.0170, -0.0085, -0.0152,  0.0193,  0.0104, -0.0120,  0.0159,
         0.0136, -0.0207,  0.0184, -0.0089,  0.0094, -0.0154, -0.0015, -0.0099,
         0.0187,  0.0147,  0.0031, -0.0021, -0.0013,  0.0119,  0.0032, -0.0129,
         0.0130,  0.0147,  0.0191, -0.0205, -0.0078, -0.0036, -0.0142,  0.0170,
         0.0040,  0.0019,  0.0080, -0.0110,  0.0073, -0.0208,  0.0114,  0.0102,
        -0.0188, -0.0169,  0.0129,  0.0068,  0.0128,  0.0083, -0.0084,  0.0073],
       device='cuda:0') 
 Parameter containing:
tensor([ 0.0192, -0.0206, -0.0007,  0.0115, -0.0065,  0.0079,  0.0174, -0.0031,
        -0.0166,  0.0010, -0.0016, -0.0091,  0.0031,  0.0037,  0.0065,  0.0030,
         0.0125, -0.0161, -0.0098,  0.0070,  0.0106, -0.0182,  0.0203,  0.0002,
        -0.0003,  0.0013,  0.0017, -0.0169, -0.0116, -0.0090,  0.0173,  0.0153,
         0.0107, -0.0117,  0.0149,  0.0184,  0.0179,  0.0023,  0.0109,  0.0133,
         0.0096,  0.0139,  0.0182, -0.0149, -0.0061, -0.0075,  0.0125,  0.0204,
         0.0168,  0.0167,  0.0100,  0.0160, -0.0051,  0.0051, -0.0205,  0.0191,
        -0.0107, -0.0136, -0.0202, -0.0118,  0.0082, -0.0133, -0.0096,  0.0064,
        -0.0168, -0.0164, -0.0075,  0.0145,  0.0058,  0.0023, -0.0169, -0.0055,
        -0.0080,  0.0019,  0.0087,  0.0044,  0.0130, -0.0064, -0.0028, -0.0105,
         0.0090, -0.0170, -0.0085, -0.0152,  0.0193,  0.0104, -0.0120,  0.0159,
         0.0136, -0.0207,  0.0184, -0.0089,  0.0094, -0.0154, -0.0015, -0.0099,
         0.0187,  0.0147,  0.0031, -0.0021, -0.0013,  0.0119,  0.0032, -0.0129,
         0.0130,  0.0147,  0.0191, -0.0205, -0.0078, -0.0036, -0.0142,  0.0170,
         0.0040,  0.0019,  0.0080, -0.0110,  0.0073, -0.0208,  0.0114,  0.0102,
        -0.0188, -0.0169,  0.0129,  0.0068,  0.0128,  0.0083, -0.0084,  0.0073],
       device='cuda:0', requires_grad=True)
parameters of the network conv3.weight 
 torch.Size([64, 128, 3, 3]) 
 True 
 tensor([[[[-2.8785e-02, -4.2283e-03,  2.3926e-02],
          [ 2.4170e-02,  2.1169e-02, -6.7710e-03],
          [ 2.1311e-02, -1.0976e-02, -1.7106e-02]],

         [[ 2.4700e-02,  2.7550e-02, -1.0910e-02],
          [ 2.4676e-02, -1.8355e-02, -2.7997e-02],
          [ 2.7551e-02,  1.0274e-02,  2.6564e-02]],

         [[-1.3301e-02, -2.4202e-02, -1.8198e-02],
          [ 8.0221e-03, -2.6852e-02, -1.5030e-02],
          [ 1.8411e-02, -1.2148e-02, -2.3627e-02]],

         ...,

         [[-1.5117e-02, -8.5519e-03,  1.2643e-02],
          [ 2.1538e-02, -1.7969e-02, -2.2623e-02],
          [ 1.9064e-02,  3.8713e-03,  1.7348e-03]],

         [[-8.7722e-04, -1.1701e-02, -1.9771e-02],
          [-1.5695e-02,  1.8407e-02, -5.0850e-03],
          [ 2.3027e-02, -1.4776e-02,  1.1682e-02]],

         [[-2.4478e-02, -3.2150e-03, -8.0327e-03],
          [-4.0914e-03, -2.3513e-02,  6.2878e-04],
          [-2.6703e-02, -1.8264e-02, -2.1163e-02]]],


        [[[ 1.3187e-03, -2.8176e-02, -9.3352e-03],
          [ 1.8730e-03,  1.4825e-02,  2.8649e-02],
          [-6.3628e-05, -1.9175e-02,  2.1867e-02]],

         [[-2.7692e-02, -2.5036e-02, -1.8570e-02],
          [ 4.6923e-03,  2.4010e-03,  1.9993e-02],
          [ 7.3169e-03, -1.5666e-03,  1.4124e-02]],

         [[ 9.3027e-03, -2.6709e-02,  2.4520e-02],
          [ 2.2092e-02, -6.6207e-03,  8.8293e-03],
          [ 1.1771e-02,  1.8730e-02,  2.3855e-02]],

         ...,

         [[-1.6485e-02, -1.1903e-02, -3.8682e-03],
          [ 2.4842e-02,  2.6434e-02,  1.1315e-02],
          [-2.9179e-02, -4.0282e-03, -1.0747e-02]],

         [[ 2.5770e-02,  1.8444e-02, -3.3630e-03],
          [ 1.0071e-02,  7.7517e-03,  9.2791e-03],
          [ 1.5821e-02,  1.7234e-02,  3.8658e-03]],

         [[-4.7078e-03, -2.7210e-02,  7.0171e-03],
          [-2.8458e-02, -2.6296e-02,  1.6301e-02],
          [ 1.7924e-02, -2.1072e-02, -2.7528e-02]]],


        [[[ 2.0638e-02,  2.5612e-02, -8.6964e-03],
          [ 1.5079e-02, -1.6187e-02,  1.9774e-02],
          [-2.6299e-02,  1.6946e-02,  8.7394e-03]],

         [[-4.0296e-03,  2.9025e-02,  2.4514e-02],
          [ 9.2530e-03, -1.1312e-02, -1.3247e-02],
          [-2.0065e-02,  2.8083e-02,  2.6909e-03]],

         [[ 2.4872e-02, -1.0499e-02,  8.3082e-03],
          [ 1.7944e-02, -1.8696e-02, -2.1106e-02],
          [ 2.8567e-02, -5.4835e-03,  1.0882e-02]],

         ...,

         [[-8.6673e-03,  3.3715e-03,  4.2682e-03],
          [-1.4807e-02,  8.6391e-03, -9.9919e-03],
          [ 5.2842e-03, -7.3986e-03, -1.6000e-02]],

         [[ 2.0045e-02, -2.3655e-02,  6.1013e-03],
          [-6.8576e-03, -1.2746e-02, -5.9716e-03],
          [ 1.5119e-02, -2.4039e-03, -5.2168e-03]],

         [[ 6.4446e-04, -4.8309e-03, -2.3271e-02],
          [-2.9962e-03, -1.2607e-02, -2.8068e-02],
          [ 3.2131e-03,  1.0853e-02, -1.4950e-02]]],


        ...,


        [[[ 1.3063e-02, -1.7691e-02,  8.3643e-03],
          [-2.5853e-02, -1.9876e-02,  2.0395e-02],
          [ 2.6426e-03,  1.1658e-02, -1.3866e-02]],

         [[-2.2288e-02,  2.9007e-02,  2.5372e-02],
          [ 2.5604e-03,  8.8997e-04,  2.6249e-02],
          [-1.9773e-02,  1.4404e-02,  2.0612e-02]],

         [[-1.2004e-02, -2.6407e-02, -1.5819e-04],
          [-2.6145e-02, -1.7422e-02,  1.8386e-02],
          [-1.3185e-02,  1.6664e-02,  7.4695e-03]],

         ...,

         [[-2.7698e-02,  1.0414e-02,  1.1659e-02],
          [ 2.4327e-02,  2.3651e-02, -2.0716e-03],
          [-1.3015e-02,  2.3667e-02,  1.6593e-02]],

         [[-2.6576e-02, -5.3385e-03, -1.3276e-03],
          [-1.9683e-02,  1.0542e-02,  7.4232e-03],
          [ 2.1117e-02,  2.7946e-02,  2.3582e-02]],

         [[-2.0337e-02, -1.2350e-02, -2.7367e-02],
          [-2.7367e-02,  1.2090e-02,  2.3860e-02],
          [-2.1478e-02,  2.0252e-03,  1.1816e-02]]],


        [[[-2.4645e-03, -1.1679e-03, -9.0931e-03],
          [ 2.6958e-02,  5.1747e-03,  2.3016e-03],
          [-1.9553e-02, -5.4335e-03,  8.9861e-03]],

         [[-1.4977e-02,  1.6631e-02, -1.1399e-02],
          [ 3.2355e-03, -8.5435e-03, -1.3005e-02],
          [-2.6533e-03, -1.2976e-03, -1.4478e-02]],

         [[-2.4564e-02,  2.9316e-02, -3.2143e-03],
          [-2.4134e-02,  2.6029e-02, -2.6975e-02],
          [-2.1010e-03,  2.2820e-02, -1.1715e-02]],

         ...,

         [[ 2.1071e-02, -4.3519e-03, -2.0734e-02],
          [-1.0934e-02, -4.9823e-03, -1.5406e-02],
          [-1.5134e-02,  2.5181e-03, -7.1765e-03]],

         [[ 4.1432e-03,  1.2419e-05,  2.3398e-02],
          [-9.1164e-03,  9.5598e-03, -1.1555e-03],
          [-1.6862e-02, -1.0549e-02,  9.1722e-03]],

         [[-1.7186e-02,  1.6360e-02,  2.2467e-02],
          [-1.1439e-02, -1.6984e-02, -9.1509e-03],
          [ 1.6336e-02, -3.1405e-03,  7.4238e-03]]],


        [[[-8.9780e-03,  2.1809e-03,  2.9347e-02],
          [ 6.6408e-03, -3.8182e-03,  1.0766e-02],
          [-1.9752e-03, -2.8279e-02, -2.3404e-03]],

         [[ 2.7248e-02, -2.2156e-02,  2.4838e-02],
          [-1.7278e-02,  7.8180e-04, -1.4732e-02],
          [ 4.3513e-03,  1.5708e-02,  3.6116e-03]],

         [[-1.8285e-02, -2.8603e-02,  7.8388e-03],
          [ 1.0303e-02, -9.6116e-04,  1.6453e-02],
          [-1.3027e-03,  8.3066e-03, -9.8948e-03]],

         ...,

         [[ 2.8066e-02,  1.3044e-02, -1.7262e-02],
          [-2.0223e-02, -1.6273e-03, -8.2211e-03],
          [-2.7635e-02,  5.8650e-03, -1.3152e-02]],

         [[ 1.1733e-02,  2.8520e-02, -4.0359e-03],
          [ 1.1140e-02, -1.0770e-02, -2.4740e-02],
          [ 2.4945e-02,  8.9052e-03,  2.3573e-02]],

         [[-1.9760e-02, -5.1585e-03, -6.7160e-03],
          [ 1.2993e-02,  5.9824e-04,  1.3074e-02],
          [ 1.5334e-02, -2.2141e-02, -3.8619e-03]]]], device='cuda:0') 
 Parameter containing:
tensor([[[[-2.8785e-02, -4.2283e-03,  2.3926e-02],
          [ 2.4170e-02,  2.1169e-02, -6.7710e-03],
          [ 2.1311e-02, -1.0976e-02, -1.7106e-02]],

         [[ 2.4700e-02,  2.7550e-02, -1.0910e-02],
          [ 2.4676e-02, -1.8355e-02, -2.7997e-02],
          [ 2.7551e-02,  1.0274e-02,  2.6564e-02]],

         [[-1.3301e-02, -2.4202e-02, -1.8198e-02],
          [ 8.0221e-03, -2.6852e-02, -1.5030e-02],
          [ 1.8411e-02, -1.2148e-02, -2.3627e-02]],

         ...,

         [[-1.5117e-02, -8.5519e-03,  1.2643e-02],
          [ 2.1538e-02, -1.7969e-02, -2.2623e-02],
          [ 1.9064e-02,  3.8713e-03,  1.7348e-03]],

         [[-8.7722e-04, -1.1701e-02, -1.9771e-02],
          [-1.5695e-02,  1.8407e-02, -5.0850e-03],
          [ 2.3027e-02, -1.4776e-02,  1.1682e-02]],

         [[-2.4478e-02, -3.2150e-03, -8.0327e-03],
          [-4.0914e-03, -2.3513e-02,  6.2878e-04],
          [-2.6703e-02, -1.8264e-02, -2.1163e-02]]],


        [[[ 1.3187e-03, -2.8176e-02, -9.3352e-03],
          [ 1.8730e-03,  1.4825e-02,  2.8649e-02],
          [-6.3628e-05, -1.9175e-02,  2.1867e-02]],

         [[-2.7692e-02, -2.5036e-02, -1.8570e-02],
          [ 4.6923e-03,  2.4010e-03,  1.9993e-02],
          [ 7.3169e-03, -1.5666e-03,  1.4124e-02]],

         [[ 9.3027e-03, -2.6709e-02,  2.4520e-02],
          [ 2.2092e-02, -6.6207e-03,  8.8293e-03],
          [ 1.1771e-02,  1.8730e-02,  2.3855e-02]],

         ...,

         [[-1.6485e-02, -1.1903e-02, -3.8682e-03],
          [ 2.4842e-02,  2.6434e-02,  1.1315e-02],
          [-2.9179e-02, -4.0282e-03, -1.0747e-02]],

         [[ 2.5770e-02,  1.8444e-02, -3.3630e-03],
          [ 1.0071e-02,  7.7517e-03,  9.2791e-03],
          [ 1.5821e-02,  1.7234e-02,  3.8658e-03]],

         [[-4.7078e-03, -2.7210e-02,  7.0171e-03],
          [-2.8458e-02, -2.6296e-02,  1.6301e-02],
          [ 1.7924e-02, -2.1072e-02, -2.7528e-02]]],


        [[[ 2.0638e-02,  2.5612e-02, -8.6964e-03],
          [ 1.5079e-02, -1.6187e-02,  1.9774e-02],
          [-2.6299e-02,  1.6946e-02,  8.7394e-03]],

         [[-4.0296e-03,  2.9025e-02,  2.4514e-02],
          [ 9.2530e-03, -1.1312e-02, -1.3247e-02],
          [-2.0065e-02,  2.8083e-02,  2.6909e-03]],

         [[ 2.4872e-02, -1.0499e-02,  8.3082e-03],
          [ 1.7944e-02, -1.8696e-02, -2.1106e-02],
          [ 2.8567e-02, -5.4835e-03,  1.0882e-02]],

         ...,

         [[-8.6673e-03,  3.3715e-03,  4.2682e-03],
          [-1.4807e-02,  8.6391e-03, -9.9919e-03],
          [ 5.2842e-03, -7.3986e-03, -1.6000e-02]],

         [[ 2.0045e-02, -2.3655e-02,  6.1013e-03],
          [-6.8576e-03, -1.2746e-02, -5.9716e-03],
          [ 1.5119e-02, -2.4039e-03, -5.2168e-03]],

         [[ 6.4446e-04, -4.8309e-03, -2.3271e-02],
          [-2.9962e-03, -1.2607e-02, -2.8068e-02],
          [ 3.2131e-03,  1.0853e-02, -1.4950e-02]]],


        ...,


        [[[ 1.3063e-02, -1.7691e-02,  8.3643e-03],
          [-2.5853e-02, -1.9876e-02,  2.0395e-02],
          [ 2.6426e-03,  1.1658e-02, -1.3866e-02]],

         [[-2.2288e-02,  2.9007e-02,  2.5372e-02],
          [ 2.5604e-03,  8.8997e-04,  2.6249e-02],
          [-1.9773e-02,  1.4404e-02,  2.0612e-02]],

         [[-1.2004e-02, -2.6407e-02, -1.5819e-04],
          [-2.6145e-02, -1.7422e-02,  1.8386e-02],
          [-1.3185e-02,  1.6664e-02,  7.4695e-03]],

         ...,

         [[-2.7698e-02,  1.0414e-02,  1.1659e-02],
          [ 2.4327e-02,  2.3651e-02, -2.0716e-03],
          [-1.3015e-02,  2.3667e-02,  1.6593e-02]],

         [[-2.6576e-02, -5.3385e-03, -1.3276e-03],
          [-1.9683e-02,  1.0542e-02,  7.4232e-03],
          [ 2.1117e-02,  2.7946e-02,  2.3582e-02]],

         [[-2.0337e-02, -1.2350e-02, -2.7367e-02],
          [-2.7367e-02,  1.2090e-02,  2.3860e-02],
          [-2.1478e-02,  2.0252e-03,  1.1816e-02]]],


        [[[-2.4645e-03, -1.1679e-03, -9.0931e-03],
          [ 2.6958e-02,  5.1747e-03,  2.3016e-03],
          [-1.9553e-02, -5.4335e-03,  8.9861e-03]],

         [[-1.4977e-02,  1.6631e-02, -1.1399e-02],
          [ 3.2355e-03, -8.5435e-03, -1.3005e-02],
          [-2.6533e-03, -1.2976e-03, -1.4478e-02]],

         [[-2.4564e-02,  2.9316e-02, -3.2143e-03],
          [-2.4134e-02,  2.6029e-02, -2.6975e-02],
          [-2.1010e-03,  2.2820e-02, -1.1715e-02]],

         ...,

         [[ 2.1071e-02, -4.3519e-03, -2.0734e-02],
          [-1.0934e-02, -4.9823e-03, -1.5406e-02],
          [-1.5134e-02,  2.5181e-03, -7.1765e-03]],

         [[ 4.1432e-03,  1.2419e-05,  2.3398e-02],
          [-9.1164e-03,  9.5598e-03, -1.1555e-03],
          [-1.6862e-02, -1.0549e-02,  9.1722e-03]],

         [[-1.7186e-02,  1.6360e-02,  2.2467e-02],
          [-1.1439e-02, -1.6984e-02, -9.1509e-03],
          [ 1.6336e-02, -3.1405e-03,  7.4238e-03]]],


        [[[-8.9780e-03,  2.1809e-03,  2.9347e-02],
          [ 6.6408e-03, -3.8182e-03,  1.0766e-02],
          [-1.9752e-03, -2.8279e-02, -2.3404e-03]],

         [[ 2.7248e-02, -2.2156e-02,  2.4838e-02],
          [-1.7278e-02,  7.8180e-04, -1.4732e-02],
          [ 4.3513e-03,  1.5708e-02,  3.6116e-03]],

         [[-1.8285e-02, -2.8603e-02,  7.8388e-03],
          [ 1.0303e-02, -9.6116e-04,  1.6453e-02],
          [-1.3027e-03,  8.3066e-03, -9.8948e-03]],

         ...,

         [[ 2.8066e-02,  1.3044e-02, -1.7262e-02],
          [-2.0223e-02, -1.6273e-03, -8.2211e-03],
          [-2.7635e-02,  5.8650e-03, -1.3152e-02]],

         [[ 1.1733e-02,  2.8520e-02, -4.0359e-03],
          [ 1.1140e-02, -1.0770e-02, -2.4740e-02],
          [ 2.4945e-02,  8.9052e-03,  2.3573e-02]],

         [[-1.9760e-02, -5.1585e-03, -6.7160e-03],
          [ 1.2993e-02,  5.9824e-04,  1.3074e-02],
          [ 1.5334e-02, -2.2141e-02, -3.8619e-03]]]], device='cuda:0',
       requires_grad=True)
parameters of the network conv3.bias 
 torch.Size([64]) 
 True 
 tensor([-0.0239,  0.0065, -0.0072,  0.0017, -0.0095, -0.0022, -0.0030,  0.0182,
         0.0241,  0.0159, -0.0079, -0.0100,  0.0242, -0.0141, -0.0291, -0.0079,
         0.0223, -0.0204, -0.0253,  0.0076,  0.0221, -0.0193,  0.0065, -0.0283,
         0.0070,  0.0057,  0.0024, -0.0003,  0.0049, -0.0112, -0.0281,  0.0200,
        -0.0078,  0.0186,  0.0085,  0.0064, -0.0070, -0.0098, -0.0267, -0.0007,
        -0.0126,  0.0161, -0.0217,  0.0067, -0.0192, -0.0256,  0.0283, -0.0212,
        -0.0163, -0.0094,  0.0212,  0.0092, -0.0113,  0.0219,  0.0253,  0.0140,
         0.0207, -0.0194,  0.0082,  0.0110, -0.0271,  0.0181,  0.0067, -0.0121],
       device='cuda:0') 
 Parameter containing:
tensor([-0.0239,  0.0065, -0.0072,  0.0017, -0.0095, -0.0022, -0.0030,  0.0182,
         0.0241,  0.0159, -0.0079, -0.0100,  0.0242, -0.0141, -0.0291, -0.0079,
         0.0223, -0.0204, -0.0253,  0.0076,  0.0221, -0.0193,  0.0065, -0.0283,
         0.0070,  0.0057,  0.0024, -0.0003,  0.0049, -0.0112, -0.0281,  0.0200,
        -0.0078,  0.0186,  0.0085,  0.0064, -0.0070, -0.0098, -0.0267, -0.0007,
        -0.0126,  0.0161, -0.0217,  0.0067, -0.0192, -0.0256,  0.0283, -0.0212,
        -0.0163, -0.0094,  0.0212,  0.0092, -0.0113,  0.0219,  0.0253,  0.0140,
         0.0207, -0.0194,  0.0082,  0.0110, -0.0271,  0.0181,  0.0067, -0.0121],
       device='cuda:0', requires_grad=True)
parameters of the network fc1.weight 
 torch.Size([256, 667776]) 
 True 
 tensor([[-8.1152e-04,  6.3570e-04, -4.6532e-04,  ...,  4.1442e-04,
         -9.4224e-04, -3.3158e-04],
        [ 5.0807e-04,  9.4741e-04, -1.9562e-04,  ...,  8.3534e-04,
          7.0402e-04, -5.1021e-05],
        [-5.6799e-05,  4.4020e-04, -7.3644e-04,  ...,  7.5172e-04,
         -3.3103e-04,  7.4150e-04],
        ...,
        [-4.0023e-04,  7.4851e-04, -4.2262e-04,  ..., -1.1653e-03,
         -4.6275e-04,  2.8957e-05],
        [ 1.1008e-05, -4.2698e-04,  5.9397e-04,  ..., -9.8847e-04,
         -4.2683e-04,  1.1046e-03],
        [-6.4299e-04,  1.1605e-03, -1.0185e-03,  ..., -1.1523e-03,
          6.4888e-04,  8.1114e-04]], device='cuda:0') 
 Parameter containing:
tensor([[-8.1152e-04,  6.3570e-04, -4.6532e-04,  ...,  4.1442e-04,
         -9.4224e-04, -3.3158e-04],
        [ 5.0807e-04,  9.4741e-04, -1.9562e-04,  ...,  8.3534e-04,
          7.0402e-04, -5.1021e-05],
        [-5.6799e-05,  4.4020e-04, -7.3644e-04,  ...,  7.5172e-04,
         -3.3103e-04,  7.4150e-04],
        ...,
        [-4.0023e-04,  7.4851e-04, -4.2262e-04,  ..., -1.1653e-03,
         -4.6275e-04,  2.8957e-05],
        [ 1.1008e-05, -4.2698e-04,  5.9397e-04,  ..., -9.8847e-04,
         -4.2683e-04,  1.1046e-03],
        [-6.4299e-04,  1.1605e-03, -1.0185e-03,  ..., -1.1523e-03,
          6.4888e-04,  8.1114e-04]], device='cuda:0', requires_grad=True)
parameters of the network fc1.bias 
 torch.Size([256]) 
 True 
 tensor([-6.4973e-04,  2.6608e-04,  4.9203e-04, -2.4521e-04, -7.4789e-04,
         1.6599e-04, -2.3491e-04, -5.4460e-04, -3.9111e-04,  8.8348e-04,
        -1.0550e-03,  7.2410e-04,  4.6632e-05,  3.9382e-04, -1.1504e-03,
         7.4137e-04,  8.8637e-04, -2.1251e-04,  7.0254e-06,  2.0679e-04,
        -1.0211e-03,  8.0874e-04, -9.4925e-04,  7.1543e-04, -6.4165e-04,
         8.3749e-04,  1.3503e-04, -1.1375e-04, -3.3721e-04, -4.9590e-04,
        -6.1666e-04, -2.0648e-04, -5.6928e-04, -9.6789e-04, -3.1752e-04,
         6.8387e-04,  3.1968e-04,  2.9737e-04, -1.8140e-04,  7.9475e-04,
         5.0125e-04,  8.5911e-04,  2.1374e-04,  1.1577e-03,  3.7531e-04,
        -1.5180e-04,  1.1778e-03,  7.5756e-04, -3.8255e-04, -9.1597e-04,
         1.0230e-03,  4.2296e-04, -3.8565e-04, -6.6297e-04,  1.1574e-03,
         4.9873e-04,  3.9444e-04, -3.2978e-04,  8.2594e-05, -7.3837e-04,
         4.6110e-04, -8.1272e-04, -6.0940e-05,  4.0826e-04,  1.1069e-03,
        -3.5799e-04,  1.3787e-04,  5.3106e-04, -9.6010e-04,  2.0868e-05,
        -6.9656e-04,  2.1700e-04,  2.2584e-04, -3.6567e-05,  1.1980e-03,
         6.9907e-04,  6.4935e-04, -9.2229e-04, -5.3734e-04, -1.1966e-03,
        -6.2904e-04,  9.3130e-04, -8.7425e-04, -8.1352e-04, -1.0195e-03,
         1.1705e-03, -6.2981e-04, -4.7441e-04, -1.0247e-04, -7.6883e-04,
        -7.7107e-05,  8.0355e-04, -4.4830e-05,  1.0288e-03, -6.0262e-04,
         2.4769e-04, -5.4537e-05,  6.9496e-04, -9.2303e-04,  1.1937e-03,
        -2.8922e-04,  6.7701e-04,  3.5057e-05,  1.6461e-04,  8.7990e-04,
         1.0870e-05, -1.0839e-03, -1.9545e-04, -4.0156e-04, -9.5303e-04,
         8.0757e-04,  9.2909e-04, -5.7806e-04, -8.6752e-04,  9.4755e-04,
         7.0339e-04, -9.1743e-04,  1.3704e-04, -1.1794e-03, -8.1360e-04,
         3.8821e-04, -9.1706e-04, -5.3111e-04, -8.9723e-04,  4.8019e-04,
        -4.8726e-04,  6.0926e-04, -3.8161e-04, -1.1692e-04, -6.0074e-04,
         8.5801e-04, -8.5107e-04, -1.6281e-04,  4.8393e-04,  1.7235e-04,
        -1.0809e-03, -5.4237e-04,  1.1281e-03, -3.5146e-05, -1.2206e-03,
        -3.6985e-05, -2.5340e-04,  5.7926e-04, -7.0090e-05,  6.7237e-04,
         6.2945e-04,  4.2327e-04, -5.2953e-04,  9.0344e-05,  7.9614e-04,
        -5.1398e-05, -2.7126e-04,  1.1364e-03,  1.0930e-03,  6.5355e-04,
         6.7400e-05, -1.8862e-04, -1.0636e-03, -1.2485e-04,  1.1934e-03,
        -3.6570e-04,  8.9431e-04,  1.0953e-03,  6.3536e-04, -5.1586e-04,
         4.1587e-04,  8.2853e-04,  6.2263e-04, -5.8543e-04,  2.3123e-04,
        -4.8382e-04,  1.0985e-03, -3.3806e-05,  5.0175e-04,  6.5260e-04,
         7.8539e-04, -2.1006e-04, -1.4461e-04, -3.2196e-04, -6.5709e-04,
         3.5999e-04,  8.1545e-04, -1.1471e-03, -1.7156e-04, -7.4784e-04,
         2.5195e-04,  4.0080e-04,  1.0316e-03,  4.7851e-04, -9.8596e-04,
         6.7178e-05,  1.0591e-03, -1.1864e-03, -7.9911e-04,  2.6305e-04,
        -8.4334e-04,  3.7370e-04, -9.7725e-04,  1.0253e-03,  4.6089e-04,
         1.1731e-03,  7.6329e-04, -5.7937e-04,  5.3627e-04, -7.8640e-04,
         4.1955e-04,  1.1196e-03, -8.1700e-04, -1.0785e-03,  6.4405e-04,
         4.8046e-04,  1.0139e-03, -1.1213e-03, -5.7423e-04,  3.0256e-04,
         8.9176e-04, -9.9582e-04,  2.0272e-04, -3.5099e-04, -1.0993e-03,
         1.0708e-03,  2.9503e-04, -5.0537e-05,  9.9001e-04,  7.6110e-04,
         1.1091e-03,  3.3266e-04, -1.0681e-03,  1.9444e-04,  2.3751e-04,
         8.5360e-04,  3.0875e-04, -6.2832e-04, -7.5128e-04, -4.2561e-04,
         5.5018e-04,  5.4864e-04, -9.3072e-04,  7.4073e-04, -6.2094e-04,
        -1.0378e-03, -9.4646e-04,  6.8668e-04,  5.5905e-04, -4.1335e-04,
         1.7349e-04,  1.2169e-03, -6.1907e-04,  6.7489e-04, -2.7574e-04,
         6.6924e-04, -6.5660e-04, -1.1942e-03, -4.4729e-04,  6.3716e-04,
         1.1072e-03], device='cuda:0') 
 Parameter containing:
tensor([-6.4973e-04,  2.6608e-04,  4.9203e-04, -2.4521e-04, -7.4789e-04,
         1.6599e-04, -2.3491e-04, -5.4460e-04, -3.9111e-04,  8.8348e-04,
        -1.0550e-03,  7.2410e-04,  4.6632e-05,  3.9382e-04, -1.1504e-03,
         7.4137e-04,  8.8637e-04, -2.1251e-04,  7.0254e-06,  2.0679e-04,
        -1.0211e-03,  8.0874e-04, -9.4925e-04,  7.1543e-04, -6.4165e-04,
         8.3749e-04,  1.3503e-04, -1.1375e-04, -3.3721e-04, -4.9590e-04,
        -6.1666e-04, -2.0648e-04, -5.6928e-04, -9.6789e-04, -3.1752e-04,
         6.8387e-04,  3.1968e-04,  2.9737e-04, -1.8140e-04,  7.9475e-04,
         5.0125e-04,  8.5911e-04,  2.1374e-04,  1.1577e-03,  3.7531e-04,
        -1.5180e-04,  1.1778e-03,  7.5756e-04, -3.8255e-04, -9.1597e-04,
         1.0230e-03,  4.2296e-04, -3.8565e-04, -6.6297e-04,  1.1574e-03,
         4.9873e-04,  3.9444e-04, -3.2978e-04,  8.2594e-05, -7.3837e-04,
         4.6110e-04, -8.1272e-04, -6.0940e-05,  4.0826e-04,  1.1069e-03,
        -3.5799e-04,  1.3787e-04,  5.3106e-04, -9.6010e-04,  2.0868e-05,
        -6.9656e-04,  2.1700e-04,  2.2584e-04, -3.6567e-05,  1.1980e-03,
         6.9907e-04,  6.4935e-04, -9.2229e-04, -5.3734e-04, -1.1966e-03,
        -6.2904e-04,  9.3130e-04, -8.7425e-04, -8.1352e-04, -1.0195e-03,
         1.1705e-03, -6.2981e-04, -4.7441e-04, -1.0247e-04, -7.6883e-04,
        -7.7107e-05,  8.0355e-04, -4.4830e-05,  1.0288e-03, -6.0262e-04,
         2.4769e-04, -5.4537e-05,  6.9496e-04, -9.2303e-04,  1.1937e-03,
        -2.8922e-04,  6.7701e-04,  3.5057e-05,  1.6461e-04,  8.7990e-04,
         1.0870e-05, -1.0839e-03, -1.9545e-04, -4.0156e-04, -9.5303e-04,
         8.0757e-04,  9.2909e-04, -5.7806e-04, -8.6752e-04,  9.4755e-04,
         7.0339e-04, -9.1743e-04,  1.3704e-04, -1.1794e-03, -8.1360e-04,
         3.8821e-04, -9.1706e-04, -5.3111e-04, -8.9723e-04,  4.8019e-04,
        -4.8726e-04,  6.0926e-04, -3.8161e-04, -1.1692e-04, -6.0074e-04,
         8.5801e-04, -8.5107e-04, -1.6281e-04,  4.8393e-04,  1.7235e-04,
        -1.0809e-03, -5.4237e-04,  1.1281e-03, -3.5146e-05, -1.2206e-03,
        -3.6985e-05, -2.5340e-04,  5.7926e-04, -7.0090e-05,  6.7237e-04,
         6.2945e-04,  4.2327e-04, -5.2953e-04,  9.0344e-05,  7.9614e-04,
        -5.1398e-05, -2.7126e-04,  1.1364e-03,  1.0930e-03,  6.5355e-04,
         6.7400e-05, -1.8862e-04, -1.0636e-03, -1.2485e-04,  1.1934e-03,
        -3.6570e-04,  8.9431e-04,  1.0953e-03,  6.3536e-04, -5.1586e-04,
         4.1587e-04,  8.2853e-04,  6.2263e-04, -5.8543e-04,  2.3123e-04,
        -4.8382e-04,  1.0985e-03, -3.3806e-05,  5.0175e-04,  6.5260e-04,
         7.8539e-04, -2.1006e-04, -1.4461e-04, -3.2196e-04, -6.5709e-04,
         3.5999e-04,  8.1545e-04, -1.1471e-03, -1.7156e-04, -7.4784e-04,
         2.5195e-04,  4.0080e-04,  1.0316e-03,  4.7851e-04, -9.8596e-04,
         6.7178e-05,  1.0591e-03, -1.1864e-03, -7.9911e-04,  2.6305e-04,
        -8.4334e-04,  3.7370e-04, -9.7725e-04,  1.0253e-03,  4.6089e-04,
         1.1731e-03,  7.6329e-04, -5.7937e-04,  5.3627e-04, -7.8640e-04,
         4.1955e-04,  1.1196e-03, -8.1700e-04, -1.0785e-03,  6.4405e-04,
         4.8046e-04,  1.0139e-03, -1.1213e-03, -5.7423e-04,  3.0256e-04,
         8.9176e-04, -9.9582e-04,  2.0272e-04, -3.5099e-04, -1.0993e-03,
         1.0708e-03,  2.9503e-04, -5.0537e-05,  9.9001e-04,  7.6110e-04,
         1.1091e-03,  3.3266e-04, -1.0681e-03,  1.9444e-04,  2.3751e-04,
         8.5360e-04,  3.0875e-04, -6.2832e-04, -7.5128e-04, -4.2561e-04,
         5.5018e-04,  5.4864e-04, -9.3072e-04,  7.4073e-04, -6.2094e-04,
        -1.0378e-03, -9.4646e-04,  6.8668e-04,  5.5905e-04, -4.1335e-04,
         1.7349e-04,  1.2169e-03, -6.1907e-04,  6.7489e-04, -2.7574e-04,
         6.6924e-04, -6.5660e-04, -1.1942e-03, -4.4729e-04,  6.3716e-04,
         1.1072e-03], device='cuda:0', requires_grad=True)
parameters of the network fc2.weight 
 torch.Size([128, 256]) 
 True 
 tensor([[ 0.0132,  0.0353, -0.0498,  ...,  0.0261, -0.0341, -0.0475],
        [ 0.0405, -0.0175, -0.0054,  ..., -0.0185, -0.0192, -0.0395],
        [ 0.0113, -0.0368, -0.0454,  ...,  0.0175, -0.0325, -0.0290],
        ...,
        [ 0.0070,  0.0075, -0.0008,  ...,  0.0382,  0.0066, -0.0595],
        [-0.0309,  0.0172, -0.0506,  ..., -0.0330,  0.0102, -0.0033],
        [ 0.0609,  0.0265,  0.0423,  ...,  0.0134,  0.0292,  0.0587]],
       device='cuda:0') 
 Parameter containing:
tensor([[ 0.0132,  0.0353, -0.0498,  ...,  0.0261, -0.0341, -0.0475],
        [ 0.0405, -0.0175, -0.0054,  ..., -0.0185, -0.0192, -0.0395],
        [ 0.0113, -0.0368, -0.0454,  ...,  0.0175, -0.0325, -0.0290],
        ...,
        [ 0.0070,  0.0075, -0.0008,  ...,  0.0382,  0.0066, -0.0595],
        [-0.0309,  0.0172, -0.0506,  ..., -0.0330,  0.0102, -0.0033],
        [ 0.0609,  0.0265,  0.0423,  ...,  0.0134,  0.0292,  0.0587]],
       device='cuda:0', requires_grad=True)
parameters of the network fc2.bias 
 torch.Size([128]) 
 True 
 tensor([ 0.0248, -0.0578,  0.0065, -0.0234, -0.0082,  0.0045,  0.0226, -0.0128,
        -0.0146,  0.0352, -0.0462, -0.0436,  0.0225,  0.0241,  0.0312, -0.0109,
        -0.0312,  0.0044,  0.0269,  0.0144, -0.0229, -0.0273,  0.0478, -0.0458,
        -0.0586, -0.0194,  0.0525,  0.0319, -0.0366,  0.0146, -0.0565, -0.0566,
        -0.0503, -0.0511, -0.0558, -0.0240,  0.0129,  0.0385, -0.0093, -0.0329,
         0.0473, -0.0315, -0.0181, -0.0488, -0.0357, -0.0217,  0.0509, -0.0277,
         0.0421,  0.0530, -0.0255,  0.0234, -0.0148,  0.0105,  0.0314,  0.0094,
        -0.0038,  0.0341,  0.0481, -0.0602, -0.0177,  0.0386,  0.0556,  0.0551,
        -0.0248,  0.0135,  0.0620, -0.0421, -0.0335, -0.0553, -0.0416, -0.0455,
        -0.0576, -0.0091, -0.0526, -0.0548, -0.0116, -0.0395,  0.0047, -0.0368,
         0.0298,  0.0283, -0.0082,  0.0219, -0.0615, -0.0053, -0.0441, -0.0228,
         0.0238, -0.0255, -0.0511,  0.0130, -0.0082, -0.0511, -0.0150, -0.0055,
         0.0136,  0.0584,  0.0438,  0.0621,  0.0424,  0.0371, -0.0507,  0.0587,
        -0.0118,  0.0400, -0.0503,  0.0313,  0.0507,  0.0445,  0.0624, -0.0292,
         0.0315,  0.0144,  0.0389,  0.0075, -0.0137, -0.0486, -0.0323, -0.0113,
         0.0294,  0.0354, -0.0380,  0.0148, -0.0013, -0.0593, -0.0522,  0.0581],
       device='cuda:0') 
 Parameter containing:
tensor([ 0.0248, -0.0578,  0.0065, -0.0234, -0.0082,  0.0045,  0.0226, -0.0128,
        -0.0146,  0.0352, -0.0462, -0.0436,  0.0225,  0.0241,  0.0312, -0.0109,
        -0.0312,  0.0044,  0.0269,  0.0144, -0.0229, -0.0273,  0.0478, -0.0458,
        -0.0586, -0.0194,  0.0525,  0.0319, -0.0366,  0.0146, -0.0565, -0.0566,
        -0.0503, -0.0511, -0.0558, -0.0240,  0.0129,  0.0385, -0.0093, -0.0329,
         0.0473, -0.0315, -0.0181, -0.0488, -0.0357, -0.0217,  0.0509, -0.0277,
         0.0421,  0.0530, -0.0255,  0.0234, -0.0148,  0.0105,  0.0314,  0.0094,
        -0.0038,  0.0341,  0.0481, -0.0602, -0.0177,  0.0386,  0.0556,  0.0551,
        -0.0248,  0.0135,  0.0620, -0.0421, -0.0335, -0.0553, -0.0416, -0.0455,
        -0.0576, -0.0091, -0.0526, -0.0548, -0.0116, -0.0395,  0.0047, -0.0368,
         0.0298,  0.0283, -0.0082,  0.0219, -0.0615, -0.0053, -0.0441, -0.0228,
         0.0238, -0.0255, -0.0511,  0.0130, -0.0082, -0.0511, -0.0150, -0.0055,
         0.0136,  0.0584,  0.0438,  0.0621,  0.0424,  0.0371, -0.0507,  0.0587,
        -0.0118,  0.0400, -0.0503,  0.0313,  0.0507,  0.0445,  0.0624, -0.0292,
         0.0315,  0.0144,  0.0389,  0.0075, -0.0137, -0.0486, -0.0323, -0.0113,
         0.0294,  0.0354, -0.0380,  0.0148, -0.0013, -0.0593, -0.0522,  0.0581],
       device='cuda:0', requires_grad=True)
parameters of the network fc3.weight 
 torch.Size([64, 128]) 
 True 
 tensor([[-0.0118,  0.0026,  0.0458,  ..., -0.0787, -0.0102,  0.0151],
        [-0.0338,  0.0361, -0.0754,  ...,  0.0759,  0.0684, -0.0595],
        [ 0.0590, -0.0784,  0.0874,  ..., -0.0135,  0.0104,  0.0636],
        ...,
        [-0.0415, -0.0181,  0.0304,  ...,  0.0754, -0.0550, -0.0436],
        [ 0.0835, -0.0153,  0.0437,  ...,  0.0384,  0.0476, -0.0763],
        [ 0.0052, -0.0463, -0.0027,  ..., -0.0822,  0.0204, -0.0585]],
       device='cuda:0') 
 Parameter containing:
tensor([[-0.0118,  0.0026,  0.0458,  ..., -0.0787, -0.0102,  0.0151],
        [-0.0338,  0.0361, -0.0754,  ...,  0.0759,  0.0684, -0.0595],
        [ 0.0590, -0.0784,  0.0874,  ..., -0.0135,  0.0104,  0.0636],
        ...,
        [-0.0415, -0.0181,  0.0304,  ...,  0.0754, -0.0550, -0.0436],
        [ 0.0835, -0.0153,  0.0437,  ...,  0.0384,  0.0476, -0.0763],
        [ 0.0052, -0.0463, -0.0027,  ..., -0.0822,  0.0204, -0.0585]],
       device='cuda:0', requires_grad=True)
parameters of the network fc3.bias 
 torch.Size([64]) 
 True 
 tensor([ 0.0512, -0.0052, -0.0040,  0.0277, -0.0684, -0.0114, -0.0498, -0.0031,
         0.0014,  0.0305,  0.0295, -0.0672, -0.0186, -0.0472, -0.0486, -0.0510,
        -0.0877, -0.0222,  0.0729,  0.0017,  0.0696, -0.0303,  0.0273,  0.0089,
         0.0555, -0.0010, -0.0743, -0.0155, -0.0252,  0.0717,  0.0174, -0.0475,
        -0.0505, -0.0470, -0.0459,  0.0798,  0.0747,  0.0876,  0.0628,  0.0791,
         0.0815,  0.0461, -0.0466,  0.0768,  0.0554,  0.0617,  0.0370, -0.0544,
         0.0210, -0.0764,  0.0731, -0.0299, -0.0868,  0.0142,  0.0251,  0.0875,
        -0.0600,  0.0176,  0.0518, -0.0049, -0.0641,  0.0514, -0.0793,  0.0868],
       device='cuda:0') 
 Parameter containing:
tensor([ 0.0512, -0.0052, -0.0040,  0.0277, -0.0684, -0.0114, -0.0498, -0.0031,
         0.0014,  0.0305,  0.0295, -0.0672, -0.0186, -0.0472, -0.0486, -0.0510,
        -0.0877, -0.0222,  0.0729,  0.0017,  0.0696, -0.0303,  0.0273,  0.0089,
         0.0555, -0.0010, -0.0743, -0.0155, -0.0252,  0.0717,  0.0174, -0.0475,
        -0.0505, -0.0470, -0.0459,  0.0798,  0.0747,  0.0876,  0.0628,  0.0791,
         0.0815,  0.0461, -0.0466,  0.0768,  0.0554,  0.0617,  0.0370, -0.0544,
         0.0210, -0.0764,  0.0731, -0.0299, -0.0868,  0.0142,  0.0251,  0.0875,
        -0.0600,  0.0176,  0.0518, -0.0049, -0.0641,  0.0514, -0.0793,  0.0868],
       device='cuda:0', requires_grad=True)
parameters of the network fc4.weight 
 torch.Size([6796, 64]) 
 True 
 tensor([[-0.1000,  0.0695,  0.0344,  ..., -0.0483, -0.0471,  0.0750],
        [-0.0999, -0.1076,  0.0514,  ...,  0.0704,  0.0416,  0.1135],
        [-0.0927, -0.0629,  0.0331,  ...,  0.0062, -0.1132,  0.0801],
        ...,
        [ 0.0625, -0.1124,  0.0015,  ..., -0.0497,  0.0598,  0.0979],
        [-0.1015,  0.0617,  0.0777,  ...,  0.0114,  0.0544,  0.0700],
        [ 0.0596,  0.0835,  0.0845,  ..., -0.0146, -0.1112,  0.0609]],
       device='cuda:0') 
 Parameter containing:
tensor([[-0.1000,  0.0695,  0.0344,  ..., -0.0483, -0.0471,  0.0750],
        [-0.0999, -0.1076,  0.0514,  ...,  0.0704,  0.0416,  0.1135],
        [-0.0927, -0.0629,  0.0331,  ...,  0.0062, -0.1132,  0.0801],
        ...,
        [ 0.0625, -0.1124,  0.0015,  ..., -0.0497,  0.0598,  0.0979],
        [-0.1015,  0.0617,  0.0777,  ...,  0.0114,  0.0544,  0.0700],
        [ 0.0596,  0.0835,  0.0845,  ..., -0.0146, -0.1112,  0.0609]],
       device='cuda:0', requires_grad=True)
parameters of the network fc4.bias 
 torch.Size([6796]) 
 True 
 tensor([ 0.1027,  0.0851, -0.0649,  ...,  0.0781, -0.0539,  0.1126],
       device='cuda:0') 
 Parameter containing:
tensor([ 0.1027,  0.0851, -0.0649,  ...,  0.0781, -0.0539,  0.1126],
       device='cuda:0', requires_grad=True)

Passing event 1007 from the network before training input tensor([[0., 0., 0.,  ..., 0., 0., 0.],
        [0., 0., 0.,  ..., 0., 0., 0.],
        [0., 0., 0.,  ..., 0., 0., 0.],
        ...,
        [0., 0., 0.,  ..., 0., 0., 0.],
        [0., 0., 0.,  ..., 0., 0., 0.],
        [0., 0., 0.,  ..., 0., 0., 0.]]) 
result1: tensor([[0.5279, 0.5177, 0.4879,  ..., 0.5151, 0.4903, 0.5357],
        [0.5279, 0.5177, 0.4878,  ..., 0.5151, 0.4903, 0.5357],
        [0.5279, 0.5178, 0.4878,  ..., 0.5151, 0.4903, 0.5357],
        ...,
        [0.5279, 0.5177, 0.4878,  ..., 0.5152, 0.4903, 0.5357],
        [0.5279, 0.5178, 0.4878,  ..., 0.5151, 0.4903, 0.5358],
        [0.5279, 0.5177, 0.4878,  ..., 0.5152, 0.4903, 0.5357]],
       device='cuda:0', grad_fn=<SigmoidBackward0>) 
result1.shape: torch.Size([20, 6796])

Passing two random events from the network before training 
result1: tensor([[0.5279, 0.5177, 0.4879,  ..., 0.5151, 0.4903, 0.5357],
        [0.5279, 0.5177, 0.4878,  ..., 0.5151, 0.4903, 0.5357],
        [0.5279, 0.5178, 0.4878,  ..., 0.5151, 0.4903, 0.5357],
        ...,
        [0.5279, 0.5177, 0.4878,  ..., 0.5152, 0.4903, 0.5357],
        [0.5279, 0.5178, 0.4878,  ..., 0.5151, 0.4903, 0.5358],
        [0.5279, 0.5177, 0.4878,  ..., 0.5152, 0.4903, 0.5357]],
       device='cuda:0', grad_fn=<SigmoidBackward0>) 
result1.shape: torch.Size([20, 6796]) 
input: [[0. 0. 0. ... 0. 0. 0.]
 [0. 0. 0. ... 0. 0. 0.]
 [0. 0. 0. ... 0. 0. 0.]
 ...
 [0. 0. 0. ... 0. 0. 0.]
 [0. 0. 0. ... 0. 0. 0.]
 [0. 0. 0. ... 0. 0. 0.]]
=> loading checkpoint from /hpcfs/bes/mlgpu/hoseinkk/MLTracking/otherparticles/pppipi/pyt_pppipi_cnn_1/checkpoint_dir/1999840284saved_checkpoint.tar



load_model True 
TraEvN 19998 
BatchSize 30.0 
EpochNum 40 
LrVal 0.0001 
weight_decay 5e-05 
startmesh 284 
endmesh 285 




Passing event 10007 from the network before training input tensor([[0., 0., 0.,  ..., 0., 0., 0.],
        [0., 0., 0.,  ..., 0., 0., 0.],
        [0., 0., 0.,  ..., 0., 0., 0.],
        ...,
        [0., 0., 0.,  ..., 0., 0., 0.],
        [0., 0., 0.,  ..., 0., 0., 0.],
        [0., 0., 0.,  ..., 0., 0., 0.]]) 
result1: tensor([9.9937e-01, 1.0000e+00, 1.0000e+00,  ..., 6.0482e-33, 8.2983e-38,
        5.9066e-13], grad_fn=<SelectBackward0>) 
result1.shape: torch.Size([6796])

Passing event 10007 from the network after training input tensor([[0., 0., 0.,  ..., 0., 0., 0.],
        [0., 0., 0.,  ..., 0., 0., 0.],
        [0., 0., 0.,  ..., 0., 0., 0.],
        ...,
        [0., 0., 0.,  ..., 0., 0., 0.],
        [0., 0., 0.,  ..., 0., 0., 0.],
        [0., 0., 0.,  ..., 0., 0., 0.]]) 
result1: tensor([0.5306, 0.4757, 0.4807,  ..., 0.4972, 0.5282, 0.5210],
       grad_fn=<SelectBackward0>) 
result1.shape: torch.Size([6796])

real	0m53.254s
user	1m10.703s
sys	0m4.800s
