0: gpu014.ihep.ac.cn
GPU 0: Tesla V100-SXM2-32GB (UUID: GPU-ab629f87-2332-e70d-5ef1-d4c430ca6ddb)
Allocate GPU cards : 0

modinfo:
filename:       /lib/modules/3.10.0-1160.71.1.el7.x86_64/extra/nvidia.ko.xz
firmware:       nvidia/515.65.01/gsp.bin
alias:          char-major-195-*
version:        515.65.01
supported:      external
license:        NVIDIA
retpoline:      Y
rhelversion:    7.9
srcversion:     8049D44E2C1B08F41E1B8A6
alias:          pci:v000010DEd*sv*sd*bc06sc80i00*
alias:          pci:v000010DEd*sv*sd*bc03sc02i00*
alias:          pci:v000010DEd*sv*sd*bc03sc00i00*
depends:        drm
vermagic:       3.10.0-1160.71.1.el7.x86_64 SMP mod_unload modversions 
signer:         DKMS module signing key
sig_key:        CF:78:5C:6A:0B:C8:EC:CE:3F:AB:22:4C:95:3C:1D:0A:F5:D5:86:59
sig_hashalgo:   sha512
parm:           NvSwitchRegDwords:NvSwitch regkey (charp)
parm:           NvSwitchBlacklist:NvSwitchBlacklist=uuid[,uuid...] (charp)
parm:           NVreg_ResmanDebugLevel:int
parm:           NVreg_RmLogonRC:int
parm:           NVreg_ModifyDeviceFiles:int
parm:           NVreg_DeviceFileUID:int
parm:           NVreg_DeviceFileGID:int
parm:           NVreg_DeviceFileMode:int
parm:           NVreg_InitializeSystemMemoryAllocations:int
parm:           NVreg_UsePageAttributeTable:int
parm:           NVreg_EnablePCIeGen3:int
parm:           NVreg_EnableMSI:int
parm:           NVreg_TCEBypassMode:int
parm:           NVreg_EnableStreamMemOPs:int
parm:           NVreg_RestrictProfilingToAdminUsers:int
parm:           NVreg_PreserveVideoMemoryAllocations:int
parm:           NVreg_EnableS0ixPowerManagement:int
parm:           NVreg_S0ixPowerManagementVideoMemoryThreshold:int
parm:           NVreg_DynamicPowerManagement:int
parm:           NVreg_DynamicPowerManagementVideoMemoryThreshold:int
parm:           NVreg_EnableGpuFirmware:int
parm:           NVreg_EnableGpuFirmwareLogs:int
parm:           NVreg_OpenRmEnableUnsupportedGpus:int
parm:           NVreg_EnableUserNUMAManagement:int
parm:           NVreg_MemoryPoolSize:int
parm:           NVreg_KMallocHeapMaxSize:int
parm:           NVreg_VMallocHeapMaxSize:int
parm:           NVreg_IgnoreMMIOCheck:int
parm:           NVreg_NvLinkDisable:int
parm:           NVreg_EnablePCIERelaxedOrderingMode:int
parm:           NVreg_RegisterPCIDriver:int
parm:           NVreg_EnableDbgBreakpoint:int
parm:           NVreg_RegistryDwords:charp
parm:           NVreg_RegistryDwordsPerDevice:charp
parm:           NVreg_RmMsg:charp
parm:           NVreg_GpuBlacklist:charp
parm:           NVreg_TemporaryFilePath:charp
parm:           NVreg_ExcludedGpus:charp
parm:           NVreg_DmaRemapPeerMmio:int
parm:           rm_firmware_active:charp

nvidia-smi:
Mon Aug 29 19:43:59 2022       
+-----------------------------------------------------------------------------+
| NVIDIA-SMI 515.65.01    Driver Version: 515.65.01    CUDA Version: 11.7     |
|-------------------------------+----------------------+----------------------+
| GPU  Name        Persistence-M| Bus-Id        Disp.A | Volatile Uncorr. ECC |
| Fan  Temp  Perf  Pwr:Usage/Cap|         Memory-Usage | GPU-Util  Compute M. |
|                               |                      |               MIG M. |
|===============================+======================+======================|
|   0  Tesla V100-SXM2...  On   | 00000000:B4:00.0 Off |                    0 |
| N/A   34C    P0    44W / 300W |      0MiB / 32768MiB |      0%      Default |
|                               |                      |                  N/A |
+-------------------------------+----------------------+----------------------+
                                                                               
+-----------------------------------------------------------------------------+
| Processes:                                                                  |
|  GPU   GI   CI        PID   Type   Process name                  GPU Memory |
|        ID   ID                                                   Usage      |
|=============================================================================|
|  No running processes found                                                 |
+-----------------------------------------------------------------------------+

nvcc --version:
nvcc: NVIDIA (R) Cuda compiler driver
Copyright (c) 2005-2021 NVIDIA Corporation
Built on Sun_Mar_21_19:15:46_PDT_2021
Cuda compilation tools, release 11.3, V11.3.58
Build cuda_11.3.r11.3/compiler.29745058_0

 torch version: 1.10.2

 cuda version: 11.3

 is cuda available: True

 CUDNN VERSION: 8200

 Number CUDA Devices: 1

 CUDA Device Name: Tesla V100-SXM2-32GB

 CUDA Device Total Memory [GB]: 34.089926656

 Device capability: (7, 0) 

 Cuda deviice: <torch.cuda.device object at 0x2b41298b28e0> 

 Is cuda initialized: True

 CUDA_HOME: /hpcfs/bes/mlgpu/hoseinkk/Miniconda3/envs/dgl1

real	0m24.180s
user	0m3.512s
sys	0m2.236s
/hpcfs/bes/mlgpu/hoseinkk/Miniconda3/envs/dgl1/lib/python3.9/site-packages/cupy/_environment.py:438: UserWarning: 
--------------------------------------------------------------------------------

  CuPy may not function correctly because multiple CuPy packages are installed
  in your environment:

    cupy, cupy-cuda110

  Follow these steps to resolve this issue:

    1. For all packages listed above, run the following command to remove all
       existing CuPy installations:

         $ pip uninstall <package_name>

      If you previously installed CuPy via conda, also run the following:

         $ conda uninstall cupy

    2. Install the appropriate CuPy package.
       Refer to the Installation Guide for detailed instructions.

         https://docs.cupy.dev/en/stable/install.html

--------------------------------------------------------------------------------

  warnings.warn(f'''
/hpcfs/bes/mlgpu/hoseinkk/Miniconda3/envs/dgl1/lib/python3.9/site-packages/torch/nn/functional.py:1806: UserWarning: nn.functional.sigmoid is deprecated. Use torch.sigmoid instead.
  warnings.warn("nn.functional.sigmoid is deprecated. Use torch.sigmoid instead.")





 Loading data ... 



training set shape (20000, 43, 288) 
sum 5279207

target set shape (20000, 6796) 
sum 4575851




 The Network ... 


Net(
  (conv1): Conv2d(1, 256, kernel_size=(3, 3), stride=(1, 1))
  (conv2): Conv2d(256, 128, kernel_size=(3, 3), stride=(1, 1))
  (conv3): Conv2d(128, 64, kernel_size=(3, 3), stride=(1, 1))
  (fc1): Linear(in_features=667776, out_features=256, bias=True)
  (fc2): Linear(in_features=256, out_features=128, bias=True)
  (fc3): Linear(in_features=128, out_features=64, bias=True)
  (fc4): Linear(in_features=64, out_features=6796, bias=True)
)

number of the free parameters: 171805196
parameters of the network conv1.weight 
 torch.Size([256, 1, 3, 3]) 
 True 
 tensor([[[[-0.1870,  0.2705,  0.1449],
          [ 0.0435, -0.0619,  0.1429],
          [ 0.0716, -0.1455, -0.2852]]],


        [[[ 0.0302,  0.3187,  0.3302],
          [-0.0587,  0.0365,  0.1999],
          [ 0.3295,  0.1174,  0.0692]]],


        [[[ 0.3293, -0.2073, -0.0227],
          [ 0.2106,  0.1659, -0.1742],
          [ 0.0523, -0.0647, -0.1473]]],


        ...,


        [[[-0.2370, -0.1015,  0.2007],
          [ 0.0386,  0.2069, -0.2455],
          [ 0.2761, -0.1272,  0.2353]]],


        [[[ 0.3024, -0.2955,  0.1723],
          [ 0.0102,  0.0245, -0.0773],
          [ 0.1046,  0.1602, -0.0832]]],


        [[[-0.1205,  0.0776,  0.3167],
          [-0.1468, -0.1736,  0.2310],
          [-0.1477,  0.1546,  0.2413]]]], device='cuda:0') 
 Parameter containing:
tensor([[[[-0.1870,  0.2705,  0.1449],
          [ 0.0435, -0.0619,  0.1429],
          [ 0.0716, -0.1455, -0.2852]]],


        [[[ 0.0302,  0.3187,  0.3302],
          [-0.0587,  0.0365,  0.1999],
          [ 0.3295,  0.1174,  0.0692]]],


        [[[ 0.3293, -0.2073, -0.0227],
          [ 0.2106,  0.1659, -0.1742],
          [ 0.0523, -0.0647, -0.1473]]],


        ...,


        [[[-0.2370, -0.1015,  0.2007],
          [ 0.0386,  0.2069, -0.2455],
          [ 0.2761, -0.1272,  0.2353]]],


        [[[ 0.3024, -0.2955,  0.1723],
          [ 0.0102,  0.0245, -0.0773],
          [ 0.1046,  0.1602, -0.0832]]],


        [[[-0.1205,  0.0776,  0.3167],
          [-0.1468, -0.1736,  0.2310],
          [-0.1477,  0.1546,  0.2413]]]], device='cuda:0', requires_grad=True)
parameters of the network conv1.bias 
 torch.Size([256]) 
 True 
 tensor([ 0.2629, -0.2134,  0.0472, -0.0547, -0.3056,  0.1239,  0.1972, -0.1358,
         0.1990,  0.0702,  0.3201, -0.0680,  0.0863,  0.2257, -0.1219,  0.3193,
        -0.3113,  0.1695,  0.3146,  0.1002,  0.2284, -0.1630, -0.2228,  0.1564,
         0.0217,  0.1151, -0.1728, -0.0946, -0.0713,  0.2339,  0.2228, -0.0267,
        -0.0614, -0.0444, -0.3326,  0.2646, -0.1431, -0.2866, -0.1088, -0.0892,
         0.1121, -0.2098,  0.0791,  0.1684,  0.1645, -0.0884, -0.2285, -0.0217,
         0.1328, -0.1657,  0.1531, -0.0929, -0.2328, -0.1202, -0.1505, -0.3065,
         0.0839,  0.2817,  0.1176, -0.1690,  0.1693,  0.0891,  0.2125,  0.0534,
        -0.0888,  0.1484, -0.3274, -0.1875,  0.0576, -0.1183, -0.1668,  0.1884,
         0.1739,  0.2805, -0.2194,  0.2925, -0.1309, -0.1672, -0.1486,  0.2979,
        -0.2800, -0.3092,  0.3298, -0.2547, -0.0184, -0.2342, -0.2464, -0.3171,
         0.1139, -0.2417, -0.2073,  0.1321, -0.0749,  0.1611, -0.0324, -0.0192,
        -0.3078, -0.1895,  0.2477,  0.2737,  0.1420,  0.1821,  0.2665, -0.2923,
         0.0156,  0.2207, -0.2926,  0.2241, -0.1277,  0.1659, -0.1589,  0.3129,
         0.2642,  0.2354, -0.2600, -0.2665, -0.2262, -0.2592, -0.2011,  0.1835,
         0.1945, -0.1582,  0.2271,  0.0709,  0.1205, -0.2146, -0.3318, -0.1398,
        -0.3223,  0.2359, -0.1343, -0.1910,  0.3236, -0.2700, -0.1105,  0.1269,
         0.1546, -0.2993, -0.0114,  0.2661, -0.1410, -0.0554,  0.3199, -0.1936,
        -0.0981, -0.0336,  0.2916,  0.2405,  0.3044, -0.2115, -0.1666,  0.1416,
        -0.0951,  0.1258, -0.2947, -0.1360,  0.1105, -0.2778, -0.3059,  0.1547,
        -0.1830, -0.3137, -0.1264, -0.2584, -0.2018,  0.0208, -0.0443, -0.1090,
        -0.2771, -0.2897,  0.1113, -0.1263,  0.2216, -0.2693, -0.3324, -0.1525,
         0.1741,  0.1652,  0.0646, -0.0545,  0.1963, -0.3253, -0.1975,  0.1820,
        -0.1287,  0.2040, -0.1109, -0.1465,  0.3012,  0.1180,  0.2991, -0.0617,
         0.2592, -0.2626, -0.1873,  0.1441,  0.0292,  0.3151, -0.0195,  0.0628,
        -0.0172, -0.3228, -0.3107,  0.3006,  0.0287,  0.0773, -0.0869, -0.0450,
         0.2171, -0.2874,  0.2259,  0.1241,  0.3206, -0.0557, -0.2082, -0.0818,
         0.0713, -0.2039,  0.1477,  0.2698,  0.0852,  0.2503, -0.1426, -0.0089,
        -0.0651, -0.2218, -0.0087, -0.2745,  0.2172, -0.1855, -0.1314, -0.2094,
         0.2311,  0.2147,  0.3083, -0.2437, -0.1703, -0.1807, -0.0650,  0.1300,
        -0.1364,  0.2674, -0.1216, -0.0017, -0.0397,  0.1055, -0.2948, -0.3027,
        -0.2119,  0.3261, -0.1024, -0.2858,  0.0893, -0.0523,  0.0926, -0.1604],
       device='cuda:0') 
 Parameter containing:
tensor([ 0.2629, -0.2134,  0.0472, -0.0547, -0.3056,  0.1239,  0.1972, -0.1358,
         0.1990,  0.0702,  0.3201, -0.0680,  0.0863,  0.2257, -0.1219,  0.3193,
        -0.3113,  0.1695,  0.3146,  0.1002,  0.2284, -0.1630, -0.2228,  0.1564,
         0.0217,  0.1151, -0.1728, -0.0946, -0.0713,  0.2339,  0.2228, -0.0267,
        -0.0614, -0.0444, -0.3326,  0.2646, -0.1431, -0.2866, -0.1088, -0.0892,
         0.1121, -0.2098,  0.0791,  0.1684,  0.1645, -0.0884, -0.2285, -0.0217,
         0.1328, -0.1657,  0.1531, -0.0929, -0.2328, -0.1202, -0.1505, -0.3065,
         0.0839,  0.2817,  0.1176, -0.1690,  0.1693,  0.0891,  0.2125,  0.0534,
        -0.0888,  0.1484, -0.3274, -0.1875,  0.0576, -0.1183, -0.1668,  0.1884,
         0.1739,  0.2805, -0.2194,  0.2925, -0.1309, -0.1672, -0.1486,  0.2979,
        -0.2800, -0.3092,  0.3298, -0.2547, -0.0184, -0.2342, -0.2464, -0.3171,
         0.1139, -0.2417, -0.2073,  0.1321, -0.0749,  0.1611, -0.0324, -0.0192,
        -0.3078, -0.1895,  0.2477,  0.2737,  0.1420,  0.1821,  0.2665, -0.2923,
         0.0156,  0.2207, -0.2926,  0.2241, -0.1277,  0.1659, -0.1589,  0.3129,
         0.2642,  0.2354, -0.2600, -0.2665, -0.2262, -0.2592, -0.2011,  0.1835,
         0.1945, -0.1582,  0.2271,  0.0709,  0.1205, -0.2146, -0.3318, -0.1398,
        -0.3223,  0.2359, -0.1343, -0.1910,  0.3236, -0.2700, -0.1105,  0.1269,
         0.1546, -0.2993, -0.0114,  0.2661, -0.1410, -0.0554,  0.3199, -0.1936,
        -0.0981, -0.0336,  0.2916,  0.2405,  0.3044, -0.2115, -0.1666,  0.1416,
        -0.0951,  0.1258, -0.2947, -0.1360,  0.1105, -0.2778, -0.3059,  0.1547,
        -0.1830, -0.3137, -0.1264, -0.2584, -0.2018,  0.0208, -0.0443, -0.1090,
        -0.2771, -0.2897,  0.1113, -0.1263,  0.2216, -0.2693, -0.3324, -0.1525,
         0.1741,  0.1652,  0.0646, -0.0545,  0.1963, -0.3253, -0.1975,  0.1820,
        -0.1287,  0.2040, -0.1109, -0.1465,  0.3012,  0.1180,  0.2991, -0.0617,
         0.2592, -0.2626, -0.1873,  0.1441,  0.0292,  0.3151, -0.0195,  0.0628,
        -0.0172, -0.3228, -0.3107,  0.3006,  0.0287,  0.0773, -0.0869, -0.0450,
         0.2171, -0.2874,  0.2259,  0.1241,  0.3206, -0.0557, -0.2082, -0.0818,
         0.0713, -0.2039,  0.1477,  0.2698,  0.0852,  0.2503, -0.1426, -0.0089,
        -0.0651, -0.2218, -0.0087, -0.2745,  0.2172, -0.1855, -0.1314, -0.2094,
         0.2311,  0.2147,  0.3083, -0.2437, -0.1703, -0.1807, -0.0650,  0.1300,
        -0.1364,  0.2674, -0.1216, -0.0017, -0.0397,  0.1055, -0.2948, -0.3027,
        -0.2119,  0.3261, -0.1024, -0.2858,  0.0893, -0.0523,  0.0926, -0.1604],
       device='cuda:0', requires_grad=True)
parameters of the network conv2.weight 
 torch.Size([128, 256, 3, 3]) 
 True 
 tensor([[[[-0.0089, -0.0041,  0.0199],
          [ 0.0195,  0.0123, -0.0122],
          [ 0.0102,  0.0047, -0.0050]],

         [[-0.0170, -0.0191, -0.0128],
          [-0.0012, -0.0115, -0.0198],
          [ 0.0078,  0.0138, -0.0047]],

         [[-0.0019,  0.0160,  0.0009],
          [-0.0021, -0.0044,  0.0124],
          [-0.0142,  0.0147,  0.0090]],

         ...,

         [[-0.0051, -0.0024,  0.0118],
          [-0.0119,  0.0110, -0.0088],
          [-0.0091,  0.0078, -0.0104]],

         [[-0.0107,  0.0160, -0.0183],
          [-0.0136,  0.0109, -0.0113],
          [ 0.0176, -0.0177, -0.0065]],

         [[-0.0200, -0.0194,  0.0136],
          [ 0.0152, -0.0170,  0.0155],
          [-0.0153,  0.0202,  0.0139]]],


        [[[ 0.0154,  0.0145, -0.0093],
          [ 0.0002,  0.0156,  0.0056],
          [-0.0165,  0.0137,  0.0101]],

         [[ 0.0164,  0.0071, -0.0153],
          [-0.0145,  0.0207, -0.0009],
          [-0.0137,  0.0149,  0.0026]],

         [[ 0.0156, -0.0154, -0.0007],
          [-0.0163,  0.0135,  0.0042],
          [-0.0091, -0.0062,  0.0142]],

         ...,

         [[-0.0137,  0.0067, -0.0046],
          [ 0.0155,  0.0042, -0.0058],
          [-0.0016,  0.0179, -0.0161]],

         [[ 0.0032, -0.0002,  0.0077],
          [ 0.0026,  0.0040, -0.0128],
          [-0.0171,  0.0158,  0.0121]],

         [[ 0.0140, -0.0082, -0.0202],
          [-0.0065, -0.0036, -0.0058],
          [-0.0066, -0.0041,  0.0071]]],


        [[[ 0.0040, -0.0059,  0.0063],
          [-0.0133,  0.0169, -0.0133],
          [-0.0056,  0.0184, -0.0022]],

         [[-0.0070,  0.0065, -0.0116],
          [ 0.0004, -0.0042,  0.0027],
          [ 0.0168, -0.0105,  0.0204]],

         [[-0.0130, -0.0093,  0.0095],
          [ 0.0043, -0.0104, -0.0176],
          [ 0.0079, -0.0094,  0.0204]],

         ...,

         [[ 0.0108, -0.0063, -0.0051],
          [-0.0175, -0.0104,  0.0119],
          [ 0.0097, -0.0127,  0.0076]],

         [[-0.0004, -0.0140,  0.0179],
          [-0.0087, -0.0086,  0.0204],
          [ 0.0137,  0.0017, -0.0147]],

         [[-0.0043,  0.0045,  0.0095],
          [ 0.0150, -0.0005, -0.0131],
          [-0.0080, -0.0001,  0.0137]]],


        ...,


        [[[-0.0104,  0.0126, -0.0124],
          [ 0.0129, -0.0045,  0.0020],
          [ 0.0015, -0.0185,  0.0153]],

         [[-0.0119,  0.0183,  0.0118],
          [-0.0152, -0.0090, -0.0077],
          [ 0.0081,  0.0002, -0.0104]],

         [[ 0.0010,  0.0189, -0.0173],
          [-0.0198, -0.0083,  0.0045],
          [-0.0169, -0.0061,  0.0169]],

         ...,

         [[ 0.0024, -0.0096, -0.0022],
          [ 0.0141,  0.0120, -0.0145],
          [ 0.0082,  0.0197, -0.0120]],

         [[ 0.0125,  0.0126,  0.0175],
          [ 0.0137, -0.0033, -0.0086],
          [ 0.0058,  0.0042,  0.0191]],

         [[ 0.0019, -0.0084,  0.0185],
          [ 0.0099, -0.0024,  0.0112],
          [ 0.0132, -0.0024,  0.0179]]],


        [[[-0.0167,  0.0111, -0.0147],
          [-0.0182,  0.0039, -0.0178],
          [ 0.0176, -0.0038, -0.0161]],

         [[ 0.0153,  0.0019,  0.0126],
          [ 0.0162,  0.0006,  0.0208],
          [ 0.0172, -0.0018,  0.0050]],

         [[-0.0181,  0.0195,  0.0059],
          [-0.0165,  0.0009,  0.0006],
          [-0.0096, -0.0165, -0.0144]],

         ...,

         [[ 0.0002,  0.0063, -0.0123],
          [-0.0166, -0.0066,  0.0018],
          [ 0.0060, -0.0067,  0.0098]],

         [[-0.0074,  0.0137, -0.0024],
          [ 0.0201, -0.0155, -0.0151],
          [ 0.0174, -0.0045,  0.0122]],

         [[-0.0010, -0.0083, -0.0042],
          [-0.0016, -0.0014, -0.0042],
          [-0.0065, -0.0052,  0.0069]]],


        [[[-0.0129, -0.0140, -0.0181],
          [ 0.0011,  0.0018, -0.0157],
          [ 0.0041, -0.0167,  0.0148]],

         [[-0.0144, -0.0164,  0.0127],
          [ 0.0174,  0.0127,  0.0076],
          [ 0.0151, -0.0045, -0.0197]],

         [[ 0.0127,  0.0146,  0.0067],
          [ 0.0025,  0.0200, -0.0009],
          [ 0.0085,  0.0096, -0.0166]],

         ...,

         [[ 0.0148,  0.0162,  0.0096],
          [ 0.0099,  0.0195,  0.0076],
          [-0.0074,  0.0057, -0.0185]],

         [[-0.0170,  0.0157,  0.0005],
          [ 0.0171, -0.0184,  0.0196],
          [ 0.0082,  0.0029,  0.0155]],

         [[-0.0026, -0.0076,  0.0058],
          [-0.0007,  0.0039,  0.0120],
          [-0.0188, -0.0181, -0.0160]]]], device='cuda:0') 
 Parameter containing:
tensor([[[[-0.0089, -0.0041,  0.0199],
          [ 0.0195,  0.0123, -0.0122],
          [ 0.0102,  0.0047, -0.0050]],

         [[-0.0170, -0.0191, -0.0128],
          [-0.0012, -0.0115, -0.0198],
          [ 0.0078,  0.0138, -0.0047]],

         [[-0.0019,  0.0160,  0.0009],
          [-0.0021, -0.0044,  0.0124],
          [-0.0142,  0.0147,  0.0090]],

         ...,

         [[-0.0051, -0.0024,  0.0118],
          [-0.0119,  0.0110, -0.0088],
          [-0.0091,  0.0078, -0.0104]],

         [[-0.0107,  0.0160, -0.0183],
          [-0.0136,  0.0109, -0.0113],
          [ 0.0176, -0.0177, -0.0065]],

         [[-0.0200, -0.0194,  0.0136],
          [ 0.0152, -0.0170,  0.0155],
          [-0.0153,  0.0202,  0.0139]]],


        [[[ 0.0154,  0.0145, -0.0093],
          [ 0.0002,  0.0156,  0.0056],
          [-0.0165,  0.0137,  0.0101]],

         [[ 0.0164,  0.0071, -0.0153],
          [-0.0145,  0.0207, -0.0009],
          [-0.0137,  0.0149,  0.0026]],

         [[ 0.0156, -0.0154, -0.0007],
          [-0.0163,  0.0135,  0.0042],
          [-0.0091, -0.0062,  0.0142]],

         ...,

         [[-0.0137,  0.0067, -0.0046],
          [ 0.0155,  0.0042, -0.0058],
          [-0.0016,  0.0179, -0.0161]],

         [[ 0.0032, -0.0002,  0.0077],
          [ 0.0026,  0.0040, -0.0128],
          [-0.0171,  0.0158,  0.0121]],

         [[ 0.0140, -0.0082, -0.0202],
          [-0.0065, -0.0036, -0.0058],
          [-0.0066, -0.0041,  0.0071]]],


        [[[ 0.0040, -0.0059,  0.0063],
          [-0.0133,  0.0169, -0.0133],
          [-0.0056,  0.0184, -0.0022]],

         [[-0.0070,  0.0065, -0.0116],
          [ 0.0004, -0.0042,  0.0027],
          [ 0.0168, -0.0105,  0.0204]],

         [[-0.0130, -0.0093,  0.0095],
          [ 0.0043, -0.0104, -0.0176],
          [ 0.0079, -0.0094,  0.0204]],

         ...,

         [[ 0.0108, -0.0063, -0.0051],
          [-0.0175, -0.0104,  0.0119],
          [ 0.0097, -0.0127,  0.0076]],

         [[-0.0004, -0.0140,  0.0179],
          [-0.0087, -0.0086,  0.0204],
          [ 0.0137,  0.0017, -0.0147]],

         [[-0.0043,  0.0045,  0.0095],
          [ 0.0150, -0.0005, -0.0131],
          [-0.0080, -0.0001,  0.0137]]],


        ...,


        [[[-0.0104,  0.0126, -0.0124],
          [ 0.0129, -0.0045,  0.0020],
          [ 0.0015, -0.0185,  0.0153]],

         [[-0.0119,  0.0183,  0.0118],
          [-0.0152, -0.0090, -0.0077],
          [ 0.0081,  0.0002, -0.0104]],

         [[ 0.0010,  0.0189, -0.0173],
          [-0.0198, -0.0083,  0.0045],
          [-0.0169, -0.0061,  0.0169]],

         ...,

         [[ 0.0024, -0.0096, -0.0022],
          [ 0.0141,  0.0120, -0.0145],
          [ 0.0082,  0.0197, -0.0120]],

         [[ 0.0125,  0.0126,  0.0175],
          [ 0.0137, -0.0033, -0.0086],
          [ 0.0058,  0.0042,  0.0191]],

         [[ 0.0019, -0.0084,  0.0185],
          [ 0.0099, -0.0024,  0.0112],
          [ 0.0132, -0.0024,  0.0179]]],


        [[[-0.0167,  0.0111, -0.0147],
          [-0.0182,  0.0039, -0.0178],
          [ 0.0176, -0.0038, -0.0161]],

         [[ 0.0153,  0.0019,  0.0126],
          [ 0.0162,  0.0006,  0.0208],
          [ 0.0172, -0.0018,  0.0050]],

         [[-0.0181,  0.0195,  0.0059],
          [-0.0165,  0.0009,  0.0006],
          [-0.0096, -0.0165, -0.0144]],

         ...,

         [[ 0.0002,  0.0063, -0.0123],
          [-0.0166, -0.0066,  0.0018],
          [ 0.0060, -0.0067,  0.0098]],

         [[-0.0074,  0.0137, -0.0024],
          [ 0.0201, -0.0155, -0.0151],
          [ 0.0174, -0.0045,  0.0122]],

         [[-0.0010, -0.0083, -0.0042],
          [-0.0016, -0.0014, -0.0042],
          [-0.0065, -0.0052,  0.0069]]],


        [[[-0.0129, -0.0140, -0.0181],
          [ 0.0011,  0.0018, -0.0157],
          [ 0.0041, -0.0167,  0.0148]],

         [[-0.0144, -0.0164,  0.0127],
          [ 0.0174,  0.0127,  0.0076],
          [ 0.0151, -0.0045, -0.0197]],

         [[ 0.0127,  0.0146,  0.0067],
          [ 0.0025,  0.0200, -0.0009],
          [ 0.0085,  0.0096, -0.0166]],

         ...,

         [[ 0.0148,  0.0162,  0.0096],
          [ 0.0099,  0.0195,  0.0076],
          [-0.0074,  0.0057, -0.0185]],

         [[-0.0170,  0.0157,  0.0005],
          [ 0.0171, -0.0184,  0.0196],
          [ 0.0082,  0.0029,  0.0155]],

         [[-0.0026, -0.0076,  0.0058],
          [-0.0007,  0.0039,  0.0120],
          [-0.0188, -0.0181, -0.0160]]]], device='cuda:0', requires_grad=True)
parameters of the network conv2.bias 
 torch.Size([128]) 
 True 
 tensor([ 0.0180, -0.0130,  0.0106,  0.0109, -0.0174, -0.0117,  0.0148, -0.0161,
        -0.0140,  0.0167, -0.0096, -0.0020,  0.0207,  0.0175, -0.0128, -0.0125,
         0.0010,  0.0010, -0.0020,  0.0001,  0.0132, -0.0059, -0.0173, -0.0119,
         0.0170, -0.0013,  0.0205, -0.0198,  0.0129, -0.0031,  0.0151,  0.0189,
        -0.0121, -0.0044, -0.0089,  0.0111, -0.0187,  0.0184,  0.0183, -0.0021,
        -0.0202, -0.0066,  0.0153,  0.0078,  0.0180, -0.0120, -0.0076,  0.0057,
        -0.0149, -0.0064,  0.0068, -0.0065, -0.0001,  0.0077,  0.0150,  0.0186,
         0.0053, -0.0017, -0.0146,  0.0189, -0.0194, -0.0119,  0.0009, -0.0164,
         0.0036, -0.0020,  0.0123,  0.0106, -0.0006,  0.0110,  0.0111, -0.0114,
        -0.0163, -0.0188,  0.0202, -0.0158,  0.0136, -0.0113, -0.0204, -0.0202,
         0.0135,  0.0199,  0.0061,  0.0068, -0.0198,  0.0098,  0.0153,  0.0011,
         0.0165, -0.0096,  0.0098, -0.0152,  0.0130, -0.0157,  0.0009,  0.0011,
        -0.0206, -0.0189, -0.0048,  0.0114, -0.0010, -0.0024, -0.0174, -0.0044,
         0.0077,  0.0094, -0.0022, -0.0015, -0.0042,  0.0172, -0.0088, -0.0167,
         0.0102,  0.0174, -0.0050, -0.0021,  0.0173,  0.0052,  0.0046, -0.0132,
        -0.0101,  0.0003,  0.0106, -0.0075, -0.0200,  0.0033,  0.0203, -0.0137],
       device='cuda:0') 
 Parameter containing:
tensor([ 0.0180, -0.0130,  0.0106,  0.0109, -0.0174, -0.0117,  0.0148, -0.0161,
        -0.0140,  0.0167, -0.0096, -0.0020,  0.0207,  0.0175, -0.0128, -0.0125,
         0.0010,  0.0010, -0.0020,  0.0001,  0.0132, -0.0059, -0.0173, -0.0119,
         0.0170, -0.0013,  0.0205, -0.0198,  0.0129, -0.0031,  0.0151,  0.0189,
        -0.0121, -0.0044, -0.0089,  0.0111, -0.0187,  0.0184,  0.0183, -0.0021,
        -0.0202, -0.0066,  0.0153,  0.0078,  0.0180, -0.0120, -0.0076,  0.0057,
        -0.0149, -0.0064,  0.0068, -0.0065, -0.0001,  0.0077,  0.0150,  0.0186,
         0.0053, -0.0017, -0.0146,  0.0189, -0.0194, -0.0119,  0.0009, -0.0164,
         0.0036, -0.0020,  0.0123,  0.0106, -0.0006,  0.0110,  0.0111, -0.0114,
        -0.0163, -0.0188,  0.0202, -0.0158,  0.0136, -0.0113, -0.0204, -0.0202,
         0.0135,  0.0199,  0.0061,  0.0068, -0.0198,  0.0098,  0.0153,  0.0011,
         0.0165, -0.0096,  0.0098, -0.0152,  0.0130, -0.0157,  0.0009,  0.0011,
        -0.0206, -0.0189, -0.0048,  0.0114, -0.0010, -0.0024, -0.0174, -0.0044,
         0.0077,  0.0094, -0.0022, -0.0015, -0.0042,  0.0172, -0.0088, -0.0167,
         0.0102,  0.0174, -0.0050, -0.0021,  0.0173,  0.0052,  0.0046, -0.0132,
        -0.0101,  0.0003,  0.0106, -0.0075, -0.0200,  0.0033,  0.0203, -0.0137],
       device='cuda:0', requires_grad=True)
parameters of the network conv3.weight 
 torch.Size([64, 128, 3, 3]) 
 True 
 tensor([[[[ 1.1639e-02,  1.4177e-02,  2.9138e-02],
          [ 2.8277e-02, -1.3946e-02, -1.2704e-02],
          [-1.9901e-02, -2.6356e-02, -8.1543e-03]],

         [[ 2.4988e-02,  1.1598e-02,  8.5032e-03],
          [-1.7575e-02,  1.7083e-02, -2.0006e-02],
          [ 2.0176e-02, -1.3865e-02,  9.5025e-03]],

         [[-2.8750e-02, -2.4938e-02, -8.3172e-03],
          [ 1.5148e-02,  6.0028e-03, -5.1490e-03],
          [ 1.3850e-03,  1.6917e-03,  2.6765e-02]],

         ...,

         [[ 6.7515e-03, -1.6648e-02, -2.9282e-02],
          [-1.4036e-02,  2.1721e-02, -2.4409e-02],
          [ 2.2473e-02,  1.1769e-02, -2.4041e-02]],

         [[-2.6666e-03, -3.9703e-03,  1.8106e-02],
          [-8.9489e-03, -5.7242e-03, -1.8624e-02],
          [ 5.8972e-03,  1.4047e-02, -2.5700e-02]],

         [[-2.9402e-02,  2.1816e-02, -2.0776e-02],
          [-1.2203e-02,  1.7883e-02, -1.1891e-02],
          [-2.4318e-02, -1.6507e-02, -1.9384e-02]]],


        [[[ 2.1730e-02,  2.1244e-02, -1.7199e-02],
          [ 8.6444e-03, -1.0737e-02,  7.7505e-03],
          [ 6.9001e-03, -3.4530e-03,  3.9283e-03]],

         [[ 1.4638e-02,  5.7115e-03,  2.2734e-02],
          [-2.0742e-02,  1.5218e-02,  1.9353e-02],
          [ 1.2519e-02,  8.0759e-03, -2.8334e-03]],

         [[ 4.3713e-03,  1.3410e-02, -2.4302e-02],
          [-2.2868e-02, -2.9003e-02, -1.8704e-03],
          [-2.7644e-02,  6.7427e-03,  5.3704e-03]],

         ...,

         [[-1.4465e-02, -3.6429e-03,  5.8122e-03],
          [ 2.0589e-03, -2.0232e-02,  1.1369e-02],
          [-1.2103e-02,  1.9095e-02, -2.7444e-02]],

         [[-9.2010e-03,  2.0848e-02,  2.8073e-02],
          [ 1.3569e-02, -1.0206e-02,  1.2826e-02],
          [-1.1800e-02, -1.6949e-03, -8.3784e-03]],

         [[ 2.2873e-02,  1.3560e-02,  2.8863e-02],
          [-3.3427e-03, -2.8483e-02, -1.5558e-02],
          [ 2.5924e-02, -1.5719e-03, -2.5488e-02]]],


        [[[-9.8681e-03, -1.4626e-02,  1.3610e-02],
          [ 9.2116e-03,  2.8414e-02, -1.3871e-02],
          [ 2.2305e-02,  1.8979e-02,  4.3849e-04]],

         [[ 2.3120e-03, -2.3688e-02, -2.9115e-02],
          [-1.3775e-02,  2.3696e-02, -1.0363e-03],
          [-6.5918e-03,  2.3153e-02,  4.1754e-03]],

         [[-2.7202e-02,  1.7812e-02,  2.4170e-02],
          [ 1.6678e-02, -1.7377e-02,  2.6666e-02],
          [-1.6557e-03, -1.9460e-02, -1.4982e-02]],

         ...,

         [[ 2.5084e-02, -5.2316e-03,  2.0751e-02],
          [ 2.8612e-02,  6.4744e-03, -1.6526e-02],
          [-2.2206e-02,  1.5747e-02, -2.2302e-02]],

         [[-1.0729e-02,  1.3345e-03,  4.1374e-03],
          [ 1.7702e-02, -2.5463e-02,  1.4715e-02],
          [-2.8409e-02,  7.3238e-03,  2.6250e-02]],

         [[-1.3978e-02,  3.1914e-03, -4.8352e-03],
          [ 8.6696e-03,  8.6863e-03, -2.4410e-03],
          [ 1.7797e-02, -2.9140e-02, -1.4398e-02]]],


        ...,


        [[[-1.6823e-02, -1.8273e-02,  8.9364e-03],
          [-2.6209e-02,  5.1622e-04,  5.8137e-03],
          [-5.2371e-03, -8.6269e-04,  7.4076e-03]],

         [[-4.6605e-03, -2.3586e-02,  1.9754e-02],
          [ 2.9040e-02,  2.3170e-02, -2.9002e-02],
          [-1.9426e-02,  1.0043e-02, -2.2211e-02]],

         [[-5.0162e-05, -2.7421e-02, -7.2512e-03],
          [-1.9323e-02,  2.5026e-02,  2.0692e-02],
          [ 5.1506e-03, -1.5623e-02, -2.5391e-02]],

         ...,

         [[ 7.2354e-03, -2.9155e-02,  6.4801e-03],
          [ 2.3526e-02,  2.5137e-02, -5.7746e-03],
          [ 6.2025e-03, -1.0359e-02, -7.1436e-03]],

         [[-8.3357e-03,  1.1681e-02, -2.3914e-02],
          [-1.4594e-02,  1.6559e-02,  1.2290e-03],
          [ 4.7790e-03,  1.8608e-03,  2.2630e-02]],

         [[ 4.7320e-04, -2.5845e-02,  1.6217e-02],
          [-2.5356e-02, -1.9985e-02,  1.6044e-02],
          [ 2.9057e-02,  1.3733e-02, -1.0976e-02]]],


        [[[-2.8718e-03,  1.1114e-02, -1.6870e-03],
          [-4.7137e-03, -4.8979e-03,  1.0234e-02],
          [-2.8621e-02, -1.2346e-02, -2.0216e-02]],

         [[ 1.6606e-02,  2.8884e-02, -2.2201e-02],
          [-1.8310e-02, -2.8261e-02, -3.8363e-03],
          [-2.2548e-02,  1.8033e-02, -1.1869e-02]],

         [[-9.5166e-03, -1.6851e-02, -1.4448e-02],
          [ 1.3475e-02, -1.0098e-02,  5.5660e-03],
          [ 2.6645e-02, -1.2962e-02, -2.5038e-02]],

         ...,

         [[ 2.3286e-02,  2.6944e-02,  1.1988e-02],
          [ 9.5314e-03,  2.2207e-03,  2.6971e-02],
          [-2.9042e-02,  7.1438e-03, -1.6334e-02]],

         [[-1.9124e-02, -2.4342e-02, -2.7385e-02],
          [-2.0085e-02, -2.2183e-02,  2.2551e-02],
          [-4.6822e-03,  2.4136e-02,  4.8509e-03]],

         [[-1.6812e-02,  1.0267e-02,  1.6090e-02],
          [ 2.5151e-02, -7.3294e-03,  2.4668e-02],
          [ 1.8385e-02,  2.6945e-02, -1.2421e-02]]],


        [[[ 2.6953e-02, -5.6301e-04,  2.6066e-02],
          [ 3.4980e-03,  2.5234e-02, -8.8652e-03],
          [-3.3038e-03, -2.7578e-02,  1.9204e-02]],

         [[ 9.5528e-03, -1.3670e-02, -4.6341e-03],
          [ 1.8923e-02,  1.4822e-02,  2.6120e-02],
          [ 1.2404e-02, -1.5415e-02,  1.3762e-02]],

         [[ 2.1815e-02, -2.0002e-02,  2.8927e-02],
          [ 2.2283e-03, -1.5463e-02,  8.7699e-03],
          [ 2.9290e-02,  7.5065e-03, -1.3136e-02]],

         ...,

         [[-1.1236e-02, -1.3494e-03,  1.5151e-02],
          [ 2.0055e-02, -2.6399e-03,  1.1615e-02],
          [-2.2711e-02,  1.2359e-02,  2.1042e-02]],

         [[-1.0598e-02, -2.4793e-03, -2.0253e-02],
          [ 2.8221e-03, -1.1141e-02,  2.6745e-02],
          [ 1.7503e-02,  2.8886e-02, -1.7872e-02]],

         [[-2.2583e-02, -2.5326e-02, -5.4917e-03],
          [-1.8860e-02,  2.5606e-02,  1.2584e-02],
          [ 2.7862e-02, -1.9873e-02,  1.3747e-02]]]], device='cuda:0') 
 Parameter containing:
tensor([[[[ 1.1639e-02,  1.4177e-02,  2.9138e-02],
          [ 2.8277e-02, -1.3946e-02, -1.2704e-02],
          [-1.9901e-02, -2.6356e-02, -8.1543e-03]],

         [[ 2.4988e-02,  1.1598e-02,  8.5032e-03],
          [-1.7575e-02,  1.7083e-02, -2.0006e-02],
          [ 2.0176e-02, -1.3865e-02,  9.5025e-03]],

         [[-2.8750e-02, -2.4938e-02, -8.3172e-03],
          [ 1.5148e-02,  6.0028e-03, -5.1490e-03],
          [ 1.3850e-03,  1.6917e-03,  2.6765e-02]],

         ...,

         [[ 6.7515e-03, -1.6648e-02, -2.9282e-02],
          [-1.4036e-02,  2.1721e-02, -2.4409e-02],
          [ 2.2473e-02,  1.1769e-02, -2.4041e-02]],

         [[-2.6666e-03, -3.9703e-03,  1.8106e-02],
          [-8.9489e-03, -5.7242e-03, -1.8624e-02],
          [ 5.8972e-03,  1.4047e-02, -2.5700e-02]],

         [[-2.9402e-02,  2.1816e-02, -2.0776e-02],
          [-1.2203e-02,  1.7883e-02, -1.1891e-02],
          [-2.4318e-02, -1.6507e-02, -1.9384e-02]]],


        [[[ 2.1730e-02,  2.1244e-02, -1.7199e-02],
          [ 8.6444e-03, -1.0737e-02,  7.7505e-03],
          [ 6.9001e-03, -3.4530e-03,  3.9283e-03]],

         [[ 1.4638e-02,  5.7115e-03,  2.2734e-02],
          [-2.0742e-02,  1.5218e-02,  1.9353e-02],
          [ 1.2519e-02,  8.0759e-03, -2.8334e-03]],

         [[ 4.3713e-03,  1.3410e-02, -2.4302e-02],
          [-2.2868e-02, -2.9003e-02, -1.8704e-03],
          [-2.7644e-02,  6.7427e-03,  5.3704e-03]],

         ...,

         [[-1.4465e-02, -3.6429e-03,  5.8122e-03],
          [ 2.0589e-03, -2.0232e-02,  1.1369e-02],
          [-1.2103e-02,  1.9095e-02, -2.7444e-02]],

         [[-9.2010e-03,  2.0848e-02,  2.8073e-02],
          [ 1.3569e-02, -1.0206e-02,  1.2826e-02],
          [-1.1800e-02, -1.6949e-03, -8.3784e-03]],

         [[ 2.2873e-02,  1.3560e-02,  2.8863e-02],
          [-3.3427e-03, -2.8483e-02, -1.5558e-02],
          [ 2.5924e-02, -1.5719e-03, -2.5488e-02]]],


        [[[-9.8681e-03, -1.4626e-02,  1.3610e-02],
          [ 9.2116e-03,  2.8414e-02, -1.3871e-02],
          [ 2.2305e-02,  1.8979e-02,  4.3849e-04]],

         [[ 2.3120e-03, -2.3688e-02, -2.9115e-02],
          [-1.3775e-02,  2.3696e-02, -1.0363e-03],
          [-6.5918e-03,  2.3153e-02,  4.1754e-03]],

         [[-2.7202e-02,  1.7812e-02,  2.4170e-02],
          [ 1.6678e-02, -1.7377e-02,  2.6666e-02],
          [-1.6557e-03, -1.9460e-02, -1.4982e-02]],

         ...,

         [[ 2.5084e-02, -5.2316e-03,  2.0751e-02],
          [ 2.8612e-02,  6.4744e-03, -1.6526e-02],
          [-2.2206e-02,  1.5747e-02, -2.2302e-02]],

         [[-1.0729e-02,  1.3345e-03,  4.1374e-03],
          [ 1.7702e-02, -2.5463e-02,  1.4715e-02],
          [-2.8409e-02,  7.3238e-03,  2.6250e-02]],

         [[-1.3978e-02,  3.1914e-03, -4.8352e-03],
          [ 8.6696e-03,  8.6863e-03, -2.4410e-03],
          [ 1.7797e-02, -2.9140e-02, -1.4398e-02]]],


        ...,


        [[[-1.6823e-02, -1.8273e-02,  8.9364e-03],
          [-2.6209e-02,  5.1622e-04,  5.8137e-03],
          [-5.2371e-03, -8.6269e-04,  7.4076e-03]],

         [[-4.6605e-03, -2.3586e-02,  1.9754e-02],
          [ 2.9040e-02,  2.3170e-02, -2.9002e-02],
          [-1.9426e-02,  1.0043e-02, -2.2211e-02]],

         [[-5.0162e-05, -2.7421e-02, -7.2512e-03],
          [-1.9323e-02,  2.5026e-02,  2.0692e-02],
          [ 5.1506e-03, -1.5623e-02, -2.5391e-02]],

         ...,

         [[ 7.2354e-03, -2.9155e-02,  6.4801e-03],
          [ 2.3526e-02,  2.5137e-02, -5.7746e-03],
          [ 6.2025e-03, -1.0359e-02, -7.1436e-03]],

         [[-8.3357e-03,  1.1681e-02, -2.3914e-02],
          [-1.4594e-02,  1.6559e-02,  1.2290e-03],
          [ 4.7790e-03,  1.8608e-03,  2.2630e-02]],

         [[ 4.7320e-04, -2.5845e-02,  1.6217e-02],
          [-2.5356e-02, -1.9985e-02,  1.6044e-02],
          [ 2.9057e-02,  1.3733e-02, -1.0976e-02]]],


        [[[-2.8718e-03,  1.1114e-02, -1.6870e-03],
          [-4.7137e-03, -4.8979e-03,  1.0234e-02],
          [-2.8621e-02, -1.2346e-02, -2.0216e-02]],

         [[ 1.6606e-02,  2.8884e-02, -2.2201e-02],
          [-1.8310e-02, -2.8261e-02, -3.8363e-03],
          [-2.2548e-02,  1.8033e-02, -1.1869e-02]],

         [[-9.5166e-03, -1.6851e-02, -1.4448e-02],
          [ 1.3475e-02, -1.0098e-02,  5.5660e-03],
          [ 2.6645e-02, -1.2962e-02, -2.5038e-02]],

         ...,

         [[ 2.3286e-02,  2.6944e-02,  1.1988e-02],
          [ 9.5314e-03,  2.2207e-03,  2.6971e-02],
          [-2.9042e-02,  7.1438e-03, -1.6334e-02]],

         [[-1.9124e-02, -2.4342e-02, -2.7385e-02],
          [-2.0085e-02, -2.2183e-02,  2.2551e-02],
          [-4.6822e-03,  2.4136e-02,  4.8509e-03]],

         [[-1.6812e-02,  1.0267e-02,  1.6090e-02],
          [ 2.5151e-02, -7.3294e-03,  2.4668e-02],
          [ 1.8385e-02,  2.6945e-02, -1.2421e-02]]],


        [[[ 2.6953e-02, -5.6301e-04,  2.6066e-02],
          [ 3.4980e-03,  2.5234e-02, -8.8652e-03],
          [-3.3038e-03, -2.7578e-02,  1.9204e-02]],

         [[ 9.5528e-03, -1.3670e-02, -4.6341e-03],
          [ 1.8923e-02,  1.4822e-02,  2.6120e-02],
          [ 1.2404e-02, -1.5415e-02,  1.3762e-02]],

         [[ 2.1815e-02, -2.0002e-02,  2.8927e-02],
          [ 2.2283e-03, -1.5463e-02,  8.7699e-03],
          [ 2.9290e-02,  7.5065e-03, -1.3136e-02]],

         ...,

         [[-1.1236e-02, -1.3494e-03,  1.5151e-02],
          [ 2.0055e-02, -2.6399e-03,  1.1615e-02],
          [-2.2711e-02,  1.2359e-02,  2.1042e-02]],

         [[-1.0598e-02, -2.4793e-03, -2.0253e-02],
          [ 2.8221e-03, -1.1141e-02,  2.6745e-02],
          [ 1.7503e-02,  2.8886e-02, -1.7872e-02]],

         [[-2.2583e-02, -2.5326e-02, -5.4917e-03],
          [-1.8860e-02,  2.5606e-02,  1.2584e-02],
          [ 2.7862e-02, -1.9873e-02,  1.3747e-02]]]], device='cuda:0',
       requires_grad=True)
parameters of the network conv3.bias 
 torch.Size([64]) 
 True 
 tensor([ 0.0167,  0.0188,  0.0072, -0.0004, -0.0154, -0.0237,  0.0148, -0.0105,
         0.0115, -0.0205, -0.0030,  0.0022, -0.0233,  0.0129, -0.0182, -0.0072,
        -0.0129,  0.0029,  0.0139, -0.0075,  0.0233, -0.0170, -0.0091,  0.0206,
        -0.0213, -0.0159,  0.0275,  0.0154, -0.0032, -0.0237,  0.0145,  0.0102,
        -0.0236,  0.0009, -0.0123, -0.0137, -0.0204, -0.0140, -0.0012, -0.0124,
         0.0205,  0.0279, -0.0046,  0.0021, -0.0277, -0.0189,  0.0055,  0.0067,
         0.0024, -0.0206,  0.0157,  0.0220,  0.0172, -0.0239, -0.0147,  0.0275,
        -0.0209,  0.0111,  0.0178, -0.0261, -0.0109,  0.0240, -0.0054, -0.0174],
       device='cuda:0') 
 Parameter containing:
tensor([ 0.0167,  0.0188,  0.0072, -0.0004, -0.0154, -0.0237,  0.0148, -0.0105,
         0.0115, -0.0205, -0.0030,  0.0022, -0.0233,  0.0129, -0.0182, -0.0072,
        -0.0129,  0.0029,  0.0139, -0.0075,  0.0233, -0.0170, -0.0091,  0.0206,
        -0.0213, -0.0159,  0.0275,  0.0154, -0.0032, -0.0237,  0.0145,  0.0102,
        -0.0236,  0.0009, -0.0123, -0.0137, -0.0204, -0.0140, -0.0012, -0.0124,
         0.0205,  0.0279, -0.0046,  0.0021, -0.0277, -0.0189,  0.0055,  0.0067,
         0.0024, -0.0206,  0.0157,  0.0220,  0.0172, -0.0239, -0.0147,  0.0275,
        -0.0209,  0.0111,  0.0178, -0.0261, -0.0109,  0.0240, -0.0054, -0.0174],
       device='cuda:0', requires_grad=True)
parameters of the network fc1.weight 
 torch.Size([256, 667776]) 
 True 
 tensor([[-4.7619e-05,  1.0677e-04,  7.1046e-04,  ...,  4.0748e-04,
         -8.7685e-04,  6.8817e-04],
        [-1.1279e-03,  4.0828e-04,  1.1820e-03,  ...,  8.1070e-04,
         -3.4546e-04,  7.7150e-04],
        [-4.5718e-04, -1.3069e-04,  8.2477e-04,  ...,  1.0691e-03,
          5.6809e-04,  7.3749e-04],
        ...,
        [ 4.8122e-04, -5.6845e-04, -1.0747e-03,  ...,  8.9562e-04,
          9.1230e-04, -4.1226e-04],
        [ 8.7609e-04, -4.5018e-04,  1.0878e-03,  ..., -4.7156e-04,
         -3.1506e-04, -1.1853e-03],
        [ 1.0407e-03, -6.5433e-04, -9.4207e-04,  ...,  4.4037e-04,
         -5.4640e-04, -1.0342e-03]], device='cuda:0') 
 Parameter containing:
tensor([[-4.7619e-05,  1.0677e-04,  7.1046e-04,  ...,  4.0748e-04,
         -8.7685e-04,  6.8817e-04],
        [-1.1279e-03,  4.0828e-04,  1.1820e-03,  ...,  8.1070e-04,
         -3.4546e-04,  7.7150e-04],
        [-4.5718e-04, -1.3069e-04,  8.2477e-04,  ...,  1.0691e-03,
          5.6809e-04,  7.3749e-04],
        ...,
        [ 4.8122e-04, -5.6845e-04, -1.0747e-03,  ...,  8.9562e-04,
          9.1230e-04, -4.1226e-04],
        [ 8.7609e-04, -4.5018e-04,  1.0878e-03,  ..., -4.7156e-04,
         -3.1506e-04, -1.1853e-03],
        [ 1.0407e-03, -6.5433e-04, -9.4207e-04,  ...,  4.4037e-04,
         -5.4640e-04, -1.0342e-03]], device='cuda:0', requires_grad=True)
parameters of the network fc1.bias 
 torch.Size([256]) 
 True 
 tensor([ 2.3963e-04,  8.3692e-04,  3.9198e-04,  8.4253e-04, -7.1293e-04,
         1.9889e-04,  5.0650e-04, -4.6495e-04, -1.4820e-05,  1.2226e-03,
        -4.1067e-05, -1.8912e-05,  3.8843e-04, -4.8739e-04,  8.2502e-05,
         1.0534e-03, -2.8126e-04,  1.0415e-03, -5.6373e-05, -2.7664e-04,
        -3.7200e-04, -1.1235e-03, -2.7369e-04,  7.7762e-04, -4.9439e-04,
        -8.8222e-04, -5.5106e-04,  5.9317e-04, -1.1509e-03,  1.0085e-03,
        -3.0118e-04, -6.6018e-04,  1.6859e-04, -1.6206e-04,  5.2703e-04,
        -8.6451e-04,  8.9587e-04,  9.3352e-05, -8.9015e-04, -4.8621e-04,
         2.7954e-04,  3.3529e-04,  9.3503e-05, -9.5455e-04,  1.1733e-03,
        -9.9953e-04,  1.7543e-04, -4.0683e-04, -8.2223e-04, -5.7513e-04,
         8.9559e-04, -7.3259e-04,  8.5954e-04,  1.1050e-03, -1.7204e-04,
         7.8104e-07, -9.1884e-05,  6.1380e-04, -2.9070e-04, -6.7019e-04,
        -4.9380e-05, -3.4149e-04,  1.1685e-03,  5.9248e-04,  9.9673e-05,
        -5.9769e-04, -1.0468e-03,  8.1617e-04,  1.1656e-03, -3.2809e-04,
         6.6962e-04, -8.2927e-04, -5.7973e-04,  7.4268e-04, -5.9799e-04,
        -1.9514e-04,  6.9770e-04, -1.1606e-03, -8.7998e-05,  9.3742e-04,
        -4.2954e-04,  8.7050e-04,  1.0447e-03, -5.5999e-04, -4.6903e-04,
         2.5576e-04, -7.6732e-04,  4.8779e-05,  8.2902e-06, -2.6879e-04,
        -9.0517e-04,  4.5423e-04, -4.8475e-04, -6.9848e-04,  6.7040e-04,
         5.8257e-04, -2.8162e-04, -2.6337e-04, -6.0285e-04,  1.0404e-04,
         9.1865e-04,  9.2755e-04, -8.8987e-04,  9.8128e-05, -1.0704e-03,
        -6.2482e-04, -1.1632e-04,  1.7509e-04, -6.0074e-04, -2.0082e-04,
        -4.8358e-04, -7.0928e-04,  1.0582e-03, -6.0755e-04,  5.0103e-04,
        -4.5657e-04,  9.2982e-06, -9.7728e-04, -2.0287e-04, -1.2126e-03,
         5.2432e-04,  4.9440e-04, -1.5248e-04,  1.7512e-04, -6.8176e-04,
         5.0320e-04,  2.3465e-05, -9.6094e-04, -1.0572e-03, -1.1118e-03,
         1.0671e-03, -6.4828e-04,  5.9945e-04, -7.2739e-04, -1.6183e-04,
         8.9093e-04, -9.9766e-04, -6.6680e-04, -5.2800e-04,  1.1286e-03,
         4.6088e-04,  1.0311e-03,  7.3227e-04, -8.9839e-04,  8.2646e-04,
         1.0270e-04,  3.5026e-04,  1.0435e-03,  6.4419e-04,  7.5088e-04,
         2.5239e-04, -8.5670e-04, -9.5909e-04, -7.2762e-05, -5.3440e-04,
        -7.0364e-05,  8.2601e-04, -7.1673e-04, -1.6643e-04, -2.0313e-04,
        -6.6876e-04,  1.0300e-04, -2.3009e-04,  7.2540e-04,  2.0739e-04,
         8.6699e-04, -6.7951e-04,  1.3738e-04,  6.3782e-04, -1.1614e-03,
        -4.1541e-05, -9.5420e-05,  8.6838e-04, -5.2193e-04,  6.3297e-04,
         3.7983e-04,  1.8002e-04,  1.2078e-03, -1.0938e-03, -1.8764e-04,
        -1.1411e-03,  1.1137e-04,  8.7360e-04,  9.3135e-05, -9.1968e-04,
        -1.1457e-03,  3.2641e-04,  1.0126e-03, -1.0135e-03,  4.0410e-04,
         1.3040e-04, -8.7914e-04, -7.0759e-05, -6.8220e-04, -9.7043e-04,
         9.9358e-04, -1.1888e-03, -1.1119e-03, -1.0322e-03,  8.7219e-04,
         1.8459e-04, -1.1584e-03,  1.0034e-03, -1.6203e-04, -1.0469e-03,
         7.7516e-04, -1.0953e-04,  5.7073e-04, -9.8963e-04, -7.2378e-04,
        -6.7453e-04, -9.8302e-04,  9.7491e-05, -1.0782e-03, -1.3894e-04,
        -3.1767e-04,  5.3214e-04, -9.8301e-04, -2.9963e-04, -2.8885e-04,
         6.3682e-04,  8.4654e-04,  2.8969e-04,  8.9060e-04, -1.0698e-03,
         6.2206e-04, -4.2429e-04,  4.6005e-05,  5.0441e-04,  7.4984e-04,
        -8.9658e-04, -4.3732e-04,  6.4103e-04, -6.6233e-04,  5.6457e-05,
        -9.4659e-04, -2.0175e-04,  1.1997e-03,  3.7994e-04, -9.0244e-04,
         1.1514e-03,  6.4556e-05, -1.0232e-03, -8.7671e-04, -1.0782e-03,
        -1.5002e-04,  6.2758e-04,  1.0636e-03, -5.0437e-04,  1.1480e-03,
        -3.2084e-04,  8.4807e-04,  8.6748e-04,  1.3651e-04, -6.4012e-04,
        -1.0470e-03], device='cuda:0') 
 Parameter containing:
tensor([ 2.3963e-04,  8.3692e-04,  3.9198e-04,  8.4253e-04, -7.1293e-04,
         1.9889e-04,  5.0650e-04, -4.6495e-04, -1.4820e-05,  1.2226e-03,
        -4.1067e-05, -1.8912e-05,  3.8843e-04, -4.8739e-04,  8.2502e-05,
         1.0534e-03, -2.8126e-04,  1.0415e-03, -5.6373e-05, -2.7664e-04,
        -3.7200e-04, -1.1235e-03, -2.7369e-04,  7.7762e-04, -4.9439e-04,
        -8.8222e-04, -5.5106e-04,  5.9317e-04, -1.1509e-03,  1.0085e-03,
        -3.0118e-04, -6.6018e-04,  1.6859e-04, -1.6206e-04,  5.2703e-04,
        -8.6451e-04,  8.9587e-04,  9.3352e-05, -8.9015e-04, -4.8621e-04,
         2.7954e-04,  3.3529e-04,  9.3503e-05, -9.5455e-04,  1.1733e-03,
        -9.9953e-04,  1.7543e-04, -4.0683e-04, -8.2223e-04, -5.7513e-04,
         8.9559e-04, -7.3259e-04,  8.5954e-04,  1.1050e-03, -1.7204e-04,
         7.8104e-07, -9.1884e-05,  6.1380e-04, -2.9070e-04, -6.7019e-04,
        -4.9380e-05, -3.4149e-04,  1.1685e-03,  5.9248e-04,  9.9673e-05,
        -5.9769e-04, -1.0468e-03,  8.1617e-04,  1.1656e-03, -3.2809e-04,
         6.6962e-04, -8.2927e-04, -5.7973e-04,  7.4268e-04, -5.9799e-04,
        -1.9514e-04,  6.9770e-04, -1.1606e-03, -8.7998e-05,  9.3742e-04,
        -4.2954e-04,  8.7050e-04,  1.0447e-03, -5.5999e-04, -4.6903e-04,
         2.5576e-04, -7.6732e-04,  4.8779e-05,  8.2902e-06, -2.6879e-04,
        -9.0517e-04,  4.5423e-04, -4.8475e-04, -6.9848e-04,  6.7040e-04,
         5.8257e-04, -2.8162e-04, -2.6337e-04, -6.0285e-04,  1.0404e-04,
         9.1865e-04,  9.2755e-04, -8.8987e-04,  9.8128e-05, -1.0704e-03,
        -6.2482e-04, -1.1632e-04,  1.7509e-04, -6.0074e-04, -2.0082e-04,
        -4.8358e-04, -7.0928e-04,  1.0582e-03, -6.0755e-04,  5.0103e-04,
        -4.5657e-04,  9.2982e-06, -9.7728e-04, -2.0287e-04, -1.2126e-03,
         5.2432e-04,  4.9440e-04, -1.5248e-04,  1.7512e-04, -6.8176e-04,
         5.0320e-04,  2.3465e-05, -9.6094e-04, -1.0572e-03, -1.1118e-03,
         1.0671e-03, -6.4828e-04,  5.9945e-04, -7.2739e-04, -1.6183e-04,
         8.9093e-04, -9.9766e-04, -6.6680e-04, -5.2800e-04,  1.1286e-03,
         4.6088e-04,  1.0311e-03,  7.3227e-04, -8.9839e-04,  8.2646e-04,
         1.0270e-04,  3.5026e-04,  1.0435e-03,  6.4419e-04,  7.5088e-04,
         2.5239e-04, -8.5670e-04, -9.5909e-04, -7.2762e-05, -5.3440e-04,
        -7.0364e-05,  8.2601e-04, -7.1673e-04, -1.6643e-04, -2.0313e-04,
        -6.6876e-04,  1.0300e-04, -2.3009e-04,  7.2540e-04,  2.0739e-04,
         8.6699e-04, -6.7951e-04,  1.3738e-04,  6.3782e-04, -1.1614e-03,
        -4.1541e-05, -9.5420e-05,  8.6838e-04, -5.2193e-04,  6.3297e-04,
         3.7983e-04,  1.8002e-04,  1.2078e-03, -1.0938e-03, -1.8764e-04,
        -1.1411e-03,  1.1137e-04,  8.7360e-04,  9.3135e-05, -9.1968e-04,
        -1.1457e-03,  3.2641e-04,  1.0126e-03, -1.0135e-03,  4.0410e-04,
         1.3040e-04, -8.7914e-04, -7.0759e-05, -6.8220e-04, -9.7043e-04,
         9.9358e-04, -1.1888e-03, -1.1119e-03, -1.0322e-03,  8.7219e-04,
         1.8459e-04, -1.1584e-03,  1.0034e-03, -1.6203e-04, -1.0469e-03,
         7.7516e-04, -1.0953e-04,  5.7073e-04, -9.8963e-04, -7.2378e-04,
        -6.7453e-04, -9.8302e-04,  9.7491e-05, -1.0782e-03, -1.3894e-04,
        -3.1767e-04,  5.3214e-04, -9.8301e-04, -2.9963e-04, -2.8885e-04,
         6.3682e-04,  8.4654e-04,  2.8969e-04,  8.9060e-04, -1.0698e-03,
         6.2206e-04, -4.2429e-04,  4.6005e-05,  5.0441e-04,  7.4984e-04,
        -8.9658e-04, -4.3732e-04,  6.4103e-04, -6.6233e-04,  5.6457e-05,
        -9.4659e-04, -2.0175e-04,  1.1997e-03,  3.7994e-04, -9.0244e-04,
         1.1514e-03,  6.4556e-05, -1.0232e-03, -8.7671e-04, -1.0782e-03,
        -1.5002e-04,  6.2758e-04,  1.0636e-03, -5.0437e-04,  1.1480e-03,
        -3.2084e-04,  8.4807e-04,  8.6748e-04,  1.3651e-04, -6.4012e-04,
        -1.0470e-03], device='cuda:0', requires_grad=True)
parameters of the network fc2.weight 
 torch.Size([128, 256]) 
 True 
 tensor([[ 0.0274, -0.0134,  0.0288,  ..., -0.0090, -0.0435, -0.0280],
        [ 0.0472,  0.0589, -0.0099,  ...,  0.0489, -0.0529,  0.0481],
        [-0.0080, -0.0297,  0.0452,  ..., -0.0545,  0.0443, -0.0329],
        ...,
        [-0.0078, -0.0382,  0.0068,  ...,  0.0271,  0.0470, -0.0073],
        [-0.0064,  0.0120,  0.0319,  ..., -0.0301,  0.0086, -0.0105],
        [ 0.0488, -0.0421,  0.0265,  ...,  0.0411, -0.0330,  0.0608]],
       device='cuda:0') 
 Parameter containing:
tensor([[ 0.0274, -0.0134,  0.0288,  ..., -0.0090, -0.0435, -0.0280],
        [ 0.0472,  0.0589, -0.0099,  ...,  0.0489, -0.0529,  0.0481],
        [-0.0080, -0.0297,  0.0452,  ..., -0.0545,  0.0443, -0.0329],
        ...,
        [-0.0078, -0.0382,  0.0068,  ...,  0.0271,  0.0470, -0.0073],
        [-0.0064,  0.0120,  0.0319,  ..., -0.0301,  0.0086, -0.0105],
        [ 0.0488, -0.0421,  0.0265,  ...,  0.0411, -0.0330,  0.0608]],
       device='cuda:0', requires_grad=True)
parameters of the network fc2.bias 
 torch.Size([128]) 
 True 
 tensor([ 0.0511,  0.0254,  0.0210, -0.0494,  0.0103,  0.0211,  0.0166, -0.0096,
         0.0479, -0.0197, -0.0125,  0.0512,  0.0400, -0.0459,  0.0575, -0.0477,
         0.0581, -0.0208, -0.0403,  0.0209, -0.0559,  0.0073, -0.0190, -0.0515,
         0.0047, -0.0462,  0.0182, -0.0505, -0.0195,  0.0066,  0.0306,  0.0297,
         0.0074,  0.0413,  0.0030,  0.0334,  0.0611, -0.0451, -0.0534,  0.0091,
         0.0496,  0.0159,  0.0448, -0.0531, -0.0037,  0.0238,  0.0097, -0.0235,
        -0.0120, -0.0386, -0.0039,  0.0579,  0.0146, -0.0550, -0.0299, -0.0355,
        -0.0346, -0.0363,  0.0069, -0.0150,  0.0367,  0.0570,  0.0618,  0.0398,
        -0.0024, -0.0126, -0.0068, -0.0211,  0.0083, -0.0155,  0.0485,  0.0182,
        -0.0229, -0.0164, -0.0625, -0.0037, -0.0225,  0.0473, -0.0393,  0.0127,
        -0.0176,  0.0173,  0.0486, -0.0407, -0.0288,  0.0086,  0.0241, -0.0391,
         0.0159,  0.0363, -0.0375, -0.0384,  0.0473,  0.0343,  0.0156, -0.0276,
         0.0366,  0.0316, -0.0003, -0.0398,  0.0352, -0.0189,  0.0561,  0.0551,
         0.0231, -0.0550, -0.0086, -0.0167, -0.0250,  0.0066, -0.0343, -0.0416,
         0.0117,  0.0324,  0.0446, -0.0530,  0.0400,  0.0271,  0.0057, -0.0363,
         0.0168,  0.0029, -0.0024, -0.0199,  0.0358,  0.0555,  0.0417,  0.0493],
       device='cuda:0') 
 Parameter containing:
tensor([ 0.0511,  0.0254,  0.0210, -0.0494,  0.0103,  0.0211,  0.0166, -0.0096,
         0.0479, -0.0197, -0.0125,  0.0512,  0.0400, -0.0459,  0.0575, -0.0477,
         0.0581, -0.0208, -0.0403,  0.0209, -0.0559,  0.0073, -0.0190, -0.0515,
         0.0047, -0.0462,  0.0182, -0.0505, -0.0195,  0.0066,  0.0306,  0.0297,
         0.0074,  0.0413,  0.0030,  0.0334,  0.0611, -0.0451, -0.0534,  0.0091,
         0.0496,  0.0159,  0.0448, -0.0531, -0.0037,  0.0238,  0.0097, -0.0235,
        -0.0120, -0.0386, -0.0039,  0.0579,  0.0146, -0.0550, -0.0299, -0.0355,
        -0.0346, -0.0363,  0.0069, -0.0150,  0.0367,  0.0570,  0.0618,  0.0398,
        -0.0024, -0.0126, -0.0068, -0.0211,  0.0083, -0.0155,  0.0485,  0.0182,
        -0.0229, -0.0164, -0.0625, -0.0037, -0.0225,  0.0473, -0.0393,  0.0127,
        -0.0176,  0.0173,  0.0486, -0.0407, -0.0288,  0.0086,  0.0241, -0.0391,
         0.0159,  0.0363, -0.0375, -0.0384,  0.0473,  0.0343,  0.0156, -0.0276,
         0.0366,  0.0316, -0.0003, -0.0398,  0.0352, -0.0189,  0.0561,  0.0551,
         0.0231, -0.0550, -0.0086, -0.0167, -0.0250,  0.0066, -0.0343, -0.0416,
         0.0117,  0.0324,  0.0446, -0.0530,  0.0400,  0.0271,  0.0057, -0.0363,
         0.0168,  0.0029, -0.0024, -0.0199,  0.0358,  0.0555,  0.0417,  0.0493],
       device='cuda:0', requires_grad=True)
parameters of the network fc3.weight 
 torch.Size([64, 128]) 
 True 
 tensor([[-0.0474, -0.0521, -0.0745,  ..., -0.0343,  0.0506,  0.0854],
        [ 0.0262,  0.0167, -0.0378,  ..., -0.0276,  0.0454, -0.0284],
        [ 0.0645, -0.0069,  0.0480,  ..., -0.0636, -0.0388, -0.0736],
        ...,
        [-0.0417, -0.0132, -0.0712,  ..., -0.0233, -0.0172, -0.0581],
        [-0.0748, -0.0230, -0.0299,  ..., -0.0143,  0.0538, -0.0745],
        [-0.0499,  0.0159,  0.0754,  ...,  0.0096,  0.0501, -0.0257]],
       device='cuda:0') 
 Parameter containing:
tensor([[-0.0474, -0.0521, -0.0745,  ..., -0.0343,  0.0506,  0.0854],
        [ 0.0262,  0.0167, -0.0378,  ..., -0.0276,  0.0454, -0.0284],
        [ 0.0645, -0.0069,  0.0480,  ..., -0.0636, -0.0388, -0.0736],
        ...,
        [-0.0417, -0.0132, -0.0712,  ..., -0.0233, -0.0172, -0.0581],
        [-0.0748, -0.0230, -0.0299,  ..., -0.0143,  0.0538, -0.0745],
        [-0.0499,  0.0159,  0.0754,  ...,  0.0096,  0.0501, -0.0257]],
       device='cuda:0', requires_grad=True)
parameters of the network fc3.bias 
 torch.Size([64]) 
 True 
 tensor([-0.0098, -0.0747, -0.0066,  0.0198, -0.0211, -0.0253, -0.0356,  0.0821,
         0.0535, -0.0117, -0.0014,  0.0232, -0.0727,  0.0677, -0.0085,  0.0843,
         0.0668, -0.0670,  0.0748, -0.0553,  0.0861, -0.0461, -0.0806, -0.0688,
         0.0073, -0.0150,  0.0246,  0.0199,  0.0228, -0.0355, -0.0825, -0.0011,
         0.0441, -0.0668, -0.0694,  0.0447,  0.0458, -0.0612, -0.0779, -0.0800,
         0.0671,  0.0036, -0.0171, -0.0715, -0.0449, -0.0572,  0.0568,  0.0131,
         0.0269, -0.0318, -0.0009,  0.0837, -0.0654,  0.0373, -0.0620, -0.0432,
        -0.0352, -0.0032,  0.0867, -0.0090, -0.0175, -0.0760, -0.0187, -0.0337],
       device='cuda:0') 
 Parameter containing:
tensor([-0.0098, -0.0747, -0.0066,  0.0198, -0.0211, -0.0253, -0.0356,  0.0821,
         0.0535, -0.0117, -0.0014,  0.0232, -0.0727,  0.0677, -0.0085,  0.0843,
         0.0668, -0.0670,  0.0748, -0.0553,  0.0861, -0.0461, -0.0806, -0.0688,
         0.0073, -0.0150,  0.0246,  0.0199,  0.0228, -0.0355, -0.0825, -0.0011,
         0.0441, -0.0668, -0.0694,  0.0447,  0.0458, -0.0612, -0.0779, -0.0800,
         0.0671,  0.0036, -0.0171, -0.0715, -0.0449, -0.0572,  0.0568,  0.0131,
         0.0269, -0.0318, -0.0009,  0.0837, -0.0654,  0.0373, -0.0620, -0.0432,
        -0.0352, -0.0032,  0.0867, -0.0090, -0.0175, -0.0760, -0.0187, -0.0337],
       device='cuda:0', requires_grad=True)
parameters of the network fc4.weight 
 torch.Size([6796, 64]) 
 True 
 tensor([[-0.0066,  0.1051, -0.0159,  ..., -0.0184, -0.0164,  0.1171],
        [ 0.0422, -0.0355, -0.1193,  ..., -0.0412,  0.1235,  0.0658],
        [ 0.0168, -0.0159, -0.1201,  ..., -0.0309, -0.0267, -0.0569],
        ...,
        [-0.0760,  0.0321,  0.0080,  ..., -0.1145,  0.1057, -0.0085],
        [ 0.0073,  0.0363,  0.1013,  ...,  0.0085, -0.1059,  0.0503],
        [ 0.0735, -0.0694, -0.0278,  ..., -0.0796, -0.0215, -0.0798]],
       device='cuda:0') 
 Parameter containing:
tensor([[-0.0066,  0.1051, -0.0159,  ..., -0.0184, -0.0164,  0.1171],
        [ 0.0422, -0.0355, -0.1193,  ..., -0.0412,  0.1235,  0.0658],
        [ 0.0168, -0.0159, -0.1201,  ..., -0.0309, -0.0267, -0.0569],
        ...,
        [-0.0760,  0.0321,  0.0080,  ..., -0.1145,  0.1057, -0.0085],
        [ 0.0073,  0.0363,  0.1013,  ...,  0.0085, -0.1059,  0.0503],
        [ 0.0735, -0.0694, -0.0278,  ..., -0.0796, -0.0215, -0.0798]],
       device='cuda:0', requires_grad=True)
parameters of the network fc4.bias 
 torch.Size([6796]) 
 True 
 tensor([0.0328, 0.0084, 0.0173,  ..., 0.1041, 0.0890, 0.0436], device='cuda:0') 
 Parameter containing:
tensor([0.0328, 0.0084, 0.0173,  ..., 0.1041, 0.0890, 0.0436], device='cuda:0',
       requires_grad=True)

Passing event 1007 from the network before training input tensor([[0., 0., 0.,  ..., 0., 0., 0.],
        [0., 0., 0.,  ..., 0., 0., 0.],
        [0., 0., 0.,  ..., 0., 0., 0.],
        ...,
        [0., 0., 0.,  ..., 0., 0., 0.],
        [0., 0., 0.,  ..., 0., 0., 0.],
        [0., 0., 0.,  ..., 0., 0., 0.]]) 
result1: tensor([[0.5038, 0.5069, 0.4978,  ..., 0.5319, 0.5111, 0.5224],
        [0.5037, 0.5069, 0.4978,  ..., 0.5319, 0.5110, 0.5223],
        [0.5038, 0.5069, 0.4978,  ..., 0.5319, 0.5111, 0.5224],
        ...,
        [0.5037, 0.5069, 0.4978,  ..., 0.5319, 0.5110, 0.5223],
        [0.5038, 0.5069, 0.4978,  ..., 0.5319, 0.5110, 0.5223],
        [0.5037, 0.5069, 0.4978,  ..., 0.5319, 0.5110, 0.5224]],
       device='cuda:0', grad_fn=<SigmoidBackward0>) 
result1.shape: torch.Size([20, 6796])

Passing two random events from the network before training 
result1: tensor([[0.5038, 0.5069, 0.4978,  ..., 0.5319, 0.5111, 0.5224],
        [0.5037, 0.5069, 0.4978,  ..., 0.5319, 0.5110, 0.5223],
        [0.5038, 0.5069, 0.4978,  ..., 0.5319, 0.5111, 0.5224],
        ...,
        [0.5037, 0.5069, 0.4978,  ..., 0.5319, 0.5110, 0.5223],
        [0.5038, 0.5069, 0.4978,  ..., 0.5319, 0.5110, 0.5223],
        [0.5037, 0.5069, 0.4978,  ..., 0.5319, 0.5110, 0.5224]],
       device='cuda:0', grad_fn=<SigmoidBackward0>) 
result1.shape: torch.Size([20, 6796]) 
input: [[0. 0. 0. ... 0. 0. 0.]
 [0. 0. 0. ... 0. 0. 0.]
 [0. 0. 0. ... 0. 0. 0.]
 ...
 [0. 0. 0. ... 0. 0. 0.]
 [0. 0. 0. ... 0. 0. 0.]
 [0. 0. 0. ... 0. 0. 0.]]
=> loading checkpoint from /hpcfs/bes/mlgpu/hoseinkk/MLTracking/otherparticles/pppipi/pyt_pppipi_cnn_1/checkpoint_dir/1999840284saved_checkpoint.tar



load_model True 
TraEvN 19998 
BatchSize 30.0 
EpochNum 40 
LrVal 0.0001 
weight_decay 5e-05 
startmesh 284 
endmesh 285 



Traceback (most recent call last):
  File "/hpcfs/bes/mlgpu/hoseinkk/MLTracking/otherparticles/pppipi/pyt_pppipi_cnn_1/./Results.py", line 66, in <module>
    plotevent(sitonsquare((result1[EvBTr - 10000] > thr[0]) & ((trvalcnnpppipi[EvBTr]) > 0)), 845, f'event number {EvBTr} passed through network after training \n threshold is {thr[0]}')
ValueError: operands could not be broadcast together with shapes (6796,) (43,288) 

real	1m14.400s
user	1m3.860s
sys	0m11.318s
