0: gpu019.ihep.ac.cn
GPU 0: Tesla V100-SXM2-32GB (UUID: GPU-69b817fd-44f4-09f0-151a-848e9aa01c8f)
Allocate GPU cards : 0

modinfo:
filename:       /lib/modules/3.10.0-1160.71.1.el7.x86_64/extra/nvidia.ko.xz
firmware:       nvidia/515.65.01/gsp.bin
alias:          char-major-195-*
version:        515.65.01
supported:      external
license:        NVIDIA
retpoline:      Y
rhelversion:    7.9
srcversion:     8049D44E2C1B08F41E1B8A6
alias:          pci:v000010DEd*sv*sd*bc06sc80i00*
alias:          pci:v000010DEd*sv*sd*bc03sc02i00*
alias:          pci:v000010DEd*sv*sd*bc03sc00i00*
depends:        drm
vermagic:       3.10.0-1160.71.1.el7.x86_64 SMP mod_unload modversions 
signer:         DKMS module signing key
sig_key:        1B:D5:D4:27:0C:FC:8F:CB:7B:77:C3:F6:34:AB:2D:E7:27:30:23:6A
sig_hashalgo:   sha512
parm:           NvSwitchRegDwords:NvSwitch regkey (charp)
parm:           NvSwitchBlacklist:NvSwitchBlacklist=uuid[,uuid...] (charp)
parm:           NVreg_ResmanDebugLevel:int
parm:           NVreg_RmLogonRC:int
parm:           NVreg_ModifyDeviceFiles:int
parm:           NVreg_DeviceFileUID:int
parm:           NVreg_DeviceFileGID:int
parm:           NVreg_DeviceFileMode:int
parm:           NVreg_InitializeSystemMemoryAllocations:int
parm:           NVreg_UsePageAttributeTable:int
parm:           NVreg_EnablePCIeGen3:int
parm:           NVreg_EnableMSI:int
parm:           NVreg_TCEBypassMode:int
parm:           NVreg_EnableStreamMemOPs:int
parm:           NVreg_RestrictProfilingToAdminUsers:int
parm:           NVreg_PreserveVideoMemoryAllocations:int
parm:           NVreg_EnableS0ixPowerManagement:int
parm:           NVreg_S0ixPowerManagementVideoMemoryThreshold:int
parm:           NVreg_DynamicPowerManagement:int
parm:           NVreg_DynamicPowerManagementVideoMemoryThreshold:int
parm:           NVreg_EnableGpuFirmware:int
parm:           NVreg_EnableGpuFirmwareLogs:int
parm:           NVreg_OpenRmEnableUnsupportedGpus:int
parm:           NVreg_EnableUserNUMAManagement:int
parm:           NVreg_MemoryPoolSize:int
parm:           NVreg_KMallocHeapMaxSize:int
parm:           NVreg_VMallocHeapMaxSize:int
parm:           NVreg_IgnoreMMIOCheck:int
parm:           NVreg_NvLinkDisable:int
parm:           NVreg_EnablePCIERelaxedOrderingMode:int
parm:           NVreg_RegisterPCIDriver:int
parm:           NVreg_EnableDbgBreakpoint:int
parm:           NVreg_RegistryDwords:charp
parm:           NVreg_RegistryDwordsPerDevice:charp
parm:           NVreg_RmMsg:charp
parm:           NVreg_GpuBlacklist:charp
parm:           NVreg_TemporaryFilePath:charp
parm:           NVreg_ExcludedGpus:charp
parm:           NVreg_DmaRemapPeerMmio:int
parm:           rm_firmware_active:charp

nvidia-smi:
Mon Aug 29 19:48:39 2022       
+-----------------------------------------------------------------------------+
| NVIDIA-SMI 515.65.01    Driver Version: 515.65.01    CUDA Version: 11.7     |
|-------------------------------+----------------------+----------------------+
| GPU  Name        Persistence-M| Bus-Id        Disp.A | Volatile Uncorr. ECC |
| Fan  Temp  Perf  Pwr:Usage/Cap|         Memory-Usage | GPU-Util  Compute M. |
|                               |                      |               MIG M. |
|===============================+======================+======================|
|   0  Tesla V100-SXM2...  On   | 00000000:1F:00.0 Off |                    0 |
| N/A   44C    P0    46W / 300W |      0MiB / 32768MiB |      0%      Default |
|                               |                      |                  N/A |
+-------------------------------+----------------------+----------------------+
                                                                               
+-----------------------------------------------------------------------------+
| Processes:                                                                  |
|  GPU   GI   CI        PID   Type   Process name                  GPU Memory |
|        ID   ID                                                   Usage      |
|=============================================================================|
|  No running processes found                                                 |
+-----------------------------------------------------------------------------+

nvcc --version:
nvcc: NVIDIA (R) Cuda compiler driver
Copyright (c) 2005-2021 NVIDIA Corporation
Built on Sun_Mar_21_19:15:46_PDT_2021
Cuda compilation tools, release 11.3, V11.3.58
Build cuda_11.3.r11.3/compiler.29745058_0

 torch version: 1.10.2

 cuda version: 11.3

 is cuda available: True

 CUDNN VERSION: 8200

 Number CUDA Devices: 1

 CUDA Device Name: Tesla V100-SXM2-32GB

 CUDA Device Total Memory [GB]: 34.089926656

 Device capability: (7, 0) 

 Cuda deviice: <torch.cuda.device object at 0x2b3cf2cba8e0> 

 Is cuda initialized: True

 CUDA_HOME: /hpcfs/bes/mlgpu/hoseinkk/Miniconda3/envs/dgl1

real	0m11.731s
user	0m3.609s
sys	0m2.098s
/hpcfs/bes/mlgpu/hoseinkk/Miniconda3/envs/dgl1/lib/python3.9/site-packages/cupy/_environment.py:438: UserWarning: 
--------------------------------------------------------------------------------

  CuPy may not function correctly because multiple CuPy packages are installed
  in your environment:

    cupy, cupy-cuda110

  Follow these steps to resolve this issue:

    1. For all packages listed above, run the following command to remove all
       existing CuPy installations:

         $ pip uninstall <package_name>

      If you previously installed CuPy via conda, also run the following:

         $ conda uninstall cupy

    2. Install the appropriate CuPy package.
       Refer to the Installation Guide for detailed instructions.

         https://docs.cupy.dev/en/stable/install.html

--------------------------------------------------------------------------------

  warnings.warn(f'''
/hpcfs/bes/mlgpu/hoseinkk/Miniconda3/envs/dgl1/lib/python3.9/site-packages/torch/nn/functional.py:1806: UserWarning: nn.functional.sigmoid is deprecated. Use torch.sigmoid instead.
  warnings.warn("nn.functional.sigmoid is deprecated. Use torch.sigmoid instead.")





 Loading data ... 



training set shape (20000, 43, 288) 
sum 5279207

target set shape (20000, 6796) 
sum 4575851




 The Network ... 


Net(
  (conv1): Conv2d(1, 256, kernel_size=(3, 3), stride=(1, 1))
  (conv2): Conv2d(256, 128, kernel_size=(3, 3), stride=(1, 1))
  (conv3): Conv2d(128, 64, kernel_size=(3, 3), stride=(1, 1))
  (fc1): Linear(in_features=667776, out_features=256, bias=True)
  (fc2): Linear(in_features=256, out_features=128, bias=True)
  (fc3): Linear(in_features=128, out_features=64, bias=True)
  (fc4): Linear(in_features=64, out_features=6796, bias=True)
)

number of the free parameters: 171805196
parameters of the network conv1.weight 
 torch.Size([256, 1, 3, 3]) 
 True 
 tensor([[[[-0.3018, -0.2368, -0.1119],
          [-0.2643, -0.1416, -0.2097],
          [-0.2041,  0.1139, -0.0983]]],


        [[[-0.1876,  0.1154,  0.2049],
          [ 0.0177, -0.1991, -0.3170],
          [ 0.1615,  0.1332,  0.1980]]],


        [[[-0.2330,  0.1901, -0.0745],
          [-0.1572, -0.3040,  0.2507],
          [ 0.1691, -0.2219, -0.3138]]],


        ...,


        [[[ 0.1801, -0.2997,  0.1699],
          [-0.1468,  0.1673,  0.1005],
          [ 0.0754,  0.2028,  0.2886]]],


        [[[-0.1196,  0.2906, -0.1895],
          [-0.1861, -0.1035, -0.1136],
          [ 0.2678, -0.0859, -0.1713]]],


        [[[-0.3070,  0.1414,  0.0797],
          [ 0.0217,  0.0580, -0.1267],
          [ 0.3095,  0.2761,  0.0407]]]], device='cuda:0') 
 Parameter containing:
tensor([[[[-0.3018, -0.2368, -0.1119],
          [-0.2643, -0.1416, -0.2097],
          [-0.2041,  0.1139, -0.0983]]],


        [[[-0.1876,  0.1154,  0.2049],
          [ 0.0177, -0.1991, -0.3170],
          [ 0.1615,  0.1332,  0.1980]]],


        [[[-0.2330,  0.1901, -0.0745],
          [-0.1572, -0.3040,  0.2507],
          [ 0.1691, -0.2219, -0.3138]]],


        ...,


        [[[ 0.1801, -0.2997,  0.1699],
          [-0.1468,  0.1673,  0.1005],
          [ 0.0754,  0.2028,  0.2886]]],


        [[[-0.1196,  0.2906, -0.1895],
          [-0.1861, -0.1035, -0.1136],
          [ 0.2678, -0.0859, -0.1713]]],


        [[[-0.3070,  0.1414,  0.0797],
          [ 0.0217,  0.0580, -0.1267],
          [ 0.3095,  0.2761,  0.0407]]]], device='cuda:0', requires_grad=True)
parameters of the network conv1.bias 
 torch.Size([256]) 
 True 
 tensor([-0.1558,  0.1314,  0.2011,  0.0966, -0.2015,  0.1345,  0.2216, -0.1551,
         0.0036,  0.0314,  0.3055, -0.0689, -0.2770,  0.1043, -0.0136,  0.1381,
         0.2669, -0.3127,  0.0968, -0.1605, -0.1044,  0.3183,  0.2273, -0.3232,
         0.2125, -0.2403, -0.3266,  0.0553, -0.2926, -0.1832,  0.2228,  0.2528,
        -0.1757, -0.2908, -0.2616,  0.3152,  0.1364, -0.1787,  0.2154, -0.1617,
         0.1781, -0.2298,  0.2930, -0.2079, -0.3073,  0.0113, -0.0775, -0.2700,
         0.2709, -0.2457, -0.0186, -0.2862, -0.0402,  0.1838, -0.2623,  0.2107,
         0.0313, -0.1368, -0.2971, -0.3075, -0.3058,  0.2038, -0.0577, -0.0926,
        -0.2440,  0.2683, -0.0764, -0.3186, -0.0141,  0.1614, -0.1222, -0.1577,
         0.0629, -0.0527, -0.1320,  0.0979, -0.0480, -0.0432,  0.0014,  0.0304,
         0.1954, -0.1504, -0.0816, -0.2987,  0.0629, -0.0034,  0.1838,  0.3227,
         0.3011,  0.1044, -0.2381,  0.3270,  0.3164,  0.2902, -0.0969,  0.0757,
         0.3160,  0.0229,  0.2710, -0.2525, -0.0840, -0.0779,  0.0762,  0.1694,
         0.2887,  0.0660, -0.0707, -0.1598,  0.2361, -0.1336,  0.1187,  0.2609,
        -0.1848, -0.3025, -0.2822, -0.1523, -0.0570, -0.3049, -0.1798,  0.1452,
        -0.2493,  0.2062,  0.0286, -0.1745, -0.0907,  0.2123,  0.2087, -0.2206,
        -0.1631,  0.0884,  0.2736,  0.1716, -0.2162,  0.2785,  0.1902, -0.2668,
        -0.0894, -0.2870,  0.3285,  0.3253, -0.2917, -0.2074, -0.1107, -0.1025,
         0.0446, -0.2247, -0.2758,  0.2337,  0.1644, -0.3077, -0.3153, -0.2037,
         0.0451, -0.0464,  0.3182, -0.2208, -0.1919, -0.1661, -0.2974,  0.1354,
         0.1406, -0.1436,  0.1367,  0.1801,  0.3034, -0.0351, -0.1482,  0.0177,
        -0.0359,  0.1454, -0.1305, -0.3113, -0.3118,  0.3049,  0.2133, -0.0889,
        -0.1063,  0.0161,  0.1716, -0.2542,  0.1534, -0.3060,  0.0015, -0.0246,
        -0.2808, -0.1554,  0.1416, -0.1971,  0.0780, -0.2872,  0.1729, -0.2991,
         0.2410,  0.1937,  0.1080,  0.2538, -0.2358, -0.1256,  0.2779,  0.0793,
         0.0954, -0.0610,  0.2002, -0.0755, -0.1608,  0.0479, -0.0130, -0.2661,
        -0.2461, -0.2404,  0.3087,  0.1381, -0.2705, -0.0348, -0.1198,  0.0613,
        -0.0519,  0.1516, -0.3041,  0.1830,  0.2452, -0.1986,  0.0159,  0.1601,
        -0.1262,  0.0644,  0.2608, -0.3137, -0.0172,  0.0275, -0.0006,  0.2646,
        -0.0244,  0.3186, -0.2518,  0.2112, -0.0247, -0.0211, -0.1959,  0.1081,
        -0.0809, -0.2671, -0.2550, -0.2246, -0.0582,  0.0904,  0.2449,  0.3156,
         0.0490, -0.2616,  0.1777,  0.1285, -0.1343,  0.2852, -0.0505,  0.0579],
       device='cuda:0') 
 Parameter containing:
tensor([-0.1558,  0.1314,  0.2011,  0.0966, -0.2015,  0.1345,  0.2216, -0.1551,
         0.0036,  0.0314,  0.3055, -0.0689, -0.2770,  0.1043, -0.0136,  0.1381,
         0.2669, -0.3127,  0.0968, -0.1605, -0.1044,  0.3183,  0.2273, -0.3232,
         0.2125, -0.2403, -0.3266,  0.0553, -0.2926, -0.1832,  0.2228,  0.2528,
        -0.1757, -0.2908, -0.2616,  0.3152,  0.1364, -0.1787,  0.2154, -0.1617,
         0.1781, -0.2298,  0.2930, -0.2079, -0.3073,  0.0113, -0.0775, -0.2700,
         0.2709, -0.2457, -0.0186, -0.2862, -0.0402,  0.1838, -0.2623,  0.2107,
         0.0313, -0.1368, -0.2971, -0.3075, -0.3058,  0.2038, -0.0577, -0.0926,
        -0.2440,  0.2683, -0.0764, -0.3186, -0.0141,  0.1614, -0.1222, -0.1577,
         0.0629, -0.0527, -0.1320,  0.0979, -0.0480, -0.0432,  0.0014,  0.0304,
         0.1954, -0.1504, -0.0816, -0.2987,  0.0629, -0.0034,  0.1838,  0.3227,
         0.3011,  0.1044, -0.2381,  0.3270,  0.3164,  0.2902, -0.0969,  0.0757,
         0.3160,  0.0229,  0.2710, -0.2525, -0.0840, -0.0779,  0.0762,  0.1694,
         0.2887,  0.0660, -0.0707, -0.1598,  0.2361, -0.1336,  0.1187,  0.2609,
        -0.1848, -0.3025, -0.2822, -0.1523, -0.0570, -0.3049, -0.1798,  0.1452,
        -0.2493,  0.2062,  0.0286, -0.1745, -0.0907,  0.2123,  0.2087, -0.2206,
        -0.1631,  0.0884,  0.2736,  0.1716, -0.2162,  0.2785,  0.1902, -0.2668,
        -0.0894, -0.2870,  0.3285,  0.3253, -0.2917, -0.2074, -0.1107, -0.1025,
         0.0446, -0.2247, -0.2758,  0.2337,  0.1644, -0.3077, -0.3153, -0.2037,
         0.0451, -0.0464,  0.3182, -0.2208, -0.1919, -0.1661, -0.2974,  0.1354,
         0.1406, -0.1436,  0.1367,  0.1801,  0.3034, -0.0351, -0.1482,  0.0177,
        -0.0359,  0.1454, -0.1305, -0.3113, -0.3118,  0.3049,  0.2133, -0.0889,
        -0.1063,  0.0161,  0.1716, -0.2542,  0.1534, -0.3060,  0.0015, -0.0246,
        -0.2808, -0.1554,  0.1416, -0.1971,  0.0780, -0.2872,  0.1729, -0.2991,
         0.2410,  0.1937,  0.1080,  0.2538, -0.2358, -0.1256,  0.2779,  0.0793,
         0.0954, -0.0610,  0.2002, -0.0755, -0.1608,  0.0479, -0.0130, -0.2661,
        -0.2461, -0.2404,  0.3087,  0.1381, -0.2705, -0.0348, -0.1198,  0.0613,
        -0.0519,  0.1516, -0.3041,  0.1830,  0.2452, -0.1986,  0.0159,  0.1601,
        -0.1262,  0.0644,  0.2608, -0.3137, -0.0172,  0.0275, -0.0006,  0.2646,
        -0.0244,  0.3186, -0.2518,  0.2112, -0.0247, -0.0211, -0.1959,  0.1081,
        -0.0809, -0.2671, -0.2550, -0.2246, -0.0582,  0.0904,  0.2449,  0.3156,
         0.0490, -0.2616,  0.1777,  0.1285, -0.1343,  0.2852, -0.0505,  0.0579],
       device='cuda:0', requires_grad=True)
parameters of the network conv2.weight 
 torch.Size([128, 256, 3, 3]) 
 True 
 tensor([[[[ 1.8884e-02, -2.0475e-02,  5.8038e-03],
          [ 1.3987e-02, -1.5856e-02, -1.1835e-03],
          [ 1.2604e-02,  6.5030e-03, -1.9450e-02]],

         [[-1.1001e-03,  1.9259e-02, -1.9753e-02],
          [-1.7315e-02,  2.2024e-03, -1.3302e-02],
          [ 6.9320e-03,  1.1468e-02,  1.5341e-02]],

         [[-1.5906e-02,  2.5766e-04, -5.3425e-03],
          [-1.0087e-02, -1.0244e-02, -1.3881e-02],
          [ 7.5064e-03,  1.8969e-02,  9.9741e-03]],

         ...,

         [[ 2.0478e-03,  7.8184e-03, -1.4693e-03],
          [ 1.0192e-02,  4.9900e-04, -7.3972e-03],
          [ 1.4266e-02, -1.3054e-02,  2.5022e-03]],

         [[-6.1496e-03,  8.1223e-03, -1.4495e-02],
          [-1.7462e-02,  1.8791e-02, -1.0783e-02],
          [-1.4665e-02, -3.3019e-03,  8.0321e-03]],

         [[ 1.7911e-02, -1.9723e-02, -7.7011e-03],
          [ 1.1300e-02, -1.1526e-02,  1.7669e-02],
          [ 6.7796e-03,  1.2582e-02, -4.4651e-03]]],


        [[[ 1.2199e-02,  1.6995e-02, -1.2237e-03],
          [ 7.3421e-03,  1.3083e-02, -1.5109e-02],
          [-1.3570e-02, -1.6621e-02,  2.4805e-03]],

         [[ 1.4707e-02,  1.4067e-02, -3.6362e-03],
          [ 6.7200e-04,  1.5124e-02,  5.4890e-04],
          [ 1.4373e-02,  9.6271e-03, -3.4198e-03]],

         [[ 9.8708e-03, -1.0210e-02,  6.7483e-03],
          [ 7.2513e-03,  2.7022e-03, -1.7678e-02],
          [-7.7477e-03,  8.9205e-03,  1.0528e-02]],

         ...,

         [[-1.7541e-02,  9.2057e-03,  5.2848e-03],
          [-2.6168e-03,  9.4891e-03, -4.4034e-03],
          [-1.4866e-02, -7.8374e-03,  7.6541e-03]],

         [[ 1.2448e-02,  1.5691e-02, -1.4185e-02],
          [-9.8412e-03,  1.5600e-02,  1.5268e-02],
          [-1.2461e-02,  1.1421e-02, -1.8340e-02]],

         [[-1.1245e-02, -1.6913e-02, -7.3837e-03],
          [ 9.6008e-03,  9.7366e-04,  1.6415e-02],
          [ 3.0119e-03,  8.7384e-03,  4.4779e-03]]],


        [[[ 1.2564e-02, -2.1875e-03,  1.7473e-02],
          [-2.6327e-03, -4.7112e-03, -6.4924e-04],
          [-2.0253e-02, -6.1559e-03, -1.1040e-02]],

         [[-4.8601e-03,  1.7746e-02, -8.1055e-03],
          [-1.9763e-02, -1.7947e-03,  8.1713e-03],
          [ 2.0256e-02,  1.6551e-02, -2.5691e-04]],

         [[-4.1420e-03, -1.8872e-02,  1.6611e-02],
          [-1.0609e-02,  1.3823e-02, -1.5267e-02],
          [ 1.8617e-02, -7.1777e-03, -1.1026e-02]],

         ...,

         [[ 4.5934e-03, -1.9368e-02,  5.9279e-03],
          [ 2.6418e-03,  1.9302e-02,  3.2529e-03],
          [ 1.1082e-02, -9.1927e-03,  2.2276e-03]],

         [[-1.7754e-03, -1.5632e-02, -1.7379e-02],
          [-7.7300e-05, -1.9756e-03, -1.0692e-02],
          [-1.8981e-02, -1.6650e-02, -1.9358e-02]],

         [[ 1.1715e-03,  1.2867e-02,  9.5334e-03],
          [-9.5937e-03,  7.8795e-03,  1.9243e-02],
          [ 4.5622e-03,  1.0555e-02,  1.8441e-02]]],


        ...,


        [[[ 1.5015e-02,  1.5120e-02, -3.5766e-03],
          [ 7.6846e-03,  7.3993e-03,  8.2554e-03],
          [ 1.1042e-02, -1.0798e-02, -1.8690e-02]],

         [[-1.9335e-03, -4.3614e-03, -1.4287e-02],
          [ 1.0440e-02, -6.2098e-03, -3.4506e-03],
          [-1.8362e-03,  2.0337e-02, -1.7967e-02]],

         [[ 8.9071e-03, -2.1648e-03, -2.9174e-03],
          [ 7.6188e-03,  9.0036e-03, -1.4264e-02],
          [-1.4191e-05,  5.7768e-03,  1.9099e-03]],

         ...,

         [[-1.3860e-02,  1.1479e-03, -1.0390e-02],
          [ 3.9882e-04, -2.0788e-02,  1.3197e-02],
          [ 9.6136e-03,  1.2233e-02, -5.2271e-03]],

         [[-3.1920e-03,  1.7045e-02, -1.2543e-02],
          [-1.2858e-02, -5.5959e-03, -4.0250e-03],
          [-1.4330e-02,  8.3805e-03,  2.7400e-03]],

         [[-3.4518e-03,  1.3706e-02,  8.1711e-03],
          [-1.8594e-02,  7.1446e-03, -1.7557e-02],
          [-1.6124e-02,  5.7615e-03,  1.2643e-02]]],


        [[[ 4.2916e-03,  7.5606e-03,  2.0815e-02],
          [ 2.6713e-03, -6.4485e-03, -1.6653e-02],
          [-9.4741e-03,  6.5031e-03, -2.9490e-03]],

         [[-7.0814e-03, -6.0880e-03,  2.5831e-03],
          [ 1.5633e-02, -1.4850e-02,  1.4695e-03],
          [ 1.0932e-02, -3.6280e-03, -9.0027e-03]],

         [[ 1.7232e-02,  8.4072e-03, -1.6282e-03],
          [ 1.7127e-02, -5.9793e-03, -2.2148e-03],
          [-6.2439e-03,  1.4590e-02,  3.3067e-03]],

         ...,

         [[-9.6748e-03, -7.6877e-03,  1.5156e-02],
          [ 1.0728e-02, -1.6594e-02, -3.1852e-03],
          [ 1.1257e-02,  4.3122e-04, -2.0407e-02]],

         [[ 1.2526e-02, -4.4779e-03, -1.5992e-02],
          [-1.6045e-02, -1.9593e-02, -7.3385e-03],
          [-1.1555e-02,  1.3891e-02, -1.6523e-02]],

         [[ 1.3431e-03,  6.0929e-03,  1.1772e-02],
          [ 1.8486e-02,  1.6571e-02, -7.1560e-03],
          [-2.4126e-03, -2.0100e-03,  6.9149e-03]]],


        [[[-3.5416e-03,  1.5324e-02, -1.5048e-02],
          [-1.9274e-02,  1.2096e-02,  2.0176e-02],
          [-1.3257e-02,  4.7821e-03,  1.4713e-02]],

         [[ 1.7992e-02,  1.5186e-02,  1.1524e-02],
          [ 1.7155e-02,  1.4219e-02,  1.3580e-02],
          [ 2.9608e-03,  2.8034e-03,  1.7676e-02]],

         [[ 1.8623e-02, -1.1936e-02, -1.1566e-03],
          [-1.0506e-02,  9.2330e-03,  1.7971e-02],
          [-1.5566e-02,  1.1229e-03, -5.5239e-03]],

         ...,

         [[-1.3144e-02,  1.6339e-02, -1.3716e-02],
          [-7.3719e-03, -3.7159e-03,  1.5272e-02],
          [ 1.9369e-02,  3.2836e-03,  7.6508e-03]],

         [[ 1.4194e-02,  1.8802e-03, -7.2268e-04],
          [ 1.7942e-02, -1.3110e-02,  2.0471e-02],
          [-4.4804e-03,  1.8964e-02,  6.4077e-04]],

         [[ 1.1040e-02,  1.0015e-02,  1.2731e-02],
          [ 1.0221e-02, -1.0343e-02, -1.1175e-02],
          [ 1.1877e-02, -2.0645e-02,  2.1602e-04]]]], device='cuda:0') 
 Parameter containing:
tensor([[[[ 1.8884e-02, -2.0475e-02,  5.8038e-03],
          [ 1.3987e-02, -1.5856e-02, -1.1835e-03],
          [ 1.2604e-02,  6.5030e-03, -1.9450e-02]],

         [[-1.1001e-03,  1.9259e-02, -1.9753e-02],
          [-1.7315e-02,  2.2024e-03, -1.3302e-02],
          [ 6.9320e-03,  1.1468e-02,  1.5341e-02]],

         [[-1.5906e-02,  2.5766e-04, -5.3425e-03],
          [-1.0087e-02, -1.0244e-02, -1.3881e-02],
          [ 7.5064e-03,  1.8969e-02,  9.9741e-03]],

         ...,

         [[ 2.0478e-03,  7.8184e-03, -1.4693e-03],
          [ 1.0192e-02,  4.9900e-04, -7.3972e-03],
          [ 1.4266e-02, -1.3054e-02,  2.5022e-03]],

         [[-6.1496e-03,  8.1223e-03, -1.4495e-02],
          [-1.7462e-02,  1.8791e-02, -1.0783e-02],
          [-1.4665e-02, -3.3019e-03,  8.0321e-03]],

         [[ 1.7911e-02, -1.9723e-02, -7.7011e-03],
          [ 1.1300e-02, -1.1526e-02,  1.7669e-02],
          [ 6.7796e-03,  1.2582e-02, -4.4651e-03]]],


        [[[ 1.2199e-02,  1.6995e-02, -1.2237e-03],
          [ 7.3421e-03,  1.3083e-02, -1.5109e-02],
          [-1.3570e-02, -1.6621e-02,  2.4805e-03]],

         [[ 1.4707e-02,  1.4067e-02, -3.6362e-03],
          [ 6.7200e-04,  1.5124e-02,  5.4890e-04],
          [ 1.4373e-02,  9.6271e-03, -3.4198e-03]],

         [[ 9.8708e-03, -1.0210e-02,  6.7483e-03],
          [ 7.2513e-03,  2.7022e-03, -1.7678e-02],
          [-7.7477e-03,  8.9205e-03,  1.0528e-02]],

         ...,

         [[-1.7541e-02,  9.2057e-03,  5.2848e-03],
          [-2.6168e-03,  9.4891e-03, -4.4034e-03],
          [-1.4866e-02, -7.8374e-03,  7.6541e-03]],

         [[ 1.2448e-02,  1.5691e-02, -1.4185e-02],
          [-9.8412e-03,  1.5600e-02,  1.5268e-02],
          [-1.2461e-02,  1.1421e-02, -1.8340e-02]],

         [[-1.1245e-02, -1.6913e-02, -7.3837e-03],
          [ 9.6008e-03,  9.7366e-04,  1.6415e-02],
          [ 3.0119e-03,  8.7384e-03,  4.4779e-03]]],


        [[[ 1.2564e-02, -2.1875e-03,  1.7473e-02],
          [-2.6327e-03, -4.7112e-03, -6.4924e-04],
          [-2.0253e-02, -6.1559e-03, -1.1040e-02]],

         [[-4.8601e-03,  1.7746e-02, -8.1055e-03],
          [-1.9763e-02, -1.7947e-03,  8.1713e-03],
          [ 2.0256e-02,  1.6551e-02, -2.5691e-04]],

         [[-4.1420e-03, -1.8872e-02,  1.6611e-02],
          [-1.0609e-02,  1.3823e-02, -1.5267e-02],
          [ 1.8617e-02, -7.1777e-03, -1.1026e-02]],

         ...,

         [[ 4.5934e-03, -1.9368e-02,  5.9279e-03],
          [ 2.6418e-03,  1.9302e-02,  3.2529e-03],
          [ 1.1082e-02, -9.1927e-03,  2.2276e-03]],

         [[-1.7754e-03, -1.5632e-02, -1.7379e-02],
          [-7.7300e-05, -1.9756e-03, -1.0692e-02],
          [-1.8981e-02, -1.6650e-02, -1.9358e-02]],

         [[ 1.1715e-03,  1.2867e-02,  9.5334e-03],
          [-9.5937e-03,  7.8795e-03,  1.9243e-02],
          [ 4.5622e-03,  1.0555e-02,  1.8441e-02]]],


        ...,


        [[[ 1.5015e-02,  1.5120e-02, -3.5766e-03],
          [ 7.6846e-03,  7.3993e-03,  8.2554e-03],
          [ 1.1042e-02, -1.0798e-02, -1.8690e-02]],

         [[-1.9335e-03, -4.3614e-03, -1.4287e-02],
          [ 1.0440e-02, -6.2098e-03, -3.4506e-03],
          [-1.8362e-03,  2.0337e-02, -1.7967e-02]],

         [[ 8.9071e-03, -2.1648e-03, -2.9174e-03],
          [ 7.6188e-03,  9.0036e-03, -1.4264e-02],
          [-1.4191e-05,  5.7768e-03,  1.9099e-03]],

         ...,

         [[-1.3860e-02,  1.1479e-03, -1.0390e-02],
          [ 3.9882e-04, -2.0788e-02,  1.3197e-02],
          [ 9.6136e-03,  1.2233e-02, -5.2271e-03]],

         [[-3.1920e-03,  1.7045e-02, -1.2543e-02],
          [-1.2858e-02, -5.5959e-03, -4.0250e-03],
          [-1.4330e-02,  8.3805e-03,  2.7400e-03]],

         [[-3.4518e-03,  1.3706e-02,  8.1711e-03],
          [-1.8594e-02,  7.1446e-03, -1.7557e-02],
          [-1.6124e-02,  5.7615e-03,  1.2643e-02]]],


        [[[ 4.2916e-03,  7.5606e-03,  2.0815e-02],
          [ 2.6713e-03, -6.4485e-03, -1.6653e-02],
          [-9.4741e-03,  6.5031e-03, -2.9490e-03]],

         [[-7.0814e-03, -6.0880e-03,  2.5831e-03],
          [ 1.5633e-02, -1.4850e-02,  1.4695e-03],
          [ 1.0932e-02, -3.6280e-03, -9.0027e-03]],

         [[ 1.7232e-02,  8.4072e-03, -1.6282e-03],
          [ 1.7127e-02, -5.9793e-03, -2.2148e-03],
          [-6.2439e-03,  1.4590e-02,  3.3067e-03]],

         ...,

         [[-9.6748e-03, -7.6877e-03,  1.5156e-02],
          [ 1.0728e-02, -1.6594e-02, -3.1852e-03],
          [ 1.1257e-02,  4.3122e-04, -2.0407e-02]],

         [[ 1.2526e-02, -4.4779e-03, -1.5992e-02],
          [-1.6045e-02, -1.9593e-02, -7.3385e-03],
          [-1.1555e-02,  1.3891e-02, -1.6523e-02]],

         [[ 1.3431e-03,  6.0929e-03,  1.1772e-02],
          [ 1.8486e-02,  1.6571e-02, -7.1560e-03],
          [-2.4126e-03, -2.0100e-03,  6.9149e-03]]],


        [[[-3.5416e-03,  1.5324e-02, -1.5048e-02],
          [-1.9274e-02,  1.2096e-02,  2.0176e-02],
          [-1.3257e-02,  4.7821e-03,  1.4713e-02]],

         [[ 1.7992e-02,  1.5186e-02,  1.1524e-02],
          [ 1.7155e-02,  1.4219e-02,  1.3580e-02],
          [ 2.9608e-03,  2.8034e-03,  1.7676e-02]],

         [[ 1.8623e-02, -1.1936e-02, -1.1566e-03],
          [-1.0506e-02,  9.2330e-03,  1.7971e-02],
          [-1.5566e-02,  1.1229e-03, -5.5239e-03]],

         ...,

         [[-1.3144e-02,  1.6339e-02, -1.3716e-02],
          [-7.3719e-03, -3.7159e-03,  1.5272e-02],
          [ 1.9369e-02,  3.2836e-03,  7.6508e-03]],

         [[ 1.4194e-02,  1.8802e-03, -7.2268e-04],
          [ 1.7942e-02, -1.3110e-02,  2.0471e-02],
          [-4.4804e-03,  1.8964e-02,  6.4077e-04]],

         [[ 1.1040e-02,  1.0015e-02,  1.2731e-02],
          [ 1.0221e-02, -1.0343e-02, -1.1175e-02],
          [ 1.1877e-02, -2.0645e-02,  2.1602e-04]]]], device='cuda:0',
       requires_grad=True)
parameters of the network conv2.bias 
 torch.Size([128]) 
 True 
 tensor([-0.0166, -0.0175,  0.0060,  0.0072, -0.0108,  0.0131, -0.0185, -0.0129,
         0.0007, -0.0038, -0.0197, -0.0021,  0.0157,  0.0188, -0.0192,  0.0179,
         0.0076,  0.0096,  0.0201,  0.0177,  0.0074, -0.0173,  0.0165, -0.0177,
        -0.0071, -0.0207,  0.0137, -0.0116,  0.0151,  0.0128,  0.0125,  0.0106,
         0.0045,  0.0038,  0.0159,  0.0118, -0.0070, -0.0074,  0.0206,  0.0023,
         0.0149,  0.0033,  0.0053, -0.0035, -0.0184,  0.0090,  0.0073, -0.0202,
        -0.0005,  0.0027, -0.0178, -0.0105, -0.0090, -0.0199, -0.0208,  0.0163,
        -0.0196, -0.0044,  0.0104,  0.0112,  0.0018,  0.0047, -0.0202,  0.0102,
        -0.0057, -0.0074, -0.0171,  0.0028,  0.0106,  0.0107, -0.0099, -0.0093,
        -0.0090,  0.0140, -0.0098,  0.0108, -0.0022, -0.0196, -0.0059, -0.0150,
        -0.0124,  0.0165, -0.0128,  0.0166,  0.0140, -0.0139,  0.0050, -0.0208,
        -0.0041, -0.0021,  0.0075, -0.0065, -0.0090,  0.0135,  0.0012,  0.0053,
         0.0039, -0.0173, -0.0106,  0.0150,  0.0130, -0.0023, -0.0083, -0.0205,
        -0.0130,  0.0163, -0.0136,  0.0156, -0.0027,  0.0103,  0.0141, -0.0025,
         0.0202,  0.0080,  0.0106,  0.0082, -0.0040, -0.0167,  0.0149, -0.0017,
         0.0013,  0.0043, -0.0010, -0.0077,  0.0154, -0.0122, -0.0199, -0.0186],
       device='cuda:0') 
 Parameter containing:
tensor([-0.0166, -0.0175,  0.0060,  0.0072, -0.0108,  0.0131, -0.0185, -0.0129,
         0.0007, -0.0038, -0.0197, -0.0021,  0.0157,  0.0188, -0.0192,  0.0179,
         0.0076,  0.0096,  0.0201,  0.0177,  0.0074, -0.0173,  0.0165, -0.0177,
        -0.0071, -0.0207,  0.0137, -0.0116,  0.0151,  0.0128,  0.0125,  0.0106,
         0.0045,  0.0038,  0.0159,  0.0118, -0.0070, -0.0074,  0.0206,  0.0023,
         0.0149,  0.0033,  0.0053, -0.0035, -0.0184,  0.0090,  0.0073, -0.0202,
        -0.0005,  0.0027, -0.0178, -0.0105, -0.0090, -0.0199, -0.0208,  0.0163,
        -0.0196, -0.0044,  0.0104,  0.0112,  0.0018,  0.0047, -0.0202,  0.0102,
        -0.0057, -0.0074, -0.0171,  0.0028,  0.0106,  0.0107, -0.0099, -0.0093,
        -0.0090,  0.0140, -0.0098,  0.0108, -0.0022, -0.0196, -0.0059, -0.0150,
        -0.0124,  0.0165, -0.0128,  0.0166,  0.0140, -0.0139,  0.0050, -0.0208,
        -0.0041, -0.0021,  0.0075, -0.0065, -0.0090,  0.0135,  0.0012,  0.0053,
         0.0039, -0.0173, -0.0106,  0.0150,  0.0130, -0.0023, -0.0083, -0.0205,
        -0.0130,  0.0163, -0.0136,  0.0156, -0.0027,  0.0103,  0.0141, -0.0025,
         0.0202,  0.0080,  0.0106,  0.0082, -0.0040, -0.0167,  0.0149, -0.0017,
         0.0013,  0.0043, -0.0010, -0.0077,  0.0154, -0.0122, -0.0199, -0.0186],
       device='cuda:0', requires_grad=True)
parameters of the network conv3.weight 
 torch.Size([64, 128, 3, 3]) 
 True 
 tensor([[[[ 2.6125e-02,  1.1465e-02,  1.6435e-02],
          [-2.2181e-02,  1.9969e-03, -2.1526e-02],
          [ 2.8915e-02,  5.2661e-03, -1.7217e-02]],

         [[ 1.7182e-02,  1.1775e-02, -1.2130e-02],
          [ 2.4968e-02, -1.5519e-02, -1.1692e-02],
          [-2.7539e-02,  1.1843e-02, -1.6713e-02]],

         [[ 2.3828e-02, -2.5192e-02, -2.5910e-02],
          [-2.6298e-02, -1.5521e-02,  1.0975e-02],
          [-1.6580e-02,  2.2718e-02, -6.2665e-03]],

         ...,

         [[ 1.7252e-02, -4.2221e-03, -5.2357e-04],
          [ 2.6772e-02, -9.0306e-04, -2.0259e-03],
          [-6.3596e-03,  1.8317e-03, -2.3183e-02]],

         [[ 2.3861e-02,  7.7113e-04,  3.2788e-03],
          [-6.8439e-03, -1.3424e-02,  2.3801e-02],
          [-1.2076e-02,  2.1712e-02,  1.7902e-02]],

         [[ 2.1234e-02,  2.6521e-02,  1.9457e-02],
          [-1.3528e-02, -2.5082e-02,  2.7151e-02],
          [-1.6552e-02, -2.2050e-02,  1.5932e-02]]],


        [[[ 2.2424e-02,  2.5504e-02, -2.0441e-02],
          [-4.4266e-03, -1.7258e-02, -3.1955e-03],
          [-1.3123e-02,  2.8556e-02,  2.8062e-02]],

         [[ 1.0238e-02,  2.8504e-02,  2.2931e-02],
          [ 1.2581e-02, -1.9108e-02, -1.7613e-02],
          [-2.7854e-02, -2.0618e-02, -2.9701e-03]],

         [[-2.7575e-02,  1.8786e-02,  2.2491e-02],
          [-2.3996e-03, -7.8161e-03, -4.9310e-03],
          [-2.1587e-02, -2.5543e-02,  6.7003e-03]],

         ...,

         [[-2.5344e-02,  1.5817e-02,  5.4236e-03],
          [ 1.9059e-02, -1.9392e-02,  8.5151e-04],
          [-5.7796e-03,  8.7876e-03,  2.7390e-02]],

         [[-2.1205e-02,  2.6569e-02, -2.0138e-02],
          [ 1.1467e-03,  2.5182e-02, -6.8027e-03],
          [ 2.4925e-02,  4.7766e-04, -2.1561e-02]],

         [[-8.5312e-06, -1.4202e-02, -2.8439e-04],
          [ 8.1706e-03,  8.1508e-03,  9.8096e-03],
          [ 2.7324e-02,  7.5258e-03, -2.7951e-02]]],


        [[[ 1.7951e-02, -1.4213e-02,  3.1182e-03],
          [-9.8239e-03,  5.3273e-03, -7.7147e-04],
          [-2.7205e-02,  8.5098e-03, -2.4789e-02]],

         [[-1.4461e-02,  3.2760e-03, -7.1268e-03],
          [ 2.6601e-02,  4.2026e-03,  2.4812e-02],
          [ 1.8572e-02,  2.1230e-03,  1.9544e-02]],

         [[ 2.2949e-02, -9.1642e-03, -1.9410e-02],
          [-8.8533e-03, -2.8671e-02, -8.4107e-03],
          [ 2.0547e-02,  2.8482e-02, -1.1766e-03]],

         ...,

         [[ 1.0012e-02, -2.2989e-02, -1.3393e-02],
          [-1.0665e-02, -1.2984e-02,  1.2976e-02],
          [ 1.0560e-02, -9.8898e-03,  2.4235e-02]],

         [[-1.5942e-02,  1.6216e-04, -1.6865e-02],
          [ 8.8236e-03,  3.9546e-03,  2.1388e-02],
          [-6.9163e-03, -2.0138e-02,  5.1472e-03]],

         [[ 1.3623e-03,  1.4228e-02,  1.6694e-02],
          [-2.9558e-03,  2.5321e-04, -1.4220e-02],
          [ 1.7517e-02,  1.4401e-02,  2.3868e-02]]],


        ...,


        [[[ 7.5617e-03,  1.0853e-03,  2.0789e-02],
          [-3.6997e-03,  2.6233e-02,  2.9250e-02],
          [-2.0919e-02,  2.3950e-02, -1.5019e-02]],

         [[ 2.5017e-02,  2.3584e-02, -1.8842e-02],
          [ 1.1216e-02,  2.4643e-02,  2.4728e-02],
          [ 1.1189e-02,  1.6502e-02, -2.6690e-02]],

         [[-5.2924e-03, -1.8984e-03, -1.1201e-02],
          [ 2.9149e-02,  1.0744e-02,  8.3270e-03],
          [ 3.5960e-03, -1.1614e-02, -1.9864e-02]],

         ...,

         [[ 3.7104e-03,  1.5460e-02, -1.7483e-02],
          [ 2.5110e-02,  2.7684e-02,  2.5486e-02],
          [-1.4924e-02,  1.5481e-02, -4.8244e-03]],

         [[-2.3377e-02,  4.1512e-03,  2.1892e-02],
          [ 1.8268e-02,  1.3692e-02, -1.0768e-03],
          [ 2.8401e-02,  2.2990e-02,  2.4969e-02]],

         [[ 4.1932e-03,  7.5556e-03,  1.8946e-02],
          [ 2.7398e-02,  1.5958e-02, -1.9829e-02],
          [ 2.3694e-05, -1.4788e-03, -1.3546e-02]]],


        [[[-1.3448e-02,  2.3544e-02,  1.6301e-02],
          [ 6.4497e-03,  1.9903e-02,  5.7337e-03],
          [ 2.5629e-02,  9.1254e-03, -2.9290e-03]],

         [[-1.0088e-02,  1.6909e-02,  2.8390e-02],
          [-8.0202e-03,  2.6814e-03,  2.3642e-02],
          [-1.8962e-02, -1.9795e-02, -1.9101e-02]],

         [[-9.2196e-03,  1.3670e-02, -3.7693e-03],
          [ 1.6283e-02,  2.8326e-02,  2.4059e-02],
          [ 2.5723e-03,  1.6000e-02,  1.4161e-02]],

         ...,

         [[-2.7012e-02,  2.5711e-02, -1.5047e-02],
          [-9.3189e-03, -2.0306e-02, -9.7703e-04],
          [ 6.0867e-03, -7.2539e-03, -8.4771e-03]],

         [[ 8.0449e-03, -2.2056e-02,  3.1484e-04],
          [-1.8579e-02,  1.9680e-02,  1.2552e-02],
          [ 4.2980e-03,  4.0014e-03,  1.0653e-02]],

         [[-1.5514e-02, -1.0555e-02, -1.5067e-02],
          [ 7.9488e-03,  3.7623e-03,  2.3005e-02],
          [-2.8977e-02,  2.5983e-02,  1.8489e-02]]],


        [[[ 1.8068e-02,  8.3301e-03, -1.1666e-02],
          [-1.1453e-02, -2.8578e-02, -2.8768e-02],
          [-1.7681e-02,  2.3149e-02, -1.3871e-02]],

         [[ 5.7423e-03, -3.8837e-03, -1.4604e-02],
          [-2.1572e-02, -1.6778e-02,  1.6162e-03],
          [-2.3763e-02,  1.5951e-02,  1.2404e-02]],

         [[ 1.4561e-02, -1.4994e-02,  2.8783e-02],
          [-1.2087e-02, -1.6959e-02, -1.9770e-02],
          [ 2.2759e-02, -1.3136e-02,  1.8293e-02]],

         ...,

         [[-1.0609e-02,  3.9892e-04,  1.6186e-02],
          [ 1.0512e-02, -1.3046e-03,  2.9235e-02],
          [-1.5969e-02,  1.3172e-02, -1.3737e-02]],

         [[-1.1645e-02, -1.1250e-02, -1.9824e-02],
          [-5.8232e-03,  2.4476e-02,  1.3527e-02],
          [-1.3916e-02,  1.2646e-02,  1.1536e-02]],

         [[ 1.9901e-02, -1.5482e-02, -2.0396e-02],
          [-1.7081e-02,  2.5093e-02,  2.3372e-02],
          [ 1.3242e-02, -7.2072e-03, -3.5042e-03]]]], device='cuda:0') 
 Parameter containing:
tensor([[[[ 2.6125e-02,  1.1465e-02,  1.6435e-02],
          [-2.2181e-02,  1.9969e-03, -2.1526e-02],
          [ 2.8915e-02,  5.2661e-03, -1.7217e-02]],

         [[ 1.7182e-02,  1.1775e-02, -1.2130e-02],
          [ 2.4968e-02, -1.5519e-02, -1.1692e-02],
          [-2.7539e-02,  1.1843e-02, -1.6713e-02]],

         [[ 2.3828e-02, -2.5192e-02, -2.5910e-02],
          [-2.6298e-02, -1.5521e-02,  1.0975e-02],
          [-1.6580e-02,  2.2718e-02, -6.2665e-03]],

         ...,

         [[ 1.7252e-02, -4.2221e-03, -5.2357e-04],
          [ 2.6772e-02, -9.0306e-04, -2.0259e-03],
          [-6.3596e-03,  1.8317e-03, -2.3183e-02]],

         [[ 2.3861e-02,  7.7113e-04,  3.2788e-03],
          [-6.8439e-03, -1.3424e-02,  2.3801e-02],
          [-1.2076e-02,  2.1712e-02,  1.7902e-02]],

         [[ 2.1234e-02,  2.6521e-02,  1.9457e-02],
          [-1.3528e-02, -2.5082e-02,  2.7151e-02],
          [-1.6552e-02, -2.2050e-02,  1.5932e-02]]],


        [[[ 2.2424e-02,  2.5504e-02, -2.0441e-02],
          [-4.4266e-03, -1.7258e-02, -3.1955e-03],
          [-1.3123e-02,  2.8556e-02,  2.8062e-02]],

         [[ 1.0238e-02,  2.8504e-02,  2.2931e-02],
          [ 1.2581e-02, -1.9108e-02, -1.7613e-02],
          [-2.7854e-02, -2.0618e-02, -2.9701e-03]],

         [[-2.7575e-02,  1.8786e-02,  2.2491e-02],
          [-2.3996e-03, -7.8161e-03, -4.9310e-03],
          [-2.1587e-02, -2.5543e-02,  6.7003e-03]],

         ...,

         [[-2.5344e-02,  1.5817e-02,  5.4236e-03],
          [ 1.9059e-02, -1.9392e-02,  8.5151e-04],
          [-5.7796e-03,  8.7876e-03,  2.7390e-02]],

         [[-2.1205e-02,  2.6569e-02, -2.0138e-02],
          [ 1.1467e-03,  2.5182e-02, -6.8027e-03],
          [ 2.4925e-02,  4.7766e-04, -2.1561e-02]],

         [[-8.5312e-06, -1.4202e-02, -2.8439e-04],
          [ 8.1706e-03,  8.1508e-03,  9.8096e-03],
          [ 2.7324e-02,  7.5258e-03, -2.7951e-02]]],


        [[[ 1.7951e-02, -1.4213e-02,  3.1182e-03],
          [-9.8239e-03,  5.3273e-03, -7.7147e-04],
          [-2.7205e-02,  8.5098e-03, -2.4789e-02]],

         [[-1.4461e-02,  3.2760e-03, -7.1268e-03],
          [ 2.6601e-02,  4.2026e-03,  2.4812e-02],
          [ 1.8572e-02,  2.1230e-03,  1.9544e-02]],

         [[ 2.2949e-02, -9.1642e-03, -1.9410e-02],
          [-8.8533e-03, -2.8671e-02, -8.4107e-03],
          [ 2.0547e-02,  2.8482e-02, -1.1766e-03]],

         ...,

         [[ 1.0012e-02, -2.2989e-02, -1.3393e-02],
          [-1.0665e-02, -1.2984e-02,  1.2976e-02],
          [ 1.0560e-02, -9.8898e-03,  2.4235e-02]],

         [[-1.5942e-02,  1.6216e-04, -1.6865e-02],
          [ 8.8236e-03,  3.9546e-03,  2.1388e-02],
          [-6.9163e-03, -2.0138e-02,  5.1472e-03]],

         [[ 1.3623e-03,  1.4228e-02,  1.6694e-02],
          [-2.9558e-03,  2.5321e-04, -1.4220e-02],
          [ 1.7517e-02,  1.4401e-02,  2.3868e-02]]],


        ...,


        [[[ 7.5617e-03,  1.0853e-03,  2.0789e-02],
          [-3.6997e-03,  2.6233e-02,  2.9250e-02],
          [-2.0919e-02,  2.3950e-02, -1.5019e-02]],

         [[ 2.5017e-02,  2.3584e-02, -1.8842e-02],
          [ 1.1216e-02,  2.4643e-02,  2.4728e-02],
          [ 1.1189e-02,  1.6502e-02, -2.6690e-02]],

         [[-5.2924e-03, -1.8984e-03, -1.1201e-02],
          [ 2.9149e-02,  1.0744e-02,  8.3270e-03],
          [ 3.5960e-03, -1.1614e-02, -1.9864e-02]],

         ...,

         [[ 3.7104e-03,  1.5460e-02, -1.7483e-02],
          [ 2.5110e-02,  2.7684e-02,  2.5486e-02],
          [-1.4924e-02,  1.5481e-02, -4.8244e-03]],

         [[-2.3377e-02,  4.1512e-03,  2.1892e-02],
          [ 1.8268e-02,  1.3692e-02, -1.0768e-03],
          [ 2.8401e-02,  2.2990e-02,  2.4969e-02]],

         [[ 4.1932e-03,  7.5556e-03,  1.8946e-02],
          [ 2.7398e-02,  1.5958e-02, -1.9829e-02],
          [ 2.3694e-05, -1.4788e-03, -1.3546e-02]]],


        [[[-1.3448e-02,  2.3544e-02,  1.6301e-02],
          [ 6.4497e-03,  1.9903e-02,  5.7337e-03],
          [ 2.5629e-02,  9.1254e-03, -2.9290e-03]],

         [[-1.0088e-02,  1.6909e-02,  2.8390e-02],
          [-8.0202e-03,  2.6814e-03,  2.3642e-02],
          [-1.8962e-02, -1.9795e-02, -1.9101e-02]],

         [[-9.2196e-03,  1.3670e-02, -3.7693e-03],
          [ 1.6283e-02,  2.8326e-02,  2.4059e-02],
          [ 2.5723e-03,  1.6000e-02,  1.4161e-02]],

         ...,

         [[-2.7012e-02,  2.5711e-02, -1.5047e-02],
          [-9.3189e-03, -2.0306e-02, -9.7703e-04],
          [ 6.0867e-03, -7.2539e-03, -8.4771e-03]],

         [[ 8.0449e-03, -2.2056e-02,  3.1484e-04],
          [-1.8579e-02,  1.9680e-02,  1.2552e-02],
          [ 4.2980e-03,  4.0014e-03,  1.0653e-02]],

         [[-1.5514e-02, -1.0555e-02, -1.5067e-02],
          [ 7.9488e-03,  3.7623e-03,  2.3005e-02],
          [-2.8977e-02,  2.5983e-02,  1.8489e-02]]],


        [[[ 1.8068e-02,  8.3301e-03, -1.1666e-02],
          [-1.1453e-02, -2.8578e-02, -2.8768e-02],
          [-1.7681e-02,  2.3149e-02, -1.3871e-02]],

         [[ 5.7423e-03, -3.8837e-03, -1.4604e-02],
          [-2.1572e-02, -1.6778e-02,  1.6162e-03],
          [-2.3763e-02,  1.5951e-02,  1.2404e-02]],

         [[ 1.4561e-02, -1.4994e-02,  2.8783e-02],
          [-1.2087e-02, -1.6959e-02, -1.9770e-02],
          [ 2.2759e-02, -1.3136e-02,  1.8293e-02]],

         ...,

         [[-1.0609e-02,  3.9892e-04,  1.6186e-02],
          [ 1.0512e-02, -1.3046e-03,  2.9235e-02],
          [-1.5969e-02,  1.3172e-02, -1.3737e-02]],

         [[-1.1645e-02, -1.1250e-02, -1.9824e-02],
          [-5.8232e-03,  2.4476e-02,  1.3527e-02],
          [-1.3916e-02,  1.2646e-02,  1.1536e-02]],

         [[ 1.9901e-02, -1.5482e-02, -2.0396e-02],
          [-1.7081e-02,  2.5093e-02,  2.3372e-02],
          [ 1.3242e-02, -7.2072e-03, -3.5042e-03]]]], device='cuda:0',
       requires_grad=True)
parameters of the network conv3.bias 
 torch.Size([64]) 
 True 
 tensor([-0.0235, -0.0072,  0.0154,  0.0107,  0.0011,  0.0196,  0.0222, -0.0145,
        -0.0156,  0.0084,  0.0131,  0.0249,  0.0157,  0.0070,  0.0238, -0.0057,
        -0.0021,  0.0115,  0.0012, -0.0235, -0.0240,  0.0283,  0.0120, -0.0228,
         0.0140,  0.0212, -0.0026,  0.0238, -0.0209,  0.0288, -0.0046,  0.0091,
        -0.0024, -0.0176,  0.0164,  0.0268, -0.0217, -0.0092, -0.0230, -0.0176,
        -0.0295, -0.0060,  0.0031,  0.0144, -0.0263, -0.0252,  0.0259,  0.0005,
         0.0292, -0.0091, -0.0153, -0.0213, -0.0102,  0.0086,  0.0208, -0.0121,
        -0.0200, -0.0213,  0.0220, -0.0281,  0.0260, -0.0214,  0.0289,  0.0182],
       device='cuda:0') 
 Parameter containing:
tensor([-0.0235, -0.0072,  0.0154,  0.0107,  0.0011,  0.0196,  0.0222, -0.0145,
        -0.0156,  0.0084,  0.0131,  0.0249,  0.0157,  0.0070,  0.0238, -0.0057,
        -0.0021,  0.0115,  0.0012, -0.0235, -0.0240,  0.0283,  0.0120, -0.0228,
         0.0140,  0.0212, -0.0026,  0.0238, -0.0209,  0.0288, -0.0046,  0.0091,
        -0.0024, -0.0176,  0.0164,  0.0268, -0.0217, -0.0092, -0.0230, -0.0176,
        -0.0295, -0.0060,  0.0031,  0.0144, -0.0263, -0.0252,  0.0259,  0.0005,
         0.0292, -0.0091, -0.0153, -0.0213, -0.0102,  0.0086,  0.0208, -0.0121,
        -0.0200, -0.0213,  0.0220, -0.0281,  0.0260, -0.0214,  0.0289,  0.0182],
       device='cuda:0', requires_grad=True)
parameters of the network fc1.weight 
 torch.Size([256, 667776]) 
 True 
 tensor([[-8.2883e-04,  1.1083e-03, -1.2141e-03,  ..., -3.1208e-04,
         -6.6886e-04,  9.8758e-04],
        [-7.4954e-04, -9.3668e-04,  6.8057e-04,  ..., -4.7813e-05,
          5.0536e-04, -7.2587e-05],
        [ 9.9454e-04,  3.9501e-04,  5.7569e-04,  ..., -1.1359e-03,
         -6.5546e-04,  3.0163e-04],
        ...,
        [ 5.0369e-04, -6.8401e-04,  9.1313e-04,  ...,  5.1521e-04,
          4.7209e-04, -4.3513e-04],
        [-1.0195e-03,  1.1215e-03, -1.1501e-03,  ...,  6.1595e-04,
         -7.3321e-04,  8.5399e-04],
        [ 7.3762e-04, -9.8436e-04, -6.6642e-04,  ...,  1.6667e-04,
          3.0011e-04, -8.7531e-04]], device='cuda:0') 
 Parameter containing:
tensor([[-8.2883e-04,  1.1083e-03, -1.2141e-03,  ..., -3.1208e-04,
         -6.6886e-04,  9.8758e-04],
        [-7.4954e-04, -9.3668e-04,  6.8057e-04,  ..., -4.7813e-05,
          5.0536e-04, -7.2587e-05],
        [ 9.9454e-04,  3.9501e-04,  5.7569e-04,  ..., -1.1359e-03,
         -6.5546e-04,  3.0163e-04],
        ...,
        [ 5.0369e-04, -6.8401e-04,  9.1313e-04,  ...,  5.1521e-04,
          4.7209e-04, -4.3513e-04],
        [-1.0195e-03,  1.1215e-03, -1.1501e-03,  ...,  6.1595e-04,
         -7.3321e-04,  8.5399e-04],
        [ 7.3762e-04, -9.8436e-04, -6.6642e-04,  ...,  1.6667e-04,
          3.0011e-04, -8.7531e-04]], device='cuda:0', requires_grad=True)
parameters of the network fc1.bias 
 torch.Size([256]) 
 True 
 tensor([ 7.6341e-04, -6.2546e-04,  7.6520e-04, -2.0005e-04, -3.6292e-04,
         7.6944e-04, -3.8385e-04, -2.4866e-04,  1.0582e-03, -1.1155e-03,
        -1.1896e-03, -1.6537e-04,  2.2151e-04,  1.8472e-04,  9.4753e-04,
         1.1722e-03,  7.3949e-04,  9.1854e-04,  8.7988e-04, -2.7220e-04,
         7.3804e-04, -5.0871e-04, -7.1196e-04,  1.1941e-03,  6.4463e-04,
         5.5247e-04, -1.1068e-03,  1.0089e-03,  8.6105e-04,  2.4188e-04,
        -7.1397e-04, -8.1148e-04, -2.0082e-04, -4.6309e-04, -1.1054e-04,
         9.4444e-04, -7.0772e-04,  1.0635e-04,  1.4261e-04,  1.1761e-04,
        -2.9743e-04, -9.6281e-04,  4.8226e-04, -4.2862e-04,  7.6180e-05,
         7.1980e-04,  7.1828e-04,  8.0645e-04,  4.4637e-04,  8.4773e-04,
        -2.6078e-04,  4.7598e-04,  4.3474e-04, -9.5813e-04, -6.0196e-04,
         3.9517e-04, -1.0295e-03, -7.9581e-04, -5.1117e-04, -1.0212e-03,
         9.0554e-04,  1.1386e-05,  5.7450e-04, -1.1258e-03,  3.6724e-04,
         6.1688e-04, -9.1149e-04,  2.5323e-04, -3.7139e-04, -8.9099e-04,
         1.3977e-05, -5.7752e-04, -1.2110e-03,  1.1970e-03, -6.7099e-04,
        -1.1688e-03, -2.9905e-04,  1.0678e-03, -3.0625e-04,  3.7581e-04,
         4.3412e-05,  1.0534e-03,  4.3286e-04, -1.0583e-03,  1.6247e-04,
         2.7357e-04, -1.0249e-03, -1.1139e-03, -4.0616e-04,  1.1293e-05,
         5.9784e-04, -2.8002e-04, -4.6824e-04,  1.1650e-04,  5.2417e-04,
         7.8268e-04,  4.3474e-04,  3.4735e-04,  8.3888e-04,  8.0751e-04,
         2.1124e-04,  2.3432e-04,  9.9232e-04, -1.7423e-04,  4.6758e-04,
         2.7179e-04,  9.5343e-04, -3.8186e-04, -3.4053e-04,  1.8760e-04,
        -7.5226e-04, -1.0035e-03,  1.1722e-04,  6.6403e-04, -8.9363e-04,
        -1.9612e-04,  6.5883e-04,  7.9172e-04,  1.0936e-03,  5.3207e-04,
        -4.4735e-04,  1.1586e-03,  9.5114e-04, -7.1022e-04,  9.9132e-04,
         3.8470e-04, -1.1861e-03,  7.2049e-05, -9.7149e-04, -8.2166e-04,
        -2.1727e-04, -9.2074e-04,  6.4041e-05,  3.1185e-04, -1.1337e-03,
        -9.3477e-04, -1.0431e-03,  1.0646e-03,  1.0631e-03, -9.1723e-04,
        -9.4411e-05, -2.6035e-04, -2.9860e-04, -1.1906e-03, -1.4900e-04,
         1.0398e-03,  7.1716e-04, -7.4064e-04, -8.0700e-04,  6.3169e-04,
         7.4888e-04, -5.3415e-04, -5.3872e-04,  2.6253e-04,  1.2188e-03,
         4.8715e-04,  1.1582e-03, -1.1454e-03, -7.8560e-04, -1.1185e-03,
        -4.8620e-04, -5.4702e-04,  1.2878e-04, -1.0308e-03,  4.3691e-04,
        -1.0934e-03,  1.4470e-04,  5.6279e-04, -1.7164e-04,  1.7716e-04,
        -9.6281e-04,  4.3406e-04, -2.7844e-04,  3.1548e-04,  1.1306e-03,
         4.6263e-04, -5.5352e-04,  9.3820e-04, -6.2160e-04, -5.1758e-04,
         4.4769e-04, -1.4783e-04,  4.4067e-05,  2.3561e-04, -4.1449e-04,
         1.0044e-03,  9.6398e-04,  1.0238e-03,  1.0563e-03,  9.6341e-04,
        -8.9970e-04,  7.3874e-04,  1.6320e-04,  8.1915e-04,  1.1730e-03,
        -7.6739e-04,  7.6074e-04,  5.5305e-04,  1.1527e-03,  1.1158e-03,
         8.2016e-04, -2.9088e-04,  1.0638e-03, -2.7717e-04,  1.4982e-04,
         3.4727e-04, -1.0957e-03,  7.3954e-04,  1.1177e-03,  1.0119e-04,
        -6.1402e-04, -1.0442e-03,  1.1819e-03,  1.0347e-03,  5.1915e-04,
        -1.6889e-05,  1.1608e-03, -3.4759e-04, -6.8884e-04, -7.1217e-04,
        -5.7997e-04,  1.8419e-04, -2.8649e-04,  7.1684e-04, -3.2688e-04,
         1.2354e-04,  5.6485e-04,  1.1149e-03, -3.0313e-04,  2.8200e-04,
        -5.3853e-04,  1.0090e-03, -8.9284e-04,  8.6295e-05, -3.1199e-04,
        -1.1655e-03,  4.5293e-04,  4.5269e-04,  9.8521e-04, -1.1825e-03,
        -1.0763e-04,  4.3948e-04, -1.1532e-03, -3.2241e-05, -9.5800e-04,
        -6.3466e-04,  1.5398e-04,  5.0022e-04,  5.6687e-04, -1.1301e-03,
        -5.7717e-04,  2.7881e-04,  3.4302e-04,  2.9327e-04, -5.2995e-04,
        -9.4358e-05], device='cuda:0') 
 Parameter containing:
tensor([ 7.6341e-04, -6.2546e-04,  7.6520e-04, -2.0005e-04, -3.6292e-04,
         7.6944e-04, -3.8385e-04, -2.4866e-04,  1.0582e-03, -1.1155e-03,
        -1.1896e-03, -1.6537e-04,  2.2151e-04,  1.8472e-04,  9.4753e-04,
         1.1722e-03,  7.3949e-04,  9.1854e-04,  8.7988e-04, -2.7220e-04,
         7.3804e-04, -5.0871e-04, -7.1196e-04,  1.1941e-03,  6.4463e-04,
         5.5247e-04, -1.1068e-03,  1.0089e-03,  8.6105e-04,  2.4188e-04,
        -7.1397e-04, -8.1148e-04, -2.0082e-04, -4.6309e-04, -1.1054e-04,
         9.4444e-04, -7.0772e-04,  1.0635e-04,  1.4261e-04,  1.1761e-04,
        -2.9743e-04, -9.6281e-04,  4.8226e-04, -4.2862e-04,  7.6180e-05,
         7.1980e-04,  7.1828e-04,  8.0645e-04,  4.4637e-04,  8.4773e-04,
        -2.6078e-04,  4.7598e-04,  4.3474e-04, -9.5813e-04, -6.0196e-04,
         3.9517e-04, -1.0295e-03, -7.9581e-04, -5.1117e-04, -1.0212e-03,
         9.0554e-04,  1.1386e-05,  5.7450e-04, -1.1258e-03,  3.6724e-04,
         6.1688e-04, -9.1149e-04,  2.5323e-04, -3.7139e-04, -8.9099e-04,
         1.3977e-05, -5.7752e-04, -1.2110e-03,  1.1970e-03, -6.7099e-04,
        -1.1688e-03, -2.9905e-04,  1.0678e-03, -3.0625e-04,  3.7581e-04,
         4.3412e-05,  1.0534e-03,  4.3286e-04, -1.0583e-03,  1.6247e-04,
         2.7357e-04, -1.0249e-03, -1.1139e-03, -4.0616e-04,  1.1293e-05,
         5.9784e-04, -2.8002e-04, -4.6824e-04,  1.1650e-04,  5.2417e-04,
         7.8268e-04,  4.3474e-04,  3.4735e-04,  8.3888e-04,  8.0751e-04,
         2.1124e-04,  2.3432e-04,  9.9232e-04, -1.7423e-04,  4.6758e-04,
         2.7179e-04,  9.5343e-04, -3.8186e-04, -3.4053e-04,  1.8760e-04,
        -7.5226e-04, -1.0035e-03,  1.1722e-04,  6.6403e-04, -8.9363e-04,
        -1.9612e-04,  6.5883e-04,  7.9172e-04,  1.0936e-03,  5.3207e-04,
        -4.4735e-04,  1.1586e-03,  9.5114e-04, -7.1022e-04,  9.9132e-04,
         3.8470e-04, -1.1861e-03,  7.2049e-05, -9.7149e-04, -8.2166e-04,
        -2.1727e-04, -9.2074e-04,  6.4041e-05,  3.1185e-04, -1.1337e-03,
        -9.3477e-04, -1.0431e-03,  1.0646e-03,  1.0631e-03, -9.1723e-04,
        -9.4411e-05, -2.6035e-04, -2.9860e-04, -1.1906e-03, -1.4900e-04,
         1.0398e-03,  7.1716e-04, -7.4064e-04, -8.0700e-04,  6.3169e-04,
         7.4888e-04, -5.3415e-04, -5.3872e-04,  2.6253e-04,  1.2188e-03,
         4.8715e-04,  1.1582e-03, -1.1454e-03, -7.8560e-04, -1.1185e-03,
        -4.8620e-04, -5.4702e-04,  1.2878e-04, -1.0308e-03,  4.3691e-04,
        -1.0934e-03,  1.4470e-04,  5.6279e-04, -1.7164e-04,  1.7716e-04,
        -9.6281e-04,  4.3406e-04, -2.7844e-04,  3.1548e-04,  1.1306e-03,
         4.6263e-04, -5.5352e-04,  9.3820e-04, -6.2160e-04, -5.1758e-04,
         4.4769e-04, -1.4783e-04,  4.4067e-05,  2.3561e-04, -4.1449e-04,
         1.0044e-03,  9.6398e-04,  1.0238e-03,  1.0563e-03,  9.6341e-04,
        -8.9970e-04,  7.3874e-04,  1.6320e-04,  8.1915e-04,  1.1730e-03,
        -7.6739e-04,  7.6074e-04,  5.5305e-04,  1.1527e-03,  1.1158e-03,
         8.2016e-04, -2.9088e-04,  1.0638e-03, -2.7717e-04,  1.4982e-04,
         3.4727e-04, -1.0957e-03,  7.3954e-04,  1.1177e-03,  1.0119e-04,
        -6.1402e-04, -1.0442e-03,  1.1819e-03,  1.0347e-03,  5.1915e-04,
        -1.6889e-05,  1.1608e-03, -3.4759e-04, -6.8884e-04, -7.1217e-04,
        -5.7997e-04,  1.8419e-04, -2.8649e-04,  7.1684e-04, -3.2688e-04,
         1.2354e-04,  5.6485e-04,  1.1149e-03, -3.0313e-04,  2.8200e-04,
        -5.3853e-04,  1.0090e-03, -8.9284e-04,  8.6295e-05, -3.1199e-04,
        -1.1655e-03,  4.5293e-04,  4.5269e-04,  9.8521e-04, -1.1825e-03,
        -1.0763e-04,  4.3948e-04, -1.1532e-03, -3.2241e-05, -9.5800e-04,
        -6.3466e-04,  1.5398e-04,  5.0022e-04,  5.6687e-04, -1.1301e-03,
        -5.7717e-04,  2.7881e-04,  3.4302e-04,  2.9327e-04, -5.2995e-04,
        -9.4358e-05], device='cuda:0', requires_grad=True)
parameters of the network fc2.weight 
 torch.Size([128, 256]) 
 True 
 tensor([[-0.0423, -0.0088, -0.0260,  ..., -0.0368, -0.0373,  0.0460],
        [ 0.0120, -0.0405, -0.0022,  ...,  0.0600, -0.0618, -0.0465],
        [-0.0101, -0.0198, -0.0118,  ..., -0.0406,  0.0543,  0.0424],
        ...,
        [-0.0164, -0.0576,  0.0363,  ...,  0.0501, -0.0095, -0.0163],
        [ 0.0460,  0.0528, -0.0344,  ..., -0.0060,  0.0206, -0.0579],
        [-0.0088, -0.0281,  0.0154,  ...,  0.0211,  0.0116, -0.0616]],
       device='cuda:0') 
 Parameter containing:
tensor([[-0.0423, -0.0088, -0.0260,  ..., -0.0368, -0.0373,  0.0460],
        [ 0.0120, -0.0405, -0.0022,  ...,  0.0600, -0.0618, -0.0465],
        [-0.0101, -0.0198, -0.0118,  ..., -0.0406,  0.0543,  0.0424],
        ...,
        [-0.0164, -0.0576,  0.0363,  ...,  0.0501, -0.0095, -0.0163],
        [ 0.0460,  0.0528, -0.0344,  ..., -0.0060,  0.0206, -0.0579],
        [-0.0088, -0.0281,  0.0154,  ...,  0.0211,  0.0116, -0.0616]],
       device='cuda:0', requires_grad=True)
parameters of the network fc2.bias 
 torch.Size([128]) 
 True 
 tensor([ 0.0108,  0.0231,  0.0519, -0.0535, -0.0093, -0.0453, -0.0350, -0.0425,
         0.0197,  0.0351,  0.0429, -0.0431,  0.0209, -0.0162,  0.0105, -0.0325,
         0.0055, -0.0237,  0.0309, -0.0492, -0.0623,  0.0506, -0.0574, -0.0148,
         0.0393, -0.0153,  0.0448, -0.0316,  0.0472, -0.0010, -0.0366, -0.0392,
         0.0446,  0.0116, -0.0434,  0.0027, -0.0002, -0.0276, -0.0288, -0.0257,
        -0.0214, -0.0155,  0.0449,  0.0154,  0.0582,  0.0172, -0.0486, -0.0394,
        -0.0285, -0.0573,  0.0001, -0.0568, -0.0491, -0.0363, -0.0297,  0.0369,
        -0.0194,  0.0157, -0.0622,  0.0291, -0.0420,  0.0400, -0.0222,  0.0478,
        -0.0065,  0.0352,  0.0075,  0.0182, -0.0315, -0.0255, -0.0319, -0.0216,
        -0.0068, -0.0025,  0.0045,  0.0508,  0.0259,  0.0146, -0.0580,  0.0598,
         0.0185,  0.0334, -0.0596,  0.0504,  0.0606, -0.0367,  0.0189, -0.0592,
         0.0180,  0.0065,  0.0537, -0.0495,  0.0290,  0.0326, -0.0589, -0.0335,
        -0.0559, -0.0051,  0.0579,  0.0215, -0.0458,  0.0013, -0.0244, -0.0306,
         0.0315, -0.0184, -0.0483,  0.0466,  0.0501,  0.0213, -0.0086,  0.0116,
         0.0227, -0.0539, -0.0066,  0.0515, -0.0468,  0.0261,  0.0107,  0.0154,
         0.0068, -0.0249, -0.0623, -0.0104,  0.0620,  0.0314,  0.0608, -0.0554],
       device='cuda:0') 
 Parameter containing:
tensor([ 0.0108,  0.0231,  0.0519, -0.0535, -0.0093, -0.0453, -0.0350, -0.0425,
         0.0197,  0.0351,  0.0429, -0.0431,  0.0209, -0.0162,  0.0105, -0.0325,
         0.0055, -0.0237,  0.0309, -0.0492, -0.0623,  0.0506, -0.0574, -0.0148,
         0.0393, -0.0153,  0.0448, -0.0316,  0.0472, -0.0010, -0.0366, -0.0392,
         0.0446,  0.0116, -0.0434,  0.0027, -0.0002, -0.0276, -0.0288, -0.0257,
        -0.0214, -0.0155,  0.0449,  0.0154,  0.0582,  0.0172, -0.0486, -0.0394,
        -0.0285, -0.0573,  0.0001, -0.0568, -0.0491, -0.0363, -0.0297,  0.0369,
        -0.0194,  0.0157, -0.0622,  0.0291, -0.0420,  0.0400, -0.0222,  0.0478,
        -0.0065,  0.0352,  0.0075,  0.0182, -0.0315, -0.0255, -0.0319, -0.0216,
        -0.0068, -0.0025,  0.0045,  0.0508,  0.0259,  0.0146, -0.0580,  0.0598,
         0.0185,  0.0334, -0.0596,  0.0504,  0.0606, -0.0367,  0.0189, -0.0592,
         0.0180,  0.0065,  0.0537, -0.0495,  0.0290,  0.0326, -0.0589, -0.0335,
        -0.0559, -0.0051,  0.0579,  0.0215, -0.0458,  0.0013, -0.0244, -0.0306,
         0.0315, -0.0184, -0.0483,  0.0466,  0.0501,  0.0213, -0.0086,  0.0116,
         0.0227, -0.0539, -0.0066,  0.0515, -0.0468,  0.0261,  0.0107,  0.0154,
         0.0068, -0.0249, -0.0623, -0.0104,  0.0620,  0.0314,  0.0608, -0.0554],
       device='cuda:0', requires_grad=True)
parameters of the network fc3.weight 
 torch.Size([64, 128]) 
 True 
 tensor([[-0.0069, -0.0319, -0.0208,  ..., -0.0684, -0.0263, -0.0172],
        [ 0.0588, -0.0636, -0.0564,  ..., -0.0134, -0.0715,  0.0245],
        [-0.0630,  0.0425, -0.0175,  ...,  0.0752,  0.0850, -0.0167],
        ...,
        [-0.0379,  0.0832, -0.0631,  ..., -0.0880,  0.0375,  0.0712],
        [-0.0030, -0.0632,  0.0460,  ...,  0.0402, -0.0723,  0.0637],
        [-0.0267, -0.0333, -0.0279,  ...,  0.0056, -0.0600,  0.0592]],
       device='cuda:0') 
 Parameter containing:
tensor([[-0.0069, -0.0319, -0.0208,  ..., -0.0684, -0.0263, -0.0172],
        [ 0.0588, -0.0636, -0.0564,  ..., -0.0134, -0.0715,  0.0245],
        [-0.0630,  0.0425, -0.0175,  ...,  0.0752,  0.0850, -0.0167],
        ...,
        [-0.0379,  0.0832, -0.0631,  ..., -0.0880,  0.0375,  0.0712],
        [-0.0030, -0.0632,  0.0460,  ...,  0.0402, -0.0723,  0.0637],
        [-0.0267, -0.0333, -0.0279,  ...,  0.0056, -0.0600,  0.0592]],
       device='cuda:0', requires_grad=True)
parameters of the network fc3.bias 
 torch.Size([64]) 
 True 
 tensor([-0.0591,  0.0452,  0.0297, -0.0520, -0.0374,  0.0792, -0.0435,  0.0131,
        -0.0367,  0.0398, -0.0635, -0.0237, -0.0493,  0.0386,  0.0586, -0.0583,
        -0.0036, -0.0513, -0.0520,  0.0632,  0.0052,  0.0243, -0.0745, -0.0561,
         0.0716,  0.0046,  0.0526, -0.0313,  0.0024,  0.0691, -0.0824,  0.0384,
         0.0224,  0.0599,  0.0657,  0.0405, -0.0484,  0.0148, -0.0070,  0.0205,
        -0.0801, -0.0804,  0.0207,  0.0347,  0.0645,  0.0120, -0.0290, -0.0141,
         0.0507,  0.0285, -0.0151,  0.0423, -0.0533, -0.0648, -0.0821, -0.0133,
        -0.0554, -0.0841,  0.0076,  0.0850, -0.0635, -0.0417, -0.0214, -0.0747],
       device='cuda:0') 
 Parameter containing:
tensor([-0.0591,  0.0452,  0.0297, -0.0520, -0.0374,  0.0792, -0.0435,  0.0131,
        -0.0367,  0.0398, -0.0635, -0.0237, -0.0493,  0.0386,  0.0586, -0.0583,
        -0.0036, -0.0513, -0.0520,  0.0632,  0.0052,  0.0243, -0.0745, -0.0561,
         0.0716,  0.0046,  0.0526, -0.0313,  0.0024,  0.0691, -0.0824,  0.0384,
         0.0224,  0.0599,  0.0657,  0.0405, -0.0484,  0.0148, -0.0070,  0.0205,
        -0.0801, -0.0804,  0.0207,  0.0347,  0.0645,  0.0120, -0.0290, -0.0141,
         0.0507,  0.0285, -0.0151,  0.0423, -0.0533, -0.0648, -0.0821, -0.0133,
        -0.0554, -0.0841,  0.0076,  0.0850, -0.0635, -0.0417, -0.0214, -0.0747],
       device='cuda:0', requires_grad=True)
parameters of the network fc4.weight 
 torch.Size([6796, 64]) 
 True 
 tensor([[-0.0952,  0.0946,  0.0044,  ...,  0.0108, -0.0847,  0.0822],
        [ 0.0061, -0.0947,  0.0631,  ...,  0.0317,  0.0179, -0.0660],
        [ 0.0396,  0.0217,  0.0809,  ..., -0.0178, -0.0125,  0.0956],
        ...,
        [-0.0639,  0.0398,  0.0183,  ..., -0.0445,  0.0808,  0.1231],
        [ 0.0835, -0.0182, -0.0460,  ...,  0.0774, -0.0980,  0.0089],
        [-0.1125, -0.0710, -0.0110,  ...,  0.0221, -0.0797,  0.0221]],
       device='cuda:0') 
 Parameter containing:
tensor([[-0.0952,  0.0946,  0.0044,  ...,  0.0108, -0.0847,  0.0822],
        [ 0.0061, -0.0947,  0.0631,  ...,  0.0317,  0.0179, -0.0660],
        [ 0.0396,  0.0217,  0.0809,  ..., -0.0178, -0.0125,  0.0956],
        ...,
        [-0.0639,  0.0398,  0.0183,  ..., -0.0445,  0.0808,  0.1231],
        [ 0.0835, -0.0182, -0.0460,  ...,  0.0774, -0.0980,  0.0089],
        [-0.1125, -0.0710, -0.0110,  ...,  0.0221, -0.0797,  0.0221]],
       device='cuda:0', requires_grad=True)
parameters of the network fc4.bias 
 torch.Size([6796]) 
 True 
 tensor([ 0.0375,  0.0147, -0.0463,  ..., -0.0006, -0.0315,  0.1074],
       device='cuda:0') 
 Parameter containing:
tensor([ 0.0375,  0.0147, -0.0463,  ..., -0.0006, -0.0315,  0.1074],
       device='cuda:0', requires_grad=True)

Passing event 1007 from the network before training input tensor([[0., 0., 0.,  ..., 0., 0., 0.],
        [0., 0., 0.,  ..., 0., 0., 0.],
        [0., 0., 0.,  ..., 0., 0., 0.],
        ...,
        [0., 0., 0.,  ..., 0., 0., 0.],
        [0., 0., 0.,  ..., 0., 0., 0.],
        [0., 0., 0.,  ..., 0., 0., 0.]]) 
result1: tensor([[0.5107, 0.5008, 0.4920,  ..., 0.5037, 0.4884, 0.5266],
        [0.5108, 0.5007, 0.4920,  ..., 0.5037, 0.4885, 0.5266],
        [0.5107, 0.5007, 0.4920,  ..., 0.5037, 0.4885, 0.5266],
        ...,
        [0.5107, 0.5007, 0.4920,  ..., 0.5037, 0.4885, 0.5266],
        [0.5107, 0.5007, 0.4919,  ..., 0.5037, 0.4885, 0.5266],
        [0.5107, 0.5007, 0.4920,  ..., 0.5036, 0.4885, 0.5266]],
       device='cuda:0', grad_fn=<SigmoidBackward0>) 
result1.shape: torch.Size([20, 6796])

Passing two random events from the network before training 
result1: tensor([[0.5107, 0.5008, 0.4920,  ..., 0.5037, 0.4884, 0.5266],
        [0.5108, 0.5007, 0.4920,  ..., 0.5037, 0.4885, 0.5266],
        [0.5107, 0.5007, 0.4920,  ..., 0.5037, 0.4885, 0.5266],
        ...,
        [0.5107, 0.5007, 0.4920,  ..., 0.5037, 0.4885, 0.5266],
        [0.5107, 0.5007, 0.4919,  ..., 0.5037, 0.4885, 0.5266],
        [0.5107, 0.5007, 0.4920,  ..., 0.5036, 0.4885, 0.5266]],
       device='cuda:0', grad_fn=<SigmoidBackward0>) 
result1.shape: torch.Size([20, 6796]) 
input: [[0. 0. 0. ... 0. 0. 0.]
 [0. 0. 0. ... 0. 0. 0.]
 [0. 0. 0. ... 0. 0. 0.]
 ...
 [0. 0. 0. ... 0. 0. 0.]
 [0. 0. 0. ... 0. 0. 0.]
 [0. 0. 0. ... 0. 0. 0.]]
=> loading checkpoint from /hpcfs/bes/mlgpu/hoseinkk/MLTracking/otherparticles/pppipi/pyt_pppipi_cnn_1/checkpoint_dir/1999840284saved_checkpoint.tar



load_model True 
TraEvN 19998 
BatchSize 30.0 
EpochNum 40 
LrVal 0.0001 
weight_decay 5e-05 
startmesh 284 
endmesh 285 




Passing event 10007 from the network before training input tensor([[0., 0., 0.,  ..., 0., 0., 0.],
        [0., 0., 0.,  ..., 0., 0., 0.],
        [0., 0., 0.,  ..., 0., 0., 0.],
        ...,
        [0., 0., 0.,  ..., 0., 0., 0.],
        [0., 0., 0.,  ..., 0., 0., 0.],
        [0., 0., 0.,  ..., 0., 0., 0.]]) 
result1: tensor([9.9937e-01, 1.0000e+00, 1.0000e+00,  ..., 6.0482e-33, 8.2983e-38,
        5.9066e-13], grad_fn=<SelectBackward0>) 
result1.shape: torch.Size([6796])

Passing event 10007 from the network after training input tensor([[0., 0., 0.,  ..., 0., 0., 0.],
        [0., 0., 0.,  ..., 0., 0., 0.],
        [0., 0., 0.,  ..., 0., 0., 0.],
        ...,
        [0., 0., 0.,  ..., 0., 0., 0.],
        [0., 0., 0.,  ..., 0., 0., 0.],
        [0., 0., 0.,  ..., 0., 0., 0.]]) 
result1: tensor([0.4822, 0.4938, 0.4961,  ..., 0.4852, 0.4788, 0.5208],
       grad_fn=<SelectBackward0>) 
result1.shape: torch.Size([6796])

real	1m4.472s
user	1m11.344s
sys	0m9.694s
