0: gpu022.ihep.ac.cn
GPU 0: Tesla V100-SXM2-32GB (UUID: GPU-7a90e930-602c-d4f7-ff60-d36003d041db)
Allocate GPU cards : 0

modinfo:
filename:       /lib/modules/3.10.0-1160.71.1.el7.x86_64/extra/nvidia.ko.xz
firmware:       nvidia/515.65.01/gsp.bin
alias:          char-major-195-*
version:        515.65.01
supported:      external
license:        NVIDIA
retpoline:      Y
rhelversion:    7.9
srcversion:     8049D44E2C1B08F41E1B8A6
alias:          pci:v000010DEd*sv*sd*bc06sc80i00*
alias:          pci:v000010DEd*sv*sd*bc03sc02i00*
alias:          pci:v000010DEd*sv*sd*bc03sc00i00*
depends:        drm
vermagic:       3.10.0-1160.71.1.el7.x86_64 SMP mod_unload modversions 
signer:         DKMS module signing key
sig_key:        E9:E0:BE:ED:91:75:FF:AF:1F:64:65:61:17:32:5E:D9:BC:20:D2:9D
sig_hashalgo:   sha512
parm:           NvSwitchRegDwords:NvSwitch regkey (charp)
parm:           NvSwitchBlacklist:NvSwitchBlacklist=uuid[,uuid...] (charp)
parm:           NVreg_ResmanDebugLevel:int
parm:           NVreg_RmLogonRC:int
parm:           NVreg_ModifyDeviceFiles:int
parm:           NVreg_DeviceFileUID:int
parm:           NVreg_DeviceFileGID:int
parm:           NVreg_DeviceFileMode:int
parm:           NVreg_InitializeSystemMemoryAllocations:int
parm:           NVreg_UsePageAttributeTable:int
parm:           NVreg_EnablePCIeGen3:int
parm:           NVreg_EnableMSI:int
parm:           NVreg_TCEBypassMode:int
parm:           NVreg_EnableStreamMemOPs:int
parm:           NVreg_RestrictProfilingToAdminUsers:int
parm:           NVreg_PreserveVideoMemoryAllocations:int
parm:           NVreg_EnableS0ixPowerManagement:int
parm:           NVreg_S0ixPowerManagementVideoMemoryThreshold:int
parm:           NVreg_DynamicPowerManagement:int
parm:           NVreg_DynamicPowerManagementVideoMemoryThreshold:int
parm:           NVreg_EnableGpuFirmware:int
parm:           NVreg_EnableGpuFirmwareLogs:int
parm:           NVreg_OpenRmEnableUnsupportedGpus:int
parm:           NVreg_EnableUserNUMAManagement:int
parm:           NVreg_MemoryPoolSize:int
parm:           NVreg_KMallocHeapMaxSize:int
parm:           NVreg_VMallocHeapMaxSize:int
parm:           NVreg_IgnoreMMIOCheck:int
parm:           NVreg_NvLinkDisable:int
parm:           NVreg_EnablePCIERelaxedOrderingMode:int
parm:           NVreg_RegisterPCIDriver:int
parm:           NVreg_EnableDbgBreakpoint:int
parm:           NVreg_RegistryDwords:charp
parm:           NVreg_RegistryDwordsPerDevice:charp
parm:           NVreg_RmMsg:charp
parm:           NVreg_GpuBlacklist:charp
parm:           NVreg_TemporaryFilePath:charp
parm:           NVreg_ExcludedGpus:charp
parm:           NVreg_DmaRemapPeerMmio:int
parm:           rm_firmware_active:charp

nvidia-smi:
Tue Aug 30 06:17:01 2022       
+-----------------------------------------------------------------------------+
| NVIDIA-SMI 515.65.01    Driver Version: 515.65.01    CUDA Version: 11.7     |
|-------------------------------+----------------------+----------------------+
| GPU  Name        Persistence-M| Bus-Id        Disp.A | Volatile Uncorr. ECC |
| Fan  Temp  Perf  Pwr:Usage/Cap|         Memory-Usage | GPU-Util  Compute M. |
|                               |                      |               MIG M. |
|===============================+======================+======================|
|   0  Tesla V100-SXM2...  On   | 00000000:1D:00.0 Off |                    0 |
| N/A   34C    P0    40W / 300W |      0MiB / 32768MiB |      0%      Default |
|                               |                      |                  N/A |
+-------------------------------+----------------------+----------------------+
                                                                               
+-----------------------------------------------------------------------------+
| Processes:                                                                  |
|  GPU   GI   CI        PID   Type   Process name                  GPU Memory |
|        ID   ID                                                   Usage      |
|=============================================================================|
|  No running processes found                                                 |
+-----------------------------------------------------------------------------+

nvcc --version:
nvcc: NVIDIA (R) Cuda compiler driver
Copyright (c) 2005-2021 NVIDIA Corporation
Built on Sun_Mar_21_19:15:46_PDT_2021
Cuda compilation tools, release 11.3, V11.3.58
Build cuda_11.3.r11.3/compiler.29745058_0

 torch version: 1.10.2

 cuda version: 11.3

 is cuda available: True

 CUDNN VERSION: 8200

 Number CUDA Devices: 1

 CUDA Device Name: Tesla V100-SXM2-32GB

 CUDA Device Total Memory [GB]: 34.089926656

 Device capability: (7, 0) 

 Cuda deviice: <torch.cuda.device object at 0x2afe76e578e0> 

 Is cuda initialized: True

 CUDA_HOME: /hpcfs/bes/mlgpu/hoseinkk/Miniconda3/envs/dgl1

real	0m3.749s
user	0m2.366s
sys	0m0.652s
/hpcfs/bes/mlgpu/hoseinkk/Miniconda3/envs/dgl1/lib/python3.9/site-packages/cupy/_environment.py:438: UserWarning: 
--------------------------------------------------------------------------------

  CuPy may not function correctly because multiple CuPy packages are installed
  in your environment:

    cupy, cupy-cuda110

  Follow these steps to resolve this issue:

    1. For all packages listed above, run the following command to remove all
       existing CuPy installations:

         $ pip uninstall <package_name>

      If you previously installed CuPy via conda, also run the following:

         $ conda uninstall cupy

    2. Install the appropriate CuPy package.
       Refer to the Installation Guide for detailed instructions.

         https://docs.cupy.dev/en/stable/install.html

--------------------------------------------------------------------------------

  warnings.warn(f'''
Matplotlib created a temporary config/cache directory at /tmp/matplotlib-0dkoxtqr because the default path (/besfs5/users/hoseinkk/home/.config/matplotlib) is not a writable directory; it is highly recommended to set the MPLCONFIGDIR environment variable to a writable directory, in particular to speed up the import of Matplotlib and to better support multiprocessing.
/hpcfs/bes/mlgpu/hoseinkk/Miniconda3/envs/dgl1/lib/python3.9/site-packages/torch/nn/functional.py:1806: UserWarning: nn.functional.sigmoid is deprecated. Use torch.sigmoid instead.
  warnings.warn("nn.functional.sigmoid is deprecated. Use torch.sigmoid instead.")





 Loading data ... 



training set shape (20000, 43, 288) 
sum 5279207

target set shape (20000, 6796) 
sum 4575851




 The Network ... 


Net(
  (conv1): Conv2d(1, 256, kernel_size=(3, 3), stride=(1, 1))
  (conv2): Conv2d(256, 128, kernel_size=(3, 3), stride=(1, 1))
  (conv3): Conv2d(128, 64, kernel_size=(3, 3), stride=(1, 1))
  (fc1): Linear(in_features=667776, out_features=256, bias=True)
  (fc2): Linear(in_features=256, out_features=128, bias=True)
  (fc3): Linear(in_features=128, out_features=64, bias=True)
  (fc4): Linear(in_features=64, out_features=6796, bias=True)
)

number of the free parameters: 171805196
parameters of the network conv1.weight 
 torch.Size([256, 1, 3, 3]) 
 True 
 tensor([[[[-0.1107,  0.2735, -0.0699],
          [-0.1280,  0.1391,  0.2096],
          [ 0.2714, -0.0368,  0.0992]]],


        [[[ 0.1572, -0.1956, -0.0414],
          [ 0.1580, -0.0967, -0.1113],
          [-0.2545, -0.0941,  0.1537]]],


        [[[ 0.2383, -0.0280, -0.2644],
          [ 0.0560,  0.1965,  0.0418],
          [ 0.3245,  0.1045,  0.1882]]],


        ...,


        [[[-0.0357,  0.0900,  0.2319],
          [ 0.2980, -0.0269, -0.0773],
          [-0.0037,  0.1591, -0.1554]]],


        [[[-0.2181,  0.2906,  0.0027],
          [ 0.2151,  0.2474,  0.1812],
          [-0.0499,  0.1318, -0.2479]]],


        [[[ 0.0629,  0.2716, -0.1327],
          [ 0.3260, -0.2731, -0.0524],
          [ 0.0436,  0.0999, -0.2227]]]], device='cuda:0') 
 Parameter containing:
tensor([[[[-0.1107,  0.2735, -0.0699],
          [-0.1280,  0.1391,  0.2096],
          [ 0.2714, -0.0368,  0.0992]]],


        [[[ 0.1572, -0.1956, -0.0414],
          [ 0.1580, -0.0967, -0.1113],
          [-0.2545, -0.0941,  0.1537]]],


        [[[ 0.2383, -0.0280, -0.2644],
          [ 0.0560,  0.1965,  0.0418],
          [ 0.3245,  0.1045,  0.1882]]],


        ...,


        [[[-0.0357,  0.0900,  0.2319],
          [ 0.2980, -0.0269, -0.0773],
          [-0.0037,  0.1591, -0.1554]]],


        [[[-0.2181,  0.2906,  0.0027],
          [ 0.2151,  0.2474,  0.1812],
          [-0.0499,  0.1318, -0.2479]]],


        [[[ 0.0629,  0.2716, -0.1327],
          [ 0.3260, -0.2731, -0.0524],
          [ 0.0436,  0.0999, -0.2227]]]], device='cuda:0', requires_grad=True)
parameters of the network conv1.bias 
 torch.Size([256]) 
 True 
 tensor([-7.7906e-02,  5.9150e-02,  1.7898e-01,  1.3440e-01, -2.0764e-02,
        -7.5632e-02,  1.7433e-01, -1.8554e-01, -2.8647e-01, -9.2750e-02,
        -2.9634e-01,  1.9536e-01,  1.6515e-01,  3.3243e-01, -4.3217e-02,
         5.9312e-02, -2.2954e-01,  1.2638e-01, -2.3042e-01,  1.9174e-01,
        -1.5303e-01,  1.3103e-01, -1.5456e-01,  5.5197e-02,  1.1208e-01,
        -3.1830e-01,  1.5250e-01,  1.6412e-01,  2.6980e-01,  1.3778e-01,
         8.6238e-02,  2.7132e-01,  1.2298e-01,  1.7536e-01,  7.3635e-02,
         1.9130e-01,  3.9571e-02,  1.9568e-01,  2.0784e-01,  2.6647e-01,
        -1.7655e-01, -1.4737e-01, -2.3644e-01,  2.9171e-01,  1.1581e-01,
         8.7630e-02,  1.0156e-01,  2.2768e-01, -2.1917e-01, -3.1186e-01,
        -2.3824e-01, -1.8892e-01,  1.9293e-01, -1.4193e-01, -1.5870e-01,
         3.2471e-01,  2.9980e-01,  1.7763e-01, -6.5147e-02,  1.5533e-01,
         1.6890e-01, -9.2820e-02, -1.4387e-01,  2.5742e-02, -2.5956e-01,
        -2.6049e-01, -1.9085e-01, -3.7808e-02,  1.6457e-01,  2.3298e-01,
        -5.9940e-02,  1.3726e-03, -1.1869e-01, -2.1174e-01, -1.2619e-01,
        -1.0973e-01, -1.1012e-01, -2.6509e-02,  1.4392e-01, -2.7666e-01,
         3.0171e-01, -1.8810e-01,  2.4930e-02, -2.5507e-01,  2.9154e-02,
        -9.7569e-02,  1.0872e-01, -1.6879e-01, -8.3020e-02, -4.9142e-03,
         3.1438e-02, -9.5973e-02,  2.7313e-01,  1.3873e-01,  1.8219e-01,
         1.5877e-01, -3.1197e-01,  2.6895e-01, -1.9812e-01,  3.3228e-01,
         7.9840e-02, -4.6261e-02,  1.7069e-01, -1.9094e-01,  8.8262e-02,
         2.6670e-01, -1.0556e-01,  1.7912e-01,  2.5003e-01,  1.9219e-01,
         1.1034e-01, -3.3191e-01, -2.9495e-01,  2.0195e-01, -4.0137e-02,
        -5.1710e-02,  3.1576e-01, -2.0042e-01,  2.0161e-01, -9.3281e-02,
        -2.4071e-01,  2.1962e-01, -2.0994e-01, -2.2283e-01,  2.1455e-01,
        -2.6866e-01,  1.1301e-01, -2.2447e-01, -2.8587e-01, -3.6360e-02,
        -1.5701e-01,  3.2829e-01, -1.6383e-01, -2.0780e-01, -2.4855e-01,
         1.7810e-01, -2.8476e-02,  2.4540e-02,  1.6700e-01,  2.0971e-02,
        -2.7284e-01,  2.2501e-01,  3.1742e-02,  1.2414e-01,  2.1451e-01,
         2.5190e-01,  1.2705e-01, -1.3504e-01, -2.1414e-01,  2.1188e-01,
        -3.0358e-02, -1.9239e-01, -3.2832e-01, -3.1330e-01, -7.8980e-02,
        -1.7285e-01, -7.7179e-02,  5.0246e-02, -1.8867e-01, -4.9150e-02,
        -1.0430e-01,  3.2431e-01, -1.2995e-01, -2.5321e-01,  2.7271e-01,
        -1.7216e-01,  3.1676e-01, -2.7235e-01, -1.9821e-01, -2.6374e-01,
        -7.7919e-02, -3.2603e-01, -1.5851e-01, -1.6783e-01, -2.7284e-01,
         2.4069e-01, -9.0075e-02,  9.3549e-02, -3.1623e-01,  3.3251e-02,
         1.2147e-01, -1.5702e-02,  5.1390e-02, -2.7605e-01,  1.1232e-01,
        -5.4192e-02, -2.3201e-01,  3.3459e-02,  2.8943e-01,  2.8415e-01,
         1.4362e-01, -2.6160e-01, -4.0338e-02,  2.6626e-02,  2.6308e-01,
         3.2720e-01,  2.2037e-01, -2.6511e-01,  1.4659e-01, -2.8484e-01,
         1.0731e-01, -2.3342e-01,  2.7594e-02,  2.8960e-01, -1.9654e-01,
        -1.3568e-01,  2.4699e-01,  3.0589e-04, -3.0276e-01,  1.1503e-02,
         2.6362e-01, -9.2377e-02,  2.8763e-01,  2.3266e-01, -6.9292e-03,
         1.8000e-01, -6.7702e-02, -2.0457e-01,  2.9591e-01,  2.7156e-01,
        -1.1727e-01, -2.4473e-01,  7.1576e-02,  3.4944e-02, -2.1647e-01,
        -3.0867e-01,  1.9096e-01, -3.0563e-01, -2.5854e-02, -2.5075e-01,
        -2.4456e-01,  2.0693e-01, -3.0306e-01,  1.8782e-01,  2.0637e-01,
         1.9238e-01, -2.1600e-01, -5.6940e-02,  8.9095e-02,  3.9579e-02,
         3.1037e-01, -2.8502e-01, -2.3545e-01,  1.1828e-01, -9.8882e-02,
         1.4436e-01,  5.4947e-02,  5.8990e-03, -3.3111e-01, -5.8292e-02,
         1.1900e-01, -2.3063e-01,  2.9431e-01, -1.8320e-01, -4.3329e-02,
        -1.6720e-01], device='cuda:0') 
 Parameter containing:
tensor([-7.7906e-02,  5.9150e-02,  1.7898e-01,  1.3440e-01, -2.0764e-02,
        -7.5632e-02,  1.7433e-01, -1.8554e-01, -2.8647e-01, -9.2750e-02,
        -2.9634e-01,  1.9536e-01,  1.6515e-01,  3.3243e-01, -4.3217e-02,
         5.9312e-02, -2.2954e-01,  1.2638e-01, -2.3042e-01,  1.9174e-01,
        -1.5303e-01,  1.3103e-01, -1.5456e-01,  5.5197e-02,  1.1208e-01,
        -3.1830e-01,  1.5250e-01,  1.6412e-01,  2.6980e-01,  1.3778e-01,
         8.6238e-02,  2.7132e-01,  1.2298e-01,  1.7536e-01,  7.3635e-02,
         1.9130e-01,  3.9571e-02,  1.9568e-01,  2.0784e-01,  2.6647e-01,
        -1.7655e-01, -1.4737e-01, -2.3644e-01,  2.9171e-01,  1.1581e-01,
         8.7630e-02,  1.0156e-01,  2.2768e-01, -2.1917e-01, -3.1186e-01,
        -2.3824e-01, -1.8892e-01,  1.9293e-01, -1.4193e-01, -1.5870e-01,
         3.2471e-01,  2.9980e-01,  1.7763e-01, -6.5147e-02,  1.5533e-01,
         1.6890e-01, -9.2820e-02, -1.4387e-01,  2.5742e-02, -2.5956e-01,
        -2.6049e-01, -1.9085e-01, -3.7808e-02,  1.6457e-01,  2.3298e-01,
        -5.9940e-02,  1.3726e-03, -1.1869e-01, -2.1174e-01, -1.2619e-01,
        -1.0973e-01, -1.1012e-01, -2.6509e-02,  1.4392e-01, -2.7666e-01,
         3.0171e-01, -1.8810e-01,  2.4930e-02, -2.5507e-01,  2.9154e-02,
        -9.7569e-02,  1.0872e-01, -1.6879e-01, -8.3020e-02, -4.9142e-03,
         3.1438e-02, -9.5973e-02,  2.7313e-01,  1.3873e-01,  1.8219e-01,
         1.5877e-01, -3.1197e-01,  2.6895e-01, -1.9812e-01,  3.3228e-01,
         7.9840e-02, -4.6261e-02,  1.7069e-01, -1.9094e-01,  8.8262e-02,
         2.6670e-01, -1.0556e-01,  1.7912e-01,  2.5003e-01,  1.9219e-01,
         1.1034e-01, -3.3191e-01, -2.9495e-01,  2.0195e-01, -4.0137e-02,
        -5.1710e-02,  3.1576e-01, -2.0042e-01,  2.0161e-01, -9.3281e-02,
        -2.4071e-01,  2.1962e-01, -2.0994e-01, -2.2283e-01,  2.1455e-01,
        -2.6866e-01,  1.1301e-01, -2.2447e-01, -2.8587e-01, -3.6360e-02,
        -1.5701e-01,  3.2829e-01, -1.6383e-01, -2.0780e-01, -2.4855e-01,
         1.7810e-01, -2.8476e-02,  2.4540e-02,  1.6700e-01,  2.0971e-02,
        -2.7284e-01,  2.2501e-01,  3.1742e-02,  1.2414e-01,  2.1451e-01,
         2.5190e-01,  1.2705e-01, -1.3504e-01, -2.1414e-01,  2.1188e-01,
        -3.0358e-02, -1.9239e-01, -3.2832e-01, -3.1330e-01, -7.8980e-02,
        -1.7285e-01, -7.7179e-02,  5.0246e-02, -1.8867e-01, -4.9150e-02,
        -1.0430e-01,  3.2431e-01, -1.2995e-01, -2.5321e-01,  2.7271e-01,
        -1.7216e-01,  3.1676e-01, -2.7235e-01, -1.9821e-01, -2.6374e-01,
        -7.7919e-02, -3.2603e-01, -1.5851e-01, -1.6783e-01, -2.7284e-01,
         2.4069e-01, -9.0075e-02,  9.3549e-02, -3.1623e-01,  3.3251e-02,
         1.2147e-01, -1.5702e-02,  5.1390e-02, -2.7605e-01,  1.1232e-01,
        -5.4192e-02, -2.3201e-01,  3.3459e-02,  2.8943e-01,  2.8415e-01,
         1.4362e-01, -2.6160e-01, -4.0338e-02,  2.6626e-02,  2.6308e-01,
         3.2720e-01,  2.2037e-01, -2.6511e-01,  1.4659e-01, -2.8484e-01,
         1.0731e-01, -2.3342e-01,  2.7594e-02,  2.8960e-01, -1.9654e-01,
        -1.3568e-01,  2.4699e-01,  3.0589e-04, -3.0276e-01,  1.1503e-02,
         2.6362e-01, -9.2377e-02,  2.8763e-01,  2.3266e-01, -6.9292e-03,
         1.8000e-01, -6.7702e-02, -2.0457e-01,  2.9591e-01,  2.7156e-01,
        -1.1727e-01, -2.4473e-01,  7.1576e-02,  3.4944e-02, -2.1647e-01,
        -3.0867e-01,  1.9096e-01, -3.0563e-01, -2.5854e-02, -2.5075e-01,
        -2.4456e-01,  2.0693e-01, -3.0306e-01,  1.8782e-01,  2.0637e-01,
         1.9238e-01, -2.1600e-01, -5.6940e-02,  8.9095e-02,  3.9579e-02,
         3.1037e-01, -2.8502e-01, -2.3545e-01,  1.1828e-01, -9.8882e-02,
         1.4436e-01,  5.4947e-02,  5.8990e-03, -3.3111e-01, -5.8292e-02,
         1.1900e-01, -2.3063e-01,  2.9431e-01, -1.8320e-01, -4.3329e-02,
        -1.6720e-01], device='cuda:0', requires_grad=True)
parameters of the network conv2.weight 
 torch.Size([128, 256, 3, 3]) 
 True 
 tensor([[[[ 1.8073e-02,  6.3835e-03,  1.4033e-02],
          [ 1.9643e-02, -1.8173e-02,  1.1324e-02],
          [ 3.6118e-03,  2.8652e-03,  4.3002e-03]],

         [[ 1.1633e-02,  2.7542e-03, -1.7225e-02],
          [-1.1287e-02,  5.7840e-03,  1.2503e-02],
          [ 1.1110e-02, -1.5793e-03, -1.4973e-03]],

         [[ 1.0914e-02,  1.4323e-02, -1.1814e-02],
          [ 7.4869e-03, -2.0332e-02,  1.3916e-02],
          [-1.3597e-02, -1.7086e-02, -1.7888e-02]],

         ...,

         [[ 1.8890e-02, -1.9889e-02,  1.5690e-02],
          [ 9.5555e-03, -1.2918e-03,  1.1207e-02],
          [ 4.6942e-03,  5.2786e-03,  1.9906e-02]],

         [[ 2.0233e-02, -1.4794e-02,  1.2726e-02],
          [ 1.6896e-03, -1.5762e-02,  1.4608e-02],
          [ 1.3227e-02, -1.3835e-03,  1.6395e-02]],

         [[-1.4927e-02, -7.3516e-03,  1.1354e-02],
          [-1.5006e-02,  1.1741e-02,  1.6641e-02],
          [-1.9290e-02,  1.0759e-02,  1.8935e-02]]],


        [[[ 1.8919e-02,  9.2286e-03,  1.8488e-02],
          [-1.6519e-02,  7.8140e-03,  1.8319e-02],
          [ 1.4988e-02, -2.3098e-03,  2.5764e-05]],

         [[ 1.6863e-02,  8.0189e-03, -1.9002e-02],
          [-1.5772e-02,  1.9174e-02,  8.3318e-03],
          [-1.9965e-02,  7.5381e-03, -1.8326e-02]],

         [[-1.7234e-02,  1.2087e-02, -5.3817e-03],
          [ 2.0132e-02, -4.1779e-03, -7.7068e-03],
          [-9.9908e-03, -1.2780e-02, -2.0308e-02]],

         ...,

         [[-1.5241e-02,  6.9015e-03,  1.6799e-02],
          [-1.7607e-02,  1.8943e-02,  1.7537e-02],
          [-5.5966e-03, -1.8492e-02,  1.3356e-02]],

         [[ 1.3795e-02,  1.0594e-03,  5.2109e-03],
          [-1.1854e-02, -5.1870e-03,  1.5327e-02],
          [-1.5269e-02, -9.7126e-03, -1.5988e-02]],

         [[ 1.4300e-02,  2.2319e-03,  1.7019e-02],
          [ 1.7454e-03, -1.1679e-02,  8.6823e-03],
          [ 1.1140e-02, -2.2947e-03, -8.2621e-03]]],


        [[[-4.4186e-03,  2.9652e-03,  1.6183e-02],
          [ 1.3428e-02, -1.0730e-02, -1.0905e-02],
          [ 7.8879e-04,  1.2582e-02, -3.1536e-03]],

         [[ 2.0700e-02,  1.5488e-02,  1.9974e-03],
          [-5.2948e-03, -1.4870e-02, -1.5497e-04],
          [ 3.1032e-04,  1.6574e-02,  8.7413e-03]],

         [[ 1.5956e-02, -9.9756e-03,  1.7496e-02],
          [-1.7512e-02,  1.8738e-02, -1.8671e-02],
          [-9.8744e-03, -1.5490e-02, -2.0741e-02]],

         ...,

         [[-1.1796e-02, -8.4641e-03, -7.9433e-03],
          [ 4.3679e-03, -1.3190e-02, -4.8730e-03],
          [-2.0625e-02,  1.9538e-02, -1.9428e-02]],

         [[ 6.6154e-03,  2.3569e-03, -3.8735e-04],
          [-5.5209e-06,  1.4554e-02,  2.9632e-03],
          [ 1.1229e-02, -1.7708e-02,  1.6812e-02]],

         [[-2.1170e-03,  1.6062e-04, -1.0386e-02],
          [ 1.0591e-03,  7.9257e-03,  5.8357e-03],
          [-1.1476e-03,  1.0454e-02, -1.2762e-02]]],


        ...,


        [[[-7.9749e-03,  9.2150e-03,  6.1535e-03],
          [-2.0991e-03,  3.7678e-03, -5.5959e-03],
          [-3.3851e-03, -8.6488e-03, -2.0299e-02]],

         [[ 1.4120e-02, -1.9358e-02, -7.4745e-03],
          [-1.2146e-02, -8.0738e-03,  1.5474e-02],
          [-1.4363e-02,  1.2290e-02,  3.5159e-03]],

         [[-1.5679e-02, -9.4820e-03, -1.6231e-02],
          [-9.6771e-05,  5.8683e-03,  1.4590e-02],
          [-1.7255e-02, -3.0320e-03, -1.1098e-02]],

         ...,

         [[-1.4567e-02,  3.6630e-03,  1.5232e-02],
          [ 1.0884e-02,  1.8873e-02,  1.6815e-02],
          [-1.5120e-02, -1.4589e-02, -1.0912e-02]],

         [[ 1.4670e-02,  2.5041e-03,  6.7127e-03],
          [-4.9235e-03,  1.1891e-02, -8.3633e-03],
          [-1.8795e-02, -7.1844e-03, -4.6543e-03]],

         [[-1.5125e-02, -7.2706e-03, -1.1292e-02],
          [ 2.1126e-03, -1.9532e-02,  1.6796e-02],
          [ 9.0313e-03, -1.7096e-02, -6.2422e-03]]],


        [[[-1.5281e-02, -1.3807e-02, -6.7668e-03],
          [ 1.5143e-03,  4.8114e-03, -1.7037e-02],
          [-1.5647e-02,  1.2430e-02, -1.4878e-02]],

         [[ 6.9077e-03,  1.8063e-02,  1.3466e-03],
          [ 1.3954e-02,  8.5664e-03,  1.4493e-02],
          [ 7.4576e-03, -8.9584e-03,  1.4277e-02]],

         [[-1.6923e-03, -8.4336e-04,  1.3449e-02],
          [ 1.9258e-03,  7.8393e-03,  1.4887e-02],
          [ 1.7832e-02, -1.0935e-02, -8.7021e-03]],

         ...,

         [[ 4.7165e-03, -1.6662e-02,  2.2850e-03],
          [-1.3953e-02, -1.1597e-02, -1.8424e-02],
          [-9.6046e-03,  9.4367e-03, -1.9553e-02]],

         [[-1.1548e-02, -1.1796e-02, -8.5504e-03],
          [-1.0506e-02, -8.4287e-03,  1.2997e-03],
          [-1.0673e-02, -1.1020e-02, -1.7513e-02]],

         [[ 4.9595e-04, -1.3541e-02, -1.3998e-02],
          [-5.7639e-03,  2.0284e-02,  2.4630e-03],
          [ 1.8392e-02, -1.8985e-02, -1.0798e-03]]],


        [[[ 2.3281e-03,  6.0617e-04, -3.5668e-04],
          [-1.0605e-02, -1.9046e-02,  2.5456e-04],
          [-3.9040e-03,  1.0721e-02,  8.3491e-03]],

         [[ 3.8550e-03, -4.2147e-03,  7.6405e-03],
          [-1.6595e-02,  1.3335e-02,  4.4824e-03],
          [-1.0298e-02, -2.3338e-03,  1.5143e-02]],

         [[-6.3603e-03, -6.4652e-03, -1.7921e-02],
          [ 2.0503e-02, -7.9955e-03,  4.1858e-03],
          [-9.0397e-03, -5.3815e-03, -1.7978e-03]],

         ...,

         [[-1.1215e-02, -9.1396e-03, -1.9603e-02],
          [ 1.2288e-02, -7.0855e-04, -1.3870e-02],
          [-8.3939e-03, -6.6599e-03,  8.1635e-03]],

         [[-1.7840e-02,  7.1502e-03, -1.3573e-02],
          [ 1.5687e-02,  1.8914e-02,  1.0023e-03],
          [ 1.0553e-02,  6.7383e-03,  4.4985e-03]],

         [[-1.8119e-02,  1.3769e-02, -1.4468e-02],
          [-1.6371e-03, -1.6369e-02, -1.5435e-02],
          [-3.4602e-03, -9.3366e-03,  5.6840e-03]]]], device='cuda:0') 
 Parameter containing:
tensor([[[[ 1.8073e-02,  6.3835e-03,  1.4033e-02],
          [ 1.9643e-02, -1.8173e-02,  1.1324e-02],
          [ 3.6118e-03,  2.8652e-03,  4.3002e-03]],

         [[ 1.1633e-02,  2.7542e-03, -1.7225e-02],
          [-1.1287e-02,  5.7840e-03,  1.2503e-02],
          [ 1.1110e-02, -1.5793e-03, -1.4973e-03]],

         [[ 1.0914e-02,  1.4323e-02, -1.1814e-02],
          [ 7.4869e-03, -2.0332e-02,  1.3916e-02],
          [-1.3597e-02, -1.7086e-02, -1.7888e-02]],

         ...,

         [[ 1.8890e-02, -1.9889e-02,  1.5690e-02],
          [ 9.5555e-03, -1.2918e-03,  1.1207e-02],
          [ 4.6942e-03,  5.2786e-03,  1.9906e-02]],

         [[ 2.0233e-02, -1.4794e-02,  1.2726e-02],
          [ 1.6896e-03, -1.5762e-02,  1.4608e-02],
          [ 1.3227e-02, -1.3835e-03,  1.6395e-02]],

         [[-1.4927e-02, -7.3516e-03,  1.1354e-02],
          [-1.5006e-02,  1.1741e-02,  1.6641e-02],
          [-1.9290e-02,  1.0759e-02,  1.8935e-02]]],


        [[[ 1.8919e-02,  9.2286e-03,  1.8488e-02],
          [-1.6519e-02,  7.8140e-03,  1.8319e-02],
          [ 1.4988e-02, -2.3098e-03,  2.5764e-05]],

         [[ 1.6863e-02,  8.0189e-03, -1.9002e-02],
          [-1.5772e-02,  1.9174e-02,  8.3318e-03],
          [-1.9965e-02,  7.5381e-03, -1.8326e-02]],

         [[-1.7234e-02,  1.2087e-02, -5.3817e-03],
          [ 2.0132e-02, -4.1779e-03, -7.7068e-03],
          [-9.9908e-03, -1.2780e-02, -2.0308e-02]],

         ...,

         [[-1.5241e-02,  6.9015e-03,  1.6799e-02],
          [-1.7607e-02,  1.8943e-02,  1.7537e-02],
          [-5.5966e-03, -1.8492e-02,  1.3356e-02]],

         [[ 1.3795e-02,  1.0594e-03,  5.2109e-03],
          [-1.1854e-02, -5.1870e-03,  1.5327e-02],
          [-1.5269e-02, -9.7126e-03, -1.5988e-02]],

         [[ 1.4300e-02,  2.2319e-03,  1.7019e-02],
          [ 1.7454e-03, -1.1679e-02,  8.6823e-03],
          [ 1.1140e-02, -2.2947e-03, -8.2621e-03]]],


        [[[-4.4186e-03,  2.9652e-03,  1.6183e-02],
          [ 1.3428e-02, -1.0730e-02, -1.0905e-02],
          [ 7.8879e-04,  1.2582e-02, -3.1536e-03]],

         [[ 2.0700e-02,  1.5488e-02,  1.9974e-03],
          [-5.2948e-03, -1.4870e-02, -1.5497e-04],
          [ 3.1032e-04,  1.6574e-02,  8.7413e-03]],

         [[ 1.5956e-02, -9.9756e-03,  1.7496e-02],
          [-1.7512e-02,  1.8738e-02, -1.8671e-02],
          [-9.8744e-03, -1.5490e-02, -2.0741e-02]],

         ...,

         [[-1.1796e-02, -8.4641e-03, -7.9433e-03],
          [ 4.3679e-03, -1.3190e-02, -4.8730e-03],
          [-2.0625e-02,  1.9538e-02, -1.9428e-02]],

         [[ 6.6154e-03,  2.3569e-03, -3.8735e-04],
          [-5.5209e-06,  1.4554e-02,  2.9632e-03],
          [ 1.1229e-02, -1.7708e-02,  1.6812e-02]],

         [[-2.1170e-03,  1.6062e-04, -1.0386e-02],
          [ 1.0591e-03,  7.9257e-03,  5.8357e-03],
          [-1.1476e-03,  1.0454e-02, -1.2762e-02]]],


        ...,


        [[[-7.9749e-03,  9.2150e-03,  6.1535e-03],
          [-2.0991e-03,  3.7678e-03, -5.5959e-03],
          [-3.3851e-03, -8.6488e-03, -2.0299e-02]],

         [[ 1.4120e-02, -1.9358e-02, -7.4745e-03],
          [-1.2146e-02, -8.0738e-03,  1.5474e-02],
          [-1.4363e-02,  1.2290e-02,  3.5159e-03]],

         [[-1.5679e-02, -9.4820e-03, -1.6231e-02],
          [-9.6771e-05,  5.8683e-03,  1.4590e-02],
          [-1.7255e-02, -3.0320e-03, -1.1098e-02]],

         ...,

         [[-1.4567e-02,  3.6630e-03,  1.5232e-02],
          [ 1.0884e-02,  1.8873e-02,  1.6815e-02],
          [-1.5120e-02, -1.4589e-02, -1.0912e-02]],

         [[ 1.4670e-02,  2.5041e-03,  6.7127e-03],
          [-4.9235e-03,  1.1891e-02, -8.3633e-03],
          [-1.8795e-02, -7.1844e-03, -4.6543e-03]],

         [[-1.5125e-02, -7.2706e-03, -1.1292e-02],
          [ 2.1126e-03, -1.9532e-02,  1.6796e-02],
          [ 9.0313e-03, -1.7096e-02, -6.2422e-03]]],


        [[[-1.5281e-02, -1.3807e-02, -6.7668e-03],
          [ 1.5143e-03,  4.8114e-03, -1.7037e-02],
          [-1.5647e-02,  1.2430e-02, -1.4878e-02]],

         [[ 6.9077e-03,  1.8063e-02,  1.3466e-03],
          [ 1.3954e-02,  8.5664e-03,  1.4493e-02],
          [ 7.4576e-03, -8.9584e-03,  1.4277e-02]],

         [[-1.6923e-03, -8.4336e-04,  1.3449e-02],
          [ 1.9258e-03,  7.8393e-03,  1.4887e-02],
          [ 1.7832e-02, -1.0935e-02, -8.7021e-03]],

         ...,

         [[ 4.7165e-03, -1.6662e-02,  2.2850e-03],
          [-1.3953e-02, -1.1597e-02, -1.8424e-02],
          [-9.6046e-03,  9.4367e-03, -1.9553e-02]],

         [[-1.1548e-02, -1.1796e-02, -8.5504e-03],
          [-1.0506e-02, -8.4287e-03,  1.2997e-03],
          [-1.0673e-02, -1.1020e-02, -1.7513e-02]],

         [[ 4.9595e-04, -1.3541e-02, -1.3998e-02],
          [-5.7639e-03,  2.0284e-02,  2.4630e-03],
          [ 1.8392e-02, -1.8985e-02, -1.0798e-03]]],


        [[[ 2.3281e-03,  6.0617e-04, -3.5668e-04],
          [-1.0605e-02, -1.9046e-02,  2.5456e-04],
          [-3.9040e-03,  1.0721e-02,  8.3491e-03]],

         [[ 3.8550e-03, -4.2147e-03,  7.6405e-03],
          [-1.6595e-02,  1.3335e-02,  4.4824e-03],
          [-1.0298e-02, -2.3338e-03,  1.5143e-02]],

         [[-6.3603e-03, -6.4652e-03, -1.7921e-02],
          [ 2.0503e-02, -7.9955e-03,  4.1858e-03],
          [-9.0397e-03, -5.3815e-03, -1.7978e-03]],

         ...,

         [[-1.1215e-02, -9.1396e-03, -1.9603e-02],
          [ 1.2288e-02, -7.0855e-04, -1.3870e-02],
          [-8.3939e-03, -6.6599e-03,  8.1635e-03]],

         [[-1.7840e-02,  7.1502e-03, -1.3573e-02],
          [ 1.5687e-02,  1.8914e-02,  1.0023e-03],
          [ 1.0553e-02,  6.7383e-03,  4.4985e-03]],

         [[-1.8119e-02,  1.3769e-02, -1.4468e-02],
          [-1.6371e-03, -1.6369e-02, -1.5435e-02],
          [-3.4602e-03, -9.3366e-03,  5.6840e-03]]]], device='cuda:0',
       requires_grad=True)
parameters of the network conv2.bias 
 torch.Size([128]) 
 True 
 tensor([-0.0089, -0.0090, -0.0162, -0.0151,  0.0016,  0.0009, -0.0123,  0.0048,
        -0.0091, -0.0034, -0.0157, -0.0188,  0.0085, -0.0153,  0.0169,  0.0205,
         0.0066, -0.0067,  0.0179,  0.0170,  0.0174,  0.0037,  0.0093,  0.0045,
         0.0114, -0.0185, -0.0130, -0.0202,  0.0083, -0.0050, -0.0046, -0.0141,
        -0.0164,  0.0099,  0.0023,  0.0080,  0.0019, -0.0182,  0.0004,  0.0060,
        -0.0071,  0.0037, -0.0156, -0.0113,  0.0195, -0.0111, -0.0141,  0.0161,
         0.0082, -0.0190, -0.0028,  0.0012,  0.0144, -0.0199, -0.0040, -0.0091,
        -0.0171, -0.0056,  0.0179,  0.0113, -0.0151,  0.0057,  0.0033,  0.0080,
         0.0023,  0.0003, -0.0113, -0.0169,  0.0052, -0.0124, -0.0160,  0.0207,
        -0.0170,  0.0166,  0.0077,  0.0031, -0.0068, -0.0004,  0.0066,  0.0184,
         0.0206,  0.0121,  0.0180, -0.0034, -0.0013, -0.0010,  0.0195,  0.0031,
        -0.0148, -0.0061, -0.0043, -0.0120,  0.0124,  0.0031, -0.0085, -0.0064,
         0.0178,  0.0069, -0.0198, -0.0124, -0.0198,  0.0088, -0.0115,  0.0039,
        -0.0099,  0.0121,  0.0082, -0.0178,  0.0028, -0.0044,  0.0102, -0.0064,
        -0.0174, -0.0080, -0.0130, -0.0056,  0.0103,  0.0076,  0.0159, -0.0027,
        -0.0104,  0.0070, -0.0152, -0.0171,  0.0039, -0.0150, -0.0176,  0.0022],
       device='cuda:0') 
 Parameter containing:
tensor([-0.0089, -0.0090, -0.0162, -0.0151,  0.0016,  0.0009, -0.0123,  0.0048,
        -0.0091, -0.0034, -0.0157, -0.0188,  0.0085, -0.0153,  0.0169,  0.0205,
         0.0066, -0.0067,  0.0179,  0.0170,  0.0174,  0.0037,  0.0093,  0.0045,
         0.0114, -0.0185, -0.0130, -0.0202,  0.0083, -0.0050, -0.0046, -0.0141,
        -0.0164,  0.0099,  0.0023,  0.0080,  0.0019, -0.0182,  0.0004,  0.0060,
        -0.0071,  0.0037, -0.0156, -0.0113,  0.0195, -0.0111, -0.0141,  0.0161,
         0.0082, -0.0190, -0.0028,  0.0012,  0.0144, -0.0199, -0.0040, -0.0091,
        -0.0171, -0.0056,  0.0179,  0.0113, -0.0151,  0.0057,  0.0033,  0.0080,
         0.0023,  0.0003, -0.0113, -0.0169,  0.0052, -0.0124, -0.0160,  0.0207,
        -0.0170,  0.0166,  0.0077,  0.0031, -0.0068, -0.0004,  0.0066,  0.0184,
         0.0206,  0.0121,  0.0180, -0.0034, -0.0013, -0.0010,  0.0195,  0.0031,
        -0.0148, -0.0061, -0.0043, -0.0120,  0.0124,  0.0031, -0.0085, -0.0064,
         0.0178,  0.0069, -0.0198, -0.0124, -0.0198,  0.0088, -0.0115,  0.0039,
        -0.0099,  0.0121,  0.0082, -0.0178,  0.0028, -0.0044,  0.0102, -0.0064,
        -0.0174, -0.0080, -0.0130, -0.0056,  0.0103,  0.0076,  0.0159, -0.0027,
        -0.0104,  0.0070, -0.0152, -0.0171,  0.0039, -0.0150, -0.0176,  0.0022],
       device='cuda:0', requires_grad=True)
parameters of the network conv3.weight 
 torch.Size([64, 128, 3, 3]) 
 True 
 tensor([[[[-1.8035e-02,  9.4534e-03,  4.2796e-03],
          [-2.7864e-02,  1.0611e-02, -3.5771e-03],
          [ 1.7253e-02,  8.0072e-03,  3.6034e-03]],

         [[-2.7431e-02, -1.7528e-02, -1.7376e-02],
          [ 2.7701e-02, -1.6334e-03,  3.1971e-03],
          [ 1.7937e-02, -8.5995e-03, -1.1216e-02]],

         [[-1.7210e-02, -4.9582e-03,  3.0594e-03],
          [ 7.8323e-06, -2.4234e-02, -9.4536e-03],
          [-2.8402e-02,  1.3038e-02, -4.3618e-03]],

         ...,

         [[-1.5565e-02, -1.5557e-02,  1.3012e-03],
          [-1.5900e-02,  5.6835e-03, -1.3577e-02],
          [ 2.8390e-02, -2.7073e-02,  2.9337e-02]],

         [[ 2.6982e-02,  2.1374e-02, -2.6171e-02],
          [-1.5172e-02, -2.2834e-02, -1.5337e-02],
          [ 1.0571e-02, -1.1068e-03, -1.5855e-02]],

         [[ 2.1342e-02, -2.8391e-03,  1.8013e-02],
          [-2.7574e-02,  2.7719e-02, -7.5818e-03],
          [-8.1493e-03, -7.1038e-03,  1.5430e-02]]],


        [[[-2.1670e-02, -1.2048e-02, -1.8925e-02],
          [ 1.3257e-02,  9.9153e-03,  1.2854e-02],
          [-7.3899e-03, -4.5499e-03, -8.9067e-03]],

         [[ 1.5171e-03, -2.8389e-02, -1.8457e-02],
          [-1.6706e-02,  1.9667e-02,  3.2627e-03],
          [ 5.5092e-03,  1.2786e-02,  1.6950e-02]],

         [[ 5.4186e-03, -7.2742e-03, -2.1001e-02],
          [-1.1679e-03, -2.6854e-02,  7.6513e-03],
          [ 4.7911e-03, -1.3339e-02,  2.3187e-02]],

         ...,

         [[-1.1805e-02, -1.2018e-02,  8.8186e-03],
          [-2.4284e-02,  1.3564e-02, -7.9641e-03],
          [ 1.2626e-02,  9.5956e-03, -2.5593e-02]],

         [[ 1.3639e-02,  4.1328e-04, -1.6853e-02],
          [-1.2070e-02,  6.8858e-04, -2.8699e-02],
          [-4.7732e-03,  1.6856e-03,  1.9572e-02]],

         [[-1.1615e-03,  2.9261e-02,  1.2883e-02],
          [ 2.0406e-02,  1.5430e-02,  1.8025e-02],
          [-9.6507e-03, -2.3614e-02,  2.4115e-02]]],


        [[[-3.3655e-03,  2.2698e-02, -1.8477e-02],
          [ 1.1926e-02,  1.6616e-02,  9.5032e-03],
          [ 2.6810e-02, -1.7520e-02,  1.4684e-02]],

         [[-1.2165e-02,  2.2866e-02,  3.9430e-03],
          [-3.2995e-03,  9.1673e-04, -2.7389e-02],
          [ 2.5053e-02,  5.9852e-03, -2.5798e-02]],

         [[ 2.4934e-02,  1.2660e-02, -2.9272e-03],
          [ 2.0441e-02,  3.6525e-03,  1.8824e-02],
          [-2.9073e-02, -1.9146e-02, -4.0382e-04]],

         ...,

         [[-2.7736e-02, -2.7114e-06, -1.3820e-02],
          [-1.0128e-02, -1.3603e-03, -1.8325e-02],
          [ 1.5099e-02,  1.6260e-02, -5.7454e-03]],

         [[-2.4408e-02,  2.6543e-02,  1.4013e-02],
          [ 2.8731e-02, -2.7133e-02, -2.4851e-02],
          [-1.0118e-02, -2.8695e-02, -1.2140e-02]],

         [[ 2.1940e-02, -9.4771e-03, -2.0165e-02],
          [-1.7883e-02,  3.3219e-03,  2.4692e-02],
          [ 1.4954e-02, -1.2623e-02,  2.4298e-02]]],


        ...,


        [[[-2.6861e-02, -7.1282e-03,  8.7997e-03],
          [-2.1078e-02,  2.4010e-02,  1.4835e-02],
          [-1.8798e-02,  1.5979e-02,  4.5848e-03]],

         [[-1.3132e-02, -1.8430e-02, -3.5690e-03],
          [ 2.6687e-02,  8.6639e-03, -8.9103e-03],
          [ 2.8155e-02,  7.9808e-03,  8.5855e-04]],

         [[-2.5639e-02,  2.8347e-02, -2.0987e-02],
          [-8.1876e-03, -1.9885e-02,  2.5840e-02],
          [ 1.7205e-02,  2.0557e-02, -2.1306e-02]],

         ...,

         [[ 5.5633e-03,  2.3802e-02, -2.6100e-02],
          [-2.3742e-02,  2.2358e-02,  2.0747e-02],
          [-2.2108e-02, -2.2404e-02,  8.8042e-03]],

         [[ 1.9144e-02,  3.2041e-03,  2.4415e-02],
          [-1.3923e-03, -2.3694e-02,  2.3449e-03],
          [ 8.8027e-03,  2.7703e-02, -1.5590e-02]],

         [[ 2.9334e-02, -3.1786e-03,  1.1042e-02],
          [ 4.8013e-03, -2.3530e-02,  1.7743e-02],
          [ 1.1674e-02, -3.3789e-03,  9.7261e-03]]],


        [[[ 1.9324e-02, -1.8640e-02, -1.0287e-02],
          [-1.4181e-02,  9.8207e-03,  2.8699e-02],
          [-2.0730e-02, -7.1678e-04, -1.6760e-03]],

         [[-9.0530e-03, -8.7798e-03,  6.2018e-03],
          [ 1.9189e-02, -2.7371e-02, -2.4761e-02],
          [-2.6036e-02,  2.7728e-02,  1.0604e-02]],

         [[ 2.2540e-02, -1.2526e-02,  1.8051e-02],
          [ 1.4696e-02, -1.9198e-02, -4.5983e-03],
          [ 2.6150e-02, -2.7287e-02,  1.6079e-02]],

         ...,

         [[ 1.4787e-02, -8.7613e-03, -1.4584e-02],
          [ 2.3838e-02, -8.1906e-03, -8.6960e-03],
          [ 2.4506e-02, -9.6618e-03,  6.2378e-03]],

         [[ 1.8297e-02, -5.5191e-03,  9.5534e-03],
          [-7.5611e-03, -1.3398e-02,  2.3055e-02],
          [-2.2380e-02,  1.1081e-02,  1.6204e-02]],

         [[-1.7123e-02, -2.7110e-02, -1.4875e-02],
          [-1.6471e-02, -1.4334e-02, -1.4005e-02],
          [-8.1354e-03,  1.6760e-02, -1.3706e-02]]],


        [[[-2.1734e-02,  8.7941e-03, -7.0151e-03],
          [-1.5787e-02,  5.6558e-03, -1.5129e-02],
          [-2.4891e-02,  1.7569e-02,  1.7062e-02]],

         [[-2.8821e-03, -1.8411e-02, -2.8541e-02],
          [ 1.1672e-02, -4.0928e-03, -1.3054e-02],
          [ 2.9260e-02, -8.3063e-03,  2.8724e-02]],

         [[-7.2932e-04,  2.2255e-02,  2.2913e-02],
          [-5.1458e-05,  1.0234e-02,  1.9767e-02],
          [ 2.1578e-02, -8.9034e-03,  2.2526e-02]],

         ...,

         [[ 2.6224e-02,  3.2756e-03,  6.5983e-03],
          [-2.2290e-02, -8.2525e-03, -2.7150e-03],
          [-2.3201e-02, -8.9234e-03, -7.3517e-04]],

         [[ 8.5560e-03,  9.8227e-03,  1.7479e-03],
          [ 6.2359e-03,  1.1113e-02,  6.6717e-03],
          [ 1.0157e-02,  8.6299e-03, -1.8028e-02]],

         [[ 3.0195e-03, -2.9985e-03,  6.7260e-03],
          [ 1.0173e-02, -2.6106e-02, -1.0578e-02],
          [-8.1954e-03, -1.4543e-02, -1.4437e-02]]]], device='cuda:0') 
 Parameter containing:
tensor([[[[-1.8035e-02,  9.4534e-03,  4.2796e-03],
          [-2.7864e-02,  1.0611e-02, -3.5771e-03],
          [ 1.7253e-02,  8.0072e-03,  3.6034e-03]],

         [[-2.7431e-02, -1.7528e-02, -1.7376e-02],
          [ 2.7701e-02, -1.6334e-03,  3.1971e-03],
          [ 1.7937e-02, -8.5995e-03, -1.1216e-02]],

         [[-1.7210e-02, -4.9582e-03,  3.0594e-03],
          [ 7.8323e-06, -2.4234e-02, -9.4536e-03],
          [-2.8402e-02,  1.3038e-02, -4.3618e-03]],

         ...,

         [[-1.5565e-02, -1.5557e-02,  1.3012e-03],
          [-1.5900e-02,  5.6835e-03, -1.3577e-02],
          [ 2.8390e-02, -2.7073e-02,  2.9337e-02]],

         [[ 2.6982e-02,  2.1374e-02, -2.6171e-02],
          [-1.5172e-02, -2.2834e-02, -1.5337e-02],
          [ 1.0571e-02, -1.1068e-03, -1.5855e-02]],

         [[ 2.1342e-02, -2.8391e-03,  1.8013e-02],
          [-2.7574e-02,  2.7719e-02, -7.5818e-03],
          [-8.1493e-03, -7.1038e-03,  1.5430e-02]]],


        [[[-2.1670e-02, -1.2048e-02, -1.8925e-02],
          [ 1.3257e-02,  9.9153e-03,  1.2854e-02],
          [-7.3899e-03, -4.5499e-03, -8.9067e-03]],

         [[ 1.5171e-03, -2.8389e-02, -1.8457e-02],
          [-1.6706e-02,  1.9667e-02,  3.2627e-03],
          [ 5.5092e-03,  1.2786e-02,  1.6950e-02]],

         [[ 5.4186e-03, -7.2742e-03, -2.1001e-02],
          [-1.1679e-03, -2.6854e-02,  7.6513e-03],
          [ 4.7911e-03, -1.3339e-02,  2.3187e-02]],

         ...,

         [[-1.1805e-02, -1.2018e-02,  8.8186e-03],
          [-2.4284e-02,  1.3564e-02, -7.9641e-03],
          [ 1.2626e-02,  9.5956e-03, -2.5593e-02]],

         [[ 1.3639e-02,  4.1328e-04, -1.6853e-02],
          [-1.2070e-02,  6.8858e-04, -2.8699e-02],
          [-4.7732e-03,  1.6856e-03,  1.9572e-02]],

         [[-1.1615e-03,  2.9261e-02,  1.2883e-02],
          [ 2.0406e-02,  1.5430e-02,  1.8025e-02],
          [-9.6507e-03, -2.3614e-02,  2.4115e-02]]],


        [[[-3.3655e-03,  2.2698e-02, -1.8477e-02],
          [ 1.1926e-02,  1.6616e-02,  9.5032e-03],
          [ 2.6810e-02, -1.7520e-02,  1.4684e-02]],

         [[-1.2165e-02,  2.2866e-02,  3.9430e-03],
          [-3.2995e-03,  9.1673e-04, -2.7389e-02],
          [ 2.5053e-02,  5.9852e-03, -2.5798e-02]],

         [[ 2.4934e-02,  1.2660e-02, -2.9272e-03],
          [ 2.0441e-02,  3.6525e-03,  1.8824e-02],
          [-2.9073e-02, -1.9146e-02, -4.0382e-04]],

         ...,

         [[-2.7736e-02, -2.7114e-06, -1.3820e-02],
          [-1.0128e-02, -1.3603e-03, -1.8325e-02],
          [ 1.5099e-02,  1.6260e-02, -5.7454e-03]],

         [[-2.4408e-02,  2.6543e-02,  1.4013e-02],
          [ 2.8731e-02, -2.7133e-02, -2.4851e-02],
          [-1.0118e-02, -2.8695e-02, -1.2140e-02]],

         [[ 2.1940e-02, -9.4771e-03, -2.0165e-02],
          [-1.7883e-02,  3.3219e-03,  2.4692e-02],
          [ 1.4954e-02, -1.2623e-02,  2.4298e-02]]],


        ...,


        [[[-2.6861e-02, -7.1282e-03,  8.7997e-03],
          [-2.1078e-02,  2.4010e-02,  1.4835e-02],
          [-1.8798e-02,  1.5979e-02,  4.5848e-03]],

         [[-1.3132e-02, -1.8430e-02, -3.5690e-03],
          [ 2.6687e-02,  8.6639e-03, -8.9103e-03],
          [ 2.8155e-02,  7.9808e-03,  8.5855e-04]],

         [[-2.5639e-02,  2.8347e-02, -2.0987e-02],
          [-8.1876e-03, -1.9885e-02,  2.5840e-02],
          [ 1.7205e-02,  2.0557e-02, -2.1306e-02]],

         ...,

         [[ 5.5633e-03,  2.3802e-02, -2.6100e-02],
          [-2.3742e-02,  2.2358e-02,  2.0747e-02],
          [-2.2108e-02, -2.2404e-02,  8.8042e-03]],

         [[ 1.9144e-02,  3.2041e-03,  2.4415e-02],
          [-1.3923e-03, -2.3694e-02,  2.3449e-03],
          [ 8.8027e-03,  2.7703e-02, -1.5590e-02]],

         [[ 2.9334e-02, -3.1786e-03,  1.1042e-02],
          [ 4.8013e-03, -2.3530e-02,  1.7743e-02],
          [ 1.1674e-02, -3.3789e-03,  9.7261e-03]]],


        [[[ 1.9324e-02, -1.8640e-02, -1.0287e-02],
          [-1.4181e-02,  9.8207e-03,  2.8699e-02],
          [-2.0730e-02, -7.1678e-04, -1.6760e-03]],

         [[-9.0530e-03, -8.7798e-03,  6.2018e-03],
          [ 1.9189e-02, -2.7371e-02, -2.4761e-02],
          [-2.6036e-02,  2.7728e-02,  1.0604e-02]],

         [[ 2.2540e-02, -1.2526e-02,  1.8051e-02],
          [ 1.4696e-02, -1.9198e-02, -4.5983e-03],
          [ 2.6150e-02, -2.7287e-02,  1.6079e-02]],

         ...,

         [[ 1.4787e-02, -8.7613e-03, -1.4584e-02],
          [ 2.3838e-02, -8.1906e-03, -8.6960e-03],
          [ 2.4506e-02, -9.6618e-03,  6.2378e-03]],

         [[ 1.8297e-02, -5.5191e-03,  9.5534e-03],
          [-7.5611e-03, -1.3398e-02,  2.3055e-02],
          [-2.2380e-02,  1.1081e-02,  1.6204e-02]],

         [[-1.7123e-02, -2.7110e-02, -1.4875e-02],
          [-1.6471e-02, -1.4334e-02, -1.4005e-02],
          [-8.1354e-03,  1.6760e-02, -1.3706e-02]]],


        [[[-2.1734e-02,  8.7941e-03, -7.0151e-03],
          [-1.5787e-02,  5.6558e-03, -1.5129e-02],
          [-2.4891e-02,  1.7569e-02,  1.7062e-02]],

         [[-2.8821e-03, -1.8411e-02, -2.8541e-02],
          [ 1.1672e-02, -4.0928e-03, -1.3054e-02],
          [ 2.9260e-02, -8.3063e-03,  2.8724e-02]],

         [[-7.2932e-04,  2.2255e-02,  2.2913e-02],
          [-5.1458e-05,  1.0234e-02,  1.9767e-02],
          [ 2.1578e-02, -8.9034e-03,  2.2526e-02]],

         ...,

         [[ 2.6224e-02,  3.2756e-03,  6.5983e-03],
          [-2.2290e-02, -8.2525e-03, -2.7150e-03],
          [-2.3201e-02, -8.9234e-03, -7.3517e-04]],

         [[ 8.5560e-03,  9.8227e-03,  1.7479e-03],
          [ 6.2359e-03,  1.1113e-02,  6.6717e-03],
          [ 1.0157e-02,  8.6299e-03, -1.8028e-02]],

         [[ 3.0195e-03, -2.9985e-03,  6.7260e-03],
          [ 1.0173e-02, -2.6106e-02, -1.0578e-02],
          [-8.1954e-03, -1.4543e-02, -1.4437e-02]]]], device='cuda:0',
       requires_grad=True)
parameters of the network conv3.bias 
 torch.Size([64]) 
 True 
 tensor([ 0.0165,  0.0253, -0.0253,  0.0282,  0.0002, -0.0196, -0.0204, -0.0239,
        -0.0155, -0.0080,  0.0242,  0.0231,  0.0201, -0.0161,  0.0190, -0.0087,
        -0.0161, -0.0206, -0.0099, -0.0117, -0.0017,  0.0214,  0.0233,  0.0082,
         0.0175,  0.0095,  0.0249,  0.0188,  0.0207,  0.0200, -0.0137, -0.0022,
        -0.0223, -0.0072, -0.0253, -0.0006, -0.0182,  0.0197,  0.0137,  0.0253,
        -0.0187, -0.0029,  0.0211,  0.0093, -0.0190,  0.0070,  0.0264,  0.0135,
         0.0175, -0.0207, -0.0136, -0.0035, -0.0243, -0.0066,  0.0023, -0.0125,
         0.0005, -0.0116, -0.0222,  0.0161, -0.0084, -0.0025,  0.0190,  0.0210],
       device='cuda:0') 
 Parameter containing:
tensor([ 0.0165,  0.0253, -0.0253,  0.0282,  0.0002, -0.0196, -0.0204, -0.0239,
        -0.0155, -0.0080,  0.0242,  0.0231,  0.0201, -0.0161,  0.0190, -0.0087,
        -0.0161, -0.0206, -0.0099, -0.0117, -0.0017,  0.0214,  0.0233,  0.0082,
         0.0175,  0.0095,  0.0249,  0.0188,  0.0207,  0.0200, -0.0137, -0.0022,
        -0.0223, -0.0072, -0.0253, -0.0006, -0.0182,  0.0197,  0.0137,  0.0253,
        -0.0187, -0.0029,  0.0211,  0.0093, -0.0190,  0.0070,  0.0264,  0.0135,
         0.0175, -0.0207, -0.0136, -0.0035, -0.0243, -0.0066,  0.0023, -0.0125,
         0.0005, -0.0116, -0.0222,  0.0161, -0.0084, -0.0025,  0.0190,  0.0210],
       device='cuda:0', requires_grad=True)
parameters of the network fc1.weight 
 torch.Size([256, 667776]) 
 True 
 tensor([[ 5.9976e-04,  5.2371e-04, -6.1920e-04,  ..., -1.0493e-03,
          8.0043e-04, -3.5991e-04],
        [-6.1385e-05, -1.9008e-04, -1.0605e-03,  ..., -2.4674e-04,
         -2.7789e-04,  6.8660e-04],
        [ 7.1978e-04, -6.3805e-05,  1.1338e-03,  ...,  1.6642e-04,
         -4.5623e-04,  4.6375e-04],
        ...,
        [-3.0590e-04, -7.6251e-04, -9.9064e-04,  ..., -4.7957e-04,
          5.0500e-04,  5.2190e-04],
        [-3.1807e-04, -1.0506e-03, -2.8548e-04,  ...,  9.9486e-04,
          3.1159e-04,  7.9636e-04],
        [ 2.9333e-04, -9.6651e-04,  1.1532e-03,  ...,  3.6256e-04,
          2.4530e-04, -7.6174e-04]], device='cuda:0') 
 Parameter containing:
tensor([[ 5.9976e-04,  5.2371e-04, -6.1920e-04,  ..., -1.0493e-03,
          8.0043e-04, -3.5991e-04],
        [-6.1385e-05, -1.9008e-04, -1.0605e-03,  ..., -2.4674e-04,
         -2.7789e-04,  6.8660e-04],
        [ 7.1978e-04, -6.3805e-05,  1.1338e-03,  ...,  1.6642e-04,
         -4.5623e-04,  4.6375e-04],
        ...,
        [-3.0590e-04, -7.6251e-04, -9.9064e-04,  ..., -4.7957e-04,
          5.0500e-04,  5.2190e-04],
        [-3.1807e-04, -1.0506e-03, -2.8548e-04,  ...,  9.9486e-04,
          3.1159e-04,  7.9636e-04],
        [ 2.9333e-04, -9.6651e-04,  1.1532e-03,  ...,  3.6256e-04,
          2.4530e-04, -7.6174e-04]], device='cuda:0', requires_grad=True)
parameters of the network fc1.bias 
 torch.Size([256]) 
 True 
 tensor([-9.9324e-04, -8.2995e-04, -9.6509e-04, -1.5054e-04, -9.7105e-04,
        -8.2917e-04,  8.7081e-04, -6.7405e-04, -9.2039e-04,  5.1061e-04,
         1.0680e-03,  1.1707e-04, -4.9428e-04,  8.1374e-04,  6.3235e-04,
        -1.1164e-03, -1.8673e-04, -7.6807e-04,  7.1986e-04,  3.7245e-04,
        -1.0465e-03,  6.0931e-04, -2.2885e-04,  1.5910e-04,  9.8286e-04,
        -1.0234e-03, -8.1249e-04,  3.0722e-04, -4.6795e-04, -4.9636e-04,
         1.2220e-03,  9.4333e-04,  5.4248e-04,  6.3318e-04, -3.1782e-04,
        -1.0005e-03, -5.5355e-04, -4.5869e-04, -2.0705e-04,  8.2112e-04,
         2.7880e-04, -1.1502e-03,  1.0385e-03,  9.6471e-04,  8.1718e-05,
         7.2689e-04,  3.3140e-04,  7.6051e-04,  7.7498e-04, -7.8276e-04,
        -2.5734e-04,  6.2678e-04,  9.4805e-05, -6.1917e-04, -3.2082e-04,
        -6.5268e-04,  7.8887e-04,  6.4582e-05,  4.4095e-04, -9.3596e-05,
         9.8052e-04, -2.6572e-04,  1.5759e-04, -1.1841e-03, -1.0059e-03,
         5.1048e-04,  3.6652e-04,  5.5018e-04, -6.9689e-04, -1.6290e-05,
        -5.1402e-04, -8.4619e-04,  1.1413e-03,  9.1840e-04, -6.2270e-04,
         7.9736e-04, -2.0577e-04,  1.9451e-05, -4.2325e-04,  8.1389e-04,
        -2.8005e-04, -7.9779e-04,  2.7264e-04, -8.4625e-04,  7.5139e-05,
         9.1195e-04,  2.0806e-04, -7.3145e-05, -1.2183e-03,  7.7805e-04,
        -8.1629e-04,  4.2306e-04,  6.6798e-04,  4.8142e-05,  1.8064e-04,
         1.1562e-03,  8.6711e-04,  6.6256e-04,  1.2637e-04, -9.1058e-04,
        -7.8594e-04, -1.1783e-04, -5.0796e-04,  8.6633e-04, -1.9922e-04,
        -1.7243e-04, -4.5028e-04, -9.5915e-04,  1.1574e-03, -9.7838e-04,
         9.2912e-04,  7.2346e-05,  1.0614e-03, -2.1661e-04,  4.6029e-04,
        -9.0821e-04, -4.3221e-04,  1.1161e-03,  7.7624e-05, -7.7145e-04,
         3.1485e-04,  7.8899e-04, -8.2303e-04, -1.1806e-05, -1.0966e-03,
        -6.3757e-04,  1.0441e-03, -1.2120e-04, -3.2555e-04, -9.9650e-04,
         6.9376e-04,  2.2340e-04,  3.5679e-04, -1.2061e-03,  1.2107e-03,
        -9.2645e-04, -6.5897e-05,  9.7190e-04,  2.9542e-04,  6.6525e-05,
         8.2828e-04,  1.1883e-03,  8.3516e-04, -1.0239e-03, -2.0513e-04,
        -9.3111e-04, -1.3035e-04, -8.4996e-05, -5.9218e-04, -1.8424e-04,
        -5.2947e-04, -1.0661e-03, -8.3455e-05,  3.2632e-04, -5.2607e-05,
         1.0105e-04, -7.2477e-04,  1.0296e-03,  9.6129e-04,  7.5097e-04,
         4.6007e-04,  7.2312e-04,  3.3626e-04,  1.1232e-03, -8.1018e-04,
         7.9083e-04, -5.7342e-04, -3.7241e-04, -1.9731e-04,  4.2913e-04,
         1.1410e-04,  1.0141e-03,  4.7572e-04,  6.5940e-04,  7.4886e-04,
        -8.0252e-04, -5.3925e-04,  3.2062e-04,  8.2089e-04,  1.1529e-03,
         2.0836e-04,  7.4351e-04, -3.3637e-04,  1.6918e-04, -3.4618e-05,
         3.3973e-04,  6.3315e-04,  3.1280e-04, -4.5290e-04, -4.4343e-04,
        -9.6173e-05, -8.4249e-04, -1.9560e-04, -7.4014e-04, -1.1570e-03,
         7.5400e-04,  1.0207e-03,  6.6774e-04, -3.6919e-05, -8.7179e-04,
         3.0214e-04, -6.8572e-04,  2.9492e-04,  8.1372e-04, -2.2101e-04,
         5.6579e-05,  1.2207e-03,  8.7566e-04,  9.0070e-04, -5.4702e-04,
         7.6957e-04, -6.8812e-04, -3.9135e-04,  2.6444e-04, -1.8738e-04,
         6.5692e-04,  5.4204e-04, -7.4303e-04,  4.7119e-04,  1.0598e-03,
         6.8254e-04, -6.6518e-04, -5.6432e-04,  1.0435e-03,  3.1589e-04,
        -1.1398e-03, -1.1606e-03, -1.0569e-03, -3.2044e-04,  5.4576e-04,
        -2.1092e-04,  5.1298e-04, -6.6282e-04,  1.1466e-03,  8.9732e-04,
         6.1548e-04,  3.0239e-04,  1.1346e-03,  2.2127e-04, -7.0845e-04,
        -9.4175e-04, -3.6523e-05, -8.2408e-04,  4.8312e-04,  1.0001e-03,
         3.1472e-04,  7.6754e-04,  8.7049e-04,  1.1068e-03, -7.1388e-05,
         8.3500e-04, -1.1284e-03,  1.1173e-03, -1.9852e-04,  1.6392e-04,
        -1.0028e-03], device='cuda:0') 
 Parameter containing:
tensor([-9.9324e-04, -8.2995e-04, -9.6509e-04, -1.5054e-04, -9.7105e-04,
        -8.2917e-04,  8.7081e-04, -6.7405e-04, -9.2039e-04,  5.1061e-04,
         1.0680e-03,  1.1707e-04, -4.9428e-04,  8.1374e-04,  6.3235e-04,
        -1.1164e-03, -1.8673e-04, -7.6807e-04,  7.1986e-04,  3.7245e-04,
        -1.0465e-03,  6.0931e-04, -2.2885e-04,  1.5910e-04,  9.8286e-04,
        -1.0234e-03, -8.1249e-04,  3.0722e-04, -4.6795e-04, -4.9636e-04,
         1.2220e-03,  9.4333e-04,  5.4248e-04,  6.3318e-04, -3.1782e-04,
        -1.0005e-03, -5.5355e-04, -4.5869e-04, -2.0705e-04,  8.2112e-04,
         2.7880e-04, -1.1502e-03,  1.0385e-03,  9.6471e-04,  8.1718e-05,
         7.2689e-04,  3.3140e-04,  7.6051e-04,  7.7498e-04, -7.8276e-04,
        -2.5734e-04,  6.2678e-04,  9.4805e-05, -6.1917e-04, -3.2082e-04,
        -6.5268e-04,  7.8887e-04,  6.4582e-05,  4.4095e-04, -9.3596e-05,
         9.8052e-04, -2.6572e-04,  1.5759e-04, -1.1841e-03, -1.0059e-03,
         5.1048e-04,  3.6652e-04,  5.5018e-04, -6.9689e-04, -1.6290e-05,
        -5.1402e-04, -8.4619e-04,  1.1413e-03,  9.1840e-04, -6.2270e-04,
         7.9736e-04, -2.0577e-04,  1.9451e-05, -4.2325e-04,  8.1389e-04,
        -2.8005e-04, -7.9779e-04,  2.7264e-04, -8.4625e-04,  7.5139e-05,
         9.1195e-04,  2.0806e-04, -7.3145e-05, -1.2183e-03,  7.7805e-04,
        -8.1629e-04,  4.2306e-04,  6.6798e-04,  4.8142e-05,  1.8064e-04,
         1.1562e-03,  8.6711e-04,  6.6256e-04,  1.2637e-04, -9.1058e-04,
        -7.8594e-04, -1.1783e-04, -5.0796e-04,  8.6633e-04, -1.9922e-04,
        -1.7243e-04, -4.5028e-04, -9.5915e-04,  1.1574e-03, -9.7838e-04,
         9.2912e-04,  7.2346e-05,  1.0614e-03, -2.1661e-04,  4.6029e-04,
        -9.0821e-04, -4.3221e-04,  1.1161e-03,  7.7624e-05, -7.7145e-04,
         3.1485e-04,  7.8899e-04, -8.2303e-04, -1.1806e-05, -1.0966e-03,
        -6.3757e-04,  1.0441e-03, -1.2120e-04, -3.2555e-04, -9.9650e-04,
         6.9376e-04,  2.2340e-04,  3.5679e-04, -1.2061e-03,  1.2107e-03,
        -9.2645e-04, -6.5897e-05,  9.7190e-04,  2.9542e-04,  6.6525e-05,
         8.2828e-04,  1.1883e-03,  8.3516e-04, -1.0239e-03, -2.0513e-04,
        -9.3111e-04, -1.3035e-04, -8.4996e-05, -5.9218e-04, -1.8424e-04,
        -5.2947e-04, -1.0661e-03, -8.3455e-05,  3.2632e-04, -5.2607e-05,
         1.0105e-04, -7.2477e-04,  1.0296e-03,  9.6129e-04,  7.5097e-04,
         4.6007e-04,  7.2312e-04,  3.3626e-04,  1.1232e-03, -8.1018e-04,
         7.9083e-04, -5.7342e-04, -3.7241e-04, -1.9731e-04,  4.2913e-04,
         1.1410e-04,  1.0141e-03,  4.7572e-04,  6.5940e-04,  7.4886e-04,
        -8.0252e-04, -5.3925e-04,  3.2062e-04,  8.2089e-04,  1.1529e-03,
         2.0836e-04,  7.4351e-04, -3.3637e-04,  1.6918e-04, -3.4618e-05,
         3.3973e-04,  6.3315e-04,  3.1280e-04, -4.5290e-04, -4.4343e-04,
        -9.6173e-05, -8.4249e-04, -1.9560e-04, -7.4014e-04, -1.1570e-03,
         7.5400e-04,  1.0207e-03,  6.6774e-04, -3.6919e-05, -8.7179e-04,
         3.0214e-04, -6.8572e-04,  2.9492e-04,  8.1372e-04, -2.2101e-04,
         5.6579e-05,  1.2207e-03,  8.7566e-04,  9.0070e-04, -5.4702e-04,
         7.6957e-04, -6.8812e-04, -3.9135e-04,  2.6444e-04, -1.8738e-04,
         6.5692e-04,  5.4204e-04, -7.4303e-04,  4.7119e-04,  1.0598e-03,
         6.8254e-04, -6.6518e-04, -5.6432e-04,  1.0435e-03,  3.1589e-04,
        -1.1398e-03, -1.1606e-03, -1.0569e-03, -3.2044e-04,  5.4576e-04,
        -2.1092e-04,  5.1298e-04, -6.6282e-04,  1.1466e-03,  8.9732e-04,
         6.1548e-04,  3.0239e-04,  1.1346e-03,  2.2127e-04, -7.0845e-04,
        -9.4175e-04, -3.6523e-05, -8.2408e-04,  4.8312e-04,  1.0001e-03,
         3.1472e-04,  7.6754e-04,  8.7049e-04,  1.1068e-03, -7.1388e-05,
         8.3500e-04, -1.1284e-03,  1.1173e-03, -1.9852e-04,  1.6392e-04,
        -1.0028e-03], device='cuda:0', requires_grad=True)
parameters of the network fc2.weight 
 torch.Size([128, 256]) 
 True 
 tensor([[-0.0205,  0.0265, -0.0615,  ...,  0.0574,  0.0244, -0.0528],
        [-0.0486,  0.0117,  0.0416,  ...,  0.0442,  0.0608, -0.0308],
        [ 0.0165,  0.0418,  0.0334,  ..., -0.0608, -0.0147,  0.0102],
        ...,
        [ 0.0607,  0.0209, -0.0150,  ..., -0.0598, -0.0563, -0.0280],
        [-0.0306,  0.0153, -0.0325,  ..., -0.0056,  0.0206,  0.0560],
        [ 0.0366, -0.0034, -0.0583,  ..., -0.0545,  0.0326,  0.0348]],
       device='cuda:0') 
 Parameter containing:
tensor([[-0.0205,  0.0265, -0.0615,  ...,  0.0574,  0.0244, -0.0528],
        [-0.0486,  0.0117,  0.0416,  ...,  0.0442,  0.0608, -0.0308],
        [ 0.0165,  0.0418,  0.0334,  ..., -0.0608, -0.0147,  0.0102],
        ...,
        [ 0.0607,  0.0209, -0.0150,  ..., -0.0598, -0.0563, -0.0280],
        [-0.0306,  0.0153, -0.0325,  ..., -0.0056,  0.0206,  0.0560],
        [ 0.0366, -0.0034, -0.0583,  ..., -0.0545,  0.0326,  0.0348]],
       device='cuda:0', requires_grad=True)
parameters of the network fc2.bias 
 torch.Size([128]) 
 True 
 tensor([ 0.0221,  0.0497, -0.0199, -0.0391, -0.0365,  0.0406, -0.0321,  0.0293,
        -0.0047,  0.0307, -0.0481, -0.0213, -0.0190, -0.0376, -0.0523, -0.0402,
        -0.0470,  0.0258, -0.0121,  0.0048, -0.0007,  0.0482, -0.0446,  0.0262,
        -0.0366,  0.0372,  0.0496, -0.0403, -0.0508, -0.0421, -0.0152, -0.0160,
        -0.0397, -0.0614, -0.0574,  0.0585, -0.0205,  0.0173,  0.0203,  0.0159,
         0.0403, -0.0416, -0.0279, -0.0015,  0.0559,  0.0037,  0.0327,  0.0487,
         0.0063, -0.0289, -0.0462, -0.0430,  0.0567,  0.0345, -0.0068,  0.0540,
         0.0585, -0.0556, -0.0008,  0.0323, -0.0621, -0.0438,  0.0606, -0.0071,
         0.0022, -0.0560,  0.0589,  0.0095,  0.0473, -0.0318,  0.0590,  0.0355,
        -0.0139,  0.0112,  0.0190, -0.0144,  0.0111, -0.0433,  0.0081, -0.0032,
         0.0322, -0.0203,  0.0132, -0.0490, -0.0476, -0.0573, -0.0367,  0.0431,
         0.0144,  0.0583, -0.0049,  0.0619, -0.0361, -0.0505, -0.0119, -0.0596,
         0.0260, -0.0070,  0.0241,  0.0387,  0.0526,  0.0097, -0.0027, -0.0502,
         0.0266, -0.0089, -0.0045,  0.0011,  0.0065, -0.0038,  0.0493,  0.0587,
         0.0175,  0.0162,  0.0126,  0.0144, -0.0499, -0.0598,  0.0123,  0.0607,
         0.0452,  0.0127,  0.0024,  0.0545,  0.0503,  0.0532,  0.0133,  0.0559],
       device='cuda:0') 
 Parameter containing:
tensor([ 0.0221,  0.0497, -0.0199, -0.0391, -0.0365,  0.0406, -0.0321,  0.0293,
        -0.0047,  0.0307, -0.0481, -0.0213, -0.0190, -0.0376, -0.0523, -0.0402,
        -0.0470,  0.0258, -0.0121,  0.0048, -0.0007,  0.0482, -0.0446,  0.0262,
        -0.0366,  0.0372,  0.0496, -0.0403, -0.0508, -0.0421, -0.0152, -0.0160,
        -0.0397, -0.0614, -0.0574,  0.0585, -0.0205,  0.0173,  0.0203,  0.0159,
         0.0403, -0.0416, -0.0279, -0.0015,  0.0559,  0.0037,  0.0327,  0.0487,
         0.0063, -0.0289, -0.0462, -0.0430,  0.0567,  0.0345, -0.0068,  0.0540,
         0.0585, -0.0556, -0.0008,  0.0323, -0.0621, -0.0438,  0.0606, -0.0071,
         0.0022, -0.0560,  0.0589,  0.0095,  0.0473, -0.0318,  0.0590,  0.0355,
        -0.0139,  0.0112,  0.0190, -0.0144,  0.0111, -0.0433,  0.0081, -0.0032,
         0.0322, -0.0203,  0.0132, -0.0490, -0.0476, -0.0573, -0.0367,  0.0431,
         0.0144,  0.0583, -0.0049,  0.0619, -0.0361, -0.0505, -0.0119, -0.0596,
         0.0260, -0.0070,  0.0241,  0.0387,  0.0526,  0.0097, -0.0027, -0.0502,
         0.0266, -0.0089, -0.0045,  0.0011,  0.0065, -0.0038,  0.0493,  0.0587,
         0.0175,  0.0162,  0.0126,  0.0144, -0.0499, -0.0598,  0.0123,  0.0607,
         0.0452,  0.0127,  0.0024,  0.0545,  0.0503,  0.0532,  0.0133,  0.0559],
       device='cuda:0', requires_grad=True)
parameters of the network fc3.weight 
 torch.Size([64, 128]) 
 True 
 tensor([[ 0.0108, -0.0543, -0.0541,  ..., -0.0210, -0.0764,  0.0850],
        [-0.0140, -0.0182,  0.0705,  ..., -0.0841,  0.0810,  0.0096],
        [ 0.0498, -0.0813,  0.0008,  ..., -0.0664, -0.0309, -0.0373],
        ...,
        [ 0.0406,  0.0045,  0.0642,  ...,  0.0386,  0.0510, -0.0553],
        [-0.0525,  0.0879, -0.0713,  ..., -0.0125,  0.0423, -0.0363],
        [-0.0444,  0.0122,  0.0346,  ...,  0.0009, -0.0788, -0.0258]],
       device='cuda:0') 
 Parameter containing:
tensor([[ 0.0108, -0.0543, -0.0541,  ..., -0.0210, -0.0764,  0.0850],
        [-0.0140, -0.0182,  0.0705,  ..., -0.0841,  0.0810,  0.0096],
        [ 0.0498, -0.0813,  0.0008,  ..., -0.0664, -0.0309, -0.0373],
        ...,
        [ 0.0406,  0.0045,  0.0642,  ...,  0.0386,  0.0510, -0.0553],
        [-0.0525,  0.0879, -0.0713,  ..., -0.0125,  0.0423, -0.0363],
        [-0.0444,  0.0122,  0.0346,  ...,  0.0009, -0.0788, -0.0258]],
       device='cuda:0', requires_grad=True)
parameters of the network fc3.bias 
 torch.Size([64]) 
 True 
 tensor([-0.0433,  0.0167, -0.0377, -0.0689, -0.0076,  0.0274,  0.0242, -0.0091,
        -0.0243, -0.0024,  0.0870,  0.0188, -0.0236, -0.0043,  0.0785, -0.0883,
         0.0651,  0.0608,  0.0800, -0.0521, -0.0176, -0.0154,  0.0576,  0.0153,
        -0.0111, -0.0325,  0.0325, -0.0310,  0.0411, -0.0388,  0.0098,  0.0213,
        -0.0547,  0.0353,  0.0392, -0.0306, -0.0465,  0.0159,  0.0440, -0.0277,
         0.0227, -0.0187, -0.0249,  0.0153, -0.0509,  0.0114,  0.0863,  0.0852,
         0.0212, -0.0637,  0.0020,  0.0207,  0.0107,  0.0375, -0.0294,  0.0534,
         0.0677,  0.0449,  0.0119,  0.0491,  0.0619,  0.0828,  0.0452,  0.0739],
       device='cuda:0') 
 Parameter containing:
tensor([-0.0433,  0.0167, -0.0377, -0.0689, -0.0076,  0.0274,  0.0242, -0.0091,
        -0.0243, -0.0024,  0.0870,  0.0188, -0.0236, -0.0043,  0.0785, -0.0883,
         0.0651,  0.0608,  0.0800, -0.0521, -0.0176, -0.0154,  0.0576,  0.0153,
        -0.0111, -0.0325,  0.0325, -0.0310,  0.0411, -0.0388,  0.0098,  0.0213,
        -0.0547,  0.0353,  0.0392, -0.0306, -0.0465,  0.0159,  0.0440, -0.0277,
         0.0227, -0.0187, -0.0249,  0.0153, -0.0509,  0.0114,  0.0863,  0.0852,
         0.0212, -0.0637,  0.0020,  0.0207,  0.0107,  0.0375, -0.0294,  0.0534,
         0.0677,  0.0449,  0.0119,  0.0491,  0.0619,  0.0828,  0.0452,  0.0739],
       device='cuda:0', requires_grad=True)
parameters of the network fc4.weight 
 torch.Size([6796, 64]) 
 True 
 tensor([[-0.1248,  0.0482, -0.0354,  ...,  0.0425, -0.0178, -0.1227],
        [ 0.0422, -0.0679,  0.0771,  ...,  0.0404,  0.1230, -0.0982],
        [-0.0504, -0.0715,  0.1104,  ...,  0.0124,  0.0263, -0.0480],
        ...,
        [ 0.0287, -0.0577,  0.0437,  ..., -0.1149,  0.0146, -0.1225],
        [ 0.0096, -0.0691,  0.0335,  ..., -0.1240,  0.0350,  0.0299],
        [ 0.0448,  0.0462,  0.0943,  ..., -0.1228, -0.0383, -0.0232]],
       device='cuda:0') 
 Parameter containing:
tensor([[-0.1248,  0.0482, -0.0354,  ...,  0.0425, -0.0178, -0.1227],
        [ 0.0422, -0.0679,  0.0771,  ...,  0.0404,  0.1230, -0.0982],
        [-0.0504, -0.0715,  0.1104,  ...,  0.0124,  0.0263, -0.0480],
        ...,
        [ 0.0287, -0.0577,  0.0437,  ..., -0.1149,  0.0146, -0.1225],
        [ 0.0096, -0.0691,  0.0335,  ..., -0.1240,  0.0350,  0.0299],
        [ 0.0448,  0.0462,  0.0943,  ..., -0.1228, -0.0383, -0.0232]],
       device='cuda:0', requires_grad=True)
parameters of the network fc4.bias 
 torch.Size([6796]) 
 True 
 tensor([-0.0059, -0.0953, -0.0524,  ...,  0.0954, -0.0570, -0.0679],
       device='cuda:0') 
 Parameter containing:
tensor([-0.0059, -0.0953, -0.0524,  ...,  0.0954, -0.0570, -0.0679],
       device='cuda:0', requires_grad=True)

Passing event 1007 from the network before training input tensor([[0., 0., 0.,  ..., 0., 0., 0.],
        [0., 0., 0.,  ..., 0., 0., 0.],
        [0., 0., 0.,  ..., 0., 0., 0.],
        ...,
        [0., 0., 0.,  ..., 0., 0., 0.],
        [0., 0., 0.,  ..., 0., 0., 0.],
        [0., 0., 0.,  ..., 0., 0., 0.]]) 
result1: tensor([[0.5003, 0.4722, 0.4802,  ..., 0.5227, 0.4929, 0.4767],
        [0.5004, 0.4723, 0.4801,  ..., 0.5227, 0.4929, 0.4768],
        [0.5003, 0.4722, 0.4802,  ..., 0.5227, 0.4929, 0.4768],
        ...,
        [0.5003, 0.4722, 0.4802,  ..., 0.5227, 0.4929, 0.4767],
        [0.5004, 0.4723, 0.4801,  ..., 0.5227, 0.4929, 0.4768],
        [0.5003, 0.4722, 0.4802,  ..., 0.5227, 0.4929, 0.4768]],
       device='cuda:0', grad_fn=<SigmoidBackward0>) 
result1.shape: torch.Size([20, 6796])

Passing two random events from the network before training 
result1: tensor([[0.5003, 0.4722, 0.4802,  ..., 0.5227, 0.4929, 0.4767],
        [0.5004, 0.4723, 0.4801,  ..., 0.5227, 0.4929, 0.4768],
        [0.5003, 0.4722, 0.4802,  ..., 0.5227, 0.4929, 0.4768],
        ...,
        [0.5003, 0.4722, 0.4802,  ..., 0.5227, 0.4929, 0.4767],
        [0.5004, 0.4723, 0.4801,  ..., 0.5227, 0.4929, 0.4768],
        [0.5003, 0.4722, 0.4802,  ..., 0.5227, 0.4929, 0.4768]],
       device='cuda:0', grad_fn=<SigmoidBackward0>) 
result1.shape: torch.Size([20, 6796]) 
input: [[0. 0. 0. ... 0. 0. 0.]
 [0. 0. 0. ... 0. 0. 0.]
 [0. 0. 0. ... 0. 0. 0.]
 ...
 [0. 0. 0. ... 0. 0. 0.]
 [0. 0. 0. ... 0. 0. 0.]
 [0. 0. 0. ... 0. 0. 0.]]
=> loading checkpoint from /hpcfs/bes/mlgpu/hoseinkk/MLTracking/otherparticles/pppipi/pyt_pppipi_cnn_1/checkpoint_dir/1999840284saved_checkpoint.tar



load_model True 
TraEvN 19998 
BatchSize 30.0 
EpochNum 40 
LrVal 0.0001 
weight_decay 5e-05 
startmesh 284 
endmesh 285 




Passing event 10007 from the network before training input tensor([[0., 0., 0.,  ..., 0., 0., 0.],
        [0., 0., 0.,  ..., 0., 0., 0.],
        [0., 0., 0.,  ..., 0., 0., 0.],
        ...,
        [0., 0., 0.,  ..., 0., 0., 0.],
        [0., 0., 0.,  ..., 0., 0., 0.],
        [0., 0., 0.,  ..., 0., 0., 0.]]) 
result1: tensor([9.9937e-01, 1.0000e+00, 1.0000e+00,  ..., 6.0482e-33, 8.2983e-38,
        5.9066e-13], grad_fn=<SelectBackward0>) 
result1.shape: torch.Size([6796])

Passing event 10007 from the network after training input tensor([[0., 0., 0.,  ..., 0., 0., 0.],
        [0., 0., 0.,  ..., 0., 0., 0.],
        [0., 0., 0.,  ..., 0., 0., 0.],
        ...,
        [0., 0., 0.,  ..., 0., 0., 0.],
        [0., 0., 0.,  ..., 0., 0., 0.],
        [0., 0., 0.,  ..., 0., 0., 0.]]) 
result1: tensor([0.5272, 0.4890, 0.5147,  ..., 0.5297, 0.4867, 0.5118],
       grad_fn=<SelectBackward0>) 
result1.shape: torch.Size([6796])

real	0m55.455s
user	1m10.062s
sys	0m6.256s
