0: gpu021.ihep.ac.cn
GPU 0: Tesla V100-SXM2-32GB (UUID: GPU-d070abdc-2a34-a2f1-fcf5-3bd4a3b59895)
Allocate GPU cards : 0

modinfo:
filename:       /lib/modules/3.10.0-1160.71.1.el7.x86_64/extra/nvidia.ko.xz
firmware:       nvidia/515.65.01/gsp.bin
alias:          char-major-195-*
version:        515.65.01
supported:      external
license:        NVIDIA
retpoline:      Y
rhelversion:    7.9
srcversion:     8049D44E2C1B08F41E1B8A6
alias:          pci:v000010DEd*sv*sd*bc06sc80i00*
alias:          pci:v000010DEd*sv*sd*bc03sc02i00*
alias:          pci:v000010DEd*sv*sd*bc03sc00i00*
depends:        drm
vermagic:       3.10.0-1160.71.1.el7.x86_64 SMP mod_unload modversions 
signer:         DKMS module signing key
sig_key:        C2:44:16:3E:F4:B2:32:61:B4:43:86:F6:64:80:CC:44:95:DA:BA:12
sig_hashalgo:   sha512
parm:           NvSwitchRegDwords:NvSwitch regkey (charp)
parm:           NvSwitchBlacklist:NvSwitchBlacklist=uuid[,uuid...] (charp)
parm:           NVreg_ResmanDebugLevel:int
parm:           NVreg_RmLogonRC:int
parm:           NVreg_ModifyDeviceFiles:int
parm:           NVreg_DeviceFileUID:int
parm:           NVreg_DeviceFileGID:int
parm:           NVreg_DeviceFileMode:int
parm:           NVreg_InitializeSystemMemoryAllocations:int
parm:           NVreg_UsePageAttributeTable:int
parm:           NVreg_EnablePCIeGen3:int
parm:           NVreg_EnableMSI:int
parm:           NVreg_TCEBypassMode:int
parm:           NVreg_EnableStreamMemOPs:int
parm:           NVreg_RestrictProfilingToAdminUsers:int
parm:           NVreg_PreserveVideoMemoryAllocations:int
parm:           NVreg_EnableS0ixPowerManagement:int
parm:           NVreg_S0ixPowerManagementVideoMemoryThreshold:int
parm:           NVreg_DynamicPowerManagement:int
parm:           NVreg_DynamicPowerManagementVideoMemoryThreshold:int
parm:           NVreg_EnableGpuFirmware:int
parm:           NVreg_EnableGpuFirmwareLogs:int
parm:           NVreg_OpenRmEnableUnsupportedGpus:int
parm:           NVreg_EnableUserNUMAManagement:int
parm:           NVreg_MemoryPoolSize:int
parm:           NVreg_KMallocHeapMaxSize:int
parm:           NVreg_VMallocHeapMaxSize:int
parm:           NVreg_IgnoreMMIOCheck:int
parm:           NVreg_NvLinkDisable:int
parm:           NVreg_EnablePCIERelaxedOrderingMode:int
parm:           NVreg_RegisterPCIDriver:int
parm:           NVreg_EnableDbgBreakpoint:int
parm:           NVreg_RegistryDwords:charp
parm:           NVreg_RegistryDwordsPerDevice:charp
parm:           NVreg_RmMsg:charp
parm:           NVreg_GpuBlacklist:charp
parm:           NVreg_TemporaryFilePath:charp
parm:           NVreg_ExcludedGpus:charp
parm:           NVreg_DmaRemapPeerMmio:int
parm:           rm_firmware_active:charp

nvidia-smi:
Tue Aug 30 06:35:38 2022       
+-----------------------------------------------------------------------------+
| NVIDIA-SMI 515.65.01    Driver Version: 515.65.01    CUDA Version: 11.7     |
|-------------------------------+----------------------+----------------------+
| GPU  Name        Persistence-M| Bus-Id        Disp.A | Volatile Uncorr. ECC |
| Fan  Temp  Perf  Pwr:Usage/Cap|         Memory-Usage | GPU-Util  Compute M. |
|                               |                      |               MIG M. |
|===============================+======================+======================|
|   0  Tesla V100-SXM2...  On   | 00000000:1F:00.0 Off |                    0 |
| N/A   36C    P0    38W / 300W |      0MiB / 32768MiB |      0%      Default |
|                               |                      |                  N/A |
+-------------------------------+----------------------+----------------------+
                                                                               
+-----------------------------------------------------------------------------+
| Processes:                                                                  |
|  GPU   GI   CI        PID   Type   Process name                  GPU Memory |
|        ID   ID                                                   Usage      |
|=============================================================================|
|  No running processes found                                                 |
+-----------------------------------------------------------------------------+

nvcc --version:
nvcc: NVIDIA (R) Cuda compiler driver
Copyright (c) 2005-2021 NVIDIA Corporation
Built on Sun_Mar_21_19:15:46_PDT_2021
Cuda compilation tools, release 11.3, V11.3.58
Build cuda_11.3.r11.3/compiler.29745058_0

 torch version: 1.10.2

 cuda version: 11.3

 is cuda available: True

 CUDNN VERSION: 8200

 Number CUDA Devices: 1

 CUDA Device Name: Tesla V100-SXM2-32GB

 CUDA Device Total Memory [GB]: 34.089926656

 Device capability: (7, 0) 

 Cuda deviice: <torch.cuda.device object at 0x2b16e24848e0> 

 Is cuda initialized: True

 CUDA_HOME: /hpcfs/bes/mlgpu/hoseinkk/Miniconda3/envs/dgl1

real	0m38.229s
user	0m3.510s
sys	0m2.016s
/hpcfs/bes/mlgpu/hoseinkk/Miniconda3/envs/dgl1/lib/python3.9/site-packages/cupy/_environment.py:438: UserWarning: 
--------------------------------------------------------------------------------

  CuPy may not function correctly because multiple CuPy packages are installed
  in your environment:

    cupy, cupy-cuda110

  Follow these steps to resolve this issue:

    1. For all packages listed above, run the following command to remove all
       existing CuPy installations:

         $ pip uninstall <package_name>

      If you previously installed CuPy via conda, also run the following:

         $ conda uninstall cupy

    2. Install the appropriate CuPy package.
       Refer to the Installation Guide for detailed instructions.

         https://docs.cupy.dev/en/stable/install.html

--------------------------------------------------------------------------------

  warnings.warn(f'''
/hpcfs/bes/mlgpu/hoseinkk/Miniconda3/envs/dgl1/lib/python3.9/site-packages/torch/nn/functional.py:1806: UserWarning: nn.functional.sigmoid is deprecated. Use torch.sigmoid instead.
  warnings.warn("nn.functional.sigmoid is deprecated. Use torch.sigmoid instead.")





 Loading data ... 



training set shape (20000, 43, 288) 
sum 5279207

target set shape (20000, 6796) 
sum 4575851




 The Network ... 


Net(
  (conv1): Conv2d(1, 256, kernel_size=(3, 3), stride=(1, 1))
  (conv2): Conv2d(256, 128, kernel_size=(3, 3), stride=(1, 1))
  (conv3): Conv2d(128, 64, kernel_size=(3, 3), stride=(1, 1))
  (fc1): Linear(in_features=667776, out_features=256, bias=True)
  (fc2): Linear(in_features=256, out_features=128, bias=True)
  (fc3): Linear(in_features=128, out_features=64, bias=True)
  (fc4): Linear(in_features=64, out_features=6796, bias=True)
)

number of the free parameters: 171805196
parameters of the network conv1.weight 
 torch.Size([256, 1, 3, 3]) 
 True 
 tensor([[[[ 1.4772e-01, -2.7582e-01,  2.3813e-01],
          [-5.8936e-02,  7.4466e-05,  2.4552e-01],
          [-2.9019e-01,  6.0748e-02,  2.8706e-01]]],


        [[[ 1.6916e-01,  7.3214e-02, -2.1000e-01],
          [-7.0649e-02,  1.9008e-01, -2.6637e-01],
          [-3.1154e-01, -1.3056e-01, -1.3091e-01]]],


        [[[-2.2845e-02,  5.4426e-02,  2.7051e-01],
          [-2.0945e-01,  1.9106e-01,  9.2114e-02],
          [-3.6157e-02, -3.0574e-02, -1.8776e-01]]],


        ...,


        [[[ 2.6020e-01, -1.4564e-01,  9.7713e-02],
          [ 3.2583e-01, -1.9731e-01, -2.4318e-01],
          [-3.1651e-02,  2.8575e-01,  2.4938e-02]]],


        [[[ 9.4191e-02, -5.8984e-03,  1.1889e-01],
          [ 2.5430e-01,  2.7682e-01, -1.7045e-01],
          [ 3.2162e-01,  1.1242e-01,  1.0535e-01]]],


        [[[ 7.2198e-02, -2.6292e-01, -1.5525e-01],
          [-3.1779e-01, -2.0264e-01, -1.7533e-02],
          [ 3.1206e-01, -1.3857e-01, -7.6749e-02]]]], device='cuda:0') 
 Parameter containing:
tensor([[[[ 1.4772e-01, -2.7582e-01,  2.3813e-01],
          [-5.8936e-02,  7.4466e-05,  2.4552e-01],
          [-2.9019e-01,  6.0748e-02,  2.8706e-01]]],


        [[[ 1.6916e-01,  7.3214e-02, -2.1000e-01],
          [-7.0649e-02,  1.9008e-01, -2.6637e-01],
          [-3.1154e-01, -1.3056e-01, -1.3091e-01]]],


        [[[-2.2845e-02,  5.4426e-02,  2.7051e-01],
          [-2.0945e-01,  1.9106e-01,  9.2114e-02],
          [-3.6157e-02, -3.0574e-02, -1.8776e-01]]],


        ...,


        [[[ 2.6020e-01, -1.4564e-01,  9.7713e-02],
          [ 3.2583e-01, -1.9731e-01, -2.4318e-01],
          [-3.1651e-02,  2.8575e-01,  2.4938e-02]]],


        [[[ 9.4191e-02, -5.8984e-03,  1.1889e-01],
          [ 2.5430e-01,  2.7682e-01, -1.7045e-01],
          [ 3.2162e-01,  1.1242e-01,  1.0535e-01]]],


        [[[ 7.2198e-02, -2.6292e-01, -1.5525e-01],
          [-3.1779e-01, -2.0264e-01, -1.7533e-02],
          [ 3.1206e-01, -1.3857e-01, -7.6749e-02]]]], device='cuda:0',
       requires_grad=True)
parameters of the network conv1.bias 
 torch.Size([256]) 
 True 
 tensor([-0.3105, -0.0366,  0.1856, -0.1491, -0.0783, -0.0566, -0.1830, -0.0754,
        -0.3237, -0.0880,  0.1205,  0.1321, -0.2545,  0.0293,  0.2275,  0.3186,
        -0.1885,  0.1584,  0.0016, -0.2903,  0.0216, -0.3136, -0.1365, -0.0415,
        -0.2851, -0.2343,  0.1123,  0.2808, -0.1086,  0.2600, -0.1956,  0.3052,
         0.1638, -0.2507, -0.2522, -0.0416, -0.1678,  0.0500, -0.3290, -0.1786,
        -0.1278,  0.2665, -0.1084, -0.2474, -0.3250,  0.1491, -0.2649,  0.0529,
        -0.0376, -0.3073, -0.0905,  0.1641, -0.1606, -0.2271,  0.1726,  0.2442,
        -0.0522, -0.0239,  0.2370,  0.2441, -0.0507,  0.0980,  0.0183,  0.3084,
        -0.1924,  0.1585,  0.1373, -0.0011, -0.0237,  0.0425, -0.1434, -0.0305,
        -0.0026, -0.2823, -0.2514,  0.2716, -0.1367, -0.0280,  0.2568,  0.2608,
        -0.1326,  0.1506,  0.1346, -0.0749,  0.3124,  0.2644, -0.3226, -0.2836,
        -0.1561, -0.1520, -0.0813, -0.0028,  0.0079,  0.2084, -0.0437, -0.0012,
         0.3304,  0.1870, -0.1575,  0.1979,  0.2078,  0.0488, -0.2091,  0.0227,
        -0.0947, -0.2585, -0.0212, -0.1597, -0.2110,  0.0402, -0.0834,  0.0108,
         0.0206,  0.0888,  0.2453, -0.2338,  0.1364,  0.0110,  0.1250,  0.0691,
         0.1986,  0.1755,  0.3283,  0.2572,  0.1541,  0.2687,  0.0440, -0.2967,
         0.0784, -0.1973, -0.0981, -0.1860, -0.2145,  0.0031, -0.0690,  0.0316,
         0.2089, -0.0343, -0.2627, -0.0040, -0.2141,  0.1062,  0.1857, -0.0206,
         0.1862, -0.3178, -0.2213,  0.1591, -0.1102, -0.1431,  0.2388,  0.2640,
        -0.0817, -0.1399, -0.3161, -0.0681, -0.1850, -0.1324,  0.3143, -0.0103,
        -0.1407,  0.2118, -0.1307,  0.0759,  0.2516, -0.2691, -0.3261,  0.2712,
         0.1651,  0.0565, -0.1392,  0.1046, -0.2160,  0.3208,  0.1690,  0.2623,
         0.2346, -0.1764,  0.1413, -0.2639,  0.0562,  0.2497, -0.2323, -0.2134,
         0.1026,  0.2118, -0.1032,  0.1449,  0.1410,  0.2352,  0.2428, -0.0612,
        -0.2542, -0.0038, -0.3229,  0.1138,  0.3167,  0.1703,  0.3227,  0.1260,
        -0.2470, -0.2008,  0.2044, -0.0054, -0.2813,  0.2247,  0.2932, -0.0694,
        -0.3322, -0.0987, -0.2650,  0.0696, -0.0661,  0.1315, -0.1825, -0.3165,
         0.0697,  0.0609,  0.0976,  0.1067, -0.0902, -0.0501,  0.1624, -0.2620,
        -0.2972,  0.0727,  0.0743,  0.0947, -0.0739,  0.2351,  0.0172, -0.3257,
         0.1078, -0.0226, -0.2974,  0.0912, -0.2216,  0.2102, -0.2024,  0.2581,
        -0.2492,  0.1723,  0.0228,  0.2663, -0.0583,  0.1442, -0.0675,  0.0900,
         0.0246,  0.2632, -0.2942, -0.0355, -0.2741, -0.1788,  0.3127, -0.1307],
       device='cuda:0') 
 Parameter containing:
tensor([-0.3105, -0.0366,  0.1856, -0.1491, -0.0783, -0.0566, -0.1830, -0.0754,
        -0.3237, -0.0880,  0.1205,  0.1321, -0.2545,  0.0293,  0.2275,  0.3186,
        -0.1885,  0.1584,  0.0016, -0.2903,  0.0216, -0.3136, -0.1365, -0.0415,
        -0.2851, -0.2343,  0.1123,  0.2808, -0.1086,  0.2600, -0.1956,  0.3052,
         0.1638, -0.2507, -0.2522, -0.0416, -0.1678,  0.0500, -0.3290, -0.1786,
        -0.1278,  0.2665, -0.1084, -0.2474, -0.3250,  0.1491, -0.2649,  0.0529,
        -0.0376, -0.3073, -0.0905,  0.1641, -0.1606, -0.2271,  0.1726,  0.2442,
        -0.0522, -0.0239,  0.2370,  0.2441, -0.0507,  0.0980,  0.0183,  0.3084,
        -0.1924,  0.1585,  0.1373, -0.0011, -0.0237,  0.0425, -0.1434, -0.0305,
        -0.0026, -0.2823, -0.2514,  0.2716, -0.1367, -0.0280,  0.2568,  0.2608,
        -0.1326,  0.1506,  0.1346, -0.0749,  0.3124,  0.2644, -0.3226, -0.2836,
        -0.1561, -0.1520, -0.0813, -0.0028,  0.0079,  0.2084, -0.0437, -0.0012,
         0.3304,  0.1870, -0.1575,  0.1979,  0.2078,  0.0488, -0.2091,  0.0227,
        -0.0947, -0.2585, -0.0212, -0.1597, -0.2110,  0.0402, -0.0834,  0.0108,
         0.0206,  0.0888,  0.2453, -0.2338,  0.1364,  0.0110,  0.1250,  0.0691,
         0.1986,  0.1755,  0.3283,  0.2572,  0.1541,  0.2687,  0.0440, -0.2967,
         0.0784, -0.1973, -0.0981, -0.1860, -0.2145,  0.0031, -0.0690,  0.0316,
         0.2089, -0.0343, -0.2627, -0.0040, -0.2141,  0.1062,  0.1857, -0.0206,
         0.1862, -0.3178, -0.2213,  0.1591, -0.1102, -0.1431,  0.2388,  0.2640,
        -0.0817, -0.1399, -0.3161, -0.0681, -0.1850, -0.1324,  0.3143, -0.0103,
        -0.1407,  0.2118, -0.1307,  0.0759,  0.2516, -0.2691, -0.3261,  0.2712,
         0.1651,  0.0565, -0.1392,  0.1046, -0.2160,  0.3208,  0.1690,  0.2623,
         0.2346, -0.1764,  0.1413, -0.2639,  0.0562,  0.2497, -0.2323, -0.2134,
         0.1026,  0.2118, -0.1032,  0.1449,  0.1410,  0.2352,  0.2428, -0.0612,
        -0.2542, -0.0038, -0.3229,  0.1138,  0.3167,  0.1703,  0.3227,  0.1260,
        -0.2470, -0.2008,  0.2044, -0.0054, -0.2813,  0.2247,  0.2932, -0.0694,
        -0.3322, -0.0987, -0.2650,  0.0696, -0.0661,  0.1315, -0.1825, -0.3165,
         0.0697,  0.0609,  0.0976,  0.1067, -0.0902, -0.0501,  0.1624, -0.2620,
        -0.2972,  0.0727,  0.0743,  0.0947, -0.0739,  0.2351,  0.0172, -0.3257,
         0.1078, -0.0226, -0.2974,  0.0912, -0.2216,  0.2102, -0.2024,  0.2581,
        -0.2492,  0.1723,  0.0228,  0.2663, -0.0583,  0.1442, -0.0675,  0.0900,
         0.0246,  0.2632, -0.2942, -0.0355, -0.2741, -0.1788,  0.3127, -0.1307],
       device='cuda:0', requires_grad=True)
parameters of the network conv2.weight 
 torch.Size([128, 256, 3, 3]) 
 True 
 tensor([[[[-1.0660e-02,  1.5362e-02,  4.1632e-03],
          [-1.4365e-02, -1.0383e-03,  1.7677e-02],
          [ 1.6131e-02,  1.8801e-02,  1.7647e-02]],

         [[-3.4445e-04,  2.4595e-03,  1.1194e-02],
          [ 1.7852e-03,  1.9876e-02, -6.3835e-03],
          [ 6.4415e-03,  2.0343e-03,  1.2097e-02]],

         [[-2.3100e-03, -4.8524e-03,  1.6264e-02],
          [-1.6936e-02,  2.2882e-03, -1.4324e-02],
          [-8.9884e-03,  6.2439e-03, -4.3095e-03]],

         ...,

         [[-2.3384e-03,  1.9710e-02,  1.4680e-02],
          [ 1.6633e-02,  2.0314e-02,  1.4226e-02],
          [-1.9189e-02, -3.0901e-03,  3.3930e-03]],

         [[-1.7583e-02,  1.3276e-02, -7.0142e-03],
          [-1.6721e-02, -5.5569e-03,  1.5616e-02],
          [-1.1531e-03, -1.6797e-02,  1.4791e-02]],

         [[ 7.4447e-03,  8.2857e-03,  1.1345e-04],
          [-2.7555e-03, -4.8853e-03, -4.5306e-03],
          [-3.2942e-03, -1.3286e-02, -1.3149e-03]]],


        [[[-1.6855e-02, -4.7293e-03, -1.4622e-02],
          [ 1.0054e-02,  1.8803e-02, -1.8216e-02],
          [ 5.6381e-03, -1.5012e-02, -1.3730e-02]],

         [[-6.5048e-03,  9.7965e-04, -1.4150e-02],
          [ 1.4336e-02, -1.3897e-02, -1.1725e-02],
          [ 6.9698e-04,  5.5552e-03, -1.5834e-02]],

         [[-1.1089e-02, -1.1740e-02,  1.5683e-02],
          [ 1.2901e-02, -1.0895e-02,  8.0061e-03],
          [-7.7471e-03,  1.4395e-02, -6.0684e-03]],

         ...,

         [[-1.0424e-02,  9.3786e-03, -5.0417e-03],
          [ 1.8496e-02, -2.0732e-02,  1.8253e-02],
          [-3.6640e-03, -1.5767e-02,  5.7266e-04]],

         [[-1.8601e-02, -5.4993e-03, -8.8061e-03],
          [ 1.6952e-02,  9.5008e-03, -3.8002e-03],
          [ 3.6807e-03,  6.9778e-03, -3.0872e-03]],

         [[ 1.0507e-02, -8.2792e-03, -8.8456e-03],
          [ 1.1953e-02,  5.9862e-03,  9.6146e-03],
          [-1.8178e-02, -9.8107e-03, -4.3292e-03]]],


        [[[ 2.8919e-03, -8.4479e-03,  1.1537e-02],
          [ 1.5358e-02,  1.7111e-02,  2.0201e-02],
          [ 6.5468e-03, -4.6414e-03, -1.5694e-02]],

         [[ 4.7383e-03,  8.3545e-03,  8.2156e-03],
          [-1.5550e-02, -1.5190e-02,  1.6306e-02],
          [-1.7778e-02,  1.4505e-02,  1.6914e-02]],

         [[-1.1164e-02,  1.4854e-02, -7.3875e-03],
          [-3.5390e-03,  1.6590e-02,  2.0594e-02],
          [-2.0729e-02,  8.6172e-03, -1.2383e-02]],

         ...,

         [[ 1.6290e-02,  1.6035e-02, -1.4040e-02],
          [-6.9868e-03,  5.8296e-03,  2.0027e-02],
          [ 1.0288e-02,  1.3862e-02,  1.8461e-02]],

         [[ 8.5052e-03,  8.5878e-05,  1.4596e-02],
          [-1.7361e-02,  4.7712e-03,  1.8763e-02],
          [-1.8592e-02, -5.2569e-03,  2.0501e-03]],

         [[-8.8328e-03, -6.3781e-03, -1.2184e-02],
          [ 2.4831e-03, -1.1639e-02,  5.1524e-03],
          [ 5.7947e-03,  7.3392e-03, -9.0782e-03]]],


        ...,


        [[[ 9.4677e-03, -1.0307e-02, -1.6663e-02],
          [ 2.1932e-03,  7.4108e-03,  8.5593e-03],
          [-1.0584e-02, -7.7674e-03, -1.0038e-02]],

         [[ 1.8962e-02, -2.1731e-03,  6.0178e-03],
          [ 1.0597e-02,  3.0375e-03,  1.1227e-02],
          [-5.6908e-03, -2.7477e-03, -1.1157e-02]],

         [[ 1.7778e-02, -5.1696e-03, -4.5526e-03],
          [ 3.2004e-03, -2.0229e-02, -1.3259e-03],
          [ 8.8636e-04,  1.1464e-02, -1.9964e-02]],

         ...,

         [[-1.8860e-02, -1.7059e-02,  2.3109e-03],
          [-8.5675e-03, -1.2422e-02, -7.4584e-03],
          [-4.9222e-03, -1.6190e-02,  1.4021e-02]],

         [[ 2.0615e-02,  4.9388e-03, -1.3310e-03],
          [-1.6442e-03, -2.0702e-02, -1.3629e-02],
          [-1.9460e-02,  1.6006e-02,  1.2350e-02]],

         [[-1.2054e-02,  7.4579e-03, -1.2727e-03],
          [-4.6725e-03,  1.1691e-02, -7.9460e-03],
          [-1.7346e-02,  1.6005e-02,  1.1437e-02]]],


        [[[-1.1972e-02, -2.4785e-03, -8.1405e-03],
          [-9.2751e-03,  1.8615e-02,  1.8881e-03],
          [-9.1550e-03,  2.0649e-02,  1.2529e-02]],

         [[ 2.6034e-03, -2.1212e-03,  1.8650e-02],
          [ 1.7877e-02,  3.8612e-03, -1.6377e-02],
          [ 1.3802e-03, -1.2016e-02,  1.2446e-02]],

         [[-7.6282e-03, -4.4469e-04, -1.0019e-03],
          [ 1.2533e-02, -1.7463e-02, -1.0452e-02],
          [ 1.5915e-03,  8.4330e-03,  2.0439e-02]],

         ...,

         [[-1.8486e-02, -9.0391e-03, -1.5843e-02],
          [-1.3829e-02, -8.8062e-03, -1.6715e-02],
          [-1.3800e-02, -1.8977e-03,  1.2617e-02]],

         [[-1.5618e-03, -8.8770e-03,  1.9804e-02],
          [ 7.7787e-03, -1.4927e-02,  1.4535e-02],
          [-1.8918e-02,  1.9331e-02, -7.0180e-03]],

         [[-7.5466e-03,  1.0743e-02,  6.2463e-03],
          [ 5.0029e-03, -1.0603e-02,  4.0223e-03],
          [ 1.2986e-02,  1.7085e-03, -1.2928e-02]]],


        [[[ 8.6169e-04, -6.2623e-03,  1.7905e-02],
          [-1.6423e-03,  8.0845e-03,  5.6408e-04],
          [ 1.6933e-02,  1.6720e-02, -3.8094e-03]],

         [[-1.5316e-02,  1.1044e-02,  1.6821e-02],
          [-8.7892e-03, -8.5834e-03,  7.8621e-03],
          [-7.6756e-03,  5.1542e-03, -1.7710e-02]],

         [[-1.3602e-02, -1.0718e-04,  8.5249e-03],
          [ 1.6705e-02, -1.9065e-02, -3.0222e-03],
          [-1.8306e-02,  1.0461e-02,  1.2268e-02]],

         ...,

         [[ 1.7662e-02,  3.5715e-03,  4.3874e-03],
          [ 1.4678e-02, -1.5921e-02,  1.0105e-02],
          [-9.4736e-03,  6.4199e-03, -1.7833e-02]],

         [[-1.1261e-02,  1.3324e-02, -2.0626e-02],
          [-4.4322e-03,  1.0846e-02,  4.6228e-04],
          [ 1.5185e-02,  2.3282e-03, -1.4734e-02]],

         [[-1.7959e-03, -1.4504e-02, -1.5890e-02],
          [-2.0293e-02, -1.3585e-02, -1.6835e-02],
          [-8.7699e-03, -1.9179e-02,  4.9925e-03]]]], device='cuda:0') 
 Parameter containing:
tensor([[[[-1.0660e-02,  1.5362e-02,  4.1632e-03],
          [-1.4365e-02, -1.0383e-03,  1.7677e-02],
          [ 1.6131e-02,  1.8801e-02,  1.7647e-02]],

         [[-3.4445e-04,  2.4595e-03,  1.1194e-02],
          [ 1.7852e-03,  1.9876e-02, -6.3835e-03],
          [ 6.4415e-03,  2.0343e-03,  1.2097e-02]],

         [[-2.3100e-03, -4.8524e-03,  1.6264e-02],
          [-1.6936e-02,  2.2882e-03, -1.4324e-02],
          [-8.9884e-03,  6.2439e-03, -4.3095e-03]],

         ...,

         [[-2.3384e-03,  1.9710e-02,  1.4680e-02],
          [ 1.6633e-02,  2.0314e-02,  1.4226e-02],
          [-1.9189e-02, -3.0901e-03,  3.3930e-03]],

         [[-1.7583e-02,  1.3276e-02, -7.0142e-03],
          [-1.6721e-02, -5.5569e-03,  1.5616e-02],
          [-1.1531e-03, -1.6797e-02,  1.4791e-02]],

         [[ 7.4447e-03,  8.2857e-03,  1.1345e-04],
          [-2.7555e-03, -4.8853e-03, -4.5306e-03],
          [-3.2942e-03, -1.3286e-02, -1.3149e-03]]],


        [[[-1.6855e-02, -4.7293e-03, -1.4622e-02],
          [ 1.0054e-02,  1.8803e-02, -1.8216e-02],
          [ 5.6381e-03, -1.5012e-02, -1.3730e-02]],

         [[-6.5048e-03,  9.7965e-04, -1.4150e-02],
          [ 1.4336e-02, -1.3897e-02, -1.1725e-02],
          [ 6.9698e-04,  5.5552e-03, -1.5834e-02]],

         [[-1.1089e-02, -1.1740e-02,  1.5683e-02],
          [ 1.2901e-02, -1.0895e-02,  8.0061e-03],
          [-7.7471e-03,  1.4395e-02, -6.0684e-03]],

         ...,

         [[-1.0424e-02,  9.3786e-03, -5.0417e-03],
          [ 1.8496e-02, -2.0732e-02,  1.8253e-02],
          [-3.6640e-03, -1.5767e-02,  5.7266e-04]],

         [[-1.8601e-02, -5.4993e-03, -8.8061e-03],
          [ 1.6952e-02,  9.5008e-03, -3.8002e-03],
          [ 3.6807e-03,  6.9778e-03, -3.0872e-03]],

         [[ 1.0507e-02, -8.2792e-03, -8.8456e-03],
          [ 1.1953e-02,  5.9862e-03,  9.6146e-03],
          [-1.8178e-02, -9.8107e-03, -4.3292e-03]]],


        [[[ 2.8919e-03, -8.4479e-03,  1.1537e-02],
          [ 1.5358e-02,  1.7111e-02,  2.0201e-02],
          [ 6.5468e-03, -4.6414e-03, -1.5694e-02]],

         [[ 4.7383e-03,  8.3545e-03,  8.2156e-03],
          [-1.5550e-02, -1.5190e-02,  1.6306e-02],
          [-1.7778e-02,  1.4505e-02,  1.6914e-02]],

         [[-1.1164e-02,  1.4854e-02, -7.3875e-03],
          [-3.5390e-03,  1.6590e-02,  2.0594e-02],
          [-2.0729e-02,  8.6172e-03, -1.2383e-02]],

         ...,

         [[ 1.6290e-02,  1.6035e-02, -1.4040e-02],
          [-6.9868e-03,  5.8296e-03,  2.0027e-02],
          [ 1.0288e-02,  1.3862e-02,  1.8461e-02]],

         [[ 8.5052e-03,  8.5878e-05,  1.4596e-02],
          [-1.7361e-02,  4.7712e-03,  1.8763e-02],
          [-1.8592e-02, -5.2569e-03,  2.0501e-03]],

         [[-8.8328e-03, -6.3781e-03, -1.2184e-02],
          [ 2.4831e-03, -1.1639e-02,  5.1524e-03],
          [ 5.7947e-03,  7.3392e-03, -9.0782e-03]]],


        ...,


        [[[ 9.4677e-03, -1.0307e-02, -1.6663e-02],
          [ 2.1932e-03,  7.4108e-03,  8.5593e-03],
          [-1.0584e-02, -7.7674e-03, -1.0038e-02]],

         [[ 1.8962e-02, -2.1731e-03,  6.0178e-03],
          [ 1.0597e-02,  3.0375e-03,  1.1227e-02],
          [-5.6908e-03, -2.7477e-03, -1.1157e-02]],

         [[ 1.7778e-02, -5.1696e-03, -4.5526e-03],
          [ 3.2004e-03, -2.0229e-02, -1.3259e-03],
          [ 8.8636e-04,  1.1464e-02, -1.9964e-02]],

         ...,

         [[-1.8860e-02, -1.7059e-02,  2.3109e-03],
          [-8.5675e-03, -1.2422e-02, -7.4584e-03],
          [-4.9222e-03, -1.6190e-02,  1.4021e-02]],

         [[ 2.0615e-02,  4.9388e-03, -1.3310e-03],
          [-1.6442e-03, -2.0702e-02, -1.3629e-02],
          [-1.9460e-02,  1.6006e-02,  1.2350e-02]],

         [[-1.2054e-02,  7.4579e-03, -1.2727e-03],
          [-4.6725e-03,  1.1691e-02, -7.9460e-03],
          [-1.7346e-02,  1.6005e-02,  1.1437e-02]]],


        [[[-1.1972e-02, -2.4785e-03, -8.1405e-03],
          [-9.2751e-03,  1.8615e-02,  1.8881e-03],
          [-9.1550e-03,  2.0649e-02,  1.2529e-02]],

         [[ 2.6034e-03, -2.1212e-03,  1.8650e-02],
          [ 1.7877e-02,  3.8612e-03, -1.6377e-02],
          [ 1.3802e-03, -1.2016e-02,  1.2446e-02]],

         [[-7.6282e-03, -4.4469e-04, -1.0019e-03],
          [ 1.2533e-02, -1.7463e-02, -1.0452e-02],
          [ 1.5915e-03,  8.4330e-03,  2.0439e-02]],

         ...,

         [[-1.8486e-02, -9.0391e-03, -1.5843e-02],
          [-1.3829e-02, -8.8062e-03, -1.6715e-02],
          [-1.3800e-02, -1.8977e-03,  1.2617e-02]],

         [[-1.5618e-03, -8.8770e-03,  1.9804e-02],
          [ 7.7787e-03, -1.4927e-02,  1.4535e-02],
          [-1.8918e-02,  1.9331e-02, -7.0180e-03]],

         [[-7.5466e-03,  1.0743e-02,  6.2463e-03],
          [ 5.0029e-03, -1.0603e-02,  4.0223e-03],
          [ 1.2986e-02,  1.7085e-03, -1.2928e-02]]],


        [[[ 8.6169e-04, -6.2623e-03,  1.7905e-02],
          [-1.6423e-03,  8.0845e-03,  5.6408e-04],
          [ 1.6933e-02,  1.6720e-02, -3.8094e-03]],

         [[-1.5316e-02,  1.1044e-02,  1.6821e-02],
          [-8.7892e-03, -8.5834e-03,  7.8621e-03],
          [-7.6756e-03,  5.1542e-03, -1.7710e-02]],

         [[-1.3602e-02, -1.0718e-04,  8.5249e-03],
          [ 1.6705e-02, -1.9065e-02, -3.0222e-03],
          [-1.8306e-02,  1.0461e-02,  1.2268e-02]],

         ...,

         [[ 1.7662e-02,  3.5715e-03,  4.3874e-03],
          [ 1.4678e-02, -1.5921e-02,  1.0105e-02],
          [-9.4736e-03,  6.4199e-03, -1.7833e-02]],

         [[-1.1261e-02,  1.3324e-02, -2.0626e-02],
          [-4.4322e-03,  1.0846e-02,  4.6228e-04],
          [ 1.5185e-02,  2.3282e-03, -1.4734e-02]],

         [[-1.7959e-03, -1.4504e-02, -1.5890e-02],
          [-2.0293e-02, -1.3585e-02, -1.6835e-02],
          [-8.7699e-03, -1.9179e-02,  4.9925e-03]]]], device='cuda:0',
       requires_grad=True)
parameters of the network conv2.bias 
 torch.Size([128]) 
 True 
 tensor([-0.0128,  0.0126,  0.0179, -0.0117,  0.0154, -0.0028, -0.0057, -0.0094,
        -0.0128,  0.0083,  0.0010,  0.0112,  0.0157,  0.0118,  0.0118,  0.0137,
         0.0033,  0.0087, -0.0178,  0.0112,  0.0183,  0.0063, -0.0201,  0.0068,
        -0.0086,  0.0010,  0.0020, -0.0150, -0.0176,  0.0098,  0.0206, -0.0056,
         0.0148, -0.0008, -0.0174, -0.0202, -0.0022,  0.0018,  0.0017,  0.0147,
         0.0076,  0.0179,  0.0021, -0.0201, -0.0035,  0.0165,  0.0046, -0.0081,
        -0.0115, -0.0065, -0.0006, -0.0121,  0.0049,  0.0004, -0.0125,  0.0191,
        -0.0047,  0.0019, -0.0119, -0.0030,  0.0143, -0.0113, -0.0203, -0.0095,
         0.0029,  0.0028, -0.0148, -0.0043, -0.0068,  0.0196, -0.0070, -0.0145,
        -0.0172, -0.0018,  0.0052, -0.0190,  0.0077,  0.0044,  0.0088, -0.0041,
        -0.0007,  0.0098, -0.0207,  0.0015,  0.0150,  0.0093,  0.0082,  0.0022,
         0.0093, -0.0199,  0.0017, -0.0181, -0.0138,  0.0134, -0.0128, -0.0188,
         0.0106, -0.0170,  0.0007, -0.0202, -0.0049, -0.0134,  0.0004, -0.0120,
         0.0071, -0.0013, -0.0148,  0.0068, -0.0127,  0.0044, -0.0024,  0.0166,
        -0.0055,  0.0046,  0.0069, -0.0058,  0.0101, -0.0201, -0.0095,  0.0091,
        -0.0098, -0.0137,  0.0135,  0.0095, -0.0161,  0.0121,  0.0084, -0.0168],
       device='cuda:0') 
 Parameter containing:
tensor([-0.0128,  0.0126,  0.0179, -0.0117,  0.0154, -0.0028, -0.0057, -0.0094,
        -0.0128,  0.0083,  0.0010,  0.0112,  0.0157,  0.0118,  0.0118,  0.0137,
         0.0033,  0.0087, -0.0178,  0.0112,  0.0183,  0.0063, -0.0201,  0.0068,
        -0.0086,  0.0010,  0.0020, -0.0150, -0.0176,  0.0098,  0.0206, -0.0056,
         0.0148, -0.0008, -0.0174, -0.0202, -0.0022,  0.0018,  0.0017,  0.0147,
         0.0076,  0.0179,  0.0021, -0.0201, -0.0035,  0.0165,  0.0046, -0.0081,
        -0.0115, -0.0065, -0.0006, -0.0121,  0.0049,  0.0004, -0.0125,  0.0191,
        -0.0047,  0.0019, -0.0119, -0.0030,  0.0143, -0.0113, -0.0203, -0.0095,
         0.0029,  0.0028, -0.0148, -0.0043, -0.0068,  0.0196, -0.0070, -0.0145,
        -0.0172, -0.0018,  0.0052, -0.0190,  0.0077,  0.0044,  0.0088, -0.0041,
        -0.0007,  0.0098, -0.0207,  0.0015,  0.0150,  0.0093,  0.0082,  0.0022,
         0.0093, -0.0199,  0.0017, -0.0181, -0.0138,  0.0134, -0.0128, -0.0188,
         0.0106, -0.0170,  0.0007, -0.0202, -0.0049, -0.0134,  0.0004, -0.0120,
         0.0071, -0.0013, -0.0148,  0.0068, -0.0127,  0.0044, -0.0024,  0.0166,
        -0.0055,  0.0046,  0.0069, -0.0058,  0.0101, -0.0201, -0.0095,  0.0091,
        -0.0098, -0.0137,  0.0135,  0.0095, -0.0161,  0.0121,  0.0084, -0.0168],
       device='cuda:0', requires_grad=True)
parameters of the network conv3.weight 
 torch.Size([64, 128, 3, 3]) 
 True 
 tensor([[[[ 2.7828e-03, -1.3681e-03, -1.4348e-02],
          [-2.7100e-02, -2.8915e-02,  1.7266e-02],
          [ 1.7774e-02, -2.0726e-02,  3.1100e-03]],

         [[-2.0114e-02,  1.9921e-02, -2.1939e-02],
          [-2.6328e-03, -2.3700e-04, -2.7979e-02],
          [ 2.4842e-02, -1.1791e-02,  2.4924e-02]],

         [[ 2.4575e-02, -4.7238e-03,  1.5104e-02],
          [-2.1901e-02, -4.8146e-03, -2.6062e-02],
          [-1.6653e-02,  3.7516e-03, -9.9468e-03]],

         ...,

         [[-2.7999e-02, -2.3834e-02,  1.3765e-02],
          [-1.6404e-02, -1.3326e-02, -2.9360e-02],
          [ 2.1739e-02,  4.7732e-03,  1.4616e-02]],

         [[ 1.1452e-02,  1.2374e-02,  7.4303e-03],
          [ 1.9586e-02,  2.7331e-02,  5.1057e-03],
          [-1.7786e-02,  5.4241e-03, -5.1341e-03]],

         [[ 1.0655e-02, -1.1739e-02, -1.9996e-03],
          [-6.6412e-03, -1.7063e-03, -1.8104e-02],
          [ 2.1351e-02,  2.6242e-02, -2.8272e-02]]],


        [[[ 9.2172e-03,  2.5544e-02, -2.8094e-02],
          [-1.8846e-02,  7.6811e-03,  1.9243e-02],
          [-8.1573e-03,  2.1064e-03, -9.0037e-03]],

         [[-1.5449e-02,  2.9354e-02, -3.7923e-04],
          [-2.7459e-02,  2.0911e-02,  2.3344e-02],
          [-5.9053e-03,  6.8825e-03, -2.3534e-02]],

         [[-1.8870e-02,  2.9151e-02, -7.3294e-03],
          [-1.2693e-02,  4.6438e-03, -1.1069e-02],
          [-1.0556e-02,  7.9732e-03,  2.2296e-02]],

         ...,

         [[ 2.2614e-02, -1.2202e-02, -1.4536e-02],
          [-2.8026e-02,  1.1216e-02, -1.7356e-02],
          [ 2.6669e-02, -2.3174e-02,  3.9115e-03]],

         [[ 1.7503e-03, -2.4840e-02, -2.4035e-02],
          [ 2.4052e-02, -2.1050e-02, -1.7185e-03],
          [ 1.0395e-03, -2.7559e-02,  2.3198e-03]],

         [[-9.1538e-03,  1.1974e-02, -1.8213e-02],
          [ 9.6918e-03,  2.3106e-02,  1.6337e-02],
          [-1.5648e-02,  1.2551e-02, -1.4678e-02]]],


        [[[ 1.7054e-02,  2.8539e-02, -2.3685e-02],
          [ 1.8904e-02, -3.4871e-03, -1.5412e-02],
          [ 2.2470e-02, -2.1650e-02,  1.4124e-02]],

         [[ 5.2460e-03,  1.6676e-02, -1.9721e-02],
          [ 1.1225e-02, -2.4105e-02,  7.2207e-03],
          [-3.7911e-05, -1.1685e-02, -7.5150e-03]],

         [[ 9.7415e-03,  4.3172e-03,  8.4000e-03],
          [-6.0846e-03,  2.8705e-02,  3.1160e-03],
          [ 1.2445e-02,  6.3912e-03,  6.2324e-03]],

         ...,

         [[-1.8871e-03, -1.4615e-02,  1.8432e-02],
          [ 1.5949e-02, -1.1179e-03,  9.9976e-03],
          [-2.8170e-02,  2.8349e-02,  2.6838e-02]],

         [[ 2.6217e-02,  7.4691e-03, -1.5490e-02],
          [ 1.1124e-02, -2.2836e-02,  7.0670e-03],
          [-2.4530e-02, -3.1760e-03,  2.0652e-02]],

         [[-1.9307e-02, -9.7304e-03,  2.8093e-02],
          [-9.6128e-03,  2.1315e-02,  1.6683e-02],
          [ 6.3082e-03,  3.9463e-03,  1.4423e-02]]],


        ...,


        [[[ 3.0484e-03,  1.8338e-02,  7.7064e-03],
          [ 1.3173e-02,  1.9714e-02, -2.4215e-02],
          [-2.8501e-02,  6.2009e-03,  1.9890e-02]],

         [[ 2.0030e-02,  2.1492e-02,  1.0298e-02],
          [ 2.6634e-02,  7.6318e-03,  2.8576e-02],
          [ 2.4325e-02,  4.8230e-03, -2.6222e-02]],

         [[-1.4399e-02, -1.2621e-02,  2.4142e-03],
          [ 2.2120e-02, -2.7867e-04,  1.4358e-02],
          [-1.8985e-02,  4.1030e-03,  3.5689e-03]],

         ...,

         [[-1.2448e-02, -1.7694e-02, -2.8070e-02],
          [-6.6740e-03,  3.4257e-03, -1.8735e-02],
          [-1.0131e-02, -2.6434e-02, -1.7119e-02]],

         [[-2.3776e-02, -1.5008e-05,  9.2172e-03],
          [-2.3382e-02, -2.7221e-02, -2.2810e-03],
          [-2.0378e-02,  2.0532e-02, -2.3922e-02]],

         [[-2.7108e-02, -2.6799e-02,  2.9287e-02],
          [-6.3197e-03, -1.5751e-02,  1.8653e-02],
          [-1.6225e-02,  1.6649e-02,  2.1034e-02]]],


        [[[ 7.2823e-04,  2.1608e-02,  3.8949e-03],
          [ 1.3429e-02, -1.8807e-03, -1.6560e-02],
          [-1.3984e-02,  8.9248e-03,  1.5003e-02]],

         [[-7.0149e-04, -8.9427e-03,  6.5048e-03],
          [-2.7113e-02,  5.8195e-03,  1.0855e-02],
          [ 1.8984e-02, -2.2512e-02,  2.8224e-02]],

         [[-2.4776e-02, -1.3250e-02, -2.7342e-02],
          [ 1.3146e-03, -1.4579e-02, -1.4767e-02],
          [-5.8651e-03, -1.9191e-02,  2.9940e-03]],

         ...,

         [[-2.8282e-02, -4.7617e-03,  2.1775e-02],
          [-1.5263e-02,  1.7692e-02,  7.6383e-03],
          [ 2.4519e-02,  2.8575e-02,  1.3261e-02]],

         [[ 2.3959e-02, -1.5098e-02,  1.3106e-02],
          [ 5.6922e-03,  2.2381e-02,  1.4250e-02],
          [ 2.0969e-02,  1.3942e-02,  1.4071e-03]],

         [[-1.1403e-02,  2.0303e-02,  3.3918e-03],
          [ 1.1318e-02, -1.8478e-02, -1.0072e-02],
          [-1.2968e-02,  1.2234e-02, -6.2845e-03]]],


        [[[-1.5348e-03,  3.3594e-03, -1.2995e-02],
          [ 6.0052e-04, -2.4322e-02,  7.3809e-04],
          [-9.6690e-03, -1.1944e-02,  2.2802e-02]],

         [[-1.3075e-02,  2.8780e-02, -3.4867e-03],
          [ 9.0198e-03,  7.4653e-03,  1.8698e-02],
          [-1.0051e-02,  1.1021e-02,  1.4984e-03]],

         [[-2.3728e-02, -1.9655e-02,  2.1402e-02],
          [-1.2492e-02,  1.5036e-02,  8.7528e-03],
          [-1.1150e-02,  8.2586e-03,  1.8292e-02]],

         ...,

         [[-2.2668e-02,  2.8123e-02, -1.1619e-03],
          [ 1.0030e-02, -1.0978e-02,  8.5225e-03],
          [-2.8702e-02,  1.3307e-03,  1.3339e-02]],

         [[ 2.0323e-02,  5.6736e-03, -2.1145e-02],
          [-4.5616e-03, -1.6032e-03,  2.3186e-02],
          [-1.6130e-02, -2.2890e-03,  8.6368e-03]],

         [[-2.3652e-02, -1.2840e-02,  1.0142e-02],
          [-2.5061e-02, -7.8796e-03,  2.3587e-03],
          [ 2.4822e-02, -1.2821e-02, -2.7121e-02]]]], device='cuda:0') 
 Parameter containing:
tensor([[[[ 2.7828e-03, -1.3681e-03, -1.4348e-02],
          [-2.7100e-02, -2.8915e-02,  1.7266e-02],
          [ 1.7774e-02, -2.0726e-02,  3.1100e-03]],

         [[-2.0114e-02,  1.9921e-02, -2.1939e-02],
          [-2.6328e-03, -2.3700e-04, -2.7979e-02],
          [ 2.4842e-02, -1.1791e-02,  2.4924e-02]],

         [[ 2.4575e-02, -4.7238e-03,  1.5104e-02],
          [-2.1901e-02, -4.8146e-03, -2.6062e-02],
          [-1.6653e-02,  3.7516e-03, -9.9468e-03]],

         ...,

         [[-2.7999e-02, -2.3834e-02,  1.3765e-02],
          [-1.6404e-02, -1.3326e-02, -2.9360e-02],
          [ 2.1739e-02,  4.7732e-03,  1.4616e-02]],

         [[ 1.1452e-02,  1.2374e-02,  7.4303e-03],
          [ 1.9586e-02,  2.7331e-02,  5.1057e-03],
          [-1.7786e-02,  5.4241e-03, -5.1341e-03]],

         [[ 1.0655e-02, -1.1739e-02, -1.9996e-03],
          [-6.6412e-03, -1.7063e-03, -1.8104e-02],
          [ 2.1351e-02,  2.6242e-02, -2.8272e-02]]],


        [[[ 9.2172e-03,  2.5544e-02, -2.8094e-02],
          [-1.8846e-02,  7.6811e-03,  1.9243e-02],
          [-8.1573e-03,  2.1064e-03, -9.0037e-03]],

         [[-1.5449e-02,  2.9354e-02, -3.7923e-04],
          [-2.7459e-02,  2.0911e-02,  2.3344e-02],
          [-5.9053e-03,  6.8825e-03, -2.3534e-02]],

         [[-1.8870e-02,  2.9151e-02, -7.3294e-03],
          [-1.2693e-02,  4.6438e-03, -1.1069e-02],
          [-1.0556e-02,  7.9732e-03,  2.2296e-02]],

         ...,

         [[ 2.2614e-02, -1.2202e-02, -1.4536e-02],
          [-2.8026e-02,  1.1216e-02, -1.7356e-02],
          [ 2.6669e-02, -2.3174e-02,  3.9115e-03]],

         [[ 1.7503e-03, -2.4840e-02, -2.4035e-02],
          [ 2.4052e-02, -2.1050e-02, -1.7185e-03],
          [ 1.0395e-03, -2.7559e-02,  2.3198e-03]],

         [[-9.1538e-03,  1.1974e-02, -1.8213e-02],
          [ 9.6918e-03,  2.3106e-02,  1.6337e-02],
          [-1.5648e-02,  1.2551e-02, -1.4678e-02]]],


        [[[ 1.7054e-02,  2.8539e-02, -2.3685e-02],
          [ 1.8904e-02, -3.4871e-03, -1.5412e-02],
          [ 2.2470e-02, -2.1650e-02,  1.4124e-02]],

         [[ 5.2460e-03,  1.6676e-02, -1.9721e-02],
          [ 1.1225e-02, -2.4105e-02,  7.2207e-03],
          [-3.7911e-05, -1.1685e-02, -7.5150e-03]],

         [[ 9.7415e-03,  4.3172e-03,  8.4000e-03],
          [-6.0846e-03,  2.8705e-02,  3.1160e-03],
          [ 1.2445e-02,  6.3912e-03,  6.2324e-03]],

         ...,

         [[-1.8871e-03, -1.4615e-02,  1.8432e-02],
          [ 1.5949e-02, -1.1179e-03,  9.9976e-03],
          [-2.8170e-02,  2.8349e-02,  2.6838e-02]],

         [[ 2.6217e-02,  7.4691e-03, -1.5490e-02],
          [ 1.1124e-02, -2.2836e-02,  7.0670e-03],
          [-2.4530e-02, -3.1760e-03,  2.0652e-02]],

         [[-1.9307e-02, -9.7304e-03,  2.8093e-02],
          [-9.6128e-03,  2.1315e-02,  1.6683e-02],
          [ 6.3082e-03,  3.9463e-03,  1.4423e-02]]],


        ...,


        [[[ 3.0484e-03,  1.8338e-02,  7.7064e-03],
          [ 1.3173e-02,  1.9714e-02, -2.4215e-02],
          [-2.8501e-02,  6.2009e-03,  1.9890e-02]],

         [[ 2.0030e-02,  2.1492e-02,  1.0298e-02],
          [ 2.6634e-02,  7.6318e-03,  2.8576e-02],
          [ 2.4325e-02,  4.8230e-03, -2.6222e-02]],

         [[-1.4399e-02, -1.2621e-02,  2.4142e-03],
          [ 2.2120e-02, -2.7867e-04,  1.4358e-02],
          [-1.8985e-02,  4.1030e-03,  3.5689e-03]],

         ...,

         [[-1.2448e-02, -1.7694e-02, -2.8070e-02],
          [-6.6740e-03,  3.4257e-03, -1.8735e-02],
          [-1.0131e-02, -2.6434e-02, -1.7119e-02]],

         [[-2.3776e-02, -1.5008e-05,  9.2172e-03],
          [-2.3382e-02, -2.7221e-02, -2.2810e-03],
          [-2.0378e-02,  2.0532e-02, -2.3922e-02]],

         [[-2.7108e-02, -2.6799e-02,  2.9287e-02],
          [-6.3197e-03, -1.5751e-02,  1.8653e-02],
          [-1.6225e-02,  1.6649e-02,  2.1034e-02]]],


        [[[ 7.2823e-04,  2.1608e-02,  3.8949e-03],
          [ 1.3429e-02, -1.8807e-03, -1.6560e-02],
          [-1.3984e-02,  8.9248e-03,  1.5003e-02]],

         [[-7.0149e-04, -8.9427e-03,  6.5048e-03],
          [-2.7113e-02,  5.8195e-03,  1.0855e-02],
          [ 1.8984e-02, -2.2512e-02,  2.8224e-02]],

         [[-2.4776e-02, -1.3250e-02, -2.7342e-02],
          [ 1.3146e-03, -1.4579e-02, -1.4767e-02],
          [-5.8651e-03, -1.9191e-02,  2.9940e-03]],

         ...,

         [[-2.8282e-02, -4.7617e-03,  2.1775e-02],
          [-1.5263e-02,  1.7692e-02,  7.6383e-03],
          [ 2.4519e-02,  2.8575e-02,  1.3261e-02]],

         [[ 2.3959e-02, -1.5098e-02,  1.3106e-02],
          [ 5.6922e-03,  2.2381e-02,  1.4250e-02],
          [ 2.0969e-02,  1.3942e-02,  1.4071e-03]],

         [[-1.1403e-02,  2.0303e-02,  3.3918e-03],
          [ 1.1318e-02, -1.8478e-02, -1.0072e-02],
          [-1.2968e-02,  1.2234e-02, -6.2845e-03]]],


        [[[-1.5348e-03,  3.3594e-03, -1.2995e-02],
          [ 6.0052e-04, -2.4322e-02,  7.3809e-04],
          [-9.6690e-03, -1.1944e-02,  2.2802e-02]],

         [[-1.3075e-02,  2.8780e-02, -3.4867e-03],
          [ 9.0198e-03,  7.4653e-03,  1.8698e-02],
          [-1.0051e-02,  1.1021e-02,  1.4984e-03]],

         [[-2.3728e-02, -1.9655e-02,  2.1402e-02],
          [-1.2492e-02,  1.5036e-02,  8.7528e-03],
          [-1.1150e-02,  8.2586e-03,  1.8292e-02]],

         ...,

         [[-2.2668e-02,  2.8123e-02, -1.1619e-03],
          [ 1.0030e-02, -1.0978e-02,  8.5225e-03],
          [-2.8702e-02,  1.3307e-03,  1.3339e-02]],

         [[ 2.0323e-02,  5.6736e-03, -2.1145e-02],
          [-4.5616e-03, -1.6032e-03,  2.3186e-02],
          [-1.6130e-02, -2.2890e-03,  8.6368e-03]],

         [[-2.3652e-02, -1.2840e-02,  1.0142e-02],
          [-2.5061e-02, -7.8796e-03,  2.3587e-03],
          [ 2.4822e-02, -1.2821e-02, -2.7121e-02]]]], device='cuda:0',
       requires_grad=True)
parameters of the network conv3.bias 
 torch.Size([64]) 
 True 
 tensor([ 0.0018, -0.0142,  0.0264, -0.0277, -0.0035, -0.0273,  0.0073, -0.0235,
        -0.0188,  0.0123,  0.0044, -0.0226, -0.0163, -0.0176, -0.0017,  0.0214,
         0.0019, -0.0077, -0.0248, -0.0089,  0.0219, -0.0203,  0.0005, -0.0176,
        -0.0052, -0.0028,  0.0188,  0.0194,  0.0048,  0.0253, -0.0161, -0.0074,
         0.0282, -0.0227, -0.0093, -0.0200, -0.0224,  0.0131,  0.0265, -0.0077,
        -0.0072, -0.0264,  0.0075,  0.0219, -0.0048,  0.0158,  0.0042,  0.0029,
         0.0262, -0.0159,  0.0047,  0.0095, -0.0252, -0.0188, -0.0270,  0.0233,
        -0.0203,  0.0215, -0.0218, -0.0287,  0.0056, -0.0198,  0.0281,  0.0126],
       device='cuda:0') 
 Parameter containing:
tensor([ 0.0018, -0.0142,  0.0264, -0.0277, -0.0035, -0.0273,  0.0073, -0.0235,
        -0.0188,  0.0123,  0.0044, -0.0226, -0.0163, -0.0176, -0.0017,  0.0214,
         0.0019, -0.0077, -0.0248, -0.0089,  0.0219, -0.0203,  0.0005, -0.0176,
        -0.0052, -0.0028,  0.0188,  0.0194,  0.0048,  0.0253, -0.0161, -0.0074,
         0.0282, -0.0227, -0.0093, -0.0200, -0.0224,  0.0131,  0.0265, -0.0077,
        -0.0072, -0.0264,  0.0075,  0.0219, -0.0048,  0.0158,  0.0042,  0.0029,
         0.0262, -0.0159,  0.0047,  0.0095, -0.0252, -0.0188, -0.0270,  0.0233,
        -0.0203,  0.0215, -0.0218, -0.0287,  0.0056, -0.0198,  0.0281,  0.0126],
       device='cuda:0', requires_grad=True)
parameters of the network fc1.weight 
 torch.Size([256, 667776]) 
 True 
 tensor([[-8.1385e-05, -1.4957e-04, -8.7004e-04,  ...,  6.8777e-04,
         -9.9733e-05,  4.8894e-04],
        [ 8.3751e-04,  3.8440e-04, -6.5070e-05,  ...,  1.0801e-03,
          1.8298e-05, -6.9785e-05],
        [-8.6674e-04, -7.7144e-04, -4.3309e-04,  ...,  7.1275e-04,
          4.9775e-04, -5.5254e-04],
        ...,
        [-1.0255e-03, -7.5995e-04, -4.8788e-04,  ...,  2.6788e-04,
         -5.3652e-04,  3.5987e-04],
        [-1.1149e-03, -1.1999e-03,  8.6443e-04,  ..., -9.0444e-04,
          1.1918e-03, -6.1388e-04],
        [-9.8288e-04, -1.0286e-03, -3.6875e-04,  ...,  1.1886e-03,
         -9.0285e-04,  5.2297e-04]], device='cuda:0') 
 Parameter containing:
tensor([[-8.1385e-05, -1.4957e-04, -8.7004e-04,  ...,  6.8777e-04,
         -9.9733e-05,  4.8894e-04],
        [ 8.3751e-04,  3.8440e-04, -6.5070e-05,  ...,  1.0801e-03,
          1.8298e-05, -6.9785e-05],
        [-8.6674e-04, -7.7144e-04, -4.3309e-04,  ...,  7.1275e-04,
          4.9775e-04, -5.5254e-04],
        ...,
        [-1.0255e-03, -7.5995e-04, -4.8788e-04,  ...,  2.6788e-04,
         -5.3652e-04,  3.5987e-04],
        [-1.1149e-03, -1.1999e-03,  8.6443e-04,  ..., -9.0444e-04,
          1.1918e-03, -6.1388e-04],
        [-9.8288e-04, -1.0286e-03, -3.6875e-04,  ...,  1.1886e-03,
         -9.0285e-04,  5.2297e-04]], device='cuda:0', requires_grad=True)
parameters of the network fc1.bias 
 torch.Size([256]) 
 True 
 tensor([ 3.5590e-05,  3.2311e-04,  8.2474e-04,  4.6882e-04, -1.8025e-04,
         8.2398e-04,  9.9785e-04,  6.5736e-06, -1.0315e-03, -6.0636e-04,
        -6.4616e-04, -1.0712e-03,  4.3536e-04, -8.4625e-04, -3.4393e-04,
        -3.3646e-04, -5.4389e-04,  1.1723e-03,  7.0838e-04, -3.6288e-04,
        -7.5091e-04, -4.8449e-04, -2.2297e-04,  8.2446e-04,  6.2042e-04,
        -5.4464e-05, -1.1869e-03, -6.0084e-05,  4.0688e-04,  6.5337e-04,
         4.8226e-06, -4.4788e-04, -9.6061e-04,  7.0178e-04, -8.5226e-06,
        -7.5323e-05,  9.1535e-04,  2.9473e-04, -1.0866e-03,  1.1870e-03,
         3.3492e-04,  9.8371e-04,  8.3864e-04,  6.1371e-04, -2.8274e-04,
        -5.7774e-04,  9.2677e-04, -1.0684e-03, -8.0434e-04, -8.3739e-04,
         6.2744e-04,  5.0535e-04, -2.3836e-04,  7.5382e-04,  1.7199e-04,
        -6.5291e-04, -1.4347e-04, -6.3694e-04, -1.2056e-03,  3.3685e-05,
        -1.0818e-03,  2.1568e-04,  1.0197e-03,  5.9682e-04, -6.1762e-04,
        -5.4998e-04,  8.8143e-04,  9.6566e-04,  5.7208e-04,  2.8932e-04,
         6.9578e-04,  1.2039e-03,  1.2133e-03,  6.8777e-04,  7.9766e-04,
        -8.8510e-04, -8.2150e-04, -1.2216e-03,  1.1041e-03,  8.9710e-04,
        -1.1681e-03, -1.6238e-04, -4.1315e-04, -1.3293e-04, -3.7311e-04,
         7.3150e-04,  2.6290e-04, -4.3215e-04, -1.3572e-04, -6.8526e-04,
        -6.8637e-04,  2.4928e-04, -7.6837e-04, -5.7269e-04,  9.5347e-04,
         4.4498e-04, -9.1885e-04,  8.8104e-04, -5.6918e-04, -8.0894e-04,
        -2.6166e-04, -7.1686e-04, -8.1252e-04, -8.3621e-04,  5.0997e-04,
         9.2839e-05, -6.2571e-04, -1.0824e-03,  1.1163e-03, -4.4300e-04,
         2.8163e-05,  4.6913e-04,  4.8877e-04,  7.5188e-04, -1.0199e-03,
         8.4712e-04,  4.7231e-04,  3.5872e-06, -6.4024e-05,  9.5233e-04,
         1.1968e-03, -6.9946e-04, -5.4808e-04, -7.2685e-04,  8.8272e-04,
         1.1129e-03, -2.0541e-04, -6.5661e-04,  1.0769e-03, -9.2758e-04,
         1.0511e-03, -9.0507e-04,  9.6161e-04, -2.0399e-04, -2.8096e-04,
        -8.1984e-04,  4.6313e-04,  2.4305e-04, -7.6813e-04, -1.1342e-03,
        -3.2124e-04, -4.7721e-04,  6.2024e-05, -6.7488e-04,  6.8256e-04,
         7.1899e-04, -7.2162e-04, -8.1281e-04, -5.4850e-04, -4.1698e-04,
         8.3454e-04, -7.6103e-05, -1.1014e-03, -1.0495e-03, -8.5680e-04,
         1.2137e-03,  6.7373e-05, -7.0067e-04,  4.5921e-04, -9.0602e-04,
        -2.7841e-04,  2.5155e-04,  8.8560e-04,  5.4892e-04,  9.7238e-04,
         4.4959e-04,  9.1733e-04,  2.6420e-04,  4.9664e-04,  1.1577e-03,
         7.4565e-04, -9.0578e-04,  6.3913e-04, -1.2017e-03, -1.8312e-04,
        -1.1682e-03, -9.9301e-04,  6.0563e-04,  3.1581e-04,  1.0505e-03,
        -7.2376e-04,  7.5093e-04, -6.5538e-04,  1.2184e-03,  2.1764e-04,
         4.3907e-05, -1.0577e-03,  7.3942e-04,  1.9003e-04, -1.0589e-03,
         4.1950e-04, -1.1656e-03, -9.5618e-04,  1.0054e-03,  1.1444e-03,
        -9.7148e-04,  7.1538e-04,  1.0012e-03,  1.4209e-04, -8.2089e-04,
        -1.5746e-04,  4.5964e-04, -7.2671e-04,  1.0723e-03, -6.8637e-04,
        -8.3092e-04, -1.1510e-03,  9.9642e-04, -6.6641e-04,  8.9986e-04,
        -8.0066e-04, -1.0168e-03,  1.2130e-03,  9.4813e-04, -1.9482e-04,
        -2.8145e-04, -1.0735e-03,  5.3054e-04, -1.0569e-03,  8.9798e-04,
        -3.1837e-04, -6.4977e-04, -1.0459e-03, -1.1136e-03, -1.3877e-04,
        -7.9915e-04, -5.4503e-04, -1.0269e-04,  7.0274e-04,  1.0427e-03,
         5.8530e-04, -1.1549e-03, -1.1743e-03, -9.4589e-04,  6.9063e-04,
        -1.0078e-03, -6.7073e-04, -5.9559e-04,  1.0682e-03,  2.7792e-04,
         6.4423e-04,  4.5015e-04, -1.1658e-03,  5.8243e-04,  5.5765e-04,
        -4.8956e-04,  2.6705e-04,  9.7315e-04,  1.1425e-03,  5.6884e-04,
         4.3995e-05,  5.8289e-04,  1.0535e-03,  1.9438e-04,  3.8646e-04,
         8.5062e-04], device='cuda:0') 
 Parameter containing:
tensor([ 3.5590e-05,  3.2311e-04,  8.2474e-04,  4.6882e-04, -1.8025e-04,
         8.2398e-04,  9.9785e-04,  6.5736e-06, -1.0315e-03, -6.0636e-04,
        -6.4616e-04, -1.0712e-03,  4.3536e-04, -8.4625e-04, -3.4393e-04,
        -3.3646e-04, -5.4389e-04,  1.1723e-03,  7.0838e-04, -3.6288e-04,
        -7.5091e-04, -4.8449e-04, -2.2297e-04,  8.2446e-04,  6.2042e-04,
        -5.4464e-05, -1.1869e-03, -6.0084e-05,  4.0688e-04,  6.5337e-04,
         4.8226e-06, -4.4788e-04, -9.6061e-04,  7.0178e-04, -8.5226e-06,
        -7.5323e-05,  9.1535e-04,  2.9473e-04, -1.0866e-03,  1.1870e-03,
         3.3492e-04,  9.8371e-04,  8.3864e-04,  6.1371e-04, -2.8274e-04,
        -5.7774e-04,  9.2677e-04, -1.0684e-03, -8.0434e-04, -8.3739e-04,
         6.2744e-04,  5.0535e-04, -2.3836e-04,  7.5382e-04,  1.7199e-04,
        -6.5291e-04, -1.4347e-04, -6.3694e-04, -1.2056e-03,  3.3685e-05,
        -1.0818e-03,  2.1568e-04,  1.0197e-03,  5.9682e-04, -6.1762e-04,
        -5.4998e-04,  8.8143e-04,  9.6566e-04,  5.7208e-04,  2.8932e-04,
         6.9578e-04,  1.2039e-03,  1.2133e-03,  6.8777e-04,  7.9766e-04,
        -8.8510e-04, -8.2150e-04, -1.2216e-03,  1.1041e-03,  8.9710e-04,
        -1.1681e-03, -1.6238e-04, -4.1315e-04, -1.3293e-04, -3.7311e-04,
         7.3150e-04,  2.6290e-04, -4.3215e-04, -1.3572e-04, -6.8526e-04,
        -6.8637e-04,  2.4928e-04, -7.6837e-04, -5.7269e-04,  9.5347e-04,
         4.4498e-04, -9.1885e-04,  8.8104e-04, -5.6918e-04, -8.0894e-04,
        -2.6166e-04, -7.1686e-04, -8.1252e-04, -8.3621e-04,  5.0997e-04,
         9.2839e-05, -6.2571e-04, -1.0824e-03,  1.1163e-03, -4.4300e-04,
         2.8163e-05,  4.6913e-04,  4.8877e-04,  7.5188e-04, -1.0199e-03,
         8.4712e-04,  4.7231e-04,  3.5872e-06, -6.4024e-05,  9.5233e-04,
         1.1968e-03, -6.9946e-04, -5.4808e-04, -7.2685e-04,  8.8272e-04,
         1.1129e-03, -2.0541e-04, -6.5661e-04,  1.0769e-03, -9.2758e-04,
         1.0511e-03, -9.0507e-04,  9.6161e-04, -2.0399e-04, -2.8096e-04,
        -8.1984e-04,  4.6313e-04,  2.4305e-04, -7.6813e-04, -1.1342e-03,
        -3.2124e-04, -4.7721e-04,  6.2024e-05, -6.7488e-04,  6.8256e-04,
         7.1899e-04, -7.2162e-04, -8.1281e-04, -5.4850e-04, -4.1698e-04,
         8.3454e-04, -7.6103e-05, -1.1014e-03, -1.0495e-03, -8.5680e-04,
         1.2137e-03,  6.7373e-05, -7.0067e-04,  4.5921e-04, -9.0602e-04,
        -2.7841e-04,  2.5155e-04,  8.8560e-04,  5.4892e-04,  9.7238e-04,
         4.4959e-04,  9.1733e-04,  2.6420e-04,  4.9664e-04,  1.1577e-03,
         7.4565e-04, -9.0578e-04,  6.3913e-04, -1.2017e-03, -1.8312e-04,
        -1.1682e-03, -9.9301e-04,  6.0563e-04,  3.1581e-04,  1.0505e-03,
        -7.2376e-04,  7.5093e-04, -6.5538e-04,  1.2184e-03,  2.1764e-04,
         4.3907e-05, -1.0577e-03,  7.3942e-04,  1.9003e-04, -1.0589e-03,
         4.1950e-04, -1.1656e-03, -9.5618e-04,  1.0054e-03,  1.1444e-03,
        -9.7148e-04,  7.1538e-04,  1.0012e-03,  1.4209e-04, -8.2089e-04,
        -1.5746e-04,  4.5964e-04, -7.2671e-04,  1.0723e-03, -6.8637e-04,
        -8.3092e-04, -1.1510e-03,  9.9642e-04, -6.6641e-04,  8.9986e-04,
        -8.0066e-04, -1.0168e-03,  1.2130e-03,  9.4813e-04, -1.9482e-04,
        -2.8145e-04, -1.0735e-03,  5.3054e-04, -1.0569e-03,  8.9798e-04,
        -3.1837e-04, -6.4977e-04, -1.0459e-03, -1.1136e-03, -1.3877e-04,
        -7.9915e-04, -5.4503e-04, -1.0269e-04,  7.0274e-04,  1.0427e-03,
         5.8530e-04, -1.1549e-03, -1.1743e-03, -9.4589e-04,  6.9063e-04,
        -1.0078e-03, -6.7073e-04, -5.9559e-04,  1.0682e-03,  2.7792e-04,
         6.4423e-04,  4.5015e-04, -1.1658e-03,  5.8243e-04,  5.5765e-04,
        -4.8956e-04,  2.6705e-04,  9.7315e-04,  1.1425e-03,  5.6884e-04,
         4.3995e-05,  5.8289e-04,  1.0535e-03,  1.9438e-04,  3.8646e-04,
         8.5062e-04], device='cuda:0', requires_grad=True)
parameters of the network fc2.weight 
 torch.Size([128, 256]) 
 True 
 tensor([[ 0.0505,  0.0498, -0.0081,  ...,  0.0005, -0.0489,  0.0135],
        [-0.0310,  0.0329, -0.0255,  ..., -0.0070, -0.0473,  0.0321],
        [ 0.0618, -0.0213, -0.0328,  ...,  0.0268,  0.0181,  0.0578],
        ...,
        [-0.0233,  0.0351,  0.0010,  ...,  0.0114, -0.0204, -0.0121],
        [-0.0228, -0.0048, -0.0235,  ...,  0.0405,  0.0466,  0.0530],
        [ 0.0370, -0.0372, -0.0548,  ...,  0.0001, -0.0194, -0.0105]],
       device='cuda:0') 
 Parameter containing:
tensor([[ 0.0505,  0.0498, -0.0081,  ...,  0.0005, -0.0489,  0.0135],
        [-0.0310,  0.0329, -0.0255,  ..., -0.0070, -0.0473,  0.0321],
        [ 0.0618, -0.0213, -0.0328,  ...,  0.0268,  0.0181,  0.0578],
        ...,
        [-0.0233,  0.0351,  0.0010,  ...,  0.0114, -0.0204, -0.0121],
        [-0.0228, -0.0048, -0.0235,  ...,  0.0405,  0.0466,  0.0530],
        [ 0.0370, -0.0372, -0.0548,  ...,  0.0001, -0.0194, -0.0105]],
       device='cuda:0', requires_grad=True)
parameters of the network fc2.bias 
 torch.Size([128]) 
 True 
 tensor([ 0.0065,  0.0188,  0.0148,  0.0399,  0.0019, -0.0138, -0.0227, -0.0348,
         0.0398,  0.0243,  0.0430, -0.0389, -0.0171, -0.0475,  0.0606,  0.0177,
        -0.0300,  0.0613,  0.0530,  0.0328,  0.0499,  0.0318,  0.0297,  0.0189,
         0.0263, -0.0107, -0.0191,  0.0459,  0.0008, -0.0406, -0.0506,  0.0382,
        -0.0103,  0.0452, -0.0559,  0.0141, -0.0222, -0.0113,  0.0146,  0.0467,
         0.0389,  0.0536,  0.0090, -0.0065,  0.0167, -0.0531,  0.0090,  0.0227,
        -0.0250, -0.0261,  0.0234,  0.0366, -0.0318, -0.0211,  0.0017, -0.0312,
        -0.0099,  0.0272,  0.0186, -0.0472, -0.0326,  0.0282,  0.0111, -0.0097,
         0.0588, -0.0537,  0.0513,  0.0304, -0.0178, -0.0235,  0.0480,  0.0358,
         0.0534, -0.0153,  0.0623, -0.0433, -0.0559, -0.0110,  0.0213,  0.0570,
         0.0035, -0.0612, -0.0589, -0.0272,  0.0256, -0.0094, -0.0378,  0.0427,
         0.0472, -0.0541,  0.0472,  0.0087, -0.0361,  0.0049,  0.0074, -0.0214,
        -0.0545,  0.0163, -0.0382,  0.0326,  0.0560,  0.0416, -0.0540,  0.0070,
         0.0556,  0.0472,  0.0385,  0.0517, -0.0225, -0.0082, -0.0486,  0.0116,
         0.0264,  0.0544,  0.0019, -0.0551, -0.0432,  0.0393,  0.0617, -0.0325,
        -0.0244,  0.0063,  0.0566,  0.0009,  0.0104, -0.0142, -0.0005,  0.0066],
       device='cuda:0') 
 Parameter containing:
tensor([ 0.0065,  0.0188,  0.0148,  0.0399,  0.0019, -0.0138, -0.0227, -0.0348,
         0.0398,  0.0243,  0.0430, -0.0389, -0.0171, -0.0475,  0.0606,  0.0177,
        -0.0300,  0.0613,  0.0530,  0.0328,  0.0499,  0.0318,  0.0297,  0.0189,
         0.0263, -0.0107, -0.0191,  0.0459,  0.0008, -0.0406, -0.0506,  0.0382,
        -0.0103,  0.0452, -0.0559,  0.0141, -0.0222, -0.0113,  0.0146,  0.0467,
         0.0389,  0.0536,  0.0090, -0.0065,  0.0167, -0.0531,  0.0090,  0.0227,
        -0.0250, -0.0261,  0.0234,  0.0366, -0.0318, -0.0211,  0.0017, -0.0312,
        -0.0099,  0.0272,  0.0186, -0.0472, -0.0326,  0.0282,  0.0111, -0.0097,
         0.0588, -0.0537,  0.0513,  0.0304, -0.0178, -0.0235,  0.0480,  0.0358,
         0.0534, -0.0153,  0.0623, -0.0433, -0.0559, -0.0110,  0.0213,  0.0570,
         0.0035, -0.0612, -0.0589, -0.0272,  0.0256, -0.0094, -0.0378,  0.0427,
         0.0472, -0.0541,  0.0472,  0.0087, -0.0361,  0.0049,  0.0074, -0.0214,
        -0.0545,  0.0163, -0.0382,  0.0326,  0.0560,  0.0416, -0.0540,  0.0070,
         0.0556,  0.0472,  0.0385,  0.0517, -0.0225, -0.0082, -0.0486,  0.0116,
         0.0264,  0.0544,  0.0019, -0.0551, -0.0432,  0.0393,  0.0617, -0.0325,
        -0.0244,  0.0063,  0.0566,  0.0009,  0.0104, -0.0142, -0.0005,  0.0066],
       device='cuda:0', requires_grad=True)
parameters of the network fc3.weight 
 torch.Size([64, 128]) 
 True 
 tensor([[ 0.0501, -0.0282, -0.0497,  ...,  0.0369,  0.0729, -0.0085],
        [-0.0227, -0.0113, -0.0684,  ...,  0.0501,  0.0296, -0.0844],
        [-0.0584,  0.0812, -0.0520,  ..., -0.0349, -0.0799,  0.0435],
        ...,
        [ 0.0771, -0.0546, -0.0580,  ..., -0.0765, -0.0381, -0.0595],
        [ 0.0784,  0.0067,  0.0391,  ..., -0.0217,  0.0107, -0.0511],
        [-0.0116,  0.0553,  0.0302,  ..., -0.0178,  0.0745, -0.0649]],
       device='cuda:0') 
 Parameter containing:
tensor([[ 0.0501, -0.0282, -0.0497,  ...,  0.0369,  0.0729, -0.0085],
        [-0.0227, -0.0113, -0.0684,  ...,  0.0501,  0.0296, -0.0844],
        [-0.0584,  0.0812, -0.0520,  ..., -0.0349, -0.0799,  0.0435],
        ...,
        [ 0.0771, -0.0546, -0.0580,  ..., -0.0765, -0.0381, -0.0595],
        [ 0.0784,  0.0067,  0.0391,  ..., -0.0217,  0.0107, -0.0511],
        [-0.0116,  0.0553,  0.0302,  ..., -0.0178,  0.0745, -0.0649]],
       device='cuda:0', requires_grad=True)
parameters of the network fc3.bias 
 torch.Size([64]) 
 True 
 tensor([ 0.0334,  0.0876, -0.0422,  0.0446, -0.0568,  0.0881, -0.0347,  0.0761,
        -0.0207, -0.0540,  0.0818,  0.0726, -0.0655,  0.0001, -0.0569,  0.0457,
        -0.0772, -0.0397,  0.0085,  0.0042,  0.0006,  0.0477,  0.0791,  0.0290,
         0.0068,  0.0701,  0.0493,  0.0489,  0.0149,  0.0136,  0.0608, -0.0660,
        -0.0874, -0.0583, -0.0715,  0.0334,  0.0070,  0.0871,  0.0582,  0.0130,
         0.0434,  0.0867, -0.0721, -0.0198, -0.0469,  0.0820,  0.0405,  0.0374,
        -0.0155, -0.0548, -0.0841, -0.0349, -0.0616, -0.0605,  0.0721,  0.0150,
        -0.0191,  0.0249, -0.0572, -0.0674,  0.0244,  0.0328, -0.0410,  0.0622],
       device='cuda:0') 
 Parameter containing:
tensor([ 0.0334,  0.0876, -0.0422,  0.0446, -0.0568,  0.0881, -0.0347,  0.0761,
        -0.0207, -0.0540,  0.0818,  0.0726, -0.0655,  0.0001, -0.0569,  0.0457,
        -0.0772, -0.0397,  0.0085,  0.0042,  0.0006,  0.0477,  0.0791,  0.0290,
         0.0068,  0.0701,  0.0493,  0.0489,  0.0149,  0.0136,  0.0608, -0.0660,
        -0.0874, -0.0583, -0.0715,  0.0334,  0.0070,  0.0871,  0.0582,  0.0130,
         0.0434,  0.0867, -0.0721, -0.0198, -0.0469,  0.0820,  0.0405,  0.0374,
        -0.0155, -0.0548, -0.0841, -0.0349, -0.0616, -0.0605,  0.0721,  0.0150,
        -0.0191,  0.0249, -0.0572, -0.0674,  0.0244,  0.0328, -0.0410,  0.0622],
       device='cuda:0', requires_grad=True)
parameters of the network fc4.weight 
 torch.Size([6796, 64]) 
 True 
 tensor([[-0.0539,  0.0985, -0.0051,  ..., -0.0604, -0.1144, -0.0622],
        [ 0.0489, -0.0786,  0.1065,  ...,  0.0875,  0.0847, -0.0745],
        [ 0.0779, -0.0093,  0.0885,  ...,  0.1130,  0.0492,  0.0364],
        ...,
        [ 0.0856,  0.1179,  0.0044,  ..., -0.0850,  0.0873, -0.0543],
        [ 0.0031, -0.0916, -0.0752,  ...,  0.1232,  0.0047, -0.0676],
        [ 0.1155, -0.0375,  0.0436,  ..., -0.1149, -0.0325, -0.1080]],
       device='cuda:0') 
 Parameter containing:
tensor([[-0.0539,  0.0985, -0.0051,  ..., -0.0604, -0.1144, -0.0622],
        [ 0.0489, -0.0786,  0.1065,  ...,  0.0875,  0.0847, -0.0745],
        [ 0.0779, -0.0093,  0.0885,  ...,  0.1130,  0.0492,  0.0364],
        ...,
        [ 0.0856,  0.1179,  0.0044,  ..., -0.0850,  0.0873, -0.0543],
        [ 0.0031, -0.0916, -0.0752,  ...,  0.1232,  0.0047, -0.0676],
        [ 0.1155, -0.0375,  0.0436,  ..., -0.1149, -0.0325, -0.1080]],
       device='cuda:0', requires_grad=True)
parameters of the network fc4.bias 
 torch.Size([6796]) 
 True 
 tensor([-0.0700,  0.0100,  0.0088,  ..., -0.0785, -0.0794, -0.1016],
       device='cuda:0') 
 Parameter containing:
tensor([-0.0700,  0.0100,  0.0088,  ..., -0.0785, -0.0794, -0.1016],
       device='cuda:0', requires_grad=True)

Passing event 1007 from the network before training input tensor([[0., 0., 0.,  ..., 0., 0., 0.],
        [0., 0., 0.,  ..., 0., 0., 0.],
        [0., 0., 0.,  ..., 0., 0., 0.],
        ...,
        [0., 0., 0.,  ..., 0., 0., 0.],
        [0., 0., 0.,  ..., 0., 0., 0.],
        [0., 0., 0.,  ..., 0., 0., 0.]]) 
result1: tensor([[0.4929, 0.4928, 0.5045,  ..., 0.4839, 0.4762, 0.4725],
        [0.4930, 0.4928, 0.5046,  ..., 0.4839, 0.4763, 0.4726],
        [0.4929, 0.4928, 0.5046,  ..., 0.4839, 0.4763, 0.4725],
        ...,
        [0.4930, 0.4928, 0.5046,  ..., 0.4839, 0.4762, 0.4726],
        [0.4929, 0.4928, 0.5046,  ..., 0.4840, 0.4763, 0.4725],
        [0.4931, 0.4928, 0.5046,  ..., 0.4839, 0.4762, 0.4727]],
       device='cuda:0', grad_fn=<SigmoidBackward0>) 
result1.shape: torch.Size([20, 6796])

Passing two random events from the network before training 
result1: tensor([[0.4929, 0.4928, 0.5045,  ..., 0.4839, 0.4762, 0.4725],
        [0.4930, 0.4928, 0.5046,  ..., 0.4839, 0.4763, 0.4726],
        [0.4929, 0.4928, 0.5046,  ..., 0.4839, 0.4763, 0.4725],
        ...,
        [0.4930, 0.4928, 0.5046,  ..., 0.4839, 0.4762, 0.4726],
        [0.4929, 0.4928, 0.5046,  ..., 0.4840, 0.4763, 0.4725],
        [0.4931, 0.4928, 0.5046,  ..., 0.4839, 0.4762, 0.4727]],
       device='cuda:0', grad_fn=<SigmoidBackward0>) 
result1.shape: torch.Size([20, 6796]) 
input: [[0. 0. 0. ... 0. 0. 0.]
 [0. 0. 0. ... 0. 0. 0.]
 [0. 0. 0. ... 0. 0. 0.]
 ...
 [0. 0. 0. ... 0. 0. 0.]
 [0. 0. 0. ... 0. 0. 0.]
 [0. 0. 0. ... 0. 0. 0.]]
=> loading checkpoint from /hpcfs/bes/mlgpu/hoseinkk/MLTracking/otherparticles/pppipi/pyt_pppipi_cnn_1/checkpoint_dir/1999840284saved_checkpoint.tar



load_model True 
TraEvN 19998 
BatchSize 30.0 
EpochNum 40 
LrVal 0.0001 
weight_decay 5e-05 
startmesh 284 
endmesh 285 




Passing event 10007 from the network before training input tensor([[0., 0., 0.,  ..., 0., 0., 0.],
        [0., 0., 0.,  ..., 0., 0., 0.],
        [0., 0., 0.,  ..., 0., 0., 0.],
        ...,
        [0., 0., 0.,  ..., 0., 0., 0.],
        [0., 0., 0.,  ..., 0., 0., 0.],
        [0., 0., 0.,  ..., 0., 0., 0.]]) 
result1: tensor([9.9937e-01, 1.0000e+00, 1.0000e+00,  ..., 6.0482e-33, 8.2983e-38,
        5.9066e-13], grad_fn=<SelectBackward0>) 
result1.shape: torch.Size([6796])

Passing event 10007 from the network after training input tensor([[0., 0., 0.,  ..., 0., 0., 0.],
        [0., 0., 0.,  ..., 0., 0., 0.],
        [0., 0., 0.,  ..., 0., 0., 0.],
        ...,
        [0., 0., 0.,  ..., 0., 0., 0.],
        [0., 0., 0.,  ..., 0., 0., 0.],
        [0., 0., 0.,  ..., 0., 0., 0.]]) 
result1: tensor([0.5257, 0.4989, 0.5215,  ..., 0.4892, 0.5384, 0.4757],
       grad_fn=<SelectBackward0>) 
result1.shape: torch.Size([6796])

real	1m39.268s
user	1m11.222s
sys	0m10.073s
