0: gpu025.ihep.ac.cn
GPU 0: Tesla V100-SXM2-32GB (UUID: GPU-505643ce-4699-2c41-2564-301ff49acdf3)
Allocate GPU cards : 0

modinfo:
filename:       /lib/modules/3.10.0-1160.71.1.el7.x86_64/extra/nvidia.ko.xz
firmware:       nvidia/515.65.01/gsp.bin
alias:          char-major-195-*
version:        515.65.01
supported:      external
license:        NVIDIA
retpoline:      Y
rhelversion:    7.9
srcversion:     8049D44E2C1B08F41E1B8A6
alias:          pci:v000010DEd*sv*sd*bc06sc80i00*
alias:          pci:v000010DEd*sv*sd*bc03sc02i00*
alias:          pci:v000010DEd*sv*sd*bc03sc00i00*
depends:        drm
vermagic:       3.10.0-1160.71.1.el7.x86_64 SMP mod_unload modversions 
signer:         DKMS module signing key
sig_key:        D3:30:74:BE:C5:18:67:19:1B:75:41:E9:26:B1:89:41:A6:DD:3B:01
sig_hashalgo:   sha512
parm:           NvSwitchRegDwords:NvSwitch regkey (charp)
parm:           NvSwitchBlacklist:NvSwitchBlacklist=uuid[,uuid...] (charp)
parm:           NVreg_ResmanDebugLevel:int
parm:           NVreg_RmLogonRC:int
parm:           NVreg_ModifyDeviceFiles:int
parm:           NVreg_DeviceFileUID:int
parm:           NVreg_DeviceFileGID:int
parm:           NVreg_DeviceFileMode:int
parm:           NVreg_InitializeSystemMemoryAllocations:int
parm:           NVreg_UsePageAttributeTable:int
parm:           NVreg_EnablePCIeGen3:int
parm:           NVreg_EnableMSI:int
parm:           NVreg_TCEBypassMode:int
parm:           NVreg_EnableStreamMemOPs:int
parm:           NVreg_RestrictProfilingToAdminUsers:int
parm:           NVreg_PreserveVideoMemoryAllocations:int
parm:           NVreg_EnableS0ixPowerManagement:int
parm:           NVreg_S0ixPowerManagementVideoMemoryThreshold:int
parm:           NVreg_DynamicPowerManagement:int
parm:           NVreg_DynamicPowerManagementVideoMemoryThreshold:int
parm:           NVreg_EnableGpuFirmware:int
parm:           NVreg_EnableGpuFirmwareLogs:int
parm:           NVreg_OpenRmEnableUnsupportedGpus:int
parm:           NVreg_EnableUserNUMAManagement:int
parm:           NVreg_MemoryPoolSize:int
parm:           NVreg_KMallocHeapMaxSize:int
parm:           NVreg_VMallocHeapMaxSize:int
parm:           NVreg_IgnoreMMIOCheck:int
parm:           NVreg_NvLinkDisable:int
parm:           NVreg_EnablePCIERelaxedOrderingMode:int
parm:           NVreg_RegisterPCIDriver:int
parm:           NVreg_EnableDbgBreakpoint:int
parm:           NVreg_RegistryDwords:charp
parm:           NVreg_RegistryDwordsPerDevice:charp
parm:           NVreg_RmMsg:charp
parm:           NVreg_GpuBlacklist:charp
parm:           NVreg_TemporaryFilePath:charp
parm:           NVreg_ExcludedGpus:charp
parm:           NVreg_DmaRemapPeerMmio:int
parm:           rm_firmware_active:charp

nvidia-smi:
Wed Aug 31 06:49:03 2022       
+-----------------------------------------------------------------------------+
| NVIDIA-SMI 515.65.01    Driver Version: 515.65.01    CUDA Version: 11.7     |
|-------------------------------+----------------------+----------------------+
| GPU  Name        Persistence-M| Bus-Id        Disp.A | Volatile Uncorr. ECC |
| Fan  Temp  Perf  Pwr:Usage/Cap|         Memory-Usage | GPU-Util  Compute M. |
|                               |                      |               MIG M. |
|===============================+======================+======================|
|   0  Tesla V100-SXM2...  On   | 00000000:16:00.0 Off |                    0 |
| N/A   32C    P0    41W / 300W |      0MiB / 32768MiB |      0%      Default |
|                               |                      |                  N/A |
+-------------------------------+----------------------+----------------------+
                                                                               
+-----------------------------------------------------------------------------+
| Processes:                                                                  |
|  GPU   GI   CI        PID   Type   Process name                  GPU Memory |
|        ID   ID                                                   Usage      |
|=============================================================================|
|  No running processes found                                                 |
+-----------------------------------------------------------------------------+

nvcc --version:
nvcc: NVIDIA (R) Cuda compiler driver
Copyright (c) 2005-2021 NVIDIA Corporation
Built on Sun_Mar_21_19:15:46_PDT_2021
Cuda compilation tools, release 11.3, V11.3.58
Build cuda_11.3.r11.3/compiler.29745058_0

 torch version: 1.10.2

 cuda version: 11.3

 is cuda available: True

 CUDNN VERSION: 8200

 Number CUDA Devices: 1

 CUDA Device Name: Tesla V100-SXM2-32GB

 CUDA Device Total Memory [GB]: 34.089926656

 Device capability: (7, 0) 

 Cuda deviice: <torch.cuda.device object at 0x2ad8dec048e0> 

 Is cuda initialized: True

 CUDA_HOME: /hpcfs/bes/mlgpu/hoseinkk/Miniconda3/envs/dgl1

real	0m14.483s
user	0m2.994s
sys	0m0.853s
/hpcfs/bes/mlgpu/hoseinkk/Miniconda3/envs/dgl1/lib/python3.9/site-packages/cupy/_environment.py:438: UserWarning: 
--------------------------------------------------------------------------------

  CuPy may not function correctly because multiple CuPy packages are installed
  in your environment:

    cupy, cupy-cuda110

  Follow these steps to resolve this issue:

    1. For all packages listed above, run the following command to remove all
       existing CuPy installations:

         $ pip uninstall <package_name>

      If you previously installed CuPy via conda, also run the following:

         $ conda uninstall cupy

    2. Install the appropriate CuPy package.
       Refer to the Installation Guide for detailed instructions.

         https://docs.cupy.dev/en/stable/install.html

--------------------------------------------------------------------------------

  warnings.warn(f'''




 Training ... 






 The Network ... 







 Loading data ... 



training set shape (20000, 43, 288) 
sum 5279207

target set shape (20000, 6796) 
sum 4575851
Net(
  (conv1): Conv2d(1, 256, kernel_size=(3, 3), stride=(1, 1))
  (conv2): Conv2d(256, 128, kernel_size=(3, 3), stride=(1, 1))
  (conv3): Conv2d(128, 64, kernel_size=(3, 3), stride=(1, 1))
  (fc1): Linear(in_features=667776, out_features=256, bias=True)
  (fc2): Linear(in_features=256, out_features=128, bias=True)
  (fc3): Linear(in_features=128, out_features=64, bias=True)
  (fc4): Linear(in_features=64, out_features=6796, bias=True)
)

number of the free parameters: 171805196
parameters of the network conv1.weight 
 torch.Size([256, 1, 3, 3]) 
 True 
 tensor([[[[-0.1748, -0.0257, -0.3303],
          [-0.1994,  0.2884,  0.0188],
          [ 0.2614,  0.3067,  0.0761]]],


        [[[-0.2543,  0.2986,  0.2676],
          [ 0.1625,  0.3280,  0.1327],
          [-0.0248, -0.1734,  0.0302]]],


        [[[ 0.2929, -0.1651, -0.2249],
          [ 0.2272,  0.2382,  0.0751],
          [ 0.0841, -0.2924, -0.2273]]],


        ...,


        [[[-0.1550,  0.1602,  0.0595],
          [-0.0061,  0.2494,  0.0654],
          [-0.2499,  0.1613,  0.0033]]],


        [[[-0.3221,  0.2985, -0.2506],
          [ 0.2160,  0.3133, -0.3171],
          [ 0.2106, -0.0815, -0.1335]]],


        [[[ 0.2322,  0.1838, -0.2619],
          [ 0.0818, -0.0230,  0.1527],
          [-0.1268, -0.1031, -0.2009]]]], device='cuda:0') 
 Parameter containing:
tensor([[[[-0.1748, -0.0257, -0.3303],
          [-0.1994,  0.2884,  0.0188],
          [ 0.2614,  0.3067,  0.0761]]],


        [[[-0.2543,  0.2986,  0.2676],
          [ 0.1625,  0.3280,  0.1327],
          [-0.0248, -0.1734,  0.0302]]],


        [[[ 0.2929, -0.1651, -0.2249],
          [ 0.2272,  0.2382,  0.0751],
          [ 0.0841, -0.2924, -0.2273]]],


        ...,


        [[[-0.1550,  0.1602,  0.0595],
          [-0.0061,  0.2494,  0.0654],
          [-0.2499,  0.1613,  0.0033]]],


        [[[-0.3221,  0.2985, -0.2506],
          [ 0.2160,  0.3133, -0.3171],
          [ 0.2106, -0.0815, -0.1335]]],


        [[[ 0.2322,  0.1838, -0.2619],
          [ 0.0818, -0.0230,  0.1527],
          [-0.1268, -0.1031, -0.2009]]]], device='cuda:0', requires_grad=True)
parameters of the network conv1.bias 
 torch.Size([256]) 
 True 
 tensor([-0.1435,  0.1767,  0.2172, -0.2878, -0.0486, -0.2245,  0.2303,  0.1135,
         0.1512, -0.2046, -0.2712,  0.3089,  0.1136, -0.2786, -0.2446, -0.1915,
        -0.0095, -0.0274,  0.0568,  0.1994, -0.2329,  0.2102,  0.2651, -0.0432,
         0.2333, -0.0378, -0.2965, -0.1556,  0.1800, -0.2954, -0.0518,  0.0142,
         0.2825,  0.0433, -0.1512,  0.0525, -0.1123, -0.0968,  0.1899,  0.2691,
         0.0340,  0.0271, -0.2902,  0.2847,  0.1588, -0.1372,  0.1422,  0.1442,
        -0.3109,  0.2368,  0.1030, -0.0400, -0.0504,  0.2959, -0.0088,  0.1107,
         0.1499,  0.2430,  0.1776, -0.0622,  0.1109,  0.0115, -0.2362, -0.0156,
        -0.1345, -0.2002,  0.1583,  0.1128,  0.2492, -0.2808, -0.2733,  0.1068,
         0.1668,  0.0937, -0.1434, -0.0579,  0.3066,  0.0534, -0.2307,  0.2533,
        -0.0837, -0.1095, -0.2880, -0.2570, -0.2944, -0.0178, -0.1660, -0.2849,
        -0.0764,  0.1607,  0.0249, -0.1283,  0.2763,  0.0785, -0.3117, -0.2981,
         0.2457,  0.2184, -0.2850, -0.3250,  0.0342, -0.0530, -0.0814,  0.2862,
        -0.0658, -0.2689,  0.1974,  0.0997, -0.0315, -0.2491, -0.1548,  0.1441,
         0.0071, -0.1318,  0.0225, -0.2399,  0.2838, -0.2985,  0.2241, -0.0097,
        -0.2620,  0.0122,  0.2097,  0.1493, -0.0333,  0.1990,  0.1200,  0.2849,
         0.1989,  0.2916,  0.1103, -0.2892, -0.2930,  0.1662,  0.0514,  0.1295,
         0.0098, -0.3094, -0.2881, -0.3032,  0.1354,  0.0009, -0.0995,  0.0982,
        -0.2639,  0.1343, -0.1658, -0.2550, -0.2148, -0.2080,  0.1492, -0.0140,
        -0.0704, -0.2723, -0.0200,  0.0913, -0.1390,  0.2341,  0.0036, -0.1491,
        -0.2930, -0.0702, -0.0803, -0.0752,  0.2460, -0.0876,  0.2418,  0.2204,
        -0.0053, -0.0163, -0.2358, -0.0099,  0.0564, -0.3271, -0.1610,  0.0331,
        -0.0368,  0.2082, -0.3306, -0.3034,  0.1434,  0.0204, -0.0486,  0.2471,
        -0.1654,  0.2312, -0.0330,  0.2604,  0.0006, -0.1663,  0.1091,  0.2179,
        -0.1210, -0.0386,  0.2406,  0.0154, -0.1431, -0.1784, -0.1266,  0.2345,
         0.2405, -0.2560, -0.2573,  0.0837, -0.1692, -0.0657, -0.2828, -0.3029,
        -0.2019,  0.2025, -0.1017,  0.0158, -0.3154,  0.2782, -0.3300,  0.3194,
        -0.1584, -0.1662,  0.3287,  0.2144, -0.1371, -0.1208, -0.2714,  0.0554,
        -0.1641,  0.0925,  0.1137, -0.2218,  0.1743, -0.2795, -0.2860,  0.3211,
        -0.1655,  0.0330, -0.1506,  0.2659, -0.0981, -0.1283, -0.1115, -0.1109,
         0.2518, -0.0574,  0.2977, -0.3001,  0.1491,  0.0481,  0.2148,  0.0476,
         0.1940, -0.2274, -0.1478, -0.0494, -0.1399,  0.3261,  0.0037, -0.3218],
       device='cuda:0') 
 Parameter containing:
tensor([-0.1435,  0.1767,  0.2172, -0.2878, -0.0486, -0.2245,  0.2303,  0.1135,
         0.1512, -0.2046, -0.2712,  0.3089,  0.1136, -0.2786, -0.2446, -0.1915,
        -0.0095, -0.0274,  0.0568,  0.1994, -0.2329,  0.2102,  0.2651, -0.0432,
         0.2333, -0.0378, -0.2965, -0.1556,  0.1800, -0.2954, -0.0518,  0.0142,
         0.2825,  0.0433, -0.1512,  0.0525, -0.1123, -0.0968,  0.1899,  0.2691,
         0.0340,  0.0271, -0.2902,  0.2847,  0.1588, -0.1372,  0.1422,  0.1442,
        -0.3109,  0.2368,  0.1030, -0.0400, -0.0504,  0.2959, -0.0088,  0.1107,
         0.1499,  0.2430,  0.1776, -0.0622,  0.1109,  0.0115, -0.2362, -0.0156,
        -0.1345, -0.2002,  0.1583,  0.1128,  0.2492, -0.2808, -0.2733,  0.1068,
         0.1668,  0.0937, -0.1434, -0.0579,  0.3066,  0.0534, -0.2307,  0.2533,
        -0.0837, -0.1095, -0.2880, -0.2570, -0.2944, -0.0178, -0.1660, -0.2849,
        -0.0764,  0.1607,  0.0249, -0.1283,  0.2763,  0.0785, -0.3117, -0.2981,
         0.2457,  0.2184, -0.2850, -0.3250,  0.0342, -0.0530, -0.0814,  0.2862,
        -0.0658, -0.2689,  0.1974,  0.0997, -0.0315, -0.2491, -0.1548,  0.1441,
         0.0071, -0.1318,  0.0225, -0.2399,  0.2838, -0.2985,  0.2241, -0.0097,
        -0.2620,  0.0122,  0.2097,  0.1493, -0.0333,  0.1990,  0.1200,  0.2849,
         0.1989,  0.2916,  0.1103, -0.2892, -0.2930,  0.1662,  0.0514,  0.1295,
         0.0098, -0.3094, -0.2881, -0.3032,  0.1354,  0.0009, -0.0995,  0.0982,
        -0.2639,  0.1343, -0.1658, -0.2550, -0.2148, -0.2080,  0.1492, -0.0140,
        -0.0704, -0.2723, -0.0200,  0.0913, -0.1390,  0.2341,  0.0036, -0.1491,
        -0.2930, -0.0702, -0.0803, -0.0752,  0.2460, -0.0876,  0.2418,  0.2204,
        -0.0053, -0.0163, -0.2358, -0.0099,  0.0564, -0.3271, -0.1610,  0.0331,
        -0.0368,  0.2082, -0.3306, -0.3034,  0.1434,  0.0204, -0.0486,  0.2471,
        -0.1654,  0.2312, -0.0330,  0.2604,  0.0006, -0.1663,  0.1091,  0.2179,
        -0.1210, -0.0386,  0.2406,  0.0154, -0.1431, -0.1784, -0.1266,  0.2345,
         0.2405, -0.2560, -0.2573,  0.0837, -0.1692, -0.0657, -0.2828, -0.3029,
        -0.2019,  0.2025, -0.1017,  0.0158, -0.3154,  0.2782, -0.3300,  0.3194,
        -0.1584, -0.1662,  0.3287,  0.2144, -0.1371, -0.1208, -0.2714,  0.0554,
        -0.1641,  0.0925,  0.1137, -0.2218,  0.1743, -0.2795, -0.2860,  0.3211,
        -0.1655,  0.0330, -0.1506,  0.2659, -0.0981, -0.1283, -0.1115, -0.1109,
         0.2518, -0.0574,  0.2977, -0.3001,  0.1491,  0.0481,  0.2148,  0.0476,
         0.1940, -0.2274, -0.1478, -0.0494, -0.1399,  0.3261,  0.0037, -0.3218],
       device='cuda:0', requires_grad=True)
parameters of the network conv2.weight 
 torch.Size([128, 256, 3, 3]) 
 True 
 tensor([[[[ 1.3546e-02, -9.6418e-03,  1.5302e-02],
          [ 7.9924e-03, -1.3717e-03, -1.7151e-02],
          [-1.7191e-02,  9.5297e-03, -1.5335e-02]],

         [[-1.5124e-02,  1.7386e-02,  1.1378e-02],
          [-1.1853e-02,  1.1426e-02,  1.8931e-02],
          [ 1.0123e-02,  5.7804e-03,  4.4526e-03]],

         [[ 1.6104e-02, -5.5549e-03,  1.3638e-02],
          [-7.2877e-03, -4.0563e-03,  1.8447e-02],
          [ 8.6315e-03,  1.4777e-02,  8.7168e-03]],

         ...,

         [[-2.2688e-03, -1.7998e-02, -7.0007e-03],
          [ 1.9699e-03,  3.4731e-03,  3.3782e-03],
          [ 7.7955e-03, -1.8002e-02, -1.5117e-02]],

         [[ 3.2488e-03,  6.3978e-03, -6.2424e-03],
          [ 6.5078e-03, -3.6504e-03,  1.1977e-02],
          [ 1.3003e-02, -1.5386e-02, -1.2189e-02]],

         [[ 2.0252e-02, -1.2898e-02,  1.6061e-02],
          [ 3.9803e-03, -1.4675e-02,  1.4818e-02],
          [ 1.8318e-02,  1.2798e-02, -1.4581e-02]]],


        [[[-1.0371e-02,  8.0940e-04,  5.6044e-03],
          [ 1.3837e-02, -1.1519e-02, -4.9448e-03],
          [-2.0277e-02, -2.4095e-03, -1.7931e-02]],

         [[-1.9803e-02,  1.5965e-02, -6.1166e-03],
          [ 1.6376e-02, -8.6026e-03, -1.9189e-02],
          [ 1.5570e-02, -1.4477e-02, -8.9126e-03]],

         [[ 1.9924e-02,  1.9191e-02,  1.1378e-02],
          [ 1.8486e-02, -6.9323e-03, -1.2730e-02],
          [ 7.5249e-03, -1.0921e-02, -2.8741e-03]],

         ...,

         [[-5.4960e-03, -1.1401e-03,  1.4525e-02],
          [-1.3918e-02,  1.5408e-02,  6.6321e-03],
          [-1.1580e-02,  1.0200e-02, -2.0121e-02]],

         [[ 1.9628e-02, -2.0813e-02,  1.5547e-02],
          [ 2.1610e-03,  1.2901e-02,  8.4640e-03],
          [ 1.5182e-02, -5.2160e-03, -3.4003e-03]],

         [[ 1.4226e-03, -5.4523e-04, -7.0517e-04],
          [ 1.6184e-02,  1.7632e-02,  1.5557e-02],
          [-1.7550e-02, -1.8692e-02,  1.8505e-02]]],


        [[[-1.6206e-02,  8.9756e-04,  4.6033e-03],
          [-2.4126e-03,  1.4430e-02,  1.1880e-02],
          [ 5.3178e-03,  1.9604e-02,  1.1471e-02]],

         [[-1.9673e-02, -4.0158e-04, -1.3142e-02],
          [-7.6225e-03, -1.0132e-03, -1.7140e-02],
          [-8.4055e-03, -1.9406e-02,  1.9308e-02]],

         [[-4.0047e-03, -2.0395e-02,  4.7192e-03],
          [ 1.9305e-02,  1.0790e-02,  8.0077e-03],
          [ 2.3934e-03, -7.2297e-03,  1.6630e-02]],

         ...,

         [[-1.6539e-02,  7.4257e-03,  2.5849e-03],
          [ 1.9237e-02,  2.0276e-02,  7.5983e-03],
          [ 9.9028e-05, -7.7437e-03,  1.4884e-02]],

         [[-1.7787e-02, -6.6387e-03,  5.7839e-04],
          [ 8.2456e-03, -7.4243e-03,  5.1214e-03],
          [-7.1442e-03,  1.7375e-02,  6.0740e-03]],

         [[ 9.7906e-04,  1.6968e-02, -9.6285e-03],
          [ 8.2891e-03,  6.0917e-03, -1.1861e-02],
          [-1.0219e-02, -1.1244e-02, -9.0093e-03]]],


        ...,


        [[[ 2.3948e-03,  1.3306e-02,  4.7026e-03],
          [ 6.3297e-03, -1.7081e-02, -1.5332e-02],
          [-7.3601e-03,  1.0063e-02,  1.0890e-02]],

         [[ 5.7678e-03, -1.3808e-02,  1.4146e-03],
          [ 1.9359e-02,  8.4921e-04, -6.0605e-03],
          [ 2.2442e-03, -1.4512e-02, -4.7467e-03]],

         [[-8.0461e-03,  1.0880e-02, -1.7318e-02],
          [ 8.1673e-03,  1.2872e-02,  1.4962e-02],
          [ 2.5077e-03, -2.0248e-02, -1.3795e-03]],

         ...,

         [[ 4.2394e-03, -3.7316e-03,  1.9921e-03],
          [ 1.2980e-02,  1.3561e-02, -1.6107e-02],
          [-1.8226e-02,  9.1177e-03,  1.6456e-02]],

         [[-9.9074e-03, -2.9947e-03,  2.0195e-02],
          [-2.0316e-02, -1.7657e-02,  1.3054e-02],
          [ 6.7214e-03, -1.3059e-02,  1.1070e-02]],

         [[-1.8725e-02, -2.7478e-03,  8.9433e-03],
          [ 1.4999e-02, -1.4504e-02,  1.4999e-02],
          [ 1.7535e-02, -5.4715e-04,  1.3620e-02]]],


        [[[-2.7950e-03,  7.6521e-03,  1.4859e-02],
          [ 7.4789e-03, -1.0967e-02, -1.6539e-02],
          [ 2.2844e-03,  1.1598e-02, -1.8412e-02]],

         [[ 7.4356e-03,  1.6618e-03, -5.6159e-04],
          [-5.4634e-04, -1.1050e-02,  1.7178e-02],
          [-1.3347e-02,  1.4907e-02,  3.1612e-03]],

         [[ 1.9126e-02, -1.6860e-03, -1.4019e-02],
          [-1.8181e-02,  3.8654e-03, -1.1661e-02],
          [ 6.6654e-03,  1.4622e-02,  1.7833e-02]],

         ...,

         [[ 3.5644e-03,  1.3106e-02,  3.4434e-03],
          [ 1.0816e-02,  4.2354e-03,  1.0386e-02],
          [-9.4626e-03, -1.0214e-02, -9.0321e-03]],

         [[ 1.9614e-02,  1.1406e-02, -7.0003e-03],
          [-9.4021e-03,  1.3044e-03,  7.9851e-03],
          [ 7.6739e-03, -8.3054e-03,  1.1510e-02]],

         [[ 1.1870e-02,  5.8832e-04,  7.7242e-03],
          [ 1.1027e-02, -3.5144e-03,  1.1722e-02],
          [ 2.6328e-03, -6.5473e-03,  2.0448e-04]]],


        [[[-7.9369e-03, -2.4333e-03, -1.5630e-02],
          [ 6.3760e-03,  1.3882e-02, -1.8731e-02],
          [-1.2853e-02, -7.0919e-03, -7.5194e-03]],

         [[ 7.1276e-03,  1.5935e-02,  9.8661e-03],
          [-6.5855e-03,  1.6550e-02,  6.5372e-03],
          [-2.6323e-03, -2.0253e-02, -5.0132e-03]],

         [[ 9.5659e-03, -1.4789e-02, -2.0676e-02],
          [-1.2248e-02,  5.5475e-03, -1.8116e-02],
          [ 4.2237e-03,  2.8084e-03, -5.8456e-03]],

         ...,

         [[-1.1924e-02, -8.6615e-03,  4.6314e-03],
          [ 1.7077e-02,  6.3958e-03, -1.3446e-02],
          [-1.9403e-02,  1.9246e-02,  6.5199e-03]],

         [[-1.1012e-02,  5.0998e-03,  1.2318e-02],
          [ 1.3340e-02, -9.8051e-03, -1.5053e-02],
          [ 1.4594e-02, -1.7918e-02, -1.1168e-02]],

         [[ 1.1835e-03, -6.0161e-03,  2.0143e-02],
          [ 1.9065e-02, -1.7960e-02, -1.7960e-02],
          [ 1.1126e-02, -1.5167e-02, -1.2404e-02]]]], device='cuda:0') 
 Parameter containing:
tensor([[[[ 1.3546e-02, -9.6418e-03,  1.5302e-02],
          [ 7.9924e-03, -1.3717e-03, -1.7151e-02],
          [-1.7191e-02,  9.5297e-03, -1.5335e-02]],

         [[-1.5124e-02,  1.7386e-02,  1.1378e-02],
          [-1.1853e-02,  1.1426e-02,  1.8931e-02],
          [ 1.0123e-02,  5.7804e-03,  4.4526e-03]],

         [[ 1.6104e-02, -5.5549e-03,  1.3638e-02],
          [-7.2877e-03, -4.0563e-03,  1.8447e-02],
          [ 8.6315e-03,  1.4777e-02,  8.7168e-03]],

         ...,

         [[-2.2688e-03, -1.7998e-02, -7.0007e-03],
          [ 1.9699e-03,  3.4731e-03,  3.3782e-03],
          [ 7.7955e-03, -1.8002e-02, -1.5117e-02]],

         [[ 3.2488e-03,  6.3978e-03, -6.2424e-03],
          [ 6.5078e-03, -3.6504e-03,  1.1977e-02],
          [ 1.3003e-02, -1.5386e-02, -1.2189e-02]],

         [[ 2.0252e-02, -1.2898e-02,  1.6061e-02],
          [ 3.9803e-03, -1.4675e-02,  1.4818e-02],
          [ 1.8318e-02,  1.2798e-02, -1.4581e-02]]],


        [[[-1.0371e-02,  8.0940e-04,  5.6044e-03],
          [ 1.3837e-02, -1.1519e-02, -4.9448e-03],
          [-2.0277e-02, -2.4095e-03, -1.7931e-02]],

         [[-1.9803e-02,  1.5965e-02, -6.1166e-03],
          [ 1.6376e-02, -8.6026e-03, -1.9189e-02],
          [ 1.5570e-02, -1.4477e-02, -8.9126e-03]],

         [[ 1.9924e-02,  1.9191e-02,  1.1378e-02],
          [ 1.8486e-02, -6.9323e-03, -1.2730e-02],
          [ 7.5249e-03, -1.0921e-02, -2.8741e-03]],

         ...,

         [[-5.4960e-03, -1.1401e-03,  1.4525e-02],
          [-1.3918e-02,  1.5408e-02,  6.6321e-03],
          [-1.1580e-02,  1.0200e-02, -2.0121e-02]],

         [[ 1.9628e-02, -2.0813e-02,  1.5547e-02],
          [ 2.1610e-03,  1.2901e-02,  8.4640e-03],
          [ 1.5182e-02, -5.2160e-03, -3.4003e-03]],

         [[ 1.4226e-03, -5.4523e-04, -7.0517e-04],
          [ 1.6184e-02,  1.7632e-02,  1.5557e-02],
          [-1.7550e-02, -1.8692e-02,  1.8505e-02]]],


        [[[-1.6206e-02,  8.9756e-04,  4.6033e-03],
          [-2.4126e-03,  1.4430e-02,  1.1880e-02],
          [ 5.3178e-03,  1.9604e-02,  1.1471e-02]],

         [[-1.9673e-02, -4.0158e-04, -1.3142e-02],
          [-7.6225e-03, -1.0132e-03, -1.7140e-02],
          [-8.4055e-03, -1.9406e-02,  1.9308e-02]],

         [[-4.0047e-03, -2.0395e-02,  4.7192e-03],
          [ 1.9305e-02,  1.0790e-02,  8.0077e-03],
          [ 2.3934e-03, -7.2297e-03,  1.6630e-02]],

         ...,

         [[-1.6539e-02,  7.4257e-03,  2.5849e-03],
          [ 1.9237e-02,  2.0276e-02,  7.5983e-03],
          [ 9.9028e-05, -7.7437e-03,  1.4884e-02]],

         [[-1.7787e-02, -6.6387e-03,  5.7839e-04],
          [ 8.2456e-03, -7.4243e-03,  5.1214e-03],
          [-7.1442e-03,  1.7375e-02,  6.0740e-03]],

         [[ 9.7906e-04,  1.6968e-02, -9.6285e-03],
          [ 8.2891e-03,  6.0917e-03, -1.1861e-02],
          [-1.0219e-02, -1.1244e-02, -9.0093e-03]]],


        ...,


        [[[ 2.3948e-03,  1.3306e-02,  4.7026e-03],
          [ 6.3297e-03, -1.7081e-02, -1.5332e-02],
          [-7.3601e-03,  1.0063e-02,  1.0890e-02]],

         [[ 5.7678e-03, -1.3808e-02,  1.4146e-03],
          [ 1.9359e-02,  8.4921e-04, -6.0605e-03],
          [ 2.2442e-03, -1.4512e-02, -4.7467e-03]],

         [[-8.0461e-03,  1.0880e-02, -1.7318e-02],
          [ 8.1673e-03,  1.2872e-02,  1.4962e-02],
          [ 2.5077e-03, -2.0248e-02, -1.3795e-03]],

         ...,

         [[ 4.2394e-03, -3.7316e-03,  1.9921e-03],
          [ 1.2980e-02,  1.3561e-02, -1.6107e-02],
          [-1.8226e-02,  9.1177e-03,  1.6456e-02]],

         [[-9.9074e-03, -2.9947e-03,  2.0195e-02],
          [-2.0316e-02, -1.7657e-02,  1.3054e-02],
          [ 6.7214e-03, -1.3059e-02,  1.1070e-02]],

         [[-1.8725e-02, -2.7478e-03,  8.9433e-03],
          [ 1.4999e-02, -1.4504e-02,  1.4999e-02],
          [ 1.7535e-02, -5.4715e-04,  1.3620e-02]]],


        [[[-2.7950e-03,  7.6521e-03,  1.4859e-02],
          [ 7.4789e-03, -1.0967e-02, -1.6539e-02],
          [ 2.2844e-03,  1.1598e-02, -1.8412e-02]],

         [[ 7.4356e-03,  1.6618e-03, -5.6159e-04],
          [-5.4634e-04, -1.1050e-02,  1.7178e-02],
          [-1.3347e-02,  1.4907e-02,  3.1612e-03]],

         [[ 1.9126e-02, -1.6860e-03, -1.4019e-02],
          [-1.8181e-02,  3.8654e-03, -1.1661e-02],
          [ 6.6654e-03,  1.4622e-02,  1.7833e-02]],

         ...,

         [[ 3.5644e-03,  1.3106e-02,  3.4434e-03],
          [ 1.0816e-02,  4.2354e-03,  1.0386e-02],
          [-9.4626e-03, -1.0214e-02, -9.0321e-03]],

         [[ 1.9614e-02,  1.1406e-02, -7.0003e-03],
          [-9.4021e-03,  1.3044e-03,  7.9851e-03],
          [ 7.6739e-03, -8.3054e-03,  1.1510e-02]],

         [[ 1.1870e-02,  5.8832e-04,  7.7242e-03],
          [ 1.1027e-02, -3.5144e-03,  1.1722e-02],
          [ 2.6328e-03, -6.5473e-03,  2.0448e-04]]],


        [[[-7.9369e-03, -2.4333e-03, -1.5630e-02],
          [ 6.3760e-03,  1.3882e-02, -1.8731e-02],
          [-1.2853e-02, -7.0919e-03, -7.5194e-03]],

         [[ 7.1276e-03,  1.5935e-02,  9.8661e-03],
          [-6.5855e-03,  1.6550e-02,  6.5372e-03],
          [-2.6323e-03, -2.0253e-02, -5.0132e-03]],

         [[ 9.5659e-03, -1.4789e-02, -2.0676e-02],
          [-1.2248e-02,  5.5475e-03, -1.8116e-02],
          [ 4.2237e-03,  2.8084e-03, -5.8456e-03]],

         ...,

         [[-1.1924e-02, -8.6615e-03,  4.6314e-03],
          [ 1.7077e-02,  6.3958e-03, -1.3446e-02],
          [-1.9403e-02,  1.9246e-02,  6.5199e-03]],

         [[-1.1012e-02,  5.0998e-03,  1.2318e-02],
          [ 1.3340e-02, -9.8051e-03, -1.5053e-02],
          [ 1.4594e-02, -1.7918e-02, -1.1168e-02]],

         [[ 1.1835e-03, -6.0161e-03,  2.0143e-02],
          [ 1.9065e-02, -1.7960e-02, -1.7960e-02],
          [ 1.1126e-02, -1.5167e-02, -1.2404e-02]]]], device='cuda:0',
       requires_grad=True)
parameters of the network conv2.bias 
 torch.Size([128]) 
 True 
 tensor([-3.7737e-03,  1.9882e-02,  1.8251e-02, -1.7579e-02,  1.8723e-02,
         1.0378e-03,  7.5990e-03,  1.9775e-02, -1.9259e-02, -1.6424e-02,
        -5.1042e-03,  1.3469e-02,  1.3046e-02, -1.7660e-02, -9.3258e-03,
        -1.4840e-02,  1.8654e-02,  7.2523e-03, -1.8022e-02,  1.5026e-02,
         4.3324e-04, -1.3980e-02,  2.0772e-02, -2.8939e-03,  2.0608e-02,
        -1.1169e-03, -1.2440e-02,  1.8570e-02, -6.4132e-03, -5.0991e-04,
         6.6739e-03,  1.6181e-02,  4.1453e-03, -1.2001e-02,  7.5000e-03,
         2.0584e-02,  3.2869e-04,  1.5322e-02,  7.4727e-03, -1.9732e-02,
        -1.6264e-02, -1.6774e-02,  3.8213e-03, -1.2110e-02, -1.5112e-02,
         1.8618e-02,  1.1820e-02,  2.7506e-03, -1.8688e-02,  6.9402e-03,
        -1.2597e-02, -1.4877e-02, -2.7917e-03,  1.2763e-02,  3.8118e-04,
        -9.1894e-03, -1.1906e-02, -1.7327e-02, -2.0136e-02,  1.9117e-02,
         1.2383e-02,  1.1488e-02,  1.1207e-02,  1.9948e-02, -1.8410e-02,
         4.3116e-03,  4.1847e-03,  3.3906e-03, -1.0645e-02, -4.0968e-03,
        -5.1153e-03,  1.3060e-02, -9.1580e-03, -6.5292e-03,  1.6849e-02,
        -7.8367e-03, -2.9479e-04, -1.9942e-02,  1.5033e-02, -2.0660e-02,
         1.1436e-02, -9.9113e-03,  4.4513e-03, -1.3539e-02,  1.4416e-02,
         9.0916e-03,  1.8411e-02,  1.5572e-02, -7.1673e-03, -8.2891e-03,
         1.0246e-02,  1.3472e-02, -1.8155e-02, -2.5810e-03,  9.3084e-03,
        -1.3499e-02, -2.0128e-02, -7.5829e-03, -1.6736e-02,  1.3547e-03,
         1.9487e-02, -5.3197e-05,  4.3236e-03,  1.9740e-02, -1.1099e-02,
        -1.5542e-02,  1.9277e-02,  6.7861e-03, -1.6163e-02,  1.9812e-02,
         2.3344e-03, -1.2411e-02,  7.4983e-03,  1.7435e-02, -3.6319e-03,
        -1.7270e-02, -1.6140e-02, -1.7618e-02,  1.9176e-02, -9.7487e-03,
         1.4181e-02,  2.0175e-02,  1.8524e-02, -9.5586e-03,  8.5220e-03,
         1.9506e-02,  3.0014e-04, -9.7489e-03], device='cuda:0') 
 Parameter containing:
tensor([-3.7737e-03,  1.9882e-02,  1.8251e-02, -1.7579e-02,  1.8723e-02,
         1.0378e-03,  7.5990e-03,  1.9775e-02, -1.9259e-02, -1.6424e-02,
        -5.1042e-03,  1.3469e-02,  1.3046e-02, -1.7660e-02, -9.3258e-03,
        -1.4840e-02,  1.8654e-02,  7.2523e-03, -1.8022e-02,  1.5026e-02,
         4.3324e-04, -1.3980e-02,  2.0772e-02, -2.8939e-03,  2.0608e-02,
        -1.1169e-03, -1.2440e-02,  1.8570e-02, -6.4132e-03, -5.0991e-04,
         6.6739e-03,  1.6181e-02,  4.1453e-03, -1.2001e-02,  7.5000e-03,
         2.0584e-02,  3.2869e-04,  1.5322e-02,  7.4727e-03, -1.9732e-02,
        -1.6264e-02, -1.6774e-02,  3.8213e-03, -1.2110e-02, -1.5112e-02,
         1.8618e-02,  1.1820e-02,  2.7506e-03, -1.8688e-02,  6.9402e-03,
        -1.2597e-02, -1.4877e-02, -2.7917e-03,  1.2763e-02,  3.8118e-04,
        -9.1894e-03, -1.1906e-02, -1.7327e-02, -2.0136e-02,  1.9117e-02,
         1.2383e-02,  1.1488e-02,  1.1207e-02,  1.9948e-02, -1.8410e-02,
         4.3116e-03,  4.1847e-03,  3.3906e-03, -1.0645e-02, -4.0968e-03,
        -5.1153e-03,  1.3060e-02, -9.1580e-03, -6.5292e-03,  1.6849e-02,
        -7.8367e-03, -2.9479e-04, -1.9942e-02,  1.5033e-02, -2.0660e-02,
         1.1436e-02, -9.9113e-03,  4.4513e-03, -1.3539e-02,  1.4416e-02,
         9.0916e-03,  1.8411e-02,  1.5572e-02, -7.1673e-03, -8.2891e-03,
         1.0246e-02,  1.3472e-02, -1.8155e-02, -2.5810e-03,  9.3084e-03,
        -1.3499e-02, -2.0128e-02, -7.5829e-03, -1.6736e-02,  1.3547e-03,
         1.9487e-02, -5.3197e-05,  4.3236e-03,  1.9740e-02, -1.1099e-02,
        -1.5542e-02,  1.9277e-02,  6.7861e-03, -1.6163e-02,  1.9812e-02,
         2.3344e-03, -1.2411e-02,  7.4983e-03,  1.7435e-02, -3.6319e-03,
        -1.7270e-02, -1.6140e-02, -1.7618e-02,  1.9176e-02, -9.7487e-03,
         1.4181e-02,  2.0175e-02,  1.8524e-02, -9.5586e-03,  8.5220e-03,
         1.9506e-02,  3.0014e-04, -9.7489e-03], device='cuda:0',
       requires_grad=True)
parameters of the network conv3.weight 
 torch.Size([64, 128, 3, 3]) 
 True 
 tensor([[[[-5.3449e-03, -1.2994e-02, -2.0582e-02],
          [-1.3542e-02, -9.0054e-03,  7.4628e-03],
          [ 1.1566e-02, -1.8655e-02,  2.1935e-02]],

         [[ 3.2032e-03, -1.2061e-02,  1.9275e-02],
          [-2.7958e-02,  2.7326e-02,  1.7655e-02],
          [-2.9510e-03, -1.8007e-02,  1.7933e-03]],

         [[-1.8955e-02, -2.2333e-02,  2.8047e-03],
          [-2.1237e-02, -2.5564e-02, -7.5222e-03],
          [-1.2801e-02, -2.0710e-02,  5.1587e-03]],

         ...,

         [[ 1.9559e-02,  2.2522e-02,  6.6040e-04],
          [-2.6079e-02, -1.7680e-02, -2.1563e-02],
          [-2.2752e-02,  6.2841e-03,  1.4805e-02]],

         [[-1.6980e-02, -5.2671e-03,  2.0221e-02],
          [-4.6726e-03, -2.7216e-02, -1.7025e-03],
          [-1.2680e-02,  2.8576e-02,  1.3664e-02]],

         [[-1.8574e-02,  6.7945e-03, -2.3443e-02],
          [ 9.3745e-03,  1.5901e-02, -2.6652e-02],
          [ 1.0864e-02, -9.6852e-03,  2.7023e-02]]],


        [[[-1.1427e-02, -1.7181e-02, -1.4237e-02],
          [-1.7521e-02, -8.5388e-03, -2.8119e-02],
          [-4.6939e-03,  1.3848e-02,  2.0190e-02]],

         [[-7.0285e-03,  1.4596e-02,  2.5264e-02],
          [ 7.2528e-03,  2.8683e-02,  8.8334e-03],
          [-1.1951e-02,  1.2281e-02,  1.2971e-02]],

         [[-1.6454e-02, -2.0904e-02,  7.0206e-03],
          [-2.2808e-03, -8.8718e-03, -1.7699e-02],
          [ 2.4208e-02,  7.5624e-04,  9.4585e-05]],

         ...,

         [[ 2.5385e-04, -1.5155e-02, -2.2188e-02],
          [ 2.2852e-02, -2.1536e-02, -1.8236e-02],
          [ 5.8722e-03,  1.0247e-02,  2.1965e-02]],

         [[ 3.7302e-03,  7.2948e-03, -2.9220e-02],
          [ 1.6833e-02, -2.6697e-02,  5.5263e-03],
          [ 1.0621e-02, -2.4398e-02,  2.2264e-02]],

         [[ 2.3780e-03,  1.3265e-02, -7.0487e-03],
          [ 2.4860e-02,  6.0326e-03, -1.2450e-02],
          [ 1.2364e-02, -1.9979e-02,  1.0463e-04]]],


        [[[ 7.6300e-03,  2.4704e-02,  1.0062e-02],
          [-2.7473e-02, -1.8832e-02, -2.1396e-02],
          [ 9.0947e-03, -2.0863e-03,  1.0037e-02]],

         [[ 2.6950e-02, -2.5371e-02, -9.4136e-03],
          [ 2.3808e-02,  2.5250e-02,  7.2669e-04],
          [ 8.0140e-04,  5.5079e-03,  1.5599e-02]],

         [[-1.6232e-02, -2.5785e-02,  1.4083e-02],
          [ 2.0211e-02, -1.1229e-02,  2.0937e-02],
          [-3.0375e-03,  2.8701e-02, -1.0494e-03]],

         ...,

         [[ 1.4234e-02, -2.7644e-02, -1.4047e-02],
          [-5.0462e-03, -1.5838e-02, -1.3771e-02],
          [ 1.9841e-02, -4.6070e-03, -3.3664e-03]],

         [[-2.0195e-02,  6.9947e-03, -2.6959e-02],
          [ 1.1017e-02, -6.2732e-03, -2.6796e-02],
          [ 6.5056e-04,  2.5306e-02, -1.8204e-02]],

         [[-1.5002e-02, -2.5703e-02,  1.7721e-02],
          [-9.1328e-03,  1.7939e-02,  2.4837e-02],
          [-2.5189e-02, -2.4969e-02,  1.1127e-03]]],


        ...,


        [[[ 6.7369e-03, -2.1943e-02,  8.3522e-03],
          [ 5.6200e-03, -1.9093e-02, -7.5408e-04],
          [ 2.9548e-03, -2.9109e-02, -9.6346e-03]],

         [[-4.9448e-03, -9.7831e-03,  1.3652e-02],
          [ 2.2691e-02, -1.5443e-02, -1.4599e-02],
          [-9.6998e-03,  1.1993e-02, -7.7905e-03]],

         [[-3.2725e-03,  2.6177e-02, -1.2128e-02],
          [ 6.8213e-03,  2.8882e-02, -1.9991e-02],
          [-1.4315e-02, -7.7854e-03,  2.3064e-02]],

         ...,

         [[ 2.0601e-02,  2.6578e-02,  3.1106e-04],
          [ 1.8821e-02, -8.1794e-03, -1.6880e-02],
          [ 2.0466e-02,  1.1803e-02,  1.2869e-02]],

         [[ 2.8609e-02, -2.2830e-02, -3.6654e-03],
          [ 2.0037e-02,  2.5053e-02, -1.4970e-02],
          [ 1.3117e-02,  2.6596e-02, -3.0423e-03]],

         [[-2.1234e-02, -2.4718e-02, -2.1405e-02],
          [ 8.6323e-03,  2.5979e-02,  2.7125e-02],
          [-1.5446e-03, -6.3845e-03, -1.5373e-02]]],


        [[[-9.6685e-05, -1.3034e-02,  2.3061e-02],
          [-2.4844e-02, -2.2131e-02,  2.9061e-02],
          [ 2.5907e-02,  2.3415e-02, -6.3837e-03]],

         [[ 1.8800e-02,  1.4385e-02, -2.0723e-02],
          [-2.7943e-02, -2.5740e-02,  2.5674e-02],
          [ 2.7838e-02, -2.6486e-02,  2.9206e-02]],

         [[-6.7325e-03, -2.2808e-02,  2.7446e-02],
          [ 5.6436e-03,  9.5963e-03, -1.0684e-02],
          [-2.3801e-02, -2.1008e-02,  2.0350e-02]],

         ...,

         [[-2.3584e-03, -2.7858e-02,  2.3155e-02],
          [-2.0737e-02,  1.7437e-02, -2.5536e-02],
          [ 2.7361e-02,  2.4131e-02,  9.6205e-03]],

         [[-2.6505e-03,  2.7136e-02, -2.6414e-02],
          [-2.4466e-02, -2.1959e-02, -3.5017e-03],
          [-2.4679e-02,  1.3752e-02, -5.5089e-03]],

         [[-2.7675e-02, -2.2931e-02, -1.0430e-02],
          [ 7.2972e-04, -2.8902e-02, -9.1550e-03],
          [-2.0103e-02, -1.0493e-03,  9.3139e-03]]],


        [[[-7.4633e-03, -2.7976e-02, -3.2845e-03],
          [ 5.9836e-03, -1.7210e-02, -1.4062e-02],
          [ 2.2234e-02,  2.4594e-02, -2.0557e-02]],

         [[ 5.9588e-03, -7.7630e-03, -1.1005e-02],
          [ 9.3684e-04,  1.5533e-02,  1.2596e-02],
          [ 3.8841e-03,  2.5758e-04,  6.2104e-03]],

         [[-1.0839e-02,  8.8392e-03, -3.6576e-03],
          [ 1.3418e-02,  1.7130e-02, -3.2927e-03],
          [-2.0283e-03, -2.4309e-02,  1.3105e-02]],

         ...,

         [[ 2.4212e-02,  2.4131e-02, -1.0707e-02],
          [ 1.7163e-02,  1.6808e-02, -4.0886e-05],
          [-2.6573e-02,  8.9733e-03,  1.2010e-02]],

         [[-1.4257e-02,  1.9006e-02,  5.1234e-03],
          [-1.0888e-02,  8.1374e-03, -2.4952e-02],
          [-1.1402e-03,  2.2760e-02, -6.3308e-03]],

         [[-2.8877e-03,  8.7816e-03, -1.1401e-02],
          [ 2.8048e-02, -1.3265e-03,  2.0124e-02],
          [ 1.6177e-02,  2.5361e-02, -2.5815e-02]]]], device='cuda:0') 
 Parameter containing:
tensor([[[[-5.3449e-03, -1.2994e-02, -2.0582e-02],
          [-1.3542e-02, -9.0054e-03,  7.4628e-03],
          [ 1.1566e-02, -1.8655e-02,  2.1935e-02]],

         [[ 3.2032e-03, -1.2061e-02,  1.9275e-02],
          [-2.7958e-02,  2.7326e-02,  1.7655e-02],
          [-2.9510e-03, -1.8007e-02,  1.7933e-03]],

         [[-1.8955e-02, -2.2333e-02,  2.8047e-03],
          [-2.1237e-02, -2.5564e-02, -7.5222e-03],
          [-1.2801e-02, -2.0710e-02,  5.1587e-03]],

         ...,

         [[ 1.9559e-02,  2.2522e-02,  6.6040e-04],
          [-2.6079e-02, -1.7680e-02, -2.1563e-02],
          [-2.2752e-02,  6.2841e-03,  1.4805e-02]],

         [[-1.6980e-02, -5.2671e-03,  2.0221e-02],
          [-4.6726e-03, -2.7216e-02, -1.7025e-03],
          [-1.2680e-02,  2.8576e-02,  1.3664e-02]],

         [[-1.8574e-02,  6.7945e-03, -2.3443e-02],
          [ 9.3745e-03,  1.5901e-02, -2.6652e-02],
          [ 1.0864e-02, -9.6852e-03,  2.7023e-02]]],


        [[[-1.1427e-02, -1.7181e-02, -1.4237e-02],
          [-1.7521e-02, -8.5388e-03, -2.8119e-02],
          [-4.6939e-03,  1.3848e-02,  2.0190e-02]],

         [[-7.0285e-03,  1.4596e-02,  2.5264e-02],
          [ 7.2528e-03,  2.8683e-02,  8.8334e-03],
          [-1.1951e-02,  1.2281e-02,  1.2971e-02]],

         [[-1.6454e-02, -2.0904e-02,  7.0206e-03],
          [-2.2808e-03, -8.8718e-03, -1.7699e-02],
          [ 2.4208e-02,  7.5624e-04,  9.4585e-05]],

         ...,

         [[ 2.5385e-04, -1.5155e-02, -2.2188e-02],
          [ 2.2852e-02, -2.1536e-02, -1.8236e-02],
          [ 5.8722e-03,  1.0247e-02,  2.1965e-02]],

         [[ 3.7302e-03,  7.2948e-03, -2.9220e-02],
          [ 1.6833e-02, -2.6697e-02,  5.5263e-03],
          [ 1.0621e-02, -2.4398e-02,  2.2264e-02]],

         [[ 2.3780e-03,  1.3265e-02, -7.0487e-03],
          [ 2.4860e-02,  6.0326e-03, -1.2450e-02],
          [ 1.2364e-02, -1.9979e-02,  1.0463e-04]]],


        [[[ 7.6300e-03,  2.4704e-02,  1.0062e-02],
          [-2.7473e-02, -1.8832e-02, -2.1396e-02],
          [ 9.0947e-03, -2.0863e-03,  1.0037e-02]],

         [[ 2.6950e-02, -2.5371e-02, -9.4136e-03],
          [ 2.3808e-02,  2.5250e-02,  7.2669e-04],
          [ 8.0140e-04,  5.5079e-03,  1.5599e-02]],

         [[-1.6232e-02, -2.5785e-02,  1.4083e-02],
          [ 2.0211e-02, -1.1229e-02,  2.0937e-02],
          [-3.0375e-03,  2.8701e-02, -1.0494e-03]],

         ...,

         [[ 1.4234e-02, -2.7644e-02, -1.4047e-02],
          [-5.0462e-03, -1.5838e-02, -1.3771e-02],
          [ 1.9841e-02, -4.6070e-03, -3.3664e-03]],

         [[-2.0195e-02,  6.9947e-03, -2.6959e-02],
          [ 1.1017e-02, -6.2732e-03, -2.6796e-02],
          [ 6.5056e-04,  2.5306e-02, -1.8204e-02]],

         [[-1.5002e-02, -2.5703e-02,  1.7721e-02],
          [-9.1328e-03,  1.7939e-02,  2.4837e-02],
          [-2.5189e-02, -2.4969e-02,  1.1127e-03]]],


        ...,


        [[[ 6.7369e-03, -2.1943e-02,  8.3522e-03],
          [ 5.6200e-03, -1.9093e-02, -7.5408e-04],
          [ 2.9548e-03, -2.9109e-02, -9.6346e-03]],

         [[-4.9448e-03, -9.7831e-03,  1.3652e-02],
          [ 2.2691e-02, -1.5443e-02, -1.4599e-02],
          [-9.6998e-03,  1.1993e-02, -7.7905e-03]],

         [[-3.2725e-03,  2.6177e-02, -1.2128e-02],
          [ 6.8213e-03,  2.8882e-02, -1.9991e-02],
          [-1.4315e-02, -7.7854e-03,  2.3064e-02]],

         ...,

         [[ 2.0601e-02,  2.6578e-02,  3.1106e-04],
          [ 1.8821e-02, -8.1794e-03, -1.6880e-02],
          [ 2.0466e-02,  1.1803e-02,  1.2869e-02]],

         [[ 2.8609e-02, -2.2830e-02, -3.6654e-03],
          [ 2.0037e-02,  2.5053e-02, -1.4970e-02],
          [ 1.3117e-02,  2.6596e-02, -3.0423e-03]],

         [[-2.1234e-02, -2.4718e-02, -2.1405e-02],
          [ 8.6323e-03,  2.5979e-02,  2.7125e-02],
          [-1.5446e-03, -6.3845e-03, -1.5373e-02]]],


        [[[-9.6685e-05, -1.3034e-02,  2.3061e-02],
          [-2.4844e-02, -2.2131e-02,  2.9061e-02],
          [ 2.5907e-02,  2.3415e-02, -6.3837e-03]],

         [[ 1.8800e-02,  1.4385e-02, -2.0723e-02],
          [-2.7943e-02, -2.5740e-02,  2.5674e-02],
          [ 2.7838e-02, -2.6486e-02,  2.9206e-02]],

         [[-6.7325e-03, -2.2808e-02,  2.7446e-02],
          [ 5.6436e-03,  9.5963e-03, -1.0684e-02],
          [-2.3801e-02, -2.1008e-02,  2.0350e-02]],

         ...,

         [[-2.3584e-03, -2.7858e-02,  2.3155e-02],
          [-2.0737e-02,  1.7437e-02, -2.5536e-02],
          [ 2.7361e-02,  2.4131e-02,  9.6205e-03]],

         [[-2.6505e-03,  2.7136e-02, -2.6414e-02],
          [-2.4466e-02, -2.1959e-02, -3.5017e-03],
          [-2.4679e-02,  1.3752e-02, -5.5089e-03]],

         [[-2.7675e-02, -2.2931e-02, -1.0430e-02],
          [ 7.2972e-04, -2.8902e-02, -9.1550e-03],
          [-2.0103e-02, -1.0493e-03,  9.3139e-03]]],


        [[[-7.4633e-03, -2.7976e-02, -3.2845e-03],
          [ 5.9836e-03, -1.7210e-02, -1.4062e-02],
          [ 2.2234e-02,  2.4594e-02, -2.0557e-02]],

         [[ 5.9588e-03, -7.7630e-03, -1.1005e-02],
          [ 9.3684e-04,  1.5533e-02,  1.2596e-02],
          [ 3.8841e-03,  2.5758e-04,  6.2104e-03]],

         [[-1.0839e-02,  8.8392e-03, -3.6576e-03],
          [ 1.3418e-02,  1.7130e-02, -3.2927e-03],
          [-2.0283e-03, -2.4309e-02,  1.3105e-02]],

         ...,

         [[ 2.4212e-02,  2.4131e-02, -1.0707e-02],
          [ 1.7163e-02,  1.6808e-02, -4.0886e-05],
          [-2.6573e-02,  8.9733e-03,  1.2010e-02]],

         [[-1.4257e-02,  1.9006e-02,  5.1234e-03],
          [-1.0888e-02,  8.1374e-03, -2.4952e-02],
          [-1.1402e-03,  2.2760e-02, -6.3308e-03]],

         [[-2.8877e-03,  8.7816e-03, -1.1401e-02],
          [ 2.8048e-02, -1.3265e-03,  2.0124e-02],
          [ 1.6177e-02,  2.5361e-02, -2.5815e-02]]]], device='cuda:0',
       requires_grad=True)
parameters of the network conv3.bias 
 torch.Size([64]) 
 True 
 tensor([-0.0135, -0.0118,  0.0261,  0.0163, -0.0040, -0.0011, -0.0074,  0.0149,
        -0.0206, -0.0148, -0.0121, -0.0119, -0.0174,  0.0136, -0.0154,  0.0285,
         0.0187, -0.0203,  0.0074, -0.0004, -0.0268, -0.0088, -0.0116, -0.0149,
        -0.0117,  0.0282,  0.0160,  0.0064,  0.0160, -0.0085,  0.0056,  0.0002,
        -0.0117, -0.0086,  0.0117, -0.0220, -0.0060,  0.0183,  0.0290, -0.0195,
         0.0050,  0.0220,  0.0126, -0.0285, -0.0160,  0.0226, -0.0064,  0.0163,
         0.0176,  0.0198, -0.0185,  0.0235, -0.0048, -0.0221,  0.0136, -0.0127,
         0.0245, -0.0279, -0.0089,  0.0027,  0.0160,  0.0271, -0.0087, -0.0029],
       device='cuda:0') 
 Parameter containing:
tensor([-0.0135, -0.0118,  0.0261,  0.0163, -0.0040, -0.0011, -0.0074,  0.0149,
        -0.0206, -0.0148, -0.0121, -0.0119, -0.0174,  0.0136, -0.0154,  0.0285,
         0.0187, -0.0203,  0.0074, -0.0004, -0.0268, -0.0088, -0.0116, -0.0149,
        -0.0117,  0.0282,  0.0160,  0.0064,  0.0160, -0.0085,  0.0056,  0.0002,
        -0.0117, -0.0086,  0.0117, -0.0220, -0.0060,  0.0183,  0.0290, -0.0195,
         0.0050,  0.0220,  0.0126, -0.0285, -0.0160,  0.0226, -0.0064,  0.0163,
         0.0176,  0.0198, -0.0185,  0.0235, -0.0048, -0.0221,  0.0136, -0.0127,
         0.0245, -0.0279, -0.0089,  0.0027,  0.0160,  0.0271, -0.0087, -0.0029],
       device='cuda:0', requires_grad=True)
parameters of the network fc1.weight 
 torch.Size([256, 667776]) 
 True 
 tensor([[-3.3163e-04,  1.1896e-03,  1.0920e-03,  ..., -1.0547e-04,
         -9.9403e-04, -8.8078e-04],
        [ 9.9501e-04,  1.6241e-04,  9.9629e-04,  ..., -8.3433e-04,
         -5.7748e-04, -6.8536e-04],
        [ 1.1849e-03, -7.4482e-05, -7.6017e-04,  ...,  1.1827e-03,
          8.6984e-04, -3.2216e-04],
        ...,
        [ 1.0019e-03,  1.2963e-04, -1.2169e-03,  ..., -1.1736e-03,
         -8.7709e-04, -6.8746e-04],
        [ 6.7889e-04,  7.0918e-04,  1.1618e-03,  ..., -1.9411e-04,
          8.0657e-04,  1.0847e-04],
        [ 3.4414e-05,  2.4184e-04,  2.9289e-04,  ..., -8.9710e-04,
          2.8771e-04,  9.4086e-04]], device='cuda:0') 
 Parameter containing:
tensor([[-3.3163e-04,  1.1896e-03,  1.0920e-03,  ..., -1.0547e-04,
         -9.9403e-04, -8.8078e-04],
        [ 9.9501e-04,  1.6241e-04,  9.9629e-04,  ..., -8.3433e-04,
         -5.7748e-04, -6.8536e-04],
        [ 1.1849e-03, -7.4482e-05, -7.6017e-04,  ...,  1.1827e-03,
          8.6984e-04, -3.2216e-04],
        ...,
        [ 1.0019e-03,  1.2963e-04, -1.2169e-03,  ..., -1.1736e-03,
         -8.7709e-04, -6.8746e-04],
        [ 6.7889e-04,  7.0918e-04,  1.1618e-03,  ..., -1.9411e-04,
          8.0657e-04,  1.0847e-04],
        [ 3.4414e-05,  2.4184e-04,  2.9289e-04,  ..., -8.9710e-04,
          2.8771e-04,  9.4086e-04]], device='cuda:0', requires_grad=True)
parameters of the network fc1.bias 
 torch.Size([256]) 
 True 
 tensor([ 5.4754e-04,  1.8958e-04,  3.1342e-04,  7.0553e-04,  2.9507e-04,
         8.5987e-04, -1.1067e-04, -9.9282e-04,  6.8612e-04, -2.1557e-04,
        -3.8108e-04,  5.0993e-04, -2.2565e-04, -1.1468e-04,  2.7366e-04,
         6.5501e-04,  8.3420e-04, -6.8571e-04,  8.2422e-04,  2.5488e-04,
         1.0748e-04, -9.7229e-04,  4.3731e-04, -6.9341e-04,  3.9405e-04,
        -5.9326e-04, -2.4271e-04, -2.4500e-04,  9.5943e-04, -5.9451e-04,
        -4.0409e-04,  1.2151e-03,  1.0524e-03, -6.9354e-05, -1.3695e-04,
         9.9639e-05,  7.9464e-04,  9.9306e-04, -7.0049e-04,  7.2620e-05,
         6.3539e-04,  6.2771e-04,  2.8148e-04,  1.0606e-03,  8.4495e-04,
         1.1423e-03,  9.0185e-05, -1.0093e-03,  1.1122e-03, -3.9487e-04,
         5.0368e-04, -1.3231e-04,  8.2942e-04, -6.5804e-04, -1.1929e-03,
        -1.1574e-03, -1.1376e-03, -1.1675e-03, -9.2224e-04, -1.1265e-03,
         1.0207e-03,  4.7268e-04, -2.3081e-04, -7.0447e-04, -1.0343e-03,
        -1.2148e-03, -9.9935e-04, -2.0140e-04, -5.6617e-04, -7.3918e-04,
        -5.9504e-04, -4.8212e-04,  6.4187e-05, -3.4408e-04,  1.0405e-03,
         1.0211e-03, -7.8245e-04,  3.9722e-04, -6.5683e-04, -7.2221e-04,
        -1.1170e-03, -1.1664e-05,  2.2867e-04, -1.1963e-03, -1.1127e-03,
         1.1296e-03,  1.1337e-03, -7.2262e-04, -1.1689e-03,  7.9754e-04,
         7.9914e-04,  1.3113e-04, -1.7342e-04,  7.4562e-04, -8.2995e-04,
         8.0725e-04,  5.8676e-04, -5.6044e-04, -7.5971e-04,  3.3118e-04,
        -8.0422e-04,  8.2626e-04, -2.2827e-04, -1.2199e-03,  4.0617e-04,
        -4.1994e-04,  7.2219e-05,  5.5952e-04, -3.5938e-04, -2.7580e-04,
         8.3155e-04, -5.8322e-04, -5.3935e-04,  7.8853e-04, -2.9748e-04,
        -2.3965e-04,  7.3924e-04, -3.1905e-04, -3.1854e-04,  1.2168e-03,
         6.4716e-04,  7.6682e-04, -9.3385e-04,  7.1369e-04,  2.4194e-04,
         2.3311e-04,  2.7457e-04,  3.5164e-04, -3.2384e-04,  9.5853e-04,
         1.8549e-04, -8.7789e-04,  9.6039e-04,  1.0234e-03,  2.9773e-04,
         1.4425e-04,  1.1364e-03, -9.9437e-05,  6.9291e-04,  8.9182e-04,
        -1.1969e-04, -4.7986e-05, -1.2146e-04,  9.4761e-04, -4.2536e-04,
        -4.1576e-04,  6.8122e-04,  9.6188e-04, -2.8153e-04, -1.9817e-04,
         7.1144e-04,  1.0648e-03,  5.1729e-04, -8.9042e-04,  9.2960e-04,
         6.5226e-04,  1.1168e-03,  1.1269e-03,  1.0384e-03, -4.1737e-04,
        -3.0294e-04,  3.7359e-04,  1.0872e-03, -3.4671e-04,  6.8006e-04,
         6.4808e-04, -3.9428e-04,  6.1788e-04,  1.0188e-03, -8.0322e-04,
        -8.6943e-05, -8.7644e-04,  2.2278e-04, -9.6853e-04, -6.4498e-04,
        -7.6975e-04,  9.2245e-04,  8.3006e-06, -1.0341e-03, -4.8482e-04,
        -7.0529e-04, -5.5499e-04, -2.4700e-05,  7.8559e-04,  5.6714e-04,
         7.2367e-04,  4.6916e-04, -5.5913e-04,  8.0750e-04,  1.8344e-04,
         4.0914e-05, -7.6051e-04, -8.8140e-04,  9.9360e-04, -2.8651e-04,
         1.3926e-04,  5.5605e-04, -1.2103e-03, -9.3896e-04,  4.9430e-04,
        -8.6239e-04,  4.0782e-05, -1.2012e-03, -3.8832e-04,  2.3795e-04,
        -9.5586e-04, -2.7816e-04,  1.0154e-03,  4.7415e-04, -2.0970e-05,
        -1.1591e-03, -9.2542e-04,  2.6511e-04, -8.7707e-05, -3.5245e-04,
         5.7766e-04,  8.8846e-04,  6.0318e-04, -9.1860e-04,  9.4251e-04,
        -9.9163e-04,  2.4725e-04,  1.5421e-04, -4.3162e-04, -9.3668e-06,
        -5.0444e-04, -7.2818e-04, -8.9006e-04, -5.4280e-04, -8.6167e-04,
        -4.2714e-04, -3.6239e-04,  9.0239e-04, -4.4625e-04, -5.1484e-04,
         9.2676e-04,  1.1894e-03,  3.2825e-04, -6.0410e-04, -5.3264e-05,
         5.6449e-04, -9.2045e-04,  4.2851e-04,  2.0873e-04,  4.4522e-04,
         3.1225e-04, -4.4022e-04, -6.2102e-04, -8.0732e-04, -3.7519e-04,
         1.0251e-03, -5.9773e-04, -8.5658e-04,  4.2226e-04,  9.3457e-04,
        -7.1842e-04], device='cuda:0') 
 Parameter containing:
tensor([ 5.4754e-04,  1.8958e-04,  3.1342e-04,  7.0553e-04,  2.9507e-04,
         8.5987e-04, -1.1067e-04, -9.9282e-04,  6.8612e-04, -2.1557e-04,
        -3.8108e-04,  5.0993e-04, -2.2565e-04, -1.1468e-04,  2.7366e-04,
         6.5501e-04,  8.3420e-04, -6.8571e-04,  8.2422e-04,  2.5488e-04,
         1.0748e-04, -9.7229e-04,  4.3731e-04, -6.9341e-04,  3.9405e-04,
        -5.9326e-04, -2.4271e-04, -2.4500e-04,  9.5943e-04, -5.9451e-04,
        -4.0409e-04,  1.2151e-03,  1.0524e-03, -6.9354e-05, -1.3695e-04,
         9.9639e-05,  7.9464e-04,  9.9306e-04, -7.0049e-04,  7.2620e-05,
         6.3539e-04,  6.2771e-04,  2.8148e-04,  1.0606e-03,  8.4495e-04,
         1.1423e-03,  9.0185e-05, -1.0093e-03,  1.1122e-03, -3.9487e-04,
         5.0368e-04, -1.3231e-04,  8.2942e-04, -6.5804e-04, -1.1929e-03,
        -1.1574e-03, -1.1376e-03, -1.1675e-03, -9.2224e-04, -1.1265e-03,
         1.0207e-03,  4.7268e-04, -2.3081e-04, -7.0447e-04, -1.0343e-03,
        -1.2148e-03, -9.9935e-04, -2.0140e-04, -5.6617e-04, -7.3918e-04,
        -5.9504e-04, -4.8212e-04,  6.4187e-05, -3.4408e-04,  1.0405e-03,
         1.0211e-03, -7.8245e-04,  3.9722e-04, -6.5683e-04, -7.2221e-04,
        -1.1170e-03, -1.1664e-05,  2.2867e-04, -1.1963e-03, -1.1127e-03,
         1.1296e-03,  1.1337e-03, -7.2262e-04, -1.1689e-03,  7.9754e-04,
         7.9914e-04,  1.3113e-04, -1.7342e-04,  7.4562e-04, -8.2995e-04,
         8.0725e-04,  5.8676e-04, -5.6044e-04, -7.5971e-04,  3.3118e-04,
        -8.0422e-04,  8.2626e-04, -2.2827e-04, -1.2199e-03,  4.0617e-04,
        -4.1994e-04,  7.2219e-05,  5.5952e-04, -3.5938e-04, -2.7580e-04,
         8.3155e-04, -5.8322e-04, -5.3935e-04,  7.8853e-04, -2.9748e-04,
        -2.3965e-04,  7.3924e-04, -3.1905e-04, -3.1854e-04,  1.2168e-03,
         6.4716e-04,  7.6682e-04, -9.3385e-04,  7.1369e-04,  2.4194e-04,
         2.3311e-04,  2.7457e-04,  3.5164e-04, -3.2384e-04,  9.5853e-04,
         1.8549e-04, -8.7789e-04,  9.6039e-04,  1.0234e-03,  2.9773e-04,
         1.4425e-04,  1.1364e-03, -9.9437e-05,  6.9291e-04,  8.9182e-04,
        -1.1969e-04, -4.7986e-05, -1.2146e-04,  9.4761e-04, -4.2536e-04,
        -4.1576e-04,  6.8122e-04,  9.6188e-04, -2.8153e-04, -1.9817e-04,
         7.1144e-04,  1.0648e-03,  5.1729e-04, -8.9042e-04,  9.2960e-04,
         6.5226e-04,  1.1168e-03,  1.1269e-03,  1.0384e-03, -4.1737e-04,
        -3.0294e-04,  3.7359e-04,  1.0872e-03, -3.4671e-04,  6.8006e-04,
         6.4808e-04, -3.9428e-04,  6.1788e-04,  1.0188e-03, -8.0322e-04,
        -8.6943e-05, -8.7644e-04,  2.2278e-04, -9.6853e-04, -6.4498e-04,
        -7.6975e-04,  9.2245e-04,  8.3006e-06, -1.0341e-03, -4.8482e-04,
        -7.0529e-04, -5.5499e-04, -2.4700e-05,  7.8559e-04,  5.6714e-04,
         7.2367e-04,  4.6916e-04, -5.5913e-04,  8.0750e-04,  1.8344e-04,
         4.0914e-05, -7.6051e-04, -8.8140e-04,  9.9360e-04, -2.8651e-04,
         1.3926e-04,  5.5605e-04, -1.2103e-03, -9.3896e-04,  4.9430e-04,
        -8.6239e-04,  4.0782e-05, -1.2012e-03, -3.8832e-04,  2.3795e-04,
        -9.5586e-04, -2.7816e-04,  1.0154e-03,  4.7415e-04, -2.0970e-05,
        -1.1591e-03, -9.2542e-04,  2.6511e-04, -8.7707e-05, -3.5245e-04,
         5.7766e-04,  8.8846e-04,  6.0318e-04, -9.1860e-04,  9.4251e-04,
        -9.9163e-04,  2.4725e-04,  1.5421e-04, -4.3162e-04, -9.3668e-06,
        -5.0444e-04, -7.2818e-04, -8.9006e-04, -5.4280e-04, -8.6167e-04,
        -4.2714e-04, -3.6239e-04,  9.0239e-04, -4.4625e-04, -5.1484e-04,
         9.2676e-04,  1.1894e-03,  3.2825e-04, -6.0410e-04, -5.3264e-05,
         5.6449e-04, -9.2045e-04,  4.2851e-04,  2.0873e-04,  4.4522e-04,
         3.1225e-04, -4.4022e-04, -6.2102e-04, -8.0732e-04, -3.7519e-04,
         1.0251e-03, -5.9773e-04, -8.5658e-04,  4.2226e-04,  9.3457e-04,
        -7.1842e-04], device='cuda:0', requires_grad=True)
parameters of the network fc2.weight 
 torch.Size([128, 256]) 
 True 
 tensor([[-0.0002, -0.0441, -0.0506,  ..., -0.0452,  0.0386,  0.0092],
        [ 0.0091, -0.0133, -0.0187,  ...,  0.0294,  0.0403, -0.0026],
        [ 0.0024,  0.0126,  0.0118,  ...,  0.0252,  0.0533, -0.0270],
        ...,
        [ 0.0231, -0.0462,  0.0285,  ..., -0.0243, -0.0543, -0.0555],
        [-0.0217,  0.0134, -0.0110,  ..., -0.0249,  0.0150,  0.0489],
        [ 0.0323,  0.0495, -0.0042,  ..., -0.0311, -0.0063, -0.0062]],
       device='cuda:0') 
 Parameter containing:
tensor([[-0.0002, -0.0441, -0.0506,  ..., -0.0452,  0.0386,  0.0092],
        [ 0.0091, -0.0133, -0.0187,  ...,  0.0294,  0.0403, -0.0026],
        [ 0.0024,  0.0126,  0.0118,  ...,  0.0252,  0.0533, -0.0270],
        ...,
        [ 0.0231, -0.0462,  0.0285,  ..., -0.0243, -0.0543, -0.0555],
        [-0.0217,  0.0134, -0.0110,  ..., -0.0249,  0.0150,  0.0489],
        [ 0.0323,  0.0495, -0.0042,  ..., -0.0311, -0.0063, -0.0062]],
       device='cuda:0', requires_grad=True)
parameters of the network fc2.bias 
 torch.Size([128]) 
 True 
 tensor([ 4.6954e-02, -5.1228e-02,  3.6743e-02, -3.5076e-02, -4.6470e-02,
         3.9512e-02, -5.8851e-02,  3.7946e-02,  3.3550e-02,  2.4997e-02,
        -2.6798e-02, -4.0290e-03, -4.1043e-02, -3.1668e-02,  7.9505e-03,
         3.6375e-02,  8.4042e-04, -3.2064e-02, -4.3941e-04,  5.3501e-02,
        -3.1888e-02, -3.8867e-03,  7.1084e-03,  3.6144e-02,  1.6632e-02,
        -5.7903e-02,  2.3229e-02, -4.1190e-02, -1.4107e-02, -9.1294e-03,
        -4.9958e-02, -4.7306e-02, -4.0144e-02, -6.1860e-02,  4.8511e-03,
        -5.7178e-02, -2.5515e-02, -3.1706e-02,  5.5436e-02,  5.3729e-02,
        -5.4037e-02, -3.6185e-02, -2.0291e-02, -3.1603e-02,  3.0550e-02,
        -2.5083e-03, -1.3367e-02, -4.2308e-02, -5.3389e-02,  1.4122e-03,
         1.0256e-02,  6.2021e-02, -2.1843e-02,  5.3999e-02,  5.7644e-02,
        -4.6482e-02, -3.3841e-02,  5.7731e-02,  1.5727e-02,  3.2244e-02,
         4.8651e-02,  1.6500e-02, -1.0659e-02, -9.3377e-04,  5.0649e-02,
        -4.2699e-02, -2.8517e-03, -3.6721e-02, -5.4171e-02,  2.2761e-02,
         5.8983e-03, -4.8186e-02,  3.2083e-02, -5.3656e-02,  1.9746e-02,
         2.5801e-02,  2.2056e-02, -5.5280e-02,  4.1111e-02,  4.0884e-02,
         3.5079e-02,  1.1270e-02, -1.6766e-02,  5.4762e-02,  6.9625e-04,
        -4.3747e-03,  5.5870e-02, -5.0306e-02, -8.4853e-03, -3.9404e-02,
         3.9885e-02,  2.5174e-02, -4.6742e-02,  4.2252e-05, -2.9200e-02,
         2.8954e-02,  5.0353e-02,  2.8805e-02, -6.0593e-02,  1.0239e-02,
        -6.0320e-02,  5.6404e-02, -6.1797e-03, -4.5046e-02,  5.7403e-02,
        -3.1611e-02,  2.0186e-02,  4.4735e-02, -6.8332e-03,  4.9409e-02,
        -2.3868e-02, -5.8415e-02,  4.8782e-02,  1.8849e-02, -5.7069e-02,
        -3.2907e-02, -2.5198e-02, -4.2252e-02, -4.0251e-02,  1.1581e-02,
        -1.5065e-02,  5.5132e-03,  3.8470e-02, -4.6982e-02, -1.2047e-03,
         1.2152e-02, -3.6610e-02,  3.9805e-02], device='cuda:0') 
 Parameter containing:
tensor([ 4.6954e-02, -5.1228e-02,  3.6743e-02, -3.5076e-02, -4.6470e-02,
         3.9512e-02, -5.8851e-02,  3.7946e-02,  3.3550e-02,  2.4997e-02,
        -2.6798e-02, -4.0290e-03, -4.1043e-02, -3.1668e-02,  7.9505e-03,
         3.6375e-02,  8.4042e-04, -3.2064e-02, -4.3941e-04,  5.3501e-02,
        -3.1888e-02, -3.8867e-03,  7.1084e-03,  3.6144e-02,  1.6632e-02,
        -5.7903e-02,  2.3229e-02, -4.1190e-02, -1.4107e-02, -9.1294e-03,
        -4.9958e-02, -4.7306e-02, -4.0144e-02, -6.1860e-02,  4.8511e-03,
        -5.7178e-02, -2.5515e-02, -3.1706e-02,  5.5436e-02,  5.3729e-02,
        -5.4037e-02, -3.6185e-02, -2.0291e-02, -3.1603e-02,  3.0550e-02,
        -2.5083e-03, -1.3367e-02, -4.2308e-02, -5.3389e-02,  1.4122e-03,
         1.0256e-02,  6.2021e-02, -2.1843e-02,  5.3999e-02,  5.7644e-02,
        -4.6482e-02, -3.3841e-02,  5.7731e-02,  1.5727e-02,  3.2244e-02,
         4.8651e-02,  1.6500e-02, -1.0659e-02, -9.3377e-04,  5.0649e-02,
        -4.2699e-02, -2.8517e-03, -3.6721e-02, -5.4171e-02,  2.2761e-02,
         5.8983e-03, -4.8186e-02,  3.2083e-02, -5.3656e-02,  1.9746e-02,
         2.5801e-02,  2.2056e-02, -5.5280e-02,  4.1111e-02,  4.0884e-02,
         3.5079e-02,  1.1270e-02, -1.6766e-02,  5.4762e-02,  6.9625e-04,
        -4.3747e-03,  5.5870e-02, -5.0306e-02, -8.4853e-03, -3.9404e-02,
         3.9885e-02,  2.5174e-02, -4.6742e-02,  4.2252e-05, -2.9200e-02,
         2.8954e-02,  5.0353e-02,  2.8805e-02, -6.0593e-02,  1.0239e-02,
        -6.0320e-02,  5.6404e-02, -6.1797e-03, -4.5046e-02,  5.7403e-02,
        -3.1611e-02,  2.0186e-02,  4.4735e-02, -6.8332e-03,  4.9409e-02,
        -2.3868e-02, -5.8415e-02,  4.8782e-02,  1.8849e-02, -5.7069e-02,
        -3.2907e-02, -2.5198e-02, -4.2252e-02, -4.0251e-02,  1.1581e-02,
        -1.5065e-02,  5.5132e-03,  3.8470e-02, -4.6982e-02, -1.2047e-03,
         1.2152e-02, -3.6610e-02,  3.9805e-02], device='cuda:0',
       requires_grad=True)
parameters of the network fc3.weight 
 torch.Size([64, 128]) 
 True 
 tensor([[ 0.0695, -0.0472,  0.0713,  ...,  0.0523, -0.0451,  0.0719],
        [-0.0405, -0.0863, -0.0080,  ..., -0.0142,  0.0465,  0.0597],
        [ 0.0495,  0.0694, -0.0680,  ..., -0.0532,  0.0341, -0.0410],
        ...,
        [ 0.0440, -0.0730, -0.0838,  ...,  0.0182,  0.0005,  0.0623],
        [-0.0589,  0.0648, -0.0792,  ...,  0.0229, -0.0696,  0.0616],
        [-0.0822, -0.0259, -0.0333,  ...,  0.0066, -0.0579, -0.0498]],
       device='cuda:0') 
 Parameter containing:
tensor([[ 0.0695, -0.0472,  0.0713,  ...,  0.0523, -0.0451,  0.0719],
        [-0.0405, -0.0863, -0.0080,  ..., -0.0142,  0.0465,  0.0597],
        [ 0.0495,  0.0694, -0.0680,  ..., -0.0532,  0.0341, -0.0410],
        ...,
        [ 0.0440, -0.0730, -0.0838,  ...,  0.0182,  0.0005,  0.0623],
        [-0.0589,  0.0648, -0.0792,  ...,  0.0229, -0.0696,  0.0616],
        [-0.0822, -0.0259, -0.0333,  ...,  0.0066, -0.0579, -0.0498]],
       device='cuda:0', requires_grad=True)
parameters of the network fc3.bias 
 torch.Size([64]) 
 True 
 tensor([ 4.8500e-02, -4.6048e-02,  2.3833e-02,  4.5172e-02, -6.6295e-02,
         7.7903e-02, -3.0785e-02,  2.7474e-02, -2.5097e-02, -8.5825e-02,
        -3.5357e-02, -8.2827e-02, -7.2065e-02,  7.1273e-03,  8.8023e-02,
         1.6480e-02,  1.2482e-03,  2.0530e-02,  5.2177e-02,  6.0132e-02,
        -2.0802e-02, -8.3198e-05,  6.1912e-03,  6.8485e-03, -3.0575e-02,
        -5.7769e-02, -6.1664e-02,  2.9924e-02,  8.1330e-02, -5.6943e-02,
         4.0564e-02,  7.0156e-03, -1.7316e-02,  5.6412e-02, -8.0014e-02,
        -1.6710e-02,  3.6234e-02, -1.8615e-02, -3.1911e-02, -7.3229e-03,
         4.1142e-02, -8.4067e-02,  4.0773e-02,  3.3478e-02, -2.5566e-02,
         5.6113e-02, -4.7043e-02,  1.7345e-02, -3.4370e-02,  6.5692e-02,
        -5.5607e-02,  7.7524e-02, -6.8999e-02, -7.3591e-02,  5.6920e-02,
        -2.3596e-02,  1.9841e-02, -8.9116e-04,  6.8913e-02, -8.5842e-02,
        -2.6395e-02,  3.5194e-03, -2.8645e-02, -4.9896e-02], device='cuda:0') 
 Parameter containing:
tensor([ 4.8500e-02, -4.6048e-02,  2.3833e-02,  4.5172e-02, -6.6295e-02,
         7.7903e-02, -3.0785e-02,  2.7474e-02, -2.5097e-02, -8.5825e-02,
        -3.5357e-02, -8.2827e-02, -7.2065e-02,  7.1273e-03,  8.8023e-02,
         1.6480e-02,  1.2482e-03,  2.0530e-02,  5.2177e-02,  6.0132e-02,
        -2.0802e-02, -8.3198e-05,  6.1912e-03,  6.8485e-03, -3.0575e-02,
        -5.7769e-02, -6.1664e-02,  2.9924e-02,  8.1330e-02, -5.6943e-02,
         4.0564e-02,  7.0156e-03, -1.7316e-02,  5.6412e-02, -8.0014e-02,
        -1.6710e-02,  3.6234e-02, -1.8615e-02, -3.1911e-02, -7.3229e-03,
         4.1142e-02, -8.4067e-02,  4.0773e-02,  3.3478e-02, -2.5566e-02,
         5.6113e-02, -4.7043e-02,  1.7345e-02, -3.4370e-02,  6.5692e-02,
        -5.5607e-02,  7.7524e-02, -6.8999e-02, -7.3591e-02,  5.6920e-02,
        -2.3596e-02,  1.9841e-02, -8.9116e-04,  6.8913e-02, -8.5842e-02,
        -2.6395e-02,  3.5194e-03, -2.8645e-02, -4.9896e-02], device='cuda:0',
       requires_grad=True)
parameters of the network fc4.weight 
 torch.Size([6796, 64]) 
 True 
 tensor([[ 0.0686, -0.1065, -0.0509,  ..., -0.1142,  0.0473,  0.1048],
        [-0.0829, -0.0522, -0.0523,  ..., -0.0708, -0.0320, -0.1069],
        [-0.0091,  0.0368,  0.1074,  ...,  0.0155,  0.0399, -0.0365],
        ...,
        [-0.0037,  0.1079,  0.0786,  ...,  0.0614,  0.0135, -0.0144],
        [ 0.0078,  0.0801, -0.1108,  ..., -0.0378,  0.0575, -0.0501],
        [-0.0243, -0.1160, -0.1154,  ...,  0.0884, -0.0209,  0.0748]],
       device='cuda:0') 
 Parameter containing:
tensor([[ 0.0686, -0.1065, -0.0509,  ..., -0.1142,  0.0473,  0.1048],
        [-0.0829, -0.0522, -0.0523,  ..., -0.0708, -0.0320, -0.1069],
        [-0.0091,  0.0368,  0.1074,  ...,  0.0155,  0.0399, -0.0365],
        ...,
        [-0.0037,  0.1079,  0.0786,  ...,  0.0614,  0.0135, -0.0144],
        [ 0.0078,  0.0801, -0.1108,  ..., -0.0378,  0.0575, -0.0501],
        [-0.0243, -0.1160, -0.1154,  ...,  0.0884, -0.0209,  0.0748]],
       device='cuda:0', requires_grad=True)
parameters of the network fc4.bias 
 torch.Size([6796]) 
 True 
 tensor([-0.0673,  0.0286,  0.1213,  ..., -0.0811,  0.0390, -0.0021],
       device='cuda:0') 
 Parameter containing:
tensor([-0.0673,  0.0286,  0.1213,  ..., -0.0811,  0.0390, -0.0021],
       device='cuda:0', requires_grad=True)

Passing event 1007 from the network before training input tensor([[0., 0., 0.,  ..., 0., 0., 0.],
        [0., 0., 0.,  ..., 0., 0., 0.],
        [0., 0., 0.,  ..., 0., 0., 0.],
        ...,
        [0., 0., 0.,  ..., 0., 0., 0.],
        [0., 0., 0.,  ..., 0., 0., 0.],
        [0., 0., 0.,  ..., 0., 0., 0.]]) 
result1: tensor([[0.0000, 0.0102, 0.1723,  ..., 0.0000, 0.0403, 0.0000],
        [0.0000, 0.0097, 0.1726,  ..., 0.0000, 0.0404, 0.0000],
        [0.0000, 0.0099, 0.1724,  ..., 0.0000, 0.0402, 0.0000],
        ...,
        [0.0000, 0.0096, 0.1727,  ..., 0.0000, 0.0402, 0.0000],
        [0.0000, 0.0099, 0.1726,  ..., 0.0000, 0.0403, 0.0000],
        [0.0000, 0.0099, 0.1726,  ..., 0.0000, 0.0403, 0.0000]],
       device='cuda:0', grad_fn=<ReluBackward0>) 
result1.shape: torch.Size([20, 6796])

Passing two random events from the network before training 
result1: tensor([[0.0000, 0.0102, 0.1723,  ..., 0.0000, 0.0403, 0.0000],
        [0.0000, 0.0097, 0.1726,  ..., 0.0000, 0.0404, 0.0000],
        [0.0000, 0.0099, 0.1724,  ..., 0.0000, 0.0402, 0.0000],
        ...,
        [0.0000, 0.0096, 0.1727,  ..., 0.0000, 0.0402, 0.0000],
        [0.0000, 0.0099, 0.1726,  ..., 0.0000, 0.0403, 0.0000],
        [0.0000, 0.0099, 0.1726,  ..., 0.0000, 0.0403, 0.0000]],
       device='cuda:0', grad_fn=<ReluBackward0>) 
result1.shape: torch.Size([20, 6796]) 
input: [[0. 0. 0. ... 0. 0. 0.]
 [0. 0. 0. ... 0. 0. 0.]
 [0. 0. 0. ... 0. 0. 0.]
 ...
 [0. 0. 0. ... 0. 0. 0.]
 [0. 0. 0. ... 0. 0. 0.]
 [0. 0. 0. ... 0. 0. 0.]]
Traceback (most recent call last):
  File "/hpcfs/bes/mlgpu/hoseinkk/MLTracking/otherparticles/pppipi/pyt_pppipi_cnn_2/./Training.py", line 51, in <module>
    checkpoint_load(torch.load(F"{checkpoint_dir_path}/checkpoint_dir/{TraEvN}{EpochNum}{startmesh}saved_checkpoint.tar"))
  File "/hpcfs/bes/mlgpu/hoseinkk/Miniconda3/envs/dgl1/lib/python3.9/site-packages/torch/serialization.py", line 594, in load
    with _open_file_like(f, 'rb') as opened_file:
  File "/hpcfs/bes/mlgpu/hoseinkk/Miniconda3/envs/dgl1/lib/python3.9/site-packages/torch/serialization.py", line 230, in _open_file_like
    return _open_file(name_or_buffer, mode)
  File "/hpcfs/bes/mlgpu/hoseinkk/Miniconda3/envs/dgl1/lib/python3.9/site-packages/torch/serialization.py", line 211, in __init__
    super(_open_file, self).__init__(open(name, mode))
FileNotFoundError: [Errno 2] No such file or directory: '/hpcfs/bes/mlgpu/hoseinkk/MLTracking/otherparticles/pppipi/pyt_pppipi_cnn_2/checkpoint_dir/1999840305saved_checkpoint.tar'

real	0m46.523s
user	0m14.746s
sys	0m4.367s
