0: gpu023.ihep.ac.cn
GPU 0: Tesla V100-SXM2-32GB (UUID: GPU-0b49c538-e7de-c7f3-e526-77e63b46611d)
Allocate GPU cards : 0

modinfo:
filename:       /lib/modules/3.10.0-1160.71.1.el7.x86_64/extra/nvidia.ko.xz
firmware:       nvidia/515.65.01/gsp.bin
alias:          char-major-195-*
version:        515.65.01
supported:      external
license:        NVIDIA
retpoline:      Y
rhelversion:    7.9
srcversion:     8049D44E2C1B08F41E1B8A6
alias:          pci:v000010DEd*sv*sd*bc06sc80i00*
alias:          pci:v000010DEd*sv*sd*bc03sc02i00*
alias:          pci:v000010DEd*sv*sd*bc03sc00i00*
depends:        drm
vermagic:       3.10.0-1160.71.1.el7.x86_64 SMP mod_unload modversions 
signer:         DKMS module signing key
sig_key:        9D:43:29:92:F3:5A:7B:48:7C:2B:1E:8D:D9:B6:B6:8B:84:B4:6F:8F
sig_hashalgo:   sha512
parm:           NvSwitchRegDwords:NvSwitch regkey (charp)
parm:           NvSwitchBlacklist:NvSwitchBlacklist=uuid[,uuid...] (charp)
parm:           NVreg_ResmanDebugLevel:int
parm:           NVreg_RmLogonRC:int
parm:           NVreg_ModifyDeviceFiles:int
parm:           NVreg_DeviceFileUID:int
parm:           NVreg_DeviceFileGID:int
parm:           NVreg_DeviceFileMode:int
parm:           NVreg_InitializeSystemMemoryAllocations:int
parm:           NVreg_UsePageAttributeTable:int
parm:           NVreg_EnablePCIeGen3:int
parm:           NVreg_EnableMSI:int
parm:           NVreg_TCEBypassMode:int
parm:           NVreg_EnableStreamMemOPs:int
parm:           NVreg_RestrictProfilingToAdminUsers:int
parm:           NVreg_PreserveVideoMemoryAllocations:int
parm:           NVreg_EnableS0ixPowerManagement:int
parm:           NVreg_S0ixPowerManagementVideoMemoryThreshold:int
parm:           NVreg_DynamicPowerManagement:int
parm:           NVreg_DynamicPowerManagementVideoMemoryThreshold:int
parm:           NVreg_EnableGpuFirmware:int
parm:           NVreg_EnableGpuFirmwareLogs:int
parm:           NVreg_OpenRmEnableUnsupportedGpus:int
parm:           NVreg_EnableUserNUMAManagement:int
parm:           NVreg_MemoryPoolSize:int
parm:           NVreg_KMallocHeapMaxSize:int
parm:           NVreg_VMallocHeapMaxSize:int
parm:           NVreg_IgnoreMMIOCheck:int
parm:           NVreg_NvLinkDisable:int
parm:           NVreg_EnablePCIERelaxedOrderingMode:int
parm:           NVreg_RegisterPCIDriver:int
parm:           NVreg_EnableDbgBreakpoint:int
parm:           NVreg_RegistryDwords:charp
parm:           NVreg_RegistryDwordsPerDevice:charp
parm:           NVreg_RmMsg:charp
parm:           NVreg_GpuBlacklist:charp
parm:           NVreg_TemporaryFilePath:charp
parm:           NVreg_ExcludedGpus:charp
parm:           NVreg_DmaRemapPeerMmio:int
parm:           rm_firmware_active:charp

nvidia-smi:
Wed Aug 31 15:13:50 2022       
+-----------------------------------------------------------------------------+
| NVIDIA-SMI 515.65.01    Driver Version: 515.65.01    CUDA Version: 11.7     |
|-------------------------------+----------------------+----------------------+
| GPU  Name        Persistence-M| Bus-Id        Disp.A | Volatile Uncorr. ECC |
| Fan  Temp  Perf  Pwr:Usage/Cap|         Memory-Usage | GPU-Util  Compute M. |
|                               |                      |               MIG M. |
|===============================+======================+======================|
|   0  Tesla V100-SXM2...  On   | 00000000:8A:00.0 Off |                    0 |
| N/A   30C    P0    41W / 300W |      0MiB / 32768MiB |      0%      Default |
|                               |                      |                  N/A |
+-------------------------------+----------------------+----------------------+
                                                                               
+-----------------------------------------------------------------------------+
| Processes:                                                                  |
|  GPU   GI   CI        PID   Type   Process name                  GPU Memory |
|        ID   ID                                                   Usage      |
|=============================================================================|
|  No running processes found                                                 |
+-----------------------------------------------------------------------------+

nvcc --version:
nvcc: NVIDIA (R) Cuda compiler driver
Copyright (c) 2005-2021 NVIDIA Corporation
Built on Sun_Mar_21_19:15:46_PDT_2021
Cuda compilation tools, release 11.3, V11.3.58
Build cuda_11.3.r11.3/compiler.29745058_0

 torch version: 1.10.2

 cuda version: 11.3

 is cuda available: True

 CUDNN VERSION: 8200

 Number CUDA Devices: 1

 CUDA Device Name: Tesla V100-SXM2-32GB

 CUDA Device Total Memory [GB]: 34.089926656

 Device capability: (7, 0) 

 Cuda deviice: <torch.cuda.device object at 0x2b7d395538e0> 

 Is cuda initialized: True

 CUDA_HOME: /hpcfs/bes/mlgpu/hoseinkk/Miniconda3/envs/dgl1

real	9m42.943s
user	0m4.135s
sys	0m4.056s
/hpcfs/bes/mlgpu/hoseinkk/Miniconda3/envs/dgl1/lib/python3.9/site-packages/cupy/_environment.py:438: UserWarning: 
--------------------------------------------------------------------------------

  CuPy may not function correctly because multiple CuPy packages are installed
  in your environment:

    cupy, cupy-cuda110

  Follow these steps to resolve this issue:

    1. For all packages listed above, run the following command to remove all
       existing CuPy installations:

         $ pip uninstall <package_name>

      If you previously installed CuPy via conda, also run the following:

         $ conda uninstall cupy

    2. Install the appropriate CuPy package.
       Refer to the Installation Guide for detailed instructions.

         https://docs.cupy.dev/en/stable/install.html

--------------------------------------------------------------------------------

  warnings.warn(f'''




 Training ... 






 The Network ... 







 Loading data ... 



training set shape (20000, 43, 288) 
sum 5279207

target set shape (20000, 6796) 
sum 4575851
Net(
  (conv1): Conv2d(1, 256, kernel_size=(3, 3), stride=(1, 1))
  (conv2): Conv2d(256, 128, kernel_size=(3, 3), stride=(1, 1))
  (conv3): Conv2d(128, 64, kernel_size=(3, 3), stride=(1, 1))
  (fc1): Linear(in_features=667776, out_features=256, bias=True)
  (fc2): Linear(in_features=256, out_features=128, bias=True)
  (fc3): Linear(in_features=128, out_features=64, bias=True)
  (fc4): Linear(in_features=64, out_features=6796, bias=True)
)

number of the free parameters: 171805196
parameters of the network conv1.weight 
 torch.Size([256, 1, 3, 3]) 
 True 
 tensor([[[[ 0.1078,  0.2449,  0.1206],
          [-0.1882,  0.2928, -0.2090],
          [ 0.3108, -0.2232, -0.2962]]],


        [[[-0.0743, -0.1751, -0.1290],
          [-0.1762,  0.0704,  0.0081],
          [ 0.0445, -0.0339, -0.3312]]],


        [[[ 0.0721,  0.0520,  0.0064],
          [ 0.2141,  0.1024, -0.1876],
          [ 0.3086, -0.0110, -0.2212]]],


        ...,


        [[[ 0.0572, -0.1048,  0.0089],
          [-0.1285, -0.3085,  0.2170],
          [ 0.0393,  0.0126, -0.3301]]],


        [[[-0.1295,  0.2907, -0.1923],
          [ 0.1014, -0.2865,  0.2750],
          [ 0.1069, -0.2697,  0.1668]]],


        [[[ 0.2229, -0.0434,  0.0813],
          [-0.2978,  0.0735,  0.1389],
          [ 0.1936,  0.2405,  0.0622]]]], device='cuda:0') 
 Parameter containing:
tensor([[[[ 0.1078,  0.2449,  0.1206],
          [-0.1882,  0.2928, -0.2090],
          [ 0.3108, -0.2232, -0.2962]]],


        [[[-0.0743, -0.1751, -0.1290],
          [-0.1762,  0.0704,  0.0081],
          [ 0.0445, -0.0339, -0.3312]]],


        [[[ 0.0721,  0.0520,  0.0064],
          [ 0.2141,  0.1024, -0.1876],
          [ 0.3086, -0.0110, -0.2212]]],


        ...,


        [[[ 0.0572, -0.1048,  0.0089],
          [-0.1285, -0.3085,  0.2170],
          [ 0.0393,  0.0126, -0.3301]]],


        [[[-0.1295,  0.2907, -0.1923],
          [ 0.1014, -0.2865,  0.2750],
          [ 0.1069, -0.2697,  0.1668]]],


        [[[ 0.2229, -0.0434,  0.0813],
          [-0.2978,  0.0735,  0.1389],
          [ 0.1936,  0.2405,  0.0622]]]], device='cuda:0', requires_grad=True)
parameters of the network conv1.bias 
 torch.Size([256]) 
 True 
 tensor([-0.2674, -0.2120, -0.1350, -0.2640,  0.1058,  0.2069,  0.2595, -0.0867,
         0.2593, -0.2966,  0.0748, -0.1372, -0.0739, -0.3026,  0.1775, -0.1598,
        -0.0380,  0.0033, -0.2490, -0.0017,  0.3064, -0.2660, -0.1847,  0.1838,
         0.2992,  0.2683,  0.0803,  0.2015, -0.2909,  0.1838,  0.2969,  0.1065,
         0.0983, -0.1177,  0.2613,  0.2626,  0.2674,  0.3068, -0.0140,  0.0266,
         0.0270, -0.2734, -0.1692, -0.2249, -0.2864, -0.0411,  0.1773,  0.0479,
        -0.0992, -0.3128, -0.0298,  0.1745,  0.0328,  0.0569, -0.0417,  0.0937,
         0.0780,  0.0187,  0.0454,  0.2911, -0.2162,  0.0461,  0.2824, -0.1669,
        -0.0947,  0.2518, -0.2475,  0.1345, -0.3096,  0.1167,  0.1810,  0.0694,
        -0.1602,  0.1355,  0.2520, -0.2129,  0.1821,  0.2375, -0.2606, -0.1808,
         0.3160,  0.1196,  0.2764, -0.1962,  0.1881,  0.0095,  0.0177,  0.2095,
         0.1802, -0.0860, -0.0738, -0.0975,  0.1136, -0.2824,  0.2744, -0.0795,
         0.1644, -0.0542,  0.2952, -0.2208,  0.2563,  0.2343,  0.3160,  0.2792,
         0.2752,  0.0794,  0.1048, -0.0762,  0.1170,  0.2623,  0.0905, -0.1538,
        -0.0973, -0.1600, -0.1782, -0.0284,  0.2330,  0.0050,  0.2034, -0.1096,
         0.2661,  0.3314, -0.2108, -0.0718, -0.1272, -0.1275, -0.0489,  0.1640,
        -0.1329,  0.3112,  0.1515, -0.2252,  0.1077, -0.0039, -0.0382, -0.1082,
         0.2611,  0.0877,  0.1919,  0.1182, -0.1156,  0.2788,  0.3201, -0.0053,
        -0.0060, -0.0957,  0.2632,  0.0966,  0.0548,  0.2572, -0.1310,  0.2788,
         0.1061, -0.2587, -0.1500,  0.2312,  0.1787,  0.1160, -0.3230, -0.1658,
         0.2417, -0.2291,  0.0150,  0.1684, -0.1515, -0.1462,  0.0202,  0.0686,
         0.0608, -0.2858,  0.0828, -0.2767, -0.1736,  0.1795, -0.1142,  0.1002,
        -0.1936, -0.2787,  0.0874,  0.0926, -0.0272,  0.2889, -0.0382, -0.1644,
         0.1793, -0.0052,  0.2366,  0.3214, -0.1818,  0.1102, -0.1036, -0.2132,
        -0.1749, -0.2618,  0.0975, -0.0269, -0.2103,  0.2422,  0.0682, -0.2940,
         0.1853, -0.3329, -0.0076, -0.0940, -0.2575,  0.1045,  0.1217,  0.2557,
        -0.2844, -0.1933, -0.2251,  0.2925,  0.2062,  0.1463, -0.3249,  0.1535,
         0.0785, -0.2141,  0.2961, -0.0985, -0.1717, -0.0830,  0.1674,  0.1985,
        -0.2914, -0.0149, -0.3278,  0.1825, -0.0871,  0.0252,  0.1515,  0.1204,
        -0.2843,  0.2027, -0.1876,  0.2199,  0.0520, -0.1159,  0.2615, -0.0352,
         0.2547,  0.2634,  0.1083, -0.0697, -0.0116,  0.1917,  0.0820,  0.1048,
         0.0724, -0.1471,  0.0457,  0.2395, -0.2833,  0.1112,  0.1141, -0.1415],
       device='cuda:0') 
 Parameter containing:
tensor([-0.2674, -0.2120, -0.1350, -0.2640,  0.1058,  0.2069,  0.2595, -0.0867,
         0.2593, -0.2966,  0.0748, -0.1372, -0.0739, -0.3026,  0.1775, -0.1598,
        -0.0380,  0.0033, -0.2490, -0.0017,  0.3064, -0.2660, -0.1847,  0.1838,
         0.2992,  0.2683,  0.0803,  0.2015, -0.2909,  0.1838,  0.2969,  0.1065,
         0.0983, -0.1177,  0.2613,  0.2626,  0.2674,  0.3068, -0.0140,  0.0266,
         0.0270, -0.2734, -0.1692, -0.2249, -0.2864, -0.0411,  0.1773,  0.0479,
        -0.0992, -0.3128, -0.0298,  0.1745,  0.0328,  0.0569, -0.0417,  0.0937,
         0.0780,  0.0187,  0.0454,  0.2911, -0.2162,  0.0461,  0.2824, -0.1669,
        -0.0947,  0.2518, -0.2475,  0.1345, -0.3096,  0.1167,  0.1810,  0.0694,
        -0.1602,  0.1355,  0.2520, -0.2129,  0.1821,  0.2375, -0.2606, -0.1808,
         0.3160,  0.1196,  0.2764, -0.1962,  0.1881,  0.0095,  0.0177,  0.2095,
         0.1802, -0.0860, -0.0738, -0.0975,  0.1136, -0.2824,  0.2744, -0.0795,
         0.1644, -0.0542,  0.2952, -0.2208,  0.2563,  0.2343,  0.3160,  0.2792,
         0.2752,  0.0794,  0.1048, -0.0762,  0.1170,  0.2623,  0.0905, -0.1538,
        -0.0973, -0.1600, -0.1782, -0.0284,  0.2330,  0.0050,  0.2034, -0.1096,
         0.2661,  0.3314, -0.2108, -0.0718, -0.1272, -0.1275, -0.0489,  0.1640,
        -0.1329,  0.3112,  0.1515, -0.2252,  0.1077, -0.0039, -0.0382, -0.1082,
         0.2611,  0.0877,  0.1919,  0.1182, -0.1156,  0.2788,  0.3201, -0.0053,
        -0.0060, -0.0957,  0.2632,  0.0966,  0.0548,  0.2572, -0.1310,  0.2788,
         0.1061, -0.2587, -0.1500,  0.2312,  0.1787,  0.1160, -0.3230, -0.1658,
         0.2417, -0.2291,  0.0150,  0.1684, -0.1515, -0.1462,  0.0202,  0.0686,
         0.0608, -0.2858,  0.0828, -0.2767, -0.1736,  0.1795, -0.1142,  0.1002,
        -0.1936, -0.2787,  0.0874,  0.0926, -0.0272,  0.2889, -0.0382, -0.1644,
         0.1793, -0.0052,  0.2366,  0.3214, -0.1818,  0.1102, -0.1036, -0.2132,
        -0.1749, -0.2618,  0.0975, -0.0269, -0.2103,  0.2422,  0.0682, -0.2940,
         0.1853, -0.3329, -0.0076, -0.0940, -0.2575,  0.1045,  0.1217,  0.2557,
        -0.2844, -0.1933, -0.2251,  0.2925,  0.2062,  0.1463, -0.3249,  0.1535,
         0.0785, -0.2141,  0.2961, -0.0985, -0.1717, -0.0830,  0.1674,  0.1985,
        -0.2914, -0.0149, -0.3278,  0.1825, -0.0871,  0.0252,  0.1515,  0.1204,
        -0.2843,  0.2027, -0.1876,  0.2199,  0.0520, -0.1159,  0.2615, -0.0352,
         0.2547,  0.2634,  0.1083, -0.0697, -0.0116,  0.1917,  0.0820,  0.1048,
         0.0724, -0.1471,  0.0457,  0.2395, -0.2833,  0.1112,  0.1141, -0.1415],
       device='cuda:0', requires_grad=True)
parameters of the network conv2.weight 
 torch.Size([128, 256, 3, 3]) 
 True 
 tensor([[[[ 0.0173, -0.0165, -0.0121],
          [ 0.0081, -0.0036, -0.0027],
          [-0.0138, -0.0128,  0.0145]],

         [[ 0.0038, -0.0074,  0.0176],
          [-0.0119,  0.0192, -0.0075],
          [ 0.0169,  0.0125,  0.0115]],

         [[-0.0164,  0.0174,  0.0042],
          [ 0.0009,  0.0160,  0.0083],
          [ 0.0092, -0.0122, -0.0119]],

         ...,

         [[-0.0170, -0.0050, -0.0063],
          [-0.0081, -0.0082,  0.0161],
          [ 0.0186, -0.0092, -0.0152]],

         [[-0.0032,  0.0180,  0.0098],
          [-0.0044, -0.0003,  0.0187],
          [-0.0179, -0.0117,  0.0168]],

         [[ 0.0183,  0.0102, -0.0150],
          [-0.0087,  0.0194, -0.0141],
          [ 0.0174,  0.0009, -0.0090]]],


        [[[ 0.0101, -0.0110,  0.0044],
          [ 0.0170, -0.0020, -0.0063],
          [-0.0156,  0.0044,  0.0197]],

         [[-0.0200, -0.0073, -0.0057],
          [ 0.0094,  0.0160, -0.0017],
          [-0.0203,  0.0003, -0.0027]],

         [[ 0.0073,  0.0081,  0.0025],
          [-0.0180,  0.0156, -0.0149],
          [-0.0081,  0.0027, -0.0093]],

         ...,

         [[-0.0114, -0.0108, -0.0051],
          [ 0.0196, -0.0040,  0.0090],
          [-0.0081,  0.0156,  0.0127]],

         [[-0.0205, -0.0171, -0.0051],
          [-0.0191,  0.0163,  0.0119],
          [ 0.0029,  0.0091,  0.0119]],

         [[-0.0061, -0.0133,  0.0045],
          [ 0.0187,  0.0060,  0.0164],
          [ 0.0194, -0.0134,  0.0188]]],


        [[[-0.0004,  0.0134, -0.0017],
          [-0.0157, -0.0036, -0.0042],
          [ 0.0044,  0.0064, -0.0131]],

         [[ 0.0075, -0.0071,  0.0153],
          [-0.0075, -0.0132, -0.0150],
          [-0.0060,  0.0004, -0.0121]],

         [[ 0.0014, -0.0026,  0.0065],
          [ 0.0189,  0.0014, -0.0043],
          [ 0.0182, -0.0121, -0.0113]],

         ...,

         [[ 0.0037,  0.0013, -0.0034],
          [-0.0011,  0.0068, -0.0159],
          [ 0.0036, -0.0119,  0.0031]],

         [[-0.0041,  0.0172, -0.0168],
          [-0.0204,  0.0029, -0.0126],
          [-0.0098, -0.0091, -0.0014]],

         [[ 0.0093, -0.0073,  0.0031],
          [ 0.0068, -0.0196, -0.0073],
          [ 0.0001,  0.0165, -0.0171]]],


        ...,


        [[[ 0.0042,  0.0123, -0.0027],
          [-0.0063, -0.0165, -0.0147],
          [ 0.0203, -0.0066,  0.0208]],

         [[-0.0205,  0.0187,  0.0036],
          [ 0.0177,  0.0048,  0.0204],
          [ 0.0005,  0.0070, -0.0181]],

         [[ 0.0034, -0.0015,  0.0066],
          [-0.0011,  0.0136,  0.0009],
          [ 0.0092,  0.0195, -0.0020]],

         ...,

         [[ 0.0074, -0.0002, -0.0133],
          [ 0.0064,  0.0025,  0.0015],
          [ 0.0161,  0.0078, -0.0194]],

         [[-0.0088,  0.0175,  0.0197],
          [ 0.0008,  0.0101,  0.0143],
          [ 0.0114,  0.0088, -0.0111]],

         [[ 0.0117,  0.0181,  0.0009],
          [ 0.0199, -0.0095,  0.0114],
          [-0.0141, -0.0137,  0.0190]]],


        [[[-0.0127,  0.0004,  0.0055],
          [ 0.0198, -0.0164, -0.0196],
          [ 0.0061,  0.0195,  0.0071]],

         [[ 0.0133,  0.0089, -0.0152],
          [-0.0096, -0.0003, -0.0047],
          [ 0.0136,  0.0043,  0.0068]],

         [[ 0.0106,  0.0098, -0.0021],
          [-0.0188,  0.0030,  0.0155],
          [-0.0082, -0.0191, -0.0061]],

         ...,

         [[ 0.0064,  0.0121,  0.0065],
          [-0.0197, -0.0152, -0.0169],
          [-0.0032,  0.0199, -0.0165]],

         [[-0.0059, -0.0157, -0.0133],
          [-0.0144, -0.0054, -0.0161],
          [-0.0104,  0.0004, -0.0088]],

         [[ 0.0075,  0.0112,  0.0175],
          [-0.0082,  0.0150, -0.0115],
          [ 0.0134,  0.0037, -0.0100]]],


        [[[-0.0188,  0.0202,  0.0190],
          [ 0.0208, -0.0114,  0.0052],
          [ 0.0141, -0.0159,  0.0133]],

         [[ 0.0055, -0.0014, -0.0024],
          [ 0.0155,  0.0176,  0.0183],
          [-0.0202, -0.0023,  0.0007]],

         [[-0.0164,  0.0189, -0.0082],
          [ 0.0181,  0.0140,  0.0099],
          [-0.0085,  0.0019, -0.0167]],

         ...,

         [[ 0.0102,  0.0134,  0.0131],
          [-0.0084,  0.0060, -0.0206],
          [ 0.0130,  0.0004, -0.0179]],

         [[-0.0194, -0.0047,  0.0128],
          [ 0.0187,  0.0101,  0.0187],
          [ 0.0148,  0.0147,  0.0181]],

         [[-0.0059, -0.0053, -0.0004],
          [ 0.0170, -0.0002,  0.0004],
          [ 0.0172, -0.0102, -0.0056]]]], device='cuda:0') 
 Parameter containing:
tensor([[[[ 0.0173, -0.0165, -0.0121],
          [ 0.0081, -0.0036, -0.0027],
          [-0.0138, -0.0128,  0.0145]],

         [[ 0.0038, -0.0074,  0.0176],
          [-0.0119,  0.0192, -0.0075],
          [ 0.0169,  0.0125,  0.0115]],

         [[-0.0164,  0.0174,  0.0042],
          [ 0.0009,  0.0160,  0.0083],
          [ 0.0092, -0.0122, -0.0119]],

         ...,

         [[-0.0170, -0.0050, -0.0063],
          [-0.0081, -0.0082,  0.0161],
          [ 0.0186, -0.0092, -0.0152]],

         [[-0.0032,  0.0180,  0.0098],
          [-0.0044, -0.0003,  0.0187],
          [-0.0179, -0.0117,  0.0168]],

         [[ 0.0183,  0.0102, -0.0150],
          [-0.0087,  0.0194, -0.0141],
          [ 0.0174,  0.0009, -0.0090]]],


        [[[ 0.0101, -0.0110,  0.0044],
          [ 0.0170, -0.0020, -0.0063],
          [-0.0156,  0.0044,  0.0197]],

         [[-0.0200, -0.0073, -0.0057],
          [ 0.0094,  0.0160, -0.0017],
          [-0.0203,  0.0003, -0.0027]],

         [[ 0.0073,  0.0081,  0.0025],
          [-0.0180,  0.0156, -0.0149],
          [-0.0081,  0.0027, -0.0093]],

         ...,

         [[-0.0114, -0.0108, -0.0051],
          [ 0.0196, -0.0040,  0.0090],
          [-0.0081,  0.0156,  0.0127]],

         [[-0.0205, -0.0171, -0.0051],
          [-0.0191,  0.0163,  0.0119],
          [ 0.0029,  0.0091,  0.0119]],

         [[-0.0061, -0.0133,  0.0045],
          [ 0.0187,  0.0060,  0.0164],
          [ 0.0194, -0.0134,  0.0188]]],


        [[[-0.0004,  0.0134, -0.0017],
          [-0.0157, -0.0036, -0.0042],
          [ 0.0044,  0.0064, -0.0131]],

         [[ 0.0075, -0.0071,  0.0153],
          [-0.0075, -0.0132, -0.0150],
          [-0.0060,  0.0004, -0.0121]],

         [[ 0.0014, -0.0026,  0.0065],
          [ 0.0189,  0.0014, -0.0043],
          [ 0.0182, -0.0121, -0.0113]],

         ...,

         [[ 0.0037,  0.0013, -0.0034],
          [-0.0011,  0.0068, -0.0159],
          [ 0.0036, -0.0119,  0.0031]],

         [[-0.0041,  0.0172, -0.0168],
          [-0.0204,  0.0029, -0.0126],
          [-0.0098, -0.0091, -0.0014]],

         [[ 0.0093, -0.0073,  0.0031],
          [ 0.0068, -0.0196, -0.0073],
          [ 0.0001,  0.0165, -0.0171]]],


        ...,


        [[[ 0.0042,  0.0123, -0.0027],
          [-0.0063, -0.0165, -0.0147],
          [ 0.0203, -0.0066,  0.0208]],

         [[-0.0205,  0.0187,  0.0036],
          [ 0.0177,  0.0048,  0.0204],
          [ 0.0005,  0.0070, -0.0181]],

         [[ 0.0034, -0.0015,  0.0066],
          [-0.0011,  0.0136,  0.0009],
          [ 0.0092,  0.0195, -0.0020]],

         ...,

         [[ 0.0074, -0.0002, -0.0133],
          [ 0.0064,  0.0025,  0.0015],
          [ 0.0161,  0.0078, -0.0194]],

         [[-0.0088,  0.0175,  0.0197],
          [ 0.0008,  0.0101,  0.0143],
          [ 0.0114,  0.0088, -0.0111]],

         [[ 0.0117,  0.0181,  0.0009],
          [ 0.0199, -0.0095,  0.0114],
          [-0.0141, -0.0137,  0.0190]]],


        [[[-0.0127,  0.0004,  0.0055],
          [ 0.0198, -0.0164, -0.0196],
          [ 0.0061,  0.0195,  0.0071]],

         [[ 0.0133,  0.0089, -0.0152],
          [-0.0096, -0.0003, -0.0047],
          [ 0.0136,  0.0043,  0.0068]],

         [[ 0.0106,  0.0098, -0.0021],
          [-0.0188,  0.0030,  0.0155],
          [-0.0082, -0.0191, -0.0061]],

         ...,

         [[ 0.0064,  0.0121,  0.0065],
          [-0.0197, -0.0152, -0.0169],
          [-0.0032,  0.0199, -0.0165]],

         [[-0.0059, -0.0157, -0.0133],
          [-0.0144, -0.0054, -0.0161],
          [-0.0104,  0.0004, -0.0088]],

         [[ 0.0075,  0.0112,  0.0175],
          [-0.0082,  0.0150, -0.0115],
          [ 0.0134,  0.0037, -0.0100]]],


        [[[-0.0188,  0.0202,  0.0190],
          [ 0.0208, -0.0114,  0.0052],
          [ 0.0141, -0.0159,  0.0133]],

         [[ 0.0055, -0.0014, -0.0024],
          [ 0.0155,  0.0176,  0.0183],
          [-0.0202, -0.0023,  0.0007]],

         [[-0.0164,  0.0189, -0.0082],
          [ 0.0181,  0.0140,  0.0099],
          [-0.0085,  0.0019, -0.0167]],

         ...,

         [[ 0.0102,  0.0134,  0.0131],
          [-0.0084,  0.0060, -0.0206],
          [ 0.0130,  0.0004, -0.0179]],

         [[-0.0194, -0.0047,  0.0128],
          [ 0.0187,  0.0101,  0.0187],
          [ 0.0148,  0.0147,  0.0181]],

         [[-0.0059, -0.0053, -0.0004],
          [ 0.0170, -0.0002,  0.0004],
          [ 0.0172, -0.0102, -0.0056]]]], device='cuda:0', requires_grad=True)
parameters of the network conv2.bias 
 torch.Size([128]) 
 True 
 tensor([-1.7593e-02,  1.9419e-02,  1.7187e-02,  8.7136e-03, -7.4798e-03,
         1.8970e-03,  2.0620e-02,  1.6005e-02,  1.4886e-02, -1.5532e-03,
        -1.6905e-02,  1.0189e-02,  2.0322e-02, -1.8143e-02, -4.3213e-03,
        -1.0102e-02,  1.0515e-02, -1.9135e-02,  1.5017e-02,  1.1149e-02,
         1.4241e-02,  3.4426e-03,  1.5888e-03,  1.5375e-03, -1.3548e-02,
         7.1571e-03, -9.6882e-03, -1.3040e-02,  1.7217e-02, -1.8046e-02,
         1.3024e-03,  9.0018e-03,  1.1353e-02,  8.9432e-03,  8.8458e-03,
        -8.7482e-03, -7.9781e-03,  4.6112e-03, -3.7971e-03,  1.6400e-03,
        -2.0268e-02,  1.7584e-02,  8.4860e-03,  3.8938e-03, -6.6668e-03,
        -1.5460e-02,  1.3861e-02,  1.3771e-02,  1.0762e-02, -1.6212e-02,
        -1.7266e-02,  1.2792e-02,  1.7211e-02, -1.8128e-02,  1.3924e-02,
         1.8976e-02,  1.3249e-02,  1.4250e-02, -1.7690e-02, -7.9979e-03,
         4.5483e-03,  3.5987e-04,  1.3228e-02,  2.3295e-03,  1.1297e-02,
        -1.1160e-02,  2.0022e-02,  2.0183e-02, -6.2567e-03,  1.6556e-02,
        -1.2117e-02,  1.3852e-02,  8.1984e-03, -1.0051e-02,  2.0822e-02,
        -1.4319e-02, -1.8213e-02, -1.7745e-02,  1.6859e-02, -1.3601e-02,
         1.6292e-02, -1.8109e-02, -4.3186e-03, -2.0151e-02,  9.2308e-03,
        -1.9776e-02,  1.9675e-02,  6.3146e-03, -6.5098e-03, -1.8183e-02,
        -2.0225e-02,  3.8074e-03, -1.7198e-02,  8.1784e-03,  1.4586e-02,
        -1.0915e-02,  9.8109e-03, -1.8815e-02,  1.7667e-02, -6.6281e-03,
         7.7091e-04,  1.9502e-02, -1.5754e-02,  7.6244e-03,  3.8506e-03,
         9.5129e-03, -1.9548e-02, -1.6520e-02,  2.0275e-02, -1.0230e-03,
         1.6817e-02,  1.7051e-02,  1.2826e-02, -1.6790e-02, -6.3441e-04,
         1.4602e-02, -3.2989e-03, -1.0495e-03, -7.8228e-03,  1.8256e-02,
         1.9111e-02,  1.8783e-02, -5.3657e-05,  9.7540e-03,  1.0383e-02,
        -2.0262e-02,  1.1780e-03, -1.9944e-02], device='cuda:0') 
 Parameter containing:
tensor([-1.7593e-02,  1.9419e-02,  1.7187e-02,  8.7136e-03, -7.4798e-03,
         1.8970e-03,  2.0620e-02,  1.6005e-02,  1.4886e-02, -1.5532e-03,
        -1.6905e-02,  1.0189e-02,  2.0322e-02, -1.8143e-02, -4.3213e-03,
        -1.0102e-02,  1.0515e-02, -1.9135e-02,  1.5017e-02,  1.1149e-02,
         1.4241e-02,  3.4426e-03,  1.5888e-03,  1.5375e-03, -1.3548e-02,
         7.1571e-03, -9.6882e-03, -1.3040e-02,  1.7217e-02, -1.8046e-02,
         1.3024e-03,  9.0018e-03,  1.1353e-02,  8.9432e-03,  8.8458e-03,
        -8.7482e-03, -7.9781e-03,  4.6112e-03, -3.7971e-03,  1.6400e-03,
        -2.0268e-02,  1.7584e-02,  8.4860e-03,  3.8938e-03, -6.6668e-03,
        -1.5460e-02,  1.3861e-02,  1.3771e-02,  1.0762e-02, -1.6212e-02,
        -1.7266e-02,  1.2792e-02,  1.7211e-02, -1.8128e-02,  1.3924e-02,
         1.8976e-02,  1.3249e-02,  1.4250e-02, -1.7690e-02, -7.9979e-03,
         4.5483e-03,  3.5987e-04,  1.3228e-02,  2.3295e-03,  1.1297e-02,
        -1.1160e-02,  2.0022e-02,  2.0183e-02, -6.2567e-03,  1.6556e-02,
        -1.2117e-02,  1.3852e-02,  8.1984e-03, -1.0051e-02,  2.0822e-02,
        -1.4319e-02, -1.8213e-02, -1.7745e-02,  1.6859e-02, -1.3601e-02,
         1.6292e-02, -1.8109e-02, -4.3186e-03, -2.0151e-02,  9.2308e-03,
        -1.9776e-02,  1.9675e-02,  6.3146e-03, -6.5098e-03, -1.8183e-02,
        -2.0225e-02,  3.8074e-03, -1.7198e-02,  8.1784e-03,  1.4586e-02,
        -1.0915e-02,  9.8109e-03, -1.8815e-02,  1.7667e-02, -6.6281e-03,
         7.7091e-04,  1.9502e-02, -1.5754e-02,  7.6244e-03,  3.8506e-03,
         9.5129e-03, -1.9548e-02, -1.6520e-02,  2.0275e-02, -1.0230e-03,
         1.6817e-02,  1.7051e-02,  1.2826e-02, -1.6790e-02, -6.3441e-04,
         1.4602e-02, -3.2989e-03, -1.0495e-03, -7.8228e-03,  1.8256e-02,
         1.9111e-02,  1.8783e-02, -5.3657e-05,  9.7540e-03,  1.0383e-02,
        -2.0262e-02,  1.1780e-03, -1.9944e-02], device='cuda:0',
       requires_grad=True)
parameters of the network conv3.weight 
 torch.Size([64, 128, 3, 3]) 
 True 
 tensor([[[[-2.1251e-03,  2.5319e-02, -1.3841e-02],
          [ 2.5100e-02, -2.7142e-02, -3.3786e-03],
          [ 1.6801e-02, -7.4750e-03,  2.0423e-02]],

         [[-7.8106e-03,  3.6570e-03, -1.0232e-02],
          [-5.4175e-03, -2.7597e-02,  2.6197e-02],
          [-1.4659e-02, -2.4646e-02, -1.4013e-02]],

         [[-2.7041e-02,  2.3532e-02,  2.9037e-02],
          [-2.1170e-02, -8.7109e-03, -1.3237e-02],
          [ 7.5150e-03,  1.6576e-02,  2.7325e-03]],

         ...,

         [[ 2.7300e-02, -2.2218e-02,  8.8119e-03],
          [-2.7573e-02, -5.1846e-03,  1.0556e-02],
          [-2.6745e-02,  2.8902e-02,  1.3902e-02]],

         [[ 1.2297e-02, -1.8190e-02,  3.6403e-03],
          [-2.4173e-02,  1.9343e-02,  9.0604e-03],
          [ 2.2143e-02,  1.5260e-02, -2.7889e-02]],

         [[ 1.4229e-02,  1.1249e-02,  1.1482e-02],
          [-2.9036e-02, -1.5909e-02, -2.6753e-02],
          [-1.4880e-02, -2.3069e-03,  8.0818e-03]]],


        [[[-2.0007e-03, -3.4904e-03, -8.0174e-03],
          [-2.5137e-02, -9.2982e-03, -9.2734e-03],
          [-2.2022e-02, -6.1627e-03, -2.5402e-02]],

         [[ 2.2789e-02,  1.6681e-02,  2.4530e-02],
          [-6.7191e-03, -1.4327e-02,  2.1695e-02],
          [ 2.9220e-02,  1.5369e-02,  2.6971e-02]],

         [[-5.5609e-03,  2.5995e-02,  7.6751e-03],
          [ 2.0815e-02,  8.7279e-06, -2.4519e-02],
          [ 1.2190e-02,  2.5257e-03,  1.0458e-02]],

         ...,

         [[ 7.2819e-03, -7.8420e-03,  5.8080e-03],
          [-2.2339e-02,  2.2166e-02, -2.9222e-02],
          [ 1.2330e-02, -6.9411e-03, -2.2442e-02]],

         [[-2.3591e-02, -2.1395e-02, -2.4006e-02],
          [ 8.9620e-03, -5.9770e-03,  9.9637e-03],
          [ 2.9239e-02, -1.8688e-03,  2.0858e-02]],

         [[ 5.8484e-04,  2.3572e-02,  9.1599e-03],
          [-2.5807e-02,  2.8643e-02, -9.1158e-03],
          [ 7.4282e-03, -2.3432e-02, -5.1979e-03]]],


        [[[ 1.2866e-02, -4.7845e-04,  1.8918e-02],
          [ 2.8421e-02, -1.5611e-02, -4.2909e-03],
          [ 9.1515e-03, -2.7883e-02, -2.7867e-02]],

         [[ 1.3571e-02,  8.9320e-03, -3.5341e-04],
          [ 1.8177e-02,  1.6588e-02,  2.4896e-02],
          [-1.2022e-02,  7.0576e-03, -2.1394e-02]],

         [[-2.8518e-02,  8.2267e-03,  2.2179e-02],
          [ 9.6248e-04, -6.7200e-03,  3.7082e-03],
          [ 5.1425e-03, -3.7144e-03, -3.1714e-03]],

         ...,

         [[-2.5308e-02, -2.0204e-02,  1.8147e-02],
          [ 1.4991e-02,  1.9210e-02, -1.0286e-02],
          [ 2.8289e-02,  2.1922e-02, -4.1388e-04]],

         [[-3.6152e-03, -2.2817e-02,  1.0050e-02],
          [ 2.8746e-02, -4.9594e-03,  1.0209e-03],
          [ 2.7065e-02, -2.2825e-02,  2.6320e-02]],

         [[ 1.2600e-02, -1.5815e-02,  2.2120e-03],
          [-1.0098e-02,  2.4650e-02,  2.2307e-02],
          [-5.8721e-03,  2.5163e-02,  2.8335e-02]]],


        ...,


        [[[ 1.1256e-02, -3.3398e-03, -2.6236e-02],
          [ 5.3196e-03,  1.0255e-02, -2.7453e-03],
          [-2.8495e-02,  1.2810e-03, -2.4576e-02]],

         [[-1.7748e-02,  6.2769e-03,  2.1079e-02],
          [ 1.8052e-02, -4.2998e-03,  1.6588e-02],
          [ 2.0054e-02,  2.4394e-02,  2.7388e-03]],

         [[-2.7130e-02, -1.3083e-02, -4.8152e-03],
          [-2.3632e-02, -8.6249e-03,  1.2671e-02],
          [ 1.5704e-02,  1.5966e-02,  2.4800e-02]],

         ...,

         [[ 2.7722e-02, -3.1955e-04, -1.8452e-02],
          [-3.8228e-04, -2.6986e-02, -1.1118e-03],
          [-3.2781e-03,  2.3890e-03, -8.4865e-03]],

         [[-2.8559e-02,  2.6141e-02,  2.8496e-02],
          [-1.3974e-02,  1.3818e-02, -1.7657e-02],
          [ 2.4496e-02,  1.4938e-02,  2.7584e-02]],

         [[ 2.5836e-02, -9.5635e-03,  2.0025e-04],
          [ 2.3909e-02,  2.3402e-02, -5.6261e-03],
          [ 1.6476e-02, -1.4082e-03, -6.0253e-03]]],


        [[[-1.3812e-02, -9.9379e-03, -2.6992e-02],
          [-2.6511e-02,  9.0258e-03,  2.5280e-02],
          [ 1.2472e-02,  4.8855e-03, -1.2778e-03]],

         [[ 1.7944e-02, -1.7563e-02, -1.4074e-02],
          [-9.4453e-03,  5.2466e-03,  2.8610e-02],
          [ 2.8689e-02, -2.8578e-02,  2.8460e-02]],

         [[ 7.6547e-03, -4.9190e-03, -2.4748e-02],
          [ 2.3819e-03,  2.0513e-02, -1.2699e-02],
          [ 6.5243e-03,  1.6212e-02, -1.6005e-02]],

         ...,

         [[-2.8843e-02, -1.3275e-02,  3.6497e-03],
          [ 2.8987e-02, -1.0920e-03,  2.1720e-02],
          [-2.5012e-02,  1.1994e-02,  3.2261e-03]],

         [[ 2.9139e-02,  1.5870e-02,  5.8525e-04],
          [-7.7032e-03,  1.2565e-03, -2.5507e-02],
          [ 1.5568e-02, -2.8292e-02, -1.6022e-02]],

         [[-2.7158e-02, -1.4764e-02,  6.7019e-03],
          [ 2.3589e-02, -1.1503e-02, -5.9401e-03],
          [-1.1345e-02,  7.4733e-03, -2.3977e-02]]],


        [[[-5.5593e-03,  1.3812e-02, -1.1433e-02],
          [ 2.4868e-02,  1.9853e-02,  1.3481e-02],
          [-2.7490e-03,  5.9868e-03, -6.0544e-03]],

         [[ 1.0489e-02,  2.5681e-02,  1.2799e-02],
          [-1.8682e-02,  1.3297e-02, -9.5115e-03],
          [-2.2869e-02, -2.4125e-02,  2.3049e-02]],

         [[ 1.4799e-02, -2.5133e-02, -3.3919e-03],
          [ 1.2694e-02,  6.8262e-03, -1.9960e-02],
          [-2.7666e-02,  2.3994e-02, -2.5980e-02]],

         ...,

         [[ 2.9202e-02,  2.7361e-02,  2.6091e-02],
          [ 8.8231e-03, -1.2434e-02, -1.3503e-03],
          [-5.5617e-03,  2.0367e-02,  2.0361e-02]],

         [[-1.4924e-02, -1.3872e-02, -2.7369e-02],
          [ 2.5590e-02,  5.5101e-03,  2.1444e-02],
          [-1.5677e-02,  6.3248e-03,  5.9837e-03]],

         [[ 7.7906e-03, -3.5082e-03, -1.2543e-02],
          [ 6.4861e-03, -3.6905e-03, -2.1885e-02],
          [-4.9075e-03,  1.0262e-02, -2.1867e-02]]]], device='cuda:0') 
 Parameter containing:
tensor([[[[-2.1251e-03,  2.5319e-02, -1.3841e-02],
          [ 2.5100e-02, -2.7142e-02, -3.3786e-03],
          [ 1.6801e-02, -7.4750e-03,  2.0423e-02]],

         [[-7.8106e-03,  3.6570e-03, -1.0232e-02],
          [-5.4175e-03, -2.7597e-02,  2.6197e-02],
          [-1.4659e-02, -2.4646e-02, -1.4013e-02]],

         [[-2.7041e-02,  2.3532e-02,  2.9037e-02],
          [-2.1170e-02, -8.7109e-03, -1.3237e-02],
          [ 7.5150e-03,  1.6576e-02,  2.7325e-03]],

         ...,

         [[ 2.7300e-02, -2.2218e-02,  8.8119e-03],
          [-2.7573e-02, -5.1846e-03,  1.0556e-02],
          [-2.6745e-02,  2.8902e-02,  1.3902e-02]],

         [[ 1.2297e-02, -1.8190e-02,  3.6403e-03],
          [-2.4173e-02,  1.9343e-02,  9.0604e-03],
          [ 2.2143e-02,  1.5260e-02, -2.7889e-02]],

         [[ 1.4229e-02,  1.1249e-02,  1.1482e-02],
          [-2.9036e-02, -1.5909e-02, -2.6753e-02],
          [-1.4880e-02, -2.3069e-03,  8.0818e-03]]],


        [[[-2.0007e-03, -3.4904e-03, -8.0174e-03],
          [-2.5137e-02, -9.2982e-03, -9.2734e-03],
          [-2.2022e-02, -6.1627e-03, -2.5402e-02]],

         [[ 2.2789e-02,  1.6681e-02,  2.4530e-02],
          [-6.7191e-03, -1.4327e-02,  2.1695e-02],
          [ 2.9220e-02,  1.5369e-02,  2.6971e-02]],

         [[-5.5609e-03,  2.5995e-02,  7.6751e-03],
          [ 2.0815e-02,  8.7279e-06, -2.4519e-02],
          [ 1.2190e-02,  2.5257e-03,  1.0458e-02]],

         ...,

         [[ 7.2819e-03, -7.8420e-03,  5.8080e-03],
          [-2.2339e-02,  2.2166e-02, -2.9222e-02],
          [ 1.2330e-02, -6.9411e-03, -2.2442e-02]],

         [[-2.3591e-02, -2.1395e-02, -2.4006e-02],
          [ 8.9620e-03, -5.9770e-03,  9.9637e-03],
          [ 2.9239e-02, -1.8688e-03,  2.0858e-02]],

         [[ 5.8484e-04,  2.3572e-02,  9.1599e-03],
          [-2.5807e-02,  2.8643e-02, -9.1158e-03],
          [ 7.4282e-03, -2.3432e-02, -5.1979e-03]]],


        [[[ 1.2866e-02, -4.7845e-04,  1.8918e-02],
          [ 2.8421e-02, -1.5611e-02, -4.2909e-03],
          [ 9.1515e-03, -2.7883e-02, -2.7867e-02]],

         [[ 1.3571e-02,  8.9320e-03, -3.5341e-04],
          [ 1.8177e-02,  1.6588e-02,  2.4896e-02],
          [-1.2022e-02,  7.0576e-03, -2.1394e-02]],

         [[-2.8518e-02,  8.2267e-03,  2.2179e-02],
          [ 9.6248e-04, -6.7200e-03,  3.7082e-03],
          [ 5.1425e-03, -3.7144e-03, -3.1714e-03]],

         ...,

         [[-2.5308e-02, -2.0204e-02,  1.8147e-02],
          [ 1.4991e-02,  1.9210e-02, -1.0286e-02],
          [ 2.8289e-02,  2.1922e-02, -4.1388e-04]],

         [[-3.6152e-03, -2.2817e-02,  1.0050e-02],
          [ 2.8746e-02, -4.9594e-03,  1.0209e-03],
          [ 2.7065e-02, -2.2825e-02,  2.6320e-02]],

         [[ 1.2600e-02, -1.5815e-02,  2.2120e-03],
          [-1.0098e-02,  2.4650e-02,  2.2307e-02],
          [-5.8721e-03,  2.5163e-02,  2.8335e-02]]],


        ...,


        [[[ 1.1256e-02, -3.3398e-03, -2.6236e-02],
          [ 5.3196e-03,  1.0255e-02, -2.7453e-03],
          [-2.8495e-02,  1.2810e-03, -2.4576e-02]],

         [[-1.7748e-02,  6.2769e-03,  2.1079e-02],
          [ 1.8052e-02, -4.2998e-03,  1.6588e-02],
          [ 2.0054e-02,  2.4394e-02,  2.7388e-03]],

         [[-2.7130e-02, -1.3083e-02, -4.8152e-03],
          [-2.3632e-02, -8.6249e-03,  1.2671e-02],
          [ 1.5704e-02,  1.5966e-02,  2.4800e-02]],

         ...,

         [[ 2.7722e-02, -3.1955e-04, -1.8452e-02],
          [-3.8228e-04, -2.6986e-02, -1.1118e-03],
          [-3.2781e-03,  2.3890e-03, -8.4865e-03]],

         [[-2.8559e-02,  2.6141e-02,  2.8496e-02],
          [-1.3974e-02,  1.3818e-02, -1.7657e-02],
          [ 2.4496e-02,  1.4938e-02,  2.7584e-02]],

         [[ 2.5836e-02, -9.5635e-03,  2.0025e-04],
          [ 2.3909e-02,  2.3402e-02, -5.6261e-03],
          [ 1.6476e-02, -1.4082e-03, -6.0253e-03]]],


        [[[-1.3812e-02, -9.9379e-03, -2.6992e-02],
          [-2.6511e-02,  9.0258e-03,  2.5280e-02],
          [ 1.2472e-02,  4.8855e-03, -1.2778e-03]],

         [[ 1.7944e-02, -1.7563e-02, -1.4074e-02],
          [-9.4453e-03,  5.2466e-03,  2.8610e-02],
          [ 2.8689e-02, -2.8578e-02,  2.8460e-02]],

         [[ 7.6547e-03, -4.9190e-03, -2.4748e-02],
          [ 2.3819e-03,  2.0513e-02, -1.2699e-02],
          [ 6.5243e-03,  1.6212e-02, -1.6005e-02]],

         ...,

         [[-2.8843e-02, -1.3275e-02,  3.6497e-03],
          [ 2.8987e-02, -1.0920e-03,  2.1720e-02],
          [-2.5012e-02,  1.1994e-02,  3.2261e-03]],

         [[ 2.9139e-02,  1.5870e-02,  5.8525e-04],
          [-7.7032e-03,  1.2565e-03, -2.5507e-02],
          [ 1.5568e-02, -2.8292e-02, -1.6022e-02]],

         [[-2.7158e-02, -1.4764e-02,  6.7019e-03],
          [ 2.3589e-02, -1.1503e-02, -5.9401e-03],
          [-1.1345e-02,  7.4733e-03, -2.3977e-02]]],


        [[[-5.5593e-03,  1.3812e-02, -1.1433e-02],
          [ 2.4868e-02,  1.9853e-02,  1.3481e-02],
          [-2.7490e-03,  5.9868e-03, -6.0544e-03]],

         [[ 1.0489e-02,  2.5681e-02,  1.2799e-02],
          [-1.8682e-02,  1.3297e-02, -9.5115e-03],
          [-2.2869e-02, -2.4125e-02,  2.3049e-02]],

         [[ 1.4799e-02, -2.5133e-02, -3.3919e-03],
          [ 1.2694e-02,  6.8262e-03, -1.9960e-02],
          [-2.7666e-02,  2.3994e-02, -2.5980e-02]],

         ...,

         [[ 2.9202e-02,  2.7361e-02,  2.6091e-02],
          [ 8.8231e-03, -1.2434e-02, -1.3503e-03],
          [-5.5617e-03,  2.0367e-02,  2.0361e-02]],

         [[-1.4924e-02, -1.3872e-02, -2.7369e-02],
          [ 2.5590e-02,  5.5101e-03,  2.1444e-02],
          [-1.5677e-02,  6.3248e-03,  5.9837e-03]],

         [[ 7.7906e-03, -3.5082e-03, -1.2543e-02],
          [ 6.4861e-03, -3.6905e-03, -2.1885e-02],
          [-4.9075e-03,  1.0262e-02, -2.1867e-02]]]], device='cuda:0',
       requires_grad=True)
parameters of the network conv3.bias 
 torch.Size([64]) 
 True 
 tensor([-0.0183, -0.0027, -0.0237,  0.0253, -0.0200,  0.0141, -0.0252,  0.0246,
        -0.0050,  0.0143, -0.0129, -0.0186,  0.0224,  0.0091,  0.0050,  0.0056,
        -0.0098,  0.0009,  0.0177, -0.0083, -0.0132, -0.0280,  0.0151,  0.0245,
         0.0225, -0.0166,  0.0176,  0.0025, -0.0265,  0.0140, -0.0020, -0.0294,
        -0.0237,  0.0024,  0.0111,  0.0183, -0.0214, -0.0190,  0.0195, -0.0132,
         0.0114,  0.0024,  0.0134,  0.0061, -0.0114,  0.0217,  0.0130, -0.0213,
         0.0267, -0.0014,  0.0150, -0.0063,  0.0249,  0.0258,  0.0028, -0.0270,
         0.0095,  0.0113,  0.0090, -0.0002,  0.0013,  0.0089,  0.0110,  0.0089],
       device='cuda:0') 
 Parameter containing:
tensor([-0.0183, -0.0027, -0.0237,  0.0253, -0.0200,  0.0141, -0.0252,  0.0246,
        -0.0050,  0.0143, -0.0129, -0.0186,  0.0224,  0.0091,  0.0050,  0.0056,
        -0.0098,  0.0009,  0.0177, -0.0083, -0.0132, -0.0280,  0.0151,  0.0245,
         0.0225, -0.0166,  0.0176,  0.0025, -0.0265,  0.0140, -0.0020, -0.0294,
        -0.0237,  0.0024,  0.0111,  0.0183, -0.0214, -0.0190,  0.0195, -0.0132,
         0.0114,  0.0024,  0.0134,  0.0061, -0.0114,  0.0217,  0.0130, -0.0213,
         0.0267, -0.0014,  0.0150, -0.0063,  0.0249,  0.0258,  0.0028, -0.0270,
         0.0095,  0.0113,  0.0090, -0.0002,  0.0013,  0.0089,  0.0110,  0.0089],
       device='cuda:0', requires_grad=True)
parameters of the network fc1.weight 
 torch.Size([256, 667776]) 
 True 
 tensor([[-1.3519e-04,  1.1633e-03, -8.7375e-04,  ..., -5.8634e-04,
          2.5417e-04, -5.7760e-04],
        [-9.5790e-04,  1.0531e-03, -1.2143e-04,  ..., -9.4706e-04,
         -7.6417e-04, -5.1908e-04],
        [-2.5732e-04, -3.2175e-04,  7.4464e-04,  ..., -1.0598e-03,
          5.7058e-04, -4.4568e-04],
        ...,
        [-1.2411e-04, -5.8283e-04, -3.2246e-04,  ...,  7.0599e-04,
          1.0428e-03,  4.7761e-04],
        [ 2.5104e-05,  1.1416e-03,  2.9948e-04,  ...,  8.0409e-04,
         -5.5424e-04,  1.0749e-03],
        [-4.3878e-06, -8.6186e-04, -1.0775e-03,  ..., -1.0824e-05,
         -6.9120e-04, -3.8829e-04]], device='cuda:0') 
 Parameter containing:
tensor([[-1.3519e-04,  1.1633e-03, -8.7375e-04,  ..., -5.8634e-04,
          2.5417e-04, -5.7760e-04],
        [-9.5790e-04,  1.0531e-03, -1.2143e-04,  ..., -9.4706e-04,
         -7.6417e-04, -5.1908e-04],
        [-2.5732e-04, -3.2175e-04,  7.4464e-04,  ..., -1.0598e-03,
          5.7058e-04, -4.4568e-04],
        ...,
        [-1.2411e-04, -5.8283e-04, -3.2246e-04,  ...,  7.0599e-04,
          1.0428e-03,  4.7761e-04],
        [ 2.5104e-05,  1.1416e-03,  2.9948e-04,  ...,  8.0409e-04,
         -5.5424e-04,  1.0749e-03],
        [-4.3878e-06, -8.6186e-04, -1.0775e-03,  ..., -1.0824e-05,
         -6.9120e-04, -3.8829e-04]], device='cuda:0', requires_grad=True)
parameters of the network fc1.bias 
 torch.Size([256]) 
 True 
 tensor([ 1.0885e-03,  5.4595e-05,  7.1277e-04,  3.1610e-04, -6.8617e-04,
         9.2523e-04, -7.3367e-04, -9.6882e-04, -5.8422e-04, -9.6548e-04,
         4.3031e-04,  9.3098e-04,  3.0367e-04, -5.5587e-04, -1.6989e-04,
         1.1692e-05,  9.4216e-04, -2.6871e-04, -9.2208e-04, -1.1635e-03,
        -1.0883e-03, -4.4287e-04,  7.0971e-04,  9.1604e-04,  7.6284e-04,
        -4.1064e-04,  2.5085e-04, -1.1726e-03,  7.4013e-04, -4.3747e-04,
         1.8225e-04, -1.0069e-03, -2.6459e-04,  9.8330e-04,  3.7197e-04,
         4.6847e-04,  1.2106e-03, -1.0419e-03,  4.6089e-04,  1.8952e-04,
        -7.7061e-04,  7.0015e-04, -8.9338e-04,  2.0564e-04,  1.0059e-03,
         2.9058e-04, -4.7350e-04,  9.7104e-04,  8.1146e-04, -1.8569e-04,
        -4.7438e-04,  6.0384e-04,  3.7742e-06,  7.0896e-04, -8.5022e-04,
         1.2086e-03,  9.6190e-04,  9.4793e-04,  8.3016e-04,  1.6121e-05,
        -2.4731e-04, -1.3767e-04, -5.9278e-04,  4.7265e-04,  8.4761e-04,
        -5.2646e-04, -9.3462e-04, -4.1203e-04,  2.9160e-05, -2.8991e-05,
         1.1179e-03, -7.2826e-04,  3.8311e-04, -6.0711e-04, -4.3667e-04,
        -7.6307e-04, -2.0394e-05,  3.3366e-04,  5.0991e-04,  3.0167e-04,
        -4.4026e-04, -3.0567e-04,  1.1603e-03,  9.2242e-04, -2.2346e-04,
        -8.8619e-04, -1.9194e-04, -6.5069e-04, -6.9501e-04, -7.1395e-06,
        -1.0486e-03, -5.0269e-04,  7.1043e-04,  1.0974e-03,  1.1190e-03,
        -9.3501e-04,  1.1475e-04, -1.1666e-03, -6.2374e-04, -2.8969e-04,
         7.6235e-05, -1.1274e-03, -3.2657e-04,  9.8860e-04,  2.8189e-04,
         1.3197e-04, -1.3396e-04, -1.5329e-04, -7.0804e-04,  7.2146e-05,
        -1.0685e-03,  7.5402e-04,  9.8447e-04, -3.2230e-04, -7.9016e-04,
        -1.4461e-04,  7.4872e-05,  8.2550e-05, -5.4170e-04,  1.5854e-04,
         2.7276e-04, -2.6690e-05, -3.2538e-04,  7.7975e-04, -1.3018e-04,
         9.2686e-04,  9.9783e-04, -5.6416e-04, -6.1118e-04, -7.6633e-04,
        -4.0950e-04, -6.2113e-04, -8.5999e-04, -3.3636e-04,  3.1102e-04,
        -2.3921e-04, -1.1475e-03, -1.1779e-03,  7.7545e-04,  3.5844e-04,
        -4.3347e-04,  7.3521e-04,  7.6690e-04,  9.1266e-04, -7.9535e-05,
         8.0042e-04, -1.0976e-03,  4.4071e-04,  9.9575e-04, -1.0171e-03,
         8.2364e-04,  3.6747e-04,  9.5546e-04, -3.1797e-04,  1.9321e-04,
         1.1499e-04, -9.3579e-04,  1.0212e-03, -7.2307e-04,  5.8835e-04,
         4.1469e-04, -1.0682e-04, -2.2878e-04, -9.9687e-04,  7.3684e-04,
        -9.2833e-04,  9.6951e-04,  7.6531e-04, -1.5680e-04,  3.2964e-04,
        -5.2425e-04,  9.1646e-04, -3.8418e-04,  5.0213e-04,  7.9550e-04,
        -6.6380e-04, -7.6876e-04,  6.1653e-04, -8.3222e-04, -6.6567e-04,
        -8.5450e-04, -6.9283e-04, -7.6543e-05, -3.4788e-04, -1.1587e-03,
        -7.8999e-04, -7.5841e-04, -6.9955e-04,  1.3205e-04, -9.7419e-04,
        -9.5335e-04, -5.1568e-04, -3.9620e-04,  7.5217e-05,  6.2022e-04,
         2.7500e-04, -5.5195e-04, -3.3821e-04,  9.4012e-04, -1.1907e-03,
        -2.6756e-04,  9.6541e-04,  4.6379e-04,  6.1459e-04,  4.4273e-04,
         7.2184e-04,  1.0958e-03,  2.2943e-04, -6.8602e-04,  9.0052e-05,
         1.0997e-03, -6.9555e-04, -1.1422e-03, -6.6473e-04,  8.9860e-04,
         5.9436e-04,  4.0627e-04,  2.7847e-04,  1.5429e-04,  1.1352e-03,
        -2.6068e-04, -3.8421e-04,  1.0421e-03,  8.1632e-04, -2.1808e-04,
         9.4961e-04,  1.1939e-03,  4.5504e-04, -9.1668e-04,  7.0050e-05,
         6.0349e-04,  6.5686e-04, -8.6597e-04,  5.5099e-04,  8.4072e-04,
         5.8007e-04, -9.9255e-04,  5.9382e-04, -1.1410e-03, -2.1709e-04,
         3.3754e-04,  2.4780e-04,  1.1891e-03, -8.9754e-04, -3.0820e-04,
        -9.2579e-04, -7.7072e-04,  1.2179e-03, -3.0222e-04,  5.6167e-04,
        -6.8762e-04,  3.6115e-04, -9.1381e-04,  6.6228e-04,  6.5017e-04,
         6.5727e-04], device='cuda:0') 
 Parameter containing:
tensor([ 1.0885e-03,  5.4595e-05,  7.1277e-04,  3.1610e-04, -6.8617e-04,
         9.2523e-04, -7.3367e-04, -9.6882e-04, -5.8422e-04, -9.6548e-04,
         4.3031e-04,  9.3098e-04,  3.0367e-04, -5.5587e-04, -1.6989e-04,
         1.1692e-05,  9.4216e-04, -2.6871e-04, -9.2208e-04, -1.1635e-03,
        -1.0883e-03, -4.4287e-04,  7.0971e-04,  9.1604e-04,  7.6284e-04,
        -4.1064e-04,  2.5085e-04, -1.1726e-03,  7.4013e-04, -4.3747e-04,
         1.8225e-04, -1.0069e-03, -2.6459e-04,  9.8330e-04,  3.7197e-04,
         4.6847e-04,  1.2106e-03, -1.0419e-03,  4.6089e-04,  1.8952e-04,
        -7.7061e-04,  7.0015e-04, -8.9338e-04,  2.0564e-04,  1.0059e-03,
         2.9058e-04, -4.7350e-04,  9.7104e-04,  8.1146e-04, -1.8569e-04,
        -4.7438e-04,  6.0384e-04,  3.7742e-06,  7.0896e-04, -8.5022e-04,
         1.2086e-03,  9.6190e-04,  9.4793e-04,  8.3016e-04,  1.6121e-05,
        -2.4731e-04, -1.3767e-04, -5.9278e-04,  4.7265e-04,  8.4761e-04,
        -5.2646e-04, -9.3462e-04, -4.1203e-04,  2.9160e-05, -2.8991e-05,
         1.1179e-03, -7.2826e-04,  3.8311e-04, -6.0711e-04, -4.3667e-04,
        -7.6307e-04, -2.0394e-05,  3.3366e-04,  5.0991e-04,  3.0167e-04,
        -4.4026e-04, -3.0567e-04,  1.1603e-03,  9.2242e-04, -2.2346e-04,
        -8.8619e-04, -1.9194e-04, -6.5069e-04, -6.9501e-04, -7.1395e-06,
        -1.0486e-03, -5.0269e-04,  7.1043e-04,  1.0974e-03,  1.1190e-03,
        -9.3501e-04,  1.1475e-04, -1.1666e-03, -6.2374e-04, -2.8969e-04,
         7.6235e-05, -1.1274e-03, -3.2657e-04,  9.8860e-04,  2.8189e-04,
         1.3197e-04, -1.3396e-04, -1.5329e-04, -7.0804e-04,  7.2146e-05,
        -1.0685e-03,  7.5402e-04,  9.8447e-04, -3.2230e-04, -7.9016e-04,
        -1.4461e-04,  7.4872e-05,  8.2550e-05, -5.4170e-04,  1.5854e-04,
         2.7276e-04, -2.6690e-05, -3.2538e-04,  7.7975e-04, -1.3018e-04,
         9.2686e-04,  9.9783e-04, -5.6416e-04, -6.1118e-04, -7.6633e-04,
        -4.0950e-04, -6.2113e-04, -8.5999e-04, -3.3636e-04,  3.1102e-04,
        -2.3921e-04, -1.1475e-03, -1.1779e-03,  7.7545e-04,  3.5844e-04,
        -4.3347e-04,  7.3521e-04,  7.6690e-04,  9.1266e-04, -7.9535e-05,
         8.0042e-04, -1.0976e-03,  4.4071e-04,  9.9575e-04, -1.0171e-03,
         8.2364e-04,  3.6747e-04,  9.5546e-04, -3.1797e-04,  1.9321e-04,
         1.1499e-04, -9.3579e-04,  1.0212e-03, -7.2307e-04,  5.8835e-04,
         4.1469e-04, -1.0682e-04, -2.2878e-04, -9.9687e-04,  7.3684e-04,
        -9.2833e-04,  9.6951e-04,  7.6531e-04, -1.5680e-04,  3.2964e-04,
        -5.2425e-04,  9.1646e-04, -3.8418e-04,  5.0213e-04,  7.9550e-04,
        -6.6380e-04, -7.6876e-04,  6.1653e-04, -8.3222e-04, -6.6567e-04,
        -8.5450e-04, -6.9283e-04, -7.6543e-05, -3.4788e-04, -1.1587e-03,
        -7.8999e-04, -7.5841e-04, -6.9955e-04,  1.3205e-04, -9.7419e-04,
        -9.5335e-04, -5.1568e-04, -3.9620e-04,  7.5217e-05,  6.2022e-04,
         2.7500e-04, -5.5195e-04, -3.3821e-04,  9.4012e-04, -1.1907e-03,
        -2.6756e-04,  9.6541e-04,  4.6379e-04,  6.1459e-04,  4.4273e-04,
         7.2184e-04,  1.0958e-03,  2.2943e-04, -6.8602e-04,  9.0052e-05,
         1.0997e-03, -6.9555e-04, -1.1422e-03, -6.6473e-04,  8.9860e-04,
         5.9436e-04,  4.0627e-04,  2.7847e-04,  1.5429e-04,  1.1352e-03,
        -2.6068e-04, -3.8421e-04,  1.0421e-03,  8.1632e-04, -2.1808e-04,
         9.4961e-04,  1.1939e-03,  4.5504e-04, -9.1668e-04,  7.0050e-05,
         6.0349e-04,  6.5686e-04, -8.6597e-04,  5.5099e-04,  8.4072e-04,
         5.8007e-04, -9.9255e-04,  5.9382e-04, -1.1410e-03, -2.1709e-04,
         3.3754e-04,  2.4780e-04,  1.1891e-03, -8.9754e-04, -3.0820e-04,
        -9.2579e-04, -7.7072e-04,  1.2179e-03, -3.0222e-04,  5.6167e-04,
        -6.8762e-04,  3.6115e-04, -9.1381e-04,  6.6228e-04,  6.5017e-04,
         6.5727e-04], device='cuda:0', requires_grad=True)
parameters of the network fc2.weight 
 torch.Size([128, 256]) 
 True 
 tensor([[-0.0366,  0.0379, -0.0255,  ...,  0.0040, -0.0608,  0.0036],
        [-0.0537,  0.0172,  0.0220,  ...,  0.0603, -0.0544,  0.0567],
        [-0.0241,  0.0475, -0.0070,  ..., -0.0164,  0.0549, -0.0453],
        ...,
        [ 0.0129, -0.0261,  0.0623,  ..., -0.0043,  0.0039,  0.0463],
        [-0.0262, -0.0100,  0.0596,  ..., -0.0131,  0.0607, -0.0222],
        [-0.0028,  0.0295, -0.0452,  ..., -0.0071,  0.0507, -0.0447]],
       device='cuda:0') 
 Parameter containing:
tensor([[-0.0366,  0.0379, -0.0255,  ...,  0.0040, -0.0608,  0.0036],
        [-0.0537,  0.0172,  0.0220,  ...,  0.0603, -0.0544,  0.0567],
        [-0.0241,  0.0475, -0.0070,  ..., -0.0164,  0.0549, -0.0453],
        ...,
        [ 0.0129, -0.0261,  0.0623,  ..., -0.0043,  0.0039,  0.0463],
        [-0.0262, -0.0100,  0.0596,  ..., -0.0131,  0.0607, -0.0222],
        [-0.0028,  0.0295, -0.0452,  ..., -0.0071,  0.0507, -0.0447]],
       device='cuda:0', requires_grad=True)
parameters of the network fc2.bias 
 torch.Size([128]) 
 True 
 tensor([ 0.0016,  0.0286,  0.0082,  0.0256, -0.0203, -0.0201, -0.0263, -0.0539,
         0.0455,  0.0517, -0.0021, -0.0008, -0.0431,  0.0291, -0.0439, -0.0511,
        -0.0170, -0.0350,  0.0222, -0.0147, -0.0029, -0.0267, -0.0322,  0.0148,
        -0.0008,  0.0092,  0.0359,  0.0079,  0.0118,  0.0267, -0.0007,  0.0305,
         0.0018, -0.0223,  0.0543, -0.0348,  0.0363,  0.0134, -0.0461,  0.0559,
        -0.0263,  0.0585, -0.0425, -0.0171, -0.0580, -0.0353, -0.0149, -0.0117,
        -0.0019,  0.0311, -0.0086, -0.0150, -0.0561, -0.0390, -0.0113,  0.0320,
        -0.0036,  0.0107, -0.0326,  0.0486,  0.0181,  0.0113,  0.0194,  0.0289,
        -0.0033,  0.0437, -0.0204,  0.0466, -0.0166,  0.0433,  0.0130, -0.0112,
        -0.0420, -0.0423, -0.0081,  0.0007,  0.0482, -0.0317, -0.0070, -0.0317,
        -0.0382, -0.0112, -0.0286, -0.0030,  0.0413, -0.0086, -0.0615, -0.0609,
        -0.0368, -0.0040, -0.0118, -0.0501,  0.0300,  0.0028,  0.0131,  0.0560,
        -0.0166, -0.0485,  0.0222,  0.0517,  0.0040,  0.0078,  0.0568, -0.0391,
         0.0222, -0.0060,  0.0506,  0.0504, -0.0148, -0.0401, -0.0235,  0.0456,
         0.0123,  0.0590, -0.0421,  0.0063,  0.0201, -0.0337,  0.0576,  0.0306,
         0.0617, -0.0124,  0.0112, -0.0165,  0.0406, -0.0268, -0.0542,  0.0552],
       device='cuda:0') 
 Parameter containing:
tensor([ 0.0016,  0.0286,  0.0082,  0.0256, -0.0203, -0.0201, -0.0263, -0.0539,
         0.0455,  0.0517, -0.0021, -0.0008, -0.0431,  0.0291, -0.0439, -0.0511,
        -0.0170, -0.0350,  0.0222, -0.0147, -0.0029, -0.0267, -0.0322,  0.0148,
        -0.0008,  0.0092,  0.0359,  0.0079,  0.0118,  0.0267, -0.0007,  0.0305,
         0.0018, -0.0223,  0.0543, -0.0348,  0.0363,  0.0134, -0.0461,  0.0559,
        -0.0263,  0.0585, -0.0425, -0.0171, -0.0580, -0.0353, -0.0149, -0.0117,
        -0.0019,  0.0311, -0.0086, -0.0150, -0.0561, -0.0390, -0.0113,  0.0320,
        -0.0036,  0.0107, -0.0326,  0.0486,  0.0181,  0.0113,  0.0194,  0.0289,
        -0.0033,  0.0437, -0.0204,  0.0466, -0.0166,  0.0433,  0.0130, -0.0112,
        -0.0420, -0.0423, -0.0081,  0.0007,  0.0482, -0.0317, -0.0070, -0.0317,
        -0.0382, -0.0112, -0.0286, -0.0030,  0.0413, -0.0086, -0.0615, -0.0609,
        -0.0368, -0.0040, -0.0118, -0.0501,  0.0300,  0.0028,  0.0131,  0.0560,
        -0.0166, -0.0485,  0.0222,  0.0517,  0.0040,  0.0078,  0.0568, -0.0391,
         0.0222, -0.0060,  0.0506,  0.0504, -0.0148, -0.0401, -0.0235,  0.0456,
         0.0123,  0.0590, -0.0421,  0.0063,  0.0201, -0.0337,  0.0576,  0.0306,
         0.0617, -0.0124,  0.0112, -0.0165,  0.0406, -0.0268, -0.0542,  0.0552],
       device='cuda:0', requires_grad=True)
parameters of the network fc3.weight 
 torch.Size([64, 128]) 
 True 
 tensor([[-0.0262,  0.0378,  0.0593,  ...,  0.0800,  0.0420, -0.0380],
        [ 0.0548, -0.0264,  0.0369,  ..., -0.0131,  0.0395, -0.0037],
        [ 0.0247, -0.0193, -0.0809,  ...,  0.0694,  0.0062, -0.0742],
        ...,
        [-0.0707,  0.0558, -0.0771,  ..., -0.0040,  0.0165, -0.0411],
        [ 0.0855, -0.0822, -0.0269,  ...,  0.0452,  0.0122, -0.0161],
        [ 0.0350, -0.0281, -0.0564,  ...,  0.0723,  0.0547,  0.0843]],
       device='cuda:0') 
 Parameter containing:
tensor([[-0.0262,  0.0378,  0.0593,  ...,  0.0800,  0.0420, -0.0380],
        [ 0.0548, -0.0264,  0.0369,  ..., -0.0131,  0.0395, -0.0037],
        [ 0.0247, -0.0193, -0.0809,  ...,  0.0694,  0.0062, -0.0742],
        ...,
        [-0.0707,  0.0558, -0.0771,  ..., -0.0040,  0.0165, -0.0411],
        [ 0.0855, -0.0822, -0.0269,  ...,  0.0452,  0.0122, -0.0161],
        [ 0.0350, -0.0281, -0.0564,  ...,  0.0723,  0.0547,  0.0843]],
       device='cuda:0', requires_grad=True)
parameters of the network fc3.bias 
 torch.Size([64]) 
 True 
 tensor([-0.0745,  0.0334,  0.0250, -0.0306,  0.0131, -0.0138,  0.0399,  0.0572,
        -0.0289, -0.0123,  0.0183,  0.0292,  0.0714,  0.0225, -0.0088,  0.0754,
        -0.0733,  0.0392,  0.0312,  0.0443,  0.0766,  0.0720, -0.0130,  0.0678,
         0.0345, -0.0748, -0.0681, -0.0510,  0.0681,  0.0858, -0.0400, -0.0297,
         0.0282,  0.0154, -0.0750, -0.0733, -0.0455, -0.0119,  0.0358, -0.0097,
         0.0701, -0.0759, -0.0370,  0.0386,  0.0640, -0.0307, -0.0438, -0.0591,
         0.0321,  0.0031,  0.0881, -0.0515,  0.0879,  0.0217, -0.0113, -0.0674,
        -0.0831,  0.0727,  0.0258, -0.0094,  0.0280, -0.0190,  0.0749, -0.0254],
       device='cuda:0') 
 Parameter containing:
tensor([-0.0745,  0.0334,  0.0250, -0.0306,  0.0131, -0.0138,  0.0399,  0.0572,
        -0.0289, -0.0123,  0.0183,  0.0292,  0.0714,  0.0225, -0.0088,  0.0754,
        -0.0733,  0.0392,  0.0312,  0.0443,  0.0766,  0.0720, -0.0130,  0.0678,
         0.0345, -0.0748, -0.0681, -0.0510,  0.0681,  0.0858, -0.0400, -0.0297,
         0.0282,  0.0154, -0.0750, -0.0733, -0.0455, -0.0119,  0.0358, -0.0097,
         0.0701, -0.0759, -0.0370,  0.0386,  0.0640, -0.0307, -0.0438, -0.0591,
         0.0321,  0.0031,  0.0881, -0.0515,  0.0879,  0.0217, -0.0113, -0.0674,
        -0.0831,  0.0727,  0.0258, -0.0094,  0.0280, -0.0190,  0.0749, -0.0254],
       device='cuda:0', requires_grad=True)
parameters of the network fc4.weight 
 torch.Size([6796, 64]) 
 True 
 tensor([[ 0.0579, -0.0026,  0.0466,  ...,  0.0561, -0.0728,  0.0520],
        [-0.1211, -0.0606,  0.0655,  ..., -0.0220, -0.0807, -0.0408],
        [ 0.0149, -0.0171,  0.1018,  ...,  0.0302, -0.0129,  0.0065],
        ...,
        [-0.0178, -0.1225,  0.0603,  ...,  0.0179,  0.0861, -0.1030],
        [ 0.0846,  0.0789,  0.0359,  ..., -0.0638, -0.1127, -0.0534],
        [ 0.0019, -0.0687,  0.0316,  ..., -0.0731,  0.1121,  0.1201]],
       device='cuda:0') 
 Parameter containing:
tensor([[ 0.0579, -0.0026,  0.0466,  ...,  0.0561, -0.0728,  0.0520],
        [-0.1211, -0.0606,  0.0655,  ..., -0.0220, -0.0807, -0.0408],
        [ 0.0149, -0.0171,  0.1018,  ...,  0.0302, -0.0129,  0.0065],
        ...,
        [-0.0178, -0.1225,  0.0603,  ...,  0.0179,  0.0861, -0.1030],
        [ 0.0846,  0.0789,  0.0359,  ..., -0.0638, -0.1127, -0.0534],
        [ 0.0019, -0.0687,  0.0316,  ..., -0.0731,  0.1121,  0.1201]],
       device='cuda:0', requires_grad=True)
parameters of the network fc4.bias 
 torch.Size([6796]) 
 True 
 tensor([ 0.0501,  0.0820,  0.0814,  ...,  0.0775, -0.0008,  0.0110],
       device='cuda:0') 
 Parameter containing:
tensor([ 0.0501,  0.0820,  0.0814,  ...,  0.0775, -0.0008,  0.0110],
       device='cuda:0', requires_grad=True)

Passing event 1007 from the network before training input tensor([[0., 0., 0.,  ..., 0., 0., 0.],
        [0., 0., 0.,  ..., 0., 0., 0.],
        [0., 0., 0.,  ..., 0., 0., 0.],
        ...,
        [0., 0., 0.,  ..., 0., 0., 0.],
        [0., 0., 0.,  ..., 0., 0., 0.],
        [0., 0., 0.,  ..., 0., 0., 0.]]) 
result1: tensor([[0.0493, 0.0585, 0.0893,  ..., 0.0894, 0.0000, 0.0072],
        [0.0494, 0.0586, 0.0897,  ..., 0.0892, 0.0000, 0.0072],
        [0.0493, 0.0583, 0.0897,  ..., 0.0893, 0.0000, 0.0071],
        ...,
        [0.0493, 0.0586, 0.0897,  ..., 0.0895, 0.0000, 0.0075],
        [0.0490, 0.0584, 0.0894,  ..., 0.0891, 0.0000, 0.0071],
        [0.0492, 0.0586, 0.0893,  ..., 0.0892, 0.0000, 0.0071]],
       device='cuda:0', grad_fn=<ReluBackward0>) 
result1.shape: torch.Size([20, 6796])

Passing two random events from the network before training 
result1: tensor([[0.0493, 0.0585, 0.0893,  ..., 0.0894, 0.0000, 0.0072],
        [0.0494, 0.0586, 0.0897,  ..., 0.0892, 0.0000, 0.0072],
        [0.0493, 0.0583, 0.0897,  ..., 0.0893, 0.0000, 0.0071],
        ...,
        [0.0493, 0.0586, 0.0897,  ..., 0.0895, 0.0000, 0.0075],
        [0.0490, 0.0584, 0.0894,  ..., 0.0891, 0.0000, 0.0071],
        [0.0492, 0.0586, 0.0893,  ..., 0.0892, 0.0000, 0.0071]],
       device='cuda:0', grad_fn=<ReluBackward0>) 
result1.shape: torch.Size([20, 6796]) 
input: [[0. 0. 0. ... 0. 0. 0.]
 [0. 0. 0. ... 0. 0. 0.]
 [0. 0. 0. ... 0. 0. 0.]
 ...
 [0. 0. 0. ... 0. 0. 0.]
 [0. 0. 0. ... 0. 0. 0.]
 [0. 0. 0. ... 0. 0. 0.]]



load_model False 
TraEvN 19998 
BatchSize 30 
EpochNum 20 
epoch_save 5 
LrVal 0.001 
weight_decay 0.0001 
startmesh 305 
endmesh 306 






optimizer.param_groups [{'params': [Parameter containing:
tensor([[[[ 0.1078,  0.2449,  0.1206],
          [-0.1882,  0.2928, -0.2090],
          [ 0.3108, -0.2232, -0.2962]]],


        [[[-0.0743, -0.1751, -0.1290],
          [-0.1762,  0.0704,  0.0081],
          [ 0.0445, -0.0339, -0.3312]]],


        [[[ 0.0721,  0.0520,  0.0064],
          [ 0.2141,  0.1024, -0.1876],
          [ 0.3086, -0.0110, -0.2212]]],


        ...,


        [[[ 0.0572, -0.1048,  0.0089],
          [-0.1285, -0.3085,  0.2170],
          [ 0.0393,  0.0126, -0.3301]]],


        [[[-0.1295,  0.2907, -0.1923],
          [ 0.1014, -0.2865,  0.2750],
          [ 0.1069, -0.2697,  0.1668]]],


        [[[ 0.2229, -0.0434,  0.0813],
          [-0.2978,  0.0735,  0.1389],
          [ 0.1936,  0.2405,  0.0622]]]], device='cuda:0', requires_grad=True), Parameter containing:
tensor([-0.2674, -0.2120, -0.1350, -0.2640,  0.1058,  0.2069,  0.2595, -0.0867,
         0.2593, -0.2966,  0.0748, -0.1372, -0.0739, -0.3026,  0.1775, -0.1598,
        -0.0380,  0.0033, -0.2490, -0.0017,  0.3064, -0.2660, -0.1847,  0.1838,
         0.2992,  0.2683,  0.0803,  0.2015, -0.2909,  0.1838,  0.2969,  0.1065,
         0.0983, -0.1177,  0.2613,  0.2626,  0.2674,  0.3068, -0.0140,  0.0266,
         0.0270, -0.2734, -0.1692, -0.2249, -0.2864, -0.0411,  0.1773,  0.0479,
        -0.0992, -0.3128, -0.0298,  0.1745,  0.0328,  0.0569, -0.0417,  0.0937,
         0.0780,  0.0187,  0.0454,  0.2911, -0.2162,  0.0461,  0.2824, -0.1669,
        -0.0947,  0.2518, -0.2475,  0.1345, -0.3096,  0.1167,  0.1810,  0.0694,
        -0.1602,  0.1355,  0.2520, -0.2129,  0.1821,  0.2375, -0.2606, -0.1808,
         0.3160,  0.1196,  0.2764, -0.1962,  0.1881,  0.0095,  0.0177,  0.2095,
         0.1802, -0.0860, -0.0738, -0.0975,  0.1136, -0.2824,  0.2744, -0.0795,
         0.1644, -0.0542,  0.2952, -0.2208,  0.2563,  0.2343,  0.3160,  0.2792,
         0.2752,  0.0794,  0.1048, -0.0762,  0.1170,  0.2623,  0.0905, -0.1538,
        -0.0973, -0.1600, -0.1782, -0.0284,  0.2330,  0.0050,  0.2034, -0.1096,
         0.2661,  0.3314, -0.2108, -0.0718, -0.1272, -0.1275, -0.0489,  0.1640,
        -0.1329,  0.3112,  0.1515, -0.2252,  0.1077, -0.0039, -0.0382, -0.1082,
         0.2611,  0.0877,  0.1919,  0.1182, -0.1156,  0.2788,  0.3201, -0.0053,
        -0.0060, -0.0957,  0.2632,  0.0966,  0.0548,  0.2572, -0.1310,  0.2788,
         0.1061, -0.2587, -0.1500,  0.2312,  0.1787,  0.1160, -0.3230, -0.1658,
         0.2417, -0.2291,  0.0150,  0.1684, -0.1515, -0.1462,  0.0202,  0.0686,
         0.0608, -0.2858,  0.0828, -0.2767, -0.1736,  0.1795, -0.1142,  0.1002,
        -0.1936, -0.2787,  0.0874,  0.0926, -0.0272,  0.2889, -0.0382, -0.1644,
         0.1793, -0.0052,  0.2366,  0.3214, -0.1818,  0.1102, -0.1036, -0.2132,
        -0.1749, -0.2618,  0.0975, -0.0269, -0.2103,  0.2422,  0.0682, -0.2940,
         0.1853, -0.3329, -0.0076, -0.0940, -0.2575,  0.1045,  0.1217,  0.2557,
        -0.2844, -0.1933, -0.2251,  0.2925,  0.2062,  0.1463, -0.3249,  0.1535,
         0.0785, -0.2141,  0.2961, -0.0985, -0.1717, -0.0830,  0.1674,  0.1985,
        -0.2914, -0.0149, -0.3278,  0.1825, -0.0871,  0.0252,  0.1515,  0.1204,
        -0.2843,  0.2027, -0.1876,  0.2199,  0.0520, -0.1159,  0.2615, -0.0352,
         0.2547,  0.2634,  0.1083, -0.0697, -0.0116,  0.1917,  0.0820,  0.1048,
         0.0724, -0.1471,  0.0457,  0.2395, -0.2833,  0.1112,  0.1141, -0.1415],
       device='cuda:0', requires_grad=True), Parameter containing:
tensor([[[[ 0.0173, -0.0165, -0.0121],
          [ 0.0081, -0.0036, -0.0027],
          [-0.0138, -0.0128,  0.0145]],

         [[ 0.0038, -0.0074,  0.0176],
          [-0.0119,  0.0192, -0.0075],
          [ 0.0169,  0.0125,  0.0115]],

         [[-0.0164,  0.0174,  0.0042],
          [ 0.0009,  0.0160,  0.0083],
          [ 0.0092, -0.0122, -0.0119]],

         ...,

         [[-0.0170, -0.0050, -0.0063],
          [-0.0081, -0.0082,  0.0161],
          [ 0.0186, -0.0092, -0.0152]],

         [[-0.0032,  0.0180,  0.0098],
          [-0.0044, -0.0003,  0.0187],
          [-0.0179, -0.0117,  0.0168]],

         [[ 0.0183,  0.0102, -0.0150],
          [-0.0087,  0.0194, -0.0141],
          [ 0.0174,  0.0009, -0.0090]]],


        [[[ 0.0101, -0.0110,  0.0044],
          [ 0.0170, -0.0020, -0.0063],
          [-0.0156,  0.0044,  0.0197]],

         [[-0.0200, -0.0073, -0.0057],
          [ 0.0094,  0.0160, -0.0017],
          [-0.0203,  0.0003, -0.0027]],

         [[ 0.0073,  0.0081,  0.0025],
          [-0.0180,  0.0156, -0.0149],
          [-0.0081,  0.0027, -0.0093]],

         ...,

         [[-0.0114, -0.0108, -0.0051],
          [ 0.0196, -0.0040,  0.0090],
          [-0.0081,  0.0156,  0.0127]],

         [[-0.0205, -0.0171, -0.0051],
          [-0.0191,  0.0163,  0.0119],
          [ 0.0029,  0.0091,  0.0119]],

         [[-0.0061, -0.0133,  0.0045],
          [ 0.0187,  0.0060,  0.0164],
          [ 0.0194, -0.0134,  0.0188]]],


        [[[-0.0004,  0.0134, -0.0017],
          [-0.0157, -0.0036, -0.0042],
          [ 0.0044,  0.0064, -0.0131]],

         [[ 0.0075, -0.0071,  0.0153],
          [-0.0075, -0.0132, -0.0150],
          [-0.0060,  0.0004, -0.0121]],

         [[ 0.0014, -0.0026,  0.0065],
          [ 0.0189,  0.0014, -0.0043],
          [ 0.0182, -0.0121, -0.0113]],

         ...,

         [[ 0.0037,  0.0013, -0.0034],
          [-0.0011,  0.0068, -0.0159],
          [ 0.0036, -0.0119,  0.0031]],

         [[-0.0041,  0.0172, -0.0168],
          [-0.0204,  0.0029, -0.0126],
          [-0.0098, -0.0091, -0.0014]],

         [[ 0.0093, -0.0073,  0.0031],
          [ 0.0068, -0.0196, -0.0073],
          [ 0.0001,  0.0165, -0.0171]]],


        ...,


        [[[ 0.0042,  0.0123, -0.0027],
          [-0.0063, -0.0165, -0.0147],
          [ 0.0203, -0.0066,  0.0208]],

         [[-0.0205,  0.0187,  0.0036],
          [ 0.0177,  0.0048,  0.0204],
          [ 0.0005,  0.0070, -0.0181]],

         [[ 0.0034, -0.0015,  0.0066],
          [-0.0011,  0.0136,  0.0009],
          [ 0.0092,  0.0195, -0.0020]],

         ...,

         [[ 0.0074, -0.0002, -0.0133],
          [ 0.0064,  0.0025,  0.0015],
          [ 0.0161,  0.0078, -0.0194]],

         [[-0.0088,  0.0175,  0.0197],
          [ 0.0008,  0.0101,  0.0143],
          [ 0.0114,  0.0088, -0.0111]],

         [[ 0.0117,  0.0181,  0.0009],
          [ 0.0199, -0.0095,  0.0114],
          [-0.0141, -0.0137,  0.0190]]],


        [[[-0.0127,  0.0004,  0.0055],
          [ 0.0198, -0.0164, -0.0196],
          [ 0.0061,  0.0195,  0.0071]],

         [[ 0.0133,  0.0089, -0.0152],
          [-0.0096, -0.0003, -0.0047],
          [ 0.0136,  0.0043,  0.0068]],

         [[ 0.0106,  0.0098, -0.0021],
          [-0.0188,  0.0030,  0.0155],
          [-0.0082, -0.0191, -0.0061]],

         ...,

         [[ 0.0064,  0.0121,  0.0065],
          [-0.0197, -0.0152, -0.0169],
          [-0.0032,  0.0199, -0.0165]],

         [[-0.0059, -0.0157, -0.0133],
          [-0.0144, -0.0054, -0.0161],
          [-0.0104,  0.0004, -0.0088]],

         [[ 0.0075,  0.0112,  0.0175],
          [-0.0082,  0.0150, -0.0115],
          [ 0.0134,  0.0037, -0.0100]]],


        [[[-0.0188,  0.0202,  0.0190],
          [ 0.0208, -0.0114,  0.0052],
          [ 0.0141, -0.0159,  0.0133]],

         [[ 0.0055, -0.0014, -0.0024],
          [ 0.0155,  0.0176,  0.0183],
          [-0.0202, -0.0023,  0.0007]],

         [[-0.0164,  0.0189, -0.0082],
          [ 0.0181,  0.0140,  0.0099],
          [-0.0085,  0.0019, -0.0167]],

         ...,

         [[ 0.0102,  0.0134,  0.0131],
          [-0.0084,  0.0060, -0.0206],
          [ 0.0130,  0.0004, -0.0179]],

         [[-0.0194, -0.0047,  0.0128],
          [ 0.0187,  0.0101,  0.0187],
          [ 0.0148,  0.0147,  0.0181]],

         [[-0.0059, -0.0053, -0.0004],
          [ 0.0170, -0.0002,  0.0004],
          [ 0.0172, -0.0102, -0.0056]]]], device='cuda:0', requires_grad=True), Parameter containing:
tensor([-1.7593e-02,  1.9419e-02,  1.7187e-02,  8.7136e-03, -7.4798e-03,
         1.8970e-03,  2.0620e-02,  1.6005e-02,  1.4886e-02, -1.5532e-03,
        -1.6905e-02,  1.0189e-02,  2.0322e-02, -1.8143e-02, -4.3213e-03,
        -1.0102e-02,  1.0515e-02, -1.9135e-02,  1.5017e-02,  1.1149e-02,
         1.4241e-02,  3.4426e-03,  1.5888e-03,  1.5375e-03, -1.3548e-02,
         7.1571e-03, -9.6882e-03, -1.3040e-02,  1.7217e-02, -1.8046e-02,
         1.3024e-03,  9.0018e-03,  1.1353e-02,  8.9432e-03,  8.8458e-03,
        -8.7482e-03, -7.9781e-03,  4.6112e-03, -3.7971e-03,  1.6400e-03,
        -2.0268e-02,  1.7584e-02,  8.4860e-03,  3.8938e-03, -6.6668e-03,
        -1.5460e-02,  1.3861e-02,  1.3771e-02,  1.0762e-02, -1.6212e-02,
        -1.7266e-02,  1.2792e-02,  1.7211e-02, -1.8128e-02,  1.3924e-02,
         1.8976e-02,  1.3249e-02,  1.4250e-02, -1.7690e-02, -7.9979e-03,
         4.5483e-03,  3.5987e-04,  1.3228e-02,  2.3295e-03,  1.1297e-02,
        -1.1160e-02,  2.0022e-02,  2.0183e-02, -6.2567e-03,  1.6556e-02,
        -1.2117e-02,  1.3852e-02,  8.1984e-03, -1.0051e-02,  2.0822e-02,
        -1.4319e-02, -1.8213e-02, -1.7745e-02,  1.6859e-02, -1.3601e-02,
         1.6292e-02, -1.8109e-02, -4.3186e-03, -2.0151e-02,  9.2308e-03,
        -1.9776e-02,  1.9675e-02,  6.3146e-03, -6.5098e-03, -1.8183e-02,
        -2.0225e-02,  3.8074e-03, -1.7198e-02,  8.1784e-03,  1.4586e-02,
        -1.0915e-02,  9.8109e-03, -1.8815e-02,  1.7667e-02, -6.6281e-03,
         7.7091e-04,  1.9502e-02, -1.5754e-02,  7.6244e-03,  3.8506e-03,
         9.5129e-03, -1.9548e-02, -1.6520e-02,  2.0275e-02, -1.0230e-03,
         1.6817e-02,  1.7051e-02,  1.2826e-02, -1.6790e-02, -6.3441e-04,
         1.4602e-02, -3.2989e-03, -1.0495e-03, -7.8228e-03,  1.8256e-02,
         1.9111e-02,  1.8783e-02, -5.3657e-05,  9.7540e-03,  1.0383e-02,
        -2.0262e-02,  1.1780e-03, -1.9944e-02], device='cuda:0',
       requires_grad=True), Parameter containing:
tensor([[[[-2.1251e-03,  2.5319e-02, -1.3841e-02],
          [ 2.5100e-02, -2.7142e-02, -3.3786e-03],
          [ 1.6801e-02, -7.4750e-03,  2.0423e-02]],

         [[-7.8106e-03,  3.6570e-03, -1.0232e-02],
          [-5.4175e-03, -2.7597e-02,  2.6197e-02],
          [-1.4659e-02, -2.4646e-02, -1.4013e-02]],

         [[-2.7041e-02,  2.3532e-02,  2.9037e-02],
          [-2.1170e-02, -8.7109e-03, -1.3237e-02],
          [ 7.5150e-03,  1.6576e-02,  2.7325e-03]],

         ...,

         [[ 2.7300e-02, -2.2218e-02,  8.8119e-03],
          [-2.7573e-02, -5.1846e-03,  1.0556e-02],
          [-2.6745e-02,  2.8902e-02,  1.3902e-02]],

         [[ 1.2297e-02, -1.8190e-02,  3.6403e-03],
          [-2.4173e-02,  1.9343e-02,  9.0604e-03],
          [ 2.2143e-02,  1.5260e-02, -2.7889e-02]],

         [[ 1.4229e-02,  1.1249e-02,  1.1482e-02],
          [-2.9036e-02, -1.5909e-02, -2.6753e-02],
          [-1.4880e-02, -2.3069e-03,  8.0818e-03]]],


        [[[-2.0007e-03, -3.4904e-03, -8.0174e-03],
          [-2.5137e-02, -9.2982e-03, -9.2734e-03],
          [-2.2022e-02, -6.1627e-03, -2.5402e-02]],

         [[ 2.2789e-02,  1.6681e-02,  2.4530e-02],
          [-6.7191e-03, -1.4327e-02,  2.1695e-02],
          [ 2.9220e-02,  1.5369e-02,  2.6971e-02]],

         [[-5.5609e-03,  2.5995e-02,  7.6751e-03],
          [ 2.0815e-02,  8.7279e-06, -2.4519e-02],
          [ 1.2190e-02,  2.5257e-03,  1.0458e-02]],

         ...,

         [[ 7.2819e-03, -7.8420e-03,  5.8080e-03],
          [-2.2339e-02,  2.2166e-02, -2.9222e-02],
          [ 1.2330e-02, -6.9411e-03, -2.2442e-02]],

         [[-2.3591e-02, -2.1395e-02, -2.4006e-02],
          [ 8.9620e-03, -5.9770e-03,  9.9637e-03],
          [ 2.9239e-02, -1.8688e-03,  2.0858e-02]],

         [[ 5.8484e-04,  2.3572e-02,  9.1599e-03],
          [-2.5807e-02,  2.8643e-02, -9.1158e-03],
          [ 7.4282e-03, -2.3432e-02, -5.1979e-03]]],


        [[[ 1.2866e-02, -4.7845e-04,  1.8918e-02],
          [ 2.8421e-02, -1.5611e-02, -4.2909e-03],
          [ 9.1515e-03, -2.7883e-02, -2.7867e-02]],

         [[ 1.3571e-02,  8.9320e-03, -3.5341e-04],
          [ 1.8177e-02,  1.6588e-02,  2.4896e-02],
          [-1.2022e-02,  7.0576e-03, -2.1394e-02]],

         [[-2.8518e-02,  8.2267e-03,  2.2179e-02],
          [ 9.6248e-04, -6.7200e-03,  3.7082e-03],
          [ 5.1425e-03, -3.7144e-03, -3.1714e-03]],

         ...,

         [[-2.5308e-02, -2.0204e-02,  1.8147e-02],
          [ 1.4991e-02,  1.9210e-02, -1.0286e-02],
          [ 2.8289e-02,  2.1922e-02, -4.1388e-04]],

         [[-3.6152e-03, -2.2817e-02,  1.0050e-02],
          [ 2.8746e-02, -4.9594e-03,  1.0209e-03],
          [ 2.7065e-02, -2.2825e-02,  2.6320e-02]],

         [[ 1.2600e-02, -1.5815e-02,  2.2120e-03],
          [-1.0098e-02,  2.4650e-02,  2.2307e-02],
          [-5.8721e-03,  2.5163e-02,  2.8335e-02]]],


        ...,


        [[[ 1.1256e-02, -3.3398e-03, -2.6236e-02],
          [ 5.3196e-03,  1.0255e-02, -2.7453e-03],
          [-2.8495e-02,  1.2810e-03, -2.4576e-02]],

         [[-1.7748e-02,  6.2769e-03,  2.1079e-02],
          [ 1.8052e-02, -4.2998e-03,  1.6588e-02],
          [ 2.0054e-02,  2.4394e-02,  2.7388e-03]],

         [[-2.7130e-02, -1.3083e-02, -4.8152e-03],
          [-2.3632e-02, -8.6249e-03,  1.2671e-02],
          [ 1.5704e-02,  1.5966e-02,  2.4800e-02]],

         ...,

         [[ 2.7722e-02, -3.1955e-04, -1.8452e-02],
          [-3.8228e-04, -2.6986e-02, -1.1118e-03],
          [-3.2781e-03,  2.3890e-03, -8.4865e-03]],

         [[-2.8559e-02,  2.6141e-02,  2.8496e-02],
          [-1.3974e-02,  1.3818e-02, -1.7657e-02],
          [ 2.4496e-02,  1.4938e-02,  2.7584e-02]],

         [[ 2.5836e-02, -9.5635e-03,  2.0025e-04],
          [ 2.3909e-02,  2.3402e-02, -5.6261e-03],
          [ 1.6476e-02, -1.4082e-03, -6.0253e-03]]],


        [[[-1.3812e-02, -9.9379e-03, -2.6992e-02],
          [-2.6511e-02,  9.0258e-03,  2.5280e-02],
          [ 1.2472e-02,  4.8855e-03, -1.2778e-03]],

         [[ 1.7944e-02, -1.7563e-02, -1.4074e-02],
          [-9.4453e-03,  5.2466e-03,  2.8610e-02],
          [ 2.8689e-02, -2.8578e-02,  2.8460e-02]],

         [[ 7.6547e-03, -4.9190e-03, -2.4748e-02],
          [ 2.3819e-03,  2.0513e-02, -1.2699e-02],
          [ 6.5243e-03,  1.6212e-02, -1.6005e-02]],

         ...,

         [[-2.8843e-02, -1.3275e-02,  3.6497e-03],
          [ 2.8987e-02, -1.0920e-03,  2.1720e-02],
          [-2.5012e-02,  1.1994e-02,  3.2261e-03]],

         [[ 2.9139e-02,  1.5870e-02,  5.8525e-04],
          [-7.7032e-03,  1.2565e-03, -2.5507e-02],
          [ 1.5568e-02, -2.8292e-02, -1.6022e-02]],

         [[-2.7158e-02, -1.4764e-02,  6.7019e-03],
          [ 2.3589e-02, -1.1503e-02, -5.9401e-03],
          [-1.1345e-02,  7.4733e-03, -2.3977e-02]]],


        [[[-5.5593e-03,  1.3812e-02, -1.1433e-02],
          [ 2.4868e-02,  1.9853e-02,  1.3481e-02],
          [-2.7490e-03,  5.9868e-03, -6.0544e-03]],

         [[ 1.0489e-02,  2.5681e-02,  1.2799e-02],
          [-1.8682e-02,  1.3297e-02, -9.5115e-03],
          [-2.2869e-02, -2.4125e-02,  2.3049e-02]],

         [[ 1.4799e-02, -2.5133e-02, -3.3919e-03],
          [ 1.2694e-02,  6.8262e-03, -1.9960e-02],
          [-2.7666e-02,  2.3994e-02, -2.5980e-02]],

         ...,

         [[ 2.9202e-02,  2.7361e-02,  2.6091e-02],
          [ 8.8231e-03, -1.2434e-02, -1.3503e-03],
          [-5.5617e-03,  2.0367e-02,  2.0361e-02]],

         [[-1.4924e-02, -1.3872e-02, -2.7369e-02],
          [ 2.5590e-02,  5.5101e-03,  2.1444e-02],
          [-1.5677e-02,  6.3248e-03,  5.9837e-03]],

         [[ 7.7906e-03, -3.5082e-03, -1.2543e-02],
          [ 6.4861e-03, -3.6905e-03, -2.1885e-02],
          [-4.9075e-03,  1.0262e-02, -2.1867e-02]]]], device='cuda:0',
       requires_grad=True), Parameter containing:
tensor([-0.0183, -0.0027, -0.0237,  0.0253, -0.0200,  0.0141, -0.0252,  0.0246,
        -0.0050,  0.0143, -0.0129, -0.0186,  0.0224,  0.0091,  0.0050,  0.0056,
        -0.0098,  0.0009,  0.0177, -0.0083, -0.0132, -0.0280,  0.0151,  0.0245,
         0.0225, -0.0166,  0.0176,  0.0025, -0.0265,  0.0140, -0.0020, -0.0294,
        -0.0237,  0.0024,  0.0111,  0.0183, -0.0214, -0.0190,  0.0195, -0.0132,
         0.0114,  0.0024,  0.0134,  0.0061, -0.0114,  0.0217,  0.0130, -0.0213,
         0.0267, -0.0014,  0.0150, -0.0063,  0.0249,  0.0258,  0.0028, -0.0270,
         0.0095,  0.0113,  0.0090, -0.0002,  0.0013,  0.0089,  0.0110,  0.0089],
       device='cuda:0', requires_grad=True), Parameter containing:
tensor([[-1.3519e-04,  1.1633e-03, -8.7375e-04,  ..., -5.8634e-04,
          2.5417e-04, -5.7760e-04],
        [-9.5790e-04,  1.0531e-03, -1.2143e-04,  ..., -9.4706e-04,
         -7.6417e-04, -5.1908e-04],
        [-2.5732e-04, -3.2175e-04,  7.4464e-04,  ..., -1.0598e-03,
          5.7058e-04, -4.4568e-04],
        ...,
        [-1.2411e-04, -5.8283e-04, -3.2246e-04,  ...,  7.0599e-04,
          1.0428e-03,  4.7761e-04],
        [ 2.5104e-05,  1.1416e-03,  2.9948e-04,  ...,  8.0409e-04,
         -5.5424e-04,  1.0749e-03],
        [-4.3878e-06, -8.6186e-04, -1.0775e-03,  ..., -1.0824e-05,
         -6.9120e-04, -3.8829e-04]], device='cuda:0', requires_grad=True), Parameter containing:
tensor([ 1.0885e-03,  5.4595e-05,  7.1277e-04,  3.1610e-04, -6.8617e-04,
         9.2523e-04, -7.3367e-04, -9.6882e-04, -5.8422e-04, -9.6548e-04,
         4.3031e-04,  9.3098e-04,  3.0367e-04, -5.5587e-04, -1.6989e-04,
         1.1692e-05,  9.4216e-04, -2.6871e-04, -9.2208e-04, -1.1635e-03,
        -1.0883e-03, -4.4287e-04,  7.0971e-04,  9.1604e-04,  7.6284e-04,
        -4.1064e-04,  2.5085e-04, -1.1726e-03,  7.4013e-04, -4.3747e-04,
         1.8225e-04, -1.0069e-03, -2.6459e-04,  9.8330e-04,  3.7197e-04,
         4.6847e-04,  1.2106e-03, -1.0419e-03,  4.6089e-04,  1.8952e-04,
        -7.7061e-04,  7.0015e-04, -8.9338e-04,  2.0564e-04,  1.0059e-03,
         2.9058e-04, -4.7350e-04,  9.7104e-04,  8.1146e-04, -1.8569e-04,
        -4.7438e-04,  6.0384e-04,  3.7742e-06,  7.0896e-04, -8.5022e-04,
         1.2086e-03,  9.6190e-04,  9.4793e-04,  8.3016e-04,  1.6121e-05,
        -2.4731e-04, -1.3767e-04, -5.9278e-04,  4.7265e-04,  8.4761e-04,
        -5.2646e-04, -9.3462e-04, -4.1203e-04,  2.9160e-05, -2.8991e-05,
         1.1179e-03, -7.2826e-04,  3.8311e-04, -6.0711e-04, -4.3667e-04,
        -7.6307e-04, -2.0394e-05,  3.3366e-04,  5.0991e-04,  3.0167e-04,
        -4.4026e-04, -3.0567e-04,  1.1603e-03,  9.2242e-04, -2.2346e-04,
        -8.8619e-04, -1.9194e-04, -6.5069e-04, -6.9501e-04, -7.1395e-06,
        -1.0486e-03, -5.0269e-04,  7.1043e-04,  1.0974e-03,  1.1190e-03,
        -9.3501e-04,  1.1475e-04, -1.1666e-03, -6.2374e-04, -2.8969e-04,
         7.6235e-05, -1.1274e-03, -3.2657e-04,  9.8860e-04,  2.8189e-04,
         1.3197e-04, -1.3396e-04, -1.5329e-04, -7.0804e-04,  7.2146e-05,
        -1.0685e-03,  7.5402e-04,  9.8447e-04, -3.2230e-04, -7.9016e-04,
        -1.4461e-04,  7.4872e-05,  8.2550e-05, -5.4170e-04,  1.5854e-04,
         2.7276e-04, -2.6690e-05, -3.2538e-04,  7.7975e-04, -1.3018e-04,
         9.2686e-04,  9.9783e-04, -5.6416e-04, -6.1118e-04, -7.6633e-04,
        -4.0950e-04, -6.2113e-04, -8.5999e-04, -3.3636e-04,  3.1102e-04,
        -2.3921e-04, -1.1475e-03, -1.1779e-03,  7.7545e-04,  3.5844e-04,
        -4.3347e-04,  7.3521e-04,  7.6690e-04,  9.1266e-04, -7.9535e-05,
         8.0042e-04, -1.0976e-03,  4.4071e-04,  9.9575e-04, -1.0171e-03,
         8.2364e-04,  3.6747e-04,  9.5546e-04, -3.1797e-04,  1.9321e-04,
         1.1499e-04, -9.3579e-04,  1.0212e-03, -7.2307e-04,  5.8835e-04,
         4.1469e-04, -1.0682e-04, -2.2878e-04, -9.9687e-04,  7.3684e-04,
        -9.2833e-04,  9.6951e-04,  7.6531e-04, -1.5680e-04,  3.2964e-04,
        -5.2425e-04,  9.1646e-04, -3.8418e-04,  5.0213e-04,  7.9550e-04,
        -6.6380e-04, -7.6876e-04,  6.1653e-04, -8.3222e-04, -6.6567e-04,
        -8.5450e-04, -6.9283e-04, -7.6543e-05, -3.4788e-04, -1.1587e-03,
        -7.8999e-04, -7.5841e-04, -6.9955e-04,  1.3205e-04, -9.7419e-04,
        -9.5335e-04, -5.1568e-04, -3.9620e-04,  7.5217e-05,  6.2022e-04,
         2.7500e-04, -5.5195e-04, -3.3821e-04,  9.4012e-04, -1.1907e-03,
        -2.6756e-04,  9.6541e-04,  4.6379e-04,  6.1459e-04,  4.4273e-04,
         7.2184e-04,  1.0958e-03,  2.2943e-04, -6.8602e-04,  9.0052e-05,
         1.0997e-03, -6.9555e-04, -1.1422e-03, -6.6473e-04,  8.9860e-04,
         5.9436e-04,  4.0627e-04,  2.7847e-04,  1.5429e-04,  1.1352e-03,
        -2.6068e-04, -3.8421e-04,  1.0421e-03,  8.1632e-04, -2.1808e-04,
         9.4961e-04,  1.1939e-03,  4.5504e-04, -9.1668e-04,  7.0050e-05,
         6.0349e-04,  6.5686e-04, -8.6597e-04,  5.5099e-04,  8.4072e-04,
         5.8007e-04, -9.9255e-04,  5.9382e-04, -1.1410e-03, -2.1709e-04,
         3.3754e-04,  2.4780e-04,  1.1891e-03, -8.9754e-04, -3.0820e-04,
        -9.2579e-04, -7.7072e-04,  1.2179e-03, -3.0222e-04,  5.6167e-04,
        -6.8762e-04,  3.6115e-04, -9.1381e-04,  6.6228e-04,  6.5017e-04,
         6.5727e-04], device='cuda:0', requires_grad=True), Parameter containing:
tensor([[-0.0366,  0.0379, -0.0255,  ...,  0.0040, -0.0608,  0.0036],
        [-0.0537,  0.0172,  0.0220,  ...,  0.0603, -0.0544,  0.0567],
        [-0.0241,  0.0475, -0.0070,  ..., -0.0164,  0.0549, -0.0453],
        ...,
        [ 0.0129, -0.0261,  0.0623,  ..., -0.0043,  0.0039,  0.0463],
        [-0.0262, -0.0100,  0.0596,  ..., -0.0131,  0.0607, -0.0222],
        [-0.0028,  0.0295, -0.0452,  ..., -0.0071,  0.0507, -0.0447]],
       device='cuda:0', requires_grad=True), Parameter containing:
tensor([ 0.0016,  0.0286,  0.0082,  0.0256, -0.0203, -0.0201, -0.0263, -0.0539,
         0.0455,  0.0517, -0.0021, -0.0008, -0.0431,  0.0291, -0.0439, -0.0511,
        -0.0170, -0.0350,  0.0222, -0.0147, -0.0029, -0.0267, -0.0322,  0.0148,
        -0.0008,  0.0092,  0.0359,  0.0079,  0.0118,  0.0267, -0.0007,  0.0305,
         0.0018, -0.0223,  0.0543, -0.0348,  0.0363,  0.0134, -0.0461,  0.0559,
        -0.0263,  0.0585, -0.0425, -0.0171, -0.0580, -0.0353, -0.0149, -0.0117,
        -0.0019,  0.0311, -0.0086, -0.0150, -0.0561, -0.0390, -0.0113,  0.0320,
        -0.0036,  0.0107, -0.0326,  0.0486,  0.0181,  0.0113,  0.0194,  0.0289,
        -0.0033,  0.0437, -0.0204,  0.0466, -0.0166,  0.0433,  0.0130, -0.0112,
        -0.0420, -0.0423, -0.0081,  0.0007,  0.0482, -0.0317, -0.0070, -0.0317,
        -0.0382, -0.0112, -0.0286, -0.0030,  0.0413, -0.0086, -0.0615, -0.0609,
        -0.0368, -0.0040, -0.0118, -0.0501,  0.0300,  0.0028,  0.0131,  0.0560,
        -0.0166, -0.0485,  0.0222,  0.0517,  0.0040,  0.0078,  0.0568, -0.0391,
         0.0222, -0.0060,  0.0506,  0.0504, -0.0148, -0.0401, -0.0235,  0.0456,
         0.0123,  0.0590, -0.0421,  0.0063,  0.0201, -0.0337,  0.0576,  0.0306,
         0.0617, -0.0124,  0.0112, -0.0165,  0.0406, -0.0268, -0.0542,  0.0552],
       device='cuda:0', requires_grad=True), Parameter containing:
tensor([[-0.0262,  0.0378,  0.0593,  ...,  0.0800,  0.0420, -0.0380],
        [ 0.0548, -0.0264,  0.0369,  ..., -0.0131,  0.0395, -0.0037],
        [ 0.0247, -0.0193, -0.0809,  ...,  0.0694,  0.0062, -0.0742],
        ...,
        [-0.0707,  0.0558, -0.0771,  ..., -0.0040,  0.0165, -0.0411],
        [ 0.0855, -0.0822, -0.0269,  ...,  0.0452,  0.0122, -0.0161],
        [ 0.0350, -0.0281, -0.0564,  ...,  0.0723,  0.0547,  0.0843]],
       device='cuda:0', requires_grad=True), Parameter containing:
tensor([-0.0745,  0.0334,  0.0250, -0.0306,  0.0131, -0.0138,  0.0399,  0.0572,
        -0.0289, -0.0123,  0.0183,  0.0292,  0.0714,  0.0225, -0.0088,  0.0754,
        -0.0733,  0.0392,  0.0312,  0.0443,  0.0766,  0.0720, -0.0130,  0.0678,
         0.0345, -0.0748, -0.0681, -0.0510,  0.0681,  0.0858, -0.0400, -0.0297,
         0.0282,  0.0154, -0.0750, -0.0733, -0.0455, -0.0119,  0.0358, -0.0097,
         0.0701, -0.0759, -0.0370,  0.0386,  0.0640, -0.0307, -0.0438, -0.0591,
         0.0321,  0.0031,  0.0881, -0.0515,  0.0879,  0.0217, -0.0113, -0.0674,
        -0.0831,  0.0727,  0.0258, -0.0094,  0.0280, -0.0190,  0.0749, -0.0254],
       device='cuda:0', requires_grad=True), Parameter containing:
tensor([[ 0.0579, -0.0026,  0.0466,  ...,  0.0561, -0.0728,  0.0520],
        [-0.1211, -0.0606,  0.0655,  ..., -0.0220, -0.0807, -0.0408],
        [ 0.0149, -0.0171,  0.1018,  ...,  0.0302, -0.0129,  0.0065],
        ...,
        [-0.0178, -0.1225,  0.0603,  ...,  0.0179,  0.0861, -0.1030],
        [ 0.0846,  0.0789,  0.0359,  ..., -0.0638, -0.1127, -0.0534],
        [ 0.0019, -0.0687,  0.0316,  ..., -0.0731,  0.1121,  0.1201]],
       device='cuda:0', requires_grad=True), Parameter containing:
tensor([ 0.0501,  0.0820,  0.0814,  ...,  0.0775, -0.0008,  0.0110],
       device='cuda:0', requires_grad=True)], 'lr': 0.001, 'betas': (0.9, 0.999), 'eps': 1e-08, 'weight_decay': 0.0001, 'amsgrad': False}]
epoch: 0 batch 0.0 event: 0 loss: tensor(184.3956, device='cuda:0', grad_fn=<DivBackward0>)
epoch: 0 batch 10.0 event: 300 loss: tensor(2028.3782, device='cuda:0', grad_fn=<DivBackward0>)
epoch: 0 batch 20.0 event: 600 loss: tensor(1759.4584, device='cuda:0', grad_fn=<DivBackward0>)
epoch: 0 batch 30.0 event: 900 loss: tensor(2092.7703, device='cuda:0', grad_fn=<DivBackward0>)
epoch: 0 batch 40.0 event: 1200 loss: tensor(2013.0697, device='cuda:0', grad_fn=<DivBackward0>)
epoch: 0 batch 60.0 event: 1800 loss: tensor(3623.0847, device='cuda:0', grad_fn=<DivBackward0>)
epoch: 0 batch 70.0 event: 2100 loss: tensor(1833.4670, device='cuda:0', grad_fn=<DivBackward0>)
epoch: 0 batch 80.0 event: 2400 loss: tensor(1951.0887, device='cuda:0', grad_fn=<DivBackward0>)
epoch: 0 batch 90.0 event: 2700 loss: tensor(2065.9556, device='cuda:0', grad_fn=<DivBackward0>)
epoch: 0 batch 100.0 event: 3000 loss: tensor(1990.6711, device='cuda:0', grad_fn=<DivBackward0>)
epoch: 0 batch 110.0 event: 3300 loss: tensor(1870.2230, device='cuda:0', grad_fn=<DivBackward0>)
epoch: 0 batch 120.0 event: 3600 loss: tensor(1918.6327, device='cuda:0', grad_fn=<DivBackward0>)
epoch: 0 batch 130.0 event: 3900 loss: tensor(1990.4417, device='cuda:0', grad_fn=<DivBackward0>)
epoch: 0 batch 140.0 event: 4200 loss: tensor(1774.5521, device='cuda:0', grad_fn=<DivBackward0>)
epoch: 0 batch 150.0 event: 4500 loss: tensor(2016.6758, device='cuda:0', grad_fn=<DivBackward0>)
epoch: 0 batch 160.0 event: 4800 loss: tensor(1779.6816, device='cuda:0', grad_fn=<DivBackward0>)
epoch: 0 batch 170.0 event: 5100 loss: tensor(2002.0820, device='cuda:0', grad_fn=<DivBackward0>)
epoch: 0 batch 180.0 event: 5400 loss: tensor(1849.4114, device='cuda:0', grad_fn=<DivBackward0>)
epoch: 0 batch 190.0 event: 5700 loss: tensor(1833.7262, device='cuda:0', grad_fn=<DivBackward0>)
epoch: 0 batch 200.0 event: 6000 loss: tensor(1704.1239, device='cuda:0', grad_fn=<DivBackward0>)
epoch: 0 batch 210.0 event: 6300 loss: tensor(1943.2723, device='cuda:0', grad_fn=<DivBackward0>)
epoch: 0 batch 240.0 event: 7200 loss: tensor(5598.4453, device='cuda:0', grad_fn=<DivBackward0>)
epoch: 0 batch 250.0 event: 7500 loss: tensor(2079.8767, device='cuda:0', grad_fn=<DivBackward0>)
epoch: 0 batch 260.0 event: 7800 loss: tensor(2019.2363, device='cuda:0', grad_fn=<DivBackward0>)
epoch: 0 batch 280.0 event: 8400 loss: tensor(3422.5825, device='cuda:0', grad_fn=<DivBackward0>)
epoch: 0 batch 290.0 event: 8700 loss: tensor(1949.6387, device='cuda:0', grad_fn=<DivBackward0>)
epoch: 0 batch 300.0 event: 9000 loss: tensor(1859.9489, device='cuda:0', grad_fn=<DivBackward0>)
epoch: 0 batch 310.0 event: 9300 loss: tensor(1599.3090, device='cuda:0', grad_fn=<DivBackward0>)
epoch: 0 batch 320.0 event: 9600 loss: tensor(1941.6132, device='cuda:0', grad_fn=<DivBackward0>)
epoch: 0 batch 330.0 event: 9900 loss: tensor(1850.0090, device='cuda:0', grad_fn=<DivBackward0>)
epoch: 0 batch 340.0 event: 10200 loss: tensor(1789.3047, device='cuda:0', grad_fn=<DivBackward0>)
epoch: 0 batch 350.0 event: 10500 loss: tensor(1998.9404, device='cuda:0', grad_fn=<DivBackward0>)
epoch: 0 batch 360.0 event: 10800 loss: tensor(1845.6008, device='cuda:0', grad_fn=<DivBackward0>)
epoch: 0 batch 370.0 event: 11100 loss: tensor(1760.9755, device='cuda:0', grad_fn=<DivBackward0>)
epoch: 0 batch 380.0 event: 11400 loss: tensor(1792.2305, device='cuda:0', grad_fn=<DivBackward0>)
epoch: 0 batch 390.0 event: 11700 loss: tensor(1811.3245, device='cuda:0', grad_fn=<DivBackward0>)
epoch: 0 batch 400.0 event: 12000 loss: tensor(1767.8641, device='cuda:0', grad_fn=<DivBackward0>)
epoch: 0 batch 410.0 event: 12300 loss: tensor(2074.2036, device='cuda:0', grad_fn=<DivBackward0>)
epoch: 0 batch 420.0 event: 12600 loss: tensor(2081.2996, device='cuda:0', grad_fn=<DivBackward0>)
epoch: 0 batch 430.0 event: 12900 loss: tensor(1972.7971, device='cuda:0', grad_fn=<DivBackward0>)
epoch: 0 batch 440.0 event: 13200 loss: tensor(1803.8055, device='cuda:0', grad_fn=<DivBackward0>)
epoch: 0 batch 450.0 event: 13500 loss: tensor(1869.6562, device='cuda:0', grad_fn=<DivBackward0>)
epoch: 0 batch 460.0 event: 13800 loss: tensor(1887.6561, device='cuda:0', grad_fn=<DivBackward0>)
epoch: 0 batch 470.0 event: 14100 loss: tensor(2072.0886, device='cuda:0', grad_fn=<DivBackward0>)
epoch: 0 batch 480.0 event: 14400 loss: tensor(1582.1376, device='cuda:0', grad_fn=<DivBackward0>)
epoch: 0 batch 490.0 event: 14700 loss: tensor(1985.8424, device='cuda:0', grad_fn=<DivBackward0>)
epoch: 0 batch 500.0 event: 15000 loss: tensor(1604.7958, device='cuda:0', grad_fn=<DivBackward0>)
epoch: 0 batch 510.0 event: 15300 loss: tensor(1969.4535, device='cuda:0', grad_fn=<DivBackward0>)
epoch: 0 batch 520.0 event: 15600 loss: tensor(1997.6862, device='cuda:0', grad_fn=<DivBackward0>)
epoch: 0 batch 530.0 event: 15900 loss: tensor(2068.1130, device='cuda:0', grad_fn=<DivBackward0>)
epoch: 0 batch 540.0 event: 16200 loss: tensor(1349.2635, device='cuda:0', grad_fn=<DivBackward0>)
epoch: 0 batch 550.0 event: 16500 loss: tensor(1995.2490, device='cuda:0', grad_fn=<DivBackward0>)
epoch: 0 batch 560.0 event: 16800 loss: tensor(1802.2021, device='cuda:0', grad_fn=<DivBackward0>)
epoch: 0 batch 570.0 event: 17100 loss: tensor(1994.3652, device='cuda:0', grad_fn=<DivBackward0>)
epoch: 0 batch 580.0 event: 17400 loss: tensor(2035.8293, device='cuda:0', grad_fn=<DivBackward0>)
epoch: 0 batch 590.0 event: 17700 loss: tensor(1971.3691, device='cuda:0', grad_fn=<DivBackward0>)
epoch: 0 batch 600.0 event: 18000 loss: tensor(2045.3392, device='cuda:0', grad_fn=<DivBackward0>)
epoch: 0 batch 610.0 event: 18300 loss: tensor(1802.0751, device='cuda:0', grad_fn=<DivBackward0>)
epoch: 0 batch 620.0 event: 18600 loss: tensor(1988.3143, device='cuda:0', grad_fn=<DivBackward0>)
epoch: 0 batch 630.0 event: 18900 loss: tensor(1991.7607, device='cuda:0', grad_fn=<DivBackward0>)
Traceback (most recent call last):
  File "/hpcfs/bes/mlgpu/hoseinkk/MLTracking/otherparticles/pppipi/pyt_pppipi_cnn_2/./Training.py", line 81, in <module>
    optimizer.step()  # Update parameters based on gradients.
  File "/hpcfs/bes/mlgpu/hoseinkk/Miniconda3/envs/dgl1/lib/python3.9/site-packages/torch/optim/optimizer.py", line 88, in wrapper
    return func(*args, **kwargs)
  File "/hpcfs/bes/mlgpu/hoseinkk/Miniconda3/envs/dgl1/lib/python3.9/site-packages/torch/autograd/grad_mode.py", line 28, in decorate_context
    return func(*args, **kwargs)
  File "/hpcfs/bes/mlgpu/hoseinkk/Miniconda3/envs/dgl1/lib/python3.9/site-packages/torch/optim/adam.py", line 133, in step
    F.adam(params_with_grad,
  File "/hpcfs/bes/mlgpu/hoseinkk/Miniconda3/envs/dgl1/lib/python3.9/site-packages/torch/optim/_functional.py", line 94, in adam
    denom = (exp_avg_sq.sqrt() / math.sqrt(bias_correction2)).add_(eps)
RuntimeError: CUDA out of memory. Tried to allocate 654.00 MiB (GPU 0; 31.75 GiB total capacity; 27.50 GiB already allocated; 235.94 MiB free; 30.09 GiB reserved in total by PyTorch) If reserved memory is >> allocated memory try setting max_split_size_mb to avoid fragmentation.  See documentation for Memory Management and PYTORCH_CUDA_ALLOC_CONF

real	9m36.501s
user	1m2.105s
sys	0m47.109s
