0: gpu025.ihep.ac.cn
GPU 0: Tesla V100-SXM2-32GB (UUID: GPU-5b5b1fa8-3ee7-121d-1f3d-12515b9b0cb1)
Allocate GPU cards : 0

modinfo:
filename:       /lib/modules/3.10.0-1160.71.1.el7.x86_64/extra/nvidia.ko.xz
firmware:       nvidia/515.65.01/gsp.bin
alias:          char-major-195-*
version:        515.65.01
supported:      external
license:        NVIDIA
retpoline:      Y
rhelversion:    7.9
srcversion:     8049D44E2C1B08F41E1B8A6
alias:          pci:v000010DEd*sv*sd*bc06sc80i00*
alias:          pci:v000010DEd*sv*sd*bc03sc02i00*
alias:          pci:v000010DEd*sv*sd*bc03sc00i00*
depends:        drm
vermagic:       3.10.0-1160.71.1.el7.x86_64 SMP mod_unload modversions 
signer:         DKMS module signing key
sig_key:        D3:30:74:BE:C5:18:67:19:1B:75:41:E9:26:B1:89:41:A6:DD:3B:01
sig_hashalgo:   sha512
parm:           NvSwitchRegDwords:NvSwitch regkey (charp)
parm:           NvSwitchBlacklist:NvSwitchBlacklist=uuid[,uuid...] (charp)
parm:           NVreg_ResmanDebugLevel:int
parm:           NVreg_RmLogonRC:int
parm:           NVreg_ModifyDeviceFiles:int
parm:           NVreg_DeviceFileUID:int
parm:           NVreg_DeviceFileGID:int
parm:           NVreg_DeviceFileMode:int
parm:           NVreg_InitializeSystemMemoryAllocations:int
parm:           NVreg_UsePageAttributeTable:int
parm:           NVreg_EnablePCIeGen3:int
parm:           NVreg_EnableMSI:int
parm:           NVreg_TCEBypassMode:int
parm:           NVreg_EnableStreamMemOPs:int
parm:           NVreg_RestrictProfilingToAdminUsers:int
parm:           NVreg_PreserveVideoMemoryAllocations:int
parm:           NVreg_EnableS0ixPowerManagement:int
parm:           NVreg_S0ixPowerManagementVideoMemoryThreshold:int
parm:           NVreg_DynamicPowerManagement:int
parm:           NVreg_DynamicPowerManagementVideoMemoryThreshold:int
parm:           NVreg_EnableGpuFirmware:int
parm:           NVreg_EnableGpuFirmwareLogs:int
parm:           NVreg_OpenRmEnableUnsupportedGpus:int
parm:           NVreg_EnableUserNUMAManagement:int
parm:           NVreg_MemoryPoolSize:int
parm:           NVreg_KMallocHeapMaxSize:int
parm:           NVreg_VMallocHeapMaxSize:int
parm:           NVreg_IgnoreMMIOCheck:int
parm:           NVreg_NvLinkDisable:int
parm:           NVreg_EnablePCIERelaxedOrderingMode:int
parm:           NVreg_RegisterPCIDriver:int
parm:           NVreg_EnableDbgBreakpoint:int
parm:           NVreg_RegistryDwords:charp
parm:           NVreg_RegistryDwordsPerDevice:charp
parm:           NVreg_RmMsg:charp
parm:           NVreg_GpuBlacklist:charp
parm:           NVreg_TemporaryFilePath:charp
parm:           NVreg_ExcludedGpus:charp
parm:           NVreg_DmaRemapPeerMmio:int
parm:           rm_firmware_active:charp

nvidia-smi:
Wed Aug 31 16:13:54 2022       
+-----------------------------------------------------------------------------+
| NVIDIA-SMI 515.65.01    Driver Version: 515.65.01    CUDA Version: 11.7     |
|-------------------------------+----------------------+----------------------+
| GPU  Name        Persistence-M| Bus-Id        Disp.A | Volatile Uncorr. ECC |
| Fan  Temp  Perf  Pwr:Usage/Cap|         Memory-Usage | GPU-Util  Compute M. |
|                               |                      |               MIG M. |
|===============================+======================+======================|
|   0  Tesla V100-SXM2...  On   | 00000000:3A:00.0 Off |                    0 |
| N/A   26C    P0    42W / 300W |      0MiB / 32768MiB |      0%      Default |
|                               |                      |                  N/A |
+-------------------------------+----------------------+----------------------+
                                                                               
+-----------------------------------------------------------------------------+
| Processes:                                                                  |
|  GPU   GI   CI        PID   Type   Process name                  GPU Memory |
|        ID   ID                                                   Usage      |
|=============================================================================|
|  No running processes found                                                 |
+-----------------------------------------------------------------------------+

nvcc --version:
nvcc: NVIDIA (R) Cuda compiler driver
Copyright (c) 2005-2021 NVIDIA Corporation
Built on Sun_Mar_21_19:15:46_PDT_2021
Cuda compilation tools, release 11.3, V11.3.58
Build cuda_11.3.r11.3/compiler.29745058_0

 torch version: 1.10.2

 cuda version: 11.3

 is cuda available: True

 CUDNN VERSION: 8200

 Number CUDA Devices: 1

 CUDA Device Name: Tesla V100-SXM2-32GB

 CUDA Device Total Memory [GB]: 34.089926656

 Device capability: (7, 0) 

 Cuda deviice: <torch.cuda.device object at 0x2ae6d9c428e0> 

 Is cuda initialized: True

 CUDA_HOME: /hpcfs/bes/mlgpu/hoseinkk/Miniconda3/envs/dgl1

real	2m15.032s
user	0m3.135s
sys	0m1.181s
/hpcfs/bes/mlgpu/hoseinkk/Miniconda3/envs/dgl1/lib/python3.9/site-packages/cupy/_environment.py:438: UserWarning: 
--------------------------------------------------------------------------------

  CuPy may not function correctly because multiple CuPy packages are installed
  in your environment:

    cupy, cupy-cuda110

  Follow these steps to resolve this issue:

    1. For all packages listed above, run the following command to remove all
       existing CuPy installations:

         $ pip uninstall <package_name>

      If you previously installed CuPy via conda, also run the following:

         $ conda uninstall cupy

    2. Install the appropriate CuPy package.
       Refer to the Installation Guide for detailed instructions.

         https://docs.cupy.dev/en/stable/install.html

--------------------------------------------------------------------------------

  warnings.warn(f'''





 Loading data ... 



training set shape (20000, 43, 288) 
sum 5279207

target set shape (20000, 6796) 
sum 4575851




 The Network ... 


Net(
  (conv1): Conv2d(1, 256, kernel_size=(3, 3), stride=(1, 1))
  (conv2): Conv2d(256, 128, kernel_size=(3, 3), stride=(1, 1))
  (conv3): Conv2d(128, 64, kernel_size=(3, 3), stride=(1, 1))
  (fc1): Linear(in_features=667776, out_features=256, bias=True)
  (fc2): Linear(in_features=256, out_features=128, bias=True)
  (fc3): Linear(in_features=128, out_features=64, bias=True)
  (fc4): Linear(in_features=64, out_features=6796, bias=True)
)

number of the free parameters: 171805196
parameters of the network conv1.weight 
 torch.Size([256, 1, 3, 3]) 
 True 
 tensor([[[[-0.1132,  0.1316, -0.2299],
          [ 0.1475, -0.0026, -0.2626],
          [-0.2536, -0.0403,  0.1215]]],


        [[[ 0.2158, -0.3086, -0.2955],
          [ 0.0321,  0.3032,  0.1375],
          [ 0.2764,  0.1317, -0.1640]]],


        [[[ 0.1889,  0.0021, -0.1212],
          [-0.3310,  0.2485, -0.1853],
          [-0.0243,  0.2690, -0.2626]]],


        ...,


        [[[-0.2892, -0.2827,  0.1315],
          [ 0.0685, -0.2249, -0.0482],
          [-0.1031,  0.2578,  0.2174]]],


        [[[-0.1844, -0.2433, -0.0361],
          [ 0.1402, -0.1143,  0.2899],
          [-0.1766,  0.3156,  0.0785]]],


        [[[ 0.1126, -0.1283, -0.2406],
          [-0.2649,  0.2611, -0.0807],
          [ 0.2726, -0.2322,  0.3155]]]], device='cuda:0') 
 Parameter containing:
tensor([[[[-0.1132,  0.1316, -0.2299],
          [ 0.1475, -0.0026, -0.2626],
          [-0.2536, -0.0403,  0.1215]]],


        [[[ 0.2158, -0.3086, -0.2955],
          [ 0.0321,  0.3032,  0.1375],
          [ 0.2764,  0.1317, -0.1640]]],


        [[[ 0.1889,  0.0021, -0.1212],
          [-0.3310,  0.2485, -0.1853],
          [-0.0243,  0.2690, -0.2626]]],


        ...,


        [[[-0.2892, -0.2827,  0.1315],
          [ 0.0685, -0.2249, -0.0482],
          [-0.1031,  0.2578,  0.2174]]],


        [[[-0.1844, -0.2433, -0.0361],
          [ 0.1402, -0.1143,  0.2899],
          [-0.1766,  0.3156,  0.0785]]],


        [[[ 0.1126, -0.1283, -0.2406],
          [-0.2649,  0.2611, -0.0807],
          [ 0.2726, -0.2322,  0.3155]]]], device='cuda:0', requires_grad=True)
parameters of the network conv1.bias 
 torch.Size([256]) 
 True 
 tensor([ 0.0983,  0.2701,  0.1193,  0.1610, -0.2265,  0.1198,  0.2776, -0.0463,
         0.1040, -0.1673,  0.0320,  0.1445,  0.2567,  0.0795, -0.3322, -0.1762,
         0.1444,  0.3023, -0.2836, -0.0713, -0.0400, -0.1257,  0.3002,  0.0854,
         0.2955, -0.2487,  0.0629,  0.1246,  0.1277,  0.2097, -0.3256, -0.1065,
         0.3016, -0.0348,  0.0650,  0.1813,  0.1697,  0.1902, -0.3248, -0.0272,
        -0.2876,  0.0009, -0.0246, -0.0826, -0.0883, -0.1415, -0.1983, -0.2086,
         0.3078,  0.0408, -0.2920,  0.0916, -0.1023, -0.0964, -0.0961, -0.1234,
        -0.0960, -0.0483, -0.2322, -0.1833, -0.3197,  0.1966,  0.0643,  0.2375,
         0.2047,  0.1342, -0.0218,  0.2604, -0.0633, -0.1286,  0.2990,  0.1672,
        -0.2621, -0.1038,  0.1912, -0.2410,  0.1701, -0.1172, -0.3162,  0.0381,
        -0.0852,  0.2713, -0.1913,  0.2567,  0.2268,  0.0374,  0.0861, -0.0007,
         0.2909,  0.2520, -0.2609, -0.0722,  0.2954, -0.2646, -0.0170, -0.1039,
         0.3184,  0.2654,  0.0102, -0.0322,  0.2898, -0.1847,  0.3313,  0.1990,
        -0.2540, -0.1368, -0.1452, -0.1203, -0.3214,  0.1694,  0.0562, -0.1447,
         0.2170,  0.1234, -0.0441,  0.1673,  0.1586,  0.1813, -0.1869,  0.1252,
         0.0800, -0.2924, -0.1430,  0.0646,  0.2685, -0.2084, -0.1372,  0.3250,
         0.0231,  0.1002,  0.2437,  0.0339,  0.1777,  0.2279,  0.3058, -0.1497,
        -0.3146, -0.2260, -0.1590, -0.1987,  0.2667, -0.1819,  0.1549, -0.0045,
         0.0397,  0.1793, -0.2264,  0.2798,  0.2165,  0.2763,  0.1457, -0.2888,
         0.2452,  0.0007, -0.0804,  0.2738, -0.2567, -0.0825,  0.2547,  0.2539,
         0.3166,  0.0479, -0.1074,  0.0919,  0.2700,  0.0370,  0.2126,  0.2005,
        -0.2324, -0.2231,  0.2222,  0.1166, -0.1033,  0.0965,  0.3260, -0.0884,
        -0.0605, -0.2603,  0.0355,  0.0804, -0.1030, -0.3292,  0.0919,  0.2140,
        -0.1987,  0.2819, -0.0188, -0.3061, -0.2357, -0.1662,  0.2841,  0.1804,
         0.1626,  0.0695, -0.1414, -0.1222, -0.0944, -0.0772, -0.0691,  0.1326,
        -0.3119, -0.1428, -0.2011,  0.1347,  0.1853, -0.3215,  0.1515,  0.3305,
         0.0422, -0.0698,  0.2867,  0.0722,  0.1265, -0.3035,  0.1539, -0.2457,
        -0.1887, -0.0359, -0.0335, -0.1616, -0.0300, -0.2785, -0.1987,  0.0981,
        -0.0954,  0.0767,  0.0719,  0.2725,  0.2874, -0.3199,  0.1954,  0.2353,
        -0.2979, -0.1806,  0.0565, -0.0149,  0.3329,  0.2551,  0.2517,  0.3303,
         0.3001, -0.2570,  0.1561, -0.0492,  0.3182,  0.2409,  0.1525,  0.0606,
         0.1280,  0.2361, -0.2987,  0.0402, -0.1302, -0.3069, -0.1492, -0.3173],
       device='cuda:0') 
 Parameter containing:
tensor([ 0.0983,  0.2701,  0.1193,  0.1610, -0.2265,  0.1198,  0.2776, -0.0463,
         0.1040, -0.1673,  0.0320,  0.1445,  0.2567,  0.0795, -0.3322, -0.1762,
         0.1444,  0.3023, -0.2836, -0.0713, -0.0400, -0.1257,  0.3002,  0.0854,
         0.2955, -0.2487,  0.0629,  0.1246,  0.1277,  0.2097, -0.3256, -0.1065,
         0.3016, -0.0348,  0.0650,  0.1813,  0.1697,  0.1902, -0.3248, -0.0272,
        -0.2876,  0.0009, -0.0246, -0.0826, -0.0883, -0.1415, -0.1983, -0.2086,
         0.3078,  0.0408, -0.2920,  0.0916, -0.1023, -0.0964, -0.0961, -0.1234,
        -0.0960, -0.0483, -0.2322, -0.1833, -0.3197,  0.1966,  0.0643,  0.2375,
         0.2047,  0.1342, -0.0218,  0.2604, -0.0633, -0.1286,  0.2990,  0.1672,
        -0.2621, -0.1038,  0.1912, -0.2410,  0.1701, -0.1172, -0.3162,  0.0381,
        -0.0852,  0.2713, -0.1913,  0.2567,  0.2268,  0.0374,  0.0861, -0.0007,
         0.2909,  0.2520, -0.2609, -0.0722,  0.2954, -0.2646, -0.0170, -0.1039,
         0.3184,  0.2654,  0.0102, -0.0322,  0.2898, -0.1847,  0.3313,  0.1990,
        -0.2540, -0.1368, -0.1452, -0.1203, -0.3214,  0.1694,  0.0562, -0.1447,
         0.2170,  0.1234, -0.0441,  0.1673,  0.1586,  0.1813, -0.1869,  0.1252,
         0.0800, -0.2924, -0.1430,  0.0646,  0.2685, -0.2084, -0.1372,  0.3250,
         0.0231,  0.1002,  0.2437,  0.0339,  0.1777,  0.2279,  0.3058, -0.1497,
        -0.3146, -0.2260, -0.1590, -0.1987,  0.2667, -0.1819,  0.1549, -0.0045,
         0.0397,  0.1793, -0.2264,  0.2798,  0.2165,  0.2763,  0.1457, -0.2888,
         0.2452,  0.0007, -0.0804,  0.2738, -0.2567, -0.0825,  0.2547,  0.2539,
         0.3166,  0.0479, -0.1074,  0.0919,  0.2700,  0.0370,  0.2126,  0.2005,
        -0.2324, -0.2231,  0.2222,  0.1166, -0.1033,  0.0965,  0.3260, -0.0884,
        -0.0605, -0.2603,  0.0355,  0.0804, -0.1030, -0.3292,  0.0919,  0.2140,
        -0.1987,  0.2819, -0.0188, -0.3061, -0.2357, -0.1662,  0.2841,  0.1804,
         0.1626,  0.0695, -0.1414, -0.1222, -0.0944, -0.0772, -0.0691,  0.1326,
        -0.3119, -0.1428, -0.2011,  0.1347,  0.1853, -0.3215,  0.1515,  0.3305,
         0.0422, -0.0698,  0.2867,  0.0722,  0.1265, -0.3035,  0.1539, -0.2457,
        -0.1887, -0.0359, -0.0335, -0.1616, -0.0300, -0.2785, -0.1987,  0.0981,
        -0.0954,  0.0767,  0.0719,  0.2725,  0.2874, -0.3199,  0.1954,  0.2353,
        -0.2979, -0.1806,  0.0565, -0.0149,  0.3329,  0.2551,  0.2517,  0.3303,
         0.3001, -0.2570,  0.1561, -0.0492,  0.3182,  0.2409,  0.1525,  0.0606,
         0.1280,  0.2361, -0.2987,  0.0402, -0.1302, -0.3069, -0.1492, -0.3173],
       device='cuda:0', requires_grad=True)
parameters of the network conv2.weight 
 torch.Size([128, 256, 3, 3]) 
 True 
 tensor([[[[ 1.9083e-02, -1.2131e-02, -1.2560e-02],
          [-3.0814e-03, -3.6228e-03, -3.4459e-03],
          [-1.4966e-03,  1.4762e-02,  1.6801e-02]],

         [[-7.4756e-03,  1.2845e-02,  1.8425e-02],
          [-1.4035e-02, -1.0123e-02, -1.1783e-02],
          [ 9.2618e-03,  1.6793e-02, -1.0189e-03]],

         [[ 5.7244e-04,  5.8221e-03, -1.8119e-02],
          [ 3.9301e-03, -2.0382e-02,  9.7154e-04],
          [-1.5865e-02,  1.2435e-02,  1.0051e-02]],

         ...,

         [[-2.6941e-04,  1.5249e-02,  3.3482e-03],
          [ 1.8042e-02,  6.1051e-03,  7.7962e-03],
          [-1.4827e-02, -1.3021e-02,  1.3293e-02]],

         [[ 9.2236e-03,  1.7957e-02, -1.3799e-02],
          [-5.3944e-03, -1.1324e-02,  7.5813e-03],
          [ 1.3927e-02, -1.2164e-02,  1.4221e-02]],

         [[-7.6672e-03, -1.9761e-02, -1.9148e-02],
          [-1.8870e-02,  8.1433e-03,  9.5820e-03],
          [-1.2291e-02, -7.1562e-03, -1.9101e-02]]],


        [[[-1.2958e-02,  1.7539e-02, -1.8037e-02],
          [ 3.3903e-03,  4.0995e-03,  4.3103e-03],
          [-2.0238e-02,  1.8676e-02, -4.6590e-03]],

         [[ 1.1495e-02,  1.3130e-03,  1.3656e-02],
          [ 5.8380e-03, -2.1079e-03,  2.0060e-02],
          [ 1.4834e-02,  2.6380e-04, -6.1486e-03]],

         [[-4.1067e-03, -1.6491e-02,  6.0210e-03],
          [-1.6803e-02, -9.7157e-03, -1.3604e-02],
          [-9.8826e-03,  4.5728e-04,  2.0178e-02]],

         ...,

         [[ 4.8445e-03, -1.2875e-02,  1.2622e-02],
          [ 8.1007e-03,  7.9592e-03,  1.2738e-02],
          [ 6.1820e-03, -5.9792e-03, -1.8898e-02]],

         [[ 1.2410e-02,  2.9102e-03, -5.0633e-03],
          [-1.8515e-02, -1.5727e-02,  6.9307e-03],
          [-2.6189e-03,  5.0135e-03,  1.8819e-02]],

         [[ 1.4546e-03,  1.7167e-02,  1.3040e-02],
          [ 1.8566e-02, -5.3065e-03, -3.3263e-03],
          [-9.8973e-03,  1.1234e-02,  1.3262e-02]]],


        [[[ 1.3605e-02,  1.1789e-02,  3.7622e-03],
          [-1.1784e-02, -1.6806e-02,  8.2217e-03],
          [-1.2707e-02,  3.4040e-03, -5.4371e-03]],

         [[-7.0866e-03,  7.2837e-03, -1.0553e-02],
          [ 1.4040e-02, -9.6546e-03, -1.2019e-02],
          [-1.7365e-02, -1.3053e-02,  8.4164e-03]],

         [[-8.2002e-03, -2.0311e-02, -5.4691e-03],
          [ 1.6587e-02,  1.8326e-03,  2.0747e-02],
          [-1.9748e-02, -7.4585e-03,  3.8159e-04]],

         ...,

         [[ 1.6305e-02,  1.3940e-02,  6.6246e-03],
          [ 1.1080e-03, -1.1335e-02,  7.2346e-04],
          [-2.3467e-03,  1.4968e-03,  6.1855e-03]],

         [[ 1.1327e-02, -1.2213e-02, -1.3898e-02],
          [-9.0792e-03, -1.7549e-02,  2.1780e-04],
          [-1.1623e-02,  1.5490e-02, -1.9168e-03]],

         [[ 3.6082e-03,  8.8180e-03, -1.5289e-02],
          [-1.6332e-02,  7.1599e-03, -1.4193e-02],
          [-7.8371e-03, -1.4754e-02, -5.2574e-03]]],


        ...,


        [[[-1.8890e-02, -2.0154e-02,  6.0109e-04],
          [ 6.6198e-03,  1.0547e-02,  1.7283e-02],
          [-6.0837e-03, -8.9357e-03,  9.3410e-03]],

         [[ 2.8555e-03, -8.2679e-03,  2.0297e-02],
          [ 1.0256e-02,  7.8460e-03, -7.0047e-03],
          [-1.7278e-03,  5.9294e-03,  3.0974e-03]],

         [[-1.7277e-02,  1.4720e-02, -6.1465e-03],
          [-1.1426e-02,  8.0710e-03, -2.1018e-05],
          [ 2.0723e-02,  9.0318e-03, -6.4336e-04]],

         ...,

         [[-9.9660e-03,  1.8146e-02,  4.7957e-03],
          [ 1.3222e-02,  1.6317e-02, -1.7166e-02],
          [ 4.5324e-03,  8.8075e-03,  8.9118e-03]],

         [[ 1.2164e-03, -1.5592e-02, -2.7974e-03],
          [-9.8014e-03, -5.0955e-03,  8.7758e-03],
          [-1.1445e-02,  1.5608e-02, -1.0966e-02]],

         [[-2.3169e-03,  1.9301e-02,  1.6975e-02],
          [ 1.9430e-02,  5.0761e-03, -1.2047e-02],
          [ 5.9945e-04, -7.1536e-03,  1.8596e-02]]],


        [[[ 3.6127e-03, -1.4022e-02, -1.1872e-02],
          [ 1.6008e-02,  7.7953e-03, -8.7157e-04],
          [ 1.6174e-02,  1.3702e-02,  6.4048e-03]],

         [[ 1.0648e-02, -1.5075e-02,  1.3360e-02],
          [ 9.6646e-03,  2.0081e-02,  5.3274e-03],
          [-8.4043e-03, -1.5351e-02,  1.5276e-02]],

         [[ 9.6864e-03, -9.8215e-03, -1.5612e-02],
          [ 1.5588e-03,  1.2933e-03, -1.3351e-02],
          [ 5.6857e-03,  1.3414e-02, -1.7539e-02]],

         ...,

         [[-1.5021e-02,  1.3653e-02,  1.6661e-02],
          [ 4.6410e-03, -1.1995e-02, -1.0757e-02],
          [ 6.5269e-03, -1.4360e-02, -8.7945e-04]],

         [[ 1.9309e-02,  1.6758e-02, -1.5323e-02],
          [-1.8287e-02,  1.3130e-03, -8.2989e-03],
          [ 6.9253e-03,  1.2082e-02,  4.0718e-03]],

         [[-1.8745e-02, -1.5148e-02, -2.8760e-03],
          [-7.7016e-03,  1.2094e-02, -9.7181e-03],
          [-1.3663e-02, -1.4334e-02,  2.1620e-03]]],


        [[[ 1.6997e-02,  7.5946e-03, -1.4533e-02],
          [ 1.4950e-02, -1.6958e-02, -7.2300e-03],
          [-1.9185e-02,  1.2065e-02, -3.1558e-03]],

         [[ 7.9154e-03,  1.9328e-02, -5.3381e-03],
          [ 5.5426e-03, -1.8005e-03,  4.8423e-03],
          [-1.4265e-02,  2.2838e-03,  8.0924e-04]],

         [[-6.3566e-03, -1.3342e-02,  2.8505e-03],
          [-3.7816e-03, -1.8368e-02, -1.6037e-02],
          [-9.5349e-03, -3.0801e-03, -1.0543e-04]],

         ...,

         [[-1.3342e-02,  2.7464e-03, -3.0698e-03],
          [ 8.1226e-03,  1.8739e-02, -1.8706e-02],
          [ 1.8581e-02,  1.8874e-02, -1.9864e-02]],

         [[ 9.6676e-03, -1.4478e-02,  7.4785e-03],
          [ 1.4632e-02, -1.7924e-02,  3.5654e-04],
          [ 3.3496e-03, -4.0988e-03,  1.0800e-02]],

         [[-1.8744e-02, -1.3918e-02, -9.8335e-05],
          [ 1.6714e-02,  9.5817e-03,  1.7728e-02],
          [-3.9806e-03, -1.9332e-02,  1.3875e-02]]]], device='cuda:0') 
 Parameter containing:
tensor([[[[ 1.9083e-02, -1.2131e-02, -1.2560e-02],
          [-3.0814e-03, -3.6228e-03, -3.4459e-03],
          [-1.4966e-03,  1.4762e-02,  1.6801e-02]],

         [[-7.4756e-03,  1.2845e-02,  1.8425e-02],
          [-1.4035e-02, -1.0123e-02, -1.1783e-02],
          [ 9.2618e-03,  1.6793e-02, -1.0189e-03]],

         [[ 5.7244e-04,  5.8221e-03, -1.8119e-02],
          [ 3.9301e-03, -2.0382e-02,  9.7154e-04],
          [-1.5865e-02,  1.2435e-02,  1.0051e-02]],

         ...,

         [[-2.6941e-04,  1.5249e-02,  3.3482e-03],
          [ 1.8042e-02,  6.1051e-03,  7.7962e-03],
          [-1.4827e-02, -1.3021e-02,  1.3293e-02]],

         [[ 9.2236e-03,  1.7957e-02, -1.3799e-02],
          [-5.3944e-03, -1.1324e-02,  7.5813e-03],
          [ 1.3927e-02, -1.2164e-02,  1.4221e-02]],

         [[-7.6672e-03, -1.9761e-02, -1.9148e-02],
          [-1.8870e-02,  8.1433e-03,  9.5820e-03],
          [-1.2291e-02, -7.1562e-03, -1.9101e-02]]],


        [[[-1.2958e-02,  1.7539e-02, -1.8037e-02],
          [ 3.3903e-03,  4.0995e-03,  4.3103e-03],
          [-2.0238e-02,  1.8676e-02, -4.6590e-03]],

         [[ 1.1495e-02,  1.3130e-03,  1.3656e-02],
          [ 5.8380e-03, -2.1079e-03,  2.0060e-02],
          [ 1.4834e-02,  2.6380e-04, -6.1486e-03]],

         [[-4.1067e-03, -1.6491e-02,  6.0210e-03],
          [-1.6803e-02, -9.7157e-03, -1.3604e-02],
          [-9.8826e-03,  4.5728e-04,  2.0178e-02]],

         ...,

         [[ 4.8445e-03, -1.2875e-02,  1.2622e-02],
          [ 8.1007e-03,  7.9592e-03,  1.2738e-02],
          [ 6.1820e-03, -5.9792e-03, -1.8898e-02]],

         [[ 1.2410e-02,  2.9102e-03, -5.0633e-03],
          [-1.8515e-02, -1.5727e-02,  6.9307e-03],
          [-2.6189e-03,  5.0135e-03,  1.8819e-02]],

         [[ 1.4546e-03,  1.7167e-02,  1.3040e-02],
          [ 1.8566e-02, -5.3065e-03, -3.3263e-03],
          [-9.8973e-03,  1.1234e-02,  1.3262e-02]]],


        [[[ 1.3605e-02,  1.1789e-02,  3.7622e-03],
          [-1.1784e-02, -1.6806e-02,  8.2217e-03],
          [-1.2707e-02,  3.4040e-03, -5.4371e-03]],

         [[-7.0866e-03,  7.2837e-03, -1.0553e-02],
          [ 1.4040e-02, -9.6546e-03, -1.2019e-02],
          [-1.7365e-02, -1.3053e-02,  8.4164e-03]],

         [[-8.2002e-03, -2.0311e-02, -5.4691e-03],
          [ 1.6587e-02,  1.8326e-03,  2.0747e-02],
          [-1.9748e-02, -7.4585e-03,  3.8159e-04]],

         ...,

         [[ 1.6305e-02,  1.3940e-02,  6.6246e-03],
          [ 1.1080e-03, -1.1335e-02,  7.2346e-04],
          [-2.3467e-03,  1.4968e-03,  6.1855e-03]],

         [[ 1.1327e-02, -1.2213e-02, -1.3898e-02],
          [-9.0792e-03, -1.7549e-02,  2.1780e-04],
          [-1.1623e-02,  1.5490e-02, -1.9168e-03]],

         [[ 3.6082e-03,  8.8180e-03, -1.5289e-02],
          [-1.6332e-02,  7.1599e-03, -1.4193e-02],
          [-7.8371e-03, -1.4754e-02, -5.2574e-03]]],


        ...,


        [[[-1.8890e-02, -2.0154e-02,  6.0109e-04],
          [ 6.6198e-03,  1.0547e-02,  1.7283e-02],
          [-6.0837e-03, -8.9357e-03,  9.3410e-03]],

         [[ 2.8555e-03, -8.2679e-03,  2.0297e-02],
          [ 1.0256e-02,  7.8460e-03, -7.0047e-03],
          [-1.7278e-03,  5.9294e-03,  3.0974e-03]],

         [[-1.7277e-02,  1.4720e-02, -6.1465e-03],
          [-1.1426e-02,  8.0710e-03, -2.1018e-05],
          [ 2.0723e-02,  9.0318e-03, -6.4336e-04]],

         ...,

         [[-9.9660e-03,  1.8146e-02,  4.7957e-03],
          [ 1.3222e-02,  1.6317e-02, -1.7166e-02],
          [ 4.5324e-03,  8.8075e-03,  8.9118e-03]],

         [[ 1.2164e-03, -1.5592e-02, -2.7974e-03],
          [-9.8014e-03, -5.0955e-03,  8.7758e-03],
          [-1.1445e-02,  1.5608e-02, -1.0966e-02]],

         [[-2.3169e-03,  1.9301e-02,  1.6975e-02],
          [ 1.9430e-02,  5.0761e-03, -1.2047e-02],
          [ 5.9945e-04, -7.1536e-03,  1.8596e-02]]],


        [[[ 3.6127e-03, -1.4022e-02, -1.1872e-02],
          [ 1.6008e-02,  7.7953e-03, -8.7157e-04],
          [ 1.6174e-02,  1.3702e-02,  6.4048e-03]],

         [[ 1.0648e-02, -1.5075e-02,  1.3360e-02],
          [ 9.6646e-03,  2.0081e-02,  5.3274e-03],
          [-8.4043e-03, -1.5351e-02,  1.5276e-02]],

         [[ 9.6864e-03, -9.8215e-03, -1.5612e-02],
          [ 1.5588e-03,  1.2933e-03, -1.3351e-02],
          [ 5.6857e-03,  1.3414e-02, -1.7539e-02]],

         ...,

         [[-1.5021e-02,  1.3653e-02,  1.6661e-02],
          [ 4.6410e-03, -1.1995e-02, -1.0757e-02],
          [ 6.5269e-03, -1.4360e-02, -8.7945e-04]],

         [[ 1.9309e-02,  1.6758e-02, -1.5323e-02],
          [-1.8287e-02,  1.3130e-03, -8.2989e-03],
          [ 6.9253e-03,  1.2082e-02,  4.0718e-03]],

         [[-1.8745e-02, -1.5148e-02, -2.8760e-03],
          [-7.7016e-03,  1.2094e-02, -9.7181e-03],
          [-1.3663e-02, -1.4334e-02,  2.1620e-03]]],


        [[[ 1.6997e-02,  7.5946e-03, -1.4533e-02],
          [ 1.4950e-02, -1.6958e-02, -7.2300e-03],
          [-1.9185e-02,  1.2065e-02, -3.1558e-03]],

         [[ 7.9154e-03,  1.9328e-02, -5.3381e-03],
          [ 5.5426e-03, -1.8005e-03,  4.8423e-03],
          [-1.4265e-02,  2.2838e-03,  8.0924e-04]],

         [[-6.3566e-03, -1.3342e-02,  2.8505e-03],
          [-3.7816e-03, -1.8368e-02, -1.6037e-02],
          [-9.5349e-03, -3.0801e-03, -1.0543e-04]],

         ...,

         [[-1.3342e-02,  2.7464e-03, -3.0698e-03],
          [ 8.1226e-03,  1.8739e-02, -1.8706e-02],
          [ 1.8581e-02,  1.8874e-02, -1.9864e-02]],

         [[ 9.6676e-03, -1.4478e-02,  7.4785e-03],
          [ 1.4632e-02, -1.7924e-02,  3.5654e-04],
          [ 3.3496e-03, -4.0988e-03,  1.0800e-02]],

         [[-1.8744e-02, -1.3918e-02, -9.8335e-05],
          [ 1.6714e-02,  9.5817e-03,  1.7728e-02],
          [-3.9806e-03, -1.9332e-02,  1.3875e-02]]]], device='cuda:0',
       requires_grad=True)
parameters of the network conv2.bias 
 torch.Size([128]) 
 True 
 tensor([-0.0113, -0.0207, -0.0068,  0.0182,  0.0129, -0.0030,  0.0059,  0.0173,
         0.0170,  0.0137, -0.0007, -0.0103, -0.0198,  0.0022, -0.0018,  0.0047,
        -0.0012,  0.0064,  0.0143, -0.0110,  0.0028, -0.0093, -0.0044,  0.0082,
         0.0126,  0.0200, -0.0176,  0.0075, -0.0158,  0.0037,  0.0197,  0.0140,
        -0.0017,  0.0087,  0.0060, -0.0128, -0.0059, -0.0016, -0.0165,  0.0200,
         0.0057, -0.0064,  0.0156, -0.0054,  0.0037, -0.0193,  0.0105,  0.0116,
         0.0012,  0.0093, -0.0086, -0.0164,  0.0199,  0.0142,  0.0034, -0.0154,
         0.0030, -0.0055, -0.0166,  0.0172, -0.0181, -0.0091,  0.0095,  0.0157,
        -0.0108,  0.0161, -0.0130,  0.0127,  0.0006,  0.0180, -0.0192,  0.0123,
        -0.0134,  0.0201, -0.0088, -0.0117, -0.0001,  0.0179,  0.0063, -0.0182,
        -0.0191,  0.0009,  0.0202, -0.0005,  0.0062, -0.0038,  0.0030,  0.0049,
         0.0040,  0.0097, -0.0078,  0.0149,  0.0060,  0.0177, -0.0123,  0.0045,
        -0.0060, -0.0118, -0.0201,  0.0107, -0.0114,  0.0087, -0.0200, -0.0183,
        -0.0157,  0.0098, -0.0087, -0.0142, -0.0133, -0.0152,  0.0205, -0.0012,
         0.0159, -0.0117, -0.0120, -0.0169, -0.0002,  0.0006, -0.0137,  0.0066,
         0.0112,  0.0049,  0.0135, -0.0096, -0.0051, -0.0063,  0.0184, -0.0137],
       device='cuda:0') 
 Parameter containing:
tensor([-0.0113, -0.0207, -0.0068,  0.0182,  0.0129, -0.0030,  0.0059,  0.0173,
         0.0170,  0.0137, -0.0007, -0.0103, -0.0198,  0.0022, -0.0018,  0.0047,
        -0.0012,  0.0064,  0.0143, -0.0110,  0.0028, -0.0093, -0.0044,  0.0082,
         0.0126,  0.0200, -0.0176,  0.0075, -0.0158,  0.0037,  0.0197,  0.0140,
        -0.0017,  0.0087,  0.0060, -0.0128, -0.0059, -0.0016, -0.0165,  0.0200,
         0.0057, -0.0064,  0.0156, -0.0054,  0.0037, -0.0193,  0.0105,  0.0116,
         0.0012,  0.0093, -0.0086, -0.0164,  0.0199,  0.0142,  0.0034, -0.0154,
         0.0030, -0.0055, -0.0166,  0.0172, -0.0181, -0.0091,  0.0095,  0.0157,
        -0.0108,  0.0161, -0.0130,  0.0127,  0.0006,  0.0180, -0.0192,  0.0123,
        -0.0134,  0.0201, -0.0088, -0.0117, -0.0001,  0.0179,  0.0063, -0.0182,
        -0.0191,  0.0009,  0.0202, -0.0005,  0.0062, -0.0038,  0.0030,  0.0049,
         0.0040,  0.0097, -0.0078,  0.0149,  0.0060,  0.0177, -0.0123,  0.0045,
        -0.0060, -0.0118, -0.0201,  0.0107, -0.0114,  0.0087, -0.0200, -0.0183,
        -0.0157,  0.0098, -0.0087, -0.0142, -0.0133, -0.0152,  0.0205, -0.0012,
         0.0159, -0.0117, -0.0120, -0.0169, -0.0002,  0.0006, -0.0137,  0.0066,
         0.0112,  0.0049,  0.0135, -0.0096, -0.0051, -0.0063,  0.0184, -0.0137],
       device='cuda:0', requires_grad=True)
parameters of the network conv3.weight 
 torch.Size([64, 128, 3, 3]) 
 True 
 tensor([[[[ 3.6098e-03, -4.8932e-03,  2.7641e-02],
          [-1.8376e-02,  1.7082e-02, -1.3292e-02],
          [-6.9943e-03,  2.1151e-02, -2.1060e-02]],

         [[-6.1993e-03, -2.9047e-02,  2.4888e-02],
          [ 2.8415e-02, -2.7980e-02, -1.8123e-02],
          [ 1.4915e-02, -1.7329e-02, -2.1991e-02]],

         [[-1.2191e-02, -1.4702e-02, -1.3942e-02],
          [-8.5881e-03, -2.0534e-03, -1.1144e-02],
          [-2.5927e-02, -2.5301e-02, -4.0810e-03]],

         ...,

         [[-3.4425e-03, -2.4318e-02,  1.3138e-02],
          [-6.2316e-04, -2.1713e-02, -2.8201e-02],
          [-6.2561e-03,  2.6410e-02,  4.2981e-03]],

         [[ 1.0501e-03, -9.5884e-03,  7.2813e-04],
          [-8.6107e-03, -1.5789e-02,  2.8986e-02],
          [ 1.4416e-02,  1.2878e-02, -2.6597e-02]],

         [[ 7.8917e-03, -1.4989e-02, -2.9423e-02],
          [ 1.5502e-02,  1.5550e-02,  2.2062e-02],
          [-1.3817e-02,  2.8348e-02, -5.6961e-03]]],


        [[[ 4.5058e-03,  1.6528e-02,  8.8756e-03],
          [ 1.1221e-02, -1.3204e-02, -1.4392e-02],
          [-2.6981e-02,  2.2348e-02,  1.1176e-02]],

         [[-1.4291e-02,  6.3783e-03, -8.1701e-03],
          [ 4.7919e-03,  1.3879e-02,  2.7400e-02],
          [ 1.0941e-02, -8.9507e-03,  2.5168e-02]],

         [[ 1.1167e-02,  1.9909e-02, -2.0543e-02],
          [-1.8542e-02, -4.7640e-03, -1.7684e-02],
          [ 2.3066e-02, -1.0023e-02,  2.3583e-02]],

         ...,

         [[-2.7309e-02,  2.3161e-02, -8.4026e-04],
          [-1.6766e-02, -1.0171e-02,  1.6015e-02],
          [-6.0587e-03, -1.4152e-02, -3.9105e-03]],

         [[ 2.9065e-02, -2.6883e-02, -4.8485e-03],
          [ 1.6365e-02, -1.7333e-02, -2.7819e-02],
          [ 2.7543e-02, -2.2043e-02, -7.1659e-03]],

         [[ 1.1936e-02,  2.4189e-03, -2.6333e-02],
          [-6.8939e-03, -5.6026e-03, -2.5004e-02],
          [-7.4850e-03,  2.7359e-02,  3.1882e-03]]],


        [[[ 5.3710e-04, -7.1607e-04,  2.7930e-02],
          [ 2.2137e-02, -6.6012e-03,  5.8504e-03],
          [-3.9262e-03, -2.1028e-02,  2.8201e-02]],

         [[ 2.9332e-02,  1.7996e-02,  9.5256e-03],
          [-1.4842e-02,  2.6436e-02, -6.9846e-04],
          [-1.6296e-02,  2.0095e-02, -9.6927e-03]],

         [[-1.2241e-02,  1.2633e-03,  1.8391e-02],
          [ 2.5329e-02,  1.0156e-02,  2.0576e-02],
          [-1.8566e-02, -8.5420e-03,  1.3869e-03]],

         ...,

         [[-1.9797e-03,  2.0792e-02,  2.3482e-02],
          [-4.5150e-05,  1.3779e-02,  2.3575e-02],
          [-9.3970e-03, -2.3022e-02, -1.6823e-02]],

         [[ 1.7962e-02, -2.4053e-02, -2.8707e-02],
          [ 1.7393e-02,  2.5524e-02, -5.7810e-03],
          [-1.7081e-02,  1.2957e-02, -7.2357e-03]],

         [[ 7.8147e-03, -9.8869e-03, -9.3371e-03],
          [ 2.6974e-02,  4.3733e-03, -1.1951e-02],
          [-1.6740e-02,  2.2629e-02, -1.7774e-02]]],


        ...,


        [[[ 2.2758e-02,  1.9484e-02,  1.2399e-02],
          [ 2.8817e-02,  2.0559e-02,  2.2142e-02],
          [ 2.1270e-02,  1.6527e-02, -2.5853e-02]],

         [[-2.6122e-02,  2.6811e-02,  2.6105e-02],
          [-1.2971e-02, -8.3980e-03,  1.9583e-02],
          [ 2.8416e-02,  1.6669e-02, -1.6214e-02]],

         [[-1.0705e-02, -5.5442e-03, -2.9302e-02],
          [ 8.4218e-03,  1.8824e-02, -1.9348e-02],
          [ 9.8312e-03, -2.9505e-03, -2.0765e-02]],

         ...,

         [[ 1.8510e-03, -3.4977e-03, -1.6723e-02],
          [ 1.0621e-02, -1.1894e-03, -1.2960e-02],
          [-4.6027e-03, -1.0187e-02,  2.7276e-02]],

         [[ 2.6621e-02, -1.2029e-03, -7.1487e-03],
          [ 8.3264e-03, -3.0725e-03,  1.3585e-02],
          [-1.5434e-03, -1.3196e-02, -6.7505e-03]],

         [[ 6.7338e-03,  1.2535e-02,  2.3229e-02],
          [ 5.9808e-03, -2.9032e-03,  1.9581e-02],
          [-2.5503e-02, -2.1719e-02,  1.4643e-02]]],


        [[[-1.4530e-02,  2.6023e-02, -2.3512e-02],
          [ 1.4568e-02, -2.3533e-02, -2.4327e-02],
          [ 1.6803e-02,  2.7796e-03, -2.2405e-02]],

         [[-1.1422e-02,  2.7381e-02,  5.3440e-03],
          [ 2.1815e-02, -1.5091e-02,  2.7032e-02],
          [ 2.5462e-02, -2.2762e-02,  2.4685e-02]],

         [[ 1.4901e-02,  2.3082e-02, -1.6404e-02],
          [-7.6964e-03,  1.6707e-02,  8.3549e-03],
          [-1.1336e-02,  3.1347e-03, -9.4571e-03]],

         ...,

         [[-2.8638e-02, -2.1585e-02, -2.1727e-02],
          [-2.7128e-02, -5.8609e-03, -3.9683e-03],
          [-1.1718e-02, -5.4211e-03, -9.5811e-04]],

         [[ 2.1062e-02,  9.2609e-03,  2.8991e-02],
          [ 2.4433e-02,  1.5704e-02, -1.2761e-02],
          [ 2.3668e-02,  1.4495e-02, -1.2405e-02]],

         [[ 2.6270e-02, -1.3660e-02, -2.2930e-02],
          [ 1.5833e-02, -8.9358e-03, -1.5450e-02],
          [ 2.1383e-02, -1.5205e-02, -1.6771e-02]]],


        [[[-1.1730e-02, -1.9626e-02,  2.8549e-04],
          [-1.0350e-02, -1.7573e-02,  5.9438e-03],
          [ 2.5557e-02,  3.4341e-04, -1.2483e-02]],

         [[ 1.2920e-02,  1.8696e-02,  9.1877e-03],
          [ 9.4238e-03,  1.0375e-03, -6.9933e-03],
          [ 1.2514e-03,  2.9380e-03, -6.7142e-03]],

         [[-1.5986e-02, -2.6182e-02, -1.5435e-02],
          [-1.6172e-02, -3.9225e-03,  1.8063e-03],
          [-4.3305e-03,  4.0323e-03,  1.0788e-02]],

         ...,

         [[ 2.8919e-02,  2.1407e-02,  2.0225e-02],
          [-1.2225e-02,  9.1623e-03, -1.8289e-02],
          [-1.1325e-02, -1.9266e-02,  9.5263e-03]],

         [[ 1.9234e-02,  2.3234e-02, -9.7855e-03],
          [-1.6293e-02,  2.6294e-03, -2.0375e-02],
          [ 2.9849e-03, -1.3454e-02, -2.5670e-02]],

         [[-4.9168e-03,  2.8650e-02, -2.3461e-02],
          [-1.5941e-02,  2.9060e-02,  1.3446e-02],
          [-1.5287e-02,  1.1759e-02,  1.8869e-02]]]], device='cuda:0') 
 Parameter containing:
tensor([[[[ 3.6098e-03, -4.8932e-03,  2.7641e-02],
          [-1.8376e-02,  1.7082e-02, -1.3292e-02],
          [-6.9943e-03,  2.1151e-02, -2.1060e-02]],

         [[-6.1993e-03, -2.9047e-02,  2.4888e-02],
          [ 2.8415e-02, -2.7980e-02, -1.8123e-02],
          [ 1.4915e-02, -1.7329e-02, -2.1991e-02]],

         [[-1.2191e-02, -1.4702e-02, -1.3942e-02],
          [-8.5881e-03, -2.0534e-03, -1.1144e-02],
          [-2.5927e-02, -2.5301e-02, -4.0810e-03]],

         ...,

         [[-3.4425e-03, -2.4318e-02,  1.3138e-02],
          [-6.2316e-04, -2.1713e-02, -2.8201e-02],
          [-6.2561e-03,  2.6410e-02,  4.2981e-03]],

         [[ 1.0501e-03, -9.5884e-03,  7.2813e-04],
          [-8.6107e-03, -1.5789e-02,  2.8986e-02],
          [ 1.4416e-02,  1.2878e-02, -2.6597e-02]],

         [[ 7.8917e-03, -1.4989e-02, -2.9423e-02],
          [ 1.5502e-02,  1.5550e-02,  2.2062e-02],
          [-1.3817e-02,  2.8348e-02, -5.6961e-03]]],


        [[[ 4.5058e-03,  1.6528e-02,  8.8756e-03],
          [ 1.1221e-02, -1.3204e-02, -1.4392e-02],
          [-2.6981e-02,  2.2348e-02,  1.1176e-02]],

         [[-1.4291e-02,  6.3783e-03, -8.1701e-03],
          [ 4.7919e-03,  1.3879e-02,  2.7400e-02],
          [ 1.0941e-02, -8.9507e-03,  2.5168e-02]],

         [[ 1.1167e-02,  1.9909e-02, -2.0543e-02],
          [-1.8542e-02, -4.7640e-03, -1.7684e-02],
          [ 2.3066e-02, -1.0023e-02,  2.3583e-02]],

         ...,

         [[-2.7309e-02,  2.3161e-02, -8.4026e-04],
          [-1.6766e-02, -1.0171e-02,  1.6015e-02],
          [-6.0587e-03, -1.4152e-02, -3.9105e-03]],

         [[ 2.9065e-02, -2.6883e-02, -4.8485e-03],
          [ 1.6365e-02, -1.7333e-02, -2.7819e-02],
          [ 2.7543e-02, -2.2043e-02, -7.1659e-03]],

         [[ 1.1936e-02,  2.4189e-03, -2.6333e-02],
          [-6.8939e-03, -5.6026e-03, -2.5004e-02],
          [-7.4850e-03,  2.7359e-02,  3.1882e-03]]],


        [[[ 5.3710e-04, -7.1607e-04,  2.7930e-02],
          [ 2.2137e-02, -6.6012e-03,  5.8504e-03],
          [-3.9262e-03, -2.1028e-02,  2.8201e-02]],

         [[ 2.9332e-02,  1.7996e-02,  9.5256e-03],
          [-1.4842e-02,  2.6436e-02, -6.9846e-04],
          [-1.6296e-02,  2.0095e-02, -9.6927e-03]],

         [[-1.2241e-02,  1.2633e-03,  1.8391e-02],
          [ 2.5329e-02,  1.0156e-02,  2.0576e-02],
          [-1.8566e-02, -8.5420e-03,  1.3869e-03]],

         ...,

         [[-1.9797e-03,  2.0792e-02,  2.3482e-02],
          [-4.5150e-05,  1.3779e-02,  2.3575e-02],
          [-9.3970e-03, -2.3022e-02, -1.6823e-02]],

         [[ 1.7962e-02, -2.4053e-02, -2.8707e-02],
          [ 1.7393e-02,  2.5524e-02, -5.7810e-03],
          [-1.7081e-02,  1.2957e-02, -7.2357e-03]],

         [[ 7.8147e-03, -9.8869e-03, -9.3371e-03],
          [ 2.6974e-02,  4.3733e-03, -1.1951e-02],
          [-1.6740e-02,  2.2629e-02, -1.7774e-02]]],


        ...,


        [[[ 2.2758e-02,  1.9484e-02,  1.2399e-02],
          [ 2.8817e-02,  2.0559e-02,  2.2142e-02],
          [ 2.1270e-02,  1.6527e-02, -2.5853e-02]],

         [[-2.6122e-02,  2.6811e-02,  2.6105e-02],
          [-1.2971e-02, -8.3980e-03,  1.9583e-02],
          [ 2.8416e-02,  1.6669e-02, -1.6214e-02]],

         [[-1.0705e-02, -5.5442e-03, -2.9302e-02],
          [ 8.4218e-03,  1.8824e-02, -1.9348e-02],
          [ 9.8312e-03, -2.9505e-03, -2.0765e-02]],

         ...,

         [[ 1.8510e-03, -3.4977e-03, -1.6723e-02],
          [ 1.0621e-02, -1.1894e-03, -1.2960e-02],
          [-4.6027e-03, -1.0187e-02,  2.7276e-02]],

         [[ 2.6621e-02, -1.2029e-03, -7.1487e-03],
          [ 8.3264e-03, -3.0725e-03,  1.3585e-02],
          [-1.5434e-03, -1.3196e-02, -6.7505e-03]],

         [[ 6.7338e-03,  1.2535e-02,  2.3229e-02],
          [ 5.9808e-03, -2.9032e-03,  1.9581e-02],
          [-2.5503e-02, -2.1719e-02,  1.4643e-02]]],


        [[[-1.4530e-02,  2.6023e-02, -2.3512e-02],
          [ 1.4568e-02, -2.3533e-02, -2.4327e-02],
          [ 1.6803e-02,  2.7796e-03, -2.2405e-02]],

         [[-1.1422e-02,  2.7381e-02,  5.3440e-03],
          [ 2.1815e-02, -1.5091e-02,  2.7032e-02],
          [ 2.5462e-02, -2.2762e-02,  2.4685e-02]],

         [[ 1.4901e-02,  2.3082e-02, -1.6404e-02],
          [-7.6964e-03,  1.6707e-02,  8.3549e-03],
          [-1.1336e-02,  3.1347e-03, -9.4571e-03]],

         ...,

         [[-2.8638e-02, -2.1585e-02, -2.1727e-02],
          [-2.7128e-02, -5.8609e-03, -3.9683e-03],
          [-1.1718e-02, -5.4211e-03, -9.5811e-04]],

         [[ 2.1062e-02,  9.2609e-03,  2.8991e-02],
          [ 2.4433e-02,  1.5704e-02, -1.2761e-02],
          [ 2.3668e-02,  1.4495e-02, -1.2405e-02]],

         [[ 2.6270e-02, -1.3660e-02, -2.2930e-02],
          [ 1.5833e-02, -8.9358e-03, -1.5450e-02],
          [ 2.1383e-02, -1.5205e-02, -1.6771e-02]]],


        [[[-1.1730e-02, -1.9626e-02,  2.8549e-04],
          [-1.0350e-02, -1.7573e-02,  5.9438e-03],
          [ 2.5557e-02,  3.4341e-04, -1.2483e-02]],

         [[ 1.2920e-02,  1.8696e-02,  9.1877e-03],
          [ 9.4238e-03,  1.0375e-03, -6.9933e-03],
          [ 1.2514e-03,  2.9380e-03, -6.7142e-03]],

         [[-1.5986e-02, -2.6182e-02, -1.5435e-02],
          [-1.6172e-02, -3.9225e-03,  1.8063e-03],
          [-4.3305e-03,  4.0323e-03,  1.0788e-02]],

         ...,

         [[ 2.8919e-02,  2.1407e-02,  2.0225e-02],
          [-1.2225e-02,  9.1623e-03, -1.8289e-02],
          [-1.1325e-02, -1.9266e-02,  9.5263e-03]],

         [[ 1.9234e-02,  2.3234e-02, -9.7855e-03],
          [-1.6293e-02,  2.6294e-03, -2.0375e-02],
          [ 2.9849e-03, -1.3454e-02, -2.5670e-02]],

         [[-4.9168e-03,  2.8650e-02, -2.3461e-02],
          [-1.5941e-02,  2.9060e-02,  1.3446e-02],
          [-1.5287e-02,  1.1759e-02,  1.8869e-02]]]], device='cuda:0',
       requires_grad=True)
parameters of the network conv3.bias 
 torch.Size([64]) 
 True 
 tensor([-0.0165, -0.0259, -0.0027, -0.0099, -0.0292,  0.0085, -0.0149,  0.0208,
        -0.0099, -0.0265, -0.0289,  0.0045,  0.0021, -0.0163,  0.0011,  0.0007,
         0.0016,  0.0160, -0.0146, -0.0013, -0.0051,  0.0215,  0.0051, -0.0141,
        -0.0278,  0.0124, -0.0007,  0.0056,  0.0228,  0.0020,  0.0171,  0.0220,
        -0.0209, -0.0219, -0.0100,  0.0107, -0.0252,  0.0003, -0.0184, -0.0285,
        -0.0118, -0.0019, -0.0210, -0.0236,  0.0034, -0.0032,  0.0229, -0.0049,
         0.0042,  0.0141, -0.0275, -0.0038, -0.0054, -0.0123, -0.0265,  0.0249,
         0.0180,  0.0195, -0.0200,  0.0166,  0.0235,  0.0037, -0.0179,  0.0240],
       device='cuda:0') 
 Parameter containing:
tensor([-0.0165, -0.0259, -0.0027, -0.0099, -0.0292,  0.0085, -0.0149,  0.0208,
        -0.0099, -0.0265, -0.0289,  0.0045,  0.0021, -0.0163,  0.0011,  0.0007,
         0.0016,  0.0160, -0.0146, -0.0013, -0.0051,  0.0215,  0.0051, -0.0141,
        -0.0278,  0.0124, -0.0007,  0.0056,  0.0228,  0.0020,  0.0171,  0.0220,
        -0.0209, -0.0219, -0.0100,  0.0107, -0.0252,  0.0003, -0.0184, -0.0285,
        -0.0118, -0.0019, -0.0210, -0.0236,  0.0034, -0.0032,  0.0229, -0.0049,
         0.0042,  0.0141, -0.0275, -0.0038, -0.0054, -0.0123, -0.0265,  0.0249,
         0.0180,  0.0195, -0.0200,  0.0166,  0.0235,  0.0037, -0.0179,  0.0240],
       device='cuda:0', requires_grad=True)
parameters of the network fc1.weight 
 torch.Size([256, 667776]) 
 True 
 tensor([[ 7.6103e-05,  7.2599e-05,  5.4129e-04,  ..., -5.4600e-04,
         -1.1356e-03,  1.0755e-03],
        [-1.9459e-04,  1.0073e-03,  4.8013e-04,  ...,  3.8780e-04,
         -4.3148e-04, -9.9721e-04],
        [ 7.4306e-04, -5.3217e-04,  7.6389e-04,  ..., -7.3355e-04,
          5.0522e-04,  3.3373e-04],
        ...,
        [-6.6894e-04,  5.6784e-04, -4.5243e-05,  ...,  7.8557e-04,
          9.2179e-04, -4.4726e-04],
        [-6.7869e-04, -9.1450e-04, -4.5360e-05,  ..., -3.6697e-04,
         -8.3009e-05, -1.1526e-04],
        [ 9.5316e-04,  7.9790e-04, -7.9564e-04,  ...,  1.0834e-03,
          8.3044e-04, -9.0728e-04]], device='cuda:0') 
 Parameter containing:
tensor([[ 7.6103e-05,  7.2599e-05,  5.4129e-04,  ..., -5.4600e-04,
         -1.1356e-03,  1.0755e-03],
        [-1.9459e-04,  1.0073e-03,  4.8013e-04,  ...,  3.8780e-04,
         -4.3148e-04, -9.9721e-04],
        [ 7.4306e-04, -5.3217e-04,  7.6389e-04,  ..., -7.3355e-04,
          5.0522e-04,  3.3373e-04],
        ...,
        [-6.6894e-04,  5.6784e-04, -4.5243e-05,  ...,  7.8557e-04,
          9.2179e-04, -4.4726e-04],
        [-6.7869e-04, -9.1450e-04, -4.5360e-05,  ..., -3.6697e-04,
         -8.3009e-05, -1.1526e-04],
        [ 9.5316e-04,  7.9790e-04, -7.9564e-04,  ...,  1.0834e-03,
          8.3044e-04, -9.0728e-04]], device='cuda:0', requires_grad=True)
parameters of the network fc1.bias 
 torch.Size([256]) 
 True 
 tensor([-7.4003e-04,  6.7990e-04, -8.1695e-05, -5.6488e-04, -9.3108e-04,
        -7.6192e-04,  2.1441e-05, -1.0452e-03, -1.1423e-03, -3.8069e-04,
        -1.0639e-03, -8.5068e-04,  1.1610e-03,  1.9381e-04,  1.0745e-03,
         2.8088e-04, -9.7845e-04, -2.8577e-04, -3.9262e-04,  4.6315e-04,
         3.8213e-04, -1.6654e-04, -1.0770e-03, -4.3846e-04, -1.2089e-03,
         9.0024e-04,  2.4760e-04, -2.8318e-04, -8.4403e-04,  2.1633e-04,
        -6.3926e-04,  4.4015e-04, -1.5739e-04, -1.2130e-03,  1.0904e-03,
         1.1010e-04,  1.0023e-03, -6.2273e-04, -8.5274e-04, -2.7175e-04,
         8.4651e-04, -1.3481e-04,  7.8991e-04, -6.3280e-04, -4.2450e-04,
        -6.7008e-04,  5.2922e-04,  4.2274e-04,  1.0644e-03,  6.1041e-04,
         8.1936e-04,  4.6934e-04,  6.2165e-04, -8.2141e-04,  9.1358e-04,
        -2.6771e-04,  1.0459e-03,  8.4041e-04, -5.3648e-04, -1.9684e-04,
         4.8241e-05,  4.7789e-04, -1.0063e-03,  6.9980e-04,  3.1792e-04,
         8.4741e-04, -8.3311e-04,  3.5379e-04,  1.4269e-04,  4.7142e-04,
        -6.6083e-04,  8.9326e-04,  6.7574e-04,  1.8667e-04, -6.7283e-04,
         5.2905e-04, -6.2644e-05, -2.4803e-04,  2.2582e-04,  6.4571e-04,
        -9.8509e-04, -3.4540e-04, -2.6896e-04, -9.5942e-04, -5.5073e-04,
        -3.4731e-04, -3.6465e-04, -1.0673e-03,  4.3280e-04, -9.9627e-04,
        -9.0927e-05,  6.7303e-04,  4.9115e-04, -1.2084e-04, -1.0459e-03,
         1.3076e-05, -8.6968e-04, -3.2230e-04, -5.1155e-05, -4.7864e-04,
        -8.0465e-04, -3.8339e-04, -4.7074e-04, -8.2113e-05,  5.9594e-04,
         3.5719e-04, -6.8052e-04, -1.1593e-04,  1.1132e-03, -8.9303e-04,
         6.5306e-04, -7.0474e-04,  8.3377e-04,  8.8500e-04, -4.0935e-04,
         2.4737e-04, -7.7992e-04, -1.0503e-03,  3.5420e-06,  2.6362e-04,
        -2.6229e-04,  5.3767e-04, -4.1212e-04,  1.0071e-03, -9.3087e-04,
         1.1475e-03,  7.9994e-05, -7.7055e-04, -1.2706e-04,  3.7598e-04,
        -7.5754e-04,  1.0903e-03,  1.1601e-03,  4.3725e-04,  2.4611e-04,
         4.3245e-04,  1.6939e-04, -4.6297e-04,  6.7501e-04, -1.3520e-04,
        -5.2076e-04,  1.2205e-03,  7.0181e-04,  8.3459e-04,  6.7143e-04,
        -3.8404e-04, -1.0965e-03,  1.0697e-03, -9.2486e-04,  6.2737e-04,
         4.1029e-04, -8.5522e-05, -8.3361e-04,  2.4161e-04,  7.8582e-04,
        -1.0164e-03,  6.7463e-04,  7.0647e-04, -8.4723e-05,  3.8113e-04,
         7.3267e-04, -5.7498e-04, -1.0511e-03,  1.1094e-04, -1.1238e-03,
         2.8491e-04, -8.1625e-04,  4.6608e-04, -3.2219e-04,  3.8849e-04,
        -1.9342e-04, -8.9672e-04, -6.2285e-05, -6.9337e-04, -1.3863e-04,
         8.2994e-04,  2.7647e-04, -6.8288e-04,  9.2899e-04,  8.7288e-04,
         6.2664e-04, -3.5222e-04,  1.9390e-04, -2.4227e-04, -3.2025e-04,
         1.7286e-04, -1.0315e-03, -7.3477e-04, -7.5132e-05,  8.6010e-04,
         4.7408e-04, -4.0838e-04, -5.2748e-04,  7.7235e-04, -1.1249e-03,
         3.7526e-04,  2.0164e-04, -5.5499e-04, -1.0590e-03,  3.3429e-04,
         5.8525e-04,  4.6085e-04,  6.2414e-04, -8.0023e-04, -2.7865e-04,
        -4.1172e-04, -4.1994e-04, -3.8035e-05, -1.0432e-03,  5.2256e-04,
         6.2655e-04,  3.2290e-05,  3.1565e-04,  8.1146e-04,  1.0273e-03,
         8.1170e-04,  7.9733e-04, -5.4431e-04, -9.5707e-05,  1.1521e-03,
        -2.9096e-04, -9.7123e-04,  1.9886e-05, -8.8013e-04, -1.4799e-04,
        -1.0947e-03, -6.6193e-04, -7.7617e-04,  1.0498e-03,  5.8416e-04,
         3.4433e-04, -3.5272e-04, -7.7285e-04,  7.8405e-04,  3.4333e-04,
         8.7780e-04,  2.4167e-04, -8.1880e-04,  8.5416e-04, -1.0287e-03,
         1.8629e-05,  8.6855e-05, -7.7986e-04,  4.2369e-04, -3.6663e-04,
        -4.5842e-04, -9.5606e-05, -1.1301e-03, -1.4523e-04, -1.3580e-04,
         7.2571e-04,  1.0355e-03, -3.0651e-04,  3.4897e-04,  1.6500e-04,
         5.6406e-04], device='cuda:0') 
 Parameter containing:
tensor([-7.4003e-04,  6.7990e-04, -8.1695e-05, -5.6488e-04, -9.3108e-04,
        -7.6192e-04,  2.1441e-05, -1.0452e-03, -1.1423e-03, -3.8069e-04,
        -1.0639e-03, -8.5068e-04,  1.1610e-03,  1.9381e-04,  1.0745e-03,
         2.8088e-04, -9.7845e-04, -2.8577e-04, -3.9262e-04,  4.6315e-04,
         3.8213e-04, -1.6654e-04, -1.0770e-03, -4.3846e-04, -1.2089e-03,
         9.0024e-04,  2.4760e-04, -2.8318e-04, -8.4403e-04,  2.1633e-04,
        -6.3926e-04,  4.4015e-04, -1.5739e-04, -1.2130e-03,  1.0904e-03,
         1.1010e-04,  1.0023e-03, -6.2273e-04, -8.5274e-04, -2.7175e-04,
         8.4651e-04, -1.3481e-04,  7.8991e-04, -6.3280e-04, -4.2450e-04,
        -6.7008e-04,  5.2922e-04,  4.2274e-04,  1.0644e-03,  6.1041e-04,
         8.1936e-04,  4.6934e-04,  6.2165e-04, -8.2141e-04,  9.1358e-04,
        -2.6771e-04,  1.0459e-03,  8.4041e-04, -5.3648e-04, -1.9684e-04,
         4.8241e-05,  4.7789e-04, -1.0063e-03,  6.9980e-04,  3.1792e-04,
         8.4741e-04, -8.3311e-04,  3.5379e-04,  1.4269e-04,  4.7142e-04,
        -6.6083e-04,  8.9326e-04,  6.7574e-04,  1.8667e-04, -6.7283e-04,
         5.2905e-04, -6.2644e-05, -2.4803e-04,  2.2582e-04,  6.4571e-04,
        -9.8509e-04, -3.4540e-04, -2.6896e-04, -9.5942e-04, -5.5073e-04,
        -3.4731e-04, -3.6465e-04, -1.0673e-03,  4.3280e-04, -9.9627e-04,
        -9.0927e-05,  6.7303e-04,  4.9115e-04, -1.2084e-04, -1.0459e-03,
         1.3076e-05, -8.6968e-04, -3.2230e-04, -5.1155e-05, -4.7864e-04,
        -8.0465e-04, -3.8339e-04, -4.7074e-04, -8.2113e-05,  5.9594e-04,
         3.5719e-04, -6.8052e-04, -1.1593e-04,  1.1132e-03, -8.9303e-04,
         6.5306e-04, -7.0474e-04,  8.3377e-04,  8.8500e-04, -4.0935e-04,
         2.4737e-04, -7.7992e-04, -1.0503e-03,  3.5420e-06,  2.6362e-04,
        -2.6229e-04,  5.3767e-04, -4.1212e-04,  1.0071e-03, -9.3087e-04,
         1.1475e-03,  7.9994e-05, -7.7055e-04, -1.2706e-04,  3.7598e-04,
        -7.5754e-04,  1.0903e-03,  1.1601e-03,  4.3725e-04,  2.4611e-04,
         4.3245e-04,  1.6939e-04, -4.6297e-04,  6.7501e-04, -1.3520e-04,
        -5.2076e-04,  1.2205e-03,  7.0181e-04,  8.3459e-04,  6.7143e-04,
        -3.8404e-04, -1.0965e-03,  1.0697e-03, -9.2486e-04,  6.2737e-04,
         4.1029e-04, -8.5522e-05, -8.3361e-04,  2.4161e-04,  7.8582e-04,
        -1.0164e-03,  6.7463e-04,  7.0647e-04, -8.4723e-05,  3.8113e-04,
         7.3267e-04, -5.7498e-04, -1.0511e-03,  1.1094e-04, -1.1238e-03,
         2.8491e-04, -8.1625e-04,  4.6608e-04, -3.2219e-04,  3.8849e-04,
        -1.9342e-04, -8.9672e-04, -6.2285e-05, -6.9337e-04, -1.3863e-04,
         8.2994e-04,  2.7647e-04, -6.8288e-04,  9.2899e-04,  8.7288e-04,
         6.2664e-04, -3.5222e-04,  1.9390e-04, -2.4227e-04, -3.2025e-04,
         1.7286e-04, -1.0315e-03, -7.3477e-04, -7.5132e-05,  8.6010e-04,
         4.7408e-04, -4.0838e-04, -5.2748e-04,  7.7235e-04, -1.1249e-03,
         3.7526e-04,  2.0164e-04, -5.5499e-04, -1.0590e-03,  3.3429e-04,
         5.8525e-04,  4.6085e-04,  6.2414e-04, -8.0023e-04, -2.7865e-04,
        -4.1172e-04, -4.1994e-04, -3.8035e-05, -1.0432e-03,  5.2256e-04,
         6.2655e-04,  3.2290e-05,  3.1565e-04,  8.1146e-04,  1.0273e-03,
         8.1170e-04,  7.9733e-04, -5.4431e-04, -9.5707e-05,  1.1521e-03,
        -2.9096e-04, -9.7123e-04,  1.9886e-05, -8.8013e-04, -1.4799e-04,
        -1.0947e-03, -6.6193e-04, -7.7617e-04,  1.0498e-03,  5.8416e-04,
         3.4433e-04, -3.5272e-04, -7.7285e-04,  7.8405e-04,  3.4333e-04,
         8.7780e-04,  2.4167e-04, -8.1880e-04,  8.5416e-04, -1.0287e-03,
         1.8629e-05,  8.6855e-05, -7.7986e-04,  4.2369e-04, -3.6663e-04,
        -4.5842e-04, -9.5606e-05, -1.1301e-03, -1.4523e-04, -1.3580e-04,
         7.2571e-04,  1.0355e-03, -3.0651e-04,  3.4897e-04,  1.6500e-04,
         5.6406e-04], device='cuda:0', requires_grad=True)
parameters of the network fc2.weight 
 torch.Size([128, 256]) 
 True 
 tensor([[ 0.0135, -0.0475,  0.0103,  ...,  0.0566, -0.0198,  0.0148],
        [-0.0110, -0.0355, -0.0032,  ..., -0.0294,  0.0113, -0.0478],
        [ 0.0507, -0.0075, -0.0024,  ...,  0.0587, -0.0007, -0.0020],
        ...,
        [-0.0587, -0.0447,  0.0171,  ..., -0.0390, -0.0046, -0.0504],
        [-0.0466,  0.0226, -0.0066,  ..., -0.0203, -0.0048, -0.0536],
        [ 0.0357,  0.0457, -0.0132,  ...,  0.0128, -0.0521, -0.0483]],
       device='cuda:0') 
 Parameter containing:
tensor([[ 0.0135, -0.0475,  0.0103,  ...,  0.0566, -0.0198,  0.0148],
        [-0.0110, -0.0355, -0.0032,  ..., -0.0294,  0.0113, -0.0478],
        [ 0.0507, -0.0075, -0.0024,  ...,  0.0587, -0.0007, -0.0020],
        ...,
        [-0.0587, -0.0447,  0.0171,  ..., -0.0390, -0.0046, -0.0504],
        [-0.0466,  0.0226, -0.0066,  ..., -0.0203, -0.0048, -0.0536],
        [ 0.0357,  0.0457, -0.0132,  ...,  0.0128, -0.0521, -0.0483]],
       device='cuda:0', requires_grad=True)
parameters of the network fc2.bias 
 torch.Size([128]) 
 True 
 tensor([-0.0508, -0.0035,  0.0600,  0.0329, -0.0068, -0.0184,  0.0340,  0.0611,
         0.0111,  0.0198,  0.0058,  0.0532,  0.0594, -0.0013, -0.0114, -0.0476,
        -0.0543, -0.0004, -0.0101,  0.0620,  0.0516, -0.0023, -0.0446,  0.0461,
         0.0155,  0.0177,  0.0232,  0.0312, -0.0431, -0.0583,  0.0256, -0.0060,
        -0.0460,  0.0302, -0.0174,  0.0079,  0.0149,  0.0245, -0.0184,  0.0146,
        -0.0125,  0.0475, -0.0555,  0.0576,  0.0074, -0.0324, -0.0477, -0.0142,
        -0.0056, -0.0293,  0.0498, -0.0044, -0.0170,  0.0315, -0.0334,  0.0236,
        -0.0486,  0.0176, -0.0507,  0.0617,  0.0242,  0.0239, -0.0011, -0.0141,
         0.0101,  0.0526,  0.0397, -0.0304,  0.0081, -0.0355, -0.0537, -0.0145,
         0.0299, -0.0046, -0.0573,  0.0318,  0.0450, -0.0351, -0.0510,  0.0398,
        -0.0103, -0.0142,  0.0548, -0.0183, -0.0352,  0.0558,  0.0298, -0.0086,
        -0.0492,  0.0174,  0.0422,  0.0218, -0.0299, -0.0488, -0.0309, -0.0509,
        -0.0332,  0.0238, -0.0600, -0.0106,  0.0403,  0.0293,  0.0137, -0.0249,
        -0.0220,  0.0024,  0.0459, -0.0242, -0.0538,  0.0328, -0.0217, -0.0030,
        -0.0255, -0.0145, -0.0033, -0.0415,  0.0208,  0.0361, -0.0280, -0.0293,
        -0.0099,  0.0366,  0.0142,  0.0604,  0.0137, -0.0396,  0.0460,  0.0551],
       device='cuda:0') 
 Parameter containing:
tensor([-0.0508, -0.0035,  0.0600,  0.0329, -0.0068, -0.0184,  0.0340,  0.0611,
         0.0111,  0.0198,  0.0058,  0.0532,  0.0594, -0.0013, -0.0114, -0.0476,
        -0.0543, -0.0004, -0.0101,  0.0620,  0.0516, -0.0023, -0.0446,  0.0461,
         0.0155,  0.0177,  0.0232,  0.0312, -0.0431, -0.0583,  0.0256, -0.0060,
        -0.0460,  0.0302, -0.0174,  0.0079,  0.0149,  0.0245, -0.0184,  0.0146,
        -0.0125,  0.0475, -0.0555,  0.0576,  0.0074, -0.0324, -0.0477, -0.0142,
        -0.0056, -0.0293,  0.0498, -0.0044, -0.0170,  0.0315, -0.0334,  0.0236,
        -0.0486,  0.0176, -0.0507,  0.0617,  0.0242,  0.0239, -0.0011, -0.0141,
         0.0101,  0.0526,  0.0397, -0.0304,  0.0081, -0.0355, -0.0537, -0.0145,
         0.0299, -0.0046, -0.0573,  0.0318,  0.0450, -0.0351, -0.0510,  0.0398,
        -0.0103, -0.0142,  0.0548, -0.0183, -0.0352,  0.0558,  0.0298, -0.0086,
        -0.0492,  0.0174,  0.0422,  0.0218, -0.0299, -0.0488, -0.0309, -0.0509,
        -0.0332,  0.0238, -0.0600, -0.0106,  0.0403,  0.0293,  0.0137, -0.0249,
        -0.0220,  0.0024,  0.0459, -0.0242, -0.0538,  0.0328, -0.0217, -0.0030,
        -0.0255, -0.0145, -0.0033, -0.0415,  0.0208,  0.0361, -0.0280, -0.0293,
        -0.0099,  0.0366,  0.0142,  0.0604,  0.0137, -0.0396,  0.0460,  0.0551],
       device='cuda:0', requires_grad=True)
parameters of the network fc3.weight 
 torch.Size([64, 128]) 
 True 
 tensor([[-0.0204,  0.0089,  0.0353,  ...,  0.0871, -0.0751, -0.0705],
        [-0.0202, -0.0213, -0.0087,  ..., -0.0599, -0.0578,  0.0131],
        [-0.0881,  0.0795,  0.0227,  ..., -0.0121,  0.0811,  0.0223],
        ...,
        [-0.0183,  0.0021, -0.0534,  ..., -0.0570, -0.0364,  0.0775],
        [ 0.0818, -0.0831, -0.0728,  ...,  0.0756,  0.0367, -0.0879],
        [-0.0669, -0.0028, -0.0225,  ...,  0.0800,  0.0183,  0.0881]],
       device='cuda:0') 
 Parameter containing:
tensor([[-0.0204,  0.0089,  0.0353,  ...,  0.0871, -0.0751, -0.0705],
        [-0.0202, -0.0213, -0.0087,  ..., -0.0599, -0.0578,  0.0131],
        [-0.0881,  0.0795,  0.0227,  ..., -0.0121,  0.0811,  0.0223],
        ...,
        [-0.0183,  0.0021, -0.0534,  ..., -0.0570, -0.0364,  0.0775],
        [ 0.0818, -0.0831, -0.0728,  ...,  0.0756,  0.0367, -0.0879],
        [-0.0669, -0.0028, -0.0225,  ...,  0.0800,  0.0183,  0.0881]],
       device='cuda:0', requires_grad=True)
parameters of the network fc3.bias 
 torch.Size([64]) 
 True 
 tensor([ 0.0543,  0.0180,  0.0817,  0.0124, -0.0047, -0.0300, -0.0259,  0.0178,
         0.0429,  0.0518, -0.0138,  0.0656, -0.0429, -0.0788,  0.0033,  0.0040,
        -0.0453,  0.0334,  0.0335,  0.0244,  0.0192,  0.0183,  0.0306,  0.0495,
        -0.0626, -0.0742, -0.0292, -0.0486, -0.0030,  0.0655, -0.0662,  0.0045,
        -0.0473, -0.0321, -0.0246, -0.0464,  0.0018,  0.0175, -0.0618, -0.0775,
        -0.0454,  0.0717,  0.0474, -0.0352,  0.0084, -0.0852,  0.0666,  0.0561,
         0.0401,  0.0595, -0.0866,  0.0531, -0.0859, -0.0181, -0.0362, -0.0090,
        -0.0149,  0.0340,  0.0420, -0.0512, -0.0847,  0.0479,  0.0176,  0.0762],
       device='cuda:0') 
 Parameter containing:
tensor([ 0.0543,  0.0180,  0.0817,  0.0124, -0.0047, -0.0300, -0.0259,  0.0178,
         0.0429,  0.0518, -0.0138,  0.0656, -0.0429, -0.0788,  0.0033,  0.0040,
        -0.0453,  0.0334,  0.0335,  0.0244,  0.0192,  0.0183,  0.0306,  0.0495,
        -0.0626, -0.0742, -0.0292, -0.0486, -0.0030,  0.0655, -0.0662,  0.0045,
        -0.0473, -0.0321, -0.0246, -0.0464,  0.0018,  0.0175, -0.0618, -0.0775,
        -0.0454,  0.0717,  0.0474, -0.0352,  0.0084, -0.0852,  0.0666,  0.0561,
         0.0401,  0.0595, -0.0866,  0.0531, -0.0859, -0.0181, -0.0362, -0.0090,
        -0.0149,  0.0340,  0.0420, -0.0512, -0.0847,  0.0479,  0.0176,  0.0762],
       device='cuda:0', requires_grad=True)
parameters of the network fc4.weight 
 torch.Size([6796, 64]) 
 True 
 tensor([[-0.1029, -0.0354,  0.0930,  ...,  0.0138, -0.0271,  0.0104],
        [ 0.0410, -0.0627,  0.0876,  ..., -0.0471, -0.0749,  0.0975],
        [-0.0216,  0.0776, -0.0789,  ..., -0.1125,  0.0844, -0.0170],
        ...,
        [ 0.1096,  0.0576, -0.0349,  ..., -0.0936, -0.0640,  0.0761],
        [ 0.0912, -0.1248,  0.0526,  ...,  0.0569,  0.1000,  0.0435],
        [-0.0894,  0.1078, -0.0912,  ..., -0.0434, -0.0559,  0.0627]],
       device='cuda:0') 
 Parameter containing:
tensor([[-0.1029, -0.0354,  0.0930,  ...,  0.0138, -0.0271,  0.0104],
        [ 0.0410, -0.0627,  0.0876,  ..., -0.0471, -0.0749,  0.0975],
        [-0.0216,  0.0776, -0.0789,  ..., -0.1125,  0.0844, -0.0170],
        ...,
        [ 0.1096,  0.0576, -0.0349,  ..., -0.0936, -0.0640,  0.0761],
        [ 0.0912, -0.1248,  0.0526,  ...,  0.0569,  0.1000,  0.0435],
        [-0.0894,  0.1078, -0.0912,  ..., -0.0434, -0.0559,  0.0627]],
       device='cuda:0', requires_grad=True)
parameters of the network fc4.bias 
 torch.Size([6796]) 
 True 
 tensor([-0.1068, -0.0427,  0.0512,  ..., -0.1210, -0.0767, -0.0101],
       device='cuda:0') 
 Parameter containing:
tensor([-0.1068, -0.0427,  0.0512,  ..., -0.1210, -0.0767, -0.0101],
       device='cuda:0', requires_grad=True)

Passing event 1007 from the network before training input tensor([[0., 0., 0.,  ..., 0., 0., 0.],
        [0., 0., 0.,  ..., 0., 0., 0.],
        [0., 0., 0.,  ..., 0., 0., 0.],
        ...,
        [0., 0., 0.,  ..., 0., 0., 0.],
        [0., 0., 0.,  ..., 0., 0., 0.],
        [0., 0., 0.,  ..., 0., 0., 0.]]) 
result1: tensor([[0.0000, 0.0000, 0.0182,  ..., 0.0000, 0.0000, 0.0000],
        [0.0000, 0.0000, 0.0179,  ..., 0.0000, 0.0000, 0.0000],
        [0.0000, 0.0000, 0.0182,  ..., 0.0000, 0.0000, 0.0000],
        ...,
        [0.0000, 0.0000, 0.0180,  ..., 0.0000, 0.0000, 0.0000],
        [0.0000, 0.0000, 0.0179,  ..., 0.0000, 0.0000, 0.0000],
        [0.0000, 0.0000, 0.0182,  ..., 0.0000, 0.0000, 0.0000]],
       device='cuda:0', grad_fn=<ReluBackward0>) 
result1.shape: torch.Size([20, 6796])

Passing two random events from the network before training 
result1: tensor([[0.0000, 0.0000, 0.0182,  ..., 0.0000, 0.0000, 0.0000],
        [0.0000, 0.0000, 0.0179,  ..., 0.0000, 0.0000, 0.0000],
        [0.0000, 0.0000, 0.0182,  ..., 0.0000, 0.0000, 0.0000],
        ...,
        [0.0000, 0.0000, 0.0180,  ..., 0.0000, 0.0000, 0.0000],
        [0.0000, 0.0000, 0.0179,  ..., 0.0000, 0.0000, 0.0000],
        [0.0000, 0.0000, 0.0182,  ..., 0.0000, 0.0000, 0.0000]],
       device='cuda:0', grad_fn=<ReluBackward0>) 
result1.shape: torch.Size([20, 6796]) 
input: [[0. 0. 0. ... 0. 0. 0.]
 [0. 0. 0. ... 0. 0. 0.]
 [0. 0. 0. ... 0. 0. 0.]
 ...
 [0. 0. 0. ... 0. 0. 0.]
 [0. 0. 0. ... 0. 0. 0.]
 [0. 0. 0. ... 0. 0. 0.]]
Traceback (most recent call last):
  File "/hpcfs/bes/mlgpu/hoseinkk/MLTracking/otherparticles/pppipi/pyt_pppipi_cnn_2/./Results.py", line 28, in <module>
    checkpoint_load(torch.load(F"{checkpoint_dir_path}/checkpoint_dir/{TraEvN}{EpochNum}{startmesh}saved_checkpoint.tar"))
  File "/hpcfs/bes/mlgpu/hoseinkk/Miniconda3/envs/dgl1/lib/python3.9/site-packages/torch/serialization.py", line 594, in load
    with _open_file_like(f, 'rb') as opened_file:
  File "/hpcfs/bes/mlgpu/hoseinkk/Miniconda3/envs/dgl1/lib/python3.9/site-packages/torch/serialization.py", line 230, in _open_file_like
    return _open_file(name_or_buffer, mode)
  File "/hpcfs/bes/mlgpu/hoseinkk/Miniconda3/envs/dgl1/lib/python3.9/site-packages/torch/serialization.py", line 211, in __init__
    super(_open_file, self).__init__(open(name, mode))
FileNotFoundError: [Errno 2] No such file or directory: '/hpcfs/bes/mlgpu/hoseinkk/MLTracking/otherparticles/pppipi/pyt_pppipi_cnn_2/checkpoint_dir/1999810305saved_checkpoint.tar'

real	6m49.512s
user	0m15.312s
sys	0m9.195s
