0: gpu021.ihep.ac.cn
GPU 0: Tesla V100-SXM2-32GB (UUID: GPU-ac352fa0-e553-4a4b-9138-f546b3cbd7bb)
Allocate GPU cards : 0

modinfo:
filename:       /lib/modules/3.10.0-1160.71.1.el7.x86_64/extra/nvidia.ko.xz
firmware:       nvidia/515.65.01/gsp.bin
alias:          char-major-195-*
version:        515.65.01
supported:      external
license:        NVIDIA
retpoline:      Y
rhelversion:    7.9
srcversion:     8049D44E2C1B08F41E1B8A6
alias:          pci:v000010DEd*sv*sd*bc06sc80i00*
alias:          pci:v000010DEd*sv*sd*bc03sc02i00*
alias:          pci:v000010DEd*sv*sd*bc03sc00i00*
depends:        drm
vermagic:       3.10.0-1160.71.1.el7.x86_64 SMP mod_unload modversions 
signer:         DKMS module signing key
sig_key:        C2:44:16:3E:F4:B2:32:61:B4:43:86:F6:64:80:CC:44:95:DA:BA:12
sig_hashalgo:   sha512
parm:           NvSwitchRegDwords:NvSwitch regkey (charp)
parm:           NvSwitchBlacklist:NvSwitchBlacklist=uuid[,uuid...] (charp)
parm:           NVreg_ResmanDebugLevel:int
parm:           NVreg_RmLogonRC:int
parm:           NVreg_ModifyDeviceFiles:int
parm:           NVreg_DeviceFileUID:int
parm:           NVreg_DeviceFileGID:int
parm:           NVreg_DeviceFileMode:int
parm:           NVreg_InitializeSystemMemoryAllocations:int
parm:           NVreg_UsePageAttributeTable:int
parm:           NVreg_EnablePCIeGen3:int
parm:           NVreg_EnableMSI:int
parm:           NVreg_TCEBypassMode:int
parm:           NVreg_EnableStreamMemOPs:int
parm:           NVreg_RestrictProfilingToAdminUsers:int
parm:           NVreg_PreserveVideoMemoryAllocations:int
parm:           NVreg_EnableS0ixPowerManagement:int
parm:           NVreg_S0ixPowerManagementVideoMemoryThreshold:int
parm:           NVreg_DynamicPowerManagement:int
parm:           NVreg_DynamicPowerManagementVideoMemoryThreshold:int
parm:           NVreg_EnableGpuFirmware:int
parm:           NVreg_EnableGpuFirmwareLogs:int
parm:           NVreg_OpenRmEnableUnsupportedGpus:int
parm:           NVreg_EnableUserNUMAManagement:int
parm:           NVreg_MemoryPoolSize:int
parm:           NVreg_KMallocHeapMaxSize:int
parm:           NVreg_VMallocHeapMaxSize:int
parm:           NVreg_IgnoreMMIOCheck:int
parm:           NVreg_NvLinkDisable:int
parm:           NVreg_EnablePCIERelaxedOrderingMode:int
parm:           NVreg_RegisterPCIDriver:int
parm:           NVreg_EnableDbgBreakpoint:int
parm:           NVreg_RegistryDwords:charp
parm:           NVreg_RegistryDwordsPerDevice:charp
parm:           NVreg_RmMsg:charp
parm:           NVreg_GpuBlacklist:charp
parm:           NVreg_TemporaryFilePath:charp
parm:           NVreg_ExcludedGpus:charp
parm:           NVreg_DmaRemapPeerMmio:int
parm:           rm_firmware_active:charp

nvidia-smi:
Thu Sep  1 03:10:27 2022       
+-----------------------------------------------------------------------------+
| NVIDIA-SMI 515.65.01    Driver Version: 515.65.01    CUDA Version: 11.7     |
|-------------------------------+----------------------+----------------------+
| GPU  Name        Persistence-M| Bus-Id        Disp.A | Volatile Uncorr. ECC |
| Fan  Temp  Perf  Pwr:Usage/Cap|         Memory-Usage | GPU-Util  Compute M. |
|                               |                      |               MIG M. |
|===============================+======================+======================|
|   0  Tesla V100-SXM2...  On   | 00000000:1D:00.0 Off |                    0 |
| N/A   35C    P0    43W / 300W |      0MiB / 32768MiB |      0%      Default |
|                               |                      |                  N/A |
+-------------------------------+----------------------+----------------------+
                                                                               
+-----------------------------------------------------------------------------+
| Processes:                                                                  |
|  GPU   GI   CI        PID   Type   Process name                  GPU Memory |
|        ID   ID                                                   Usage      |
|=============================================================================|
|  No running processes found                                                 |
+-----------------------------------------------------------------------------+

nvcc --version:
nvcc: NVIDIA (R) Cuda compiler driver
Copyright (c) 2005-2021 NVIDIA Corporation
Built on Sun_Mar_21_19:15:46_PDT_2021
Cuda compilation tools, release 11.3, V11.3.58
Build cuda_11.3.r11.3/compiler.29745058_0

 torch version: 1.10.2

 cuda version: 11.3

 is cuda available: True

 CUDNN VERSION: 8200

 Number CUDA Devices: 1

 CUDA Device Name: Tesla V100-SXM2-32GB

 CUDA Device Total Memory [GB]: 34.089926656

 Device capability: (7, 0) 

 Cuda deviice: <torch.cuda.device object at 0x2b2eca59d8e0> 

 Is cuda initialized: True

 CUDA_HOME: /hpcfs/bes/mlgpu/hoseinkk/Miniconda3/envs/dgl1

real	0m31.034s
user	0m3.656s
sys	0m2.205s
/hpcfs/bes/mlgpu/hoseinkk/Miniconda3/envs/dgl1/lib/python3.9/site-packages/cupy/_environment.py:438: UserWarning: 
--------------------------------------------------------------------------------

  CuPy may not function correctly because multiple CuPy packages are installed
  in your environment:

    cupy, cupy-cuda110

  Follow these steps to resolve this issue:

    1. For all packages listed above, run the following command to remove all
       existing CuPy installations:

         $ pip uninstall <package_name>

      If you previously installed CuPy via conda, also run the following:

         $ conda uninstall cupy

    2. Install the appropriate CuPy package.
       Refer to the Installation Guide for detailed instructions.

         https://docs.cupy.dev/en/stable/install.html

--------------------------------------------------------------------------------

  warnings.warn(f'''
Matplotlib created a temporary config/cache directory at /tmp/matplotlib-3ujlbfpq because the default path (/besfs5/users/hoseinkk/home/.config/matplotlib) is not a writable directory; it is highly recommended to set the MPLCONFIGDIR environment variable to a writable directory, in particular to speed up the import of Matplotlib and to better support multiprocessing.
/hpcfs/bes/mlgpu/hoseinkk/MLTracking/otherparticles/pppipi/pyt_pppipi_cnn_2/Model1.py:34: UserWarning: Implicit dimension choice for softmax has been deprecated. Change the call to include dim=X as an argument.
  x = F.softmax(self.fc4(x))




 Training ... 






 The Network ... 







 Loading data ... 



training set shape (20000, 43, 288) 
sum 5279207

target set shape (20000, 6796) 
sum 4575851
Net(
  (conv1): Conv2d(1, 256, kernel_size=(3, 3), stride=(1, 1))
  (conv2): Conv2d(256, 128, kernel_size=(3, 3), stride=(1, 1))
  (conv3): Conv2d(128, 64, kernel_size=(3, 3), stride=(1, 1))
  (fc1): Linear(in_features=667776, out_features=256, bias=True)
  (fc2): Linear(in_features=256, out_features=128, bias=True)
  (fc3): Linear(in_features=128, out_features=64, bias=True)
  (fc4): Linear(in_features=64, out_features=6796, bias=True)
)

number of the free parameters: 171805196
parameters of the network conv1.weight 
 torch.Size([256, 1, 3, 3]) 
 True 
 tensor([[[[-0.2894,  0.1178,  0.0994],
          [ 0.3182,  0.1354, -0.2643],
          [ 0.2059, -0.2937, -0.1433]]],


        [[[ 0.2781,  0.0266,  0.0856],
          [ 0.1746,  0.2234, -0.1348],
          [ 0.2545,  0.3092, -0.1565]]],


        [[[ 0.1717,  0.1937,  0.0470],
          [-0.2222, -0.2657, -0.1719],
          [-0.2314,  0.0374, -0.2488]]],


        ...,


        [[[ 0.3275, -0.1815,  0.2681],
          [-0.3107, -0.1423,  0.0063],
          [-0.1190,  0.1529, -0.3081]]],


        [[[-0.2177, -0.3008, -0.0265],
          [-0.1584,  0.3193, -0.1680],
          [ 0.2836, -0.0472,  0.2713]]],


        [[[-0.0487, -0.1972,  0.1074],
          [-0.1300,  0.1958, -0.2684],
          [-0.1510, -0.1223, -0.1970]]]], device='cuda:0') 
 Parameter containing:
tensor([[[[-0.2894,  0.1178,  0.0994],
          [ 0.3182,  0.1354, -0.2643],
          [ 0.2059, -0.2937, -0.1433]]],


        [[[ 0.2781,  0.0266,  0.0856],
          [ 0.1746,  0.2234, -0.1348],
          [ 0.2545,  0.3092, -0.1565]]],


        [[[ 0.1717,  0.1937,  0.0470],
          [-0.2222, -0.2657, -0.1719],
          [-0.2314,  0.0374, -0.2488]]],


        ...,


        [[[ 0.3275, -0.1815,  0.2681],
          [-0.3107, -0.1423,  0.0063],
          [-0.1190,  0.1529, -0.3081]]],


        [[[-0.2177, -0.3008, -0.0265],
          [-0.1584,  0.3193, -0.1680],
          [ 0.2836, -0.0472,  0.2713]]],


        [[[-0.0487, -0.1972,  0.1074],
          [-0.1300,  0.1958, -0.2684],
          [-0.1510, -0.1223, -0.1970]]]], device='cuda:0', requires_grad=True)
parameters of the network conv1.bias 
 torch.Size([256]) 
 True 
 tensor([-2.3725e-02, -1.2538e-01,  1.4365e-01, -1.9428e-02,  2.6902e-01,
         2.4623e-01,  8.9335e-02, -1.9904e-01, -3.0072e-02,  1.5566e-02,
        -1.4746e-01,  2.8020e-01, -2.5232e-01, -5.4283e-02,  1.3067e-01,
         2.5608e-01, -2.6280e-01,  1.5482e-01, -4.0667e-02, -5.8403e-02,
         6.2387e-03, -3.0003e-01, -3.3205e-02,  1.0826e-01,  1.4042e-01,
        -2.4199e-01,  3.2134e-01,  2.9192e-01, -9.1791e-02,  5.0138e-02,
         1.9220e-02, -2.8908e-01, -7.6600e-02,  3.1531e-01, -1.3674e-01,
        -1.2571e-01,  1.8764e-01,  2.3837e-01, -2.9132e-01,  2.2523e-01,
         7.6528e-02,  2.2420e-01, -2.6517e-01, -1.3808e-01, -2.0094e-02,
         2.6589e-01,  9.8808e-02,  1.3645e-01,  2.1574e-01,  2.4289e-01,
         2.5683e-01,  2.3244e-01, -8.0733e-02, -2.4668e-01,  2.2792e-01,
        -3.2605e-01, -2.9838e-01, -1.2671e-01, -3.1321e-01,  2.7482e-01,
        -3.0638e-01, -1.1327e-02, -2.6000e-01, -3.2002e-02, -1.0490e-01,
         6.7618e-02, -3.1229e-01, -4.5833e-02, -5.0621e-02, -2.5981e-01,
         4.3030e-02,  3.2500e-03, -1.8638e-01,  2.0443e-01,  3.2164e-01,
         1.6202e-01, -2.6340e-01, -1.4491e-01, -3.1549e-01,  2.7443e-01,
         2.6644e-01, -2.1100e-01, -3.2787e-04, -8.2311e-02,  2.0974e-01,
        -2.2919e-01,  8.6814e-02, -2.6293e-01,  4.7769e-02,  6.4266e-02,
         9.4748e-02,  7.4866e-02,  1.7369e-01,  9.6985e-02, -2.5889e-01,
         2.9295e-01,  7.7415e-02, -7.3193e-02,  1.9625e-01,  1.7106e-01,
        -2.1496e-01, -2.0993e-01,  1.3839e-01,  1.4627e-01, -3.2948e-01,
        -3.1531e-01,  3.1591e-01, -3.3386e-02, -2.0154e-01,  4.5764e-02,
         2.9321e-01,  2.6655e-01,  2.0079e-01,  3.4113e-02,  7.8748e-02,
        -6.8209e-02, -2.5040e-01,  2.1176e-02,  1.2484e-01, -1.1026e-01,
         2.2469e-01, -1.1619e-02,  5.6791e-02,  2.0534e-01,  1.5888e-01,
         2.3311e-01,  2.1310e-02, -3.2884e-01, -1.9872e-01, -1.0747e-01,
        -1.1646e-01,  6.2325e-02, -6.8782e-02,  2.4234e-01,  2.3194e-01,
        -6.4857e-03, -2.8824e-01, -7.3733e-02,  1.8933e-01,  1.4377e-01,
         2.0591e-01, -3.7688e-02,  2.5694e-01, -1.5239e-01, -5.9928e-02,
        -7.8459e-02, -1.3541e-02, -2.5790e-01, -1.9615e-01,  2.7954e-01,
         1.7869e-01,  3.3156e-01,  1.7515e-01, -2.3212e-01,  3.2212e-01,
        -1.9963e-01,  1.1203e-02,  2.7561e-01,  1.5118e-01,  3.1513e-01,
        -2.5138e-01,  3.0981e-01,  1.3024e-01, -2.3193e-01, -2.6903e-01,
         2.0490e-01, -1.1422e-01, -1.0929e-01,  1.0992e-01, -6.0108e-02,
         3.1257e-01,  1.5338e-01,  2.8833e-01, -3.1568e-01,  2.0253e-01,
        -1.0174e-01,  1.0713e-01,  3.1480e-01,  9.6889e-02, -3.2924e-01,
         1.9690e-01, -1.2593e-01, -2.0761e-01, -2.1044e-01,  3.0869e-01,
        -3.6131e-02,  6.1827e-02,  3.2374e-02,  3.1605e-01,  1.5265e-01,
        -3.1178e-01, -8.8999e-03,  7.8174e-02,  1.7620e-01, -1.2030e-01,
         2.4024e-01, -2.4135e-01, -4.7656e-02,  1.3493e-01, -7.3212e-02,
         4.5112e-03,  2.7184e-01, -3.3207e-01,  1.7569e-01, -1.3646e-01,
        -6.2038e-02, -1.4848e-02, -2.8630e-02, -1.3633e-01,  3.1430e-01,
        -2.1109e-01, -2.9013e-01, -1.1724e-01, -2.8117e-01,  2.4274e-01,
        -7.8807e-02, -1.0532e-01, -3.1583e-01, -1.8584e-01, -1.9375e-01,
         2.5711e-01, -1.6805e-01,  1.7041e-01,  3.3299e-01, -2.9770e-01,
         1.7953e-01, -3.1364e-01, -1.9260e-01, -4.7354e-03, -2.1042e-01,
         1.6533e-01, -1.6199e-01,  2.9517e-02, -2.7791e-01, -7.5673e-02,
        -1.9525e-01,  1.2530e-01,  2.8610e-01,  2.4921e-02, -4.6783e-02,
         1.3434e-01,  8.9244e-03,  2.5424e-01,  2.7272e-01, -1.8137e-01,
        -1.4317e-01,  3.0532e-01, -2.1971e-03,  2.6854e-01, -1.9957e-01,
        -2.0614e-02,  1.1927e-01,  3.2994e-01,  9.3251e-02,  8.7876e-02,
        -5.8102e-02], device='cuda:0') 
 Parameter containing:
tensor([-2.3725e-02, -1.2538e-01,  1.4365e-01, -1.9428e-02,  2.6902e-01,
         2.4623e-01,  8.9335e-02, -1.9904e-01, -3.0072e-02,  1.5566e-02,
        -1.4746e-01,  2.8020e-01, -2.5232e-01, -5.4283e-02,  1.3067e-01,
         2.5608e-01, -2.6280e-01,  1.5482e-01, -4.0667e-02, -5.8403e-02,
         6.2387e-03, -3.0003e-01, -3.3205e-02,  1.0826e-01,  1.4042e-01,
        -2.4199e-01,  3.2134e-01,  2.9192e-01, -9.1791e-02,  5.0138e-02,
         1.9220e-02, -2.8908e-01, -7.6600e-02,  3.1531e-01, -1.3674e-01,
        -1.2571e-01,  1.8764e-01,  2.3837e-01, -2.9132e-01,  2.2523e-01,
         7.6528e-02,  2.2420e-01, -2.6517e-01, -1.3808e-01, -2.0094e-02,
         2.6589e-01,  9.8808e-02,  1.3645e-01,  2.1574e-01,  2.4289e-01,
         2.5683e-01,  2.3244e-01, -8.0733e-02, -2.4668e-01,  2.2792e-01,
        -3.2605e-01, -2.9838e-01, -1.2671e-01, -3.1321e-01,  2.7482e-01,
        -3.0638e-01, -1.1327e-02, -2.6000e-01, -3.2002e-02, -1.0490e-01,
         6.7618e-02, -3.1229e-01, -4.5833e-02, -5.0621e-02, -2.5981e-01,
         4.3030e-02,  3.2500e-03, -1.8638e-01,  2.0443e-01,  3.2164e-01,
         1.6202e-01, -2.6340e-01, -1.4491e-01, -3.1549e-01,  2.7443e-01,
         2.6644e-01, -2.1100e-01, -3.2787e-04, -8.2311e-02,  2.0974e-01,
        -2.2919e-01,  8.6814e-02, -2.6293e-01,  4.7769e-02,  6.4266e-02,
         9.4748e-02,  7.4866e-02,  1.7369e-01,  9.6985e-02, -2.5889e-01,
         2.9295e-01,  7.7415e-02, -7.3193e-02,  1.9625e-01,  1.7106e-01,
        -2.1496e-01, -2.0993e-01,  1.3839e-01,  1.4627e-01, -3.2948e-01,
        -3.1531e-01,  3.1591e-01, -3.3386e-02, -2.0154e-01,  4.5764e-02,
         2.9321e-01,  2.6655e-01,  2.0079e-01,  3.4113e-02,  7.8748e-02,
        -6.8209e-02, -2.5040e-01,  2.1176e-02,  1.2484e-01, -1.1026e-01,
         2.2469e-01, -1.1619e-02,  5.6791e-02,  2.0534e-01,  1.5888e-01,
         2.3311e-01,  2.1310e-02, -3.2884e-01, -1.9872e-01, -1.0747e-01,
        -1.1646e-01,  6.2325e-02, -6.8782e-02,  2.4234e-01,  2.3194e-01,
        -6.4857e-03, -2.8824e-01, -7.3733e-02,  1.8933e-01,  1.4377e-01,
         2.0591e-01, -3.7688e-02,  2.5694e-01, -1.5239e-01, -5.9928e-02,
        -7.8459e-02, -1.3541e-02, -2.5790e-01, -1.9615e-01,  2.7954e-01,
         1.7869e-01,  3.3156e-01,  1.7515e-01, -2.3212e-01,  3.2212e-01,
        -1.9963e-01,  1.1203e-02,  2.7561e-01,  1.5118e-01,  3.1513e-01,
        -2.5138e-01,  3.0981e-01,  1.3024e-01, -2.3193e-01, -2.6903e-01,
         2.0490e-01, -1.1422e-01, -1.0929e-01,  1.0992e-01, -6.0108e-02,
         3.1257e-01,  1.5338e-01,  2.8833e-01, -3.1568e-01,  2.0253e-01,
        -1.0174e-01,  1.0713e-01,  3.1480e-01,  9.6889e-02, -3.2924e-01,
         1.9690e-01, -1.2593e-01, -2.0761e-01, -2.1044e-01,  3.0869e-01,
        -3.6131e-02,  6.1827e-02,  3.2374e-02,  3.1605e-01,  1.5265e-01,
        -3.1178e-01, -8.8999e-03,  7.8174e-02,  1.7620e-01, -1.2030e-01,
         2.4024e-01, -2.4135e-01, -4.7656e-02,  1.3493e-01, -7.3212e-02,
         4.5112e-03,  2.7184e-01, -3.3207e-01,  1.7569e-01, -1.3646e-01,
        -6.2038e-02, -1.4848e-02, -2.8630e-02, -1.3633e-01,  3.1430e-01,
        -2.1109e-01, -2.9013e-01, -1.1724e-01, -2.8117e-01,  2.4274e-01,
        -7.8807e-02, -1.0532e-01, -3.1583e-01, -1.8584e-01, -1.9375e-01,
         2.5711e-01, -1.6805e-01,  1.7041e-01,  3.3299e-01, -2.9770e-01,
         1.7953e-01, -3.1364e-01, -1.9260e-01, -4.7354e-03, -2.1042e-01,
         1.6533e-01, -1.6199e-01,  2.9517e-02, -2.7791e-01, -7.5673e-02,
        -1.9525e-01,  1.2530e-01,  2.8610e-01,  2.4921e-02, -4.6783e-02,
         1.3434e-01,  8.9244e-03,  2.5424e-01,  2.7272e-01, -1.8137e-01,
        -1.4317e-01,  3.0532e-01, -2.1971e-03,  2.6854e-01, -1.9957e-01,
        -2.0614e-02,  1.1927e-01,  3.2994e-01,  9.3251e-02,  8.7876e-02,
        -5.8102e-02], device='cuda:0', requires_grad=True)
parameters of the network conv2.weight 
 torch.Size([128, 256, 3, 3]) 
 True 
 tensor([[[[-4.7238e-03, -1.3684e-02, -1.5047e-02],
          [ 1.9409e-02,  1.3283e-03,  1.6282e-03],
          [-1.6083e-02,  1.9749e-02, -8.5320e-03]],

         [[ 1.9427e-02,  2.0177e-02, -2.0159e-04],
          [ 4.0556e-03,  1.3790e-02, -2.6375e-03],
          [-4.6038e-03, -1.3971e-02, -1.0955e-02]],

         [[-1.0191e-03, -7.7629e-03, -8.1774e-03],
          [ 2.0383e-02, -3.7757e-03, -6.4845e-03],
          [-1.0367e-02, -1.0273e-02,  8.5701e-03]],

         ...,

         [[ 1.7341e-02,  1.9511e-02,  1.4282e-02],
          [ 1.6169e-02, -5.4949e-03, -1.0020e-02],
          [-1.3721e-02,  2.0830e-02,  8.8811e-04]],

         [[-8.5572e-05, -2.0090e-02,  1.8121e-02],
          [ 7.2791e-03,  1.6264e-03, -1.6204e-03],
          [ 1.3796e-02, -1.2015e-02,  1.1538e-02]],

         [[-6.9621e-03, -1.0845e-02,  7.1692e-03],
          [ 3.4885e-03,  6.8943e-03, -1.3233e-03],
          [-1.4629e-02, -7.0613e-03,  7.3833e-03]]],


        [[[-1.2914e-02,  1.4265e-02,  1.2898e-03],
          [-1.2827e-03,  1.8597e-02,  3.5533e-03],
          [-9.4170e-03,  1.8928e-02, -4.5739e-03]],

         [[-1.5732e-02,  8.6576e-03, -5.1052e-03],
          [ 1.1543e-02,  2.5969e-04,  1.9076e-02],
          [-7.6290e-03,  2.7470e-04,  1.6622e-02]],

         [[-1.3232e-02, -1.5695e-02,  1.1026e-02],
          [ 9.1705e-03, -9.6790e-03, -1.2386e-02],
          [-6.6839e-03, -2.0098e-02,  6.8554e-03]],

         ...,

         [[-1.4855e-02, -5.1271e-03, -5.5826e-03],
          [ 2.0560e-02,  9.4263e-03, -1.4390e-02],
          [-5.2893e-03,  5.4139e-03, -1.4629e-02]],

         [[ 3.2550e-03,  2.0790e-03, -3.8269e-05],
          [-1.7219e-03,  9.8668e-03, -1.1245e-02],
          [-4.1851e-03,  3.7985e-03,  1.9323e-02]],

         [[-1.5409e-02, -2.0031e-02, -1.3361e-02],
          [ 9.6429e-03,  1.0383e-02,  8.0138e-03],
          [-1.2011e-03,  1.2581e-02,  1.6454e-02]]],


        [[[-2.0748e-03, -1.5173e-02, -1.5408e-02],
          [ 1.1748e-02, -1.5271e-02, -4.2398e-03],
          [ 1.3487e-02, -1.2193e-02,  5.8386e-03]],

         [[ 8.3913e-03,  1.7539e-02, -9.8925e-04],
          [ 1.7108e-02,  1.4355e-02, -1.3853e-02],
          [-1.2614e-02, -5.0364e-03, -4.8747e-04]],

         [[ 2.0804e-03, -1.4279e-02, -1.9342e-02],
          [-2.0793e-02,  1.7897e-02,  1.4112e-02],
          [ 2.0742e-02, -1.8890e-02, -1.7737e-02]],

         ...,

         [[ 4.5433e-03, -1.8916e-02,  1.5313e-02],
          [-3.6370e-03,  1.1056e-02,  1.0351e-02],
          [-1.8827e-02,  1.5967e-02, -2.0386e-02]],

         [[-1.7281e-02, -2.0240e-02, -1.5872e-02],
          [-1.5156e-02, -5.3575e-03,  4.4693e-03],
          [-2.6096e-03,  1.0191e-02, -1.6843e-02]],

         [[-1.2360e-02, -1.7589e-02,  3.7317e-04],
          [-1.9634e-02,  7.9133e-03, -9.6841e-03],
          [ 1.8988e-02,  4.4896e-03, -1.6572e-02]]],


        ...,


        [[[ 1.3679e-02, -5.1786e-03,  1.0456e-02],
          [ 6.1855e-03, -9.1166e-03, -6.5009e-03],
          [-1.8490e-02,  8.2254e-03,  4.2726e-03]],

         [[ 6.6256e-05, -1.0744e-03, -6.7512e-03],
          [ 5.2587e-04,  1.3526e-02,  9.2920e-03],
          [ 7.8363e-05,  1.5591e-02, -1.8107e-02]],

         [[ 1.0050e-02, -1.1569e-02,  1.2483e-02],
          [ 1.7038e-02, -1.2271e-02, -7.4842e-03],
          [-1.9147e-02,  2.0483e-02, -3.9221e-03]],

         ...,

         [[-7.2234e-04, -9.0215e-04,  1.3402e-02],
          [ 8.9026e-03,  2.7178e-03,  1.5876e-02],
          [-1.5634e-02,  7.2461e-03,  1.8504e-02]],

         [[-1.1555e-02, -9.6542e-04,  5.5837e-03],
          [ 1.0604e-02, -3.9381e-03,  1.1308e-02],
          [-1.0385e-02, -5.9535e-03,  2.0550e-02]],

         [[ 1.6179e-02, -8.4011e-03,  1.1594e-02],
          [-4.8523e-03,  1.2244e-02, -6.1297e-03],
          [-9.3439e-03,  1.7830e-02,  8.3022e-03]]],


        [[[ 6.9884e-03, -9.9723e-03,  2.2871e-03],
          [ 6.6797e-03, -8.6260e-03, -9.4210e-03],
          [-4.1164e-03,  9.1145e-04, -5.9213e-03]],

         [[-1.1934e-02, -1.4204e-02, -1.3402e-02],
          [-3.1636e-03,  1.9872e-02,  8.1747e-03],
          [-3.7605e-03, -6.9664e-03,  1.7690e-02]],

         [[ 1.3860e-02,  4.5063e-03, -1.0835e-02],
          [ 1.0146e-03,  7.3232e-03, -7.8859e-03],
          [ 1.9526e-02, -1.9325e-02,  2.0577e-02]],

         ...,

         [[-1.0646e-02,  1.0616e-02,  1.0104e-02],
          [ 1.5170e-02, -1.9946e-02, -5.5995e-03],
          [ 9.7252e-03,  1.4642e-02,  1.0125e-02]],

         [[ 1.5634e-02,  2.5828e-03,  1.7231e-02],
          [ 1.1401e-02,  2.5316e-03, -1.9146e-02],
          [-1.5558e-02, -9.6151e-03,  5.8528e-03]],

         [[ 1.4396e-02, -3.1117e-03,  4.1102e-03],
          [ 6.9757e-03,  5.2069e-03, -6.0152e-03],
          [ 1.5628e-02,  6.6009e-03,  1.9446e-02]]],


        [[[-1.8404e-02,  1.5122e-02,  1.3169e-02],
          [ 1.1874e-02,  1.0895e-02, -1.2190e-02],
          [ 1.4886e-02, -1.2928e-02,  5.7031e-03]],

         [[ 1.7669e-02,  1.5020e-02, -9.2614e-03],
          [ 9.0314e-03, -2.5553e-03,  7.2979e-03],
          [ 7.4300e-03, -1.2878e-02,  5.5440e-03]],

         [[-5.1032e-03,  2.6998e-03,  9.9429e-04],
          [-1.2561e-02,  1.9287e-02, -1.6336e-02],
          [-1.3243e-02, -4.4891e-03, -1.9705e-02]],

         ...,

         [[ 7.5044e-03, -6.8877e-03,  1.8499e-02],
          [-1.2549e-03, -5.0143e-03, -5.0847e-03],
          [-2.1357e-03, -6.8779e-03,  9.3107e-03]],

         [[ 8.6393e-03, -5.6889e-03, -2.0630e-02],
          [ 6.9121e-04, -7.1124e-04,  9.4198e-03],
          [ 1.4054e-02, -1.4789e-02,  6.0639e-03]],

         [[-1.3733e-02, -3.1783e-03, -7.0375e-03],
          [ 4.5853e-04, -1.5052e-02,  3.7855e-03],
          [-1.1329e-02,  4.3089e-04,  9.6508e-03]]]], device='cuda:0') 
 Parameter containing:
tensor([[[[-4.7238e-03, -1.3684e-02, -1.5047e-02],
          [ 1.9409e-02,  1.3283e-03,  1.6282e-03],
          [-1.6083e-02,  1.9749e-02, -8.5320e-03]],

         [[ 1.9427e-02,  2.0177e-02, -2.0159e-04],
          [ 4.0556e-03,  1.3790e-02, -2.6375e-03],
          [-4.6038e-03, -1.3971e-02, -1.0955e-02]],

         [[-1.0191e-03, -7.7629e-03, -8.1774e-03],
          [ 2.0383e-02, -3.7757e-03, -6.4845e-03],
          [-1.0367e-02, -1.0273e-02,  8.5701e-03]],

         ...,

         [[ 1.7341e-02,  1.9511e-02,  1.4282e-02],
          [ 1.6169e-02, -5.4949e-03, -1.0020e-02],
          [-1.3721e-02,  2.0830e-02,  8.8811e-04]],

         [[-8.5572e-05, -2.0090e-02,  1.8121e-02],
          [ 7.2791e-03,  1.6264e-03, -1.6204e-03],
          [ 1.3796e-02, -1.2015e-02,  1.1538e-02]],

         [[-6.9621e-03, -1.0845e-02,  7.1692e-03],
          [ 3.4885e-03,  6.8943e-03, -1.3233e-03],
          [-1.4629e-02, -7.0613e-03,  7.3833e-03]]],


        [[[-1.2914e-02,  1.4265e-02,  1.2898e-03],
          [-1.2827e-03,  1.8597e-02,  3.5533e-03],
          [-9.4170e-03,  1.8928e-02, -4.5739e-03]],

         [[-1.5732e-02,  8.6576e-03, -5.1052e-03],
          [ 1.1543e-02,  2.5969e-04,  1.9076e-02],
          [-7.6290e-03,  2.7470e-04,  1.6622e-02]],

         [[-1.3232e-02, -1.5695e-02,  1.1026e-02],
          [ 9.1705e-03, -9.6790e-03, -1.2386e-02],
          [-6.6839e-03, -2.0098e-02,  6.8554e-03]],

         ...,

         [[-1.4855e-02, -5.1271e-03, -5.5826e-03],
          [ 2.0560e-02,  9.4263e-03, -1.4390e-02],
          [-5.2893e-03,  5.4139e-03, -1.4629e-02]],

         [[ 3.2550e-03,  2.0790e-03, -3.8269e-05],
          [-1.7219e-03,  9.8668e-03, -1.1245e-02],
          [-4.1851e-03,  3.7985e-03,  1.9323e-02]],

         [[-1.5409e-02, -2.0031e-02, -1.3361e-02],
          [ 9.6429e-03,  1.0383e-02,  8.0138e-03],
          [-1.2011e-03,  1.2581e-02,  1.6454e-02]]],


        [[[-2.0748e-03, -1.5173e-02, -1.5408e-02],
          [ 1.1748e-02, -1.5271e-02, -4.2398e-03],
          [ 1.3487e-02, -1.2193e-02,  5.8386e-03]],

         [[ 8.3913e-03,  1.7539e-02, -9.8925e-04],
          [ 1.7108e-02,  1.4355e-02, -1.3853e-02],
          [-1.2614e-02, -5.0364e-03, -4.8747e-04]],

         [[ 2.0804e-03, -1.4279e-02, -1.9342e-02],
          [-2.0793e-02,  1.7897e-02,  1.4112e-02],
          [ 2.0742e-02, -1.8890e-02, -1.7737e-02]],

         ...,

         [[ 4.5433e-03, -1.8916e-02,  1.5313e-02],
          [-3.6370e-03,  1.1056e-02,  1.0351e-02],
          [-1.8827e-02,  1.5967e-02, -2.0386e-02]],

         [[-1.7281e-02, -2.0240e-02, -1.5872e-02],
          [-1.5156e-02, -5.3575e-03,  4.4693e-03],
          [-2.6096e-03,  1.0191e-02, -1.6843e-02]],

         [[-1.2360e-02, -1.7589e-02,  3.7317e-04],
          [-1.9634e-02,  7.9133e-03, -9.6841e-03],
          [ 1.8988e-02,  4.4896e-03, -1.6572e-02]]],


        ...,


        [[[ 1.3679e-02, -5.1786e-03,  1.0456e-02],
          [ 6.1855e-03, -9.1166e-03, -6.5009e-03],
          [-1.8490e-02,  8.2254e-03,  4.2726e-03]],

         [[ 6.6256e-05, -1.0744e-03, -6.7512e-03],
          [ 5.2587e-04,  1.3526e-02,  9.2920e-03],
          [ 7.8363e-05,  1.5591e-02, -1.8107e-02]],

         [[ 1.0050e-02, -1.1569e-02,  1.2483e-02],
          [ 1.7038e-02, -1.2271e-02, -7.4842e-03],
          [-1.9147e-02,  2.0483e-02, -3.9221e-03]],

         ...,

         [[-7.2234e-04, -9.0215e-04,  1.3402e-02],
          [ 8.9026e-03,  2.7178e-03,  1.5876e-02],
          [-1.5634e-02,  7.2461e-03,  1.8504e-02]],

         [[-1.1555e-02, -9.6542e-04,  5.5837e-03],
          [ 1.0604e-02, -3.9381e-03,  1.1308e-02],
          [-1.0385e-02, -5.9535e-03,  2.0550e-02]],

         [[ 1.6179e-02, -8.4011e-03,  1.1594e-02],
          [-4.8523e-03,  1.2244e-02, -6.1297e-03],
          [-9.3439e-03,  1.7830e-02,  8.3022e-03]]],


        [[[ 6.9884e-03, -9.9723e-03,  2.2871e-03],
          [ 6.6797e-03, -8.6260e-03, -9.4210e-03],
          [-4.1164e-03,  9.1145e-04, -5.9213e-03]],

         [[-1.1934e-02, -1.4204e-02, -1.3402e-02],
          [-3.1636e-03,  1.9872e-02,  8.1747e-03],
          [-3.7605e-03, -6.9664e-03,  1.7690e-02]],

         [[ 1.3860e-02,  4.5063e-03, -1.0835e-02],
          [ 1.0146e-03,  7.3232e-03, -7.8859e-03],
          [ 1.9526e-02, -1.9325e-02,  2.0577e-02]],

         ...,

         [[-1.0646e-02,  1.0616e-02,  1.0104e-02],
          [ 1.5170e-02, -1.9946e-02, -5.5995e-03],
          [ 9.7252e-03,  1.4642e-02,  1.0125e-02]],

         [[ 1.5634e-02,  2.5828e-03,  1.7231e-02],
          [ 1.1401e-02,  2.5316e-03, -1.9146e-02],
          [-1.5558e-02, -9.6151e-03,  5.8528e-03]],

         [[ 1.4396e-02, -3.1117e-03,  4.1102e-03],
          [ 6.9757e-03,  5.2069e-03, -6.0152e-03],
          [ 1.5628e-02,  6.6009e-03,  1.9446e-02]]],


        [[[-1.8404e-02,  1.5122e-02,  1.3169e-02],
          [ 1.1874e-02,  1.0895e-02, -1.2190e-02],
          [ 1.4886e-02, -1.2928e-02,  5.7031e-03]],

         [[ 1.7669e-02,  1.5020e-02, -9.2614e-03],
          [ 9.0314e-03, -2.5553e-03,  7.2979e-03],
          [ 7.4300e-03, -1.2878e-02,  5.5440e-03]],

         [[-5.1032e-03,  2.6998e-03,  9.9429e-04],
          [-1.2561e-02,  1.9287e-02, -1.6336e-02],
          [-1.3243e-02, -4.4891e-03, -1.9705e-02]],

         ...,

         [[ 7.5044e-03, -6.8877e-03,  1.8499e-02],
          [-1.2549e-03, -5.0143e-03, -5.0847e-03],
          [-2.1357e-03, -6.8779e-03,  9.3107e-03]],

         [[ 8.6393e-03, -5.6889e-03, -2.0630e-02],
          [ 6.9121e-04, -7.1124e-04,  9.4198e-03],
          [ 1.4054e-02, -1.4789e-02,  6.0639e-03]],

         [[-1.3733e-02, -3.1783e-03, -7.0375e-03],
          [ 4.5853e-04, -1.5052e-02,  3.7855e-03],
          [-1.1329e-02,  4.3089e-04,  9.6508e-03]]]], device='cuda:0',
       requires_grad=True)
parameters of the network conv2.bias 
 torch.Size([128]) 
 True 
 tensor([-0.0069, -0.0037,  0.0032, -0.0059,  0.0172, -0.0191, -0.0074, -0.0085,
        -0.0107,  0.0073,  0.0191, -0.0149,  0.0159,  0.0089,  0.0061, -0.0193,
         0.0006, -0.0070, -0.0004, -0.0089, -0.0088, -0.0146, -0.0202, -0.0186,
         0.0060,  0.0165, -0.0028, -0.0110,  0.0014, -0.0088, -0.0140, -0.0026,
        -0.0013,  0.0081,  0.0067,  0.0110, -0.0197, -0.0101,  0.0153,  0.0166,
         0.0121,  0.0022,  0.0019, -0.0038, -0.0078,  0.0144, -0.0131, -0.0047,
        -0.0079, -0.0197,  0.0130,  0.0055,  0.0113,  0.0094, -0.0164, -0.0054,
         0.0024, -0.0098, -0.0154, -0.0065, -0.0010, -0.0180,  0.0190, -0.0185,
        -0.0170, -0.0039,  0.0190,  0.0094, -0.0019,  0.0026,  0.0104,  0.0036,
        -0.0040,  0.0126, -0.0150, -0.0003, -0.0031,  0.0206,  0.0070, -0.0010,
         0.0091,  0.0058,  0.0045, -0.0066,  0.0183, -0.0028,  0.0135, -0.0029,
        -0.0083,  0.0134,  0.0088,  0.0122,  0.0204,  0.0066,  0.0151, -0.0203,
         0.0048,  0.0146, -0.0104, -0.0053, -0.0130,  0.0134, -0.0034, -0.0105,
         0.0119,  0.0087,  0.0032,  0.0195, -0.0194,  0.0079, -0.0158,  0.0205,
        -0.0142, -0.0127, -0.0008,  0.0174, -0.0088, -0.0106,  0.0174,  0.0077,
        -0.0178,  0.0097, -0.0124,  0.0201,  0.0062,  0.0005,  0.0100,  0.0082],
       device='cuda:0') 
 Parameter containing:
tensor([-0.0069, -0.0037,  0.0032, -0.0059,  0.0172, -0.0191, -0.0074, -0.0085,
        -0.0107,  0.0073,  0.0191, -0.0149,  0.0159,  0.0089,  0.0061, -0.0193,
         0.0006, -0.0070, -0.0004, -0.0089, -0.0088, -0.0146, -0.0202, -0.0186,
         0.0060,  0.0165, -0.0028, -0.0110,  0.0014, -0.0088, -0.0140, -0.0026,
        -0.0013,  0.0081,  0.0067,  0.0110, -0.0197, -0.0101,  0.0153,  0.0166,
         0.0121,  0.0022,  0.0019, -0.0038, -0.0078,  0.0144, -0.0131, -0.0047,
        -0.0079, -0.0197,  0.0130,  0.0055,  0.0113,  0.0094, -0.0164, -0.0054,
         0.0024, -0.0098, -0.0154, -0.0065, -0.0010, -0.0180,  0.0190, -0.0185,
        -0.0170, -0.0039,  0.0190,  0.0094, -0.0019,  0.0026,  0.0104,  0.0036,
        -0.0040,  0.0126, -0.0150, -0.0003, -0.0031,  0.0206,  0.0070, -0.0010,
         0.0091,  0.0058,  0.0045, -0.0066,  0.0183, -0.0028,  0.0135, -0.0029,
        -0.0083,  0.0134,  0.0088,  0.0122,  0.0204,  0.0066,  0.0151, -0.0203,
         0.0048,  0.0146, -0.0104, -0.0053, -0.0130,  0.0134, -0.0034, -0.0105,
         0.0119,  0.0087,  0.0032,  0.0195, -0.0194,  0.0079, -0.0158,  0.0205,
        -0.0142, -0.0127, -0.0008,  0.0174, -0.0088, -0.0106,  0.0174,  0.0077,
        -0.0178,  0.0097, -0.0124,  0.0201,  0.0062,  0.0005,  0.0100,  0.0082],
       device='cuda:0', requires_grad=True)
parameters of the network conv3.weight 
 torch.Size([64, 128, 3, 3]) 
 True 
 tensor([[[[ 8.4012e-04,  1.6706e-02,  2.0449e-02],
          [ 1.8555e-02, -1.1153e-02,  4.7832e-04],
          [-2.9451e-02,  2.6066e-02,  1.5950e-02]],

         [[-1.3138e-02, -4.5084e-03,  2.3483e-02],
          [-1.7286e-02, -6.3238e-03,  6.5876e-03],
          [-1.8098e-02, -5.6359e-03, -1.0252e-02]],

         [[-6.0142e-03, -1.0783e-02,  2.2075e-02],
          [ 1.3355e-02,  2.6068e-03, -6.9735e-03],
          [ 2.8305e-02, -2.0310e-02,  1.7664e-02]],

         ...,

         [[ 9.3793e-03, -7.8141e-03,  3.9669e-03],
          [-9.3410e-03, -2.3004e-02,  9.7545e-03],
          [ 3.3682e-05, -1.3146e-02,  1.0999e-02]],

         [[-5.3437e-03,  1.3302e-02,  9.0189e-03],
          [ 1.0867e-03,  1.4237e-02,  1.4822e-02],
          [ 1.1196e-02, -2.3127e-02, -2.7198e-02]],

         [[-2.0670e-02,  1.3658e-02,  2.2793e-02],
          [ 1.9329e-02, -1.5600e-02,  1.7244e-02],
          [ 2.5095e-02,  2.2226e-02, -1.3288e-02]]],


        [[[-1.3965e-02,  9.0986e-04,  2.1043e-02],
          [ 9.7304e-03, -1.3277e-02, -2.6159e-02],
          [-6.9383e-03,  1.0208e-02,  2.5375e-02]],

         [[ 6.4356e-03,  1.5176e-02,  1.4533e-02],
          [-1.9663e-02,  2.6696e-02, -2.3386e-02],
          [ 8.6131e-03,  6.9031e-03,  1.3627e-02]],

         [[-1.1994e-02, -2.2059e-02,  4.2756e-03],
          [ 1.4893e-02,  6.1094e-03,  2.3121e-02],
          [ 1.3749e-02,  1.6899e-02, -8.1052e-03]],

         ...,

         [[-7.6700e-03, -8.7899e-03, -8.6664e-03],
          [ 1.1001e-02, -3.4367e-03,  2.0645e-02],
          [-2.7980e-02, -1.1313e-02,  1.6211e-02]],

         [[-2.0293e-02,  2.3599e-03, -2.7078e-02],
          [-2.7880e-02,  1.7951e-02, -3.6862e-03],
          [ 2.7063e-02,  1.2415e-02,  1.4860e-02]],

         [[ 3.6712e-03, -1.7594e-02,  1.3045e-02],
          [-1.0268e-02, -2.2677e-02,  2.0657e-02],
          [-8.4485e-03,  1.8823e-02,  3.1885e-03]]],


        [[[ 7.3494e-03, -5.1123e-03,  1.2648e-02],
          [-2.8994e-02,  9.5695e-03, -2.9333e-02],
          [ 1.4091e-03, -1.2986e-02, -2.7167e-02]],

         [[ 2.0515e-03,  7.2527e-03,  1.4313e-02],
          [-7.7274e-03,  5.8589e-03, -2.2233e-02],
          [ 2.5291e-02, -1.1598e-02, -1.0146e-02]],

         [[-8.4177e-03,  2.4664e-02, -5.2027e-03],
          [ 9.3792e-04, -1.1707e-02,  1.2310e-02],
          [-2.1937e-02, -3.6878e-03, -1.3640e-02]],

         ...,

         [[-1.4871e-02, -3.7807e-03,  2.7659e-02],
          [-1.0051e-02, -5.9522e-03, -2.9330e-02],
          [ 1.9783e-02,  8.4619e-03, -2.5137e-04]],

         [[ 1.9124e-02, -9.6297e-03, -2.4336e-03],
          [-2.0774e-02,  7.4787e-04,  1.6702e-02],
          [-1.7727e-02,  2.3340e-02, -2.3016e-02]],

         [[-7.3750e-03, -2.9043e-02, -2.6561e-02],
          [ 8.3222e-03, -3.8105e-03, -1.8664e-02],
          [ 1.8908e-02,  5.7550e-03,  1.3523e-03]]],


        ...,


        [[[-2.4450e-02, -1.0493e-02,  9.2312e-03],
          [-1.3653e-02, -2.2948e-03,  1.3091e-03],
          [ 2.6560e-02,  8.3642e-03, -8.5838e-03]],

         [[ 1.1835e-02,  2.1001e-02,  2.5906e-02],
          [-1.4159e-02,  1.3256e-02, -2.4177e-02],
          [ 2.3968e-02,  3.2510e-03,  2.4441e-03]],

         [[-1.7510e-02,  2.1084e-02, -1.4992e-02],
          [ 1.2482e-02, -2.4834e-02,  1.2245e-02],
          [-2.1379e-02,  1.5844e-02,  1.0052e-02]],

         ...,

         [[-8.6113e-04, -6.3279e-03, -2.3398e-02],
          [ 1.9780e-02,  2.1701e-02, -1.8088e-02],
          [-7.1449e-04, -2.9064e-02,  1.9204e-02]],

         [[ 2.3281e-02,  2.8265e-02,  1.0741e-02],
          [-2.1435e-02, -4.1718e-03,  1.2620e-02],
          [-9.2609e-03, -2.1114e-02,  9.2872e-03]],

         [[ 2.0012e-03,  7.2362e-04,  2.0598e-02],
          [ 2.5912e-02, -2.5069e-02,  7.4759e-03],
          [-2.6004e-02,  2.6950e-03, -2.8016e-02]]],


        [[[-1.3572e-02, -2.6113e-02,  1.2587e-02],
          [-2.5740e-03, -7.2743e-03, -1.4175e-05],
          [ 2.9162e-02, -1.1886e-02,  1.1958e-02]],

         [[ 1.2225e-02,  1.3817e-02, -4.4571e-03],
          [ 1.5381e-02, -1.8382e-02,  2.1331e-02],
          [-2.2860e-02, -6.9172e-03,  1.4579e-02]],

         [[ 9.8928e-03,  1.0277e-02,  6.7148e-03],
          [-1.5069e-02,  2.2606e-02,  2.8167e-02],
          [ 1.8104e-02,  1.2885e-02, -1.5680e-03]],

         ...,

         [[-1.1410e-03,  1.0863e-02, -1.1434e-02],
          [ 5.6995e-03,  7.9917e-03,  1.9570e-02],
          [-8.3809e-05, -2.3146e-02, -4.3190e-03]],

         [[-6.3649e-04, -2.6658e-02, -2.3461e-03],
          [-9.6177e-03, -5.3952e-03,  5.5720e-03],
          [ 2.3295e-02, -2.2170e-02, -5.2845e-03]],

         [[-6.6373e-03, -1.7206e-02, -3.3979e-03],
          [-2.3790e-02, -2.4882e-04, -1.8574e-03],
          [ 2.3627e-03,  2.4753e-02, -1.6186e-02]]],


        [[[-2.6784e-02,  1.7076e-02,  8.4494e-05],
          [ 9.9486e-03,  2.8154e-02,  1.0865e-02],
          [ 1.5173e-02, -3.2678e-03, -2.9449e-02]],

         [[ 1.1040e-02, -1.4648e-02, -8.9023e-03],
          [-1.3899e-02,  1.7392e-02, -2.0287e-02],
          [ 3.4083e-03,  1.7740e-02, -2.6998e-02]],

         [[ 1.1953e-02,  2.7884e-02,  4.1351e-03],
          [-1.7059e-02,  1.1572e-02, -1.6987e-02],
          [ 1.8174e-02,  5.3621e-03,  2.6850e-02]],

         ...,

         [[-9.9341e-03,  2.2573e-02,  2.8528e-02],
          [ 1.5045e-02, -1.4158e-02, -5.4771e-03],
          [ 1.6226e-02, -8.9720e-03,  1.3555e-02]],

         [[-2.1461e-02, -2.5122e-02,  2.5506e-02],
          [-5.5401e-03,  4.0762e-03,  1.3168e-02],
          [-2.5668e-02, -5.8981e-03, -1.4063e-02]],

         [[-6.9215e-03,  2.5961e-02, -1.1055e-02],
          [-2.7978e-02, -2.8405e-02,  4.7953e-03],
          [ 1.4027e-02, -1.0620e-02,  1.7818e-02]]]], device='cuda:0') 
 Parameter containing:
tensor([[[[ 8.4012e-04,  1.6706e-02,  2.0449e-02],
          [ 1.8555e-02, -1.1153e-02,  4.7832e-04],
          [-2.9451e-02,  2.6066e-02,  1.5950e-02]],

         [[-1.3138e-02, -4.5084e-03,  2.3483e-02],
          [-1.7286e-02, -6.3238e-03,  6.5876e-03],
          [-1.8098e-02, -5.6359e-03, -1.0252e-02]],

         [[-6.0142e-03, -1.0783e-02,  2.2075e-02],
          [ 1.3355e-02,  2.6068e-03, -6.9735e-03],
          [ 2.8305e-02, -2.0310e-02,  1.7664e-02]],

         ...,

         [[ 9.3793e-03, -7.8141e-03,  3.9669e-03],
          [-9.3410e-03, -2.3004e-02,  9.7545e-03],
          [ 3.3682e-05, -1.3146e-02,  1.0999e-02]],

         [[-5.3437e-03,  1.3302e-02,  9.0189e-03],
          [ 1.0867e-03,  1.4237e-02,  1.4822e-02],
          [ 1.1196e-02, -2.3127e-02, -2.7198e-02]],

         [[-2.0670e-02,  1.3658e-02,  2.2793e-02],
          [ 1.9329e-02, -1.5600e-02,  1.7244e-02],
          [ 2.5095e-02,  2.2226e-02, -1.3288e-02]]],


        [[[-1.3965e-02,  9.0986e-04,  2.1043e-02],
          [ 9.7304e-03, -1.3277e-02, -2.6159e-02],
          [-6.9383e-03,  1.0208e-02,  2.5375e-02]],

         [[ 6.4356e-03,  1.5176e-02,  1.4533e-02],
          [-1.9663e-02,  2.6696e-02, -2.3386e-02],
          [ 8.6131e-03,  6.9031e-03,  1.3627e-02]],

         [[-1.1994e-02, -2.2059e-02,  4.2756e-03],
          [ 1.4893e-02,  6.1094e-03,  2.3121e-02],
          [ 1.3749e-02,  1.6899e-02, -8.1052e-03]],

         ...,

         [[-7.6700e-03, -8.7899e-03, -8.6664e-03],
          [ 1.1001e-02, -3.4367e-03,  2.0645e-02],
          [-2.7980e-02, -1.1313e-02,  1.6211e-02]],

         [[-2.0293e-02,  2.3599e-03, -2.7078e-02],
          [-2.7880e-02,  1.7951e-02, -3.6862e-03],
          [ 2.7063e-02,  1.2415e-02,  1.4860e-02]],

         [[ 3.6712e-03, -1.7594e-02,  1.3045e-02],
          [-1.0268e-02, -2.2677e-02,  2.0657e-02],
          [-8.4485e-03,  1.8823e-02,  3.1885e-03]]],


        [[[ 7.3494e-03, -5.1123e-03,  1.2648e-02],
          [-2.8994e-02,  9.5695e-03, -2.9333e-02],
          [ 1.4091e-03, -1.2986e-02, -2.7167e-02]],

         [[ 2.0515e-03,  7.2527e-03,  1.4313e-02],
          [-7.7274e-03,  5.8589e-03, -2.2233e-02],
          [ 2.5291e-02, -1.1598e-02, -1.0146e-02]],

         [[-8.4177e-03,  2.4664e-02, -5.2027e-03],
          [ 9.3792e-04, -1.1707e-02,  1.2310e-02],
          [-2.1937e-02, -3.6878e-03, -1.3640e-02]],

         ...,

         [[-1.4871e-02, -3.7807e-03,  2.7659e-02],
          [-1.0051e-02, -5.9522e-03, -2.9330e-02],
          [ 1.9783e-02,  8.4619e-03, -2.5137e-04]],

         [[ 1.9124e-02, -9.6297e-03, -2.4336e-03],
          [-2.0774e-02,  7.4787e-04,  1.6702e-02],
          [-1.7727e-02,  2.3340e-02, -2.3016e-02]],

         [[-7.3750e-03, -2.9043e-02, -2.6561e-02],
          [ 8.3222e-03, -3.8105e-03, -1.8664e-02],
          [ 1.8908e-02,  5.7550e-03,  1.3523e-03]]],


        ...,


        [[[-2.4450e-02, -1.0493e-02,  9.2312e-03],
          [-1.3653e-02, -2.2948e-03,  1.3091e-03],
          [ 2.6560e-02,  8.3642e-03, -8.5838e-03]],

         [[ 1.1835e-02,  2.1001e-02,  2.5906e-02],
          [-1.4159e-02,  1.3256e-02, -2.4177e-02],
          [ 2.3968e-02,  3.2510e-03,  2.4441e-03]],

         [[-1.7510e-02,  2.1084e-02, -1.4992e-02],
          [ 1.2482e-02, -2.4834e-02,  1.2245e-02],
          [-2.1379e-02,  1.5844e-02,  1.0052e-02]],

         ...,

         [[-8.6113e-04, -6.3279e-03, -2.3398e-02],
          [ 1.9780e-02,  2.1701e-02, -1.8088e-02],
          [-7.1449e-04, -2.9064e-02,  1.9204e-02]],

         [[ 2.3281e-02,  2.8265e-02,  1.0741e-02],
          [-2.1435e-02, -4.1718e-03,  1.2620e-02],
          [-9.2609e-03, -2.1114e-02,  9.2872e-03]],

         [[ 2.0012e-03,  7.2362e-04,  2.0598e-02],
          [ 2.5912e-02, -2.5069e-02,  7.4759e-03],
          [-2.6004e-02,  2.6950e-03, -2.8016e-02]]],


        [[[-1.3572e-02, -2.6113e-02,  1.2587e-02],
          [-2.5740e-03, -7.2743e-03, -1.4175e-05],
          [ 2.9162e-02, -1.1886e-02,  1.1958e-02]],

         [[ 1.2225e-02,  1.3817e-02, -4.4571e-03],
          [ 1.5381e-02, -1.8382e-02,  2.1331e-02],
          [-2.2860e-02, -6.9172e-03,  1.4579e-02]],

         [[ 9.8928e-03,  1.0277e-02,  6.7148e-03],
          [-1.5069e-02,  2.2606e-02,  2.8167e-02],
          [ 1.8104e-02,  1.2885e-02, -1.5680e-03]],

         ...,

         [[-1.1410e-03,  1.0863e-02, -1.1434e-02],
          [ 5.6995e-03,  7.9917e-03,  1.9570e-02],
          [-8.3809e-05, -2.3146e-02, -4.3190e-03]],

         [[-6.3649e-04, -2.6658e-02, -2.3461e-03],
          [-9.6177e-03, -5.3952e-03,  5.5720e-03],
          [ 2.3295e-02, -2.2170e-02, -5.2845e-03]],

         [[-6.6373e-03, -1.7206e-02, -3.3979e-03],
          [-2.3790e-02, -2.4882e-04, -1.8574e-03],
          [ 2.3627e-03,  2.4753e-02, -1.6186e-02]]],


        [[[-2.6784e-02,  1.7076e-02,  8.4494e-05],
          [ 9.9486e-03,  2.8154e-02,  1.0865e-02],
          [ 1.5173e-02, -3.2678e-03, -2.9449e-02]],

         [[ 1.1040e-02, -1.4648e-02, -8.9023e-03],
          [-1.3899e-02,  1.7392e-02, -2.0287e-02],
          [ 3.4083e-03,  1.7740e-02, -2.6998e-02]],

         [[ 1.1953e-02,  2.7884e-02,  4.1351e-03],
          [-1.7059e-02,  1.1572e-02, -1.6987e-02],
          [ 1.8174e-02,  5.3621e-03,  2.6850e-02]],

         ...,

         [[-9.9341e-03,  2.2573e-02,  2.8528e-02],
          [ 1.5045e-02, -1.4158e-02, -5.4771e-03],
          [ 1.6226e-02, -8.9720e-03,  1.3555e-02]],

         [[-2.1461e-02, -2.5122e-02,  2.5506e-02],
          [-5.5401e-03,  4.0762e-03,  1.3168e-02],
          [-2.5668e-02, -5.8981e-03, -1.4063e-02]],

         [[-6.9215e-03,  2.5961e-02, -1.1055e-02],
          [-2.7978e-02, -2.8405e-02,  4.7953e-03],
          [ 1.4027e-02, -1.0620e-02,  1.7818e-02]]]], device='cuda:0',
       requires_grad=True)
parameters of the network conv3.bias 
 torch.Size([64]) 
 True 
 tensor([-0.0081, -0.0196,  0.0041, -0.0015,  0.0272,  0.0122, -0.0113,  0.0016,
        -0.0125, -0.0211,  0.0041, -0.0135, -0.0112,  0.0168, -0.0085, -0.0023,
         0.0220, -0.0290,  0.0249, -0.0113,  0.0039, -0.0115,  0.0016,  0.0288,
         0.0013, -0.0255,  0.0227, -0.0232,  0.0013, -0.0054, -0.0144, -0.0103,
        -0.0045, -0.0176, -0.0256, -0.0264,  0.0221, -0.0067,  0.0151,  0.0102,
        -0.0022,  0.0113,  0.0084,  0.0092,  0.0159, -0.0254,  0.0085,  0.0067,
         0.0070, -0.0008, -0.0118, -0.0184,  0.0157,  0.0124,  0.0025, -0.0122,
        -0.0190, -0.0229, -0.0024, -0.0132, -0.0100,  0.0007,  0.0099,  0.0228],
       device='cuda:0') 
 Parameter containing:
tensor([-0.0081, -0.0196,  0.0041, -0.0015,  0.0272,  0.0122, -0.0113,  0.0016,
        -0.0125, -0.0211,  0.0041, -0.0135, -0.0112,  0.0168, -0.0085, -0.0023,
         0.0220, -0.0290,  0.0249, -0.0113,  0.0039, -0.0115,  0.0016,  0.0288,
         0.0013, -0.0255,  0.0227, -0.0232,  0.0013, -0.0054, -0.0144, -0.0103,
        -0.0045, -0.0176, -0.0256, -0.0264,  0.0221, -0.0067,  0.0151,  0.0102,
        -0.0022,  0.0113,  0.0084,  0.0092,  0.0159, -0.0254,  0.0085,  0.0067,
         0.0070, -0.0008, -0.0118, -0.0184,  0.0157,  0.0124,  0.0025, -0.0122,
        -0.0190, -0.0229, -0.0024, -0.0132, -0.0100,  0.0007,  0.0099,  0.0228],
       device='cuda:0', requires_grad=True)
parameters of the network fc1.weight 
 torch.Size([256, 667776]) 
 True 
 tensor([[-1.1500e-03,  1.0339e-03, -4.5163e-04,  ...,  9.6073e-04,
          1.0743e-03, -5.8498e-05],
        [ 2.3368e-04, -3.0524e-04, -6.3590e-04,  ..., -1.1230e-03,
          6.3706e-06,  5.9249e-04],
        [ 5.0215e-04, -5.1087e-04, -8.6166e-04,  ...,  1.5905e-04,
         -5.6607e-04,  5.9859e-04],
        ...,
        [ 4.7244e-04,  3.3256e-04,  4.9407e-04,  ..., -4.8976e-04,
         -8.2749e-04,  2.9621e-04],
        [ 1.1579e-03,  9.0014e-04, -5.3666e-04,  ...,  8.3993e-04,
          1.2106e-03,  1.1254e-03],
        [ 1.0378e-03,  6.7475e-04, -1.1923e-04,  ...,  1.1746e-03,
         -4.5223e-04, -3.6956e-04]], device='cuda:0') 
 Parameter containing:
tensor([[-1.1500e-03,  1.0339e-03, -4.5163e-04,  ...,  9.6073e-04,
          1.0743e-03, -5.8498e-05],
        [ 2.3368e-04, -3.0524e-04, -6.3590e-04,  ..., -1.1230e-03,
          6.3706e-06,  5.9249e-04],
        [ 5.0215e-04, -5.1087e-04, -8.6166e-04,  ...,  1.5905e-04,
         -5.6607e-04,  5.9859e-04],
        ...,
        [ 4.7244e-04,  3.3256e-04,  4.9407e-04,  ..., -4.8976e-04,
         -8.2749e-04,  2.9621e-04],
        [ 1.1579e-03,  9.0014e-04, -5.3666e-04,  ...,  8.3993e-04,
          1.2106e-03,  1.1254e-03],
        [ 1.0378e-03,  6.7475e-04, -1.1923e-04,  ...,  1.1746e-03,
         -4.5223e-04, -3.6956e-04]], device='cuda:0', requires_grad=True)
parameters of the network fc1.bias 
 torch.Size([256]) 
 True 
 tensor([ 9.6247e-04, -3.5228e-04, -8.2260e-04, -5.7271e-04,  7.9103e-05,
        -4.8616e-04,  3.4704e-04,  4.7394e-04, -7.4758e-04, -7.3911e-04,
         1.6838e-04, -1.0782e-03,  1.5028e-04,  1.1837e-03, -5.0364e-04,
         1.0623e-04, -5.1789e-04, -1.3649e-04,  6.6664e-04,  6.5204e-05,
         8.7491e-05, -6.5634e-04, -3.3480e-04, -7.6944e-05, -1.0453e-03,
         7.1680e-04, -4.3963e-04, -6.1113e-04, -5.2470e-04,  5.6767e-04,
         5.4382e-04,  4.1486e-04, -1.0291e-03, -2.5463e-04, -3.1472e-04,
        -6.4791e-04,  1.0930e-03,  4.2181e-04, -1.0797e-03, -3.4782e-04,
        -3.6495e-05, -1.0167e-03, -1.0992e-03,  5.5182e-04,  2.2277e-04,
         6.3520e-04, -5.9691e-04,  8.8825e-04, -8.0622e-04, -1.3664e-04,
        -5.5841e-04,  5.0131e-04, -4.4826e-04,  3.9821e-04,  5.9522e-05,
         6.0218e-04, -5.1459e-04,  7.0370e-04, -6.6374e-04, -5.2371e-04,
         9.6106e-04,  1.2156e-03,  9.6798e-04,  1.6674e-04, -1.5132e-04,
         7.1431e-04, -9.2814e-04, -4.8913e-04,  1.0090e-03,  5.1448e-04,
         1.1446e-03, -3.1753e-05, -4.2601e-04, -6.2937e-04,  7.3123e-04,
        -9.2164e-04,  7.2577e-04,  6.0829e-04,  7.9566e-04, -9.3058e-04,
         1.1620e-03,  2.7537e-04, -4.3515e-04, -5.9698e-04,  1.6251e-04,
         5.1330e-04,  1.6404e-05,  7.2047e-05,  2.5743e-04, -1.6051e-05,
        -9.3727e-04,  6.2189e-04,  1.1492e-03,  6.0061e-04, -2.5113e-04,
        -9.8276e-04,  1.1024e-03, -1.4506e-05,  1.8488e-04, -5.4603e-04,
         2.7063e-04, -1.2220e-03, -1.0014e-03,  3.7050e-04,  6.6382e-04,
        -7.5660e-04, -9.3910e-04,  1.1902e-03,  1.1570e-03, -8.2513e-04,
        -9.4571e-05, -1.0167e-03, -7.0215e-04, -9.9074e-04,  3.0425e-04,
        -1.2050e-03, -7.6758e-04,  2.9985e-04, -9.9596e-04, -1.1038e-03,
         6.2275e-04, -2.8216e-04,  4.0733e-04, -5.7133e-04, -7.0126e-04,
         7.3933e-04,  9.2127e-04, -1.0421e-03,  9.7947e-05,  2.1512e-04,
         6.3411e-04,  7.8095e-04,  1.6132e-04,  7.6720e-04,  8.0648e-04,
         1.2140e-03,  1.2047e-03,  4.1188e-04, -1.1172e-03, -4.9220e-05,
         5.7486e-05,  5.8613e-04,  1.1918e-03, -5.7522e-04,  9.1488e-04,
        -7.0832e-04,  1.0664e-03, -7.6847e-04, -2.0379e-04,  1.6164e-04,
         6.5445e-04,  1.1187e-03, -2.7024e-04,  1.6766e-04, -9.2699e-04,
        -8.6584e-04, -4.6117e-04,  5.9124e-04,  1.2949e-04,  5.1886e-04,
         1.9020e-04,  9.8545e-04,  9.5959e-04, -3.8628e-04, -1.9770e-04,
        -8.6447e-04,  5.8642e-04, -1.3232e-04,  7.8202e-04, -1.1199e-03,
         1.1614e-03,  7.7507e-04,  2.5579e-04, -4.6929e-04, -1.1895e-03,
        -4.3035e-04, -6.8848e-05,  6.6126e-04, -1.1013e-04,  1.2032e-04,
        -4.3992e-05, -4.8007e-04,  1.1153e-03,  1.8453e-04, -6.2615e-04,
        -1.2027e-04,  9.0762e-04,  1.6173e-04, -1.4585e-05,  8.9719e-04,
         8.3689e-04, -5.8841e-04, -5.3644e-05, -6.4478e-04, -2.5242e-04,
        -1.1369e-03,  3.3515e-04, -4.7045e-04,  1.7033e-04, -5.1185e-04,
         7.3471e-04, -6.7251e-04, -4.0741e-06,  8.5253e-04, -6.3821e-04,
         3.4890e-04, -8.8066e-04, -9.6543e-04, -1.1582e-03,  1.0306e-03,
        -7.5148e-04, -3.4413e-04,  1.9732e-04,  2.6685e-05,  4.5193e-04,
        -3.4636e-04, -4.0512e-05,  1.2081e-04,  9.1950e-04, -1.0280e-03,
        -7.0133e-04, -3.1841e-04,  2.7260e-04,  8.1600e-04,  1.0251e-03,
         1.1837e-04, -6.9300e-04, -1.1758e-03,  8.3875e-04,  7.8756e-04,
        -7.8546e-04,  6.6540e-04, -9.6126e-05, -8.5949e-04,  1.5587e-04,
         4.3806e-04,  8.8441e-04, -4.5732e-04,  4.3418e-04,  1.0068e-03,
         8.1752e-04, -2.2277e-04,  6.9075e-04, -5.3183e-04, -3.1387e-04,
        -1.0251e-03, -4.5498e-05,  1.3943e-04,  5.1986e-04, -7.4915e-04,
        -1.0847e-03, -1.1750e-03, -1.1822e-03,  9.1980e-04,  7.5341e-04,
        -2.7132e-05], device='cuda:0') 
 Parameter containing:
tensor([ 9.6247e-04, -3.5228e-04, -8.2260e-04, -5.7271e-04,  7.9103e-05,
        -4.8616e-04,  3.4704e-04,  4.7394e-04, -7.4758e-04, -7.3911e-04,
         1.6838e-04, -1.0782e-03,  1.5028e-04,  1.1837e-03, -5.0364e-04,
         1.0623e-04, -5.1789e-04, -1.3649e-04,  6.6664e-04,  6.5204e-05,
         8.7491e-05, -6.5634e-04, -3.3480e-04, -7.6944e-05, -1.0453e-03,
         7.1680e-04, -4.3963e-04, -6.1113e-04, -5.2470e-04,  5.6767e-04,
         5.4382e-04,  4.1486e-04, -1.0291e-03, -2.5463e-04, -3.1472e-04,
        -6.4791e-04,  1.0930e-03,  4.2181e-04, -1.0797e-03, -3.4782e-04,
        -3.6495e-05, -1.0167e-03, -1.0992e-03,  5.5182e-04,  2.2277e-04,
         6.3520e-04, -5.9691e-04,  8.8825e-04, -8.0622e-04, -1.3664e-04,
        -5.5841e-04,  5.0131e-04, -4.4826e-04,  3.9821e-04,  5.9522e-05,
         6.0218e-04, -5.1459e-04,  7.0370e-04, -6.6374e-04, -5.2371e-04,
         9.6106e-04,  1.2156e-03,  9.6798e-04,  1.6674e-04, -1.5132e-04,
         7.1431e-04, -9.2814e-04, -4.8913e-04,  1.0090e-03,  5.1448e-04,
         1.1446e-03, -3.1753e-05, -4.2601e-04, -6.2937e-04,  7.3123e-04,
        -9.2164e-04,  7.2577e-04,  6.0829e-04,  7.9566e-04, -9.3058e-04,
         1.1620e-03,  2.7537e-04, -4.3515e-04, -5.9698e-04,  1.6251e-04,
         5.1330e-04,  1.6404e-05,  7.2047e-05,  2.5743e-04, -1.6051e-05,
        -9.3727e-04,  6.2189e-04,  1.1492e-03,  6.0061e-04, -2.5113e-04,
        -9.8276e-04,  1.1024e-03, -1.4506e-05,  1.8488e-04, -5.4603e-04,
         2.7063e-04, -1.2220e-03, -1.0014e-03,  3.7050e-04,  6.6382e-04,
        -7.5660e-04, -9.3910e-04,  1.1902e-03,  1.1570e-03, -8.2513e-04,
        -9.4571e-05, -1.0167e-03, -7.0215e-04, -9.9074e-04,  3.0425e-04,
        -1.2050e-03, -7.6758e-04,  2.9985e-04, -9.9596e-04, -1.1038e-03,
         6.2275e-04, -2.8216e-04,  4.0733e-04, -5.7133e-04, -7.0126e-04,
         7.3933e-04,  9.2127e-04, -1.0421e-03,  9.7947e-05,  2.1512e-04,
         6.3411e-04,  7.8095e-04,  1.6132e-04,  7.6720e-04,  8.0648e-04,
         1.2140e-03,  1.2047e-03,  4.1188e-04, -1.1172e-03, -4.9220e-05,
         5.7486e-05,  5.8613e-04,  1.1918e-03, -5.7522e-04,  9.1488e-04,
        -7.0832e-04,  1.0664e-03, -7.6847e-04, -2.0379e-04,  1.6164e-04,
         6.5445e-04,  1.1187e-03, -2.7024e-04,  1.6766e-04, -9.2699e-04,
        -8.6584e-04, -4.6117e-04,  5.9124e-04,  1.2949e-04,  5.1886e-04,
         1.9020e-04,  9.8545e-04,  9.5959e-04, -3.8628e-04, -1.9770e-04,
        -8.6447e-04,  5.8642e-04, -1.3232e-04,  7.8202e-04, -1.1199e-03,
         1.1614e-03,  7.7507e-04,  2.5579e-04, -4.6929e-04, -1.1895e-03,
        -4.3035e-04, -6.8848e-05,  6.6126e-04, -1.1013e-04,  1.2032e-04,
        -4.3992e-05, -4.8007e-04,  1.1153e-03,  1.8453e-04, -6.2615e-04,
        -1.2027e-04,  9.0762e-04,  1.6173e-04, -1.4585e-05,  8.9719e-04,
         8.3689e-04, -5.8841e-04, -5.3644e-05, -6.4478e-04, -2.5242e-04,
        -1.1369e-03,  3.3515e-04, -4.7045e-04,  1.7033e-04, -5.1185e-04,
         7.3471e-04, -6.7251e-04, -4.0741e-06,  8.5253e-04, -6.3821e-04,
         3.4890e-04, -8.8066e-04, -9.6543e-04, -1.1582e-03,  1.0306e-03,
        -7.5148e-04, -3.4413e-04,  1.9732e-04,  2.6685e-05,  4.5193e-04,
        -3.4636e-04, -4.0512e-05,  1.2081e-04,  9.1950e-04, -1.0280e-03,
        -7.0133e-04, -3.1841e-04,  2.7260e-04,  8.1600e-04,  1.0251e-03,
         1.1837e-04, -6.9300e-04, -1.1758e-03,  8.3875e-04,  7.8756e-04,
        -7.8546e-04,  6.6540e-04, -9.6126e-05, -8.5949e-04,  1.5587e-04,
         4.3806e-04,  8.8441e-04, -4.5732e-04,  4.3418e-04,  1.0068e-03,
         8.1752e-04, -2.2277e-04,  6.9075e-04, -5.3183e-04, -3.1387e-04,
        -1.0251e-03, -4.5498e-05,  1.3943e-04,  5.1986e-04, -7.4915e-04,
        -1.0847e-03, -1.1750e-03, -1.1822e-03,  9.1980e-04,  7.5341e-04,
        -2.7132e-05], device='cuda:0', requires_grad=True)
parameters of the network fc2.weight 
 torch.Size([128, 256]) 
 True 
 tensor([[-0.0017,  0.0542,  0.0034,  ...,  0.0102,  0.0177,  0.0554],
        [ 0.0157, -0.0549,  0.0360,  ..., -0.0454,  0.0444, -0.0182],
        [ 0.0113,  0.0548,  0.0505,  ..., -0.0469, -0.0015,  0.0022],
        ...,
        [ 0.0286, -0.0122,  0.0598,  ...,  0.0404, -0.0464, -0.0532],
        [-0.0130, -0.0025, -0.0549,  ..., -0.0132, -0.0279,  0.0367],
        [-0.0016,  0.0443, -0.0154,  ...,  0.0252, -0.0447, -0.0424]],
       device='cuda:0') 
 Parameter containing:
tensor([[-0.0017,  0.0542,  0.0034,  ...,  0.0102,  0.0177,  0.0554],
        [ 0.0157, -0.0549,  0.0360,  ..., -0.0454,  0.0444, -0.0182],
        [ 0.0113,  0.0548,  0.0505,  ..., -0.0469, -0.0015,  0.0022],
        ...,
        [ 0.0286, -0.0122,  0.0598,  ...,  0.0404, -0.0464, -0.0532],
        [-0.0130, -0.0025, -0.0549,  ..., -0.0132, -0.0279,  0.0367],
        [-0.0016,  0.0443, -0.0154,  ...,  0.0252, -0.0447, -0.0424]],
       device='cuda:0', requires_grad=True)
parameters of the network fc2.bias 
 torch.Size([128]) 
 True 
 tensor([-0.0424,  0.0510,  0.0609, -0.0278,  0.0322, -0.0508, -0.0442,  0.0098,
        -0.0228,  0.0421, -0.0101,  0.0499,  0.0286, -0.0320, -0.0379, -0.0529,
         0.0134, -0.0380,  0.0160,  0.0471, -0.0522,  0.0424,  0.0260,  0.0090,
         0.0522,  0.0511,  0.0417,  0.0110, -0.0131,  0.0433, -0.0101, -0.0344,
        -0.0353, -0.0255,  0.0555,  0.0452, -0.0563,  0.0060,  0.0009, -0.0121,
         0.0081, -0.0010,  0.0523,  0.0220, -0.0129,  0.0240, -0.0113, -0.0072,
        -0.0257,  0.0067, -0.0449,  0.0460, -0.0070, -0.0118, -0.0607,  0.0324,
        -0.0456, -0.0356,  0.0582, -0.0532, -0.0210, -0.0459,  0.0443, -0.0391,
        -0.0280,  0.0244, -0.0371, -0.0117, -0.0188, -0.0286,  0.0431, -0.0594,
         0.0540, -0.0207,  0.0508,  0.0390,  0.0137, -0.0453, -0.0149,  0.0608,
         0.0441, -0.0485,  0.0472, -0.0313,  0.0407, -0.0519, -0.0473,  0.0407,
         0.0513, -0.0099, -0.0027, -0.0352,  0.0066, -0.0330,  0.0301, -0.0069,
         0.0288,  0.0150,  0.0264, -0.0504,  0.0084,  0.0418, -0.0107, -0.0013,
        -0.0129,  0.0456,  0.0515, -0.0600, -0.0231, -0.0514,  0.0273,  0.0402,
        -0.0571, -0.0391,  0.0343, -0.0038,  0.0304,  0.0466, -0.0104,  0.0036,
        -0.0434, -0.0413,  0.0127,  0.0163, -0.0212, -0.0526, -0.0541,  0.0417],
       device='cuda:0') 
 Parameter containing:
tensor([-0.0424,  0.0510,  0.0609, -0.0278,  0.0322, -0.0508, -0.0442,  0.0098,
        -0.0228,  0.0421, -0.0101,  0.0499,  0.0286, -0.0320, -0.0379, -0.0529,
         0.0134, -0.0380,  0.0160,  0.0471, -0.0522,  0.0424,  0.0260,  0.0090,
         0.0522,  0.0511,  0.0417,  0.0110, -0.0131,  0.0433, -0.0101, -0.0344,
        -0.0353, -0.0255,  0.0555,  0.0452, -0.0563,  0.0060,  0.0009, -0.0121,
         0.0081, -0.0010,  0.0523,  0.0220, -0.0129,  0.0240, -0.0113, -0.0072,
        -0.0257,  0.0067, -0.0449,  0.0460, -0.0070, -0.0118, -0.0607,  0.0324,
        -0.0456, -0.0356,  0.0582, -0.0532, -0.0210, -0.0459,  0.0443, -0.0391,
        -0.0280,  0.0244, -0.0371, -0.0117, -0.0188, -0.0286,  0.0431, -0.0594,
         0.0540, -0.0207,  0.0508,  0.0390,  0.0137, -0.0453, -0.0149,  0.0608,
         0.0441, -0.0485,  0.0472, -0.0313,  0.0407, -0.0519, -0.0473,  0.0407,
         0.0513, -0.0099, -0.0027, -0.0352,  0.0066, -0.0330,  0.0301, -0.0069,
         0.0288,  0.0150,  0.0264, -0.0504,  0.0084,  0.0418, -0.0107, -0.0013,
        -0.0129,  0.0456,  0.0515, -0.0600, -0.0231, -0.0514,  0.0273,  0.0402,
        -0.0571, -0.0391,  0.0343, -0.0038,  0.0304,  0.0466, -0.0104,  0.0036,
        -0.0434, -0.0413,  0.0127,  0.0163, -0.0212, -0.0526, -0.0541,  0.0417],
       device='cuda:0', requires_grad=True)
parameters of the network fc3.weight 
 torch.Size([64, 128]) 
 True 
 tensor([[-0.0862, -0.0136,  0.0418,  ...,  0.0555, -0.0516, -0.0790],
        [-0.0471,  0.0167, -0.0357,  ..., -0.0292, -0.0412, -0.0017],
        [-0.0610, -0.0034,  0.0729,  ..., -0.0185,  0.0368,  0.0366],
        ...,
        [-0.0566, -0.0322, -0.0609,  ..., -0.0091,  0.0036,  0.0656],
        [ 0.0526,  0.0021,  0.0460,  ..., -0.0804, -0.0260, -0.0661],
        [-0.0380,  0.0666,  0.0205,  ...,  0.0746, -0.0015,  0.0175]],
       device='cuda:0') 
 Parameter containing:
tensor([[-0.0862, -0.0136,  0.0418,  ...,  0.0555, -0.0516, -0.0790],
        [-0.0471,  0.0167, -0.0357,  ..., -0.0292, -0.0412, -0.0017],
        [-0.0610, -0.0034,  0.0729,  ..., -0.0185,  0.0368,  0.0366],
        ...,
        [-0.0566, -0.0322, -0.0609,  ..., -0.0091,  0.0036,  0.0656],
        [ 0.0526,  0.0021,  0.0460,  ..., -0.0804, -0.0260, -0.0661],
        [-0.0380,  0.0666,  0.0205,  ...,  0.0746, -0.0015,  0.0175]],
       device='cuda:0', requires_grad=True)
parameters of the network fc3.bias 
 torch.Size([64]) 
 True 
 tensor([ 0.0843,  0.0041,  0.0486, -0.0107, -0.0630, -0.0740,  0.0278, -0.0104,
         0.0119,  0.0121, -0.0536, -0.0416,  0.0611,  0.0663,  0.0234, -0.0089,
         0.0464,  0.0411,  0.0755, -0.0280, -0.0397, -0.0701,  0.0787,  0.0140,
         0.0368, -0.0484, -0.0240, -0.0633, -0.0685, -0.0356, -0.0359,  0.0618,
        -0.0441,  0.0642,  0.0094, -0.0413,  0.0660,  0.0393,  0.0837, -0.0513,
         0.0229, -0.0640,  0.0523, -0.0115, -0.0618,  0.0670,  0.0483,  0.0033,
        -0.0183, -0.0137, -0.0563,  0.0255,  0.0519,  0.0546, -0.0348, -0.0018,
        -0.0880,  0.0666,  0.0165, -0.0872,  0.0302,  0.0305, -0.0287,  0.0443],
       device='cuda:0') 
 Parameter containing:
tensor([ 0.0843,  0.0041,  0.0486, -0.0107, -0.0630, -0.0740,  0.0278, -0.0104,
         0.0119,  0.0121, -0.0536, -0.0416,  0.0611,  0.0663,  0.0234, -0.0089,
         0.0464,  0.0411,  0.0755, -0.0280, -0.0397, -0.0701,  0.0787,  0.0140,
         0.0368, -0.0484, -0.0240, -0.0633, -0.0685, -0.0356, -0.0359,  0.0618,
        -0.0441,  0.0642,  0.0094, -0.0413,  0.0660,  0.0393,  0.0837, -0.0513,
         0.0229, -0.0640,  0.0523, -0.0115, -0.0618,  0.0670,  0.0483,  0.0033,
        -0.0183, -0.0137, -0.0563,  0.0255,  0.0519,  0.0546, -0.0348, -0.0018,
        -0.0880,  0.0666,  0.0165, -0.0872,  0.0302,  0.0305, -0.0287,  0.0443],
       device='cuda:0', requires_grad=True)
parameters of the network fc4.weight 
 torch.Size([6796, 64]) 
 True 
 tensor([[ 0.0028, -0.0088, -0.0679,  ..., -0.1016,  0.0554,  0.0244],
        [ 0.0475, -0.0257, -0.0349,  ..., -0.1166, -0.0542,  0.1059],
        [-0.0820,  0.1164, -0.1214,  ..., -0.0551,  0.0941, -0.0901],
        ...,
        [ 0.0828, -0.0240, -0.0527,  ...,  0.0971, -0.1070, -0.0007],
        [ 0.0273,  0.1118,  0.0178,  ...,  0.0079,  0.0832, -0.0899],
        [-0.1076, -0.0997,  0.0816,  ..., -0.0984,  0.0703,  0.0202]],
       device='cuda:0') 
 Parameter containing:
tensor([[ 0.0028, -0.0088, -0.0679,  ..., -0.1016,  0.0554,  0.0244],
        [ 0.0475, -0.0257, -0.0349,  ..., -0.1166, -0.0542,  0.1059],
        [-0.0820,  0.1164, -0.1214,  ..., -0.0551,  0.0941, -0.0901],
        ...,
        [ 0.0828, -0.0240, -0.0527,  ...,  0.0971, -0.1070, -0.0007],
        [ 0.0273,  0.1118,  0.0178,  ...,  0.0079,  0.0832, -0.0899],
        [-0.1076, -0.0997,  0.0816,  ..., -0.0984,  0.0703,  0.0202]],
       device='cuda:0', requires_grad=True)
parameters of the network fc4.bias 
 torch.Size([6796]) 
 True 
 tensor([ 0.0453, -0.1199,  0.0937,  ..., -0.0236, -0.0695,  0.1175],
       device='cuda:0') 
 Parameter containing:
tensor([ 0.0453, -0.1199,  0.0937,  ..., -0.0236, -0.0695,  0.1175],
       device='cuda:0', requires_grad=True)

Passing event 1007 from the network before training input tensor([[0., 0., 0.,  ..., 0., 0., 0.],
        [0., 0., 0.,  ..., 0., 0., 0.],
        [0., 0., 0.,  ..., 0., 0., 0.],
        ...,
        [0., 0., 0.,  ..., 0., 0., 0.],
        [0., 0., 0.,  ..., 0., 0., 0.],
        [0., 0., 0.,  ..., 0., 0., 0.]]) 
result1: tensor([[0.0002, 0.0001, 0.0002,  ..., 0.0001, 0.0001, 0.0002],
        [0.0002, 0.0001, 0.0002,  ..., 0.0001, 0.0001, 0.0002],
        [0.0002, 0.0001, 0.0002,  ..., 0.0001, 0.0001, 0.0002],
        ...,
        [0.0002, 0.0001, 0.0002,  ..., 0.0001, 0.0001, 0.0002],
        [0.0002, 0.0001, 0.0002,  ..., 0.0001, 0.0001, 0.0002],
        [0.0002, 0.0001, 0.0002,  ..., 0.0001, 0.0001, 0.0002]],
       device='cuda:0', grad_fn=<SoftmaxBackward0>) 
result1.shape: torch.Size([20, 6796])

Passing two random events from the network before training 
result1: tensor([[0.0002, 0.0001, 0.0002,  ..., 0.0001, 0.0001, 0.0002],
        [0.0002, 0.0001, 0.0002,  ..., 0.0001, 0.0001, 0.0002],
        [0.0002, 0.0001, 0.0002,  ..., 0.0001, 0.0001, 0.0002],
        ...,
        [0.0002, 0.0001, 0.0002,  ..., 0.0001, 0.0001, 0.0002],
        [0.0002, 0.0001, 0.0002,  ..., 0.0001, 0.0001, 0.0002],
        [0.0002, 0.0001, 0.0002,  ..., 0.0001, 0.0001, 0.0002]],
       device='cuda:0', grad_fn=<SoftmaxBackward0>) 
result1.shape: torch.Size([20, 6796]) 
input: [[0. 0. 0. ... 0. 0. 0.]
 [0. 0. 0. ... 0. 0. 0.]
 [0. 0. 0. ... 0. 0. 0.]
 ...
 [0. 0. 0. ... 0. 0. 0.]
 [0. 0. 0. ... 0. 0. 0.]
 [0. 0. 0. ... 0. 0. 0.]]
Traceback (most recent call last):
  File "/hpcfs/bes/mlgpu/hoseinkk/MLTracking/otherparticles/pppipi/pyt_pppipi_cnn_2/./Trainings0.py", line 51, in <module>
    checkpoint_load(torch.load(F"{checkpoint_dir_path}/checkpoint_dir/{TraEvN}{EpochNum}{startmesh}saved_checkpoint.tar"))
  File "/hpcfs/bes/mlgpu/hoseinkk/Miniconda3/envs/dgl1/lib/python3.9/site-packages/torch/serialization.py", line 594, in load
    with _open_file_like(f, 'rb') as opened_file:
  File "/hpcfs/bes/mlgpu/hoseinkk/Miniconda3/envs/dgl1/lib/python3.9/site-packages/torch/serialization.py", line 230, in _open_file_like
    return _open_file(name_or_buffer, mode)
  File "/hpcfs/bes/mlgpu/hoseinkk/Miniconda3/envs/dgl1/lib/python3.9/site-packages/torch/serialization.py", line 211, in __init__
    super(_open_file, self).__init__(open(name, mode))
FileNotFoundError: [Errno 2] No such file or directory: '/hpcfs/bes/mlgpu/hoseinkk/MLTracking/otherparticles/pppipi/pyt_pppipi_cnn_2/checkpoint_dir/1000830305saved_checkpoint.tar'

real	0m47.468s
user	0m15.288s
sys	0m7.998s
