0: gpu021.ihep.ac.cn
GPU 0: Tesla V100-SXM2-32GB (UUID: GPU-ac352fa0-e553-4a4b-9138-f546b3cbd7bb)
Allocate GPU cards : 0

modinfo:
filename:       /lib/modules/3.10.0-1160.71.1.el7.x86_64/extra/nvidia.ko.xz
firmware:       nvidia/515.65.01/gsp.bin
alias:          char-major-195-*
version:        515.65.01
supported:      external
license:        NVIDIA
retpoline:      Y
rhelversion:    7.9
srcversion:     8049D44E2C1B08F41E1B8A6
alias:          pci:v000010DEd*sv*sd*bc06sc80i00*
alias:          pci:v000010DEd*sv*sd*bc03sc02i00*
alias:          pci:v000010DEd*sv*sd*bc03sc00i00*
depends:        drm
vermagic:       3.10.0-1160.71.1.el7.x86_64 SMP mod_unload modversions 
signer:         DKMS module signing key
sig_key:        C2:44:16:3E:F4:B2:32:61:B4:43:86:F6:64:80:CC:44:95:DA:BA:12
sig_hashalgo:   sha512
parm:           NvSwitchRegDwords:NvSwitch regkey (charp)
parm:           NvSwitchBlacklist:NvSwitchBlacklist=uuid[,uuid...] (charp)
parm:           NVreg_ResmanDebugLevel:int
parm:           NVreg_RmLogonRC:int
parm:           NVreg_ModifyDeviceFiles:int
parm:           NVreg_DeviceFileUID:int
parm:           NVreg_DeviceFileGID:int
parm:           NVreg_DeviceFileMode:int
parm:           NVreg_InitializeSystemMemoryAllocations:int
parm:           NVreg_UsePageAttributeTable:int
parm:           NVreg_EnablePCIeGen3:int
parm:           NVreg_EnableMSI:int
parm:           NVreg_TCEBypassMode:int
parm:           NVreg_EnableStreamMemOPs:int
parm:           NVreg_RestrictProfilingToAdminUsers:int
parm:           NVreg_PreserveVideoMemoryAllocations:int
parm:           NVreg_EnableS0ixPowerManagement:int
parm:           NVreg_S0ixPowerManagementVideoMemoryThreshold:int
parm:           NVreg_DynamicPowerManagement:int
parm:           NVreg_DynamicPowerManagementVideoMemoryThreshold:int
parm:           NVreg_EnableGpuFirmware:int
parm:           NVreg_EnableGpuFirmwareLogs:int
parm:           NVreg_OpenRmEnableUnsupportedGpus:int
parm:           NVreg_EnableUserNUMAManagement:int
parm:           NVreg_MemoryPoolSize:int
parm:           NVreg_KMallocHeapMaxSize:int
parm:           NVreg_VMallocHeapMaxSize:int
parm:           NVreg_IgnoreMMIOCheck:int
parm:           NVreg_NvLinkDisable:int
parm:           NVreg_EnablePCIERelaxedOrderingMode:int
parm:           NVreg_RegisterPCIDriver:int
parm:           NVreg_EnableDbgBreakpoint:int
parm:           NVreg_RegistryDwords:charp
parm:           NVreg_RegistryDwordsPerDevice:charp
parm:           NVreg_RmMsg:charp
parm:           NVreg_GpuBlacklist:charp
parm:           NVreg_TemporaryFilePath:charp
parm:           NVreg_ExcludedGpus:charp
parm:           NVreg_DmaRemapPeerMmio:int
parm:           rm_firmware_active:charp

nvidia-smi:
Thu Sep  1 06:27:32 2022       
+-----------------------------------------------------------------------------+
| NVIDIA-SMI 515.65.01    Driver Version: 515.65.01    CUDA Version: 11.7     |
|-------------------------------+----------------------+----------------------+
| GPU  Name        Persistence-M| Bus-Id        Disp.A | Volatile Uncorr. ECC |
| Fan  Temp  Perf  Pwr:Usage/Cap|         Memory-Usage | GPU-Util  Compute M. |
|                               |                      |               MIG M. |
|===============================+======================+======================|
|   0  Tesla V100-SXM2...  On   | 00000000:1D:00.0 Off |                    0 |
| N/A   34C    P0    43W / 300W |      0MiB / 32768MiB |      0%      Default |
|                               |                      |                  N/A |
+-------------------------------+----------------------+----------------------+
                                                                               
+-----------------------------------------------------------------------------+
| Processes:                                                                  |
|  GPU   GI   CI        PID   Type   Process name                  GPU Memory |
|        ID   ID                                                   Usage      |
|=============================================================================|
|  No running processes found                                                 |
+-----------------------------------------------------------------------------+

nvcc --version:
nvcc: NVIDIA (R) Cuda compiler driver
Copyright (c) 2005-2021 NVIDIA Corporation
Built on Sun_Mar_21_19:15:46_PDT_2021
Cuda compilation tools, release 11.3, V11.3.58
Build cuda_11.3.r11.3/compiler.29745058_0

 torch version: 1.10.2

 cuda version: 11.3

 is cuda available: True

 CUDNN VERSION: 8200

 Number CUDA Devices: 1

 CUDA Device Name: Tesla V100-SXM2-32GB

 CUDA Device Total Memory [GB]: 34.089926656

 Device capability: (7, 0) 

 Cuda deviice: <torch.cuda.device object at 0x2b1b02a308e0> 

 Is cuda initialized: True

 CUDA_HOME: /hpcfs/bes/mlgpu/hoseinkk/Miniconda3/envs/dgl1

real	0m4.965s
user	0m2.736s
sys	0m0.813s
/hpcfs/bes/mlgpu/hoseinkk/Miniconda3/envs/dgl1/lib/python3.9/site-packages/cupy/_environment.py:438: UserWarning: 
--------------------------------------------------------------------------------

  CuPy may not function correctly because multiple CuPy packages are installed
  in your environment:

    cupy, cupy-cuda110

  Follow these steps to resolve this issue:

    1. For all packages listed above, run the following command to remove all
       existing CuPy installations:

         $ pip uninstall <package_name>

      If you previously installed CuPy via conda, also run the following:

         $ conda uninstall cupy

    2. Install the appropriate CuPy package.
       Refer to the Installation Guide for detailed instructions.

         https://docs.cupy.dev/en/stable/install.html

--------------------------------------------------------------------------------

  warnings.warn(f'''




 Training ... 






 The Network ... 







 Loading data ... 



training set shape (20000, 43, 288) 
sum 5279207

target set shape (20000, 6796) 
sum 4575851
Net(
  (conv1): Conv2d(1, 256, kernel_size=(3, 3), stride=(1, 1))
  (conv2): Conv2d(256, 128, kernel_size=(3, 3), stride=(1, 1))
  (conv3): Conv2d(128, 64, kernel_size=(3, 3), stride=(1, 1))
  (fc1): Linear(in_features=667776, out_features=256, bias=True)
  (fc2): Linear(in_features=256, out_features=128, bias=True)
  (fc3): Linear(in_features=128, out_features=64, bias=True)
  (fc4): Linear(in_features=64, out_features=6796, bias=True)
)

number of the free parameters: 171805196
parameters of the network conv1.weight 
 torch.Size([256, 1, 3, 3]) 
 True 
 tensor([[[[ 0.2649,  0.1133,  0.2088],
          [-0.0985,  0.1284,  0.1571],
          [-0.0165,  0.0477,  0.1608]]],


        [[[ 0.0751,  0.1632,  0.1395],
          [ 0.0632, -0.0040, -0.2677],
          [ 0.1096, -0.2151, -0.0369]]],


        [[[-0.0768, -0.0020,  0.3103],
          [-0.1949, -0.2555, -0.0300],
          [ 0.2912,  0.0695, -0.2774]]],


        ...,


        [[[ 0.2493,  0.1108, -0.0349],
          [ 0.0460, -0.2172, -0.0914],
          [ 0.2059,  0.2004,  0.3175]]],


        [[[ 0.0641, -0.3114,  0.3179],
          [-0.0082,  0.2121, -0.0384],
          [-0.2331, -0.2793,  0.0302]]],


        [[[-0.1948, -0.0081,  0.2804],
          [ 0.0497,  0.3312, -0.2438],
          [ 0.2274,  0.0137,  0.1831]]]], device='cuda:0') 
 Parameter containing:
tensor([[[[ 0.2649,  0.1133,  0.2088],
          [-0.0985,  0.1284,  0.1571],
          [-0.0165,  0.0477,  0.1608]]],


        [[[ 0.0751,  0.1632,  0.1395],
          [ 0.0632, -0.0040, -0.2677],
          [ 0.1096, -0.2151, -0.0369]]],


        [[[-0.0768, -0.0020,  0.3103],
          [-0.1949, -0.2555, -0.0300],
          [ 0.2912,  0.0695, -0.2774]]],


        ...,


        [[[ 0.2493,  0.1108, -0.0349],
          [ 0.0460, -0.2172, -0.0914],
          [ 0.2059,  0.2004,  0.3175]]],


        [[[ 0.0641, -0.3114,  0.3179],
          [-0.0082,  0.2121, -0.0384],
          [-0.2331, -0.2793,  0.0302]]],


        [[[-0.1948, -0.0081,  0.2804],
          [ 0.0497,  0.3312, -0.2438],
          [ 0.2274,  0.0137,  0.1831]]]], device='cuda:0', requires_grad=True)
parameters of the network conv1.bias 
 torch.Size([256]) 
 True 
 tensor([-0.0804,  0.2191,  0.0623, -0.1246, -0.0526,  0.0789, -0.0043, -0.2420,
         0.2417,  0.1210,  0.2057, -0.2312,  0.2173, -0.2070, -0.1679, -0.1726,
         0.1373, -0.0629, -0.1304,  0.3279, -0.1827,  0.0718,  0.2145, -0.1456,
         0.1286, -0.0599, -0.1348,  0.0692, -0.2214,  0.3081,  0.1241, -0.0819,
         0.1157,  0.1057,  0.0358, -0.0734,  0.2705, -0.0646, -0.1129,  0.1910,
        -0.1595,  0.1546, -0.2213, -0.1200, -0.2458, -0.2058,  0.3104, -0.2108,
         0.2055,  0.0263, -0.0903, -0.2991, -0.0719, -0.3234,  0.3187,  0.1656,
         0.1202,  0.2765,  0.0303,  0.0232, -0.1518, -0.0573,  0.2844, -0.1726,
         0.1146, -0.3190, -0.0550,  0.3155,  0.2337,  0.0204, -0.2545, -0.1414,
        -0.1051,  0.2213,  0.0860, -0.2184, -0.2833, -0.2177, -0.2415, -0.3149,
         0.1997,  0.2056, -0.2372, -0.1221, -0.0205, -0.0157,  0.0270,  0.0925,
         0.1780,  0.1739,  0.2072, -0.3032, -0.3215, -0.1680,  0.1693,  0.0246,
        -0.0293,  0.2849, -0.1830, -0.3063, -0.0569,  0.2809,  0.0474,  0.1204,
         0.2760, -0.2138, -0.0379,  0.1903,  0.3056,  0.0928,  0.1127,  0.0009,
        -0.0568, -0.1941,  0.0796, -0.0102, -0.2613,  0.2992,  0.0541, -0.0448,
        -0.2205,  0.1546, -0.0681, -0.0589, -0.0467, -0.2822, -0.1818,  0.2015,
        -0.0503, -0.1273,  0.1540,  0.0643,  0.2658, -0.1097,  0.2202,  0.0487,
        -0.2611,  0.2750, -0.1529, -0.0166, -0.0533,  0.0960,  0.1223, -0.0254,
        -0.0367,  0.2358, -0.2091, -0.3235, -0.0846, -0.0020,  0.2859,  0.1444,
         0.2144,  0.0168, -0.2590,  0.1464, -0.2831, -0.1996, -0.1443,  0.0611,
        -0.0955, -0.3051, -0.3020, -0.0427,  0.2439, -0.1128,  0.2159, -0.1659,
         0.2174,  0.1405,  0.1002,  0.2936, -0.2220, -0.0311, -0.1811,  0.2137,
         0.1048,  0.2912,  0.2577, -0.0492,  0.3085,  0.0065, -0.2400,  0.2657,
        -0.0780,  0.1511, -0.2918, -0.0968,  0.2678,  0.2253, -0.2774, -0.2876,
         0.1071,  0.0246,  0.1226, -0.0016,  0.1243, -0.1818,  0.1686, -0.0127,
         0.2116, -0.2602,  0.0862,  0.0518,  0.2031,  0.1410,  0.2295,  0.2734,
         0.2261,  0.1947, -0.0022,  0.2390, -0.2553, -0.0664,  0.2334, -0.0917,
         0.2107, -0.1625,  0.3047, -0.1925,  0.2640,  0.0448, -0.1790, -0.0716,
         0.0404,  0.1934, -0.2173, -0.1438, -0.1871,  0.0476, -0.0471,  0.0475,
         0.1978,  0.1602,  0.1674, -0.0324,  0.2143, -0.0743,  0.1156, -0.1391,
         0.0474,  0.1189,  0.2483,  0.0987,  0.0119, -0.0672,  0.0054,  0.0516,
        -0.3203, -0.2169, -0.2356, -0.0225, -0.3315, -0.2147, -0.3059, -0.2096],
       device='cuda:0') 
 Parameter containing:
tensor([-0.0804,  0.2191,  0.0623, -0.1246, -0.0526,  0.0789, -0.0043, -0.2420,
         0.2417,  0.1210,  0.2057, -0.2312,  0.2173, -0.2070, -0.1679, -0.1726,
         0.1373, -0.0629, -0.1304,  0.3279, -0.1827,  0.0718,  0.2145, -0.1456,
         0.1286, -0.0599, -0.1348,  0.0692, -0.2214,  0.3081,  0.1241, -0.0819,
         0.1157,  0.1057,  0.0358, -0.0734,  0.2705, -0.0646, -0.1129,  0.1910,
        -0.1595,  0.1546, -0.2213, -0.1200, -0.2458, -0.2058,  0.3104, -0.2108,
         0.2055,  0.0263, -0.0903, -0.2991, -0.0719, -0.3234,  0.3187,  0.1656,
         0.1202,  0.2765,  0.0303,  0.0232, -0.1518, -0.0573,  0.2844, -0.1726,
         0.1146, -0.3190, -0.0550,  0.3155,  0.2337,  0.0204, -0.2545, -0.1414,
        -0.1051,  0.2213,  0.0860, -0.2184, -0.2833, -0.2177, -0.2415, -0.3149,
         0.1997,  0.2056, -0.2372, -0.1221, -0.0205, -0.0157,  0.0270,  0.0925,
         0.1780,  0.1739,  0.2072, -0.3032, -0.3215, -0.1680,  0.1693,  0.0246,
        -0.0293,  0.2849, -0.1830, -0.3063, -0.0569,  0.2809,  0.0474,  0.1204,
         0.2760, -0.2138, -0.0379,  0.1903,  0.3056,  0.0928,  0.1127,  0.0009,
        -0.0568, -0.1941,  0.0796, -0.0102, -0.2613,  0.2992,  0.0541, -0.0448,
        -0.2205,  0.1546, -0.0681, -0.0589, -0.0467, -0.2822, -0.1818,  0.2015,
        -0.0503, -0.1273,  0.1540,  0.0643,  0.2658, -0.1097,  0.2202,  0.0487,
        -0.2611,  0.2750, -0.1529, -0.0166, -0.0533,  0.0960,  0.1223, -0.0254,
        -0.0367,  0.2358, -0.2091, -0.3235, -0.0846, -0.0020,  0.2859,  0.1444,
         0.2144,  0.0168, -0.2590,  0.1464, -0.2831, -0.1996, -0.1443,  0.0611,
        -0.0955, -0.3051, -0.3020, -0.0427,  0.2439, -0.1128,  0.2159, -0.1659,
         0.2174,  0.1405,  0.1002,  0.2936, -0.2220, -0.0311, -0.1811,  0.2137,
         0.1048,  0.2912,  0.2577, -0.0492,  0.3085,  0.0065, -0.2400,  0.2657,
        -0.0780,  0.1511, -0.2918, -0.0968,  0.2678,  0.2253, -0.2774, -0.2876,
         0.1071,  0.0246,  0.1226, -0.0016,  0.1243, -0.1818,  0.1686, -0.0127,
         0.2116, -0.2602,  0.0862,  0.0518,  0.2031,  0.1410,  0.2295,  0.2734,
         0.2261,  0.1947, -0.0022,  0.2390, -0.2553, -0.0664,  0.2334, -0.0917,
         0.2107, -0.1625,  0.3047, -0.1925,  0.2640,  0.0448, -0.1790, -0.0716,
         0.0404,  0.1934, -0.2173, -0.1438, -0.1871,  0.0476, -0.0471,  0.0475,
         0.1978,  0.1602,  0.1674, -0.0324,  0.2143, -0.0743,  0.1156, -0.1391,
         0.0474,  0.1189,  0.2483,  0.0987,  0.0119, -0.0672,  0.0054,  0.0516,
        -0.3203, -0.2169, -0.2356, -0.0225, -0.3315, -0.2147, -0.3059, -0.2096],
       device='cuda:0', requires_grad=True)
parameters of the network conv2.weight 
 torch.Size([128, 256, 3, 3]) 
 True 
 tensor([[[[-1.3290e-02, -4.6475e-03, -7.8562e-03],
          [ 1.1954e-03, -1.2803e-02, -1.4837e-02],
          [-7.8981e-03, -1.7020e-02,  1.0725e-02]],

         [[ 1.7862e-02, -1.1363e-03, -1.0056e-02],
          [ 2.3645e-03,  1.6817e-02,  5.7109e-03],
          [-1.7360e-02,  1.8613e-02,  1.3331e-02]],

         [[-8.5080e-03,  6.9485e-03, -7.2948e-03],
          [-3.4796e-03, -1.9619e-02,  9.1580e-03],
          [-1.2511e-02,  4.9328e-04, -1.3934e-02]],

         ...,

         [[-1.1311e-02, -1.2850e-02, -1.8645e-02],
          [-1.1940e-02,  7.4504e-03, -3.4469e-04],
          [-1.9306e-02,  1.5154e-02,  1.4664e-02]],

         [[-2.0399e-02,  1.5608e-02, -1.2963e-02],
          [ 8.1494e-04,  1.2462e-02, -1.1362e-02],
          [ 1.4126e-02,  1.2651e-02,  1.6405e-02]],

         [[-1.0160e-02, -4.6498e-03, -2.5703e-04],
          [ 1.7547e-02,  1.8344e-02,  2.4978e-03],
          [-1.3533e-02,  1.6149e-02,  1.3013e-02]]],


        [[[-2.0342e-02,  7.9228e-03,  5.9470e-03],
          [ 2.0118e-03, -1.4597e-02, -1.0270e-02],
          [-4.2827e-03, -1.8678e-02, -1.7095e-02]],

         [[ 6.1815e-03,  2.0324e-02,  8.9082e-03],
          [-1.7495e-02, -1.1207e-02, -1.4905e-02],
          [-9.5205e-03, -1.9830e-02, -8.4175e-03]],

         [[ 1.4385e-02, -1.4185e-02, -1.4183e-02],
          [ 1.4928e-02,  1.7601e-02,  6.8495e-03],
          [ 1.4100e-02, -1.3850e-03,  1.3205e-03]],

         ...,

         [[-1.2777e-02, -1.6714e-03, -1.4738e-02],
          [ 2.9014e-04,  5.5587e-03,  1.9667e-02],
          [-8.3313e-04,  5.5931e-03, -1.5143e-02]],

         [[-9.7282e-03, -4.7707e-03, -1.4930e-03],
          [-1.1917e-02,  3.3016e-03, -6.7088e-03],
          [-1.9954e-02, -9.9262e-03, -1.9732e-03]],

         [[ 2.6354e-03,  1.4276e-02, -6.2059e-03],
          [-1.4798e-02,  5.8267e-03,  1.5289e-02],
          [ 5.7497e-03,  1.6754e-02,  8.3853e-03]]],


        [[[-1.9783e-02,  3.3241e-03, -8.7161e-03],
          [ 1.1762e-02, -7.1620e-03, -4.6856e-03],
          [-1.5060e-02, -1.5430e-02,  2.0602e-02]],

         [[-1.6419e-02, -9.6807e-03, -1.1354e-02],
          [ 1.7596e-03,  9.4517e-03,  1.3034e-02],
          [ 1.5153e-02,  2.5186e-03, -1.8497e-02]],

         [[-1.6390e-04, -8.5988e-04, -1.3920e-02],
          [ 2.0381e-02,  1.0339e-02,  1.2768e-04],
          [-1.9543e-02, -7.2042e-03,  1.5799e-02]],

         ...,

         [[ 8.1713e-03, -1.3415e-02,  1.7144e-02],
          [ 1.5352e-02, -2.0062e-02,  1.0209e-02],
          [ 1.6441e-02,  6.2654e-03, -8.9246e-03]],

         [[ 1.8202e-02, -4.9597e-03,  1.1053e-02],
          [-1.8536e-02, -4.8408e-03,  2.0719e-03],
          [ 1.6522e-02, -3.8582e-03, -1.3334e-02]],

         [[-6.7527e-03,  1.7479e-02, -1.1535e-02],
          [ 6.1659e-03,  3.3870e-03, -2.7816e-04],
          [ 7.8802e-03,  1.2626e-02, -1.3252e-02]]],


        ...,


        [[[-6.7272e-03,  3.0259e-03, -4.0231e-03],
          [-1.1577e-04, -1.7540e-02,  1.4120e-03],
          [ 7.3619e-03, -1.4682e-02,  1.5607e-02]],

         [[-1.0613e-02, -4.3007e-03, -1.5604e-02],
          [ 6.8879e-03,  3.0760e-03, -2.0777e-02],
          [-1.4984e-02, -9.2985e-03, -7.8900e-03]],

         [[-1.5615e-02,  1.4966e-03, -1.7294e-02],
          [-1.4332e-02, -1.9434e-02,  6.3959e-03],
          [-2.0811e-02, -1.0573e-02, -4.3720e-03]],

         ...,

         [[ 1.5272e-02, -4.4098e-03,  1.0397e-04],
          [ 3.6082e-03, -1.6228e-02, -7.5376e-03],
          [-5.2637e-03,  7.8434e-03, -1.2298e-02]],

         [[ 1.6401e-02, -8.2986e-03, -7.2792e-03],
          [ 1.9002e-02, -7.8457e-03,  1.7277e-02],
          [-1.0120e-02,  9.1721e-03, -1.2670e-02]],

         [[ 3.9871e-03, -1.1173e-02, -4.3544e-03],
          [-2.0433e-02, -3.4819e-05,  1.9917e-02],
          [-1.3894e-02, -1.6646e-02,  1.1016e-02]]],


        [[[ 2.6234e-03,  1.6066e-02, -1.2804e-02],
          [ 1.5082e-03, -4.0652e-03, -3.0456e-03],
          [ 3.7808e-03, -3.9897e-03, -7.3953e-03]],

         [[-1.9523e-02,  6.1268e-03, -8.0521e-03],
          [-1.1981e-02, -1.8506e-02,  2.4735e-03],
          [ 1.0096e-02, -3.1422e-03,  1.4800e-03]],

         [[ 1.1244e-03,  1.7735e-02,  9.7152e-03],
          [ 9.6854e-03,  1.1484e-02,  5.7273e-03],
          [ 1.6284e-02,  1.5214e-02,  8.6887e-03]],

         ...,

         [[-1.6951e-02, -1.3243e-03, -1.2954e-02],
          [-5.4508e-03, -9.1063e-03, -1.1368e-02],
          [-2.1129e-03,  1.1368e-02, -1.9054e-02]],

         [[ 1.7444e-02,  5.6811e-03,  9.0945e-03],
          [ 2.2207e-03, -1.4404e-02, -6.2570e-03],
          [ 2.8949e-03,  1.4204e-02,  4.6523e-03]],

         [[-1.7065e-02,  9.7457e-03, -5.8522e-03],
          [ 7.6609e-03,  1.0530e-02, -1.5910e-02],
          [-1.8085e-02,  1.6366e-03, -5.0200e-05]]],


        [[[ 1.9342e-02, -1.2612e-02, -5.4308e-03],
          [ 1.0807e-02,  4.8847e-04, -2.1924e-03],
          [ 3.9577e-03,  1.5792e-02, -6.8277e-03]],

         [[-1.8627e-02, -2.1626e-03, -1.2738e-02],
          [-1.5679e-02, -3.5758e-03,  5.5371e-03],
          [-1.1634e-02, -1.2838e-02, -2.0262e-02]],

         [[ 6.5934e-03,  1.7230e-03, -2.0574e-03],
          [-1.2162e-02,  1.4341e-03, -2.7893e-03],
          [ 1.1793e-02,  2.2115e-03,  1.5916e-02]],

         ...,

         [[ 2.2147e-03, -1.9701e-02, -1.8503e-02],
          [-1.1187e-02,  2.0309e-02, -1.3763e-02],
          [-9.4135e-03, -1.0846e-03, -1.9114e-02]],

         [[-9.3622e-03, -1.9770e-02, -1.9808e-02],
          [-1.2174e-02,  9.2680e-04, -1.0517e-02],
          [-1.4179e-02,  1.7493e-02, -1.9392e-02]],

         [[ 2.8080e-03,  1.5393e-02,  3.3410e-03],
          [ 1.4942e-02,  1.0430e-03, -8.0353e-03],
          [-1.6142e-02, -2.2884e-03,  1.3005e-02]]]], device='cuda:0') 
 Parameter containing:
tensor([[[[-1.3290e-02, -4.6475e-03, -7.8562e-03],
          [ 1.1954e-03, -1.2803e-02, -1.4837e-02],
          [-7.8981e-03, -1.7020e-02,  1.0725e-02]],

         [[ 1.7862e-02, -1.1363e-03, -1.0056e-02],
          [ 2.3645e-03,  1.6817e-02,  5.7109e-03],
          [-1.7360e-02,  1.8613e-02,  1.3331e-02]],

         [[-8.5080e-03,  6.9485e-03, -7.2948e-03],
          [-3.4796e-03, -1.9619e-02,  9.1580e-03],
          [-1.2511e-02,  4.9328e-04, -1.3934e-02]],

         ...,

         [[-1.1311e-02, -1.2850e-02, -1.8645e-02],
          [-1.1940e-02,  7.4504e-03, -3.4469e-04],
          [-1.9306e-02,  1.5154e-02,  1.4664e-02]],

         [[-2.0399e-02,  1.5608e-02, -1.2963e-02],
          [ 8.1494e-04,  1.2462e-02, -1.1362e-02],
          [ 1.4126e-02,  1.2651e-02,  1.6405e-02]],

         [[-1.0160e-02, -4.6498e-03, -2.5703e-04],
          [ 1.7547e-02,  1.8344e-02,  2.4978e-03],
          [-1.3533e-02,  1.6149e-02,  1.3013e-02]]],


        [[[-2.0342e-02,  7.9228e-03,  5.9470e-03],
          [ 2.0118e-03, -1.4597e-02, -1.0270e-02],
          [-4.2827e-03, -1.8678e-02, -1.7095e-02]],

         [[ 6.1815e-03,  2.0324e-02,  8.9082e-03],
          [-1.7495e-02, -1.1207e-02, -1.4905e-02],
          [-9.5205e-03, -1.9830e-02, -8.4175e-03]],

         [[ 1.4385e-02, -1.4185e-02, -1.4183e-02],
          [ 1.4928e-02,  1.7601e-02,  6.8495e-03],
          [ 1.4100e-02, -1.3850e-03,  1.3205e-03]],

         ...,

         [[-1.2777e-02, -1.6714e-03, -1.4738e-02],
          [ 2.9014e-04,  5.5587e-03,  1.9667e-02],
          [-8.3313e-04,  5.5931e-03, -1.5143e-02]],

         [[-9.7282e-03, -4.7707e-03, -1.4930e-03],
          [-1.1917e-02,  3.3016e-03, -6.7088e-03],
          [-1.9954e-02, -9.9262e-03, -1.9732e-03]],

         [[ 2.6354e-03,  1.4276e-02, -6.2059e-03],
          [-1.4798e-02,  5.8267e-03,  1.5289e-02],
          [ 5.7497e-03,  1.6754e-02,  8.3853e-03]]],


        [[[-1.9783e-02,  3.3241e-03, -8.7161e-03],
          [ 1.1762e-02, -7.1620e-03, -4.6856e-03],
          [-1.5060e-02, -1.5430e-02,  2.0602e-02]],

         [[-1.6419e-02, -9.6807e-03, -1.1354e-02],
          [ 1.7596e-03,  9.4517e-03,  1.3034e-02],
          [ 1.5153e-02,  2.5186e-03, -1.8497e-02]],

         [[-1.6390e-04, -8.5988e-04, -1.3920e-02],
          [ 2.0381e-02,  1.0339e-02,  1.2768e-04],
          [-1.9543e-02, -7.2042e-03,  1.5799e-02]],

         ...,

         [[ 8.1713e-03, -1.3415e-02,  1.7144e-02],
          [ 1.5352e-02, -2.0062e-02,  1.0209e-02],
          [ 1.6441e-02,  6.2654e-03, -8.9246e-03]],

         [[ 1.8202e-02, -4.9597e-03,  1.1053e-02],
          [-1.8536e-02, -4.8408e-03,  2.0719e-03],
          [ 1.6522e-02, -3.8582e-03, -1.3334e-02]],

         [[-6.7527e-03,  1.7479e-02, -1.1535e-02],
          [ 6.1659e-03,  3.3870e-03, -2.7816e-04],
          [ 7.8802e-03,  1.2626e-02, -1.3252e-02]]],


        ...,


        [[[-6.7272e-03,  3.0259e-03, -4.0231e-03],
          [-1.1577e-04, -1.7540e-02,  1.4120e-03],
          [ 7.3619e-03, -1.4682e-02,  1.5607e-02]],

         [[-1.0613e-02, -4.3007e-03, -1.5604e-02],
          [ 6.8879e-03,  3.0760e-03, -2.0777e-02],
          [-1.4984e-02, -9.2985e-03, -7.8900e-03]],

         [[-1.5615e-02,  1.4966e-03, -1.7294e-02],
          [-1.4332e-02, -1.9434e-02,  6.3959e-03],
          [-2.0811e-02, -1.0573e-02, -4.3720e-03]],

         ...,

         [[ 1.5272e-02, -4.4098e-03,  1.0397e-04],
          [ 3.6082e-03, -1.6228e-02, -7.5376e-03],
          [-5.2637e-03,  7.8434e-03, -1.2298e-02]],

         [[ 1.6401e-02, -8.2986e-03, -7.2792e-03],
          [ 1.9002e-02, -7.8457e-03,  1.7277e-02],
          [-1.0120e-02,  9.1721e-03, -1.2670e-02]],

         [[ 3.9871e-03, -1.1173e-02, -4.3544e-03],
          [-2.0433e-02, -3.4819e-05,  1.9917e-02],
          [-1.3894e-02, -1.6646e-02,  1.1016e-02]]],


        [[[ 2.6234e-03,  1.6066e-02, -1.2804e-02],
          [ 1.5082e-03, -4.0652e-03, -3.0456e-03],
          [ 3.7808e-03, -3.9897e-03, -7.3953e-03]],

         [[-1.9523e-02,  6.1268e-03, -8.0521e-03],
          [-1.1981e-02, -1.8506e-02,  2.4735e-03],
          [ 1.0096e-02, -3.1422e-03,  1.4800e-03]],

         [[ 1.1244e-03,  1.7735e-02,  9.7152e-03],
          [ 9.6854e-03,  1.1484e-02,  5.7273e-03],
          [ 1.6284e-02,  1.5214e-02,  8.6887e-03]],

         ...,

         [[-1.6951e-02, -1.3243e-03, -1.2954e-02],
          [-5.4508e-03, -9.1063e-03, -1.1368e-02],
          [-2.1129e-03,  1.1368e-02, -1.9054e-02]],

         [[ 1.7444e-02,  5.6811e-03,  9.0945e-03],
          [ 2.2207e-03, -1.4404e-02, -6.2570e-03],
          [ 2.8949e-03,  1.4204e-02,  4.6523e-03]],

         [[-1.7065e-02,  9.7457e-03, -5.8522e-03],
          [ 7.6609e-03,  1.0530e-02, -1.5910e-02],
          [-1.8085e-02,  1.6366e-03, -5.0200e-05]]],


        [[[ 1.9342e-02, -1.2612e-02, -5.4308e-03],
          [ 1.0807e-02,  4.8847e-04, -2.1924e-03],
          [ 3.9577e-03,  1.5792e-02, -6.8277e-03]],

         [[-1.8627e-02, -2.1626e-03, -1.2738e-02],
          [-1.5679e-02, -3.5758e-03,  5.5371e-03],
          [-1.1634e-02, -1.2838e-02, -2.0262e-02]],

         [[ 6.5934e-03,  1.7230e-03, -2.0574e-03],
          [-1.2162e-02,  1.4341e-03, -2.7893e-03],
          [ 1.1793e-02,  2.2115e-03,  1.5916e-02]],

         ...,

         [[ 2.2147e-03, -1.9701e-02, -1.8503e-02],
          [-1.1187e-02,  2.0309e-02, -1.3763e-02],
          [-9.4135e-03, -1.0846e-03, -1.9114e-02]],

         [[-9.3622e-03, -1.9770e-02, -1.9808e-02],
          [-1.2174e-02,  9.2680e-04, -1.0517e-02],
          [-1.4179e-02,  1.7493e-02, -1.9392e-02]],

         [[ 2.8080e-03,  1.5393e-02,  3.3410e-03],
          [ 1.4942e-02,  1.0430e-03, -8.0353e-03],
          [-1.6142e-02, -2.2884e-03,  1.3005e-02]]]], device='cuda:0',
       requires_grad=True)
parameters of the network conv2.bias 
 torch.Size([128]) 
 True 
 tensor([-1.3972e-02,  7.0802e-03,  1.1996e-02,  6.9574e-03, -1.9629e-02,
        -1.2001e-02,  5.2142e-05,  1.7264e-02,  7.0449e-03,  1.7571e-02,
         5.8309e-03, -1.5478e-03,  6.3681e-04,  1.3912e-02,  1.2303e-02,
         5.4947e-03,  1.4684e-02, -9.0819e-03,  4.4053e-03, -1.5751e-02,
        -6.2551e-03, -8.0014e-03, -5.4198e-03, -1.9275e-02, -7.5948e-03,
        -1.3515e-02, -3.7024e-03, -1.6584e-02,  9.1384e-03,  1.1101e-03,
        -1.3772e-03,  9.1335e-03,  1.5884e-03, -1.5910e-02,  1.5477e-02,
         9.2573e-03, -4.0432e-04, -1.4191e-02,  1.1995e-02, -1.1236e-02,
        -1.5200e-02, -1.9090e-02, -7.5779e-03, -1.4997e-02, -9.5597e-03,
        -3.9155e-05,  2.4617e-03, -5.4460e-03,  1.3873e-02,  4.0009e-03,
        -1.3174e-02,  5.3314e-03,  3.4543e-03, -1.9741e-02,  1.8111e-02,
         8.7386e-03, -1.4966e-02,  1.0879e-02, -1.8167e-02, -1.2390e-05,
        -5.5924e-03,  1.3064e-02, -1.2457e-02, -1.8918e-02, -7.1511e-03,
        -1.3593e-02,  9.5996e-04,  1.7865e-02, -6.7893e-03, -1.8939e-02,
         2.0605e-02, -1.2645e-02,  4.3202e-03,  9.9119e-03,  8.0379e-03,
        -6.6160e-03, -5.2942e-03,  4.5323e-03,  1.2347e-02,  8.8979e-03,
        -1.4698e-02, -9.8424e-03, -1.8703e-02, -2.4489e-03, -1.3205e-02,
         5.5277e-03,  1.5856e-02, -3.4980e-04, -9.0541e-03, -1.0884e-02,
        -1.7047e-03,  1.7189e-02, -2.0144e-02, -1.7352e-02, -1.2828e-02,
        -1.0053e-02, -1.7529e-02, -1.4881e-02,  1.4685e-02,  1.4051e-02,
        -1.6786e-02,  1.9930e-02,  1.5833e-02,  1.8488e-02,  3.0240e-04,
         1.5220e-02, -1.8544e-02, -7.4914e-03,  1.4073e-02, -2.1258e-03,
        -4.1858e-03,  8.1363e-03, -2.0388e-02,  1.4683e-02, -1.6631e-02,
         1.2555e-02,  2.0461e-02, -3.9113e-03,  1.9777e-03,  1.0481e-02,
         3.7644e-03, -1.2729e-03, -3.4170e-04, -1.9236e-02,  7.2120e-03,
         8.6267e-03,  1.8054e-02, -1.2522e-02], device='cuda:0') 
 Parameter containing:
tensor([-1.3972e-02,  7.0802e-03,  1.1996e-02,  6.9574e-03, -1.9629e-02,
        -1.2001e-02,  5.2142e-05,  1.7264e-02,  7.0449e-03,  1.7571e-02,
         5.8309e-03, -1.5478e-03,  6.3681e-04,  1.3912e-02,  1.2303e-02,
         5.4947e-03,  1.4684e-02, -9.0819e-03,  4.4053e-03, -1.5751e-02,
        -6.2551e-03, -8.0014e-03, -5.4198e-03, -1.9275e-02, -7.5948e-03,
        -1.3515e-02, -3.7024e-03, -1.6584e-02,  9.1384e-03,  1.1101e-03,
        -1.3772e-03,  9.1335e-03,  1.5884e-03, -1.5910e-02,  1.5477e-02,
         9.2573e-03, -4.0432e-04, -1.4191e-02,  1.1995e-02, -1.1236e-02,
        -1.5200e-02, -1.9090e-02, -7.5779e-03, -1.4997e-02, -9.5597e-03,
        -3.9155e-05,  2.4617e-03, -5.4460e-03,  1.3873e-02,  4.0009e-03,
        -1.3174e-02,  5.3314e-03,  3.4543e-03, -1.9741e-02,  1.8111e-02,
         8.7386e-03, -1.4966e-02,  1.0879e-02, -1.8167e-02, -1.2390e-05,
        -5.5924e-03,  1.3064e-02, -1.2457e-02, -1.8918e-02, -7.1511e-03,
        -1.3593e-02,  9.5996e-04,  1.7865e-02, -6.7893e-03, -1.8939e-02,
         2.0605e-02, -1.2645e-02,  4.3202e-03,  9.9119e-03,  8.0379e-03,
        -6.6160e-03, -5.2942e-03,  4.5323e-03,  1.2347e-02,  8.8979e-03,
        -1.4698e-02, -9.8424e-03, -1.8703e-02, -2.4489e-03, -1.3205e-02,
         5.5277e-03,  1.5856e-02, -3.4980e-04, -9.0541e-03, -1.0884e-02,
        -1.7047e-03,  1.7189e-02, -2.0144e-02, -1.7352e-02, -1.2828e-02,
        -1.0053e-02, -1.7529e-02, -1.4881e-02,  1.4685e-02,  1.4051e-02,
        -1.6786e-02,  1.9930e-02,  1.5833e-02,  1.8488e-02,  3.0240e-04,
         1.5220e-02, -1.8544e-02, -7.4914e-03,  1.4073e-02, -2.1258e-03,
        -4.1858e-03,  8.1363e-03, -2.0388e-02,  1.4683e-02, -1.6631e-02,
         1.2555e-02,  2.0461e-02, -3.9113e-03,  1.9777e-03,  1.0481e-02,
         3.7644e-03, -1.2729e-03, -3.4170e-04, -1.9236e-02,  7.2120e-03,
         8.6267e-03,  1.8054e-02, -1.2522e-02], device='cuda:0',
       requires_grad=True)
parameters of the network conv3.weight 
 torch.Size([64, 128, 3, 3]) 
 True 
 tensor([[[[-4.2363e-03,  1.5371e-02, -1.3133e-02],
          [ 3.6790e-03, -1.3812e-02, -5.1020e-03],
          [ 2.4779e-02, -1.5890e-02,  2.1510e-02]],

         [[ 1.8812e-02, -1.0960e-02,  9.1734e-03],
          [ 2.7878e-02, -2.8663e-02, -3.8536e-03],
          [ 1.5363e-02, -1.9236e-02,  1.4944e-02]],

         [[ 1.9143e-02, -6.7236e-03,  2.8868e-02],
          [ 1.6825e-02, -1.1608e-02,  1.7882e-02],
          [ 3.9323e-03,  1.1130e-02,  1.7326e-02]],

         ...,

         [[ 2.9350e-02, -2.8488e-02, -1.1393e-02],
          [-2.6906e-02,  1.3445e-02, -1.8003e-02],
          [ 1.1177e-02,  4.3907e-03, -1.0966e-02]],

         [[ 1.6808e-02, -2.8310e-03,  5.0795e-04],
          [ 1.1157e-02,  1.3137e-02, -6.7439e-03],
          [-2.1099e-03, -1.7525e-02,  1.9206e-02]],

         [[-1.0577e-02,  8.4038e-03,  2.9666e-03],
          [ 2.6251e-02,  1.7285e-02, -2.5866e-02],
          [ 1.5741e-02, -6.6442e-03,  7.7659e-03]]],


        [[[-2.7601e-02, -2.3394e-02,  2.4497e-02],
          [ 2.9033e-02, -2.8596e-02, -9.2578e-03],
          [-1.0209e-02, -9.1744e-03, -1.1000e-02]],

         [[-2.2685e-02,  2.0350e-02,  2.0784e-03],
          [-5.6450e-03,  1.9317e-02, -2.0502e-02],
          [ 1.2678e-02, -1.9721e-02,  1.0016e-02]],

         [[ 7.6207e-03,  1.0830e-03,  1.2014e-02],
          [ 2.0249e-02, -2.5296e-02,  1.8514e-02],
          [-2.6577e-02, -6.2722e-03,  1.4357e-02]],

         ...,

         [[-2.3598e-02,  1.1133e-02,  2.5490e-02],
          [-1.9166e-02, -5.4667e-03, -1.3343e-02],
          [ 1.6710e-02,  1.2757e-03,  1.7755e-02]],

         [[ 2.3566e-03,  2.4226e-02,  2.5403e-02],
          [-1.9910e-02,  1.9670e-02,  2.5377e-02],
          [ 2.6502e-02,  1.2927e-02, -1.0698e-02]],

         [[-2.2479e-03, -1.2006e-02,  1.6326e-02],
          [ 2.4485e-02,  7.3849e-03,  2.4622e-03],
          [-2.0214e-02,  1.5067e-02, -2.5775e-02]]],


        [[[-1.0282e-02,  1.3316e-02, -1.8213e-02],
          [ 1.3209e-02, -6.7491e-03,  1.6692e-03],
          [ 2.0881e-02,  2.1838e-02,  7.2420e-03]],

         [[ 1.2851e-02,  2.3206e-02,  2.8869e-02],
          [ 1.0143e-02,  4.4228e-03,  2.7481e-02],
          [ 1.2822e-02, -1.4769e-02, -1.4061e-02]],

         [[-1.1405e-03,  6.9430e-03, -2.6590e-02],
          [-1.8731e-02,  1.4017e-02, -2.7262e-02],
          [ 1.9276e-02, -3.9948e-05, -3.8126e-03]],

         ...,

         [[ 1.2869e-02, -6.8055e-03, -6.2794e-03],
          [-2.7259e-02, -2.2819e-02,  2.8960e-02],
          [-2.7931e-02, -1.7825e-02, -8.4756e-03]],

         [[ 2.5166e-02,  2.4386e-02,  2.3073e-02],
          [ 1.9971e-02, -7.1478e-03, -1.4689e-02],
          [ 3.8170e-03,  6.9426e-03,  1.9688e-03]],

         [[ 2.1220e-02,  2.9115e-02,  2.3926e-02],
          [ 1.6805e-02, -1.9679e-02, -1.6277e-02],
          [-1.7786e-02, -1.9024e-02, -2.6482e-02]]],


        ...,


        [[[ 1.8390e-02,  1.4215e-02,  2.3332e-02],
          [ 1.0111e-02, -1.6545e-03, -2.5952e-02],
          [-2.8548e-02, -2.5053e-02, -2.4593e-02]],

         [[-1.8144e-03,  1.9706e-02, -2.7048e-02],
          [ 1.3876e-03,  2.4382e-02,  8.5441e-03],
          [-2.6074e-02, -3.2044e-03, -1.9392e-02]],

         [[ 1.5666e-02,  1.5057e-02, -2.0010e-02],
          [ 1.8142e-02,  5.0428e-03,  4.5447e-03],
          [ 6.2726e-03, -2.7174e-02,  7.2305e-03]],

         ...,

         [[-2.0226e-02,  1.3892e-03,  2.3758e-02],
          [-2.4966e-02, -1.3287e-03, -3.2442e-03],
          [ 6.9980e-03, -1.5441e-02, -1.7525e-02]],

         [[-2.7204e-02, -2.6861e-02,  1.7318e-02],
          [-1.7866e-03,  2.2163e-03,  5.1355e-03],
          [ 1.2246e-02, -2.6765e-02,  8.0146e-03]],

         [[-3.1126e-04, -2.6547e-02, -1.6672e-02],
          [-1.4437e-02, -2.8168e-02,  8.8886e-03],
          [ 2.4613e-02,  2.2419e-02,  1.8071e-02]]],


        [[[ 3.3515e-03,  3.1258e-03, -2.4562e-02],
          [-3.8308e-03, -2.1524e-02, -5.1082e-03],
          [ 2.7590e-02,  1.6981e-02,  2.6579e-02]],

         [[-8.8820e-03, -5.4118e-03, -1.0779e-02],
          [-1.1886e-02, -2.2353e-02,  2.7843e-03],
          [-2.7219e-03, -2.4282e-02, -1.8684e-02]],

         [[ 1.9373e-02,  1.4755e-02,  9.9180e-03],
          [-1.8070e-02, -1.5906e-02, -1.9849e-02],
          [-2.0649e-02,  8.2164e-03,  3.4075e-03]],

         ...,

         [[ 5.2250e-03, -1.2728e-02, -2.8076e-03],
          [-2.3264e-02,  2.7025e-03, -2.7204e-02],
          [-6.6328e-03,  2.0399e-02, -1.3985e-02]],

         [[ 2.0354e-02,  2.6968e-02, -2.6210e-02],
          [-1.4509e-02,  2.5392e-02,  4.0303e-03],
          [ 1.5394e-02, -1.1341e-02,  1.3294e-02]],

         [[ 2.4287e-02,  3.6440e-03,  8.3062e-03],
          [ 2.2900e-02,  1.5923e-02, -2.3282e-02],
          [ 1.4422e-02, -1.6216e-02,  2.7285e-02]]],


        [[[ 3.5814e-03, -2.0938e-02, -2.0915e-02],
          [ 2.1633e-02,  1.1131e-02,  8.7557e-03],
          [ 1.0918e-02,  5.8076e-03, -2.4082e-02]],

         [[ 9.4187e-03, -1.8863e-03, -2.8912e-02],
          [ 2.0547e-02,  1.0649e-02, -1.9589e-02],
          [-1.1396e-02, -2.4306e-02, -1.5651e-02]],

         [[ 2.7533e-02, -1.5593e-02, -2.2396e-02],
          [-1.9064e-02,  1.9533e-02, -2.1088e-02],
          [ 1.7235e-03,  8.3409e-03,  2.3690e-02]],

         ...,

         [[-2.7476e-02, -1.5185e-02,  2.0076e-02],
          [-1.1802e-02, -2.4308e-02,  2.6269e-02],
          [ 3.8200e-03,  2.3942e-02, -6.1388e-03]],

         [[-2.3657e-02, -9.8932e-03, -2.3358e-02],
          [-1.0384e-02, -2.1479e-03,  1.7143e-02],
          [ 2.5854e-02, -2.9803e-03, -2.6048e-02]],

         [[ 6.1502e-04,  7.4497e-03, -2.8973e-02],
          [-4.7629e-03, -9.3646e-03, -2.1252e-02],
          [-2.4457e-02,  9.2943e-03,  1.2267e-02]]]], device='cuda:0') 
 Parameter containing:
tensor([[[[-4.2363e-03,  1.5371e-02, -1.3133e-02],
          [ 3.6790e-03, -1.3812e-02, -5.1020e-03],
          [ 2.4779e-02, -1.5890e-02,  2.1510e-02]],

         [[ 1.8812e-02, -1.0960e-02,  9.1734e-03],
          [ 2.7878e-02, -2.8663e-02, -3.8536e-03],
          [ 1.5363e-02, -1.9236e-02,  1.4944e-02]],

         [[ 1.9143e-02, -6.7236e-03,  2.8868e-02],
          [ 1.6825e-02, -1.1608e-02,  1.7882e-02],
          [ 3.9323e-03,  1.1130e-02,  1.7326e-02]],

         ...,

         [[ 2.9350e-02, -2.8488e-02, -1.1393e-02],
          [-2.6906e-02,  1.3445e-02, -1.8003e-02],
          [ 1.1177e-02,  4.3907e-03, -1.0966e-02]],

         [[ 1.6808e-02, -2.8310e-03,  5.0795e-04],
          [ 1.1157e-02,  1.3137e-02, -6.7439e-03],
          [-2.1099e-03, -1.7525e-02,  1.9206e-02]],

         [[-1.0577e-02,  8.4038e-03,  2.9666e-03],
          [ 2.6251e-02,  1.7285e-02, -2.5866e-02],
          [ 1.5741e-02, -6.6442e-03,  7.7659e-03]]],


        [[[-2.7601e-02, -2.3394e-02,  2.4497e-02],
          [ 2.9033e-02, -2.8596e-02, -9.2578e-03],
          [-1.0209e-02, -9.1744e-03, -1.1000e-02]],

         [[-2.2685e-02,  2.0350e-02,  2.0784e-03],
          [-5.6450e-03,  1.9317e-02, -2.0502e-02],
          [ 1.2678e-02, -1.9721e-02,  1.0016e-02]],

         [[ 7.6207e-03,  1.0830e-03,  1.2014e-02],
          [ 2.0249e-02, -2.5296e-02,  1.8514e-02],
          [-2.6577e-02, -6.2722e-03,  1.4357e-02]],

         ...,

         [[-2.3598e-02,  1.1133e-02,  2.5490e-02],
          [-1.9166e-02, -5.4667e-03, -1.3343e-02],
          [ 1.6710e-02,  1.2757e-03,  1.7755e-02]],

         [[ 2.3566e-03,  2.4226e-02,  2.5403e-02],
          [-1.9910e-02,  1.9670e-02,  2.5377e-02],
          [ 2.6502e-02,  1.2927e-02, -1.0698e-02]],

         [[-2.2479e-03, -1.2006e-02,  1.6326e-02],
          [ 2.4485e-02,  7.3849e-03,  2.4622e-03],
          [-2.0214e-02,  1.5067e-02, -2.5775e-02]]],


        [[[-1.0282e-02,  1.3316e-02, -1.8213e-02],
          [ 1.3209e-02, -6.7491e-03,  1.6692e-03],
          [ 2.0881e-02,  2.1838e-02,  7.2420e-03]],

         [[ 1.2851e-02,  2.3206e-02,  2.8869e-02],
          [ 1.0143e-02,  4.4228e-03,  2.7481e-02],
          [ 1.2822e-02, -1.4769e-02, -1.4061e-02]],

         [[-1.1405e-03,  6.9430e-03, -2.6590e-02],
          [-1.8731e-02,  1.4017e-02, -2.7262e-02],
          [ 1.9276e-02, -3.9948e-05, -3.8126e-03]],

         ...,

         [[ 1.2869e-02, -6.8055e-03, -6.2794e-03],
          [-2.7259e-02, -2.2819e-02,  2.8960e-02],
          [-2.7931e-02, -1.7825e-02, -8.4756e-03]],

         [[ 2.5166e-02,  2.4386e-02,  2.3073e-02],
          [ 1.9971e-02, -7.1478e-03, -1.4689e-02],
          [ 3.8170e-03,  6.9426e-03,  1.9688e-03]],

         [[ 2.1220e-02,  2.9115e-02,  2.3926e-02],
          [ 1.6805e-02, -1.9679e-02, -1.6277e-02],
          [-1.7786e-02, -1.9024e-02, -2.6482e-02]]],


        ...,


        [[[ 1.8390e-02,  1.4215e-02,  2.3332e-02],
          [ 1.0111e-02, -1.6545e-03, -2.5952e-02],
          [-2.8548e-02, -2.5053e-02, -2.4593e-02]],

         [[-1.8144e-03,  1.9706e-02, -2.7048e-02],
          [ 1.3876e-03,  2.4382e-02,  8.5441e-03],
          [-2.6074e-02, -3.2044e-03, -1.9392e-02]],

         [[ 1.5666e-02,  1.5057e-02, -2.0010e-02],
          [ 1.8142e-02,  5.0428e-03,  4.5447e-03],
          [ 6.2726e-03, -2.7174e-02,  7.2305e-03]],

         ...,

         [[-2.0226e-02,  1.3892e-03,  2.3758e-02],
          [-2.4966e-02, -1.3287e-03, -3.2442e-03],
          [ 6.9980e-03, -1.5441e-02, -1.7525e-02]],

         [[-2.7204e-02, -2.6861e-02,  1.7318e-02],
          [-1.7866e-03,  2.2163e-03,  5.1355e-03],
          [ 1.2246e-02, -2.6765e-02,  8.0146e-03]],

         [[-3.1126e-04, -2.6547e-02, -1.6672e-02],
          [-1.4437e-02, -2.8168e-02,  8.8886e-03],
          [ 2.4613e-02,  2.2419e-02,  1.8071e-02]]],


        [[[ 3.3515e-03,  3.1258e-03, -2.4562e-02],
          [-3.8308e-03, -2.1524e-02, -5.1082e-03],
          [ 2.7590e-02,  1.6981e-02,  2.6579e-02]],

         [[-8.8820e-03, -5.4118e-03, -1.0779e-02],
          [-1.1886e-02, -2.2353e-02,  2.7843e-03],
          [-2.7219e-03, -2.4282e-02, -1.8684e-02]],

         [[ 1.9373e-02,  1.4755e-02,  9.9180e-03],
          [-1.8070e-02, -1.5906e-02, -1.9849e-02],
          [-2.0649e-02,  8.2164e-03,  3.4075e-03]],

         ...,

         [[ 5.2250e-03, -1.2728e-02, -2.8076e-03],
          [-2.3264e-02,  2.7025e-03, -2.7204e-02],
          [-6.6328e-03,  2.0399e-02, -1.3985e-02]],

         [[ 2.0354e-02,  2.6968e-02, -2.6210e-02],
          [-1.4509e-02,  2.5392e-02,  4.0303e-03],
          [ 1.5394e-02, -1.1341e-02,  1.3294e-02]],

         [[ 2.4287e-02,  3.6440e-03,  8.3062e-03],
          [ 2.2900e-02,  1.5923e-02, -2.3282e-02],
          [ 1.4422e-02, -1.6216e-02,  2.7285e-02]]],


        [[[ 3.5814e-03, -2.0938e-02, -2.0915e-02],
          [ 2.1633e-02,  1.1131e-02,  8.7557e-03],
          [ 1.0918e-02,  5.8076e-03, -2.4082e-02]],

         [[ 9.4187e-03, -1.8863e-03, -2.8912e-02],
          [ 2.0547e-02,  1.0649e-02, -1.9589e-02],
          [-1.1396e-02, -2.4306e-02, -1.5651e-02]],

         [[ 2.7533e-02, -1.5593e-02, -2.2396e-02],
          [-1.9064e-02,  1.9533e-02, -2.1088e-02],
          [ 1.7235e-03,  8.3409e-03,  2.3690e-02]],

         ...,

         [[-2.7476e-02, -1.5185e-02,  2.0076e-02],
          [-1.1802e-02, -2.4308e-02,  2.6269e-02],
          [ 3.8200e-03,  2.3942e-02, -6.1388e-03]],

         [[-2.3657e-02, -9.8932e-03, -2.3358e-02],
          [-1.0384e-02, -2.1479e-03,  1.7143e-02],
          [ 2.5854e-02, -2.9803e-03, -2.6048e-02]],

         [[ 6.1502e-04,  7.4497e-03, -2.8973e-02],
          [-4.7629e-03, -9.3646e-03, -2.1252e-02],
          [-2.4457e-02,  9.2943e-03,  1.2267e-02]]]], device='cuda:0',
       requires_grad=True)
parameters of the network conv3.bias 
 torch.Size([64]) 
 True 
 tensor([ 0.0237, -0.0234, -0.0174, -0.0219, -0.0147,  0.0055,  0.0066,  0.0088,
        -0.0274,  0.0034,  0.0213,  0.0273, -0.0254, -0.0015, -0.0155, -0.0255,
        -0.0228,  0.0213, -0.0104, -0.0024, -0.0185,  0.0096,  0.0241,  0.0136,
         0.0290, -0.0174, -0.0092,  0.0115, -0.0219, -0.0280,  0.0164,  0.0239,
        -0.0181, -0.0095, -0.0188,  0.0268, -0.0038, -0.0107,  0.0216, -0.0286,
        -0.0148,  0.0048,  0.0257, -0.0160,  0.0107,  0.0138,  0.0257,  0.0285,
        -0.0128, -0.0007, -0.0140, -0.0033, -0.0093, -0.0180, -0.0004, -0.0253,
         0.0272,  0.0285, -0.0015,  0.0010,  0.0009,  0.0267,  0.0140, -0.0024],
       device='cuda:0') 
 Parameter containing:
tensor([ 0.0237, -0.0234, -0.0174, -0.0219, -0.0147,  0.0055,  0.0066,  0.0088,
        -0.0274,  0.0034,  0.0213,  0.0273, -0.0254, -0.0015, -0.0155, -0.0255,
        -0.0228,  0.0213, -0.0104, -0.0024, -0.0185,  0.0096,  0.0241,  0.0136,
         0.0290, -0.0174, -0.0092,  0.0115, -0.0219, -0.0280,  0.0164,  0.0239,
        -0.0181, -0.0095, -0.0188,  0.0268, -0.0038, -0.0107,  0.0216, -0.0286,
        -0.0148,  0.0048,  0.0257, -0.0160,  0.0107,  0.0138,  0.0257,  0.0285,
        -0.0128, -0.0007, -0.0140, -0.0033, -0.0093, -0.0180, -0.0004, -0.0253,
         0.0272,  0.0285, -0.0015,  0.0010,  0.0009,  0.0267,  0.0140, -0.0024],
       device='cuda:0', requires_grad=True)
parameters of the network fc1.weight 
 torch.Size([256, 667776]) 
 True 
 tensor([[-8.9639e-04,  2.5164e-04,  7.1973e-04,  ...,  1.0648e-03,
          3.8705e-04, -4.7586e-04],
        [ 1.1562e-03,  5.9157e-04, -4.7575e-04,  ...,  1.6972e-04,
          9.6235e-04,  1.0927e-03],
        [-8.5520e-04, -5.0834e-05,  1.4342e-04,  ..., -1.2008e-03,
          8.2208e-04,  2.9568e-04],
        ...,
        [-5.6660e-04,  1.1590e-03, -6.5305e-04,  ...,  4.5192e-04,
         -8.5563e-04,  4.1489e-04],
        [-8.3600e-04, -9.0303e-04, -2.9906e-04,  ...,  8.3761e-04,
          1.3699e-04, -8.2500e-04],
        [ 7.6774e-04, -1.0013e-03,  1.1442e-03,  ...,  3.7998e-04,
          6.3518e-04, -1.0183e-03]], device='cuda:0') 
 Parameter containing:
tensor([[-8.9639e-04,  2.5164e-04,  7.1973e-04,  ...,  1.0648e-03,
          3.8705e-04, -4.7586e-04],
        [ 1.1562e-03,  5.9157e-04, -4.7575e-04,  ...,  1.6972e-04,
          9.6235e-04,  1.0927e-03],
        [-8.5520e-04, -5.0834e-05,  1.4342e-04,  ..., -1.2008e-03,
          8.2208e-04,  2.9568e-04],
        ...,
        [-5.6660e-04,  1.1590e-03, -6.5305e-04,  ...,  4.5192e-04,
         -8.5563e-04,  4.1489e-04],
        [-8.3600e-04, -9.0303e-04, -2.9906e-04,  ...,  8.3761e-04,
          1.3699e-04, -8.2500e-04],
        [ 7.6774e-04, -1.0013e-03,  1.1442e-03,  ...,  3.7998e-04,
          6.3518e-04, -1.0183e-03]], device='cuda:0', requires_grad=True)
parameters of the network fc1.bias 
 torch.Size([256]) 
 True 
 tensor([ 2.9216e-05, -1.2041e-03, -6.9741e-04, -9.0706e-04,  1.4566e-04,
        -1.5321e-04, -4.3519e-04,  1.5689e-04,  8.1455e-04,  1.0167e-03,
         1.0996e-03, -5.8814e-04, -6.3787e-04,  1.0151e-03,  8.2491e-04,
        -8.9157e-04,  3.2575e-04, -1.0959e-03,  4.1058e-04,  1.0296e-03,
        -3.9755e-04,  3.0291e-05,  6.5616e-04,  5.6383e-04,  1.2098e-03,
        -9.0304e-04, -1.2141e-03,  6.9570e-04,  4.8634e-04, -8.6752e-04,
        -4.5063e-04, -4.1954e-04, -1.1068e-03,  6.6416e-04, -1.2093e-03,
         1.0612e-03, -2.5535e-04, -6.4366e-04,  1.0942e-04,  9.8203e-04,
         5.6223e-04,  4.1615e-04,  1.4241e-04, -3.4460e-04, -2.4329e-04,
         1.1035e-03,  6.4394e-05,  9.5837e-04,  1.8320e-05, -1.0458e-03,
        -2.8853e-05,  1.4706e-04, -8.4787e-04, -1.1042e-03, -1.4240e-04,
         8.5338e-04, -9.1032e-04, -1.2008e-03, -2.1817e-04,  3.1360e-05,
         5.2234e-04,  1.0063e-03, -8.6522e-04,  1.2175e-03,  4.0444e-04,
         9.7946e-04, -1.1189e-03,  1.8683e-04, -1.0851e-03,  2.8940e-04,
         9.4582e-04, -2.3690e-04, -7.7944e-04,  7.2286e-04, -9.8056e-04,
        -7.0695e-04, -9.6666e-04,  9.9584e-04,  3.2015e-04, -1.1098e-03,
         8.2376e-04, -4.0231e-04,  8.8386e-04,  5.8399e-04,  7.7116e-04,
         6.2557e-04, -1.2281e-04, -1.2214e-04, -1.0167e-03,  1.1135e-03,
        -1.0203e-04, -3.4346e-04, -3.8586e-05,  8.4213e-04, -2.3774e-04,
        -4.0920e-04,  9.5596e-04,  1.2178e-03, -1.0534e-03, -2.3628e-04,
        -9.8333e-04,  7.3392e-04, -1.1905e-03, -8.5874e-04, -5.8461e-04,
        -5.7310e-04,  1.1060e-03, -4.4399e-04, -8.7476e-04,  1.2193e-03,
         4.2455e-04, -6.8389e-04,  1.1399e-03, -3.2775e-04, -4.9446e-04,
        -3.8025e-04, -3.1909e-04,  9.7011e-04, -3.4332e-04, -6.6893e-04,
         1.0046e-03,  9.6042e-05,  5.6439e-04, -1.1125e-04,  3.7987e-04,
         1.0637e-03, -9.1069e-04, -1.0882e-03, -3.7277e-04, -1.8678e-04,
        -3.7093e-04,  6.1429e-04, -5.2523e-04,  9.7978e-04,  5.5614e-04,
        -6.6573e-04, -4.9627e-04,  4.3688e-04,  8.1362e-04,  5.2291e-04,
         9.2650e-04,  8.1716e-04, -1.3407e-04, -3.6401e-04, -1.1415e-03,
        -6.3774e-04,  3.5844e-04,  1.0615e-03, -2.5917e-04,  1.2330e-05,
        -9.9703e-04, -3.5891e-04,  7.4239e-04, -1.5633e-04, -1.0196e-03,
         1.7424e-04,  6.6074e-04,  3.1603e-04, -8.8832e-04,  1.0705e-04,
        -2.9129e-04, -2.7012e-04, -8.8383e-04,  7.9428e-04, -1.8577e-04,
         1.0486e-03,  3.6042e-04, -3.9556e-05,  9.6942e-04,  5.3674e-05,
        -8.0823e-04, -6.0341e-05,  2.7263e-04, -1.7557e-04, -9.1714e-05,
        -7.0609e-04,  7.0665e-04,  2.2856e-04, -1.1584e-03, -6.8942e-04,
        -9.0814e-04, -7.9681e-04, -7.4290e-04, -4.1633e-04, -7.3849e-04,
        -7.1255e-04,  1.0995e-03,  1.0991e-03, -2.6433e-05,  1.1647e-05,
        -6.1022e-04,  3.4255e-04,  9.1783e-04, -5.5159e-04,  5.4781e-04,
         1.1163e-03,  1.0523e-03,  9.4269e-04,  2.2202e-05, -6.2290e-04,
        -2.7517e-04,  1.5808e-04, -1.1880e-03,  4.9434e-04, -7.0636e-04,
         8.0452e-04, -5.0907e-04,  2.0808e-04,  2.8360e-04, -4.7582e-04,
         4.1062e-04, -7.2460e-04, -9.2563e-04,  5.1934e-04, -6.6732e-04,
         1.4894e-04, -6.4558e-04, -3.3666e-04, -4.1197e-04, -3.3216e-04,
         8.3156e-04, -3.3173e-04,  2.6932e-04,  4.8363e-04,  3.0594e-04,
        -1.4948e-04, -1.2098e-03,  2.1938e-04, -9.6843e-04,  5.6864e-04,
        -2.1340e-04, -1.0687e-03, -9.0958e-04,  3.4686e-04,  2.9647e-04,
        -8.9553e-04,  4.6539e-04,  1.1401e-03,  7.9215e-04,  8.1976e-04,
         7.5213e-04, -1.0455e-03, -8.0223e-04, -1.1814e-03,  7.0688e-04,
        -1.4705e-04,  1.2442e-04, -4.7570e-04, -5.0290e-05,  3.9758e-04,
        -4.1601e-04, -9.7667e-04, -2.4557e-05, -1.1339e-03,  3.7779e-04,
        -1.0264e-03], device='cuda:0') 
 Parameter containing:
tensor([ 2.9216e-05, -1.2041e-03, -6.9741e-04, -9.0706e-04,  1.4566e-04,
        -1.5321e-04, -4.3519e-04,  1.5689e-04,  8.1455e-04,  1.0167e-03,
         1.0996e-03, -5.8814e-04, -6.3787e-04,  1.0151e-03,  8.2491e-04,
        -8.9157e-04,  3.2575e-04, -1.0959e-03,  4.1058e-04,  1.0296e-03,
        -3.9755e-04,  3.0291e-05,  6.5616e-04,  5.6383e-04,  1.2098e-03,
        -9.0304e-04, -1.2141e-03,  6.9570e-04,  4.8634e-04, -8.6752e-04,
        -4.5063e-04, -4.1954e-04, -1.1068e-03,  6.6416e-04, -1.2093e-03,
         1.0612e-03, -2.5535e-04, -6.4366e-04,  1.0942e-04,  9.8203e-04,
         5.6223e-04,  4.1615e-04,  1.4241e-04, -3.4460e-04, -2.4329e-04,
         1.1035e-03,  6.4394e-05,  9.5837e-04,  1.8320e-05, -1.0458e-03,
        -2.8853e-05,  1.4706e-04, -8.4787e-04, -1.1042e-03, -1.4240e-04,
         8.5338e-04, -9.1032e-04, -1.2008e-03, -2.1817e-04,  3.1360e-05,
         5.2234e-04,  1.0063e-03, -8.6522e-04,  1.2175e-03,  4.0444e-04,
         9.7946e-04, -1.1189e-03,  1.8683e-04, -1.0851e-03,  2.8940e-04,
         9.4582e-04, -2.3690e-04, -7.7944e-04,  7.2286e-04, -9.8056e-04,
        -7.0695e-04, -9.6666e-04,  9.9584e-04,  3.2015e-04, -1.1098e-03,
         8.2376e-04, -4.0231e-04,  8.8386e-04,  5.8399e-04,  7.7116e-04,
         6.2557e-04, -1.2281e-04, -1.2214e-04, -1.0167e-03,  1.1135e-03,
        -1.0203e-04, -3.4346e-04, -3.8586e-05,  8.4213e-04, -2.3774e-04,
        -4.0920e-04,  9.5596e-04,  1.2178e-03, -1.0534e-03, -2.3628e-04,
        -9.8333e-04,  7.3392e-04, -1.1905e-03, -8.5874e-04, -5.8461e-04,
        -5.7310e-04,  1.1060e-03, -4.4399e-04, -8.7476e-04,  1.2193e-03,
         4.2455e-04, -6.8389e-04,  1.1399e-03, -3.2775e-04, -4.9446e-04,
        -3.8025e-04, -3.1909e-04,  9.7011e-04, -3.4332e-04, -6.6893e-04,
         1.0046e-03,  9.6042e-05,  5.6439e-04, -1.1125e-04,  3.7987e-04,
         1.0637e-03, -9.1069e-04, -1.0882e-03, -3.7277e-04, -1.8678e-04,
        -3.7093e-04,  6.1429e-04, -5.2523e-04,  9.7978e-04,  5.5614e-04,
        -6.6573e-04, -4.9627e-04,  4.3688e-04,  8.1362e-04,  5.2291e-04,
         9.2650e-04,  8.1716e-04, -1.3407e-04, -3.6401e-04, -1.1415e-03,
        -6.3774e-04,  3.5844e-04,  1.0615e-03, -2.5917e-04,  1.2330e-05,
        -9.9703e-04, -3.5891e-04,  7.4239e-04, -1.5633e-04, -1.0196e-03,
         1.7424e-04,  6.6074e-04,  3.1603e-04, -8.8832e-04,  1.0705e-04,
        -2.9129e-04, -2.7012e-04, -8.8383e-04,  7.9428e-04, -1.8577e-04,
         1.0486e-03,  3.6042e-04, -3.9556e-05,  9.6942e-04,  5.3674e-05,
        -8.0823e-04, -6.0341e-05,  2.7263e-04, -1.7557e-04, -9.1714e-05,
        -7.0609e-04,  7.0665e-04,  2.2856e-04, -1.1584e-03, -6.8942e-04,
        -9.0814e-04, -7.9681e-04, -7.4290e-04, -4.1633e-04, -7.3849e-04,
        -7.1255e-04,  1.0995e-03,  1.0991e-03, -2.6433e-05,  1.1647e-05,
        -6.1022e-04,  3.4255e-04,  9.1783e-04, -5.5159e-04,  5.4781e-04,
         1.1163e-03,  1.0523e-03,  9.4269e-04,  2.2202e-05, -6.2290e-04,
        -2.7517e-04,  1.5808e-04, -1.1880e-03,  4.9434e-04, -7.0636e-04,
         8.0452e-04, -5.0907e-04,  2.0808e-04,  2.8360e-04, -4.7582e-04,
         4.1062e-04, -7.2460e-04, -9.2563e-04,  5.1934e-04, -6.6732e-04,
         1.4894e-04, -6.4558e-04, -3.3666e-04, -4.1197e-04, -3.3216e-04,
         8.3156e-04, -3.3173e-04,  2.6932e-04,  4.8363e-04,  3.0594e-04,
        -1.4948e-04, -1.2098e-03,  2.1938e-04, -9.6843e-04,  5.6864e-04,
        -2.1340e-04, -1.0687e-03, -9.0958e-04,  3.4686e-04,  2.9647e-04,
        -8.9553e-04,  4.6539e-04,  1.1401e-03,  7.9215e-04,  8.1976e-04,
         7.5213e-04, -1.0455e-03, -8.0223e-04, -1.1814e-03,  7.0688e-04,
        -1.4705e-04,  1.2442e-04, -4.7570e-04, -5.0290e-05,  3.9758e-04,
        -4.1601e-04, -9.7667e-04, -2.4557e-05, -1.1339e-03,  3.7779e-04,
        -1.0264e-03], device='cuda:0', requires_grad=True)
parameters of the network fc2.weight 
 torch.Size([128, 256]) 
 True 
 tensor([[ 0.0148, -0.0520, -0.0232,  ..., -0.0264,  0.0275, -0.0466],
        [ 0.0461, -0.0114,  0.0401,  ...,  0.0544, -0.0474, -0.0388],
        [ 0.0074, -0.0108, -0.0460,  ...,  0.0340,  0.0011, -0.0330],
        ...,
        [-0.0448, -0.0282,  0.0516,  ..., -0.0128, -0.0605,  0.0567],
        [-0.0378,  0.0352, -0.0361,  ..., -0.0424,  0.0274,  0.0255],
        [ 0.0623, -0.0214,  0.0443,  ..., -0.0286,  0.0348, -0.0128]],
       device='cuda:0') 
 Parameter containing:
tensor([[ 0.0148, -0.0520, -0.0232,  ..., -0.0264,  0.0275, -0.0466],
        [ 0.0461, -0.0114,  0.0401,  ...,  0.0544, -0.0474, -0.0388],
        [ 0.0074, -0.0108, -0.0460,  ...,  0.0340,  0.0011, -0.0330],
        ...,
        [-0.0448, -0.0282,  0.0516,  ..., -0.0128, -0.0605,  0.0567],
        [-0.0378,  0.0352, -0.0361,  ..., -0.0424,  0.0274,  0.0255],
        [ 0.0623, -0.0214,  0.0443,  ..., -0.0286,  0.0348, -0.0128]],
       device='cuda:0', requires_grad=True)
parameters of the network fc2.bias 
 torch.Size([128]) 
 True 
 tensor([ 0.0062, -0.0398, -0.0581, -0.0282,  0.0072, -0.0033,  0.0126,  0.0066,
         0.0075, -0.0371, -0.0490,  0.0482,  0.0119, -0.0196,  0.0040, -0.0349,
        -0.0457, -0.0440, -0.0489,  0.0056, -0.0623, -0.0315,  0.0116, -0.0310,
        -0.0086,  0.0082, -0.0290, -0.0368,  0.0616,  0.0474,  0.0604, -0.0426,
        -0.0281, -0.0602, -0.0314, -0.0208, -0.0475, -0.0536,  0.0361, -0.0134,
        -0.0383,  0.0135,  0.0397,  0.0358,  0.0027, -0.0125,  0.0547,  0.0536,
         0.0085, -0.0277,  0.0048, -0.0588, -0.0023,  0.0020,  0.0150,  0.0308,
        -0.0492,  0.0254,  0.0410, -0.0227, -0.0117,  0.0020, -0.0059,  0.0085,
        -0.0432,  0.0141,  0.0500, -0.0164,  0.0114,  0.0428,  0.0338,  0.0506,
        -0.0416,  0.0210, -0.0162,  0.0553, -0.0518,  0.0058, -0.0601, -0.0408,
        -0.0241, -0.0187, -0.0041, -0.0012, -0.0183, -0.0183, -0.0104, -0.0270,
        -0.0165, -0.0602,  0.0576,  0.0217, -0.0200, -0.0113,  0.0395,  0.0149,
         0.0524, -0.0557,  0.0500,  0.0093,  0.0009, -0.0137, -0.0152,  0.0111,
        -0.0618,  0.0616, -0.0489, -0.0386,  0.0235, -0.0382,  0.0247,  0.0299,
        -0.0623, -0.0118, -0.0355,  0.0519, -0.0157, -0.0445, -0.0402, -0.0393,
         0.0004, -0.0128,  0.0600,  0.0501, -0.0492, -0.0011, -0.0609, -0.0164],
       device='cuda:0') 
 Parameter containing:
tensor([ 0.0062, -0.0398, -0.0581, -0.0282,  0.0072, -0.0033,  0.0126,  0.0066,
         0.0075, -0.0371, -0.0490,  0.0482,  0.0119, -0.0196,  0.0040, -0.0349,
        -0.0457, -0.0440, -0.0489,  0.0056, -0.0623, -0.0315,  0.0116, -0.0310,
        -0.0086,  0.0082, -0.0290, -0.0368,  0.0616,  0.0474,  0.0604, -0.0426,
        -0.0281, -0.0602, -0.0314, -0.0208, -0.0475, -0.0536,  0.0361, -0.0134,
        -0.0383,  0.0135,  0.0397,  0.0358,  0.0027, -0.0125,  0.0547,  0.0536,
         0.0085, -0.0277,  0.0048, -0.0588, -0.0023,  0.0020,  0.0150,  0.0308,
        -0.0492,  0.0254,  0.0410, -0.0227, -0.0117,  0.0020, -0.0059,  0.0085,
        -0.0432,  0.0141,  0.0500, -0.0164,  0.0114,  0.0428,  0.0338,  0.0506,
        -0.0416,  0.0210, -0.0162,  0.0553, -0.0518,  0.0058, -0.0601, -0.0408,
        -0.0241, -0.0187, -0.0041, -0.0012, -0.0183, -0.0183, -0.0104, -0.0270,
        -0.0165, -0.0602,  0.0576,  0.0217, -0.0200, -0.0113,  0.0395,  0.0149,
         0.0524, -0.0557,  0.0500,  0.0093,  0.0009, -0.0137, -0.0152,  0.0111,
        -0.0618,  0.0616, -0.0489, -0.0386,  0.0235, -0.0382,  0.0247,  0.0299,
        -0.0623, -0.0118, -0.0355,  0.0519, -0.0157, -0.0445, -0.0402, -0.0393,
         0.0004, -0.0128,  0.0600,  0.0501, -0.0492, -0.0011, -0.0609, -0.0164],
       device='cuda:0', requires_grad=True)
parameters of the network fc3.weight 
 torch.Size([64, 128]) 
 True 
 tensor([[-0.0275,  0.0316,  0.0660,  ..., -0.0162,  0.0671,  0.0200],
        [-0.0772, -0.0177,  0.0415,  ..., -0.0772, -0.0079,  0.0148],
        [-0.0720, -0.0271, -0.0390,  ..., -0.0170,  0.0263,  0.0398],
        ...,
        [ 0.0762,  0.0732, -0.0037,  ..., -0.0193,  0.0572, -0.0237],
        [-0.0205, -0.0817, -0.0842,  ..., -0.0352, -0.0493,  0.0573],
        [ 0.0227,  0.0207,  0.0248,  ...,  0.0609,  0.0296,  0.0088]],
       device='cuda:0') 
 Parameter containing:
tensor([[-0.0275,  0.0316,  0.0660,  ..., -0.0162,  0.0671,  0.0200],
        [-0.0772, -0.0177,  0.0415,  ..., -0.0772, -0.0079,  0.0148],
        [-0.0720, -0.0271, -0.0390,  ..., -0.0170,  0.0263,  0.0398],
        ...,
        [ 0.0762,  0.0732, -0.0037,  ..., -0.0193,  0.0572, -0.0237],
        [-0.0205, -0.0817, -0.0842,  ..., -0.0352, -0.0493,  0.0573],
        [ 0.0227,  0.0207,  0.0248,  ...,  0.0609,  0.0296,  0.0088]],
       device='cuda:0', requires_grad=True)
parameters of the network fc3.bias 
 torch.Size([64]) 
 True 
 tensor([ 0.0809,  0.0629,  0.0834,  0.0302, -0.0199,  0.0228,  0.0157, -0.0310,
        -0.0263,  0.0598,  0.0471,  0.0260,  0.0350, -0.0254,  0.0296, -0.0310,
        -0.0073,  0.0594, -0.0087, -0.0587,  0.0172,  0.0221, -0.0168,  0.0765,
        -0.0385,  0.0183,  0.0433, -0.0363,  0.0291, -0.0276,  0.0266,  0.0682,
         0.0342,  0.0733,  0.0771, -0.0458,  0.0287, -0.0797, -0.0815,  0.0661,
        -0.0460,  0.0157, -0.0125, -0.0083, -0.0390,  0.0656, -0.0465,  0.0226,
         0.0394, -0.0306, -0.0564, -0.0121, -0.0543,  0.0122,  0.0619,  0.0228,
        -0.0795,  0.0425, -0.0218,  0.0646, -0.0620,  0.0296, -0.0703, -0.0829],
       device='cuda:0') 
 Parameter containing:
tensor([ 0.0809,  0.0629,  0.0834,  0.0302, -0.0199,  0.0228,  0.0157, -0.0310,
        -0.0263,  0.0598,  0.0471,  0.0260,  0.0350, -0.0254,  0.0296, -0.0310,
        -0.0073,  0.0594, -0.0087, -0.0587,  0.0172,  0.0221, -0.0168,  0.0765,
        -0.0385,  0.0183,  0.0433, -0.0363,  0.0291, -0.0276,  0.0266,  0.0682,
         0.0342,  0.0733,  0.0771, -0.0458,  0.0287, -0.0797, -0.0815,  0.0661,
        -0.0460,  0.0157, -0.0125, -0.0083, -0.0390,  0.0656, -0.0465,  0.0226,
         0.0394, -0.0306, -0.0564, -0.0121, -0.0543,  0.0122,  0.0619,  0.0228,
        -0.0795,  0.0425, -0.0218,  0.0646, -0.0620,  0.0296, -0.0703, -0.0829],
       device='cuda:0', requires_grad=True)
parameters of the network fc4.weight 
 torch.Size([6796, 64]) 
 True 
 tensor([[ 0.0137,  0.0782,  0.0246,  ...,  0.0221,  0.0349,  0.0957],
        [-0.0163, -0.0826,  0.0136,  ...,  0.0340, -0.1202,  0.1045],
        [ 0.0876, -0.0198,  0.0585,  ..., -0.0389,  0.0483, -0.1241],
        ...,
        [-0.0981, -0.0575,  0.0060,  ...,  0.0514,  0.1012,  0.0798],
        [-0.0742,  0.0257,  0.1015,  ..., -0.0538,  0.0795,  0.0614],
        [-0.0377,  0.0864, -0.1086,  ...,  0.0795, -0.1242,  0.0538]],
       device='cuda:0') 
 Parameter containing:
tensor([[ 0.0137,  0.0782,  0.0246,  ...,  0.0221,  0.0349,  0.0957],
        [-0.0163, -0.0826,  0.0136,  ...,  0.0340, -0.1202,  0.1045],
        [ 0.0876, -0.0198,  0.0585,  ..., -0.0389,  0.0483, -0.1241],
        ...,
        [-0.0981, -0.0575,  0.0060,  ...,  0.0514,  0.1012,  0.0798],
        [-0.0742,  0.0257,  0.1015,  ..., -0.0538,  0.0795,  0.0614],
        [-0.0377,  0.0864, -0.1086,  ...,  0.0795, -0.1242,  0.0538]],
       device='cuda:0', requires_grad=True)
parameters of the network fc4.bias 
 torch.Size([6796]) 
 True 
 tensor([-0.0614,  0.0183, -0.0751,  ...,  0.0042,  0.1086, -0.0602],
       device='cuda:0') 
 Parameter containing:
tensor([-0.0614,  0.0183, -0.0751,  ...,  0.0042,  0.1086, -0.0602],
       device='cuda:0', requires_grad=True)
Traceback (most recent call last):
  File "/hpcfs/bes/mlgpu/hoseinkk/MLTracking/otherparticles/pppipi/pyt_pppipi_cnn_2/./Trainings0.py", line 5, in <module>
    from Model1 import *
  File "/hpcfs/bes/mlgpu/hoseinkk/MLTracking/otherparticles/pppipi/pyt_pppipi_cnn_2/Model1.py", line 48, in <module>
    result1 = net(TraTen.reshape(-1,1,43,288)[1000:1020].to(device))
  File "/hpcfs/bes/mlgpu/hoseinkk/Miniconda3/envs/dgl1/lib/python3.9/site-packages/torch/nn/modules/module.py", line 1102, in _call_impl
    return forward_call(*input, **kwargs)
  File "/hpcfs/bes/mlgpu/hoseinkk/MLTracking/otherparticles/pppipi/pyt_pppipi_cnn_2/Model1.py", line 34, in forward
    x = F.Tanh(self.fc4(x))
AttributeError: module 'torch.nn.functional' has no attribute 'Tanh'

real	0m16.043s
user	0m10.797s
sys	0m3.656s
